
################################################################################

 PACKMOL - Packing optimization for the automated generation of
 starting configurations for molecular dynamics simulations.
 
                                                             Version 21.1.2 

################################################################################

  Packmol must be run with: packmol < inputfile.inp 

  Userguide at: http://m3g.iqm.unicamp.br/packmol 

  Reading input file... (Control-C aborts)
  Types of coordinate files specified: xyz
  Periodic boundary condition activated: 
    Minimum coordinates:     0.00    0.00    0.00
    Maximum coordinates:    11.20   11.20   11.20
  Seed for random number generator:      1234567
  Output file: solvated_150/11-butyl-3-methylimidazol-3-ium_1dihydrogen-phosphate_N,N-dimethylformamide.xyz
  Reading coordinate file: ../structures/1-butyl-3-methylimidazol-3-ium.xyz
  Reading coordinate file: ../structures/dihydrogen-phosphate.xyz
  Reading coordinate file: ../structures/N,N-dimethylformamide.xyz
  Number of independent structures:            3
  The structures are: 
  Structure            1 :Properties=species:S:1:pos:R:3 iupac_name=1-butyl-3-methylimidazol-3-ium pbc="F F F"(          25  atoms)
  Structure            2 :Properties=species:S:1:pos:R:3 iupac_name=dihydrogen-phosphate pbc="F F F"(           7  atoms)
  Structure            3 :Properties=species:S:1:pos:R:3 iupac_name=N,N-dimethylformamide pbc="F F F"(          12  atoms)
  Maximum number of GENCAN loops for all molecule packing:          600
  Distance tolerance:    2.0000000000000000     
  Number of molecules of type            1 :            1
  Number of molecules of type            2 :            1
  Number of molecules of type            3 :            9
  Total number of restrictions:            3
  Total number of atoms:          140
  Total number of molecules:           11
  Number of fixed molecules:            0
  Number of free molecules:           11
  Number of variables:           66
  Total number of fixed atoms:            0
  PBC on: Constraint automatically added to non-fixed atoms:
  -> inside box     0.00    0.00    0.00   11.20   11.20   11.20
  Updated total number of restrictions:            4
  Maximum internal distance of type            1 :    8.3884801424334299     
  Maximum internal distance of type            2 :    3.4498690960672698     
  Maximum internal distance of type            3 :    4.2658499117995232     
  All atoms must be within these coordinates: 
   x: [   -993.60000000000002      ,    1006.4000000000000       ] 
   y: [   -996.04644136936986      ,    1003.9535586306301       ] 
   z: [   -997.77153894802382      ,    1002.2284610519762       ] 
  If the system is larger than this, increase the sidemax parameter. 

################################################################################

  Building initial approximation ... 

################################################################################

  Adjusting initial point to fit the constraints 

--------------------------------------------------------------------------------

--------------------------------------------------------------------------------

  Molecules of type:            1

  Packing:|0                                                        100%|
          |***************

  Restraint-only function value:    0.0000000000000000     
  Maximum violation of the restraints:    0.0000000000000000     

--------------------------------------------------------------------------------

  Molecules of type:            2

  Packing:|0                                                        100%|
          |***************

  Restraint-only function value:    2.6525844555392039E-003
  Maximum violation of the restraints:    2.6525844555392039E-003

--------------------------------------------------------------------------------

  Molecules of type:            3

  Packing:|0                                                        100%|
          |******************

  Restraint-only function value:    9.6987862832657683E-005
  Maximum violation of the restraints:    9.6987862832657683E-005

--------------------------------------------------------------------------------

  Rescaling maximum and minimum coordinates... 
  Mininum and maximum coordinates after constraint fitting: 
   x: [    4.8571829011448400E-003 ,    11.163169272002497       ] 
   y: [   -3.6418295234258317E-002 ,    11.191082034233778       ] 
   z: [    2.6233128489612078E-003 ,    11.166764672659651       ] 
  Computing size of patches... 
  Number of cells in each direction and cell sides: 
   x:            5  cells of size    2.2402784195699437     
   y:            5  cells of size    2.2402784195699437     
   z:            5  cells of size    2.2402784195699437     
  Cell-system length:   11.20139  11.20139  11.20139
  Reseting center of mass... 

--------------------------------------------------------------------------------

  Setting initial trial coordinates ... 

--------------------------------------------------------------------------------

--------------------------------------------------------------------------------

  Molecules of type:            1
  Adjusting random positions to fit the constraints. 
  Packing:|0                                                        100%|
          |************
  Restraint-only function value:    1.2039443473437708E-005
  Maximum violation of the restraints:    1.2039443473437708E-005

--------------------------------------------------------------------------------

  Molecules of type:            2
  Adjusting random positions to fit the constraints. 
  Packing:|0                                                        100%|
          |***
  Restraint-only function value:    1.5247526144214776E-002
  Maximum violation of the restraints:    7.9237851001123932E-003

--------------------------------------------------------------------------------

  Molecules of type:            3
  Adjusting random positions to fit the constraints. 
  Packing:|0                                                        100%|
          |***
  Restraint-only function value:    1.3869999035779968E-008
  Maximum violation of the restraints:    1.3869999035779968E-008

################################################################################

  Objective function at initial point:    1230.1766165703687     

################################################################################

  Packing molecules of type:            1

################################################################################


  Initial approximation is a solution. Nothing to do. 

  Current point written to file: solvated_150/11-butyl-3-methylimidazol-3-ium_1dihydrogen-phosphate_N,N-dimethylformamide.xyz
--------------------------------------------------------------------------------
  Packing solved for molecules of type           1
  Objective function value:    1.2039443473437708E-005
  Maximum violation of target distance:    0.0000000000000000     
  Max. constraint violation:    1.2039443473437708E-005
--------------------------------------------------------------------------------

################################################################################

  Packing molecules of type:            2

################################################################################


  Initial approximation is a solution. Nothing to do. 

  Current point written to file: solvated_150/11-butyl-3-methylimidazol-3-ium_1dihydrogen-phosphate_N,N-dimethylformamide.xyz
--------------------------------------------------------------------------------
  Packing solved for molecules of type           2
  Objective function value:    1.5247526144214776E-002
  Maximum violation of target distance:    0.0000000000000000     
  Max. constraint violation:    7.9237851001123932E-003
--------------------------------------------------------------------------------

################################################################################

  Packing molecules of type:            3

################################################################################


--------------------------------------------------------------------------------

  Starting GENCAN loop:            0
  Scaling radii by:    1.1000000000000001     

  Packing:|0                                                        100%|
          |*************************************************************|

  Function value from last GENCAN loop: f = .76442E-01
  Best function value before: f = .10538E+04
  Improvement from best function value:    99.99 %
  Improvement from last loop:    99.99 %
  Maximum violation of target distance:     0.000000
  Maximum violation of the constraints: .26724E-01
  All-type function value: .39816E+03

--------------------------------------------------------------------------------


--------------------------------------------------------------------------------

  Starting GENCAN loop:            1
  Scaling radii by:    1.1000000000000001     

  Packing:|0                                                        100%|
          |************

  Function value from last GENCAN loop: f = .89466E-02
  Best function value before: f = .76442E-01
  Improvement from best function value:    88.30 %
  Improvement from last loop:    88.30 %
  Maximum violation of target distance:     0.000000
  Maximum violation of the constraints: .29263E-02
  Current structure written to file: solvated_150/11-butyl-3-methylimidazol-3-ium_1dihydrogen-phosphate_N,N-dimethylformamide.xyz
--------------------------------------------------------------------------------
  Packing solved for molecules of type           3
  Objective function value:    8.9465542141501340E-003
  Maximum violation of target distance:    0.0000000000000000     
  Max. constraint violation:    2.9263074731726178E-003
--------------------------------------------------------------------------------

################################################################################

  Packing all molecules together 

################################################################################


--------------------------------------------------------------------------------

  Starting GENCAN loop:            0
  Scaling radii by:    1.1000000000000001     

  Packing:|0                                                        100%|
          |*************************************************************|

  Function value from last GENCAN loop: f = .21877E+01
  Best function value before: f = .39984E+03
  Improvement from best function value:    99.45 %
  Improvement from last loop:    99.45 %
  Maximum violation of target distance:     0.000000
  Maximum violation of the constraints: .11214E+01

--------------------------------------------------------------------------------


--------------------------------------------------------------------------------

  Starting GENCAN loop:            1
  Scaling radii by:    1.1000000000000001     

  Packing:|0                                                        100%|
          |*************************************************************|

  Function value from last GENCAN loop: f = .13556E+00
  Best function value before: f = .21877E+01
  Improvement from best function value:    93.80 %
  Improvement from last loop:    93.80 %
  Maximum violation of target distance:     0.000000
  Maximum violation of the constraints: .10661E+00

--------------------------------------------------------------------------------


--------------------------------------------------------------------------------

  Starting GENCAN loop:            2
  Scaling radii by:    1.1000000000000001     

  Packing:|0                                                        100%|
          |*********************************

  Function value from last GENCAN loop: f = .11882E-01
  Best function value before: f = .13556E+00
  Improvement from best function value:    91.24 %
  Improvement from last loop:    91.24 %
  Maximum violation of target distance:     0.000000
  Maximum violation of the constraints: .94757E-02

################################################################################

                                 Success! 
              Final objective function value: .11882E-01
              Maximum violation of target distance:   0.000000
              Maximum violation of the constraints: .94757E-02

--------------------------------------------------------------------------------

              Please cite this work if Packmol was useful: 

           L. Martinez, R. Andrade, E. G. Birgin, J. M. Martinez, 
         PACKMOL: A package for building initial configurations for
                   molecular dynamics simulations. 
        Journal of Computational Chemistry, 30(13) pp. 2157-2164, 2009.
                  https://doi.org/10.1002/jcc.21224

################################################################################

  Solution written to file: solvated_150/11-butyl-3-methylimidazol-3-ium_1dihydrogen-phosphate_N,N-dimethylformamide.xyz

--------------------------------------------------------------------------------

   Running time:    9.09509957E-02  seconds. 

--------------------------------------------------------------------------------


