
################################################################################

 PACKMOL - Packing optimization for the automated generation of
 starting configurations for molecular dynamics simulations.
 
                                                             Version 21.1.2 

################################################################################

  Packmol must be run with: packmol < inputfile.inp 

  Userguide at: http://m3g.iqm.unicamp.br/packmol 

  Reading input file... (Control-C aborts)
  Types of coordinate files specified: xyz
  Periodic boundary condition activated: 
    Minimum coordinates:     0.00    0.00    0.00
    Maximum coordinates:    10.91   10.91   10.91
  Seed for random number generator:      1234567
  Output file: solvated_150/21-hexyl-3-methylimidazol-3-ium_1tungstate_methylsulfinylmethane.xyz
  Reading coordinate file: ../structures/1-hexyl-3-methylimidazol-3-ium.xyz
  Reading coordinate file: ../structures/tungstate.xyz
  Reading coordinate file: ../structures/methylsulfinylmethane.xyz
  Number of independent structures:            3
  The structures are: 
  Structure            1 :Properties=species:S:1:pos:R:3 iupac_name=1-hexyl-3-methylimidazol-3-ium pbc="F F F"(          31  atoms)
  Structure            2 :Properties=species:S:1:pos:R:3 iupac_name=tungstate pbc="F F F"(           5  atoms)
  Structure            3 :Properties=species:S:1:pos:R:3 iupac_name=methylsulfinylmethane pbc="F F F"(          10  atoms)
  Maximum number of GENCAN loops for all molecule packing:          600
  Distance tolerance:    2.0000000000000000     
  Number of molecules of type            1 :            2
  Number of molecules of type            2 :            1
  Number of molecules of type            3 :            8
  Total number of restrictions:            3
  Total number of atoms:          147
  Total number of molecules:           11
  Number of fixed molecules:            0
  Number of free molecules:           11
  Number of variables:           66
  Total number of fixed atoms:            0
  PBC on: Constraint automatically added to non-fixed atoms:
  -> inside box     0.00    0.00    0.00   10.91   10.91   10.91
  Updated total number of restrictions:            4
  Maximum internal distance of type            1 :    10.040047375884239     
  Maximum internal distance of type            2 :    3.2682235442515251     
  Maximum internal distance of type            3 :    4.5884748326649891     
  All atoms must be within these coordinates: 
   x: [   -993.78437770687924      ,    1006.2156222931208       ] 
   y: [   -993.38259984907188      ,    1006.6174001509281       ] 
   z: [   -997.37994165599446      ,    1002.6200583440055       ] 
  If the system is larger than this, increase the sidemax parameter. 

################################################################################

  Building initial approximation ... 

################################################################################

  Adjusting initial point to fit the constraints 

--------------------------------------------------------------------------------

--------------------------------------------------------------------------------

  Molecules of type:            1

  Packing:|0                                                        100%|
          |******************

  Restraint-only function value:    0.0000000000000000     
  Maximum violation of the restraints:    0.0000000000000000     

--------------------------------------------------------------------------------

  Molecules of type:            2

  Packing:|0                                                        100%|
          |************

  Restraint-only function value:    0.0000000000000000     
  Maximum violation of the restraints:    0.0000000000000000     

--------------------------------------------------------------------------------

  Molecules of type:            3

  Packing:|0                                                        100%|
          |*********************

  Restraint-only function value:    2.2334604323202303E-005
  Maximum violation of the restraints:    2.2334604323202303E-005

--------------------------------------------------------------------------------

  Rescaling maximum and minimum coordinates... 
  Mininum and maximum coordinates after constraint fitting: 
   x: [   -3.3417513614272909E-003 ,    10.906561409047299       ] 
   y: [    5.1425368557269091E-002 ,    10.894621326741362       ] 
   z: [    4.4033586143626376E-003 ,    10.804091008358238       ] 
  Computing size of patches... 
  Number of cells in each direction and cell sides: 
   x:            4  cells of size    2.7266570265311039     
   y:            4  cells of size    2.7266570265311039     
   z:            4  cells of size    2.7266570265311039     
  Cell-system length:   10.90663  10.90663  10.90663
  Reseting center of mass... 

--------------------------------------------------------------------------------

  Setting initial trial coordinates ... 

--------------------------------------------------------------------------------

--------------------------------------------------------------------------------

  Molecules of type:            1
  Adjusting random positions to fit the constraints. 
  Packing:|0                                                        100%|
          |***
  Restraint-only function value:    0.0000000000000000     
  Maximum violation of the restraints:    0.0000000000000000     

--------------------------------------------------------------------------------

  Molecules of type:            2
  Adjusting random positions to fit the constraints. 
  Packing:|0                                                        100%|
          |***
  Restraint-only function value:    0.0000000000000000     
  Maximum violation of the restraints:    0.0000000000000000     

--------------------------------------------------------------------------------

  Molecules of type:            3
  Adjusting random positions to fit the constraints. 
  Packing:|0                                                        100%|
          |******
  Restraint-only function value:    0.0000000000000000     
  Maximum violation of the restraints:    0.0000000000000000     

################################################################################

  Objective function at initial point:    1261.5907075958253     

################################################################################

  Packing molecules of type:            1

################################################################################


--------------------------------------------------------------------------------

  Starting GENCAN loop:            0
  Scaling radii by:    1.1000000000000001     

  Packing:|0                                                        100%|
          |*********************************************************

  Function value from last GENCAN loop: f = .11999E-01
  Best function value before: f = .33924E+03
  Improvement from best function value:    99.99 %
  Improvement from last loop:    99.99 %
  Maximum violation of target distance:     0.000000
  Maximum violation of the constraints: .63822E-02
  Current structure written to file: solvated_150/21-hexyl-3-methylimidazol-3-ium_1tungstate_methylsulfinylmethane.xyz
--------------------------------------------------------------------------------
  Packing solved for molecules of type           1
  Objective function value:    1.1998743553313889E-002
  Maximum violation of target distance:    0.0000000000000000     
  Max. constraint violation:    6.3821708680969029E-003
--------------------------------------------------------------------------------

################################################################################

  Packing molecules of type:            2

################################################################################


  Initial approximation is a solution. Nothing to do. 

  Current point written to file: solvated_150/21-hexyl-3-methylimidazol-3-ium_1tungstate_methylsulfinylmethane.xyz
--------------------------------------------------------------------------------
  Packing solved for molecules of type           2
  Objective function value:    0.0000000000000000     
  Maximum violation of target distance:    0.0000000000000000     
  Max. constraint violation:    0.0000000000000000     
--------------------------------------------------------------------------------

################################################################################

  Packing molecules of type:            3

################################################################################


--------------------------------------------------------------------------------

  Starting GENCAN loop:            0
  Scaling radii by:    1.1000000000000001     

  Packing:|0                                                        100%|
          |*************************************************************|


  Function value from last GENCAN loop: f = .12567E-01
  Best function value before: f = .30782E+03
  Improvement from best function value:    99.99 %
  Improvement from last loop:    99.99 %
  Maximum violation of target distance:     0.000000
  Maximum violation of the constraints: .66564E-02
  Current structure written to file: solvated_150/21-hexyl-3-methylimidazol-3-ium_1tungstate_methylsulfinylmethane.xyz
--------------------------------------------------------------------------------
  Packing solved for molecules of type           3
  Objective function value:    1.2567194458579709E-002
  Maximum violation of target distance:    0.0000000000000000     
  Max. constraint violation:    6.6563832856284576E-003
--------------------------------------------------------------------------------

################################################################################

  Packing all molecules together 

################################################################################


--------------------------------------------------------------------------------

  Starting GENCAN loop:            0
  Scaling radii by:    1.1000000000000001     

  Packing:|0                                                        100%|
          |*************************************************************|

  Function value from last GENCAN loop: f = .77579E+02
  Best function value before: f = .77304E+03
  Improvement from best function value:    89.96 %
  Improvement from last loop:    89.96 %
  Maximum violation of target distance:     1.419668
  Maximum violation of the constraints: .72036E+01

--------------------------------------------------------------------------------


--------------------------------------------------------------------------------

  Starting GENCAN loop:            1
  Scaling radii by:    1.1000000000000001     

  Packing:|0                                                        100%|
          |*************************************************************|

  Function value from last GENCAN loop: f = .21302E+02
  Best function value before: f = .77579E+02
  Improvement from best function value:    72.54 %
  Improvement from last loop:    72.54 %
  Maximum violation of target distance:     0.548238
  Maximum violation of the constraints: .36475E+01

--------------------------------------------------------------------------------


--------------------------------------------------------------------------------

  Starting GENCAN loop:            2
  Scaling radii by:    1.1000000000000001     

  Packing:|0                                                        100%|
          |*************************************************************|

  Function value from last GENCAN loop: f = .14953E+02
  Best function value before: f = .21302E+02
  Improvement from best function value:    29.80 %
  Improvement from last loop:    29.80 %
  Maximum violation of target distance:     0.225159
  Maximum violation of the constraints: .26303E+01

--------------------------------------------------------------------------------


--------------------------------------------------------------------------------

  Starting GENCAN loop:            3
  Scaling radii by:    1.1000000000000001     

  Packing:|0                                                        100%|
          |*************************************************************|

  Function value from last GENCAN loop: f = .11441E+02
  Best function value before: f = .14953E+02
  Improvement from best function value:    23.49 %
  Improvement from last loop:    23.49 %
  Maximum violation of target distance:     0.000000
  Maximum violation of the constraints: .20944E+01

--------------------------------------------------------------------------------


--------------------------------------------------------------------------------

  Starting GENCAN loop:            4
  Scaling radii by:    1.1000000000000001     

  Packing:|0                                                        100%|
          |*************************************************************|

  Function value from last GENCAN loop: f = .87882E+01
  Best function value before: f = .11441E+02
  Improvement from best function value:    23.18 %
  Improvement from last loop:    23.18 %
  Maximum violation of target distance:     0.000000
  Maximum violation of the constraints: .12722E+01

--------------------------------------------------------------------------------


--------------------------------------------------------------------------------

  Starting GENCAN loop:            5
  Scaling radii by:    1.1000000000000001     

  Packing:|0                                                        100%|
          |*************************************************************|

  Function value from last GENCAN loop: f = .74475E+01
  Best function value before: f = .87882E+01
  Improvement from best function value:    15.26 %
  Improvement from last loop:    15.26 %
  Maximum violation of target distance:     0.000000
  Maximum violation of the constraints: .12637E+01

--------------------------------------------------------------------------------


--------------------------------------------------------------------------------

  Starting GENCAN loop:            6
  Scaling radii by:    1.1000000000000001     

  Packing:|0                                                        100%|
          |*************************************************************|

  Function value from last GENCAN loop: f = .71208E+01
  Best function value before: f = .74475E+01
  Improvement from best function value:     4.39 %
  Improvement from last loop:     4.39 %
  Maximum violation of target distance:     0.000000
  Maximum violation of the constraints: .14965E+01

--------------------------------------------------------------------------------

  Moving worst molecules ... 
  Function value before moving molecules:   7.1207956086695061     
  Type         1 molecules with non-zero contributions:  100.00%
  Moving         1 molecules of type         1
  New positions will be based on good molecules (movebadrandom is not set) 
   Moving:|0                                                        100%|
          |*************************************************************|
  Type         2 molecules with non-zero contributions:    0.00%
  Type         3 molecules with non-zero contributions:   50.00%
  Moving         1 molecules of type         3
  New positions will be based on good molecules (movebadrandom is not set) 
   Moving:|0                                                        100%|
          |*************************************************************|
  Function value after moving molecules:   430.03071937288502     

--------------------------------------------------------------------------------

  Starting GENCAN loop:            7
  Scaling radii by:    1.0000000000000000     

  Packing:|0                                                        100%|
          |*************************************************************|

  Function value from last GENCAN loop: f = .11714E+03
  Best function value before: f = .71208E+01
  Improvement from best function value:   -99.99 %
  Improvement from last loop:    72.76 %
  Maximum violation of target distance:     3.795231
  Maximum violation of the constraints: .18667E+01

--------------------------------------------------------------------------------


--------------------------------------------------------------------------------

  Starting GENCAN loop:            8
  Scaling radii by:    1.0000000000000000     

  Packing:|0                                                        100%|
          |*************************************************************|

  Function value from last GENCAN loop: f = .11142E+03
  Best function value before: f = .71208E+01
  Improvement from best function value:   -99.99 %
  Improvement from last loop:     4.88 %
  Maximum violation of target distance:     3.809731
  Maximum violation of the constraints: .14834E+01

--------------------------------------------------------------------------------

  Moving worst molecules ... 
  Function value before moving molecules:   111.42019177659365     
  Type         1 molecules with non-zero contributions:  100.00%
  Moving         1 molecules of type         1
  New positions will be based on good molecules (movebadrandom is not set) 
   Moving:|0                                                        100%|
          |*************************************************************|
  Type         2 molecules with non-zero contributions:  100.00%
  Moving         1 molecules of type         2
  New positions will be based on good molecules (movebadrandom is not set) 
   Moving:|0                                                        100%|
          |*************************************************************|
  Type         3 molecules with non-zero contributions:  100.00%
  Moving         1 molecules of type         3
  New positions will be based on good molecules (movebadrandom is not set) 
   Moving:|0                                                        100%|
          |*************************************************************|
  Function value after moving molecules:   688.16672312302603     

--------------------------------------------------------------------------------

  Starting GENCAN loop:            9
  Scaling radii by:    1.0000000000000000     

  Packing:|0                                                        100%|
          |*************************************************************|

  Function value from last GENCAN loop: f = .13507E+02
  Best function value before: f = .71208E+01
  Improvement from best function value:   -89.69 %
  Improvement from last loop:    98.04 %
  Maximum violation of target distance:     0.970253
  Maximum violation of the constraints: .10574E+01

--------------------------------------------------------------------------------


--------------------------------------------------------------------------------

  Starting GENCAN loop:           10
  Scaling radii by:    1.0000000000000000     

  Packing:|0                                                        100%|
          |*************************************************************|

  Function value from last GENCAN loop: f = .19169E+01
  Best function value before: f = .71208E+01
  Improvement from best function value:    73.08 %
  Improvement from last loop:    85.81 %
  Maximum violation of target distance:     0.346191
  Maximum violation of the constraints: .45084E+00

--------------------------------------------------------------------------------


--------------------------------------------------------------------------------

  Starting GENCAN loop:           11
  Scaling radii by:    1.0000000000000000     

  Packing:|0                                                        100%|
          |*************************************************************|

  Function value from last GENCAN loop: f = .27759E+00
  Best function value before: f = .19169E+01
  Improvement from best function value:    85.52 %
  Improvement from last loop:    85.52 %
  Maximum violation of target distance:     0.110072
  Maximum violation of the constraints: .40424E-01

--------------------------------------------------------------------------------


--------------------------------------------------------------------------------

  Starting GENCAN loop:           12
  Scaling radii by:    1.0000000000000000     

  Packing:|0                                                        100%|
          |*************************************************************|

  Function value from last GENCAN loop: f = .74215E-01
  Best function value before: f = .27759E+00
  Improvement from best function value:    73.26 %
  Improvement from last loop:    73.26 %
  Maximum violation of target distance:     0.143812
  Maximum violation of the constraints: .25037E-01

--------------------------------------------------------------------------------


--------------------------------------------------------------------------------

  Starting GENCAN loop:           13
  Scaling radii by:    1.0000000000000000     

  Packing:|0                                                        100%|
          |*************************************************************|

  Function value from last GENCAN loop: f = .20230E-01
  Best function value before: f = .74215E-01
  Improvement from best function value:    72.74 %
  Improvement from last loop:    72.74 %
  Maximum violation of target distance:     0.023519
  Maximum violation of the constraints: .11553E-01

--------------------------------------------------------------------------------


--------------------------------------------------------------------------------

  Starting GENCAN loop:           14
  Scaling radii by:    1.0000000000000000     

  Packing:|0                                                        100%|
          |*************************************************************|

  Function value from last GENCAN loop: f = .50739E-02
  Best function value before: f = .20230E-01
  Improvement from best function value:    74.92 %
  Improvement from last loop:    74.92 %
  Maximum violation of target distance:     0.013800
  Maximum violation of the constraints: .25504E-02

--------------------------------------------------------------------------------


--------------------------------------------------------------------------------

  Starting GENCAN loop:           15
  Scaling radii by:    1.0000000000000000     

  Packing:|0                                                        100%|
          |***************************************

  Function value from last GENCAN loop: f = .15618E-02
  Best function value before: f = .50739E-02
  Improvement from best function value:    69.22 %
  Improvement from last loop:    69.22 %
  Maximum violation of target distance:     0.009758
  Maximum violation of the constraints: .73726E-03

################################################################################

                                 Success! 
              Final objective function value: .15618E-02
              Maximum violation of target distance:   0.009758
              Maximum violation of the constraints: .73726E-03

--------------------------------------------------------------------------------

              Please cite this work if Packmol was useful: 

           L. Martinez, R. Andrade, E. G. Birgin, J. M. Martinez, 
         PACKMOL: A package for building initial configurations for
                   molecular dynamics simulations. 
        Journal of Computational Chemistry, 30(13) pp. 2157-2164, 2009.
                  https://doi.org/10.1002/jcc.21224

################################################################################

  Solution written to file: solvated_150/21-hexyl-3-methylimidazol-3-ium_1tungstate_methylsulfinylmethane.xyz

--------------------------------------------------------------------------------

   Running time:   0.765854001      seconds. 

--------------------------------------------------------------------------------


