
################################################################################

 PACKMOL - Packing optimization for the automated generation of
 starting configurations for molecular dynamics simulations.
 
                                                             Version 21.1.2 

################################################################################

  Packmol must be run with: packmol < inputfile.inp 

  Userguide at: http://m3g.iqm.unicamp.br/packmol 

  Reading input file... (Control-C aborts)
  Types of coordinate files specified: xyz
  Periodic boundary condition activated: 
    Minimum coordinates:     0.00    0.00    0.00
    Maximum coordinates:    10.48   10.48   10.48
  Seed for random number generator:      1234567
  Output file: solvated_150/2tetraethylazanium_1molybdate_methanol.xyz
  Reading coordinate file: ../structures/tetraethylazanium.xyz
  Reading coordinate file: ../structures/molybdate.xyz
  Reading coordinate file: ../structures/methanol.xyz
  Number of independent structures:            3
  The structures are: 
  Structure            1 :Properties=species:S:1:pos:R:3 iupac_name=tetraethylazanium pbc="F F F"(          29  atoms)
  Structure            2 :Properties=species:S:1:pos:R:3 iupac_name=molybdate pbc="F F F"(           5  atoms)
  Structure            3 :Properties=species:S:1:pos:R:3 iupac_name=methanol pbc="F F F"(           6  atoms)
  Maximum number of GENCAN loops for all molecule packing:          600
  Distance tolerance:    2.0000000000000000     
  Number of molecules of type            1 :            2
  Number of molecules of type            2 :            1
  Number of molecules of type            3 :           14
  Total number of restrictions:            3
  Total number of atoms:          147
  Total number of molecules:           17
  Number of fixed molecules:            0
  Number of free molecules:           17
  Number of variables:          102
  Total number of fixed atoms:            0
  PBC on: Constraint automatically added to non-fixed atoms:
  -> inside box     0.00    0.00    0.00   10.48   10.48   10.48
  Updated total number of restrictions:            4
  Maximum internal distance of type            1 :    5.9772380795815723     
  Maximum internal distance of type            2 :    3.2956433653840640     
  Maximum internal distance of type            3 :    2.8429210119171442     
  All atoms must be within these coordinates: 
   x: [   -993.60000000000002      ,    1006.4000000000000       ] 
   y: [   -994.79447170094159      ,    1005.2055282990584       ] 
   z: [   -994.79498074333060      ,    1005.2050192566694       ] 
  If the system is larger than this, increase the sidemax parameter. 

################################################################################

  Building initial approximation ... 

################################################################################

  Adjusting initial point to fit the constraints 

--------------------------------------------------------------------------------

--------------------------------------------------------------------------------

  Molecules of type:            1

  Packing:|0                                                        100%|
          |************************

  Restraint-only function value:    1.4886542347780215E-008
  Maximum violation of the restraints:    1.4886542347780215E-008

--------------------------------------------------------------------------------

  Molecules of type:            2

  Packing:|0                                                        100%|
          |************

  Restraint-only function value:    0.0000000000000000     
  Maximum violation of the restraints:    0.0000000000000000     

--------------------------------------------------------------------------------

  Molecules of type:            3

  Packing:|0                                                        100%|
          |******************

  Restraint-only function value:    9.7575684617084144E-004
  Maximum violation of the restraints:    9.7575684617084144E-004

--------------------------------------------------------------------------------

  Rescaling maximum and minimum coordinates... 
  Mininum and maximum coordinates after constraint fitting: 
   x: [    9.4553242454744561E-003 ,    10.476601181099412       ] 
   y: [    1.2268563268812231E-002 ,    10.498790543072127       ] 
   z: [   -8.6274394659656160E-005 ,    10.466749782652990       ] 
  Computing size of patches... 
  Number of cells in each direction and cell sides: 
   x:            4  cells of size    2.6191756432433322     
   y:            4  cells of size    2.6191756432433322     
   z:            4  cells of size    2.6191756432433322     
  Cell-system length:   10.47670  10.47670  10.47670
  Reseting center of mass... 

--------------------------------------------------------------------------------

  Setting initial trial coordinates ... 

--------------------------------------------------------------------------------

--------------------------------------------------------------------------------

  Molecules of type:            1
  Adjusting random positions to fit the constraints. 
  Packing:|0                                                        100%|
          |******
  Restraint-only function value:    1.1088347031596100E-005
  Maximum violation of the restraints:    1.1088347031596100E-005

--------------------------------------------------------------------------------

  Molecules of type:            2
  Adjusting random positions to fit the constraints. 
  Packing:|0                                                        100%|
          |***
  Restraint-only function value:    0.0000000000000000     
  Maximum violation of the restraints:    0.0000000000000000     

--------------------------------------------------------------------------------

  Molecules of type:            3
  Adjusting random positions to fit the constraints. 
  Packing:|0                                                        100%|
          |***
  Restraint-only function value:    7.4589259349149804E-006
  Maximum violation of the restraints:    7.4589259349149804E-006

################################################################################

  Objective function at initial point:    1578.8391366748115     

################################################################################

  Packing molecules of type:            1

################################################################################


--------------------------------------------------------------------------------

  Starting GENCAN loop:            0
  Scaling radii by:    1.1000000000000001     

  Packing:|0                                                        100%|
          |************************

  Function value from last GENCAN loop: f = .20746E-04
  Best function value before: f = .46199E+03
  Improvement from best function value:    99.99 %
  Improvement from last loop:    99.99 %
  Maximum violation of target distance:     0.000000
  Maximum violation of the constraints: .20746E-04
  Current structure written to file: solvated_150/2tetraethylazanium_1molybdate_methanol.xyz
--------------------------------------------------------------------------------
  Packing solved for molecules of type           1
  Objective function value:    2.0746097777452138E-005
  Maximum violation of target distance:    0.0000000000000000     
  Max. constraint violation:    2.0746097777452138E-005
--------------------------------------------------------------------------------

################################################################################

  Packing molecules of type:            2

################################################################################


  Initial approximation is a solution. Nothing to do. 

  Current point written to file: solvated_150/2tetraethylazanium_1molybdate_methanol.xyz
--------------------------------------------------------------------------------
  Packing solved for molecules of type           2
  Objective function value:    0.0000000000000000     
  Maximum violation of target distance:    0.0000000000000000     
  Max. constraint violation:    0.0000000000000000     
--------------------------------------------------------------------------------

################################################################################

  Packing molecules of type:            3

################################################################################


--------------------------------------------------------------------------------

  Starting GENCAN loop:            0
  Scaling radii by:    1.1000000000000001     

  Packing:|0                                                        100%|
          |*********************

  Function value from last GENCAN loop: f = .18211E-02
  Best function value before: f = .53948E+03
  Improvement from best function value:    99.99 %
  Improvement from last loop:    99.99 %
  Maximum violation of target distance:     0.000000
  Maximum violation of the constraints: .16349E-02
  Current structure written to file: solvated_150/2tetraethylazanium_1molybdate_methanol.xyz
--------------------------------------------------------------------------------
  Packing solved for molecules of type           3
  Objective function value:    1.8210985496603489E-003
  Maximum violation of target distance:    0.0000000000000000     
  Max. constraint violation:    1.6349139434723200E-003
--------------------------------------------------------------------------------

################################################################################

  Packing all molecules together 

################################################################################


--------------------------------------------------------------------------------

  Starting GENCAN loop:            0
  Scaling radii by:    1.1000000000000001     

  Packing:|0                                                        100%|
          |*************************************************************|

  Function value from last GENCAN loop: f = .76102E+01
  Best function value before: f = .45217E+03
  Improvement from best function value:    98.32 %
  Improvement from last loop:    98.32 %
  Maximum violation of target distance:     0.165800
  Maximum violation of the constraints: .14592E+01

--------------------------------------------------------------------------------


--------------------------------------------------------------------------------

  Starting GENCAN loop:            1
  Scaling radii by:    1.1000000000000001     

  Packing:|0                                                        100%|
          |*************************************************************|

  Function value from last GENCAN loop: f = .35760E+01
  Best function value before: f = .76102E+01
  Improvement from best function value:    53.01 %
  Improvement from last loop:    53.01 %
  Maximum violation of target distance:     0.000000
  Maximum violation of the constraints: .88236E+00

--------------------------------------------------------------------------------


--------------------------------------------------------------------------------

  Starting GENCAN loop:            2
  Scaling radii by:    1.1000000000000001     

  Packing:|0                                                        100%|
          |*************************************************************|

  Function value from last GENCAN loop: f = .15861E+01
  Best function value before: f = .35760E+01
  Improvement from best function value:    55.65 %
  Improvement from last loop:    55.65 %
  Maximum violation of target distance:     0.000000
  Maximum violation of the constraints: .47636E+00

--------------------------------------------------------------------------------


--------------------------------------------------------------------------------

  Starting GENCAN loop:            3
  Scaling radii by:    1.1000000000000001     

  Packing:|0                                                        100%|
          |*************************************************************|

  Function value from last GENCAN loop: f = .13637E+01
  Best function value before: f = .15861E+01
  Improvement from best function value:    14.02 %
  Improvement from last loop:    14.02 %
  Maximum violation of target distance:     0.000000
  Maximum violation of the constraints: .40700E+00

--------------------------------------------------------------------------------


--------------------------------------------------------------------------------

  Starting GENCAN loop:            4
  Scaling radii by:    1.1000000000000001     

  Packing:|0                                                        100%|
          |*************************************************************|

  Function value from last GENCAN loop: f = .10619E+01
  Best function value before: f = .13637E+01
  Improvement from best function value:    22.13 %
  Improvement from last loop:    22.13 %
  Maximum violation of target distance:     0.000000
  Maximum violation of the constraints: .34379E+00

--------------------------------------------------------------------------------


--------------------------------------------------------------------------------

  Starting GENCAN loop:            5
  Scaling radii by:    1.1000000000000001     

  Packing:|0                                                        100%|
          |*************************************************************|

  Function value from last GENCAN loop: f = .83446E+00
  Best function value before: f = .10619E+01
  Improvement from best function value:    21.42 %
  Improvement from last loop:    21.42 %
  Maximum violation of target distance:     0.000000
  Maximum violation of the constraints: .27426E+00

--------------------------------------------------------------------------------


--------------------------------------------------------------------------------

  Starting GENCAN loop:            6
  Scaling radii by:    1.1000000000000001     

  Packing:|0                                                        100%|
          |*************************************************************|

  Function value from last GENCAN loop: f = .76657E+00
  Best function value before: f = .83446E+00
  Improvement from best function value:     8.14 %
  Improvement from last loop:     8.14 %
  Maximum violation of target distance:     0.000000
  Maximum violation of the constraints: .27201E+00

--------------------------------------------------------------------------------

  Moving worst molecules ... 
  Function value before moving molecules:  0.76656642194445956     
  Type         1 molecules with non-zero contributions:   50.00%
  Moving         1 molecules of type         1
  New positions will be based on good molecules (movebadrandom is not set) 
   Moving:|0                                                        100%|
          |*************************************************************|
  Type         2 molecules with non-zero contributions:  100.00%
  Moving         1 molecules of type         2
  New positions will be based on good molecules (movebadrandom is not set) 
   Moving:|0                                                        100%|
          |*************************************************************|
  Type         3 molecules with non-zero contributions:   14.29%
  Moving         1 molecules of type         3
  New positions will be based on good molecules (movebadrandom is not set) 
   Moving:|0                                                        100%|
          |*************************************************************|
  Function value after moving molecules:   615.21279067404441     

--------------------------------------------------------------------------------

  Starting GENCAN loop:            7
  Scaling radii by:    1.0000000000000000     

  Packing:|0                                                        100%|
          |*************************************************************|

  Function value from last GENCAN loop: f = .44554E+00
  Best function value before: f = .76657E+00
  Improvement from best function value:    41.88 %
  Improvement from last loop:    99.93 %
  Maximum violation of target distance:     0.175466
  Maximum violation of the constraints: .96184E-02

--------------------------------------------------------------------------------


--------------------------------------------------------------------------------

  Starting GENCAN loop:            8
  Scaling radii by:    1.0000000000000000     

  Packing:|0                                                        100%|
          |***************************************************

  Function value from last GENCAN loop: f = .27054E-04
  Best function value before: f = .44554E+00
  Improvement from best function value:    99.99 %
  Improvement from last loop:    99.99 %
  Maximum violation of target distance:     0.002403
  Maximum violation of the constraints: .12867E-04

################################################################################

                                 Success! 
              Final objective function value: .27054E-04
              Maximum violation of target distance:   0.002403
              Maximum violation of the constraints: .12867E-04

--------------------------------------------------------------------------------

              Please cite this work if Packmol was useful: 

           L. Martinez, R. Andrade, E. G. Birgin, J. M. Martinez, 
         PACKMOL: A package for building initial configurations for
                   molecular dynamics simulations. 
        Journal of Computational Chemistry, 30(13) pp. 2157-2164, 2009.
                  https://doi.org/10.1002/jcc.21224

################################################################################

  Solution written to file: solvated_150/2tetraethylazanium_1molybdate_methanol.xyz

--------------------------------------------------------------------------------

   Running time:   0.446415037      seconds. 

--------------------------------------------------------------------------------


