      Step     Time          Energy          fmax
FIRE:    0 00:45:30  -131394.546875        3.919499
FIRE:    1 00:45:31  -131395.343750        2.403775
FIRE:    2 00:45:33  -131395.656250        2.439502
FIRE:    3 00:45:33  -131395.812500        1.395108
FIRE:    4 00:45:33  -131395.953125        0.925298
FIRE:    5 00:45:33  -131396.046875        1.677199
FIRE:    6 00:45:33  -131396.125000        1.974898
FIRE:    7 00:45:33  -131396.187500        1.552101
FIRE:    8 00:45:35  -131396.390625        0.989013
FIRE:    9 00:45:35  -131396.515625        1.602125
FIRE:   10 00:45:35  -131396.671875        1.608441
FIRE:   11 00:45:35  -131396.875000        0.596872
FIRE:   12 00:45:35  -131397.015625        0.972797
FIRE:   13 00:45:35  -131397.218750        1.037205
FIRE:   14 00:45:35  -131397.359375        0.656755
FIRE:   15 00:45:35  -131397.531250        0.885914
FIRE:   16 00:45:35  -131397.718750        0.816977
FIRE:   17 00:45:35  -131397.937500        0.702657
FIRE:   18 00:45:35  -131398.078125        1.049465
FIRE:   19 00:45:35  -131398.281250        1.259152
FIRE:   20 00:45:35  -131398.453125        1.223238
FIRE:   21 00:45:35  -131398.562500        1.403587
FIRE:   22 00:45:35  -131398.625000        1.971447
FIRE:   23 00:45:35  -131398.734375        0.476094
FIRE:   24 00:45:35  -131398.734375        0.369436
FIRE:   25 00:45:35  -131398.734375        0.219043
FIRE:   26 00:45:35  -131398.750000        0.210725
FIRE:   27 00:45:35  -131398.718750        0.348860
FIRE:   28 00:45:36  -131398.750000        0.362819
FIRE:   29 00:45:36  -131398.781250        0.235003
FIRE:   30 00:45:36  -131398.781250        0.202036
FIRE:   31 00:45:36  -131398.765625        0.213784
FIRE:   32 00:45:36  -131398.812500        0.252853
FIRE:   33 00:45:36  -131398.828125        0.196626
FIRE:   34 00:45:36  -131398.859375        0.201976
FIRE:   35 00:45:36  -131398.875000        0.217535
FIRE:   36 00:45:36  -131398.890625        0.198181
FIRE:   37 00:45:36  -131398.953125        0.228968
FIRE:   38 00:45:36  -131399.000000        0.212052
FIRE:   39 00:45:36  -131399.000000        0.207328
FIRE:   40 00:45:36  -131399.093750        0.269207
FIRE:   41 00:45:36  -131399.125000        0.460252
FIRE:   42 00:45:36  -131399.203125        0.916725
FIRE:   43 00:45:36  -131399.296875        2.136930
FIRE:   44 00:45:36  -131399.328125        0.200855
FIRE:   45 00:45:36  -131399.281250        1.589073
FIRE:   46 00:45:37  -131399.296875        1.272647
FIRE:   47 00:45:37  -131399.312500        0.684120
FIRE:   48 00:45:37  -131399.328125        0.200781
FIRE:   49 00:45:37  -131399.312500        0.773035
FIRE:   50 00:45:37  -131399.296875        0.729710
FIRE:   51 00:45:37  -131399.296875        0.645794
FIRE:   52 00:45:37  -131399.296875        0.527305
FIRE:   53 00:45:37  -131399.312500        0.382264
FIRE:   54 00:45:37  -131399.359375        0.221777
FIRE:   55 00:45:37  -131399.343750        0.200227
FIRE:   56 00:45:37  -131399.312500        0.199671
FIRE:   57 00:45:37  -131399.359375        0.232076
FIRE:   58 00:45:37  -131399.343750        0.325772
FIRE:   59 00:45:37  -131399.312500        0.370745
FIRE:   60 00:45:37  -131399.312500        0.347210
FIRE:   61 00:45:37  -131399.343750        0.245853
FIRE:   62 00:45:37  -131399.359375        0.198301
FIRE:   63 00:45:37  -131399.343750        0.198508
FIRE:   64 00:45:38  -131399.343750        0.284652
FIRE:   65 00:45:38  -131399.390625        0.293107
FIRE:   66 00:45:38  -131399.343750        0.196900
FIRE:   67 00:45:38  -131399.359375        0.195500
FIRE:   68 00:45:38  -131399.390625        0.261369
FIRE:   69 00:45:38  -131399.390625        0.194460
FIRE:   70 00:45:38  -131399.421875        0.199236
FIRE:   71 00:45:38  -131399.421875        0.196938
FIRE:   72 00:45:38  -131399.437500        0.196502
FIRE:   73 00:45:38  -131399.484375        0.195080
FIRE:   74 00:45:38  -131399.515625        0.303498
FIRE:   75 00:45:38  -131399.546875        0.272246
FIRE:   76 00:45:38  -131399.625000        0.247037
FIRE:   77 00:45:38  -131399.656250        0.429331
FIRE:   78 00:45:38  -131399.703125        1.271632
FIRE:   79 00:45:38  -131399.703125        3.370640
FIRE:   80 00:45:38  -131399.781250        0.196880
FIRE:   81 00:45:38  -131399.703125        3.924522
FIRE:   82 00:45:39  -131399.734375        2.608612
FIRE:   83 00:45:39  -131399.781250        0.635169
FIRE:   84 00:45:39  -131399.796875        1.235735
FIRE:   85 00:45:39  -131399.796875        1.157943
FIRE:   86 00:45:39  -131399.781250        1.005932
FIRE:   87 00:45:39  -131399.796875        0.787283
FIRE:   88 00:45:39  -131399.796875        0.513717
FIRE:   89 00:45:39  -131399.796875        0.210568
FIRE:   90 00:45:39  -131399.796875        0.167472
FIRE:   91 00:45:39  -131399.781250        0.389927
FIRE:   92 00:45:39  -131399.812500        0.383168
FIRE:   93 00:45:39  -131399.812500        0.370025
FIRE:   94 00:45:39  -131399.796875        0.350538
FIRE:   95 00:45:39  -131399.812500        0.325209
FIRE:   96 00:45:39  -131399.812500        0.294701
FIRE:   97 00:45:39  -131399.796875        0.259530
FIRE:   98 00:45:39  -131399.796875        0.220606
FIRE:   99 00:45:40  -131399.796875        0.174499
FIRE:  100 00:45:40  -131399.796875        0.166439
FIRE:  101 00:45:40  -131399.812500        0.166062
FIRE:  102 00:45:40  -131399.812500        0.165647
FIRE:  103 00:45:40  -131399.812500        0.165174
FIRE:  104 00:45:40  -131399.796875        0.164700
FIRE:  105 00:45:40  -131399.796875        0.164202
FIRE:  106 00:45:40  -131399.812500        0.173445
FIRE:  107 00:45:40  -131399.828125        0.163297
FIRE:  108 00:45:40  -131399.828125        0.162901
FIRE:  109 00:45:40  -131399.812500        0.162521
FIRE:  110 00:45:40  -131399.796875        0.162113
FIRE:  111 00:45:40  -131399.828125        0.161570
FIRE:  112 00:45:40  -131399.828125        0.160739
FIRE:  113 00:45:40  -131399.843750        0.159553
FIRE:  114 00:45:40  -131399.828125        0.158096
FIRE:  115 00:45:40  -131399.812500        0.156642
FIRE:  116 00:45:40  -131399.843750        0.155569
FIRE:  117 00:45:41  -131399.875000        0.154918
FIRE:  118 00:45:41  -131399.859375        0.154067
FIRE:  119 00:45:41  -131399.875000        0.153754
FIRE:  120 00:45:41  -131399.906250        0.164020
FIRE:  121 00:45:41  -131399.921875        0.167216
FIRE:  122 00:45:41  -131399.937500        0.160387
FIRE:  123 00:45:41  -131399.968750        0.165514
FIRE:  124 00:45:41  -131400.031250        0.248059
FIRE:  125 00:45:41  -131400.062500        0.484323
FIRE:  126 00:45:41  -131400.093750        1.272162
FIRE:  127 00:45:41  -131400.093750        3.099429
FIRE:  128 00:45:41  -131400.171875        0.194338
FIRE:  129 00:45:41  -131400.109375        3.536354
FIRE:  130 00:45:41  -131400.125000        2.392060
FIRE:  131 00:45:41  -131400.171875        0.643668
FIRE:  132 00:45:41  -131400.156250        1.060605
FIRE:  133 00:45:41  -131400.171875        0.994002
FIRE:  134 00:45:42  -131400.171875        0.864099
FIRE:  135 00:45:42  -131400.156250        0.677447
FIRE:  136 00:45:42  -131400.156250        0.444547
FIRE:  137 00:45:42  -131400.156250        0.189083
FIRE:  138 00:45:42  -131400.171875        0.106684
FIRE:  139 00:45:42  -131400.156250        0.325071
FIRE:  140 00:45:42  -131400.171875        0.319731
FIRE:  141 00:45:42  -131400.140625        0.308973
FIRE:  142 00:45:42  -131400.140625        0.293296
FIRE:  143 00:45:42  -131400.156250        0.272749
FIRE:  144 00:45:42  -131400.156250        0.248016
FIRE:  145 00:45:42  -131400.171875        0.219510
FIRE:  146 00:45:42  -131400.171875        0.187928
FIRE:  147 00:45:42  -131400.140625        0.150388
FIRE:  148 00:45:42  -131400.156250        0.107221
FIRE:  149 00:45:42  -131400.140625        0.105646
FIRE:  150 00:45:42  -131400.171875        0.105264
FIRE:  151 00:45:42  -131400.171875        0.104854
FIRE:  152 00:45:43  -131400.218750        0.104430
FIRE:  153 00:45:43  -131400.171875        0.124092
FIRE:  154 00:45:43  -131400.171875        0.140879
FIRE:  155 00:45:43  -131400.171875        0.134624
FIRE:  156 00:45:43  -131400.187500        0.103056
FIRE:  157 00:45:43  -131400.171875        0.102846
FIRE:  158 00:45:43  -131400.171875        0.102631
FIRE:  159 00:45:43  -131400.171875        0.102235
FIRE:  160 00:45:43  -131400.171875        0.119471
FIRE:  161 00:45:43  -131400.187500        0.100443
FIRE:  162 00:45:43  -131400.187500        0.098906
FIRE:  163 00:45:43  -131400.187500        0.097238
FIRE:  164 00:45:43  -131400.187500        0.095797
FIRE:  165 00:45:43  -131400.203125        0.096175
FIRE:  166 00:45:43  -131400.218750        0.101565
FIRE:  167 00:45:43  -131400.203125        0.094737
FIRE:  168 00:45:43  -131400.234375        0.092021
FIRE:  169 00:45:44  -131400.250000        0.089890
FIRE:  170 00:45:44  -131400.281250        0.105346
FIRE:  171 00:45:44  -131400.281250        0.128723
FIRE:  172 00:45:44  -131400.312500        0.173257
FIRE:  173 00:45:44  -131400.343750        0.320549
FIRE:  174 00:45:44  -131400.375000        0.888377
FIRE:  175 00:45:45  -131400.375000        2.284228
FIRE:  176 00:45:46  -131400.453125        0.099634
FIRE:  177 00:45:46  -131400.390625        2.433195
FIRE:  178 00:45:46  -131400.375000        1.700972
FIRE:  179 00:45:46  -131400.421875        0.533286
FIRE:  180 00:45:46  -131400.390625        0.669914
FIRE:  181 00:45:46  -131400.437500        0.627371
FIRE:  182 00:45:46  -131400.453125        0.544530
FIRE:  183 00:45:46  -131400.421875        0.426323
FIRE:  184 00:45:46  -131400.406250        0.280060
FIRE:  185 00:45:46  -131400.453125        0.120779
FIRE:  186 00:45:46  -131400.359375        0.063958
FIRE:  187 00:45:46  -131400.421875        0.194643
FIRE:  188 00:45:46  -131400.359375        0.310554
FIRE:  189 00:45:46  -131400.421875        0.378234
FIRE:  190 00:45:46  -131400.437500        0.379968
FIRE:  191 00:45:46  -131400.468750        0.303997
FIRE:  192 00:45:46  -131400.390625        0.150973
FIRE:  193 00:45:46  -131400.453125        0.063404
FIRE:  194 00:45:46  -131400.343750        0.227009
FIRE:  195 00:45:46  -131400.468750        0.291022
FIRE:  196 00:45:46  -131400.406250        0.196091
FIRE:  197 00:45:46  -131400.453125        0.062736
FIRE:  198 00:45:47  -131400.468750        0.246872
FIRE:  199 00:45:47  -131400.468750        0.207675
FIRE:  200 00:45:47  -131400.484375        0.085284
FIRE:  201 00:45:47  -131400.421875        0.227335
FIRE:  202 00:45:47  -131400.421875        0.061853
FIRE:  203 00:45:47  -131400.484375        0.226543
FIRE:  204 00:45:47  -131400.468750        0.172426
FIRE:  205 00:45:47  -131400.515625        0.060389
FIRE:  206 00:45:47  -131400.531250        0.191219
FIRE:  207 00:45:47  -131400.562500        0.498078
FIRE:  208 00:45:47  -131400.562500        1.248629
FIRE:  209 00:45:47  -131400.531250        0.079759
FIRE:  210 00:45:47  -131400.593750        0.991112
FIRE:  211 00:45:47  -131400.562500        0.780871
FIRE:  212 00:45:47  -131400.578125        0.397125
FIRE:  213 00:45:47  -131400.593750        0.084530
FIRE:  214 00:45:47  -131400.578125        0.496078
FIRE:  215 00:45:47  -131400.609375        0.467714
FIRE:  216 00:45:48  -131400.562500        0.412659
FIRE:  217 00:45:48  -131400.531250        0.334747
FIRE:  218 00:45:48  -131400.531250        0.239082
FIRE:  219 00:45:48  -131400.578125        0.132863
FIRE:  220 00:45:48  -131400.546875        0.059037
FIRE:  221 00:45:48  -131400.578125        0.075947
FIRE:  222 00:45:48  -131400.625000        0.161731
FIRE:  223 00:45:48  -131400.609375        0.223478
FIRE:  224 00:45:48  -131400.593750        0.249055
FIRE:  225 00:45:48  -131400.609375        0.228391
FIRE:  226 00:45:48  -131400.625000        0.156023
FIRE:  227 00:45:48  -131400.562500        0.058776
FIRE:  228 00:45:48  -131400.593750        0.099244
FIRE:  229 00:45:48  -131400.578125        0.192535
FIRE:  230 00:45:48  -131400.546875        0.190563
FIRE:  231 00:45:48  -131400.625000        0.075814
FIRE:  232 00:45:48  -131400.625000        0.095215
FIRE:  233 00:45:49  -131400.640625        0.169370
FIRE:  234 00:45:49  -131400.593750        0.059690
FIRE:  235 00:45:49  -131400.593750        0.145976
FIRE:  236 00:45:49  -131400.640625        0.120026
FIRE:  237 00:45:49  -131400.609375        0.134724
FIRE:  238 00:45:49  -131400.656250        0.060215
FIRE:  239 00:45:49  -131400.640625        0.211846
FIRE:  240 00:45:49  -131400.625000        0.197608
FIRE:  241 00:45:49  -131400.703125        0.196797
FIRE:  242 00:45:49  -131400.703125        0.323692
FIRE:  243 00:45:49  -131400.687500        0.893989
FIRE:  244 00:45:49  -131400.687500        2.395526
FIRE:  245 00:45:49  -131400.703125        0.094368
FIRE:  246 00:45:49  -131400.703125        0.069314
FIRE:  247 00:45:49  -131400.718750        0.056003
FIRE:  248 00:45:49  -131400.718750        0.055976
FIRE:  249 00:45:49  -131400.718750        0.060514
FIRE:  250 00:45:50  -131400.718750        0.069037
FIRE:  251 00:45:50  -131400.734375        0.055826
FIRE:  252 00:45:50  -131400.750000        0.055762
FIRE:  253 00:45:50  -131400.734375        0.055699
FIRE:  254 00:45:50  -131400.718750        0.056416
FIRE:  255 00:45:50  -131400.734375        0.055618
FIRE:  256 00:45:50  -131400.765625        0.055607
FIRE:  257 00:45:50  -131400.734375        0.055586
FIRE:  258 00:45:50  -131400.750000        0.055531
FIRE:  259 00:45:50  -131400.750000        0.055461
FIRE:  260 00:45:50  -131400.750000        0.055409
FIRE:  261 00:45:50  -131400.765625        0.055293
FIRE:  262 00:45:50  -131400.796875        0.059040
FIRE:  263 00:45:50  -131400.781250        0.070267
FIRE:  264 00:45:50  -131400.796875        0.139386
FIRE:  265 00:45:50  -131400.812500        0.369210
FIRE:  266 00:45:50  -131400.828125        1.007562
FIRE:  267 00:45:51  -131400.828125        0.054349
FIRE:  268 00:45:51  -131400.812500        0.949534
FIRE:  269 00:45:51  -131400.828125        0.694409
FIRE:  270 00:45:51  -131400.843750        0.270286
FIRE:  271 00:45:51  -131400.828125        0.216374
FIRE:  272 00:45:51  -131400.828125        0.202853
FIRE:  273 00:45:51  -131400.843750        0.176615
FIRE:  274 00:45:51  -131400.812500        0.139386
FIRE:  275 00:45:51  -131400.859375        0.093791
FIRE:  276 00:45:51  -131400.843750        0.052336
FIRE:  277 00:45:51  -131400.828125        0.052340
FIRE:  278 00:45:51  -131400.843750        0.052335
FIRE:  279 00:45:51  -131400.796875        0.088689
FIRE:  280 00:45:51  -131400.812500        0.111549
FIRE:  281 00:45:51  -131400.843750        0.114114
FIRE:  282 00:45:51  -131400.796875        0.091981
FIRE:  283 00:45:51  -131400.828125        0.052213
FIRE:  284 00:45:51  -131400.843750        0.052153
FIRE:  285 00:45:52  -131400.828125        0.072605
FIRE:  286 00:45:52  -131400.843750        0.092244
FIRE:  287 00:45:52  -131400.812500        0.059593
FIRE:  288 00:45:52  -131400.859375        0.051914
FIRE:  289 00:45:52  -131400.859375        0.076349
FIRE:  290 00:45:52  -131400.875000        0.055916
FIRE:  291 00:45:52  -131400.843750        0.051592
FIRE:  292 00:45:52  -131400.843750        0.072161
FIRE:  293 00:45:52  -131400.843750        0.051350
FIRE:  294 00:45:52  -131400.843750        0.061254
FIRE:  295 00:45:52  -131400.890625        0.075620
FIRE:  296 00:45:52  -131400.843750        0.050589
FIRE:  297 00:45:52  -131400.859375        0.050193
FIRE:  298 00:45:52  -131400.906250        0.073607
FIRE:  299 00:45:52  -131400.906250        0.257409
FIRE:  300 00:45:52  -131400.906250        0.819733
FIRE:  301 00:45:52  -131400.921875        0.048521
