      Step     Time          Energy          fmax
FIRE:    0 00:34:26   -88146.421875        7.928192
FIRE:    1 00:34:26   -88146.539062        7.736003
FIRE:    2 00:34:28   -88146.796875        5.624780
FIRE:    3 00:34:28   -88147.015625        2.035680
FIRE:    4 00:34:28   -88146.929688        7.035431
FIRE:    5 00:34:29   -88147.007812        5.845156
FIRE:    6 00:34:29   -88147.093750        3.837170
FIRE:    7 00:34:29   -88147.164062        1.604440
FIRE:    8 00:34:29   -88147.187500        1.983128
FIRE:    9 00:34:29   -88147.195312        3.147744
FIRE:   10 00:34:29   -88147.195312        3.090783
FIRE:   11 00:34:29   -88147.210938        2.978787
FIRE:   12 00:34:29   -88147.210938        2.816477
FIRE:   13 00:34:29   -88147.195312        2.611943
FIRE:   14 00:34:29   -88147.234375        2.378327
FIRE:   15 00:34:29   -88147.242188        2.135705
FIRE:   16 00:34:29   -88147.257812        1.912772
FIRE:   17 00:34:29   -88147.281250        1.730577
FIRE:   18 00:34:29   -88147.296875        1.648570
FIRE:   19 00:34:29   -88147.312500        1.694841
FIRE:   20 00:34:29   -88147.328125        1.816090
FIRE:   21 00:34:29   -88147.359375        1.906172
FIRE:   22 00:34:29   -88147.390625        1.875384
FIRE:   23 00:34:29   -88147.421875        1.710876
FIRE:   24 00:34:30   -88147.476562        1.538068
FIRE:   25 00:34:30   -88147.523438        1.567649
FIRE:   26 00:34:30   -88147.570312        1.741486
FIRE:   27 00:34:30   -88147.648438        1.749140
FIRE:   28 00:34:30   -88147.703125        1.429087
FIRE:   29 00:34:30   -88147.796875        1.096677
FIRE:   30 00:34:30   -88147.875000        1.191916
FIRE:   31 00:34:30   -88147.960938        0.927505
FIRE:   32 00:34:30   -88148.039062        1.047805
FIRE:   33 00:34:30   -88148.132812        1.140425
FIRE:   34 00:34:30   -88148.234375        0.656719
FIRE:   35 00:34:31   -88148.312500        0.682464
FIRE:   36 00:34:31   -88148.421875        1.184562
FIRE:   37 00:34:32   -88148.585938        0.382733
FIRE:   38 00:34:32   -88148.718750        0.702226
FIRE:   39 00:34:32   -88148.820312        2.339066
FIRE:   40 00:34:32   -88148.945312        3.140098
FIRE:   41 00:34:32   -88149.000000        0.506635
FIRE:   42 00:34:34   -88148.968750        2.173747
FIRE:   43 00:34:34   -88149.015625        1.806392
FIRE:   44 00:34:34   -88148.992188        1.111380
FIRE:   45 00:34:34   -88149.031250        0.265928
FIRE:   46 00:34:34   -88149.023438        0.936959
FIRE:   47 00:34:34   -88148.984375        0.895991
FIRE:   48 00:34:34   -88149.015625        0.817183
FIRE:   49 00:34:34   -88148.976562        0.706835
FIRE:   50 00:34:34   -88149.023438        0.575257
FIRE:   51 00:34:34   -88149.039062        0.438365
FIRE:   52 00:34:34   -88149.031250        0.322484
FIRE:   53 00:34:34   -88149.039062        0.267050
FIRE:   54 00:34:34   -88149.015625        0.293594
FIRE:   55 00:34:34   -88149.015625        0.412351
FIRE:   56 00:34:34   -88149.023438        0.482216
FIRE:   57 00:34:34   -88148.992188        0.483431
FIRE:   58 00:34:34   -88149.046875        0.402174
FIRE:   59 00:34:34   -88149.039062        0.274895
FIRE:   60 00:34:35   -88149.039062        0.310418
FIRE:   61 00:34:35   -88149.070312        0.438493
FIRE:   62 00:34:35   -88149.062500        0.491522
FIRE:   63 00:34:35   -88149.054688        0.395635
FIRE:   64 00:34:35   -88149.109375        0.277851
FIRE:   65 00:34:35   -88149.101562        0.378007
FIRE:   66 00:34:35   -88149.117188        0.304599
FIRE:   67 00:34:35   -88149.179688        0.368495
FIRE:   68 00:34:35   -88149.195312        0.451675
FIRE:   69 00:34:35   -88149.210938        0.279363
FIRE:   70 00:34:35   -88149.265625        0.357012
FIRE:   71 00:34:35   -88149.312500        0.433411
FIRE:   72 00:34:35   -88149.320312        0.312179
FIRE:   73 00:34:36   -88149.445312        0.333986
FIRE:   74 00:34:37   -88149.484375        0.375154
FIRE:   75 00:34:37   -88149.578125        0.978200
FIRE:   76 00:34:37   -88149.656250        2.981029
FIRE:   77 00:34:37   -88149.421875        7.591507
FIRE:   78 00:34:37   -88149.789062        1.058467
FIRE:   79 00:34:37   -88149.343750       12.397903
FIRE:   80 00:34:38   -88149.671875        6.556600
FIRE:   81 00:34:38   -88149.828125        0.519084
FIRE:   82 00:34:38   -88149.828125        0.519008
FIRE:   83 00:34:38   -88149.828125        0.518883
FIRE:   84 00:34:38   -88149.796875        0.518764
FIRE:   85 00:34:38   -88149.843750        0.518725
FIRE:   86 00:34:38   -88149.804688        0.518841
FIRE:   87 00:34:38   -88149.843750        0.519186
FIRE:   88 00:34:38   -88149.835938        0.519804
FIRE:   89 00:34:38   -88149.804688        0.520817
FIRE:   90 00:34:38   -88149.843750        0.522307
FIRE:   91 00:34:38   -88149.843750        0.524320
FIRE:   92 00:34:38   -88149.820312        0.526871
FIRE:   93 00:34:38   -88149.851562        0.529981
FIRE:   94 00:34:38   -88149.859375        0.533763
FIRE:   95 00:34:38   -88149.867188        0.538470
FIRE:   96 00:34:38   -88149.882812        0.544413
FIRE:   97 00:34:38   -88149.890625        0.551548
FIRE:   98 00:34:38   -88149.906250        0.559203
FIRE:   99 00:34:38   -88149.929688        0.566593
FIRE:  100 00:34:39   -88149.945312        0.573721
FIRE:  101 00:34:39   -88149.992188        0.580552
FIRE:  102 00:34:39   -88150.023438        0.585348
FIRE:  103 00:34:39   -88150.070312        0.584198
FIRE:  104 00:34:39   -88150.117188        0.573524
FIRE:  105 00:34:39   -88150.187500        0.547786
FIRE:  106 00:34:39   -88150.250000        0.498688
FIRE:  107 00:34:39   -88150.343750        0.409871
FIRE:  108 00:34:39   -88150.421875        0.289843
FIRE:  109 00:34:39   -88150.492188        0.946121
FIRE:  110 00:34:39   -88150.531250        4.004518
FIRE:  111 00:34:39   -88150.617188        0.595264
FIRE:  112 00:34:39   -88150.609375        0.435536
FIRE:  113 00:34:39   -88150.617188        0.283843
FIRE:  114 00:34:39   -88150.617188        0.269193
FIRE:  115 00:34:39   -88150.617188        0.416562
FIRE:  116 00:34:39   -88150.625000        0.407539
FIRE:  117 00:34:40   -88150.625000        0.246316
FIRE:  118 00:34:40   -88150.632812        0.246222
FIRE:  119 00:34:40   -88150.640625        0.357500
FIRE:  120 00:34:40   -88150.640625        0.362496
FIRE:  121 00:34:40   -88150.656250        0.239307
FIRE:  122 00:34:40   -88150.656250        0.306777
FIRE:  123 00:34:40   -88150.664062        0.246444
FIRE:  124 00:34:40   -88150.648438        0.293469
FIRE:  125 00:34:40   -88150.656250        0.265036
FIRE:  126 00:34:40   -88150.664062        0.352229
FIRE:  127 00:34:40   -88150.710938        0.217271
FIRE:  128 00:34:40   -88150.703125        0.232684
FIRE:  129 00:34:40   -88150.734375        0.482637
FIRE:  130 00:34:40   -88150.750000        1.037663
FIRE:  131 00:34:40   -88150.765625        2.354001
FIRE:  132 00:34:40   -88150.796875        0.341700
FIRE:  133 00:34:40   -88150.773438        2.295060
FIRE:  134 00:34:40   -88150.781250        1.694477
FIRE:  135 00:34:41   -88150.796875        0.708478
FIRE:  136 00:34:41   -88150.789062        0.487345
FIRE:  137 00:34:41   -88150.796875        0.462683
FIRE:  138 00:34:41   -88150.796875        0.415021
FIRE:  139 00:34:41   -88150.796875        0.347618
FIRE:  140 00:34:41   -88150.804688        0.266541
FIRE:  141 00:34:41   -88150.796875        0.182036
FIRE:  142 00:34:41   -88150.789062        0.158856
FIRE:  143 00:34:41   -88150.820312        0.197030
FIRE:  144 00:34:41   -88150.789062        0.252755
FIRE:  145 00:34:41   -88150.789062        0.297218
FIRE:  146 00:34:41   -88150.789062        0.311366
FIRE:  147 00:34:41   -88150.820312        0.284545
FIRE:  148 00:34:41   -88150.796875        0.220479
FIRE:  149 00:34:41   -88150.820312        0.159833
FIRE:  150 00:34:41   -88150.804688        0.191346
FIRE:  151 00:34:41   -88150.812500        0.244296
FIRE:  152 00:34:42   -88150.804688        0.211119
FIRE:  153 00:34:42   -88150.812500        0.157268
FIRE:  154 00:34:42   -88150.812500        0.227276
FIRE:  155 00:34:42   -88150.828125        0.229379
FIRE:  156 00:34:42   -88150.835938        0.154147
FIRE:  157 00:34:42   -88150.828125        0.219416
FIRE:  158 00:34:42   -88150.835938        0.153493
FIRE:  159 00:34:42   -88150.851562        0.230887
FIRE:  160 00:34:42   -88150.851562        0.167985
FIRE:  161 00:34:42   -88150.875000        0.153060
FIRE:  162 00:34:42   -88150.898438        0.235706
FIRE:  163 00:34:42   -88150.906250        0.478219
FIRE:  164 00:34:42   -88150.929688        0.920000
FIRE:  165 00:34:42   -88150.937500        2.165193
FIRE:  166 00:34:42   -88150.953125        0.204172
FIRE:  167 00:34:42   -88150.945312        2.181006
FIRE:  168 00:34:43   -88150.968750        1.579603
FIRE:  169 00:34:43   -88150.960938        0.595793
FIRE:  170 00:34:43   -88150.945312        0.508331
FIRE:  171 00:34:43   -88150.960938        0.479354
FIRE:  172 00:34:43   -88150.953125        0.423301
FIRE:  173 00:34:43   -88150.953125        0.344124
FIRE:  174 00:34:43   -88150.960938        0.248834
FIRE:  175 00:34:43   -88150.960938        0.151851
FIRE:  176 00:34:43   -88150.945312        0.112034
FIRE:  177 00:34:43   -88150.960938        0.161462
FIRE:  178 00:34:43   -88150.968750        0.232237
FIRE:  179 00:34:43   -88150.960938        0.282595
FIRE:  180 00:34:43   -88150.968750        0.293272
FIRE:  181 00:34:43   -88150.976562        0.254041
FIRE:  182 00:34:43   -88150.968750        0.170088
FIRE:  183 00:34:43   -88150.968750        0.109073
FIRE:  184 00:34:43   -88150.968750        0.183700
FIRE:  185 00:34:44   -88150.960938        0.237334
FIRE:  186 00:34:44   -88150.960938        0.191435
FIRE:  187 00:34:44   -88150.968750        0.105301
FIRE:  188 00:34:44   -88150.976562        0.195580
FIRE:  189 00:34:44   -88150.976562        0.189325
FIRE:  190 00:34:44   -88151.000000        0.108798
FIRE:  191 00:34:44   -88150.992188        0.206484
FIRE:  192 00:34:44   -88151.007812        0.093187
FIRE:  193 00:34:44   -88151.015625        0.198048
FIRE:  194 00:34:44   -88150.992188        0.148954
FIRE:  195 00:34:44   -88151.031250        0.103494
FIRE:  196 00:34:44   -88151.031250        0.206575
FIRE:  197 00:34:44   -88151.031250        0.475070
FIRE:  198 00:34:44   -88151.046875        0.958525
FIRE:  199 00:34:44   -88151.046875        2.188655
FIRE:  200 00:34:44   -88151.070312        0.107968
FIRE:  201 00:34:44   -88151.054688        2.270190
FIRE:  202 00:34:45   -88151.070312        1.612983
FIRE:  203 00:34:45   -88151.070312        0.543658
FIRE:  204 00:34:45   -88151.093750        0.601566
FIRE:  205 00:34:45   -88151.070312        0.564631
FIRE:  206 00:34:45   -88151.078125        0.493090
FIRE:  207 00:34:45   -88151.078125        0.391244
FIRE:  208 00:34:45   -88151.078125        0.266618
FIRE:  209 00:34:45   -88151.078125        0.133298
FIRE:  210 00:34:45   -88151.078125        0.073326
FIRE:  211 00:34:45   -88151.078125        0.169826
FIRE:  212 00:34:45   -88151.078125        0.266551
FIRE:  213 00:34:45   -88151.078125        0.326208
FIRE:  214 00:34:45   -88151.078125        0.332378
FIRE:  215 00:34:45   -88151.078125        0.274555
FIRE:  216 00:34:45   -88151.070312        0.155675
FIRE:  217 00:34:45   -88151.101562        0.073538
FIRE:  218 00:34:45   -88151.078125        0.200149
FIRE:  219 00:34:46   -88151.070312        0.265977
FIRE:  220 00:34:46   -88151.078125        0.204047
FIRE:  221 00:34:46   -88151.085938        0.065290
FIRE:  222 00:34:46   -88151.078125        0.202105
FIRE:  223 00:34:46   -88151.085938        0.201685
FIRE:  224 00:34:46   -88151.085938        0.075268
FIRE:  225 00:34:46   -88151.085938        0.220573
FIRE:  226 00:34:46   -88151.093750        0.069763
FIRE:  227 00:34:46   -88151.101562        0.226717
FIRE:  228 00:34:46   -88151.109375        0.106573
FIRE:  229 00:34:46   -88151.101562        0.133600
FIRE:  230 00:34:46   -88151.125000        0.308911
FIRE:  231 00:34:46   -88151.148438        0.528598
FIRE:  232 00:34:46   -88151.132812        0.969410
FIRE:  233 00:34:46   -88151.132812        0.089313
FIRE:  234 00:34:46   -88151.140625        0.783497
FIRE:  235 00:34:46   -88151.125000        0.619489
FIRE:  236 00:34:47   -88151.140625        0.323537
FIRE:  237 00:34:47   -88151.140625        0.071667
FIRE:  238 00:34:47   -88151.140625        0.381787
FIRE:  239 00:34:47   -88151.140625        0.360659
FIRE:  240 00:34:47   -88151.140625        0.319621
FIRE:  241 00:34:47   -88151.132812        0.261390
FIRE:  242 00:34:47   -88151.140625        0.189629
FIRE:  243 00:34:47   -88151.140625        0.109619
FIRE:  244 00:34:47   -88151.148438        0.052314
FIRE:  245 00:34:47   -88151.140625        0.083464
FIRE:  246 00:34:47   -88151.148438        0.142387
FIRE:  247 00:34:47   -88151.148438        0.188610
FIRE:  248 00:34:47   -88151.164062        0.209227
FIRE:  249 00:34:47   -88151.140625        0.195767
FIRE:  250 00:34:47   -88151.148438        0.144724
FIRE:  251 00:34:47   -88151.164062        0.068655
FIRE:  252 00:34:47   -88151.148438        0.076967
FIRE:  253 00:34:48   -88151.140625        0.149703
FIRE:  254 00:34:48   -88151.148438        0.152783
FIRE:  255 00:34:48   -88151.164062        0.071758
FIRE:  256 00:34:48   -88151.132812        0.093682
FIRE:  257 00:34:48   -88151.148438        0.151515
FIRE:  258 00:34:48   -88151.156250        0.081391
FIRE:  259 00:34:48   -88151.148438        0.109930
FIRE:  260 00:34:48   -88151.148438        0.103095
FIRE:  261 00:34:48   -88151.148438        0.117301
FIRE:  262 00:34:48   -88151.156250        0.083666
FIRE:  263 00:34:48   -88151.171875        0.163655
FIRE:  264 00:34:48   -88151.179688        0.153682
FIRE:  265 00:34:48   -88151.187500        0.126807
FIRE:  266 00:34:48   -88151.187500        0.219219
FIRE:  267 00:34:48   -88151.203125        0.607093
FIRE:  268 00:34:48   -88151.195312        1.737508
FIRE:  269 00:34:49   -88151.210938        0.111723
FIRE:  270 00:34:49   -88151.218750        0.082737
FIRE:  271 00:34:49   -88151.210938        0.048110
