      Step     Time          Energy          fmax
FIRE:    0 03:01:09  -163078.968750        4.414383
FIRE:    1 03:01:10  -163080.140625        3.961524
FIRE:    2 03:01:12  -163080.828125        2.550238
FIRE:    3 03:01:12  -163081.375000        1.367692
FIRE:    4 03:01:12  -163081.328125        4.578960
FIRE:    5 03:01:12  -163081.500000        3.918215
FIRE:    6 03:01:12  -163081.765625        2.813941
FIRE:    7 03:01:12  -163082.015625        1.564066
FIRE:    8 03:01:12  -163082.109375        0.657476
FIRE:    9 03:01:13  -163082.125000        1.210586
FIRE:   10 03:01:13  -163082.125000        1.187873
FIRE:   11 03:01:13  -163082.265625        1.142812
FIRE:   12 03:01:13  -163082.140625        1.076286
FIRE:   13 03:01:13  -163082.156250        0.989698
FIRE:   14 03:01:13  -163082.187500        0.885355
FIRE:   15 03:01:13  -163082.203125        0.795338
FIRE:   16 03:01:13  -163082.218750        0.713456
FIRE:   17 03:01:13  -163082.250000        0.631335
FIRE:   18 03:01:13  -163082.265625        0.565961
FIRE:   19 03:01:13  -163082.453125        0.540171
FIRE:   20 03:01:13  -163082.343750        0.578903
FIRE:   21 03:01:13  -163082.359375        0.693346
FIRE:   22 03:01:13  -163082.406250        0.758006
FIRE:   23 03:01:13  -163082.484375        0.747545
FIRE:   24 03:01:13  -163082.375000        0.646373
FIRE:   25 03:01:13  -163082.609375        0.460311
FIRE:   26 03:01:13  -163082.703125        0.359619
FIRE:   27 03:01:13  -163082.796875        0.433677
FIRE:   28 03:01:13  -163083.046875        0.499555
FIRE:   29 03:01:15  -163082.859375        0.431851
FIRE:   30 03:01:15  -163083.015625        0.214225
FIRE:   31 03:01:15  -163083.156250        0.397648
FIRE:   32 03:01:15  -163083.375000        0.387315
FIRE:   33 03:01:17  -163083.859375        0.192513
FIRE:   34 03:01:17  -163084.000000        0.312487
FIRE:   35 03:01:17  -163084.125000        0.407065
FIRE:   36 03:01:17  -163083.828125        0.750978
FIRE:   37 03:01:17  -163083.906250        1.200813
FIRE:   38 03:01:17  -163084.156250        1.682959
FIRE:   39 03:01:17  -163084.218750        2.130300
FIRE:   40 03:01:17  -163084.265625        1.152615
FIRE:   41 03:01:17  -163084.265625        0.720308
FIRE:   42 03:01:17  -163084.281250        0.166673
FIRE:   43 03:01:17  -163084.281250        0.632271
FIRE:   44 03:01:17  -163084.281250        0.571742
FIRE:   45 03:01:17  -163084.281250        0.456782
FIRE:   46 03:01:17  -163084.281250        0.299524
FIRE:   47 03:01:17  -163084.296875        0.144661
FIRE:   48 03:01:17  -163084.281250        0.142725
FIRE:   49 03:01:17  -163084.281250        0.216699
FIRE:   50 03:01:17  -163084.250000        0.319309
FIRE:   51 03:01:17  -163084.140625        0.363517
FIRE:   52 03:01:17  -163084.296875        0.330397
FIRE:   53 03:01:18  -163084.296875        0.211333
FIRE:   54 03:01:18  -163084.312500        0.135112
FIRE:   55 03:01:18  -163084.296875        0.177934
FIRE:   56 03:01:18  -163084.312500        0.283812
FIRE:   57 03:01:18  -163084.328125        0.220910
FIRE:   58 03:01:18  -163084.359375        0.137149
FIRE:   59 03:01:18  -163084.359375        0.233622
FIRE:   60 03:01:18  -163084.375000        0.212516
FIRE:   61 03:01:18  -163084.375000        0.140685
FIRE:   62 03:01:18  -163084.296875        0.239718
FIRE:   63 03:01:18  -163084.437500        0.139715
FIRE:   64 03:01:18  -163084.468750        0.209041
FIRE:   65 03:01:18  -163084.718750        0.267748
FIRE:   66 03:01:18  -163084.343750        0.187831
FIRE:   67 03:01:18  -163084.609375        0.286640
FIRE:   68 03:01:18  -163084.671875        0.746512
FIRE:   69 03:01:18  -163084.703125        1.999449
FIRE:   70 03:01:18  -163084.750000        0.141875
FIRE:   71 03:01:19  -163084.718750        1.873427
FIRE:   72 03:01:19  -163084.734375        1.393418
FIRE:   73 03:01:19  -163084.890625        0.575944
FIRE:   74 03:01:19  -163084.906250        0.361417
FIRE:   75 03:01:19  -163084.750000        0.340367
FIRE:   76 03:01:19  -163084.750000        0.299522
FIRE:   77 03:01:19  -163084.750000        0.241576
FIRE:   78 03:01:19  -163084.890625        0.170748
FIRE:   79 03:01:19  -163084.750000        0.142965
FIRE:   80 03:01:19  -163084.906250        0.143009
FIRE:   81 03:01:19  -163084.718750        0.143073
FIRE:   82 03:01:19  -163084.718750        0.143133
FIRE:   83 03:01:19  -163084.765625        0.178447
FIRE:   84 03:01:19  -163084.765625        0.189652
FIRE:   85 03:01:19  -163084.921875        0.161798
FIRE:   86 03:01:19  -163084.765625        0.143494
FIRE:   87 03:01:19  -163084.765625        0.143612
FIRE:   88 03:01:20  -163084.906250        0.143721
FIRE:   89 03:01:20  -163084.921875        0.147978
FIRE:   90 03:01:20  -163084.937500        0.143904
FIRE:   91 03:01:20  -163084.953125        0.143946
FIRE:   92 03:01:20  -163084.937500        0.143932
FIRE:   93 03:01:20  -163084.953125        0.143821
FIRE:   94 03:01:20  -163084.984375        0.143665
FIRE:   95 03:01:20  -163085.078125        0.143531
FIRE:   96 03:01:20  -163085.000000        0.143563
FIRE:   97 03:01:20  -163084.843750        0.143867
FIRE:   98 03:01:20  -163084.906250        0.144432
FIRE:   99 03:01:20  -163084.906250        0.145323
FIRE:  100 03:01:20  -163085.140625        0.146650
FIRE:  101 03:01:20  -163085.187500        0.179639
FIRE:  102 03:01:20  -163085.359375        0.582766
FIRE:  103 03:01:20  -163085.375000        1.800235
FIRE:  104 03:01:20  -163085.421875        0.147049
FIRE:  105 03:01:21  -163085.390625        1.701563
FIRE:  106 03:01:21  -163085.421875        1.251423
FIRE:  107 03:01:21  -163085.437500        0.487417
FIRE:  108 03:01:21  -163085.312500        0.380111
FIRE:  109 03:01:21  -163085.312500        0.356948
FIRE:  110 03:01:21  -163085.328125        0.312083
FIRE:  111 03:01:21  -163085.312500        0.248570
FIRE:  112 03:01:21  -163085.437500        0.171116
FIRE:  113 03:01:21  -163085.437500        0.149409
FIRE:  114 03:01:21  -163085.437500        0.149589
FIRE:  115 03:01:21  -163085.437500        0.149795
FIRE:  116 03:01:21  -163085.437500        0.151803
FIRE:  117 03:01:21  -163085.421875        0.192437
FIRE:  118 03:01:21  -163085.421875        0.198506
FIRE:  119 03:01:21  -163085.421875        0.161994
FIRE:  120 03:01:21  -163085.437500        0.151720
FIRE:  121 03:01:21  -163085.453125        0.152366
FIRE:  122 03:01:22  -163085.453125        0.153165
FIRE:  123 03:01:22  -163085.453125        0.156813
FIRE:  124 03:01:22  -163085.468750        0.155360
FIRE:  125 03:01:22  -163085.359375        0.156871
FIRE:  126 03:01:22  -163085.468750        0.158719
FIRE:  127 03:01:22  -163085.375000        0.160894
FIRE:  128 03:01:22  -163085.500000        0.163478
FIRE:  129 03:01:22  -163085.390625        0.166555
FIRE:  130 03:01:22  -163085.406250        0.170194
FIRE:  131 03:01:22  -163085.453125        0.174395
FIRE:  132 03:01:22  -163085.593750        0.179197
FIRE:  133 03:01:22  -163085.609375        0.184690
FIRE:  134 03:01:22  -163085.656250        0.189714
FIRE:  135 03:01:22  -163085.703125        0.194205
FIRE:  136 03:01:22  -163085.656250        0.197190
FIRE:  137 03:01:22  -163085.843750        0.872716
FIRE:  138 03:01:22  -163085.656250        3.325764
FIRE:  139 03:01:23  -163085.796875        0.825737
FIRE:  140 03:01:23  -163085.796875        0.555529
FIRE:  141 03:01:23  -163085.812500        0.164289
FIRE:  142 03:01:23  -163085.796875        0.368955
FIRE:  143 03:01:23  -163085.796875        0.340545
FIRE:  144 03:01:23  -163085.796875        0.286100
FIRE:  145 03:01:23  -163085.812500        0.210137
FIRE:  146 03:01:23  -163085.812500        0.162997
FIRE:  147 03:01:23  -163085.812500        0.162753
FIRE:  148 03:01:23  -163085.812500        0.162457
FIRE:  149 03:01:23  -163085.796875        0.162116
FIRE:  150 03:01:23  -163085.796875        0.189515
FIRE:  151 03:01:23  -163085.796875        0.199576
FIRE:  152 03:01:23  -163085.796875        0.166360
FIRE:  153 03:01:23  -163085.812500        0.159818
FIRE:  154 03:01:23  -163085.828125        0.158904
FIRE:  155 03:01:23  -163085.828125        0.157775
FIRE:  156 03:01:24  -163085.828125        0.158028
FIRE:  157 03:01:24  -163085.812500        0.154683
FIRE:  158 03:01:24  -163085.843750        0.152538
FIRE:  159 03:01:24  -163085.828125        0.149860
FIRE:  160 03:01:24  -163085.953125        0.146529
FIRE:  161 03:01:24  -163085.968750        0.142363
FIRE:  162 03:01:24  -163085.984375        0.137155
FIRE:  163 03:01:24  -163085.984375        0.130685
FIRE:  164 03:01:24  -163086.000000        0.122606
FIRE:  165 03:01:24  -163086.031250        0.162037
FIRE:  166 03:01:24  -163086.046875        0.146624
FIRE:  167 03:01:24  -163086.062500        0.158585
FIRE:  168 03:01:24  -163086.093750        0.322479
FIRE:  169 03:01:24  -163086.125000        0.882347
FIRE:  170 03:01:24  -163086.109375        2.568544
FIRE:  171 03:01:24  -163086.156250        0.321884
FIRE:  172 03:01:24  -163086.156250        0.239920
FIRE:  173 03:01:25  -163086.140625        0.099456
FIRE:  174 03:01:25  -163086.156250        0.074253
FIRE:  175 03:01:25  -163086.156250        0.187659
FIRE:  176 03:01:25  -163086.156250        0.224779
FIRE:  177 03:01:25  -163086.171875        0.178369
FIRE:  178 03:01:25  -163086.171875        0.075616
FIRE:  179 03:01:25  -163086.171875        0.091413
FIRE:  180 03:01:25  -163086.171875        0.170482
FIRE:  181 03:01:25  -163086.171875        0.130600
FIRE:  182 03:01:25  -163086.171875        0.073154
FIRE:  183 03:01:25  -163086.187500        0.149926
FIRE:  184 03:01:25  -163086.187500        0.073130
FIRE:  185 03:01:25  -163086.187500        0.136129
FIRE:  186 03:01:25  -163086.203125        0.072667
FIRE:  187 03:01:25  -163086.203125        0.169369
FIRE:  188 03:01:25  -163086.218750        0.097867
FIRE:  189 03:01:25  -163086.234375        0.068836
FIRE:  190 03:01:26  -163086.250000        0.134267
FIRE:  191 03:01:26  -163086.156250        0.420936
FIRE:  192 03:01:26  -163086.156250        1.203467
FIRE:  193 03:01:26  -163086.171875        0.059636
FIRE:  194 03:01:26  -163086.156250        1.053610
FIRE:  195 03:01:26  -163086.171875        0.801438
FIRE:  196 03:01:26  -163086.187500        0.353904
FIRE:  197 03:01:26  -163086.171875        0.187738
FIRE:  198 03:01:26  -163086.171875        0.176230
FIRE:  199 03:01:26  -163086.171875        0.154026
FIRE:  200 03:01:26  -163086.187500        0.122615
FIRE:  201 03:01:26  -163086.171875        0.084564
FIRE:  202 03:01:26  -163086.187500        0.059001
FIRE:  203 03:01:26  -163086.171875        0.059002
FIRE:  204 03:01:26  -163086.187500        0.059017
FIRE:  205 03:01:26  -163086.187500        0.077388
FIRE:  206 03:01:26  -163086.171875        0.098127
FIRE:  207 03:01:27  -163086.187500        0.102185
FIRE:  208 03:01:27  -163086.171875        0.085181
FIRE:  209 03:01:27  -163086.187500        0.058938
FIRE:  210 03:01:27  -163086.171875        0.058900
FIRE:  211 03:01:27  -163086.171875        0.062868
FIRE:  212 03:01:27  -163086.171875        0.081502
FIRE:  213 03:01:27  -163086.171875        0.058749
FIRE:  214 03:01:27  -163086.187500        0.058721
FIRE:  215 03:01:27  -163086.203125        0.069878
FIRE:  216 03:01:27  -163086.203125        0.058669
FIRE:  217 03:01:27  -163086.203125        0.058578
FIRE:  218 03:01:27  -163086.218750        0.065989
FIRE:  219 03:01:27  -163086.218750        0.058345
FIRE:  220 03:01:27  -163086.203125        0.060397
FIRE:  221 03:01:27  -163086.218750        0.066365
FIRE:  222 03:01:27  -163086.234375        0.057399
FIRE:  223 03:01:27  -163086.234375        0.056748
FIRE:  224 03:01:28  -163086.250000        0.055962
FIRE:  225 03:01:28  -163086.296875        0.169737
FIRE:  226 03:01:28  -163086.312500        0.691912
FIRE:  227 03:01:28  -163086.265625        2.420921
FIRE:  228 03:01:28  -163086.312500        0.494403
FIRE:  229 03:01:28  -163086.328125        0.339891
FIRE:  230 03:01:28  -163086.328125        0.084024
FIRE:  231 03:01:28  -163086.328125        0.200429
FIRE:  232 03:01:28  -163086.328125        0.185564
FIRE:  233 03:01:28  -163086.328125        0.157000
FIRE:  234 03:01:28  -163086.328125        0.117157
FIRE:  235 03:01:28  -163086.328125        0.069733
FIRE:  236 03:01:28  -163086.328125        0.050905
FIRE:  237 03:01:28  -163086.328125        0.050870
FIRE:  238 03:01:28  -163086.328125        0.072637
FIRE:  239 03:01:28  -163086.328125        0.098697
FIRE:  240 03:01:28  -163086.328125        0.107042
FIRE:  241 03:01:29  -163086.343750        0.092550
FIRE:  242 03:01:29  -163086.328125        0.054378
FIRE:  243 03:01:29  -163086.328125        0.050652
FIRE:  244 03:01:29  -163086.328125        0.063503
FIRE:  245 03:01:29  -163086.328125        0.086707
FIRE:  246 03:01:29  -163086.328125        0.060888
FIRE:  247 03:01:29  -163086.328125        0.050582
FIRE:  248 03:01:29  -163086.328125        0.071718
FIRE:  249 03:01:29  -163086.343750        0.055087
FIRE:  250 03:01:29  -163086.359375        0.050741
FIRE:  251 03:01:29  -163086.343750        0.069410
FIRE:  252 03:01:29  -163086.343750        0.050829
FIRE:  253 03:01:29  -163086.359375        0.057426
FIRE:  254 03:01:29  -163086.375000        0.078820
FIRE:  255 03:01:29  -163086.390625        0.050379
FIRE:  256 03:01:29  -163086.390625        0.049831
