      Step     Time          Energy          fmax
FIRE:    0 03:16:32   -79672.976562        7.293552
FIRE:    1 03:16:33   -79673.601562        7.191502
FIRE:    2 03:16:35   -79673.875000        4.863469
FIRE:    3 03:16:35   -79674.218750        1.945111
FIRE:    4 03:16:35   -79674.328125        7.090550
FIRE:    5 03:16:36   -79674.414062        5.790178
FIRE:    6 03:16:36   -79674.523438        3.614352
FIRE:    7 03:16:36   -79674.632812        1.535072
FIRE:    8 03:16:36   -79674.710938        1.478909
FIRE:    9 03:16:36   -79674.781250        2.658144
FIRE:   10 03:16:36   -79674.859375        3.472983
FIRE:   11 03:16:36   -79674.992188        3.643719
FIRE:   12 03:16:37   -79675.156250        3.131974
FIRE:   13 03:16:37   -79675.359375        1.808696
FIRE:   14 03:16:37   -79675.625000        0.952123
FIRE:   15 03:16:37   -79675.843750        2.717240
FIRE:   16 03:16:37   -79676.117188        3.266483
FIRE:   17 03:16:37   -79676.421875        1.384899
FIRE:   18 03:16:37   -79676.765625        1.634550
FIRE:   19 03:16:37   -79677.148438        2.635436
FIRE:   20 03:16:37   -79677.617188        0.922910
FIRE:   21 03:16:37   -79678.132812        2.729399
FIRE:   22 03:16:37   -79678.718750        1.203253
FIRE:   23 03:16:37   -79679.234375        2.475068
FIRE:   24 03:16:39   -79679.882812        0.998130
FIRE:   25 03:16:39   -79680.398438        2.818927
FIRE:   26 03:16:39   -79680.953125        0.519837
FIRE:   27 03:16:39   -79681.406250        1.975362
FIRE:   28 03:16:39   -79681.875000        0.994771
FIRE:   29 03:16:39   -79682.296875        0.962199
FIRE:   30 03:16:39   -79682.679688        1.681947
FIRE:   31 03:16:39   -79683.062500        0.452238
FIRE:   32 03:16:39   -79683.421875        0.987814
FIRE:   33 03:16:39   -79683.742188        1.588151
FIRE:   34 03:16:39   -79684.054688        0.844582
FIRE:   35 03:16:39   -79684.359375        0.290863
FIRE:   36 03:16:39   -79684.593750        0.849136
FIRE:   37 03:16:39   -79684.851562        1.433734
FIRE:   38 03:16:39   -79685.093750        1.675448
FIRE:   39 03:16:39   -79685.343750        1.363047
FIRE:   40 03:16:39   -79685.585938        1.245492
FIRE:   41 03:16:40   -79685.812500        1.411544
FIRE:   42 03:16:40   -79686.031250        2.050444
FIRE:   43 03:16:40   -79686.242188        2.876008
FIRE:   44 03:16:40   -79686.390625        3.779257
FIRE:   45 03:16:40   -79681.359375       57.214413
FIRE:   46 03:16:40   -79686.414062        4.378178
FIRE:   47 03:16:40   -79686.546875        0.266659
FIRE:   48 03:16:40   -79686.453125        5.269942
FIRE:   49 03:16:40   -79686.523438        3.398063
FIRE:   50 03:16:40   -79686.570312        0.692602
FIRE:   51 03:16:40   -79686.562500        1.787065
FIRE:   52 03:16:40   -79686.554688        1.675704
FIRE:   53 03:16:40   -79686.570312        1.457664
FIRE:   54 03:16:40   -79686.578125        1.143370
FIRE:   55 03:16:40   -79686.585938        0.756218
FIRE:   56 03:16:40   -79686.570312        0.348061
FIRE:   57 03:16:40   -79686.593750        0.263755
FIRE:   58 03:16:40   -79686.593750        0.597499
FIRE:   59 03:16:40   -79686.593750        0.895441
FIRE:   60 03:16:41   -79686.593750        1.053796
FIRE:   61 03:16:41   -79686.593750        1.013991
FIRE:   62 03:16:41   -79686.617188        0.749544
FIRE:   63 03:16:41   -79686.632812        0.319041
FIRE:   64 03:16:41   -79686.640625        0.367035
FIRE:   65 03:16:41   -79686.656250        0.726583
FIRE:   66 03:16:41   -79686.664062        0.764948
FIRE:   67 03:16:41   -79686.687500        0.395361
FIRE:   68 03:16:41   -79686.726562        0.406821
FIRE:   69 03:16:41   -79686.757812        0.744273
FIRE:   70 03:16:41   -79686.796875        0.346860
FIRE:   71 03:16:41   -79686.843750        0.572117
FIRE:   72 03:16:41   -79686.890625        0.506200
FIRE:   73 03:16:41   -79686.968750        0.601615
FIRE:   74 03:16:41   -79687.039062        0.300680
FIRE:   75 03:16:41   -79687.140625        0.825063
FIRE:   76 03:16:41   -79687.242188        0.827280
FIRE:   77 03:16:41   -79687.375000        0.878823
FIRE:   78 03:16:41   -79687.515625        1.535443
FIRE:   79 03:16:42   -79687.601562        3.603296
FIRE:   80 03:16:42   -79687.687500        0.601434
FIRE:   81 03:16:42   -79687.632812        3.717098
FIRE:   82 03:16:42   -79687.656250        2.651533
FIRE:   83 03:16:42   -79687.695312        0.968502
FIRE:   84 03:16:42   -79687.687500        0.820178
FIRE:   85 03:16:42   -79687.703125        0.774346
FIRE:   86 03:16:42   -79687.695312        0.684827
FIRE:   87 03:16:42   -79687.695312        0.556823
FIRE:   88 03:16:42   -79687.703125        0.400516
FIRE:   89 03:16:42   -79687.695312        0.254993
FIRE:   90 03:16:42   -79687.710938        0.205584
FIRE:   91 03:16:42   -79687.703125        0.250027
FIRE:   92 03:16:42   -79687.703125        0.367274
FIRE:   93 03:16:42   -79687.710938        0.458504
FIRE:   94 03:16:42   -79687.710938        0.485530
FIRE:   95 03:16:42   -79687.718750        0.427637
FIRE:   96 03:16:42   -79687.718750        0.291671
FIRE:   97 03:16:43   -79687.726562        0.206206
FIRE:   98 03:16:43   -79687.742188        0.278582
FIRE:   99 03:16:43   -79687.757812        0.362247
FIRE:  100 03:16:43   -79687.765625        0.292601
FIRE:  101 03:16:43   -79687.781250        0.206824
FIRE:  102 03:16:43   -79687.804688        0.336161
FIRE:  103 03:16:43   -79687.828125        0.319799
FIRE:  104 03:16:43   -79687.859375        0.206855
FIRE:  105 03:16:43   -79687.890625        0.316838
FIRE:  106 03:16:43   -79687.968750        0.205381
FIRE:  107 03:16:43   -79687.976562        0.346131
FIRE:  108 03:16:43   -79688.078125        0.267538
FIRE:  109 03:16:43   -79688.148438        0.200602
FIRE:  110 03:16:43   -79688.242188        0.314396
FIRE:  111 03:16:43   -79688.343750        0.689119
FIRE:  112 03:16:43   -79688.453125        1.876202
FIRE:  113 03:16:43   -79688.500000        4.430363
FIRE:  114 03:16:43   -79688.617188        0.728748
FIRE:  115 03:16:43   -79688.531250        4.980941
FIRE:  116 03:16:44   -79688.585938        3.417637
FIRE:  117 03:16:44   -79688.625000        1.046704
FIRE:  118 03:16:44   -79688.625000        1.315010
FIRE:  119 03:16:44   -79688.617188        1.240081
FIRE:  120 03:16:44   -79688.625000        1.093876
FIRE:  121 03:16:44   -79688.632812        0.883239
FIRE:  122 03:16:44   -79688.632812        0.619614
FIRE:  123 03:16:44   -79688.640625        0.320344
FIRE:  124 03:16:44   -79688.632812        0.189353
FIRE:  125 03:16:44   -79688.632812        0.363849
FIRE:  126 03:16:44   -79688.640625        0.586350
FIRE:  127 03:16:44   -79688.640625        0.736340
FIRE:  128 03:16:44   -79688.648438        0.767422
FIRE:  129 03:16:44   -79688.648438        0.651731
FIRE:  130 03:16:44   -79688.648438        0.395320
FIRE:  131 03:16:44   -79688.664062        0.190499
FIRE:  132 03:16:44   -79688.671875        0.419394
FIRE:  133 03:16:44   -79688.679688        0.578099
FIRE:  134 03:16:45   -79688.687500        0.444627
FIRE:  135 03:16:45   -79688.695312        0.191653
FIRE:  136 03:16:45   -79688.710938        0.486435
FIRE:  137 03:16:45   -79688.687500        0.479577
FIRE:  138 03:16:45   -79688.750000        0.193978
FIRE:  139 03:16:45   -79688.781250        0.484510
FIRE:  140 03:16:45   -79688.820312        0.193005
FIRE:  141 03:16:45   -79688.859375        0.534223
FIRE:  142 03:16:45   -79688.906250        0.290483
FIRE:  143 03:16:45   -79688.960938        0.232922
FIRE:  144 03:16:45   -79689.046875        0.641897
FIRE:  145 03:16:45   -79689.117188        1.239614
FIRE:  146 03:16:45   -79689.195312        2.560484
FIRE:  147 03:16:45   -79689.171875        5.259696
FIRE:  148 03:16:45   -79689.335938        0.858655
FIRE:  149 03:16:45   -79689.203125        6.422674
FIRE:  150 03:16:45   -79689.281250        4.214155
FIRE:  151 03:16:45   -79689.351562        1.028647
FIRE:  152 03:16:46   -79689.335938        1.936928
FIRE:  153 03:16:46   -79689.335938        1.826236
FIRE:  154 03:16:46   -79689.351562        1.608864
FIRE:  155 03:16:46   -79689.343750        1.293406
FIRE:  156 03:16:46   -79689.351562        0.894050
FIRE:  157 03:16:46   -79689.359375        0.433367
FIRE:  158 03:16:46   -79689.359375        0.215909
FIRE:  159 03:16:46   -79689.359375        0.568137
FIRE:  160 03:16:46   -79689.359375        0.560020
FIRE:  161 03:16:46   -79689.367188        0.544014
FIRE:  162 03:16:46   -79689.359375        0.520531
FIRE:  163 03:16:46   -79689.367188        0.490356
FIRE:  164 03:16:46   -79689.359375        0.454178
FIRE:  165 03:16:46   -79689.367188        0.413393
FIRE:  166 03:16:46   -79689.367188        0.369461
FIRE:  167 03:16:46   -79689.367188        0.319985
FIRE:  168 03:16:46   -79689.359375        0.267959
FIRE:  169 03:16:47   -79689.359375        0.221182
FIRE:  170 03:16:47   -79689.359375        0.196307
FIRE:  171 03:16:47   -79689.375000        0.198178
FIRE:  172 03:16:47   -79689.367188        0.228274
FIRE:  173 03:16:47   -79689.367188        0.263151
FIRE:  174 03:16:47   -79689.367188        0.284052
FIRE:  175 03:16:47   -79689.375000        0.278808
FIRE:  176 03:16:47   -79689.375000        0.244961
FIRE:  177 03:16:47   -79689.382812        0.201302
FIRE:  178 03:16:47   -79689.382812        0.199599
FIRE:  179 03:16:47   -79689.390625        0.250999
FIRE:  180 03:16:47   -79689.398438        0.285108
FIRE:  181 03:16:47   -79689.414062        0.253499
FIRE:  182 03:16:47   -79689.414062        0.197664
FIRE:  183 03:16:47   -79689.429688        0.220629
FIRE:  184 03:16:47   -79689.445312        0.234280
FIRE:  185 03:16:47   -79689.460938        0.197336
FIRE:  186 03:16:47   -79689.476562        0.255584
FIRE:  187 03:16:48   -79689.515625        0.216468
FIRE:  188 03:16:48   -79689.539062        0.229694
FIRE:  189 03:16:48   -79689.578125        0.193925
FIRE:  190 03:16:48   -79689.625000        0.268674
FIRE:  191 03:16:48   -79689.679688        0.261990
FIRE:  192 03:16:48   -79689.742188        0.279592
FIRE:  193 03:16:48   -79689.820312        0.415274
FIRE:  194 03:16:48   -79689.921875        1.151192
FIRE:  195 03:16:48   -79689.968750        3.267563
FIRE:  196 03:16:48   -79690.023438        0.286014
FIRE:  197 03:16:48   -79689.984375        3.540414
FIRE:  198 03:16:48   -79690.007812        2.463582
FIRE:  199 03:16:48   -79690.031250        0.778484
FIRE:  200 03:16:48   -79690.039062        0.960087
FIRE:  201 03:16:48   -79690.031250        0.902180
FIRE:  202 03:16:48   -79690.039062        0.789289
FIRE:  203 03:16:48   -79690.039062        0.627661
FIRE:  204 03:16:48   -79690.039062        0.430396
FIRE:  205 03:16:49   -79690.039062        0.231119
FIRE:  206 03:16:49   -79690.039062        0.181520
FIRE:  207 03:16:49   -79690.039062        0.287422
FIRE:  208 03:16:49   -79690.039062        0.441421
FIRE:  209 03:16:49   -79690.039062        0.539676
FIRE:  210 03:16:49   -79690.046875        0.548665
FIRE:  211 03:16:49   -79690.046875        0.449605
FIRE:  212 03:16:49   -79690.054688        0.255598
FIRE:  213 03:16:49   -79690.054688        0.182970
FIRE:  214 03:16:49   -79690.062500        0.340588
FIRE:  215 03:16:49   -79690.070312        0.418336
FIRE:  216 03:16:49   -79690.085938        0.287772
FIRE:  217 03:16:49   -79690.085938        0.184569
FIRE:  218 03:16:49   -79690.101562        0.380460
FIRE:  219 03:16:49   -79690.109375        0.300293
FIRE:  220 03:16:49   -79690.132812        0.202295
FIRE:  221 03:16:49   -79690.148438        0.338943
FIRE:  222 03:16:49   -79690.179688        0.187529
FIRE:  223 03:16:50   -79690.210938        0.321306
FIRE:  224 03:16:50   -79690.242188        0.338088
FIRE:  225 03:16:50   -79690.289062        0.190335
FIRE:  226 03:16:50   -79690.351562        0.189642
FIRE:  227 03:16:50   -79690.414062        0.380144
FIRE:  228 03:16:50   -79690.445312        1.302709
FIRE:  229 03:16:50   -79690.468750        3.714563
FIRE:  230 03:16:50   -79690.531250        0.238553
FIRE:  231 03:16:50   -79690.468750        4.236487
FIRE:  232 03:16:50   -79690.507812        2.853369
FIRE:  233 03:16:50   -79690.539062        0.746716
FIRE:  234 03:16:50   -79690.546875        1.307682
FIRE:  235 03:16:50   -79690.546875        1.227190
FIRE:  236 03:16:50   -79690.539062        1.070400
FIRE:  237 03:16:50   -79690.539062        0.845538
FIRE:  238 03:16:50   -79690.546875        0.567129
FIRE:  239 03:16:50   -79690.554688        0.262701
FIRE:  240 03:16:50   -79690.554688        0.176937
FIRE:  241 03:16:51   -79690.554688        0.391202
FIRE:  242 03:16:51   -79690.554688        0.611148
FIRE:  243 03:16:51   -79690.546875        0.738431
FIRE:  244 03:16:51   -79690.554688        0.735960
FIRE:  245 03:16:51   -79690.562500        0.581554
FIRE:  246 03:16:51   -79690.570312        0.288452
FIRE:  247 03:16:51   -79690.570312        0.176560
FIRE:  248 03:16:51   -79690.570312        0.473684
FIRE:  249 03:16:51   -79690.570312        0.579887
FIRE:  250 03:16:51   -79690.585938        0.392664
FIRE:  251 03:16:51   -79690.585938        0.175261
FIRE:  252 03:16:51   -79690.601562        0.485064
FIRE:  253 03:16:51   -79690.609375        0.384608
FIRE:  254 03:16:51   -79690.632812        0.246516
FIRE:  255 03:16:51   -79690.640625        0.468499
FIRE:  256 03:16:51   -79690.664062        0.171565
FIRE:  257 03:16:51   -79690.695312        0.423382
FIRE:  258 03:16:51   -79690.718750        0.406325
FIRE:  259 03:16:52   -79690.757812        0.165602
FIRE:  260 03:16:52   -79690.804688        0.275194
FIRE:  261 03:16:52   -79690.851562        0.841346
FIRE:  262 03:16:52   -79690.906250        2.293380
FIRE:  263 03:16:52   -79690.828125        5.382523
FIRE:  264 03:16:52   -79691.007812        0.484776
FIRE:  265 03:16:52   -79690.835938        7.100423
FIRE:  266 03:16:52   -79690.929688        4.438433
FIRE:  267 03:16:52   -79691.007812        0.729141
FIRE:  268 03:16:52   -79690.976562        2.489185
FIRE:  269 03:16:52   -79690.984375        2.341086
FIRE:  270 03:16:52   -79690.984375        2.049493
FIRE:  271 03:16:52   -79691.007812        1.624439
FIRE:  272 03:16:52   -79691.000000        1.083725
FIRE:  273 03:16:52   -79691.015625        0.458681
FIRE:  274 03:16:52   -79691.015625        0.256444
FIRE:  275 03:16:52   -79691.007812        0.252250
FIRE:  276 03:16:52   -79691.015625        0.244137
FIRE:  277 03:16:53   -79691.007812        0.232025
FIRE:  278 03:16:53   -79691.015625        0.216381
FIRE:  279 03:16:53   -79691.007812        0.197614
FIRE:  280 03:16:53   -79691.015625        0.176199
FIRE:  281 03:16:53   -79691.015625        0.152873
FIRE:  282 03:16:53   -79691.007812        0.149926
FIRE:  283 03:16:53   -79691.015625        0.149945
FIRE:  284 03:16:53   -79691.007812        0.149964
FIRE:  285 03:16:53   -79691.015625        0.149986
FIRE:  286 03:16:53   -79691.015625        0.150008
FIRE:  287 03:16:53   -79691.015625        0.150031
FIRE:  288 03:16:53   -79691.007812        0.151148
FIRE:  289 03:16:53   -79691.015625        0.158906
FIRE:  290 03:16:53   -79691.015625        0.152300
FIRE:  291 03:16:53   -79691.015625        0.150084
FIRE:  292 03:16:53   -79691.015625        0.150079
FIRE:  293 03:16:53   -79691.015625        0.150070
FIRE:  294 03:16:53   -79691.031250        0.150059
FIRE:  295 03:16:54   -79691.023438        0.150046
FIRE:  296 03:16:54   -79691.039062        0.150030
FIRE:  297 03:16:54   -79691.039062        0.149994
FIRE:  298 03:16:54   -79691.054688        0.149904
FIRE:  299 03:16:54   -79691.070312        0.149757
FIRE:  300 03:16:54   -79691.078125        0.149484
FIRE:  301 03:16:54   -79691.093750        0.149067
FIRE:  302 03:16:54   -79691.101562        0.148464
FIRE:  303 03:16:54   -79691.117188        0.147552
FIRE:  304 03:16:54   -79691.148438        0.146196
FIRE:  305 03:16:54   -79691.179688        0.144411
FIRE:  306 03:16:54   -79691.203125        0.142148
FIRE:  307 03:16:54   -79691.257812        0.209399
FIRE:  308 03:16:54   -79691.296875        0.520445
FIRE:  309 03:16:54   -79691.343750        1.572585
FIRE:  310 03:16:54   -79691.328125        4.102473
FIRE:  311 03:16:54   -79691.421875        0.188495
FIRE:  312 03:16:54   -79691.343750        4.868754
FIRE:  313 03:16:55   -79691.390625        3.199364
FIRE:  314 03:16:55   -79691.421875        0.713780
FIRE:  315 03:16:55   -79691.414062        1.631681
FIRE:  316 03:16:55   -79691.421875        1.530088
FIRE:  317 03:16:55   -79691.429688        1.331287
FIRE:  318 03:16:55   -79691.429688        1.045016
FIRE:  319 03:16:55   -79691.437500        0.686658
FIRE:  320 03:16:55   -79691.437500        0.283384
FIRE:  321 03:16:55   -79691.429688        0.172095
FIRE:  322 03:16:55   -79691.429688        0.524749
FIRE:  323 03:16:55   -79691.429688        0.515662
FIRE:  324 03:16:55   -79691.429688        0.497501
FIRE:  325 03:16:55   -79691.429688        0.470644
FIRE:  326 03:16:55   -79691.437500        0.435812
FIRE:  327 03:16:55   -79691.429688        0.393806
FIRE:  328 03:16:55   -79691.437500        0.345531
FIRE:  329 03:16:55   -79691.429688        0.292246
FIRE:  330 03:16:55   -79691.429688        0.229541
FIRE:  331 03:16:56   -79691.437500        0.162208
FIRE:  332 03:16:56   -79691.437500        0.124531
FIRE:  333 03:16:56   -79691.437500        0.124543
FIRE:  334 03:16:56   -79691.445312        0.135956
FIRE:  335 03:16:56   -79691.437500        0.197428
FIRE:  336 03:16:56   -79691.445312        0.244260
FIRE:  337 03:16:56   -79691.437500        0.263103
FIRE:  338 03:16:56   -79691.437500        0.245049
FIRE:  339 03:16:56   -79691.437500        0.186664
FIRE:  340 03:16:56   -79691.445312        0.124410
FIRE:  341 03:16:56   -79691.445312        0.124330
FIRE:  342 03:16:56   -79691.445312        0.176060
FIRE:  343 03:16:56   -79691.453125        0.201795
FIRE:  344 03:16:56   -79691.453125        0.139472
FIRE:  345 03:16:56   -79691.460938        0.123976
FIRE:  346 03:16:56   -79691.476562        0.179754
FIRE:  347 03:16:56   -79691.484375        0.166371
FIRE:  348 03:16:56   -79691.484375        0.122958
FIRE:  349 03:16:57   -79691.492188        0.173178
FIRE:  350 03:16:57   -79691.515625        0.121393
FIRE:  351 03:16:57   -79691.523438        0.186458
FIRE:  352 03:16:57   -79691.539062        0.118513
FIRE:  353 03:16:57   -79691.570312        0.152424
FIRE:  354 03:16:57   -79691.593750        0.252215
FIRE:  355 03:16:57   -79691.640625        0.341467
FIRE:  356 03:16:57   -79691.664062        0.644906
FIRE:  357 03:16:57   -79691.703125        1.573652
FIRE:  358 03:16:57   -79691.695312        3.797279
FIRE:  359 03:16:57   -79691.773438        0.180208
FIRE:  360 03:16:57   -79691.703125        4.394083
FIRE:  361 03:16:57   -79691.734375        2.936999
FIRE:  362 03:16:57   -79691.765625        0.728149
FIRE:  363 03:16:57   -79691.773438        1.415858
FIRE:  364 03:16:57   -79691.773438        1.327897
FIRE:  365 03:16:57   -79691.773438        1.156094
FIRE:  366 03:16:57   -79691.765625        0.908934
FIRE:  367 03:16:58   -79691.781250        0.600549
FIRE:  368 03:16:58   -79691.773438        0.253264
FIRE:  369 03:16:58   -79691.773438        0.136981
FIRE:  370 03:16:58   -79691.781250        0.441618
FIRE:  371 03:16:58   -79691.773438        0.434128
FIRE:  372 03:16:58   -79691.781250        0.419146
FIRE:  373 03:16:58   -79691.781250        0.397221
FIRE:  374 03:16:58   -79691.781250        0.368741
FIRE:  375 03:16:58   -79691.773438        0.334295
FIRE:  376 03:16:58   -79691.781250        0.294604
FIRE:  377 03:16:58   -79691.773438        0.250960
FIRE:  378 03:16:58   -79691.781250        0.199350
FIRE:  379 03:16:58   -79691.773438        0.140587
FIRE:  380 03:16:58   -79691.781250        0.098595
FIRE:  381 03:16:58   -79691.773438        0.098593
FIRE:  382 03:16:58   -79691.773438        0.107640
FIRE:  383 03:16:58   -79691.773438        0.160717
FIRE:  384 03:16:59   -79691.781250        0.202097
FIRE:  385 03:16:59   -79691.781250        0.220233
FIRE:  386 03:16:59   -79691.781250        0.207458
FIRE:  387 03:16:59   -79691.781250        0.160164
FIRE:  388 03:16:59   -79691.781250        0.098368
FIRE:  389 03:16:59   -79691.781250        0.098279
FIRE:  390 03:16:59   -79691.796875        0.144489
FIRE:  391 03:16:59   -79691.804688        0.172248
FIRE:  392 03:16:59   -79691.812500        0.120326
FIRE:  393 03:16:59   -79691.812500        0.097672
FIRE:  394 03:16:59   -79691.812500        0.145610
FIRE:  395 03:16:59   -79691.828125        0.142115
FIRE:  396 03:16:59   -79691.812500        0.096456
FIRE:  397 03:16:59   -79691.828125        0.146010
FIRE:  398 03:16:59   -79691.835938        0.094852
FIRE:  399 03:16:59   -79691.851562        0.151925
FIRE:  400 03:16:59   -79691.867188        0.092165
FIRE:  401 03:16:59   -79691.882812        0.140828
FIRE:  402 03:17:00   -79691.914062        0.203549
FIRE:  403 03:17:00   -79691.945312        0.261349
FIRE:  404 03:17:00   -79691.976562        0.494234
FIRE:  405 03:17:00   -79692.007812        1.259498
FIRE:  406 03:17:00   -79692.015625        3.136443
FIRE:  407 03:17:00   -79692.070312        0.116905
FIRE:  408 03:17:00   -79692.023438        3.443377
FIRE:  409 03:17:00   -79692.046875        2.361167
FIRE:  410 03:17:00   -79692.070312        0.668305
FIRE:  411 03:17:00   -79692.054688        1.040288
FIRE:  412 03:17:00   -79692.070312        0.975013
FIRE:  413 03:17:00   -79692.062500        0.848036
FIRE:  414 03:17:00   -79692.070312        0.666115
FIRE:  415 03:17:00   -79692.070312        0.440385
FIRE:  416 03:17:00   -79692.070312        0.188143
FIRE:  417 03:17:00   -79692.062500        0.091015
FIRE:  418 03:17:00   -79692.062500        0.308580
FIRE:  419 03:17:00   -79692.070312        0.303438
FIRE:  420 03:17:01   -79692.062500        0.293299
FIRE:  421 03:17:01   -79692.070312        0.278328
FIRE:  422 03:17:01   -79692.062500        0.258913
FIRE:  423 03:17:01   -79692.070312        0.235428
FIRE:  424 03:17:01   -79692.070312        0.208477
FIRE:  425 03:17:01   -79692.070312        0.178894
FIRE:  426 03:17:01   -79692.062500        0.143868
FIRE:  427 03:17:01   -79692.070312        0.104389
FIRE:  428 03:17:01   -79692.078125        0.081897
FIRE:  429 03:17:01   -79692.078125        0.081887
FIRE:  430 03:17:01   -79692.070312        0.081871
FIRE:  431 03:17:01   -79692.078125        0.105292
FIRE:  432 03:17:01   -79692.078125        0.135831
FIRE:  433 03:17:01   -79692.078125        0.150754
FIRE:  434 03:17:01   -79692.078125        0.144100
FIRE:  435 03:17:01   -79692.078125        0.112819
FIRE:  436 03:17:01   -79692.070312        0.081774
FIRE:  437 03:17:01   -79692.078125        0.081775
FIRE:  438 03:17:02   -79692.078125        0.098914
FIRE:  439 03:17:02   -79692.085938        0.121107
FIRE:  440 03:17:02   -79692.078125        0.089580
FIRE:  441 03:17:02   -79692.085938        0.081742
FIRE:  442 03:17:02   -79692.093750        0.096643
FIRE:  443 03:17:02   -79692.101562        0.099441
FIRE:  444 03:17:02   -79692.109375        0.081592
FIRE:  445 03:17:02   -79692.117188        0.102317
FIRE:  446 03:17:02   -79692.117188        0.081412
FIRE:  447 03:17:02   -79692.132812        0.101775
FIRE:  448 03:17:02   -79692.140625        0.081024
FIRE:  449 03:17:02   -79692.164062        0.104434
FIRE:  450 03:17:02   -79692.187500        0.137366
FIRE:  451 03:17:02   -79692.210938        0.175771
FIRE:  452 03:17:02   -79692.234375        0.342268
FIRE:  453 03:17:02   -79692.265625        0.948736
FIRE:  454 03:17:02   -79692.281250        2.510143
FIRE:  455 03:17:02   -79692.312500        0.078226
FIRE:  456 03:17:03   -79692.281250        2.627094
FIRE:  457 03:17:03   -79692.296875        1.842211
FIRE:  458 03:17:03   -79692.312500        0.582794
FIRE:  459 03:17:03   -79692.312500        0.733601
FIRE:  460 03:17:03   -79692.312500        0.687515
FIRE:  461 03:17:03   -79692.312500        0.597896
FIRE:  462 03:17:03   -79692.304688        0.470128
FIRE:  463 03:17:03   -79692.304688        0.312365
FIRE:  464 03:17:03   -79692.312500        0.137131
FIRE:  465 03:17:03   -79692.312500        0.076330
FIRE:  466 03:17:03   -79692.312500        0.204847
FIRE:  467 03:17:03   -79692.312500        0.328374
FIRE:  468 03:17:03   -79692.312500        0.400619
FIRE:  469 03:17:03   -79692.320312        0.402243
FIRE:  470 03:17:03   -79692.320312        0.320111
FIRE:  471 03:17:03   -79692.320312        0.157004
FIRE:  472 03:17:03   -79692.320312        0.076131
FIRE:  473 03:17:03   -79692.320312        0.252725
FIRE:  474 03:17:04   -79692.328125        0.315190
FIRE:  475 03:17:04   -79692.320312        0.205739
FIRE:  476 03:17:04   -79692.335938        0.075977
FIRE:  477 03:17:04   -79692.335938        0.266652
FIRE:  478 03:17:04   -79692.343750        0.204774
FIRE:  479 03:17:04   -79692.343750        0.122319
FIRE:  480 03:17:04   -79692.351562        0.247620
FIRE:  481 03:17:04   -79692.367188        0.080495
FIRE:  482 03:17:04   -79692.375000        0.225527
FIRE:  483 03:17:04   -79692.382812        0.227179
FIRE:  484 03:17:04   -79692.406250        0.074418
FIRE:  485 03:17:04   -79692.414062        0.115318
FIRE:  486 03:17:04   -79692.445312        0.380744
FIRE:  487 03:17:04   -79692.468750        1.148939
FIRE:  488 03:17:04   -79692.460938        3.003292
FIRE:  489 03:17:04   -79692.507812        0.071741
FIRE:  490 03:17:04   -79692.468750        3.264215
FIRE:  491 03:17:04   -79692.492188        2.228494
FIRE:  492 03:17:04   -79692.515625        0.609458
FIRE:  493 03:17:05   -79692.507812        1.022151
FIRE:  494 03:17:05   -79692.507812        0.956819
FIRE:  495 03:17:05   -79692.507812        0.829536
FIRE:  496 03:17:05   -79692.515625        0.647376
FIRE:  497 03:17:05   -79692.507812        0.421187
FIRE:  498 03:17:05   -79692.515625        0.167108
FIRE:  499 03:17:05   -79692.515625        0.101958
FIRE:  500 03:17:05   -79692.515625        0.316432
FIRE:  501 03:17:05   -79692.507812        0.311000
FIRE:  502 03:17:05   -79692.515625        0.300319
FIRE:  503 03:17:05   -79692.515625        0.284693
FIRE:  504 03:17:05   -79692.515625        0.264219
FIRE:  505 03:17:05   -79692.515625        0.239597
FIRE:  506 03:17:05   -79692.515625        0.211348
FIRE:  507 03:17:05   -79692.515625        0.180133
FIRE:  508 03:17:05   -79692.515625        0.143530
FIRE:  509 03:17:05   -79692.515625        0.102039
FIRE:  510 03:17:06   -79692.515625        0.070512
FIRE:  511 03:17:06   -79692.515625        0.070522
FIRE:  512 03:17:06   -79692.507812        0.070504
FIRE:  513 03:17:06   -79692.515625        0.103745
FIRE:  514 03:17:06   -79692.515625        0.135428
FIRE:  515 03:17:06   -79692.507812        0.149859
FIRE:  516 03:17:06   -79692.515625        0.140659
FIRE:  517 03:17:06   -79692.523438        0.105112
FIRE:  518 03:17:06   -79692.523438        0.070413
FIRE:  519 03:17:06   -79692.515625        0.070387
FIRE:  520 03:17:06   -79692.515625        0.103062
FIRE:  521 03:17:06   -79692.523438        0.122828
FIRE:  522 03:17:06   -79692.523438        0.086249
FIRE:  523 03:17:06   -79692.531250        0.070273
FIRE:  524 03:17:06   -79692.531250        0.094886
FIRE:  525 03:17:06   -79692.531250        0.091822
FIRE:  526 03:17:06   -79692.546875        0.070065
FIRE:  527 03:17:06   -79692.539062        0.104570
FIRE:  528 03:17:06   -79692.554688        0.069797
FIRE:  529 03:17:07   -79692.562500        0.100782
FIRE:  530 03:17:07   -79692.578125        0.069305
FIRE:  531 03:17:07   -79692.585938        0.099237
FIRE:  532 03:17:07   -79692.609375        0.141534
FIRE:  533 03:17:07   -79692.617188        0.195554
FIRE:  534 03:17:07   -79692.640625        0.378497
FIRE:  535 03:17:07   -79692.671875        0.987846
FIRE:  536 03:17:07   -79692.671875        2.530923
FIRE:  537 03:17:07   -79692.703125        0.065239
FIRE:  538 03:17:07   -79692.679688        2.658551
FIRE:  539 03:17:07   -79692.687500        1.853093
FIRE:  540 03:17:07   -79692.710938        0.564098
FIRE:  541 03:17:07   -79692.703125        0.777206
FIRE:  542 03:17:07   -79692.703125        0.727797
FIRE:  543 03:17:07   -79692.710938        0.631754
FIRE:  544 03:17:07   -79692.703125        0.494771
FIRE:  545 03:17:07   -79692.703125        0.325251
FIRE:  546 03:17:07   -79692.710938        0.136006
FIRE:  547 03:17:08   -79692.710938        0.070619
FIRE:  548 03:17:08   -79692.710938        0.228232
FIRE:  549 03:17:08   -79692.703125        0.357252
FIRE:  550 03:17:08   -79692.710938        0.430820
FIRE:  551 03:17:08   -79692.703125        0.429431
FIRE:  552 03:17:08   -79692.703125        0.340106
FIRE:  553 03:17:08   -79692.710938        0.165677
FIRE:  554 03:17:08   -79692.718750        0.076516
FIRE:  555 03:17:08   -79692.710938        0.269417
FIRE:  556 03:17:08   -79692.710938        0.335850
FIRE:  557 03:17:08   -79692.710938        0.222233
FIRE:  558 03:17:08   -79692.718750        0.064806
FIRE:  559 03:17:08   -79692.710938        0.281060
FIRE:  560 03:17:08   -79692.726562        0.225225
FIRE:  561 03:17:08   -79692.718750        0.116906
FIRE:  562 03:17:08   -79692.726562        0.264700
FIRE:  563 03:17:08   -79692.734375        0.066585
FIRE:  564 03:17:09   -79692.742188        0.249785
FIRE:  565 03:17:09   -79692.765625        0.214466
FIRE:  566 03:17:09   -79692.765625        0.063991
FIRE:  567 03:17:09   -79692.781250        0.187268
FIRE:  568 03:17:09   -79692.804688        0.523878
FIRE:  569 03:17:09   -79692.828125        1.342850
FIRE:  570 03:17:09   -79692.804688        3.270248
FIRE:  571 03:17:09   -79692.859375        0.065633
FIRE:  572 03:17:09   -79692.804688        3.624853
FIRE:  573 03:17:09   -79692.843750        2.444008
FIRE:  574 03:17:09   -79692.867188        0.621105
FIRE:  575 03:17:09   -79692.859375        1.188716
FIRE:  576 03:17:09   -79692.859375        1.112680
FIRE:  577 03:17:09   -79692.859375        0.964432
FIRE:  578 03:17:09   -79692.859375        0.751978
FIRE:  579 03:17:09   -79692.867188        0.487384
FIRE:  580 03:17:09   -79692.867188        0.188348
FIRE:  581 03:17:10   -79692.867188        0.133074
FIRE:  582 03:17:10   -79692.859375        0.130996
FIRE:  583 03:17:10   -79692.867188        0.126929
FIRE:  584 03:17:10   -79692.867188        0.121100
FIRE:  585 03:17:10   -79692.859375        0.113411
FIRE:  586 03:17:10   -79692.867188        0.104131
FIRE:  587 03:17:10   -79692.859375        0.093766
FIRE:  588 03:17:10   -79692.867188        0.082574
FIRE:  589 03:17:10   -79692.867188        0.069795
FIRE:  590 03:17:10   -79692.859375        0.065878
FIRE:  591 03:17:10   -79692.859375        0.065885
FIRE:  592 03:17:10   -79692.859375        0.065893
FIRE:  593 03:17:10   -79692.859375        0.065902
FIRE:  594 03:17:10   -79692.859375        0.065915
FIRE:  595 03:17:10   -79692.859375        0.065932
FIRE:  596 03:17:10   -79692.859375        0.065949
FIRE:  597 03:17:10   -79692.867188        0.065965
FIRE:  598 03:17:11   -79692.875000        0.065986
FIRE:  599 03:17:11   -79692.867188        0.066013
FIRE:  600 03:17:11   -79692.867188        0.066040
FIRE:  601 03:17:11   -79692.875000        0.066078
FIRE:  602 03:17:11   -79692.867188        0.066123
FIRE:  603 03:17:11   -79692.875000        0.066180
FIRE:  604 03:17:11   -79692.882812        0.066244
FIRE:  605 03:17:11   -79692.882812        0.066313
FIRE:  606 03:17:11   -79692.890625        0.066384
FIRE:  607 03:17:11   -79692.890625        0.066459
FIRE:  608 03:17:11   -79692.890625        0.066534
FIRE:  609 03:17:11   -79692.945312        0.066612
FIRE:  610 03:17:11   -79692.953125        0.066678
FIRE:  611 03:17:11   -79692.960938        0.066708
FIRE:  612 03:17:11   -79692.960938        0.066700
FIRE:  613 03:17:11   -79692.984375        0.066643
FIRE:  614 03:17:11   -79693.000000        0.108688
FIRE:  615 03:17:12   -79693.015625        0.245069
FIRE:  616 03:17:12   -79693.046875        0.765621
FIRE:  617 03:17:12   -79693.000000        2.190363
FIRE:  618 03:17:12   -79693.031250        0.068646
FIRE:  619 03:17:12   -79693.015625        2.244993
FIRE:  620 03:17:12   -79693.062500        1.570573
FIRE:  621 03:17:12   -79693.039062        0.481640
FIRE:  622 03:17:12   -79693.039062        0.674915
FIRE:  623 03:17:12   -79693.039062        0.631682
FIRE:  624 03:17:12   -79693.070312        0.547708
FIRE:  625 03:17:12   -79693.039062        0.428015
FIRE:  626 03:17:12   -79693.070312        0.280727
FIRE:  627 03:17:12   -79693.070312        0.117475
FIRE:  628 03:17:12   -79693.031250        0.074225
FIRE:  629 03:17:12   -79693.070312        0.208627
FIRE:  630 03:17:12   -79693.070312        0.317435
FIRE:  631 03:17:12   -79693.039062        0.377574
FIRE:  632 03:17:13   -79693.031250        0.372030
FIRE:  633 03:17:13   -79693.039062        0.290166
FIRE:  634 03:17:13   -79693.039062        0.136173
FIRE:  635 03:17:13   -79693.070312        0.087434
FIRE:  636 03:17:13   -79693.046875        0.247977
FIRE:  637 03:17:13   -79693.078125        0.293523
FIRE:  638 03:17:13   -79693.078125        0.181226
FIRE:  639 03:17:13   -79693.078125        0.084826
FIRE:  640 03:17:13   -79693.054688        0.256190
FIRE:  641 03:17:13   -79693.054688        0.179569
FIRE:  642 03:17:13   -79693.062500        0.138935
FIRE:  643 03:17:13   -79693.070312        0.226110
FIRE:  644 03:17:13   -79693.070312        0.106598
FIRE:  645 03:17:13   -79693.117188        0.193793
FIRE:  646 03:17:13   -79693.093750        0.239413
FIRE:  647 03:17:13   -79693.101562        0.107671
FIRE:  648 03:17:13   -79693.117188        0.069994
FIRE:  649 03:17:14   -79693.132812        0.185908
FIRE:  650 03:17:14   -79693.156250        0.670460
FIRE:  651 03:17:14   -79693.156250        2.104532
FIRE:  652 03:17:14   -79693.187500        0.119765
FIRE:  653 03:17:14   -79693.179688        0.091774
FIRE:  654 03:17:14   -79693.179688        0.070269
FIRE:  655 03:17:14   -79693.179688        0.070317
FIRE:  656 03:17:14   -79693.179688        0.081243
FIRE:  657 03:17:14   -79693.187500        0.089163
FIRE:  658 03:17:14   -79693.179688        0.070525
FIRE:  659 03:17:14   -79693.187500        0.070601
FIRE:  660 03:17:14   -79693.179688        0.070672
FIRE:  661 03:17:14   -79693.226562        0.077274
FIRE:  662 03:17:14   -79693.187500        0.070816
FIRE:  663 03:17:14   -79693.195312        0.070871
FIRE:  664 03:17:14   -79693.195312        0.070917
FIRE:  665 03:17:15   -79693.203125        0.070954
FIRE:  666 03:17:15   -79693.195312        0.071209
FIRE:  667 03:17:15   -79693.210938        0.071033
FIRE:  668 03:17:15   -79693.250000        0.071031
FIRE:  669 03:17:15   -79693.265625        0.086604
FIRE:  670 03:17:15   -79693.250000        0.112345
FIRE:  671 03:17:15   -79693.257812        0.214889
FIRE:  672 03:17:15   -79693.273438        0.581016
FIRE:  673 03:17:15   -79693.281250        1.722579
FIRE:  674 03:17:15   -79693.335938        0.109208
FIRE:  675 03:17:15   -79693.296875        0.086135
FIRE:  676 03:17:15   -79693.335938        0.069487
FIRE:  677 03:17:15   -79693.328125        0.069524
FIRE:  678 03:17:15   -79693.296875        0.071343
FIRE:  679 03:17:15   -79693.328125        0.084397
FIRE:  680 03:17:15   -79693.335938        0.073191
FIRE:  681 03:17:15   -79693.335938        0.069801
FIRE:  682 03:17:16   -79693.296875        0.069882
FIRE:  683 03:17:16   -79693.335938        0.069956
FIRE:  684 03:17:16   -79693.335938        0.070003
FIRE:  685 03:17:16   -79693.343750        0.070026
FIRE:  686 03:17:16   -79693.335938        0.070013
FIRE:  687 03:17:16   -79693.351562        0.069956
FIRE:  688 03:17:16   -79693.343750        0.069868
FIRE:  689 03:17:16   -79693.351562        0.069730
FIRE:  690 03:17:16   -79693.359375        0.069518
FIRE:  691 03:17:16   -79693.375000        0.069225
FIRE:  692 03:17:16   -79693.382812        0.068768
FIRE:  693 03:17:16   -79693.398438        0.068093
FIRE:  694 03:17:16   -79693.414062        0.160519
FIRE:  695 03:17:16   -79693.429688        0.567746
FIRE:  696 03:17:16   -79693.390625        1.845581
FIRE:  697 03:17:16   -79693.406250        0.085174
FIRE:  698 03:17:16   -79693.406250        0.067995
FIRE:  699 03:17:17   -79693.453125        0.065384
FIRE:  700 03:17:17   -79693.453125        0.065427
FIRE:  701 03:17:17   -79693.453125        0.065478
FIRE:  702 03:17:17   -79693.453125        0.065540
FIRE:  703 03:17:17   -79693.453125        0.065604
FIRE:  704 03:17:17   -79693.453125        0.065661
FIRE:  705 03:17:17   -79693.460938        0.065708
FIRE:  706 03:17:17   -79693.460938        0.065748
FIRE:  707 03:17:17   -79693.453125        0.065756
FIRE:  708 03:17:17   -79693.460938        0.065728
FIRE:  709 03:17:17   -79693.468750        0.065661
FIRE:  710 03:17:17   -79693.468750        0.065547
FIRE:  711 03:17:17   -79693.468750        0.065387
FIRE:  712 03:17:17   -79693.468750        0.065187
FIRE:  713 03:17:17   -79693.476562        0.064875
FIRE:  714 03:17:17   -79693.445312        0.064389
FIRE:  715 03:17:17   -79693.507812        0.072066
FIRE:  716 03:17:18   -79693.515625        0.126699
FIRE:  717 03:17:18   -79693.523438        0.351977
FIRE:  718 03:17:18   -79693.507812        1.172227
FIRE:  719 03:17:18   -79693.476562        3.382999
FIRE:  720 03:17:18   -79693.531250        0.273472
FIRE:  721 03:17:18   -79693.531250        0.195895
FIRE:  722 03:17:18   -79693.539062        0.068892
FIRE:  723 03:17:18   -79693.539062        0.102079
FIRE:  724 03:17:18   -79693.531250        0.188167
FIRE:  725 03:17:18   -79693.531250        0.197573
FIRE:  726 03:17:18   -79693.539062        0.131796
FIRE:  727 03:17:18   -79693.539062        0.059365
FIRE:  728 03:17:18   -79693.539062        0.128014
FIRE:  729 03:17:18   -79693.546875        0.163021
FIRE:  730 03:17:18   -79693.546875        0.078882
FIRE:  731 03:17:18   -79693.546875        0.105483
FIRE:  732 03:17:18   -79693.539062        0.139176
FIRE:  733 03:17:19   -79693.546875        0.058958
FIRE:  734 03:17:19   -79693.554688        0.141773
FIRE:  735 03:17:19   -79693.554688        0.078454
FIRE:  736 03:17:19   -79693.570312        0.089387
FIRE:  737 03:17:19   -79693.578125        0.182242
FIRE:  738 03:17:19   -79693.585938        0.255557
FIRE:  739 03:17:19   -79693.593750        0.429376
FIRE:  740 03:17:19   -79693.609375        0.904133
FIRE:  741 03:17:19   -79693.601562        2.396191
FIRE:  742 03:17:19   -79693.617188        0.350322
FIRE:  743 03:17:19   -79693.625000        0.261942
FIRE:  744 03:17:19   -79693.625000        0.109206
FIRE:  745 03:17:19   -79693.617188        0.097670
FIRE:  746 03:17:19   -79693.625000        0.221640
FIRE:  747 03:17:19   -79693.617188        0.260188
FIRE:  748 03:17:19   -79693.625000        0.206371
FIRE:  749 03:17:19   -79693.625000        0.085587
FIRE:  750 03:17:20   -79693.632812        0.105816
FIRE:  751 03:17:20   -79693.632812        0.202115
FIRE:  752 03:17:20   -79693.632812        0.166130
FIRE:  753 03:17:20   -79693.625000        0.052723
FIRE:  754 03:17:20   -79693.640625        0.182912
FIRE:  755 03:17:20   -79693.640625        0.110324
FIRE:  756 03:17:20   -79693.632812        0.152399
FIRE:  757 03:17:20   -79693.632812        0.111405
FIRE:  758 03:17:20   -79693.648438        0.198453
FIRE:  759 03:17:20   -79693.640625        0.071065
FIRE:  760 03:17:20   -79693.648438        0.105288
FIRE:  761 03:17:20   -79693.695312        0.286645
FIRE:  762 03:17:20   -79693.718750        0.633623
FIRE:  763 03:17:20   -79693.710938        1.487934
FIRE:  764 03:17:20   -79693.734375        0.048940
