      Step     Time          Energy          fmax
FIRE:    0 02:44:33 -1334905.125000        9.128951
FIRE:    1 02:44:34 -1334912.125000        7.650506
FIRE:    2 02:44:36 -1334919.250000        6.349772
FIRE:    3 02:44:36 -1334923.750000        5.177133
FIRE:    4 02:44:36 -1334927.375000        4.145440
FIRE:    5 02:44:36 -1334930.250000        3.201609
FIRE:    6 02:44:36 -1334931.375000        2.493967
FIRE:    7 02:44:36 -1334933.500000        2.512439
FIRE:    8 02:44:37 -1334936.750000        2.394045
FIRE:    9 02:44:37 -1334938.375000        2.341732
FIRE:   10 02:44:37 -1334938.750000        2.181726
FIRE:   11 02:44:37 -1334940.125000        1.938769
FIRE:   12 02:44:37 -1334941.500000        1.713261
FIRE:   13 02:44:37 -1334943.125000        1.610624
FIRE:   14 02:44:37 -1334944.250000        1.521420
FIRE:   15 02:44:37 -1334945.375000        1.433956
FIRE:   16 02:44:37 -1334946.750000        1.337569
FIRE:   17 02:44:37 -1334947.875000        1.222370
FIRE:   18 02:44:37 -1334948.875000        1.085844
FIRE:   19 02:44:37 -1334949.875000        0.980654
FIRE:   20 02:44:38 -1334950.875000        0.907626
FIRE:   21 02:44:38 -1334951.750000        0.849580
FIRE:   22 02:44:38 -1334952.625000        0.821407
FIRE:   23 02:44:38 -1334953.375000        0.775663
FIRE:   24 02:44:39 -1334954.125000        0.715901
FIRE:   25 02:44:39 -1334954.875000        0.665839
FIRE:   26 02:44:39 -1334955.500000        0.623468
FIRE:   27 02:44:39 -1334957.250000        0.592795
FIRE:   28 02:44:39 -1334957.875000        0.560213
FIRE:   29 02:44:39 -1334958.500000        0.527563
FIRE:   30 02:44:39 -1334959.000000        0.493790
FIRE:   31 02:44:39 -1334959.500000        0.457608
FIRE:   32 02:44:39 -1334960.000000        0.447385
FIRE:   33 02:44:39 -1334959.125000        0.435795
FIRE:   34 02:44:39 -1334960.000000        0.421316
FIRE:   35 02:44:39 -1334960.125000        0.405310
FIRE:   36 02:44:39 -1334960.375000        0.387828
FIRE:   37 02:44:39 -1334961.375000        0.367731
FIRE:   38 02:44:39 -1334961.500000        0.346919
FIRE:   39 02:44:39 -1334961.750000        0.326021
FIRE:   40 02:44:39 -1334962.375000        0.306046
FIRE:   41 02:44:39 -1334962.500000        0.300235
FIRE:   42 02:44:39 -1334963.000000        0.303742
FIRE:   43 02:44:39 -1334964.250000        0.301936
FIRE:   44 02:44:39 -1334964.625000        0.288746
FIRE:   45 02:44:39 -1334964.875000        0.259260
FIRE:   46 02:44:40 -1334965.250000        0.232621
FIRE:   47 02:44:40 -1334965.500000        0.225856
FIRE:   48 02:44:40 -1334965.750000        0.220751
FIRE:   49 02:44:40 -1334964.750000        0.217886
FIRE:   50 02:44:40 -1334965.000000        0.210781
FIRE:   51 02:44:40 -1334965.375000        0.197079
FIRE:   52 02:44:40 -1334966.750000        0.213681
FIRE:   53 02:44:40 -1334967.000000        0.226544
FIRE:   54 02:44:40 -1334967.250000        0.203896
FIRE:   55 02:44:40 -1334967.250000        0.172585
FIRE:   56 02:44:40 -1334967.500000        0.175248
FIRE:   57 02:44:40 -1334967.625000        0.178575
FIRE:   58 02:44:40 -1334966.625000        0.176469
FIRE:   59 02:44:40 -1334968.125000        0.170481
FIRE:   60 02:44:40 -1334967.250000        0.165439
FIRE:   61 02:44:40 -1334967.375000        0.164385
FIRE:   62 02:44:40 -1334967.500000        0.159069
FIRE:   63 02:44:40 -1334967.625000        0.139478
FIRE:   64 02:44:40 -1334967.875000        0.127819
FIRE:   65 02:44:41 -1334967.875000        0.130944
FIRE:   66 02:44:41 -1334968.125000        0.141280
FIRE:   67 02:44:41 -1334968.250000        0.146399
FIRE:   68 02:44:41 -1334968.375000        0.149673
FIRE:   69 02:44:41 -1334968.500000        0.157077
FIRE:   70 02:44:41 -1334968.500000        0.162823
FIRE:   71 02:44:41 -1334968.625000        0.164825
FIRE:   72 02:44:41 -1334968.750000        0.160288
FIRE:   73 02:44:41 -1334968.875000        0.148607
FIRE:   74 02:44:41 -1334969.000000        0.139210
FIRE:   75 02:44:41 -1334969.125000        0.143959
FIRE:   76 02:44:41 -1334969.125000        0.144040
FIRE:   77 02:44:41 -1334969.125000        0.139316
FIRE:   78 02:44:41 -1334969.250000        0.130440
FIRE:   79 02:44:41 -1334969.250000        0.123284
FIRE:   80 02:44:41 -1334969.375000        0.125725
FIRE:   81 02:44:41 -1334969.500000        0.125195
FIRE:   82 02:44:41 -1334969.500000        0.120797
FIRE:   83 02:44:42 -1334969.625000        0.112214
FIRE:   84 02:44:42 -1334969.750000        0.099665
FIRE:   85 02:44:42 -1334969.750000        0.084980
FIRE:   86 02:44:42 -1334969.875000        0.085542
FIRE:   87 02:44:42 -1334969.875000        0.085050
FIRE:   88 02:44:42 -1334970.000000        0.085298
FIRE:   89 02:44:42 -1334970.000000        0.086059
FIRE:   90 02:44:42 -1334970.125000        0.083510
FIRE:   91 02:44:42 -1334970.125000        0.087642
FIRE:   92 02:44:42 -1334970.250000        0.089139
FIRE:   93 02:44:42 -1334970.250000        0.093726
FIRE:   94 02:44:42 -1334970.250000        0.097210
FIRE:   95 02:44:42 -1334971.500000        0.092199
FIRE:   96 02:44:44 -1334971.750000        0.090682
FIRE:   97 02:44:44 -1334970.500000        0.090831
FIRE:   98 02:44:44 -1334970.625000        0.095541
FIRE:   99 02:44:44 -1334970.625000        0.097990
FIRE:  100 02:44:44 -1334970.750000        0.096359
FIRE:  101 02:44:44 -1334970.750000        0.094377
FIRE:  102 02:44:44 -1334970.875000        0.093138
FIRE:  103 02:44:44 -1334970.875000        0.089239
FIRE:  104 02:44:44 -1334970.875000        0.082436
FIRE:  105 02:44:44 -1334970.875000        0.077263
FIRE:  106 02:44:44 -1334971.000000        0.076493
FIRE:  107 02:44:44 -1334970.875000        0.081102
FIRE:  108 02:44:44 -1334971.000000        0.089236
FIRE:  109 02:44:44 -1334971.000000        0.091007
FIRE:  110 02:44:44 -1334971.125000        0.098398
FIRE:  111 02:44:44 -1334971.000000        0.103998
FIRE:  112 02:44:45 -1334971.125000        0.106689
FIRE:  113 02:44:45 -1334971.125000        0.117384
FIRE:  114 02:44:45 -1334971.000000        0.134989
FIRE:  115 02:44:45 -1334971.125000        0.147417
FIRE:  116 02:44:45 -1334971.125000        0.151863
FIRE:  117 02:44:45 -1334971.125000        0.148223
FIRE:  118 02:44:45 -1334971.125000        0.139455
FIRE:  119 02:44:45 -1334971.125000        0.128374
FIRE:  120 02:44:45 -1334971.125000        0.115694
FIRE:  121 02:44:45 -1334971.125000        0.102117
FIRE:  122 02:44:45 -1334971.125000        0.099993
FIRE:  123 02:44:45 -1334971.125000        0.094577
FIRE:  124 02:44:45 -1334971.125000        0.091959
FIRE:  125 02:44:45 -1334972.375000        0.099061
FIRE:  126 02:44:45 -1334972.500000        0.105477
FIRE:  127 02:44:45 -1334972.500000        0.109153
FIRE:  128 02:44:45 -1334972.500000        0.108992
FIRE:  129 02:44:45 -1334971.500000        0.105501
FIRE:  130 02:44:45 -1334971.250000        0.099403
FIRE:  131 02:44:45 -1334971.250000        0.092440
FIRE:  132 02:44:46 -1334971.250000        0.100196
FIRE:  133 02:44:46 -1334971.250000        0.110736
FIRE:  134 02:44:46 -1334972.625000        0.119194
FIRE:  135 02:44:46 -1334971.375000        0.123947
FIRE:  136 02:44:46 -1334971.375000        0.124250
FIRE:  137 02:44:46 -1334971.375000        0.124663
FIRE:  138 02:44:46 -1334971.375000        0.146921
FIRE:  139 02:44:46 -1334971.375000        0.162069
FIRE:  140 02:44:46 -1334971.375000        0.170802
FIRE:  141 02:44:46 -1334971.250000        0.174494
FIRE:  142 02:44:46 -1334972.750000        0.178031
FIRE:  143 02:44:46 -1334971.375000        0.184755
FIRE:  144 02:44:46 -1334971.375000        0.183113
FIRE:  145 02:44:46 -1334971.375000        0.171593
FIRE:  146 02:44:46 -1334972.875000        0.168380
FIRE:  147 02:44:46 -1334972.875000        0.162484
FIRE:  148 02:44:46 -1334971.500000        0.153742
FIRE:  149 02:44:46 -1334971.500000        0.144257
FIRE:  150 02:44:46 -1334971.500000        0.134877
FIRE:  151 02:44:47 -1334971.500000        0.126028
FIRE:  152 02:44:47 -1334971.500000        0.118731
FIRE:  153 02:44:47 -1334971.875000        0.117848
FIRE:  154 02:44:47 -1334971.750000        0.125891
FIRE:  155 02:44:47 -1334972.000000        0.132201
FIRE:  156 02:44:47 -1334972.000000        0.134345
FIRE:  157 02:44:47 -1334973.000000        0.129690
FIRE:  158 02:44:47 -1334972.000000        0.126448
FIRE:  159 02:44:47 -1334972.000000        0.121209
FIRE:  160 02:44:47 -1334972.000000        0.111531
FIRE:  161 02:44:47 -1334971.750000        0.099103
FIRE:  162 02:44:47 -1334971.875000        0.079872
FIRE:  163 02:44:47 -1334971.875000        0.081035
FIRE:  164 02:44:47 -1334971.750000        0.087518
FIRE:  165 02:44:47 -1334971.750000        0.103467
FIRE:  166 02:44:47 -1334971.750000        0.109994
FIRE:  167 02:44:47 -1334972.125000        0.107766
FIRE:  168 02:44:48 -1334971.750000        0.112154
FIRE:  169 02:44:48 -1334971.875000        0.117801
FIRE:  170 02:44:48 -1334972.000000        0.122359
FIRE:  171 02:44:48 -1334972.000000        0.125762
FIRE:  172 02:44:48 -1334971.875000        0.123546
FIRE:  173 02:44:48 -1334971.875000        0.122169
FIRE:  174 02:44:48 -1334971.875000        0.120123
FIRE:  175 02:44:48 -1334971.875000        0.114101
FIRE:  176 02:44:48 -1334971.875000        0.103589
FIRE:  177 02:44:48 -1334971.875000        0.106102
FIRE:  178 02:44:48 -1334971.750000        0.112746
FIRE:  179 02:44:48 -1334971.875000        0.118692
FIRE:  180 02:44:48 -1334971.875000        0.120725
FIRE:  181 02:44:48 -1334972.250000        0.114930
FIRE:  182 02:44:48 -1334972.000000        0.107159
FIRE:  183 02:44:48 -1334972.000000        0.107589
FIRE:  184 02:44:48 -1334972.000000        0.106152
FIRE:  185 02:44:48 -1334972.000000        0.105992
FIRE:  186 02:44:49 -1334972.125000        0.106766
FIRE:  187 02:44:49 -1334972.125000        0.105477
FIRE:  188 02:44:49 -1334972.000000        0.100268
FIRE:  189 02:44:49 -1334972.125000        0.090207
FIRE:  190 02:44:49 -1334972.375000        0.080924
FIRE:  191 02:44:49 -1334972.375000        0.075247
FIRE:  192 02:44:49 -1334972.500000        0.072143
FIRE:  193 02:44:49 -1334972.250000        0.069039
FIRE:  194 02:44:49 -1334972.250000        0.078741
FIRE:  195 02:44:49 -1334972.125000        0.116917
FIRE:  196 02:44:49 -1334972.250000        0.091215
FIRE:  197 02:44:49 -1334972.250000        0.090825
FIRE:  198 02:44:49 -1334972.125000        0.092803
FIRE:  199 02:44:49 -1334972.125000        1.812722
FIRE:  200 02:44:49 -1334970.500000       22.711798
FIRE:  201 02:44:49 -1334971.875000        4.683208
FIRE:  202 02:44:49 -1334972.000000        3.267097
FIRE:  203 02:44:49 -1334972.250000        0.445550
FIRE:  204 02:44:50 -1334972.125000        4.205520
FIRE:  205 02:44:50 -1334972.250000        3.504765
FIRE:  206 02:44:50 -1334972.250000        2.305978
FIRE:  207 02:44:50 -1334972.250000        0.899802
FIRE:  208 02:44:50 -1334972.250000        0.454105
FIRE:  209 02:44:50 -1334972.125000        0.440114
FIRE:  210 02:44:50 -1334972.250000        0.415244
FIRE:  211 02:44:50 -1334972.250000        0.379671
FIRE:  212 02:44:50 -1334972.125000        0.333586
FIRE:  213 02:44:50 -1334972.250000        0.278492
FIRE:  214 02:44:50 -1334972.125000        0.216016
FIRE:  215 02:44:50 -1334972.125000        0.148758
FIRE:  216 02:44:50 -1334972.250000        0.072689
FIRE:  217 02:44:50 -1334972.250000        0.063687
FIRE:  218 02:44:50 -1334972.125000        0.145685
FIRE:  219 02:44:50 -1334972.250000        0.210864
FIRE:  220 02:44:50 -1334972.250000        0.247026
FIRE:  221 02:44:51 -1334972.250000        0.243858
FIRE:  222 02:44:51 -1334972.250000        0.194669
FIRE:  223 02:44:51 -1334972.125000        0.101011
FIRE:  224 02:44:51 -1334972.250000        0.060683
FIRE:  225 02:44:51 -1334972.250000        0.142998
FIRE:  226 02:44:51 -1334972.125000        0.198712
FIRE:  227 02:44:51 -1334972.250000        0.163694
FIRE:  228 02:44:51 -1334972.125000        0.058198
FIRE:  229 02:44:51 -1334972.250000        0.117386
FIRE:  230 02:44:51 -1334972.250000        0.155777
FIRE:  231 02:44:51 -1334972.250000        0.052380
FIRE:  232 02:44:51 -1334972.125000        0.153608
FIRE:  233 02:44:51 -1334972.375000        0.091286
FIRE:  234 02:44:51 -1334972.375000        0.151389
FIRE:  235 02:44:51 -1334972.250000        0.060230
FIRE:  236 02:44:51 -1334972.375000        0.195067
FIRE:  237 02:44:51 -1334972.375000        0.180698
FIRE:  238 02:44:51 -1334972.375000        0.128877
FIRE:  239 02:44:52 -1334972.250000        0.204909
FIRE:  240 02:44:52 -1334972.375000        0.549402
FIRE:  241 02:44:52 -1334972.375000        1.716417
FIRE:  242 02:44:52 -1334972.375000        0.270781
FIRE:  243 02:44:52 -1334972.375000        0.197713
FIRE:  244 02:44:52 -1334972.250000        0.070692
FIRE:  245 02:44:52 -1334972.250000        0.073787
FIRE:  246 02:44:52 -1334972.250000        0.175338
FIRE:  247 02:44:52 -1334972.375000        0.204507
FIRE:  248 02:44:52 -1334972.250000        0.158555
FIRE:  249 02:44:52 -1334972.375000        0.058721
FIRE:  250 02:44:52 -1334972.250000        0.071881
FIRE:  251 02:44:52 -1334972.375000        0.147434
FIRE:  252 02:44:52 -1334972.375000        0.118060
FIRE:  253 02:44:52 -1334972.250000        0.036711
