      Step     Time          Energy          fmax
FIRE:    0 02:22:54  -116804.210938        3.559563
FIRE:    1 02:22:55  -116804.757812        2.907679
FIRE:    2 02:22:57  -116805.507812        1.758336
FIRE:    3 02:22:57  -116806.171875        1.132349
FIRE:    4 02:22:57  -116806.648438        0.924767
FIRE:    5 02:22:58  -116806.843750        0.915082
FIRE:    6 02:22:58  -116807.031250        0.887448
FIRE:    7 02:22:58  -116807.234375        0.852246
FIRE:    8 02:22:59  -116807.546875        0.984285
FIRE:    9 02:22:59  -116807.875000        0.791491
FIRE:   10 02:22:59  -116808.156250        0.572342
FIRE:   11 02:22:59  -116808.390625        0.467348
FIRE:   12 02:22:59  -116808.640625        0.580412
FIRE:   13 02:22:59  -116808.773438        0.641644
FIRE:   14 02:22:59  -116808.968750        0.615842
FIRE:   15 02:22:59  -116809.171875        0.426201
FIRE:   16 02:22:59  -116809.390625        0.358260
FIRE:   17 02:22:59  -116809.546875        0.281688
FIRE:   18 02:22:59  -116809.664062        0.438217
FIRE:   19 02:22:59  -116809.789062        0.478433
FIRE:   20 02:22:59  -116809.937500        0.711675
FIRE:   21 02:23:01  -116810.078125        1.150168
FIRE:   22 02:23:01  -116810.187500        1.828357
FIRE:   23 02:23:01  -116808.992188        9.054384
FIRE:   24 02:23:01  -116810.031250        4.159245
FIRE:   25 02:23:01  -116810.171875        2.908535
FIRE:   26 02:23:01  -116810.281250        0.739497
FIRE:   27 02:23:01  -116810.234375        2.044247
FIRE:   28 02:23:01  -116810.250000        1.841817
FIRE:   29 02:23:01  -116810.273438        1.461904
FIRE:   30 02:23:01  -116810.289062        0.949938
FIRE:   31 02:23:01  -116810.304688        0.409711
FIRE:   32 02:23:01  -116810.304688        0.405645
FIRE:   33 02:23:01  -116810.289062        0.405461
FIRE:   34 02:23:01  -116810.304688        0.405089
FIRE:   35 02:23:01  -116810.304688        0.404533
FIRE:   36 02:23:01  -116810.304688        0.403787
FIRE:   37 02:23:01  -116810.312500        0.402851
FIRE:   38 02:23:01  -116810.312500        0.401722
FIRE:   39 02:23:01  -116810.312500        0.400394
FIRE:   40 02:23:02  -116810.312500        0.398697
FIRE:   41 02:23:02  -116810.312500        0.396550
FIRE:   42 02:23:02  -116810.312500        0.393849
FIRE:   43 02:23:02  -116810.320312        0.390497
FIRE:   44 02:23:02  -116810.320312        0.386389
FIRE:   45 02:23:02  -116810.320312        0.381441
FIRE:   46 02:23:02  -116810.328125        0.375604
FIRE:   47 02:23:02  -116810.328125        0.368892
FIRE:   48 02:23:02  -116810.335938        0.361397
FIRE:   49 02:23:02  -116810.343750        0.353282
FIRE:   50 02:23:02  -116810.351562        0.344730
FIRE:   51 02:23:02  -116810.359375        0.335837
FIRE:   52 02:23:02  -116810.367188        0.326439
FIRE:   53 02:23:02  -116810.390625        0.316040
FIRE:   54 02:23:02  -116810.406250        0.303993
FIRE:   55 02:23:02  -116810.421875        0.290043
FIRE:   56 02:23:02  -116810.437500        0.281638
FIRE:   57 02:23:02  -116810.500000        0.265401
FIRE:   58 02:23:02  -116810.500000        0.239084
FIRE:   59 02:23:03  -116810.539062        0.220701
FIRE:   60 02:23:03  -116810.578125        0.207214
FIRE:   61 02:23:03  -116810.625000        0.199698
FIRE:   62 02:23:03  -116810.687500        0.195360
FIRE:   63 02:23:03  -116810.742188        0.183879
FIRE:   64 02:23:03  -116810.820312        0.234735
FIRE:   65 02:23:03  -116810.906250        0.715707
FIRE:   66 02:23:03  -116810.945312        2.294722
FIRE:   67 02:23:03  -116811.007812        0.142455
FIRE:   68 02:23:03  -116810.960938        1.967665
FIRE:   69 02:23:03  -116810.992188        1.504790
FIRE:   70 02:23:03  -116811.007812        0.677454
FIRE:   71 02:23:03  -116811.007812        0.338749
FIRE:   72 02:23:03  -116811.015625        0.317677
FIRE:   73 02:23:03  -116811.015625        0.276979
FIRE:   74 02:23:03  -116811.023438        0.219538
FIRE:   75 02:23:03  -116811.007812        0.149707
FIRE:   76 02:23:04  -116811.015625        0.139604
FIRE:   77 02:23:04  -116811.000000        0.139399
FIRE:   78 02:23:04  -116811.015625        0.139155
FIRE:   79 02:23:04  -116811.023438        0.149808
FIRE:   80 02:23:04  -116811.007812        0.186804
FIRE:   81 02:23:04  -116811.007812        0.192882
FIRE:   82 02:23:04  -116811.015625        0.160324
FIRE:   83 02:23:04  -116811.023438        0.136585
FIRE:   84 02:23:04  -116811.023438        0.135653
FIRE:   85 02:23:04  -116811.015625        0.134512
FIRE:   86 02:23:04  -116811.023438        0.151274
FIRE:   87 02:23:04  -116811.039062        0.131456
FIRE:   88 02:23:04  -116811.046875        0.129400
FIRE:   89 02:23:04  -116811.062500        0.135162
FIRE:   90 02:23:04  -116811.078125        0.129922
FIRE:   91 02:23:04  -116811.085938        0.129417
FIRE:   92 02:23:04  -116811.101562        0.126552
FIRE:   93 02:23:05  -116811.117188        0.120617
FIRE:   94 02:23:05  -116811.148438        0.111871
FIRE:   95 02:23:05  -116811.164062        0.127357
FIRE:   96 02:23:05  -116811.203125        0.085028
FIRE:   97 02:23:05  -116811.234375        0.079469
FIRE:   98 02:23:05  -116811.281250        0.078131
FIRE:   99 02:23:05  -116811.320312        0.076889
FIRE:  100 02:23:05  -116811.390625        0.169878
FIRE:  101 02:23:05  -116811.468750        0.923789
FIRE:  102 02:23:05  -116811.492188        0.218611
FIRE:  103 02:23:05  -116811.492188        0.150872
FIRE:  104 02:23:05  -116811.484375        0.072750
FIRE:  105 02:23:05  -116811.484375        0.095020
FIRE:  106 02:23:05  -116811.492188        0.164917
FIRE:  107 02:23:05  -116811.476562        0.164253
FIRE:  108 02:23:05  -116811.484375        0.097854
FIRE:  109 02:23:05  -116811.500000        0.072811
FIRE:  110 02:23:05  -116811.492188        0.111807
FIRE:  111 02:23:06  -116811.500000        0.123029
FIRE:  112 02:23:06  -116811.476562        0.072692
FIRE:  113 02:23:06  -116811.523438        0.104866
FIRE:  114 02:23:06  -116811.484375        0.101080
FIRE:  115 02:23:06  -116811.500000        0.072023
FIRE:  116 02:23:06  -116811.492188        0.092880
FIRE:  117 02:23:06  -116811.546875        0.101996
FIRE:  118 02:23:06  -116811.562500        0.070422
FIRE:  119 02:23:06  -116811.585938        0.101996
FIRE:  120 02:23:06  -116811.617188        0.222975
FIRE:  121 02:23:06  -116811.648438        0.470727
FIRE:  122 02:23:06  -116811.656250        1.124244
FIRE:  123 02:23:06  -116811.664062        0.106409
FIRE:  124 02:23:06  -116811.664062        0.979680
FIRE:  125 02:23:06  -116811.664062        0.744777
FIRE:  126 02:23:06  -116811.664062        0.339542
FIRE:  127 02:23:06  -116811.679688        0.145221
FIRE:  128 02:23:07  -116811.671875        0.137600
FIRE:  129 02:23:07  -116811.679688        0.122718
FIRE:  130 02:23:07  -116811.679688        0.101669
FIRE:  131 02:23:07  -116811.687500        0.076204
FIRE:  132 02:23:07  -116811.671875        0.066040
FIRE:  133 02:23:07  -116811.664062        0.066020
FIRE:  134 02:23:07  -116811.671875        0.066014
FIRE:  135 02:23:07  -116811.679688        0.066002
FIRE:  136 02:23:07  -116811.671875        0.065985
FIRE:  137 02:23:07  -116811.679688        0.072664
FIRE:  138 02:23:07  -116811.671875        0.065957
FIRE:  139 02:23:07  -116811.687500        0.065928
FIRE:  140 02:23:07  -116811.679688        0.065897
FIRE:  141 02:23:07  -116811.671875        0.065861
FIRE:  142 02:23:07  -116811.687500        0.065806
FIRE:  143 02:23:07  -116811.695312        0.065726
FIRE:  144 02:23:07  -116811.695312        0.065614
FIRE:  145 02:23:08  -116811.687500        0.065475
FIRE:  146 02:23:08  -116811.703125        0.065298
FIRE:  147 02:23:08  -116811.718750        0.065068
FIRE:  148 02:23:08  -116811.718750        0.064788
FIRE:  149 02:23:08  -116811.718750        0.064430
FIRE:  150 02:23:08  -116811.710938        0.063971
FIRE:  151 02:23:08  -116811.726562        0.063454
FIRE:  152 02:23:08  -116811.757812        0.062841
FIRE:  153 02:23:08  -116811.812500        0.062134
FIRE:  154 02:23:08  -116811.835938        0.142086
FIRE:  155 02:23:08  -116811.859375        0.383648
FIRE:  156 02:23:08  -116811.875000        1.094500
FIRE:  157 02:23:08  -116811.890625        0.067556
FIRE:  158 02:23:08  -116811.882812        0.979129
FIRE:  159 02:23:08  -116811.882812        0.736964
FIRE:  160 02:23:08  -116811.890625        0.319972
FIRE:  161 02:23:08  -116811.906250        0.171332
FIRE:  162 02:23:09  -116811.890625        0.161640
FIRE:  163 02:23:09  -116811.835938        0.142948
FIRE:  164 02:23:09  -116811.851562        0.116503
FIRE:  165 02:23:09  -116811.859375        0.084398
FIRE:  166 02:23:09  -116811.851562        0.059108
FIRE:  167 02:23:09  -116811.867188        0.059101
FIRE:  168 02:23:09  -116811.851562        0.059096
FIRE:  169 02:23:09  -116811.859375        0.060256
FIRE:  170 02:23:09  -116811.867188        0.080279
FIRE:  171 02:23:09  -116811.859375        0.086566
FIRE:  172 02:23:09  -116811.867188        0.075096
FIRE:  173 02:23:09  -116811.867188        0.059031
FIRE:  174 02:23:09  -116811.859375        0.059006
FIRE:  175 02:23:09  -116811.859375        0.058971
FIRE:  176 02:23:09  -116811.859375        0.073645
FIRE:  177 02:23:09  -116811.843750        0.058842
FIRE:  178 02:23:10  -116811.882812        0.058738
FIRE:  179 02:23:10  -116811.867188        0.058607
FIRE:  180 02:23:10  -116811.890625        0.058436
FIRE:  181 02:23:10  -116811.882812        0.058208
FIRE:  182 02:23:10  -116811.890625        0.063105
FIRE:  183 02:23:10  -116811.867188        0.057506
FIRE:  184 02:23:10  -116811.914062        0.057023
FIRE:  185 02:23:10  -116811.906250        0.056471
FIRE:  186 02:23:10  -116811.921875        0.055733
FIRE:  187 02:23:10  -116811.953125        0.054927
FIRE:  188 02:23:10  -116811.992188        0.117816
FIRE:  189 02:23:10  -116812.015625        0.351190
FIRE:  190 02:23:10  -116812.031250        1.071937
FIRE:  191 02:23:10  -116812.039062        0.051212
FIRE:  192 02:23:10  -116812.039062        0.976622
FIRE:  193 02:23:10  -116812.039062        0.726742
FIRE:  194 02:23:10  -116812.046875        0.298466
FIRE:  195 02:23:10  -116812.046875        0.200376
FIRE:  196 02:23:11  -116812.054688        0.188459
FIRE:  197 02:23:11  -116812.046875        0.165473
FIRE:  198 02:23:11  -116812.046875        0.132994
FIRE:  199 02:23:11  -116812.070312        0.093411
FIRE:  200 02:23:11  -116812.046875        0.051249
FIRE:  201 02:23:11  -116812.046875        0.051251
FIRE:  202 02:23:11  -116812.046875        0.051247
FIRE:  203 02:23:11  -116812.054688        0.076079
FIRE:  204 02:23:11  -116812.046875        0.097913
FIRE:  205 02:23:11  -116812.046875        0.102456
FIRE:  206 02:23:11  -116812.046875        0.085554
FIRE:  207 02:23:11  -116812.046875        0.051210
FIRE:  208 02:23:11  -116812.046875        0.051196
FIRE:  209 02:23:11  -116812.054688        0.066278
FIRE:  210 02:23:11  -116812.054688        0.085314
FIRE:  211 02:23:11  -116812.054688        0.059224
FIRE:  212 02:23:11  -116812.054688        0.051003
FIRE:  213 02:23:12  -116812.062500        0.068370
FIRE:  214 02:23:12  -116812.062500        0.052251
FIRE:  215 02:23:12  -116812.070312        0.050560
FIRE:  216 02:23:12  -116812.070312        0.069328
FIRE:  217 02:23:12  -116812.078125        0.050134
FIRE:  218 02:23:12  -116812.093750        0.057920
FIRE:  219 02:23:12  -116812.101562        0.073052
FIRE:  220 02:23:12  -116812.101562        0.048871
