      Step     Time          Energy          fmax
FIRE:    0 05:01:03  -130353.484375        3.701762
FIRE:    1 05:01:03  -130354.601562        2.363657
FIRE:    2 05:01:05  -130355.203125        2.598643
FIRE:    3 05:01:07  -130355.414062        1.875060
FIRE:    4 05:01:07  -130355.671875        1.091460
FIRE:    5 05:01:07  -130355.843750        1.777639
FIRE:    6 05:01:07  -130355.945312        1.945047
FIRE:    7 05:01:07  -130356.148438        1.544654
FIRE:    8 05:01:07  -130356.421875        1.336216
FIRE:    9 05:01:07  -130356.664062        1.475228
FIRE:   10 05:01:07  -130356.929688        1.357529
FIRE:   11 05:01:07  -130357.101562        1.047751
FIRE:   12 05:01:07  -130357.351562        1.095625
FIRE:   13 05:01:07  -130357.625000        0.777606
FIRE:   14 05:01:07  -130357.882812        1.047159
FIRE:   15 05:01:07  -130358.148438        1.284576
FIRE:   16 05:01:08  -130358.406250        1.111338
FIRE:   17 05:01:08  -130358.640625        1.082185
FIRE:   18 05:01:08  -130358.882812        1.110188
FIRE:   19 05:01:08  -130359.117188        1.114409
FIRE:   20 05:01:09  -130359.289062        0.753223
FIRE:   21 05:01:09  -130359.468750        0.773196
FIRE:   22 05:01:09  -130359.632812        0.934189
FIRE:   23 05:01:09  -130359.835938        1.405842
FIRE:   24 05:01:09  -130360.000000        1.694038
FIRE:   25 05:01:10  -130360.046875        1.396712
FIRE:   26 05:01:10  -130360.015625        0.789248
FIRE:   27 05:01:10  -130360.085938        0.296207
FIRE:   28 05:01:10  -130360.031250        0.806683
FIRE:   29 05:01:10  -130360.062500        0.902153
FIRE:   30 05:01:10  -130360.085938        0.574012
FIRE:   31 05:01:10  -130360.093750        0.213118
FIRE:   32 05:01:10  -130360.109375        0.753415
FIRE:   33 05:01:10  -130360.140625        0.756320
FIRE:   34 05:01:10  -130360.218750        0.185894
FIRE:   35 05:01:10  -130360.265625        0.603626
FIRE:   36 05:01:10  -130360.304688        0.433108
FIRE:   37 05:01:10  -130360.367188        0.596388
FIRE:   38 05:01:10  -130360.375000        0.410732
FIRE:   39 05:01:10  -130360.484375        0.697596
FIRE:   40 05:01:10  -130360.507812        0.333724
FIRE:   41 05:01:10  -130360.609375        0.376105
FIRE:   42 05:01:10  -130360.679688        0.909329
FIRE:   43 05:01:10  -130360.773438        1.938598
FIRE:   44 05:01:10  -130360.843750        0.196120
FIRE:   45 05:01:11  -130360.781250        1.455523
FIRE:   46 05:01:11  -130360.820312        1.164201
FIRE:   47 05:01:11  -130360.835938        0.623862
FIRE:   48 05:01:11  -130360.820312        0.158814
FIRE:   49 05:01:11  -130360.812500        0.721187
FIRE:   50 05:01:11  -130360.812500        0.683765
FIRE:   51 05:01:11  -130360.820312        0.611361
FIRE:   52 05:01:11  -130360.828125        0.508856
FIRE:   53 05:01:11  -130360.820312        0.383342
FIRE:   54 05:01:11  -130360.828125        0.244191
FIRE:   55 05:01:11  -130360.828125        0.120456
FIRE:   56 05:01:11  -130360.828125        0.188610
FIRE:   57 05:01:11  -130360.828125        0.276327
FIRE:   58 05:01:11  -130360.828125        0.341726
FIRE:   59 05:01:11  -130360.835938        0.369116
FIRE:   60 05:01:11  -130360.867188        0.347498
FIRE:   61 05:01:11  -130360.867188        0.271795
FIRE:   62 05:01:11  -130360.851562        0.154046
FIRE:   63 05:01:11  -130360.851562        0.184995
FIRE:   64 05:01:12  -130360.867188        0.310401
FIRE:   65 05:01:12  -130360.875000        0.315096
FIRE:   66 05:01:12  -130360.906250        0.173951
FIRE:   67 05:01:12  -130360.921875        0.184310
FIRE:   68 05:01:12  -130360.914062        0.269489
FIRE:   69 05:01:12  -130360.953125        0.162588
FIRE:   70 05:01:12  -130360.976562        0.230875
FIRE:   71 05:01:12  -130361.007812        0.220083
FIRE:   72 05:01:12  -130361.054688        0.199263
FIRE:   73 05:01:12  -130361.101562        0.160449
FIRE:   74 05:01:12  -130361.109375        0.304510
FIRE:   75 05:01:12  -130361.164062        0.244982
FIRE:   76 05:01:12  -130361.234375        0.270794
FIRE:   77 05:01:12  -130361.296875        0.425282
FIRE:   78 05:01:12  -130361.390625        1.397850
FIRE:   79 05:01:12  -130361.382812        3.580468
FIRE:   80 05:01:12  -130361.523438        0.274100
FIRE:   81 05:01:13  -130361.406250        4.319007
FIRE:   82 05:01:13  -130361.476562        2.876604
FIRE:   83 05:01:13  -130361.546875        0.721578
FIRE:   84 05:01:13  -130361.515625        1.298763
FIRE:   85 05:01:13  -130361.500000        1.214181
FIRE:   86 05:01:13  -130361.507812        1.048840
FIRE:   87 05:01:13  -130361.500000        0.825471
FIRE:   88 05:01:13  -130361.507812        0.570087
FIRE:   89 05:01:13  -130361.500000        0.277739
FIRE:   90 05:01:13  -130361.500000        0.173741
FIRE:   91 05:01:13  -130361.507812        0.473741
FIRE:   92 05:01:13  -130361.500000        0.466455
FIRE:   93 05:01:13  -130361.531250        0.451990
FIRE:   94 05:01:13  -130361.531250        0.430695
FIRE:   95 05:01:13  -130361.507812        0.402962
FIRE:   96 05:01:13  -130361.531250        0.369505
FIRE:   97 05:01:13  -130361.531250        0.331001
FIRE:   98 05:01:14  -130361.515625        0.288502
FIRE:   99 05:01:14  -130361.507812        0.238136
FIRE:  100 05:01:14  -130361.539062        0.180227
FIRE:  101 05:01:14  -130361.507812        0.116249
FIRE:  102 05:01:14  -130361.507812        0.089145
FIRE:  103 05:01:14  -130361.523438        0.122823
FIRE:  104 05:01:14  -130361.539062        0.170447
FIRE:  105 05:01:14  -130361.507812        0.204637
FIRE:  106 05:01:14  -130361.507812        0.218389
FIRE:  107 05:01:14  -130361.523438        0.205493
FIRE:  108 05:01:14  -130361.546875        0.162475
FIRE:  109 05:01:14  -130361.507812        0.092226
FIRE:  110 05:01:14  -130361.546875        0.095334
FIRE:  111 05:01:14  -130361.531250        0.174178
FIRE:  112 05:01:14  -130361.539062        0.199294
FIRE:  113 05:01:14  -130361.546875        0.145530
FIRE:  114 05:01:14  -130361.539062        0.087994
FIRE:  115 05:01:15  -130361.585938        0.152246
FIRE:  116 05:01:15  -130361.570312        0.146262
FIRE:  117 05:01:15  -130361.585938        0.087331
FIRE:  118 05:01:15  -130361.593750        0.177550
FIRE:  119 05:01:15  -130361.640625        0.086524
FIRE:  120 05:01:15  -130361.640625        0.158783
FIRE:  121 05:01:15  -130361.679688        0.085381
FIRE:  122 05:01:15  -130361.703125        0.157524
FIRE:  123 05:01:15  -130361.765625        0.208571
FIRE:  124 05:01:15  -130361.789062        0.326611
FIRE:  125 05:01:15  -130361.835938        0.534168
FIRE:  126 05:01:15  -130361.906250        1.539209
FIRE:  127 05:01:15  -130361.875000        3.541842
FIRE:  128 05:01:15  -130361.992188        0.338372
FIRE:  129 05:01:15  -130361.890625        4.209324
FIRE:  130 05:01:15  -130361.929688        2.840150
FIRE:  131 05:01:15  -130362.000000        0.771813
FIRE:  132 05:01:16  -130361.992188        1.215276
FIRE:  133 05:01:16  -130361.984375        1.137698
FIRE:  134 05:01:16  -130361.968750        0.986077
FIRE:  135 05:01:16  -130361.976562        0.774019
FIRE:  136 05:01:16  -130361.984375        0.540909
FIRE:  137 05:01:16  -130362.000000        0.273999
FIRE:  138 05:01:16  -130362.000000        0.138827
FIRE:  139 05:01:16  -130361.984375        0.419044
FIRE:  140 05:01:16  -130362.007812        0.412770
FIRE:  141 05:01:16  -130362.007812        0.400336
FIRE:  142 05:01:16  -130362.007812        0.381974
FIRE:  143 05:01:16  -130361.992188        0.358114
FIRE:  144 05:01:16  -130361.992188        0.329226
FIRE:  145 05:01:16  -130361.992188        0.295958
FIRE:  146 05:01:16  -130361.984375        0.259172
FIRE:  147 05:01:16  -130361.984375        0.215465
FIRE:  148 05:01:16  -130361.984375        0.165064
FIRE:  149 05:01:17  -130362.000000        0.109131
FIRE:  150 05:01:17  -130362.000000        0.078128
FIRE:  151 05:01:17  -130361.984375        0.107883
FIRE:  152 05:01:17  -130362.007812        0.149404
FIRE:  153 05:01:17  -130362.000000        0.180386
FIRE:  154 05:01:17  -130362.007812        0.194383
FIRE:  155 05:01:17  -130362.015625        0.185707
FIRE:  156 05:01:17  -130361.992188        0.151126
FIRE:  157 05:01:17  -130362.015625        0.093033
FIRE:  158 05:01:17  -130362.007812        0.078109
FIRE:  159 05:01:17  -130362.000000        0.147050
FIRE:  160 05:01:17  -130361.992188        0.176329
FIRE:  161 05:01:17  -130362.007812        0.137336
FIRE:  162 05:01:17  -130362.007812        0.077765
FIRE:  163 05:01:17  -130362.007812        0.130038
FIRE:  164 05:01:17  -130362.023438        0.137307
FIRE:  165 05:01:17  -130362.031250        0.077248
FIRE:  166 05:01:17  -130362.039062        0.153710
FIRE:  167 05:01:18  -130362.054688        0.086456
FIRE:  168 05:01:18  -130362.070312        0.136370
FIRE:  169 05:01:18  -130362.085938        0.075736
FIRE:  170 05:01:18  -130362.109375        0.160882
FIRE:  171 05:01:18  -130362.148438        0.175040
FIRE:  172 05:01:18  -130362.203125        0.231184
FIRE:  173 05:01:18  -130362.218750        0.348086
FIRE:  174 05:01:18  -130362.250000        1.032582
FIRE:  175 05:01:18  -130362.296875        2.515103
FIRE:  176 05:01:18  -130362.328125        0.183305
FIRE:  177 05:01:18  -130362.281250        2.770682
FIRE:  178 05:01:18  -130362.296875        1.947555
FIRE:  179 05:01:18  -130362.343750        0.637604
FIRE:  180 05:01:18  -130362.320312        0.706722
FIRE:  181 05:01:18  -130362.335938        0.660122
FIRE:  182 05:01:18  -130362.328125        0.575198
FIRE:  183 05:01:18  -130362.343750        0.465193
FIRE:  184 05:01:19  -130362.351562        0.328373
FIRE:  185 05:01:19  -130362.328125        0.174459
FIRE:  186 05:01:19  -130362.351562        0.084568
FIRE:  187 05:01:19  -130362.351562        0.244756
FIRE:  188 05:01:19  -130362.320312        0.374846
FIRE:  189 05:01:19  -130362.351562        0.451976
FIRE:  190 05:01:19  -130362.343750        0.456219
FIRE:  191 05:01:19  -130362.312500        0.373718
FIRE:  192 05:01:19  -130362.328125        0.205242
FIRE:  193 05:01:19  -130362.328125        0.083302
FIRE:  194 05:01:19  -130362.359375        0.246279
FIRE:  195 05:01:19  -130362.335938        0.308869
FIRE:  196 05:01:19  -130362.335938        0.224468
FIRE:  197 05:01:19  -130362.375000        0.076135
FIRE:  198 05:01:19  -130362.343750        0.304507
FIRE:  199 05:01:19  -130362.359375        0.261591
FIRE:  200 05:01:19  -130362.359375        0.126692
FIRE:  201 05:01:20  -130362.382812        0.258716
FIRE:  202 05:01:20  -130362.390625        0.079163
FIRE:  203 05:01:20  -130362.406250        0.286323
FIRE:  204 05:01:20  -130362.429688        0.206211
FIRE:  205 05:01:22  -130362.445312        0.067186
FIRE:  206 05:01:22  -130362.382812        0.246180
FIRE:  207 05:01:23  -130362.406250        0.522101
FIRE:  208 05:01:23  -130362.429688        1.428905
FIRE:  209 05:01:23  -130362.398438        3.217325
FIRE:  210 05:01:23  -130362.492188        0.235099
FIRE:  211 05:01:23  -130362.375000        3.765410
FIRE:  212 05:01:23  -130362.437500        2.552922
FIRE:  213 05:01:23  -130362.453125        0.699783
FIRE:  214 05:01:23  -130362.507812        1.108840
FIRE:  215 05:01:23  -130362.484375        1.037252
FIRE:  216 05:01:23  -130362.476562        0.897419
FIRE:  217 05:01:23  -130362.476562        0.696402
FIRE:  218 05:01:23  -130362.484375        0.475140
FIRE:  219 05:01:23  -130362.476562        0.232101
FIRE:  220 05:01:23  -130362.484375        0.134264
FIRE:  221 05:01:23  -130362.484375        0.387217
FIRE:  222 05:01:23  -130362.492188        0.381304
FIRE:  223 05:01:23  -130362.484375        0.369558
FIRE:  224 05:01:23  -130362.500000        0.352235
FIRE:  225 05:01:24  -130362.492188        0.329682
FIRE:  226 05:01:24  -130362.500000        0.302395
FIRE:  227 05:01:24  -130362.492188        0.270953
FIRE:  228 05:01:24  -130362.476562        0.236110
FIRE:  229 05:01:24  -130362.500000        0.194664
FIRE:  230 05:01:24  -130362.484375        0.146831
FIRE:  231 05:01:24  -130362.484375        0.093740
FIRE:  232 05:01:24  -130362.484375        0.063502
FIRE:  233 05:01:24  -130362.492188        0.096210
FIRE:  234 05:01:24  -130362.484375        0.135429
FIRE:  235 05:01:24  -130362.500000        0.164182
FIRE:  236 05:01:24  -130362.484375        0.176648
FIRE:  237 05:01:24  -130362.484375        0.167767
FIRE:  238 05:01:24  -130362.484375        0.134525
FIRE:  239 05:01:24  -130362.476562        0.079111
FIRE:  240 05:01:24  -130362.484375        0.067607
FIRE:  241 05:01:25  -130362.492188        0.135736
FIRE:  242 05:01:25  -130362.500000        0.161908
FIRE:  243 05:01:25  -130362.492188        0.123706
FIRE:  244 05:01:25  -130362.500000        0.063333
FIRE:  245 05:01:25  -130362.507812        0.117811
FIRE:  246 05:01:25  -130362.507812        0.123038
FIRE:  247 05:01:25  -130362.515625        0.063024
FIRE:  248 05:01:25  -130362.523438        0.140704
FIRE:  249 05:01:25  -130362.531250        0.075920
FIRE:  250 05:01:25  -130362.531250        0.123915
FIRE:  251 05:01:25  -130362.546875        0.062196
FIRE:  252 05:01:25  -130362.593750        0.148678
FIRE:  253 05:01:25  -130362.593750        0.158293
FIRE:  254 05:01:25  -130362.609375        0.196847
FIRE:  255 05:01:25  -130362.656250        0.266259
FIRE:  256 05:01:25  -130362.796875        0.680282
FIRE:  257 05:01:25  -130362.734375        1.549944
FIRE:  258 05:01:26  -130362.835938        0.062312
FIRE:  259 05:01:26  -130362.781250        1.625809
FIRE:  260 05:01:26  -130362.859375        1.170374
FIRE:  261 05:01:26  -130362.796875        0.419817
FIRE:  262 05:01:26  -130362.843750        0.396923
FIRE:  263 05:01:26  -130362.835938        0.374284
FIRE:  264 05:01:26  -130362.851562        0.330291
FIRE:  265 05:01:26  -130362.851562        0.267637
FIRE:  266 05:01:26  -130362.859375        0.190436
FIRE:  267 05:01:26  -130362.789062        0.104748
FIRE:  268 05:01:26  -130362.804688        0.063019
FIRE:  269 05:01:26  -130362.867188        0.151056
FIRE:  270 05:01:26  -130362.843750        0.221813
FIRE:  271 05:01:26  -130362.859375        0.262710
FIRE:  272 05:01:26  -130362.843750        0.263126
FIRE:  273 05:01:26  -130362.851562        0.215700
FIRE:  274 05:01:26  -130362.851562        0.121358
FIRE:  275 05:01:27  -130362.851562        0.065634
FIRE:  276 05:01:27  -130362.851562        0.153501
FIRE:  277 05:01:27  -130362.835938        0.184023
FIRE:  278 05:01:27  -130362.867188        0.131900
FIRE:  279 05:01:27  -130362.859375        0.064800
FIRE:  280 05:01:27  -130362.820312        0.183063
FIRE:  281 05:01:27  -130362.867188        0.147812
FIRE:  282 05:01:27  -130362.882812        0.091875
FIRE:  283 05:01:27  -130362.835938        0.151242
FIRE:  284 05:01:27  -130362.898438        0.072163
FIRE:  285 05:01:27  -130362.921875        0.157555
FIRE:  286 05:01:27  -130362.914062        0.136320
FIRE:  287 05:01:27  -130362.929688        0.057745
FIRE:  288 05:01:27  -130362.953125        0.103476
FIRE:  289 05:01:27  -130362.984375        0.233776
FIRE:  290 05:01:27  -130362.992188        0.818216
FIRE:  291 05:01:27  -130362.992188        2.189114
FIRE:  292 05:01:28  -130363.015625        0.055335
FIRE:  293 05:01:28  -130363.000000        2.362272
FIRE:  294 05:01:28  -130363.000000        1.645259
FIRE:  295 05:01:28  -130363.062500        0.500360
FIRE:  296 05:01:28  -130363.039062        0.675180
FIRE:  297 05:01:28  -130363.070312        0.629161
FIRE:  298 05:01:28  -130363.046875        0.539749
FIRE:  299 05:01:28  -130363.023438        0.419086
FIRE:  300 05:01:28  -130363.023438        0.286336
FIRE:  301 05:01:28  -130363.007812        0.137620
FIRE:  302 05:01:28  -130363.062500        0.098141
FIRE:  303 05:01:28  -130363.023438        0.248853
FIRE:  304 05:01:28  -130363.015625        0.366254
FIRE:  305 05:01:28  -130363.023438        0.430296
FIRE:  306 05:01:28  -130363.007812        0.423721
FIRE:  307 05:01:28  -130363.023438        0.335083
FIRE:  308 05:01:28  -130363.070312        0.167092
FIRE:  309 05:01:29  -130363.054688        0.093837
FIRE:  310 05:01:29  -130363.031250        0.240171
FIRE:  311 05:01:29  -130363.031250        0.285721
FIRE:  312 05:01:29  -130363.031250        0.192336
FIRE:  313 05:01:29  -130363.062500        0.091822
FIRE:  314 05:01:29  -130363.023438        0.291002
FIRE:  315 05:01:29  -130363.031250        0.224133
FIRE:  316 05:01:29  -130363.054688        0.134521
FIRE:  317 05:01:29  -130363.085938        0.229933
FIRE:  318 05:01:29  -130363.070312        0.101006
FIRE:  319 05:01:29  -130363.023438        0.240381
FIRE:  320 05:01:29  -130363.093750        0.211607
FIRE:  321 05:01:29  -130363.132812        0.080826
FIRE:  322 05:01:29  -130363.140625        0.134844
FIRE:  323 05:01:29  -130363.132812        0.330281
FIRE:  324 05:01:29  -130363.164062        1.056630
FIRE:  325 05:01:29  -130363.164062        2.642281
FIRE:  326 05:01:30  -130363.210938        0.076549
FIRE:  327 05:01:30  -130363.210938        0.056014
FIRE:  328 05:01:30  -130363.218750        0.050034
FIRE:  329 05:01:30  -130363.195312        0.049948
