      Step     Time          Energy          fmax
FIRE:    0 12:11:36  -845590.062500        3.861215
FIRE:    1 12:11:37  -845591.062500        3.402778
FIRE:    2 12:11:39  -845592.250000        2.650026
FIRE:    3 12:11:39  -845593.437500        2.150018
FIRE:    4 12:11:39  -845594.500000        2.072720
FIRE:    5 12:11:39  -845595.312500        2.255433
FIRE:    6 12:11:39  -845595.875000        2.341547
FIRE:    7 12:11:39  -845596.562500        2.130110
FIRE:    8 12:11:41  -845597.562500        1.743673
FIRE:    9 12:11:41  -845598.312500        1.999182
FIRE:   10 12:11:41  -845599.125000        2.157372
FIRE:   11 12:11:41  -845599.875000        2.166323
FIRE:   12 12:11:41  -845600.625000        2.109930
FIRE:   13 12:11:41  -845601.312500        2.045857
FIRE:   14 12:11:41  -845602.000000        2.011236
FIRE:   15 12:11:41  -845602.375000        1.899244
FIRE:   16 12:11:41  -845603.250000        1.712605
FIRE:   17 12:11:41  -845603.687500        1.589031
FIRE:   18 12:11:41  -845604.250000        1.505801
FIRE:   19 12:11:41  -845604.750000        1.140417
FIRE:   20 12:11:41  -845605.375000        0.674757
FIRE:   21 12:11:41  -845605.625000        1.896414
FIRE:   22 12:11:41  -845605.812500        3.370761
FIRE:   23 12:11:41  -845606.187500        3.665444
FIRE:   24 12:11:42  -845606.500000        2.414731
FIRE:   25 12:11:42  -845607.125000        0.998728
FIRE:   26 12:11:42  -845607.437500        0.678660
FIRE:   27 12:11:43  -845607.875000        0.994403
FIRE:   28 12:11:44  -845607.750000        1.145720
FIRE:   29 12:11:44  -845608.312500        1.137438
FIRE:   30 12:11:44  -845608.812500        0.986754
FIRE:   31 12:11:44  -845608.812500        0.705663
FIRE:   32 12:11:44  -845609.312500        0.490885
FIRE:   33 12:11:44  -845609.625000        0.536212
FIRE:   34 12:11:44  -845609.875000        0.888725
FIRE:   35 12:11:44  -845610.187500        0.909241
FIRE:   36 12:11:44  -845610.437500        0.593991
FIRE:   37 12:11:44  -845610.625000        0.380312
FIRE:   38 12:11:44  -845610.875000        0.712715
FIRE:   39 12:11:44  -845611.062500        0.878131
FIRE:   40 12:11:44  -845611.312500        0.808595
FIRE:   41 12:11:44  -845611.500000        0.517721
FIRE:   42 12:11:44  -845611.687500        0.260021
FIRE:   43 12:11:44  -845611.562500        0.496173
FIRE:   44 12:11:44  -845612.000000        0.612882
FIRE:   45 12:11:44  -845612.250000        0.549467
FIRE:   46 12:11:44  -845612.437500        0.347541
FIRE:   47 12:11:44  -845612.625000        0.345221
FIRE:   48 12:11:45  -845612.750000        0.421573
FIRE:   49 12:11:45  -845612.937500        0.446802
FIRE:   50 12:11:45  -845612.750000        0.359890
FIRE:   51 12:11:45  -845613.125000        0.225717
FIRE:   52 12:11:45  -845613.250000        0.212417
FIRE:   53 12:11:45  -845613.500000        0.441949
FIRE:   54 12:11:45  -845613.687500        0.481697
FIRE:   55 12:11:45  -845613.812500        0.395720
FIRE:   56 12:11:45  -845614.000000        0.278816
FIRE:   57 12:11:45  -845614.125000        0.295791
FIRE:   58 12:11:45  -845614.125000        0.312363
FIRE:   59 12:11:45  -845613.937500        0.330572
FIRE:   60 12:11:45  -845614.562500        0.325996
FIRE:   61 12:11:45  -845614.250000        0.294040
FIRE:   62 12:11:45  -845614.375000        0.333539
FIRE:   63 12:11:45  -845614.937500        0.402045
FIRE:   64 12:11:45  -845615.125000        0.388474
FIRE:   65 12:11:45  -845615.250000        0.339426
FIRE:   66 12:11:45  -845615.375000        0.353651
FIRE:   67 12:11:45  -845615.562500        0.411232
FIRE:   68 12:11:46  -845615.687500        0.462698
FIRE:   69 12:11:46  -845615.812500        0.514105
FIRE:   70 12:11:46  -845616.000000        0.566809
FIRE:   71 12:11:46  -845616.125000        0.609792
FIRE:   72 12:11:46  -845616.187500        0.642902
FIRE:   73 12:11:46  -845616.312500        0.654679
FIRE:   74 12:11:46  -845616.250000        0.633840
FIRE:   75 12:11:46  -845616.625000        0.559902
FIRE:   76 12:11:46  -845616.562500        0.444872
FIRE:   77 12:11:46  -845616.687500        0.499971
FIRE:   78 12:11:46  -845616.937500        0.693375
FIRE:   79 12:11:46  -845616.875000        0.840712
FIRE:   80 12:11:46  -845617.250000        0.850275
FIRE:   81 12:11:46  -845617.312500        0.794303
FIRE:   82 12:11:46  -845617.375000        0.679024
FIRE:   83 12:11:46  -845617.312500        0.484195
FIRE:   84 12:11:46  -845617.312500        0.842270
FIRE:   85 12:11:46  -845617.375000        1.146886
FIRE:   86 12:11:46  -845617.500000        1.185124
FIRE:   87 12:11:46  -845617.562500        0.967972
FIRE:   88 12:11:47  -845617.312500        0.638527
FIRE:   89 12:11:47  -845617.687500        0.513015
FIRE:   90 12:11:47  -845617.750000        0.602374
FIRE:   91 12:11:47  -845617.562500        0.740854
FIRE:   92 12:11:47  -845617.875000        0.733677
FIRE:   93 12:11:47  -845617.937500        0.614988
FIRE:   94 12:11:47  -845618.000000        0.628594
FIRE:   95 12:11:47  -845618.062500        0.707383
FIRE:   96 12:11:47  -845618.125000        0.757869
FIRE:   97 12:11:47  -845618.187500        0.755040
FIRE:   98 12:11:47  -845618.000000        0.695406
FIRE:   99 12:11:47  -845618.375000        0.582679
FIRE:  100 12:11:47  -845618.000000        0.427887
FIRE:  101 12:11:47  -845618.500000        0.344821
FIRE:  102 12:11:47  -845618.500000        0.396982
FIRE:  103 12:11:47  -845618.562500        0.406321
FIRE:  104 12:11:47  -845618.500000        0.378317
FIRE:  105 12:11:47  -845618.625000        0.443109
FIRE:  106 12:11:48  -845618.625000        0.489623
FIRE:  107 12:11:48  -845618.625000        0.479585
FIRE:  108 12:11:48  -845618.687500        0.418389
FIRE:  109 12:11:48  -845618.500000        0.327137
FIRE:  110 12:11:48  -845618.562500        0.269859
FIRE:  111 12:11:48  -845618.500000        0.303996
FIRE:  112 12:11:48  -845618.812500        0.363363
FIRE:  113 12:11:48  -845618.875000        0.370147
FIRE:  114 12:11:48  -845618.562500        0.301326
FIRE:  115 12:11:48  -845618.562500        0.248095
FIRE:  116 12:11:48  -845619.000000        0.262049
FIRE:  117 12:11:48  -845618.812500        0.279111
FIRE:  118 12:11:48  -845619.062500        0.299863
FIRE:  119 12:11:48  -845619.187500        0.299183
FIRE:  120 12:11:48  -845619.187500        0.273503
FIRE:  121 12:11:48  -845619.000000        0.239305
FIRE:  122 12:11:48  -845618.937500        0.236566
FIRE:  123 12:11:48  -845618.937500        0.243125
FIRE:  124 12:11:48  -845619.437500        0.259690
FIRE:  125 12:11:48  -845619.437500        0.206886
FIRE:  126 12:11:49  -845619.437500        0.232713
FIRE:  127 12:11:49  -845619.375000        0.272811
FIRE:  128 12:11:49  -845619.375000        0.296271
FIRE:  129 12:11:49  -845619.437500        0.280454
FIRE:  130 12:11:49  -845619.625000        0.255578
FIRE:  131 12:11:49  -845619.687500        0.235344
FIRE:  132 12:11:49  -845619.625000        0.229785
FIRE:  133 12:11:49  -845619.500000        0.310624
FIRE:  134 12:11:49  -845619.437500        0.332999
FIRE:  135 12:11:49  -845619.437500        0.296868
FIRE:  136 12:11:49  -845619.437500        0.236229
FIRE:  137 12:11:49  -845619.812500        0.215470
FIRE:  138 12:11:49  -845619.875000        0.263662
FIRE:  139 12:11:49  -845619.875000        0.284410
FIRE:  140 12:11:49  -845619.937500        0.273779
FIRE:  141 12:11:49  -845619.937500        0.275704
FIRE:  142 12:11:49  -845619.750000        0.278763
FIRE:  143 12:11:49  -845619.687500        0.240984
FIRE:  144 12:11:49  -845619.937500        0.213515
FIRE:  145 12:11:49  -845619.750000        0.236271
FIRE:  146 12:11:50  -845619.937500        0.288529
FIRE:  147 12:11:50  -845619.937500        0.329973
FIRE:  148 12:11:50  -845619.937500        0.329391
FIRE:  149 12:11:50  -845619.937500        0.287161
FIRE:  150 12:11:50  -845620.000000        0.244650
FIRE:  151 12:11:50  -845620.062500        0.240790
FIRE:  152 12:11:50  -845620.062500        0.261692
FIRE:  153 12:11:50  -845620.187500        0.274304
FIRE:  154 12:11:50  -845620.187500        0.272372
FIRE:  155 12:11:50  -845619.875000        0.255437
FIRE:  156 12:11:50  -845619.875000        0.224369
FIRE:  157 12:11:50  -845619.937500        0.178500
FIRE:  158 12:11:50  -845619.937500        0.227531
FIRE:  159 12:11:50  -845619.937500        0.243790
FIRE:  160 12:11:50  -845620.000000        0.283890
FIRE:  161 12:11:50  -845620.000000        0.255995
FIRE:  162 12:11:50  -845620.062500        0.166713
FIRE:  163 12:11:50  -845620.062500        0.148786
FIRE:  164 12:11:50  -845620.062500        0.217330
FIRE:  165 12:11:50  -845620.125000        0.279846
FIRE:  166 12:11:51  -845620.125000        0.265332
FIRE:  167 12:11:51  -845620.250000        0.206776
FIRE:  168 12:11:51  -845620.187500        0.198398
FIRE:  169 12:11:51  -845620.312500        0.237074
FIRE:  170 12:11:51  -845620.312500        0.236740
FIRE:  171 12:11:51  -845620.437500        0.193547
FIRE:  172 12:11:51  -845620.437500        0.192588
FIRE:  173 12:11:51  -845620.687500        0.248334
FIRE:  174 12:11:51  -845620.500000        0.266647
FIRE:  175 12:11:51  -845620.687500        0.208301
FIRE:  176 12:11:51  -845620.562500        0.181273
FIRE:  177 12:11:51  -845620.562500        0.217863
FIRE:  178 12:11:51  -845620.750000        0.232385
FIRE:  179 12:11:51  -845620.812500        0.245022
FIRE:  180 12:11:51  -845620.625000        0.190531
FIRE:  181 12:11:51  -845620.437500        0.135464
FIRE:  182 12:11:51  -845620.500000        0.099808
FIRE:  183 12:11:51  -845620.875000        0.175566
FIRE:  184 12:11:51  -845620.500000        0.201939
FIRE:  185 12:11:51  -845620.937500        0.165241
FIRE:  186 12:11:52  -845620.625000        0.145656
FIRE:  187 12:11:52  -845620.937500        0.132829
FIRE:  188 12:11:52  -845620.562500        0.158475
FIRE:  189 12:11:52  -845620.562500        0.175343
FIRE:  190 12:11:52  -845620.625000        0.172614
FIRE:  191 12:11:52  -845620.625000        0.174197
FIRE:  192 12:11:52  -845620.625000        0.181503
FIRE:  193 12:11:52  -845620.625000        0.166710
FIRE:  194 12:11:52  -845620.687500        0.131313
FIRE:  195 12:11:52  -845620.750000        0.141649
FIRE:  196 12:11:52  -845620.812500        0.146390
FIRE:  197 12:11:52  -845621.062500        0.152804
FIRE:  198 12:11:52  -845620.812500        0.122783
FIRE:  199 12:11:52  -845620.812500        0.118786
FIRE:  200 12:11:52  -845620.812500        0.112020
FIRE:  201 12:11:52  -845620.750000        0.151665
FIRE:  202 12:11:52  -845620.687500        0.166684
FIRE:  203 12:11:52  -845620.812500        0.156525
FIRE:  204 12:11:52  -845620.750000        0.157722
FIRE:  205 12:11:53  -845620.812500        0.143457
FIRE:  206 12:11:53  -845620.750000        0.142815
FIRE:  207 12:11:53  -845620.812500        0.127316
FIRE:  208 12:11:53  -845620.812500        0.107333
FIRE:  209 12:11:53  -845620.812500        0.112696
FIRE:  210 12:11:53  -845620.812500        0.133587
FIRE:  211 12:11:53  -845620.875000        0.113127
FIRE:  212 12:11:53  -845620.875000        0.101443
FIRE:  213 12:11:53  -845620.937500        0.105846
FIRE:  214 12:11:53  -845620.875000        0.109470
FIRE:  215 12:11:53  -845620.937500        0.100131
FIRE:  216 12:11:53  -845620.937500        0.101296
FIRE:  217 12:11:53  -845620.875000        0.103168
FIRE:  218 12:11:53  -845621.000000        0.110607
FIRE:  219 12:11:53  -845621.375000        0.131528
FIRE:  220 12:11:53  -845620.937500        0.118862
FIRE:  221 12:11:53  -845620.937500        0.122431
FIRE:  222 12:11:53  -845621.000000        0.117601
FIRE:  223 12:11:53  -845620.937500        0.126211
FIRE:  224 12:11:54  -845621.000000        0.121409
FIRE:  225 12:11:54  -845621.000000        0.112610
FIRE:  226 12:11:54  -845621.000000        0.120875
FIRE:  227 12:11:54  -845621.062500        0.126427
FIRE:  228 12:11:54  -845621.062500        0.124326
FIRE:  229 12:11:54  -845621.062500        0.123478
FIRE:  230 12:11:54  -845621.125000        0.131465
FIRE:  231 12:11:54  -845621.250000        0.136485
FIRE:  232 12:11:54  -845621.187500        0.135963
FIRE:  233 12:11:54  -845621.250000        0.135022
FIRE:  234 12:11:54  -845621.312500        0.149268
FIRE:  235 12:11:54  -845621.250000        0.143816
FIRE:  236 12:11:54  -845621.250000        0.133316
FIRE:  237 12:11:54  -845621.562500        0.110619
FIRE:  238 12:11:54  -845621.625000        0.094368
FIRE:  239 12:11:54  -845621.625000        0.096135
FIRE:  240 12:11:54  -845621.500000        0.101322
FIRE:  241 12:11:54  -845621.687500        0.099730
FIRE:  242 12:11:54  -845621.500000        0.098528
FIRE:  243 12:11:54  -845621.437500        0.100402
FIRE:  244 12:11:55  -845621.437500        0.101818
FIRE:  245 12:11:55  -845621.437500        0.129031
FIRE:  246 12:11:55  -845621.437500        0.137697
FIRE:  247 12:11:55  -845621.437500        0.123702
FIRE:  248 12:11:55  -845621.437500        0.110291
FIRE:  249 12:11:55  -845621.500000        0.105548
FIRE:  250 12:11:55  -845621.812500        0.118231
FIRE:  251 12:11:55  -845621.812500        0.128217
FIRE:  252 12:11:55  -845621.500000        0.135001
FIRE:  253 12:11:55  -845621.562500        0.135298
FIRE:  254 12:11:55  -845621.562500        0.128317
FIRE:  255 12:11:55  -845621.500000        0.133712
FIRE:  256 12:11:55  -845621.500000        0.149027
FIRE:  257 12:11:55  -845621.625000        0.149282
FIRE:  258 12:11:55  -845621.875000        0.138662
FIRE:  259 12:11:55  -845621.625000        0.124147
FIRE:  260 12:11:55  -845621.937500        0.111026
FIRE:  261 12:11:55  -845622.000000        0.100248
FIRE:  262 12:11:55  -845621.625000        0.091042
FIRE:  263 12:11:56  -845622.000000        0.094055
FIRE:  264 12:11:56  -845622.000000        0.096297
FIRE:  265 12:11:56  -845621.625000        0.099057
FIRE:  266 12:11:56  -845621.937500        0.453557
FIRE:  267 12:11:56  -845621.687500        2.544405
FIRE:  268 12:11:56  -845621.625000        1.519009
FIRE:  269 12:11:56  -845622.000000        0.987748
FIRE:  270 12:11:56  -845621.687500        0.088667
FIRE:  271 12:11:56  -845621.750000        0.893020
FIRE:  272 12:11:56  -845621.687500        0.802659
FIRE:  273 12:11:56  -845621.750000        0.632693
FIRE:  274 12:11:56  -845621.750000        0.402959
FIRE:  275 12:11:56  -845621.687500        0.140540
FIRE:  276 12:11:56  -845621.687500        0.132338
FIRE:  277 12:11:56  -845621.750000        0.129547
FIRE:  278 12:11:56  -845621.750000        0.123994
FIRE:  279 12:11:56  -845621.687500        0.115931
FIRE:  280 12:11:56  -845621.687500        0.105556
FIRE:  281 12:11:56  -845621.687500        0.093207
FIRE:  282 12:11:56  -845621.687500        0.079414
FIRE:  283 12:11:56  -845621.687500        0.064797
FIRE:  284 12:11:57  -845621.687500        0.058631
FIRE:  285 12:11:57  -845621.687500        0.058500
FIRE:  286 12:11:57  -845621.687500        0.058337
FIRE:  287 12:11:57  -845621.687500        0.058133
FIRE:  288 12:11:57  -845621.687500        0.059437
FIRE:  289 12:11:57  -845621.687500        0.061327
FIRE:  290 12:11:57  -845621.687500        0.062702
FIRE:  291 12:11:57  -845621.750000        0.059345
FIRE:  292 12:11:57  -845621.687500        0.057273
FIRE:  293 12:11:57  -845621.750000        0.055643
FIRE:  294 12:11:57  -845621.750000        0.054899
FIRE:  295 12:11:57  -845621.687500        0.059558
FIRE:  296 12:11:57  -845621.687500        0.052953
FIRE:  297 12:11:57  -845621.812500        0.052035
FIRE:  298 12:11:57  -845621.750000        0.054131
FIRE:  299 12:11:58  -845621.750000        0.054173
FIRE:  300 12:11:58  -845621.812500        0.050392
FIRE:  301 12:11:58  -845622.187500        0.046081
