      Step     Time          Energy          fmax
FIRE:    0 14:30:39 -1006867.437500        2.176093
FIRE:    1 14:30:40 -1006866.062500        1.989433
FIRE:    2 14:30:41 -1006866.250000        1.539320
FIRE:    3 14:30:42 -1006867.500000        1.129801
FIRE:    4 14:30:42 -1006867.375000        1.266135
FIRE:    5 14:30:42 -1006869.437500        2.101453
FIRE:    6 14:30:43 -1006869.687500        2.093471
FIRE:    7 14:30:44 -1006869.437500        1.328847
FIRE:    8 14:30:45 -1006869.812500        0.588638
FIRE:    9 14:30:45 -1006869.750000        0.914873
FIRE:   10 14:30:45 -1006869.875000        1.009854
FIRE:   11 14:30:45 -1006870.187500        0.906592
FIRE:   12 14:30:45 -1006870.375000        0.562501
FIRE:   13 14:30:45 -1006870.687500        0.493468
FIRE:   14 14:30:45 -1006870.750000        0.980505
FIRE:   15 14:30:45 -1006869.500000        0.929254
FIRE:   16 14:30:45 -1006869.687500        0.374287
FIRE:   17 14:30:45 -1006870.500000        0.508025
FIRE:   18 14:30:45 -1006870.562500        0.681047
FIRE:   19 14:30:45 -1006872.125000        0.744777
FIRE:   20 14:30:45 -1006872.062500        1.335442
FIRE:   21 14:30:45 -1006872.187500        0.420740
FIRE:   22 14:30:45 -1006872.187500        0.816027
FIRE:   23 14:30:46 -1006872.187500        0.666239
FIRE:   24 14:30:46 -1006872.250000        0.393979
FIRE:   25 14:30:46 -1006871.062500        0.332544
FIRE:   26 14:30:46 -1006872.250000        0.311166
FIRE:   27 14:30:46 -1006872.250000        0.310346
FIRE:   28 14:30:46 -1006872.250000        0.308720
FIRE:   29 14:30:46 -1006872.250000        0.306289
FIRE:   30 14:30:46 -1006872.250000        0.303026
FIRE:   31 14:30:46 -1006872.250000        0.298933
FIRE:   32 14:30:46 -1006872.250000        0.293963
FIRE:   33 14:30:46 -1006872.250000        0.288144
FIRE:   34 14:30:46 -1006872.250000        0.280799
FIRE:   35 14:30:46 -1006872.250000        0.271761
FIRE:   36 14:30:46 -1006872.250000        0.260984
FIRE:   37 14:30:46 -1006872.250000        0.248495
FIRE:   38 14:30:46 -1006872.250000        0.234484
FIRE:   39 14:30:46 -1006872.312500        0.219361
FIRE:   40 14:30:46 -1006872.312500        0.211044
FIRE:   41 14:30:47 -1006872.312500        0.221426
FIRE:   42 14:30:47 -1006871.312500        0.230089
FIRE:   43 14:30:47 -1006871.125000        0.234532
FIRE:   44 14:30:47 -1006871.312500        0.225667
FIRE:   45 14:30:47 -1006871.187500        0.223914
FIRE:   46 14:30:47 -1006871.312500        0.212145
FIRE:   47 14:30:47 -1006872.437500        0.196104
FIRE:   48 14:30:47 -1006872.437500        0.226125
FIRE:   49 14:30:47 -1006871.312500        0.236548
FIRE:   50 14:30:47 -1006871.375000        0.246785
FIRE:   51 14:30:47 -1006871.375000        0.247486
FIRE:   52 14:30:47 -1006871.687500        0.250282
FIRE:   53 14:30:47 -1006872.250000        0.272984
FIRE:   54 14:30:47 -1006872.750000        0.298452
FIRE:   55 14:30:47 -1006872.000000        0.308220
FIRE:   56 14:30:47 -1006872.000000        0.630848
FIRE:   57 14:30:47 -1006872.062500        0.254637
FIRE:   58 14:30:48 -1006871.937500        0.540725
FIRE:   59 14:30:48 -1006872.000000        0.414864
FIRE:   60 14:30:48 -1006872.187500        0.250161
FIRE:   61 14:30:48 -1006872.187500        0.249317
FIRE:   62 14:30:48 -1006872.187500        0.249231
FIRE:   63 14:30:48 -1006872.000000        0.249069
FIRE:   64 14:30:48 -1006872.125000        0.248818
FIRE:   65 14:30:48 -1006872.187500        0.248489
FIRE:   66 14:30:48 -1006871.437500        0.248072
FIRE:   67 14:30:48 -1006872.187500        0.247572
FIRE:   68 14:30:48 -1006872.000000        0.246994
FIRE:   69 14:30:48 -1006872.000000        0.246258
FIRE:   70 14:30:48 -1006872.000000        0.245337
FIRE:   71 14:30:48 -1006871.937500        0.244198
FIRE:   72 14:30:48 -1006872.125000        0.242799
FIRE:   73 14:30:48 -1006872.187500        0.241085
FIRE:   74 14:30:48 -1006872.062500        0.239012
FIRE:   75 14:30:48 -1006872.187500        0.236546
FIRE:   76 14:30:49 -1006872.062500        0.233756
FIRE:   77 14:30:49 -1006872.187500        0.230973
FIRE:   78 14:30:49 -1006872.125000        0.229319
FIRE:   79 14:30:49 -1006872.250000        0.232484
FIRE:   80 14:30:49 -1006872.062500        0.242314
FIRE:   81 14:30:49 -1006872.062500        0.228797
FIRE:   82 14:30:49 -1006872.062500        0.212176
FIRE:   83 14:30:49 -1006872.187500        0.195966
FIRE:   84 14:30:49 -1006872.312500        0.234684
FIRE:   85 14:30:49 -1006872.312500        0.297094
FIRE:   86 14:30:49 -1006872.375000        0.347103
FIRE:   87 14:30:49 -1006873.250000        0.333467
FIRE:   88 14:30:49 -1006873.312500        0.285531
FIRE:   89 14:30:49 -1006872.437500        0.281696
FIRE:   90 14:30:49 -1006873.500000        0.494411
FIRE:   91 14:30:49 -1006873.375000        1.361766
FIRE:   92 14:30:49 -1006873.625000        0.263678
FIRE:   93 14:30:50 -1006873.625000        0.261793
FIRE:   94 14:30:50 -1006873.625000        0.258125
FIRE:   95 14:30:50 -1006873.625000        0.252812
FIRE:   96 14:30:50 -1006871.562500        0.246381
FIRE:   97 14:30:50 -1006873.625000        0.239509
FIRE:   98 14:30:50 -1006873.625000        0.232493
FIRE:   99 14:30:50 -1006873.625000        0.225374
FIRE:  100 14:30:50 -1006873.625000        0.217162
FIRE:  101 14:30:50 -1006873.625000        0.207352
FIRE:  102 14:30:50 -1006873.625000        0.203459
FIRE:  103 14:30:50 -1006873.625000        0.197734
FIRE:  104 14:30:50 -1006873.687500        0.188603
FIRE:  105 14:30:50 -1006873.687500        0.175693
FIRE:  106 14:30:50 -1006873.687500        0.159714
FIRE:  107 14:30:50 -1006873.750000        0.155440
FIRE:  108 14:30:50 -1006873.750000        0.145224
FIRE:  109 14:30:50 -1006873.750000        0.114606
FIRE:  110 14:30:51 -1006873.812500        0.102533
FIRE:  111 14:30:51 -1006873.875000        0.107812
FIRE:  112 14:30:51 -1006873.875000        0.249776
FIRE:  113 14:30:51 -1006873.937500        0.656639
FIRE:  114 14:30:51 -1006873.937500        0.118215
FIRE:  115 14:30:51 -1006873.937500        0.118226
FIRE:  116 14:30:51 -1006873.937500        0.118246
FIRE:  117 14:30:51 -1006873.937500        0.118269
FIRE:  118 14:30:51 -1006873.937500        0.118295
FIRE:  119 14:30:51 -1006873.937500        0.118315
FIRE:  120 14:30:51 -1006873.937500        0.118328
FIRE:  121 14:30:51 -1006873.937500        0.118335
FIRE:  122 14:30:51 -1006874.000000        0.118340
FIRE:  123 14:30:51 -1006874.000000        0.118349
FIRE:  124 14:30:51 -1006874.000000        0.118374
FIRE:  125 14:30:51 -1006874.000000        0.118434
FIRE:  126 14:30:51 -1006874.000000        0.118550
FIRE:  127 14:30:51 -1006874.000000        0.118804
FIRE:  128 14:30:52 -1006874.000000        0.119437
FIRE:  129 14:30:52 -1006874.000000        0.121012
FIRE:  130 14:30:52 -1006874.062500        0.124266
FIRE:  131 14:30:52 -1006872.250000        0.130759
FIRE:  132 14:30:52 -1006874.062500        0.140586
FIRE:  133 14:30:52 -1006874.125000        0.130998
FIRE:  134 14:30:52 -1006872.062500        0.109084
FIRE:  135 14:30:52 -1006873.812500        0.279255
FIRE:  136 14:30:52 -1006873.812500        0.951082
FIRE:  137 14:30:52 -1006873.250000        0.145556
FIRE:  138 14:30:52 -1006873.375000        0.121242
FIRE:  139 14:30:52 -1006873.375000        0.118636
FIRE:  140 14:30:52 -1006873.375000        0.114582
FIRE:  141 14:30:52 -1006873.250000        0.109147
FIRE:  142 14:30:52 -1006873.437500        0.102640
FIRE:  143 14:30:52 -1006873.250000        0.095298
FIRE:  144 14:30:52 -1006873.375000        0.087302
FIRE:  145 14:30:53 -1006873.250000        0.082236
FIRE:  146 14:30:53 -1006873.375000        0.086421
FIRE:  147 14:30:53 -1006873.437500        0.079659
FIRE:  148 14:30:53 -1006873.437500        0.077861
FIRE:  149 14:30:53 -1006873.312500        0.075543
FIRE:  150 14:30:53 -1006873.250000        0.072580
FIRE:  151 14:30:53 -1006873.375000        0.075367
FIRE:  152 14:30:53 -1006873.437500        0.064034
FIRE:  153 14:30:53 -1006873.437500        0.069787
FIRE:  154 14:30:53 -1006874.312500        0.080335
FIRE:  155 14:30:53 -1006873.187500        0.060772
FIRE:  156 14:30:53 -1006873.312500        0.085372
FIRE:  157 14:30:53 -1006873.312500        0.202534
FIRE:  158 14:30:53 -1006874.375000        0.702888
FIRE:  159 14:30:53 -1006873.375000        0.054337
FIRE:  160 14:30:53 -1006873.187500        0.054360
FIRE:  161 14:30:54 -1006873.187500        0.054400
FIRE:  162 14:30:54 -1006873.312500        0.055066
FIRE:  163 14:30:54 -1006873.187500        0.056742
FIRE:  164 14:30:54 -1006873.187500        0.059196
FIRE:  165 14:30:54 -1006873.187500        0.062726
FIRE:  166 14:30:54 -1006873.187500        0.067789
FIRE:  167 14:30:54 -1006873.187500        0.075884
FIRE:  168 14:30:54 -1006873.500000        0.088827
FIRE:  169 14:30:54 -1006873.375000        0.107359
FIRE:  170 14:30:54 -1006874.000000        0.121749
FIRE:  171 14:30:54 -1006874.000000        0.090415
FIRE:  172 14:30:54 -1006873.500000        0.076137
FIRE:  173 14:30:54 -1006873.250000        0.081139
FIRE:  174 14:30:54 -1006873.562500        0.120661
FIRE:  175 14:30:54 -1006873.375000        0.125045
FIRE:  176 14:30:54 -1006873.500000        0.132243
FIRE:  177 14:30:55 -1006873.250000        0.138910
FIRE:  178 14:30:55 -1006873.250000        0.151460
FIRE:  179 14:30:55 -1006873.250000        0.235043
FIRE:  180 14:30:55 -1006873.437500        0.235176
FIRE:  181 14:30:55 -1006873.437500        0.277162
FIRE:  182 14:30:55 -1006873.500000        1.175071
FIRE:  183 14:30:55 -1006873.562500        0.470855
FIRE:  184 14:30:55 -1006873.500000        0.318510
FIRE:  185 14:30:55 -1006873.500000        0.186645
FIRE:  186 14:30:55 -1006873.562500        0.227293
FIRE:  187 14:30:55 -1006873.562500        0.208606
FIRE:  188 14:30:55 -1006873.687500        0.186839
FIRE:  189 14:30:55 -1006873.750000        0.186864
FIRE:  190 14:30:55 -1006873.750000        0.186899
FIRE:  191 14:30:56 -1006873.312500        0.186947
FIRE:  192 14:30:56 -1006873.625000        0.187008
FIRE:  193 14:30:56 -1006873.562500        0.187081
FIRE:  194 14:30:56 -1006873.562500        0.187173
FIRE:  195 14:30:56 -1006873.687500        0.187286
FIRE:  196 14:30:56 -1006873.500000        0.187424
FIRE:  197 14:30:56 -1006873.625000        0.187592
FIRE:  198 14:30:56 -1006873.562500        0.187796
FIRE:  199 14:30:56 -1006873.562500        0.188041
FIRE:  200 14:30:56 -1006873.312500        0.188325
FIRE:  201 14:30:56 -1006873.312500        0.188651
FIRE:  202 14:30:56 -1006873.437500        0.189029
FIRE:  203 14:30:56 -1006873.750000        0.189470
FIRE:  204 14:30:56 -1006873.687500        0.191456
FIRE:  205 14:30:56 -1006873.625000        0.197329
FIRE:  206 14:30:57 -1006873.562500        0.208542
FIRE:  207 14:30:57 -1006873.812500        0.218021
FIRE:  208 14:30:57 -1006873.625000        0.219341
FIRE:  209 14:30:57 -1006873.625000        0.216374
FIRE:  210 14:30:57 -1006873.687500        0.213757
FIRE:  211 14:30:57 -1006873.625000        0.211039
FIRE:  212 14:30:57 -1006873.750000        0.205252
FIRE:  213 14:30:57 -1006873.812500        0.544191
FIRE:  214 14:30:57 -1006873.500000        1.546830
FIRE:  215 14:30:57 -1006873.812500        0.227918
FIRE:  216 14:30:57 -1006873.625000        0.162622
FIRE:  217 14:30:57 -1006873.750000        0.152954
FIRE:  218 14:30:57 -1006873.750000        0.151842
FIRE:  219 14:30:57 -1006873.750000        0.152822
FIRE:  220 14:30:58 -1006873.750000        0.161452
FIRE:  221 14:30:58 -1006873.750000        0.147132
FIRE:  222 14:30:58 -1006873.687500        0.145449
FIRE:  223 14:30:58 -1006873.750000        0.143644
FIRE:  224 14:30:58 -1006873.562500        0.141909
FIRE:  225 14:30:58 -1006873.750000        0.140450
FIRE:  226 14:30:58 -1006873.812500        0.139387
FIRE:  227 14:30:58 -1006873.812500        0.138743
FIRE:  228 14:30:58 -1006873.687500        0.138379
FIRE:  229 14:30:58 -1006873.687500        0.137929
FIRE:  230 14:30:58 -1006874.000000        0.136857
FIRE:  231 14:30:58 -1006873.812500        0.138043
FIRE:  232 14:30:58 -1006873.812500        0.130158
FIRE:  233 14:30:58 -1006873.812500        0.130501
FIRE:  234 14:30:58 -1006873.687500        0.113794
FIRE:  235 14:30:59 -1006873.875000        0.311511
FIRE:  236 14:30:59 -1006874.875000        0.827223
FIRE:  237 14:30:59 -1006874.937500        0.119048
FIRE:  238 14:30:59 -1006874.937500        0.117879
FIRE:  239 14:30:59 -1006874.937500        0.115585
FIRE:  240 14:30:59 -1006874.937500        0.112266
FIRE:  241 14:30:59 -1006874.937500        0.108085
FIRE:  242 14:30:59 -1006874.937500        0.103242
FIRE:  243 14:30:59 -1006874.937500        0.097952
FIRE:  244 14:30:59 -1006874.937500        0.092447
FIRE:  245 14:30:59 -1006874.937500        0.091364
FIRE:  246 14:30:59 -1006874.937500        0.090961
FIRE:  247 14:30:59 -1006874.937500        0.090489
FIRE:  248 14:30:59 -1006874.937500        0.089943
FIRE:  249 14:31:00 -1006874.937500        0.092722
FIRE:  250 14:31:00 -1006874.937500        0.096078
FIRE:  251 14:31:00 -1006874.937500        0.096292
FIRE:  252 14:31:00 -1006874.937500        0.094628
FIRE:  253 14:31:00 -1006874.937500        0.095731
FIRE:  254 14:31:00 -1006875.000000        0.097285
FIRE:  255 14:31:00 -1006875.000000        0.095318
FIRE:  256 14:31:00 -1006875.000000        0.115960
FIRE:  257 14:31:00 -1006875.062500        0.109375
FIRE:  258 14:31:00 -1006873.250000        0.345422
FIRE:  259 14:31:00 -1006873.187500        1.155127
FIRE:  260 14:31:00 -1006873.250000        0.172997
FIRE:  261 14:31:00 -1006873.250000        0.124729
FIRE:  262 14:31:00 -1006873.312500        0.097202
FIRE:  263 14:31:00 -1006873.250000        0.097157
FIRE:  264 14:31:01 -1006873.250000        0.104704
FIRE:  265 14:31:01 -1006873.250000        0.115125
FIRE:  266 14:31:01 -1006873.250000        0.096999
FIRE:  267 14:31:01 -1006873.312500        0.096824
FIRE:  268 14:31:01 -1006873.312500        0.096622
FIRE:  269 14:31:01 -1006873.250000        0.103902
FIRE:  270 14:31:01 -1006873.312500        0.096155
FIRE:  271 14:31:01 -1006873.375000        0.095839
FIRE:  272 14:31:01 -1006873.250000        0.095400
FIRE:  273 14:31:01 -1006873.312500        0.094784
FIRE:  274 14:31:01 -1006873.250000        0.093910
FIRE:  275 14:31:01 -1006873.312500        0.092736
FIRE:  276 14:31:01 -1006875.187500        0.091193
FIRE:  277 14:31:01 -1006873.375000        0.100457
FIRE:  278 14:31:02 -1006875.187500        0.087008
FIRE:  279 14:31:02 -1006875.187500        0.099296
FIRE:  280 14:31:02 -1006873.437500        0.240985
FIRE:  281 14:31:02 -1006873.437500        0.798776
FIRE:  282 14:31:02 -1006873.375000        0.077032
FIRE:  283 14:31:02 -1006873.375000        0.076987
FIRE:  284 14:31:02 -1006873.437500        0.076898
FIRE:  285 14:31:02 -1006873.375000        0.076769
FIRE:  286 14:31:02 -1006873.375000        0.076608
FIRE:  287 14:31:02 -1006873.437500        0.076417
FIRE:  288 14:31:02 -1006875.250000        0.076206
FIRE:  289 14:31:02 -1006875.250000        0.075975
FIRE:  290 14:31:02 -1006875.250000        0.075700
FIRE:  291 14:31:02 -1006875.250000        0.075373
FIRE:  292 14:31:02 -1006875.312500        0.074985
FIRE:  293 14:31:03 -1006875.000000        0.074744
FIRE:  294 14:31:03 -1006873.437500        0.074473
FIRE:  295 14:31:03 -1006873.500000        0.074126
FIRE:  296 14:31:03 -1006873.437500        0.074018
FIRE:  297 14:31:03 -1006875.312500        0.073873
FIRE:  298 14:31:03 -1006874.937500        0.073114
FIRE:  299 14:31:03 -1006875.000000        0.072489
FIRE:  300 14:31:03 -1006875.375000        0.072169
FIRE:  301 14:31:03 -1006875.375000        0.071612
FIRE:  302 14:31:03 -1006875.375000        0.070888
FIRE:  303 14:31:03 -1006875.375000        0.187689
FIRE:  304 14:31:03 -1006875.437500        0.793069
FIRE:  305 14:31:03 -1006874.500000        0.129750
FIRE:  306 14:31:03 -1006875.125000        0.096592
FIRE:  307 14:31:04 -1006875.437500        0.088141
FIRE:  308 14:31:04 -1006875.062500        0.088243
FIRE:  309 14:31:04 -1006875.437500        0.088394
FIRE:  310 14:31:04 -1006875.437500        0.091227
FIRE:  311 14:31:04 -1006875.437500        0.088888
FIRE:  312 14:31:04 -1006875.437500        0.089263
FIRE:  313 14:31:04 -1006875.437500        0.089819
FIRE:  314 14:31:04 -1006875.437500        0.090654
FIRE:  315 14:31:04 -1006875.437500        0.091926
FIRE:  316 14:31:04 -1006875.437500        0.093952
FIRE:  317 14:31:04 -1006875.437500        0.097397
FIRE:  318 14:31:04 -1006875.437500        0.104082
FIRE:  319 14:31:04 -1006875.125000        0.119520
FIRE:  320 14:31:04 -1006875.437500        0.143220
FIRE:  321 14:31:04 -1006875.500000        0.140859
FIRE:  322 14:31:04 -1006875.500000        0.153766
FIRE:  323 14:31:04 -1006875.500000        0.154098
FIRE:  324 14:31:04 -1006875.437500        0.130974
FIRE:  325 14:31:05 -1006875.562500        0.278341
FIRE:  326 14:31:05 -1006875.562500        0.796808
FIRE:  327 14:31:05 -1006875.562500        0.107205
FIRE:  328 14:31:05 -1006875.562500        0.727189
FIRE:  329 14:31:05 -1006875.562500        0.532448
FIRE:  330 14:31:05 -1006875.562500        0.209899
FIRE:  331 14:31:05 -1006875.562500        0.177710
FIRE:  332 14:31:05 -1006875.562500        0.167188
FIRE:  333 14:31:05 -1006875.562500        0.146789
FIRE:  334 14:31:05 -1006875.562500        0.117907
FIRE:  335 14:31:05 -1006875.562500        0.098717
FIRE:  336 14:31:05 -1006875.562500        0.096218
FIRE:  337 14:31:05 -1006875.562500        0.093080
FIRE:  338 14:31:05 -1006875.562500        0.089322
FIRE:  339 14:31:05 -1006875.562500        0.084550
FIRE:  340 14:31:05 -1006875.562500        0.091818
FIRE:  341 14:31:05 -1006875.562500        0.093489
FIRE:  342 14:31:05 -1006875.562500        0.076768
FIRE:  343 14:31:06 -1006875.562500        0.069854
FIRE:  344 14:31:06 -1006875.562500        0.073047
FIRE:  345 14:31:06 -1006875.562500        0.077505
FIRE:  346 14:31:06 -1006875.562500        0.082481
FIRE:  347 14:31:06 -1006875.562500        0.087066
FIRE:  348 14:31:06 -1006875.562500        0.090300
FIRE:  349 14:31:06 -1006875.562500        0.091377
FIRE:  350 14:31:06 -1006875.562500        0.089847
FIRE:  351 14:31:06 -1006875.562500        0.085335
FIRE:  352 14:31:06 -1006875.562500        0.078113
FIRE:  353 14:31:06 -1006875.562500        0.069867
FIRE:  354 14:31:06 -1006875.562500        0.070729
FIRE:  355 14:31:06 -1006875.562500        0.070020
FIRE:  356 14:31:06 -1006875.625000        0.060082
FIRE:  357 14:31:06 -1006875.625000        0.062241
FIRE:  358 14:31:06 -1006875.625000        0.062234
FIRE:  359 14:31:06 -1006875.625000        0.094790
FIRE:  360 14:31:07 -1006875.312500        0.373317
FIRE:  361 14:31:07 -1006875.312500        1.458068
FIRE:  362 14:31:07 -1006875.375000        0.454314
FIRE:  363 14:31:07 -1006875.375000        0.316541
FIRE:  364 14:31:07 -1006875.375000        0.081889
FIRE:  365 14:31:07 -1006875.375000        0.188429
FIRE:  366 14:31:07 -1006875.375000        0.173886
FIRE:  367 14:31:07 -1006875.375000        0.146043
FIRE:  368 14:31:07 -1006875.375000        0.107306
FIRE:  369 14:31:07 -1006875.375000        0.069658
FIRE:  370 14:31:07 -1006875.375000        0.068453
FIRE:  371 14:31:07 -1006875.375000        0.066972
FIRE:  372 14:31:07 -1006875.375000        0.083365
FIRE:  373 14:31:07 -1006875.375000        0.105066
FIRE:  374 14:31:07 -1006875.375000        0.109698
FIRE:  375 14:31:07 -1006875.375000        0.093418
FIRE:  376 14:31:08 -1006875.375000        0.055419
FIRE:  377 14:31:08 -1006875.375000        0.051776
FIRE:  378 14:31:08 -1006875.375000        0.067257
FIRE:  379 14:31:08 -1006875.375000        0.087684
FIRE:  380 14:31:08 -1006875.375000        0.062425
FIRE:  381 14:31:08 -1006875.375000        0.051364
FIRE:  382 14:31:08 -1006875.375000        0.074707
FIRE:  383 14:31:08 -1006875.375000        0.060124
FIRE:  384 14:31:08 -1006875.375000        0.051080
FIRE:  385 14:31:08 -1006875.375000        0.069602
FIRE:  386 14:31:08 -1006875.375000        0.049830
