      Step     Time          Energy          fmax
FIRE:    0 23:55:32   -71207.632812        2.755154
FIRE:    1 23:55:33   -71207.875000        1.798261
FIRE:    2 23:55:34   -71208.078125        1.054717
FIRE:    3 23:55:36   -71208.125000        0.911315
FIRE:    4 23:55:36   -71208.164062        0.818986
FIRE:    5 23:55:36   -71208.218750        0.769657
FIRE:    6 23:55:36   -71208.226562        0.711816
FIRE:    7 23:55:36   -71208.210938        0.651743
FIRE:    8 23:55:36   -71208.281250        0.679489
FIRE:    9 23:55:36   -71208.312500        0.665619
FIRE:   10 23:55:36   -71208.367188        0.561821
FIRE:   11 23:55:36   -71208.390625        0.431262
FIRE:   12 23:55:36   -71208.437500        0.688870
FIRE:   13 23:55:36   -71208.500000        0.801216
FIRE:   14 23:55:36   -71208.539062        0.566628
FIRE:   15 23:55:36   -71208.585938        0.494052
FIRE:   16 23:55:36   -71208.609375        0.561435
FIRE:   17 23:55:36   -71208.703125        0.308735
FIRE:   18 23:55:36   -71208.765625        0.432953
FIRE:   19 23:55:37   -71208.820312        0.209139
FIRE:   20 23:55:37   -71208.859375        0.460239
FIRE:   21 23:55:37   -71208.843750        0.363994
FIRE:   22 23:55:37   -71208.890625        0.206013
FIRE:   23 23:55:37   -71208.890625        0.221658
FIRE:   24 23:55:37   -71208.851562        0.241426
FIRE:   25 23:55:37   -71208.914062        0.227362
FIRE:   26 23:55:37   -71208.914062        0.178807
FIRE:   27 23:55:37   -71208.921875        0.197237
FIRE:   28 23:55:37   -71208.921875        0.188275
FIRE:   29 23:55:37   -71208.937500        0.148330
FIRE:   30 23:55:37   -71208.945312        0.151817
FIRE:   31 23:55:37   -71208.953125        0.141732
FIRE:   32 23:55:37   -71208.968750        0.155463
FIRE:   33 23:55:37   -71208.992188        0.144820
FIRE:   34 23:55:37   -71209.000000        0.119259
FIRE:   35 23:55:37   -71208.984375        0.209213
FIRE:   36 23:55:37   -71209.023438        0.391874
FIRE:   37 23:55:38   -71209.015625        0.647559
FIRE:   38 23:55:38   -71209.031250        1.744898
FIRE:   39 23:55:38   -71209.046875        0.105300
FIRE:   40 23:55:38   -71209.031250        1.520587
FIRE:   41 23:55:38   -71209.039062        1.113888
FIRE:   42 23:55:38   -71209.046875        0.409760
FIRE:   43 23:55:38   -71209.054688        0.399148
FIRE:   44 23:55:38   -71209.054688        0.375125
FIRE:   45 23:55:38   -71209.054688        0.328604
FIRE:   46 23:55:38   -71209.054688        0.262826
FIRE:   47 23:55:38   -71209.054688        0.182906
FIRE:   48 23:55:38   -71209.054688        0.096128
FIRE:   49 23:55:38   -71209.070312        0.081523
FIRE:   50 23:55:38   -71209.054688        0.092809
FIRE:   51 23:55:38   -71209.078125        0.132291
FIRE:   52 23:55:38   -71209.054688        0.168187
FIRE:   53 23:55:38   -71209.054688        0.169372
FIRE:   54 23:55:38   -71209.054688        0.128891
FIRE:   55 23:55:39   -71209.054688        0.079748
FIRE:   56 23:55:39   -71209.062500        0.079270
FIRE:   57 23:55:39   -71209.062500        0.145997
FIRE:   58 23:55:39   -71209.062500        0.167616
FIRE:   59 23:55:39   -71209.062500        0.100250
FIRE:   60 23:55:39   -71209.070312        0.078265
FIRE:   61 23:55:39   -71209.070312        0.123905
FIRE:   62 23:55:39   -71209.078125        0.081688
FIRE:   63 23:55:39   -71209.078125        0.093859
FIRE:   64 23:55:39   -71209.085938        0.112619
FIRE:   65 23:55:39   -71209.148438        0.083684
FIRE:   66 23:55:39   -71209.140625        0.075141
FIRE:   67 23:55:39   -71209.148438        0.147326
FIRE:   68 23:55:39   -71209.171875        0.131303
FIRE:   69 23:55:39   -71209.156250        0.091663
FIRE:   70 23:55:39   -71209.140625        0.205277
FIRE:   71 23:55:39   -71209.195312        0.560337
FIRE:   72 23:55:40   -71209.148438        1.702073
FIRE:   73 23:55:40   -71209.171875        0.095779
FIRE:   74 23:55:40   -71209.171875        0.067563
FIRE:   75 23:55:40   -71209.171875        0.052985
FIRE:   76 23:55:40   -71209.171875        0.048627
