      Step     Time          Energy          fmax
FIRE:    0 23:38:17  -296157.437500        4.615370
FIRE:    1 23:38:18  -296158.875000        3.693412
FIRE:    2 23:38:20  -296160.218750        2.838603
FIRE:    3 23:38:20  -296161.281250        2.122510
FIRE:    4 23:38:20  -296162.187500        2.188676
FIRE:    5 23:38:20  -296162.906250        2.041442
FIRE:    6 23:38:20  -296163.656250        1.219221
FIRE:    7 23:38:20  -296164.281250        0.966363
FIRE:    8 23:38:20  -296164.750000        1.149600
FIRE:    9 23:38:20  -296165.125000        1.078470
FIRE:   10 23:38:20  -296165.531250        0.984255
FIRE:   11 23:38:21  -296165.968750        0.760614
FIRE:   12 23:38:21  -296166.375000        0.531423
FIRE:   13 23:38:21  -296166.656250        0.704254
FIRE:   14 23:38:21  -296167.000000        0.732387
FIRE:   15 23:38:21  -296167.375000        0.532605
FIRE:   16 23:38:21  -296167.687500        0.529697
FIRE:   17 23:38:21  -296168.062500        0.518347
FIRE:   18 23:38:21  -296168.343750        0.543214
FIRE:   19 23:38:21  -296168.562500        0.474555
FIRE:   20 23:38:22  -296168.906250        0.334886
FIRE:   21 23:38:22  -296169.093750        0.387181
FIRE:   22 23:38:22  -296169.312500        0.492475
FIRE:   23 23:38:22  -296169.531250        0.347605
FIRE:   24 23:38:22  -296169.718750        0.270808
FIRE:   25 23:38:22  -296169.968750        0.363826
FIRE:   26 23:38:23  -296170.093750        0.329072
FIRE:   27 23:38:23  -296170.343750        0.317523
FIRE:   28 23:38:24  -296170.531250        0.367841
FIRE:   29 23:38:24  -296170.718750        0.322832
FIRE:   30 23:38:24  -296170.875000        0.345012
FIRE:   31 23:38:24  -296171.093750        0.367275
FIRE:   32 23:38:24  -296171.281250        0.383966
FIRE:   33 23:38:24  -296171.468750        0.397756
FIRE:   34 23:38:24  -296171.593750        0.340555
FIRE:   35 23:38:24  -296171.781250        0.265563
FIRE:   36 23:38:24  -296171.906250        0.266220
FIRE:   37 23:38:24  -296172.062500        0.225459
FIRE:   38 23:38:25  -296172.187500        0.295344
FIRE:   39 23:38:25  -296172.312500        0.384381
FIRE:   40 23:38:25  -296172.343750        0.428471
FIRE:   41 23:38:25  -296172.468750        0.449769
FIRE:   42 23:38:25  -296172.593750        0.415999
FIRE:   43 23:38:25  -296172.718750        0.329640
FIRE:   44 23:38:25  -296172.781250        0.243616
FIRE:   45 23:38:25  -296172.906250        0.172566
FIRE:   46 23:38:25  -296173.000000        0.115271
FIRE:   47 23:38:25  -296173.093750        0.193304
FIRE:   48 23:38:25  -296173.125000        0.277100
FIRE:   49 23:38:25  -296173.250000        0.321994
FIRE:   50 23:38:25  -296173.281250        0.331699
FIRE:   51 23:38:25  -296173.406250        0.288796
FIRE:   52 23:38:25  -296173.500000        0.243896
FIRE:   53 23:38:25  -296173.562500        0.186772
FIRE:   54 23:38:25  -296173.593750        0.135249
FIRE:   55 23:38:25  -296173.718750        0.110016
FIRE:   56 23:38:25  -296173.812500        0.140595
FIRE:   57 23:38:25  -296173.875000        0.165371
FIRE:   58 23:38:26  -296173.906250        0.211231
FIRE:   59 23:38:26  -296174.000000        0.266971
FIRE:   60 23:38:26  -296174.062500        0.285905
FIRE:   61 23:38:26  -296174.156250        0.257334
FIRE:   62 23:38:26  -296174.156250        0.266257
FIRE:   63 23:38:26  -296174.281250        0.224722
FIRE:   64 23:38:26  -296174.343750        0.331266
FIRE:   65 23:38:26  -296174.375000        0.271649
FIRE:   66 23:38:26  -296174.406250        0.386477
FIRE:   67 23:38:26  -296174.406250        0.274501
FIRE:   68 23:38:26  -296174.500000        0.298497
FIRE:   69 23:38:26  -296174.500000        0.197785
FIRE:   70 23:38:26  -296174.593750        0.274545
FIRE:   71 23:38:26  -296174.625000        0.262229
FIRE:   72 23:38:26  -296174.718750        0.379994
FIRE:   73 23:38:26  -296174.750000        0.406581
FIRE:   74 23:38:26  -296174.781250        0.290737
FIRE:   75 23:38:27  -296174.812500        0.286468
FIRE:   76 23:38:27  -296174.843750        0.241094
FIRE:   77 23:38:27  -296174.906250        0.398253
FIRE:   78 23:38:27  -296174.968750        0.369767
FIRE:   79 23:38:27  -296175.031250        0.406648
FIRE:   80 23:38:27  -296175.062500        0.267606
FIRE:   81 23:38:27  -296175.093750        0.303262
FIRE:   82 23:38:27  -296175.156250        0.342484
FIRE:   83 23:38:27  -296175.156250        0.435298
FIRE:   84 23:38:27  -296175.218750        0.437159
FIRE:   85 23:38:27  -296175.250000        0.308357
FIRE:   86 23:38:27  -296175.281250        0.339998
FIRE:   87 23:38:27  -296175.281250        0.302402
FIRE:   88 23:38:27  -296175.343750        0.459086
FIRE:   89 23:38:27  -296175.343750        0.405596
FIRE:   90 23:38:27  -296175.406250        0.423864
FIRE:   91 23:38:27  -296175.437500        0.311124
FIRE:   92 23:38:28  -296175.468750        0.382489
FIRE:   93 23:38:28  -296175.500000        0.414043
FIRE:   94 23:38:28  -296175.531250        0.497342
FIRE:   95 23:38:28  -296175.531250        0.524019
FIRE:   96 23:38:28  -296175.562500        0.448397
FIRE:   97 23:38:28  -296175.562500        0.438531
FIRE:   98 23:38:28  -296175.593750        0.367365
FIRE:   99 23:38:28  -296175.656250        0.473245
FIRE:  100 23:38:28  -296175.687500        0.481173
FIRE:  101 23:38:28  -296175.718750        0.630405
FIRE:  102 23:38:28  -296175.750000        0.572387
FIRE:  103 23:38:28  -296175.781250        0.570345
FIRE:  104 23:38:28  -296175.781250        0.504772
FIRE:  105 23:38:28  -296175.843750        0.525343
FIRE:  106 23:38:28  -296175.875000        0.556960
FIRE:  107 23:38:28  -296175.937500        0.601971
FIRE:  108 23:38:28  -296175.937500        0.642848
FIRE:  109 23:38:28  -296176.000000        0.591803
FIRE:  110 23:38:29  -296176.000000        0.591471
FIRE:  111 23:38:29  -296176.031250        0.546072
FIRE:  112 23:38:29  -296176.125000        0.603711
FIRE:  113 23:38:29  -296176.125000        0.632254
FIRE:  114 23:38:29  -296176.125000        0.713525
FIRE:  115 23:38:29  -296176.156250        0.700484
FIRE:  116 23:38:29  -296176.250000        0.689324
FIRE:  117 23:38:29  -296176.281250        0.686101
FIRE:  118 23:38:29  -296176.250000        0.682604
FIRE:  119 23:38:29  -296176.250000        0.763646
FIRE:  120 23:38:29  -296176.281250        0.819137
FIRE:  121 23:38:29  -296176.375000        0.902285
FIRE:  122 23:38:29  -296176.343750        0.910964
FIRE:  123 23:38:29  -296174.625000       17.520980
FIRE:  124 23:38:29  -296175.906250        5.810749
FIRE:  125 23:38:29  -296176.312500        2.540471
FIRE:  126 23:38:29  -296176.343750        1.708830
FIRE:  127 23:38:30  -296176.375000        0.429903
FIRE:  128 23:38:30  -296176.375000        1.381567
FIRE:  129 23:38:30  -296176.343750        1.236111
FIRE:  130 23:38:30  -296176.343750        0.962091
FIRE:  131 23:38:30  -296176.343750        0.591228
FIRE:  132 23:38:30  -296176.343750        0.168564
FIRE:  133 23:38:30  -296176.343750        0.260615
FIRE:  134 23:38:30  -296176.375000        0.253720
FIRE:  135 23:38:30  -296176.375000        0.240131
FIRE:  136 23:38:30  -296176.343750        0.220349
FIRE:  137 23:38:30  -296176.375000        0.194941
FIRE:  138 23:38:30  -296176.343750        0.164945
FIRE:  139 23:38:30  -296176.343750        0.131676
FIRE:  140 23:38:30  -296176.343750        0.096937
FIRE:  141 23:38:30  -296176.375000        0.071168
FIRE:  142 23:38:30  -296176.406250        0.066419
FIRE:  143 23:38:31  -296176.375000        0.066513
FIRE:  144 23:38:31  -296176.375000        0.090922
FIRE:  145 23:38:31  -296176.343750        0.119001
FIRE:  146 23:38:31  -296176.343750        0.132621
FIRE:  147 23:38:31  -296176.343750        0.126077
FIRE:  148 23:38:31  -296176.375000        0.096892
FIRE:  149 23:38:31  -296176.375000        0.065090
FIRE:  150 23:38:31  -296176.343750        0.064328
FIRE:  151 23:38:31  -296176.343750        0.082621
FIRE:  152 23:38:31  -296176.343750        0.096148
FIRE:  153 23:38:31  -296176.375000        0.065735
FIRE:  154 23:38:31  -296176.375000        0.061259
FIRE:  155 23:38:31  -296176.375000        0.082690
FIRE:  156 23:38:31  -296176.375000        0.070957
FIRE:  157 23:38:31  -296176.375000        0.056417
FIRE:  158 23:38:31  -296176.375000        0.075645
FIRE:  159 23:38:31  -296176.375000        0.051586
FIRE:  160 23:38:32  -296176.375000        0.069105
FIRE:  161 23:38:32  -296176.406250        0.069976
FIRE:  162 23:38:32  -296176.406250        0.080106
FIRE:  163 23:38:32  -296176.406250        0.110720
FIRE:  164 23:38:32  -296176.437500        0.159852
FIRE:  165 23:38:32  -296176.437500        0.354550
FIRE:  166 23:38:32  -296176.468750        0.908049
FIRE:  167 23:38:32  -296176.468750        0.064695
FIRE:  168 23:38:32  -296176.468750        0.769769
FIRE:  169 23:38:32  -296176.437500        0.594329
FIRE:  170 23:38:32  -296176.468750        0.280619
FIRE:  171 23:38:32  -296176.437500        0.110610
FIRE:  172 23:38:32  -296176.468750        0.103556
FIRE:  173 23:38:32  -296176.468750        0.089940
FIRE:  174 23:38:32  -296176.437500        0.070811
FIRE:  175 23:38:32  -296176.437500        0.047904
