      Step     Time          Energy          fmax
FIRE:    0 23:22:38  -131276.609375        8.291783
FIRE:    1 23:22:39  -131277.953125        5.901703
FIRE:    2 23:22:41  -131278.078125       11.027964
FIRE:    3 23:22:41  -131278.562500        3.952170
FIRE:    4 23:22:41  -131278.765625        4.921882
FIRE:    5 23:22:41  -131278.781250        4.165892
FIRE:    6 23:22:41  -131278.843750        2.821558
FIRE:    7 23:22:41  -131278.875000        1.187245
FIRE:    8 23:22:41  -131278.937500        0.874481
FIRE:    9 23:22:41  -131279.015625        1.735068
FIRE:   10 23:22:41  -131279.000000        2.409154
FIRE:   11 23:22:41  -131279.062500        2.469610
FIRE:   12 23:22:41  -131279.156250        1.868304
FIRE:   13 23:22:41  -131279.234375        0.981658
FIRE:   14 23:22:41  -131279.328125        1.140538
FIRE:   15 23:22:41  -131279.406250        2.375514
FIRE:   16 23:22:41  -131279.562500        2.365258
FIRE:   17 23:22:41  -131279.718750        0.872026
FIRE:   18 23:22:41  -131279.875000        1.300908
FIRE:   19 23:22:41  -131280.015625        1.644835
FIRE:   20 23:22:41  -131280.265625        0.590582
FIRE:   21 23:22:42  -131280.421875        2.198032
FIRE:   22 23:22:42  -131280.656250        0.536280
FIRE:   23 23:22:42  -131280.875000        1.565079
FIRE:   24 23:22:42  -131281.109375        1.639386
FIRE:   25 23:22:42  -131281.343750        0.573426
FIRE:   26 23:22:42  -131281.593750        0.698323
FIRE:   27 23:22:42  -131281.812500        2.373999
FIRE:   28 23:22:43  -131281.984375        3.597399
FIRE:   29 23:22:43  -131282.109375        5.210965
FIRE:   30 23:22:43  -131282.203125        0.968566
FIRE:   31 23:22:43  -131282.203125        0.803129
FIRE:   32 23:22:43  -131282.203125        0.516667
FIRE:   33 23:22:43  -131282.218750        0.438589
FIRE:   34 23:22:43  -131282.218750        0.724392
FIRE:   35 23:22:43  -131282.218750        0.785357
FIRE:   36 23:22:44  -131282.234375        0.593953
FIRE:   37 23:22:44  -131282.250000        0.310760
FIRE:   38 23:22:44  -131282.265625        0.450375
FIRE:   39 23:22:44  -131282.281250        0.476709
FIRE:   40 23:22:44  -131282.312500        0.348186
FIRE:   41 23:22:44  -131282.328125        0.438190
FIRE:   42 23:22:44  -131282.359375        0.620624
FIRE:   43 23:22:44  -131282.390625        0.361218
FIRE:   44 23:22:44  -131282.421875        0.538327
FIRE:   45 23:22:44  -131282.468750        0.301193
FIRE:   46 23:22:44  -131282.546875        0.464386
FIRE:   47 23:22:44  -131282.593750        0.554439
FIRE:   48 23:22:44  -131282.656250        0.856983
FIRE:   49 23:22:44  -131282.703125        0.976192
FIRE:   50 23:22:44  -131282.843750        2.473740
FIRE:   51 23:22:44  -131282.828125        5.448196
FIRE:   52 23:22:46  -131282.937500        0.555082
FIRE:   53 23:22:46  -131282.906250        5.790963
FIRE:   54 23:22:46  -131282.906250        4.187213
FIRE:   55 23:22:46  -131283.000000        1.593006
FIRE:   56 23:22:46  -131282.984375        1.219396
FIRE:   57 23:22:46  -131282.984375        1.164434
FIRE:   58 23:22:46  -131283.000000        1.057254
FIRE:   59 23:22:46  -131282.968750        0.903873
FIRE:   60 23:22:46  -131282.984375        0.714405
FIRE:   61 23:22:46  -131282.984375        0.506000
FIRE:   62 23:22:46  -131282.984375        0.403205
FIRE:   63 23:22:46  -131283.000000        0.485153
FIRE:   64 23:22:46  -131283.000000        0.720328
FIRE:   65 23:22:46  -131283.000000        0.868896
FIRE:   66 23:22:46  -131283.000000        0.890814
FIRE:   67 23:22:46  -131283.000000        0.757002
FIRE:   68 23:22:46  -131283.031250        0.465329
FIRE:   69 23:22:47  -131283.015625        0.395118
FIRE:   70 23:22:47  -131283.031250        0.436334
FIRE:   71 23:22:47  -131283.015625        0.528873
FIRE:   72 23:22:47  -131283.015625        0.437489
FIRE:   73 23:22:47  -131283.062500        0.378085
FIRE:   74 23:22:47  -131283.078125        0.628798
FIRE:   75 23:22:47  -131283.109375        0.548314
FIRE:   76 23:22:47  -131283.140625        0.373882
FIRE:   77 23:22:47  -131283.125000        0.510116
FIRE:   78 23:22:47  -131283.140625        0.355279
FIRE:   79 23:22:47  -131283.218750        0.533164
FIRE:   80 23:22:47  -131283.250000        0.393842
FIRE:   81 23:22:47  -131283.296875        0.372336
FIRE:   82 23:22:47  -131283.359375        0.406571
FIRE:   83 23:22:47  -131283.437500        0.740473
FIRE:   84 23:22:47  -131283.531250        2.395526
FIRE:   85 23:22:47  -131283.515625        6.251379
FIRE:   86 23:22:47  -131283.640625        0.343146
FIRE:   87 23:22:47  -131283.468750        6.626859
FIRE:   88 23:22:48  -131283.546875        4.570753
FIRE:   89 23:22:48  -131283.640625        1.356362
FIRE:   90 23:22:48  -131283.593750        1.914157
FIRE:   91 23:22:48  -131283.640625        1.791460
FIRE:   92 23:22:48  -131283.656250        1.552841
FIRE:   93 23:22:48  -131283.640625        1.211887
FIRE:   94 23:22:48  -131283.625000        0.789315
FIRE:   95 23:22:48  -131283.640625        0.388328
FIRE:   96 23:22:48  -131283.625000        0.349899
FIRE:   97 23:22:48  -131283.640625        0.592742
FIRE:   98 23:22:48  -131283.656250        0.583117
FIRE:   99 23:22:48  -131283.656250        0.564107
FIRE:  100 23:22:48  -131283.656250        0.536104
FIRE:  101 23:22:48  -131283.656250        0.499597
FIRE:  102 23:22:48  -131283.671875        0.455336
FIRE:  103 23:22:48  -131283.640625        0.404447
FIRE:  104 23:22:48  -131283.671875        0.356169
FIRE:  105 23:22:48  -131283.671875        0.353235
FIRE:  106 23:22:49  -131283.625000        0.349835
FIRE:  107 23:22:49  -131283.656250        0.346027
FIRE:  108 23:22:49  -131283.656250        0.341962
FIRE:  109 23:22:49  -131283.625000        0.337885
FIRE:  110 23:22:49  -131283.656250        0.334170
FIRE:  111 23:22:49  -131283.656250        0.331275
FIRE:  112 23:22:49  -131283.640625        0.329706
FIRE:  113 23:22:49  -131283.656250        0.329963
FIRE:  114 23:22:49  -131283.656250        0.332585
FIRE:  115 23:22:49  -131283.656250        0.337521
FIRE:  116 23:22:49  -131283.640625        0.343842
FIRE:  117 23:22:49  -131283.671875        0.349842
FIRE:  118 23:22:49  -131283.671875        0.353289
FIRE:  119 23:22:49  -131283.718750        0.352573
FIRE:  120 23:22:49  -131283.734375        0.348244
FIRE:  121 23:22:49  -131283.703125        0.344414
FIRE:  122 23:22:49  -131283.750000        0.346755
FIRE:  123 23:22:50  -131283.750000        0.356002
FIRE:  124 23:22:50  -131283.796875        0.361092
FIRE:  125 23:22:50  -131283.796875        0.345064
FIRE:  126 23:22:50  -131283.828125        0.307310
FIRE:  127 23:22:50  -131283.843750        0.264555
FIRE:  128 23:22:50  -131283.859375        0.234188
FIRE:  129 23:22:50  -131283.906250        0.330285
FIRE:  130 23:22:50  -131283.890625        0.385776
FIRE:  131 23:22:50  -131283.953125        0.871883
FIRE:  132 23:22:50  -131283.984375        1.895552
FIRE:  133 23:22:50  -131283.937500        5.148526
FIRE:  134 23:22:50  -131284.046875        0.205344
FIRE:  135 23:22:50  -131284.046875        0.188751
FIRE:  136 23:22:50  -131284.046875        0.158802
FIRE:  137 23:22:50  -131284.046875        0.147329
FIRE:  138 23:22:50  -131284.046875        0.160973
FIRE:  139 23:22:50  -131284.046875        0.163600
FIRE:  140 23:22:51  -131284.031250        0.140356
FIRE:  141 23:22:51  -131284.046875        0.116736
FIRE:  142 23:22:51  -131284.062500        0.127873
FIRE:  143 23:22:51  -131284.046875        0.142724
FIRE:  144 23:22:51  -131284.062500        0.118690
FIRE:  145 23:22:51  -131284.062500        0.094002
FIRE:  146 23:22:51  -131284.078125        0.103032
FIRE:  147 23:22:51  -131284.078125        0.098142
FIRE:  148 23:22:51  -131284.078125        0.100071
FIRE:  149 23:22:51  -131284.078125        0.098748
FIRE:  150 23:22:51  -131284.093750        0.096801
FIRE:  151 23:22:51  -131284.125000        0.122980
FIRE:  152 23:22:51  -131284.125000        0.129450
FIRE:  153 23:22:51  -131284.156250        0.218169
FIRE:  154 23:22:51  -131284.187500        0.696835
FIRE:  155 23:22:51  -131284.203125        2.150273
FIRE:  156 23:22:51  -131284.203125        0.105287
FIRE:  157 23:22:51  -131284.187500        0.104973
FIRE:  158 23:22:52  -131284.218750        0.104440
FIRE:  159 23:22:52  -131284.203125        0.103784
FIRE:  160 23:22:52  -131284.218750        0.103101
FIRE:  161 23:22:52  -131284.218750        0.102545
FIRE:  162 23:22:52  -131284.218750        0.102172
FIRE:  163 23:22:52  -131284.218750        0.101997
FIRE:  164 23:22:52  -131284.234375        0.102115
FIRE:  165 23:22:52  -131284.234375        0.102388
FIRE:  166 23:22:52  -131284.234375        0.102559
FIRE:  167 23:22:52  -131284.234375        0.102198
FIRE:  168 23:22:52  -131284.218750        0.100748
FIRE:  169 23:22:52  -131284.250000        0.098431
FIRE:  170 23:22:52  -131284.250000        0.095989
FIRE:  171 23:22:52  -131284.265625        0.094355
FIRE:  172 23:22:52  -131284.265625        0.093475
FIRE:  173 23:22:52  -131284.281250        0.091572
FIRE:  174 23:22:52  -131284.296875        0.087710
FIRE:  175 23:22:53  -131284.312500        0.087662
FIRE:  176 23:22:53  -131284.328125        0.119979
FIRE:  177 23:22:53  -131284.359375        0.453765
FIRE:  178 23:22:53  -131284.359375        1.864697
FIRE:  179 23:22:53  -131284.375000        0.109878
FIRE:  180 23:22:53  -131284.375000        0.083863
FIRE:  181 23:22:53  -131284.359375        0.083821
FIRE:  182 23:22:53  -131284.375000        0.083790
FIRE:  183 23:22:53  -131284.390625        0.083742
FIRE:  184 23:22:53  -131284.359375        0.084058
FIRE:  185 23:22:53  -131284.375000        0.083820
FIRE:  186 23:22:53  -131284.375000        0.083915
FIRE:  187 23:22:53  -131284.390625        0.084059
FIRE:  188 23:22:53  -131284.375000        0.084160
FIRE:  189 23:22:53  -131284.390625        0.084071
FIRE:  190 23:22:53  -131284.390625        0.083646
FIRE:  191 23:22:53  -131284.359375        0.082683
FIRE:  192 23:22:54  -131284.406250        0.081284
FIRE:  193 23:22:54  -131284.406250        0.079837
FIRE:  194 23:22:54  -131284.406250        0.078532
FIRE:  195 23:22:54  -131284.390625        0.077223
FIRE:  196 23:22:54  -131284.437500        0.075767
FIRE:  197 23:22:54  -131284.421875        0.088816
FIRE:  198 23:22:54  -131284.453125        0.158495
FIRE:  199 23:22:54  -131284.484375        0.485060
FIRE:  200 23:22:54  -131284.484375        1.577531
FIRE:  201 23:22:54  -131284.421875        4.724942
FIRE:  202 23:22:54  -131284.515625        0.547882
FIRE:  203 23:22:54  -131284.531250        0.388611
FIRE:  204 23:22:54  -131284.500000        0.120304
FIRE:  205 23:22:54  -131284.546875        0.163829
FIRE:  206 23:22:54  -131284.515625        0.348479
FIRE:  207 23:22:54  -131284.531250        0.380248
FIRE:  208 23:22:54  -131284.531250        0.262591
FIRE:  209 23:22:55  -131284.515625        0.066917
FIRE:  210 23:22:55  -131284.531250        0.195591
FIRE:  211 23:22:55  -131284.531250        0.290385
FIRE:  212 23:22:55  -131284.546875        0.153702
FIRE:  213 23:22:55  -131284.531250        0.145162
FIRE:  214 23:22:55  -131284.531250        0.263549
FIRE:  215 23:22:55  -131284.515625        0.066268
FIRE:  216 23:22:55  -131284.546875        0.273370
FIRE:  217 23:22:55  -131284.531250        0.065721
FIRE:  218 23:22:55  -131284.562500        0.269444
FIRE:  219 23:22:55  -131284.531250        0.271258
FIRE:  220 23:22:55  -131284.562500        0.211655
FIRE:  221 23:22:55  -131284.578125        0.273224
FIRE:  222 23:22:55  -131284.609375        0.677004
FIRE:  223 23:22:55  -131284.609375        2.122853
FIRE:  224 23:22:55  -131284.640625        0.229681
FIRE:  225 23:22:55  -131284.625000        0.168410
FIRE:  226 23:22:56  -131284.640625        0.063150
FIRE:  227 23:22:56  -131284.640625        0.062461
FIRE:  228 23:22:56  -131284.656250        0.139181
FIRE:  229 23:22:56  -131284.609375        0.164967
FIRE:  230 23:22:56  -131284.656250        0.124748
FIRE:  231 23:22:56  -131284.656250        0.062646
FIRE:  232 23:22:56  -131284.640625        0.069204
FIRE:  233 23:22:56  -131284.656250        0.128993
FIRE:  234 23:22:56  -131284.656250        0.089299
FIRE:  235 23:22:56  -131284.656250        0.062384
FIRE:  236 23:22:56  -131284.656250        0.118660
FIRE:  237 23:22:56  -131284.640625        0.061934
FIRE:  238 23:22:56  -131284.656250        0.109185
FIRE:  239 23:22:56  -131284.656250        0.061403
FIRE:  240 23:22:56  -131284.640625        0.125724
FIRE:  241 23:22:56  -131284.687500        0.107291
FIRE:  242 23:22:56  -131284.687500        0.065289
FIRE:  243 23:22:57  -131284.687500        0.059921
FIRE:  244 23:22:57  -131284.671875        0.154086
FIRE:  245 23:22:57  -131284.734375        0.619265
FIRE:  246 23:22:57  -131284.703125        2.457672
FIRE:  247 23:22:57  -131284.750000        0.505551
FIRE:  248 23:22:57  -131284.750000        0.357901
FIRE:  249 23:22:57  -131284.765625        0.105194
FIRE:  250 23:22:57  -131284.765625        0.168255
FIRE:  251 23:22:57  -131284.734375        0.347516
FIRE:  252 23:22:57  -131284.750000        0.377795
FIRE:  253 23:22:57  -131284.765625        0.261661
FIRE:  254 23:22:57  -131284.718750        0.058162
FIRE:  255 23:22:57  -131284.781250        0.190668
FIRE:  256 23:22:57  -131284.765625        0.299889
FIRE:  257 23:22:57  -131284.781250        0.186940
FIRE:  258 23:22:57  -131284.703125        0.106894
FIRE:  259 23:22:57  -131284.750000        0.268278
FIRE:  260 23:22:58  -131284.765625        0.065800
FIRE:  261 23:22:58  -131284.781250        0.250366
FIRE:  262 23:22:58  -131284.796875        0.057400
FIRE:  263 23:22:58  -131284.796875        0.299723
FIRE:  264 23:22:58  -131284.781250        0.210886
FIRE:  265 23:22:58  -131284.781250        0.058683
FIRE:  266 23:22:58  -131284.765625        0.056164
FIRE:  267 23:22:58  -131284.781250        0.244477
FIRE:  268 23:22:58  -131284.828125        1.057159
FIRE:  269 23:22:58  -131284.781250        3.776578
FIRE:  270 23:22:58  -131284.828125        0.839955
FIRE:  271 23:22:58  -131284.812500        0.571863
FIRE:  272 23:22:58  -131284.828125        0.127801
FIRE:  273 23:22:58  -131284.812500        0.324799
FIRE:  274 23:22:58  -131284.812500        0.298473
FIRE:  275 23:22:58  -131284.828125        0.247945
FIRE:  276 23:22:58  -131284.828125        0.177534
FIRE:  277 23:22:58  -131284.828125        0.095868
FIRE:  278 23:22:59  -131284.828125        0.055330
FIRE:  279 23:22:59  -131284.828125        0.075826
FIRE:  280 23:22:59  -131284.828125        0.139224
FIRE:  281 23:22:59  -131284.828125        0.180765
FIRE:  282 23:22:59  -131284.828125        0.189123
FIRE:  283 23:22:59  -131284.859375        0.156150
FIRE:  284 23:22:59  -131284.828125        0.081015
FIRE:  285 23:22:59  -131284.859375        0.054864
FIRE:  286 23:22:59  -131284.875000        0.113603
FIRE:  287 23:22:59  -131284.875000        0.146470
FIRE:  288 23:22:59  -131284.843750        0.090684
FIRE:  289 23:22:59  -131284.859375        0.054617
FIRE:  290 23:22:59  -131284.859375        0.129410
FIRE:  291 23:22:59  -131284.859375        0.085589
FIRE:  292 23:22:59  -131284.859375        0.068749
FIRE:  293 23:22:59  -131284.828125        0.101819
FIRE:  294 23:22:59  -131284.859375        0.073257
FIRE:  295 23:23:00  -131284.890625        0.080007
FIRE:  296 23:23:00  -131284.859375        0.140442
FIRE:  297 23:23:00  -131284.875000        0.119808
FIRE:  298 23:23:00  -131284.843750        0.103928
FIRE:  299 23:23:00  -131284.906250        0.220552
FIRE:  300 23:23:00  -131284.921875        0.666153
FIRE:  301 23:23:00  -131284.906250        2.143245
FIRE:  302 23:23:00  -131284.937500        0.265619
FIRE:  303 23:23:00  -131284.937500        0.191693
FIRE:  304 23:23:00  -131284.937500        0.065441
FIRE:  305 23:23:00  -131284.953125        0.074841
FIRE:  306 23:23:00  -131284.937500        0.174755
FIRE:  307 23:23:00  -131284.875000        0.201704
FIRE:  308 23:23:00  -131284.953125        0.150614
FIRE:  309 23:23:00  -131284.937500        0.054904
FIRE:  310 23:23:00  -131284.921875        0.083176
FIRE:  311 23:23:00  -131284.906250        0.152588
FIRE:  312 23:23:01  -131284.968750        0.103747
FIRE:  313 23:23:01  -131284.953125        0.054806
FIRE:  314 23:23:01  -131284.953125        0.145644
FIRE:  315 23:23:01  -131284.937500        0.054781
FIRE:  316 23:23:01  -131284.937500        0.125014
FIRE:  317 23:23:01  -131284.953125        0.054535
FIRE:  318 23:23:01  -131284.968750        0.156654
FIRE:  319 23:23:01  -131284.906250        0.115220
FIRE:  320 23:23:01  -131284.968750        0.054990
FIRE:  321 23:23:01  -131285.000000        0.055108
FIRE:  322 23:23:01  -131284.984375        0.054953
FIRE:  323 23:23:01  -131285.000000        0.054362
FIRE:  324 23:23:01  -131285.000000        0.165225
FIRE:  325 23:23:01  -131285.015625        1.143380
FIRE:  326 23:23:01  -131284.906250        7.401926
FIRE:  327 23:23:01  -131284.921875        5.819460
FIRE:  328 23:23:01  -131285.000000        3.590566
FIRE:  329 23:23:02  -131285.046875        0.288335
FIRE:  330 23:23:02  -131285.062500        0.262703
FIRE:  331 23:23:02  -131285.062500        0.236991
FIRE:  332 23:23:02  -131285.046875        0.200604
FIRE:  333 23:23:02  -131285.046875        0.156256
FIRE:  334 23:23:02  -131285.062500        0.125227
FIRE:  335 23:23:02  -131285.062500        0.137352
FIRE:  336 23:23:02  -131285.046875        0.132094
FIRE:  337 23:23:02  -131285.078125        0.115500
FIRE:  338 23:23:02  -131285.078125        0.094267
FIRE:  339 23:23:02  -131285.046875        0.087975
FIRE:  340 23:23:02  -131285.062500        0.097301
FIRE:  341 23:23:02  -131285.062500        0.145453
FIRE:  342 23:23:02  -131285.031250        0.139580
FIRE:  343 23:23:02  -131285.046875        0.078368
FIRE:  344 23:23:02  -131285.062500        0.065777
FIRE:  345 23:23:02  -131285.015625        0.089882
FIRE:  346 23:23:03  -131285.093750        0.071982
FIRE:  347 23:23:03  -131285.062500        0.113714
FIRE:  348 23:23:03  -131285.046875        0.051239
FIRE:  349 23:23:03  -131285.031250        0.092615
FIRE:  350 23:23:03  -131285.031250        0.079592
FIRE:  351 23:23:03  -131285.046875        0.060021
FIRE:  352 23:23:03  -131285.062500        0.119747
FIRE:  353 23:23:03  -131285.109375        0.300230
FIRE:  354 23:23:03  -131285.125000        0.668121
FIRE:  355 23:23:03  -131285.125000        1.759866
FIRE:  356 23:23:03  -131285.125000        0.096732
FIRE:  357 23:23:03  -131285.109375        0.072215
FIRE:  358 23:23:03  -131285.125000        0.048705
