      Step     Time          Energy          fmax
FIRE:    0 16:30:07  -759900.625000        5.098138
FIRE:    1 16:30:08  -759902.625000        4.545385
FIRE:    2 16:30:10  -759904.625000        3.419462
FIRE:    3 16:30:10  -759906.250000        2.146864
FIRE:    4 16:30:11  -759906.875000        1.923795
FIRE:    5 16:30:13  -759906.437500        3.445041
FIRE:    6 16:30:13  -759906.750000        2.979635
FIRE:    7 16:30:13  -759907.250000        2.194244
FIRE:    8 16:30:13  -759907.500000        1.517056
FIRE:    9 16:30:13  -759907.750000        1.184132
FIRE:   10 16:30:13  -759907.125000        1.201469
FIRE:   11 16:30:13  -759907.500000        1.275040
FIRE:   12 16:30:13  -759908.062500        1.578983
FIRE:   13 16:30:13  -759908.000000        1.739719
FIRE:   14 16:30:13  -759908.437500        1.753437
FIRE:   15 16:30:13  -759908.812500        1.549516
FIRE:   16 16:30:13  -759909.187500        1.631994
FIRE:   17 16:30:13  -759908.687500        1.616622
FIRE:   18 16:30:13  -759909.937500        1.661540
FIRE:   19 16:30:13  -759910.375000        1.621489
FIRE:   20 16:30:13  -759910.125000        1.411984
FIRE:   21 16:30:13  -759910.437500        0.545547
FIRE:   22 16:30:13  -759910.500000        1.227870
FIRE:   23 16:30:13  -759911.125000        1.138516
FIRE:   24 16:30:13  -759910.562500        0.972613
FIRE:   25 16:30:13  -759911.250000        0.745588
FIRE:   26 16:30:13  -759910.687500        0.465115
FIRE:   27 16:30:14  -759910.687500        0.375437
FIRE:   28 16:30:14  -759910.750000        0.487955
FIRE:   29 16:30:14  -759910.750000        0.516865
FIRE:   30 16:30:14  -759910.750000        0.713673
FIRE:   31 16:30:14  -759911.625000        0.729181
FIRE:   32 16:30:14  -759911.562500        0.579024
FIRE:   33 16:30:14  -759910.937500        0.449714
FIRE:   34 16:30:14  -759911.750000        0.343493
FIRE:   35 16:30:14  -759912.000000        0.336493
FIRE:   36 16:30:14  -759911.000000        0.626409
FIRE:   37 16:30:14  -759912.187500        0.586301
FIRE:   38 16:30:14  -759912.312500        0.316309
FIRE:   39 16:30:14  -759912.375000        1.450041
FIRE:   40 16:30:14  -759912.187500        4.391466
FIRE:   41 16:30:14  -759912.062500        0.610768
FIRE:   42 16:30:14  -759912.250000        0.406919
FIRE:   43 16:30:14  -759912.500000        0.346796
FIRE:   44 16:30:14  -759912.312500        0.314989
FIRE:   45 16:30:14  -759912.312500        0.481401
FIRE:   46 16:30:15  -759912.562500        0.460654
FIRE:   47 16:30:15  -759912.125000        0.262901
FIRE:   48 16:30:15  -759912.562500        0.222219
FIRE:   49 16:30:15  -759912.562500        0.317534
FIRE:   50 16:30:15  -759912.562500        0.317995
FIRE:   51 16:30:15  -759912.312500        0.252640
FIRE:   52 16:30:15  -759912.625000        0.290796
FIRE:   53 16:30:15  -759912.625000        0.285361
FIRE:   54 16:30:15  -759912.625000        0.262685
FIRE:   55 16:30:15  -759912.562500        0.268255
FIRE:   56 16:30:15  -759912.687500        0.271938
FIRE:   57 16:30:15  -759912.625000        0.271683
FIRE:   58 16:30:15  -759912.750000        0.339297
FIRE:   59 16:30:15  -759912.375000        0.485195
FIRE:   60 16:30:15  -759912.062500        0.691501
FIRE:   61 16:30:15  -759912.437500        1.369253
FIRE:   62 16:30:15  -759912.812500        0.324098
FIRE:   63 16:30:15  -759912.437500        1.354239
FIRE:   64 16:30:16  -759912.437500        0.995548
FIRE:   65 16:30:16  -759912.437500        0.394876
FIRE:   66 16:30:16  -759912.500000        0.326557
FIRE:   67 16:30:16  -759912.500000        0.326560
FIRE:   68 16:30:16  -759912.500000        0.326570
FIRE:   69 16:30:16  -759912.500000        0.326585
FIRE:   70 16:30:16  -759912.500000        0.326609
FIRE:   71 16:30:16  -759912.500000        0.326647
FIRE:   72 16:30:16  -759912.500000        0.326699
FIRE:   73 16:30:16  -759912.500000        0.326773
FIRE:   74 16:30:16  -759912.500000        0.326883
FIRE:   75 16:30:16  -759912.500000        0.327046
FIRE:   76 16:30:16  -759912.500000        0.327269
FIRE:   77 16:30:16  -759912.500000        0.327590
FIRE:   78 16:30:16  -759912.562500        0.328026
FIRE:   79 16:30:16  -759912.500000        0.328636
FIRE:   80 16:30:16  -759912.500000        0.329479
FIRE:   81 16:30:16  -759912.500000        0.330616
FIRE:   82 16:30:17  -759912.500000        0.332176
FIRE:   83 16:30:17  -759912.500000        0.334359
FIRE:   84 16:30:17  -759912.500000        0.337481
FIRE:   85 16:30:17  -759912.562500        0.341958
FIRE:   86 16:30:17  -759912.562500        0.348265
FIRE:   87 16:30:17  -759912.562500        0.356881
FIRE:   88 16:30:17  -759912.562500        0.368061
FIRE:   89 16:30:17  -759912.625000        0.381498
FIRE:   90 16:30:17  -759912.625000        0.404544
FIRE:   91 16:30:17  -759912.750000        0.447885
FIRE:   92 16:30:17  -759912.750000        0.452801
FIRE:   93 16:30:17  -759912.812500        0.448642
FIRE:   94 16:30:17  -759912.875000        0.486300
FIRE:   95 16:30:17  -759913.375000        1.435719
FIRE:   96 16:30:17  -759913.437500        0.273100
FIRE:   97 16:30:17  -759913.375000        1.397451
FIRE:   98 16:30:17  -759913.437500        1.011769
FIRE:   99 16:30:18  -759913.437500        0.370868
FIRE:  100 16:30:18  -759913.437500        0.329670
FIRE:  101 16:30:18  -759913.375000        0.310464
FIRE:  102 16:30:18  -759913.437500        0.273132
FIRE:  103 16:30:18  -759913.375000        0.249745
FIRE:  104 16:30:18  -759913.437500        0.249016
FIRE:  105 16:30:18  -759913.375000        0.248104
FIRE:  106 16:30:18  -759913.437500        0.247019
FIRE:  107 16:30:18  -759913.437500        0.245771
FIRE:  108 16:30:18  -759913.375000        0.244230
FIRE:  109 16:30:18  -759913.437500        0.242410
FIRE:  110 16:30:18  -759913.375000        0.240257
FIRE:  111 16:30:18  -759913.437500        0.237749
FIRE:  112 16:30:18  -759913.437500        0.234812
FIRE:  113 16:30:18  -759913.375000        0.231312
FIRE:  114 16:30:18  -759912.500000        0.227137
FIRE:  115 16:30:18  -759912.312500        0.222171
FIRE:  116 16:30:19  -759913.375000        0.216360
FIRE:  117 16:30:19  -759913.375000        0.209614
FIRE:  118 16:30:19  -759913.500000        0.201889
FIRE:  119 16:30:19  -759913.500000        0.193200
FIRE:  120 16:30:19  -759913.500000        0.183344
FIRE:  121 16:30:19  -759913.500000        0.171592
FIRE:  122 16:30:19  -759913.500000        0.157720
FIRE:  123 16:30:19  -759913.500000        0.141988
FIRE:  124 16:30:19  -759913.562500        0.133388
FIRE:  125 16:30:19  -759913.562500        0.118535
FIRE:  126 16:30:19  -759913.625000        0.116390
FIRE:  127 16:30:19  -759913.625000        0.141762
FIRE:  128 16:30:19  -759912.687500        0.444487
FIRE:  129 16:30:19  -759912.562500        1.588221
FIRE:  130 16:30:19  -759912.750000        0.169774
FIRE:  131 16:30:19  -759912.750000        0.153661
FIRE:  132 16:30:19  -759913.500000        0.153819
FIRE:  133 16:30:19  -759912.625000        0.154159
FIRE:  134 16:30:20  -759912.750000        0.154779
FIRE:  135 16:30:20  -759913.562500        0.155801
FIRE:  136 16:30:20  -759912.750000        0.157334
FIRE:  137 16:30:20  -759912.750000        0.159492
FIRE:  138 16:30:20  -759913.500000        0.162785
FIRE:  139 16:30:20  -759913.500000        0.167780
FIRE:  140 16:30:20  -759912.750000        0.175439
FIRE:  141 16:30:20  -759913.500000        0.187629
FIRE:  142 16:30:20  -759912.750000        0.205839
FIRE:  143 16:30:20  -759912.750000        0.200089
FIRE:  144 16:30:20  -759912.812500        0.389858
FIRE:  145 16:30:20  -759912.812500        0.369643
FIRE:  146 16:30:20  -759912.812500        0.198652
FIRE:  147 16:30:20  -759912.812500        0.223661
FIRE:  148 16:30:20  -759913.625000        0.170896
FIRE:  149 16:30:20  -759913.625000        0.415456
FIRE:  150 16:30:20  -759912.875000        0.362687
FIRE:  151 16:30:21  -759913.687500        0.789041
FIRE:  152 16:30:21  -759912.937500        2.310870
FIRE:  153 16:30:21  -759913.750000        0.190071
FIRE:  154 16:30:21  -759913.000000        0.196608
FIRE:  155 16:30:21  -759912.875000        0.214892
FIRE:  156 16:30:21  -759913.000000        0.261063
FIRE:  157 16:30:21  -759913.000000        0.377579
FIRE:  158 16:30:21  -759913.562500        0.463447
FIRE:  159 16:30:21  -759913.562500        0.461939
FIRE:  160 16:30:21  -759913.000000        0.459200
FIRE:  161 16:30:21  -759913.000000        0.454699
FIRE:  162 16:30:21  -759912.875000        0.448054
FIRE:  163 16:30:21  -759913.000000        0.438900
FIRE:  164 16:30:21  -759913.000000        0.426680
FIRE:  165 16:30:21  -759913.000000        0.412069
FIRE:  166 16:30:21  -759913.625000        0.398616
FIRE:  167 16:30:21  -759913.625000        0.384493
FIRE:  168 16:30:21  -759912.937500        0.362661
FIRE:  169 16:30:22  -759913.125000        0.354081
FIRE:  170 16:30:22  -759913.125000        0.356720
FIRE:  171 16:30:22  -759914.125000        0.371563
FIRE:  172 16:30:22  -759913.125000        0.403385
FIRE:  173 16:30:22  -759914.312500        0.474460
FIRE:  174 16:30:22  -759914.312500        1.605104
FIRE:  175 16:30:22  -759914.125000        4.631356
FIRE:  176 16:30:22  -759914.562500        0.553176
FIRE:  177 16:30:22  -759913.562500        0.553307
FIRE:  178 16:30:22  -759914.500000        0.553574
FIRE:  179 16:30:22  -759914.500000        0.554007
FIRE:  180 16:30:22  -759914.562500        0.554630
FIRE:  181 16:30:22  -759914.562500        0.555448
FIRE:  182 16:30:22  -759914.500000        0.556482
FIRE:  183 16:30:22  -759914.562500        0.557764
FIRE:  184 16:30:22  -759914.500000        0.559436
FIRE:  185 16:30:22  -759914.562500        0.560159
FIRE:  186 16:30:23  -759914.562500        0.559505
FIRE:  187 16:30:23  -759914.625000        0.557822
FIRE:  188 16:30:23  -759914.625000        0.554578
FIRE:  189 16:30:23  -759914.437500        0.549558
FIRE:  190 16:30:23  -759914.750000        0.542585
FIRE:  191 16:30:23  -759914.750000        0.531849
FIRE:  192 16:30:23  -759914.812500        0.514974
FIRE:  193 16:30:23  -759914.812500        0.500032
FIRE:  194 16:30:23  -759914.875000        0.475602
FIRE:  195 16:30:23  -759915.000000        0.755894
FIRE:  196 16:30:23  -759915.062500        1.630831
FIRE:  197 16:30:23  -759915.125000        0.471138
FIRE:  198 16:30:23  -759915.062500        1.504443
FIRE:  199 16:30:23  -759915.062500        1.119233
FIRE:  200 16:30:23  -759915.062500        0.471081
FIRE:  201 16:30:23  -759915.062500        0.448684
FIRE:  202 16:30:23  -759915.062500        0.448446
FIRE:  203 16:30:23  -759915.125000        0.447971
FIRE:  204 16:30:24  -759915.187500        0.447275
FIRE:  205 16:30:24  -759915.187500        0.446372
FIRE:  206 16:30:24  -759915.125000        0.445291
FIRE:  207 16:30:24  -759915.187500        0.444071
FIRE:  208 16:30:24  -759915.187500        0.442739
FIRE:  209 16:30:24  -759915.125000        0.441208
FIRE:  210 16:30:24  -759915.125000        0.439530
FIRE:  211 16:30:24  -759915.187500        0.437765
FIRE:  212 16:30:24  -759915.187500        0.436056
FIRE:  213 16:30:24  -759915.125000        0.434583
FIRE:  214 16:30:24  -759915.187500        0.433568
FIRE:  215 16:30:24  -759915.187500        0.433301
FIRE:  216 16:30:24  -759915.125000        0.434096
FIRE:  217 16:30:24  -759915.187500        0.436294
FIRE:  218 16:30:24  -759915.187500        0.440401
FIRE:  219 16:30:24  -759915.250000        0.447559
FIRE:  220 16:30:24  -759915.250000        0.454192
FIRE:  221 16:30:24  -759915.187500        0.460700
FIRE:  222 16:30:25  -759915.250000        0.468049
FIRE:  223 16:30:25  -759915.250000        0.475322
FIRE:  224 16:30:25  -759915.312500        0.479379
FIRE:  225 16:30:25  -759915.437500        0.471845
FIRE:  226 16:30:25  -759915.437500        0.446776
FIRE:  227 16:30:25  -759914.562500        0.372744
FIRE:  228 16:30:25  -759914.625000        0.316933
FIRE:  229 16:30:25  -759915.750000        0.720831
FIRE:  230 16:30:25  -759915.687500        1.854564
FIRE:  231 16:30:25  -759915.812500        0.346939
FIRE:  232 16:30:25  -759915.750000        1.778411
FIRE:  233 16:30:25  -759915.750000        1.301472
FIRE:  234 16:30:25  -759915.750000        0.510297
FIRE:  235 16:30:25  -759915.812500        0.351478
FIRE:  236 16:30:25  -759915.812500        0.331211
FIRE:  237 16:30:25  -759915.750000        0.291893
FIRE:  238 16:30:25  -759915.750000        0.252298
FIRE:  239 16:30:25  -759915.750000        0.252002
FIRE:  240 16:30:26  -759915.750000        0.251596
FIRE:  241 16:30:26  -759915.812500        0.251068
FIRE:  242 16:30:26  -759915.812500        0.250403
FIRE:  243 16:30:26  -759915.812500        0.249485
FIRE:  244 16:30:26  -759915.812500        0.248262
FIRE:  245 16:30:26  -759915.812500        0.246661
FIRE:  246 16:30:26  -759915.812500        0.244592
FIRE:  247 16:30:26  -759915.750000        0.241958
FIRE:  248 16:30:26  -759915.812500        0.238656
FIRE:  249 16:30:26  -759915.750000        0.234585
FIRE:  250 16:30:26  -759915.812500        0.229732
FIRE:  251 16:30:26  -759915.812500        0.224027
FIRE:  252 16:30:26  -759915.750000        0.217302
FIRE:  253 16:30:26  -759915.875000        0.209176
FIRE:  254 16:30:26  -759915.875000        0.199325
FIRE:  255 16:30:26  -759915.875000        0.187408
FIRE:  256 16:30:26  -759915.875000        0.186761
FIRE:  257 16:30:27  -759915.875000        0.197703
FIRE:  258 16:30:27  -759915.875000        0.201182
FIRE:  259 16:30:27  -759915.875000        0.198590
FIRE:  260 16:30:27  -759915.937500        0.188595
FIRE:  261 16:30:27  -759915.875000        0.175131
FIRE:  262 16:30:27  -759916.000000        0.169424
FIRE:  263 16:30:27  -759915.937500        0.487473
FIRE:  264 16:30:27  -759916.000000        1.285164
FIRE:  265 16:30:27  -759916.062500        0.163172
FIRE:  266 16:30:27  -759916.000000        1.233682
FIRE:  267 16:30:27  -759916.000000        0.900424
FIRE:  268 16:30:27  -759916.062500        0.350016
FIRE:  269 16:30:27  -759916.062500        0.278691
FIRE:  270 16:30:27  -759916.000000        0.262274
FIRE:  271 16:30:27  -759916.062500        0.230375
FIRE:  272 16:30:27  -759916.062500        0.184984
FIRE:  273 16:30:27  -759916.062500        0.164091
FIRE:  274 16:30:27  -759916.062500        0.164047
FIRE:  275 16:30:27  -759916.062500        0.164003
FIRE:  276 16:30:28  -759916.062500        0.163981
FIRE:  277 16:30:28  -759916.062500        0.163978
FIRE:  278 16:30:28  -759916.062500        0.164004
FIRE:  279 16:30:28  -759916.062500        0.164080
FIRE:  280 16:30:28  -759916.062500        0.164197
FIRE:  281 16:30:28  -759916.000000        0.164363
FIRE:  282 16:30:28  -759916.000000        0.164549
FIRE:  283 16:30:28  -759916.062500        0.164736
FIRE:  284 16:30:28  -759916.062500        0.164886
FIRE:  285 16:30:28  -759916.000000        0.164999
FIRE:  286 16:30:28  -759916.000000        0.165105
FIRE:  287 16:30:28  -759916.062500        0.165354
FIRE:  288 16:30:28  -759916.062500        0.166021
FIRE:  289 16:30:28  -759916.062500        0.167480
FIRE:  290 16:30:28  -759916.062500        0.169978
FIRE:  291 16:30:28  -759915.062500        0.171874
FIRE:  292 16:30:28  -759915.062500        0.175724
FIRE:  293 16:30:29  -759915.125000        0.183790
FIRE:  294 16:30:29  -759915.125000        0.185998
FIRE:  295 16:30:29  -759915.125000        0.191573
FIRE:  296 16:30:29  -759915.125000        0.229856
FIRE:  297 16:30:29  -759915.187500        0.513590
FIRE:  298 16:30:29  -759916.187500        1.257909
FIRE:  299 16:30:29  -759915.937500        0.280067
FIRE:  300 16:30:29  -759915.187500        1.211041
FIRE:  301 16:30:29  -759915.062500        0.873162
FIRE:  302 16:30:29  -759915.187500        0.319629
FIRE:  303 16:30:29  -759915.187500        0.305636
FIRE:  304 16:30:29  -759915.750000        0.286971
FIRE:  305 16:30:29  -759915.062500        0.283873
FIRE:  306 16:30:29  -759915.187500        0.283962
FIRE:  307 16:30:29  -759915.187500        0.284078
FIRE:  308 16:30:29  -759915.187500        0.284208
FIRE:  309 16:30:29  -759915.187500        0.284341
FIRE:  310 16:30:29  -759915.187500        0.284471
FIRE:  311 16:30:30  -759915.187500        0.284589
FIRE:  312 16:30:30  -759915.750000        0.284669
FIRE:  313 16:30:30  -759915.187500        0.284674
FIRE:  314 16:30:30  -759915.937500        0.284563
FIRE:  315 16:30:30  -759916.187500        0.284266
FIRE:  316 16:30:30  -759916.187500        0.283704
FIRE:  317 16:30:30  -759916.125000        0.282779
FIRE:  318 16:30:30  -759916.250000        0.281388
FIRE:  319 16:30:30  -759916.187500        0.279442
FIRE:  320 16:30:30  -759916.187500        0.276857
FIRE:  321 16:30:30  -759916.250000        0.273607
FIRE:  322 16:30:30  -759915.312500        0.269958
FIRE:  323 16:30:30  -759916.250000        0.266378
FIRE:  324 16:30:30  -759916.187500        0.263646
FIRE:  325 16:30:30  -759916.250000        0.263317
FIRE:  326 16:30:30  -759915.187500        0.267827
FIRE:  327 16:30:30  -759915.312500        0.277720
FIRE:  328 16:30:30  -759915.187500        0.405935
FIRE:  329 16:30:31  -759916.375000        0.387256
FIRE:  330 16:30:31  -759915.250000        0.370901
FIRE:  331 16:30:31  -759916.375000        0.359597
FIRE:  332 16:30:31  -759916.500000        1.252243
FIRE:  333 16:30:31  -759916.312500        4.949896
FIRE:  334 16:30:31  -759916.562500        1.960626
FIRE:  335 16:30:31  -759916.562500        1.409837
FIRE:  336 16:30:31  -759916.500000        0.404703
FIRE:  337 16:30:31  -759916.562500        0.805805
FIRE:  338 16:30:31  -759916.562500        0.738533
FIRE:  339 16:30:31  -759916.562500        0.610497
FIRE:  340 16:30:31  -759916.562500        0.434086
FIRE:  341 16:30:31  -759916.562500        0.287168
FIRE:  342 16:30:31  -759916.562500        0.286352
FIRE:  343 16:30:31  -759916.562500        0.285289
FIRE:  344 16:30:31  -759916.562500        0.328012
FIRE:  345 16:30:31  -759916.562500        0.420192
FIRE:  346 16:30:31  -759916.562500        0.442824
FIRE:  347 16:30:32  -759916.562500        0.381560
FIRE:  348 16:30:32  -759916.625000        0.275453
FIRE:  349 16:30:32  -759916.562500        0.272045
FIRE:  350 16:30:32  -759916.625000        0.267781
FIRE:  351 16:30:32  -759916.562500        0.337378
FIRE:  352 16:30:32  -759916.562500        0.262127
FIRE:  353 16:30:32  -759916.562500        0.249613
FIRE:  354 16:30:32  -759916.562500        0.255668
FIRE:  355 16:30:32  -759916.562500        0.265245
FIRE:  356 16:30:32  -759916.625000        0.219810
FIRE:  357 16:30:32  -759916.625000        0.281257
FIRE:  358 16:30:32  -759916.687500        0.190265
FIRE:  359 16:30:32  -759916.625000        0.302545
FIRE:  360 16:30:32  -759916.687500        0.147405
FIRE:  361 16:30:32  -759916.687500        0.146569
FIRE:  362 16:30:32  -759916.687500        0.411659
FIRE:  363 16:30:32  -759916.687500        0.720026
FIRE:  364 16:30:32  -759916.750000        1.302388
FIRE:  365 16:30:33  -759916.812500        0.193591
FIRE:  366 16:30:33  -759916.750000        1.157809
FIRE:  367 16:30:33  -759916.750000        0.877068
FIRE:  368 16:30:33  -759916.812500        0.396852
FIRE:  369 16:30:33  -759916.750000        0.158126
FIRE:  370 16:30:33  -759916.750000        0.157975
FIRE:  371 16:30:33  -759916.750000        0.157661
FIRE:  372 16:30:33  -759916.812500        0.157190
FIRE:  373 16:30:33  -759916.812500        0.156552
FIRE:  374 16:30:33  -759916.750000        0.155758
FIRE:  375 16:30:33  -759916.750000        0.154795
FIRE:  376 16:30:33  -759916.812500        0.153667
FIRE:  377 16:30:33  -759916.812500        0.152239
FIRE:  378 16:30:33  -759916.812500        0.150436
FIRE:  379 16:30:33  -759916.812500        0.148561
FIRE:  380 16:30:33  -759916.750000        0.146537
FIRE:  381 16:30:33  -759916.812500        0.144096
FIRE:  382 16:30:33  -759916.812500        0.141178
FIRE:  383 16:30:34  -759916.812500        0.137759
FIRE:  384 16:30:34  -759916.812500        0.133850
FIRE:  385 16:30:34  -759916.750000        0.129564
FIRE:  386 16:30:34  -759916.750000        0.125113
FIRE:  387 16:30:34  -759916.812500        0.121865
FIRE:  388 16:30:34  -759916.812500        0.120922
FIRE:  389 16:30:34  -759916.750000        0.119836
FIRE:  390 16:30:34  -759916.750000        0.118721
FIRE:  391 16:30:34  -759916.750000        0.117691
FIRE:  392 16:30:34  -759916.875000        0.116723
FIRE:  393 16:30:34  -759916.875000        0.115747
FIRE:  394 16:30:34  -759916.875000        0.115064
FIRE:  395 16:30:34  -759916.875000        0.114472
FIRE:  396 16:30:34  -759915.812500        0.164161
FIRE:  397 16:30:34  -759915.687500        0.407764
FIRE:  398 16:30:34  -759915.687500        1.038656
FIRE:  399 16:30:34  -759916.000000        0.112324
FIRE:  400 16:30:34  -759915.937500        0.944369
FIRE:  401 16:30:35  -759915.937500        0.709763
FIRE:  402 16:30:35  -759915.812500        0.308041
FIRE:  403 16:30:35  -759915.812500        0.150781
FIRE:  404 16:30:35  -759915.812500        0.142217
FIRE:  405 16:30:35  -759915.812500        0.125610
FIRE:  406 16:30:35  -759915.937500        0.102016
FIRE:  407 16:30:35  -759916.000000        0.095950
FIRE:  408 16:30:35  -759915.937500        0.095947
FIRE:  409 16:30:35  -759915.812500        0.095934
FIRE:  410 16:30:35  -759915.937500        0.095891
FIRE:  411 16:30:35  -759915.812500        0.095818
FIRE:  412 16:30:35  -759916.000000        0.095689
FIRE:  413 16:30:35  -759915.812500        0.095498
FIRE:  414 16:30:35  -759915.812500        0.095221
FIRE:  415 16:30:35  -759915.687500        0.094866
FIRE:  416 16:30:35  -759915.937500        0.094441
FIRE:  417 16:30:35  -759916.000000        0.094012
FIRE:  418 16:30:36  -759916.937500        0.094000
FIRE:  419 16:30:36  -759916.937500        0.093995
FIRE:  420 16:30:36  -759916.937500        0.093988
FIRE:  421 16:30:36  -759916.937500        0.093981
FIRE:  422 16:30:36  -759916.937500        0.094091
FIRE:  423 16:30:36  -759916.875000        0.094134
FIRE:  424 16:30:36  -759916.875000        0.094149
FIRE:  425 16:30:36  -759916.875000        0.093854
FIRE:  426 16:30:36  -759917.000000        0.093125
FIRE:  427 16:30:36  -759917.000000        0.091974
FIRE:  428 16:30:36  -759917.000000        0.091495
FIRE:  429 16:30:36  -759915.812500        0.091690
FIRE:  430 16:30:36  -759915.875000        0.142059
FIRE:  431 16:30:36  -759916.937500        0.368345
FIRE:  432 16:30:36  -759916.937500        0.943411
FIRE:  433 16:30:36  -759916.937500        0.090866
FIRE:  434 16:30:36  -759916.937500        0.880318
FIRE:  435 16:30:36  -759916.937500        0.655118
FIRE:  436 16:30:37  -759916.937500        0.270760
FIRE:  437 16:30:37  -759917.000000        0.165154
FIRE:  438 16:30:37  -759916.937500        0.155390
FIRE:  439 16:30:37  -759916.937500        0.136389
FIRE:  440 16:30:37  -759917.000000        0.109532
FIRE:  441 16:30:37  -759917.000000        0.090490
FIRE:  442 16:30:37  -759917.000000        0.090502
FIRE:  443 16:30:37  -759917.062500        0.090512
FIRE:  444 16:30:37  -759917.000000        0.090516
FIRE:  445 16:30:37  -759917.000000        0.090508
FIRE:  446 16:30:37  -759917.000000        0.090483
FIRE:  447 16:30:37  -759917.062500        0.090432
FIRE:  448 16:30:37  -759917.000000        0.090359
FIRE:  449 16:30:37  -759917.062500        0.090248
FIRE:  450 16:30:37  -759917.000000        0.090108
FIRE:  451 16:30:37  -759917.000000        0.089941
FIRE:  452 16:30:37  -759917.062500        0.089754
FIRE:  453 16:30:37  -759917.062500        0.089569
FIRE:  454 16:30:38  -759917.062500        0.089363
FIRE:  455 16:30:38  -759917.062500        0.089115
FIRE:  456 16:30:38  -759917.062500        0.088792
FIRE:  457 16:30:38  -759917.062500        0.088392
FIRE:  458 16:30:38  -759917.000000        0.087980
FIRE:  459 16:30:38  -759917.062500        0.087614
FIRE:  460 16:30:38  -759917.000000        0.087102
FIRE:  461 16:30:38  -759917.062500        0.086221
FIRE:  462 16:30:38  -759917.000000        0.085565
FIRE:  463 16:30:38  -759917.000000        0.088335
FIRE:  464 16:30:38  -759917.000000        0.127207
FIRE:  465 16:30:38  -759916.812500        0.355819
FIRE:  466 16:30:38  -759917.062500        0.950815
FIRE:  467 16:30:38  -759917.062500        0.083458
FIRE:  468 16:30:38  -759917.000000        0.906442
FIRE:  469 16:30:38  -759917.125000        0.666307
FIRE:  470 16:30:38  -759917.062500        0.259087
FIRE:  471 16:30:38  -759917.062500        0.197456
FIRE:  472 16:30:39  -759917.125000        0.185372
FIRE:  473 16:30:39  -759917.062500        0.161911
FIRE:  474 16:30:39  -759917.062500        0.128543
FIRE:  475 16:30:39  -759917.125000        0.087604
FIRE:  476 16:30:39  -759917.062500        0.082502
FIRE:  477 16:30:39  -759917.062500        0.082428
FIRE:  478 16:30:39  -759917.062500        0.082332
FIRE:  479 16:30:39  -759917.062500        0.082202
FIRE:  480 16:30:39  -759917.125000        0.099106
FIRE:  481 16:30:39  -759917.062500        0.102594
FIRE:  482 16:30:39  -759917.062500        0.084021
FIRE:  483 16:30:39  -759917.062500        0.081266
FIRE:  484 16:30:39  -759917.125000        0.080877
FIRE:  485 16:30:39  -759917.125000        0.080410
FIRE:  486 16:30:39  -759917.062500        0.084698
FIRE:  487 16:30:39  -759917.062500        0.079176
FIRE:  488 16:30:39  -759917.062500        0.078378
FIRE:  489 16:30:39  -759917.062500        0.077400
FIRE:  490 16:30:39  -759917.125000        0.076210
FIRE:  491 16:30:40  -759917.062500        0.074795
FIRE:  492 16:30:40  -759917.062500        0.073205
FIRE:  493 16:30:40  -759917.062500        0.071472
FIRE:  494 16:30:40  -759917.062500        0.069425
FIRE:  495 16:30:40  -759917.062500        0.066946
FIRE:  496 16:30:40  -759917.062500        0.064170
FIRE:  497 16:30:40  -759917.062500        0.064186
FIRE:  498 16:30:40  -759917.062500        0.092762
FIRE:  499 16:30:40  -759916.125000        0.299543
FIRE:  500 16:30:40  -759916.125000        0.876058
FIRE:  501 16:30:40  -759916.125000        0.055335
FIRE:  502 16:30:40  -759916.125000        0.836304
FIRE:  503 16:30:40  -759916.125000        0.608461
FIRE:  504 16:30:40  -759916.937500        0.223402
FIRE:  505 16:30:40  -759916.000000        0.204993
FIRE:  506 16:30:40  -759916.125000        0.192029
FIRE:  507 16:30:40  -759916.125000        0.166834
FIRE:  508 16:30:40  -759916.125000        0.131101
FIRE:  509 16:30:40  -759916.125000        0.087323
FIRE:  510 16:30:40  -759916.125000        0.055229
FIRE:  511 16:30:41  -759916.125000        0.055186
FIRE:  512 16:30:41  -759916.875000        0.055138
FIRE:  513 16:30:41  -759916.125000        0.085742
FIRE:  514 16:30:41  -759916.125000        0.106230
FIRE:  515 16:30:41  -759916.687500        0.107398
FIRE:  516 16:30:41  -759916.875000        0.085284
FIRE:  517 16:30:41  -759916.125000        0.054741
FIRE:  518 16:30:41  -759916.125000        0.054615
FIRE:  519 16:30:41  -759916.125000        0.070621
FIRE:  520 16:30:41  -759916.125000        0.087934
FIRE:  521 16:30:41  -759916.125000        0.055799
FIRE:  522 16:30:41  -759916.250000        0.053562
FIRE:  523 16:30:41  -759916.125000        0.071999
FIRE:  524 16:30:41  -759916.937500        0.052559
FIRE:  525 16:30:41  -759916.750000        0.051926
FIRE:  526 16:30:41  -759916.187500        0.068199
FIRE:  527 16:30:41  -759917.000000        0.050167
FIRE:  528 16:30:41  -759916.750000        0.055872
FIRE:  529 16:30:42  -759916.187500        0.072177
FIRE:  530 16:30:42  -759916.062500        0.046998
