      Step     Time          Energy          fmax
FIRE:    0 09:00:48  -445761.937500        7.765938
FIRE:    1 09:00:49  -445764.406250        6.831781
FIRE:    2 09:00:52  -445766.343750        5.047599
FIRE:    3 09:00:52  -445767.468750        4.837464
FIRE:    4 09:00:52  -445767.687500        7.181424
FIRE:    5 09:00:52  -445768.000000        5.221865
FIRE:    6 09:00:52  -445768.375000        2.480618
FIRE:    7 09:00:52  -445768.625000        1.942999
FIRE:    8 09:00:52  -445768.687500        3.548674
FIRE:    9 09:00:52  -445768.718750        3.364425
FIRE:   10 09:00:52  -445768.750000        3.004507
FIRE:   11 09:00:52  -445768.812500        2.487472
FIRE:   12 09:00:52  -445768.875000        1.845109
FIRE:   13 09:00:52  -445768.906250        1.561788
FIRE:   14 09:00:52  -445768.968750        1.516967
FIRE:   15 09:00:52  -445769.031250        1.461805
FIRE:   16 09:00:54  -445769.281250        1.390224
FIRE:   17 09:00:54  -445769.468750        1.798913
FIRE:   18 09:00:54  -445769.468750        2.022148
FIRE:   19 09:00:54  -445769.593750        1.877663
FIRE:   20 09:00:54  -445769.781250        1.401960
FIRE:   21 09:00:54  -445769.968750        1.160728
FIRE:   22 09:00:54  -445770.250000        1.153873
FIRE:   23 09:00:54  -445770.437500        1.395857
FIRE:   24 09:00:54  -445770.718750        1.161706
FIRE:   25 09:00:54  -445771.000000        1.279926
FIRE:   26 09:00:54  -445771.312500        1.220983
FIRE:   27 09:00:54  -445771.687500        1.098908
FIRE:   28 09:00:54  -445772.250000        1.106256
FIRE:   29 09:00:56  -445772.406250        2.942781
FIRE:   30 09:00:56  -445772.687500        0.786205
FIRE:   31 09:00:56  -445772.843750        0.952014
FIRE:   32 09:00:56  -445773.062500        0.757632
FIRE:   33 09:00:56  -445773.375000        1.209126
FIRE:   34 09:00:56  -445773.593750        1.314815
FIRE:   35 09:00:56  -445773.781250        0.865084
FIRE:   36 09:00:56  -445774.281250        0.622526
FIRE:   37 09:00:56  -445774.500000        0.754094
FIRE:   38 09:00:56  -445774.687500        0.671931
FIRE:   39 09:00:56  -445774.843750        0.577147
FIRE:   40 09:00:56  -445774.968750        0.507318
FIRE:   41 09:00:56  -445775.125000        0.862582
FIRE:   42 09:00:56  -445775.218750        0.639743
FIRE:   43 09:00:56  -445775.437500        0.338246
FIRE:   44 09:00:57  -445775.625000        0.454828
FIRE:   45 09:00:57  -445775.781250        0.511052
FIRE:   46 09:00:57  -445775.843750        0.297392
FIRE:   47 09:00:57  -445776.062500        0.351342
FIRE:   48 09:00:57  -445776.250000        0.542071
FIRE:   49 09:00:57  -445776.406250        0.595988
FIRE:   50 09:00:57  -445776.562500        0.821784
FIRE:   51 09:00:57  -445776.593750        1.115638
FIRE:   52 09:00:57  -445776.718750        1.440787
FIRE:   53 09:00:57  -445774.906250       10.293889
FIRE:   54 09:00:57  -445776.687500        2.283359
FIRE:   55 09:00:57  -445776.750000        0.675194
FIRE:   56 09:00:57  -445776.781250        0.442662
FIRE:   57 09:00:57  -445776.812500        0.160012
FIRE:   58 09:00:57  -445776.781250        0.325875
FIRE:   59 09:00:57  -445776.781250        0.298145
FIRE:   60 09:00:57  -445776.812500        0.245213
FIRE:   61 09:00:57  -445776.812500        0.173122
FIRE:   62 09:00:57  -445776.781250        0.154014
FIRE:   63 09:00:57  -445776.781250        0.152915
FIRE:   64 09:00:58  -445776.781250        0.151648
FIRE:   65 09:00:58  -445776.812500        0.150255
FIRE:   66 09:00:58  -445776.781250        0.180054
FIRE:   67 09:00:58  -445776.781250        0.180048
FIRE:   68 09:00:58  -445776.843750        0.144679
FIRE:   69 09:00:58  -445776.812500        0.142408
FIRE:   70 09:00:58  -445776.812500        0.139972
FIRE:   71 09:00:58  -445776.843750        0.137427
FIRE:   72 09:00:58  -445776.812500        0.134823
FIRE:   73 09:00:58  -445776.875000        0.132211
FIRE:   74 09:00:58  -445776.843750        0.129634
FIRE:   75 09:00:58  -445776.906250        0.129326
FIRE:   76 09:00:58  -445776.906250        0.128936
FIRE:   77 09:00:58  -445776.937500        0.127515
FIRE:   78 09:00:58  -445776.968750        0.127865
FIRE:   79 09:00:58  -445777.031250        0.180993
FIRE:   80 09:00:58  -445777.031250        0.246868
FIRE:   81 09:00:59  -445777.218750        0.263589
FIRE:   82 09:00:59  -445777.281250        0.218204
FIRE:   83 09:00:59  -445777.375000        0.352567
FIRE:   84 09:00:59  -445777.468750        0.778500
FIRE:   85 09:00:59  -445777.437500        1.878350
FIRE:   86 09:00:59  -445777.593750        0.145870
FIRE:   87 09:00:59  -445777.468750        1.673512
FIRE:   88 09:00:59  -445777.562500        1.264869
FIRE:   89 09:00:59  -445777.562500        0.552002
FIRE:   90 09:00:59  -445777.593750        0.293284
FIRE:   91 09:00:59  -445777.531250        0.275301
FIRE:   92 09:00:59  -445777.531250        0.240422
FIRE:   93 09:00:59  -445777.593750        0.190981
FIRE:   94 09:00:59  -445777.562500        0.141632
FIRE:   95 09:00:59  -445777.500000        0.141524
FIRE:   96 09:00:59  -445777.562500        0.141396
FIRE:   97 09:00:59  -445777.562500        0.141243
FIRE:   98 09:01:00  -445777.562500        0.141056
FIRE:   99 09:01:00  -445777.531250        0.149655
FIRE:  100 09:01:00  -445777.531250        0.157794
FIRE:  101 09:01:00  -445777.531250        0.140138
FIRE:  102 09:01:00  -445777.593750        0.139691
FIRE:  103 09:01:00  -445777.531250        0.139146
FIRE:  104 09:01:00  -445777.625000        0.138482
FIRE:  105 09:01:00  -445777.562500        0.137705
FIRE:  106 09:01:00  -445777.593750        0.138978
FIRE:  107 09:01:00  -445777.593750        0.140916
FIRE:  108 09:01:00  -445777.593750        0.141863
FIRE:  109 09:01:00  -445777.625000        0.141436
FIRE:  110 09:01:00  -445777.625000        0.140316
FIRE:  111 09:01:00  -445777.593750        0.138494
FIRE:  112 09:01:00  -445777.593750        0.135992
FIRE:  113 09:01:00  -445777.718750        0.132357
FIRE:  114 09:01:00  -445777.687500        0.127340
FIRE:  115 09:01:00  -445777.812500        0.123214
FIRE:  116 09:01:01  -445777.843750        0.121957
FIRE:  117 09:01:01  -445777.937500        0.170509
FIRE:  118 09:01:01  -445777.906250        0.548552
FIRE:  119 09:01:01  -445777.875000        1.585300
FIRE:  120 09:01:01  -445778.000000        0.114943
FIRE:  121 09:01:01  -445777.968750        1.463216
FIRE:  122 09:01:01  -445777.968750        1.083923
FIRE:  123 09:01:01  -445778.000000        0.434128
FIRE:  124 09:01:01  -445777.906250        0.316846
FIRE:  125 09:01:01  -445778.000000        0.297225
FIRE:  126 09:01:01  -445777.937500        0.259245
FIRE:  127 09:01:01  -445777.968750        0.205472
FIRE:  128 09:01:01  -445778.000000        0.141033
FIRE:  129 09:01:01  -445777.906250        0.110141
FIRE:  130 09:01:01  -445778.000000        0.110019
FIRE:  131 09:01:01  -445777.968750        0.109860
FIRE:  132 09:01:01  -445777.875000        0.140179
FIRE:  133 09:01:02  -445778.000000        0.172297
FIRE:  134 09:01:02  -445777.906250        0.176845
FIRE:  135 09:01:02  -445777.968750        0.147699
FIRE:  136 09:01:02  -445778.031250        0.108480
FIRE:  137 09:01:02  -445778.000000        0.108006
FIRE:  138 09:01:02  -445778.031250        0.107430
FIRE:  139 09:01:02  -445778.031250        0.133614
FIRE:  140 09:01:02  -445777.968750        0.105789
FIRE:  141 09:01:02  -445778.031250        0.104687
FIRE:  142 09:01:02  -445777.781250        0.122993
FIRE:  143 09:01:02  -445777.781250        0.102577
FIRE:  144 09:01:02  -445778.062500        0.101966
FIRE:  145 09:01:02  -445778.062500        0.106147
FIRE:  146 09:01:02  -445778.031250        0.099947
FIRE:  147 09:01:02  -445778.062500        0.103420
FIRE:  148 09:01:02  -445778.187500        0.108873
FIRE:  149 09:01:03  -445778.156250        0.094451
FIRE:  150 09:01:03  -445778.312500        0.093480
FIRE:  151 09:01:03  -445778.343750        0.093063
FIRE:  152 09:01:03  -445778.437500        0.273853
FIRE:  153 09:01:03  -445778.250000        1.012132
FIRE:  154 09:01:03  -445778.031250        3.730404
FIRE:  155 09:01:03  -445778.281250        1.213167
FIRE:  156 09:01:03  -445778.375000        0.856735
FIRE:  157 09:01:03  -445778.312500        0.699232
FIRE:  158 09:01:03  -445778.312500        0.455163
FIRE:  159 09:01:03  -445778.312500        0.419346
FIRE:  160 09:01:03  -445778.312500        0.353135
FIRE:  161 09:01:03  -445778.312500        0.261086
FIRE:  162 09:01:03  -445778.437500        0.192791
FIRE:  163 09:01:03  -445778.312500        0.191839
FIRE:  164 09:01:03  -445778.312500        0.190728
FIRE:  165 09:01:03  -445778.375000        0.189529
FIRE:  166 09:01:03  -445778.281250        0.242750
FIRE:  167 09:01:04  -445778.343750        0.255479
FIRE:  168 09:01:04  -445778.375000        0.218826
FIRE:  169 09:01:04  -445778.281250        0.183004
FIRE:  170 09:01:04  -445778.312500        0.180654
FIRE:  171 09:01:04  -445778.375000        0.177753
FIRE:  172 09:01:04  -445778.312500        0.207054
FIRE:  173 09:01:04  -445778.406250        0.170192
FIRE:  174 09:01:04  -445778.312500        0.165540
FIRE:  175 09:01:04  -445778.375000        0.160326
FIRE:  176 09:01:04  -445778.312500        0.154783
FIRE:  177 09:01:04  -445778.437500        0.149379
FIRE:  178 09:01:04  -445778.375000        0.171371
FIRE:  179 09:01:04  -445778.406250        0.141112
FIRE:  180 09:01:04  -445778.406250        0.321776
FIRE:  181 09:01:04  -445778.437500        0.197462
FIRE:  182 09:01:04  -445778.531250        0.178092
FIRE:  183 09:01:04  -445778.562500        0.230764
FIRE:  184 09:01:05  -445778.500000        0.422705
FIRE:  185 09:01:05  -445778.531250        0.862691
FIRE:  186 09:01:05  -445778.531250        0.107093
FIRE:  187 09:01:05  -445778.437500        0.747894
FIRE:  188 09:01:05  -445778.406250        0.575154
FIRE:  189 09:01:05  -445778.406250        0.273756
FIRE:  190 09:01:05  -445778.406250        0.110639
FIRE:  191 09:01:05  -445778.406250        0.110684
FIRE:  192 09:01:05  -445778.437500        0.110784
FIRE:  193 09:01:05  -445778.406250        0.110928
FIRE:  194 09:01:05  -445778.406250        0.111121
FIRE:  195 09:01:05  -445778.406250        0.111356
FIRE:  196 09:01:05  -445778.406250        0.111646
FIRE:  197 09:01:05  -445778.406250        0.111990
FIRE:  198 09:01:05  -445778.406250        0.112425
FIRE:  199 09:01:05  -445778.406250        0.112971
FIRE:  200 09:01:05  -445778.406250        0.113655
FIRE:  201 09:01:06  -445778.406250        0.114499
FIRE:  202 09:01:06  -445778.406250        0.115544
FIRE:  203 09:01:06  -445778.406250        0.116817
FIRE:  204 09:01:06  -445778.437500        0.118357
FIRE:  205 09:01:06  -445778.437500        0.120199
FIRE:  206 09:01:06  -445778.437500        0.122341
FIRE:  207 09:01:06  -445778.437500        0.124788
FIRE:  208 09:01:06  -445778.468750        0.127497
FIRE:  209 09:01:06  -445778.468750        0.130394
FIRE:  210 09:01:06  -445778.468750        0.133424
FIRE:  211 09:01:06  -445778.468750        0.136578
FIRE:  212 09:01:06  -445778.500000        0.140001
FIRE:  213 09:01:06  -445778.468750        0.144052
FIRE:  214 09:01:06  -445778.500000        0.146372
FIRE:  215 09:01:06  -445778.500000        0.141376
FIRE:  216 09:01:06  -445778.812500        0.134349
FIRE:  217 09:01:06  -445778.593750        0.126186
FIRE:  218 09:01:07  -445778.625000        0.238834
FIRE:  219 09:01:07  -445778.656250        0.672105
FIRE:  220 09:01:07  -445778.625000        2.032366
FIRE:  221 09:01:07  -445778.687500        0.353844
FIRE:  222 09:01:07  -445778.718750        0.258339
FIRE:  223 09:01:07  -445778.718750        0.154718
FIRE:  224 09:01:07  -445778.687500        0.153729
FIRE:  225 09:01:07  -445778.718750        0.229472
FIRE:  226 09:01:07  -445778.718750        0.213371
FIRE:  227 09:01:07  -445778.687500        0.182480
FIRE:  228 09:01:07  -445778.687500        0.152136
FIRE:  229 09:01:07  -445778.718750        0.151907
FIRE:  230 09:01:07  -445778.718750        0.151615
FIRE:  231 09:01:07  -445778.718750        0.151256
FIRE:  232 09:01:07  -445778.718750        0.150834
FIRE:  233 09:01:07  -445778.718750        0.150307
FIRE:  234 09:01:07  -445778.718750        0.149661
FIRE:  235 09:01:08  -445778.718750        0.148884
FIRE:  236 09:01:08  -445778.718750        0.147936
FIRE:  237 09:01:08  -445778.718750        0.146785
FIRE:  238 09:01:08  -445778.718750        0.145361
FIRE:  239 09:01:08  -445778.718750        0.143585
FIRE:  240 09:01:08  -445778.718750        0.141789
FIRE:  241 09:01:08  -445778.718750        0.139564
FIRE:  242 09:01:08  -445778.718750        0.136638
FIRE:  243 09:01:08  -445778.718750        0.132836
FIRE:  244 09:01:08  -445778.750000        0.128099
FIRE:  245 09:01:08  -445778.750000        0.122451
FIRE:  246 09:01:08  -445778.718750        0.116130
FIRE:  247 09:01:08  -445778.781250        0.109521
FIRE:  248 09:01:08  -445778.781250        0.103187
FIRE:  249 09:01:08  -445778.812500        0.097779
FIRE:  250 09:01:08  -445778.812500        0.132012
FIRE:  251 09:01:08  -445778.843750        0.205190
FIRE:  252 09:01:09  -445778.875000        0.378734
FIRE:  253 09:01:09  -445778.875000        0.884430
FIRE:  254 09:01:09  -445778.906250        0.115182
FIRE:  255 09:01:09  -445778.875000        0.754361
FIRE:  256 09:01:09  -445778.875000        0.578084
FIRE:  257 09:01:09  -445778.906250        0.265179
FIRE:  258 09:01:09  -445778.906250        0.122147
FIRE:  259 09:01:09  -445778.906250        0.114918
FIRE:  260 09:01:09  -445778.906250        0.111210
FIRE:  261 09:01:09  -445778.906250        0.111071
FIRE:  262 09:01:09  -445778.906250        0.110884
FIRE:  263 09:01:09  -445778.906250        0.110650
FIRE:  264 09:01:09  -445778.906250        0.110376
FIRE:  265 09:01:09  -445778.906250        0.110051
FIRE:  266 09:01:09  -445778.906250        0.109648
FIRE:  267 09:01:09  -445778.906250        0.109154
FIRE:  268 09:01:09  -445778.906250        0.108558
FIRE:  269 09:01:10  -445778.906250        0.107851
FIRE:  270 09:01:10  -445778.906250        0.107000
FIRE:  271 09:01:10  -445778.906250        0.106001
FIRE:  272 09:01:10  -445778.937500        0.104828
FIRE:  273 09:01:10  -445778.906250        0.103476
FIRE:  274 09:01:10  -445778.906250        0.101939
FIRE:  275 09:01:10  -445778.906250        0.100234
FIRE:  276 09:01:10  -445778.906250        0.098386
FIRE:  277 09:01:10  -445778.906250        0.096473
FIRE:  278 09:01:10  -445778.937500        0.094581
FIRE:  279 09:01:10  -445778.937500        0.092858
FIRE:  280 09:01:10  -445778.937500        0.091462
FIRE:  281 09:01:10  -445778.937500        0.090631
FIRE:  282 09:01:10  -445778.937500        0.108631
FIRE:  283 09:01:10  -445778.968750        0.145781
FIRE:  284 09:01:10  -445779.000000        0.173851
FIRE:  285 09:01:10  -445779.000000        0.173795
FIRE:  286 09:01:10  -445779.031250        0.206837
FIRE:  287 09:01:11  -445779.031250        0.677187
FIRE:  288 09:01:11  -445779.000000        2.033794
FIRE:  289 09:01:11  -445779.093750        0.322780
FIRE:  290 09:01:11  -445779.125000        0.224212
FIRE:  291 09:01:11  -445779.093750        0.095472
FIRE:  292 09:01:11  -445779.125000        0.121191
FIRE:  293 09:01:11  -445779.093750        0.112533
FIRE:  294 09:01:11  -445779.093750        0.095909
FIRE:  295 09:01:11  -445779.125000        0.092826
FIRE:  296 09:01:11  -445779.062500        0.092310
FIRE:  297 09:01:11  -445779.062500        0.091662
FIRE:  298 09:01:11  -445779.062500        0.090883
FIRE:  299 09:01:11  -445779.125000        0.089981
FIRE:  300 09:01:11  -445779.093750        0.089009
FIRE:  301 09:01:11  -445779.093750        0.090040
FIRE:  302 09:01:11  -445779.125000        0.091287
FIRE:  303 09:01:11  -445779.093750        0.092773
FIRE:  304 09:01:12  -445779.093750        0.094542
FIRE:  305 09:01:12  -445779.093750        0.096613
FIRE:  306 09:01:12  -445779.062500        0.098992
FIRE:  307 09:01:12  -445779.125000        0.101669
FIRE:  308 09:01:12  -445779.093750        0.104571
FIRE:  309 09:01:12  -445779.093750        0.107593
FIRE:  310 09:01:12  -445779.156250        0.110531
FIRE:  311 09:01:12  -445779.125000        0.113081
FIRE:  312 09:01:12  -445779.093750        0.114809
FIRE:  313 09:01:12  -445779.125000        0.116664
FIRE:  314 09:01:12  -445779.187500        0.119219
FIRE:  315 09:01:12  -445779.156250        0.120400
FIRE:  316 09:01:12  -445779.156250        0.120062
FIRE:  317 09:01:12  -445779.218750        0.118289
FIRE:  318 09:01:12  -445779.187500        0.116314
FIRE:  319 09:01:12  -445779.218750        0.115226
FIRE:  320 09:01:12  -445779.250000        0.201209
FIRE:  321 09:01:13  -445779.218750        0.918191
FIRE:  322 09:01:13  -445779.281250        0.254171
FIRE:  323 09:01:13  -445779.312500        0.176850
FIRE:  324 09:01:13  -445779.250000        0.122259
FIRE:  325 09:01:13  -445779.250000        0.122541
FIRE:  326 09:01:13  -445779.281250        0.122521
FIRE:  327 09:01:13  -445779.281250        0.122475
FIRE:  328 09:01:13  -445779.250000        0.122419
FIRE:  329 09:01:13  -445779.250000        0.122349
FIRE:  330 09:01:13  -445779.312500        0.122278
FIRE:  331 09:01:13  -445779.281250        0.122219
FIRE:  332 09:01:13  -445779.250000        0.122184
FIRE:  333 09:01:13  -445779.281250        0.122176
FIRE:  334 09:01:13  -445779.281250        0.122217
FIRE:  335 09:01:13  -445779.312500        0.122323
FIRE:  336 09:01:13  -445779.250000        0.122517
FIRE:  337 09:01:13  -445779.250000        0.122819
FIRE:  338 09:01:14  -445779.250000        0.123250
FIRE:  339 09:01:14  -445779.281250        0.123831
FIRE:  340 09:01:14  -445779.312500        0.124609
FIRE:  341 09:01:14  -445779.343750        0.125658
FIRE:  342 09:01:14  -445779.343750        0.127068
FIRE:  343 09:01:14  -445779.343750        0.128874
FIRE:  344 09:01:14  -445779.281250        0.131007
FIRE:  345 09:01:14  -445779.281250        0.132977
FIRE:  346 09:01:14  -445779.281250        0.134803
FIRE:  347 09:01:14  -445779.343750        0.136598
FIRE:  348 09:01:14  -445779.312500        0.138296
FIRE:  349 09:01:14  -445779.375000        0.139718
FIRE:  350 09:01:14  -445779.375000        0.141448
FIRE:  351 09:01:14  -445779.437500        0.144859
FIRE:  352 09:01:14  -445779.406250        0.207716
FIRE:  353 09:01:14  -445779.437500        0.692003
FIRE:  354 09:01:14  -445779.406250        0.182293
FIRE:  355 09:01:15  -445779.406250        0.182209
FIRE:  356 09:01:15  -445779.406250        0.182037
FIRE:  357 09:01:15  -445779.406250        0.181783
FIRE:  358 09:01:15  -445779.468750        0.181441
FIRE:  359 09:01:15  -445779.437500        0.181016
FIRE:  360 09:01:15  -445779.437500        0.180520
FIRE:  361 09:01:15  -445779.468750        0.179956
FIRE:  362 09:01:15  -445779.437500        0.179266
FIRE:  363 09:01:15  -445779.468750        0.178460
FIRE:  364 09:01:15  -445779.500000        0.177563
FIRE:  365 09:01:15  -445779.437500        0.176625
FIRE:  366 09:01:15  -445779.468750        0.175725
FIRE:  367 09:01:15  -445779.468750        0.174945
FIRE:  368 09:01:15  -445779.531250        0.174328
FIRE:  369 09:01:15  -445779.531250        0.173861
FIRE:  370 09:01:15  -445779.468750        0.173466
FIRE:  371 09:01:15  -445779.500000        0.177034
FIRE:  372 09:01:16  -445779.531250        0.175899
FIRE:  373 09:01:16  -445779.531250        0.161658
FIRE:  374 09:01:16  -445779.593750        0.150198
FIRE:  375 09:01:16  -445779.812500        0.383867
FIRE:  376 09:01:16  -445779.812500        1.219938
FIRE:  377 09:01:16  -445779.875000        0.177858
FIRE:  378 09:01:16  -445779.875000        0.147657
FIRE:  379 09:01:16  -445779.875000        0.147547
FIRE:  380 09:01:16  -445779.875000        0.147439
FIRE:  381 09:01:16  -445779.875000        0.147388
FIRE:  382 09:01:16  -445779.875000        0.147418
FIRE:  383 09:01:16  -445779.843750        0.147546
FIRE:  384 09:01:16  -445779.875000        0.147765
FIRE:  385 09:01:16  -445779.906250        0.148098
FIRE:  386 09:01:16  -445779.937500        0.148504
FIRE:  387 09:01:16  -445779.843750        0.148958
FIRE:  388 09:01:16  -445779.875000        0.149468
FIRE:  389 09:01:17  -445779.875000        0.150125
FIRE:  390 09:01:17  -445779.906250        0.151150
FIRE:  391 09:01:17  -445779.875000        0.152322
FIRE:  392 09:01:17  -445779.906250        0.153455
FIRE:  393 09:01:17  -445779.906250        0.154427
FIRE:  394 09:01:17  -445779.968750        0.155139
FIRE:  395 09:01:17  -445779.968750        0.152304
FIRE:  396 09:01:17  -445780.000000        0.143657
FIRE:  397 09:01:17  -445780.000000        0.130831
FIRE:  398 09:01:17  -445780.062500        0.440754
FIRE:  399 09:01:17  -445779.937500        1.692899
FIRE:  400 09:01:17  -445780.000000        0.530047
FIRE:  401 09:01:17  -445780.031250        0.365840
FIRE:  402 09:01:17  -445780.031250        0.092541
FIRE:  403 09:01:17  -445780.031250        0.228149
FIRE:  404 09:01:17  -445780.062500        0.210139
FIRE:  405 09:01:17  -445780.031250        0.175675
FIRE:  406 09:01:18  -445780.000000        0.127696
FIRE:  407 09:01:18  -445780.031250        0.092842
FIRE:  408 09:01:18  -445780.062500        0.092855
FIRE:  409 09:01:18  -445780.093750        0.092881
FIRE:  410 09:01:18  -445780.062500        0.094689
FIRE:  411 09:01:18  -445780.062500        0.120998
FIRE:  412 09:01:18  -445780.062500        0.126866
FIRE:  413 09:01:18  -445780.062500        0.107643
FIRE:  414 09:01:18  -445780.062500        0.093413
FIRE:  415 09:01:18  -445780.062500        0.093637
FIRE:  416 09:01:18  -445779.812500        0.093896
FIRE:  417 09:01:18  -445779.812500        0.103715
FIRE:  418 09:01:18  -445779.812500        0.094421
FIRE:  419 09:01:18  -445779.843750        0.094629
FIRE:  420 09:01:18  -445779.875000        0.094777
FIRE:  421 09:01:18  -445779.843750        0.094808
FIRE:  422 09:01:18  -445779.812500        0.094639
FIRE:  423 09:01:18  -445779.812500        0.094007
FIRE:  424 09:01:19  -445779.843750        0.092688
FIRE:  425 09:01:19  -445779.843750        0.090606
FIRE:  426 09:01:19  -445779.875000        0.090892
FIRE:  427 09:01:19  -445779.843750        0.091127
FIRE:  428 09:01:19  -445779.875000        0.091421
FIRE:  429 09:01:19  -445779.875000        0.157458
FIRE:  430 09:01:19  -445779.906250        0.415730
FIRE:  431 09:01:19  -445779.906250        1.171387
FIRE:  432 09:01:19  -445779.968750        0.147455
FIRE:  433 09:01:19  -445779.937500        0.109392
FIRE:  434 09:01:19  -445779.937500        0.091599
FIRE:  435 09:01:19  -445779.937500        0.091613
FIRE:  436 09:01:19  -445779.937500        0.094360
FIRE:  437 09:01:19  -445779.937500        0.109219
FIRE:  438 09:01:19  -445779.968750        0.091498
FIRE:  439 09:01:19  -445779.968750        0.091348
FIRE:  440 09:01:19  -445779.937500        0.091098
FIRE:  441 09:01:20  -445779.937500        0.090744
FIRE:  442 09:01:20  -445780.156250        0.090324
FIRE:  443 09:01:20  -445780.187500        0.089843
FIRE:  444 09:01:20  -445780.156250        0.089287
FIRE:  445 09:01:20  -445780.187500        0.088665
FIRE:  446 09:01:20  -445780.187500        0.087998
FIRE:  447 09:01:20  -445780.218750        0.087311
FIRE:  448 09:01:20  -445780.093750        0.086396
FIRE:  449 09:01:20  -445780.093750        0.084908
FIRE:  450 09:01:20  -445780.125000        0.083209
FIRE:  451 09:01:20  -445780.125000        0.081702
FIRE:  452 09:01:20  -445780.125000        0.173050
FIRE:  453 09:01:20  -445780.125000        0.534294
FIRE:  454 09:01:20  -445780.187500        0.126176
FIRE:  455 09:01:20  -445780.156250        0.462810
FIRE:  456 09:01:20  -445780.125000        0.351831
FIRE:  457 09:01:20  -445780.156250        0.155920
FIRE:  458 09:01:21  -445780.187500        0.116185
FIRE:  459 09:01:21  -445780.156250        0.116101
FIRE:  460 09:01:21  -445780.156250        0.115940
FIRE:  461 09:01:21  -445780.156250        0.115714
FIRE:  462 09:01:21  -445780.156250        0.115421
FIRE:  463 09:01:21  -445780.187500        0.115073
FIRE:  464 09:01:21  -445780.156250        0.114677
FIRE:  465 09:01:21  -445780.156250        0.114269
FIRE:  466 09:01:21  -445780.156250        0.113806
FIRE:  467 09:01:21  -445780.187500        0.113315
FIRE:  468 09:01:21  -445780.156250        0.112815
FIRE:  469 09:01:21  -445780.187500        0.112355
FIRE:  470 09:01:21  -445780.156250        0.111988
FIRE:  471 09:01:21  -445780.156250        0.111775
FIRE:  472 09:01:21  -445780.156250        0.111787
FIRE:  473 09:01:21  -445780.187500        0.112111
FIRE:  474 09:01:21  -445780.156250        0.112767
FIRE:  475 09:01:22  -445780.156250        0.113697
FIRE:  476 09:01:22  -445780.156250        0.114647
FIRE:  477 09:01:22  -445780.156250        0.112745
FIRE:  478 09:01:22  -445780.156250        0.109209
FIRE:  479 09:01:22  -445780.156250        0.104334
FIRE:  480 09:01:22  -445780.156250        0.098234
FIRE:  481 09:01:22  -445780.187500        0.091288
FIRE:  482 09:01:22  -445780.187500        0.084302
FIRE:  483 09:01:22  -445780.187500        0.078321
FIRE:  484 09:01:22  -445780.218750        0.074194
FIRE:  485 09:01:22  -445780.218750        0.072359
FIRE:  486 09:01:22  -445780.218750        0.071925
FIRE:  487 09:01:22  -445780.250000        0.159315
FIRE:  488 09:01:22  -445780.250000        0.696006
FIRE:  489 09:01:22  -445780.250000        0.156292
FIRE:  490 09:01:22  -445780.250000        0.109399
FIRE:  491 09:01:22  -445780.250000        0.070020
FIRE:  492 09:01:23  -445780.250000        0.069420
FIRE:  493 09:01:23  -445780.250000        0.104032
FIRE:  494 09:01:23  -445780.250000        0.107806
FIRE:  495 09:01:23  -445780.281250        0.068376
FIRE:  496 09:01:23  -445780.281250        0.066351
FIRE:  497 09:01:23  -445780.281250        0.069628
FIRE:  498 09:01:23  -445780.281250        0.093992
FIRE:  499 09:01:23  -445780.281250        0.061739
FIRE:  500 09:01:23  -445780.281250        0.059542
FIRE:  501 09:01:23  -445780.281250        0.074974
FIRE:  502 09:01:23  -445780.281250        0.055318
FIRE:  503 09:01:23  -445780.281250        0.082337
FIRE:  504 09:01:23  -445780.281250        0.051504
FIRE:  505 09:01:23  -445780.281250        0.069274
FIRE:  506 09:01:23  -445780.312500        0.090077
FIRE:  507 09:01:23  -445780.312500        0.065178
FIRE:  508 09:01:23  -445780.343750        0.084038
FIRE:  509 09:01:24  -445780.312500        0.186548
FIRE:  510 09:01:24  -445780.312500        0.542515
FIRE:  511 09:01:24  -445780.312500        0.063639
FIRE:  512 09:01:24  -445780.312500        0.047248
