      Step     Time          Energy          fmax
FIRE:    0 22:16:44 -1942572.375000       11.387445
FIRE:    1 22:16:45 -1942582.500000        9.256703
FIRE:    2 22:16:47 -1942591.625000        7.864908
FIRE:    3 22:16:47 -1942599.375000        6.550957
FIRE:    4 22:16:47 -1942606.125000        5.509322
FIRE:    5 22:16:47 -1942611.750000        4.734274
FIRE:    6 22:16:47 -1942616.500000        4.019370
FIRE:    7 22:16:47 -1942620.500000        3.423979
FIRE:    8 22:16:47 -1942623.875000        2.994207
FIRE:    9 22:16:47 -1942627.000000        2.843414
FIRE:   10 22:16:47 -1942629.875000        2.819000
FIRE:   11 22:16:47 -1942632.625000        2.707531
FIRE:   12 22:16:48 -1942635.250000        2.506224
FIRE:   13 22:16:48 -1942637.500000        2.238142
FIRE:   14 22:16:48 -1942640.000000        1.973499
FIRE:   15 22:16:48 -1942642.000000        1.764818
FIRE:   16 22:16:48 -1942644.000000        1.648652
FIRE:   17 22:16:49 -1942646.125000        1.662045
FIRE:   18 22:16:49 -1942647.750000        1.663535
FIRE:   19 22:16:49 -1942649.625000        1.603995
FIRE:   20 22:16:49 -1942651.250000        1.493489
FIRE:   21 22:16:49 -1942653.000000        1.354886
FIRE:   22 22:16:49 -1942654.625000        1.199643
FIRE:   23 22:16:49 -1942656.250000        1.133014
FIRE:   24 22:16:49 -1942657.750000        1.137998
FIRE:   25 22:16:49 -1942659.250000        1.160976
FIRE:   26 22:16:49 -1942660.625000        1.116204
FIRE:   27 22:16:50 -1942662.125000        1.072248
FIRE:   28 22:16:50 -1942663.250000        1.086117
FIRE:   29 22:16:50 -1942664.625000        1.142501
FIRE:   30 22:16:50 -1942665.875000        1.188014
FIRE:   31 22:16:51 -1942667.125000        1.186513
FIRE:   32 22:16:51 -1942668.125000        1.133343
FIRE:   33 22:16:51 -1942669.375000        1.043120
FIRE:   34 22:16:51 -1942670.500000        0.955353
FIRE:   35 22:16:51 -1942671.375000        0.943233
FIRE:   36 22:16:51 -1942672.500000        0.929400
FIRE:   37 22:16:51 -1942673.500000        0.912741
FIRE:   38 22:16:51 -1942674.375000        0.892190
FIRE:   39 22:16:51 -1942675.250000        0.867277
FIRE:   40 22:16:51 -1942676.250000        0.838369
FIRE:   41 22:16:51 -1942677.000000        0.806339
FIRE:   42 22:16:51 -1942677.875000        0.772153
FIRE:   43 22:16:51 -1942678.750000        0.736409
FIRE:   44 22:16:51 -1942679.500000        0.699132
FIRE:   45 22:16:51 -1942680.250000        0.660398
FIRE:   46 22:16:51 -1942681.000000        0.619767
FIRE:   47 22:16:51 -1942681.625000        0.577506
FIRE:   48 22:16:51 -1942682.375000        0.534972
FIRE:   49 22:16:51 -1942683.000000        0.494116
FIRE:   50 22:16:51 -1942683.500000        0.456735
FIRE:   51 22:16:51 -1942684.000000        0.440924
FIRE:   52 22:16:51 -1942684.875000        0.428984
FIRE:   53 22:16:51 -1942685.250000        0.416711
FIRE:   54 22:16:52 -1942685.875000        0.405230
FIRE:   55 22:16:52 -1942686.500000        0.393489
FIRE:   56 22:16:52 -1942687.000000        0.382265
FIRE:   57 22:16:52 -1942687.375000        0.371600
FIRE:   58 22:16:52 -1942687.875000        0.361866
FIRE:   59 22:16:52 -1942688.250000        0.366340
FIRE:   60 22:16:52 -1942688.625000        0.365159
FIRE:   61 22:16:52 -1942689.125000        0.357177
FIRE:   62 22:16:52 -1942689.500000        0.342274
FIRE:   63 22:16:52 -1942689.875000        0.327457
FIRE:   64 22:16:52 -1942690.125000        0.322216
FIRE:   65 22:16:52 -1942690.500000        0.315906
FIRE:   66 22:16:52 -1942690.875000        0.308848
FIRE:   67 22:16:52 -1942691.250000        0.302198
FIRE:   68 22:16:52 -1942691.500000        0.295860
FIRE:   69 22:16:52 -1942691.750000        0.288303
FIRE:   70 22:16:52 -1942692.000000        0.280798
FIRE:   71 22:16:52 -1942692.375000        0.273616
FIRE:   72 22:16:52 -1942692.500000        0.266572
FIRE:   73 22:16:52 -1942692.875000        0.259626
FIRE:   74 22:16:53 -1942693.000000        0.253344
FIRE:   75 22:16:53 -1942693.375000        0.247343
FIRE:   76 22:16:53 -1942693.500000        0.242410
FIRE:   77 22:16:53 -1942693.875000        0.237729
FIRE:   78 22:16:53 -1942694.125000        0.233612
FIRE:   79 22:16:53 -1942694.375000        0.229690
FIRE:   80 22:16:53 -1942694.375000        0.224432
FIRE:   81 22:16:53 -1942694.625000        0.218795
FIRE:   82 22:16:53 -1942694.875000        0.213434
FIRE:   83 22:16:53 -1942695.000000        0.207267
FIRE:   84 22:16:53 -1942695.250000        0.290807
FIRE:   85 22:16:53 -1942695.500000        0.271125
FIRE:   86 22:16:53 -1942695.625000        0.272748
FIRE:   87 22:16:53 -1942695.875000        0.290170
FIRE:   88 22:16:53 -1942696.000000        0.239932
FIRE:   89 22:16:53 -1942696.125000        0.292519
FIRE:   90 22:16:53 -1942696.125000        0.346983
FIRE:   91 22:16:53 -1942696.250000        0.320189
FIRE:   92 22:16:54 -1942696.375000        0.335943
FIRE:   93 22:16:54 -1942696.625000        0.313128
FIRE:   94 22:16:54 -1942696.875000        0.433745
FIRE:   95 22:16:54 -1942696.875000        0.546089
FIRE:   96 22:16:54 -1942697.000000        0.470355
FIRE:   97 22:16:54 -1942697.125000        0.493213
FIRE:   98 22:16:54 -1942697.250000        0.339644
FIRE:   99 22:16:54 -1942697.250000        0.429347
FIRE:  100 22:16:54 -1942697.375000        1.140369
FIRE:  101 22:16:54 -1942697.500000        2.115915
FIRE:  102 22:16:54 -1942697.750000        0.926246
FIRE:  103 22:16:54 -1942697.875000        0.382092
FIRE:  104 22:16:54 -1942697.875000        0.593393
FIRE:  105 22:16:54 -1942697.875000        0.727363
FIRE:  106 22:16:54 -1942698.000000        0.745296
FIRE:  107 22:16:54 -1942698.125000        0.647291
FIRE:  108 22:16:54 -1942698.125000        0.546997
FIRE:  109 22:16:54 -1942698.250000        0.514932
FIRE:  110 22:16:55 -1942698.250000        0.460241
FIRE:  111 22:16:55 -1942698.375000        0.461490
FIRE:  112 22:16:55 -1942698.375000        0.443812
FIRE:  113 22:16:55 -1942698.500000        1.190542
FIRE:  114 22:16:55 -1942698.500000        0.494890
FIRE:  115 22:16:55 -1942698.625000        0.399899
FIRE:  116 22:16:55 -1942698.750000        0.406569
FIRE:  117 22:16:55 -1942698.875000        0.485430
FIRE:  118 22:16:55 -1942698.875000        0.409985
FIRE:  119 22:16:55 -1942699.000000        0.368394
FIRE:  120 22:16:55 -1942699.000000        2.081581
FIRE:  121 22:16:55 -1942699.125000        0.517308
FIRE:  122 22:16:55 -1942699.125000        0.660397
FIRE:  123 22:16:55 -1942699.125000        0.724065
FIRE:  124 22:16:55 -1942699.250000        0.722605
FIRE:  125 22:16:55 -1942699.250000        0.684233
FIRE:  126 22:16:55 -1942699.375000        0.561041
FIRE:  127 22:16:55 -1942699.500000        0.418947
FIRE:  128 22:16:56 -1942699.375000        0.478203
FIRE:  129 22:16:56 -1942699.500000        0.712163
FIRE:  130 22:16:56 -1942699.500000        0.635415
FIRE:  131 22:16:56 -1942699.500000        0.506796
FIRE:  132 22:16:56 -1942699.500000        0.403247
FIRE:  133 22:16:56 -1942699.500000        0.393712
FIRE:  134 22:16:56 -1942699.625000        0.479631
FIRE:  135 22:16:56 -1942699.625000        0.442040
FIRE:  136 22:16:56 -1942699.750000        0.571053
FIRE:  137 22:16:56 -1942699.750000        0.625957
FIRE:  138 22:16:56 -1942699.750000        0.568830
FIRE:  139 22:16:56 -1942699.750000        0.551202
FIRE:  140 22:16:56 -1942699.750000        0.540554
FIRE:  141 22:16:56 -1942699.750000        0.552036
FIRE:  142 22:16:56 -1942699.750000        0.548977
FIRE:  143 22:16:56 -1942699.875000        0.572770
FIRE:  144 22:16:56 -1942699.875000        0.512998
FIRE:  145 22:16:56 -1942699.875000        0.463393
FIRE:  146 22:16:57 -1942699.750000        0.465654
FIRE:  147 22:16:57 -1942700.000000        0.419772
FIRE:  148 22:16:57 -1942699.875000        0.353975
FIRE:  149 22:16:57 -1942699.875000        0.382103
FIRE:  150 22:16:57 -1942700.000000        0.317168
FIRE:  151 22:16:57 -1942699.875000        0.580297
FIRE:  152 22:16:57 -1942700.000000        0.583472
FIRE:  153 22:16:57 -1942700.000000        0.485652
FIRE:  154 22:16:57 -1942699.875000        1.165680
FIRE:  155 22:16:57 -1942700.125000        1.214643
FIRE:  156 22:16:57 -1942700.125000        0.808877
FIRE:  157 22:16:57 -1942700.125000        1.148610
FIRE:  158 22:16:57 -1942700.000000        0.712166
FIRE:  159 22:16:57 -1942700.125000        0.113412
FIRE:  160 22:16:57 -1942700.000000        0.647870
FIRE:  161 22:16:57 -1942700.125000        0.576882
FIRE:  162 22:16:57 -1942700.125000        0.443491
FIRE:  163 22:16:57 -1942700.125000        0.264080
FIRE:  164 22:16:58 -1942700.250000        0.114060
FIRE:  165 22:16:58 -1942700.125000        0.138471
FIRE:  166 22:16:58 -1942700.250000        0.294117
FIRE:  167 22:16:58 -1942700.250000        0.391264
FIRE:  168 22:16:58 -1942700.250000        0.421048
FIRE:  169 22:16:58 -1942700.125000        0.365799
FIRE:  170 22:16:58 -1942700.125000        0.219600
FIRE:  171 22:16:58 -1942700.125000        0.153884
FIRE:  172 22:16:58 -1942700.125000        0.301209
FIRE:  173 22:16:58 -1942700.125000        0.294157
FIRE:  174 22:16:58 -1942700.250000        0.190685
FIRE:  175 22:16:58 -1942700.250000        0.201339
FIRE:  176 22:16:58 -1942700.125000        0.293795
FIRE:  177 22:16:58 -1942700.125000        0.673424
FIRE:  178 22:16:58 -1942700.125000        0.129921
FIRE:  179 22:16:58 -1942700.250000        0.314604
FIRE:  180 22:16:58 -1942700.250000        0.210202
FIRE:  181 22:16:58 -1942700.250000        0.285226
FIRE:  182 22:16:59 -1942700.375000        0.178624
FIRE:  183 22:16:59 -1942700.375000        0.354043
FIRE:  184 22:16:59 -1942700.375000        0.458859
FIRE:  185 22:16:59 -1942700.500000        0.522941
FIRE:  186 22:16:59 -1942700.500000        1.585146
FIRE:  187 22:16:59 -1942700.625000        0.115641
FIRE:  188 22:16:59 -1942700.500000        1.438993
FIRE:  189 22:16:59 -1942700.500000        1.058789
FIRE:  190 22:16:59 -1942700.625000        0.411507
FIRE:  191 22:16:59 -1942700.625000        0.334157
FIRE:  192 22:16:59 -1942700.500000        0.313766
FIRE:  193 22:16:59 -1942700.625000        0.274510
FIRE:  194 22:16:59 -1942700.625000        0.218828
FIRE:  195 22:16:59 -1942700.625000        0.151138
FIRE:  196 22:16:59 -1942700.625000        0.098097
FIRE:  197 22:16:59 -1942700.625000        0.098588
FIRE:  198 22:16:59 -1942700.625000        0.098920
FIRE:  199 22:16:59 -1942700.625000        0.134738
FIRE:  200 22:17:00 -1942700.625000        0.314840
FIRE:  201 22:17:00 -1942700.500000        0.435475
FIRE:  202 22:17:00 -1942700.625000        0.129699
FIRE:  203 22:17:00 -1942700.625000        0.283489
FIRE:  204 22:17:00 -1942700.500000        0.329236
FIRE:  205 22:17:00 -1942700.625000        0.297448
FIRE:  206 22:17:00 -1942700.625000        0.155344
FIRE:  207 22:17:00 -1942700.625000        0.467744
FIRE:  208 22:17:00 -1942700.625000        0.537642
FIRE:  209 22:17:00 -1942700.625000        0.262378
FIRE:  210 22:17:00 -1942700.625000        0.510517
FIRE:  211 22:17:00 -1942700.625000        0.099947
FIRE:  212 22:17:00 -1942700.625000        0.463848
FIRE:  213 22:17:00 -1942700.500000        0.417306
FIRE:  214 22:17:00 -1942700.500000        0.110294
FIRE:  215 22:17:00 -1942700.500000        0.253022
FIRE:  216 22:17:00 -1942700.625000        0.674959
FIRE:  217 22:17:00 -1942700.750000        0.267238
FIRE:  218 22:17:01 -1942700.750000        0.138724
FIRE:  219 22:17:01 -1942700.750000        0.294979
FIRE:  220 22:17:01 -1942700.625000        1.078053
FIRE:  221 22:17:01 -1942700.750000        0.305832
FIRE:  222 22:17:01 -1942700.625000        0.095392
FIRE:  223 22:17:01 -1942700.750000        0.214474
FIRE:  224 22:17:01 -1942700.750000        0.247089
FIRE:  225 22:17:01 -1942700.750000        0.127226
FIRE:  226 22:17:01 -1942700.750000        0.207917
FIRE:  227 22:17:01 -1942700.750000        0.228649
FIRE:  228 22:17:01 -1942700.625000        0.054756
FIRE:  229 22:17:01 -1942700.625000        0.197012
FIRE:  230 22:17:01 -1942700.625000        0.107109
FIRE:  231 22:17:01 -1942700.625000        0.271477
FIRE:  232 22:17:01 -1942700.750000        0.134018
FIRE:  233 22:17:01 -1942700.750000        0.116135
FIRE:  234 22:17:01 -1942700.750000        0.308503
FIRE:  235 22:17:01 -1942700.625000        0.361314
FIRE:  236 22:17:02 -1942700.750000        0.304243
FIRE:  237 22:17:02 -1942700.750000        0.378113
FIRE:  238 22:17:02 -1942700.750000        0.353775
FIRE:  239 22:17:02 -1942700.750000        0.352875
FIRE:  240 22:17:02 -1942700.750000        0.503076
FIRE:  241 22:17:02 -1942700.750000        0.544100
FIRE:  242 22:17:02 -1942700.875000        0.221204
FIRE:  243 22:17:02 -1942700.750000        1.043635
FIRE:  244 22:17:02 -1942700.875000        0.556347
FIRE:  245 22:17:02 -1942700.875000        0.309004
FIRE:  246 22:17:02 -1942700.875000        0.288995
FIRE:  247 22:17:02 -1942700.875000        0.271570
FIRE:  248 22:17:02 -1942700.750000        0.364948
FIRE:  249 22:17:02 -1942700.875000        0.179774
FIRE:  250 22:17:02 -1942700.875000        0.456755
FIRE:  251 22:17:02 -1942700.750000        0.401650
FIRE:  252 22:17:02 -1942700.750000        0.323207
FIRE:  253 22:17:02 -1942700.875000        0.232201
FIRE:  254 22:17:03 -1942700.750000        0.120246
FIRE:  255 22:17:03 -1942700.875000        0.194937
FIRE:  256 22:17:03 -1942700.875000        0.301673
FIRE:  257 22:17:03 -1942700.875000        0.335929
FIRE:  258 22:17:03 -1942700.750000        0.295448
FIRE:  259 22:17:03 -1942700.875000        0.151153
FIRE:  260 22:17:03 -1942700.750000        0.128255
FIRE:  261 22:17:03 -1942700.875000        0.356480
FIRE:  262 22:17:03 -1942700.750000        0.316163
FIRE:  263 22:17:03 -1942700.875000        0.064620
FIRE:  264 22:17:03 -1942700.875000        0.276808
FIRE:  265 22:17:03 -1942700.750000        0.195820
FIRE:  266 22:17:03 -1942700.750000        0.483617
FIRE:  267 22:17:03 -1942700.750000        0.102133
FIRE:  268 22:17:03 -1942700.875000        0.245924
FIRE:  269 22:17:03 -1942700.750000        0.637726
FIRE:  270 22:17:03 -1942700.750000        0.603509
FIRE:  271 22:17:03 -1942700.875000        0.242635
FIRE:  272 22:17:04 -1942700.875000        1.278586
FIRE:  273 22:17:04 -1942700.750000        0.122314
FIRE:  274 22:17:04 -1942700.750000        0.116983
FIRE:  275 22:17:04 -1942700.875000        0.106104
FIRE:  276 22:17:04 -1942700.750000        0.088799
FIRE:  277 22:17:04 -1942700.875000        0.065717
FIRE:  278 22:17:04 -1942700.875000        0.080806
FIRE:  279 22:17:04 -1942700.750000        0.088770
FIRE:  280 22:17:04 -1942700.750000        0.072798
FIRE:  281 22:17:04 -1942700.875000        0.087032
FIRE:  282 22:17:04 -1942700.875000        0.119700
FIRE:  283 22:17:04 -1942700.750000        0.088684
FIRE:  284 22:17:04 -1942700.875000        0.047396
