      Step     Time          Energy          fmax
FIRE:    0 21:32:36  -468072.718750        4.909944
FIRE:    1 21:32:37  -468074.562500        4.180988
FIRE:    2 21:32:39  -468076.406250        2.859300
FIRE:    3 21:32:39  -468077.281250        1.345599
FIRE:    4 21:32:39  -468077.093750        2.877745
FIRE:    5 21:32:39  -468077.187500        2.461238
FIRE:    6 21:32:39  -468077.437500        1.765986
FIRE:    7 21:32:39  -468077.593750        1.004113
FIRE:    8 21:32:39  -468077.687500        0.870306
FIRE:    9 21:32:39  -468077.625000        0.779262
FIRE:   10 21:32:39  -468077.687500        0.753648
FIRE:   11 21:32:39  -468077.718750        0.703652
FIRE:   12 21:32:39  -468077.718750        0.632522
FIRE:   13 21:32:39  -468077.625000        0.544908
FIRE:   14 21:32:39  -468077.750000        0.510163
FIRE:   15 21:32:39  -468077.750000        0.517783
FIRE:   16 21:32:39  -468077.781250        0.517953
FIRE:   17 21:32:40  -468077.781250        0.506179
FIRE:   18 21:32:40  -468077.718750        0.476362
FIRE:   19 21:32:40  -468077.781250        0.503302
FIRE:   20 21:32:40  -468077.781250        0.518199
FIRE:   21 21:32:40  -468077.875000        0.505641
FIRE:   22 21:32:40  -468077.875000        0.463488
FIRE:   23 21:32:40  -468077.937500        0.427577
FIRE:   24 21:32:40  -468077.968750        0.476435
FIRE:   25 21:32:40  -468078.000000        0.401086
FIRE:   26 21:32:40  -468078.062500        0.261490
FIRE:   27 21:32:40  -468078.062500        0.407489
FIRE:   28 21:32:40  -468078.250000        0.424075
FIRE:   29 21:32:40  -468078.281250        0.283663
FIRE:   30 21:32:40  -468078.312500        0.312966
FIRE:   31 21:32:40  -468078.500000        0.280059
FIRE:   32 21:32:40  -468078.625000        0.293642
FIRE:   33 21:32:40  -468078.750000        0.285250
FIRE:   34 21:32:40  -468078.843750        0.306053
FIRE:   35 21:32:40  -468078.968750        0.267663
FIRE:   36 21:32:41  -468079.062500        0.342156
FIRE:   37 21:32:41  -468079.093750        0.644359
FIRE:   38 21:32:42  -468079.125000        0.911060
FIRE:   39 21:32:42  -468079.218750        1.135600
FIRE:   40 21:32:42  -468079.281250        1.359404
FIRE:   41 21:32:42  -468079.312500        0.593947
FIRE:   42 21:32:42  -468079.281250        0.393081
FIRE:   43 21:32:42  -468079.312500        0.157536
FIRE:   44 21:32:42  -468079.281250        0.300522
FIRE:   45 21:32:42  -468079.312500        0.469454
FIRE:   46 21:32:42  -468079.281250        0.414545
FIRE:   47 21:32:42  -468079.343750        0.179515
FIRE:   48 21:32:42  -468079.312500        0.157091
FIRE:   49 21:32:42  -468079.343750        0.350421
FIRE:   50 21:32:42  -468079.343750        0.300573
FIRE:   51 21:32:42  -468079.312500        0.129658
FIRE:   52 21:32:42  -468079.375000        0.313947
FIRE:   53 21:32:43  -468079.312500        0.161695
FIRE:   54 21:32:43  -468079.218750        0.300718
FIRE:   55 21:32:43  -468079.281250        0.178310
FIRE:   56 21:32:43  -468079.375000        0.378643
FIRE:   57 21:32:43  -468079.343750        0.177391
FIRE:   58 21:32:43  -468079.343750        0.122766
FIRE:   59 21:32:43  -468079.375000        0.411090
FIRE:   60 21:32:43  -468079.406250        1.012678
FIRE:   61 21:32:43  -468079.406250        0.182340
FIRE:   62 21:32:43  -468079.406250        0.813143
FIRE:   63 21:32:43  -468079.375000        0.630096
FIRE:   64 21:32:43  -468079.406250        0.311426
FIRE:   65 21:32:43  -468079.437500        0.141020
FIRE:   66 21:32:43  -468079.437500        0.389701
FIRE:   67 21:32:43  -468079.375000        0.370267
FIRE:   68 21:32:43  -468079.406250        0.332461
FIRE:   69 21:32:43  -468079.375000        0.278583
FIRE:   70 21:32:43  -468079.406250        0.212420
FIRE:   71 21:32:43  -468079.437500        0.140417
FIRE:   72 21:32:44  -468079.406250        0.111318
FIRE:   73 21:32:44  -468079.406250        0.104004
FIRE:   74 21:32:44  -468079.406250        0.122757
FIRE:   75 21:32:44  -468079.406250        0.170946
FIRE:   76 21:32:44  -468079.375000        0.195956
FIRE:   77 21:32:44  -468079.406250        0.186869
FIRE:   78 21:32:44  -468079.375000        0.139626
FIRE:   79 21:32:44  -468079.375000        0.081521
FIRE:   80 21:32:44  -468079.437500        0.092064
FIRE:   81 21:32:44  -468079.375000        0.160425
FIRE:   82 21:32:44  -468079.406250        0.171189
FIRE:   83 21:32:44  -468079.406250        0.105006
FIRE:   84 21:32:44  -468079.375000        0.085445
FIRE:   85 21:32:44  -468079.437500        0.133936
FIRE:   86 21:32:44  -468079.406250        0.084618
FIRE:   87 21:32:44  -468079.468750        0.121815
FIRE:   88 21:32:44  -468079.437500        0.129542
FIRE:   89 21:32:44  -468079.468750        0.093466
FIRE:   90 21:32:45  -468079.468750        0.084267
FIRE:   91 21:32:45  -468079.531250        0.169090
FIRE:   92 21:32:45  -468079.500000        0.125180
FIRE:   93 21:32:45  -468079.500000        0.109131
FIRE:   94 21:32:45  -468079.593750        0.181098
FIRE:   95 21:32:45  -468079.531250        0.471861
FIRE:   96 21:32:45  -468079.593750        1.579637
FIRE:   97 21:32:45  -468079.562500        0.204124
FIRE:   98 21:32:45  -468079.593750        0.148106
FIRE:   99 21:32:45  -468079.656250        0.069856
FIRE:  100 21:32:45  -468079.562500        0.079524
FIRE:  101 21:32:45  -468079.593750        0.153221
FIRE:  102 21:32:45  -468079.593750        0.174485
FIRE:  103 21:32:45  -468079.625000        0.135860
FIRE:  104 21:32:45  -468079.593750        0.062646
FIRE:  105 21:32:45  -468079.625000        0.066688
FIRE:  106 21:32:45  -468079.625000        0.120080
FIRE:  107 21:32:45  -468079.625000        0.090493
FIRE:  108 21:32:46  -468079.593750        0.070175
FIRE:  109 21:32:46  -468079.562500        0.120266
FIRE:  110 21:32:46  -468079.656250        0.076789
FIRE:  111 21:32:46  -468079.656250        0.121608
FIRE:  112 21:32:46  -468079.656250        0.048526
