      Step     Time          Energy          fmax
FIRE:    0 22:20:51  -168727.015625        6.863966
FIRE:    1 22:20:52  -168731.046875        6.936208
FIRE:    2 22:20:53  -168734.453125        6.422068
FIRE:    3 22:20:55  -168737.718750        5.421882
FIRE:    4 22:20:55  -168740.203125        4.117533
FIRE:    5 22:20:55  -168741.562500        1.991639
FIRE:    6 22:20:55  -168741.375000        4.119946
FIRE:    7 22:20:55  -168741.593750        3.266619
FIRE:    8 22:20:55  -168741.906250        2.005963
FIRE:    9 22:20:55  -168742.140625        1.104605
FIRE:   10 22:20:55  -168742.281250        1.090919
FIRE:   11 22:20:55  -168742.343750        1.814045
FIRE:   12 22:20:55  -168742.453125        2.097182
FIRE:   13 22:20:55  -168742.593750        2.007241
FIRE:   14 22:20:55  -168742.937500        1.814680
FIRE:   15 22:20:55  -168743.234375        1.354801
FIRE:   16 22:20:55  -168743.562500        0.893029
FIRE:   17 22:20:56  -168743.375000        1.527027
FIRE:   18 22:20:56  -168743.578125        2.475463
FIRE:   19 22:20:57  -168744.406250        1.346271
FIRE:   20 22:20:57  -168744.531250        0.799109
FIRE:   21 22:20:57  -168744.843750        1.313060
FIRE:   22 22:20:57  -168745.156250        1.117911
FIRE:   23 22:20:57  -168745.437500        0.738523
FIRE:   24 22:20:57  -168745.562500        1.046802
FIRE:   25 22:20:57  -168745.843750        0.908692
FIRE:   26 22:20:57  -168746.109375        0.487181
FIRE:   27 22:20:57  -168746.656250        0.796790
FIRE:   28 22:20:58  -168746.906250        0.648502
FIRE:   29 22:20:58  -168746.843750        0.474722
FIRE:   30 22:20:58  -168747.265625        0.797952
FIRE:   31 22:20:58  -168747.484375        0.325867
FIRE:   32 22:20:58  -168747.468750        0.525360
FIRE:   33 22:20:58  -168748.015625        0.428174
FIRE:   34 22:20:58  -168747.890625        0.365618
FIRE:   35 22:20:58  -168748.406250        0.411488
FIRE:   36 22:20:58  -168748.656250        0.261061
FIRE:   37 22:20:58  -168748.546875        0.337452
FIRE:   38 22:20:58  -168748.750000        0.288033
FIRE:   39 22:20:58  -168748.937500        0.335077
FIRE:   40 22:20:58  -168749.062500        0.337291
FIRE:   41 22:20:58  -168749.218750        0.315007
FIRE:   42 22:20:58  -168749.406250        0.298391
FIRE:   43 22:20:58  -168749.609375        0.316459
FIRE:   44 22:20:58  -168749.937500        0.332874
FIRE:   45 22:20:58  -168750.109375        0.344554
FIRE:   46 22:20:58  -168750.265625        0.355090
FIRE:   47 22:20:58  -168750.406250        0.396634
FIRE:   48 22:20:59  -168750.531250        0.430621
FIRE:   49 22:20:59  -168750.656250        0.519759
FIRE:   50 22:20:59  -168750.781250        0.610384
FIRE:   51 22:20:59  -168750.921875        0.854046
FIRE:   52 22:20:59  -168750.843750        0.982176
FIRE:   53 22:20:59  -168751.328125        1.164035
FIRE:   54 22:20:59  -168751.515625        0.800257
FIRE:   55 22:20:59  -168751.609375        1.983917
FIRE:   56 22:20:59  -168751.453125        3.612940
FIRE:   57 22:20:59  -168751.500000        2.803102
FIRE:   58 22:20:59  -168751.671875        1.913444
FIRE:   59 22:20:59  -168751.734375        1.122910
FIRE:   60 22:20:59  -168751.765625        0.541555
FIRE:   61 22:20:59  -168751.750000        1.135901
FIRE:   62 22:20:59  -168751.734375        1.012381
FIRE:   63 22:20:59  -168751.734375        0.778574
FIRE:   64 22:20:59  -168751.765625        0.460095
FIRE:   65 22:21:00  -168751.765625        0.361015
FIRE:   66 22:21:00  -168751.765625        0.367260
FIRE:   67 22:21:00  -168751.750000        0.532645
FIRE:   68 22:21:00  -168751.765625        0.519326
FIRE:   69 22:21:00  -168751.765625        0.493071
FIRE:   70 22:21:00  -168751.781250        0.454718
FIRE:   71 22:21:00  -168751.765625        0.405391
FIRE:   72 22:21:00  -168751.781250        0.367234
FIRE:   73 22:21:00  -168751.796875        0.365504
FIRE:   74 22:21:00  -168751.796875        0.363540
FIRE:   75 22:21:00  -168751.781250        0.361135
FIRE:   76 22:21:00  -168751.796875        0.358236
FIRE:   77 22:21:00  -168751.781250        0.354796
FIRE:   78 22:21:00  -168751.765625        0.350831
FIRE:   79 22:21:00  -168751.796875        0.346321
FIRE:   80 22:21:00  -168751.781250        0.341238
FIRE:   81 22:21:00  -168751.796875        0.335530
FIRE:   82 22:21:01  -168751.812500        0.329139
FIRE:   83 22:21:01  -168751.812500        0.322208
FIRE:   84 22:21:01  -168751.812500        0.315599
FIRE:   85 22:21:01  -168751.656250        0.310995
FIRE:   86 22:21:01  -168751.671875        0.306553
FIRE:   87 22:21:01  -168751.531250        0.276329
FIRE:   88 22:21:01  -168751.703125        0.147039
FIRE:   89 22:21:01  -168751.718750        0.133551
FIRE:   90 22:21:01  -168751.703125        0.133146
FIRE:   91 22:21:01  -168751.718750        0.109838
FIRE:   92 22:21:01  -168751.750000        0.173312
FIRE:   93 22:21:01  -168751.796875        0.090383
FIRE:   94 22:21:01  -168751.812500        0.102099
FIRE:   95 22:21:01  -168752.015625        0.160969
FIRE:   96 22:21:01  -168752.046875        0.094995
FIRE:   97 22:21:01  -168752.078125        0.105946
FIRE:   98 22:21:01  -168751.875000        0.251308
FIRE:   99 22:21:02  -168752.156250        0.502359
FIRE:  100 22:21:02  -168752.015625        1.257801
FIRE:  101 22:21:02  -168752.046875        0.097152
FIRE:  102 22:21:02  -168752.000000        1.056012
FIRE:  103 22:21:02  -168751.968750        0.807113
FIRE:  104 22:21:02  -168751.984375        0.367037
FIRE:  105 22:21:02  -168752.046875        0.158969
FIRE:  106 22:21:02  -168752.000000        0.150676
FIRE:  107 22:21:02  -168751.984375        0.134666
FIRE:  108 22:21:02  -168752.000000        0.112088
FIRE:  109 22:21:02  -168752.031250        0.090908
FIRE:  110 22:21:02  -168752.031250        0.090733
FIRE:  111 22:21:02  -168752.015625        0.090492
FIRE:  112 22:21:02  -168751.984375        0.090178
FIRE:  113 22:21:02  -168752.046875        0.089738
FIRE:  114 22:21:02  -168752.000000        0.089128
FIRE:  115 22:21:02  -168751.984375        0.088322
FIRE:  116 22:21:03  -168752.046875        0.087288
FIRE:  117 22:21:03  -168752.000000        0.086027
FIRE:  118 22:21:03  -168752.062500        0.084554
FIRE:  119 22:21:03  -168752.015625        0.082917
FIRE:  120 22:21:03  -168752.000000        0.080931
FIRE:  121 22:21:03  -168752.000000        0.072903
FIRE:  122 22:21:03  -168752.031250        0.067420
FIRE:  123 22:21:03  -168752.078125        0.062171
FIRE:  124 22:21:03  -168752.281250        0.061025
FIRE:  125 22:21:03  -168752.281250        0.061039
FIRE:  126 22:21:03  -168752.000000        0.066522
FIRE:  127 22:21:03  -168752.015625        0.059976
FIRE:  128 22:21:03  -168752.000000        0.060601
FIRE:  129 22:21:03  -168752.046875        0.060392
FIRE:  130 22:21:03  -168752.031250        0.060797
FIRE:  131 22:21:03  -168752.062500        0.060801
FIRE:  132 22:21:03  -168752.406250        0.124010
FIRE:  133 22:21:04  -168752.468750        0.298508
FIRE:  134 22:21:04  -168752.484375        0.968047
FIRE:  135 22:21:04  -168752.500000        0.056731
FIRE:  136 22:21:04  -168752.484375        0.808501
FIRE:  137 22:21:04  -168752.484375        0.613721
FIRE:  138 22:21:04  -168752.484375        0.268287
FIRE:  139 22:21:04  -168752.500000        0.146251
FIRE:  140 22:21:04  -168752.484375        0.138571
FIRE:  141 22:21:04  -168752.484375        0.123780
FIRE:  142 22:21:04  -168752.500000        0.102850
FIRE:  143 22:21:04  -168752.484375        0.077419
FIRE:  144 22:21:04  -168752.484375        0.056313
FIRE:  145 22:21:04  -168752.484375        0.056414
FIRE:  146 22:21:04  -168752.515625        0.056517
FIRE:  147 22:21:04  -168752.500000        0.056608
FIRE:  148 22:21:04  -168752.500000        0.058202
FIRE:  149 22:21:04  -168752.515625        0.059658
FIRE:  150 22:21:05  -168752.500000        0.056475
FIRE:  151 22:21:05  -168752.500000        0.056229
FIRE:  152 22:21:05  -168752.500000        0.055932
FIRE:  153 22:21:05  -168752.500000        0.055920
FIRE:  154 22:21:05  -168752.500000        0.071357
FIRE:  155 22:21:05  -168752.500000        0.057057
FIRE:  156 22:21:05  -168752.515625        0.055210
FIRE:  157 22:21:05  -168752.531250        0.055094
FIRE:  158 22:21:05  -168752.531250        0.054656
FIRE:  159 22:21:05  -168752.531250        0.053908
FIRE:  160 22:21:05  -168752.546875        0.062625
FIRE:  161 22:21:05  -168752.546875        0.052598
FIRE:  162 22:21:05  -168752.562500        0.051751
FIRE:  163 22:21:05  -168752.578125        0.057655
FIRE:  164 22:21:05  -168752.593750        0.049096
