      Step     Time          Energy          fmax
FIRE:    0 16:23:37 -1168917.500000        7.416269
FIRE:    1 16:23:37 -1168919.125000        7.332139
FIRE:    2 16:23:39 -1168929.875000        6.863466
FIRE:    3 16:23:39 -1168927.625000        6.164758
FIRE:    4 16:23:39 -1168931.000000        5.167844
FIRE:    5 16:23:39 -1168934.875000        3.807280
FIRE:    6 16:23:40 -1168934.750000        3.448626
FIRE:    7 16:23:40 -1168934.375000        5.444641
FIRE:    8 16:23:40 -1168934.750000        4.706926
FIRE:    9 16:23:40 -1168935.250000        3.300507
FIRE:   10 16:23:40 -1168935.625000        1.384099
FIRE:   11 16:23:40 -1168935.750000        1.693741
FIRE:   12 16:23:40 -1168935.750000        1.659992
FIRE:   13 16:23:40 -1168935.875000        1.593724
FIRE:   14 16:23:40 -1168935.875000        1.497485
FIRE:   15 16:23:40 -1168935.875000        1.375906
FIRE:   16 16:23:40 -1168936.000000        1.236426
FIRE:   17 16:23:40 -1168936.000000        1.090295
FIRE:   18 16:23:40 -1168936.000000        0.952911
FIRE:   19 16:23:40 -1168936.125000        0.831543
FIRE:   20 16:23:40 -1168942.000000        0.884950
FIRE:   21 16:23:41 -1168942.000000        0.976032
FIRE:   22 16:23:41 -1168941.625000        0.937699
FIRE:   23 16:23:41 -1168941.625000        0.735681
FIRE:   24 16:23:41 -1168942.000000        0.678166
FIRE:   25 16:23:41 -1168942.000000        0.606864
FIRE:   26 16:23:41 -1168942.750000        0.593189
FIRE:   27 16:23:42 -1168938.375000        0.631737
FIRE:   28 16:23:42 -1168943.125000        0.597931
FIRE:   29 16:23:42 -1168939.000000        0.530080
FIRE:   30 16:23:42 -1168939.250000        0.962383
FIRE:   31 16:23:42 -1168939.375000        0.896855
FIRE:   32 16:23:42 -1168939.625000        0.475348
FIRE:   33 16:23:43 -1168939.875000        0.656466
FIRE:   34 16:23:43 -1168940.125000        0.562290
FIRE:   35 16:23:43 -1168940.250000        0.659556
FIRE:   36 16:23:43 -1168941.000000        0.763229
FIRE:   37 16:23:43 -1168945.125000        0.886148
FIRE:   38 16:23:43 -1168941.000000        1.040250
FIRE:   39 16:23:43 -1168941.250000        1.146155
FIRE:   40 16:23:43 -1168941.625000        1.076951
FIRE:   41 16:23:43 -1168941.875000        1.023029
FIRE:   42 16:23:43 -1168942.125000        0.794484
FIRE:   43 16:23:43 -1168942.875000        0.835998
FIRE:   44 16:23:43 -1168947.375000        2.832270
FIRE:   45 16:23:45 -1168945.125000        0.711975
FIRE:   46 16:23:45 -1168946.625000        0.988491
FIRE:   47 16:23:45 -1168946.625000        0.834352
FIRE:   48 16:23:45 -1168946.500000        0.780076
FIRE:   49 16:23:45 -1168946.500000        0.608178
FIRE:   50 16:23:45 -1168946.500000        0.515343
FIRE:   51 16:23:45 -1168946.375000        0.459367
FIRE:   52 16:23:45 -1168946.375000        0.407822
FIRE:   53 16:23:45 -1168947.000000        0.570484
FIRE:   54 16:23:45 -1168946.750000        0.541205
FIRE:   55 16:23:45 -1168946.500000        0.345824
FIRE:   56 16:23:45 -1168946.500000        0.217337
FIRE:   57 16:23:46 -1168946.625000        0.308173
FIRE:   58 16:23:46 -1168946.500000        0.422379
FIRE:   59 16:23:46 -1168946.625000        0.283158
FIRE:   60 16:23:46 -1168946.500000        0.286732
FIRE:   61 16:23:46 -1168947.000000        0.400689
FIRE:   62 16:23:46 -1168947.125000        0.201136
FIRE:   63 16:23:46 -1168946.750000        0.315512
FIRE:   64 16:23:46 -1168946.750000        0.202275
FIRE:   65 16:23:46 -1168947.000000        0.420075
FIRE:   66 16:23:46 -1168946.375000        0.177621
FIRE:   67 16:23:46 -1168946.500000        0.377563
FIRE:   68 16:23:46 -1168946.875000        0.543292
FIRE:   69 16:23:46 -1168944.375000        0.838757
FIRE:   70 16:23:46 -1168947.125000        1.895835
FIRE:   71 16:23:47 -1168944.625000        0.160476
FIRE:   72 16:23:47 -1168944.500000        1.510908
FIRE:   73 16:23:47 -1168944.500000        1.163448
FIRE:   74 16:23:47 -1168944.500000        0.527349
FIRE:   75 16:23:47 -1168946.750000        0.273449
FIRE:   76 16:23:47 -1168944.750000        0.257727
FIRE:   77 16:23:47 -1168944.625000        0.227423
FIRE:   78 16:23:47 -1168944.500000        0.184818
FIRE:   79 16:23:47 -1168944.625000        0.158309
FIRE:   80 16:23:47 -1168944.500000        0.158196
FIRE:   81 16:23:47 -1168944.500000        0.158062
FIRE:   82 16:23:47 -1168944.500000        0.157899
FIRE:   83 16:23:47 -1168944.500000        0.157685
FIRE:   84 16:23:47 -1168944.625000        0.157429
FIRE:   85 16:23:48 -1168944.500000        0.157111
FIRE:   86 16:23:48 -1168944.500000        0.156726
FIRE:   87 16:23:48 -1168946.625000        0.156253
FIRE:   88 16:23:48 -1168944.500000        0.155689
FIRE:   89 16:23:48 -1168944.500000        0.155007
FIRE:   90 16:23:48 -1168944.625000        0.154213
FIRE:   91 16:23:48 -1168944.625000        0.153311
FIRE:   92 16:23:48 -1168947.000000        0.152290
FIRE:   93 16:23:48 -1168947.000000        0.151160
FIRE:   94 16:23:48 -1168947.125000        0.149928
FIRE:   95 16:23:48 -1168947.125000        0.148601
FIRE:   96 16:23:48 -1168945.750000        0.147224
FIRE:   97 16:23:48 -1168946.250000        0.145845
FIRE:   98 16:23:48 -1168946.375000        0.144471
FIRE:   99 16:23:49 -1168946.125000        0.143117
FIRE:  100 16:23:49 -1168946.250000        0.142385
FIRE:  101 16:23:49 -1168945.375000        0.141236
FIRE:  102 16:23:49 -1168946.000000        0.285535
FIRE:  103 16:23:49 -1168945.500000        0.429071
FIRE:  104 16:23:49 -1168943.375000        1.250163
FIRE:  105 16:23:49 -1168943.500000        0.124265
FIRE:  106 16:23:49 -1168943.375000        1.179240
FIRE:  107 16:23:49 -1168943.375000        0.866558
FIRE:  108 16:23:49 -1168943.375000        0.339801
FIRE:  109 16:23:49 -1168946.125000        0.245405
FIRE:  110 16:23:49 -1168946.125000        0.230966
FIRE:  111 16:23:49 -1168945.500000        0.203022
FIRE:  112 16:23:49 -1168946.125000        0.163379
FIRE:  113 16:23:50 -1168946.125000        0.123939
FIRE:  114 16:23:50 -1168946.500000        0.124192
FIRE:  115 16:23:50 -1168946.000000        0.124452
FIRE:  116 16:23:50 -1168946.625000        0.124653
FIRE:  117 16:23:50 -1168946.625000        0.124840
FIRE:  118 16:23:50 -1168945.750000        0.124917
FIRE:  119 16:23:50 -1168945.500000        0.124876
FIRE:  120 16:23:50 -1168943.375000        0.124680
FIRE:  121 16:23:50 -1168943.375000        0.124303
FIRE:  122 16:23:50 -1168943.500000        0.123826
FIRE:  123 16:23:50 -1168943.375000        0.123323
FIRE:  124 16:23:50 -1168943.375000        0.122916
FIRE:  125 16:23:50 -1168943.375000        0.122711
FIRE:  126 16:23:50 -1168943.375000        0.122637
FIRE:  127 16:23:51 -1168943.375000        0.122362
FIRE:  128 16:23:51 -1168943.375000        0.121776
FIRE:  129 16:23:51 -1168943.375000        0.120876
FIRE:  130 16:23:51 -1168942.125000        0.120177
FIRE:  131 16:23:51 -1168942.125000        0.120069
FIRE:  132 16:23:51 -1168942.250000        0.119267
FIRE:  133 16:23:51 -1168942.250000        0.117095
FIRE:  134 16:23:51 -1168942.250000        0.115975
FIRE:  135 16:23:51 -1168942.250000        0.116781
FIRE:  136 16:23:51 -1168943.500000        0.124442
FIRE:  137 16:23:51 -1168943.625000        0.340294
FIRE:  138 16:23:51 -1168942.375000        1.099021
FIRE:  139 16:23:51 -1168942.375000        0.117683
FIRE:  140 16:23:51 -1168942.375000        1.079466
FIRE:  141 16:23:52 -1168942.375000        0.780424
FIRE:  142 16:23:52 -1168943.625000        0.280504
FIRE:  143 16:23:52 -1168942.375000        0.264308
FIRE:  144 16:23:52 -1168942.375000        0.247081
FIRE:  145 16:23:52 -1168942.375000        0.213771
FIRE:  146 16:23:52 -1168942.375000        0.166533
FIRE:  147 16:23:52 -1168942.375000        0.118806
FIRE:  148 16:23:52 -1168942.375000        0.118499
FIRE:  149 16:23:52 -1168942.375000        0.118188
FIRE:  150 16:23:52 -1168943.625000        0.117894
FIRE:  151 16:23:52 -1168943.625000        0.119147
FIRE:  152 16:23:52 -1168943.625000        0.145941
FIRE:  153 16:23:52 -1168943.625000        0.146186
FIRE:  154 16:23:52 -1168943.625000        0.116958
FIRE:  155 16:23:53 -1168943.750000        0.116841
FIRE:  156 16:23:53 -1168943.625000        0.116716
FIRE:  157 16:23:53 -1168943.625000        0.116435
FIRE:  158 16:23:53 -1168943.625000        0.115884
FIRE:  159 16:23:53 -1168943.625000        0.114991
FIRE:  160 16:23:53 -1168943.625000        0.113853
FIRE:  161 16:23:53 -1168943.625000        0.112734
FIRE:  162 16:23:53 -1168943.625000        0.111856
FIRE:  163 16:23:53 -1168942.500000        0.111030
FIRE:  164 16:23:53 -1168942.500000        0.109676
FIRE:  165 16:23:53 -1168942.500000        0.107712
FIRE:  166 16:23:53 -1168942.500000        0.106317
FIRE:  167 16:23:53 -1168942.500000        0.108171
FIRE:  168 16:23:53 -1168942.500000        0.110872
FIRE:  169 16:23:53 -1168942.500000        0.110265
FIRE:  170 16:23:54 -1168942.625000        0.181162
FIRE:  171 16:23:54 -1168942.625000        0.611681
FIRE:  172 16:23:54 -1168942.625000        1.808080
FIRE:  173 16:23:54 -1168942.625000        0.208580
FIRE:  174 16:23:54 -1168942.625000        0.152199
FIRE:  175 16:23:54 -1168942.625000        0.119291
FIRE:  176 16:23:54 -1168942.625000        0.119330
FIRE:  177 16:23:54 -1168942.625000        0.132733
FIRE:  178 16:23:54 -1168942.625000        0.155024
FIRE:  179 16:23:54 -1168942.625000        0.120617
FIRE:  180 16:23:54 -1168942.625000        0.121452
FIRE:  181 16:23:54 -1168942.625000        0.122481
FIRE:  182 16:23:54 -1168942.625000        0.123584
FIRE:  183 16:23:54 -1168942.625000        0.124567
FIRE:  184 16:23:55 -1168942.625000        0.125380
FIRE:  185 16:23:55 -1168942.625000        0.126061
FIRE:  186 16:23:55 -1168942.625000        0.126716
FIRE:  187 16:23:55 -1168942.625000        0.127019
FIRE:  188 16:23:55 -1168942.750000        0.125167
FIRE:  189 16:23:55 -1168942.750000        0.121569
FIRE:  190 16:23:55 -1168942.750000        0.117617
FIRE:  191 16:23:55 -1168942.750000        0.114385
FIRE:  192 16:23:55 -1168942.750000        0.115839
FIRE:  193 16:23:55 -1168942.750000        0.263668
FIRE:  194 16:23:55 -1168942.875000        0.875684
FIRE:  195 16:23:55 -1168942.750000        3.065817
FIRE:  196 16:23:55 -1168942.875000        0.827908
FIRE:  197 16:23:55 -1168942.875000        0.594894
FIRE:  198 16:23:56 -1168942.875000        0.185318
FIRE:  199 16:23:56 -1168942.875000        0.278230
FIRE:  200 16:23:56 -1168942.875000        0.257717
FIRE:  201 16:23:56 -1168942.875000        0.218236
FIRE:  202 16:23:56 -1168942.875000        0.163465
FIRE:  203 16:23:56 -1168942.875000        0.140840
FIRE:  204 16:23:56 -1168942.875000        0.140771
FIRE:  205 16:23:56 -1168942.875000        0.140669
FIRE:  206 16:23:56 -1168942.875000        0.140541
FIRE:  207 16:23:56 -1168942.875000        0.140334
FIRE:  208 16:23:56 -1168942.875000        0.149169
FIRE:  209 16:23:56 -1168942.875000        0.169291
FIRE:  210 16:23:56 -1168942.875000        0.194994
FIRE:  211 16:23:56 -1168942.875000        0.203385
FIRE:  212 16:23:57 -1168942.875000        0.175374
FIRE:  213 16:23:57 -1168942.875000        0.164075
FIRE:  214 16:23:57 -1168942.875000        0.171525
FIRE:  215 16:23:57 -1168942.875000        0.175713
FIRE:  216 16:23:57 -1168942.875000        0.177159
FIRE:  217 16:23:57 -1168942.875000        0.176722
FIRE:  218 16:23:57 -1168942.875000        0.169972
FIRE:  219 16:23:57 -1168942.875000        0.156107
FIRE:  220 16:23:57 -1168942.875000        0.153629
FIRE:  221 16:23:57 -1168943.000000        0.145998
FIRE:  222 16:23:57 -1168943.000000        0.143743
FIRE:  223 16:23:57 -1168943.000000        0.165163
FIRE:  224 16:23:57 -1168943.000000        0.190834
FIRE:  225 16:23:57 -1168943.000000        0.248456
FIRE:  226 16:23:57 -1168943.125000        0.668826
FIRE:  227 16:23:58 -1168943.125000        1.987608
FIRE:  228 16:23:58 -1168943.125000        0.269340
FIRE:  229 16:23:58 -1168943.125000        0.269245
FIRE:  230 16:23:58 -1168943.125000        0.269075
FIRE:  231 16:23:58 -1168943.125000        0.268886
FIRE:  232 16:23:58 -1168943.125000        0.268037
FIRE:  233 16:23:58 -1168943.125000        0.264982
FIRE:  234 16:23:58 -1168943.125000        0.261597
FIRE:  235 16:23:58 -1168943.125000        0.258010
FIRE:  236 16:23:58 -1168943.125000        0.253929
FIRE:  237 16:23:58 -1168943.125000        0.249409
FIRE:  238 16:23:58 -1168943.125000        0.244535
FIRE:  239 16:23:58 -1168943.125000        0.239379
FIRE:  240 16:23:58 -1168943.125000        0.233975
FIRE:  241 16:23:59 -1168943.250000        0.228150
FIRE:  242 16:23:59 -1168943.250000        0.227219
FIRE:  243 16:23:59 -1168943.250000        0.226546
FIRE:  244 16:23:59 -1168943.250000        0.223337
FIRE:  245 16:23:59 -1168943.250000        0.214817
FIRE:  246 16:23:59 -1168943.250000        0.194971
FIRE:  247 16:23:59 -1168943.375000        0.160794
FIRE:  248 16:23:59 -1168943.375000        0.227968
FIRE:  249 16:23:59 -1168943.375000        0.965281
FIRE:  250 16:23:59 -1168943.375000        2.924962
FIRE:  251 16:23:59 -1168943.375000        0.119630
FIRE:  252 16:23:59 -1168943.375000        3.305360
FIRE:  253 16:23:59 -1168943.375000        2.225040
FIRE:  254 16:23:59 -1168943.375000        0.565531
FIRE:  255 16:24:00 -1168943.375000        1.049051
FIRE:  256 16:24:00 -1168943.375000        0.982324
FIRE:  257 16:24:00 -1168943.375000        0.852025
FIRE:  258 16:24:00 -1168943.375000        0.665066
FIRE:  259 16:24:00 -1168943.375000        0.431868
FIRE:  260 16:24:00 -1168943.375000        0.167875
FIRE:  261 16:24:00 -1168943.375000        0.102052
FIRE:  262 16:24:00 -1168943.375000        0.332159
FIRE:  263 16:24:00 -1168943.375000        0.326479
FIRE:  264 16:24:00 -1168943.375000        0.315110
FIRE:  265 16:24:00 -1168943.375000        0.298312
FIRE:  266 16:24:00 -1168943.375000        0.276514
FIRE:  267 16:24:00 -1168943.375000        0.250153
FIRE:  268 16:24:00 -1168943.375000        0.219840
FIRE:  269 16:24:01 -1168943.375000        0.186263
FIRE:  270 16:24:01 -1168943.375000        0.146438
FIRE:  271 16:24:01 -1168943.375000        0.100528
FIRE:  272 16:24:01 -1168943.375000        0.089666
FIRE:  273 16:24:01 -1168943.375000        0.089461
FIRE:  274 16:24:01 -1168943.375000        0.089219
FIRE:  275 16:24:01 -1168943.375000        0.103948
FIRE:  276 16:24:01 -1168943.375000        0.137630
FIRE:  277 16:24:01 -1168943.375000        0.152506
FIRE:  278 16:24:01 -1168943.375000        0.142603
FIRE:  279 16:24:01 -1168943.375000        0.104842
FIRE:  280 16:24:01 -1168943.500000        0.086194
FIRE:  281 16:24:01 -1168943.500000        0.085270
FIRE:  282 16:24:01 -1168943.500000        0.099415
FIRE:  283 16:24:01 -1168943.500000        0.119116
FIRE:  284 16:24:02 -1168943.500000        0.081257
FIRE:  285 16:24:02 -1168943.500000        0.079432
FIRE:  286 16:24:02 -1168943.500000        0.095708
FIRE:  287 16:24:02 -1168943.500000        0.085368
FIRE:  288 16:24:02 -1168943.500000        0.073305
FIRE:  289 16:24:02 -1168943.500000        0.103055
FIRE:  290 16:24:02 -1168943.500000        0.073050
FIRE:  291 16:24:02 -1168943.500000        0.102548
FIRE:  292 16:24:02 -1168943.500000        0.072236
FIRE:  293 16:24:02 -1168943.500000        0.080984
FIRE:  294 16:24:02 -1168943.500000        0.141742
FIRE:  295 16:24:02 -1168943.500000        0.211573
FIRE:  296 16:24:02 -1168943.500000        0.392577
FIRE:  297 16:24:02 -1168943.500000        0.939944
FIRE:  298 16:24:03 -1168943.500000        2.284586
FIRE:  299 16:24:03 -1168943.625000        0.065179
FIRE:  300 16:24:03 -1168944.750000        2.452013
FIRE:  301 16:24:03 -1168945.000000        1.695347
FIRE:  302 16:24:03 -1168943.625000        0.493996
FIRE:  303 16:24:03 -1168945.000000        0.731343
FIRE:  304 16:24:03 -1168945.000000        0.684368
FIRE:  305 16:24:03 -1168943.625000        0.593003
FIRE:  306 16:24:03 -1168943.625000        0.462354
FIRE:  307 16:24:03 -1168945.000000        0.300437
FIRE:  308 16:24:03 -1168945.000000        0.118466
FIRE:  309 16:24:03 -1168943.625000        0.066190
FIRE:  310 16:24:03 -1168943.625000        0.223860
FIRE:  311 16:24:03 -1168943.625000        0.220093
FIRE:  312 16:24:04 -1168943.625000        0.212700
FIRE:  313 16:24:04 -1168943.625000        0.201711
FIRE:  314 16:24:04 -1168943.625000        0.187378
FIRE:  315 16:24:04 -1168943.625000        0.170077
FIRE:  316 16:24:04 -1168943.625000        0.150161
FIRE:  317 16:24:04 -1168943.625000        0.128105
FIRE:  318 16:24:04 -1168943.625000        0.101885
FIRE:  319 16:24:04 -1168943.625000        0.071682
FIRE:  320 16:24:04 -1168943.625000        0.064007
FIRE:  321 16:24:04 -1168943.625000        0.063981
FIRE:  322 16:24:04 -1168943.625000        0.063958
FIRE:  323 16:24:04 -1168943.625000        0.065598
FIRE:  324 16:24:04 -1168943.625000        0.089289
FIRE:  325 16:24:04 -1168943.625000        0.100683
FIRE:  326 16:24:05 -1168943.625000        0.095753
FIRE:  327 16:24:05 -1168943.625000        0.071991
FIRE:  328 16:24:05 -1168943.625000        0.063858
FIRE:  329 16:24:05 -1168943.625000        0.063840
FIRE:  330 16:24:05 -1168943.625000        0.065321
FIRE:  331 16:24:05 -1168943.625000        0.082023
FIRE:  332 16:24:05 -1168943.625000        0.063730
FIRE:  333 16:24:05 -1168943.625000        0.063635
FIRE:  334 16:24:05 -1168943.625000        0.063514
FIRE:  335 16:24:05 -1168943.625000        0.063382
FIRE:  336 16:24:05 -1168943.625000        0.063251
FIRE:  337 16:24:05 -1168943.625000        0.069687
FIRE:  338 16:24:05 -1168943.625000        0.062864
FIRE:  339 16:24:05 -1168943.625000        0.065661
FIRE:  340 16:24:06 -1168943.625000        0.061686
FIRE:  341 16:24:06 -1168943.625000        0.069689
FIRE:  342 16:24:06 -1168943.625000        0.092926
FIRE:  343 16:24:06 -1168943.625000        0.128098
FIRE:  344 16:24:06 -1168943.625000        0.243853
FIRE:  345 16:24:06 -1168945.000000        0.656486
FIRE:  346 16:24:06 -1168945.125000        1.702079
FIRE:  347 16:24:06 -1168945.000000        0.056489
FIRE:  348 16:24:06 -1168945.000000        1.740691
FIRE:  349 16:24:06 -1168945.125000        1.231882
FIRE:  350 16:24:06 -1168945.000000        0.401478
FIRE:  351 16:24:06 -1168945.000000        0.477891
FIRE:  352 16:24:06 -1168945.000000        0.447042
FIRE:  353 16:24:06 -1168945.000000        0.387324
FIRE:  354 16:24:06 -1168945.000000        0.302158
FIRE:  355 16:24:07 -1168945.000000        0.197174
FIRE:  356 16:24:07 -1168945.000000        0.080751
FIRE:  357 16:24:07 -1168945.125000        0.056422
FIRE:  358 16:24:07 -1168945.000000        0.138791
FIRE:  359 16:24:07 -1168945.000000        0.219661
FIRE:  360 16:24:07 -1168945.000000        0.266070
FIRE:  361 16:24:07 -1168945.000000        0.265875
FIRE:  362 16:24:07 -1168945.000000        0.210778
FIRE:  363 16:24:07 -1168945.000000        0.101554
FIRE:  364 16:24:07 -1168945.000000        0.056147
FIRE:  365 16:24:07 -1168945.000000        0.164201
FIRE:  366 16:24:07 -1168945.000000        0.206093
FIRE:  367 16:24:07 -1168945.125000        0.134162
FIRE:  368 16:24:07 -1168945.000000        0.055776
FIRE:  369 16:24:08 -1168945.000000        0.175406
FIRE:  370 16:24:08 -1168945.000000        0.138553
FIRE:  371 16:24:08 -1168945.125000        0.070264
FIRE:  372 16:24:08 -1168945.000000        0.160043
FIRE:  373 16:24:08 -1168945.000000        0.055047
FIRE:  374 16:24:08 -1168945.000000        0.150777
FIRE:  375 16:24:08 -1168945.125000        0.137579
FIRE:  376 16:24:08 -1168945.000000        0.054235
FIRE:  377 16:24:08 -1168945.125000        0.094943
FIRE:  378 16:24:08 -1168945.125000        0.288256
FIRE:  379 16:24:08 -1168945.000000        0.809019
FIRE:  380 16:24:08 -1168945.000000        2.059806
FIRE:  381 16:24:08 -1168945.000000        0.051656
FIRE:  382 16:24:08 -1168945.000000        2.156581
FIRE:  383 16:24:08 -1168945.000000        1.490728
FIRE:  384 16:24:09 -1168945.125000        0.427240
FIRE:  385 16:24:09 -1168945.000000        0.665600
FIRE:  386 16:24:09 -1168945.125000        0.621975
FIRE:  387 16:24:09 -1168945.000000        0.537180
FIRE:  388 16:24:09 -1168945.000000        0.416121
FIRE:  389 16:24:09 -1168945.000000        0.266300
FIRE:  390 16:24:09 -1168945.000000        0.099100
FIRE:  391 16:24:09 -1168945.000000        0.071166
FIRE:  392 16:24:09 -1168945.000000        0.213770
FIRE:  393 16:24:09 -1168945.000000        0.210115
FIRE:  394 16:24:09 -1168945.125000        0.202893
FIRE:  395 16:24:09 -1168945.125000        0.192272
FIRE:  396 16:24:09 -1168945.125000        0.178492
FIRE:  397 16:24:09 -1168945.000000        0.161697
FIRE:  398 16:24:10 -1168945.000000        0.142407
FIRE:  399 16:24:10 -1168945.000000        0.121052
FIRE:  400 16:24:10 -1168945.000000        0.095689
FIRE:  401 16:24:10 -1168945.000000        0.066425
FIRE:  402 16:24:10 -1168945.000000        0.051607
FIRE:  403 16:24:10 -1168945.125000        0.051594
FIRE:  404 16:24:10 -1168945.000000        0.051582
FIRE:  405 16:24:10 -1168945.000000        0.064749
FIRE:  406 16:24:10 -1168945.000000        0.086536
FIRE:  407 16:24:10 -1168945.000000        0.096220
FIRE:  408 16:24:10 -1168945.000000        0.090059
FIRE:  409 16:24:10 -1168945.000000        0.065951
FIRE:  410 16:24:10 -1168945.000000        0.051518
FIRE:  411 16:24:10 -1168945.000000        0.051514
FIRE:  412 16:24:10 -1168945.000000        0.065572
FIRE:  413 16:24:11 -1168945.000000        0.079321
FIRE:  414 16:24:11 -1168945.125000        0.053283
FIRE:  415 16:24:11 -1168945.125000        0.051348
FIRE:  416 16:24:11 -1168945.125000        0.058607
FIRE:  417 16:24:11 -1168945.250000        0.055877
FIRE:  418 16:24:11 -1168945.250000        0.051047
FIRE:  419 16:24:11 -1168945.125000        0.067650
FIRE:  420 16:24:11 -1168945.250000        0.050703
FIRE:  421 16:24:11 -1168945.125000        0.063342
FIRE:  422 16:24:11 -1168945.125000        0.050067
FIRE:  423 16:24:11 -1168945.250000        0.063310
FIRE:  424 16:24:11 -1168945.125000        0.090092
FIRE:  425 16:24:11 -1168945.250000        0.127970
FIRE:  426 16:24:11 -1168945.125000        0.240410
FIRE:  427 16:24:12 -1168945.125000        0.620247
FIRE:  428 16:24:12 -1168945.250000        1.594880
FIRE:  429 16:24:12 -1168945.125000        0.052172
FIRE:  430 16:24:12 -1168945.250000        0.052265
FIRE:  431 16:24:12 -1168945.125000        0.052404
FIRE:  432 16:24:12 -1168945.250000        0.052618
FIRE:  433 16:24:12 -1168945.250000        0.052873
FIRE:  434 16:24:12 -1168945.125000        0.053146
FIRE:  435 16:24:12 -1168945.125000        0.053435
FIRE:  436 16:24:12 -1168945.250000        0.053719
FIRE:  437 16:24:12 -1168945.125000        0.054051
FIRE:  438 16:24:12 -1168945.125000        0.054427
FIRE:  439 16:24:12 -1168945.250000        0.054940
FIRE:  440 16:24:12 -1168945.125000        0.055600
FIRE:  441 16:24:12 -1168945.125000        0.056439
FIRE:  442 16:24:13 -1168945.125000        0.057486
FIRE:  443 16:24:13 -1168945.125000        0.058712
FIRE:  444 16:24:13 -1168945.125000        0.060206
FIRE:  445 16:24:13 -1168945.125000        0.061993
FIRE:  446 16:24:13 -1168945.250000        0.064094
FIRE:  447 16:24:13 -1168945.125000        0.066523
FIRE:  448 16:24:13 -1168945.250000        0.068841
FIRE:  449 16:24:13 -1168945.250000        0.070973
FIRE:  450 16:24:13 -1168945.250000        0.290978
FIRE:  451 16:24:13 -1168945.250000        1.107870
FIRE:  452 16:24:13 -1168945.250000        0.150835
FIRE:  453 16:24:13 -1168945.250000        0.106866
FIRE:  454 16:24:13 -1168945.250000        0.078023
FIRE:  455 16:24:13 -1168945.250000        0.078463
FIRE:  456 16:24:13 -1168945.250000        0.111442
FIRE:  457 16:24:14 -1168945.250000        0.121126
FIRE:  458 16:24:14 -1168945.250000        0.084842
FIRE:  459 16:24:14 -1168945.250000        0.080009
FIRE:  460 16:24:14 -1168945.250000        0.081280
FIRE:  461 16:24:14 -1168945.250000        0.085313
FIRE:  462 16:24:14 -1168945.250000        0.085939
FIRE:  463 16:24:14 -1168945.250000        0.089031
FIRE:  464 16:24:14 -1168945.250000        0.092446
FIRE:  465 16:24:14 -1168945.250000        0.096063
FIRE:  466 16:24:14 -1168945.250000        0.100170
FIRE:  467 16:24:14 -1168945.250000        0.104908
FIRE:  468 16:24:14 -1168945.250000        0.109879
FIRE:  469 16:24:14 -1168945.250000        0.114638
FIRE:  470 16:24:14 -1168945.250000        0.119575
FIRE:  471 16:24:15 -1168947.250000        0.165631
FIRE:  472 16:24:15 -1168945.250000        0.404536
FIRE:  473 16:24:15 -1168947.125000        1.210428
FIRE:  474 16:24:15 -1168946.875000        0.127434
FIRE:  475 16:24:15 -1168947.250000        0.127597
FIRE:  476 16:24:15 -1168946.750000        0.127940
FIRE:  477 16:24:15 -1168947.250000        0.128474
FIRE:  478 16:24:15 -1168945.500000        0.129225
FIRE:  479 16:24:15 -1168947.250000        0.130183
FIRE:  480 16:24:15 -1168949.875000        0.131308
FIRE:  481 16:24:15 -1168946.750000        0.132554
FIRE:  482 16:24:15 -1168945.375000        0.133959
FIRE:  483 16:24:15 -1168946.875000        0.135428
FIRE:  484 16:24:15 -1168946.875000        0.136834
FIRE:  485 16:24:16 -1168946.750000        0.138100
FIRE:  486 16:24:16 -1168946.750000        0.139259
FIRE:  487 16:24:16 -1168946.875000        0.140219
FIRE:  488 16:24:16 -1168945.375000        0.143961
FIRE:  489 16:24:16 -1168946.750000        0.148943
FIRE:  490 16:24:16 -1168946.750000        0.153379
FIRE:  491 16:24:16 -1168947.250000        0.157015
FIRE:  492 16:24:16 -1168946.875000        0.157833
FIRE:  493 16:24:16 -1168946.750000        0.154068
FIRE:  494 16:24:16 -1168945.375000        0.140302
FIRE:  495 16:24:16 -1168944.125000        0.156708
FIRE:  496 16:24:16 -1168945.500000        0.747672
FIRE:  497 16:24:16 -1168947.000000        3.530026
FIRE:  498 16:24:16 -1168947.250000        1.630158
FIRE:  499 16:24:16 -1168947.250000        1.122669
FIRE:  500 16:24:17 -1168947.125000        0.222599
FIRE:  501 16:24:17 -1168945.500000        0.814898
FIRE:  502 16:24:17 -1168947.000000        0.741209
FIRE:  503 16:24:17 -1168946.875000        0.601672
FIRE:  504 16:24:17 -1168947.000000        0.410761
FIRE:  505 16:24:17 -1168947.000000        0.188026
FIRE:  506 16:24:17 -1168945.500000        0.084056
FIRE:  507 16:24:17 -1168947.250000        0.234613
FIRE:  508 16:24:17 -1168945.500000        0.229594
FIRE:  509 16:24:17 -1168947.000000        0.219609
FIRE:  510 16:24:17 -1168947.000000        0.204941
FIRE:  511 16:24:17 -1168946.875000        0.185822
FIRE:  512 16:24:17 -1168945.500000        0.162846
FIRE:  513 16:24:17 -1168945.500000        0.136500
FIRE:  514 16:24:18 -1168945.500000        0.107546
FIRE:  515 16:24:18 -1168945.500000        0.079433
FIRE:  516 16:24:18 -1168946.875000        0.078545
FIRE:  517 16:24:18 -1168945.500000        0.077454
FIRE:  518 16:24:18 -1168947.125000        0.076118
FIRE:  519 16:24:18 -1168946.875000        0.082268
FIRE:  520 16:24:18 -1168947.000000        0.108126
FIRE:  521 16:24:18 -1168947.000000        0.118819
FIRE:  522 16:24:18 -1168947.125000        0.109921
FIRE:  523 16:24:18 -1168945.500000        0.078922
FIRE:  524 16:24:18 -1168947.000000        0.063470
FIRE:  525 16:24:18 -1168947.250000        0.062321
FIRE:  526 16:24:18 -1168945.500000        0.077862
FIRE:  527 16:24:18 -1168947.000000        0.089112
FIRE:  528 16:24:18 -1168946.875000        0.057219
FIRE:  529 16:24:19 -1168946.875000        0.054828
FIRE:  530 16:24:19 -1168947.375000        0.078071
FIRE:  531 16:24:19 -1168945.500000        0.062924
FIRE:  532 16:24:19 -1168945.500000        0.059323
FIRE:  533 16:24:19 -1168946.875000        0.073095
FIRE:  534 16:24:19 -1168945.500000        0.062843
FIRE:  535 16:24:19 -1168947.250000        0.076959
FIRE:  536 16:24:19 -1168947.375000        0.048664
