      Step     Time          Energy          fmax
FIRE:    0 15:44:00 -1618036.375000        5.446440
FIRE:    1 15:44:01 -1618038.875000        4.707368
FIRE:    2 15:44:02 -1618041.250000        3.397342
FIRE:    3 15:44:03 -1618044.625000        1.948029
FIRE:    4 15:44:03 -1618045.125000        1.476253
FIRE:    5 15:44:04 -1618046.750000        1.232935
FIRE:    6 15:44:04 -1618045.375000        0.915767
FIRE:    7 15:44:04 -1618045.500000        0.966014
FIRE:    8 15:44:04 -1618043.750000        0.949936
FIRE:    9 15:44:04 -1618043.875000        1.109411
FIRE:   10 15:44:04 -1618044.000000        0.963365
FIRE:   11 15:44:04 -1618044.125000        0.782969
FIRE:   12 15:44:04 -1618044.250000        0.677170
FIRE:   13 15:44:04 -1618046.125000        0.735640
FIRE:   14 15:44:04 -1618046.500000        0.756112
FIRE:   15 15:44:05 -1618044.750000        0.512359
FIRE:   16 15:44:05 -1618046.750000        0.660344
FIRE:   17 15:44:05 -1618045.250000        0.648435
FIRE:   18 15:44:05 -1618051.250000        0.468798
FIRE:   19 15:44:05 -1618047.500000        0.566366
FIRE:   20 15:44:05 -1618053.250000        0.472377
FIRE:   21 15:44:05 -1618054.375000        0.470700
FIRE:   22 15:44:05 -1618053.250000        0.448193
FIRE:   23 15:44:05 -1618048.375000        0.541676
FIRE:   24 15:44:05 -1618050.125000        0.557342
FIRE:   25 15:44:05 -1618050.875000        0.644977
FIRE:   26 15:44:05 -1618051.750000        0.773158
FIRE:   27 15:44:05 -1618051.250000        0.691229
FIRE:   28 15:44:05 -1618051.875000        0.656235
FIRE:   29 15:44:05 -1618051.625000        0.601666
FIRE:   30 15:44:06 -1618052.625000        0.519533
FIRE:   31 15:44:06 -1618048.250000        0.510936
FIRE:   32 15:44:06 -1618048.500000        0.522028
FIRE:   33 15:44:06 -1618048.625000        0.500059
FIRE:   34 15:44:06 -1618052.625000        0.862652
FIRE:   35 15:44:06 -1618052.625000        0.699156
FIRE:   36 15:44:06 -1618053.375000        0.891315
FIRE:   37 15:44:06 -1618054.000000        1.085271
FIRE:   38 15:44:06 -1618057.875000        1.077828
FIRE:   39 15:44:06 -1618053.500000        1.234718
FIRE:   40 15:44:06 -1618054.000000        0.858222
FIRE:   41 15:44:06 -1618054.375000        0.915431
FIRE:   42 15:44:06 -1618054.375000        1.142330
FIRE:   43 15:44:07 -1618054.875000        1.126876
FIRE:   44 15:44:07 -1618055.125000        1.225330
FIRE:   45 15:44:07 -1618055.375000        1.180376
FIRE:   46 15:44:07 -1618051.875000        0.977387
FIRE:   47 15:44:07 -1618055.625000        0.518782
FIRE:   48 15:44:07 -1618053.750000        1.282109
FIRE:   49 15:44:07 -1618053.875000        1.247623
FIRE:   50 15:44:07 -1618055.875000        3.500351
FIRE:   51 15:44:07 -1618056.375000        0.848709
FIRE:   52 15:44:07 -1618053.875000        0.596696
FIRE:   53 15:44:07 -1618054.000000        0.347221
FIRE:   54 15:44:07 -1618056.000000        0.411660
FIRE:   55 15:44:07 -1618054.000000        0.376663
FIRE:   56 15:44:07 -1618056.125000        0.346591
FIRE:   57 15:44:08 -1618054.000000        0.339883
FIRE:   58 15:44:08 -1618054.000000        0.333594
FIRE:   59 15:44:08 -1618054.000000        0.329167
FIRE:   60 15:44:08 -1618054.000000        0.327361
FIRE:   61 15:44:08 -1618054.000000        0.328005
FIRE:   62 15:44:08 -1618054.000000        0.330905
FIRE:   63 15:44:08 -1618055.875000        0.336146
FIRE:   64 15:44:08 -1618054.000000        0.344244
FIRE:   65 15:44:08 -1618054.000000        0.355768
FIRE:   66 15:44:08 -1618054.000000        0.369508
FIRE:   67 15:44:08 -1618056.250000        0.381270
FIRE:   68 15:44:08 -1618056.125000        0.383414
FIRE:   69 15:44:08 -1618055.875000        0.384879
FIRE:   70 15:44:08 -1618056.250000        0.389579
FIRE:   71 15:44:09 -1618057.375000        0.394369
FIRE:   72 15:44:09 -1618058.125000        0.400150
FIRE:   73 15:44:09 -1618057.500000        0.408958
FIRE:   74 15:44:10 -1618052.625000        0.397949
FIRE:   75 15:44:10 -1618054.250000        0.377045
FIRE:   76 15:44:10 -1618052.750000        0.332621
FIRE:   77 15:44:10 -1618057.750000        0.273927
FIRE:   78 15:44:10 -1618057.125000        0.292588
FIRE:   79 15:44:10 -1618057.250000        0.632782
FIRE:   80 15:44:10 -1618061.000000        1.568110
FIRE:   81 15:44:11 -1618061.125000        0.294413
FIRE:   82 15:44:11 -1618061.125000        1.451319
FIRE:   83 15:44:11 -1618061.125000        1.048800
FIRE:   84 15:44:11 -1618061.125000        0.500578
FIRE:   85 15:44:11 -1618061.125000        0.300393
FIRE:   86 15:44:11 -1618061.125000        0.285842
FIRE:   87 15:44:11 -1618061.125000        0.258014
FIRE:   88 15:44:11 -1618061.125000        0.259067
FIRE:   89 15:44:11 -1618061.125000        0.261073
FIRE:   90 15:44:11 -1618061.125000        0.263743
FIRE:   91 15:44:11 -1618061.125000        0.267110
FIRE:   92 15:44:11 -1618061.125000        0.271268
FIRE:   93 15:44:11 -1618061.125000        0.276897
FIRE:   94 15:44:11 -1618061.125000        0.284416
FIRE:   95 15:44:12 -1618061.125000        0.294401
FIRE:   96 15:44:12 -1618061.125000        0.307629
FIRE:   97 15:44:12 -1618061.125000        0.325163
FIRE:   98 15:44:12 -1618060.375000        0.348366
FIRE:   99 15:44:12 -1618061.125000        0.378989
FIRE:  100 15:44:12 -1618054.750000        0.419095
FIRE:  101 15:44:12 -1618054.875000        0.471538
FIRE:  102 15:44:12 -1618055.125000        0.540862
FIRE:  103 15:44:12 -1618061.250000        0.635123
FIRE:  104 15:44:12 -1618060.500000        0.769934
FIRE:  105 15:44:12 -1618061.375000        0.973138
FIRE:  106 15:44:12 -1618055.000000        1.270256
FIRE:  107 15:44:12 -1618055.250000        1.569709
FIRE:  108 15:44:12 -1618058.875000        1.815801
FIRE:  109 15:44:13 -1618059.000000        1.518667
FIRE:  110 15:44:13 -1618059.125000        1.412335
FIRE:  111 15:44:13 -1618058.625000        0.967031
FIRE:  112 15:44:13 -1618056.125000        1.476108
FIRE:  113 15:44:13 -1618056.250000        1.124243
FIRE:  114 15:44:13 -1618056.375000        0.663441
FIRE:  115 15:44:13 -1618056.250000        0.801545
FIRE:  116 15:44:13 -1618056.375000        1.000324
FIRE:  117 15:44:13 -1618056.375000        0.903525
FIRE:  118 15:44:13 -1618056.500000        0.575234
FIRE:  119 15:44:13 -1618056.375000        0.524886
FIRE:  120 15:44:13 -1618056.375000        0.703915
FIRE:  121 15:44:13 -1618056.375000        0.632417
FIRE:  122 15:44:13 -1618056.375000        0.501691
FIRE:  123 15:44:14 -1618056.375000        0.336351
FIRE:  124 15:44:14 -1618056.375000        0.187206
FIRE:  125 15:44:14 -1618056.500000        0.247932
FIRE:  126 15:44:14 -1618056.375000        0.368756
FIRE:  127 15:44:14 -1618056.375000        0.435398
FIRE:  128 15:44:14 -1618056.375000        0.425564
FIRE:  129 15:44:14 -1618056.375000        0.339211
FIRE:  130 15:44:14 -1618056.500000        0.225986
FIRE:  131 15:44:14 -1618056.625000        0.191386
FIRE:  132 15:44:14 -1618056.500000        0.318685
FIRE:  133 15:44:14 -1618056.375000        0.320936
FIRE:  134 15:44:14 -1618056.375000        0.261302
FIRE:  135 15:44:14 -1618056.500000        0.196425
FIRE:  136 15:44:14 -1618056.500000        0.273629
FIRE:  137 15:44:15 -1618056.500000        0.263391
FIRE:  138 15:44:15 -1618059.125000        0.232870
FIRE:  139 15:44:15 -1618059.250000        0.283310
FIRE:  140 15:44:15 -1618056.500000        0.223525
FIRE:  141 15:44:15 -1618056.625000        0.239258
FIRE:  142 15:44:15 -1618056.500000        0.227482
FIRE:  143 15:44:15 -1618056.500000        0.432091
FIRE:  144 15:44:15 -1618056.500000        2.143155
FIRE:  145 15:44:15 -1618056.625000        0.830899
FIRE:  146 15:44:15 -1618059.375000        0.576168
FIRE:  147 15:44:15 -1618055.000000        0.154532
FIRE:  148 15:44:15 -1618059.875000        0.379517
FIRE:  149 15:44:15 -1618059.000000        0.348819
FIRE:  150 15:44:15 -1618056.625000        0.290422
FIRE:  151 15:44:16 -1618056.625000        0.210235
FIRE:  152 15:44:16 -1618056.625000        0.143122
FIRE:  153 15:44:16 -1618059.000000        0.142985
FIRE:  154 15:44:16 -1618056.625000        0.143002
FIRE:  155 15:44:16 -1618056.625000        0.154464
FIRE:  156 15:44:16 -1618056.625000        0.187241
FIRE:  157 15:44:16 -1618056.625000        0.190709
FIRE:  158 15:44:16 -1618056.625000        0.158636
FIRE:  159 15:44:16 -1618058.750000        0.140690
FIRE:  160 15:44:16 -1618058.250000        0.138600
FIRE:  161 15:44:16 -1618058.750000        0.146090
FIRE:  162 15:44:16 -1618058.625000        0.172206
FIRE:  163 15:44:16 -1618058.750000        0.131843
FIRE:  164 15:44:16 -1618058.625000        0.130041
FIRE:  165 15:44:17 -1618058.750000        0.141003
FIRE:  166 15:44:17 -1618058.625000        0.128810
FIRE:  167 15:44:17 -1618058.500000        0.129783
FIRE:  168 15:44:17 -1618055.000000        0.132298
FIRE:  169 15:44:17 -1618055.000000        0.134723
FIRE:  170 15:44:17 -1618055.000000        0.137766
FIRE:  171 15:44:17 -1618055.125000        0.172136
FIRE:  172 15:44:17 -1618056.750000        0.153879
FIRE:  173 15:44:17 -1618055.125000        0.176207
FIRE:  174 15:44:17 -1618055.125000        0.300733
FIRE:  175 15:44:17 -1618055.125000        0.868512
FIRE:  176 15:44:17 -1618055.125000        2.194701
FIRE:  177 15:44:17 -1618055.250000        0.179994
FIRE:  178 15:44:17 -1618055.250000        0.135692
FIRE:  179 15:44:18 -1618055.250000        0.103069
FIRE:  180 15:44:18 -1618055.250000        0.102964
FIRE:  181 15:44:18 -1618055.250000        0.132941
FIRE:  182 15:44:18 -1618055.250000        0.148017
FIRE:  183 15:44:18 -1618055.250000        0.107609
FIRE:  184 15:44:18 -1618055.250000        0.102487
FIRE:  185 15:44:18 -1618055.250000        0.102292
FIRE:  186 15:44:18 -1618056.875000        0.108514
FIRE:  187 15:44:18 -1618055.250000        0.101773
FIRE:  188 15:44:18 -1618055.250000        0.101377
FIRE:  189 15:44:18 -1618055.250000        0.106811
FIRE:  190 15:44:18 -1618055.250000        0.099924
FIRE:  191 15:44:18 -1618055.250000        0.098955
FIRE:  192 15:44:18 -1618055.250000        0.097671
FIRE:  193 15:44:19 -1618055.250000        0.098278
FIRE:  194 15:44:19 -1618055.250000        0.110721
FIRE:  195 15:44:19 -1618055.250000        0.121388
FIRE:  196 15:44:19 -1618055.375000        0.168661
FIRE:  197 15:44:19 -1618055.375000        0.439498
FIRE:  198 15:44:19 -1618055.375000        1.116501
FIRE:  199 15:44:19 -1618055.375000        0.071955
FIRE:  200 15:44:19 -1618055.375000        1.138792
FIRE:  201 15:44:19 -1618055.500000        0.820145
FIRE:  202 15:44:19 -1618057.000000        0.296598
FIRE:  203 15:44:19 -1618057.000000        0.264617
FIRE:  204 15:44:19 -1618055.375000        0.248046
FIRE:  205 15:44:19 -1618055.375000        0.215813
FIRE:  206 15:44:19 -1618055.375000        0.169973
FIRE:  207 15:44:19 -1618055.375000        0.114157
FIRE:  208 15:44:20 -1618055.375000        0.071448
FIRE:  209 15:44:20 -1618055.375000        0.071324
FIRE:  210 15:44:20 -1618055.375000        0.072750
FIRE:  211 15:44:20 -1618055.375000        0.119181
FIRE:  212 15:44:20 -1618055.375000        0.148504
FIRE:  213 15:44:20 -1618055.375000        0.152559
FIRE:  214 15:44:20 -1618055.375000        0.125821
FIRE:  215 15:44:20 -1618055.375000        0.070659
FIRE:  216 15:44:20 -1618055.375000        0.070486
FIRE:  217 15:44:20 -1618055.375000        0.085283
FIRE:  218 15:44:20 -1618055.375000        0.110866
FIRE:  219 15:44:20 -1618055.500000        0.076692
FIRE:  220 15:44:20 -1618055.375000        0.068932
FIRE:  221 15:44:20 -1618057.000000        0.102287
FIRE:  222 15:44:21 -1618055.375000        0.082001
FIRE:  223 15:44:21 -1618055.375000        0.066860
FIRE:  224 15:44:21 -1618055.375000        0.089348
FIRE:  225 15:44:21 -1618055.375000        0.065656
FIRE:  226 15:44:21 -1618055.375000        0.091183
FIRE:  227 15:44:21 -1618055.500000        0.087391
FIRE:  228 15:44:21 -1618063.250000        0.065371
FIRE:  229 15:44:21 -1618055.500000        0.066273
FIRE:  230 15:44:21 -1618063.250000        0.119713
FIRE:  231 15:44:21 -1618063.250000        0.429257
FIRE:  232 15:44:21 -1618063.625000        1.196064
FIRE:  233 15:44:21 -1618063.125000        0.073089
FIRE:  234 15:44:21 -1618063.500000        1.247177
FIRE:  235 15:44:21 -1618063.625000        0.885005
FIRE:  236 15:44:22 -1618063.625000        0.296838
FIRE:  237 15:44:22 -1618063.500000        0.323116
FIRE:  238 15:44:22 -1618063.625000        0.302257
FIRE:  239 15:44:22 -1618063.625000        0.261771
FIRE:  240 15:44:22 -1618063.625000        0.204097
FIRE:  241 15:44:22 -1618063.625000        0.137422
FIRE:  242 15:44:22 -1618063.625000        0.072427
FIRE:  243 15:44:22 -1618063.250000        0.071965
FIRE:  244 15:44:22 -1618063.625000        0.098910
FIRE:  245 15:44:22 -1618063.625000        0.155116
FIRE:  246 15:44:22 -1618063.625000        0.188513
FIRE:  247 15:44:22 -1618063.625000        0.189874
FIRE:  248 15:44:22 -1618063.500000        0.153087
FIRE:  249 15:44:22 -1618063.625000        0.079782
FIRE:  250 15:44:22 -1618063.625000        0.071470
FIRE:  251 15:44:23 -1618063.250000        0.110497
FIRE:  252 15:44:23 -1618063.625000        0.134932
FIRE:  253 15:44:23 -1618063.625000        0.091860
FIRE:  254 15:44:23 -1618063.625000        0.071064
FIRE:  255 15:44:23 -1618063.625000        0.129547
FIRE:  256 15:44:23 -1618063.625000        0.097722
FIRE:  257 15:44:23 -1618063.125000        0.071159
FIRE:  258 15:44:23 -1618063.250000        0.108208
FIRE:  259 15:44:23 -1618063.625000        0.072086
FIRE:  260 15:44:23 -1618063.625000        0.107661
FIRE:  261 15:44:23 -1618063.750000        0.107935
FIRE:  262 15:44:23 -1618063.750000        0.073764
FIRE:  263 15:44:23 -1618063.750000        0.072839
FIRE:  264 15:44:23 -1618063.750000        0.124988
FIRE:  265 15:44:24 -1618063.750000        0.458084
FIRE:  266 15:44:24 -1618063.250000        1.294793
FIRE:  267 15:44:24 -1618063.750000        0.071532
FIRE:  268 15:44:24 -1618063.750000        1.367442
FIRE:  269 15:44:24 -1618063.500000        0.954300
FIRE:  270 15:44:24 -1618063.375000        0.292043
FIRE:  271 15:44:24 -1618063.750000        0.392098
FIRE:  272 15:44:24 -1618063.250000        0.366404
FIRE:  273 15:44:24 -1618063.750000        0.316510
FIRE:  274 15:44:24 -1618063.750000        0.245397
FIRE:  275 15:44:24 -1618063.750000        0.157805
FIRE:  276 15:44:24 -1618063.750000        0.075034
FIRE:  277 15:44:24 -1618063.750000        0.071366
FIRE:  278 15:44:24 -1618063.500000        0.126176
FIRE:  279 15:44:25 -1618063.750000        0.192685
FIRE:  280 15:44:25 -1618063.625000        0.230023
FIRE:  281 15:44:25 -1618063.250000        0.227631
FIRE:  282 15:44:25 -1618063.750000        0.178828
FIRE:  283 15:44:25 -1618063.750000        0.086459
FIRE:  284 15:44:25 -1618063.750000        0.071537
FIRE:  285 15:44:25 -1618063.750000        0.137762
FIRE:  286 15:44:25 -1618063.750000        0.165505
FIRE:  287 15:44:25 -1618063.750000        0.101430
FIRE:  288 15:44:25 -1618063.750000        0.071291
FIRE:  289 15:44:25 -1618063.750000        0.156284
FIRE:  290 15:44:25 -1618063.625000        0.109624
FIRE:  291 15:44:25 -1618063.500000        0.079922
FIRE:  292 15:44:25 -1618063.750000        0.125234
FIRE:  293 15:44:25 -1618063.750000        0.071377
FIRE:  294 15:44:26 -1618063.750000        0.118453
FIRE:  295 15:44:26 -1618063.875000        0.132872
FIRE:  296 15:44:26 -1618063.875000        0.071052
FIRE:  297 15:44:26 -1618063.875000        0.069646
FIRE:  298 15:44:26 -1618063.875000        0.116252
FIRE:  299 15:44:26 -1618063.875000        0.403346
FIRE:  300 15:44:26 -1618057.375000        1.201301
FIRE:  301 15:44:26 -1618057.375000        0.064896
FIRE:  302 15:44:26 -1618057.375000        0.064338
FIRE:  303 15:44:26 -1618057.375000        0.063796
FIRE:  304 15:44:26 -1618057.375000        0.063835
FIRE:  305 15:44:26 -1618060.125000        0.064360
FIRE:  306 15:44:26 -1618057.375000        0.064694
FIRE:  307 15:44:26 -1618057.375000        0.064371
FIRE:  308 15:44:27 -1618057.375000        0.063618
FIRE:  309 15:44:27 -1618057.375000        0.062996
FIRE:  310 15:44:27 -1618057.375000        0.062783
FIRE:  311 15:44:27 -1618057.375000        0.062663
FIRE:  312 15:44:27 -1618057.375000        0.062760
FIRE:  313 15:44:27 -1618060.625000        0.062980
FIRE:  314 15:44:27 -1618057.375000        0.062120
FIRE:  315 15:44:27 -1618063.875000        0.061558
FIRE:  316 15:44:27 -1618063.375000        0.061355
FIRE:  317 15:44:27 -1618063.375000        0.061919
FIRE:  318 15:44:27 -1618064.000000        0.060341
FIRE:  319 15:44:27 -1618063.500000        0.060546
FIRE:  320 15:44:27 -1618064.000000        0.068752
FIRE:  321 15:44:27 -1618057.500000        0.206839
FIRE:  322 15:44:27 -1618057.500000        0.787452
FIRE:  323 15:44:27 -1618060.375000        0.065414
FIRE:  324 15:44:27 -1618060.375000        0.055549
FIRE:  325 15:44:28 -1618059.125000        0.055619
FIRE:  326 15:44:28 -1618057.500000        0.055707
FIRE:  327 15:44:28 -1618057.500000        0.055787
FIRE:  328 15:44:28 -1618057.500000        0.055852
FIRE:  329 15:44:28 -1618063.875000        0.055885
FIRE:  330 15:44:28 -1618064.000000        0.055889
FIRE:  331 15:44:28 -1618057.500000        0.055881
FIRE:  332 15:44:28 -1618060.125000        0.055878
FIRE:  333 15:44:28 -1618057.500000        0.055899
FIRE:  334 15:44:28 -1618059.625000        0.055956
FIRE:  335 15:44:28 -1618057.500000        0.055977
FIRE:  336 15:44:28 -1618057.500000        0.055879
FIRE:  337 15:44:28 -1618064.000000        0.055603
FIRE:  338 15:44:28 -1618063.500000        0.055222
FIRE:  339 15:44:28 -1618064.000000        0.054869
FIRE:  340 15:44:28 -1618064.000000        0.054281
FIRE:  341 15:44:28 -1618064.000000        0.053171
FIRE:  342 15:44:29 -1618063.625000        0.052008
FIRE:  343 15:44:29 -1618064.125000        0.049972
