      Step     Time          Energy          fmax
FIRE:    0 15:18:22 -1066842.625000        4.358630
FIRE:    1 15:18:23 -1066845.750000        2.878670
FIRE:    2 15:18:25 -1066847.375000        3.010046
FIRE:    3 15:18:25 -1066849.000000        2.998234
FIRE:    4 15:18:25 -1066850.875000        1.961328
FIRE:    5 15:18:25 -1066852.500000        1.847481
FIRE:    6 15:18:25 -1066853.375000        1.872126
FIRE:    7 15:18:25 -1066854.750000        1.922421
FIRE:    8 15:18:26 -1066855.875000        1.466193
FIRE:    9 15:18:26 -1066857.000000        1.224488
FIRE:   10 15:18:26 -1066858.000000        1.161302
FIRE:   11 15:18:26 -1066859.125000        1.417297
FIRE:   12 15:18:26 -1066860.000000        1.161462
FIRE:   13 15:18:26 -1066861.000000        1.218461
FIRE:   14 15:18:26 -1066861.875000        1.259389
FIRE:   15 15:18:26 -1066862.750000        1.152211
FIRE:   16 15:18:26 -1066863.625000        1.122746
FIRE:   17 15:18:26 -1066864.500000        1.045326
FIRE:   18 15:18:26 -1066865.375000        0.950656
FIRE:   19 15:18:26 -1066866.125000        0.951539
FIRE:   20 15:18:26 -1066866.875000        0.985482
FIRE:   21 15:18:26 -1066867.625000        1.009955
FIRE:   22 15:18:27 -1066868.375000        0.992164
FIRE:   23 15:18:27 -1066869.125000        0.946233
FIRE:   24 15:18:27 -1066869.750000        0.887907
FIRE:   25 15:18:27 -1066870.500000        0.855038
FIRE:   26 15:18:27 -1066871.125000        0.842186
FIRE:   27 15:18:27 -1066871.750000        0.868611
FIRE:   28 15:18:27 -1066872.375000        0.888091
FIRE:   29 15:18:27 -1066873.000000        0.874436
FIRE:   30 15:18:27 -1066873.625000        0.830246
FIRE:   31 15:18:27 -1066874.375000        0.809988
FIRE:   32 15:18:27 -1066874.875000        0.808543
FIRE:   33 15:18:27 -1066875.375000        0.797224
FIRE:   34 15:18:27 -1066876.000000        0.772991
FIRE:   35 15:18:28 -1066876.500000        0.789024
FIRE:   36 15:18:29 -1066877.000000        0.797253
FIRE:   37 15:18:29 -1066877.625000        0.795496
FIRE:   38 15:18:29 -1066878.000000        0.778251
FIRE:   39 15:18:29 -1066878.500000        0.742647
FIRE:   40 15:18:29 -1066879.000000        0.685984
FIRE:   41 15:18:29 -1066879.625000        0.609024
FIRE:   42 15:18:29 -1066880.000000        0.535451
FIRE:   43 15:18:29 -1066880.500000        0.481183
FIRE:   44 15:18:29 -1066881.000000        0.438631
FIRE:   45 15:18:29 -1066881.375000        0.421562
FIRE:   46 15:18:29 -1066881.625000        0.405926
FIRE:   47 15:18:29 -1066881.875000        0.395406
FIRE:   48 15:18:29 -1066882.375000        0.386255
FIRE:   49 15:18:30 -1066882.500000        0.371962
FIRE:   50 15:18:30 -1066883.000000        0.401650
FIRE:   51 15:18:30 -1066883.125000        0.441719
FIRE:   52 15:18:30 -1066883.375000        0.460353
FIRE:   53 15:18:30 -1066883.750000        0.460442
FIRE:   54 15:18:30 -1066883.875000        0.450698
FIRE:   55 15:18:30 -1066884.125000        0.438850
FIRE:   56 15:18:30 -1066884.500000        0.424788
FIRE:   57 15:18:30 -1066884.625000        0.405051
FIRE:   58 15:18:30 -1066884.875000        0.396831
FIRE:   59 15:18:32 -1066884.625000        0.410916
FIRE:   60 15:18:32 -1066885.000000        0.412473
FIRE:   61 15:18:32 -1066885.125000        0.400438
FIRE:   62 15:18:32 -1066885.250000        0.408676
FIRE:   63 15:18:32 -1066886.125000        0.465918
FIRE:   64 15:18:32 -1066886.250000        0.511672
FIRE:   65 15:18:32 -1066886.500000        0.542252
FIRE:   66 15:18:32 -1066886.000000        0.553703
FIRE:   67 15:18:32 -1066886.250000        0.545539
FIRE:   68 15:18:32 -1066886.375000        0.515212
FIRE:   69 15:18:32 -1066887.125000        0.461670
FIRE:   70 15:18:32 -1066887.375000        0.384224
FIRE:   71 15:18:32 -1066887.500000        0.326655
FIRE:   72 15:18:32 -1066887.125000        0.333907
FIRE:   73 15:18:33 -1066887.875000        0.335315
FIRE:   74 15:18:33 -1066887.375000        0.331133
FIRE:   75 15:18:33 -1066887.500000        0.361426
FIRE:   76 15:18:33 -1066887.750000        0.377521
FIRE:   77 15:18:33 -1066888.375000        0.436134
FIRE:   78 15:18:33 -1066888.125000        0.478802
FIRE:   79 15:18:33 -1066888.625000        0.485827
FIRE:   80 15:18:33 -1066888.625000        0.458470
FIRE:   81 15:18:33 -1066889.000000        0.401590
FIRE:   82 15:18:33 -1066889.250000        0.384568
FIRE:   83 15:18:33 -1066889.375000        0.418938
FIRE:   84 15:18:33 -1066889.500000        0.436216
FIRE:   85 15:18:33 -1066889.625000        0.431687
FIRE:   86 15:18:33 -1066889.500000        0.401610
FIRE:   87 15:18:33 -1066889.250000        0.347859
FIRE:   88 15:18:33 -1066889.750000        0.367513
FIRE:   89 15:18:33 -1066889.625000        0.381132
FIRE:   90 15:18:33 -1066890.000000        0.388324
FIRE:   91 15:18:34 -1066890.125000        0.388653
FIRE:   92 15:18:34 -1066889.875000        0.380327
FIRE:   93 15:18:34 -1066889.875000        0.365023
FIRE:   94 15:18:34 -1066890.000000        0.410724
FIRE:   95 15:18:34 -1066890.125000        0.467061
FIRE:   96 15:18:34 -1066890.625000        0.496670
FIRE:   97 15:18:34 -1066890.375000        0.496095
FIRE:   98 15:18:34 -1066890.375000        0.463280
FIRE:   99 15:18:34 -1066890.875000        0.401793
FIRE:  100 15:18:34 -1066890.625000        0.316892
FIRE:  101 15:18:34 -1066890.625000        0.292443
FIRE:  102 15:18:34 -1066891.125000        0.296143
FIRE:  103 15:18:34 -1066891.250000        0.331559
FIRE:  104 15:18:34 -1066891.250000        0.337845
FIRE:  105 15:18:35 -1066891.000000        0.380361
FIRE:  106 15:18:35 -1066891.500000        0.434522
FIRE:  107 15:18:35 -1066891.500000        0.468010
FIRE:  108 15:18:35 -1066891.625000        0.481020
FIRE:  109 15:18:35 -1066891.625000        0.474641
FIRE:  110 15:18:35 -1066891.750000        0.451142
FIRE:  111 15:18:35 -1066891.875000        0.414090
FIRE:  112 15:18:35 -1066892.000000        0.368523
FIRE:  113 15:18:35 -1066892.000000        0.320892
FIRE:  114 15:18:35 -1066892.125000        0.296494
FIRE:  115 15:18:35 -1066892.250000        0.313004
FIRE:  116 15:18:35 -1066891.875000        0.342503
FIRE:  117 15:18:35 -1066892.000000        0.352450
FIRE:  118 15:18:36 -1066892.500000        0.336736
FIRE:  119 15:18:36 -1066892.500000        0.356480
FIRE:  120 15:18:36 -1066892.625000        0.383107
FIRE:  121 15:18:36 -1066892.625000        0.382765
FIRE:  122 15:18:36 -1066892.750000        0.351899
FIRE:  123 15:18:36 -1066892.375000        0.299938
FIRE:  124 15:18:36 -1066892.750000        0.302379
FIRE:  125 15:18:36 -1066892.375000        0.302331
FIRE:  126 15:18:36 -1066893.000000        0.968025
FIRE:  127 15:18:36 -1066892.500000        2.971550
FIRE:  128 15:18:36 -1066892.375000        2.783846
FIRE:  129 15:18:36 -1066892.875000        2.090341
FIRE:  130 15:18:36 -1066893.125000        1.329346
FIRE:  131 15:18:36 -1066893.125000        0.324921
FIRE:  132 15:18:37 -1066893.125000        0.285230
FIRE:  133 15:18:37 -1066893.125000        0.210910
FIRE:  134 15:18:37 -1066893.250000        0.166072
FIRE:  135 15:18:37 -1066893.250000        0.166654
FIRE:  136 15:18:37 -1066893.250000        0.167809
FIRE:  137 15:18:37 -1066893.250000        0.169181
FIRE:  138 15:18:37 -1066893.250000        0.198637
FIRE:  139 15:18:37 -1066893.250000        0.180691
FIRE:  140 15:18:37 -1066893.250000        0.164428
FIRE:  141 15:18:37 -1066893.250000        0.161115
FIRE:  142 15:18:37 -1066893.250000        0.158841
FIRE:  143 15:18:37 -1066892.875000        0.157404
FIRE:  144 15:18:37 -1066893.250000        0.155693
FIRE:  145 15:18:37 -1066893.250000        0.155612
FIRE:  146 15:18:37 -1066893.250000        0.157884
FIRE:  147 15:18:37 -1066893.375000        0.153425
FIRE:  148 15:18:38 -1066893.000000        0.141955
FIRE:  149 15:18:38 -1066893.000000        0.136152
FIRE:  150 15:18:38 -1066893.500000        0.134477
FIRE:  151 15:18:38 -1066893.500000        0.137249
FIRE:  152 15:18:38 -1066893.125000        0.124368
FIRE:  153 15:18:38 -1066893.250000        0.221740
FIRE:  154 15:18:38 -1066893.250000        0.433822
FIRE:  155 15:18:38 -1066893.250000        0.906911
FIRE:  156 15:18:38 -1066893.250000        1.945938
FIRE:  157 15:18:38 -1066893.375000        0.171537
FIRE:  158 15:18:38 -1066893.375000        1.849402
FIRE:  159 15:18:38 -1066893.500000        1.376304
FIRE:  160 15:18:38 -1066893.375000        0.576688
FIRE:  161 15:18:38 -1066893.375000        0.331464
FIRE:  162 15:18:38 -1066893.500000        0.311972
FIRE:  163 15:18:39 -1066893.375000        0.274136
FIRE:  164 15:18:39 -1066893.375000        0.220425
FIRE:  165 15:18:39 -1066893.375000        0.154510
FIRE:  166 15:18:39 -1066893.375000        0.103118
FIRE:  167 15:18:39 -1066893.375000        0.102388
FIRE:  168 15:18:39 -1066893.375000        0.101645
FIRE:  169 15:18:39 -1066893.375000        0.126237
FIRE:  170 15:18:39 -1066893.375000        0.166409
FIRE:  171 15:18:39 -1066893.375000        0.178019
FIRE:  172 15:18:39 -1066893.375000        0.152915
FIRE:  173 15:18:39 -1066893.375000        0.097575
FIRE:  174 15:18:39 -1066893.375000        0.096669
FIRE:  175 15:18:39 -1066893.375000        0.095453
FIRE:  176 15:18:40 -1066893.375000        0.139531
FIRE:  177 15:18:40 -1066893.375000        0.109284
FIRE:  178 15:18:40 -1066893.500000        0.087712
FIRE:  179 15:18:40 -1066893.375000        0.110510
FIRE:  180 15:18:40 -1066893.375000        0.104092
FIRE:  181 15:18:40 -1066893.375000        0.078435
FIRE:  182 15:18:40 -1066893.500000        0.116336
FIRE:  183 15:18:40 -1066893.500000        0.079078
FIRE:  184 15:18:40 -1066893.500000        0.118069
FIRE:  185 15:18:40 -1066893.875000        0.081745
FIRE:  186 15:18:40 -1066893.875000        0.078790
FIRE:  187 15:18:40 -1066893.875000        0.111704
FIRE:  188 15:18:40 -1066894.000000        0.263520
FIRE:  189 15:18:41 -1066894.000000        0.650809
FIRE:  190 15:18:41 -1066894.000000        1.550336
FIRE:  191 15:18:41 -1066894.000000        0.083494
FIRE:  192 15:18:41 -1066893.625000        1.475293
FIRE:  193 15:18:41 -1066893.625000        1.090556
FIRE:  194 15:18:41 -1066893.625000        0.438520
FIRE:  195 15:18:41 -1066893.625000        0.300839
FIRE:  196 15:18:41 -1066893.625000        0.282457
FIRE:  197 15:18:41 -1066893.625000        0.246796
FIRE:  198 15:18:41 -1066893.625000        0.196258
FIRE:  199 15:18:41 -1066893.625000        0.134388
FIRE:  200 15:18:41 -1066893.625000        0.080000
FIRE:  201 15:18:42 -1066893.625000        0.080028
FIRE:  202 15:18:42 -1066893.625000        0.080053
FIRE:  203 15:18:42 -1066893.625000        0.122510
FIRE:  204 15:18:42 -1066893.625000        0.156265
FIRE:  205 15:18:42 -1066893.625000        0.162899
FIRE:  206 15:18:42 -1066893.625000        0.135631
FIRE:  207 15:18:42 -1066893.625000        0.080114
FIRE:  208 15:18:42 -1066893.625000        0.080111
FIRE:  209 15:18:42 -1066893.875000        0.092690
FIRE:  210 15:18:42 -1066894.000000        0.126586
FIRE:  211 15:18:42 -1066894.000000        0.090226
FIRE:  212 15:18:42 -1066893.625000        0.080379
FIRE:  213 15:18:42 -1066894.000000        0.107135
FIRE:  214 15:18:42 -1066893.625000        0.089778
FIRE:  215 15:18:43 -1066893.625000        0.080906
FIRE:  216 15:18:43 -1066893.750000        0.102044
FIRE:  217 15:18:43 -1066893.750000        0.081765
FIRE:  218 15:18:43 -1066893.750000        0.102788
FIRE:  219 15:18:43 -1066893.750000        0.085951
FIRE:  220 15:18:43 -1066893.750000        0.084015
FIRE:  221 15:18:43 -1066893.750000        0.085033
FIRE:  222 15:18:43 -1066893.750000        0.176434
FIRE:  223 15:18:43 -1066893.875000        0.532128
FIRE:  224 15:18:43 -1066893.875000        1.413969
FIRE:  225 15:18:43 -1066893.875000        0.086690
FIRE:  226 15:18:43 -1066893.875000        1.356730
FIRE:  227 15:18:44 -1066893.875000        0.992644
FIRE:  228 15:18:44 -1066893.875000        0.378514
FIRE:  229 15:18:44 -1066893.875000        0.311265
FIRE:  230 15:18:44 -1066893.875000        0.291444
FIRE:  231 15:18:44 -1066893.875000        0.252948
FIRE:  232 15:18:44 -1066893.875000        0.198481
FIRE:  233 15:18:44 -1066893.875000        0.131935
FIRE:  234 15:18:44 -1066893.875000        0.086425
FIRE:  235 15:18:44 -1066893.875000        0.086438
FIRE:  236 15:18:44 -1066893.875000        0.086443
FIRE:  237 15:18:44 -1066893.875000        0.138095
FIRE:  238 15:18:44 -1066893.875000        0.170497
FIRE:  239 15:18:44 -1066893.875000        0.173272
FIRE:  240 15:18:45 -1066893.875000        0.140093
FIRE:  241 15:18:45 -1066893.875000        0.086372
FIRE:  242 15:18:45 -1066893.875000        0.086331
FIRE:  243 15:18:45 -1066893.875000        0.101738
FIRE:  244 15:18:45 -1066893.875000        0.129781
FIRE:  245 15:18:45 -1066893.875000        0.086211
FIRE:  246 15:18:45 -1066893.875000        0.086172
FIRE:  247 15:18:45 -1066893.875000        0.119544
FIRE:  248 15:18:45 -1066893.875000        0.088046
FIRE:  249 15:18:45 -1066893.875000        0.085810
FIRE:  250 15:18:45 -1066893.875000        0.099669
FIRE:  251 15:18:45 -1066893.875000        0.089406
FIRE:  252 15:18:45 -1066893.875000        0.099190
FIRE:  253 15:18:46 -1066893.875000        0.101110
FIRE:  254 15:18:46 -1066894.000000        0.098307
FIRE:  255 15:18:46 -1066894.375000        0.102046
FIRE:  256 15:18:46 -1066894.375000        0.105567
FIRE:  257 15:18:46 -1066894.375000        0.302160
FIRE:  258 15:18:46 -1066894.375000        0.911738
FIRE:  259 15:18:46 -1066894.375000        0.116245
FIRE:  260 15:18:46 -1066894.375000        0.116212
FIRE:  261 15:18:46 -1066894.375000        0.116162
FIRE:  262 15:18:46 -1066894.375000        0.116104
FIRE:  263 15:18:46 -1066894.375000        0.116059
FIRE:  264 15:18:46 -1066894.375000        0.116041
FIRE:  265 15:18:46 -1066894.375000        0.116045
FIRE:  266 15:18:46 -1066894.375000        0.116082
FIRE:  267 15:18:47 -1066894.375000        0.116141
FIRE:  268 15:18:47 -1066894.375000        0.116238
FIRE:  269 15:18:47 -1066894.375000        0.116416
FIRE:  270 15:18:47 -1066894.500000        0.116808
FIRE:  271 15:18:47 -1066894.125000        0.117574
FIRE:  272 15:18:47 -1066894.125000        0.118828
FIRE:  273 15:18:47 -1066894.125000        0.120430
FIRE:  274 15:18:47 -1066894.125000        0.122058
FIRE:  275 15:18:47 -1066894.125000        0.123794
FIRE:  276 15:18:47 -1066894.125000        0.125666
FIRE:  277 15:18:47 -1066894.500000        0.126800
FIRE:  278 15:18:47 -1066894.125000        0.126850
FIRE:  279 15:18:47 -1066894.125000        0.124012
FIRE:  280 15:18:48 -1066894.500000        0.285697
FIRE:  281 15:18:48 -1066894.500000        1.141831
FIRE:  282 15:18:48 -1066894.500000        0.163365
FIRE:  283 15:18:48 -1066894.500000        0.119991
FIRE:  284 15:18:48 -1066894.625000        0.109684
FIRE:  285 15:18:48 -1066894.625000        0.109349
FIRE:  286 15:18:48 -1066894.625000        0.109024
FIRE:  287 15:18:48 -1066894.500000        0.108741
FIRE:  288 15:18:48 -1066894.500000        0.108484
FIRE:  289 15:18:48 -1066894.500000        0.108192
FIRE:  290 15:18:48 -1066894.500000        0.107722
FIRE:  291 15:18:48 -1066894.625000        0.106972
FIRE:  292 15:18:48 -1066894.500000        0.105953
FIRE:  293 15:18:49 -1066894.625000        0.104880
FIRE:  294 15:18:49 -1066894.625000        0.104130
FIRE:  295 15:18:49 -1066894.625000        0.103741
FIRE:  296 15:18:49 -1066894.500000        0.102916
FIRE:  297 15:18:49 -1066894.625000        0.100726
FIRE:  298 15:18:49 -1066894.500000        0.097853
FIRE:  299 15:18:49 -1066894.750000        0.108365
FIRE:  300 15:18:49 -1066894.625000        0.125197
FIRE:  301 15:18:49 -1066894.625000        0.258626
FIRE:  302 15:18:49 -1066894.625000        0.563636
FIRE:  303 15:18:49 -1066894.750000        1.563142
FIRE:  304 15:18:49 -1066894.625000        0.136180
FIRE:  305 15:18:49 -1066894.625000        0.106696
FIRE:  306 15:18:50 -1066894.625000        0.068438
FIRE:  307 15:18:50 -1066894.625000        0.068498
FIRE:  308 15:18:50 -1066894.625000        0.094912
FIRE:  309 15:18:50 -1066894.750000        0.112835
FIRE:  310 15:18:50 -1066894.750000        0.090277
FIRE:  311 15:18:50 -1066894.750000        0.068266
FIRE:  312 15:18:50 -1066894.625000        0.068320
FIRE:  313 15:18:50 -1066894.750000        0.073304
FIRE:  314 15:18:50 -1066894.750000        0.068975
FIRE:  315 15:18:50 -1066894.750000        0.069464
FIRE:  316 15:18:50 -1066894.875000        0.085865
FIRE:  317 15:18:50 -1066894.750000        0.069778
FIRE:  318 15:18:50 -1066894.875000        0.070402
FIRE:  319 15:18:51 -1066894.750000        0.071949
FIRE:  320 15:18:51 -1066894.750000        0.093609
FIRE:  321 15:18:51 -1066894.750000        0.073811
FIRE:  322 15:18:51 -1066894.750000        0.076326
FIRE:  323 15:18:51 -1066894.875000        0.076878
FIRE:  324 15:18:51 -1066894.750000        0.080059
FIRE:  325 15:18:51 -1066895.000000        0.182518
FIRE:  326 15:18:51 -1066895.000000        0.685093
FIRE:  327 15:18:51 -1066895.000000        0.082674
FIRE:  328 15:18:51 -1066895.000000        0.082454
FIRE:  329 15:18:51 -1066895.000000        0.082102
FIRE:  330 15:18:51 -1066895.000000        0.081751
FIRE:  331 15:18:51 -1066895.000000        0.081484
FIRE:  332 15:18:51 -1066895.000000        0.081352
FIRE:  333 15:18:52 -1066895.000000        0.081353
FIRE:  334 15:18:52 -1066895.000000        0.081475
FIRE:  335 15:18:52 -1066895.000000        0.081696
FIRE:  336 15:18:52 -1066895.000000        0.081872
FIRE:  337 15:18:52 -1066895.000000        0.081781
FIRE:  338 15:18:52 -1066895.000000        0.081529
FIRE:  339 15:18:52 -1066895.000000        0.081376
FIRE:  340 15:18:52 -1066895.000000        0.081622
FIRE:  341 15:18:52 -1066895.000000        0.082177
FIRE:  342 15:18:52 -1066895.000000        0.082308
FIRE:  343 15:18:52 -1066895.000000        0.082162
FIRE:  344 15:18:52 -1066895.000000        0.082506
FIRE:  345 15:18:52 -1066895.000000        0.081744
FIRE:  346 15:18:53 -1066895.125000        0.121036
FIRE:  347 15:18:53 -1066895.125000        0.316249
FIRE:  348 15:18:53 -1066895.125000        0.945037
FIRE:  349 15:18:53 -1066895.125000        0.077330
FIRE:  350 15:18:53 -1066895.125000        0.860739
FIRE:  351 15:18:53 -1066895.125000        0.633020
FIRE:  352 15:18:53 -1066895.125000        0.241885
FIRE:  353 15:18:53 -1066895.125000        0.203381
FIRE:  354 15:18:53 -1066895.125000        0.190907
FIRE:  355 15:18:53 -1066895.125000        0.166749
FIRE:  356 15:18:53 -1066895.125000        0.132565
FIRE:  357 15:18:53 -1066895.125000        0.091063
FIRE:  358 15:18:53 -1066895.125000        0.077717
FIRE:  359 15:18:54 -1066895.125000        0.077761
FIRE:  360 15:18:54 -1066895.125000        0.077865
FIRE:  361 15:18:54 -1066895.125000        0.078011
FIRE:  362 15:18:54 -1066895.125000        0.096448
FIRE:  363 15:18:54 -1066895.125000        0.098038
FIRE:  364 15:18:54 -1066895.125000        0.078308
FIRE:  365 15:18:54 -1066895.125000        0.078358
FIRE:  366 15:18:54 -1066895.125000        0.078499
FIRE:  367 15:18:54 -1066895.125000        0.078759
FIRE:  368 15:18:54 -1066895.125000        0.089134
FIRE:  369 15:18:54 -1066895.125000        0.079435
FIRE:  370 15:18:54 -1066895.125000        0.080004
FIRE:  371 15:18:54 -1066895.125000        0.080812
FIRE:  372 15:18:55 -1066895.125000        0.081611
FIRE:  373 15:18:55 -1066895.125000        0.082568
FIRE:  374 15:18:55 -1066895.125000        0.083900
FIRE:  375 15:18:55 -1066895.125000        0.085726
FIRE:  376 15:18:55 -1066895.250000        0.087813
FIRE:  377 15:18:55 -1066895.125000        0.089932
FIRE:  378 15:18:55 -1066895.375000        0.092698
FIRE:  379 15:18:55 -1066895.375000        0.095765
FIRE:  380 15:18:55 -1066895.375000        0.124702
FIRE:  381 15:18:55 -1066895.375000        0.350617
FIRE:  382 15:18:55 -1066895.375000        1.290542
FIRE:  383 15:18:55 -1066895.500000        0.143108
FIRE:  384 15:18:55 -1066895.625000        0.142767
FIRE:  385 15:18:56 -1066895.500000        0.142165
FIRE:  386 15:18:56 -1066895.625000        0.141376
FIRE:  387 15:18:56 -1066895.625000        0.140529
FIRE:  388 15:18:56 -1066895.500000        0.139651
FIRE:  389 15:18:56 -1066895.500000        0.138738
FIRE:  390 15:18:56 -1066895.500000        0.137653
FIRE:  391 15:18:56 -1066895.500000        0.135960
FIRE:  392 15:18:56 -1066895.500000        0.133116
FIRE:  393 15:18:56 -1066895.500000        0.128253
FIRE:  394 15:18:56 -1066895.625000        0.120540
FIRE:  395 15:18:56 -1066895.500000        0.109107
FIRE:  396 15:18:56 -1066895.500000        0.109841
FIRE:  397 15:18:56 -1066895.500000        0.110744
FIRE:  398 15:18:56 -1066895.625000        0.111563
FIRE:  399 15:18:57 -1066895.500000        0.111962
FIRE:  400 15:18:57 -1066895.625000        0.111264
FIRE:  401 15:18:57 -1066895.500000        0.108754
FIRE:  402 15:18:57 -1066895.625000        0.103814
FIRE:  403 15:18:57 -1066895.750000        0.271620
FIRE:  404 15:18:57 -1066895.750000        0.826230
FIRE:  405 15:18:57 -1066895.625000        2.711684
FIRE:  406 15:18:57 -1066895.750000        0.598227
FIRE:  407 15:18:57 -1066895.750000        0.429640
FIRE:  408 15:18:57 -1066895.750000        0.137617
FIRE:  409 15:18:57 -1066895.750000        0.200708
FIRE:  410 15:18:57 -1066895.750000        0.186688
FIRE:  411 15:18:57 -1066895.750000        0.159694
FIRE:  412 15:18:58 -1066895.750000        0.122094
FIRE:  413 15:18:58 -1066895.750000        0.077214
FIRE:  414 15:18:58 -1066895.750000        0.071576
FIRE:  415 15:18:58 -1066895.750000        0.071384
FIRE:  416 15:18:58 -1066895.750000        0.071152
FIRE:  417 15:18:58 -1066895.750000        0.081602
FIRE:  418 15:18:58 -1066895.750000        0.093708
FIRE:  419 15:18:58 -1066895.750000        0.084714
FIRE:  420 15:18:58 -1066895.750000        0.069280
FIRE:  421 15:18:58 -1066895.750000        0.068530
FIRE:  422 15:18:58 -1066895.750000        0.067700
FIRE:  423 15:18:58 -1066895.750000        0.087022
FIRE:  424 15:18:58 -1066895.750000        0.073464
FIRE:  425 15:18:59 -1066895.750000        0.064882
FIRE:  426 15:18:59 -1066895.750000        0.063887
FIRE:  427 15:18:59 -1066895.750000        0.062841
FIRE:  428 15:18:59 -1066895.750000        0.061745
FIRE:  429 15:18:59 -1066895.750000        0.075847
FIRE:  430 15:18:59 -1066895.750000        0.059626
FIRE:  431 15:18:59 -1066895.750000        0.060757
FIRE:  432 15:18:59 -1066895.750000        0.056271
FIRE:  433 15:18:59 -1066895.750000        0.053554
FIRE:  434 15:18:59 -1066895.750000        0.056154
FIRE:  435 15:18:59 -1066895.875000        0.171746
FIRE:  436 15:18:59 -1066895.875000        0.445411
FIRE:  437 15:18:59 -1066895.875000        1.223996
FIRE:  438 15:18:59 -1066895.875000        0.047740
