      Step     Time          Energy          fmax
FIRE:    0 16:20:48 -1088096.375000        4.627638
FIRE:    1 16:20:49 -1088098.000000        1.687743
FIRE:    2 16:20:50 -1088096.250000        4.778097
FIRE:    3 16:20:50 -1088098.250000        3.367390
FIRE:    4 16:20:50 -1088098.500000        1.716697
FIRE:    5 16:20:51 -1088098.500000        1.626746
FIRE:    6 16:20:51 -1088099.625000        2.520845
FIRE:    7 16:20:51 -1088099.250000        2.333967
FIRE:    8 16:20:51 -1088098.625000        1.972964
FIRE:    9 16:20:51 -1088099.375000        1.591802
FIRE:   10 16:20:51 -1088098.750000        1.613876
FIRE:   11 16:20:51 -1088098.875000        1.637977
FIRE:   12 16:20:51 -1088098.875000        1.650722
FIRE:   13 16:20:51 -1088099.000000        1.615767
FIRE:   14 16:20:51 -1088099.000000        1.575655
FIRE:   15 16:20:51 -1088099.125000        1.722374
FIRE:   16 16:20:51 -1088100.125000        1.566892
FIRE:   17 16:20:51 -1088099.250000        1.373093
FIRE:   18 16:20:51 -1088100.125000        1.288553
FIRE:   19 16:20:51 -1088099.500000        1.189942
FIRE:   20 16:20:51 -1088101.000000        1.120998
FIRE:   21 16:20:51 -1088100.125000        1.079138
FIRE:   22 16:20:51 -1088100.625000        1.010239
FIRE:   23 16:20:53 -1088100.250000        1.085175
FIRE:   24 16:20:53 -1088098.750000        1.224924
FIRE:   25 16:20:53 -1088101.250000        1.297086
FIRE:   26 16:20:53 -1088100.875000        1.417943
FIRE:   27 16:20:53 -1088101.250000        0.965862
FIRE:   28 16:20:53 -1088101.500000        0.871331
FIRE:   29 16:20:53 -1088101.625000        0.861694
FIRE:   30 16:20:53 -1088101.750000        0.957485
FIRE:   31 16:20:53 -1088101.875000        0.948070
FIRE:   32 16:20:54 -1088102.250000        0.767589
FIRE:   33 16:20:54 -1088100.500000        0.792598
FIRE:   34 16:20:54 -1088102.500000        0.943518
FIRE:   35 16:20:55 -1088102.500000        1.411095
FIRE:   36 16:20:55 -1088102.750000        2.437440
FIRE:   37 16:20:55 -1088102.875000        2.233933
FIRE:   38 16:20:55 -1088102.750000        1.293758
FIRE:   39 16:20:55 -1088102.625000        0.591454
FIRE:   40 16:20:55 -1088102.750000        0.587702
FIRE:   41 16:20:55 -1088102.625000        0.580280
FIRE:   42 16:20:55 -1088102.750000        0.569214
FIRE:   43 16:20:55 -1088102.875000        0.554635
FIRE:   44 16:20:55 -1088102.750000        0.536721
FIRE:   45 16:20:55 -1088102.875000        0.515695
FIRE:   46 16:20:55 -1088102.875000        0.491814
FIRE:   47 16:20:55 -1088102.875000        0.462334
FIRE:   48 16:20:55 -1088102.875000        0.426117
FIRE:   49 16:20:55 -1088102.875000        0.381536
FIRE:   50 16:20:56 -1088103.000000        0.326469
FIRE:   51 16:20:56 -1088102.875000        0.260206
FIRE:   52 16:20:56 -1088102.875000        0.228886
FIRE:   53 16:20:56 -1088102.875000        0.204985
FIRE:   54 16:20:56 -1088103.125000        0.194561
FIRE:   55 16:20:56 -1088103.000000        0.187166
FIRE:   56 16:20:56 -1088103.000000        0.270050
FIRE:   57 16:20:56 -1088102.875000        0.357607
FIRE:   58 16:20:56 -1088103.125000        0.396984
FIRE:   59 16:20:56 -1088103.125000        0.374667
FIRE:   60 16:20:56 -1088103.125000        0.307904
FIRE:   61 16:20:56 -1088103.250000        0.233362
FIRE:   62 16:20:56 -1088103.250000        0.398051
FIRE:   63 16:20:56 -1088103.000000        0.892270
FIRE:   64 16:20:57 -1088103.125000        2.216984
FIRE:   65 16:20:57 -1088103.250000        0.172934
FIRE:   66 16:20:57 -1088103.125000        1.772438
FIRE:   67 16:20:57 -1088103.125000        1.402277
FIRE:   68 16:20:57 -1088103.250000        0.715216
FIRE:   69 16:20:57 -1088103.125000        0.185670
FIRE:   70 16:20:57 -1088103.125000        0.176284
FIRE:   71 16:20:57 -1088103.125000        0.162612
FIRE:   72 16:20:57 -1088103.125000        0.148701
FIRE:   73 16:20:57 -1088103.125000        0.147767
FIRE:   74 16:20:57 -1088103.250000        0.146600
FIRE:   75 16:20:57 -1088103.125000        0.145213
FIRE:   76 16:20:57 -1088103.125000        0.143597
FIRE:   77 16:20:57 -1088103.125000        0.143106
FIRE:   78 16:20:58 -1088103.125000        0.143281
FIRE:   79 16:20:58 -1088103.125000        0.143486
FIRE:   80 16:20:58 -1088103.125000        0.143725
FIRE:   81 16:20:58 -1088103.125000        0.143994
FIRE:   82 16:20:58 -1088103.250000        0.144314
FIRE:   83 16:20:58 -1088103.250000        0.144694
FIRE:   84 16:20:58 -1088103.250000        0.145160
FIRE:   85 16:20:58 -1088103.250000        0.145700
FIRE:   86 16:20:58 -1088103.375000        0.146385
FIRE:   87 16:20:58 -1088103.250000        0.147173
FIRE:   88 16:20:58 -1088103.250000        0.147882
FIRE:   89 16:20:58 -1088103.250000        0.148463
FIRE:   90 16:20:58 -1088103.250000        0.148936
FIRE:   91 16:20:58 -1088103.250000        0.149351
FIRE:   92 16:20:59 -1088103.500000        0.149590
FIRE:   93 16:20:59 -1088103.750000        0.149712
FIRE:   94 16:20:59 -1088103.750000        0.150362
FIRE:   95 16:20:59 -1088103.875000        0.152733
FIRE:   96 16:20:59 -1088103.500000        0.162316
FIRE:   97 16:20:59 -1088103.500000        0.436081
FIRE:   98 16:20:59 -1088103.625000        1.370706
FIRE:   99 16:20:59 -1088103.500000        3.714711
FIRE:  100 16:20:59 -1088103.625000        0.195977
FIRE:  101 16:20:59 -1088103.625000        0.166436
FIRE:  102 16:20:59 -1088103.625000        0.166099
FIRE:  103 16:20:59 -1088103.625000        0.165586
FIRE:  104 16:20:59 -1088103.625000        0.165264
FIRE:  105 16:20:59 -1088103.625000        0.165072
FIRE:  106 16:21:00 -1088103.625000        0.164888
FIRE:  107 16:21:00 -1088103.625000        0.164780
FIRE:  108 16:21:00 -1088103.625000        0.164798
FIRE:  109 16:21:00 -1088103.750000        0.165045
FIRE:  110 16:21:00 -1088103.750000        0.165585
FIRE:  111 16:21:00 -1088103.750000        0.166376
FIRE:  112 16:21:00 -1088103.750000        0.167250
FIRE:  113 16:21:00 -1088103.750000        0.168158
FIRE:  114 16:21:00 -1088103.750000        0.169294
FIRE:  115 16:21:00 -1088103.750000        0.170665
FIRE:  116 16:21:00 -1088103.750000        0.171560
FIRE:  117 16:21:00 -1088103.875000        0.171481
FIRE:  118 16:21:00 -1088103.875000        0.170820
FIRE:  119 16:21:00 -1088103.875000        0.374210
FIRE:  120 16:21:01 -1088104.500000        0.911619
FIRE:  121 16:21:01 -1088104.500000        2.678064
FIRE:  122 16:21:01 -1088104.250000        0.347606
FIRE:  123 16:21:01 -1088104.750000        0.255822
FIRE:  124 16:21:01 -1088104.250000        0.171473
FIRE:  125 16:21:01 -1088104.375000        0.161376
FIRE:  126 16:21:01 -1088104.250000        0.232658
FIRE:  127 16:21:01 -1088104.250000        0.277766
FIRE:  128 16:21:01 -1088104.625000        0.218918
FIRE:  129 16:21:01 -1088104.000000        0.137103
FIRE:  130 16:21:01 -1088103.875000        0.135742
FIRE:  131 16:21:01 -1088104.000000        0.194346
FIRE:  132 16:21:01 -1088104.000000        0.148456
FIRE:  133 16:21:01 -1088104.125000        0.129003
FIRE:  134 16:21:02 -1088104.125000        0.198553
FIRE:  135 16:21:02 -1088104.125000        0.122397
FIRE:  136 16:21:02 -1088104.125000        0.148105
FIRE:  137 16:21:02 -1088104.000000        0.112718
FIRE:  138 16:21:02 -1088104.750000        0.216747
FIRE:  139 16:21:02 -1088104.625000        0.101090
FIRE:  140 16:21:02 -1088104.250000        0.102512
FIRE:  141 16:21:02 -1088104.375000        0.195360
FIRE:  142 16:21:02 -1088104.375000        0.519368
FIRE:  143 16:21:02 -1088104.625000        1.506920
FIRE:  144 16:21:02 -1088104.625000        0.110647
FIRE:  145 16:21:02 -1088104.500000        1.210373
FIRE:  146 16:21:02 -1088104.625000        0.943286
FIRE:  147 16:21:02 -1088104.625000        0.454720
FIRE:  148 16:21:03 -1088104.625000        0.158950
FIRE:  149 16:21:03 -1088104.625000        0.150459
FIRE:  150 16:21:03 -1088104.625000        0.133945
FIRE:  151 16:21:03 -1088104.750000        0.110740
FIRE:  152 16:21:03 -1088104.625000        0.104424
FIRE:  153 16:21:03 -1088104.750000        0.104118
FIRE:  154 16:21:03 -1088104.625000        0.103742
FIRE:  155 16:21:03 -1088104.625000        0.103321
FIRE:  156 16:21:03 -1088104.625000        0.102783
FIRE:  157 16:21:03 -1088104.750000        0.102149
FIRE:  158 16:21:03 -1088104.625000        0.101372
FIRE:  159 16:21:03 -1088104.625000        0.100460
FIRE:  160 16:21:03 -1088104.625000        0.099390
FIRE:  161 16:21:03 -1088104.750000        0.098172
FIRE:  162 16:21:03 -1088104.625000        0.096816
FIRE:  163 16:21:04 -1088104.625000        0.095308
FIRE:  164 16:21:04 -1088104.625000        0.093698
FIRE:  165 16:21:04 -1088104.750000        0.092038
FIRE:  166 16:21:04 -1088104.625000        0.090374
FIRE:  167 16:21:04 -1088104.750000        0.088776
FIRE:  168 16:21:04 -1088104.625000        0.087256
FIRE:  169 16:21:04 -1088104.750000        0.085885
FIRE:  170 16:21:04 -1088104.750000        0.084691
FIRE:  171 16:21:04 -1088104.750000        0.083795
FIRE:  172 16:21:04 -1088104.750000        0.083117
FIRE:  173 16:21:04 -1088104.625000        0.082383
FIRE:  174 16:21:04 -1088104.625000        0.081112
FIRE:  175 16:21:04 -1088104.625000        0.119770
FIRE:  176 16:21:04 -1088104.625000        0.320890
FIRE:  177 16:21:05 -1088104.875000        1.095476
FIRE:  178 16:21:05 -1088104.750000        0.068016
FIRE:  179 16:21:05 -1088104.750000        0.900538
FIRE:  180 16:21:05 -1088104.750000        0.689987
FIRE:  181 16:21:05 -1088104.750000        0.309943
FIRE:  182 16:21:05 -1088104.625000        0.156498
FIRE:  183 16:21:05 -1088104.750000        0.147849
FIRE:  184 16:21:05 -1088104.750000        0.131054
FIRE:  185 16:21:05 -1088104.750000        0.107467
FIRE:  186 16:21:05 -1088104.750000        0.078909
FIRE:  187 16:21:05 -1088104.750000        0.068107
FIRE:  188 16:21:05 -1088104.875000        0.068311
FIRE:  189 16:21:05 -1088104.750000        0.068492
FIRE:  190 16:21:05 -1088104.750000        0.068672
FIRE:  191 16:21:06 -1088104.750000        0.075694
FIRE:  192 16:21:06 -1088104.750000        0.078601
FIRE:  193 16:21:06 -1088104.750000        0.068879
FIRE:  194 16:21:06 -1088104.750000        0.068781
FIRE:  195 16:21:06 -1088104.875000        0.068621
FIRE:  196 16:21:06 -1088104.750000        0.068468
FIRE:  197 16:21:06 -1088104.750000        0.071710
FIRE:  198 16:21:06 -1088104.750000        0.068545
FIRE:  199 16:21:06 -1088104.875000        0.068812
FIRE:  200 16:21:06 -1088104.750000        0.068986
FIRE:  201 16:21:06 -1088104.750000        0.068798
FIRE:  202 16:21:06 -1088104.750000        0.068159
FIRE:  203 16:21:06 -1088104.750000        0.067374
FIRE:  204 16:21:06 -1088104.750000        0.066670
FIRE:  205 16:21:07 -1088104.875000        0.065146
FIRE:  206 16:21:07 -1088103.000000        0.063351
FIRE:  207 16:21:07 -1088102.875000        0.059149
FIRE:  208 16:21:07 -1088103.000000        0.055561
FIRE:  209 16:21:07 -1088103.000000        0.052087
FIRE:  210 16:21:07 -1088103.000000        0.139257
FIRE:  211 16:21:07 -1088103.000000        0.591190
FIRE:  212 16:21:07 -1088103.000000        1.926553
FIRE:  213 16:21:07 -1088103.000000        0.227913
FIRE:  214 16:21:07 -1088103.000000        0.161749
FIRE:  215 16:21:07 -1088103.000000        0.073550
FIRE:  216 16:21:07 -1088103.000000        0.074714
FIRE:  217 16:21:07 -1088103.000000        0.143452
FIRE:  218 16:21:07 -1088103.000000        0.154408
FIRE:  219 16:21:08 -1088103.000000        0.103968
FIRE:  220 16:21:08 -1088103.000000        0.087872
FIRE:  221 16:21:08 -1088103.000000        0.093691
FIRE:  222 16:21:08 -1088103.000000        0.129249
FIRE:  223 16:21:08 -1088103.000000        0.108966
FIRE:  224 16:21:08 -1088103.000000        0.119257
FIRE:  225 16:21:08 -1088103.000000        0.132765
FIRE:  226 16:21:08 -1088103.000000        0.133384
FIRE:  227 16:21:08 -1088103.000000        0.140384
FIRE:  228 16:21:08 -1088103.000000        0.150579
FIRE:  229 16:21:08 -1088103.000000        0.155935
FIRE:  230 16:21:08 -1088103.125000        0.146965
FIRE:  231 16:21:08 -1088103.125000        0.103143
FIRE:  232 16:21:08 -1088103.125000        0.130526
FIRE:  233 16:21:09 -1088103.125000        0.329832
FIRE:  234 16:21:09 -1088103.125000        1.165663
FIRE:  235 16:21:09 -1088103.125000        0.177108
FIRE:  236 16:21:09 -1088103.125000        0.174188
FIRE:  237 16:21:09 -1088103.125000        0.168411
FIRE:  238 16:21:09 -1088103.125000        0.159883
FIRE:  239 16:21:09 -1088103.125000        0.148974
FIRE:  240 16:21:09 -1088103.125000        0.136440
FIRE:  241 16:21:09 -1088103.125000        0.123158
FIRE:  242 16:21:09 -1088103.125000        0.110005
FIRE:  243 16:21:09 -1088103.125000        0.096512
FIRE:  244 16:21:09 -1088103.125000        0.085688
FIRE:  245 16:21:09 -1088103.125000        0.072145
FIRE:  246 16:21:09 -1088103.125000        0.061194
FIRE:  247 16:21:10 -1088103.125000        0.093125
FIRE:  248 16:21:10 -1088103.125000        0.047611
