      Step     Time          Energy          fmax
FIRE:    0 03:13:20  -266085.406250        7.174283
FIRE:    1 03:13:20  -266090.062500        7.072161
FIRE:    2 03:13:22  -266093.093750        6.643363
FIRE:    3 03:13:22  -266096.500000        5.782207
FIRE:    4 03:13:22  -266099.406250        4.820002
FIRE:    5 03:13:23  -266101.406250        3.677991
FIRE:    6 03:13:23  -266102.437500        2.477399
FIRE:    7 03:13:23  -266102.437500        4.955144
FIRE:    8 03:13:23  -266102.843750        3.709040
FIRE:    9 03:13:23  -266103.437500        2.638189
FIRE:   10 03:13:23  -266103.812500        1.507837
FIRE:   11 03:13:23  -266104.093750        1.609588
FIRE:   12 03:13:23  -266104.281250        2.344410
FIRE:   13 03:13:23  -266104.500000        2.618538
FIRE:   14 03:13:23  -266104.812500        2.482160
FIRE:   15 03:13:23  -266105.531250        2.211888
FIRE:   16 03:13:23  -266106.312500        1.657770
FIRE:   17 03:13:23  -266106.781250        1.248975
FIRE:   18 03:13:24  -266107.312500        1.521725
FIRE:   19 03:13:26  -266107.781250        2.631956
FIRE:   20 03:13:26  -266108.375000        2.089621
FIRE:   21 03:13:26  -266109.000000        0.598011
FIRE:   22 03:13:26  -266109.406250        0.973192
FIRE:   23 03:13:26  -266109.750000        1.273824
FIRE:   24 03:13:26  -266109.937500        1.154521
FIRE:   25 03:13:26  -266110.343750        0.563716
FIRE:   26 03:13:26  -266110.625000        1.080505
FIRE:   27 03:13:26  -266111.093750        1.153930
FIRE:   28 03:13:26  -266111.500000        0.513661
FIRE:   29 03:13:26  -266111.718750        0.694534
FIRE:   30 03:13:26  -266112.062500        0.870728
FIRE:   31 03:13:27  -266112.437500        0.647511
FIRE:   32 03:13:27  -266112.718750        0.707480
FIRE:   33 03:13:27  -266113.031250        0.971389
FIRE:   34 03:13:27  -266113.343750        0.899321
FIRE:   35 03:13:27  -266113.500000        1.032176
FIRE:   36 03:13:27  -266113.781250        0.961475
FIRE:   37 03:13:27  -266114.281250        1.344066
FIRE:   38 03:13:27  -266114.625000        1.459409
FIRE:   39 03:13:27  -266115.093750        1.545509
FIRE:   40 03:13:27  -266115.468750        1.578856
FIRE:   41 03:13:27  -266115.968750        1.565629
FIRE:   42 03:13:27  -266116.312500        0.686939
FIRE:   43 03:13:27  -266116.406250        2.581377
FIRE:   44 03:13:27  -266116.375000        3.271908
FIRE:   45 03:13:27  -266115.593750        5.729397
FIRE:   46 03:13:27  -266116.125000        4.403437
FIRE:   47 03:13:27  -266116.437500        2.901597
FIRE:   48 03:13:27  -266116.625000        1.019901
FIRE:   49 03:13:27  -266116.468750        3.224089
FIRE:   50 03:13:27  -266116.562500        2.807535
FIRE:   51 03:13:28  -266116.625000        2.053719
FIRE:   52 03:13:28  -266116.406250        1.098861
FIRE:   53 03:13:28  -266116.718750        0.330300
FIRE:   54 03:13:28  -266116.656250        0.783446
FIRE:   55 03:13:28  -266116.718750        0.761930
FIRE:   56 03:13:28  -266116.625000        0.719388
FIRE:   57 03:13:28  -266116.656250        0.662272
FIRE:   58 03:13:28  -266116.718750        0.592440
FIRE:   59 03:13:28  -266116.656250        0.508560
FIRE:   60 03:13:28  -266116.437500        0.413146
FIRE:   61 03:13:28  -266116.687500        0.309795
FIRE:   62 03:13:28  -266116.656250        0.268103
FIRE:   63 03:13:28  -266116.718750        0.265165
FIRE:   64 03:13:28  -266116.687500        0.261712
FIRE:   65 03:13:28  -266116.656250        0.327027
FIRE:   66 03:13:28  -266116.718750        0.421937
FIRE:   67 03:13:28  -266116.656250        0.458996
FIRE:   68 03:13:29  -266116.656250        0.421544
FIRE:   69 03:13:29  -266116.531250        0.302025
FIRE:   70 03:13:29  -266116.718750        0.251313
FIRE:   71 03:13:29  -266116.718750        0.256241
FIRE:   72 03:13:29  -266116.843750        0.276526
FIRE:   73 03:13:29  -266116.906250        0.296363
FIRE:   74 03:13:29  -266116.906250        0.268940
FIRE:   75 03:13:29  -266116.937500        0.261859
FIRE:   76 03:13:29  -266116.968750        0.302827
FIRE:   77 03:13:29  -266117.000000        0.232068
FIRE:   78 03:13:29  -266117.031250        0.231128
FIRE:   79 03:13:29  -266117.093750        0.251202
FIRE:   80 03:13:29  -266117.031250        0.227078
FIRE:   81 03:13:29  -266117.093750        0.275286
FIRE:   82 03:13:29  -266117.000000        0.247563
FIRE:   83 03:13:29  -266117.125000        0.300580
FIRE:   84 03:13:29  -266117.500000        0.426965
FIRE:   85 03:13:30  -266117.562500        0.535943
FIRE:   86 03:13:30  -266117.781250        1.195572
FIRE:   87 03:13:30  -266117.906250        2.373250
FIRE:   88 03:13:30  -266117.812500        0.381650
FIRE:   89 03:13:30  -266117.968750        2.381018
FIRE:   90 03:13:30  -266118.093750        1.725292
FIRE:   91 03:13:30  -266118.125000        0.652224
FIRE:   92 03:13:30  -266118.125000        0.488290
FIRE:   93 03:13:30  -266118.125000        0.458347
FIRE:   94 03:13:30  -266118.156250        0.400254
FIRE:   95 03:13:30  -266118.125000        0.387102
FIRE:   96 03:13:30  -266118.156250        0.387269
FIRE:   97 03:13:30  -266118.125000        0.387506
FIRE:   98 03:13:30  -266118.093750        0.387836
FIRE:   99 03:13:30  -266118.125000        0.388271
FIRE:  100 03:13:30  -266118.125000        0.388895
FIRE:  101 03:13:30  -266118.156250        0.389763
FIRE:  102 03:13:30  -266118.187500        0.390943
FIRE:  103 03:13:31  -266118.156250        0.392501
FIRE:  104 03:13:31  -266118.125000        0.394509
FIRE:  105 03:13:31  -266118.125000        0.397045
FIRE:  106 03:13:31  -266118.187500        0.400127
FIRE:  107 03:13:31  -266118.218750        0.403747
FIRE:  108 03:13:31  -266118.218750        0.407912
FIRE:  109 03:13:31  -266118.218750        0.412762
FIRE:  110 03:13:31  -266118.281250        0.418540
FIRE:  111 03:13:31  -266118.281250        0.425412
FIRE:  112 03:13:31  -266118.343750        0.433039
FIRE:  113 03:13:31  -266118.375000        0.440126
FIRE:  114 03:13:31  -266118.437500        0.447260
FIRE:  115 03:13:31  -266118.531250        0.469476
FIRE:  116 03:13:31  -266118.625000        0.485802
FIRE:  117 03:13:31  -266118.687500        0.481942
FIRE:  118 03:13:31  -266118.812500        0.446996
FIRE:  119 03:13:31  -266118.968750        0.427644
FIRE:  120 03:13:32  -266119.156250        1.079299
FIRE:  121 03:13:32  -266119.218750        2.410981
FIRE:  122 03:13:32  -266119.375000        0.430776
FIRE:  123 03:13:32  -266119.343750        2.468797
FIRE:  124 03:13:32  -266119.343750        1.780250
FIRE:  125 03:13:32  -266119.375000        0.659708
FIRE:  126 03:13:32  -266119.343750        0.529147
FIRE:  127 03:13:32  -266119.375000        0.496454
FIRE:  128 03:13:32  -266119.375000        0.432950
FIRE:  129 03:13:32  -266119.375000        0.417765
FIRE:  130 03:13:32  -266119.375000        0.416898
FIRE:  131 03:13:32  -266119.375000        0.415840
FIRE:  132 03:13:32  -266119.375000        0.414616
FIRE:  133 03:13:32  -266119.406250        0.413252
FIRE:  134 03:13:32  -266119.375000        0.411628
FIRE:  135 03:13:32  -266119.375000        0.409692
FIRE:  136 03:13:32  -266119.406250        0.407315
FIRE:  137 03:13:33  -266119.406250        0.404076
FIRE:  138 03:13:33  -266119.406250        0.398767
FIRE:  139 03:13:33  -266119.406250        0.388768
FIRE:  140 03:13:33  -266119.468750        0.375252
FIRE:  141 03:13:33  -266119.406250        0.367027
FIRE:  142 03:13:33  -266119.437500        0.357342
FIRE:  143 03:13:33  -266119.468750        0.346040
FIRE:  144 03:13:33  -266119.500000        0.333237
FIRE:  145 03:13:33  -266119.531250        0.319322
FIRE:  146 03:13:33  -266119.531250        0.304281
FIRE:  147 03:13:33  -266119.562500        0.288141
FIRE:  148 03:13:33  -266119.656250        0.275887
FIRE:  149 03:13:33  -266119.718750        0.266969
FIRE:  150 03:13:33  -266119.781250        0.252663
FIRE:  151 03:13:33  -266119.875000        0.227743
FIRE:  152 03:13:33  -266119.968750        0.231501
FIRE:  153 03:13:33  -266120.031250        0.385530
FIRE:  154 03:13:33  -266120.000000        1.248962
FIRE:  155 03:13:34  -266120.000000        4.113858
FIRE:  156 03:13:34  -266120.125000        0.689784
FIRE:  157 03:13:34  -266120.125000        0.515434
FIRE:  158 03:13:34  -266120.093750        0.221692
FIRE:  159 03:13:34  -266120.093750        0.217743
FIRE:  160 03:13:34  -266120.093750        0.418914
FIRE:  161 03:13:34  -266120.125000        0.511349
FIRE:  162 03:13:34  -266120.093750        0.407945
FIRE:  163 03:13:34  -266120.156250        0.191842
FIRE:  164 03:13:34  -266120.125000        0.183113
FIRE:  165 03:13:34  -266120.093750        0.389822
FIRE:  166 03:13:34  -266120.093750        0.339643
FIRE:  167 03:13:34  -266120.093750        0.149849
FIRE:  168 03:13:34  -266120.281250        0.332492
FIRE:  169 03:13:34  -266120.312500        0.222833
FIRE:  170 03:13:34  -266120.343750        0.258340
FIRE:  171 03:13:34  -266120.375000        0.242494
FIRE:  172 03:13:35  -266120.406250        0.339495
FIRE:  173 03:13:35  -266120.406250        0.123447
FIRE:  174 03:13:35  -266120.437500        0.295762
FIRE:  175 03:13:35  -266120.437500        0.649780
FIRE:  176 03:13:35  -266120.500000        1.215221
FIRE:  177 03:13:35  -266120.562500        2.591924
FIRE:  178 03:13:35  -266120.531250        0.091532
FIRE:  179 03:13:35  -266120.562500        0.091216
FIRE:  180 03:13:35  -266120.562500        0.090583
FIRE:  181 03:13:35  -266120.593750        0.089652
FIRE:  182 03:13:35  -266120.593750        0.088428
FIRE:  183 03:13:35  -266120.625000        0.086978
FIRE:  184 03:13:35  -266120.562500        0.085343
FIRE:  185 03:13:35  -266120.562500        0.083579
FIRE:  186 03:13:35  -266120.593750        0.081577
FIRE:  187 03:13:35  -266120.593750        0.079927
FIRE:  188 03:13:35  -266120.593750        0.080076
FIRE:  189 03:13:36  -266120.593750        0.079857
FIRE:  190 03:13:36  -266120.593750        0.112644
FIRE:  191 03:13:36  -266120.593750        0.176290
FIRE:  192 03:13:36  -266120.625000        0.148064
FIRE:  193 03:13:36  -266120.656250        0.084161
FIRE:  194 03:13:36  -266120.656250        0.105964
FIRE:  195 03:13:36  -266120.687500        0.085177
FIRE:  196 03:13:36  -266120.718750        0.084619
FIRE:  197 03:13:36  -266120.781250        0.092225
FIRE:  198 03:13:36  -266120.812500        0.181305
FIRE:  199 03:13:36  -266120.812500        0.588774
FIRE:  200 03:13:36  -266120.843750        1.975959
FIRE:  201 03:13:36  -266120.843750        0.093107
FIRE:  202 03:13:36  -266120.875000        1.974699
FIRE:  203 03:13:36  -266120.875000        1.406950
FIRE:  204 03:13:36  -266120.875000        0.477489
FIRE:  205 03:13:36  -266120.906250        0.507819
FIRE:  206 03:13:37  -266120.906250        0.476581
FIRE:  207 03:13:37  -266120.843750        0.415920
FIRE:  208 03:13:37  -266120.875000        0.329684
FIRE:  209 03:13:37  -266120.906250        0.223860
FIRE:  210 03:13:37  -266120.906250        0.107204
FIRE:  211 03:13:37  -266120.875000        0.091741
FIRE:  212 03:13:37  -266120.906250        0.117489
FIRE:  213 03:13:37  -266120.875000        0.203641
FIRE:  214 03:13:37  -266120.906250        0.256393
FIRE:  215 03:13:37  -266120.906250        0.260252
FIRE:  216 03:13:37  -266120.906250        0.204931
FIRE:  217 03:13:37  -266120.875000        0.099888
FIRE:  218 03:13:37  -266120.906250        0.092509
FIRE:  219 03:13:37  -266120.875000        0.182052
FIRE:  220 03:13:37  -266120.906250        0.221163
FIRE:  221 03:13:37  -266120.906250        0.137680
FIRE:  222 03:13:37  -266120.906250        0.093678
FIRE:  223 03:13:37  -266120.937500        0.174415
FIRE:  224 03:13:38  -266120.906250        0.114851
FIRE:  225 03:13:38  -266120.968750        0.114088
FIRE:  226 03:13:38  -266120.968750        0.167246
FIRE:  227 03:13:38  -266120.937500        0.095383
FIRE:  228 03:13:38  -266121.000000        0.121648
FIRE:  229 03:13:38  -266120.968750        0.201648
FIRE:  230 03:13:38  -266121.000000        0.136193
FIRE:  231 03:13:38  -266121.031250        0.177634
FIRE:  232 03:13:38  -266121.062500        0.231425
FIRE:  233 03:13:38  -266121.093750        0.288800
FIRE:  234 03:13:38  -266121.093750        1.095515
FIRE:  235 03:13:38  -266121.125000        0.190495
FIRE:  236 03:13:38  -266121.156250        0.192191
FIRE:  237 03:13:38  -266121.156250        0.195860
FIRE:  238 03:13:38  -266121.125000        0.201121
FIRE:  239 03:13:38  -266121.093750        0.206394
FIRE:  240 03:13:38  -266121.093750        0.209509
FIRE:  241 03:13:39  -266121.125000        0.208906
FIRE:  242 03:13:39  -266121.125000        0.204534
FIRE:  243 03:13:39  -266121.156250        0.196975
FIRE:  244 03:13:39  -266121.125000        0.189212
FIRE:  245 03:13:39  -266121.156250        0.184127
FIRE:  246 03:13:39  -266121.125000        0.181611
FIRE:  247 03:13:39  -266121.125000        0.180742
FIRE:  248 03:13:39  -266121.156250        0.177502
FIRE:  249 03:13:39  -266121.156250        0.254751
FIRE:  250 03:13:39  -266121.218750        0.201772
FIRE:  251 03:13:39  -266121.250000        0.189057
FIRE:  252 03:13:39  -266121.218750        0.201514
FIRE:  253 03:13:39  -266121.281250        0.164570
FIRE:  254 03:13:39  -266121.281250        0.139136
FIRE:  255 03:13:39  -266121.281250        0.219326
FIRE:  256 03:13:39  -266121.343750        0.755755
FIRE:  257 03:13:39  -266121.312500        2.738115
FIRE:  258 03:13:40  -266121.375000        0.693357
FIRE:  259 03:13:40  -266121.375000        0.500166
FIRE:  260 03:13:40  -266121.375000        0.163751
FIRE:  261 03:13:40  -266121.375000        0.214075
FIRE:  262 03:13:40  -266121.406250        0.197839
FIRE:  263 03:13:40  -266121.375000        0.166617
FIRE:  264 03:13:40  -266121.375000        0.123268
FIRE:  265 03:13:40  -266121.375000        0.090866
FIRE:  266 03:13:40  -266121.406250        0.090624
FIRE:  267 03:13:40  -266121.375000        0.090342
FIRE:  268 03:13:40  -266121.375000        0.090027
FIRE:  269 03:13:40  -266121.375000        0.112598
FIRE:  270 03:13:40  -266121.406250        0.125960
FIRE:  271 03:13:40  -266121.375000        0.114927
FIRE:  272 03:13:40  -266121.375000        0.088214
FIRE:  273 03:13:40  -266121.375000        0.087538
FIRE:  274 03:13:40  -266121.343750        0.086616
FIRE:  275 03:13:41  -266121.375000        0.092825
FIRE:  276 03:13:41  -266121.406250        0.084205
FIRE:  277 03:13:41  -266121.375000        0.085773
FIRE:  278 03:13:41  -266121.343750        0.087426
FIRE:  279 03:13:41  -266121.406250        0.089310
FIRE:  280 03:13:41  -266121.437500        0.090828
FIRE:  281 03:13:41  -266121.406250        0.091715
FIRE:  282 03:13:41  -266121.437500        0.091966
FIRE:  283 03:13:41  -266121.468750        0.091839
FIRE:  284 03:13:41  -266121.437500        0.091750
FIRE:  285 03:13:41  -266121.468750        0.091417
FIRE:  286 03:13:41  -266121.531250        0.092700
FIRE:  287 03:13:41  -266121.500000        0.249174
FIRE:  288 03:13:41  -266121.593750        0.457804
FIRE:  289 03:13:41  -266121.562500        1.311719
FIRE:  290 03:13:41  -266121.593750        0.251339
FIRE:  291 03:13:41  -266121.593750        1.133269
FIRE:  292 03:13:42  -266121.562500        0.869611
FIRE:  293 03:13:42  -266121.593750        0.392990
FIRE:  294 03:13:42  -266121.562500        0.191477
FIRE:  295 03:13:42  -266121.593750        0.178962
FIRE:  296 03:13:42  -266121.562500        0.164718
FIRE:  297 03:13:42  -266121.562500        0.164596
FIRE:  298 03:13:42  -266121.562500        0.164481
FIRE:  299 03:13:42  -266121.593750        0.164403
FIRE:  300 03:13:42  -266121.562500        0.164375
FIRE:  301 03:13:42  -266121.593750        0.164382
FIRE:  302 03:13:42  -266121.562500        0.164411
FIRE:  303 03:13:42  -266121.531250        0.164395
FIRE:  304 03:13:42  -266121.562500        0.164302
FIRE:  305 03:13:42  -266121.593750        0.164038
FIRE:  306 03:13:42  -266121.593750        0.163572
FIRE:  307 03:13:42  -266121.593750        0.162873
FIRE:  308 03:13:42  -266121.625000        0.161795
FIRE:  309 03:13:43  -266121.593750        0.159965
FIRE:  310 03:13:43  -266121.593750        0.156886
FIRE:  311 03:13:43  -266121.593750        0.152291
FIRE:  312 03:13:43  -266121.593750        0.146401
FIRE:  313 03:13:43  -266121.593750        0.139407
FIRE:  314 03:13:43  -266121.656250        0.131652
FIRE:  315 03:13:43  -266121.625000        0.123728
FIRE:  316 03:13:43  -266121.656250        0.115586
FIRE:  317 03:13:43  -266121.656250        0.108885
FIRE:  318 03:13:43  -266121.656250        0.104399
FIRE:  319 03:13:43  -266121.718750        0.102068
FIRE:  320 03:13:43  -266121.718750        0.099683
FIRE:  321 03:13:43  -266121.750000        0.127540
FIRE:  322 03:13:43  -266121.718750        0.392376
FIRE:  323 03:13:43  -266121.812500        1.351220
FIRE:  324 03:13:43  -266121.781250        0.092370
FIRE:  325 03:13:43  -266121.812500        1.310803
FIRE:  326 03:13:44  -266121.781250        0.944635
FIRE:  327 03:13:44  -266121.781250        0.333576
FIRE:  328 03:13:44  -266121.812500        0.331907
FIRE:  329 03:13:44  -266121.812500        0.311143
FIRE:  330 03:13:44  -266121.812500        0.270951
FIRE:  331 03:13:44  -266121.781250        0.213975
FIRE:  332 03:13:44  -266121.812500        0.144376
FIRE:  333 03:13:44  -266121.812500        0.092158
FIRE:  334 03:13:44  -266121.843750        0.091441
FIRE:  335 03:13:44  -266121.812500        0.091202
FIRE:  336 03:13:44  -266121.812500        0.133645
FIRE:  337 03:13:44  -266121.812500        0.166906
FIRE:  338 03:13:44  -266121.812500        0.168253
FIRE:  339 03:13:44  -266121.781250        0.131226
FIRE:  340 03:13:44  -266121.812500        0.090751
FIRE:  341 03:13:44  -266121.812500        0.090939
FIRE:  342 03:13:44  -266121.812500        0.121618
FIRE:  343 03:13:45  -266121.843750        0.144554
FIRE:  344 03:13:45  -266121.812500        0.091349
FIRE:  345 03:13:45  -266121.843750        0.089871
FIRE:  346 03:13:45  -266121.781250        0.115455
FIRE:  347 03:13:45  -266121.843750        0.089218
FIRE:  348 03:13:45  -266121.812500        0.089689
FIRE:  349 03:13:45  -266121.843750        0.108328
FIRE:  350 03:13:45  -266121.843750        0.089079
FIRE:  351 03:13:45  -266121.843750        0.089334
FIRE:  352 03:13:45  -266121.906250        0.139754
FIRE:  353 03:13:45  -266121.906250        0.096342
FIRE:  354 03:13:45  -266121.906250        0.093542
FIRE:  355 03:13:45  -266121.937500        0.120161
FIRE:  356 03:13:45  -266121.937500        0.412669
FIRE:  357 03:13:45  -266121.968750        1.438160
FIRE:  358 03:13:45  -266121.968750        0.179479
FIRE:  359 03:13:45  -266122.031250        0.134496
FIRE:  360 03:13:46  -266122.031250        0.098376
FIRE:  361 03:13:46  -266122.031250        0.098301
FIRE:  362 03:13:46  -266122.031250        0.100981
FIRE:  363 03:13:46  -266122.031250        0.117658
FIRE:  364 03:13:46  -266122.000000        0.098446
FIRE:  365 03:13:46  -266122.000000        0.098629
FIRE:  366 03:13:46  -266122.031250        0.098824
FIRE:  367 03:13:46  -266122.000000        0.107069
FIRE:  368 03:13:46  -266122.031250        0.098824
FIRE:  369 03:13:46  -266122.000000        0.098540
FIRE:  370 03:13:46  -266122.031250        0.098285
FIRE:  371 03:13:46  -266122.031250        0.098229
FIRE:  372 03:13:46  -266122.031250        0.098267
FIRE:  373 03:13:46  -266122.031250        0.097992
FIRE:  374 03:13:46  -266122.062500        0.097763
FIRE:  375 03:13:46  -266122.093750        0.098175
FIRE:  376 03:13:46  -266122.062500        0.097961
FIRE:  377 03:13:47  -266122.125000        0.098484
FIRE:  378 03:13:47  -266122.125000        0.123224
FIRE:  379 03:13:47  -266122.125000        0.513762
FIRE:  380 03:13:47  -266122.156250        1.961645
FIRE:  381 03:13:47  -266122.156250        0.461366
FIRE:  382 03:13:47  -266122.156250        0.332507
FIRE:  383 03:13:47  -266122.156250        0.110612
FIRE:  384 03:13:47  -266122.156250        0.136313
FIRE:  385 03:13:47  -266122.156250        0.298076
FIRE:  386 03:13:47  -266122.156250        0.327433
FIRE:  387 03:13:47  -266122.187500        0.225999
FIRE:  388 03:13:47  -266122.218750        0.101225
FIRE:  389 03:13:47  -266122.187500        0.175934
FIRE:  390 03:13:47  -266122.187500        0.275651
FIRE:  391 03:13:47  -266122.187500        0.183291
FIRE:  392 03:13:47  -266122.187500        0.101113
FIRE:  393 03:13:47  -266122.187500        0.226533
FIRE:  394 03:13:48  -266122.187500        0.101289
FIRE:  395 03:13:48  -266122.218750        0.232105
FIRE:  396 03:13:48  -266122.218750        0.101931
FIRE:  397 03:13:48  -266122.250000        0.263318
FIRE:  398 03:13:48  -266122.250000        0.175104
FIRE:  399 03:13:48  -266122.250000        0.102372
FIRE:  400 03:13:48  -266122.250000        0.137775
FIRE:  401 03:13:48  -266122.312500        0.518191
FIRE:  402 03:13:48  -266122.343750        1.602401
FIRE:  403 03:13:48  -266122.312500        0.176797
FIRE:  404 03:13:48  -266122.312500        0.133869
FIRE:  405 03:13:48  -266122.312500        0.105087
FIRE:  406 03:13:48  -266122.312500        0.104973
FIRE:  407 03:13:48  -266122.281250        0.104930
FIRE:  408 03:13:48  -266122.312500        0.118533
FIRE:  409 03:13:48  -266122.312500        0.105153
FIRE:  410 03:13:48  -266122.312500        0.105392
FIRE:  411 03:13:49  -266122.312500        0.105650
FIRE:  412 03:13:49  -266122.343750        0.106077
FIRE:  413 03:13:49  -266122.406250        0.105753
FIRE:  414 03:13:49  -266122.375000        0.105526
FIRE:  415 03:13:49  -266122.406250        0.105382
FIRE:  416 03:13:49  -266122.406250        0.105540
FIRE:  417 03:13:49  -266122.343750        0.105837
FIRE:  418 03:13:49  -266122.437500        0.105827
FIRE:  419 03:13:49  -266122.437500        0.105943
FIRE:  420 03:13:49  -266122.437500        0.106947
FIRE:  421 03:13:49  -266122.468750        0.150244
FIRE:  422 03:13:49  -266122.500000        0.312736
FIRE:  423 03:13:49  -266122.500000        0.267094
FIRE:  424 03:13:49  -266122.531250        0.166232
FIRE:  425 03:13:49  -266122.562500        0.717341
FIRE:  426 03:13:49  -266122.500000        3.134027
FIRE:  427 03:13:49  -266122.593750        1.415119
FIRE:  428 03:13:50  -266122.593750        0.970169
FIRE:  429 03:13:50  -266122.625000        0.224560
FIRE:  430 03:13:50  -266122.625000        0.657945
FIRE:  431 03:13:50  -266122.625000        0.598565
FIRE:  432 03:13:50  -266122.656250        0.485945
FIRE:  433 03:13:50  -266122.625000        0.331720
FIRE:  434 03:13:50  -266122.625000        0.253704
FIRE:  435 03:13:50  -266122.625000        0.296880
FIRE:  436 03:13:50  -266122.625000        0.361506
FIRE:  437 03:13:50  -266122.656250        0.426220
FIRE:  438 03:13:50  -266122.593750        0.376195
FIRE:  439 03:13:50  -266122.593750        0.377293
FIRE:  440 03:13:50  -266122.625000        0.494697
FIRE:  441 03:13:50  -266122.625000        0.326624
FIRE:  442 03:13:50  -266122.625000        0.220123
FIRE:  443 03:13:50  -266122.625000        0.294066
FIRE:  444 03:13:50  -266122.625000        0.451940
FIRE:  445 03:13:51  -266122.593750        0.183992
FIRE:  446 03:13:51  -266122.625000        0.435376
FIRE:  447 03:13:51  -266122.625000        0.378752
FIRE:  448 03:13:51  -266122.687500        0.453291
FIRE:  449 03:13:51  -266122.656250        0.453455
FIRE:  450 03:13:51  -266122.656250        0.435196
FIRE:  451 03:13:51  -266122.656250        0.372895
FIRE:  452 03:13:51  -266122.687500        0.473684
FIRE:  453 03:13:51  -266122.687500        0.461226
FIRE:  454 03:13:51  -266122.718750        0.436286
FIRE:  455 03:13:51  -266122.781250        0.421475
FIRE:  456 03:13:51  -266122.781250        0.596172
FIRE:  457 03:13:51  -266122.843750        1.373180
FIRE:  458 03:13:51  -266122.812500        4.301339
FIRE:  459 03:13:51  -266122.875000        1.250641
FIRE:  460 03:13:51  -266122.937500        0.911375
FIRE:  461 03:13:51  -266122.906250        0.309000
FIRE:  462 03:13:52  -266122.906250        0.388184
FIRE:  463 03:13:52  -266122.906250        0.358668
FIRE:  464 03:13:52  -266122.875000        0.302217
FIRE:  465 03:13:52  -266122.906250        0.280750
FIRE:  466 03:13:52  -266122.906250        0.281083
FIRE:  467 03:13:52  -266122.906250        0.281492
FIRE:  468 03:13:52  -266122.906250        0.281984
FIRE:  469 03:13:52  -266122.906250        0.282543
FIRE:  470 03:13:52  -266122.937500        0.283235
FIRE:  471 03:13:52  -266122.906250        0.284092
FIRE:  472 03:13:52  -266122.906250        0.285149
FIRE:  473 03:13:52  -266122.906250        0.286464
FIRE:  474 03:13:52  -266122.906250        0.288111
FIRE:  475 03:13:52  -266122.906250        0.290210
FIRE:  476 03:13:52  -266122.937500        0.297395
FIRE:  477 03:13:52  -266122.937500        0.306388
FIRE:  478 03:13:52  -266122.937500        0.316834
FIRE:  479 03:13:53  -266122.937500        0.327986
FIRE:  480 03:13:53  -266122.968750        0.338432
FIRE:  481 03:13:53  -266122.968750        0.346510
FIRE:  482 03:13:53  -266123.000000        0.349468
FIRE:  483 03:13:53  -266123.031250        0.348289
FIRE:  484 03:13:53  -266123.031250        0.346068
FIRE:  485 03:13:53  -266123.062500        0.347442
FIRE:  486 03:13:53  -266123.125000        0.356999
FIRE:  487 03:13:53  -266123.156250        0.368472
FIRE:  488 03:13:53  -266123.250000        0.378117
FIRE:  489 03:13:53  -266123.281250        0.942494
FIRE:  490 03:13:53  -266123.375000        2.871732
FIRE:  491 03:13:53  -266123.406250        0.344525
FIRE:  492 03:13:53  -266123.406250        0.344047
FIRE:  493 03:13:53  -266123.406250        0.343122
FIRE:  494 03:13:53  -266123.437500        0.341800
FIRE:  495 03:13:53  -266123.437500        0.340153
FIRE:  496 03:13:54  -266123.437500        0.338263
FIRE:  497 03:13:54  -266123.437500        0.335737
FIRE:  498 03:13:54  -266123.437500        0.329433
FIRE:  499 03:13:54  -266123.406250        0.322693
FIRE:  500 03:13:54  -266123.468750        0.316001
FIRE:  501 03:13:54  -266123.468750        0.309705
FIRE:  502 03:13:54  -266123.468750        0.251744
FIRE:  503 03:13:54  -266123.500000        0.253190
FIRE:  504 03:13:54  -266123.500000        0.254734
FIRE:  505 03:13:54  -266123.531250        0.255841
FIRE:  506 03:13:54  -266123.562500        0.261336
FIRE:  507 03:13:54  -266123.593750        0.261550
FIRE:  508 03:13:54  -266123.656250        0.250774
FIRE:  509 03:13:54  -266123.625000        0.244418
FIRE:  510 03:13:54  -266123.718750        0.237531
FIRE:  511 03:13:54  -266123.781250        0.386161
FIRE:  512 03:13:54  -266123.812500        1.417893
FIRE:  513 03:13:55  -266123.750000        4.003391
FIRE:  514 03:13:55  -266123.843750        0.318373
FIRE:  515 03:13:55  -266123.781250        4.720328
FIRE:  516 03:13:55  -266123.843750        3.107776
FIRE:  517 03:13:55  -266123.906250        0.714516
FIRE:  518 03:13:55  -266123.875000        1.519836
FIRE:  519 03:13:55  -266123.906250        1.427172
FIRE:  520 03:13:55  -266123.875000        1.245898
FIRE:  521 03:13:55  -266123.875000        0.984433
FIRE:  522 03:13:55  -266123.906250        0.656242
FIRE:  523 03:13:55  -266123.875000        0.282344
FIRE:  524 03:13:55  -266123.875000        0.236639
FIRE:  525 03:13:55  -266123.875000        0.453690
FIRE:  526 03:13:55  -266123.875000        0.445765
FIRE:  527 03:13:55  -266123.875000        0.430105
FIRE:  528 03:13:55  -266123.875000        0.406891
FIRE:  529 03:13:55  -266123.875000        0.376800
FIRE:  530 03:13:55  -266123.875000        0.340437
FIRE:  531 03:13:56  -266123.875000        0.298705
FIRE:  532 03:13:56  -266123.906250        0.252640
FIRE:  533 03:13:56  -266123.875000        0.229196
FIRE:  534 03:13:56  -266123.875000        0.228106
FIRE:  535 03:13:56  -266123.906250        0.226749
FIRE:  536 03:13:56  -266123.875000        0.225065
FIRE:  537 03:13:56  -266123.875000        0.223009
FIRE:  538 03:13:56  -266123.843750        0.220557
FIRE:  539 03:13:56  -266123.843750        0.217685
FIRE:  540 03:13:56  -266123.875000        0.230971
FIRE:  541 03:13:56  -266123.875000        0.219041
FIRE:  542 03:13:56  -266123.875000        0.206425
FIRE:  543 03:13:56  -266123.875000        0.201799
FIRE:  544 03:13:56  -266123.875000        0.196793
FIRE:  545 03:13:56  -266123.875000        0.191571
FIRE:  546 03:13:56  -266123.906250        0.186415
FIRE:  547 03:13:56  -266123.906250        0.181625
FIRE:  548 03:13:56  -266123.906250        0.177441
FIRE:  549 03:13:57  -266123.906250        0.173919
FIRE:  550 03:13:57  -266123.906250        0.170921
FIRE:  551 03:13:57  -266123.937500        0.168149
FIRE:  552 03:13:57  -266123.906250        0.165347
FIRE:  553 03:13:57  -266123.937500        0.162437
FIRE:  554 03:13:57  -266123.937500        0.164506
FIRE:  555 03:13:57  -266123.937500        0.154156
FIRE:  556 03:13:57  -266123.968750        0.148650
FIRE:  557 03:13:57  -266123.968750        0.212310
FIRE:  558 03:13:57  -266124.000000        0.226009
FIRE:  559 03:13:57  -266124.031250        0.428160
FIRE:  560 03:13:57  -266124.062500        0.983662
FIRE:  561 03:13:57  -266124.062500        2.512231
FIRE:  562 03:13:57  -266124.093750        0.132744
FIRE:  563 03:13:57  -266124.062500        2.644020
FIRE:  564 03:13:57  -266124.062500        1.830365
FIRE:  565 03:13:57  -266124.125000        0.536751
FIRE:  566 03:13:58  -266124.093750        0.791319
FIRE:  567 03:13:58  -266124.093750        0.742164
FIRE:  568 03:13:58  -266124.093750        0.646501
FIRE:  569 03:13:58  -266124.062500        0.509905
FIRE:  570 03:13:58  -266124.125000        0.341114
FIRE:  571 03:13:58  -266124.125000        0.153960
FIRE:  572 03:13:58  -266124.093750        0.127573
FIRE:  573 03:13:58  -266124.093750        0.215203
FIRE:  574 03:13:58  -266124.093750        0.345434
FIRE:  575 03:13:58  -266124.125000        0.420307
FIRE:  576 03:13:58  -266124.093750        0.420047
FIRE:  577 03:13:58  -266124.093750        0.331720
FIRE:  578 03:13:58  -266124.125000        0.176505
FIRE:  579 03:13:58  -266124.093750        0.122593
FIRE:  580 03:13:58  -266124.093750        0.284605
FIRE:  581 03:13:58  -266124.093750        0.358860
FIRE:  582 03:13:58  -266124.093750        0.255366
FIRE:  583 03:13:58  -266124.125000        0.115311
FIRE:  584 03:13:59  -266124.093750        0.260946
FIRE:  585 03:13:59  -266124.156250        0.230132
FIRE:  586 03:13:59  -266124.156250        0.114597
FIRE:  587 03:13:59  -266124.125000        0.286608
FIRE:  588 03:13:59  -266124.125000        0.100584
FIRE:  589 03:13:59  -266124.093750        0.253290
FIRE:  590 03:13:59  -266124.156250        0.190208
FIRE:  591 03:13:59  -266124.156250        0.092162
FIRE:  592 03:13:59  -266124.187500        0.270006
FIRE:  593 03:13:59  -266124.187500        0.642365
FIRE:  594 03:13:59  -266124.250000        1.338769
FIRE:  595 03:13:59  -266124.218750        0.092615
FIRE:  596 03:13:59  -266124.218750        1.111192
FIRE:  597 03:13:59  -266124.218750        0.878753
FIRE:  598 03:13:59  -266124.218750        0.454889
FIRE:  599 03:13:59  -266124.218750        0.112409
FIRE:  600 03:13:59  -266124.187500        0.108676
FIRE:  601 03:13:59  -266124.218750        0.101609
FIRE:  602 03:14:00  -266124.218750        0.092071
FIRE:  603 03:14:00  -266124.218750        0.084293
FIRE:  604 03:14:00  -266124.187500        0.084319
FIRE:  605 03:14:00  -266124.218750        0.084335
FIRE:  606 03:14:00  -266124.218750        0.084341
FIRE:  607 03:14:00  -266124.218750        0.084336
FIRE:  608 03:14:00  -266124.218750        0.084307
FIRE:  609 03:14:00  -266124.218750        0.084266
FIRE:  610 03:14:00  -266124.218750        0.084160
FIRE:  611 03:14:00  -266124.218750        0.084023
FIRE:  612 03:14:00  -266124.218750        0.083816
FIRE:  613 03:14:00  -266124.187500        0.083549
FIRE:  614 03:14:00  -266124.218750        0.083209
FIRE:  615 03:14:00  -266124.218750        0.082785
FIRE:  616 03:14:00  -266124.218750        0.082235
FIRE:  617 03:14:00  -266124.218750        0.081479
FIRE:  618 03:14:00  -266124.218750        0.080390
FIRE:  619 03:14:01  -266124.250000        0.078836
FIRE:  620 03:14:01  -266124.250000        0.076672
FIRE:  621 03:14:01  -266124.250000        0.073733
FIRE:  622 03:14:01  -266124.250000        0.069696
FIRE:  623 03:14:01  -266124.187500        0.064241
FIRE:  624 03:14:01  -266124.218750        0.063246
FIRE:  625 03:14:01  -266124.218750        0.068964
FIRE:  626 03:14:01  -266124.218750        0.111320
FIRE:  627 03:14:01  -266124.281250        0.305287
FIRE:  628 03:14:01  -266124.250000        0.925730
FIRE:  629 03:14:01  -266124.281250        2.648454
FIRE:  630 03:14:01  -266124.281250        0.090059
FIRE:  631 03:14:01  -266124.312500        0.072005
FIRE:  632 03:14:01  -266124.312500        0.057856
FIRE:  633 03:14:01  -266124.312500        0.057807
FIRE:  634 03:14:01  -266124.312500        0.073781
FIRE:  635 03:14:01  -266124.281250        0.081222
FIRE:  636 03:14:02  -266124.312500        0.063373
FIRE:  637 03:14:02  -266124.312500        0.057636
FIRE:  638 03:14:02  -266124.312500        0.064293
FIRE:  639 03:14:02  -266124.281250        0.075140
FIRE:  640 03:14:02  -266124.312500        0.057309
FIRE:  641 03:14:02  -266124.281250        0.057051
FIRE:  642 03:14:02  -266124.343750        0.065627
FIRE:  643 03:14:02  -266124.312500        0.056283
FIRE:  644 03:14:02  -266124.312500        0.066059
FIRE:  645 03:14:02  -266124.343750        0.055145
FIRE:  646 03:14:02  -266124.343750        0.054592
FIRE:  647 03:14:02  -266124.343750        0.077334
FIRE:  648 03:14:02  -266124.375000        0.103745
FIRE:  649 03:14:02  -266124.343750        0.165985
FIRE:  650 03:14:02  -266124.343750        0.465065
FIRE:  651 03:14:02  -266124.406250        1.239288
FIRE:  652 03:14:02  -266124.406250        0.100408
FIRE:  653 03:14:03  -266124.375000        0.079445
FIRE:  654 03:14:03  -266124.406250        0.051890
FIRE:  655 03:14:03  -266124.406250        0.051945
FIRE:  656 03:14:03  -266124.375000        0.065328
FIRE:  657 03:14:03  -266124.375000        0.073936
FIRE:  658 03:14:03  -266124.406250        0.065261
FIRE:  659 03:14:03  -266124.406250        0.052098
FIRE:  660 03:14:03  -266124.406250        0.052115
FIRE:  661 03:14:03  -266124.375000        0.063525
FIRE:  662 03:14:03  -266124.375000        0.054062
FIRE:  663 03:14:03  -266124.406250        0.052134
FIRE:  664 03:14:03  -266124.406250        0.061975
FIRE:  665 03:14:03  -266124.375000        0.052020
FIRE:  666 03:14:03  -266124.437500        0.054512
FIRE:  667 03:14:03  -266124.437500        0.051758
FIRE:  668 03:14:03  -266124.406250        0.063888
FIRE:  669 03:14:04  -266124.125000        0.051536
FIRE:  670 03:14:04  -266124.093750        0.051505
FIRE:  671 03:14:04  -266124.093750        0.051481
FIRE:  672 03:14:04  -266124.093750        0.079078
FIRE:  673 03:14:04  -266124.468750        0.255618
FIRE:  674 03:14:04  -266124.156250        1.059212
FIRE:  675 03:14:04  -266124.187500        0.084456
FIRE:  676 03:14:04  -266124.187500        0.068505
FIRE:  677 03:14:04  -266124.187500        0.050394
FIRE:  678 03:14:04  -266124.187500        0.050350
FIRE:  679 03:14:04  -266124.156250        0.062184
FIRE:  680 03:14:04  -266124.187500        0.068767
FIRE:  681 03:14:04  -266124.156250        0.053690
FIRE:  682 03:14:04  -266124.156250        0.050207
FIRE:  683 03:14:04  -266124.406250        0.052065
FIRE:  684 03:14:04  -266124.375000        0.062282
FIRE:  685 03:14:04  -266124.156250        0.049878
