      Step     Time          Energy          fmax
FIRE:    0 02:58:59 -1508338.625000       10.855315
FIRE:    1 02:59:00 -1508346.000000        8.713807
FIRE:    2 02:59:02 -1508352.250000        6.789592
FIRE:    3 02:59:02 -1508357.375000        5.162667
FIRE:    4 02:59:02 -1508361.500000        3.926572
FIRE:    5 02:59:02 -1508364.875000        3.124783
FIRE:    6 02:59:02 -1508367.750000        2.706071
FIRE:    7 02:59:02 -1508370.125000        2.373673
FIRE:    8 02:59:03 -1508372.375000        2.196118
FIRE:    9 02:59:03 -1508374.250000        2.095485
FIRE:   10 02:59:03 -1508376.125000        2.004550
FIRE:   11 02:59:03 -1508377.875000        1.923558
FIRE:   12 02:59:03 -1508379.375000        1.838289
FIRE:   13 02:59:03 -1508380.875000        1.747137
FIRE:   14 02:59:03 -1508382.250000        1.656384
FIRE:   15 02:59:03 -1508383.625000        1.572300
FIRE:   16 02:59:03 -1508385.000000        1.494803
FIRE:   17 02:59:03 -1508386.250000        1.410824
FIRE:   18 02:59:04 -1508387.375000        1.313372
FIRE:   19 02:59:04 -1508388.250000        1.251714
FIRE:   20 02:59:04 -1508389.375000        1.169922
FIRE:   21 02:59:04 -1508390.500000        1.077052
FIRE:   22 02:59:04 -1508391.500000        0.996795
FIRE:   23 02:59:04 -1508392.500000        0.935274
FIRE:   24 02:59:04 -1508393.250000        0.886023
FIRE:   25 02:59:04 -1508394.125000        0.842081
FIRE:   26 02:59:04 -1508395.000000        0.799540
FIRE:   27 02:59:04 -1508395.875000        0.756167
FIRE:   28 02:59:04 -1508396.625000        0.707283
FIRE:   29 02:59:04 -1508397.375000        0.654518
FIRE:   30 02:59:04 -1508398.125000        0.603555
FIRE:   31 02:59:04 -1508398.750000        0.576017
FIRE:   32 02:59:06 -1508399.500000        0.557209
FIRE:   33 02:59:06 -1508400.125000        0.532902
FIRE:   34 02:59:06 -1508400.625000        0.509718
FIRE:   35 02:59:06 -1508401.375000        0.494919
FIRE:   36 02:59:06 -1508401.875000        0.495107
FIRE:   37 02:59:06 -1508402.375000        0.492292
FIRE:   38 02:59:06 -1508403.000000        0.485522
FIRE:   39 02:59:06 -1508403.500000        0.476461
FIRE:   40 02:59:06 -1508404.125000        0.466185
FIRE:   41 02:59:06 -1508404.750000        0.454196
FIRE:   42 02:59:06 -1508405.250000        0.439232
FIRE:   43 02:59:06 -1508405.500000        0.416785
FIRE:   44 02:59:06 -1508406.000000        0.387277
FIRE:   45 02:59:06 -1508406.375000        0.401458
FIRE:   46 02:59:06 -1508406.875000        0.407748
FIRE:   47 02:59:06 -1508407.250000        0.408048
FIRE:   48 02:59:06 -1508407.625000        0.401708
FIRE:   49 02:59:06 -1508408.000000        0.384022
FIRE:   50 02:59:06 -1508408.375000        0.353237
FIRE:   51 02:59:06 -1508408.750000        0.343354
FIRE:   52 02:59:06 -1508409.125000        0.335413
FIRE:   53 02:59:06 -1508409.375000        0.324153
FIRE:   54 02:59:07 -1508409.750000        0.320080
FIRE:   55 02:59:07 -1508410.000000        0.310593
FIRE:   56 02:59:07 -1508410.250000        0.296520
FIRE:   57 02:59:07 -1508410.625000        0.280870
FIRE:   58 02:59:07 -1508410.875000        0.266745
FIRE:   59 02:59:07 -1508411.125000        0.290192
FIRE:   60 02:59:07 -1508411.375000        0.298539
FIRE:   61 02:59:07 -1508411.625000        0.289649
FIRE:   62 02:59:07 -1508411.875000        0.301070
FIRE:   63 02:59:07 -1508412.125000        0.313848
FIRE:   64 02:59:07 -1508412.250000        0.345965
FIRE:   65 02:59:07 -1508412.500000        0.250443
FIRE:   66 02:59:07 -1508412.750000        0.250246
FIRE:   67 02:59:07 -1508412.875000        0.245456
FIRE:   68 02:59:07 -1508413.125000        0.237809
FIRE:   69 02:59:07 -1508413.125000        0.229476
FIRE:   70 02:59:07 -1508413.500000        0.225482
FIRE:   71 02:59:07 -1508413.625000        0.229336
FIRE:   72 02:59:08 -1508413.875000        0.231065
FIRE:   73 02:59:08 -1508413.750000        0.232761
FIRE:   74 02:59:08 -1508414.125000        0.226938
FIRE:   75 02:59:08 -1508414.250000        0.214497
FIRE:   76 02:59:08 -1508414.125000        0.202013
FIRE:   77 02:59:08 -1508414.250000        0.215878
FIRE:   78 02:59:08 -1508414.875000        0.218639
FIRE:   79 02:59:08 -1508414.875000        0.209979
FIRE:   80 02:59:08 -1508415.000000        0.192382
FIRE:   81 02:59:08 -1508415.125000        0.175894
FIRE:   82 02:59:08 -1508415.125000        0.406427
FIRE:   83 02:59:08 -1508415.375000        0.199636
FIRE:   84 02:59:08 -1508415.500000        0.177935
FIRE:   85 02:59:08 -1508415.500000        0.193508
FIRE:   86 02:59:08 -1508415.625000        0.193518
FIRE:   87 02:59:08 -1508415.625000        0.194842
FIRE:   88 02:59:08 -1508415.750000        0.185531
FIRE:   89 02:59:08 -1508416.000000        0.236453
FIRE:   90 02:59:09 -1508416.000000        0.277542
FIRE:   91 02:59:09 -1508416.125000        0.270140
FIRE:   92 02:59:09 -1508416.250000        0.252108
FIRE:   93 02:59:09 -1508416.375000        0.284093
FIRE:   94 02:59:09 -1508416.250000        0.313643
FIRE:   95 02:59:09 -1508416.250000        0.349914
FIRE:   96 02:59:09 -1508416.500000        0.397324
FIRE:   97 02:59:09 -1508416.625000        0.436118
FIRE:   98 02:59:09 -1508416.625000        0.463054
FIRE:   99 02:59:09 -1508416.750000        0.466008
FIRE:  100 02:59:09 -1508416.875000        0.425683
FIRE:  101 02:59:09 -1508417.000000        0.329756
FIRE:  102 02:59:09 -1508417.000000        0.351612
FIRE:  103 02:59:09 -1508417.125000        0.720898
FIRE:  104 02:59:09 -1508417.125000        1.200192
FIRE:  105 02:59:09 -1508417.125000        2.788579
FIRE:  106 02:59:09 -1508416.375000        7.419872
FIRE:  107 02:59:09 -1508417.250000        3.765183
FIRE:  108 02:59:10 -1508417.250000        2.030168
FIRE:  109 02:59:10 -1508417.375000        1.386143
FIRE:  110 02:59:10 -1508417.125000        2.049288
FIRE:  111 02:59:10 -1508417.250000        1.796848
FIRE:  112 02:59:10 -1508417.250000        1.311038
FIRE:  113 02:59:10 -1508417.375000        0.659162
FIRE:  114 02:59:10 -1508417.500000        0.273086
FIRE:  115 02:59:10 -1508417.375000        0.932192
FIRE:  116 02:59:10 -1508417.375000        0.900399
FIRE:  117 02:59:10 -1508417.500000        0.838246
FIRE:  118 02:59:10 -1508417.375000        0.748566
FIRE:  119 02:59:10 -1508417.375000        0.635697
FIRE:  120 02:59:10 -1508417.375000        0.504818
FIRE:  121 02:59:10 -1508417.375000        0.362923
FIRE:  122 02:59:10 -1508417.375000        0.219940
FIRE:  123 02:59:10 -1508417.375000        0.185032
FIRE:  124 02:59:10 -1508417.375000        0.231866
FIRE:  125 02:59:10 -1508417.375000        0.319517
FIRE:  126 02:59:11 -1508417.375000        0.376276
FIRE:  127 02:59:11 -1508417.500000        0.388882
FIRE:  128 02:59:11 -1508417.500000        0.346833
FIRE:  129 02:59:11 -1508417.375000        0.246567
FIRE:  130 02:59:11 -1508417.375000        0.126120
FIRE:  131 02:59:11 -1508417.375000        0.173260
FIRE:  132 02:59:11 -1508417.375000        0.310037
FIRE:  133 02:59:11 -1508417.375000        0.304334
FIRE:  134 02:59:11 -1508417.375000        0.161143
FIRE:  135 02:59:11 -1508417.375000        0.156234
FIRE:  136 02:59:11 -1508417.375000        0.295563
FIRE:  137 02:59:11 -1508417.375000        0.157570
FIRE:  138 02:59:11 -1508417.375000        0.198112
FIRE:  139 02:59:11 -1508417.375000        0.244634
FIRE:  140 02:59:11 -1508417.375000        0.156521
FIRE:  141 02:59:11 -1508417.500000        0.187852
FIRE:  142 02:59:11 -1508417.500000        0.302853
FIRE:  143 02:59:11 -1508417.500000        0.162220
FIRE:  144 02:59:12 -1508417.500000        0.102082
FIRE:  145 02:59:12 -1508417.500000        0.164128
FIRE:  146 02:59:12 -1508417.625000        0.495039
FIRE:  147 02:59:12 -1508417.625000        2.005991
FIRE:  148 02:59:12 -1508417.500000        0.223811
FIRE:  149 02:59:12 -1508417.625000        0.173747
FIRE:  150 02:59:12 -1508417.875000        0.099375
FIRE:  151 02:59:12 -1508417.625000        0.076199
FIRE:  152 02:59:12 -1508417.500000        0.155538
FIRE:  153 02:59:12 -1508417.750000        0.183591
FIRE:  154 02:59:12 -1508417.625000        0.147011
FIRE:  155 02:59:12 -1508417.625000        0.084449
FIRE:  156 02:59:12 -1508417.625000        0.094732
FIRE:  157 02:59:12 -1508417.625000        0.136840
FIRE:  158 02:59:12 -1508417.625000        0.124149
FIRE:  159 02:59:12 -1508417.750000        0.082041
FIRE:  160 02:59:12 -1508417.625000        0.144735
FIRE:  161 02:59:13 -1508417.625000        0.083995
FIRE:  162 02:59:13 -1508417.750000        0.126908
FIRE:  163 02:59:13 -1508417.750000        0.090825
FIRE:  164 02:59:13 -1508417.750000        0.149529
FIRE:  165 02:59:13 -1508417.750000        0.111293
FIRE:  166 02:59:13 -1508417.750000        0.082284
FIRE:  167 02:59:13 -1508417.750000        0.091662
FIRE:  168 02:59:13 -1508417.625000        0.235570
FIRE:  169 02:59:13 -1508417.625000        0.944307
FIRE:  170 02:59:13 -1508417.750000        2.719675
FIRE:  171 02:59:13 -1508417.750000        0.105654
FIRE:  172 02:59:13 -1508417.625000        3.120378
FIRE:  173 02:59:13 -1508417.875000        2.064128
FIRE:  174 02:59:13 -1508417.750000        0.471133
FIRE:  175 02:59:13 -1508417.875000        1.053080
FIRE:  176 02:59:13 -1508417.750000        0.982843
FIRE:  177 02:59:13 -1508417.875000        0.845875
FIRE:  178 02:59:13 -1508417.875000        0.649281
FIRE:  179 02:59:14 -1508417.750000        0.404322
FIRE:  180 02:59:14 -1508417.875000        0.183942
FIRE:  181 02:59:14 -1508417.875000        0.159152
FIRE:  182 02:59:14 -1508417.875000        0.391939
FIRE:  183 02:59:14 -1508417.875000        0.385389
FIRE:  184 02:59:14 -1508417.750000        0.372324
FIRE:  185 02:59:14 -1508417.875000        0.352956
FIRE:  186 02:59:14 -1508417.750000        0.327906
FIRE:  187 02:59:14 -1508417.750000        0.297612
FIRE:  188 02:59:14 -1508417.875000        0.262957
FIRE:  189 02:59:14 -1508417.875000        0.224571
FIRE:  190 02:59:14 -1508417.875000        0.179459
FIRE:  191 02:59:14 -1508417.875000        0.128033
FIRE:  192 02:59:14 -1508417.875000        0.079292
FIRE:  193 02:59:14 -1508417.875000        0.089985
FIRE:  194 02:59:14 -1508417.750000        0.117742
FIRE:  195 02:59:14 -1508417.750000        0.147612
FIRE:  196 02:59:14 -1508417.875000        0.169410
FIRE:  197 02:59:15 -1508417.875000        0.176178
FIRE:  198 02:59:15 -1508417.875000        0.163277
FIRE:  199 02:59:15 -1508417.875000        0.130527
FIRE:  200 02:59:15 -1508417.875000        0.090429
FIRE:  201 02:59:15 -1508417.875000        0.083224
FIRE:  202 02:59:15 -1508417.750000        0.141176
FIRE:  203 02:59:15 -1508417.875000        0.154858
FIRE:  204 02:59:15 -1508417.875000        0.100996
FIRE:  205 02:59:15 -1508417.875000        0.090620
FIRE:  206 02:59:15 -1508417.875000        0.135929
FIRE:  207 02:59:15 -1508417.875000        0.122488
FIRE:  208 02:59:15 -1508417.875000        0.079446
FIRE:  209 02:59:15 -1508417.875000        0.137186
FIRE:  210 02:59:15 -1508417.750000        0.080532
FIRE:  211 02:59:15 -1508417.750000        0.134495
FIRE:  212 02:59:15 -1508417.875000        0.079740
FIRE:  213 02:59:15 -1508417.875000        0.102931
FIRE:  214 02:59:15 -1508417.875000        0.167332
FIRE:  215 02:59:16 -1508418.125000        0.276315
FIRE:  216 02:59:16 -1508418.000000        0.497197
FIRE:  217 02:59:16 -1508418.000000        1.245355
FIRE:  218 02:59:16 -1508418.000000        2.946285
FIRE:  219 02:59:16 -1508418.000000        0.171042
FIRE:  220 02:59:16 -1508417.875000        3.470647
FIRE:  221 02:59:16 -1508418.000000        2.293497
FIRE:  222 02:59:16 -1508417.875000        0.533791
FIRE:  223 02:59:16 -1508418.000000        1.140365
FIRE:  224 02:59:16 -1508418.000000        1.066794
FIRE:  225 02:59:16 -1508418.000000        0.923013
FIRE:  226 02:59:16 -1508418.000000        0.716148
FIRE:  227 02:59:16 -1508418.000000        0.457701
FIRE:  228 02:59:16 -1508417.875000        0.204598
FIRE:  229 02:59:16 -1508418.000000        0.146449
FIRE:  230 02:59:16 -1508418.000000        0.144492
FIRE:  231 02:59:16 -1508418.000000        0.140514
FIRE:  232 02:59:16 -1508418.000000        0.134658
FIRE:  233 02:59:17 -1508418.000000        0.127113
FIRE:  234 02:59:17 -1508418.000000        0.118061
FIRE:  235 02:59:17 -1508418.000000        0.107732
FIRE:  236 02:59:17 -1508418.000000        0.096508
FIRE:  237 02:59:17 -1508417.875000        0.083650
FIRE:  238 02:59:17 -1508417.875000        0.076195
FIRE:  239 02:59:17 -1508417.875000        0.077468
FIRE:  240 02:59:17 -1508417.875000        0.080789
FIRE:  241 02:59:17 -1508418.000000        0.085686
FIRE:  242 02:59:17 -1508417.875000        0.090960
FIRE:  243 02:59:17 -1508418.000000        0.094930
FIRE:  244 02:59:17 -1508418.000000        0.095882
FIRE:  245 02:59:17 -1508417.875000        0.092625
FIRE:  246 02:59:17 -1508418.000000        0.085813
FIRE:  247 02:59:17 -1508418.000000        0.078777
FIRE:  248 02:59:17 -1508417.875000        0.076484
FIRE:  249 02:59:17 -1508417.875000        0.079121
FIRE:  250 02:59:17 -1508417.875000        0.080100
FIRE:  251 02:59:18 -1508418.125000        0.077043
FIRE:  252 02:59:18 -1508418.000000        0.079418
FIRE:  253 02:59:18 -1508418.125000        0.088693
FIRE:  254 02:59:18 -1508418.125000        0.086948
FIRE:  255 02:59:18 -1508418.125000        0.077303
FIRE:  256 02:59:18 -1508418.125000        0.078289
FIRE:  257 02:59:18 -1508418.000000        0.077843
FIRE:  258 02:59:18 -1508418.000000        0.086810
FIRE:  259 02:59:18 -1508418.125000        0.077794
FIRE:  260 02:59:18 -1508418.000000        0.078025
FIRE:  261 02:59:18 -1508418.000000        0.095522
FIRE:  262 02:59:18 -1508418.125000        0.111353
FIRE:  263 02:59:18 -1508418.125000        0.211319
FIRE:  264 02:59:18 -1508418.125000        0.734483
FIRE:  265 02:59:18 -1508418.250000        2.059108
FIRE:  266 02:59:18 -1508418.250000        0.097696
FIRE:  267 02:59:18 -1508418.125000        2.209905
FIRE:  268 02:59:18 -1508418.250000        1.525877
FIRE:  269 02:59:19 -1508418.125000        0.443748
FIRE:  270 02:59:19 -1508418.125000        0.659580
FIRE:  271 02:59:19 -1508418.125000        0.616064
FIRE:  272 02:59:19 -1508418.250000        0.531706
FIRE:  273 02:59:19 -1508418.125000        0.411301
FIRE:  274 02:59:19 -1508418.125000        0.262902
FIRE:  275 02:59:19 -1508418.250000        0.138098
FIRE:  276 02:59:19 -1508418.250000        0.085419
FIRE:  277 02:59:19 -1508418.250000        0.220291
FIRE:  278 02:59:19 -1508418.125000        0.331197
FIRE:  279 02:59:19 -1508418.250000        0.391984
FIRE:  280 02:59:19 -1508418.250000        0.384873
FIRE:  281 02:59:19 -1508418.250000        0.298971
FIRE:  282 02:59:19 -1508418.250000        0.139378
FIRE:  283 02:59:19 -1508418.250000        0.104499
FIRE:  284 02:59:19 -1508418.250000        0.240523
FIRE:  285 02:59:19 -1508418.250000        0.286027
FIRE:  286 02:59:20 -1508418.250000        0.171947
FIRE:  287 02:59:20 -1508418.250000        0.090114
FIRE:  288 02:59:20 -1508418.250000        0.266743
FIRE:  289 02:59:20 -1508418.250000        0.190812
FIRE:  290 02:59:20 -1508418.250000        0.138906
FIRE:  291 02:59:20 -1508418.125000        0.218013
FIRE:  292 02:59:20 -1508418.125000        0.101780
FIRE:  293 02:59:20 -1508418.125000        0.201660
FIRE:  294 02:59:20 -1508418.125000        0.222201
FIRE:  295 02:59:20 -1508418.375000        0.099140
FIRE:  296 02:59:20 -1508418.375000        0.083486
FIRE:  297 02:59:20 -1508418.375000        0.238976
FIRE:  298 02:59:20 -1508418.375000        0.852607
FIRE:  299 02:59:20 -1508418.250000        2.415363
FIRE:  300 02:59:20 -1508418.250000        0.079865
FIRE:  301 02:59:20 -1508418.375000        2.659242
FIRE:  302 02:59:20 -1508418.250000        1.785492
FIRE:  303 02:59:20 -1508418.375000        0.439367
FIRE:  304 02:59:21 -1508418.375000        0.883432
FIRE:  305 02:59:21 -1508418.375000        0.824923
FIRE:  306 02:59:21 -1508418.375000        0.710874
FIRE:  307 02:59:21 -1508418.375000        0.547485
FIRE:  308 02:59:21 -1508418.375000        0.345253
FIRE:  309 02:59:21 -1508418.250000        0.146886
FIRE:  310 02:59:21 -1508418.250000        0.120216
FIRE:  311 02:59:21 -1508418.375000        0.309427
FIRE:  312 02:59:21 -1508418.375000        0.304216
FIRE:  313 02:59:21 -1508418.250000        0.293739
FIRE:  314 02:59:21 -1508418.375000        0.278361
FIRE:  315 02:59:21 -1508418.250000        0.258444
FIRE:  316 02:59:21 -1508418.375000        0.234381
FIRE:  317 02:59:21 -1508418.375000        0.206841
FIRE:  318 02:59:21 -1508418.375000        0.176587
FIRE:  319 02:59:21 -1508418.250000        0.140982
FIRE:  320 02:59:21 -1508418.375000        0.101108
FIRE:  321 02:59:21 -1508418.250000        0.073984
FIRE:  322 02:59:22 -1508418.375000        0.076147
FIRE:  323 02:59:22 -1508418.375000        0.093381
FIRE:  324 02:59:22 -1508418.375000        0.115082
FIRE:  325 02:59:22 -1508418.375000        0.132221
FIRE:  326 02:59:22 -1508418.375000        0.138288
FIRE:  327 02:59:22 -1508418.375000        0.129286
FIRE:  328 02:59:22 -1508418.375000        0.105488
FIRE:  329 02:59:22 -1508418.375000        0.078081
FIRE:  330 02:59:22 -1508418.375000        0.076966
FIRE:  331 02:59:22 -1508418.250000        0.108002
FIRE:  332 02:59:22 -1508418.500000        0.120228
FIRE:  333 02:59:22 -1508418.375000        0.083548
FIRE:  334 02:59:22 -1508418.500000        0.076904
FIRE:  335 02:59:22 -1508418.375000        0.108419
FIRE:  336 02:59:22 -1508418.500000        0.099299
FIRE:  337 02:59:22 -1508418.500000        0.072474
FIRE:  338 02:59:22 -1508418.375000        0.106583
FIRE:  339 02:59:22 -1508418.500000        0.071231
FIRE:  340 02:59:23 -1508418.500000        0.107451
FIRE:  341 02:59:23 -1508418.500000        0.071516
FIRE:  342 02:59:23 -1508418.500000        0.081464
FIRE:  343 02:59:23 -1508418.500000        0.131364
FIRE:  344 02:59:23 -1508418.500000        0.220630
FIRE:  345 02:59:23 -1508418.375000        0.416613
FIRE:  346 02:59:23 -1508418.500000        1.080868
FIRE:  347 02:59:23 -1508418.625000        2.633172
FIRE:  348 02:59:23 -1508418.625000        0.128625
FIRE:  349 02:59:23 -1508418.625000        2.991948
FIRE:  350 02:59:23 -1508418.500000        2.010396
FIRE:  351 02:59:23 -1508418.625000        0.510908
FIRE:  352 02:59:23 -1508418.625000        0.953757
FIRE:  353 02:59:23 -1508418.625000        0.891965
FIRE:  354 02:59:23 -1508418.500000        0.771654
FIRE:  355 02:59:23 -1508418.625000        0.598908
FIRE:  356 02:59:23 -1508418.625000        0.383799
FIRE:  357 02:59:23 -1508418.500000        0.167461
FIRE:  358 02:59:24 -1508418.625000        0.113594
FIRE:  359 02:59:24 -1508418.625000        0.322435
FIRE:  360 02:59:24 -1508418.500000        0.316950
FIRE:  361 02:59:24 -1508418.625000        0.306334
FIRE:  362 02:59:24 -1508418.500000        0.290693
FIRE:  363 02:59:24 -1508418.625000        0.270353
FIRE:  364 02:59:24 -1508418.625000        0.245786
FIRE:  365 02:59:24 -1508418.500000        0.217538
FIRE:  366 02:59:24 -1508418.625000        0.186358
FIRE:  367 02:59:24 -1508418.500000        0.149483
FIRE:  368 02:59:24 -1508418.500000        0.107525
FIRE:  369 02:59:24 -1508418.500000        0.069207
FIRE:  370 02:59:24 -1508418.625000        0.069152
FIRE:  371 02:59:24 -1508418.625000        0.087504
FIRE:  372 02:59:24 -1508418.625000        0.112050
FIRE:  373 02:59:24 -1508418.625000        0.131220
FIRE:  374 02:59:24 -1508418.625000        0.138741
FIRE:  375 02:59:24 -1508418.625000        0.130361
FIRE:  376 02:59:25 -1508418.500000        0.105378
FIRE:  377 02:59:25 -1508418.625000        0.072899
FIRE:  378 02:59:25 -1508418.625000        0.067956
FIRE:  379 02:59:25 -1508418.625000        0.106858
FIRE:  380 02:59:25 -1508418.500000        0.125039
FIRE:  381 02:59:25 -1508418.625000        0.087486
FIRE:  382 02:59:25 -1508418.625000        0.066623
FIRE:  383 02:59:25 -1508418.500000        0.103688
FIRE:  384 02:59:25 -1508418.625000        0.100747
FIRE:  385 02:59:25 -1508418.625000        0.063895
FIRE:  386 02:59:25 -1508418.500000        0.110255
FIRE:  387 02:59:25 -1508418.625000        0.064447
FIRE:  388 02:59:25 -1508418.500000        0.107128
FIRE:  389 02:59:25 -1508418.625000        0.066707
FIRE:  390 02:59:25 -1508418.625000        0.106498
FIRE:  391 02:59:25 -1508418.625000        0.138118
FIRE:  392 02:59:25 -1508418.625000        0.201408
FIRE:  393 02:59:26 -1508418.625000        0.326000
FIRE:  394 02:59:26 -1508418.625000        0.890930
FIRE:  395 02:59:26 -1508418.750000        2.177725
FIRE:  396 02:59:26 -1508418.750000        0.109645
FIRE:  397 02:59:26 -1508418.750000        2.386560
FIRE:  398 02:59:26 -1508418.625000        1.648167
FIRE:  399 02:59:26 -1508418.625000        0.485389
FIRE:  400 02:59:26 -1508418.625000        0.694434
FIRE:  401 02:59:26 -1508418.750000        0.648893
FIRE:  402 02:59:26 -1508418.625000        0.560308
FIRE:  403 02:59:26 -1508418.625000        0.433724
FIRE:  404 02:59:26 -1508418.625000        0.276964
FIRE:  405 02:59:26 -1508418.750000        0.138650
FIRE:  406 02:59:26 -1508418.750000        0.082080
FIRE:  407 02:59:26 -1508418.750000        0.233244
FIRE:  408 02:59:26 -1508418.625000        0.229629
FIRE:  409 02:59:26 -1508418.625000        0.222436
FIRE:  410 02:59:26 -1508418.625000        0.211920
FIRE:  411 02:59:27 -1508418.625000        0.198156
FIRE:  412 02:59:27 -1508418.625000        0.181672
FIRE:  413 02:59:27 -1508418.750000        0.162579
FIRE:  414 02:59:27 -1508418.750000        0.141474
FIRE:  415 02:59:27 -1508418.750000        0.116619
FIRE:  416 02:59:27 -1508418.750000        0.088252
FIRE:  417 02:59:27 -1508418.750000        0.071079
FIRE:  418 02:59:27 -1508418.750000        0.071132
FIRE:  419 02:59:27 -1508418.750000        0.073149
FIRE:  420 02:59:27 -1508418.750000        0.089506
FIRE:  421 02:59:27 -1508418.750000        0.103024
FIRE:  422 02:59:27 -1508418.750000        0.109341
FIRE:  423 02:59:27 -1508418.750000        0.105154
FIRE:  424 02:59:27 -1508418.625000        0.094370
FIRE:  425 02:59:27 -1508418.625000        0.131854
FIRE:  426 02:59:27 -1508418.750000        0.151062
FIRE:  427 02:59:27 -1508418.625000        0.122097
FIRE:  428 02:59:27 -1508418.625000        0.095809
FIRE:  429 02:59:28 -1508418.625000        0.075394
FIRE:  430 02:59:28 -1508418.625000        0.070396
FIRE:  431 02:59:28 -1508418.750000        0.082565
FIRE:  432 02:59:28 -1508418.750000        0.085568
FIRE:  433 02:59:28 -1508418.625000        0.070110
FIRE:  434 02:59:28 -1508418.750000        0.083001
FIRE:  435 02:59:28 -1508418.875000        0.070000
FIRE:  436 02:59:28 -1508418.750000        0.083954
FIRE:  437 02:59:28 -1508418.875000        0.070206
FIRE:  438 02:59:28 -1508418.750000        0.088041
FIRE:  439 02:59:28 -1508418.875000        0.101814
FIRE:  440 02:59:28 -1508418.750000        0.129419
FIRE:  441 02:59:28 -1508418.875000        0.205083
FIRE:  442 02:59:28 -1508418.875000        0.652381
FIRE:  443 02:59:28 -1508418.750000        1.704109
FIRE:  444 02:59:28 -1508419.000000        0.082522
FIRE:  445 02:59:28 -1508418.750000        1.784115
FIRE:  446 02:59:28 -1508418.875000        1.260749
FIRE:  447 02:59:29 -1508418.875000        0.413284
FIRE:  448 02:59:29 -1508419.000000        0.476331
FIRE:  449 02:59:29 -1508419.000000        0.445081
FIRE:  450 02:59:29 -1508418.875000        0.384428
FIRE:  451 02:59:29 -1508419.000000        0.298142
FIRE:  452 02:59:29 -1508419.000000        0.191896
FIRE:  453 02:59:29 -1508418.875000        0.102693
FIRE:  454 02:59:29 -1508418.875000        0.071833
FIRE:  455 02:59:29 -1508418.875000        0.150316
FIRE:  456 02:59:29 -1508419.000000        0.233010
FIRE:  457 02:59:29 -1508419.000000        0.280595
FIRE:  458 02:59:29 -1508418.875000        0.279614
FIRE:  459 02:59:29 -1508419.000000        0.221042
FIRE:  460 02:59:29 -1508419.000000        0.107158
FIRE:  461 02:59:29 -1508418.875000        0.072061
FIRE:  462 02:59:29 -1508418.875000        0.164514
FIRE:  463 02:59:29 -1508418.875000        0.200630
FIRE:  464 02:59:29 -1508419.000000        0.120925
FIRE:  465 02:59:30 -1508419.000000        0.072635
FIRE:  466 02:59:30 -1508418.875000        0.195994
FIRE:  467 02:59:30 -1508419.000000        0.139573
FIRE:  468 02:59:30 -1508419.000000        0.100008
FIRE:  469 02:59:30 -1508418.875000        0.149889
FIRE:  470 02:59:30 -1508419.000000        0.085441
FIRE:  471 02:59:30 -1508419.000000        0.147996
FIRE:  472 02:59:30 -1508419.000000        0.163913
FIRE:  473 02:59:30 -1508418.875000        0.096228
FIRE:  474 02:59:30 -1508419.000000        0.079273
FIRE:  475 02:59:30 -1508419.125000        0.094486
FIRE:  476 02:59:30 -1508419.125000        0.388230
FIRE:  477 02:59:30 -1508419.000000        1.322145
FIRE:  478 02:59:30 -1508419.125000        0.084522
FIRE:  479 02:59:30 -1508419.000000        0.084518
FIRE:  480 02:59:30 -1508419.000000        0.084510
FIRE:  481 02:59:30 -1508419.000000        0.084501
FIRE:  482 02:59:30 -1508419.125000        0.084492
FIRE:  483 02:59:31 -1508419.000000        0.084487
FIRE:  484 02:59:31 -1508419.000000        0.084487
FIRE:  485 02:59:31 -1508419.000000        0.084498
FIRE:  486 02:59:31 -1508419.000000        0.084533
FIRE:  487 02:59:31 -1508419.000000        0.084604
FIRE:  488 02:59:31 -1508419.000000        0.084731
FIRE:  489 02:59:31 -1508419.000000        0.084932
FIRE:  490 02:59:31 -1508419.000000        0.085222
FIRE:  491 02:59:31 -1508419.000000        0.085611
FIRE:  492 02:59:31 -1508419.125000        0.086111
FIRE:  493 02:59:31 -1508419.000000        0.086716
FIRE:  494 02:59:31 -1508419.000000        0.087390
FIRE:  495 02:59:31 -1508419.000000        0.088111
FIRE:  496 02:59:31 -1508419.125000        0.088917
FIRE:  497 02:59:31 -1508419.125000        0.089737
FIRE:  498 02:59:31 -1508419.125000        0.208090
FIRE:  499 02:59:31 -1508419.125000        0.909151
FIRE:  500 02:59:32 -1508419.000000        2.742421
FIRE:  501 02:59:32 -1508419.125000        0.205865
FIRE:  502 02:59:32 -1508419.125000        0.157079
FIRE:  503 02:59:32 -1508419.125000        0.092238
FIRE:  504 02:59:32 -1508419.125000        0.092211
FIRE:  505 02:59:32 -1508419.125000        0.106274
FIRE:  506 02:59:32 -1508419.125000        0.098499
FIRE:  507 02:59:32 -1508419.000000        0.092015
FIRE:  508 02:59:32 -1508419.125000        0.091925
FIRE:  509 02:59:32 -1508419.125000        0.091831
FIRE:  510 02:59:32 -1508419.000000        0.101857
FIRE:  511 02:59:32 -1508419.125000        0.091741
FIRE:  512 02:59:32 -1508419.125000        0.091765
FIRE:  513 02:59:32 -1508419.125000        0.098163
FIRE:  514 02:59:32 -1508419.125000        0.091987
FIRE:  515 02:59:32 -1508419.125000        0.093266
FIRE:  516 02:59:32 -1508419.125000        0.092568
FIRE:  517 02:59:32 -1508419.125000        0.092781
FIRE:  518 02:59:33 -1508419.125000        0.122859
FIRE:  519 02:59:33 -1508419.125000        0.161040
FIRE:  520 02:59:33 -1508419.250000        0.389994
FIRE:  521 02:59:33 -1508419.375000        0.859496
FIRE:  522 02:59:33 -1508419.375000        2.495417
FIRE:  523 02:59:33 -1508419.250000        0.371681
FIRE:  524 02:59:33 -1508419.250000        0.289110
FIRE:  525 02:59:33 -1508419.250000        0.143672
FIRE:  526 02:59:33 -1508419.250000        0.130562
FIRE:  527 02:59:33 -1508419.375000        0.274424
FIRE:  528 02:59:33 -1508419.250000        0.316823
FIRE:  529 02:59:33 -1508419.250000        0.251257
FIRE:  530 02:59:33 -1508419.375000        0.106397
FIRE:  531 02:59:33 -1508419.250000        0.087946
FIRE:  532 02:59:33 -1508419.375000        0.198050
FIRE:  533 02:59:33 -1508419.250000        0.172091
FIRE:  534 02:59:33 -1508419.375000        0.062369
FIRE:  535 02:59:33 -1508419.250000        0.227859
FIRE:  536 02:59:34 -1508419.250000        0.169565
FIRE:  537 02:59:34 -1508419.125000        0.140065
FIRE:  538 02:59:34 -1508419.250000        0.129592
FIRE:  539 02:59:34 -1508419.375000        0.214169
FIRE:  540 02:59:34 -1508419.250000        0.073658
FIRE:  541 02:59:34 -1508419.125000        0.184151
FIRE:  542 02:59:34 -1508419.250000        0.403565
FIRE:  543 02:59:34 -1508419.250000        0.635611
FIRE:  544 02:59:34 -1508419.250000        1.476144
FIRE:  545 02:59:34 -1508419.375000        0.078301
FIRE:  546 02:59:34 -1508419.250000        1.140522
FIRE:  547 02:59:34 -1508419.375000        0.879139
FIRE:  548 02:59:34 -1508419.375000        0.400995
FIRE:  549 02:59:34 -1508419.375000        0.198131
FIRE:  550 02:59:34 -1508419.500000        0.188351
FIRE:  551 02:59:34 -1508419.375000        0.169606
FIRE:  552 02:59:34 -1508419.375000        0.143148
FIRE:  553 02:59:34 -1508419.375000        0.111128
FIRE:  554 02:59:35 -1508419.375000        0.076227
FIRE:  555 02:59:35 -1508419.375000        0.073505
FIRE:  556 02:59:35 -1508419.375000        0.073563
FIRE:  557 02:59:35 -1508419.375000        0.085819
FIRE:  558 02:59:35 -1508419.375000        0.098456
FIRE:  559 02:59:35 -1508419.250000        0.101002
FIRE:  560 02:59:35 -1508419.375000        0.090686
FIRE:  561 02:59:35 -1508419.250000        0.074005
FIRE:  562 02:59:35 -1508419.375000        0.074127
FIRE:  563 02:59:35 -1508419.375000        0.080068
FIRE:  564 02:59:35 -1508419.375000        0.098540
FIRE:  565 02:59:35 -1508419.375000        0.079964
FIRE:  566 02:59:35 -1508419.375000        0.074991
FIRE:  567 02:59:35 -1508419.250000        0.079180
FIRE:  568 02:59:35 -1508419.250000        0.075678
FIRE:  569 02:59:35 -1508419.250000        0.076072
FIRE:  570 02:59:35 -1508419.250000        0.086300
FIRE:  571 02:59:35 -1508419.250000        0.076876
FIRE:  572 02:59:36 -1508419.250000        0.077050
FIRE:  573 02:59:36 -1508419.250000        0.083861
FIRE:  574 02:59:36 -1508419.250000        0.076131
FIRE:  575 02:59:36 -1508419.375000        0.073994
FIRE:  576 02:59:36 -1508419.375000        0.091643
FIRE:  577 02:59:36 -1508419.250000        0.199489
FIRE:  578 02:59:36 -1508419.250000        0.872631
FIRE:  579 02:59:36 -1508419.250000        2.619719
FIRE:  580 02:59:36 -1508419.375000        0.259547
FIRE:  581 02:59:36 -1508419.375000        0.191815
FIRE:  582 02:59:36 -1508419.375000        0.078421
FIRE:  583 02:59:36 -1508419.375000        0.101669
FIRE:  584 02:59:36 -1508419.375000        0.140463
FIRE:  585 02:59:36 -1508419.375000        0.133651
FIRE:  586 02:59:36 -1508419.375000        0.085397
FIRE:  587 02:59:36 -1508419.375000        0.060222
FIRE:  588 02:59:36 -1508419.375000        0.110721
FIRE:  589 02:59:36 -1508419.375000        0.140671
FIRE:  590 02:59:37 -1508419.375000        0.071724
FIRE:  591 02:59:37 -1508419.375000        0.107219
FIRE:  592 02:59:37 -1508419.375000        0.123179
FIRE:  593 02:59:37 -1508419.375000        0.061695
FIRE:  594 02:59:37 -1508419.375000        0.120331
FIRE:  595 02:59:37 -1508419.375000        0.068699
FIRE:  596 02:59:37 -1508419.375000        0.068882
FIRE:  597 02:59:37 -1508419.375000        0.163714
FIRE:  598 02:59:37 -1508419.375000        0.191786
FIRE:  599 02:59:37 -1508419.375000        0.396410
FIRE:  600 02:59:37 -1508419.375000        0.791537
FIRE:  601 02:59:37 -1508419.375000        0.113952
FIRE:  602 02:59:37 -1508419.375000        0.726591
FIRE:  603 02:59:37 -1508419.375000        0.560554
FIRE:  604 02:59:37 -1508419.375000        0.273032
FIRE:  605 02:59:37 -1508419.375000        0.094950
FIRE:  606 02:59:37 -1508419.375000        0.091468
FIRE:  607 02:59:38 -1508419.375000        0.084672
FIRE:  608 02:59:38 -1508419.375000        0.075351
FIRE:  609 02:59:38 -1508419.375000        0.064111
FIRE:  610 02:59:38 -1508419.375000        0.052403
FIRE:  611 02:59:38 -1508419.375000        0.052079
FIRE:  612 02:59:38 -1508419.375000        0.052053
FIRE:  613 02:59:38 -1508419.375000        0.052025
FIRE:  614 02:59:38 -1508419.375000        0.062002
FIRE:  615 02:59:38 -1508419.375000        0.066661
FIRE:  616 02:59:38 -1508419.375000        0.062961
FIRE:  617 02:59:38 -1508419.375000        0.051875
FIRE:  618 02:59:38 -1508419.375000        0.051825
FIRE:  619 02:59:38 -1508419.375000        0.051760
FIRE:  620 02:59:38 -1508419.375000        0.054988
FIRE:  621 02:59:38 -1508419.375000        0.052928
FIRE:  622 02:59:38 -1508419.375000        0.051375
FIRE:  623 02:59:38 -1508419.375000        0.051169
FIRE:  624 02:59:38 -1508419.375000        0.052654
FIRE:  625 02:59:39 -1508419.375000        0.050666
FIRE:  626 02:59:39 -1508419.375000        0.052151
FIRE:  627 02:59:39 -1508419.375000        0.049910
