      Step     Time          Energy          fmax
FIRE:    0 17:20:07 -1027785.250000        5.277887
FIRE:    1 17:20:08 -1027787.937500        4.763514
FIRE:    2 17:20:10 -1027789.812500        3.970288
FIRE:    3 17:20:10 -1027792.875000        2.742973
FIRE:    4 17:20:10 -1027794.062500        2.657546
FIRE:    5 17:20:10 -1027794.875000        3.229039
FIRE:    6 17:20:10 -1027795.000000        2.652022
FIRE:    7 17:20:10 -1027794.500000        2.367026
FIRE:    8 17:20:12 -1027795.375000        2.208937
FIRE:    9 17:20:12 -1027795.500000        2.030710
FIRE:   10 17:20:12 -1027795.812500        2.104873
FIRE:   11 17:20:12 -1027796.312500        2.370212
FIRE:   12 17:20:12 -1027796.562500        2.227829
FIRE:   13 17:20:12 -1027796.625000        1.609362
FIRE:   14 17:20:12 -1027797.375000        1.278689
FIRE:   15 17:20:12 -1027797.625000        1.774215
FIRE:   16 17:20:12 -1027797.250000        1.958458
FIRE:   17 17:20:12 -1027798.437500        1.558082
FIRE:   18 17:20:14 -1027798.562500        1.419448
FIRE:   19 17:20:14 -1027799.312500        1.787471
FIRE:   20 17:20:14 -1027799.250000        1.164098
FIRE:   21 17:20:14 -1027799.625000        1.306853
FIRE:   22 17:20:14 -1027800.562500        1.410601
FIRE:   23 17:20:14 -1027800.437500        1.044861
FIRE:   24 17:20:14 -1027800.750000        1.032254
FIRE:   25 17:20:14 -1027801.062500        1.038120
FIRE:   26 17:20:14 -1027801.500000        0.828098
FIRE:   27 17:20:14 -1027801.812500        0.967698
FIRE:   28 17:20:14 -1027801.875000        0.640979
FIRE:   29 17:20:14 -1027802.062500        0.794674
FIRE:   30 17:20:14 -1027802.687500        1.015793
FIRE:   31 17:20:14 -1027802.937500        1.079979
FIRE:   32 17:20:14 -1027803.125000        0.986907
FIRE:   33 17:20:14 -1027803.437500        1.424787
FIRE:   34 17:20:14 -1027803.687500        1.853729
FIRE:   35 17:20:14 -1027804.000000        2.021263
FIRE:   36 17:20:14 -1027804.312500        1.774285
FIRE:   37 17:20:14 -1027803.687500        1.633748
FIRE:   38 17:20:14 -1027805.125000        1.332530
FIRE:   39 17:20:14 -1027805.312500        1.120638
FIRE:   40 17:20:15 -1027805.500000        1.248413
FIRE:   41 17:20:15 -1027804.625000        1.866863
FIRE:   42 17:20:15 -1027802.062500       19.519581
FIRE:   43 17:20:15 -1027804.312500        4.576128
FIRE:   44 17:20:15 -1027804.500000        2.361060
FIRE:   45 17:20:15 -1027804.750000        1.224443
FIRE:   46 17:20:15 -1027804.750000        0.393020
FIRE:   47 17:20:15 -1027804.687500        0.392249
FIRE:   48 17:20:15 -1027804.562500        0.390743
FIRE:   49 17:20:15 -1027804.750000        0.388524
FIRE:   50 17:20:15 -1027804.750000        0.385609
FIRE:   51 17:20:15 -1027804.750000        0.382071
FIRE:   52 17:20:15 -1027804.687500        0.377971
FIRE:   53 17:20:15 -1027804.687500        0.373376
FIRE:   54 17:20:15 -1027804.812500        0.367790
FIRE:   55 17:20:15 -1027804.625000        0.361043
FIRE:   56 17:20:15 -1027804.625000        0.352928
FIRE:   57 17:20:15 -1027804.812500        0.343146
FIRE:   58 17:20:16 -1027804.875000        0.331400
FIRE:   59 17:20:16 -1027804.687500        0.317437
FIRE:   60 17:20:16 -1027804.687500        0.301041
FIRE:   61 17:20:16 -1027805.562500        0.282268
FIRE:   62 17:20:16 -1027805.625000        0.261353
FIRE:   63 17:20:16 -1027805.562500        0.238229
FIRE:   64 17:20:16 -1027805.625000        0.212045
FIRE:   65 17:20:16 -1027805.750000        0.196114
FIRE:   66 17:20:16 -1027805.812500        0.193242
FIRE:   67 17:20:16 -1027805.812500        0.204555
FIRE:   68 17:20:16 -1027805.875000        0.202877
FIRE:   69 17:20:16 -1027806.187500        0.188910
FIRE:   70 17:20:16 -1027805.312500        0.363134
FIRE:   71 17:20:16 -1027805.500000        1.049716
FIRE:   72 17:20:16 -1027805.437500        3.063462
FIRE:   73 17:20:16 -1027805.625000        0.473974
FIRE:   74 17:20:16 -1027805.625000        3.042475
FIRE:   75 17:20:17 -1027805.500000        2.174513
FIRE:   76 17:20:17 -1027805.500000        0.779755
FIRE:   77 17:20:17 -1027805.500000        0.667855
FIRE:   78 17:20:17 -1027805.500000        0.630070
FIRE:   79 17:20:17 -1027805.687500        0.556491
FIRE:   80 17:20:17 -1027805.750000        0.451327
FIRE:   81 17:20:17 -1027805.625000        0.321224
FIRE:   82 17:20:17 -1027805.500000        0.192966
FIRE:   83 17:20:17 -1027805.687500        0.193276
FIRE:   84 17:20:17 -1027805.500000        0.193730
FIRE:   85 17:20:17 -1027805.500000        0.231375
FIRE:   86 17:20:17 -1027805.562500        0.313388
FIRE:   87 17:20:17 -1027805.500000        0.336495
FIRE:   88 17:20:17 -1027805.500000        0.284207
FIRE:   89 17:20:17 -1027805.500000        0.201447
FIRE:   90 17:20:17 -1027805.500000        0.204619
FIRE:   91 17:20:17 -1027805.812500        0.212488
FIRE:   92 17:20:18 -1027805.500000        0.297936
FIRE:   93 17:20:18 -1027805.500000        0.230720
FIRE:   94 17:20:18 -1027805.562500        0.222636
FIRE:   95 17:20:18 -1027805.562500        0.228674
FIRE:   96 17:20:18 -1027805.562500        0.235683
FIRE:   97 17:20:18 -1027805.750000        0.243128
FIRE:   98 17:20:18 -1027805.625000        0.249064
FIRE:   99 17:20:18 -1027805.812500        0.251287
FIRE:  100 17:20:18 -1027805.687500        0.245792
FIRE:  101 17:20:18 -1027805.937500        0.224904
FIRE:  102 17:20:18 -1027805.812500        0.207307
FIRE:  103 17:20:18 -1027806.062500        0.208379
FIRE:  104 17:20:18 -1027807.187500        0.573553
FIRE:  105 17:20:18 -1027807.250000        1.473232
FIRE:  106 17:20:18 -1027807.187500        3.492482
FIRE:  107 17:20:18 -1027807.125000        0.492932
FIRE:  108 17:20:18 -1027807.062500        3.727262
FIRE:  109 17:20:18 -1027807.000000        2.599784
FIRE:  110 17:20:19 -1027807.187500        0.835746
FIRE:  111 17:20:19 -1027807.187500        0.931539
FIRE:  112 17:20:19 -1027807.125000        0.877281
FIRE:  113 17:20:19 -1027807.125000        0.771433
FIRE:  114 17:20:19 -1027807.125000        0.619538
FIRE:  115 17:20:19 -1027807.000000        0.430165
FIRE:  116 17:20:19 -1027806.937500        0.216279
FIRE:  117 17:20:19 -1027806.875000        0.185218
FIRE:  118 17:20:19 -1027807.000000        0.203713
FIRE:  119 17:20:19 -1027807.000000        0.373404
FIRE:  120 17:20:19 -1027806.875000        0.483578
FIRE:  121 17:20:19 -1027807.000000        0.506574
FIRE:  122 17:20:19 -1027806.875000        0.421993
FIRE:  123 17:20:19 -1027806.312500        0.227391
FIRE:  124 17:20:19 -1027806.125000        0.181181
FIRE:  125 17:20:19 -1027806.125000        0.300797
FIRE:  126 17:20:19 -1027806.187500        0.420165
FIRE:  127 17:20:20 -1027806.312500        0.326008
FIRE:  128 17:20:20 -1027806.187500        0.176881
FIRE:  129 17:20:20 -1027806.187500        0.289235
FIRE:  130 17:20:20 -1027806.187500        0.290012
FIRE:  131 17:20:20 -1027806.750000        0.174363
FIRE:  132 17:20:20 -1027806.812500        0.345334
FIRE:  133 17:20:20 -1027807.312500        0.173450
FIRE:  134 17:20:20 -1027807.250000        0.331975
FIRE:  135 17:20:20 -1027807.312500        0.189571
FIRE:  136 17:20:20 -1027807.375000        0.174157
FIRE:  137 17:20:20 -1027807.375000        0.429610
FIRE:  138 17:20:20 -1027807.437500        0.891757
FIRE:  139 17:20:20 -1027807.250000        1.841611
FIRE:  140 17:20:20 -1027807.562500        3.984273
FIRE:  141 17:20:20 -1027807.687500        0.503522
FIRE:  142 17:20:20 -1027807.562500        4.510904
FIRE:  143 17:20:21 -1027807.562500        3.055007
FIRE:  144 17:20:21 -1027807.687500        0.847714
FIRE:  145 17:20:21 -1027807.687500        1.272478
FIRE:  146 17:20:21 -1027807.687500        1.196985
FIRE:  147 17:20:21 -1027807.687500        1.049407
FIRE:  148 17:20:21 -1027807.687500        0.836723
FIRE:  149 17:20:21 -1027807.687500        0.570115
FIRE:  150 17:20:21 -1027807.687500        0.266348
FIRE:  151 17:20:21 -1027807.687500        0.135402
FIRE:  152 17:20:21 -1027807.687500        0.330378
FIRE:  153 17:20:21 -1027807.687500        0.563117
FIRE:  154 17:20:21 -1027807.687500        0.706696
FIRE:  155 17:20:21 -1027807.687500        0.725977
FIRE:  156 17:20:21 -1027807.625000        0.595924
FIRE:  157 17:20:21 -1027807.687500        0.315309
FIRE:  158 17:20:22 -1027807.625000        0.131565
FIRE:  159 17:20:22 -1027807.625000        0.418299
FIRE:  160 17:20:22 -1027807.625000        0.575668
FIRE:  161 17:20:22 -1027807.750000        0.445655
FIRE:  162 17:20:22 -1027807.750000        0.130151
FIRE:  163 17:20:22 -1027807.687500        0.409668
FIRE:  164 17:20:22 -1027807.750000        0.426596
FIRE:  165 17:20:22 -1027807.750000        0.128538
FIRE:  166 17:20:22 -1027807.812500        0.463183
FIRE:  167 17:20:22 -1027807.812500        0.127270
FIRE:  168 17:20:22 -1027807.750000        0.483925
FIRE:  169 17:20:22 -1027807.812500        0.171914
FIRE:  170 17:20:22 -1027807.875000        0.282616
FIRE:  171 17:20:22 -1027807.937500        0.675615
FIRE:  172 17:20:22 -1027807.875000        1.104632
FIRE:  173 17:20:22 -1027807.812500        2.003210
FIRE:  174 17:20:23 -1027807.625000        0.136424
FIRE:  175 17:20:23 -1027807.625000        1.554141
FIRE:  176 17:20:23 -1027807.750000        1.244423
FIRE:  177 17:20:23 -1027807.750000        0.670813
FIRE:  178 17:20:23 -1027807.687500        0.136483
FIRE:  179 17:20:23 -1027807.750000        0.730543
FIRE:  180 17:20:23 -1027807.625000        0.687974
FIRE:  181 17:20:23 -1027807.812500        0.605820
FIRE:  182 17:20:23 -1027807.812500        0.489552
FIRE:  183 17:20:23 -1027807.812500        0.347385
FIRE:  184 17:20:23 -1027807.812500        0.190065
FIRE:  185 17:20:23 -1027807.125000        0.136589
FIRE:  186 17:20:23 -1027807.000000        0.137043
FIRE:  187 17:20:23 -1027807.000000        0.244786
FIRE:  188 17:20:23 -1027807.000000        0.339294
FIRE:  189 17:20:24 -1027807.000000        0.381115
FIRE:  190 17:20:24 -1027807.250000        0.354908
FIRE:  191 17:20:24 -1027807.312500        0.251587
FIRE:  192 17:20:24 -1027807.312500        0.136913
FIRE:  193 17:20:24 -1027807.250000        0.136295
FIRE:  194 17:20:24 -1027807.312500        0.266514
FIRE:  195 17:20:24 -1027807.250000        0.268639
FIRE:  196 17:20:24 -1027807.187500        0.136514
FIRE:  197 17:20:24 -1027807.437500        0.152436
FIRE:  198 17:20:24 -1027807.437500        0.268656
FIRE:  199 17:20:24 -1027807.437500        0.139365
FIRE:  200 17:20:24 -1027808.062500        0.194593
FIRE:  201 17:20:24 -1027808.187500        0.164177
FIRE:  202 17:20:24 -1027808.187500        0.207965
FIRE:  203 17:20:24 -1027808.125000        0.155952
FIRE:  204 17:20:25 -1027808.187500        0.293722
FIRE:  205 17:20:25 -1027808.250000        0.308945
FIRE:  206 17:20:25 -1027808.312500        0.295221
FIRE:  207 17:20:25 -1027808.375000        0.548417
FIRE:  208 17:20:25 -1027808.375000        1.484664
FIRE:  209 17:20:25 -1027808.437500        3.831129
FIRE:  210 17:20:25 -1027808.500000        0.206493
FIRE:  211 17:20:25 -1027808.437500        4.530102
FIRE:  212 17:20:25 -1027808.500000        2.972351
FIRE:  213 17:20:25 -1027808.500000        0.656723
FIRE:  214 17:20:25 -1027808.437500        1.498831
FIRE:  215 17:20:25 -1027808.500000        1.405414
FIRE:  216 17:20:25 -1027808.500000        1.222548
FIRE:  217 17:20:25 -1027808.500000        0.958889
FIRE:  218 17:20:25 -1027808.500000        0.627752
FIRE:  219 17:20:25 -1027808.500000        0.249297
FIRE:  220 17:20:26 -1027808.500000        0.143035
FIRE:  221 17:20:26 -1027808.500000        0.478986
FIRE:  222 17:20:26 -1027808.500000        0.470588
FIRE:  223 17:20:26 -1027808.500000        0.453853
FIRE:  224 17:20:26 -1027808.500000        0.429257
FIRE:  225 17:20:26 -1027808.500000        0.397220
FIRE:  226 17:20:26 -1027808.500000        0.358516
FIRE:  227 17:20:26 -1027808.500000        0.314001
FIRE:  228 17:20:26 -1027808.500000        0.264752
FIRE:  229 17:20:26 -1027808.500000        0.206352
FIRE:  230 17:20:26 -1027808.500000        0.139105
FIRE:  231 17:20:26 -1027808.500000        0.114148
FIRE:  232 17:20:26 -1027808.500000        0.114244
FIRE:  233 17:20:26 -1027808.500000        0.114331
FIRE:  234 17:20:26 -1027808.562500        0.156921
FIRE:  235 17:20:27 -1027808.562500        0.204791
FIRE:  236 17:20:27 -1027808.562500        0.225267
FIRE:  237 17:20:27 -1027808.562500        0.210397
FIRE:  238 17:20:27 -1027808.562500        0.155535
FIRE:  239 17:20:27 -1027808.562500        0.114132
FIRE:  240 17:20:27 -1027808.562500        0.113967
FIRE:  241 17:20:27 -1027808.562500        0.137400
FIRE:  242 17:20:27 -1027808.562500        0.165081
FIRE:  243 17:20:27 -1027808.562500        0.114065
FIRE:  244 17:20:27 -1027808.562500        0.114391
FIRE:  245 17:20:27 -1027808.562500        0.149541
FIRE:  246 17:20:27 -1027808.562500        0.139607
FIRE:  247 17:20:27 -1027808.562500        0.115006
FIRE:  248 17:20:27 -1027808.625000        0.140897
FIRE:  249 17:20:27 -1027808.625000        0.115966
FIRE:  250 17:20:28 -1027808.625000        0.155105
FIRE:  251 17:20:28 -1027808.625000        0.117048
FIRE:  252 17:20:28 -1027808.687500        0.133544
FIRE:  253 17:20:28 -1027808.687500        0.219213
FIRE:  254 17:20:28 -1027808.937500        0.286284
FIRE:  255 17:20:28 -1027808.562500        0.547335
FIRE:  256 17:20:28 -1027808.562500        1.308167
FIRE:  257 17:20:28 -1027809.000000        3.177495
FIRE:  258 17:20:28 -1027809.125000        0.149148
FIRE:  259 17:20:28 -1027809.000000        3.578927
FIRE:  260 17:20:28 -1027809.062500        2.419451
FIRE:  261 17:20:28 -1027809.125000        0.633069
FIRE:  262 17:20:28 -1027809.062500        1.114540
FIRE:  263 17:20:28 -1027809.062500        1.044679
FIRE:  264 17:20:28 -1027809.125000        0.908387
FIRE:  265 17:20:28 -1027809.125000        0.712625
FIRE:  266 17:20:29 -1027809.125000        0.468142
FIRE:  267 17:20:29 -1027809.125000        0.190730
FIRE:  268 17:20:29 -1027808.625000        0.133226
FIRE:  269 17:20:29 -1027808.625000        0.339857
FIRE:  270 17:20:29 -1027808.625000        0.334037
FIRE:  271 17:20:29 -1027808.562500        0.322489
FIRE:  272 17:20:29 -1027808.625000        0.305486
FIRE:  273 17:20:29 -1027808.687500        0.283414
FIRE:  274 17:20:29 -1027808.625000        0.256578
FIRE:  275 17:20:29 -1027808.625000        0.225762
FIRE:  276 17:20:29 -1027808.562500        0.191622
FIRE:  277 17:20:29 -1027808.750000        0.151015
FIRE:  278 17:20:29 -1027808.375000        0.133456
FIRE:  279 17:20:29 -1027808.437500        0.133620
FIRE:  280 17:20:29 -1027808.625000        0.133793
FIRE:  281 17:20:30 -1027808.750000        0.133971
FIRE:  282 17:20:30 -1027808.625000        0.134134
FIRE:  283 17:20:30 -1027808.750000        0.143068
FIRE:  284 17:20:30 -1027808.625000        0.160219
FIRE:  285 17:20:30 -1027808.375000        0.152532
FIRE:  286 17:20:30 -1027808.687500        0.134343
FIRE:  287 17:20:30 -1027808.437500        0.134244
FIRE:  288 17:20:30 -1027808.437500        0.134142
FIRE:  289 17:20:30 -1027808.625000        0.134113
FIRE:  290 17:20:30 -1027808.625000        0.134243
FIRE:  291 17:20:30 -1027808.750000        0.134578
FIRE:  292 17:20:30 -1027808.750000        0.135064
FIRE:  293 17:20:30 -1027808.750000        0.135515
FIRE:  294 17:20:30 -1027808.687500        0.135725
FIRE:  295 17:20:30 -1027808.812500        0.135725
FIRE:  296 17:20:30 -1027808.500000        0.135923
FIRE:  297 17:20:31 -1027808.625000        0.136609
FIRE:  298 17:20:31 -1027809.187500        0.137225
FIRE:  299 17:20:31 -1027809.250000        0.137096
FIRE:  300 17:20:31 -1027808.625000        0.137271
FIRE:  301 17:20:31 -1027808.812500        0.151531
FIRE:  302 17:20:31 -1027808.875000        0.176078
FIRE:  303 17:20:31 -1027808.750000        0.422025
FIRE:  304 17:20:31 -1027808.125000        1.217726
FIRE:  305 17:20:31 -1027808.125000        3.330600
FIRE:  306 17:20:31 -1027808.250000        0.146519
FIRE:  307 17:20:31 -1027808.125000        3.771369
FIRE:  308 17:20:31 -1027808.187500        2.472699
FIRE:  309 17:20:31 -1027808.250000        0.515162
FIRE:  310 17:20:31 -1027808.187500        1.314180
FIRE:  311 17:20:31 -1027808.250000        1.228892
FIRE:  312 17:20:32 -1027808.250000        1.062393
FIRE:  313 17:20:32 -1027808.250000        0.823173
FIRE:  314 17:20:32 -1027808.250000        0.524537
FIRE:  315 17:20:32 -1027808.250000        0.186405
FIRE:  316 17:20:32 -1027808.250000        0.156421
FIRE:  317 17:20:32 -1027808.250000        0.443370
FIRE:  318 17:20:32 -1027808.250000        0.435202
FIRE:  319 17:20:32 -1027808.250000        0.419081
FIRE:  320 17:20:32 -1027808.250000        0.395278
FIRE:  321 17:20:32 -1027808.250000        0.364436
FIRE:  322 17:20:32 -1027808.250000        0.327134
FIRE:  323 17:20:32 -1027808.250000        0.284322
FIRE:  324 17:20:32 -1027808.250000        0.237095
FIRE:  325 17:20:32 -1027808.250000        0.181160
FIRE:  326 17:20:32 -1027808.250000        0.144339
FIRE:  327 17:20:32 -1027808.250000        0.144473
FIRE:  328 17:20:33 -1027808.250000        0.144608
FIRE:  329 17:20:33 -1027808.250000        0.144734
FIRE:  330 17:20:33 -1027808.250000        0.157582
FIRE:  331 17:20:33 -1027808.250000        0.199056
FIRE:  332 17:20:33 -1027808.250000        0.213352
FIRE:  333 17:20:33 -1027808.250000        0.193347
FIRE:  334 17:20:33 -1027808.250000        0.144558
FIRE:  335 17:20:33 -1027808.250000        0.144287
FIRE:  336 17:20:33 -1027808.250000        0.143999
FIRE:  337 17:20:33 -1027808.250000        0.143771
FIRE:  338 17:20:33 -1027808.250000        0.150679
FIRE:  339 17:20:33 -1027808.250000        0.143778
FIRE:  340 17:20:33 -1027808.250000        0.142695
FIRE:  341 17:20:33 -1027808.250000        0.149096
FIRE:  342 17:20:33 -1027808.437500        0.140185
FIRE:  343 17:20:33 -1027808.250000        0.143412
FIRE:  344 17:20:34 -1027808.375000        0.138913
FIRE:  345 17:20:34 -1027808.312500        0.129346
FIRE:  346 17:20:34 -1027808.312500        0.143592
FIRE:  347 17:20:34 -1027808.312500        0.126114
FIRE:  348 17:20:34 -1027808.375000        0.130852
FIRE:  349 17:20:34 -1027809.562500        0.186807
FIRE:  350 17:20:34 -1027809.625000        0.307569
FIRE:  351 17:20:34 -1027809.687500        0.679498
FIRE:  352 17:20:34 -1027809.750000        1.683219
FIRE:  353 17:20:34 -1027808.437500        4.113207
FIRE:  354 17:20:34 -1027808.562500        0.201925
FIRE:  355 17:20:34 -1027808.437500        5.022469
FIRE:  356 17:20:34 -1027808.500000        3.233334
FIRE:  357 17:20:34 -1027808.562500        0.622357
FIRE:  358 17:20:34 -1027808.562500        1.742986
FIRE:  359 17:20:35 -1027808.562500        1.634775
FIRE:  360 17:20:35 -1027808.562500        1.422731
FIRE:  361 17:20:35 -1027808.562500        1.115927
FIRE:  362 17:20:35 -1027808.562500        0.729051
FIRE:  363 17:20:35 -1027808.625000        0.284060
FIRE:  364 17:20:35 -1027808.562500        0.180464
FIRE:  365 17:20:35 -1027808.625000        0.177289
FIRE:  366 17:20:35 -1027808.562500        0.171135
FIRE:  367 17:20:35 -1027808.562500        0.161890
FIRE:  368 17:20:35 -1027808.562500        0.149942
FIRE:  369 17:20:35 -1027808.625000        0.135562
FIRE:  370 17:20:35 -1027808.562500        0.133417
FIRE:  371 17:20:35 -1027808.562500        0.133455
FIRE:  372 17:20:35 -1027808.562500        0.133493
FIRE:  373 17:20:35 -1027808.562500        0.133547
FIRE:  374 17:20:35 -1027808.562500        0.133610
FIRE:  375 17:20:36 -1027808.562500        0.133674
FIRE:  376 17:20:36 -1027808.562500        0.133746
FIRE:  377 17:20:36 -1027808.562500        0.133812
FIRE:  378 17:20:36 -1027808.562500        0.133882
FIRE:  379 17:20:36 -1027808.562500        0.133940
FIRE:  380 17:20:36 -1027808.562500        0.133980
FIRE:  381 17:20:36 -1027808.562500        0.134010
FIRE:  382 17:20:36 -1027808.562500        0.134042
FIRE:  383 17:20:36 -1027808.562500        0.134113
FIRE:  384 17:20:36 -1027808.562500        0.134245
FIRE:  385 17:20:36 -1027808.562500        0.134500
FIRE:  386 17:20:36 -1027808.562500        0.134922
FIRE:  387 17:20:36 -1027808.562500        0.135559
FIRE:  388 17:20:36 -1027808.562500        0.136428
FIRE:  389 17:20:36 -1027808.625000        0.136931
FIRE:  390 17:20:37 -1027808.625000        0.135443
FIRE:  391 17:20:37 -1027808.625000        0.133806
FIRE:  392 17:20:37 -1027808.625000        0.132163
FIRE:  393 17:20:37 -1027808.625000        0.130502
FIRE:  394 17:20:37 -1027808.687500        0.128853
FIRE:  395 17:20:37 -1027808.687500        0.127727
FIRE:  396 17:20:37 -1027808.687500        0.127264
FIRE:  397 17:20:37 -1027808.750000        0.133094
FIRE:  398 17:20:37 -1027808.750000        0.373548
FIRE:  399 17:20:37 -1027808.812500        1.119365
FIRE:  400 17:20:37 -1027808.812500        3.081463
FIRE:  401 17:20:37 -1027808.875000        0.127307
FIRE:  402 17:20:37 -1027808.875000        3.425593
FIRE:  403 17:20:37 -1027808.812500        2.301116
FIRE:  404 17:20:37 -1027808.937500        0.568298
FIRE:  405 17:20:37 -1027808.937500        1.119602
FIRE:  406 17:20:37 -1027808.875000        1.048758
FIRE:  407 17:20:37 -1027808.875000        0.910596
FIRE:  408 17:20:38 -1027808.875000        0.712340
FIRE:  409 17:20:38 -1027808.875000        0.465314
FIRE:  410 17:20:38 -1027808.875000        0.186125
FIRE:  411 17:20:38 -1027808.875000        0.125062
FIRE:  412 17:20:38 -1027808.875000        0.341251
FIRE:  413 17:20:38 -1027808.875000        0.335130
FIRE:  414 17:20:38 -1027808.937500        0.323051
FIRE:  415 17:20:38 -1027808.937500        0.305223
FIRE:  416 17:20:38 -1027808.875000        0.281992
FIRE:  417 17:20:38 -1027808.937500        0.253932
FIRE:  418 17:20:38 -1027808.937500        0.221751
FIRE:  419 17:20:38 -1027808.875000        0.186079
FIRE:  420 17:20:38 -1027808.875000        0.143775
FIRE:  421 17:20:38 -1027808.875000        0.124731
FIRE:  422 17:20:38 -1027808.875000        0.124744
FIRE:  423 17:20:38 -1027808.937500        0.124748
FIRE:  424 17:20:38 -1027808.875000        0.124735
FIRE:  425 17:20:39 -1027808.875000        0.124689
FIRE:  426 17:20:39 -1027808.875000        0.156965
FIRE:  427 17:20:39 -1027808.875000        0.172472
FIRE:  428 17:20:39 -1027808.875000        0.161800
FIRE:  429 17:20:39 -1027808.937500        0.123913
FIRE:  430 17:20:39 -1027808.875000        0.123520
FIRE:  431 17:20:39 -1027808.875000        0.123059
FIRE:  432 17:20:39 -1027808.875000        0.122557
FIRE:  433 17:20:39 -1027808.937500        0.126073
FIRE:  434 17:20:39 -1027809.875000        0.121514
FIRE:  435 17:20:39 -1027808.875000        0.120947
FIRE:  436 17:20:39 -1027808.875000        0.120258
FIRE:  437 17:20:39 -1027808.875000        0.119341
FIRE:  438 17:20:39 -1027809.937500        0.118184
FIRE:  439 17:20:39 -1027808.875000        0.116974
FIRE:  440 17:20:39 -1027810.000000        0.115908
FIRE:  441 17:20:39 -1027810.000000        0.121257
FIRE:  442 17:20:40 -1027810.000000        0.113686
FIRE:  443 17:20:40 -1027810.000000        0.112556
FIRE:  444 17:20:40 -1027810.000000        0.166418
FIRE:  445 17:20:40 -1027810.062500        0.215342
FIRE:  446 17:20:40 -1027810.000000        0.453892
FIRE:  447 17:20:40 -1027810.125000        1.132401
FIRE:  448 17:20:40 -1027810.125000        2.839305
FIRE:  449 17:20:40 -1027809.500000        0.102829
FIRE:  450 17:20:40 -1027810.062500        3.116972
FIRE:  451 17:20:40 -1027810.125000        2.128616
FIRE:  452 17:20:40 -1027810.125000        0.583130
FIRE:  453 17:20:40 -1027810.125000        0.957471
FIRE:  454 17:20:40 -1027810.125000        0.897230
FIRE:  455 17:20:40 -1027810.125000        0.779859
FIRE:  456 17:20:40 -1027810.125000        0.611731
FIRE:  457 17:20:40 -1027810.125000        0.402702
FIRE:  458 17:20:40 -1027810.187500        0.167236
FIRE:  459 17:20:41 -1027810.187500        0.096409
FIRE:  460 17:20:41 -1027810.187500        0.281422
FIRE:  461 17:20:41 -1027810.187500        0.276589
FIRE:  462 17:20:41 -1027810.187500        0.266996
FIRE:  463 17:20:41 -1027810.187500        0.252768
FIRE:  464 17:20:41 -1027810.125000        0.234270
FIRE:  465 17:20:41 -1027810.187500        0.211965
FIRE:  466 17:20:41 -1027810.187500        0.186268
FIRE:  467 17:20:41 -1027810.187500        0.157888
FIRE:  468 17:20:41 -1027810.187500        0.124347
FIRE:  469 17:20:41 -1027810.187500        0.096101
FIRE:  470 17:20:41 -1027810.187500        0.096105
FIRE:  471 17:20:41 -1027810.187500        0.096095
FIRE:  472 17:20:41 -1027810.187500        0.096074
FIRE:  473 17:20:41 -1027810.187500        0.096033
FIRE:  474 17:20:41 -1027810.125000        0.124192
FIRE:  475 17:20:42 -1027810.125000        0.138898
FIRE:  476 17:20:42 -1027810.187500        0.132790
FIRE:  477 17:20:42 -1027810.187500        0.102777
FIRE:  478 17:20:42 -1027810.187500        0.095253
FIRE:  479 17:20:42 -1027810.187500        0.095214
FIRE:  480 17:20:42 -1027810.187500        0.095154
FIRE:  481 17:20:42 -1027810.187500        0.104108
FIRE:  482 17:20:42 -1027810.125000        0.094975
FIRE:  483 17:20:42 -1027810.125000        0.094825
FIRE:  484 17:20:42 -1027810.125000        0.094589
FIRE:  485 17:20:42 -1027810.125000        0.095003
FIRE:  486 17:20:42 -1027810.187500        0.093648
FIRE:  487 17:20:42 -1027810.187500        0.092743
FIRE:  488 17:20:42 -1027809.500000        0.091314
FIRE:  489 17:20:42 -1027809.562500        0.099150
FIRE:  490 17:20:42 -1027809.375000        0.090213
FIRE:  491 17:20:42 -1027809.562500        0.090436
FIRE:  492 17:20:42 -1027809.500000        0.134971
FIRE:  493 17:20:43 -1027809.562500        0.153581
FIRE:  494 17:20:43 -1027810.000000        0.338000
FIRE:  495 17:20:43 -1027810.062500        0.868424
FIRE:  496 17:20:43 -1027810.250000        2.282810
FIRE:  497 17:20:43 -1027810.375000        0.085558
FIRE:  498 17:20:43 -1027810.312500        2.379818
FIRE:  499 17:20:43 -1027810.312500        1.661888
FIRE:  500 17:20:43 -1027810.375000        0.509057
FIRE:  501 17:20:43 -1027810.375000        0.683613
FIRE:  502 17:20:43 -1027810.375000        0.641049
FIRE:  503 17:20:43 -1027810.375000        0.558227
FIRE:  504 17:20:43 -1027810.375000        0.440000
FIRE:  505 17:20:43 -1027810.312500        0.293781
FIRE:  506 17:20:43 -1027810.375000        0.130427
FIRE:  507 17:20:43 -1027810.375000        0.084024
FIRE:  508 17:20:43 -1027810.375000        0.179863
FIRE:  509 17:20:44 -1027810.375000        0.294883
FIRE:  510 17:20:44 -1027810.375000        0.361681
FIRE:  511 17:20:44 -1027810.312500        0.362672
FIRE:  512 17:20:44 -1027810.312500        0.286090
FIRE:  513 17:20:44 -1027810.312500        0.137326
FIRE:  514 17:20:44 -1027810.375000        0.083812
FIRE:  515 17:20:44 -1027810.375000        0.242797
FIRE:  516 17:20:44 -1027810.375000        0.304595
FIRE:  517 17:20:44 -1027810.312500        0.208082
FIRE:  518 17:20:44 -1027810.375000        0.084541
FIRE:  519 17:20:44 -1027810.062500        0.227765
FIRE:  520 17:20:44 -1027810.312500        0.181583
FIRE:  521 17:20:44 -1027810.375000        0.110083
FIRE:  522 17:20:44 -1027810.375000        0.242569
FIRE:  523 17:20:44 -1027810.375000        0.087430
FIRE:  524 17:20:45 -1027810.437500        0.203625
FIRE:  525 17:20:45 -1027810.437500        0.198456
FIRE:  526 17:20:45 -1027810.437500        0.089368
FIRE:  527 17:20:45 -1027810.375000        0.154484
FIRE:  528 17:20:45 -1027810.437500        0.478353
FIRE:  529 17:20:45 -1027810.250000        1.187593
FIRE:  530 17:20:45 -1027810.187500        2.940608
FIRE:  531 17:20:45 -1027810.312500        0.087143
FIRE:  532 17:20:45 -1027810.125000        3.245197
FIRE:  533 17:20:45 -1027810.250000        2.194486
FIRE:  534 17:20:45 -1027810.187500        0.563908
FIRE:  535 17:20:45 -1027810.187500        1.045374
FIRE:  536 17:20:45 -1027810.250000        0.979642
FIRE:  537 17:20:45 -1027810.187500        0.851360
FIRE:  538 17:20:46 -1027810.187500        0.667428
FIRE:  539 17:20:46 -1027810.250000        0.438399
FIRE:  540 17:20:46 -1027810.187500        0.179246
FIRE:  541 17:20:46 -1027810.250000        0.086627
FIRE:  542 17:20:46 -1027810.187500        0.311481
FIRE:  543 17:20:46 -1027810.250000        0.305851
FIRE:  544 17:20:46 -1027810.187500        0.294817
FIRE:  545 17:20:46 -1027810.250000        0.278542
FIRE:  546 17:20:46 -1027810.250000        0.257298
FIRE:  547 17:20:46 -1027810.187500        0.231606
FIRE:  548 17:20:46 -1027810.187500        0.202059
FIRE:  549 17:20:46 -1027810.125000        0.169322
FIRE:  550 17:20:46 -1027810.187500        0.130402
FIRE:  551 17:20:46 -1027810.250000        0.090395
FIRE:  552 17:20:47 -1027810.187500        0.082198
FIRE:  553 17:20:47 -1027810.187500        0.082252
FIRE:  554 17:20:47 -1027810.187500        0.082316
FIRE:  555 17:20:47 -1027810.312500        0.115364
FIRE:  556 17:20:47 -1027810.250000        0.148532
FIRE:  557 17:20:47 -1027810.312500        0.163418
FIRE:  558 17:20:47 -1027810.187500        0.154305
FIRE:  559 17:20:47 -1027810.250000        0.118146
FIRE:  560 17:20:47 -1027810.062500        0.082284
FIRE:  561 17:20:47 -1027810.250000        0.082195
FIRE:  562 17:20:47 -1027810.250000        0.101108
FIRE:  563 17:20:47 -1027810.437500        0.120424
FIRE:  564 17:20:47 -1027810.312500        0.087180
FIRE:  565 17:20:47 -1027810.250000        0.077322
FIRE:  566 17:20:48 -1027810.312500        0.109437
FIRE:  567 17:20:48 -1027810.375000        0.107349
FIRE:  568 17:20:48 -1027810.312500        0.067371
FIRE:  569 17:20:48 -1027810.312500        0.101269
FIRE:  570 17:20:48 -1027810.312500        0.064247
FIRE:  571 17:20:48 -1027810.250000        0.113023
FIRE:  572 17:20:48 -1027810.250000        0.066106
FIRE:  573 17:20:48 -1027810.562500        0.095258
FIRE:  574 17:20:48 -1027810.562500        0.149298
FIRE:  575 17:20:48 -1027810.312500        0.167105
FIRE:  576 17:20:48 -1027810.437500        0.340344
FIRE:  577 17:20:48 -1027810.312500        0.826299
FIRE:  578 17:20:48 -1027810.312500        2.179323
FIRE:  579 17:20:48 -1027810.437500        0.063127
FIRE:  580 17:20:49 -1027810.250000        2.245564
FIRE:  581 17:20:49 -1027810.437500        1.562155
FIRE:  582 17:20:49 -1027810.375000        0.463715
FIRE:  583 17:20:49 -1027810.500000        0.673610
FIRE:  584 17:20:49 -1027810.437500        0.631426
FIRE:  585 17:20:49 -1027810.437500        0.549430
FIRE:  586 17:20:49 -1027810.437500        0.432405
FIRE:  587 17:20:49 -1027810.500000        0.287836
FIRE:  588 17:20:49 -1027810.500000        0.126461
FIRE:  589 17:20:49 -1027810.500000        0.063042
FIRE:  590 17:20:49 -1027810.437500        0.177506
FIRE:  591 17:20:49 -1027810.437500        0.288301
FIRE:  592 17:20:49 -1027810.437500        0.350993
FIRE:  593 17:20:49 -1027810.500000        0.349194
FIRE:  594 17:20:49 -1027810.437500        0.271601
FIRE:  595 17:20:50 -1027810.687500        0.134348
FIRE:  596 17:20:50 -1027810.687500        0.079342
FIRE:  597 17:20:50 -1027810.375000        0.245717
FIRE:  598 17:20:50 -1027810.437500        0.302564
FIRE:  599 17:20:50 -1027810.437500        0.204857
FIRE:  600 17:20:50 -1027810.437500        0.062749
FIRE:  601 17:20:50 -1027810.437500        0.221624
FIRE:  602 17:20:50 -1027810.437500        0.178382
FIRE:  603 17:20:50 -1027810.375000        0.114518
FIRE:  604 17:20:50 -1027810.500000        0.239633
FIRE:  605 17:20:50 -1027810.500000        0.062933
FIRE:  606 17:20:50 -1027810.312500        0.196420
FIRE:  607 17:20:50 -1027810.437500        0.198846
FIRE:  608 17:20:50 -1027810.500000        0.066436
FIRE:  609 17:20:51 -1027810.437500        0.144393
FIRE:  610 17:20:51 -1027810.437500        0.450049
FIRE:  611 17:20:51 -1027810.625000        1.118094
FIRE:  612 17:20:51 -1027810.312500        2.828875
FIRE:  613 17:20:51 -1027810.562500        0.060082
FIRE:  614 17:20:51 -1027810.437500        3.073609
FIRE:  615 17:20:51 -1027810.500000        2.072765
FIRE:  616 17:20:51 -1027810.500000        0.517050
FIRE:  617 17:20:51 -1027810.500000        1.021017
FIRE:  618 17:20:51 -1027810.500000        0.956007
FIRE:  619 17:20:51 -1027810.562500        0.829331
FIRE:  620 17:20:51 -1027810.562500        0.647819
FIRE:  621 17:20:51 -1027810.562500        0.421995
FIRE:  622 17:20:51 -1027810.500000        0.167079
FIRE:  623 17:20:52 -1027810.625000        0.096403
FIRE:  624 17:20:52 -1027810.500000        0.311954
FIRE:  625 17:20:52 -1027810.500000        0.306271
FIRE:  626 17:20:52 -1027810.562500        0.294979
FIRE:  627 17:20:52 -1027810.500000        0.278376
FIRE:  628 17:20:52 -1027810.625000        0.256766
FIRE:  629 17:20:52 -1027810.562500        0.230508
FIRE:  630 17:20:52 -1027810.500000        0.200365
FIRE:  631 17:20:52 -1027810.625000        0.166968
FIRE:  632 17:20:52 -1027810.562500        0.128969
FIRE:  633 17:20:52 -1027810.625000        0.090112
FIRE:  634 17:20:52 -1027810.625000        0.060800
FIRE:  635 17:20:52 -1027810.625000        0.060844
FIRE:  636 17:20:52 -1027810.562500        0.076542
FIRE:  637 17:20:52 -1027810.562500        0.121485
FIRE:  638 17:20:53 -1027810.500000        0.153881
FIRE:  639 17:20:53 -1027810.562500        0.167386
FIRE:  640 17:20:53 -1027810.562500        0.156577
FIRE:  641 17:20:53 -1027810.500000        0.118376
FIRE:  642 17:20:53 -1027810.500000        0.062034
FIRE:  643 17:20:53 -1027810.562500        0.062423
FIRE:  644 17:20:53 -1027810.500000        0.104925
FIRE:  645 17:20:53 -1027810.500000        0.121944
FIRE:  646 17:20:53 -1027810.562500        0.085671
FIRE:  647 17:20:53 -1027810.562500        0.063762
FIRE:  648 17:20:53 -1027810.500000        0.114049
FIRE:  649 17:20:53 -1027810.562500        0.107225
FIRE:  650 17:20:53 -1027810.562500        0.064871
FIRE:  651 17:20:53 -1027810.562500        0.103620
FIRE:  652 17:20:54 -1027810.625000        0.065112
FIRE:  653 17:20:54 -1027810.687500        0.117729
FIRE:  654 17:20:54 -1027810.562500        0.064631
FIRE:  655 17:20:54 -1027810.687500        0.096808
FIRE:  656 17:20:54 -1027810.625000        0.158522
FIRE:  657 17:20:54 -1027810.562500        0.177526
FIRE:  658 17:20:54 -1027810.062500        0.363999
FIRE:  659 17:20:54 -1027810.250000        0.848834
FIRE:  660 17:20:54 -1027810.125000        2.216761
FIRE:  661 17:20:54 -1027810.250000        0.060326
FIRE:  662 17:20:54 -1027810.187500        2.288188
FIRE:  663 17:20:54 -1027810.312500        1.581689
FIRE:  664 17:20:54 -1027810.000000        0.450935
FIRE:  665 17:20:54 -1027810.250000        0.712566
FIRE:  666 17:20:55 -1027810.062500        0.667439
FIRE:  667 17:20:55 -1027810.125000        0.579665
FIRE:  668 17:20:55 -1027810.125000        0.454429
FIRE:  669 17:20:55 -1027810.125000        0.299473
FIRE:  670 17:20:55 -1027810.250000        0.126333
FIRE:  671 17:20:55 -1027810.312500        0.063546
FIRE:  672 17:20:55 -1027810.125000        0.198009
FIRE:  673 17:20:55 -1027810.187500        0.194420
FIRE:  674 17:20:55 -1027810.062500        0.187222
FIRE:  675 17:20:55 -1027810.187500        0.176633
FIRE:  676 17:20:55 -1027810.250000        0.162902
FIRE:  677 17:20:55 -1027810.375000        0.148539
FIRE:  678 17:20:55 -1027810.250000        0.132161
FIRE:  679 17:20:55 -1027810.125000        0.114122
FIRE:  680 17:20:55 -1027810.187500        0.092661
FIRE:  681 17:20:56 -1027810.062500        0.068003
FIRE:  682 17:20:56 -1027810.125000        0.058881
FIRE:  683 17:20:56 -1027810.250000        0.058808
FIRE:  684 17:20:56 -1027810.312500        0.058702
FIRE:  685 17:20:56 -1027810.062500        0.080758
FIRE:  686 17:20:56 -1027810.187500        0.103202
FIRE:  687 17:20:56 -1027810.312500        0.113839
FIRE:  688 17:20:56 -1027810.312500        0.108693
FIRE:  689 17:20:56 -1027810.312500        0.085521
FIRE:  690 17:20:56 -1027810.312500        0.058232
FIRE:  691 17:20:56 -1027810.250000        0.058130
FIRE:  692 17:20:56 -1027810.375000        0.071332
FIRE:  693 17:20:56 -1027810.187500        0.084573
FIRE:  694 17:20:56 -1027810.312500        0.063221
FIRE:  695 17:20:57 -1027810.250000        0.057979
FIRE:  696 17:20:57 -1027810.312500        0.078334
FIRE:  697 17:20:57 -1027810.625000        0.077418
FIRE:  698 17:20:57 -1027810.812500        0.057723
FIRE:  699 17:20:57 -1027810.437500        0.072654
FIRE:  700 17:20:57 -1027810.312500        0.057422
FIRE:  701 17:20:57 -1027810.312500        0.082098
FIRE:  702 17:20:57 -1027810.312500        0.057224
FIRE:  703 17:20:57 -1027810.312500        0.069784
FIRE:  704 17:20:57 -1027810.312500        0.142023
FIRE:  705 17:20:57 -1027810.812500        0.251689
FIRE:  706 17:20:57 -1027810.750000        0.519843
FIRE:  707 17:20:57 -1027810.812500        0.812623
FIRE:  708 17:20:57 -1027810.812500        1.886276
FIRE:  709 17:20:58 -1027810.812500        0.261656
FIRE:  710 17:20:58 -1027810.625000        0.202442
FIRE:  711 17:20:58 -1027810.875000        0.100678
FIRE:  712 17:20:58 -1027810.687500        0.068493
FIRE:  713 17:20:58 -1027810.812500        0.170836
FIRE:  714 17:20:58 -1027810.875000        0.205054
FIRE:  715 17:20:58 -1027810.687500        0.166960
FIRE:  716 17:20:58 -1027810.750000        0.082565
FIRE:  717 17:20:58 -1027810.812500        0.077846
FIRE:  718 17:20:58 -1027810.875000        0.164612
FIRE:  719 17:20:58 -1027810.875000        0.140415
FIRE:  720 17:20:58 -1027811.125000        0.057226
FIRE:  721 17:20:58 -1027811.062500        0.142222
FIRE:  722 17:20:58 -1027811.125000        0.075917
FIRE:  723 17:20:58 -1027810.875000        0.143209
FIRE:  724 17:20:59 -1027810.875000        0.076419
FIRE:  725 17:20:59 -1027810.875000        0.149918
FIRE:  726 17:20:59 -1027811.125000        0.096543
FIRE:  727 17:20:59 -1027811.062500        0.056548
FIRE:  728 17:20:59 -1027811.125000        0.067781
FIRE:  729 17:20:59 -1027811.125000        0.223336
FIRE:  730 17:20:59 -1027811.187500        0.859217
FIRE:  731 17:20:59 -1027810.250000        2.428443
FIRE:  732 17:20:59 -1027810.312500        0.148633
FIRE:  733 17:20:59 -1027810.187500        0.111055
FIRE:  734 17:20:59 -1027810.187500        0.095711
FIRE:  735 17:20:59 -1027810.250000        0.078141
FIRE:  736 17:20:59 -1027810.187500        0.089912
FIRE:  737 17:20:59 -1027810.312500        0.096453
FIRE:  738 17:21:00 -1027810.250000        0.067568
FIRE:  739 17:21:00 -1027810.187500        0.052194
FIRE:  740 17:21:00 -1027810.250000        0.074567
FIRE:  741 17:21:00 -1027810.250000        0.092740
FIRE:  742 17:21:00 -1027810.312500        0.075268
FIRE:  743 17:21:00 -1027810.250000        0.054118
FIRE:  744 17:21:00 -1027810.312500        0.071288
FIRE:  745 17:21:00 -1027810.312500        0.073801
FIRE:  746 17:21:00 -1027810.375000        0.082213
FIRE:  747 17:21:00 -1027810.375000        0.051526
FIRE:  748 17:21:00 -1027810.312500        0.053681
FIRE:  749 17:21:00 -1027810.312500        0.102729
FIRE:  750 17:21:00 -1027810.250000        0.123004
FIRE:  751 17:21:00 -1027810.375000        0.257993
FIRE:  752 17:21:01 -1027810.375000        0.596469
FIRE:  753 17:21:01 -1027810.375000        1.571086
FIRE:  754 17:21:01 -1027810.437500        0.099664
FIRE:  755 17:21:01 -1027810.375000        1.540545
FIRE:  756 17:21:01 -1027810.312500        1.099376
FIRE:  757 17:21:01 -1027810.375000        0.370651
FIRE:  758 17:21:01 -1027810.375000        0.413598
FIRE:  759 17:21:01 -1027810.437500        0.388203
FIRE:  760 17:21:01 -1027810.500000        0.339021
FIRE:  761 17:21:01 -1027810.375000        0.269085
FIRE:  762 17:21:01 -1027810.375000        0.183059
FIRE:  763 17:21:01 -1027810.375000        0.087918
FIRE:  764 17:21:01 -1027810.375000        0.047702
