      Step     Time          Energy          fmax
FIRE:    0 18:33:00 -1117982.750000        4.478618
FIRE:    1 18:33:00 -1117988.125000        2.386159
FIRE:    2 18:33:02 -1117988.750000        3.629356
FIRE:    3 18:33:02 -1117989.625000        2.437844
FIRE:    4 18:33:02 -1117989.750000        3.290537
FIRE:    5 18:33:02 -1117986.000000        2.716668
FIRE:    6 18:33:03 -1117990.625000        2.085992
FIRE:    7 18:33:03 -1117986.250000        1.107443
FIRE:    8 18:33:03 -1117990.500000        0.838933
FIRE:    9 18:33:03 -1117990.625000        1.425627
FIRE:   10 18:33:03 -1117991.000000        1.609060
FIRE:   11 18:33:04 -1117991.125000        1.319199
FIRE:   12 18:33:04 -1117991.125000        0.835462
FIRE:   13 18:33:04 -1117991.000000        0.914554
FIRE:   14 18:33:04 -1117989.375000        1.041799
FIRE:   15 18:33:04 -1117989.750000        1.236309
FIRE:   16 18:33:04 -1117989.750000        0.834193
FIRE:   17 18:33:04 -1117990.250000        0.686707
FIRE:   18 18:33:04 -1117987.750000        0.981997
FIRE:   19 18:33:04 -1117988.000000        0.674923
FIRE:   20 18:33:04 -1117988.250000        1.129353
FIRE:   21 18:33:04 -1117988.500000        0.548590
FIRE:   22 18:33:04 -1117988.875000        0.863951
FIRE:   23 18:33:04 -1117989.000000        0.653484
FIRE:   24 18:33:04 -1117987.750000        0.741093
FIRE:   25 18:33:06 -1117989.500000        0.792667
FIRE:   26 18:33:06 -1117988.250000        0.772736
FIRE:   27 18:33:06 -1117994.125000        0.779749
FIRE:   28 18:33:06 -1117994.875000        0.846095
FIRE:   29 18:33:06 -1117995.125000        0.844925
FIRE:   30 18:33:06 -1117995.375000        0.733323
FIRE:   31 18:33:06 -1117995.750000        0.558228
FIRE:   32 18:33:06 -1117995.500000        0.460764
FIRE:   33 18:33:06 -1117996.125000        0.741764
FIRE:   34 18:33:06 -1117996.125000        1.174038
FIRE:   35 18:33:06 -1117996.250000        1.939141
FIRE:   36 18:33:07 -1117992.000000        2.502426
FIRE:   37 18:33:07 -1117992.125000        3.058684
FIRE:   38 18:33:07 -1117992.375000       14.082573
FIRE:   39 18:33:07 -1117992.000000        4.468656
FIRE:   40 18:33:07 -1117992.250000        2.756226
FIRE:   41 18:33:07 -1117992.250000        0.890783
FIRE:   42 18:33:07 -1117994.000000        0.774118
FIRE:   43 18:33:07 -1117995.500000        0.560019
FIRE:   44 18:33:07 -1117995.625000        0.439303
FIRE:   45 18:33:07 -1117996.125000        0.434749
FIRE:   46 18:33:07 -1117996.000000        0.430177
FIRE:   47 18:33:07 -1117995.625000        0.510142
FIRE:   48 18:33:07 -1117995.875000        0.495766
FIRE:   49 18:33:07 -1117995.500000        0.437557
FIRE:   50 18:33:08 -1117995.500000        0.441289
FIRE:   51 18:33:08 -1117994.125000        0.455573
FIRE:   52 18:33:08 -1117996.125000        0.473756
FIRE:   53 18:33:08 -1117992.500000        0.494621
FIRE:   54 18:33:08 -1117992.500000        0.517888
FIRE:   55 18:33:08 -1117995.625000        0.542182
FIRE:   56 18:33:08 -1117994.375000        0.575284
FIRE:   57 18:33:08 -1117995.750000        0.622128
FIRE:   58 18:33:08 -1117996.000000        0.697372
FIRE:   59 18:33:08 -1117994.625000        0.790659
FIRE:   60 18:33:08 -1117996.125000        0.847559
FIRE:   61 18:33:08 -1117994.750000        0.994586
FIRE:   62 18:33:08 -1117995.125000        1.144231
FIRE:   63 18:33:08 -1117993.750000        1.253269
FIRE:   64 18:33:08 -1117994.000000        1.311320
FIRE:   65 18:33:09 -1117994.375000        1.120514
FIRE:   66 18:33:09 -1117996.250000        1.454744
FIRE:   67 18:33:09 -1117996.375000        2.187619
FIRE:   68 18:33:09 -1117994.875000        3.280659
FIRE:   69 18:33:09 -1117996.500000        4.061486
FIRE:   70 18:33:09 -1117996.375000        2.021086
FIRE:   71 18:33:09 -1117995.000000        1.258314
FIRE:   72 18:33:09 -1117995.000000        1.092765
FIRE:   73 18:33:09 -1117996.625000        0.792199
FIRE:   74 18:33:09 -1117995.000000        0.681877
FIRE:   75 18:33:09 -1117995.000000        0.638760
FIRE:   76 18:33:09 -1117995.000000        0.589114
FIRE:   77 18:33:09 -1117993.375000        0.766463
FIRE:   78 18:33:09 -1117995.000000        0.817261
FIRE:   79 18:33:10 -1117995.000000        0.674230
FIRE:   80 18:33:10 -1117995.000000        0.404973
FIRE:   81 18:33:10 -1117995.000000        0.364934
FIRE:   82 18:33:10 -1117995.000000        0.516970
FIRE:   83 18:33:10 -1117995.125000        0.551464
FIRE:   84 18:33:10 -1117998.875000        0.414266
FIRE:   85 18:33:10 -1117998.375000        0.457511
FIRE:   86 18:33:10 -1117998.500000        0.524779
FIRE:   87 18:33:10 -1117998.875000        0.523419
FIRE:   88 18:33:10 -1117998.625000        0.524639
FIRE:   89 18:33:10 -1117999.000000        0.498398
FIRE:   90 18:33:10 -1117999.000000        0.588837
FIRE:   91 18:33:10 -1117999.250000        0.385439
FIRE:   92 18:33:10 -1117999.375000        0.301446
FIRE:   93 18:33:10 -1117999.500000        0.822598
FIRE:   94 18:33:10 -1117999.125000        1.531000
FIRE:   95 18:33:11 -1117999.000000        2.924708
FIRE:   96 18:33:11 -1118000.000000        0.479984
FIRE:   97 18:33:11 -1117997.500000        2.378382
FIRE:   98 18:33:11 -1117999.125000        1.851840
FIRE:   99 18:33:11 -1117999.375000        0.932617
FIRE:  100 18:33:11 -1117998.875000        0.233006
FIRE:  101 18:33:11 -1117999.500000        1.066402
FIRE:  102 18:33:11 -1117999.875000        1.010250
FIRE:  103 18:33:11 -1117998.875000        0.901073
FIRE:  104 18:33:11 -1117995.750000        0.744649
FIRE:  105 18:33:11 -1117999.000000        0.549980
FIRE:  106 18:33:11 -1117999.000000        0.330242
FIRE:  107 18:33:11 -1117999.625000        0.163139
FIRE:  108 18:33:11 -1117999.875000        0.187396
FIRE:  109 18:33:11 -1117999.500000        0.334833
FIRE:  110 18:33:11 -1117999.125000        0.489022
FIRE:  111 18:33:11 -1117998.875000        0.568023
FIRE:  112 18:33:11 -1117999.625000        0.545659
FIRE:  113 18:33:12 -1117999.875000        0.406906
FIRE:  114 18:33:12 -1117999.125000        0.164761
FIRE:  115 18:33:12 -1117999.875000        0.161269
FIRE:  116 18:33:12 -1117999.000000        0.387607
FIRE:  117 18:33:12 -1117998.875000        0.432089
FIRE:  118 18:33:12 -1117999.500000        0.234807
FIRE:  119 18:33:12 -1117999.750000        0.160842
FIRE:  120 18:33:12 -1117999.250000        0.389360
FIRE:  121 18:33:12 -1117997.625000        0.229857
FIRE:  122 18:33:12 -1117997.625000        0.238917
FIRE:  123 18:33:12 -1117997.625000        0.320668
FIRE:  124 18:33:12 -1118000.000000        0.203340
FIRE:  125 18:33:12 -1117999.875000        0.268718
FIRE:  126 18:33:12 -1118000.000000        0.385455
FIRE:  127 18:33:12 -1118000.125000        0.223980
FIRE:  128 18:33:12 -1118000.000000        0.125737
FIRE:  129 18:33:12 -1118000.000000        0.130568
FIRE:  130 18:33:13 -1117997.875000        0.302455
FIRE:  131 18:33:13 -1117998.000000        1.373307
FIRE:  132 18:33:13 -1117998.000000        6.046756
FIRE:  133 18:33:13 -1117998.125000        1.927763
FIRE:  134 18:33:13 -1117998.000000        1.375437
FIRE:  135 18:33:13 -1117998.250000        0.418604
FIRE:  136 18:33:13 -1117998.125000        0.764662
FIRE:  137 18:33:13 -1117998.250000        0.703798
FIRE:  138 18:33:13 -1117998.125000        0.587491
FIRE:  139 18:33:13 -1117998.250000        0.426351
FIRE:  140 18:33:13 -1117998.250000        0.236387
FIRE:  141 18:33:13 -1117998.250000        0.117611
FIRE:  142 18:33:13 -1117998.250000        0.149893
FIRE:  143 18:33:13 -1117998.125000        0.287347
FIRE:  144 18:33:13 -1117998.250000        0.376303
FIRE:  145 18:33:13 -1117998.250000        0.393871
FIRE:  146 18:33:13 -1117998.250000        0.323756
FIRE:  147 18:33:13 -1118000.625000        0.165599
FIRE:  148 18:33:14 -1118000.500000        0.117097
FIRE:  149 18:33:14 -1118000.875000        0.269036
FIRE:  150 18:33:14 -1118000.875000        0.340168
FIRE:  151 18:33:14 -1118001.250000        0.219047
FIRE:  152 18:33:14 -1118001.250000        0.115451
FIRE:  153 18:33:14 -1118000.625000        0.263630
FIRE:  154 18:33:14 -1118000.875000        0.170557
FIRE:  155 18:33:14 -1117998.875000        0.176884
FIRE:  156 18:33:14 -1118000.750000        0.258723
FIRE:  157 18:33:14 -1118000.875000        0.133035
FIRE:  158 18:33:14 -1118001.000000        0.166690
FIRE:  159 18:33:14 -1118000.750000        0.325357
FIRE:  160 18:33:14 -1118001.000000        0.212365
FIRE:  161 18:33:14 -1118001.000000        0.200153
FIRE:  162 18:33:14 -1118001.125000        0.318666
FIRE:  163 18:33:15 -1118001.000000        1.088799
FIRE:  164 18:33:15 -1118001.375000        3.407429
FIRE:  165 18:33:15 -1118001.500000        0.325782
FIRE:  166 18:33:15 -1118001.125000        0.252735
FIRE:  167 18:33:15 -1118001.125000        0.127999
FIRE:  168 18:33:15 -1118001.250000        0.099099
FIRE:  169 18:33:15 -1118001.125000        0.150275
FIRE:  170 18:33:15 -1118000.875000        0.197916
FIRE:  171 18:33:15 -1118000.625000        0.175630
FIRE:  172 18:33:15 -1118000.750000        0.118545
FIRE:  173 18:33:15 -1118000.250000        0.107124
FIRE:  174 18:33:15 -1118001.000000        0.167512
FIRE:  175 18:33:15 -1118001.250000        0.159601
FIRE:  176 18:33:15 -1118001.250000        0.114920
FIRE:  177 18:33:15 -1118001.125000        0.105821
FIRE:  178 18:33:15 -1118001.125000        0.098633
FIRE:  179 18:33:15 -1118001.250000        0.149882
FIRE:  180 18:33:15 -1118000.750000        0.097923
FIRE:  181 18:33:15 -1118001.500000        0.135229
FIRE:  182 18:33:16 -1118001.250000        0.176036
FIRE:  183 18:33:16 -1118001.500000        0.138168
FIRE:  184 18:33:16 -1118001.250000        0.311110
FIRE:  185 18:33:16 -1118001.250000        0.741338
FIRE:  186 18:33:16 -1118001.250000        2.256403
FIRE:  187 18:33:16 -1117999.250000        0.156534
FIRE:  188 18:33:16 -1118001.250000        1.964666
FIRE:  189 18:33:16 -1118001.625000        1.477486
FIRE:  190 18:33:16 -1118001.375000        0.623968
FIRE:  191 18:33:16 -1118001.125000        0.385966
FIRE:  192 18:33:16 -1118001.375000        0.363625
FIRE:  193 18:33:16 -1118001.250000        0.320460
FIRE:  194 18:33:16 -1118001.250000        0.259530
FIRE:  195 18:33:16 -1118001.500000        0.185845
FIRE:  196 18:33:16 -1118001.500000        0.106810
FIRE:  197 18:33:17 -1118000.875000        0.091038
FIRE:  198 18:33:17 -1118001.375000        0.096476
FIRE:  199 18:33:17 -1118001.250000        0.123085
FIRE:  200 18:33:17 -1118001.250000        0.162842
FIRE:  201 18:33:17 -1118001.625000        0.171051
FIRE:  202 18:33:17 -1118001.125000        0.139256
FIRE:  203 18:33:17 -1118000.875000        0.090817
FIRE:  204 18:33:17 -1118000.875000        0.090637
FIRE:  205 18:33:17 -1118001.125000        0.136755
FIRE:  206 18:33:17 -1118001.375000        0.172792
FIRE:  207 18:33:17 -1118001.375000        0.124176
FIRE:  208 18:33:17 -1118001.000000        0.090030
FIRE:  209 18:33:17 -1118000.875000        0.115789
FIRE:  210 18:33:17 -1118001.375000        0.098336
FIRE:  211 18:33:17 -1118001.250000        0.089542
FIRE:  212 18:33:17 -1118001.125000        0.141470
FIRE:  213 18:33:17 -1118001.250000        0.089518
FIRE:  214 18:33:17 -1118000.875000        0.109160
FIRE:  215 18:33:18 -1118001.125000        0.149944
FIRE:  216 18:33:18 -1118001.125000        0.089312
FIRE:  217 18:33:18 -1118001.000000        0.088283
FIRE:  218 18:33:18 -1118001.750000        0.088266
FIRE:  219 18:33:18 -1118001.500000        0.197904
FIRE:  220 18:33:18 -1118001.250000        0.996086
FIRE:  221 18:33:18 -1118001.250000        3.803159
FIRE:  222 18:33:18 -1118001.250000        0.843451
FIRE:  223 18:33:18 -1118001.625000        0.604749
FIRE:  224 18:33:18 -1118001.250000        0.205903
FIRE:  225 18:33:18 -1118001.625000        0.262287
FIRE:  226 18:33:18 -1118001.750000        0.535900
FIRE:  227 18:33:18 -1118001.875000        0.572099
FIRE:  228 18:33:18 -1118001.875000        0.380302
FIRE:  229 18:33:18 -1118002.000000        0.135623
FIRE:  230 18:33:18 -1118001.500000        0.355163
FIRE:  231 18:33:19 -1118002.000000        0.482098
FIRE:  232 18:33:19 -1118002.125000        0.305537
FIRE:  233 18:33:19 -1118001.500000        0.252139
FIRE:  234 18:33:19 -1118001.750000        0.365830
FIRE:  235 18:33:19 -1118001.875000        0.138834
FIRE:  236 18:33:19 -1118001.750000        0.410970
FIRE:  237 18:33:19 -1118002.125000        0.148236
FIRE:  238 18:33:19 -1118001.875000        0.331401
FIRE:  239 18:33:19 -1118001.875000        0.468999
FIRE:  240 18:33:19 -1118002.250000        0.350846
FIRE:  241 18:33:19 -1118001.875000        0.530376
FIRE:  242 18:33:19 -1118002.000000        1.174186
FIRE:  243 18:33:19 -1118002.000000        3.455327
FIRE:  244 18:33:19 -1118001.875000        0.482631
FIRE:  245 18:33:19 -1118002.000000        0.362155
FIRE:  246 18:33:20 -1118001.875000        0.170865
FIRE:  247 18:33:20 -1118002.000000        0.136676
FIRE:  248 18:33:20 -1118002.000000        0.300841
FIRE:  249 18:33:20 -1118002.375000        0.358325
FIRE:  250 18:33:20 -1118002.000000        0.289667
FIRE:  251 18:33:20 -1118002.125000        0.141285
FIRE:  252 18:33:20 -1118002.000000        0.139185
FIRE:  253 18:33:20 -1118002.000000        0.238694
FIRE:  254 18:33:20 -1118001.875000        0.217924
FIRE:  255 18:33:20 -1118002.125000        0.179139
FIRE:  256 18:33:20 -1118002.125000        0.238245
FIRE:  257 18:33:20 -1118002.250000        0.125362
FIRE:  258 18:33:20 -1118002.500000        0.203361
FIRE:  259 18:33:20 -1118002.125000        0.108402
FIRE:  260 18:33:21 -1118002.125000        0.282900
FIRE:  261 18:33:21 -1118002.250000        0.165920
FIRE:  262 18:33:21 -1118002.375000        0.102420
FIRE:  263 18:33:21 -1118002.250000        0.175415
FIRE:  264 18:33:21 -1118002.625000        0.207525
FIRE:  265 18:33:21 -1118002.625000        0.476011
FIRE:  266 18:33:21 -1118002.500000        1.160402
FIRE:  267 18:33:21 -1117999.750000        3.514705
FIRE:  268 18:33:21 -1117999.875000        0.822888
FIRE:  269 18:33:21 -1117999.875000        0.535505
FIRE:  270 18:33:21 -1117999.875000        0.127093
FIRE:  271 18:33:21 -1117998.125000        0.438023
FIRE:  272 18:33:21 -1117999.875000        0.398770
FIRE:  273 18:33:21 -1117999.875000        0.324296
FIRE:  274 18:33:22 -1117999.750000        0.222467
FIRE:  275 18:33:22 -1117999.875000        0.105674
FIRE:  276 18:33:22 -1117998.125000        0.082284
FIRE:  277 18:33:22 -1117999.875000        0.121802
FIRE:  278 18:33:22 -1117998.125000        0.192279
FIRE:  279 18:33:22 -1117999.875000        0.227113
FIRE:  280 18:33:22 -1117999.875000        0.213824
FIRE:  281 18:33:22 -1117998.125000        0.147696
FIRE:  282 18:33:22 -1117999.875000        0.080493
FIRE:  283 18:33:22 -1117999.875000        0.124798
FIRE:  284 18:33:22 -1117998.125000        0.200323
FIRE:  285 18:33:22 -1117999.875000        0.176292
FIRE:  286 18:33:22 -1117999.875000        0.078458
FIRE:  287 18:33:22 -1117998.125000        0.119021
FIRE:  288 18:33:23 -1117999.875000        0.139760
FIRE:  289 18:33:23 -1117999.875000        0.072265
FIRE:  290 18:33:23 -1117998.125000        0.180061
FIRE:  291 18:33:23 -1117999.875000        0.074375
FIRE:  292 18:33:23 -1117998.125000        0.149692
FIRE:  293 18:33:23 -1117999.875000        0.124725
FIRE:  294 18:33:23 -1117998.125000        0.074345
FIRE:  295 18:33:23 -1117999.875000        0.150405
FIRE:  296 18:33:23 -1117998.250000        0.431707
FIRE:  297 18:33:23 -1117998.250000        1.018279
FIRE:  298 18:33:23 -1117998.250000        2.688795
FIRE:  299 18:33:23 -1118000.000000        0.196984
FIRE:  300 18:33:23 -1118000.000000        0.154656
FIRE:  301 18:33:23 -1118000.000000        0.100340
FIRE:  302 18:33:24 -1117998.250000        0.072201
FIRE:  303 18:33:24 -1118000.000000        0.109410
FIRE:  304 18:33:24 -1117998.250000        0.135426
FIRE:  305 18:33:24 -1117998.250000        0.119626
FIRE:  306 18:33:24 -1118000.000000        0.092031
FIRE:  307 18:33:24 -1118000.000000        0.074447
FIRE:  308 18:33:24 -1117998.250000        0.094619
FIRE:  309 18:33:24 -1118000.000000        0.103832
FIRE:  310 18:33:24 -1118000.000000        0.093204
FIRE:  311 18:33:24 -1118000.000000        0.102722
FIRE:  312 18:33:24 -1118002.500000        0.084870
FIRE:  313 18:33:24 -1118000.000000        0.089013
FIRE:  314 18:33:24 -1118000.000000        0.079257
FIRE:  315 18:33:24 -1117998.250000        0.128005
FIRE:  316 18:33:25 -1118000.125000        0.077148
FIRE:  317 18:33:25 -1118002.375000        0.076843
FIRE:  318 18:33:25 -1118002.750000        0.107469
FIRE:  319 18:33:25 -1118000.125000        0.138811
FIRE:  320 18:33:25 -1118000.125000        0.507351
FIRE:  321 18:33:25 -1118000.000000        1.844477
FIRE:  322 18:33:25 -1118000.250000        0.258548
FIRE:  323 18:33:25 -1118000.000000        0.189986
FIRE:  324 18:33:25 -1118001.125000        0.077075
FIRE:  325 18:33:25 -1118001.125000        0.085359
FIRE:  326 18:33:25 -1118001.250000        0.148339
FIRE:  327 18:33:25 -1118001.000000        0.166887
FIRE:  328 18:33:25 -1118000.000000        0.115739
FIRE:  329 18:33:25 -1118000.000000        0.072377
FIRE:  330 18:33:26 -1118000.000000        0.108777
FIRE:  331 18:33:26 -1118000.625000        0.155806
FIRE:  332 18:33:26 -1118000.125000        0.095379
FIRE:  333 18:33:26 -1118000.125000        0.082133
FIRE:  334 18:33:26 -1118000.125000        0.118233
FIRE:  335 18:33:26 -1118000.125000        0.072620
FIRE:  336 18:33:26 -1118000.000000        0.138114
FIRE:  337 18:33:26 -1118000.125000        0.074083
FIRE:  338 18:33:26 -1118000.125000        0.104725
FIRE:  339 18:33:26 -1118000.625000        0.166094
FIRE:  340 18:33:26 -1118000.500000        0.164820
FIRE:  341 18:33:26 -1118000.125000        0.291455
FIRE:  342 18:33:26 -1118000.000000        0.686131
FIRE:  343 18:33:26 -1118000.750000        1.910938
FIRE:  344 18:33:27 -1118000.125000        0.105898
FIRE:  345 18:33:27 -1118000.125000        0.091071
FIRE:  346 18:33:27 -1118000.125000        0.076645
FIRE:  347 18:33:27 -1118000.125000        0.071720
FIRE:  348 18:33:27 -1118000.375000        0.079727
FIRE:  349 18:33:27 -1118000.500000        0.088154
FIRE:  350 18:33:27 -1118001.375000        0.087812
FIRE:  351 18:33:27 -1118000.250000        0.079998
FIRE:  352 18:33:27 -1118001.250000        0.073282
FIRE:  353 18:33:27 -1118001.500000        0.075378
FIRE:  354 18:33:27 -1118001.500000        0.076732
FIRE:  355 18:33:27 -1118000.250000        0.072369
FIRE:  356 18:33:27 -1118000.750000        0.075782
FIRE:  357 18:33:27 -1118001.375000        0.078291
FIRE:  358 18:33:27 -1118001.375000        0.074902
FIRE:  359 18:33:28 -1118000.250000        0.074278
FIRE:  360 18:33:28 -1118000.625000        0.073754
FIRE:  361 18:33:28 -1118000.750000        0.075043
FIRE:  362 18:33:28 -1118001.375000        0.076970
FIRE:  363 18:33:28 -1118000.250000        0.073530
FIRE:  364 18:33:28 -1118000.250000        0.078532
FIRE:  365 18:33:28 -1117997.000000        0.275194
FIRE:  366 18:33:28 -1118003.500000        1.142435
FIRE:  367 18:33:28 -1118003.375000        4.608980
FIRE:  368 18:33:28 -1118003.000000        1.634043
FIRE:  369 18:33:28 -1118003.000000        1.133690
FIRE:  370 18:33:28 -1118003.500000        0.288573
FIRE:  371 18:33:28 -1118003.375000        0.723359
FIRE:  372 18:33:28 -1118003.000000        0.661752
FIRE:  373 18:33:29 -1118003.000000        0.544216
FIRE:  374 18:33:29 -1118003.500000        0.381666
FIRE:  375 18:33:29 -1118003.000000        0.190071
FIRE:  376 18:33:29 -1118003.000000        0.079014
FIRE:  377 18:33:29 -1118003.375000        0.192118
FIRE:  378 18:33:29 -1118003.125000        0.320635
FIRE:  379 18:33:29 -1118003.000000        0.397320
FIRE:  380 18:33:29 -1118003.000000        0.405081
FIRE:  381 18:33:29 -1118003.000000        0.331446
FIRE:  382 18:33:29 -1118003.375000        0.177770
FIRE:  383 18:33:29 -1118003.375000        0.086824
FIRE:  384 18:33:29 -1118003.000000        0.252097
FIRE:  385 18:33:29 -1118003.000000        0.320176
FIRE:  386 18:33:29 -1118003.000000        0.210371
FIRE:  387 18:33:30 -1118003.000000        0.081111
FIRE:  388 18:33:30 -1118003.000000        0.264119
FIRE:  389 18:33:30 -1118003.000000        0.208621
FIRE:  390 18:33:30 -1118003.000000        0.131698
FIRE:  391 18:33:30 -1118003.000000        0.247155
FIRE:  392 18:33:30 -1118003.125000        0.087363
FIRE:  393 18:33:30 -1118003.000000        0.213689
FIRE:  394 18:33:30 -1118003.000000        0.236876
FIRE:  395 18:33:30 -1118003.000000        0.090935
FIRE:  396 18:33:30 -1118003.250000        0.084896
FIRE:  397 18:33:30 -1118003.250000        0.253063
FIRE:  398 18:33:30 -1118003.250000        0.850292
FIRE:  399 18:33:30 -1118003.250000        2.739458
FIRE:  400 18:33:30 -1118003.125000        0.495258
FIRE:  401 18:33:31 -1118003.250000        0.365002
FIRE:  402 18:33:31 -1118003.250000        0.146795
FIRE:  403 18:33:31 -1118003.250000        0.136225
FIRE:  404 18:33:31 -1118003.250000        0.299541
FIRE:  405 18:33:31 -1118003.125000        0.337634
FIRE:  406 18:33:31 -1118003.250000        0.242607
FIRE:  407 18:33:31 -1118003.000000        0.130791
FIRE:  408 18:33:31 -1118003.250000        0.173542
FIRE:  409 18:33:31 -1118003.250000        0.284784
FIRE:  410 18:33:31 -1118003.250000        0.215538
FIRE:  411 18:33:31 -1118003.000000        0.132632
FIRE:  412 18:33:31 -1118003.625000        0.231548
FIRE:  413 18:33:31 -1118003.250000        0.128718
FIRE:  414 18:33:31 -1118003.125000        0.234860
FIRE:  415 18:33:32 -1118003.125000        0.106996
FIRE:  416 18:33:32 -1118003.250000        0.267776
FIRE:  417 18:33:32 -1118003.500000        0.191873
FIRE:  418 18:33:32 -1118003.375000        0.101667
FIRE:  419 18:33:32 -1118003.500000        0.122320
FIRE:  420 18:33:32 -1118003.375000        0.289530
FIRE:  421 18:33:32 -1118003.500000        1.021418
FIRE:  422 18:33:32 -1118003.250000        3.630892
FIRE:  423 18:33:32 -1118003.250000        0.895712
FIRE:  424 18:33:32 -1118003.250000        0.622671
FIRE:  425 18:33:32 -1118003.375000        0.172338
FIRE:  426 18:33:32 -1118003.375000        0.345386
FIRE:  427 18:33:32 -1118003.500000        0.319079
FIRE:  428 18:33:32 -1118003.250000        0.268643
FIRE:  429 18:33:33 -1118003.375000        0.198414
FIRE:  430 18:33:33 -1118003.250000        0.115693
FIRE:  431 18:33:33 -1118003.500000        0.074730
FIRE:  432 18:33:33 -1118003.375000        0.084449
FIRE:  433 18:33:33 -1118003.250000        0.127276
FIRE:  434 18:33:33 -1118003.250000        0.170843
FIRE:  435 18:33:33 -1118003.250000        0.182820
FIRE:  436 18:33:33 -1118003.500000        0.154701
FIRE:  437 18:33:33 -1118003.250000        0.095617
FIRE:  438 18:33:33 -1118003.750000        0.069643
FIRE:  439 18:33:33 -1118003.250000        0.123695
FIRE:  440 18:33:33 -1118003.375000        0.159403
FIRE:  441 18:33:33 -1118003.250000        0.110402
FIRE:  442 18:33:33 -1118003.125000        0.078324
FIRE:  443 18:33:34 -1118003.500000        0.120150
FIRE:  444 18:33:34 -1118003.375000        0.096346
FIRE:  445 18:33:34 -1118003.500000        0.082536
FIRE:  446 18:33:34 -1118003.500000        0.125537
FIRE:  447 18:33:34 -1118003.250000        0.086142
FIRE:  448 18:33:34 -1118003.500000        0.097845
FIRE:  449 18:33:34 -1118003.375000        0.147276
FIRE:  450 18:33:34 -1118003.500000        0.092993
FIRE:  451 18:33:34 -1118003.375000        0.077588
FIRE:  452 18:33:34 -1118003.500000        0.109924
FIRE:  453 18:33:34 -1118003.375000        0.383020
FIRE:  454 18:33:34 -1118003.625000        1.451589
FIRE:  455 18:33:34 -1118003.375000        5.044621
FIRE:  456 18:33:34 -1118003.375000        1.293803
FIRE:  457 18:33:34 -1118003.625000        0.907663
FIRE:  458 18:33:35 -1118003.500000        0.267307
FIRE:  459 18:33:35 -1118003.500000        0.502228
FIRE:  460 18:33:35 -1118003.625000        0.461752
FIRE:  461 18:33:35 -1118003.625000        0.384125
FIRE:  462 18:33:35 -1118003.625000        0.275882
FIRE:  463 18:33:35 -1118003.750000        0.146939
FIRE:  464 18:33:35 -1118003.250000        0.077245
FIRE:  465 18:33:35 -1118003.250000        0.113844
FIRE:  466 18:33:35 -1118003.500000        0.208652
FIRE:  467 18:33:35 -1118003.500000        0.269074
FIRE:  468 18:33:35 -1118003.500000        0.280610
FIRE:  469 18:33:35 -1118003.625000        0.232878
FIRE:  470 18:33:35 -1118003.625000        0.126524
FIRE:  471 18:33:35 -1118003.625000        0.077225
FIRE:  472 18:33:36 -1118003.625000        0.173558
FIRE:  473 18:33:36 -1118003.625000        0.223099
FIRE:  474 18:33:36 -1118003.250000        0.145933
FIRE:  475 18:33:36 -1118003.375000        0.076942
FIRE:  476 18:33:36 -1118003.625000        0.183907
FIRE:  477 18:33:36 -1118003.500000        0.135529
FIRE:  478 18:33:36 -1118003.625000        0.102940
FIRE:  479 18:33:36 -1118003.625000        0.169431
FIRE:  480 18:33:36 -1118003.375000        0.078324
FIRE:  481 18:33:36 -1118003.625000        0.135591
FIRE:  482 18:33:36 -1118003.625000        0.193808
FIRE:  483 18:33:36 -1118003.500000        0.109942
FIRE:  484 18:33:36 -1118003.750000        0.074390
FIRE:  485 18:33:36 -1118003.750000        0.077222
FIRE:  486 18:33:37 -1118003.750000        0.129328
FIRE:  487 18:33:37 -1118003.625000        0.630320
FIRE:  488 18:33:37 -1118003.625000        2.769313
FIRE:  489 18:33:37 -1118003.625000        0.934685
FIRE:  490 18:33:37 -1118003.625000        0.625899
FIRE:  491 18:33:37 -1118003.750000        0.121382
FIRE:  492 18:33:37 -1118003.500000        0.406390
FIRE:  493 18:33:37 -1118003.625000        0.371971
FIRE:  494 18:33:37 -1118003.750000        0.306021
FIRE:  495 18:33:37 -1118003.750000        0.214443
FIRE:  496 18:33:37 -1118003.750000        0.106000
FIRE:  497 18:33:37 -1118003.750000        0.082780
FIRE:  498 18:33:37 -1118003.750000        0.109885
FIRE:  499 18:33:37 -1118003.750000        0.186323
FIRE:  500 18:33:38 -1118003.875000        0.232498
FIRE:  501 18:33:38 -1118003.875000        0.235736
FIRE:  502 18:33:38 -1118003.750000        0.187440
FIRE:  503 18:33:38 -1118003.625000        0.089228
FIRE:  504 18:33:38 -1118003.625000        0.083838
FIRE:  505 18:33:38 -1118003.750000        0.148496
FIRE:  506 18:33:38 -1118003.500000        0.173549
FIRE:  507 18:33:38 -1118003.625000        0.089081
FIRE:  508 18:33:38 -1118003.625000        0.082611
FIRE:  509 18:33:38 -1118003.625000        0.167130
FIRE:  510 18:33:38 -1118003.750000        0.085548
FIRE:  511 18:33:38 -1118003.500000        0.110055
FIRE:  512 18:33:38 -1118003.875000        0.109175
FIRE:  513 18:33:38 -1118003.875000        0.125062
FIRE:  514 18:33:39 -1118003.750000        0.085506
FIRE:  515 18:33:39 -1118003.875000        0.176983
FIRE:  516 18:33:39 -1118003.750000        0.202828
FIRE:  517 18:33:39 -1118003.750000        0.210811
FIRE:  518 18:33:39 -1118003.500000        0.425830
FIRE:  519 18:33:39 -1118003.875000        1.063585
FIRE:  520 18:33:39 -1118003.625000        3.157912
FIRE:  521 18:33:39 -1118003.875000        0.566124
FIRE:  522 18:33:39 -1118003.875000        0.409519
FIRE:  523 18:33:39 -1118003.875000        0.141278
FIRE:  524 18:33:39 -1118003.875000        0.176114
FIRE:  525 18:33:39 -1118003.875000        0.381873
FIRE:  526 18:33:39 -1118003.875000        0.354937
FIRE:  527 18:33:39 -1118003.750000        0.303122
FIRE:  528 18:33:40 -1118003.875000        0.230655
FIRE:  529 18:33:40 -1118003.875000        0.143818
FIRE:  530 18:33:40 -1118003.875000        0.088833
FIRE:  531 18:33:40 -1118003.875000        0.089198
FIRE:  532 18:33:40 -1118003.875000        0.112736
FIRE:  533 18:33:40 -1118003.875000        0.167233
FIRE:  534 18:33:40 -1118003.750000        0.192185
FIRE:  535 18:33:40 -1118003.875000        0.178555
FIRE:  536 18:33:40 -1118003.875000        0.122357
FIRE:  537 18:33:40 -1118003.625000        0.089513
FIRE:  538 18:33:40 -1118003.500000        0.091609
FIRE:  539 18:33:40 -1118003.625000        0.158119
FIRE:  540 18:33:40 -1118003.875000        0.146754
FIRE:  541 18:33:40 -1118003.875000        0.089573
FIRE:  542 18:33:40 -1118003.875000        0.090137
FIRE:  543 18:33:41 -1118003.750000        0.124765
FIRE:  544 18:33:41 -1118004.000000        0.089998
FIRE:  545 18:33:41 -1118004.000000        0.136998
FIRE:  546 18:33:41 -1118003.750000        0.090094
FIRE:  547 18:33:41 -1118004.000000        0.127797
FIRE:  548 18:33:41 -1118003.750000        0.090982
FIRE:  549 18:33:41 -1118003.750000        0.126571
FIRE:  550 18:33:41 -1118004.000000        0.202533
FIRE:  551 18:33:41 -1118004.000000        0.345790
FIRE:  552 18:33:41 -1118003.875000        0.646209
FIRE:  553 18:33:41 -1118003.875000        1.555466
FIRE:  554 18:33:41 -1118003.875000        0.097672
FIRE:  555 18:33:41 -1118004.000000        1.336313
FIRE:  556 18:33:41 -1118004.000000        1.015433
FIRE:  557 18:33:42 -1118003.875000        0.446738
FIRE:  558 18:33:42 -1118003.875000        0.237640
FIRE:  559 18:33:42 -1118003.750000        0.223707
FIRE:  560 18:33:42 -1118004.125000        0.196799
FIRE:  561 18:33:42 -1118004.000000        0.158689
FIRE:  562 18:33:42 -1118003.875000        0.112371
FIRE:  563 18:33:42 -1118003.750000        0.098343
FIRE:  564 18:33:42 -1118003.750000        0.098509
FIRE:  565 18:33:42 -1118004.000000        0.098678
FIRE:  566 18:33:42 -1118003.875000        0.098824
FIRE:  567 18:33:42 -1118003.875000        0.103143
FIRE:  568 18:33:42 -1118004.125000        0.109526
FIRE:  569 18:33:42 -1118004.000000        0.098916
FIRE:  570 18:33:42 -1118004.000000        0.098773
FIRE:  571 18:33:43 -1118003.875000        0.098573
FIRE:  572 18:33:43 -1118004.125000        0.098376
FIRE:  573 18:33:43 -1118003.750000        0.102386
FIRE:  574 18:33:43 -1118003.875000        0.098352
FIRE:  575 18:33:43 -1118004.000000        0.098592
FIRE:  576 18:33:43 -1118004.000000        0.098744
FIRE:  577 18:33:43 -1118004.125000        0.098611
FIRE:  578 18:33:43 -1118004.125000        0.098185
FIRE:  579 18:33:43 -1118004.000000        0.098016
FIRE:  580 18:33:43 -1118004.250000        0.098889
FIRE:  581 18:33:43 -1118003.875000        0.099717
FIRE:  582 18:33:43 -1118004.000000        0.099493
FIRE:  583 18:33:43 -1118004.250000        0.100512
FIRE:  584 18:33:43 -1118003.875000        0.101386
FIRE:  585 18:33:44 -1118004.125000        0.117917
FIRE:  586 18:33:44 -1118004.000000        0.360372
FIRE:  587 18:33:44 -1118004.000000        1.273608
FIRE:  588 18:33:44 -1118003.750000        4.018215
FIRE:  589 18:33:44 -1118004.375000        0.759715
FIRE:  590 18:33:44 -1118004.250000        0.544947
FIRE:  591 18:33:44 -1118004.125000        0.182697
FIRE:  592 18:33:44 -1118004.125000        0.241924
FIRE:  593 18:33:44 -1118004.375000        0.223060
FIRE:  594 18:33:44 -1118004.000000        0.186855
FIRE:  595 18:33:44 -1118004.125000        0.136490
FIRE:  596 18:33:44 -1118004.250000        0.106138
FIRE:  597 18:33:44 -1118004.250000        0.105676
FIRE:  598 18:33:44 -1118004.375000        0.105232
FIRE:  599 18:33:45 -1118004.000000        0.104877
FIRE:  600 18:33:45 -1118004.125000        0.129809
FIRE:  601 18:33:45 -1118004.250000        0.141040
FIRE:  602 18:33:45 -1118004.375000        0.122712
FIRE:  603 18:33:45 -1118004.125000        0.104515
FIRE:  604 18:33:45 -1118004.125000        0.104798
FIRE:  605 18:33:45 -1118004.125000        0.105102
FIRE:  606 18:33:45 -1118004.000000        0.105200
FIRE:  607 18:33:45 -1118004.375000        0.104988
FIRE:  608 18:33:45 -1118004.125000        0.104482
FIRE:  609 18:33:45 -1118004.250000        0.104098
FIRE:  610 18:33:45 -1118004.125000        0.105480
FIRE:  611 18:33:45 -1118004.000000        0.107204
FIRE:  612 18:33:45 -1118004.375000        0.107588
FIRE:  613 18:33:46 -1118004.125000        0.108412
FIRE:  614 18:33:46 -1118004.125000        0.111545
FIRE:  615 18:33:46 -1118004.375000        0.114621
FIRE:  616 18:33:46 -1118004.250000        0.114862
FIRE:  617 18:33:46 -1118004.125000        0.114589
FIRE:  618 18:33:46 -1118004.375000        0.112301
FIRE:  619 18:33:46 -1118004.250000        0.109250
FIRE:  620 18:33:46 -1118004.500000        0.394167
FIRE:  621 18:33:46 -1118004.500000        2.019797
FIRE:  622 18:33:46 -1118004.375000        0.583416
FIRE:  623 18:33:46 -1118004.500000        0.401179
FIRE:  624 18:33:46 -1118004.250000        0.106440
FIRE:  625 18:33:46 -1118004.375000        0.231520
FIRE:  626 18:33:46 -1118004.500000        0.213507
FIRE:  627 18:33:47 -1118004.375000        0.178949
FIRE:  628 18:33:47 -1118004.250000        0.131158
FIRE:  629 18:33:47 -1118004.375000        0.105806
FIRE:  630 18:33:47 -1118004.250000        0.105951
FIRE:  631 18:33:47 -1118004.250000        0.106061
FIRE:  632 18:33:47 -1118004.375000        0.106147
FIRE:  633 18:33:47 -1118004.375000        0.112596
FIRE:  634 18:33:47 -1118004.375000        0.119775
FIRE:  635 18:33:47 -1118004.375000        0.105961
FIRE:  636 18:33:47 -1118004.375000        0.105733
FIRE:  637 18:33:47 -1118004.500000        0.105460
FIRE:  638 18:33:47 -1118004.375000        0.105251
FIRE:  639 18:33:47 -1118004.250000        0.105177
FIRE:  640 18:33:47 -1118004.500000        0.105285
FIRE:  641 18:33:47 -1118004.500000        0.105536
FIRE:  642 18:33:48 -1118004.375000        0.105632
FIRE:  643 18:33:48 -1118004.375000        0.105376
FIRE:  644 18:33:48 -1118004.375000        0.104969
FIRE:  645 18:33:48 -1118004.250000        0.104899
FIRE:  646 18:33:48 -1118004.500000        0.105291
FIRE:  647 18:33:48 -1118004.500000        0.104905
FIRE:  648 18:33:48 -1118004.500000        0.103754
FIRE:  649 18:33:48 -1118004.625000        0.103219
FIRE:  650 18:33:48 -1118004.500000        0.130725
FIRE:  651 18:33:48 -1118004.500000        0.277311
FIRE:  652 18:33:48 -1118004.375000        0.847827
FIRE:  653 18:33:48 -1118004.250000        2.405221
FIRE:  654 18:33:48 -1118004.625000        0.151806
FIRE:  655 18:33:48 -1118004.625000        0.115591
FIRE:  656 18:33:49 -1118004.500000        0.092692
FIRE:  657 18:33:49 -1118004.375000        0.092592
FIRE:  658 18:33:49 -1118004.625000        0.092452
FIRE:  659 18:33:49 -1118004.625000        0.103524
FIRE:  660 18:33:49 -1118004.625000        0.092057
FIRE:  661 18:33:49 -1118004.625000        0.091833
FIRE:  662 18:33:49 -1118004.500000        0.091589
FIRE:  663 18:33:49 -1118004.500000        0.091345
FIRE:  664 18:33:49 -1118004.750000        0.091104
FIRE:  665 18:33:49 -1118004.750000        0.090792
FIRE:  666 18:33:49 -1118004.500000        0.090321
FIRE:  667 18:33:49 -1118004.500000        0.089694
FIRE:  668 18:33:49 -1118004.750000        0.089092
FIRE:  669 18:33:49 -1118004.500000        0.088616
FIRE:  670 18:33:50 -1118004.750000        0.087806
FIRE:  671 18:33:50 -1118004.625000        0.086415
FIRE:  672 18:33:50 -1118004.625000        0.085536
FIRE:  673 18:33:50 -1118004.625000        0.119066
FIRE:  674 18:33:50 -1118004.500000        0.316449
FIRE:  675 18:33:50 -1118004.750000        1.034558
FIRE:  676 18:33:50 -1118004.625000        3.149732
FIRE:  677 18:33:50 -1118004.750000        0.477849
FIRE:  678 18:33:50 -1118004.750000        0.344695
FIRE:  679 18:33:50 -1118004.750000        0.118138
FIRE:  680 18:33:50 -1118004.500000        0.136578
FIRE:  681 18:33:50 -1118004.625000        0.302452
FIRE:  682 18:33:50 -1118004.500000        0.280292
FIRE:  683 18:33:50 -1118004.500000        0.237660
FIRE:  684 18:33:51 -1118004.625000        0.178032
FIRE:  685 18:33:51 -1118004.750000        0.107013
FIRE:  686 18:33:51 -1118004.500000        0.076324
FIRE:  687 18:33:51 -1118004.750000        0.076208
FIRE:  688 18:33:51 -1118004.750000        0.108805
FIRE:  689 18:33:51 -1118004.500000        0.152425
FIRE:  690 18:33:51 -1118004.875000        0.171048
FIRE:  691 18:33:51 -1118004.875000        0.156795
FIRE:  692 18:33:51 -1118004.750000        0.106493
FIRE:  693 18:33:51 -1118004.750000        0.075802
FIRE:  694 18:33:51 -1118004.875000        0.075733
FIRE:  695 18:33:51 -1118004.625000        0.118990
FIRE:  696 18:33:51 -1118004.750000        0.104877
FIRE:  697 18:33:51 -1118004.625000        0.074875
FIRE:  698 18:33:52 -1118004.875000        0.095753
FIRE:  699 18:33:52 -1118004.750000        0.109560
FIRE:  700 18:33:52 -1118004.875000        0.073841
FIRE:  701 18:33:52 -1118004.750000        0.099505
FIRE:  702 18:33:52 -1118004.625000        0.072614
FIRE:  703 18:33:52 -1118004.750000        0.120147
FIRE:  704 18:33:52 -1118004.750000        0.071232
FIRE:  705 18:33:52 -1118004.625000        0.070185
FIRE:  706 18:33:52 -1118004.625000        0.157560
FIRE:  707 18:33:52 -1118004.625000        0.297606
FIRE:  708 18:33:52 -1118004.625000        0.668516
FIRE:  709 18:33:52 -1118004.750000        1.523466
FIRE:  710 18:33:52 -1118004.875000        0.063469
FIRE:  711 18:33:52 -1118004.625000        1.430590
FIRE:  712 18:33:52 -1118004.625000        1.064004
FIRE:  713 18:33:53 -1118004.750000        0.434333
FIRE:  714 18:33:53 -1118004.750000        0.288994
FIRE:  715 18:33:53 -1118004.750000        0.270537
FIRE:  716 18:33:53 -1118004.750000        0.234751
FIRE:  717 18:33:53 -1118004.750000        0.184013
FIRE:  718 18:33:53 -1118004.500000        0.121841
FIRE:  719 18:33:53 -1118004.500000        0.063085
FIRE:  720 18:33:53 -1118004.500000        0.062938
FIRE:  721 18:33:53 -1118004.625000        0.077913
FIRE:  722 18:33:53 -1118004.875000        0.129218
FIRE:  723 18:33:53 -1118004.500000        0.161776
FIRE:  724 18:33:53 -1118004.750000        0.167373
FIRE:  725 18:33:53 -1118004.500000        0.139952
FIRE:  726 18:33:53 -1118004.750000        0.079166
FIRE:  727 18:33:54 -1118004.500000        0.062503
FIRE:  728 18:33:54 -1118004.625000        0.084622
FIRE:  729 18:33:54 -1118004.750000        0.116722
FIRE:  730 18:33:54 -1118004.750000        0.079221
FIRE:  731 18:33:54 -1118004.750000        0.061790
FIRE:  732 18:33:54 -1118004.500000        0.109206
FIRE:  733 18:33:54 -1118004.875000        0.094738
FIRE:  734 18:33:54 -1118004.750000        0.060799
FIRE:  735 18:33:54 -1118004.750000        0.093658
FIRE:  736 18:33:54 -1118004.750000        0.059681
FIRE:  737 18:33:54 -1118004.750000        0.105515
FIRE:  738 18:33:54 -1118004.750000        0.074052
FIRE:  739 18:33:54 -1118004.875000        0.057107
FIRE:  740 18:33:54 -1118004.875000        0.079515
FIRE:  741 18:33:55 -1118004.500000        0.195829
FIRE:  742 18:33:55 -1118004.625000        0.565428
FIRE:  743 18:33:55 -1118004.875000        1.434066
FIRE:  744 18:33:55 -1118004.875000        0.050427
FIRE:  745 18:33:55 -1118004.875000        0.050407
FIRE:  746 18:33:55 -1118004.625000        0.050379
FIRE:  747 18:33:55 -1118004.875000        0.050328
FIRE:  748 18:33:55 -1118004.625000        0.050266
FIRE:  749 18:33:55 -1118004.625000        0.050195
FIRE:  750 18:33:55 -1118004.625000        0.050119
FIRE:  751 18:33:55 -1118004.750000        0.050045
FIRE:  752 18:33:55 -1118004.625000        0.049958
