      Step     Time          Energy          fmax
FIRE:    0 18:35:09 -1062207.750000       10.698911
FIRE:    1 18:35:09 -1062210.500000        4.991028
FIRE:    2 18:35:11 -1062210.500000       16.991249
FIRE:    3 18:35:11 -1062211.750000        5.835895
FIRE:    4 18:35:11 -1062212.000000        4.692547
FIRE:    5 18:35:11 -1062212.125000        4.192633
FIRE:    6 18:35:11 -1062212.250000        3.232649
FIRE:    7 18:35:11 -1062212.250000        2.258318
FIRE:    8 18:35:11 -1062212.375000        1.316204
FIRE:    9 18:35:11 -1062212.500000        1.343403
FIRE:   10 18:35:12 -1062212.500000        2.642993
FIRE:   11 18:35:12 -1062212.625000        3.342830
FIRE:   12 18:35:12 -1062212.750000        3.211708
FIRE:   13 18:35:12 -1062213.000000        2.055669
FIRE:   14 18:35:12 -1062213.125000        1.369197
FIRE:   15 18:35:12 -1062213.375000        1.929765
FIRE:   16 18:35:12 -1062213.625000        2.682451
FIRE:   17 18:35:12 -1062213.875000        1.627719
FIRE:   18 18:35:12 -1062214.250000        1.351967
FIRE:   19 18:35:12 -1062214.500000        2.307205
FIRE:   20 18:35:12 -1062215.000000        1.387064
FIRE:   21 18:35:12 -1062215.375000        1.577636
FIRE:   22 18:35:12 -1062216.000000        1.765285
FIRE:   23 18:35:12 -1062216.500000        1.949051
FIRE:   24 18:35:12 -1062216.875000        1.115117
FIRE:   25 18:35:12 -1062216.750000        2.748904
FIRE:   26 18:35:14 -1062217.000000        3.546122
FIRE:   27 18:35:14 -1062217.250000        2.907375
FIRE:   28 18:35:14 -1062217.750000        1.939679
FIRE:   29 18:35:14 -1062218.125000        1.020678
FIRE:   30 18:35:14 -1062218.375000        1.610833
FIRE:   31 18:35:14 -1062218.625000        1.713695
FIRE:   32 18:35:15 -1062218.750000        1.083397
FIRE:   33 18:35:15 -1062219.125000        1.587989
FIRE:   34 18:35:15 -1062219.750000        1.019110
FIRE:   35 18:35:15 -1062220.125000        1.490508
FIRE:   36 18:35:15 -1062220.375000        2.018400
FIRE:   37 18:35:15 -1062220.625000        2.518078
FIRE:   38 18:35:16 -1062220.750000        3.138910
FIRE:   39 18:35:16 -1062219.500000       14.790924
FIRE:   40 18:35:16 -1062220.500000        5.808447
FIRE:   41 18:35:16 -1062220.750000        3.964457
FIRE:   42 18:35:16 -1062220.875000        1.679400
FIRE:   43 18:35:16 -1062220.875000        2.692044
FIRE:   44 18:35:16 -1062220.875000        2.449381
FIRE:   45 18:35:16 -1062220.875000        1.988625
FIRE:   46 18:35:16 -1062220.875000        1.355957
FIRE:   47 18:35:16 -1062220.875000        0.696922
FIRE:   48 18:35:16 -1062220.875000        0.511989
FIRE:   49 18:35:16 -1062220.875000        0.830874
FIRE:   50 18:35:16 -1062220.875000        0.813575
FIRE:   51 18:35:16 -1062220.875000        0.779258
FIRE:   52 18:35:16 -1062220.875000        0.728746
FIRE:   53 18:35:16 -1062220.875000        0.663385
FIRE:   54 18:35:17 -1062220.875000        0.584833
FIRE:   55 18:35:17 -1062220.875000        0.501385
FIRE:   56 18:35:17 -1062220.875000        0.500644
FIRE:   57 18:35:17 -1062220.375000        0.499661
FIRE:   58 18:35:17 -1062220.875000        0.498359
FIRE:   59 18:35:17 -1062220.875000        0.496662
FIRE:   60 18:35:17 -1062220.875000        0.494461
FIRE:   61 18:35:17 -1062220.375000        0.491693
FIRE:   62 18:35:17 -1062220.875000        0.488283
FIRE:   63 18:35:17 -1062220.875000        0.484192
FIRE:   64 18:35:17 -1062220.875000        0.479461
FIRE:   65 18:35:17 -1062221.000000        0.474173
FIRE:   66 18:35:17 -1062221.000000        0.468572
FIRE:   67 18:35:17 -1062221.000000        0.462990
FIRE:   68 18:35:17 -1062221.000000        0.457664
FIRE:   69 18:35:18 -1062221.000000        0.452324
FIRE:   70 18:35:18 -1062221.000000        0.445865
FIRE:   71 18:35:18 -1062221.000000        0.437499
FIRE:   72 18:35:18 -1062221.125000        0.427685
FIRE:   73 18:35:18 -1062220.875000        0.414378
FIRE:   74 18:35:18 -1062221.125000        0.403032
FIRE:   75 18:35:18 -1062220.875000        0.406814
FIRE:   76 18:35:18 -1062221.250000        0.451634
FIRE:   77 18:35:18 -1062221.000000        0.433807
FIRE:   78 18:35:18 -1062220.750000        0.469941
FIRE:   79 18:35:18 -1062221.375000        0.541004
FIRE:   80 18:35:18 -1062221.000000        0.527126
FIRE:   81 18:35:18 -1062221.000000        0.643982
FIRE:   82 18:35:18 -1062221.250000        1.981208
FIRE:   83 18:35:18 -1062221.375000        4.444132
FIRE:   84 18:35:19 -1062221.625000        0.597152
FIRE:   85 18:35:19 -1062221.500000        5.074243
FIRE:   86 18:35:19 -1062221.375000        3.600067
FIRE:   87 18:35:19 -1062221.625000        1.263492
FIRE:   88 18:35:19 -1062221.500000        1.296129
FIRE:   89 18:35:19 -1062221.500000        1.232724
FIRE:   90 18:35:19 -1062221.625000        1.109175
FIRE:   91 18:35:19 -1062221.500000        0.932280
FIRE:   92 18:35:19 -1062221.500000        0.713409
FIRE:   93 18:35:19 -1062221.500000        0.605474
FIRE:   94 18:35:19 -1062221.625000        0.605129
FIRE:   95 18:35:19 -1062221.500000        0.604969
FIRE:   96 18:35:19 -1062222.375000        0.815474
FIRE:   97 18:35:19 -1062222.375000        0.948450
FIRE:   98 18:35:19 -1062222.000000        0.943170
FIRE:   99 18:35:19 -1062222.375000        0.773204
FIRE:  100 18:35:20 -1062222.375000        0.610382
FIRE:  101 18:35:20 -1062222.125000        0.613697
FIRE:  102 18:35:20 -1062222.250000        0.617794
FIRE:  103 18:35:20 -1062222.125000        0.622239
FIRE:  104 18:35:20 -1062222.125000        0.626590
FIRE:  105 18:35:20 -1062221.750000        0.624365
FIRE:  106 18:35:20 -1062222.250000        0.726742
FIRE:  107 18:35:20 -1062221.875000        0.614066
FIRE:  108 18:35:20 -1062222.375000        0.611546
FIRE:  109 18:35:20 -1062222.750000        0.607577
FIRE:  110 18:35:20 -1062222.500000        0.587671
FIRE:  111 18:35:20 -1062222.500000        0.541108
FIRE:  112 18:35:20 -1062222.750000        0.637603
FIRE:  113 18:35:20 -1062222.875000        0.748090
FIRE:  114 18:35:20 -1062223.250000        0.655877
FIRE:  115 18:35:21 -1062223.000000        1.241952
FIRE:  116 18:35:21 -1062223.250000        2.562516
FIRE:  117 18:35:21 -1062223.250000        8.798451
FIRE:  118 18:35:21 -1062223.500000        1.807096
FIRE:  119 18:35:21 -1062223.500000        1.423163
FIRE:  120 18:35:21 -1062223.625000        0.834436
FIRE:  121 18:35:21 -1062223.625000        0.793477
FIRE:  122 18:35:21 -1062223.625000        1.440840
FIRE:  123 18:35:21 -1062223.625000        1.651863
FIRE:  124 18:35:21 -1062223.625000        1.252940
FIRE:  125 18:35:21 -1062223.625000        0.479192
FIRE:  126 18:35:21 -1062223.625000        0.573066
FIRE:  127 18:35:21 -1062223.625000        1.097327
FIRE:  128 18:35:21 -1062223.375000        0.771719
FIRE:  129 18:35:21 -1062223.750000        0.359102
FIRE:  130 18:35:22 -1062223.500000        1.154159
FIRE:  131 18:35:22 -1062223.750000        0.549388
FIRE:  132 18:35:22 -1062223.625000        0.817860
FIRE:  133 18:35:22 -1062223.750000        0.497083
FIRE:  134 18:35:22 -1062223.750000        1.307022
FIRE:  135 18:35:22 -1062223.875000        0.312469
FIRE:  136 18:35:22 -1062223.875000        0.657552
FIRE:  137 18:35:22 -1062224.000000        1.947007
FIRE:  138 18:35:22 -1062224.125000        3.007390
FIRE:  139 18:35:22 -1062224.125000        0.794518
FIRE:  140 18:35:22 -1062224.125000        2.676601
FIRE:  141 18:35:22 -1062224.125000        2.121434
FIRE:  142 18:35:22 -1062224.125000        1.160971
FIRE:  143 18:35:22 -1062224.125000        0.317766
FIRE:  144 18:35:23 -1062224.250000        0.979058
FIRE:  145 18:35:23 -1062224.000000        0.940267
FIRE:  146 18:35:23 -1062224.000000        0.864418
FIRE:  147 18:35:23 -1062224.250000        0.754898
FIRE:  148 18:35:23 -1062224.250000        0.617504
FIRE:  149 18:35:23 -1062224.250000        0.460406
FIRE:  150 18:35:23 -1062224.125000        0.295963
FIRE:  151 18:35:23 -1062224.125000        0.267797
FIRE:  152 18:35:23 -1062224.125000        0.452007
FIRE:  153 18:35:23 -1062224.125000        0.615090
FIRE:  154 18:35:23 -1062224.125000        0.707413
FIRE:  155 18:35:23 -1062224.125000        0.699488
FIRE:  156 18:35:23 -1062224.125000        0.572451
FIRE:  157 18:35:23 -1062224.125000        0.333055
FIRE:  158 18:35:23 -1062224.250000        0.265437
FIRE:  159 18:35:23 -1062224.250000        0.407268
FIRE:  160 18:35:24 -1062224.250000        0.452859
FIRE:  161 18:35:24 -1062223.875000        0.321037
FIRE:  162 18:35:24 -1062224.375000        0.259074
FIRE:  163 18:35:24 -1062224.375000        0.503864
FIRE:  164 18:35:24 -1062224.125000        0.364111
FIRE:  165 18:35:24 -1062224.375000        0.284202
FIRE:  166 18:35:24 -1062224.375000        0.359707
FIRE:  167 18:35:24 -1062224.500000        0.274295
FIRE:  168 18:35:24 -1062224.500000        0.375434
FIRE:  169 18:35:24 -1062224.375000        0.379579
FIRE:  170 18:35:24 -1062224.500000        0.307537
FIRE:  171 18:35:24 -1062224.500000        0.208207
FIRE:  172 18:35:24 -1062224.750000        0.226178
FIRE:  173 18:35:24 -1062224.875000        0.449790
FIRE:  174 18:35:24 -1062224.500000        1.578598
FIRE:  175 18:35:25 -1062225.000000        7.608264
FIRE:  176 18:35:25 -1062224.875000        2.606073
FIRE:  177 18:35:25 -1062224.375000        1.817149
FIRE:  178 18:35:25 -1062225.250000        0.608881
FIRE:  179 18:35:25 -1062224.875000        1.161988
FIRE:  180 18:35:25 -1062225.250000        1.076877
FIRE:  181 18:35:25 -1062225.250000        0.914404
FIRE:  182 18:35:25 -1062225.250000        0.689570
FIRE:  183 18:35:25 -1062224.500000        0.424883
FIRE:  184 18:35:25 -1062225.250000        0.236420
FIRE:  185 18:35:25 -1062225.250000        0.300126
FIRE:  186 18:35:25 -1062225.250000        0.427766
FIRE:  187 18:35:25 -1062225.000000        0.508292
FIRE:  188 18:35:25 -1062225.250000        0.519475
FIRE:  189 18:35:25 -1062225.250000        0.445564
FIRE:  190 18:35:26 -1062225.250000        0.285349
FIRE:  191 18:35:26 -1062224.875000        0.235402
FIRE:  192 18:35:26 -1062225.250000        0.409282
FIRE:  193 18:35:26 -1062225.250000        0.536637
FIRE:  194 18:35:26 -1062225.000000        0.401930
FIRE:  195 18:35:26 -1062225.250000        0.232658
FIRE:  196 18:35:26 -1062225.250000        0.380376
FIRE:  197 18:35:26 -1062225.250000        0.347566
FIRE:  198 18:35:26 -1062225.250000        0.263818
FIRE:  199 18:35:26 -1062225.250000        0.462540
FIRE:  200 18:35:26 -1062225.375000        0.224672
FIRE:  201 18:35:26 -1062225.375000        0.321012
FIRE:  202 18:35:26 -1062225.375000        0.437514
FIRE:  203 18:35:26 -1062225.375000        0.226539
FIRE:  204 18:35:26 -1062225.500000        0.212725
FIRE:  205 18:35:27 -1062225.500000        0.341824
FIRE:  206 18:35:27 -1062225.625000        0.826732
FIRE:  207 18:35:27 -1062225.625000        3.342645
FIRE:  208 18:35:27 -1062225.625000        0.446399
FIRE:  209 18:35:27 -1062225.375000        0.365572
FIRE:  210 18:35:27 -1062225.625000        0.232589
FIRE:  211 18:35:27 -1062225.625000        0.209309
FIRE:  212 18:35:27 -1062225.625000        0.360857
FIRE:  213 18:35:27 -1062225.625000        0.405426
FIRE:  214 18:35:27 -1062225.750000        0.328475
FIRE:  215 18:35:27 -1062225.750000        0.170584
FIRE:  216 18:35:27 -1062225.750000        0.216013
FIRE:  217 18:35:27 -1062225.750000        0.285301
FIRE:  218 18:35:27 -1062225.750000        0.238935
FIRE:  219 18:35:27 -1062225.750000        0.175578
FIRE:  220 18:35:28 -1062225.500000        0.320468
FIRE:  221 18:35:28 -1062225.750000        0.169036
FIRE:  222 18:35:28 -1062225.750000        0.279116
FIRE:  223 18:35:28 -1062225.500000        0.176861
FIRE:  224 18:35:28 -1062225.375000        0.327880
FIRE:  225 18:35:28 -1062225.500000        0.270600
FIRE:  226 18:35:28 -1062225.625000        0.236958
FIRE:  227 18:35:28 -1062225.500000        0.249976
FIRE:  228 18:35:28 -1062226.000000        0.448569
FIRE:  229 18:35:28 -1062225.000000        1.223894
FIRE:  230 18:35:28 -1062225.625000        5.229744
FIRE:  231 18:35:28 -1062226.125000        1.195604
FIRE:  232 18:35:28 -1062225.250000        0.858024
FIRE:  233 18:35:28 -1062225.875000        0.401826
FIRE:  234 18:35:28 -1062225.875000        0.528834
FIRE:  235 18:35:29 -1062225.750000        0.498339
FIRE:  236 18:35:29 -1062226.125000        0.439942
FIRE:  237 18:35:29 -1062225.875000        0.359303
FIRE:  238 18:35:29 -1062225.875000        0.265062
FIRE:  239 18:35:29 -1062226.125000        0.190412
FIRE:  240 18:35:29 -1062225.875000        0.228431
FIRE:  241 18:35:29 -1062225.875000        0.267977
FIRE:  242 18:35:29 -1062226.125000        0.298740
FIRE:  243 18:35:29 -1062226.125000        0.308987
FIRE:  244 18:35:29 -1062225.500000        0.290626
FIRE:  245 18:35:29 -1062225.125000        0.244466
FIRE:  246 18:35:29 -1062225.250000        0.190870
FIRE:  247 18:35:29 -1062226.125000        0.214435
FIRE:  248 18:35:29 -1062226.125000        0.274668
FIRE:  249 18:35:29 -1062225.125000        0.241953
FIRE:  250 18:35:30 -1062225.125000        0.185562
FIRE:  251 18:35:30 -1062226.125000        0.249374
FIRE:  252 18:35:30 -1062225.875000        0.253119
FIRE:  253 18:35:30 -1062225.875000        0.181132
FIRE:  254 18:35:30 -1062226.000000        0.253262
FIRE:  255 18:35:30 -1062226.000000        0.189138
FIRE:  256 18:35:30 -1062225.875000        0.239727
FIRE:  257 18:35:30 -1062226.125000        0.210629
FIRE:  258 18:35:30 -1062226.125000        0.177172
FIRE:  259 18:35:30 -1062226.000000        0.194324
FIRE:  260 18:35:30 -1062226.125000        0.338713
FIRE:  261 18:35:30 -1062226.250000        0.812758
FIRE:  262 18:35:30 -1062226.125000        2.868007
FIRE:  263 18:35:30 -1062226.000000        0.236843
FIRE:  264 18:35:30 -1062225.375000        0.218181
FIRE:  265 18:35:31 -1062226.125000        0.190268
FIRE:  266 18:35:31 -1062226.125000        0.168700
FIRE:  267 18:35:31 -1062226.000000        0.162276
FIRE:  268 18:35:31 -1062225.500000        0.175478
FIRE:  269 18:35:31 -1062225.625000        0.162779
FIRE:  270 18:35:31 -1062226.250000        0.164181
FIRE:  271 18:35:31 -1062226.250000        0.175641
FIRE:  272 18:35:31 -1062225.500000        0.189747
FIRE:  273 18:35:31 -1062225.500000        0.186525
FIRE:  274 18:35:31 -1062225.500000        0.169615
FIRE:  275 18:35:31 -1062225.625000        0.164890
FIRE:  276 18:35:31 -1062226.125000        0.167925
FIRE:  277 18:35:31 -1062226.125000        0.191418
FIRE:  278 18:35:31 -1062226.125000        0.183749
FIRE:  279 18:35:31 -1062226.250000        0.168471
FIRE:  280 18:35:31 -1062226.250000        0.181529
FIRE:  281 18:35:32 -1062226.250000        0.180226
FIRE:  282 18:35:32 -1062226.250000        0.171620
FIRE:  283 18:35:32 -1062226.250000        0.278561
FIRE:  284 18:35:32 -1062226.500000        0.918380
FIRE:  285 18:35:32 -1062226.375000        2.999841
FIRE:  286 18:35:32 -1062226.625000        0.205104
FIRE:  287 18:35:32 -1062226.375000        0.174929
FIRE:  288 18:35:32 -1062226.500000        0.180333
FIRE:  289 18:35:32 -1062226.500000        0.193671
FIRE:  290 18:35:32 -1062226.500000        0.205566
FIRE:  291 18:35:32 -1062226.375000        0.205746
FIRE:  292 18:35:32 -1062226.500000        0.193424
FIRE:  293 18:35:32 -1062226.375000        0.179196
FIRE:  294 18:35:32 -1062226.375000        0.173935
FIRE:  295 18:35:32 -1062226.625000        0.174994
FIRE:  296 18:35:33 -1062226.625000        0.173598
FIRE:  297 18:35:33 -1062226.625000        0.184871
FIRE:  298 18:35:33 -1062226.625000        0.199284
FIRE:  299 18:35:33 -1062226.500000        0.183918
FIRE:  300 18:35:33 -1062226.625000        0.174614
FIRE:  301 18:35:33 -1062226.500000        0.183026
FIRE:  302 18:35:33 -1062226.750000        0.193057
FIRE:  303 18:35:33 -1062226.750000        0.181893
FIRE:  304 18:35:33 -1062226.625000        0.216349
FIRE:  305 18:35:33 -1062226.625000        0.248384
FIRE:  306 18:35:33 -1062226.625000        0.512374
FIRE:  307 18:35:33 -1062227.000000        1.999195
FIRE:  308 18:35:33 -1062226.875000        5.968657
FIRE:  309 18:35:33 -1062227.000000        0.632831
FIRE:  310 18:35:33 -1062227.000000        0.471359
FIRE:  311 18:35:34 -1062227.000000        0.207374
FIRE:  312 18:35:34 -1062227.000000        0.282896
FIRE:  313 18:35:34 -1062226.750000        0.360762
FIRE:  314 18:35:34 -1062227.000000        0.355700
FIRE:  315 18:35:34 -1062227.000000        0.238165
FIRE:  316 18:35:34 -1062227.000000        0.161723
FIRE:  317 18:35:34 -1062227.000000        0.260928
FIRE:  318 18:35:34 -1062226.750000        0.335578
FIRE:  319 18:35:34 -1062226.500000        0.182067
FIRE:  320 18:35:34 -1062226.750000        0.229474
FIRE:  321 18:35:34 -1062226.750000        0.309969
FIRE:  322 18:35:34 -1062227.125000        0.164220
FIRE:  323 18:35:34 -1062227.125000        0.327326
FIRE:  324 18:35:34 -1062226.875000        0.182717
FIRE:  325 18:35:34 -1062227.000000        0.189967
FIRE:  326 18:35:34 -1062226.875000        0.380860
FIRE:  327 18:35:35 -1062226.875000        0.421542
FIRE:  328 18:35:35 -1062226.875000        0.795048
FIRE:  329 18:35:35 -1062227.000000        1.546591
FIRE:  330 18:35:35 -1062227.125000        4.360895
FIRE:  331 18:35:35 -1062226.875000        0.576500
FIRE:  332 18:35:35 -1062226.875000        0.425315
FIRE:  333 18:35:35 -1062227.125000        0.233126
FIRE:  334 18:35:35 -1062227.125000        0.210722
FIRE:  335 18:35:35 -1062227.125000        0.439524
FIRE:  336 18:35:35 -1062227.125000        0.509149
FIRE:  337 18:35:35 -1062227.125000        0.405314
FIRE:  338 18:35:35 -1062226.875000        0.177307
FIRE:  339 18:35:35 -1062227.000000        0.200444
FIRE:  340 18:35:35 -1062227.125000        0.317336
FIRE:  341 18:35:35 -1062227.000000        0.268411
FIRE:  342 18:35:35 -1062227.000000        0.152265
FIRE:  343 18:35:35 -1062227.000000        0.367882
FIRE:  344 18:35:36 -1062227.125000        0.223802
FIRE:  345 18:35:36 -1062227.250000        0.275371
FIRE:  346 18:35:36 -1062227.125000        0.211752
FIRE:  347 18:35:36 -1062227.250000        0.396883
FIRE:  348 18:35:36 -1062227.000000        0.177791
FIRE:  349 18:35:36 -1062227.250000        0.196234
FIRE:  350 18:35:36 -1062227.250000        0.528341
FIRE:  351 18:35:36 -1062227.250000        1.097837
FIRE:  352 18:35:36 -1062227.375000        2.910385
FIRE:  353 18:35:36 -1062227.375000        0.172812
FIRE:  354 18:35:36 -1062227.375000        2.352160
FIRE:  355 18:35:36 -1062227.375000        1.798851
FIRE:  356 18:35:36 -1062227.375000        0.802515
FIRE:  357 18:35:36 -1062227.250000        0.424731
FIRE:  358 18:35:36 -1062227.375000        0.402696
FIRE:  359 18:35:36 -1062227.250000        0.360101
FIRE:  360 18:35:36 -1062227.375000        0.300217
FIRE:  361 18:35:37 -1062227.250000        0.227867
FIRE:  362 18:35:37 -1062227.375000        0.174358
FIRE:  363 18:35:37 -1062227.250000        0.174413
FIRE:  364 18:35:37 -1062227.375000        0.174473
FIRE:  365 18:35:37 -1062227.125000        0.192745
FIRE:  366 18:35:37 -1062227.375000        0.214704
FIRE:  367 18:35:37 -1062227.375000        0.217742
FIRE:  368 18:35:37 -1062227.250000        0.196600
FIRE:  369 18:35:37 -1062227.375000        0.175107
FIRE:  370 18:35:37 -1062227.125000        0.175346
FIRE:  371 18:35:37 -1062227.125000        0.175648
FIRE:  372 18:35:37 -1062227.375000        0.202708
FIRE:  373 18:35:37 -1062227.250000        0.176504
FIRE:  374 18:35:37 -1062227.125000        0.177085
FIRE:  375 18:35:37 -1062227.250000        0.177839
FIRE:  376 18:35:37 -1062227.250000        0.178579
FIRE:  377 18:35:37 -1062227.125000        0.179530
FIRE:  378 18:35:37 -1062227.250000        0.181669
FIRE:  379 18:35:38 -1062227.125000        0.182222
FIRE:  380 18:35:38 -1062227.500000        0.184032
FIRE:  381 18:35:38 -1062227.375000        0.186091
FIRE:  382 18:35:38 -1062227.375000        0.188363
FIRE:  383 18:35:38 -1062227.500000        0.190708
FIRE:  384 18:35:38 -1062227.375000        0.249829
FIRE:  385 18:35:38 -1062227.375000        0.584328
FIRE:  386 18:35:38 -1062227.375000        2.239499
FIRE:  387 18:35:38 -1062227.500000        6.631934
FIRE:  388 18:35:38 -1062227.625000        0.836952
FIRE:  389 18:35:38 -1062227.625000        0.612141
FIRE:  390 18:35:38 -1062227.750000        0.235736
FIRE:  391 18:35:38 -1062227.625000        0.328165
FIRE:  392 18:35:38 -1062227.750000        0.440401
FIRE:  393 18:35:38 -1062227.750000        0.473797
FIRE:  394 18:35:38 -1062227.250000        0.301665
FIRE:  395 18:35:38 -1062227.500000        0.195570
FIRE:  396 18:35:39 -1062227.500000        0.335983
FIRE:  397 18:35:39 -1062227.750000        0.441440
FIRE:  398 18:35:39 -1062227.750000        0.218885
FIRE:  399 18:35:39 -1062227.750000        0.251546
FIRE:  400 18:35:39 -1062227.500000        0.377642
FIRE:  401 18:35:39 -1062227.500000        0.191220
FIRE:  402 18:35:39 -1062227.500000        0.430849
FIRE:  403 18:35:39 -1062227.750000        0.190669
FIRE:  404 18:35:39 -1062227.750000        0.244453
FIRE:  405 18:35:39 -1062227.125000        0.492154
FIRE:  406 18:35:39 -1062227.750000        0.469778
FIRE:  407 18:35:39 -1062227.875000        0.851222
FIRE:  408 18:35:39 -1062227.875000        1.628142
FIRE:  409 18:35:39 -1062227.875000        4.701870
FIRE:  410 18:35:39 -1062227.750000        0.743846
FIRE:  411 18:35:39 -1062228.000000        0.530704
FIRE:  412 18:35:40 -1062227.875000        0.231800
FIRE:  413 18:35:40 -1062227.875000        0.258592
FIRE:  414 18:35:40 -1062227.875000        0.550827
FIRE:  415 18:35:40 -1062228.000000        0.631797
FIRE:  416 18:35:40 -1062227.750000        0.492722
FIRE:  417 18:35:40 -1062227.875000        0.194985
FIRE:  418 18:35:40 -1062228.000000        0.205408
FIRE:  419 18:35:40 -1062228.000000        0.412119
FIRE:  420 18:35:40 -1062228.000000        0.318164
FIRE:  421 18:35:40 -1062228.000000        0.148919
FIRE:  422 18:35:40 -1062228.000000        0.445246
FIRE:  423 18:35:40 -1062227.875000        0.271830
FIRE:  424 18:35:40 -1062227.875000        0.296405
FIRE:  425 18:35:40 -1062228.000000        0.224909
FIRE:  426 18:35:40 -1062228.000000        0.478718
FIRE:  427 18:35:40 -1062228.000000        0.141999
FIRE:  428 18:35:40 -1062227.875000        0.230598
FIRE:  429 18:35:40 -1062228.000000        0.742269
FIRE:  430 18:35:41 -1062228.000000        1.411837
FIRE:  431 18:35:41 -1062228.250000        3.356607
FIRE:  432 18:35:41 -1062228.250000        0.181390
FIRE:  433 18:35:41 -1062228.250000        0.158364
FIRE:  434 18:35:41 -1062228.250000        0.139419
FIRE:  435 18:35:41 -1062228.250000        0.139100
FIRE:  436 18:35:41 -1062228.000000        0.138692
FIRE:  437 18:35:41 -1062228.000000        0.138202
FIRE:  438 18:35:41 -1062228.000000        0.137638
FIRE:  439 18:35:41 -1062228.000000        0.137028
FIRE:  440 18:35:41 -1062228.250000        0.136282
FIRE:  441 18:35:41 -1062228.000000        0.135421
FIRE:  442 18:35:41 -1062228.250000        0.134434
FIRE:  443 18:35:41 -1062228.250000        0.133355
FIRE:  444 18:35:41 -1062228.250000        0.132181
FIRE:  445 18:35:41 -1062228.250000        0.130958
FIRE:  446 18:35:41 -1062228.375000        0.129744
FIRE:  447 18:35:42 -1062228.375000        0.128558
FIRE:  448 18:35:42 -1062228.375000        0.127432
FIRE:  449 18:35:42 -1062228.125000        0.126335
FIRE:  450 18:35:42 -1062228.375000        0.125119
FIRE:  451 18:35:42 -1062228.375000        0.133729
FIRE:  452 18:35:42 -1062228.000000        0.233042
FIRE:  453 18:35:42 -1062228.500000        0.945795
FIRE:  454 18:35:42 -1062228.500000        2.912488
FIRE:  455 18:35:42 -1062228.500000        0.153810
FIRE:  456 18:35:42 -1062228.500000        0.126544
FIRE:  457 18:35:42 -1062228.500000        0.113686
FIRE:  458 18:35:42 -1062228.500000        0.113419
FIRE:  459 18:35:42 -1062228.500000        0.113069
FIRE:  460 18:35:42 -1062228.125000        0.112651
FIRE:  461 18:35:42 -1062228.500000        0.112178
FIRE:  462 18:35:42 -1062228.250000        0.111657
FIRE:  463 18:35:42 -1062228.500000        0.111040
FIRE:  464 18:35:43 -1062227.750000        0.110319
FIRE:  465 18:35:43 -1062228.500000        0.109498
FIRE:  466 18:35:43 -1062228.250000        0.108595
FIRE:  467 18:35:43 -1062228.500000        0.107605
FIRE:  468 18:35:43 -1062228.500000        0.106543
FIRE:  469 18:35:43 -1062228.500000        0.105436
FIRE:  470 18:35:43 -1062228.500000        0.104277
FIRE:  471 18:35:43 -1062228.500000        0.103040
FIRE:  472 18:35:43 -1062228.125000        0.103612
FIRE:  473 18:35:43 -1062228.625000        0.106728
FIRE:  474 18:35:43 -1062228.625000        0.171795
FIRE:  475 18:35:43 -1062228.375000        0.359781
FIRE:  476 18:35:43 -1062228.625000        1.459118
FIRE:  477 18:35:43 -1062228.625000        4.438508
FIRE:  478 18:35:43 -1062228.625000        0.531384
FIRE:  479 18:35:44 -1062228.375000        0.391165
FIRE:  480 18:35:44 -1062228.375000        0.155946
FIRE:  481 18:35:44 -1062228.625000        0.185344
FIRE:  482 18:35:44 -1062228.625000        0.275433
FIRE:  483 18:35:44 -1062228.625000        0.306555
FIRE:  484 18:35:44 -1062228.375000        0.203345
FIRE:  485 18:35:44 -1062228.375000        0.097537
FIRE:  486 18:35:44 -1062228.625000        0.210550
FIRE:  487 18:35:44 -1062228.750000        0.294983
FIRE:  488 18:35:44 -1062228.375000        0.168795
FIRE:  489 18:35:44 -1062228.750000        0.142214
FIRE:  490 18:35:44 -1062228.500000        0.232981
FIRE:  491 18:35:44 -1062228.750000        0.092524
FIRE:  492 18:35:44 -1062228.750000        0.281871
FIRE:  493 18:35:45 -1062228.750000        0.093232
FIRE:  494 18:35:45 -1062228.750000        0.185138
FIRE:  495 18:35:45 -1062228.500000        0.313948
FIRE:  496 18:35:45 -1062228.750000        0.256630
FIRE:  497 18:35:45 -1062228.500000        0.470916
FIRE:  498 18:35:45 -1062228.500000        0.961529
FIRE:  499 18:35:45 -1062227.875000        2.807866
FIRE:  500 18:35:45 -1062228.000000        0.246007
FIRE:  501 18:35:45 -1062228.125000        0.194013
FIRE:  502 18:35:45 -1062228.125000        0.108660
FIRE:  503 18:35:45 -1062228.125000        0.101170
FIRE:  504 18:35:45 -1062228.000000        0.202132
FIRE:  505 18:35:45 -1062228.000000        0.234910
FIRE:  506 18:35:45 -1062228.000000        0.189650
FIRE:  507 18:35:46 -1062228.000000        0.089390
FIRE:  508 18:35:46 -1062228.125000        0.099307
FIRE:  509 18:35:46 -1062228.000000        0.149430
FIRE:  510 18:35:46 -1062228.125000        0.123646
FIRE:  511 18:35:46 -1062228.125000        0.084635
FIRE:  512 18:35:46 -1062228.000000        0.178757
FIRE:  513 18:35:46 -1062228.125000        0.094886
FIRE:  514 18:35:46 -1062228.125000        0.135911
FIRE:  515 18:35:46 -1062228.000000        0.083914
FIRE:  516 18:35:46 -1062228.000000        0.188678
FIRE:  517 18:35:46 -1062228.000000        0.116696
FIRE:  518 18:35:46 -1062228.000000        0.081529
FIRE:  519 18:35:46 -1062228.000000        0.081444
FIRE:  520 18:35:46 -1062228.625000        0.156763
FIRE:  521 18:35:47 -1062228.250000        0.716557
FIRE:  522 18:35:47 -1062228.125000        2.528018
FIRE:  523 18:35:47 -1062228.125000        0.332256
FIRE:  524 18:35:47 -1062228.250000        0.248235
FIRE:  525 18:35:47 -1062228.250000        0.108250
FIRE:  526 18:35:47 -1062228.125000        0.114924
FIRE:  527 18:35:47 -1062228.125000        0.177522
FIRE:  528 18:35:47 -1062228.125000        0.183892
FIRE:  529 18:35:47 -1062228.125000        0.132601
FIRE:  530 18:35:47 -1062228.250000        0.080796
FIRE:  531 18:35:47 -1062228.250000        0.146729
FIRE:  532 18:35:47 -1062228.250000        0.197286
FIRE:  533 18:35:47 -1062228.875000        0.115911
FIRE:  534 18:35:47 -1062228.250000        0.104998
FIRE:  535 18:35:47 -1062228.125000        0.149510
FIRE:  536 18:35:48 -1062228.125000        0.079583
FIRE:  537 18:35:48 -1062228.250000        0.183666
FIRE:  538 18:35:48 -1062228.750000        0.080051
FIRE:  539 18:35:48 -1062229.000000        0.112488
FIRE:  540 18:35:48 -1062228.750000        0.221779
FIRE:  541 18:35:48 -1062228.750000        0.212947
FIRE:  542 18:35:48 -1062229.000000        0.450833
FIRE:  543 18:35:48 -1062229.125000        0.939102
FIRE:  544 18:35:48 -1062229.125000        2.634332
FIRE:  545 18:35:48 -1062228.250000        0.194813
FIRE:  546 18:35:48 -1062229.125000        0.158609
FIRE:  547 18:35:48 -1062228.750000        0.097864
FIRE:  548 18:35:48 -1062228.875000        0.081569
FIRE:  549 18:35:48 -1062229.125000        0.150301
FIRE:  550 18:35:49 -1062229.125000        0.174009
FIRE:  551 18:35:49 -1062229.125000        0.144042
FIRE:  552 18:35:49 -1062228.750000        0.078014
FIRE:  553 18:35:49 -1062228.875000        0.078001
FIRE:  554 18:35:49 -1062229.125000        0.108783
FIRE:  555 18:35:49 -1062229.125000        0.094763
FIRE:  556 18:35:49 -1062228.875000        0.078139
FIRE:  557 18:35:49 -1062228.875000        0.136074
FIRE:  558 18:35:49 -1062228.875000        0.083633
FIRE:  559 18:35:49 -1062229.125000        0.109359
FIRE:  560 18:35:49 -1062229.125000        0.079130
FIRE:  561 18:35:49 -1062228.875000        0.140077
FIRE:  562 18:35:49 -1062229.000000        0.085567
FIRE:  563 18:35:49 -1062229.000000        0.081420
FIRE:  564 18:35:50 -1062229.000000        0.083926
FIRE:  565 18:35:50 -1062229.000000        0.150424
FIRE:  566 18:35:50 -1062229.000000        0.659506
FIRE:  567 18:35:50 -1062229.000000        2.288344
FIRE:  568 18:35:50 -1062229.000000        0.259930
FIRE:  569 18:35:50 -1062228.875000        0.198355
FIRE:  570 18:35:50 -1062229.125000        0.095781
FIRE:  571 18:35:50 -1062228.750000        0.092908
FIRE:  572 18:35:50 -1062229.250000        0.141055
FIRE:  573 18:35:50 -1062228.875000        0.147798
FIRE:  574 18:35:50 -1062229.250000        0.110771
FIRE:  575 18:35:50 -1062229.250000        0.087938
FIRE:  576 18:35:50 -1062229.000000        0.117320
FIRE:  577 18:35:50 -1062229.250000        0.158393
FIRE:  578 18:35:51 -1062228.875000        0.101353
FIRE:  579 18:35:51 -1062228.875000        0.088238
FIRE:  580 18:35:51 -1062229.250000        0.122536
FIRE:  581 18:35:51 -1062229.000000        0.088845
FIRE:  582 18:35:51 -1062229.250000        0.149317
FIRE:  583 18:35:51 -1062229.250000        0.090030
FIRE:  584 18:35:51 -1062229.000000        0.097867
FIRE:  585 18:35:51 -1062229.250000        0.176616
FIRE:  586 18:35:51 -1062229.000000        0.167942
FIRE:  587 18:35:51 -1062229.375000        0.359474
FIRE:  588 18:35:51 -1062229.125000        0.780540
FIRE:  589 18:35:51 -1062229.375000        2.294337
FIRE:  590 18:35:51 -1062229.125000        0.130476
FIRE:  591 18:35:51 -1062229.375000        0.110421
FIRE:  592 18:35:51 -1062229.375000        0.099042
FIRE:  593 18:35:52 -1062229.375000        0.099034
FIRE:  594 18:35:52 -1062229.125000        0.101842
FIRE:  595 18:35:52 -1062229.375000        0.115761
FIRE:  596 18:35:52 -1062229.375000        0.100492
FIRE:  597 18:35:52 -1062229.000000        0.099011
FIRE:  598 18:35:52 -1062229.125000        0.099029
FIRE:  599 18:35:52 -1062229.125000        0.099082
FIRE:  600 18:35:52 -1062229.375000        0.099188
FIRE:  601 18:35:52 -1062229.000000        0.099356
FIRE:  602 18:35:52 -1062229.125000        0.099599
FIRE:  603 18:35:52 -1062229.375000        0.099929
FIRE:  604 18:35:52 -1062229.000000        0.100384
FIRE:  605 18:35:52 -1062229.125000        0.101019
FIRE:  606 18:35:52 -1062229.125000        0.101879
FIRE:  607 18:35:53 -1062229.125000        0.102947
FIRE:  608 18:35:53 -1062229.500000        0.104300
FIRE:  609 18:35:53 -1062229.500000        0.105926
FIRE:  610 18:35:53 -1062229.500000        0.133993
FIRE:  611 18:35:53 -1062229.500000        0.550953
FIRE:  612 18:35:53 -1062229.250000        1.938704
FIRE:  613 18:35:53 -1062229.500000        0.193401
FIRE:  614 18:35:53 -1062229.250000        0.152221
FIRE:  615 18:35:53 -1062229.250000        0.114119
FIRE:  616 18:35:53 -1062229.500000        0.114063
FIRE:  617 18:35:53 -1062229.500000        0.114010
FIRE:  618 18:35:53 -1062229.250000        0.115874
FIRE:  619 18:35:53 -1062229.500000        0.113972
FIRE:  620 18:35:53 -1062229.250000        0.113998
FIRE:  621 18:35:53 -1062229.500000        0.114065
FIRE:  622 18:35:54 -1062229.500000        0.123801
FIRE:  623 18:35:54 -1062229.250000        0.114363
FIRE:  624 18:35:54 -1062229.500000        0.114633
FIRE:  625 18:35:54 -1062229.500000        0.115032
FIRE:  626 18:35:54 -1062229.250000        0.115605
FIRE:  627 18:35:54 -1062229.500000        0.118159
FIRE:  628 18:35:54 -1062229.125000        0.117400
FIRE:  629 18:35:54 -1062229.375000        0.118681
FIRE:  630 18:35:54 -1062229.375000        0.134736
FIRE:  631 18:35:54 -1062229.250000        0.123793
FIRE:  632 18:35:54 -1062229.625000        0.249669
FIRE:  633 18:35:54 -1062229.625000        0.547370
FIRE:  634 18:35:54 -1062229.625000        1.843157
FIRE:  635 18:35:54 -1062229.375000        0.130423
FIRE:  636 18:35:54 -1062229.625000        1.528447
FIRE:  637 18:35:55 -1062229.625000        1.152271
FIRE:  638 18:35:55 -1062229.625000        0.482856
FIRE:  639 18:35:55 -1062229.375000        0.322111
FIRE:  640 18:35:55 -1062229.375000        0.304766
FIRE:  641 18:35:55 -1062229.625000        0.271182
FIRE:  642 18:35:55 -1062229.375000        0.223995
FIRE:  643 18:35:55 -1062229.625000        0.166969
FIRE:  644 18:35:55 -1062229.625000        0.130544
FIRE:  645 18:35:55 -1062229.625000        0.130553
FIRE:  646 18:35:55 -1062229.375000        0.130563
FIRE:  647 18:35:55 -1062229.625000        0.130586
FIRE:  648 18:35:55 -1062229.625000        0.141646
FIRE:  649 18:35:55 -1062229.250000        0.143948
FIRE:  650 18:35:55 -1062229.375000        0.130759
FIRE:  651 18:35:56 -1062229.375000        0.130867
FIRE:  652 18:35:56 -1062229.625000        0.131011
FIRE:  653 18:35:56 -1062229.625000        0.131192
FIRE:  654 18:35:56 -1062229.625000        0.154491
FIRE:  655 18:35:56 -1062229.625000        0.131675
FIRE:  656 18:35:56 -1062229.625000        0.132009
FIRE:  657 18:35:56 -1062229.625000        0.132450
FIRE:  658 18:35:56 -1062229.375000        0.133036
FIRE:  659 18:35:56 -1062229.625000        0.133803
FIRE:  660 18:35:56 -1062229.750000        0.134740
FIRE:  661 18:35:56 -1062229.750000        0.135872
FIRE:  662 18:35:56 -1062229.750000        0.137298
FIRE:  663 18:35:56 -1062229.750000        0.140382
FIRE:  664 18:35:56 -1062229.750000        0.140968
FIRE:  665 18:35:56 -1062229.750000        0.143238
FIRE:  666 18:35:57 -1062229.750000        0.145791
FIRE:  667 18:35:57 -1062229.500000        0.148800
FIRE:  668 18:35:57 -1062229.625000        0.767529
FIRE:  669 18:35:57 -1062229.875000        2.872905
FIRE:  670 18:35:57 -1062229.875000        0.635152
FIRE:  671 18:35:57 -1062229.875000        0.454895
FIRE:  672 18:35:57 -1062229.875000        0.156628
FIRE:  673 18:35:57 -1062229.875000        0.218209
FIRE:  674 18:35:57 -1062229.625000        0.352383
FIRE:  675 18:35:57 -1062229.875000        0.365448
FIRE:  676 18:35:57 -1062229.625000        0.212155
FIRE:  677 18:35:57 -1062229.875000        0.155187
FIRE:  678 18:35:57 -1062229.875000        0.299499
FIRE:  679 18:35:57 -1062229.875000        0.365766
FIRE:  680 18:35:58 -1062229.875000        0.168581
FIRE:  681 18:35:58 -1062229.875000        0.198876
FIRE:  682 18:35:58 -1062229.875000        0.255405
FIRE:  683 18:35:58 -1062229.875000        0.158170
FIRE:  684 18:35:58 -1062229.625000        0.322481
FIRE:  685 18:35:58 -1062229.625000        0.161007
FIRE:  686 18:35:58 -1062229.625000        0.162777
FIRE:  687 18:35:58 -1062230.000000        0.399968
FIRE:  688 18:35:58 -1062230.000000        0.446473
FIRE:  689 18:35:58 -1062230.000000        0.809102
FIRE:  690 18:35:58 -1062229.750000        1.561721
FIRE:  691 18:35:58 -1062230.000000        0.167910
FIRE:  692 18:35:58 -1062230.000000        1.437402
FIRE:  693 18:35:58 -1062230.000000        1.103996
FIRE:  694 18:35:58 -1062229.750000        0.524773
FIRE:  695 18:35:59 -1062230.000000        0.184090
FIRE:  696 18:35:59 -1062230.000000        0.176093
FIRE:  697 18:35:59 -1062230.000000        0.167713
FIRE:  698 18:35:59 -1062230.000000        0.167722
FIRE:  699 18:35:59 -1062230.000000        0.167734
FIRE:  700 18:35:59 -1062229.750000        0.167745
FIRE:  701 18:35:59 -1062230.000000        0.167758
FIRE:  702 18:35:59 -1062229.250000        0.167767
FIRE:  703 18:35:59 -1062230.000000        0.167776
FIRE:  704 18:35:59 -1062230.000000        0.167785
FIRE:  705 18:35:59 -1062230.000000        0.167788
FIRE:  706 18:35:59 -1062230.000000        0.167788
FIRE:  707 18:35:59 -1062229.750000        0.167784
FIRE:  708 18:35:59 -1062229.750000        0.167778
FIRE:  709 18:36:00 -1062230.000000        0.167778
FIRE:  710 18:36:00 -1062230.000000        0.167798
FIRE:  711 18:36:00 -1062229.875000        0.167845
FIRE:  712 18:36:00 -1062229.750000        0.167913
FIRE:  713 18:36:00 -1062230.000000        0.168000
FIRE:  714 18:36:00 -1062230.000000        0.168072
FIRE:  715 18:36:00 -1062230.000000        0.168122
FIRE:  716 18:36:00 -1062230.000000        0.168147
FIRE:  717 18:36:00 -1062229.750000        0.168159
FIRE:  718 18:36:00 -1062229.750000        0.168073
FIRE:  719 18:36:00 -1062229.875000        0.167739
FIRE:  720 18:36:00 -1062229.875000        0.167142
FIRE:  721 18:36:00 -1062229.875000        0.166328
FIRE:  722 18:36:00 -1062229.875000        0.178765
FIRE:  723 18:36:00 -1062229.875000        0.584052
FIRE:  724 18:36:01 -1062229.875000        1.591785
FIRE:  725 18:36:01 -1062229.875000        5.170925
FIRE:  726 18:36:01 -1062230.000000        1.097134
FIRE:  727 18:36:01 -1062230.000000        0.774252
FIRE:  728 18:36:01 -1062230.000000        0.303986
FIRE:  729 18:36:01 -1062230.000000        0.416281
FIRE:  730 18:36:01 -1062230.000000        0.389879
FIRE:  731 18:36:01 -1062230.000000        0.339036
FIRE:  732 18:36:01 -1062230.000000        0.268213
FIRE:  733 18:36:01 -1062230.000000        0.184026
FIRE:  734 18:36:01 -1062230.000000        0.162570
FIRE:  735 18:36:01 -1062230.000000        0.162432
FIRE:  736 18:36:01 -1062230.000000        0.162289
FIRE:  737 18:36:01 -1062230.000000        0.171520
FIRE:  738 18:36:01 -1062230.000000        0.180708
FIRE:  739 18:36:02 -1062230.000000        0.161833
FIRE:  740 18:36:02 -1062230.000000        0.161694
FIRE:  741 18:36:02 -1062230.000000        0.161569
FIRE:  742 18:36:02 -1062230.000000        0.161462
FIRE:  743 18:36:02 -1062230.000000        0.185227
FIRE:  744 18:36:02 -1062230.000000        0.163821
FIRE:  745 18:36:02 -1062230.000000        0.161176
FIRE:  746 18:36:02 -1062230.000000        0.161127
FIRE:  747 18:36:02 -1062230.000000        0.161163
FIRE:  748 18:36:02 -1062230.000000        0.161298
FIRE:  749 18:36:02 -1062230.000000        0.175869
FIRE:  750 18:36:02 -1062230.000000        0.161524
FIRE:  751 18:36:02 -1062230.000000        0.161551
FIRE:  752 18:36:02 -1062230.000000        0.161555
FIRE:  753 18:36:03 -1062230.125000        0.161159
FIRE:  754 18:36:03 -1062230.125000        0.163738
FIRE:  755 18:36:03 -1062230.125000        0.404587
FIRE:  756 18:36:03 -1062230.125000        0.892100
FIRE:  757 18:36:03 -1062230.125000        2.510482
FIRE:  758 18:36:03 -1062230.125000        0.156700
FIRE:  759 18:36:03 -1062230.125000        0.156665
FIRE:  760 18:36:03 -1062230.125000        0.156591
FIRE:  761 18:36:03 -1062230.125000        0.156481
FIRE:  762 18:36:03 -1062230.125000        0.156344
FIRE:  763 18:36:03 -1062230.125000        0.156181
FIRE:  764 18:36:03 -1062230.125000        0.156004
FIRE:  765 18:36:03 -1062230.125000        0.155819
FIRE:  766 18:36:03 -1062230.125000        0.155632
FIRE:  767 18:36:03 -1062230.125000        0.155449
FIRE:  768 18:36:04 -1062230.125000        0.155278
FIRE:  769 18:36:04 -1062230.250000        0.155127
FIRE:  770 18:36:04 -1062230.250000        0.154965
FIRE:  771 18:36:04 -1062230.250000        0.154756
FIRE:  772 18:36:04 -1062230.250000        0.154494
FIRE:  773 18:36:04 -1062230.250000        0.154197
FIRE:  774 18:36:04 -1062230.250000        0.153826
FIRE:  775 18:36:04 -1062230.250000        0.153224
FIRE:  776 18:36:04 -1062230.250000        0.152287
FIRE:  777 18:36:04 -1062230.250000        0.150783
FIRE:  778 18:36:04 -1062229.625000        0.148395
FIRE:  779 18:36:04 -1062229.750000        0.509818
FIRE:  780 18:36:04 -1062230.375000        1.865184
FIRE:  781 18:36:04 -1062230.250000        7.686133
FIRE:  782 18:36:05 -1062230.375000        2.930108
FIRE:  783 18:36:05 -1062230.375000        2.025342
FIRE:  784 18:36:05 -1062230.375000        0.565810
FIRE:  785 18:36:05 -1062230.375000        1.353601
FIRE:  786 18:36:05 -1062230.375000        1.245612
FIRE:  787 18:36:05 -1062230.375000        1.039156
FIRE:  788 18:36:05 -1062230.375000        0.753382
FIRE:  789 18:36:05 -1062230.375000        0.414385
FIRE:  790 18:36:05 -1062230.375000        0.135595
FIRE:  791 18:36:05 -1062230.375000        0.309845
FIRE:  792 18:36:05 -1062230.375000        0.304998
FIRE:  793 18:36:05 -1062230.375000        0.295400
FIRE:  794 18:36:05 -1062230.375000        0.281142
FIRE:  795 18:36:05 -1062230.375000        0.262717
FIRE:  796 18:36:05 -1062230.375000        0.240437
FIRE:  797 18:36:06 -1062230.375000        0.214854
FIRE:  798 18:36:06 -1062230.375000        0.186764
FIRE:  799 18:36:06 -1062230.375000        0.153646
FIRE:  800 18:36:06 -1062230.375000        0.135118
FIRE:  801 18:36:06 -1062230.375000        0.135070
FIRE:  802 18:36:06 -1062230.375000        0.135013
FIRE:  803 18:36:06 -1062230.375000        0.137176
FIRE:  804 18:36:06 -1062230.375000        0.173309
FIRE:  805 18:36:06 -1062230.375000        0.191858
FIRE:  806 18:36:06 -1062230.375000        0.186223
FIRE:  807 18:36:06 -1062230.375000        0.151902
FIRE:  808 18:36:06 -1062230.375000        0.134008
FIRE:  809 18:36:06 -1062230.375000        0.133700
FIRE:  810 18:36:06 -1062230.375000        0.133361
FIRE:  811 18:36:06 -1062230.375000        0.133024
FIRE:  812 18:36:07 -1062230.375000        0.132679
FIRE:  813 18:36:07 -1062230.375000        0.132328
FIRE:  814 18:36:07 -1062230.500000        0.131932
FIRE:  815 18:36:07 -1062230.500000        0.138962
FIRE:  816 18:36:07 -1062230.500000        0.130817
FIRE:  817 18:36:07 -1062230.500000        0.130099
FIRE:  818 18:36:07 -1062230.500000        0.129353
FIRE:  819 18:36:07 -1062230.500000        0.133431
FIRE:  820 18:36:07 -1062230.500000        0.127179
FIRE:  821 18:36:07 -1062230.500000        0.125456
FIRE:  822 18:36:07 -1062230.500000        0.179933
FIRE:  823 18:36:07 -1062230.500000        0.178811
FIRE:  824 18:36:07 -1062230.625000        0.407359
FIRE:  825 18:36:07 -1062230.625000        0.998332
FIRE:  826 18:36:07 -1062230.625000        3.056054
FIRE:  827 18:36:08 -1062230.625000        0.292545
FIRE:  828 18:36:08 -1062230.625000        0.230832
FIRE:  829 18:36:08 -1062230.625000        0.124921
FIRE:  830 18:36:08 -1062230.625000        0.125602
FIRE:  831 18:36:08 -1062230.625000        0.226278
FIRE:  832 18:36:08 -1062230.625000        0.260827
FIRE:  833 18:36:08 -1062230.625000        0.206109
FIRE:  834 18:36:08 -1062230.625000        0.125104
FIRE:  835 18:36:08 -1062230.625000        0.124604
FIRE:  836 18:36:08 -1062230.625000        0.151603
FIRE:  837 18:36:08 -1062230.625000        0.125570
FIRE:  838 18:36:08 -1062230.625000        0.127206
FIRE:  839 18:36:08 -1062230.625000        0.199069
FIRE:  840 18:36:08 -1062230.625000        0.128198
FIRE:  841 18:36:09 -1062230.625000        0.149977
FIRE:  842 18:36:09 -1062230.625000        0.127462
FIRE:  843 18:36:09 -1062230.750000        0.204657
FIRE:  844 18:36:09 -1062230.750000        0.125010
FIRE:  845 18:36:09 -1062230.750000        0.124001
FIRE:  846 18:36:09 -1062230.750000        0.114458
FIRE:  847 18:36:09 -1062230.750000        0.120757
FIRE:  848 18:36:09 -1062230.750000        0.574481
FIRE:  849 18:36:09 -1062231.125000        2.283626
FIRE:  850 18:36:09 -1062231.125000        0.332266
FIRE:  851 18:36:09 -1062231.125000        0.246875
FIRE:  852 18:36:09 -1062231.125000        0.115368
FIRE:  853 18:36:09 -1062231.125000        0.117104
FIRE:  854 18:36:09 -1062231.125000        0.171881
FIRE:  855 18:36:09 -1062231.125000        0.177786
FIRE:  856 18:36:10 -1062231.125000        0.122961
FIRE:  857 18:36:10 -1062230.875000        0.117104
FIRE:  858 18:36:10 -1062230.875000        0.149425
FIRE:  859 18:36:10 -1062230.875000        0.196490
FIRE:  860 18:36:10 -1062230.875000        0.117577
FIRE:  861 18:36:10 -1062230.875000        0.119831
FIRE:  862 18:36:10 -1062230.875000        0.140965
FIRE:  863 18:36:10 -1062230.875000        0.119394
FIRE:  864 18:36:10 -1062230.875000        0.180133
FIRE:  865 18:36:10 -1062230.875000        0.121709
FIRE:  866 18:36:10 -1062230.875000        0.123389
FIRE:  867 18:36:10 -1062230.875000        0.223094
FIRE:  868 18:36:10 -1062231.000000        0.241724
FIRE:  869 18:36:10 -1062231.000000        0.546420
FIRE:  870 18:36:10 -1062231.250000        1.180006
FIRE:  871 18:36:11 -1062231.000000        3.291280
FIRE:  872 18:36:11 -1062231.250000        0.277906
FIRE:  873 18:36:11 -1062231.250000        0.220154
FIRE:  874 18:36:11 -1062231.250000        0.121751
FIRE:  875 18:36:11 -1062231.250000        0.121195
FIRE:  876 18:36:11 -1062231.250000        0.209932
FIRE:  877 18:36:11 -1062231.250000        0.245433
FIRE:  878 18:36:11 -1062231.250000        0.196848
FIRE:  879 18:36:11 -1062231.250000        0.121924
FIRE:  880 18:36:11 -1062231.250000        0.122908
FIRE:  881 18:36:11 -1062231.250000        0.141591
FIRE:  882 18:36:11 -1062231.250000        0.124090
FIRE:  883 18:36:11 -1062231.250000        0.124049
FIRE:  884 18:36:11 -1062231.250000        0.185745
FIRE:  885 18:36:12 -1062231.250000        0.127565
FIRE:  886 18:36:12 -1062231.375000        0.137805
FIRE:  887 18:36:12 -1062231.375000        0.132249
FIRE:  888 18:36:12 -1062231.375000        0.191902
FIRE:  889 18:36:12 -1062231.000000        0.121060
FIRE:  890 18:36:12 -1062231.375000        0.120616
FIRE:  891 18:36:12 -1062231.375000        0.122775
FIRE:  892 18:36:12 -1062231.375000        0.272350
FIRE:  893 18:36:12 -1062231.500000        1.159084
FIRE:  894 18:36:12 -1062231.375000        3.638019
FIRE:  895 18:36:12 -1062231.500000        0.370956
FIRE:  896 18:36:12 -1062231.500000        0.276890
FIRE:  897 18:36:12 -1062231.500000        0.117667
FIRE:  898 18:36:12 -1062231.500000        0.119806
FIRE:  899 18:36:12 -1062231.500000        0.186542
FIRE:  900 18:36:13 -1062231.500000        0.203245
FIRE:  901 18:36:13 -1062231.500000        0.134910
FIRE:  902 18:36:13 -1062231.500000        0.114824
FIRE:  903 18:36:13 -1062231.500000        0.145256
FIRE:  904 18:36:13 -1062231.500000        0.207412
FIRE:  905 18:36:13 -1062231.500000        0.120739
FIRE:  906 18:36:13 -1062231.500000        0.115186
FIRE:  907 18:36:13 -1062231.500000        0.160591
FIRE:  908 18:36:13 -1062231.500000        0.109442
FIRE:  909 18:36:13 -1062231.500000        0.198638
FIRE:  910 18:36:13 -1062231.500000        0.109193
FIRE:  911 18:36:13 -1062231.125000        0.115075
FIRE:  912 18:36:13 -1062230.750000        0.234206
FIRE:  913 18:36:13 -1062231.250000        0.222199
FIRE:  914 18:36:14 -1062231.375000        0.467795
FIRE:  915 18:36:14 -1062230.750000        1.008866
FIRE:  916 18:36:14 -1062230.750000        2.831199
FIRE:  917 18:36:14 -1062230.750000        0.183597
FIRE:  918 18:36:14 -1062230.750000        0.146322
FIRE:  919 18:36:14 -1062230.875000        0.101431
FIRE:  920 18:36:14 -1062230.750000        0.101338
FIRE:  921 18:36:14 -1062230.875000        0.141984
FIRE:  922 18:36:14 -1062230.750000        0.167630
FIRE:  923 18:36:14 -1062230.875000        0.137600
FIRE:  924 18:36:14 -1062230.875000        0.100700
FIRE:  925 18:36:14 -1062230.750000        0.100515
FIRE:  926 18:36:14 -1062230.750000        0.100290
FIRE:  927 18:36:14 -1062230.875000        0.100066
FIRE:  928 18:36:14 -1062230.875000        0.099860
FIRE:  929 18:36:15 -1062230.875000        0.127687
FIRE:  930 18:36:15 -1062230.875000        0.099411
FIRE:  931 18:36:15 -1062230.875000        0.099112
FIRE:  932 18:36:15 -1062231.000000        0.098745
FIRE:  933 18:36:15 -1062230.875000        0.131627
FIRE:  934 18:36:15 -1062231.000000        0.097324
FIRE:  935 18:36:15 -1062231.000000        0.095918
FIRE:  936 18:36:15 -1062231.000000        0.093565
FIRE:  937 18:36:15 -1062231.000000        0.128515
FIRE:  938 18:36:15 -1062231.000000        0.639678
FIRE:  939 18:36:15 -1062230.875000        2.319718
FIRE:  940 18:36:15 -1062231.000000        0.244656
FIRE:  941 18:36:15 -1062231.125000        0.184057
FIRE:  942 18:36:15 -1062231.000000        0.081299
FIRE:  943 18:36:15 -1062231.000000        0.079656
FIRE:  944 18:36:15 -1062231.125000        0.123753
FIRE:  945 18:36:15 -1062231.000000        0.130031
FIRE:  946 18:36:15 -1062231.125000        0.092416
FIRE:  947 18:36:16 -1062231.000000        0.077852
FIRE:  948 18:36:16 -1062231.000000        0.100491
FIRE:  949 18:36:16 -1062231.125000        0.143160
FIRE:  950 18:36:16 -1062231.125000        0.087191
FIRE:  951 18:36:16 -1062231.000000        0.076337
FIRE:  952 18:36:16 -1062231.125000        0.106079
FIRE:  953 18:36:16 -1062231.125000        0.074852
FIRE:  954 18:36:16 -1062231.000000        0.133829
FIRE:  955 18:36:16 -1062231.000000        0.072202
FIRE:  956 18:36:16 -1062231.125000        0.078657
FIRE:  957 18:36:16 -1062231.000000        0.160489
FIRE:  958 18:36:16 -1062231.125000        0.150508
FIRE:  959 18:36:16 -1062231.000000        0.340118
FIRE:  960 18:36:16 -1062231.625000        0.769575
FIRE:  961 18:36:16 -1062231.125000        2.173988
FIRE:  962 18:36:16 -1062231.625000        0.101450
FIRE:  963 18:36:16 -1062231.875000        0.083216
FIRE:  964 18:36:17 -1062231.875000        0.060160
FIRE:  965 18:36:17 -1062231.125000        0.060124
FIRE:  966 18:36:17 -1062231.875000        0.076400
FIRE:  967 18:36:17 -1062231.625000        0.089194
FIRE:  968 18:36:17 -1062231.875000        0.075389
FIRE:  969 18:36:17 -1062231.500000        0.060115
FIRE:  970 18:36:17 -1062231.875000        0.060154
FIRE:  971 18:36:17 -1062231.125000        0.060200
FIRE:  972 18:36:17 -1062231.875000        0.060250
FIRE:  973 18:36:17 -1062231.750000        0.060324
FIRE:  974 18:36:17 -1062232.000000        0.069819
FIRE:  975 18:36:17 -1062231.625000        0.060607
FIRE:  976 18:36:17 -1062231.750000        0.060845
FIRE:  977 18:36:17 -1062231.750000        0.061152
FIRE:  978 18:36:17 -1062232.000000        0.070638
FIRE:  979 18:36:17 -1062232.000000        0.062023
FIRE:  980 18:36:17 -1062231.750000        0.062667
FIRE:  981 18:36:18 -1062232.000000        0.063443
FIRE:  982 18:36:18 -1062232.000000        0.090593
FIRE:  983 18:36:18 -1062232.000000        0.427431
FIRE:  984 18:36:18 -1062231.750000        1.624165
FIRE:  985 18:36:18 -1062231.625000        0.160491
FIRE:  986 18:36:18 -1062232.000000        0.121880
FIRE:  987 18:36:18 -1062231.000000        0.066872
FIRE:  988 18:36:18 -1062232.000000        0.066880
FIRE:  989 18:36:18 -1062231.250000        0.081715
FIRE:  990 18:36:18 -1062232.000000        0.087805
FIRE:  991 18:36:18 -1062231.250000        0.066939
FIRE:  992 18:36:18 -1062231.750000        0.066970
FIRE:  993 18:36:18 -1062232.000000        0.067020
FIRE:  994 18:36:18 -1062232.000000        0.096285
FIRE:  995 18:36:18 -1062231.750000        0.067214
FIRE:  996 18:36:19 -1062232.000000        0.067370
FIRE:  997 18:36:19 -1062231.750000        0.071332
FIRE:  998 18:36:19 -1062231.750000        0.067767
FIRE:  999 18:36:19 -1062232.000000        0.089646
FIRE:  1000 18:36:19 -1062231.750000        0.068445
      Step     Time          Energy          fmax
FIRE:    0 18:36:20 -1062207.250000       10.698911
FIRE:    1 18:36:20 -1062209.875000        4.991028
FIRE:    2 18:36:22 -1062210.250000       16.991249
FIRE:    3 18:36:22 -1062211.500000        5.835895
FIRE:    4 18:36:22 -1062211.250000        4.692547
FIRE:    5 18:36:22 -1062211.250000        4.192633
FIRE:    6 18:36:22 -1062211.500000        3.232649
FIRE:    7 18:36:22 -1062211.375000        2.258318
FIRE:    8 18:36:22 -1062211.625000        1.316204
FIRE:    9 18:36:23 -1062211.625000        1.343403
FIRE:   10 18:36:23 -1062211.625000        2.642993
FIRE:   11 18:36:23 -1062211.750000        3.342830
FIRE:   12 18:36:23 -1062211.750000        3.211708
FIRE:   13 18:36:23 -1062212.125000        2.055669
FIRE:   14 18:36:23 -1062212.250000        1.369197
FIRE:   15 18:36:23 -1062212.375000        1.929765
FIRE:   16 18:36:23 -1062212.750000        2.682451
FIRE:   17 18:36:23 -1062213.000000        1.627719
FIRE:   18 18:36:23 -1062213.250000        1.351967
FIRE:   19 18:36:23 -1062213.625000        2.307205
FIRE:   20 18:36:23 -1062214.125000        1.387064
FIRE:   21 18:36:23 -1062214.375000        1.577636
FIRE:   22 18:36:23 -1062215.125000        1.765285
FIRE:   23 18:36:23 -1062215.625000        1.949051
FIRE:   24 18:36:23 -1062216.000000        1.115117
FIRE:   25 18:36:23 -1062216.625000        2.748904
FIRE:   26 18:36:25 -1062216.375000        3.546122
FIRE:   27 18:36:25 -1062216.750000        2.907375
FIRE:   28 18:36:25 -1062217.125000        1.939679
FIRE:   29 18:36:25 -1062217.500000        1.020678
FIRE:   30 18:36:25 -1062217.750000        1.610833
FIRE:   31 18:36:25 -1062218.000000        1.713695
FIRE:   32 18:36:27 -1062218.750000        1.083397
FIRE:   33 18:36:27 -1062218.500000        1.587989
FIRE:   34 18:36:27 -1062218.750000        1.019110
FIRE:   35 18:36:27 -1062219.250000        1.490508
FIRE:   36 18:36:27 -1062219.500000        2.018400
FIRE:   37 18:36:27 -1062219.750000        2.518078
FIRE:   38 18:36:27 -1062219.750000        3.138910
FIRE:   39 18:36:27 -1062218.625000       14.790924
FIRE:   40 18:36:27 -1062219.625000        5.808447
FIRE:   41 18:36:27 -1062219.875000        3.964457
FIRE:   42 18:36:28 -1062220.375000        1.679400
FIRE:   43 18:36:28 -1062220.000000        2.692044
FIRE:   44 18:36:28 -1062220.125000        2.449381
FIRE:   45 18:36:28 -1062220.375000        1.988625
FIRE:   46 18:36:28 -1062220.000000        1.355957
FIRE:   47 18:36:28 -1062220.000000        0.696922
FIRE:   48 18:36:28 -1062219.875000        0.511989
FIRE:   49 18:36:28 -1062220.000000        0.830874
FIRE:   50 18:36:28 -1062220.000000        0.813575
FIRE:   51 18:36:28 -1062220.000000        0.779258
FIRE:   52 18:36:28 -1062220.500000        0.728746
FIRE:   53 18:36:28 -1062220.000000        0.663385
FIRE:   54 18:36:28 -1062220.000000        0.584833
FIRE:   55 18:36:28 -1062220.375000        0.501385
FIRE:   56 18:36:29 -1062219.875000        0.500644
FIRE:   57 18:36:29 -1062220.000000        0.499661
FIRE:   58 18:36:29 -1062220.000000        0.498359
FIRE:   59 18:36:29 -1062220.000000        0.496662
FIRE:   60 18:36:29 -1062220.000000        0.494461
FIRE:   61 18:36:29 -1062220.000000        0.491693
FIRE:   62 18:36:29 -1062219.875000        0.488283
FIRE:   63 18:36:29 -1062219.875000        0.484192
FIRE:   64 18:36:29 -1062220.375000        0.479461
FIRE:   65 18:36:29 -1062220.500000        0.474173
FIRE:   66 18:36:29 -1062220.125000        0.468572
FIRE:   67 18:36:29 -1062220.125000        0.462990
FIRE:   68 18:36:29 -1062220.125000        0.457664
FIRE:   69 18:36:29 -1062220.500000        0.452324
FIRE:   70 18:36:30 -1062220.000000        0.445865
FIRE:   71 18:36:30 -1062220.125000        0.437499
FIRE:   72 18:36:30 -1062220.250000        0.427685
FIRE:   73 18:36:30 -1062220.250000        0.414378
FIRE:   74 18:36:30 -1062220.250000        0.403032
FIRE:   75 18:36:30 -1062220.375000        0.406814
FIRE:   76 18:36:30 -1062220.375000        0.451634
FIRE:   77 18:36:30 -1062220.375000        0.433807
FIRE:   78 18:36:30 -1062220.500000        0.469941
FIRE:   79 18:36:30 -1062220.750000        0.541004
FIRE:   80 18:36:30 -1062221.375000        0.527126
FIRE:   81 18:36:30 -1062221.375000        0.643982
FIRE:   82 18:36:30 -1062221.625000        1.981208
FIRE:   83 18:36:30 -1062221.750000        4.444132
FIRE:   84 18:36:31 -1062221.875000        0.597152
FIRE:   85 18:36:31 -1062221.750000        5.074243
FIRE:   86 18:36:31 -1062221.750000        3.600067
FIRE:   87 18:36:31 -1062221.875000        1.263492
FIRE:   88 18:36:31 -1062221.875000        1.296129
FIRE:   89 18:36:31 -1062221.875000        1.232724
FIRE:   90 18:36:31 -1062221.875000        1.109175
FIRE:   91 18:36:31 -1062221.875000        0.932280
FIRE:   92 18:36:31 -1062221.875000        0.713409
FIRE:   93 18:36:31 -1062221.875000        0.605474
FIRE:   94 18:36:31 -1062221.875000        0.605129
FIRE:   95 18:36:31 -1062221.875000        0.604969
FIRE:   96 18:36:31 -1062221.500000        0.815474
FIRE:   97 18:36:31 -1062221.375000        0.948450
FIRE:   98 18:36:32 -1062221.375000        0.943170
FIRE:   99 18:36:32 -1062221.500000        0.773204
FIRE:  100 18:36:32 -1062221.625000        0.610382
FIRE:  101 18:36:32 -1062221.500000        0.613697
FIRE:  102 18:36:32 -1062221.625000        0.617794
FIRE:  103 18:36:32 -1062221.625000        0.622239
FIRE:  104 18:36:32 -1062221.750000        0.626590
FIRE:  105 18:36:32 -1062221.625000        0.624365
FIRE:  106 18:36:32 -1062221.625000        0.726742
FIRE:  107 18:36:32 -1062221.750000        0.614066
FIRE:  108 18:36:32 -1062221.875000        0.611546
FIRE:  109 18:36:32 -1062221.875000        0.607577
FIRE:  110 18:36:32 -1062221.875000        0.587671
FIRE:  111 18:36:32 -1062222.000000        0.541108
FIRE:  112 18:36:33 -1062222.125000        0.637603
FIRE:  113 18:36:33 -1062222.375000        0.748090
FIRE:  114 18:36:33 -1062222.375000        0.655877
FIRE:  115 18:36:33 -1062222.500000        1.241952
FIRE:  116 18:36:33 -1062222.625000        2.562516
FIRE:  117 18:36:33 -1062222.500000        8.798451
FIRE:  118 18:36:33 -1062222.750000        1.807096
FIRE:  119 18:36:33 -1062222.875000        1.423163
FIRE:  120 18:36:33 -1062222.875000        0.834436
FIRE:  121 18:36:33 -1062222.875000        0.793477
FIRE:  122 18:36:33 -1062223.000000        1.440840
FIRE:  123 18:36:33 -1062223.250000        1.651863
FIRE:  124 18:36:33 -1062223.000000        1.252940
FIRE:  125 18:36:33 -1062222.875000        0.479192
FIRE:  126 18:36:34 -1062223.000000        0.573066
FIRE:  127 18:36:34 -1062222.875000        1.097327
FIRE:  128 18:36:34 -1062222.875000        0.771719
FIRE:  129 18:36:34 -1062223.125000        0.359102
FIRE:  130 18:36:34 -1062223.125000        1.154159
FIRE:  131 18:36:34 -1062223.000000        0.549388
FIRE:  132 18:36:34 -1062223.125000        0.817860
FIRE:  133 18:36:34 -1062223.250000        0.497083
FIRE:  134 18:36:34 -1062223.125000        1.307022
FIRE:  135 18:36:34 -1062223.250000        0.312469
FIRE:  136 18:36:34 -1062223.375000        0.657552
FIRE:  137 18:36:34 -1062223.375000        1.947007
FIRE:  138 18:36:34 -1062223.625000        3.007390
FIRE:  139 18:36:34 -1062223.625000        0.794518
FIRE:  140 18:36:35 -1062223.625000        2.676601
FIRE:  141 18:36:35 -1062223.500000        2.121434
FIRE:  142 18:36:35 -1062223.625000        1.160971
FIRE:  143 18:36:35 -1062223.500000        0.317766
FIRE:  144 18:36:35 -1062223.625000        0.979058
FIRE:  145 18:36:35 -1062223.875000        0.940267
FIRE:  146 18:36:35 -1062223.500000        0.864418
FIRE:  147 18:36:35 -1062223.625000        0.754898
FIRE:  148 18:36:35 -1062223.625000        0.617504
FIRE:  149 18:36:35 -1062223.625000        0.460406
FIRE:  150 18:36:35 -1062223.500000        0.295963
FIRE:  151 18:36:35 -1062223.500000        0.267797
FIRE:  152 18:36:35 -1062223.625000        0.452007
FIRE:  153 18:36:35 -1062223.500000        0.615090
FIRE:  154 18:36:36 -1062223.625000        0.707413
FIRE:  155 18:36:36 -1062223.500000        0.699488
FIRE:  156 18:36:36 -1062223.625000        0.572451
FIRE:  157 18:36:36 -1062223.625000        0.333055
FIRE:  158 18:36:36 -1062223.500000        0.265437
FIRE:  159 18:36:36 -1062223.625000        0.407268
FIRE:  160 18:36:36 -1062223.625000        0.452859
FIRE:  161 18:36:36 -1062223.625000        0.321037
FIRE:  162 18:36:36 -1062223.625000        0.259074
FIRE:  163 18:36:36 -1062223.750000        0.503864
FIRE:  164 18:36:36 -1062223.750000        0.364111
FIRE:  165 18:36:36 -1062223.625000        0.284202
FIRE:  166 18:36:36 -1062223.625000        0.359707
FIRE:  167 18:36:36 -1062223.875000        0.274295
FIRE:  168 18:36:37 -1062223.750000        0.375434
FIRE:  169 18:36:37 -1062224.625000        0.379579
FIRE:  170 18:36:37 -1062224.750000        0.307537
FIRE:  171 18:36:37 -1062224.750000        0.208207
FIRE:  172 18:36:37 -1062224.125000        0.226178
FIRE:  173 18:36:37 -1062224.250000        0.449790
FIRE:  174 18:36:37 -1062224.125000        1.578598
FIRE:  175 18:36:37 -1062224.125000        7.608264
FIRE:  176 18:36:37 -1062224.250000        2.606073
FIRE:  177 18:36:37 -1062224.250000        1.817149
FIRE:  178 18:36:37 -1062224.500000        0.608881
FIRE:  179 18:36:37 -1062224.375000        1.161988
FIRE:  180 18:36:37 -1062224.375000        1.076877
FIRE:  181 18:36:37 -1062224.375000        0.914404
FIRE:  182 18:36:37 -1062224.375000        0.689570
FIRE:  183 18:36:37 -1062224.375000        0.424883
FIRE:  184 18:36:38 -1062224.375000        0.236420
FIRE:  185 18:36:38 -1062224.375000        0.300126
FIRE:  186 18:36:38 -1062224.375000        0.427766
FIRE:  187 18:36:38 -1062224.375000        0.508292
FIRE:  188 18:36:38 -1062224.375000        0.519475
FIRE:  189 18:36:38 -1062224.375000        0.445564
FIRE:  190 18:36:38 -1062224.375000        0.285349
FIRE:  191 18:36:38 -1062224.375000        0.235402
FIRE:  192 18:36:38 -1062224.375000        0.409282
FIRE:  193 18:36:38 -1062224.375000        0.536637
FIRE:  194 18:36:38 -1062224.250000        0.401930
FIRE:  195 18:36:38 -1062224.375000        0.232658
FIRE:  196 18:36:38 -1062224.625000        0.380376
FIRE:  197 18:36:38 -1062224.750000        0.347566
FIRE:  198 18:36:38 -1062224.375000        0.263818
FIRE:  199 18:36:38 -1062224.250000        0.462540
FIRE:  200 18:36:38 -1062224.500000        0.224672
FIRE:  201 18:36:38 -1062224.500000        0.321012
FIRE:  202 18:36:39 -1062224.500000        0.437514
FIRE:  203 18:36:39 -1062224.500000        0.226539
FIRE:  204 18:36:39 -1062224.625000        0.212725
FIRE:  205 18:36:39 -1062224.625000        0.341824
FIRE:  206 18:36:39 -1062224.750000        0.826732
FIRE:  207 18:36:39 -1062225.125000        3.342645
FIRE:  208 18:36:39 -1062224.750000        0.446399
FIRE:  209 18:36:39 -1062224.625000        0.365572
FIRE:  210 18:36:39 -1062224.625000        0.232589
FIRE:  211 18:36:39 -1062225.000000        0.209309
FIRE:  212 18:36:39 -1062224.750000        0.360857
FIRE:  213 18:36:39 -1062224.750000        0.405426
FIRE:  214 18:36:39 -1062224.875000        0.328475
FIRE:  215 18:36:39 -1062224.875000        0.170584
FIRE:  216 18:36:39 -1062224.875000        0.216013
FIRE:  217 18:36:39 -1062225.125000        0.285301
FIRE:  218 18:36:39 -1062225.125000        0.238935
FIRE:  219 18:36:40 -1062225.125000        0.175578
FIRE:  220 18:36:40 -1062225.125000        0.320468
FIRE:  221 18:36:40 -1062225.250000        0.169036
FIRE:  222 18:36:40 -1062224.875000        0.279116
FIRE:  223 18:36:40 -1062224.875000        0.176861
FIRE:  224 18:36:40 -1062225.000000        0.327880
FIRE:  225 18:36:40 -1062225.125000        0.270600
FIRE:  226 18:36:40 -1062225.125000        0.236958
FIRE:  227 18:36:40 -1062225.125000        0.249976
FIRE:  228 18:36:40 -1062225.250000        0.448569
FIRE:  229 18:36:40 -1062225.125000        1.223894
FIRE:  230 18:36:40 -1062225.125000        5.229744
FIRE:  231 18:36:40 -1062225.375000        1.195604
FIRE:  232 18:36:40 -1062225.375000        0.858024
FIRE:  233 18:36:40 -1062225.375000        0.401826
FIRE:  234 18:36:40 -1062225.375000        0.528834
FIRE:  235 18:36:41 -1062225.375000        0.498339
FIRE:  236 18:36:41 -1062225.375000        0.439942
FIRE:  237 18:36:41 -1062225.375000        0.359303
FIRE:  238 18:36:41 -1062225.375000        0.265062
FIRE:  239 18:36:41 -1062225.375000        0.190412
FIRE:  240 18:36:41 -1062225.375000        0.228431
FIRE:  241 18:36:41 -1062225.375000        0.267977
FIRE:  242 18:36:41 -1062225.375000        0.298740
FIRE:  243 18:36:41 -1062225.375000        0.308987
FIRE:  244 18:36:41 -1062225.375000        0.290626
FIRE:  245 18:36:41 -1062225.375000        0.244466
FIRE:  246 18:36:41 -1062225.375000        0.190870
FIRE:  247 18:36:41 -1062225.375000        0.214435
FIRE:  248 18:36:41 -1062225.375000        0.274668
FIRE:  249 18:36:41 -1062225.375000        0.241953
FIRE:  250 18:36:41 -1062225.375000        0.185562
FIRE:  251 18:36:41 -1062225.375000        0.249374
FIRE:  252 18:36:41 -1062225.375000        0.253119
FIRE:  253 18:36:42 -1062225.375000        0.181132
FIRE:  254 18:36:42 -1062225.375000        0.253262
FIRE:  255 18:36:42 -1062225.250000        0.189138
FIRE:  256 18:36:42 -1062225.500000        0.239727
FIRE:  257 18:36:42 -1062225.500000        0.210629
FIRE:  258 18:36:42 -1062225.500000        0.177172
FIRE:  259 18:36:42 -1062225.500000        0.194324
FIRE:  260 18:36:42 -1062225.625000        0.338713
FIRE:  261 18:36:42 -1062225.625000        0.812758
FIRE:  262 18:36:42 -1062225.625000        2.868007
FIRE:  263 18:36:42 -1062225.625000        0.236843
FIRE:  264 18:36:42 -1062225.625000        0.218181
FIRE:  265 18:36:42 -1062225.500000        0.190268
FIRE:  266 18:36:42 -1062225.625000        0.168700
FIRE:  267 18:36:42 -1062225.500000        0.162276
FIRE:  268 18:36:42 -1062225.625000        0.175478
FIRE:  269 18:36:43 -1062225.750000        0.162779
FIRE:  270 18:36:43 -1062225.750000        0.164181
FIRE:  271 18:36:43 -1062225.625000        0.175641
FIRE:  272 18:36:43 -1062225.750000        0.189747
FIRE:  273 18:36:43 -1062225.750000        0.186525
FIRE:  274 18:36:43 -1062225.625000        0.169615
FIRE:  275 18:36:43 -1062225.625000        0.164890
FIRE:  276 18:36:43 -1062225.750000        0.167925
FIRE:  277 18:36:43 -1062225.750000        0.191418
FIRE:  278 18:36:43 -1062225.750000        0.183749
FIRE:  279 18:36:43 -1062225.750000        0.168471
FIRE:  280 18:36:43 -1062225.750000        0.181529
FIRE:  281 18:36:43 -1062225.625000        0.180226
FIRE:  282 18:36:43 -1062225.875000        0.171620
FIRE:  283 18:36:43 -1062225.875000        0.278561
FIRE:  284 18:36:43 -1062225.875000        0.918380
FIRE:  285 18:36:43 -1062225.875000        2.999841
FIRE:  286 18:36:43 -1062226.000000        0.205104
FIRE:  287 18:36:44 -1062226.000000        0.174929
FIRE:  288 18:36:44 -1062226.000000        0.180333
FIRE:  289 18:36:44 -1062226.000000        0.193671
FIRE:  290 18:36:44 -1062226.000000        0.205566
FIRE:  291 18:36:44 -1062226.000000        0.205746
FIRE:  292 18:36:44 -1062226.000000        0.193424
FIRE:  293 18:36:44 -1062225.875000        0.179196
FIRE:  294 18:36:44 -1062225.875000        0.173935
FIRE:  295 18:36:44 -1062226.000000        0.174994
FIRE:  296 18:36:44 -1062226.000000        0.173598
FIRE:  297 18:36:44 -1062226.000000        0.184871
FIRE:  298 18:36:44 -1062226.000000        0.199284
FIRE:  299 18:36:44 -1062226.000000        0.183918
FIRE:  300 18:36:44 -1062226.000000        0.174614
FIRE:  301 18:36:44 -1062226.000000        0.183026
FIRE:  302 18:36:44 -1062226.000000        0.193057
FIRE:  303 18:36:45 -1062226.125000        0.181893
FIRE:  304 18:36:45 -1062226.125000        0.216349
FIRE:  305 18:36:45 -1062226.000000        0.248384
FIRE:  306 18:36:45 -1062226.125000        0.512374
FIRE:  307 18:36:45 -1062226.125000        1.999195
FIRE:  308 18:36:45 -1062225.875000        5.968657
FIRE:  309 18:36:45 -1062226.000000        0.632831
FIRE:  310 18:36:45 -1062226.125000        0.471359
FIRE:  311 18:36:45 -1062226.125000        0.207374
FIRE:  312 18:36:45 -1062226.125000        0.282896
FIRE:  313 18:36:45 -1062226.125000        0.360762
FIRE:  314 18:36:45 -1062226.125000        0.355700
FIRE:  315 18:36:45 -1062226.375000        0.238165
FIRE:  316 18:36:45 -1062226.375000        0.161723
FIRE:  317 18:36:46 -1062226.500000        0.260928
FIRE:  318 18:36:46 -1062226.125000        0.335578
FIRE:  319 18:36:46 -1062226.000000        0.182067
FIRE:  320 18:36:46 -1062226.125000        0.229474
FIRE:  321 18:36:46 -1062226.250000        0.309969
FIRE:  322 18:36:46 -1062226.625000        0.164220
FIRE:  323 18:36:46 -1062226.500000        0.327326
FIRE:  324 18:36:46 -1062226.250000        0.182717
FIRE:  325 18:36:46 -1062226.250000        0.189967
FIRE:  326 18:36:46 -1062226.375000        0.380860
FIRE:  327 18:36:46 -1062226.375000        0.421542
FIRE:  328 18:36:46 -1062226.500000        0.795048
FIRE:  329 18:36:46 -1062226.500000        1.546591
FIRE:  330 18:36:46 -1062226.500000        4.360895
FIRE:  331 18:36:46 -1062226.500000        0.576500
FIRE:  332 18:36:47 -1062226.500000        0.425315
FIRE:  333 18:36:47 -1062226.500000        0.233126
FIRE:  334 18:36:47 -1062226.500000        0.210722
FIRE:  335 18:36:47 -1062226.375000        0.439524
FIRE:  336 18:36:47 -1062226.500000        0.509149
FIRE:  337 18:36:47 -1062226.500000        0.405314
FIRE:  338 18:36:47 -1062226.500000        0.177307
FIRE:  339 18:36:47 -1062226.500000        0.200444
FIRE:  340 18:36:47 -1062226.500000        0.317336
FIRE:  341 18:36:47 -1062226.500000        0.268411
FIRE:  342 18:36:47 -1062226.500000        0.152265
FIRE:  343 18:36:47 -1062226.500000        0.367882
FIRE:  344 18:36:47 -1062226.500000        0.223802
FIRE:  345 18:36:47 -1062226.625000        0.275371
FIRE:  346 18:36:48 -1062226.625000        0.211752
FIRE:  347 18:36:48 -1062226.625000        0.396883
FIRE:  348 18:36:48 -1062226.625000        0.177791
FIRE:  349 18:36:48 -1062226.625000        0.196234
FIRE:  350 18:36:48 -1062226.500000        0.528341
FIRE:  351 18:36:48 -1062226.750000        1.097837
FIRE:  352 18:36:48 -1062226.750000        2.910385
FIRE:  353 18:36:48 -1062226.750000        0.172812
FIRE:  354 18:36:48 -1062226.750000        2.352160
FIRE:  355 18:36:48 -1062226.750000        1.798851
FIRE:  356 18:36:48 -1062226.750000        0.802515
FIRE:  357 18:36:48 -1062226.750000        0.424731
FIRE:  358 18:36:48 -1062226.750000        0.402696
FIRE:  359 18:36:48 -1062226.625000        0.360101
FIRE:  360 18:36:49 -1062226.750000        0.300217
FIRE:  361 18:36:49 -1062226.750000        0.227867
FIRE:  362 18:36:49 -1062226.750000        0.174358
FIRE:  363 18:36:49 -1062226.750000        0.174413
FIRE:  364 18:36:49 -1062226.750000        0.174473
FIRE:  365 18:36:49 -1062226.750000        0.192745
FIRE:  366 18:36:49 -1062226.750000        0.214704
FIRE:  367 18:36:49 -1062226.750000        0.217742
FIRE:  368 18:36:49 -1062226.750000        0.196600
FIRE:  369 18:36:49 -1062226.750000        0.175107
FIRE:  370 18:36:49 -1062226.750000        0.175346
FIRE:  371 18:36:49 -1062226.750000        0.175648
FIRE:  372 18:36:49 -1062226.750000        0.202708
FIRE:  373 18:36:49 -1062226.750000        0.176504
FIRE:  374 18:36:50 -1062226.750000        0.177085
FIRE:  375 18:36:50 -1062226.750000        0.177839
FIRE:  376 18:36:50 -1062226.750000        0.178579
FIRE:  377 18:36:50 -1062226.750000        0.179530
FIRE:  378 18:36:50 -1062226.750000        0.181669
FIRE:  379 18:36:50 -1062226.625000        0.182222
FIRE:  380 18:36:50 -1062226.875000        0.184032
FIRE:  381 18:36:50 -1062226.750000        0.186091
FIRE:  382 18:36:50 -1062226.875000        0.188363
FIRE:  383 18:36:50 -1062226.875000        0.190708
FIRE:  384 18:36:50 -1062226.875000        0.249829
FIRE:  385 18:36:50 -1062227.250000        0.584328
FIRE:  386 18:36:50 -1062227.000000        2.239499
FIRE:  387 18:36:50 -1062226.875000        6.631934
FIRE:  388 18:36:51 -1062227.125000        0.836952
FIRE:  389 18:36:51 -1062227.125000        0.612141
FIRE:  390 18:36:51 -1062227.125000        0.235736
FIRE:  391 18:36:51 -1062227.125000        0.328165
FIRE:  392 18:36:51 -1062227.125000        0.440401
FIRE:  393 18:36:51 -1062227.125000        0.473797
FIRE:  394 18:36:51 -1062227.125000        0.301665
FIRE:  395 18:36:51 -1062227.125000        0.195570
FIRE:  396 18:36:51 -1062227.125000        0.335983
FIRE:  397 18:36:51 -1062227.125000        0.441440
FIRE:  398 18:36:51 -1062227.125000        0.218885
FIRE:  399 18:36:51 -1062227.125000        0.251546
FIRE:  400 18:36:51 -1062227.125000        0.377642
FIRE:  401 18:36:51 -1062227.125000        0.191220
FIRE:  402 18:36:52 -1062227.125000        0.430849
FIRE:  403 18:36:52 -1062227.000000        0.190669
FIRE:  404 18:36:52 -1062227.125000        0.244453
FIRE:  405 18:36:52 -1062227.125000        0.492154
FIRE:  406 18:36:52 -1062227.250000        0.469778
FIRE:  407 18:36:52 -1062227.250000        0.851222
FIRE:  408 18:36:52 -1062227.250000        1.628142
FIRE:  409 18:36:52 -1062227.250000        4.701870
FIRE:  410 18:36:52 -1062227.375000        0.743846
FIRE:  411 18:36:52 -1062227.375000        0.530704
FIRE:  412 18:36:52 -1062227.375000        0.231800
FIRE:  413 18:36:52 -1062227.375000        0.258592
FIRE:  414 18:36:52 -1062227.375000        0.550827
FIRE:  415 18:36:52 -1062227.375000        0.631797
FIRE:  416 18:36:52 -1062227.375000        0.492722
FIRE:  417 18:36:53 -1062227.375000        0.194985
FIRE:  418 18:36:53 -1062227.375000        0.205408
FIRE:  419 18:36:53 -1062227.250000        0.412119
FIRE:  420 18:36:53 -1062227.375000        0.318164
FIRE:  421 18:36:53 -1062227.375000        0.148919
FIRE:  422 18:36:53 -1062227.375000        0.445246
FIRE:  423 18:36:53 -1062227.250000        0.271830
FIRE:  424 18:36:53 -1062227.375000        0.296405
FIRE:  425 18:36:53 -1062227.375000        0.224909
FIRE:  426 18:36:53 -1062227.375000        0.478718
FIRE:  427 18:36:53 -1062227.375000        0.141999
FIRE:  428 18:36:53 -1062227.375000        0.230598
FIRE:  429 18:36:53 -1062227.500000        0.742269
FIRE:  430 18:36:53 -1062227.500000        1.411837
FIRE:  431 18:36:54 -1062227.375000        3.356607
FIRE:  432 18:36:54 -1062227.750000        0.181390
FIRE:  433 18:36:54 -1062227.750000        0.158364
FIRE:  434 18:36:54 -1062227.375000        0.139419
FIRE:  435 18:36:54 -1062227.250000        0.139100
FIRE:  436 18:36:54 -1062227.250000        0.138692
FIRE:  437 18:36:54 -1062227.250000        0.138202
FIRE:  438 18:36:54 -1062227.375000        0.137638
FIRE:  439 18:36:54 -1062227.375000        0.137028
FIRE:  440 18:36:54 -1062227.625000        0.136282
FIRE:  441 18:36:54 -1062227.750000        0.135421
FIRE:  442 18:36:54 -1062227.250000        0.134434
FIRE:  443 18:36:54 -1062227.250000        0.133355
FIRE:  444 18:36:54 -1062227.375000        0.132181
FIRE:  445 18:36:55 -1062227.250000        0.130958
FIRE:  446 18:36:55 -1062227.500000        0.129744
FIRE:  447 18:36:55 -1062227.500000        0.128558
FIRE:  448 18:36:55 -1062227.500000        0.127432
FIRE:  449 18:36:55 -1062227.500000        0.126335
FIRE:  450 18:36:55 -1062228.000000        0.125119
FIRE:  451 18:36:55 -1062227.875000        0.133729
FIRE:  452 18:36:55 -1062227.500000        0.233042
FIRE:  453 18:36:55 -1062228.000000        0.945795
FIRE:  454 18:36:55 -1062227.625000        2.912488
FIRE:  455 18:36:55 -1062227.625000        0.153810
FIRE:  456 18:36:55 -1062228.125000        0.126544
FIRE:  457 18:36:55 -1062227.625000        0.113686
FIRE:  458 18:36:55 -1062227.625000        0.113419
FIRE:  459 18:36:55 -1062227.625000        0.113069
FIRE:  460 18:36:56 -1062227.500000        0.112651
FIRE:  461 18:36:56 -1062227.625000        0.112178
FIRE:  462 18:36:56 -1062227.625000        0.111657
FIRE:  463 18:36:56 -1062228.125000        0.111040
FIRE:  464 18:36:56 -1062227.625000        0.110319
FIRE:  465 18:36:56 -1062227.500000        0.109498
FIRE:  466 18:36:56 -1062227.625000        0.108595
FIRE:  467 18:36:56 -1062227.500000        0.107605
FIRE:  468 18:36:56 -1062228.125000        0.106543
FIRE:  469 18:36:56 -1062228.000000        0.105436
FIRE:  470 18:36:56 -1062227.500000        0.104277
FIRE:  471 18:36:56 -1062227.625000        0.103040
FIRE:  472 18:36:56 -1062227.625000        0.103612
FIRE:  473 18:36:56 -1062227.750000        0.106728
FIRE:  474 18:36:57 -1062227.750000        0.171795
FIRE:  475 18:36:57 -1062227.625000        0.359781
FIRE:  476 18:36:57 -1062227.750000        1.459118
FIRE:  477 18:36:57 -1062227.625000        4.438508
FIRE:  478 18:36:57 -1062227.750000        0.531384
FIRE:  479 18:36:57 -1062227.750000        0.391165
FIRE:  480 18:36:57 -1062227.625000        0.155946
FIRE:  481 18:36:57 -1062227.750000        0.185344
FIRE:  482 18:36:57 -1062227.750000        0.275433
FIRE:  483 18:36:57 -1062228.000000        0.306555
FIRE:  484 18:36:57 -1062227.750000        0.203345
FIRE:  485 18:36:57 -1062227.750000        0.097537
