      Step     Time          Energy          fmax
FIRE:    0 05:33:49  -302669.156250        9.333359
FIRE:    1 05:33:50  -302670.281250        6.475885
FIRE:    2 05:33:52  -302671.343750        7.175183
FIRE:    3 05:33:52  -302671.437500       10.297623
FIRE:    4 05:33:52  -302671.718750        3.929916
FIRE:    5 05:33:52  -302671.812500        4.610146
FIRE:    6 05:33:52  -302671.843750        3.888227
FIRE:    7 05:33:52  -302671.875000        2.580686
FIRE:    8 05:33:52  -302671.906250        1.377615
FIRE:    9 05:33:52  -302671.906250        1.175478
FIRE:   10 05:33:52  -302671.937500        2.391809
FIRE:   11 05:33:52  -302671.937500        2.310351
FIRE:   12 05:33:53  -302671.937500        2.151988
FIRE:   13 05:33:53  -302671.968750        1.925970
FIRE:   14 05:33:53  -302671.937500        1.646834
FIRE:   15 05:33:53  -302671.968750        1.335705
FIRE:   16 05:33:53  -302671.937500        1.024504
FIRE:   17 05:33:53  -302672.000000        0.765688
FIRE:   18 05:33:53  -302671.968750        0.749973
FIRE:   19 05:33:53  -302672.000000        0.747486
FIRE:   20 05:33:53  -302672.000000        0.884753
FIRE:   21 05:33:53  -302672.031250        1.017667
FIRE:   22 05:33:53  -302672.031250        1.025596
FIRE:   23 05:33:53  -302672.000000        0.926262
FIRE:   24 05:33:53  -302672.031250        0.747277
FIRE:   25 05:33:53  -302672.000000        0.671511
FIRE:   26 05:33:53  -302672.062500        0.870950
FIRE:   27 05:33:53  -302672.031250        1.070608
FIRE:   28 05:33:53  -302672.125000        0.876426
FIRE:   29 05:33:53  -302672.187500        0.585338
FIRE:   30 05:33:53  -302672.593750        0.681282
FIRE:   31 05:33:54  -302672.656250        0.670294
FIRE:   32 05:33:54  -302672.687500        0.527138
FIRE:   33 05:33:54  -302672.750000        0.830055
FIRE:   34 05:33:54  -302672.812500        0.454936
FIRE:   35 05:33:54  -302672.875000        0.719105
FIRE:   36 05:33:54  -302672.937500        0.362793
FIRE:   37 05:33:55  -302672.937500        0.553235
FIRE:   38 05:33:55  -302672.937500        0.929407
FIRE:   39 05:33:55  -302673.156250        1.546868
FIRE:   40 05:33:55  -302673.093750        2.006711
FIRE:   41 05:33:55  -302672.906250        3.847183
FIRE:   42 05:33:55  -302672.968750        0.410131
FIRE:   43 05:33:55  -302672.968750        2.955609
FIRE:   44 05:33:55  -302672.937500        2.314223
FIRE:   45 05:33:55  -302672.968750        1.154477
FIRE:   46 05:33:56  -302672.937500        0.327209
FIRE:   47 05:33:56  -302672.968750        0.315876
FIRE:   48 05:33:56  -302672.968750        0.294223
FIRE:   49 05:33:56  -302672.968750        0.263852
FIRE:   50 05:33:56  -302672.968750        0.227764
FIRE:   51 05:33:56  -302672.937500        0.190008
FIRE:   52 05:33:56  -302672.937500        0.175162
FIRE:   53 05:33:56  -302673.000000        0.187802
FIRE:   54 05:33:56  -302672.937500        0.199633
FIRE:   55 05:33:56  -302672.968750        0.207261
FIRE:   56 05:33:56  -302672.968750        0.207130
FIRE:   57 05:33:56  -302672.937500        0.196992
FIRE:   58 05:33:56  -302672.937500        0.189024
FIRE:   59 05:33:56  -302672.937500        0.181864
FIRE:   60 05:33:56  -302672.968750        0.171454
FIRE:   61 05:33:56  -302672.968750        0.174588
FIRE:   62 05:33:56  -302672.968750        0.165730
FIRE:   63 05:33:56  -302673.000000        0.158502
FIRE:   64 05:33:56  -302673.031250        0.188814
FIRE:   65 05:33:56  -302672.968750        0.203888
FIRE:   66 05:33:57  -302672.968750        0.178042
FIRE:   67 05:33:57  -302673.031250        0.158969
FIRE:   68 05:33:57  -302673.000000        0.158366
FIRE:   69 05:33:57  -302673.031250        0.178272
FIRE:   70 05:33:57  -302673.343750        0.142320
FIRE:   71 05:33:57  -302673.375000        0.140644
FIRE:   72 05:33:57  -302673.375000        0.204544
FIRE:   73 05:33:57  -302673.468750        0.321325
FIRE:   74 05:33:57  -302673.187500        0.629264
FIRE:   75 05:33:57  -302673.218750        2.087251
FIRE:   76 05:33:57  -302673.187500        0.207836
FIRE:   77 05:33:57  -302673.250000        1.618767
FIRE:   78 05:33:57  -302673.218750        1.242413
FIRE:   79 05:33:57  -302673.156250        0.569978
FIRE:   80 05:33:57  -302673.187500        0.265205
FIRE:   81 05:33:57  -302673.187500        0.255077
FIRE:   82 05:33:57  -302673.218750        0.235469
FIRE:   83 05:33:57  -302673.187500        0.207994
FIRE:   84 05:33:58  -302673.187500        0.175024
FIRE:   85 05:33:58  -302673.250000        0.139858
FIRE:   86 05:33:58  -302673.187500        0.127338
FIRE:   87 05:33:58  -302673.187500        0.140943
FIRE:   88 05:33:58  -302673.187500        0.154520
FIRE:   89 05:33:58  -302673.187500        0.164516
FIRE:   90 05:33:58  -302673.187500        0.167332
FIRE:   91 05:33:58  -302673.250000        0.160284
FIRE:   92 05:33:58  -302673.156250        0.143766
FIRE:   93 05:33:58  -302673.156250        0.123379
FIRE:   94 05:33:58  -302673.187500        0.129435
FIRE:   95 05:33:58  -302673.187500        0.154643
FIRE:   96 05:33:58  -302673.218750        0.143993
FIRE:   97 05:33:58  -302673.312500        0.120663
FIRE:   98 05:33:58  -302673.218750        0.146946
FIRE:   99 05:33:58  -302673.250000        0.152281
FIRE:  100 05:33:58  -302673.218750        0.124240
FIRE:  101 05:33:59  -302673.218750        0.145472
FIRE:  102 05:33:59  -302673.250000        0.117323
FIRE:  103 05:33:59  -302673.250000        0.142852
FIRE:  104 05:33:59  -302673.250000        0.115930
FIRE:  105 05:33:59  -302673.281250        0.113403
FIRE:  106 05:33:59  -302673.281250        0.153411
FIRE:  107 05:33:59  -302673.312500        0.261228
FIRE:  108 05:33:59  -302673.375000        0.489287
FIRE:  109 05:33:59  -302673.343750        1.695114
FIRE:  110 05:33:59  -302673.375000        4.518952
FIRE:  111 05:33:59  -302673.437500        0.503155
FIRE:  112 05:33:59  -302673.437500        0.384205
FIRE:  113 05:33:59  -302673.437500        0.184410
FIRE:  114 05:33:59  -302673.437500        0.203393
FIRE:  115 05:33:59  -302673.468750        0.259738
FIRE:  116 05:33:59  -302673.375000        0.246331
FIRE:  117 05:33:59  -302673.437500        0.197075
FIRE:  118 05:33:59  -302673.375000        0.160118
FIRE:  119 05:34:00  -302673.750000        0.202781
FIRE:  120 05:34:00  -302673.750000        0.291651
FIRE:  121 05:34:00  -302673.750000        0.202989
FIRE:  122 05:34:00  -302673.437500        0.152298
FIRE:  123 05:34:00  -302673.750000        0.253229
FIRE:  124 05:34:00  -302673.781250        0.154455
FIRE:  125 05:34:00  -302673.781250        0.276612
FIRE:  126 05:34:00  -302673.781250        0.085879
FIRE:  127 05:34:00  -302673.781250        0.196002
FIRE:  128 05:34:00  -302673.781250        0.269074
FIRE:  129 05:34:00  -302673.812500        0.198301
FIRE:  130 05:34:00  -302673.625000        0.238773
FIRE:  131 05:34:02  -302673.781250        0.417807
FIRE:  132 05:34:02  -302673.781250        1.587067
FIRE:  133 05:34:02  -302673.750000        0.115682
FIRE:  134 05:34:02  -302673.750000        0.106151
FIRE:  135 05:34:02  -302673.500000        0.091203
FIRE:  136 05:34:02  -302673.750000        0.080218
FIRE:  137 05:34:02  -302673.781250        0.105214
FIRE:  138 05:34:02  -302673.843750        0.114810
FIRE:  139 05:34:02  -302673.750000        0.105039
FIRE:  140 05:34:02  -302673.812500        0.081680
FIRE:  141 05:34:02  -302673.437500        0.095593
FIRE:  142 05:34:02  -302673.812500        0.105753
FIRE:  143 05:34:02  -302673.781250        0.099570
FIRE:  144 05:34:02  -302673.750000        0.080725
FIRE:  145 05:34:02  -302673.750000        0.099893
FIRE:  146 05:34:02  -302673.718750        0.079336
FIRE:  147 05:34:03  -302673.843750        0.096287
FIRE:  148 05:34:03  -302673.812500        0.087481
FIRE:  149 05:34:03  -302673.750000        0.101275
FIRE:  150 05:34:03  -302673.781250        0.095562
FIRE:  151 05:34:03  -302673.750000        0.076248
FIRE:  152 05:34:03  -302673.812500        0.077496
FIRE:  153 05:34:03  -302673.781250        0.078426
FIRE:  154 05:34:03  -302673.843750        0.078729
FIRE:  155 05:34:03  -302673.906250        0.127860
FIRE:  156 05:34:03  -302673.875000        0.850815
FIRE:  157 05:34:03  -302673.812500        4.517689
FIRE:  158 05:34:03  -302673.906250        2.782237
FIRE:  159 05:34:03  -302673.937500        1.631422
FIRE:  160 05:34:03  -302673.906250        0.276202
FIRE:  161 05:34:03  -302673.906250        0.259822
FIRE:  162 05:34:03  -302673.843750        0.228610
FIRE:  163 05:34:03  -302673.937500        0.185790
FIRE:  164 05:34:03  -302673.843750        0.136624
FIRE:  165 05:34:04  -302673.906250        0.092147
FIRE:  166 05:34:04  -302673.906250        0.132928
FIRE:  167 05:34:04  -302673.937500        0.158159
FIRE:  168 05:34:04  -302673.875000        0.162349
FIRE:  169 05:34:04  -302673.937500        0.139516
FIRE:  170 05:34:04  -302673.937500        0.090639
FIRE:  171 05:34:04  -302673.937500        0.113361
FIRE:  172 05:34:04  -302673.968750        0.134736
FIRE:  173 05:34:04  -302673.968750        0.130275
FIRE:  174 05:34:04  -302673.656250        0.093961
FIRE:  175 05:34:04  -302673.625000        0.088009
FIRE:  176 05:34:04  -302673.656250        0.136785
FIRE:  177 05:34:04  -302673.625000        0.093285
FIRE:  178 05:34:04  -302673.656250        0.124774
FIRE:  179 05:34:04  -302673.656250        0.090980
FIRE:  180 05:34:04  -302673.625000        0.114046
FIRE:  181 05:34:04  -302673.656250        0.083788
FIRE:  182 05:34:04  -302673.625000        0.108040
FIRE:  183 05:34:05  -302673.656250        0.184702
FIRE:  184 05:34:05  -302673.687500        0.202036
FIRE:  185 05:34:05  -302673.625000        0.529758
FIRE:  186 05:34:05  -302673.687500        1.177988
FIRE:  187 05:34:05  -302673.656250        0.096725
FIRE:  188 05:34:05  -302673.625000        1.133896
FIRE:  189 05:34:05  -302673.625000        0.869184
FIRE:  190 05:34:05  -302673.625000        0.408353
FIRE:  191 05:34:05  -302673.656250        0.170829
FIRE:  192 05:34:05  -302673.656250        0.164162
FIRE:  193 05:34:05  -302673.625000        0.151325
FIRE:  194 05:34:05  -302673.656250        0.133272
FIRE:  195 05:34:05  -302673.687500        0.111631
FIRE:  196 05:34:05  -302673.656250        0.088833
FIRE:  197 05:34:05  -302673.656250        0.068099
FIRE:  198 05:34:05  -302673.687500        0.082092
FIRE:  199 05:34:05  -302673.687500        0.111425
FIRE:  200 05:34:06  -302673.656250        0.132284
FIRE:  201 05:34:06  -302673.656250        0.138477
FIRE:  202 05:34:06  -302673.750000        0.125842
FIRE:  203 05:34:06  -302673.750000        0.093714
FIRE:  204 05:34:06  -302673.750000        0.062865
FIRE:  205 05:34:06  -302673.750000        0.085630
FIRE:  206 05:34:06  -302673.687500        0.098795
FIRE:  207 05:34:06  -302673.750000        0.089622
FIRE:  208 05:34:06  -302673.718750        0.063164
FIRE:  209 05:34:06  -302673.718750        0.104672
FIRE:  210 05:34:06  -302673.687500        0.101488
FIRE:  211 05:34:06  -302673.687500        0.072855
FIRE:  212 05:34:06  -302673.687500        0.095040
FIRE:  213 05:34:06  -302673.750000        0.059611
FIRE:  214 05:34:06  -302673.718750        0.106361
FIRE:  215 05:34:06  -302673.718750        0.082899
FIRE:  216 05:34:06  -302673.687500        0.062904
FIRE:  217 05:34:07  -302673.750000        0.098909
FIRE:  218 05:34:07  -302673.781250        0.137252
FIRE:  219 05:34:07  -302673.718750        0.458521
FIRE:  220 05:34:07  -302674.000000        1.159218
FIRE:  221 05:34:07  -302674.031250        0.076359
FIRE:  222 05:34:07  -302674.000000        1.130543
FIRE:  223 05:34:07  -302674.000000        0.856544
FIRE:  224 05:34:07  -302674.125000        0.381613
FIRE:  225 05:34:07  -302674.062500        0.183907
FIRE:  226 05:34:07  -302674.031250        0.175670
FIRE:  227 05:34:07  -302674.000000        0.159832
FIRE:  228 05:34:07  -302674.000000        0.137475
FIRE:  229 05:34:07  -302674.062500        0.110542
FIRE:  230 05:34:07  -302673.968750        0.082064
FIRE:  231 05:34:07  -302674.031250        0.056492
FIRE:  232 05:34:07  -302673.968750        0.087795
FIRE:  233 05:34:07  -302674.031250        0.122648
FIRE:  234 05:34:08  -302673.968750        0.145728
FIRE:  235 05:34:08  -302674.000000        0.150447
FIRE:  236 05:34:08  -302674.031250        0.131950
FIRE:  237 05:34:08  -302674.031250        0.090466
FIRE:  238 05:34:08  -302674.031250        0.056945
FIRE:  239 05:34:08  -302674.031250        0.085455
FIRE:  240 05:34:08  -302674.000000        0.098798
FIRE:  241 05:34:08  -302674.031250        0.083166
FIRE:  242 05:34:08  -302674.062500        0.057093
FIRE:  243 05:34:08  -302674.093750        0.113303
FIRE:  244 05:34:08  -302674.062500        0.098735
FIRE:  245 05:34:08  -302674.062500        0.070515
FIRE:  246 05:34:08  -302674.031250        0.091008
FIRE:  247 05:34:08  -302674.000000        0.064548
FIRE:  248 05:34:08  -302673.937500        0.103766
FIRE:  249 05:34:08  -302674.031250        0.087151
FIRE:  250 05:34:08  -302673.968750        0.066820
FIRE:  251 05:34:08  -302674.000000        0.059840
FIRE:  252 05:34:09  -302673.968750        0.089429
FIRE:  253 05:34:09  -302674.031250        0.311616
FIRE:  254 05:34:09  -302673.968750        0.932579
FIRE:  255 05:34:09  -302674.125000        3.311970
FIRE:  256 05:34:09  -302674.187500        0.834635
FIRE:  257 05:34:09  -302674.156250        0.570087
FIRE:  258 05:34:09  -302674.000000        0.176164
FIRE:  259 05:34:09  -302674.000000        0.372848
FIRE:  260 05:34:09  -302674.031250        0.346946
FIRE:  261 05:34:09  -302674.031250        0.297125
FIRE:  262 05:34:09  -302674.031250        0.227724
FIRE:  263 05:34:09  -302673.968750        0.145140
FIRE:  264 05:34:09  -302673.968750        0.060128
FIRE:  265 05:34:09  -302674.000000        0.088052
FIRE:  266 05:34:09  -302674.000000        0.124540
FIRE:  267 05:34:09  -302674.031250        0.148341
FIRE:  268 05:34:09  -302674.031250        0.154864
FIRE:  269 05:34:10  -302674.000000        0.134165
FIRE:  270 05:34:10  -302673.937500        0.090977
FIRE:  271 05:34:10  -302673.937500        0.052455
FIRE:  272 05:34:10  -302673.906250        0.129550
FIRE:  273 05:34:10  -302673.968750        0.177533
FIRE:  274 05:34:10  -302674.031250        0.145632
FIRE:  275 05:34:10  -302674.031250        0.051656
FIRE:  276 05:34:10  -302674.187500        0.111827
FIRE:  277 05:34:10  -302674.187500        0.113960
FIRE:  278 05:34:10  -302674.187500        0.066760
FIRE:  279 05:34:10  -302674.218750        0.155245
FIRE:  280 05:34:10  -302674.187500        0.051192
FIRE:  281 05:34:10  -302674.187500        0.105089
FIRE:  282 05:34:10  -302674.218750        0.111863
FIRE:  283 05:34:10  -302674.187500        0.050528
FIRE:  284 05:34:10  -302674.187500        0.086187
FIRE:  285 05:34:10  -302674.187500        0.301692
FIRE:  286 05:34:10  -302674.218750        0.613850
FIRE:  287 05:34:11  -302674.187500        1.712509
FIRE:  288 05:34:11  -302674.250000        0.137880
FIRE:  289 05:34:11  -302674.250000        0.116186
FIRE:  290 05:34:11  -302674.218750        0.078885
FIRE:  291 05:34:11  -302674.250000        0.069241
FIRE:  292 05:34:11  -302674.218750        0.110222
FIRE:  293 05:34:11  -302674.218750        0.122808
FIRE:  294 05:34:11  -302674.218750        0.102722
FIRE:  295 05:34:11  -302674.218750        0.059669
FIRE:  296 05:34:11  -302674.281250        0.069716
FIRE:  297 05:34:11  -302674.218750        0.078523
FIRE:  298 05:34:11  -302674.218750        0.065792
FIRE:  299 05:34:11  -302674.218750        0.056711
FIRE:  300 05:34:11  -302674.218750        0.100094
FIRE:  301 05:34:11  -302674.250000        0.061912
FIRE:  302 05:34:11  -302674.250000        0.078930
FIRE:  303 05:34:11  -302674.218750        0.050818
FIRE:  304 05:34:11  -302674.218750        0.097337
FIRE:  305 05:34:12  -302674.218750        0.064049
FIRE:  306 05:34:12  -302674.218750        0.061123
FIRE:  307 05:34:12  -302674.218750        0.049629
