      Step     Time          Energy          fmax
FIRE:    0 20:30:52 -1023960.062500        5.494349
FIRE:    1 20:30:53 -1023963.062500        5.151314
FIRE:    2 20:30:55 -1023965.937500        4.213251
FIRE:    3 20:30:55 -1023968.187500        2.914202
FIRE:    4 20:30:55 -1023969.875000        2.409772
FIRE:    5 20:30:55 -1023970.937500        2.503217
FIRE:    6 20:30:55 -1023971.437500        2.948391
FIRE:    7 20:30:55 -1023971.750000        3.721977
FIRE:    8 20:30:55 -1023972.375000        4.268843
FIRE:    9 20:30:55 -1023973.500000        3.871374
FIRE:   10 20:30:55 -1023974.562500        2.290361
FIRE:   11 20:30:56 -1023975.375000        1.465211
FIRE:   12 20:30:56 -1023975.750000        1.718204
FIRE:   13 20:30:56 -1023976.312500        1.912811
FIRE:   14 20:30:56 -1023976.937500        1.698350
FIRE:   15 20:30:56 -1023977.687500        1.675662
FIRE:   16 20:30:56 -1023978.562500        1.811808
FIRE:   17 20:30:56 -1023979.187500        1.842242
FIRE:   18 20:30:56 -1023979.812500        1.449961
FIRE:   19 20:30:57 -1023980.375000        1.430354
FIRE:   20 20:30:57 -1023981.000000        1.640673
FIRE:   21 20:30:57 -1023981.562500        1.812428
FIRE:   22 20:30:57 -1023982.125000        1.840618
FIRE:   23 20:30:57 -1023982.625000        1.699858
FIRE:   24 20:30:57 -1023983.187500        1.422369
FIRE:   25 20:30:57 -1023983.687500        1.480273
FIRE:   26 20:30:57 -1023984.062500        2.128572
FIRE:   27 20:30:57 -1023984.500000        2.060929
FIRE:   28 20:30:57 -1023984.937500        1.013330
FIRE:   29 20:30:57 -1023985.312500        0.697175
FIRE:   30 20:30:57 -1023985.687500        1.405303
FIRE:   31 20:30:57 -1023986.000000        1.573905
FIRE:   32 20:30:57 -1023986.375000        1.216378
FIRE:   33 20:30:57 -1023986.625000        0.509140
FIRE:   34 20:30:58 -1023986.937500        1.102209
FIRE:   35 20:30:58 -1023987.375000        1.484695
FIRE:   36 20:30:58 -1023987.687500        0.978384
FIRE:   37 20:30:58 -1023987.875000        0.661223
FIRE:   38 20:30:58 -1023988.125000        0.950665
FIRE:   39 20:30:58 -1023988.562500        1.162825
FIRE:   40 20:30:58 -1023988.812500        0.935695
FIRE:   41 20:30:58 -1023989.125000        0.631794
FIRE:   42 20:30:58 -1023989.375000        0.808676
FIRE:   43 20:30:58 -1023989.625000        0.900726
FIRE:   44 20:30:58 -1023989.875000        0.674408
FIRE:   45 20:30:58 -1023990.125000        0.565078
FIRE:   46 20:30:58 -1023990.375000        0.718401
FIRE:   47 20:30:58 -1023990.625000        0.765618
FIRE:   48 20:30:58 -1023990.812500        0.614373
FIRE:   49 20:30:59 -1023991.000000        0.425694
FIRE:   50 20:30:59 -1023991.187500        0.269455
FIRE:   51 20:30:59 -1023991.312500        0.478018
FIRE:   52 20:30:59 -1023991.437500        0.560973
FIRE:   53 20:30:59 -1023991.625000        0.588639
FIRE:   54 20:30:59 -1023991.500000        0.639130
FIRE:   55 20:30:59 -1023991.875000        0.669736
FIRE:   56 20:30:59 -1023992.000000        0.651202
FIRE:   57 20:30:59 -1023992.187500        0.574715
FIRE:   58 20:30:59 -1023992.000000        0.443562
FIRE:   59 20:31:01 -1023992.062500        0.408031
FIRE:   60 20:31:01 -1023992.187500        0.378657
FIRE:   61 20:31:01 -1023992.500000        0.348292
FIRE:   62 20:31:01 -1023992.500000        0.355056
FIRE:   63 20:31:01 -1023992.625000        0.388633
FIRE:   64 20:31:01 -1023992.750000        0.338462
FIRE:   65 20:31:01 -1023992.875000        0.318467
FIRE:   66 20:31:01 -1023993.312500        0.458343
FIRE:   67 20:31:01 -1023993.437500        0.345359
FIRE:   68 20:31:01 -1023993.687500        0.371980
FIRE:   69 20:31:01 -1023993.687500        0.391425
FIRE:   70 20:31:01 -1023993.812500        0.297879
FIRE:   71 20:31:01 -1023993.750000        0.259316
FIRE:   72 20:31:02 -1023994.125000        0.276363
FIRE:   73 20:31:02 -1023993.937500        0.275211
FIRE:   74 20:31:02 -1023994.000000        0.273911
FIRE:   75 20:31:02 -1023994.062500        0.262281
FIRE:   76 20:31:02 -1023994.062500        0.261837
FIRE:   77 20:31:02 -1023994.187500        0.277510
FIRE:   78 20:31:02 -1023994.250000        0.296089
FIRE:   79 20:31:02 -1023994.687500        0.366804
FIRE:   80 20:31:02 -1023994.750000        0.369229
FIRE:   81 20:31:02 -1023994.812500        0.321048
FIRE:   82 20:31:02 -1023994.625000        0.286339
FIRE:   83 20:31:02 -1023995.125000        0.264969
FIRE:   84 20:31:02 -1023994.875000        0.271697
FIRE:   85 20:31:03 -1023995.250000        0.291608
FIRE:   86 20:31:03 -1023994.937500        0.295423
FIRE:   87 20:31:03 -1023995.000000        0.273900
FIRE:   88 20:31:03 -1023995.062500        0.257043
FIRE:   89 20:31:03 -1023995.062500        0.253120
FIRE:   90 20:31:03 -1023995.187500        0.239309
FIRE:   91 20:31:03 -1023995.250000        0.273705
FIRE:   92 20:31:03 -1023995.312500        0.325602
FIRE:   93 20:31:03 -1023995.437500        0.392678
FIRE:   94 20:31:03 -1023995.937500        0.475829
FIRE:   95 20:31:03 -1023996.000000        0.549072
FIRE:   96 20:31:03 -1023995.937500        0.570046
FIRE:   97 20:31:03 -1023996.000000        0.519387
FIRE:   98 20:31:03 -1023996.187500        0.403598
FIRE:   99 20:31:04 -1023995.812500        0.253326
FIRE:  100 20:31:04 -1023995.875000        0.211976
FIRE:  101 20:31:04 -1023996.375000        0.305183
FIRE:  102 20:31:04 -1023996.437500        0.443833
FIRE:  103 20:31:04 -1023996.437500        0.508268
FIRE:  104 20:31:04 -1023996.500000        0.445027
FIRE:  105 20:31:04 -1023996.562500        0.350351
FIRE:  106 20:31:04 -1023996.625000        0.349916
FIRE:  107 20:31:04 -1023996.500000        0.342538
FIRE:  108 20:31:04 -1023996.562500        0.390579
FIRE:  109 20:31:04 -1023996.625000        0.424959
FIRE:  110 20:31:04 -1023996.375000        0.339881
FIRE:  111 20:31:04 -1023996.437500        0.235794
FIRE:  112 20:31:04 -1023996.500000        0.259385
FIRE:  113 20:31:05 -1023996.562500        0.276461
FIRE:  114 20:31:05 -1023996.625000        0.237360
FIRE:  115 20:31:05 -1023996.625000        0.323082
FIRE:  116 20:31:05 -1023996.812500        0.351982
FIRE:  117 20:31:05 -1023996.687500        0.330405
FIRE:  118 20:31:05 -1023996.750000        0.279792
FIRE:  119 20:31:05 -1023996.875000        0.299613
FIRE:  120 20:31:05 -1023996.750000        0.297298
FIRE:  121 20:31:05 -1023996.812500        0.323084
FIRE:  122 20:31:05 -1023996.812500        0.316337
FIRE:  123 20:31:05 -1023996.875000        0.319170
FIRE:  124 20:31:05 -1023996.937500        0.344404
FIRE:  125 20:31:05 -1023997.125000        0.327574
FIRE:  126 20:31:05 -1023997.000000        0.290603
FIRE:  127 20:31:06 -1023997.062500        0.236138
FIRE:  128 20:31:06 -1023997.125000        0.190767
FIRE:  129 20:31:06 -1023997.500000        0.203319
FIRE:  130 20:31:06 -1023997.500000        0.209849
FIRE:  131 20:31:06 -1023997.562500        0.211604
FIRE:  132 20:31:06 -1023997.312500        0.220805
FIRE:  133 20:31:06 -1023997.375000        0.274082
FIRE:  134 20:31:06 -1023997.875000        0.290745
FIRE:  135 20:31:06 -1023997.500000        0.267410
FIRE:  136 20:31:06 -1023997.937500        0.221816
FIRE:  137 20:31:06 -1023997.562500        0.228030
FIRE:  138 20:31:06 -1023997.625000        0.256704
FIRE:  139 20:31:06 -1023997.625000        0.249496
FIRE:  140 20:31:07 -1023997.875000        0.209734
FIRE:  141 20:31:07 -1023998.000000        0.205785
FIRE:  142 20:31:07 -1023997.750000        0.237803
FIRE:  143 20:31:07 -1023997.937500        0.218704
FIRE:  144 20:31:07 -1023998.000000        0.203446
FIRE:  145 20:31:07 -1023997.812500        0.217263
FIRE:  146 20:31:07 -1023997.875000        0.222414
FIRE:  147 20:31:07 -1023997.937500        0.212363
FIRE:  148 20:31:07 -1023998.000000        0.197934
FIRE:  149 20:31:07 -1023998.125000        0.194366
FIRE:  150 20:31:07 -1023998.062500        0.186002
FIRE:  151 20:31:07 -1023998.500000        0.243839
FIRE:  152 20:31:07 -1023998.500000        0.272661
FIRE:  153 20:31:07 -1023998.375000        0.283112
FIRE:  154 20:31:08 -1023998.375000        0.283518
FIRE:  155 20:31:08 -1023998.437500        0.273903
FIRE:  156 20:31:08 -1023998.500000        0.236620
FIRE:  157 20:31:08 -1023998.500000        0.299337
FIRE:  158 20:31:08 -1023998.625000        0.350658
FIRE:  159 20:31:08 -1023998.687500        0.381733
FIRE:  160 20:31:08 -1023998.687500        0.386804
FIRE:  161 20:31:08 -1023998.750000        0.361007
FIRE:  162 20:31:08 -1023998.812500        0.311067
FIRE:  163 20:31:08 -1023998.812500        0.245235
FIRE:  164 20:31:08 -1023998.875000        0.225706
FIRE:  165 20:31:08 -1023998.937500        0.211202
FIRE:  166 20:31:08 -1023998.937500        0.228986
FIRE:  167 20:31:08 -1023999.000000        0.187578
FIRE:  168 20:31:09 -1023999.062500        0.203764
FIRE:  169 20:31:09 -1023999.062500        0.207538
FIRE:  170 20:31:09 -1023999.125000        0.215405
FIRE:  171 20:31:09 -1023999.125000        0.234822
FIRE:  172 20:31:09 -1023999.187500        0.246383
FIRE:  173 20:31:09 -1023999.250000        0.254943
FIRE:  174 20:31:09 -1023999.250000        0.261795
FIRE:  175 20:31:09 -1023999.312500        0.266502
FIRE:  176 20:31:09 -1023999.375000        0.270908
FIRE:  177 20:31:09 -1023999.437500        0.276132
FIRE:  178 20:31:09 -1023999.187500        0.275350
FIRE:  179 20:31:09 -1023999.375000        0.256373
FIRE:  180 20:31:09 -1023999.250000        0.213244
FIRE:  181 20:31:09 -1023999.562500        0.160786
FIRE:  182 20:31:10 -1023999.562500        0.144461
FIRE:  183 20:31:10 -1023999.625000        0.169643
FIRE:  184 20:31:10 -1023999.625000        0.184141
FIRE:  185 20:31:10 -1023999.625000        0.191740
FIRE:  186 20:31:10 -1023999.625000        0.196128
FIRE:  187 20:31:10 -1023999.625000        0.208645
FIRE:  188 20:31:10 -1023999.687500        0.221939
FIRE:  189 20:31:10 -1023999.687500        0.221896
FIRE:  190 20:31:10 -1023999.687500        0.207951
FIRE:  191 20:31:10 -1023999.687500        0.185622
FIRE:  192 20:31:10 -1023999.750000        0.179716
FIRE:  193 20:31:10 -1023999.750000        0.195460
FIRE:  194 20:31:10 -1023999.750000        0.239517
FIRE:  195 20:31:10 -1023999.750000        0.278502
FIRE:  196 20:31:11 -1023999.750000        0.268327
FIRE:  197 20:31:11 -1023999.812500        0.211218
FIRE:  198 20:31:11 -1023999.812500        0.178837
FIRE:  199 20:31:11 -1023999.812500        0.212509
FIRE:  200 20:31:11 -1023999.562500        0.191813
FIRE:  201 20:31:11 -1023999.562500        0.177059
FIRE:  202 20:31:11 -1023999.875000        0.184051
FIRE:  203 20:31:11 -1023999.875000        0.166548
FIRE:  204 20:31:11 -1023999.875000        0.148362
FIRE:  205 20:31:11 -1023999.500000        0.156145
FIRE:  206 20:31:11 -1023999.562500        0.168325
FIRE:  207 20:31:11 -1023999.937500        0.203324
FIRE:  208 20:31:11 -1023999.937500        0.160955
FIRE:  209 20:31:11 -1024000.000000        0.143730
FIRE:  210 20:31:12 -1024000.000000        0.134030
FIRE:  211 20:31:12 -1024000.000000        0.169036
FIRE:  212 20:31:12 -1024000.000000        0.142930
FIRE:  213 20:31:12 -1024000.062500        0.159438
FIRE:  214 20:31:12 -1024000.062500        0.176181
FIRE:  215 20:31:12 -1024000.062500        0.205995
FIRE:  216 20:31:12 -1024000.062500        0.178749
FIRE:  217 20:31:12 -1024000.062500        0.148042
FIRE:  218 20:31:12 -1024000.062500        0.842400
FIRE:  219 20:31:12 -1023999.125000        4.452561
FIRE:  220 20:31:12 -1024000.000000        2.035397
FIRE:  221 20:31:12 -1024000.125000        1.325696
FIRE:  222 20:31:12 -1024000.187500        0.222795
FIRE:  223 20:31:12 -1024000.125000        1.165204
FIRE:  224 20:31:13 -1024000.125000        1.047715
FIRE:  225 20:31:13 -1024000.187500        0.826000
FIRE:  226 20:31:13 -1024000.187500        0.524419
FIRE:  227 20:31:13 -1024000.187500        0.175570
FIRE:  228 20:31:13 -1024000.187500        0.180990
FIRE:  229 20:31:13 -1024000.187500        0.176650
FIRE:  230 20:31:13 -1024000.187500        0.168060
FIRE:  231 20:31:13 -1024000.187500        0.155472
FIRE:  232 20:31:13 -1024000.187500        0.139227
FIRE:  233 20:31:13 -1024000.187500        0.119792
FIRE:  234 20:31:13 -1024000.187500        0.107643
FIRE:  235 20:31:13 -1024000.187500        0.107562
FIRE:  236 20:31:13 -1024000.187500        0.107437
FIRE:  237 20:31:13 -1024000.187500        0.107273
FIRE:  238 20:31:14 -1024000.187500        0.107032
FIRE:  239 20:31:14 -1024000.187500        0.106696
FIRE:  240 20:31:14 -1024000.187500        0.106228
FIRE:  241 20:31:14 -1024000.187500        0.105595
FIRE:  242 20:31:14 -1024000.187500        0.104757
FIRE:  243 20:31:14 -1024000.187500        0.103680
FIRE:  244 20:31:14 -1024000.187500        0.102339
FIRE:  245 20:31:14 -1024000.187500        0.100749
FIRE:  246 20:31:14 -1024000.187500        0.098980
FIRE:  247 20:31:14 -1024000.250000        0.097135
FIRE:  248 20:31:14 -1024000.250000        0.095307
FIRE:  249 20:31:14 -1024000.250000        0.093425
FIRE:  250 20:31:14 -1024000.250000        0.091114
FIRE:  251 20:31:14 -1024000.250000        0.087834
FIRE:  252 20:31:15 -1024000.250000        0.086269
FIRE:  253 20:31:15 -1024000.250000        0.086534
FIRE:  254 20:31:15 -1024000.312500        0.085294
FIRE:  255 20:31:15 -1023999.875000        0.082723
FIRE:  256 20:31:15 -1023999.875000        0.081594
FIRE:  257 20:31:15 -1024000.375000        0.081474
FIRE:  258 20:31:15 -1024000.375000        0.095982
FIRE:  259 20:31:15 -1024000.062500        0.144649
FIRE:  260 20:31:15 -1024000.437500        0.289810
FIRE:  261 20:31:15 -1024000.437500        0.618775
FIRE:  262 20:31:15 -1024000.125000        0.077827
FIRE:  263 20:31:15 -1024000.187500        0.531161
FIRE:  264 20:31:15 -1024000.062500        0.410456
FIRE:  265 20:31:15 -1024000.125000        0.197720
FIRE:  266 20:31:15 -1024000.125000        0.075891
FIRE:  267 20:31:16 -1024000.062500        0.075874
FIRE:  268 20:31:16 -1024000.062500        0.075835
FIRE:  269 20:31:16 -1024000.125000        0.075784
FIRE:  270 20:31:16 -1024000.187500        0.075711
FIRE:  271 20:31:16 -1024000.062500        0.075624
FIRE:  272 20:31:16 -1024000.125000        0.075520
FIRE:  273 20:31:16 -1024000.187500        0.075405
FIRE:  274 20:31:16 -1024000.187500        0.075260
FIRE:  275 20:31:16 -1024000.125000        0.075089
FIRE:  276 20:31:16 -1024000.125000        0.074892
FIRE:  277 20:31:16 -1024000.125000        0.074659
FIRE:  278 20:31:16 -1024000.187500        0.074397
FIRE:  279 20:31:16 -1024000.187500        0.074108
FIRE:  280 20:31:16 -1024000.187500        0.073800
FIRE:  281 20:31:17 -1024000.125000        0.073480
FIRE:  282 20:31:17 -1024000.062500        0.073158
FIRE:  283 20:31:17 -1024000.125000        0.072857
FIRE:  284 20:31:17 -1024000.187500        0.072606
FIRE:  285 20:31:17 -1024000.062500        0.072449
FIRE:  286 20:31:17 -1024000.187500        0.072437
FIRE:  287 20:31:17 -1024000.125000        0.072596
FIRE:  288 20:31:17 -1024000.375000        0.072876
FIRE:  289 20:31:17 -1024000.187500        0.073187
FIRE:  290 20:31:17 -1024000.187500        0.073391
FIRE:  291 20:31:17 -1024000.250000        0.073301
FIRE:  292 20:31:17 -1024000.187500        0.072619
FIRE:  293 20:31:17 -1024000.500000        0.071690
FIRE:  294 20:31:17 -1024000.562500        0.176521
FIRE:  295 20:31:18 -1024000.562500        0.474151
FIRE:  296 20:31:18 -1024000.562500        0.069053
FIRE:  297 20:31:18 -1024000.562500        0.418191
FIRE:  298 20:31:18 -1024000.562500        0.321641
FIRE:  299 20:31:18 -1024000.562500        0.151147
FIRE:  300 20:31:18 -1024000.562500        0.068432
FIRE:  301 20:31:18 -1024000.562500        0.068428
FIRE:  302 20:31:18 -1024000.562500        0.068422
FIRE:  303 20:31:18 -1024000.562500        0.068413
FIRE:  304 20:31:18 -1024000.562500        0.068393
FIRE:  305 20:31:18 -1024000.562500        0.068369
FIRE:  306 20:31:18 -1024000.562500        0.068347
FIRE:  307 20:31:18 -1024000.562500        0.068310
FIRE:  308 20:31:18 -1024000.562500        0.068255
FIRE:  309 20:31:18 -1024000.562500        0.068184
FIRE:  310 20:31:19 -1024000.562500        0.068095
FIRE:  311 20:31:19 -1024000.562500        0.067973
FIRE:  312 20:31:19 -1024000.562500        0.067822
FIRE:  313 20:31:19 -1024000.562500        0.067647
FIRE:  314 20:31:19 -1024000.562500        0.067450
FIRE:  315 20:31:19 -1024000.562500        0.067249
FIRE:  316 20:31:19 -1024000.562500        0.067043
FIRE:  317 20:31:19 -1024000.562500        0.066850
FIRE:  318 20:31:19 -1024000.562500        0.066642
FIRE:  319 20:31:19 -1024000.562500        0.066396
FIRE:  320 20:31:19 -1024000.562500        0.066110
FIRE:  321 20:31:19 -1024000.562500        0.065846
FIRE:  322 20:31:19 -1024000.562500        0.065618
FIRE:  323 20:31:19 -1024000.562500        0.065332
FIRE:  324 20:31:20 -1024000.562500        0.064846
FIRE:  325 20:31:20 -1024000.562500        0.064146
FIRE:  326 20:31:20 -1024000.562500        0.062984
FIRE:  327 20:31:20 -1024000.625000        0.061284
FIRE:  328 20:31:20 -1024000.625000        0.152694
FIRE:  329 20:31:20 -1024000.625000        0.435044
FIRE:  330 20:31:20 -1024000.625000        0.057251
FIRE:  331 20:31:20 -1024000.625000        0.388541
FIRE:  332 20:31:20 -1024000.625000        0.295313
FIRE:  333 20:31:20 -1024000.625000        0.131431
FIRE:  334 20:31:20 -1024000.625000        0.062421
FIRE:  335 20:31:20 -1024000.625000        0.058556
FIRE:  336 20:31:20 -1024000.625000        0.056637
FIRE:  337 20:31:20 -1024000.625000        0.056634
FIRE:  338 20:31:21 -1024000.625000        0.056631
FIRE:  339 20:31:21 -1024000.625000        0.056621
FIRE:  340 20:31:21 -1024000.625000        0.056606
FIRE:  341 20:31:21 -1024000.625000        0.056580
FIRE:  342 20:31:21 -1024000.625000        0.056538
FIRE:  343 20:31:21 -1024000.625000        0.056478
FIRE:  344 20:31:21 -1024000.625000        0.056389
FIRE:  345 20:31:21 -1024000.625000        0.056272
FIRE:  346 20:31:21 -1024000.625000        0.056119
FIRE:  347 20:31:21 -1024000.625000        0.055939
FIRE:  348 20:31:21 -1024000.625000        0.055736
FIRE:  349 20:31:21 -1024000.625000        0.055532
FIRE:  350 20:31:21 -1024000.625000        0.055346
FIRE:  351 20:31:21 -1024000.625000        0.055175
FIRE:  352 20:31:21 -1024000.625000        0.055009
FIRE:  353 20:31:22 -1024000.625000        0.054799
FIRE:  354 20:31:22 -1024000.625000        0.054524
FIRE:  355 20:31:22 -1024000.625000        0.054264
FIRE:  356 20:31:22 -1024000.625000        0.054069
FIRE:  357 20:31:22 -1024000.625000        0.053800
FIRE:  358 20:31:22 -1024000.625000        0.053242
FIRE:  359 20:31:22 -1024000.625000        0.052581
FIRE:  360 20:31:22 -1024000.625000        0.051664
FIRE:  361 20:31:22 -1024000.625000        0.050243
FIRE:  362 20:31:22 -1024000.687500        0.116418
FIRE:  363 20:31:22 -1024000.687500        0.356911
FIRE:  364 20:31:22 -1024000.687500        0.046827
