      Step     Time          Energy          fmax
FIRE:    0 22:40:49 -2947478.500000        9.974385
FIRE:    1 22:40:50 -2947487.750000        8.643994
FIRE:    2 22:40:52 -2947493.500000        7.313669
FIRE:    3 22:40:52 -2947500.000000        6.046421
FIRE:    4 22:40:52 -2947505.500000        4.872772
FIRE:    5 22:40:52 -2947509.750000        3.847642
FIRE:    6 22:40:52 -2947513.250000        3.067267
FIRE:    7 22:40:52 -2947516.750000        2.643861
FIRE:    8 22:40:52 -2947518.500000        2.297063
FIRE:    9 22:40:52 -2947517.250000        2.196901
FIRE:   10 22:40:53 -2947522.000000        2.194576
FIRE:   11 22:40:53 -2947523.500000        2.125701
FIRE:   12 22:40:54 -2947525.000000        2.001022
FIRE:   13 22:40:54 -2947526.250000        1.845297
FIRE:   14 22:40:54 -2947527.750000        1.685746
FIRE:   15 22:40:54 -2947527.500000        1.542704
FIRE:   16 22:40:54 -2947529.250000        1.424975
FIRE:   17 22:40:54 -2947534.750000        1.333109
FIRE:   18 22:40:55 -2947533.750000        1.353567
FIRE:   19 22:40:55 -2947535.750000        1.456368
FIRE:   20 22:40:55 -2947537.750000        1.566036
FIRE:   21 22:40:55 -2947537.750000        1.635069
FIRE:   22 22:40:55 -2947538.750000        1.644197
FIRE:   23 22:40:55 -2947541.250000        1.609524
FIRE:   24 22:40:55 -2947542.250000        1.571860
FIRE:   25 22:40:56 -2947543.000000        1.539038
FIRE:   26 22:40:56 -2947544.000000        1.379545
FIRE:   27 22:40:56 -2947545.250000        1.457225
FIRE:   28 22:40:56 -2947544.000000        1.521531
FIRE:   29 22:40:56 -2947549.000000        1.563276
FIRE:   30 22:40:56 -2947550.000000        1.537754
FIRE:   31 22:40:56 -2947549.250000        1.397459
FIRE:   32 22:40:56 -2947550.500000        1.074841
FIRE:   33 22:40:56 -2947548.750000        0.910095
FIRE:   34 22:40:56 -2947549.500000        0.858081
FIRE:   35 22:40:56 -2947550.250000        1.524695
FIRE:   36 22:40:56 -2947550.750000        1.925550
FIRE:   37 22:40:56 -2947551.500000        2.048685
FIRE:   38 22:40:56 -2947552.000000        1.726820
FIRE:   39 22:40:56 -2947554.500000        1.150285
FIRE:   40 22:40:56 -2947555.000000        1.024264
FIRE:   41 22:40:57 -2947555.500000        1.142508
FIRE:   42 22:40:57 -2947556.250000        1.247191
FIRE:   43 22:40:57 -2947557.500000        1.160001
FIRE:   44 22:40:57 -2947558.000000        0.817631
FIRE:   45 22:40:57 -2947558.500000        0.623964
FIRE:   46 22:40:57 -2947558.750000        0.923908
FIRE:   47 22:40:57 -2947559.750000        1.189762
FIRE:   48 22:40:57 -2947560.000000        1.106936
FIRE:   49 22:40:57 -2947560.500000        0.860832
FIRE:   50 22:40:57 -2947562.500000        0.694320
FIRE:   51 22:40:57 -2947561.250000        0.510257
FIRE:   52 22:40:57 -2947561.500000        0.710579
FIRE:   53 22:40:57 -2947562.250000        0.796878
FIRE:   54 22:40:57 -2947562.500000        0.766668
FIRE:   55 22:40:57 -2947562.750000        0.628396
FIRE:   56 22:40:57 -2947563.250000        0.495001
FIRE:   57 22:40:58 -2947563.250000        0.572274
FIRE:   58 22:40:58 -2947563.750000        0.510975
FIRE:   59 22:40:58 -2947564.000000        0.607409
FIRE:   60 22:40:58 -2947564.250000        0.567627
FIRE:   61 22:40:58 -2947564.500000        0.444449
FIRE:   62 22:40:58 -2947565.500000        0.469282
FIRE:   63 22:40:58 -2947565.250000        0.415385
FIRE:   64 22:40:58 -2947564.000000        0.442133
FIRE:   65 22:40:58 -2947564.250000        0.461602
FIRE:   66 22:40:58 -2947564.750000        0.400756
FIRE:   67 22:40:58 -2947565.750000        0.409880
FIRE:   68 22:40:58 -2947566.250000        0.395188
FIRE:   69 22:40:58 -2947566.500000        0.388591
FIRE:   70 22:40:58 -2947566.750000        0.377657
FIRE:   71 22:40:58 -2947568.000000        0.433777
FIRE:   72 22:40:59 -2947566.000000        0.436396
FIRE:   73 22:40:59 -2947566.250000        0.339337
FIRE:   74 22:40:59 -2947566.500000        0.313430
FIRE:   75 22:40:59 -2947566.750000        0.382357
FIRE:   76 22:40:59 -2947566.750000        0.365812
FIRE:   77 22:40:59 -2947567.250000        1.145936
FIRE:   78 22:40:59 -2947567.250000        0.597239
FIRE:   79 22:40:59 -2947567.250000        0.520911
FIRE:   80 22:40:59 -2947567.500000        0.378930
FIRE:   81 22:40:59 -2947567.500000        0.449689
FIRE:   82 22:40:59 -2947567.500000        0.433054
FIRE:   83 22:40:59 -2947568.750000        0.391083
FIRE:   84 22:40:59 -2947568.250000        0.337080
FIRE:   85 22:40:59 -2947568.250000        0.364863
FIRE:   86 22:40:59 -2947568.500000        0.326301
FIRE:   87 22:41:00 -2947568.250000        0.324020
FIRE:   88 22:41:00 -2947568.750000        0.251226
FIRE:   89 22:41:00 -2947568.750000        0.330612
FIRE:   90 22:41:00 -2947569.000000        0.345494
FIRE:   91 22:41:00 -2947569.000000        0.422327
FIRE:   92 22:41:00 -2947569.000000        0.430490
FIRE:   93 22:41:00 -2947569.250000        0.335746
FIRE:   94 22:41:00 -2947569.250000        0.294425
FIRE:   95 22:41:00 -2947569.500000        0.348098
FIRE:   96 22:41:00 -2947569.500000        0.380966
FIRE:   97 22:41:00 -2947569.750000        0.339846
FIRE:   98 22:41:00 -2947570.000000        0.305036
FIRE:   99 22:41:00 -2947569.750000        0.335655
FIRE:  100 22:41:00 -2947569.750000        0.335376
FIRE:  101 22:41:00 -2947570.250000        0.348612
FIRE:  102 22:41:01 -2947568.250000        0.368731
FIRE:  103 22:41:01 -2947568.250000        0.341781
FIRE:  104 22:41:01 -2947568.250000        0.309655
FIRE:  105 22:41:01 -2947568.500000        0.264731
FIRE:  106 22:41:01 -2947568.500000        0.317842
FIRE:  107 22:41:01 -2947568.500000        0.436183
FIRE:  108 22:41:01 -2947570.250000        0.344697
FIRE:  109 22:41:01 -2947570.500000        0.210913
FIRE:  110 22:41:01 -2947570.250000        0.400968
FIRE:  111 22:41:01 -2947570.750000        0.529998
FIRE:  112 22:41:01 -2947570.500000        0.488877
FIRE:  113 22:41:01 -2947570.750000        0.317254
FIRE:  114 22:41:01 -2947570.500000        0.270612
FIRE:  115 22:41:01 -2947570.750000        0.309575
FIRE:  116 22:41:01 -2947570.250000        0.303961
FIRE:  117 22:41:02 -2947570.500000        0.303886
FIRE:  118 22:41:02 -2947570.750000        0.290381
FIRE:  119 22:41:02 -2947571.000000        0.308487
FIRE:  120 22:41:02 -2947569.000000        0.302723
FIRE:  121 22:41:02 -2947571.500000        0.375201
FIRE:  122 22:41:02 -2947569.250000        0.395267
FIRE:  123 22:41:02 -2947569.250000        0.306715
FIRE:  124 22:41:02 -2947569.250000        0.223961
FIRE:  125 22:41:02 -2947570.750000        0.285236
FIRE:  126 22:41:02 -2947571.000000        0.397453
FIRE:  127 22:41:02 -2947570.750000        0.432776
FIRE:  128 22:41:02 -2947571.000000        0.311305
FIRE:  129 22:41:02 -2947571.000000        0.291372
FIRE:  130 22:41:02 -2947571.000000        0.310187
FIRE:  131 22:41:02 -2947571.000000        0.388906
FIRE:  132 22:41:02 -2947571.000000        0.379607
FIRE:  133 22:41:03 -2947571.000000        0.308169
FIRE:  134 22:41:03 -2947571.000000        0.213150
FIRE:  135 22:41:03 -2947571.000000        0.194850
FIRE:  136 22:41:03 -2947571.000000        0.258743
FIRE:  137 22:41:03 -2947572.750000        0.310697
FIRE:  138 22:41:03 -2947572.750000        0.306604
FIRE:  139 22:41:03 -2947573.750000        0.288217
FIRE:  140 22:41:03 -2947572.750000        0.291294
FIRE:  141 22:41:03 -2947572.750000        0.300283
FIRE:  142 22:41:03 -2947573.000000        0.289196
FIRE:  143 22:41:03 -2947571.250000        0.268680
FIRE:  144 22:41:03 -2947571.250000        0.260139
FIRE:  145 22:41:03 -2947571.250000        0.299164
FIRE:  146 22:41:03 -2947572.250000        0.318603
FIRE:  147 22:41:03 -2947572.250000        0.305930
FIRE:  148 22:41:04 -2947572.750000        0.273241
FIRE:  149 22:41:04 -2947572.750000        0.300298
FIRE:  150 22:41:04 -2947573.000000        0.258121
FIRE:  151 22:41:04 -2947571.250000        0.352431
FIRE:  152 22:41:04 -2947571.500000        0.334134
FIRE:  153 22:41:04 -2947571.250000        0.271496
FIRE:  154 22:41:04 -2947571.250000        0.289428
FIRE:  155 22:41:04 -2947571.250000        0.303360
FIRE:  156 22:41:04 -2947571.500000        0.323371
FIRE:  157 22:41:04 -2947571.250000        0.288603
FIRE:  158 22:41:04 -2947571.250000        0.264370
FIRE:  159 22:41:04 -2947571.250000        0.221460
FIRE:  160 22:41:04 -2947571.500000        0.240647
FIRE:  161 22:41:04 -2947571.500000        0.287530
FIRE:  162 22:41:04 -2947571.750000        0.295262
FIRE:  163 22:41:04 -2947572.250000        0.255816
FIRE:  164 22:41:04 -2947574.000000        0.307743
FIRE:  165 22:41:04 -2947574.000000        0.338769
FIRE:  166 22:41:04 -2947572.250000        0.260293
FIRE:  167 22:41:05 -2947572.250000        0.211677
FIRE:  168 22:41:05 -2947572.250000        0.221464
FIRE:  169 22:41:05 -2947572.250000        0.240575
FIRE:  170 22:41:05 -2947571.500000        0.257071
FIRE:  171 22:41:05 -2947572.250000        0.179058
FIRE:  172 22:41:05 -2947571.500000        0.194013
FIRE:  173 22:41:05 -2947571.500000        0.196167
FIRE:  174 22:41:05 -2947571.750000        0.222688
FIRE:  175 22:41:05 -2947571.500000        2.022991
FIRE:  176 22:41:05 -2947571.500000        3.793171
FIRE:  177 22:41:05 -2947574.000000        0.775821
FIRE:  178 22:41:05 -2947572.000000        0.659237
FIRE:  179 22:41:05 -2947572.000000        0.499816
FIRE:  180 22:41:05 -2947572.000000        0.275381
FIRE:  181 22:41:05 -2947572.000000        0.422955
FIRE:  182 22:41:05 -2947574.000000        0.394231
FIRE:  183 22:41:05 -2947572.000000        0.360665
FIRE:  184 22:41:05 -2947571.750000        0.296298
FIRE:  185 22:41:05 -2947571.750000        0.227955
FIRE:  186 22:41:06 -2947573.500000        0.192865
FIRE:  187 22:41:06 -2947571.750000        0.151834
FIRE:  188 22:41:06 -2947571.750000        0.119519
FIRE:  189 22:41:06 -2947571.750000        0.198289
FIRE:  190 22:41:06 -2947571.750000        0.248686
FIRE:  191 22:41:06 -2947572.000000        0.256535
FIRE:  192 22:41:06 -2947571.750000        0.213806
FIRE:  193 22:41:06 -2947571.750000        0.124079
FIRE:  194 22:41:06 -2947573.500000        0.122079
FIRE:  195 22:41:06 -2947574.000000        0.144652
FIRE:  196 22:41:06 -2947572.000000        0.153070
FIRE:  197 22:41:06 -2947574.000000        0.088732
FIRE:  198 22:41:06 -2947572.500000        0.086757
FIRE:  199 22:41:06 -2947572.750000        0.164782
FIRE:  200 22:41:06 -2947573.500000        0.105911
FIRE:  201 22:41:06 -2947573.500000        0.109157
FIRE:  202 22:41:06 -2947572.000000        0.126993
FIRE:  203 22:41:07 -2947571.750000        0.150870
FIRE:  204 22:41:07 -2947572.000000        0.073222
FIRE:  205 22:41:07 -2947571.750000        0.162335
FIRE:  206 22:41:07 -2947571.750000        0.240211
FIRE:  207 22:41:07 -2947572.750000        0.303590
FIRE:  208 22:41:07 -2947572.750000        0.743998
FIRE:  209 22:41:07 -2947574.000000        2.109947
FIRE:  210 22:41:07 -2947574.250000        0.311370
FIRE:  211 22:41:07 -2947572.750000        0.231980
FIRE:  212 22:41:07 -2947574.500000        0.094166
FIRE:  213 22:41:07 -2947574.000000        0.072101
FIRE:  214 22:41:07 -2947572.750000        0.188349
FIRE:  215 22:41:07 -2947574.000000        0.228143
FIRE:  216 22:41:07 -2947572.750000        0.188527
FIRE:  217 22:41:07 -2947574.250000        0.102730
FIRE:  218 22:41:07 -2947572.750000        0.088949
FIRE:  219 22:41:07 -2947573.750000        0.155053
FIRE:  220 22:41:07 -2947572.750000        0.147128
FIRE:  221 22:41:08 -2947572.750000        0.092365
FIRE:  222 22:41:08 -2947572.750000        0.117032
FIRE:  223 22:41:08 -2947572.750000        0.136523
FIRE:  224 22:41:08 -2947574.250000        0.100618
FIRE:  225 22:41:08 -2947574.000000        0.125075
FIRE:  226 22:41:08 -2947574.000000        0.064997
FIRE:  227 22:41:08 -2947574.000000        0.201010
FIRE:  228 22:41:08 -2947574.250000        0.190573
FIRE:  229 22:41:08 -2947572.750000        0.265105
FIRE:  230 22:41:08 -2947574.000000        0.625117
FIRE:  231 22:41:08 -2947572.500000        1.669232
FIRE:  232 22:41:08 -2947574.000000        0.158920
FIRE:  233 22:41:08 -2947572.750000        0.125221
FIRE:  234 22:41:08 -2947572.750000        0.065968
FIRE:  235 22:41:08 -2947574.000000        0.040955
