      Step     Time          Energy          fmax
FIRE:    0 23:41:27  -516424.062500        5.453286
FIRE:    1 23:41:27  -516427.031250        3.951778
FIRE:    2 23:41:29  -516428.125000        4.577132
FIRE:    3 23:41:29  -516429.843750        4.639711
FIRE:    4 23:41:29  -516430.968750        3.214038
FIRE:    5 23:41:29  -516432.437500        2.343068
FIRE:    6 23:41:29  -516433.875000        1.956978
FIRE:    7 23:41:31  -516434.281250        2.389156
FIRE:    8 23:41:31  -516434.781250        3.297489
FIRE:    9 23:41:31  -516435.812500        3.642297
FIRE:   10 23:41:32  -516436.562500        3.818292
FIRE:   11 23:41:32  -516437.625000        4.541458
FIRE:   12 23:41:32  -516438.625000        3.340101
FIRE:   13 23:41:32  -516439.375000        2.901872
FIRE:   14 23:41:32  -516440.187500        3.126585
FIRE:   15 23:41:32  -516440.875000        3.314923
FIRE:   16 23:41:32  -516441.875000        3.197365
FIRE:   17 23:41:32  -516442.687500        2.823859
FIRE:   18 23:41:32  -516443.156250        2.445298
FIRE:   19 23:41:32  -516443.062500        5.908919
FIRE:   20 23:41:33  -516443.750000        2.358806
FIRE:   21 23:41:33  -516443.906250        1.670252
FIRE:   22 23:41:33  -516443.937500        2.016351
FIRE:   23 23:41:33  -516443.968750        1.564410
FIRE:   24 23:41:33  -516444.031250        1.546801
FIRE:   25 23:41:33  -516444.062500        1.519298
FIRE:   26 23:41:33  -516444.125000        1.482522
FIRE:   27 23:41:33  -516444.125000        1.660173
FIRE:   28 23:41:33  -516444.343750        1.390355
FIRE:   29 23:41:33  -516444.312500        1.336894
FIRE:   30 23:41:33  -516444.500000        1.265614
FIRE:   31 23:41:33  -516444.468750        1.208543
FIRE:   32 23:41:33  -516444.593750        1.183654
FIRE:   33 23:41:33  -516444.875000        1.148010
FIRE:   34 23:41:33  -516444.906250        1.131392
FIRE:   35 23:41:33  -516445.156250        1.049598
FIRE:   36 23:41:33  -516445.343750        1.025340
FIRE:   37 23:41:33  -516445.625000        1.033212
FIRE:   38 23:41:33  -516446.031250        1.256294
FIRE:   39 23:41:34  -516446.437500        1.009383
FIRE:   40 23:41:34  -516446.593750        0.919672
FIRE:   41 23:41:34  -516446.875000        0.934371
FIRE:   42 23:41:34  -516447.125000        0.909662
FIRE:   43 23:41:34  -516447.343750        0.992019
FIRE:   44 23:41:34  -516447.781250        0.959649
FIRE:   45 23:41:34  -516447.937500        1.246380
FIRE:   46 23:41:34  -516448.125000        1.312145
FIRE:   47 23:41:34  -516448.312500        1.840027
FIRE:   48 23:41:34  -516448.500000        2.518656
FIRE:   49 23:41:34  -516448.437500        4.300294
FIRE:   50 23:41:34  -516448.562500        1.087741
FIRE:   51 23:41:34  -516448.562500        2.103301
FIRE:   52 23:41:34  -516448.593750        1.802106
FIRE:   53 23:41:34  -516448.593750        1.224946
FIRE:   54 23:41:35  -516448.625000        0.630037
FIRE:   55 23:41:35  -516448.625000        0.614194
FIRE:   56 23:41:35  -516448.625000        1.175431
FIRE:   57 23:41:35  -516448.625000        1.126971
FIRE:   58 23:41:35  -516448.625000        1.032771
FIRE:   59 23:41:35  -516448.625000        0.897984
FIRE:   60 23:41:35  -516448.625000        0.730095
FIRE:   61 23:41:35  -516448.625000        0.582024
FIRE:   62 23:41:35  -516448.625000        0.577058
FIRE:   63 23:41:35  -516448.625000        0.571207
FIRE:   64 23:41:35  -516448.687500        0.563700
FIRE:   65 23:41:35  -516448.656250        0.554280
FIRE:   66 23:41:35  -516448.656250        0.542723
FIRE:   67 23:41:35  -516448.656250        0.528815
FIRE:   68 23:41:36  -516448.656250        0.512299
FIRE:   69 23:41:36  -516448.687500        0.492826
FIRE:   70 23:41:36  -516448.656250        0.469870
FIRE:   71 23:41:36  -516448.687500        0.442856
FIRE:   72 23:41:36  -516448.718750        0.411310
FIRE:   73 23:41:36  -516448.718750        0.469350
FIRE:   74 23:41:36  -516448.750000        0.335354
FIRE:   75 23:41:36  -516448.781250        0.291483
FIRE:   76 23:41:36  -516448.812500        0.364321
FIRE:   77 23:41:36  -516448.843750        0.287543
FIRE:   78 23:41:36  -516448.875000        0.268045
FIRE:   79 23:41:36  -516448.906250        0.381290
FIRE:   80 23:41:36  -516448.968750        0.303116
FIRE:   81 23:41:36  -516449.031250        0.324926
FIRE:   82 23:41:36  -516449.093750        0.316845
FIRE:   83 23:41:36  -516449.187500        0.496732
FIRE:   84 23:41:36  -516449.281250        0.550281
FIRE:   85 23:41:36  -516449.406250        0.726548
FIRE:   86 23:41:37  -516449.531250        1.055366
FIRE:   87 23:41:37  -516449.625000        2.926580
FIRE:   88 23:41:37  -516449.718750        0.253434
FIRE:   89 23:41:37  -516449.531250        2.225965
FIRE:   90 23:41:37  -516449.625000        1.750260
FIRE:   91 23:41:37  -516449.687500        0.856665
FIRE:   92 23:41:37  -516449.687500        0.583412
FIRE:   93 23:41:37  -516449.718750        0.562121
FIRE:   94 23:41:37  -516449.750000        0.509905
FIRE:   95 23:41:37  -516449.718750        0.338624
FIRE:   96 23:41:37  -516449.718750        0.273785
FIRE:   97 23:41:37  -516449.718750        0.274942
FIRE:   98 23:41:37  -516449.750000        0.276395
FIRE:   99 23:41:37  -516449.750000        0.278092
FIRE:  100 23:41:37  -516449.750000        0.280246
FIRE:  101 23:41:37  -516449.625000        0.282879
FIRE:  102 23:41:38  -516449.750000        0.288581
FIRE:  103 23:41:38  -516449.687500        0.289698
FIRE:  104 23:41:38  -516449.718750        0.377972
FIRE:  105 23:41:38  -516449.718750        0.358859
FIRE:  106 23:41:38  -516449.562500        0.300340
FIRE:  107 23:41:38  -516449.750000        0.304751
FIRE:  108 23:41:38  -516449.812500        0.302733
FIRE:  109 23:41:38  -516449.750000        0.326606
FIRE:  110 23:41:38  -516449.687500        0.315769
FIRE:  111 23:41:38  -516449.718750        0.285703
FIRE:  112 23:41:38  -516449.875000        0.298644
FIRE:  113 23:41:38  -516449.906250        0.445590
FIRE:  114 23:41:38  -516449.812500        0.251262
FIRE:  115 23:41:38  -516449.937500        0.337800
FIRE:  116 23:41:39  -516450.000000        0.645451
FIRE:  117 23:41:39  -516450.000000        0.637922
FIRE:  118 23:41:39  -516450.031250        0.313103
FIRE:  119 23:41:39  -516450.250000        0.338604
FIRE:  120 23:41:39  -516450.312500        0.837630
FIRE:  121 23:41:39  -516450.343750        2.441910
FIRE:  122 23:41:39  -516450.468750        0.614177
FIRE:  123 23:41:39  -516450.343750        2.383073
FIRE:  124 23:41:39  -516450.437500        1.721386
FIRE:  125 23:41:39  -516450.468750        0.681705
FIRE:  126 23:41:39  -516450.468750        0.767843
FIRE:  127 23:41:39  -516450.468750        0.735992
FIRE:  128 23:41:39  -516450.468750        0.675356
FIRE:  129 23:41:39  -516450.468750        0.594968
FIRE:  130 23:41:40  -516450.468750        0.508505
FIRE:  131 23:41:40  -516450.468750        0.405580
FIRE:  132 23:41:40  -516450.468750        0.248362
FIRE:  133 23:41:40  -516450.468750        0.365281
FIRE:  134 23:41:40  -516450.500000        0.371995
FIRE:  135 23:41:40  -516450.437500        0.398775
FIRE:  136 23:41:40  -516450.468750        0.370823
FIRE:  137 23:41:40  -516450.500000        0.306967
FIRE:  138 23:41:40  -516450.468750        0.394869
FIRE:  139 23:41:40  -516450.468750        0.447917
FIRE:  140 23:41:40  -516450.500000        0.545284
FIRE:  141 23:41:40  -516450.437500        0.480033
FIRE:  142 23:41:40  -516450.500000        0.418349
FIRE:  143 23:41:40  -516450.531250        0.404000
FIRE:  144 23:41:40  -516450.531250        0.308433
FIRE:  145 23:41:41  -516450.531250        0.337475
FIRE:  146 23:41:41  -516450.562500        0.407057
FIRE:  147 23:41:41  -516450.593750        0.284650
FIRE:  148 23:41:41  -516450.593750        0.429429
FIRE:  149 23:41:41  -516450.656250        0.404413
FIRE:  150 23:41:41  -516450.687500        0.306626
FIRE:  151 23:41:41  -516450.750000        0.361118
FIRE:  152 23:41:41  -516450.812500        0.576999
FIRE:  153 23:41:41  -516450.875000        0.879312
FIRE:  154 23:41:41  -516450.937500        1.207970
FIRE:  155 23:41:41  -516450.968750        3.130911
FIRE:  156 23:41:41  -516451.031250        0.457398
FIRE:  157 23:41:41  -516451.031250        0.412880
FIRE:  158 23:41:41  -516451.031250        0.408962
FIRE:  159 23:41:42  -516451.031250        0.403358
FIRE:  160 23:41:42  -516451.062500        0.292614
FIRE:  161 23:41:42  -516451.062500        0.284876
FIRE:  162 23:41:42  -516451.062500        0.279200
FIRE:  163 23:41:42  -516451.062500        0.272515
FIRE:  164 23:41:42  -516451.062500        0.292146
FIRE:  165 23:41:42  -516451.062500        0.341165
FIRE:  166 23:41:42  -516451.093750        0.524786
FIRE:  167 23:41:42  -516451.093750        0.497751
FIRE:  168 23:41:42  -516451.093750        0.518435
FIRE:  169 23:41:42  -516451.125000        0.425388
FIRE:  170 23:41:42  -516451.125000        0.567553
FIRE:  171 23:41:42  -516451.156250        0.417238
FIRE:  172 23:41:42  -516451.156250        0.427236
FIRE:  173 23:41:43  -516451.187500        0.531497
FIRE:  174 23:41:43  -516451.218750        0.615657
FIRE:  175 23:41:43  -516451.281250        0.519673
FIRE:  176 23:41:43  -516451.312500        0.989679
FIRE:  177 23:41:43  -516451.375000        1.998158
FIRE:  178 23:41:43  -516451.312500        5.050913
FIRE:  179 23:41:43  -516451.437500        1.270648
FIRE:  180 23:41:43  -516451.437500        0.987882
FIRE:  181 23:41:43  -516451.437500        0.752891
FIRE:  182 23:41:43  -516451.468750        1.127779
FIRE:  183 23:41:43  -516451.468750        1.681740
FIRE:  184 23:41:43  -516451.468750        0.908587
FIRE:  185 23:41:43  -516451.468750        0.848779
FIRE:  186 23:41:43  -516451.468750        0.734098
FIRE:  187 23:41:44  -516451.468750        0.574920
FIRE:  188 23:41:44  -516451.468750        0.527907
FIRE:  189 23:41:44  -516451.468750        0.522012
FIRE:  190 23:41:44  -516451.468750        0.514951
FIRE:  191 23:41:44  -516451.500000        0.417718
FIRE:  192 23:41:44  -516451.500000        0.998052
FIRE:  193 23:41:44  -516451.500000        0.940585
FIRE:  194 23:41:44  -516451.500000        0.823511
FIRE:  195 23:41:44  -516451.500000        0.650628
FIRE:  196 23:41:44  -516451.500000        0.444322
FIRE:  197 23:41:44  -516451.500000        0.294783
FIRE:  198 23:41:44  -516451.500000        0.510794
FIRE:  199 23:41:44  -516451.500000        0.512117
FIRE:  200 23:41:44  -516451.500000        0.512896
FIRE:  201 23:41:45  -516451.500000        0.512994
FIRE:  202 23:41:45  -516451.500000        0.512306
FIRE:  203 23:41:45  -516451.500000        0.366245
FIRE:  204 23:41:45  -516451.500000        0.439722
FIRE:  205 23:41:45  -516451.500000        0.627331
FIRE:  206 23:41:45  -516451.500000        0.614635
FIRE:  207 23:41:45  -516451.500000        0.371694
FIRE:  208 23:41:45  -516451.500000        0.514415
FIRE:  209 23:41:45  -516451.500000        0.514848
FIRE:  210 23:41:45  -516451.500000        0.477324
FIRE:  211 23:41:45  -516451.500000        0.584612
FIRE:  212 23:41:45  -516451.531250        0.515229
FIRE:  213 23:41:45  -516451.531250        0.313478
FIRE:  214 23:41:45  -516451.531250        0.656877
FIRE:  215 23:41:46  -516451.531250        0.517623
FIRE:  216 23:41:46  -516451.562500        0.512067
FIRE:  217 23:41:46  -516451.562500        2.060194
FIRE:  218 23:41:46  -516451.593750        0.534282
FIRE:  219 23:41:46  -516451.593750        0.675995
FIRE:  220 23:41:46  -516451.625000        0.544121
FIRE:  221 23:41:46  -516451.656250        0.481330
FIRE:  222 23:41:46  -516451.656250        0.362387
FIRE:  223 23:41:46  -516451.625000        1.069115
FIRE:  224 23:41:46  -516451.718750        2.235935
FIRE:  225 23:41:46  -516451.781250        0.587220
FIRE:  226 23:41:46  -516451.781250        0.555615
FIRE:  227 23:41:46  -516451.781250        0.501917
FIRE:  228 23:41:46  -516451.781250        0.435320
FIRE:  229 23:41:46  -516451.812500        0.367268
FIRE:  230 23:41:47  -516451.812500        0.582441
FIRE:  231 23:41:47  -516451.812500        0.327603
FIRE:  232 23:41:47  -516451.750000        2.007502
FIRE:  233 23:41:47  -516451.781250        2.929505
FIRE:  234 23:41:47  -516451.843750        1.677810
FIRE:  235 23:41:47  -516451.812500        0.333945
FIRE:  236 23:41:47  -516451.812500        0.333942
FIRE:  237 23:41:47  -516451.812500        0.333940
FIRE:  238 23:41:47  -516451.843750        0.333936
FIRE:  239 23:41:47  -516451.812500        0.333933
FIRE:  240 23:41:47  -516451.843750        0.333931
FIRE:  241 23:41:47  -516451.843750        0.333933
FIRE:  242 23:41:47  -516451.812500        0.333938
FIRE:  243 23:41:47  -516451.843750        0.333953
FIRE:  244 23:41:47  -516451.843750        0.333984
FIRE:  245 23:41:47  -516451.812500        0.334041
FIRE:  246 23:41:47  -516451.843750        1.403655
FIRE:  247 23:41:48  -516451.843750        1.038118
FIRE:  248 23:41:48  -516451.812500        0.365002
FIRE:  249 23:41:48  -516451.812500        0.334205
FIRE:  250 23:41:48  -516451.812500        0.334207
FIRE:  251 23:41:48  -516451.843750        0.334210
FIRE:  252 23:41:48  -516451.843750        0.336937
FIRE:  253 23:41:48  -516451.843750        0.230375
FIRE:  254 23:41:48  -516451.843750        0.201373
FIRE:  255 23:41:48  -516451.843750        0.201345
FIRE:  256 23:41:48  -516451.812500        0.201270
FIRE:  257 23:41:48  -516451.843750        0.201120
FIRE:  258 23:41:48  -516451.843750        0.236471
FIRE:  259 23:41:48  -516451.812500        0.235311
FIRE:  260 23:41:48  -516451.843750        0.202859
FIRE:  261 23:41:48  -516451.843750        0.208084
FIRE:  262 23:41:48  -516451.843750        0.214656
FIRE:  263 23:41:48  -516451.843750        0.222637
FIRE:  264 23:41:49  -516451.843750        0.230954
FIRE:  265 23:41:49  -516451.843750        0.235643
FIRE:  266 23:41:49  -516451.843750        0.218041
FIRE:  267 23:41:49  -516451.812500        0.191383
FIRE:  268 23:41:49  -516451.843750        0.461624
FIRE:  269 23:41:49  -516451.812500        0.598144
FIRE:  270 23:41:49  -516451.843750        0.265100
FIRE:  271 23:41:49  -516451.812500        0.226855
FIRE:  272 23:41:49  -516451.812500        0.275348
FIRE:  273 23:41:49  -516451.812500        0.273640
FIRE:  274 23:41:49  -516451.843750        0.295602
FIRE:  275 23:41:49  -516451.875000        0.501752
FIRE:  276 23:41:49  -516451.875000        0.493187
FIRE:  277 23:41:49  -516451.843750        0.421105
FIRE:  278 23:41:49  -516451.843750        0.433255
FIRE:  279 23:41:49  -516451.843750        2.969781
FIRE:  280 23:41:49  -516451.843750        0.444049
FIRE:  281 23:41:50  -516451.843750        0.443496
FIRE:  282 23:41:50  -516451.843750        0.250912
FIRE:  283 23:41:50  -516451.875000        0.232864
FIRE:  284 23:41:50  -516451.875000        0.433010
FIRE:  285 23:41:50  -516451.875000        0.453123
FIRE:  286 23:41:50  -516451.875000        0.281716
FIRE:  287 23:41:50  -516451.875000        0.232061
FIRE:  288 23:41:50  -516451.875000        0.361696
FIRE:  289 23:41:50  -516451.843750        0.351651
FIRE:  290 23:41:50  -516451.843750        0.230414
FIRE:  291 23:41:50  -516451.843750        0.345735
FIRE:  292 23:41:50  -516451.875000        0.228354
FIRE:  293 23:41:50  -516451.843750        0.336795
FIRE:  294 23:41:50  -516451.875000        0.225632
FIRE:  295 23:41:50  -516451.906250        0.403341
FIRE:  296 23:41:50  -516451.875000        0.358176
FIRE:  297 23:41:51  -516451.906250        0.269260
FIRE:  298 23:41:51  -516451.906250        0.361640
FIRE:  299 23:41:51  -516451.875000        0.935466
FIRE:  300 23:41:51  -516451.906250        0.432729
FIRE:  301 23:41:51  -516451.906250        0.434607
FIRE:  302 23:41:51  -516451.937500        0.424789
FIRE:  303 23:41:51  -516451.906250        3.707976
FIRE:  304 23:41:51  -516451.906250        0.426260
FIRE:  305 23:41:51  -516451.906250        0.351498
FIRE:  306 23:41:51  -516451.937500        0.204862
FIRE:  307 23:41:51  -516451.937500        0.357068
FIRE:  308 23:41:51  -516451.937500        0.417648
FIRE:  309 23:41:51  -516451.937500        0.249265
FIRE:  310 23:41:51  -516451.937500        0.203177
FIRE:  311 23:41:51  -516451.906250        0.336746
FIRE:  312 23:41:51  -516451.937500        0.270500
FIRE:  313 23:41:51  -516451.937500        0.200921
FIRE:  314 23:41:52  -516451.906250        0.320496
FIRE:  315 23:41:52  -516451.937500        0.198155
FIRE:  316 23:41:52  -516451.906250        0.323216
FIRE:  317 23:41:52  -516451.906250        0.194046
FIRE:  318 23:41:52  -516451.906250        0.219002
FIRE:  319 23:41:52  -516451.906250        0.439798
FIRE:  320 23:41:52  -516451.937500        0.693282
FIRE:  321 23:41:52  -516451.937500        0.446749
FIRE:  322 23:41:52  -516451.906250        0.447755
FIRE:  323 23:41:52  -516451.937500        2.355997
FIRE:  324 23:41:52  -516451.968750        0.238248
FIRE:  325 23:41:52  -516451.968750        0.181810
FIRE:  326 23:41:52  -516451.968750        0.167340
FIRE:  327 23:41:52  -516451.937500        0.167290
FIRE:  328 23:41:52  -516451.968750        0.183509
FIRE:  329 23:41:52  -516451.968750        0.186731
FIRE:  330 23:41:52  -516451.968750        0.166798
FIRE:  331 23:41:52  -516451.968750        0.166523
FIRE:  332 23:41:53  -516451.937500        0.166186
FIRE:  333 23:41:53  -516451.937500        0.165813
FIRE:  334 23:41:53  -516451.937500        0.165396
FIRE:  335 23:41:53  -516451.968750        0.164879
FIRE:  336 23:41:53  -516451.968750        0.164170
FIRE:  337 23:41:53  -516451.968750        0.163232
FIRE:  338 23:41:53  -516451.937500        0.162159
FIRE:  339 23:41:53  -516451.937500        0.160966
FIRE:  340 23:41:53  -516451.968750        0.159363
FIRE:  341 23:41:53  -516451.937500        0.157458
FIRE:  342 23:41:53  -516451.968750        0.230434
FIRE:  343 23:41:53  -516451.937500        0.450599
FIRE:  344 23:41:53  -516451.968750        1.074952
FIRE:  345 23:41:53  -516451.968750        0.460159
FIRE:  346 23:41:53  -516452.000000        0.463495
FIRE:  347 23:41:53  -516451.968750        0.453702
FIRE:  348 23:41:54  -516451.968750        3.752773
FIRE:  349 23:41:54  -516451.968750        0.453566
FIRE:  350 23:41:54  -516451.968750        0.452950
FIRE:  351 23:41:54  -516452.000000        0.172762
FIRE:  352 23:41:54  -516451.968750        0.361572
FIRE:  353 23:41:54  -516451.968750        0.550610
FIRE:  354 23:41:54  -516452.000000        0.425447
FIRE:  355 23:41:54  -516452.000000        0.134055
FIRE:  356 23:41:54  -516452.000000        0.373375
FIRE:  357 23:41:54  -516452.000000        0.429645
FIRE:  358 23:41:54  -516451.968750        0.133199
FIRE:  359 23:41:54  -516452.000000        0.395520
FIRE:  360 23:41:54  -516452.000000        0.260043
FIRE:  361 23:41:54  -516452.000000        0.399034
FIRE:  362 23:41:54  -516451.968750        0.157807
FIRE:  363 23:41:55  -516451.968750        0.508788
FIRE:  364 23:41:55  -516452.000000        0.457300
FIRE:  365 23:41:55  -516452.000000        0.334199
FIRE:  366 23:41:55  -516451.968750        0.459054
FIRE:  367 23:41:55  -516452.000000        1.195502
FIRE:  368 23:41:55  -516452.000000        0.472216
FIRE:  369 23:41:55  -516452.000000        0.477647
FIRE:  370 23:41:55  -516452.031250        0.468397
FIRE:  371 23:41:55  -516452.031250        3.557708
FIRE:  372 23:41:55  -516452.031250        0.467523
FIRE:  373 23:41:55  -516452.031250        0.466783
FIRE:  374 23:41:55  -516452.031250        0.465323
FIRE:  375 23:41:55  -516452.031250        0.463131
FIRE:  376 23:41:56  -516452.031250        0.418245
FIRE:  377 23:41:56  -516452.031250        0.773470
FIRE:  378 23:41:56  -516452.031250        0.677433
FIRE:  379 23:41:56  -516452.031250        0.498631
FIRE:  380 23:41:56  -516452.031250        0.258960
FIRE:  381 23:41:56  -516452.031250        0.118256
FIRE:  382 23:41:56  -516452.031250        0.330193
FIRE:  383 23:41:56  -516452.031250        0.460589
FIRE:  384 23:41:56  -516452.031250        0.460778
FIRE:  385 23:41:56  -516452.031250        0.460648
FIRE:  386 23:41:56  -516452.031250        0.301867
FIRE:  387 23:41:56  -516452.031250        0.118089
FIRE:  388 23:41:56  -516452.031250        0.310702
FIRE:  389 23:41:56  -516452.031250        0.415345
FIRE:  390 23:41:57  -516452.031250        0.293783
FIRE:  391 23:41:57  -516452.031250        0.125799
FIRE:  392 23:41:57  -516452.031250        0.365716
FIRE:  393 23:41:57  -516452.031250        0.238054
FIRE:  394 23:41:57  -516452.031250        0.268897
FIRE:  395 23:41:57  -516452.031250        0.286856
FIRE:  396 23:41:57  -516452.031250        0.295469
FIRE:  397 23:41:57  -516452.031250        0.148921
FIRE:  398 23:41:57  -516452.031250        0.425476
FIRE:  399 23:41:57  -516452.031250        0.463986
FIRE:  400 23:41:57  -516452.062500        0.466862
FIRE:  401 23:41:57  -516452.062500        0.466150
FIRE:  402 23:41:57  -516452.062500        0.556563
FIRE:  403 23:41:58  -516451.906250        0.470583
FIRE:  404 23:41:58  -516451.906250        0.383573
FIRE:  405 23:41:58  -516451.875000        3.504629
FIRE:  406 23:41:58  -516451.906250        0.472393
FIRE:  407 23:41:58  -516451.875000        0.471738
FIRE:  408 23:41:58  -516451.875000        0.470464
FIRE:  409 23:41:58  -516451.906250        0.468542
FIRE:  410 23:41:58  -516451.906250        0.233033
FIRE:  411 23:41:58  -516451.875000        0.802252
FIRE:  412 23:41:58  -516451.906250        0.716455
FIRE:  413 23:41:58  -516451.906250        0.551088
FIRE:  414 23:41:58  -516451.906250        0.327029
FIRE:  415 23:41:58  -516451.906250        0.111550
FIRE:  416 23:41:58  -516451.875000        0.259113
FIRE:  417 23:41:59  -516451.906250        0.432445
FIRE:  418 23:41:59  -516451.906250        0.468167
FIRE:  419 23:41:59  -516451.906250        0.468183
FIRE:  420 23:41:59  -516451.937500        0.403882
FIRE:  421 23:41:59  -516451.906250        0.182654
FIRE:  422 23:41:59  -516451.937500        0.186018
FIRE:  423 23:41:59  -516451.906250        0.381478
FIRE:  424 23:41:59  -516451.875000        0.392681
FIRE:  425 23:41:59  -516451.906250        0.176907
FIRE:  426 23:41:59  -516452.062500        0.255665
FIRE:  427 23:41:59  -516452.062500        0.370366
FIRE:  428 23:41:59  -516452.062500        0.111169
FIRE:  429 23:41:59  -516452.062500        0.351021
FIRE:  430 23:41:59  -516452.062500        0.164099
FIRE:  431 23:42:00  -516452.062500        0.401734
FIRE:  432 23:42:00  -516451.875000        0.129177
FIRE:  433 23:42:00  -516451.937500        0.276919
FIRE:  434 23:42:00  -516451.937500        0.470731
FIRE:  435 23:42:00  -516451.968750        0.574248
FIRE:  436 23:42:00  -516451.937500        0.473290
FIRE:  437 23:42:00  -516451.906250        0.110391
FIRE:  438 23:42:00  -516451.937500        0.659742
FIRE:  439 23:42:00  -516451.906250        0.484991
FIRE:  440 23:42:00  -516451.937500        0.485148
FIRE:  441 23:42:00  -516451.937500        1.768626
FIRE:  442 23:42:00  -516451.937500        0.479953
FIRE:  443 23:42:00  -516451.937500        0.479138
FIRE:  444 23:42:01  -516451.968750        0.477513
FIRE:  445 23:42:01  -516451.968750        0.475096
FIRE:  446 23:42:01  -516451.968750        0.329708
FIRE:  447 23:42:01  -516452.000000        0.285775
FIRE:  448 23:42:01  -516451.968750        0.204923
FIRE:  449 23:42:01  -516452.000000        0.112915
FIRE:  450 23:42:01  -516451.968750        0.112833
FIRE:  451 23:42:01  -516451.968750        0.172717
FIRE:  452 23:42:01  -516451.968750        0.220073
FIRE:  453 23:42:01  -516452.000000        0.219049
FIRE:  454 23:42:01  -516451.937500        0.164788
FIRE:  455 23:42:01  -516452.000000        0.112880
FIRE:  456 23:42:01  -516451.968750        0.124375
FIRE:  457 23:42:01  -516452.000000        0.187730
FIRE:  458 23:42:02  -516451.968750        0.155238
FIRE:  459 23:42:02  -516451.937500        0.112967
FIRE:  460 23:42:02  -516451.937500        0.162647
FIRE:  461 23:42:02  -516451.968750        0.128646
FIRE:  462 23:42:02  -516451.968750        0.121575
FIRE:  463 23:42:02  -516451.968750        0.146273
FIRE:  464 23:42:02  -516451.968750        0.133521
FIRE:  465 23:42:02  -516451.937500        0.113359
FIRE:  466 23:42:02  -516451.968750        0.189761
FIRE:  467 23:42:02  -516451.968750        0.256893
FIRE:  468 23:42:02  -516451.968750        0.402349
FIRE:  469 23:42:02  -516451.968750        0.480862
FIRE:  470 23:42:02  -516451.937500        0.537944
FIRE:  471 23:42:02  -516451.968750        0.485678
FIRE:  472 23:42:03  -516451.937500        0.256556
FIRE:  473 23:42:03  -516451.968750        0.489190
FIRE:  474 23:42:03  -516452.000000        3.239408
FIRE:  475 23:42:03  -516451.968750        0.500382
FIRE:  476 23:42:03  -516452.000000        0.499625
FIRE:  477 23:42:03  -516452.000000        0.498121
FIRE:  478 23:42:03  -516452.000000        0.495881
FIRE:  479 23:42:03  -516452.000000        0.297444
FIRE:  480 23:42:03  -516452.000000        0.887151
FIRE:  481 23:42:03  -516452.000000        0.777125
FIRE:  482 23:42:03  -516452.000000        0.569265
FIRE:  483 23:42:03  -516452.000000        0.286758
FIRE:  484 23:42:03  -516452.000000        0.117514
FIRE:  485 23:42:04  -516452.000000        0.351642
FIRE:  486 23:42:04  -516452.000000        0.340572
FIRE:  487 23:42:04  -516451.968750        0.319589
FIRE:  488 23:42:04  -516452.000000        0.287063
FIRE:  489 23:42:04  -516452.000000        0.247468
FIRE:  490 23:42:04  -516452.031250        0.200351
FIRE:  491 23:42:04  -516452.000000        0.149761
FIRE:  492 23:42:04  -516452.000000        0.117535
FIRE:  493 23:42:04  -516451.968750        0.117573
FIRE:  494 23:42:04  -516452.000000        0.117612
FIRE:  495 23:42:04  -516452.000000        0.126382
FIRE:  496 23:42:04  -516452.000000        0.165091
FIRE:  497 23:42:04  -516452.000000        0.183360
FIRE:  498 23:42:04  -516452.000000        0.173934
FIRE:  499 23:42:05  -516452.000000        0.132117
FIRE:  500 23:42:05  -516452.000000        0.117695
FIRE:  501 23:42:05  -516452.000000        0.117679
FIRE:  502 23:42:05  -516452.000000        0.136423
FIRE:  503 23:42:05  -516452.031250        0.147806
FIRE:  504 23:42:05  -516451.968750        0.117742
FIRE:  505 23:42:05  -516451.968750        0.117787
FIRE:  506 23:42:05  -516452.000000        0.132539
FIRE:  507 23:42:05  -516451.968750        0.117766
FIRE:  508 23:42:05  -516451.968750        0.117666
FIRE:  509 23:42:05  -516452.000000        0.121967
FIRE:  510 23:42:05  -516452.000000        0.117605
FIRE:  511 23:42:05  -516452.000000        0.117546
FIRE:  512 23:42:05  -516452.000000        0.122164
FIRE:  513 23:42:06  -516452.031250        0.117277
FIRE:  514 23:42:06  -516451.968750        0.117141
FIRE:  515 23:42:06  -516452.000000        0.190999
FIRE:  516 23:42:06  -516452.000000        0.530796
FIRE:  517 23:42:06  -516452.031250        0.503514
FIRE:  518 23:42:06  -516451.968750        0.501483
FIRE:  519 23:42:06  -516452.000000        3.371450
FIRE:  520 23:42:06  -516451.968750        0.502766
FIRE:  521 23:42:06  -516452.000000        0.362520
FIRE:  522 23:42:06  -516452.000000        0.115256
FIRE:  523 23:42:06  -516452.031250        0.270583
FIRE:  524 23:42:06  -516452.031250        0.406799
FIRE:  525 23:42:06  -516452.000000        0.356840
FIRE:  526 23:42:06  -516452.031250        0.153676
FIRE:  527 23:42:07  -516451.968750        0.160173
FIRE:  528 23:42:07  -516452.000000        0.321241
FIRE:  529 23:42:07  -516452.000000        0.250465
FIRE:  530 23:42:07  -516452.000000        0.115062
FIRE:  531 23:42:07  -516452.000000        0.292042
FIRE:  532 23:42:07  -516452.000000        0.114899
FIRE:  533 23:42:07  -516452.031250        0.284640
FIRE:  534 23:42:07  -516452.000000        0.114564
FIRE:  535 23:42:07  -516452.000000        0.325953
FIRE:  536 23:42:07  -516452.031250        0.283478
FIRE:  537 23:42:07  -516452.031250        0.179782
FIRE:  538 23:42:07  -516452.062500        0.207600
FIRE:  539 23:42:07  -516452.031250        0.554818
FIRE:  540 23:42:07  -516452.000000        0.510672
FIRE:  541 23:42:08  -516452.031250        0.508347
FIRE:  542 23:42:08  -516452.062500        3.458459
FIRE:  543 23:42:08  -516452.031250        0.509913
FIRE:  544 23:42:08  -516452.031250        0.509365
FIRE:  545 23:42:08  -516452.031250        0.363004
FIRE:  546 23:42:08  -516452.031250        0.211954
FIRE:  547 23:42:08  -516452.031250        0.565054
FIRE:  548 23:42:08  -516452.031250        0.511831
FIRE:  549 23:42:08  -516452.031250        0.411910
FIRE:  550 23:42:08  -516452.000000        0.273225
FIRE:  551 23:42:08  -516452.031250        0.111814
FIRE:  552 23:42:08  -516452.031250        0.111021
FIRE:  553 23:42:08  -516452.031250        0.233393
FIRE:  554 23:42:09  -516452.000000        0.317857
FIRE:  555 23:42:09  -516452.062500        0.347213
FIRE:  556 23:42:09  -516452.031250        0.305456
FIRE:  557 23:42:09  -516452.031250        0.189128
FIRE:  558 23:42:09  -516452.000000        0.110970
FIRE:  559 23:42:09  -516452.031250        0.200834
FIRE:  560 23:42:09  -516452.031250        0.274947
FIRE:  561 23:42:09  -516452.031250        0.200316
FIRE:  562 23:42:09  -516452.031250        0.110784
FIRE:  563 23:42:09  -516452.031250        0.232900
FIRE:  564 23:42:09  -516452.031250        0.181323
FIRE:  565 23:42:09  -516452.031250        0.129964
FIRE:  566 23:42:09  -516452.031250        0.211230
FIRE:  567 23:42:09  -516452.031250        0.117939
FIRE:  568 23:42:10  -516452.031250        0.168130
FIRE:  569 23:42:10  -516452.031250        0.250205
FIRE:  570 23:42:10  -516452.031250        0.186901
FIRE:  571 23:42:10  -516452.062500        0.156748
FIRE:  572 23:42:10  -516452.031250        0.286746
FIRE:  573 23:42:10  -516452.062500        0.871991
FIRE:  574 23:42:10  -516452.062500        0.519441
FIRE:  575 23:42:10  -516452.062500        0.519960
FIRE:  576 23:42:10  -516452.031250        1.792258
FIRE:  577 23:42:10  -516452.093750        0.516203
FIRE:  578 23:42:10  -516452.062500        0.515622
FIRE:  579 23:42:10  -516452.031250        0.481816
FIRE:  580 23:42:10  -516452.062500        0.181548
FIRE:  581 23:42:10  -516452.062500        0.615637
FIRE:  582 23:42:11  -516452.062500        0.555445
FIRE:  583 23:42:11  -516452.062500        0.441390
FIRE:  584 23:42:11  -516452.062500        0.284020
FIRE:  585 23:42:11  -516452.062500        0.105882
FIRE:  586 23:42:11  -516452.062500        0.132370
FIRE:  587 23:42:11  -516452.062500        0.275192
FIRE:  588 23:42:11  -516452.062500        0.360259
FIRE:  589 23:42:11  -516452.062500        0.381455
FIRE:  590 23:42:11  -516452.062500        0.322540
FIRE:  591 23:42:11  -516452.062500        0.183100
FIRE:  592 23:42:11  -516452.062500        0.105759
FIRE:  593 23:42:11  -516452.062500        0.240164
FIRE:  594 23:42:11  -516452.062500        0.299957
FIRE:  595 23:42:11  -516452.031250        0.192431
FIRE:  596 23:42:12  -516452.062500        0.105527
FIRE:  597 23:42:12  -516452.062500        0.263133
FIRE:  598 23:42:12  -516452.031250        0.164829
FIRE:  599 23:42:12  -516452.031250        0.178776
FIRE:  600 23:42:12  -516452.093750        0.207134
FIRE:  601 23:42:12  -516452.062500        0.181316
FIRE:  602 23:42:12  -516452.062500        0.128785
FIRE:  603 23:42:12  -516452.062500        0.297689
FIRE:  604 23:42:12  -516452.031250        0.294120
FIRE:  605 23:42:12  -516452.062500        0.312366
FIRE:  606 23:42:12  -516452.062500        0.517374
FIRE:  607 23:42:12  -516452.062500        1.196249
FIRE:  608 23:42:12  -516452.093750        0.526975
FIRE:  609 23:42:12  -516452.062500        0.529965
FIRE:  610 23:42:13  -516452.062500        0.443952
FIRE:  611 23:42:13  -516452.093750        3.789496
FIRE:  612 23:42:13  -516452.093750        0.276386
FIRE:  613 23:42:13  -516452.093750        0.541709
FIRE:  614 23:42:13  -516452.125000        0.540907
FIRE:  615 23:42:13  -516452.093750        0.539320
FIRE:  616 23:42:13  -516452.093750        0.536928
FIRE:  617 23:42:13  -516452.062500        0.533764
FIRE:  618 23:42:13  -516452.093750        0.529828
FIRE:  619 23:42:13  -516452.125000        0.525127
FIRE:  620 23:42:13  -516452.093750        0.282491
FIRE:  621 23:42:13  -516452.062500        1.861086
FIRE:  622 23:42:13  -516452.093750        1.616935
FIRE:  623 23:42:13  -516452.093750        1.132274
FIRE:  624 23:42:14  -516452.093750        0.444642
FIRE:  625 23:42:14  -516452.093750        0.405680
FIRE:  626 23:42:14  -516452.093750        0.391176
FIRE:  627 23:42:14  -516452.093750        0.361014
FIRE:  628 23:42:14  -516452.062500        0.317580
FIRE:  629 23:42:14  -516452.093750        0.263241
FIRE:  630 23:42:14  -516452.093750        0.200396
FIRE:  631 23:42:14  -516452.125000        0.133290
FIRE:  632 23:42:14  -516452.093750        0.098800
FIRE:  633 23:42:14  -516452.093750        0.098827
FIRE:  634 23:42:14  -516452.093750        0.139316
FIRE:  635 23:42:14  -516452.062500        0.188413
FIRE:  636 23:42:14  -516452.062500        0.215418
FIRE:  637 23:42:15  -516452.062500        0.211926
FIRE:  638 23:42:15  -516452.093750        0.170658
FIRE:  639 23:42:15  -516452.093750        0.098766
FIRE:  640 23:42:15  -516452.093750        0.098699
FIRE:  641 23:42:15  -516452.093750        0.144989
FIRE:  642 23:42:15  -516452.062500        0.171895
FIRE:  643 23:42:15  -516452.093750        0.116841
FIRE:  644 23:42:15  -516452.062500        0.098564
FIRE:  645 23:42:15  -516452.062500        0.142446
FIRE:  646 23:42:15  -516452.093750        0.114522
FIRE:  647 23:42:15  -516452.062500        0.098264
FIRE:  648 23:42:15  -516452.125000        0.135969
FIRE:  649 23:42:15  -516452.062500        0.097988
FIRE:  650 23:42:15  -516452.093750        0.128811
FIRE:  651 23:42:16  -516452.062500        0.100770
FIRE:  652 23:42:16  -516452.093750        0.097154
FIRE:  653 23:42:16  -516452.093750        0.133039
FIRE:  654 23:42:16  -516452.093750        0.305742
FIRE:  655 23:42:16  -516452.062500        0.737779
FIRE:  656 23:42:16  -516452.250000        0.528305
FIRE:  657 23:42:16  -516452.093750        0.527345
FIRE:  658 23:42:16  -516452.093750        2.888758
FIRE:  659 23:42:16  -516452.062500        0.527024
FIRE:  660 23:42:16  -516452.093750        0.526528
FIRE:  661 23:42:16  -516452.125000        0.185933
FIRE:  662 23:42:16  -516452.125000        0.270205
FIRE:  663 23:42:16  -516452.156250        0.248439
FIRE:  664 23:42:16  -516452.093750        0.206044
FIRE:  665 23:42:17  -516452.093750        0.148114
FIRE:  666 23:42:17  -516452.156250        0.085838
FIRE:  667 23:42:17  -516452.093750        0.085780
FIRE:  668 23:42:17  -516452.093750        0.097652
FIRE:  669 23:42:17  -516452.093750        0.140102
FIRE:  670 23:42:17  -516452.093750        0.162031
FIRE:  671 23:42:17  -516452.156250        0.154467
FIRE:  672 23:42:17  -516452.125000        0.111804
FIRE:  673 23:42:17  -516452.125000        0.085288
FIRE:  674 23:42:17  -516452.125000        0.085148
FIRE:  675 23:42:17  -516452.156250        0.128219
FIRE:  676 23:42:17  -516452.156250        0.112123
FIRE:  677 23:42:17  -516452.156250        0.084385
FIRE:  678 23:42:17  -516452.125000        0.100308
FIRE:  679 23:42:18  -516452.125000        0.105293
FIRE:  680 23:42:18  -516452.125000        0.083012
FIRE:  681 23:42:18  -516452.125000        0.108796
FIRE:  682 23:42:18  -516452.125000        0.081546
FIRE:  683 23:42:18  -516452.125000        0.107224
FIRE:  684 23:42:18  -516452.093750        0.088822
FIRE:  685 23:42:18  -516452.125000        0.078152
FIRE:  686 23:42:18  -516452.125000        0.076612
FIRE:  687 23:42:18  -516452.125000        0.195016
FIRE:  688 23:42:18  -516452.281250        0.525927
FIRE:  689 23:42:18  -516452.125000        1.435502
FIRE:  690 23:42:18  -516452.093750        0.070890
FIRE:  691 23:42:18  -516452.281250        0.527929
FIRE:  692 23:42:18  -516452.281250        0.527561
FIRE:  693 23:42:18  -516452.281250        0.526851
FIRE:  694 23:42:18  -516452.250000        0.525781
FIRE:  695 23:42:18  -516452.093750        0.070671
FIRE:  696 23:42:18  -516452.125000        0.481032
FIRE:  697 23:42:19  -516452.125000        0.451970
FIRE:  698 23:42:19  -516452.093750        0.394397
FIRE:  699 23:42:19  -516452.125000        0.314120
FIRE:  700 23:42:19  -516452.125000        0.214967
FIRE:  701 23:42:19  -516452.125000        0.105059
FIRE:  702 23:42:19  -516452.125000        0.070556
FIRE:  703 23:42:19  -516452.125000        0.135406
FIRE:  704 23:42:19  -516452.125000        0.213783
FIRE:  705 23:42:19  -516452.125000        0.260791
FIRE:  706 23:42:19  -516452.093750        0.263723
FIRE:  707 23:42:19  -516452.125000        0.213734
FIRE:  708 23:42:19  -516452.125000        0.111456
FIRE:  709 23:42:19  -516452.281250        0.070269
FIRE:  710 23:42:19  -516452.281250        0.172799
FIRE:  711 23:42:19  -516452.281250        0.210759
FIRE:  712 23:42:19  -516452.281250        0.137478
FIRE:  713 23:42:19  -516452.250000        0.069778
FIRE:  714 23:42:20  -516452.281250        0.183533
FIRE:  715 23:42:20  -516452.281250        0.133134
FIRE:  716 23:42:20  -516452.281250        0.102475
FIRE:  717 23:42:20  -516452.250000        0.165938
FIRE:  718 23:42:20  -516452.281250        0.083352
FIRE:  719 23:42:20  -516452.250000        0.142518
FIRE:  720 23:42:20  -516452.250000        0.180655
FIRE:  721 23:42:20  -516452.281250        0.098924
FIRE:  722 23:42:20  -516452.250000        0.067439
FIRE:  723 23:42:20  -516452.250000        0.067306
FIRE:  724 23:42:20  -516452.281250        0.222482
FIRE:  725 23:42:20  -516452.281250        0.943748
FIRE:  726 23:42:20  -516452.281250        0.534416
FIRE:  727 23:42:20  -516452.281250        0.535254
FIRE:  728 23:42:20  -516452.281250        1.016823
FIRE:  729 23:42:20  -516452.281250        0.527149
FIRE:  730 23:42:20  -516452.312500        0.526510
FIRE:  731 23:42:21  -516452.312500        0.175066
FIRE:  732 23:42:21  -516452.312500        0.404513
FIRE:  733 23:42:21  -516452.312500        0.359821
FIRE:  734 23:42:21  -516452.312500        0.274255
FIRE:  735 23:42:21  -516452.312500        0.160554
FIRE:  736 23:42:21  -516452.281250        0.066142
FIRE:  737 23:42:21  -516452.312500        0.127606
FIRE:  738 23:42:21  -516452.312500        0.212391
FIRE:  739 23:42:21  -516452.281250        0.252280
FIRE:  740 23:42:21  -516452.312500        0.241525
FIRE:  741 23:42:21  -516452.312500        0.170150
FIRE:  742 23:42:21  -516452.312500        0.066128
FIRE:  743 23:42:21  -516452.312500        0.122548
FIRE:  744 23:42:21  -516452.281250        0.197872
FIRE:  745 23:42:21  -516452.281250        0.165511
FIRE:  746 23:42:21  -516452.312500        0.066095
FIRE:  747 23:42:21  -516452.281250        0.158001
FIRE:  748 23:42:22  -516452.312500        0.146661
FIRE:  749 23:42:22  -516452.281250        0.068211
FIRE:  750 23:42:22  -516452.312500        0.160094
FIRE:  751 23:42:22  -516452.281250        0.065925
FIRE:  752 23:42:22  -516452.281250        0.136540
FIRE:  753 23:42:22  -516452.281250        0.174449
FIRE:  754 23:42:22  -516452.281250        0.118412
FIRE:  755 23:42:22  -516452.281250        0.092534
FIRE:  756 23:42:22  -516452.312500        0.172516
FIRE:  757 23:42:22  -516452.312500        0.579598
FIRE:  758 23:42:22  -516452.281250        0.533795
FIRE:  759 23:42:22  -516452.312500        0.531576
FIRE:  760 23:42:22  -516452.312500        3.512716
FIRE:  761 23:42:22  -516452.312500        0.532850
FIRE:  762 23:42:22  -516452.312500        0.532283
FIRE:  763 23:42:22  -516452.312500        0.398200
FIRE:  764 23:42:22  -516452.312500        0.223002
FIRE:  765 23:42:23  -516452.281250        0.201723
FIRE:  766 23:42:23  -516452.312500        0.161563
FIRE:  767 23:42:23  -516452.281250        0.107238
FIRE:  768 23:42:23  -516452.281250        0.064899
FIRE:  769 23:42:23  -516452.312500        0.064891
FIRE:  770 23:42:23  -516452.312500        0.097739
FIRE:  771 23:42:23  -516452.312500        0.127491
FIRE:  772 23:42:23  -516452.312500        0.135846
FIRE:  773 23:42:23  -516452.281250        0.113152
FIRE:  774 23:42:23  -516452.312500        0.064882
FIRE:  775 23:42:23  -516452.312500        0.064874
FIRE:  776 23:42:23  -516452.312500        0.093101
FIRE:  777 23:42:23  -516452.312500        0.105048
FIRE:  778 23:42:23  -516452.281250        0.064861
FIRE:  779 23:42:23  -516452.312500        0.064858
FIRE:  780 23:42:23  -516452.312500        0.097558
FIRE:  781 23:42:24  -516452.281250        0.064829
FIRE:  782 23:42:24  -516452.281250        0.082137
FIRE:  783 23:42:24  -516452.281250        0.064804
FIRE:  784 23:42:24  -516452.281250        0.090446
FIRE:  785 23:42:24  -516452.281250        0.065039
FIRE:  786 23:42:24  -516452.312500        0.078949
FIRE:  787 23:42:24  -516452.343750        0.148256
FIRE:  788 23:42:24  -516452.312500        0.281414
FIRE:  789 23:42:24  -516452.312500        0.534747
FIRE:  790 23:42:24  -516452.343750        1.114008
FIRE:  791 23:42:24  -516452.312500        0.542744
FIRE:  792 23:42:24  -516452.312500        0.544387
FIRE:  793 23:42:24  -516452.312500        1.119599
FIRE:  794 23:42:24  -516452.343750        0.538676
FIRE:  795 23:42:24  -516452.343750        0.538094
FIRE:  796 23:42:24  -516452.312500        0.105911
FIRE:  797 23:42:24  -516452.343750        0.387950
FIRE:  798 23:42:25  -516452.312500        0.349032
FIRE:  799 23:42:25  -516452.343750        0.274320
FIRE:  800 23:42:25  -516452.343750        0.173435
FIRE:  801 23:42:25  -516452.312500        0.070544
FIRE:  802 23:42:25  -516452.312500        0.090868
FIRE:  803 23:42:25  -516452.312500        0.176998
FIRE:  804 23:42:25  -516452.343750        0.227844
FIRE:  805 23:42:25  -516452.343750        0.235112
FIRE:  806 23:42:25  -516452.343750        0.189680
FIRE:  807 23:42:25  -516452.343750        0.092004
FIRE:  808 23:42:25  -516452.312500        0.070724
FIRE:  809 23:42:25  -516452.343750        0.166506
FIRE:  810 23:42:25  -516452.343750        0.181561
FIRE:  811 23:42:25  -516452.312500        0.086300
FIRE:  812 23:42:25  -516452.343750        0.099118
FIRE:  813 23:42:26  -516452.343750        0.165435
FIRE:  814 23:42:26  -516452.343750        0.071242
FIRE:  815 23:42:26  -516452.312500        0.146604
FIRE:  816 23:42:26  -516452.312500        0.075362
FIRE:  817 23:42:26  -516452.312500        0.162152
FIRE:  818 23:42:26  -516452.343750        0.072212
FIRE:  819 23:42:26  -516452.312500        0.130175
FIRE:  820 23:42:26  -516452.312500        0.261549
FIRE:  821 23:42:26  -516452.312500        0.457800
FIRE:  822 23:42:26  -516452.343750        0.543154
FIRE:  823 23:42:26  -516452.343750        0.593677
FIRE:  824 23:42:26  -516452.312500        0.547069
FIRE:  825 23:42:26  -516452.343750        0.386046
FIRE:  826 23:42:26  -516452.375000        0.549066
FIRE:  827 23:42:27  -516452.375000        2.560572
FIRE:  828 23:42:27  -516452.375000        0.553983
FIRE:  829 23:42:27  -516452.343750        0.553232
FIRE:  830 23:42:27  -516452.375000        0.551729
FIRE:  831 23:42:27  -516452.343750        0.549470
FIRE:  832 23:42:27  -516452.375000        0.359678
FIRE:  833 23:42:27  -516452.375000        0.313037
FIRE:  834 23:42:27  -516452.343750        0.227241
FIRE:  835 23:42:27  -516452.375000        0.112823
FIRE:  836 23:42:27  -516452.375000        0.079619
FIRE:  837 23:42:27  -516452.375000        0.146710
FIRE:  838 23:42:27  -516452.343750        0.213264
FIRE:  839 23:42:27  -516452.375000        0.232256
FIRE:  840 23:42:27  -516452.375000        0.196172
FIRE:  841 23:42:28  -516452.375000        0.104171
FIRE:  842 23:42:28  -516452.343750        0.079809
FIRE:  843 23:42:28  -516452.375000        0.157953
FIRE:  844 23:42:28  -516452.375000        0.180255
FIRE:  845 23:42:28  -516452.375000        0.087254
FIRE:  846 23:42:28  -516452.343750        0.097546
FIRE:  847 23:42:28  -516452.375000        0.165168
FIRE:  848 23:42:28  -516452.343750        0.080339
FIRE:  849 23:42:28  -516452.375000        0.151020
FIRE:  850 23:42:28  -516452.343750        0.080777
FIRE:  851 23:42:28  -516452.375000        0.171108
FIRE:  852 23:42:28  -516452.343750        0.081367
FIRE:  853 23:42:28  -516452.343750        0.085594
FIRE:  854 23:42:28  -516452.343750        0.233942
FIRE:  855 23:42:29  -516452.375000        0.504059
FIRE:  856 23:42:29  -516452.375000        0.554480
FIRE:  857 23:42:29  -516452.343750        0.322680
FIRE:  858 23:42:29  -516452.375000        0.555207
FIRE:  859 23:42:29  -516452.343750        2.546247
FIRE:  860 23:42:29  -516452.375000        0.557718
FIRE:  861 23:42:29  -516452.375000        0.557186
FIRE:  862 23:42:29  -516452.375000        0.400950
FIRE:  863 23:42:29  -516452.375000        0.202883
FIRE:  864 23:42:29  -516452.375000        0.184670
FIRE:  865 23:42:29  -516452.343750        0.150071
FIRE:  866 23:42:29  -516452.375000        0.102534
FIRE:  867 23:42:29  -516452.375000        0.086397
FIRE:  868 23:42:29  -516452.343750        0.086383
FIRE:  869 23:42:30  -516452.343750        0.086377
FIRE:  870 23:42:30  -516452.375000        0.111453
FIRE:  871 23:42:30  -516452.343750        0.123097
FIRE:  872 23:42:30  -516452.375000        0.109628
FIRE:  873 23:42:30  -516452.343750        0.086473
FIRE:  874 23:42:30  -516452.343750        0.086543
FIRE:  875 23:42:30  -516452.343750        0.086621
FIRE:  876 23:42:30  -516452.375000        0.099311
FIRE:  877 23:42:30  -516452.375000        0.086751
FIRE:  878 23:42:30  -516452.375000        0.086811
FIRE:  879 23:42:30  -516452.375000        0.088392
FIRE:  880 23:42:30  -516452.375000        0.087056
FIRE:  881 23:42:30  -516452.343750        0.087271
FIRE:  882 23:42:30  -516452.375000        0.087490
FIRE:  883 23:42:31  -516452.343750        0.087701
FIRE:  884 23:42:31  -516452.375000        0.088030
FIRE:  885 23:42:31  -516452.343750        0.094441
FIRE:  886 23:42:31  -516452.343750        0.110112
FIRE:  887 23:42:31  -516452.406250        0.152863
FIRE:  888 23:42:31  -516452.375000        0.349235
FIRE:  889 23:42:31  -516452.406250        0.979904
FIRE:  890 23:42:31  -516452.406250        0.567810
FIRE:  891 23:42:31  -516452.406250        0.568592
FIRE:  892 23:42:31  -516452.406250        1.986063
FIRE:  893 23:42:31  -516452.406250        0.565790
FIRE:  894 23:42:31  -516452.406250        0.565229
FIRE:  895 23:42:31  -516452.406250        0.400069
FIRE:  896 23:42:31  -516452.406250        0.240129
FIRE:  897 23:42:32  -516452.406250        0.216921
FIRE:  898 23:42:32  -516452.406250        0.175342
FIRE:  899 23:42:32  -516452.406250        0.117914
FIRE:  900 23:42:32  -516452.406250        0.093638
FIRE:  901 23:42:32  -516452.437500        0.093620
FIRE:  902 23:42:32  -516452.406250        0.102473
FIRE:  903 23:42:32  -516452.406250        0.136456
FIRE:  904 23:42:32  -516452.406250        0.145726
FIRE:  905 23:42:32  -516452.406250        0.125311
FIRE:  906 23:42:32  -516452.406250        0.093696
FIRE:  907 23:42:32  -516452.406250        0.093758
FIRE:  908 23:42:32  -516452.406250        0.098080
FIRE:  909 23:42:32  -516452.406250        0.115376
FIRE:  910 23:42:33  -516452.406250        0.093926
FIRE:  911 23:42:33  -516452.406250        0.093966
FIRE:  912 23:42:33  -516452.406250        0.104782
FIRE:  913 23:42:33  -516452.406250        0.094185
FIRE:  914 23:42:33  -516452.406250        0.094382
FIRE:  915 23:42:33  -516452.406250        0.094568
FIRE:  916 23:42:33  -516452.406250        0.094757
FIRE:  917 23:42:33  -516452.406250        0.095101
FIRE:  918 23:42:33  -516452.406250        0.097134
FIRE:  919 23:42:33  -516452.406250        0.152469
FIRE:  920 23:42:33  -516452.406250        0.260029
FIRE:  921 23:42:33  -516452.406250        0.567897
FIRE:  922 23:42:33  -516452.406250        1.338899
FIRE:  923 23:42:33  -516452.406250        0.136931
FIRE:  924 23:42:33  -516452.406250        0.570287
FIRE:  925 23:42:34  -516452.406250        0.569960
FIRE:  926 23:42:34  -516452.406250        0.569306
FIRE:  927 23:42:34  -516452.406250        0.407050
FIRE:  928 23:42:34  -516452.406250        0.117192
FIRE:  929 23:42:34  -516452.406250        0.508260
FIRE:  930 23:42:34  -516452.406250        0.478704
FIRE:  931 23:42:34  -516452.406250        0.423637
FIRE:  932 23:42:34  -516452.406250        0.343307
FIRE:  933 23:42:34  -516452.406250        0.244694
FIRE:  934 23:42:34  -516452.406250        0.132585
FIRE:  935 23:42:34  -516452.406250        0.099404
FIRE:  936 23:42:34  -516452.406250        0.113849
FIRE:  937 23:42:34  -516452.406250        0.202396
FIRE:  938 23:42:34  -516452.406250        0.262514
FIRE:  939 23:42:35  -516452.406250        0.280710
FIRE:  940 23:42:35  -516452.406250        0.246227
FIRE:  941 23:42:35  -516452.406250        0.154332
FIRE:  942 23:42:35  -516452.406250        0.099712
FIRE:  943 23:42:35  -516452.406250        0.143855
FIRE:  944 23:42:35  -516452.406250        0.217725
FIRE:  945 23:42:35  -516452.406250        0.183098
FIRE:  946 23:42:35  -516452.406250        0.100256
FIRE:  947 23:42:35  -516452.406250        0.159407
FIRE:  948 23:42:35  -516452.406250        0.182577
FIRE:  949 23:42:35  -516452.406250        0.101080
FIRE:  950 23:42:35  -516452.406250        0.184821
FIRE:  951 23:42:35  -516452.406250        0.102044
FIRE:  952 23:42:35  -516452.406250        0.194103
FIRE:  953 23:42:36  -516452.406250        0.103540
FIRE:  954 23:42:36  -516452.406250        0.145121
FIRE:  955 23:42:36  -516452.406250        0.284424
FIRE:  956 23:42:36  -516452.406250        0.451314
FIRE:  957 23:42:36  -516452.437500        0.572620
FIRE:  958 23:42:36  -516452.437500        0.804467
FIRE:  959 23:42:36  -516452.437500        0.577491
FIRE:  960 23:42:36  -516452.437500        0.575440
FIRE:  961 23:42:36  -516452.437500        3.680430
FIRE:  962 23:42:36  -516452.437500        0.577146
FIRE:  963 23:42:36  -516452.437500        0.576542
FIRE:  964 23:42:36  -516452.437500        0.455771
FIRE:  965 23:42:36  -516452.437500        0.271445
FIRE:  966 23:42:36  -516452.437500        0.243505
FIRE:  967 23:42:37  -516452.437500        0.190843
FIRE:  968 23:42:37  -516452.437500        0.118683
FIRE:  969 23:42:37  -516452.437500        0.115884
FIRE:  970 23:42:37  -516452.437500        0.115834
FIRE:  971 23:42:37  -516452.437500        0.128558
FIRE:  972 23:42:37  -516452.437500        0.161885
FIRE:  973 23:42:37  -516452.437500        0.163768
FIRE:  974 23:42:37  -516452.437500        0.127918
FIRE:  975 23:42:37  -516452.437500        0.115558
FIRE:  976 23:42:37  -516452.437500        0.115466
FIRE:  977 23:42:37  -516452.437500        0.125672
FIRE:  978 23:42:37  -516452.437500        0.123848
FIRE:  979 23:42:37  -516452.437500        0.114829
FIRE:  980 23:42:37  -516452.437500        0.114426
FIRE:  981 23:42:38  -516452.437500        0.115330
FIRE:  982 23:42:38  -516452.437500        0.113222
FIRE:  983 23:42:38  -516452.437500        0.114638
FIRE:  984 23:42:38  -516452.437500        0.110792
FIRE:  985 23:42:38  -516452.437500        0.120478
FIRE:  986 23:42:38  -516452.437500        0.105850
FIRE:  987 23:42:38  -516452.437500        0.101632
FIRE:  988 23:42:38  -516452.437500        0.101411
FIRE:  989 23:42:38  -516452.437500        0.265019
FIRE:  990 23:42:38  -516452.437500        0.579320
FIRE:  991 23:42:38  -516452.437500        1.288723
FIRE:  992 23:42:38  -516452.437500        0.064787
FIRE:  993 23:42:38  -516452.437500        0.581215
FIRE:  994 23:42:38  -516452.437500        0.580854
FIRE:  995 23:42:39  -516452.437500        0.580150
FIRE:  996 23:42:39  -516452.437500        0.329522
FIRE:  997 23:42:39  -516452.437500        0.221019
FIRE:  998 23:42:39  -516452.437500        0.207329
FIRE:  999 23:42:39  -516452.437500        0.181103
FIRE:  1000 23:42:39  -516452.437500        0.145392
      Step     Time          Energy          fmax
FIRE:    0 23:42:40  -516424.093750        5.453286
FIRE:    1 23:42:40  -516426.843750        3.951778
FIRE:    2 23:42:42  -516428.062500        4.577132
FIRE:    3 23:42:42  -516430.125000        4.639711
FIRE:    4 23:42:42  -516431.250000        3.214038
FIRE:    5 23:42:42  -516432.500000        2.343068
FIRE:    6 23:42:42  -516433.875000        1.956978
FIRE:    7 23:42:43  -516434.250000        2.389156
FIRE:    8 23:42:43  -516435.062500        3.297489
FIRE:    9 23:42:43  -516435.687500        3.642297
FIRE:   10 23:42:45  -516436.375000        3.818292
FIRE:   11 23:42:45  -516437.562500        4.541458
FIRE:   12 23:42:45  -516438.531250        3.340101
FIRE:   13 23:42:45  -516439.406250        2.901872
FIRE:   14 23:42:45  -516440.187500        3.126585
FIRE:   15 23:42:45  -516440.718750        3.314923
FIRE:   16 23:42:45  -516441.593750        3.197365
FIRE:   17 23:42:45  -516442.437500        2.823859
FIRE:   18 23:42:45  -516443.156250        2.445298
FIRE:   19 23:42:45  -516443.187500        5.908919
FIRE:   20 23:42:46  -516443.906250        2.358806
FIRE:   21 23:42:46  -516443.906250        1.670252
FIRE:   22 23:42:46  -516443.937500        2.016351
FIRE:   23 23:42:46  -516443.937500        1.564410
FIRE:   24 23:42:46  -516444.156250        1.546801
FIRE:   25 23:42:46  -516444.218750        1.519298
FIRE:   26 23:42:46  -516444.218750        1.482522
FIRE:   27 23:42:46  -516444.281250        1.660173
FIRE:   28 23:42:46  -516444.343750        1.390355
FIRE:   29 23:42:46  -516444.406250        1.336894
FIRE:   30 23:42:46  -516444.500000        1.265614
FIRE:   31 23:42:46  -516444.593750        1.208543
FIRE:   32 23:42:46  -516444.781250        1.183654
FIRE:   33 23:42:46  -516444.906250        1.148010
FIRE:   34 23:42:47  -516444.906250        1.131392
FIRE:   35 23:42:47  -516445.125000        1.049598
FIRE:   36 23:42:47  -516445.343750        1.025340
FIRE:   37 23:42:47  -516445.625000        1.033212
FIRE:   38 23:42:47  -516446.031250        1.256294
FIRE:   39 23:42:47  -516446.312500        1.009383
FIRE:   40 23:42:47  -516446.875000        0.919672
FIRE:   41 23:42:47  -516447.156250        0.934371
FIRE:   42 23:42:47  -516447.437500        0.909662
FIRE:   43 23:42:47  -516447.625000        0.992019
FIRE:   44 23:42:47  -516447.500000        0.959649
FIRE:   45 23:42:47  -516447.687500        1.246380
FIRE:   46 23:42:47  -516447.843750        1.312145
FIRE:   47 23:42:47  -516448.031250        1.840027
FIRE:   48 23:42:48  -516448.218750        2.518656
FIRE:   49 23:42:48  -516448.156250        4.300294
FIRE:   50 23:42:48  -516448.281250        1.087741
FIRE:   51 23:42:48  -516448.281250        2.103301
FIRE:   52 23:42:48  -516448.312500        1.802106
FIRE:   53 23:42:48  -516448.312500        1.224946
FIRE:   54 23:42:48  -516448.375000        0.630037
FIRE:   55 23:42:48  -516448.343750        0.614194
FIRE:   56 23:42:48  -516448.343750        1.175431
FIRE:   57 23:42:48  -516448.375000        1.126971
FIRE:   58 23:42:48  -516448.375000        1.032771
FIRE:   59 23:42:48  -516448.343750        0.897984
FIRE:   60 23:42:48  -516448.343750        0.730095
FIRE:   61 23:42:48  -516448.343750        0.582024
FIRE:   62 23:42:49  -516448.343750        0.577058
FIRE:   63 23:42:49  -516448.343750        0.571207
FIRE:   64 23:42:49  -516448.406250        0.563700
FIRE:   65 23:42:49  -516448.375000        0.554280
FIRE:   66 23:42:49  -516448.406250        0.542723
FIRE:   67 23:42:49  -516448.375000        0.528815
FIRE:   68 23:42:49  -516448.406250        0.512299
FIRE:   69 23:42:49  -516448.406250        0.492826
FIRE:   70 23:42:49  -516448.437500        0.469870
FIRE:   71 23:42:49  -516448.406250        0.442856
FIRE:   72 23:42:49  -516448.468750        0.411310
FIRE:   73 23:42:49  -516448.468750        0.469350
FIRE:   74 23:42:49  -516448.468750        0.335354
FIRE:   75 23:42:49  -516448.531250        0.291483
FIRE:   76 23:42:50  -516448.781250        0.364321
FIRE:   77 23:42:50  -516448.843750        0.287543
FIRE:   78 23:42:50  -516448.875000        0.268045
FIRE:   79 23:42:50  -516448.906250        0.381290
FIRE:   80 23:42:50  -516448.968750        0.303116
FIRE:   81 23:42:50  -516449.031250        0.324926
FIRE:   82 23:42:50  -516449.062500        0.316845
FIRE:   83 23:42:50  -516449.125000        0.496732
FIRE:   84 23:42:50  -516449.218750        0.550281
FIRE:   85 23:42:50  -516449.375000        0.726548
FIRE:   86 23:42:50  -516449.500000        1.055366
FIRE:   87 23:42:50  -516449.375000        2.926580
FIRE:   88 23:42:50  -516449.437500        0.253434
FIRE:   89 23:42:51  -516449.406250        2.225965
FIRE:   90 23:42:51  -516449.406250        1.750260
FIRE:   91 23:42:51  -516449.437500        0.856665
FIRE:   92 23:42:51  -516449.437500        0.583412
FIRE:   93 23:42:51  -516449.437500        0.562121
FIRE:   94 23:42:51  -516449.437500        0.509905
FIRE:   95 23:42:51  -516449.437500        0.338624
FIRE:   96 23:42:51  -516449.468750        0.273785
FIRE:   97 23:42:51  -516449.625000        0.274942
FIRE:   98 23:42:51  -516449.656250        0.276395
FIRE:   99 23:42:51  -516449.593750        0.278092
FIRE:  100 23:42:51  -516449.593750        0.280246
FIRE:  101 23:42:51  -516449.625000        0.282879
FIRE:  102 23:42:51  -516449.593750        0.288581
FIRE:  103 23:42:51  -516449.687500        0.289698
FIRE:  104 23:42:52  -516449.687500        0.377972
FIRE:  105 23:42:52  -516449.468750        0.358859
FIRE:  106 23:42:52  -516449.500000        0.300340
FIRE:  107 23:42:52  -516449.500000        0.304751
FIRE:  108 23:42:52  -516449.500000        0.302733
FIRE:  109 23:42:52  -516449.531250        0.326606
FIRE:  110 23:42:52  -516449.531250        0.315769
FIRE:  111 23:42:52  -516449.562500        0.285703
FIRE:  112 23:42:52  -516449.593750        0.298644
FIRE:  113 23:42:52  -516449.625000        0.445590
FIRE:  114 23:42:52  -516449.656250        0.251262
FIRE:  115 23:42:52  -516449.687500        0.337800
FIRE:  116 23:42:52  -516449.750000        0.645451
FIRE:  117 23:42:53  -516449.812500        0.637922
FIRE:  118 23:42:53  -516449.875000        0.313103
FIRE:  119 23:42:53  -516450.093750        0.338604
FIRE:  120 23:42:53  -516450.187500        0.837630
FIRE:  121 23:42:53  -516450.281250        2.441910
FIRE:  122 23:42:53  -516450.406250        0.614177
FIRE:  123 23:42:53  -516450.343750        2.383073
FIRE:  124 23:42:53  -516450.375000        1.721386
FIRE:  125 23:42:53  -516450.312500        0.681705
FIRE:  126 23:42:53  -516450.375000        0.767843
FIRE:  127 23:42:53  -516450.312500        0.735992
FIRE:  128 23:42:53  -516450.375000        0.675356
FIRE:  129 23:42:53  -516450.312500        0.594968
FIRE:  130 23:42:53  -516450.375000        0.508505
FIRE:  131 23:42:54  -516450.312500        0.405580
FIRE:  132 23:42:54  -516450.312500        0.248362
FIRE:  133 23:42:54  -516450.375000        0.365281
FIRE:  134 23:42:54  -516450.343750        0.371995
FIRE:  135 23:42:54  -516450.437500        0.398775
FIRE:  136 23:42:54  -516450.343750        0.370823
FIRE:  137 23:42:54  -516450.343750        0.306967
FIRE:  138 23:42:54  -516450.406250        0.394869
FIRE:  139 23:42:54  -516450.343750        0.447917
FIRE:  140 23:42:54  -516450.406250        0.545284
FIRE:  141 23:42:54  -516450.343750        0.480033
FIRE:  142 23:42:54  -516450.375000        0.418349
FIRE:  143 23:42:54  -516450.437500        0.404000
FIRE:  144 23:42:54  -516450.468750        0.308433
FIRE:  145 23:42:54  -516450.500000        0.337475
FIRE:  146 23:42:55  -516450.437500        0.407057
FIRE:  147 23:42:55  -516450.437500        0.284650
FIRE:  148 23:42:55  -516450.531250        0.429429
FIRE:  149 23:42:55  -516450.500000        0.404413
FIRE:  150 23:42:55  -516450.531250        0.306626
FIRE:  151 23:42:55  -516450.593750        0.361118
FIRE:  152 23:42:55  -516450.656250        0.576999
FIRE:  153 23:42:55  -516450.718750        0.879312
FIRE:  154 23:42:55  -516450.781250        1.207970
FIRE:  155 23:42:55  -516450.812500        3.130911
FIRE:  156 23:42:55  -516450.875000        0.457398
FIRE:  157 23:42:55  -516450.875000        0.412880
FIRE:  158 23:42:55  -516450.875000        0.408962
FIRE:  159 23:42:55  -516450.875000        0.403358
FIRE:  160 23:42:56  -516450.906250        0.292614
FIRE:  161 23:42:56  -516450.968750        0.284876
FIRE:  162 23:42:56  -516450.968750        0.279200
FIRE:  163 23:42:56  -516450.906250        0.272515
FIRE:  164 23:42:56  -516450.906250        0.292146
FIRE:  165 23:42:56  -516450.937500        0.341165
FIRE:  166 23:42:56  -516450.937500        0.524786
FIRE:  167 23:42:56  -516451.000000        0.497751
FIRE:  168 23:42:56  -516451.000000        0.518435
FIRE:  169 23:42:56  -516451.031250        0.425388
FIRE:  170 23:42:56  -516451.031250        0.567553
FIRE:  171 23:42:56  -516451.156250        0.417238
FIRE:  172 23:42:56  -516451.156250        0.427236
FIRE:  173 23:42:56  -516451.218750        0.531497
FIRE:  174 23:42:57  -516451.187500        0.615657
FIRE:  175 23:42:57  -516451.281250        0.519673
FIRE:  176 23:42:57  -516451.281250        0.989679
FIRE:  177 23:42:57  -516451.343750        1.998158
FIRE:  178 23:42:57  -516451.281250        5.050913
FIRE:  179 23:42:57  -516451.406250        1.270648
FIRE:  180 23:42:57  -516451.406250        0.987882
FIRE:  181 23:42:57  -516451.406250        0.752891
FIRE:  182 23:42:57  -516451.437500        1.127779
FIRE:  183 23:42:57  -516451.437500        1.681740
FIRE:  184 23:42:57  -516451.437500        0.908587
FIRE:  185 23:42:57  -516451.437500        0.848779
FIRE:  186 23:42:57  -516451.406250        0.734098
FIRE:  187 23:42:57  -516451.437500        0.574920
FIRE:  188 23:42:58  -516451.437500        0.527907
FIRE:  189 23:42:58  -516451.437500        0.522012
FIRE:  190 23:42:58  -516451.437500        0.514951
FIRE:  191 23:42:58  -516451.468750        0.417718
FIRE:  192 23:42:58  -516451.500000        0.998052
FIRE:  193 23:42:58  -516451.468750        0.940585
FIRE:  194 23:42:58  -516451.468750        0.823511
FIRE:  195 23:42:58  -516451.468750        0.650628
FIRE:  196 23:42:58  -516451.437500        0.444322
FIRE:  197 23:42:58  -516451.468750        0.294783
FIRE:  198 23:42:58  -516451.437500        0.510794
FIRE:  199 23:42:58  -516451.500000        0.512117
FIRE:  200 23:42:58  -516451.437500        0.512896
FIRE:  201 23:42:58  -516451.468750        0.512994
FIRE:  202 23:42:59  -516451.437500        0.512306
FIRE:  203 23:42:59  -516451.468750        0.366245
FIRE:  204 23:42:59  -516451.468750        0.439722
FIRE:  205 23:42:59  -516451.437500        0.627331
FIRE:  206 23:42:59  -516451.468750        0.614635
FIRE:  207 23:42:59  -516451.500000        0.371694
FIRE:  208 23:42:59  -516451.437500        0.514415
FIRE:  209 23:42:59  -516451.468750        0.514848
FIRE:  210 23:42:59  -516451.437500        0.477324
FIRE:  211 23:42:59  -516451.468750        0.584612
FIRE:  212 23:42:59  -516451.500000        0.515229
FIRE:  213 23:42:59  -516451.500000        0.313478
FIRE:  214 23:42:59  -516451.531250        0.656877
FIRE:  215 23:42:59  -516451.500000        0.517623
FIRE:  216 23:42:59  -516451.531250        0.512067
FIRE:  217 23:43:00  -516451.531250        2.060194
FIRE:  218 23:43:00  -516451.531250        0.534282
FIRE:  219 23:43:00  -516451.562500        0.675995
FIRE:  220 23:43:00  -516451.593750        0.544121
FIRE:  221 23:43:00  -516451.593750        0.481330
FIRE:  222 23:43:00  -516451.406250        0.362387
FIRE:  223 23:43:00  -516451.656250        1.069115
FIRE:  224 23:43:00  -516451.437500        2.235935
FIRE:  225 23:43:00  -516451.500000        0.587220
FIRE:  226 23:43:00  -516451.500000        0.555615
FIRE:  227 23:43:00  -516451.500000        0.501917
FIRE:  228 23:43:00  -516451.500000        0.435320
FIRE:  229 23:43:00  -516451.531250        0.367268
FIRE:  230 23:43:00  -516451.531250        0.582441
FIRE:  231 23:43:01  -516451.531250        0.327603
FIRE:  232 23:43:01  -516451.500000        2.007502
FIRE:  233 23:43:01  -516451.531250        2.929505
FIRE:  234 23:43:01  -516451.562500        1.677810
FIRE:  235 23:43:01  -516451.562500        0.333945
FIRE:  236 23:43:01  -516451.562500        0.333942
FIRE:  237 23:43:01  -516451.562500        0.333940
FIRE:  238 23:43:01  -516451.562500        0.333936
FIRE:  239 23:43:01  -516451.562500        0.333933
FIRE:  240 23:43:01  -516451.593750        0.333931
FIRE:  241 23:43:01  -516451.562500        0.333933
FIRE:  242 23:43:01  -516451.562500        0.333938
FIRE:  243 23:43:01  -516451.562500        0.333953
FIRE:  244 23:43:01  -516451.562500        0.333984
FIRE:  245 23:43:02  -516451.562500        0.334041
FIRE:  246 23:43:02  -516451.562500        1.403655
FIRE:  247 23:43:02  -516451.562500        1.038118
FIRE:  248 23:43:02  -516451.562500        0.365002
FIRE:  249 23:43:02  -516451.562500        0.334205
FIRE:  250 23:43:02  -516451.562500        0.334207
FIRE:  251 23:43:02  -516451.562500        0.334210
FIRE:  252 23:43:02  -516451.562500        0.336937
FIRE:  253 23:43:02  -516451.562500        0.230375
FIRE:  254 23:43:02  -516451.593750        0.201373
FIRE:  255 23:43:02  -516451.562500        0.201345
FIRE:  256 23:43:02  -516451.562500        0.201270
FIRE:  257 23:43:02  -516451.562500        0.201120
FIRE:  258 23:43:02  -516451.562500        0.236471
FIRE:  259 23:43:03  -516451.562500        0.235311
FIRE:  260 23:43:03  -516451.562500        0.202859
FIRE:  261 23:43:03  -516451.562500        0.208084
FIRE:  262 23:43:03  -516451.562500        0.214656
FIRE:  263 23:43:03  -516451.562500        0.222637
FIRE:  264 23:43:03  -516451.562500        0.230954
FIRE:  265 23:43:03  -516451.562500        0.235643
FIRE:  266 23:43:03  -516451.562500        0.218041
FIRE:  267 23:43:03  -516451.562500        0.191383
FIRE:  268 23:43:03  -516451.562500        0.461624
FIRE:  269 23:43:03  -516451.562500        0.598144
FIRE:  270 23:43:03  -516451.562500        0.265100
FIRE:  271 23:43:03  -516451.562500        0.226855
FIRE:  272 23:43:03  -516451.562500        0.275348
FIRE:  273 23:43:04  -516451.562500        0.273640
FIRE:  274 23:43:04  -516451.593750        0.295602
FIRE:  275 23:43:04  -516451.593750        0.501752
FIRE:  276 23:43:04  -516451.593750        0.493187
FIRE:  277 23:43:04  -516451.625000        0.421105
FIRE:  278 23:43:04  -516451.593750        0.433255
FIRE:  279 23:43:04  -516451.593750        2.969781
FIRE:  280 23:43:04  -516451.593750        0.444049
FIRE:  281 23:43:04  -516451.593750        0.443496
FIRE:  282 23:43:04  -516451.593750        0.250912
FIRE:  283 23:43:04  -516451.593750        0.232864
FIRE:  284 23:43:04  -516451.593750        0.433010
FIRE:  285 23:43:04  -516451.593750        0.453123
FIRE:  286 23:43:04  -516451.593750        0.281716
FIRE:  287 23:43:04  -516451.593750        0.232061
FIRE:  288 23:43:05  -516451.625000        0.361696
FIRE:  289 23:43:05  -516451.593750        0.351651
FIRE:  290 23:43:05  -516451.593750        0.230414
FIRE:  291 23:43:05  -516451.593750        0.345735
FIRE:  292 23:43:05  -516451.593750        0.228354
FIRE:  293 23:43:05  -516451.593750        0.336795
FIRE:  294 23:43:05  -516451.625000        0.225632
FIRE:  295 23:43:05  -516451.625000        0.403341
FIRE:  296 23:43:05  -516451.625000        0.358176
FIRE:  297 23:43:05  -516451.625000        0.269260
FIRE:  298 23:43:05  -516451.625000        0.361640
FIRE:  299 23:43:05  -516451.625000        0.935466
FIRE:  300 23:43:05  -516451.625000        0.432729
FIRE:  301 23:43:05  -516451.625000        0.434607
FIRE:  302 23:43:06  -516451.656250        0.424789
FIRE:  303 23:43:06  -516451.625000        3.707976
FIRE:  304 23:43:06  -516451.656250        0.426260
FIRE:  305 23:43:06  -516451.656250        0.351498
FIRE:  306 23:43:06  -516451.656250        0.204862
FIRE:  307 23:43:06  -516451.656250        0.357068
FIRE:  308 23:43:06  -516451.656250        0.417648
FIRE:  309 23:43:06  -516451.656250        0.249265
FIRE:  310 23:43:06  -516451.656250        0.203177
FIRE:  311 23:43:06  -516451.656250        0.336746
FIRE:  312 23:43:06  -516451.656250        0.270500
FIRE:  313 23:43:06  -516451.656250        0.200921
FIRE:  314 23:43:06  -516451.656250        0.320496
FIRE:  315 23:43:06  -516451.656250        0.198155
FIRE:  316 23:43:07  -516451.656250        0.323216
FIRE:  317 23:43:07  -516451.656250        0.194046
FIRE:  318 23:43:07  -516451.656250        0.219002
FIRE:  319 23:43:07  -516451.656250        0.439798
FIRE:  320 23:43:07  -516451.656250        0.693282
FIRE:  321 23:43:07  -516451.656250        0.446749
FIRE:  322 23:43:07  -516451.656250        0.447755
FIRE:  323 23:43:07  -516451.687500        2.355997
FIRE:  324 23:43:07  -516451.687500        0.238248
FIRE:  325 23:43:07  -516451.687500        0.181810
FIRE:  326 23:43:07  -516451.687500        0.167340
FIRE:  327 23:43:07  -516451.687500        0.167290
FIRE:  328 23:43:07  -516451.687500        0.183509
FIRE:  329 23:43:07  -516451.687500        0.186731
FIRE:  330 23:43:08  -516451.687500        0.166798
FIRE:  331 23:43:08  -516451.687500        0.166523
FIRE:  332 23:43:08  -516451.687500        0.166186
FIRE:  333 23:43:08  -516451.687500        0.165813
FIRE:  334 23:43:08  -516451.687500        0.165396
FIRE:  335 23:43:08  -516451.687500        0.164879
FIRE:  336 23:43:08  -516451.687500        0.164170
FIRE:  337 23:43:08  -516451.687500        0.163232
FIRE:  338 23:43:08  -516451.687500        0.162159
FIRE:  339 23:43:08  -516451.687500        0.160966
FIRE:  340 23:43:08  -516451.687500        0.159363
FIRE:  341 23:43:08  -516451.687500        0.157458
FIRE:  342 23:43:08  -516451.687500        0.230434
FIRE:  343 23:43:08  -516451.718750        0.450599
FIRE:  344 23:43:08  -516451.687500        1.074952
FIRE:  345 23:43:09  -516451.687500        0.460159
FIRE:  346 23:43:09  -516451.750000        0.463495
FIRE:  347 23:43:09  -516451.718750        0.453702
FIRE:  348 23:43:09  -516451.687500        3.752773
FIRE:  349 23:43:09  -516451.718750        0.453566
FIRE:  350 23:43:09  -516451.718750        0.452950
FIRE:  351 23:43:09  -516451.718750        0.172762
FIRE:  352 23:43:09  -516451.718750        0.361572
FIRE:  353 23:43:09  -516451.718750        0.550610
FIRE:  354 23:43:09  -516451.718750        0.425447
FIRE:  355 23:43:09  -516451.718750        0.134055
FIRE:  356 23:43:09  -516451.718750        0.373375
FIRE:  357 23:43:09  -516451.718750        0.429645
FIRE:  358 23:43:09  -516451.718750        0.133199
FIRE:  359 23:43:09  -516451.718750        0.395520
FIRE:  360 23:43:10  -516451.718750        0.260043
FIRE:  361 23:43:10  -516451.718750        0.399034
FIRE:  362 23:43:10  -516451.718750        0.157807
FIRE:  363 23:43:10  -516451.718750        0.508788
FIRE:  364 23:43:10  -516451.718750        0.457300
FIRE:  365 23:43:10  -516451.718750        0.334199
FIRE:  366 23:43:10  -516451.750000        0.459054
FIRE:  367 23:43:10  -516451.750000        1.195502
FIRE:  368 23:43:10  -516451.750000        0.472216
FIRE:  369 23:43:10  -516451.750000        0.477647
FIRE:  370 23:43:10  -516451.781250        0.468397
FIRE:  371 23:43:10  -516451.750000        3.557708
FIRE:  372 23:43:10  -516451.750000        0.467523
FIRE:  373 23:43:10  -516451.750000        0.466783
FIRE:  374 23:43:10  -516451.750000        0.465323
FIRE:  375 23:43:10  -516451.750000        0.463131
FIRE:  376 23:43:10  -516451.781250        0.418245
FIRE:  377 23:43:11  -516451.781250        0.773470
FIRE:  378 23:43:11  -516451.781250        0.677433
FIRE:  379 23:43:11  -516451.750000        0.498631
FIRE:  380 23:43:11  -516451.781250        0.258960
FIRE:  381 23:43:11  -516451.750000        0.118256
FIRE:  382 23:43:11  -516451.781250        0.330193
FIRE:  383 23:43:11  -516451.781250        0.460589
FIRE:  384 23:43:11  -516451.781250        0.460778
FIRE:  385 23:43:11  -516451.781250        0.460648
FIRE:  386 23:43:11  -516451.750000        0.301867
FIRE:  387 23:43:11  -516451.750000        0.118089
FIRE:  388 23:43:11  -516451.750000        0.310702
FIRE:  389 23:43:11  -516451.781250        0.415345
FIRE:  390 23:43:11  -516451.750000        0.293783
FIRE:  391 23:43:11  -516451.750000        0.125799
FIRE:  392 23:43:11  -516451.781250        0.365716
FIRE:  393 23:43:11  -516451.750000        0.238054
FIRE:  394 23:43:12  -516451.750000        0.268897
FIRE:  395 23:43:12  -516451.750000        0.286856
FIRE:  396 23:43:12  -516451.781250        0.295469
FIRE:  397 23:43:12  -516451.750000        0.148921
FIRE:  398 23:43:12  -516451.750000        0.425476
FIRE:  399 23:43:12  -516451.750000        0.463986
FIRE:  400 23:43:12  -516451.781250        0.466862
FIRE:  401 23:43:12  -516451.812500        0.466150
FIRE:  402 23:43:12  -516451.781250        0.556563
FIRE:  403 23:43:12  -516451.781250        0.470583
FIRE:  404 23:43:12  -516451.781250        0.383573
FIRE:  405 23:43:12  -516451.781250        3.504629
FIRE:  406 23:43:12  -516451.781250        0.472393
FIRE:  407 23:43:12  -516451.781250        0.471738
FIRE:  408 23:43:12  -516451.812500        0.470464
FIRE:  409 23:43:12  -516451.781250        0.468542
FIRE:  410 23:43:12  -516451.781250        0.233033
FIRE:  411 23:43:13  -516451.781250        0.802252
FIRE:  412 23:43:13  -516451.781250        0.716455
FIRE:  413 23:43:13  -516451.781250        0.551088
FIRE:  414 23:43:13  -516451.812500        0.327029
FIRE:  415 23:43:13  -516451.781250        0.111550
FIRE:  416 23:43:13  -516451.781250        0.259113
FIRE:  417 23:43:13  -516451.781250        0.432445
FIRE:  418 23:43:13  -516451.812500        0.468167
FIRE:  419 23:43:13  -516451.781250        0.468183
FIRE:  420 23:43:13  -516451.781250        0.403882
FIRE:  421 23:43:13  -516451.812500        0.182654
FIRE:  422 23:43:13  -516451.781250        0.186018
FIRE:  423 23:43:13  -516451.812500        0.381478
FIRE:  424 23:43:13  -516451.781250        0.392681
FIRE:  425 23:43:13  -516451.812500        0.176907
FIRE:  426 23:43:14  -516451.812500        0.255665
FIRE:  427 23:43:14  -516451.781250        0.370366
FIRE:  428 23:43:14  -516451.781250        0.111169
FIRE:  429 23:43:14  -516451.812500        0.351021
FIRE:  430 23:43:14  -516451.781250        0.164099
FIRE:  431 23:43:14  -516451.781250        0.401734
FIRE:  432 23:43:14  -516451.781250        0.129177
FIRE:  433 23:43:14  -516451.843750        0.276919
FIRE:  434 23:43:14  -516451.812500        0.470731
FIRE:  435 23:43:14  -516451.812500        0.574248
FIRE:  436 23:43:14  -516451.812500        0.473290
FIRE:  437 23:43:14  -516451.812500        0.110391
FIRE:  438 23:43:14  -516451.812500        0.659742
FIRE:  439 23:43:14  -516451.843750        0.484991
FIRE:  440 23:43:14  -516451.812500        0.485148
FIRE:  441 23:43:14  -516451.812500        1.768626
FIRE:  442 23:43:14  -516451.812500        0.479953
FIRE:  443 23:43:15  -516451.812500        0.479138
FIRE:  444 23:43:15  -516451.812500        0.477513
FIRE:  445 23:43:15  -516451.875000        0.475096
FIRE:  446 23:43:15  -516451.843750        0.329708
FIRE:  447 23:43:15  -516451.875000        0.285775
FIRE:  448 23:43:15  -516451.843750        0.204923
FIRE:  449 23:43:15  -516451.843750        0.112915
FIRE:  450 23:43:15  -516451.843750        0.112833
FIRE:  451 23:43:15  -516451.875000        0.172717
FIRE:  452 23:43:15  -516451.843750        0.220073
FIRE:  453 23:43:15  -516451.875000        0.219049
FIRE:  454 23:43:15  -516451.875000        0.164788
FIRE:  455 23:43:15  -516451.843750        0.112880
FIRE:  456 23:43:15  -516451.843750        0.124375
FIRE:  457 23:43:15  -516451.875000        0.187730
FIRE:  458 23:43:16  -516451.875000        0.155238
FIRE:  459 23:43:16  -516451.843750        0.112967
FIRE:  460 23:43:16  -516451.843750        0.162647
FIRE:  461 23:43:16  -516451.843750        0.128646
FIRE:  462 23:43:16  -516451.843750        0.121575
FIRE:  463 23:43:16  -516451.843750        0.146273
FIRE:  464 23:43:16  -516451.843750        0.133521
FIRE:  465 23:43:16  -516451.843750        0.113359
FIRE:  466 23:43:16  -516451.875000        0.189761
FIRE:  467 23:43:16  -516451.843750        0.256893
FIRE:  468 23:43:16  -516451.843750        0.402349
FIRE:  469 23:43:16  -516451.875000        0.480862
FIRE:  470 23:43:16  -516451.843750        0.537944
FIRE:  471 23:43:17  -516451.843750        0.485678
FIRE:  472 23:43:17  -516451.843750        0.256556
FIRE:  473 23:43:17  -516451.843750        0.489190
FIRE:  474 23:43:17  -516451.875000        3.239408
FIRE:  475 23:43:17  -516451.875000        0.500382
FIRE:  476 23:43:17  -516451.875000        0.499625
FIRE:  477 23:43:17  -516451.875000        0.498121
FIRE:  478 23:43:17  -516451.875000        0.495881
FIRE:  479 23:43:17  -516451.875000        0.297444
FIRE:  480 23:43:17  -516451.875000        0.887151
FIRE:  481 23:43:17  -516451.906250        0.777125
FIRE:  482 23:43:17  -516451.906250        0.569265
FIRE:  483 23:43:17  -516451.875000        0.286758
FIRE:  484 23:43:17  -516451.906250        0.117514
FIRE:  485 23:43:17  -516451.875000        0.351642
FIRE:  486 23:43:17  -516451.906250        0.340572
FIRE:  487 23:43:17  -516451.875000        0.319589
FIRE:  488 23:43:17  -516451.875000        0.287063
FIRE:  489 23:43:18  -516451.875000        0.247468
FIRE:  490 23:43:18  -516451.875000        0.200351
FIRE:  491 23:43:18  -516451.906250        0.149761
FIRE:  492 23:43:18  -516451.906250        0.117535
FIRE:  493 23:43:18  -516451.875000        0.117573
FIRE:  494 23:43:18  -516451.875000        0.117612
FIRE:  495 23:43:18  -516451.875000        0.126382
FIRE:  496 23:43:18  -516451.875000        0.165091
FIRE:  497 23:43:18  -516451.875000        0.183360
FIRE:  498 23:43:18  -516451.875000        0.173934
FIRE:  499 23:43:18  -516451.875000        0.132117
FIRE:  500 23:43:18  -516451.875000        0.117695
FIRE:  501 23:43:18  -516451.875000        0.117679
FIRE:  502 23:43:18  -516451.875000        0.136423
FIRE:  503 23:43:18  -516451.875000        0.147806
FIRE:  504 23:43:18  -516451.906250        0.117742
FIRE:  505 23:43:19  -516451.875000        0.117787
FIRE:  506 23:43:19  -516451.875000        0.132539
FIRE:  507 23:43:19  -516451.875000        0.117766
FIRE:  508 23:43:19  -516451.875000        0.117666
FIRE:  509 23:43:19  -516451.875000        0.121967
FIRE:  510 23:43:19  -516451.875000        0.117605
FIRE:  511 23:43:19  -516451.875000        0.117546
FIRE:  512 23:43:19  -516451.875000        0.122164
FIRE:  513 23:43:19  -516451.906250        0.117277
FIRE:  514 23:43:19  -516451.875000        0.117141
FIRE:  515 23:43:19  -516451.875000        0.190999
FIRE:  516 23:43:19  -516451.875000        0.530796
FIRE:  517 23:43:19  -516451.875000        0.503514
FIRE:  518 23:43:19  -516451.875000        0.501483
FIRE:  519 23:43:20  -516451.875000        3.371450
FIRE:  520 23:43:20  -516451.875000        0.502766
FIRE:  521 23:43:20  -516451.875000        0.362520
FIRE:  522 23:43:20  -516451.906250        0.115256
FIRE:  523 23:43:20  -516451.875000        0.270583
FIRE:  524 23:43:20  -516451.875000        0.406799
FIRE:  525 23:43:20  -516451.875000        0.356840
FIRE:  526 23:43:20  -516451.906250        0.153676
FIRE:  527 23:43:20  -516451.906250        0.160173
FIRE:  528 23:43:20  -516451.875000        0.321241
FIRE:  529 23:43:20  -516451.875000        0.250465
FIRE:  530 23:43:20  -516451.906250        0.115062
FIRE:  531 23:43:20  -516451.875000        0.292042
FIRE:  532 23:43:20  -516451.906250        0.114899
FIRE:  533 23:43:21  -516451.906250        0.284640
FIRE:  534 23:43:21  -516451.906250        0.114564
FIRE:  535 23:43:21  -516451.906250        0.325953
FIRE:  536 23:43:21  -516451.906250        0.283478
FIRE:  537 23:43:21  -516451.937500        0.179782
FIRE:  538 23:43:21  -516451.906250        0.207600
FIRE:  539 23:43:21  -516451.906250        0.554818
FIRE:  540 23:43:21  -516451.906250        0.510672
FIRE:  541 23:43:21  -516451.906250        0.508347
FIRE:  542 23:43:21  -516451.937500        3.458459
FIRE:  543 23:43:21  -516451.906250        0.509913
FIRE:  544 23:43:21  -516451.906250        0.509365
FIRE:  545 23:43:21  -516451.906250        0.363004
FIRE:  546 23:43:22  -516451.906250        0.211954
FIRE:  547 23:43:22  -516451.906250        0.565054
FIRE:  548 23:43:22  -516451.937500        0.511831
FIRE:  549 23:43:22  -516451.906250        0.411910
FIRE:  550 23:43:22  -516451.906250        0.273225
FIRE:  551 23:43:22  -516451.906250        0.111814
FIRE:  552 23:43:22  -516451.906250        0.111021
FIRE:  553 23:43:22  -516451.906250        0.233393
FIRE:  554 23:43:22  -516451.906250        0.317857
FIRE:  555 23:43:22  -516451.906250        0.347213
FIRE:  556 23:43:22  -516451.906250        0.305456
FIRE:  557 23:43:22  -516451.906250        0.189128
FIRE:  558 23:43:22  -516451.937500        0.110970
FIRE:  559 23:43:22  -516451.906250        0.200834
FIRE:  560 23:43:23  -516451.937500        0.274947
FIRE:  561 23:43:23  -516451.937500        0.200316
FIRE:  562 23:43:23  -516451.906250        0.110784
FIRE:  563 23:43:23  -516451.906250        0.232900
FIRE:  564 23:43:23  -516451.937500        0.181323
FIRE:  565 23:43:23  -516451.906250        0.129964
FIRE:  566 23:43:23  -516451.906250        0.211230
FIRE:  567 23:43:23  -516451.906250        0.117939
FIRE:  568 23:43:23  -516451.906250        0.168130
FIRE:  569 23:43:23  -516451.906250        0.250205
FIRE:  570 23:43:23  -516451.906250        0.186901
FIRE:  571 23:43:23  -516451.906250        0.156748
FIRE:  572 23:43:23  -516451.906250        0.286746
FIRE:  573 23:43:23  -516451.968750        0.871991
FIRE:  574 23:43:24  -516451.937500        0.519441
FIRE:  575 23:43:24  -516451.937500        0.519960
FIRE:  576 23:43:24  -516451.937500        1.792258
FIRE:  577 23:43:24  -516451.937500        0.516203
FIRE:  578 23:43:24  -516451.937500        0.515622
FIRE:  579 23:43:24  -516451.937500        0.481816
FIRE:  580 23:43:24  -516451.937500        0.181548
FIRE:  581 23:43:24  -516451.937500        0.615637
FIRE:  582 23:43:24  -516451.968750        0.555445
FIRE:  583 23:43:24  -516451.937500        0.441390
FIRE:  584 23:43:24  -516451.937500        0.284020
FIRE:  585 23:43:24  -516451.937500        0.105882
FIRE:  586 23:43:24  -516451.968750        0.132370
FIRE:  587 23:43:25  -516451.937500        0.275192
FIRE:  588 23:43:25  -516451.937500        0.360259
FIRE:  589 23:43:25  -516451.937500        0.381455
FIRE:  590 23:43:25  -516451.937500        0.322540
FIRE:  591 23:43:25  -516451.937500        0.183100
FIRE:  592 23:43:25  -516451.937500        0.105759
FIRE:  593 23:43:25  -516451.937500        0.240164
FIRE:  594 23:43:25  -516451.937500        0.299957
FIRE:  595 23:43:25  -516451.937500        0.192431
FIRE:  596 23:43:25  -516451.937500        0.105527
FIRE:  597 23:43:25  -516451.937500        0.263133
FIRE:  598 23:43:25  -516451.968750        0.164829
FIRE:  599 23:43:25  -516451.937500        0.178776
FIRE:  600 23:43:25  -516451.937500        0.207134
FIRE:  601 23:43:26  -516451.968750        0.181316
FIRE:  602 23:43:26  -516451.937500        0.128785
FIRE:  603 23:43:26  -516451.968750        0.297689
FIRE:  604 23:43:26  -516451.937500        0.294120
FIRE:  605 23:43:26  -516451.937500        0.312366
FIRE:  606 23:43:26  -516451.968750        0.517374
FIRE:  607 23:43:26  -516451.937500        1.196249
FIRE:  608 23:43:26  -516451.937500        0.526975
FIRE:  609 23:43:26  -516451.937500        0.529965
FIRE:  610 23:43:26  -516451.968750        0.443952
FIRE:  611 23:43:26  -516451.937500        3.789496
FIRE:  612 23:43:26  -516451.968750        0.276386
FIRE:  613 23:43:26  -516451.968750        0.541709
FIRE:  614 23:43:26  -516452.000000        0.540907
FIRE:  615 23:43:27  -516451.968750        0.539320
FIRE:  616 23:43:27  -516451.968750        0.536928
FIRE:  617 23:43:27  -516451.968750        0.533764
FIRE:  618 23:43:27  -516451.968750        0.529828
FIRE:  619 23:43:27  -516451.968750        0.525127
FIRE:  620 23:43:27  -516451.968750        0.282491
FIRE:  621 23:43:27  -516451.968750        1.861086
FIRE:  622 23:43:27  -516451.968750        1.616935
FIRE:  623 23:43:27  -516451.968750        1.132274
FIRE:  624 23:43:27  -516452.000000        0.444642
FIRE:  625 23:43:27  -516451.968750        0.405680
FIRE:  626 23:43:27  -516451.968750        0.391176
FIRE:  627 23:43:27  -516451.968750        0.361014
FIRE:  628 23:43:27  -516451.968750        0.317580
FIRE:  629 23:43:28  -516451.968750        0.263241
FIRE:  630 23:43:28  -516451.968750        0.200396
FIRE:  631 23:43:28  -516451.968750        0.133290
FIRE:  632 23:43:28  -516451.968750        0.098800
