      Step     Time          Energy          fmax
FIRE:    0 23:57:01  -402479.812500        9.213971
FIRE:    1 23:57:02  -402483.093750        4.782584
FIRE:    2 23:57:04  -402484.281250        4.061664
FIRE:    3 23:57:04  -402484.437500        3.097705
FIRE:    4 23:57:04  -402484.812500        2.159939
FIRE:    5 23:57:04  -402485.062500        2.158255
FIRE:    6 23:57:04  -402485.375000        2.199542
FIRE:    7 23:57:05  -402485.625000        2.241409
FIRE:    8 23:57:05  -402486.031250        2.314374
FIRE:    9 23:57:05  -402486.375000        2.457602
FIRE:   10 23:57:05  -402486.656250        2.698495
FIRE:   11 23:57:05  -402487.093750        2.868297
FIRE:   12 23:57:05  -402487.562500        3.682574
FIRE:   13 23:57:05  -402488.250000        2.315385
FIRE:   14 23:57:05  -402488.562500        1.782167
FIRE:   15 23:57:05  -402488.593750        1.625376
FIRE:   16 23:57:05  -402488.656250        1.335502
FIRE:   17 23:57:05  -402488.718750        1.241034
FIRE:   18 23:57:06  -402488.781250        1.286270
FIRE:   19 23:57:06  -402488.781250        1.182841
FIRE:   20 23:57:06  -402488.875000        1.128685
FIRE:   21 23:57:06  -402488.937500        0.948906
FIRE:   22 23:57:06  -402489.000000        0.861667
FIRE:   23 23:57:06  -402489.093750        0.955971
FIRE:   24 23:57:06  -402489.187500        1.062280
FIRE:   25 23:57:06  -402489.281250        1.086249
FIRE:   26 23:57:06  -402489.468750        0.984734
FIRE:   27 23:57:06  -402489.593750        0.870806
FIRE:   28 23:57:06  -402489.781250        0.815903
FIRE:   29 23:57:06  -402490.000000        0.893553
FIRE:   30 23:57:06  -402490.250000        1.064297
FIRE:   31 23:57:06  -402490.500000        2.306713
FIRE:   32 23:57:06  -402490.687500        4.369318
FIRE:   33 23:57:06  -402490.812500        9.650790
FIRE:   34 23:57:06  -402491.062500        1.225060
FIRE:   35 23:57:06  -402491.062500        1.211263
FIRE:   36 23:57:06  -402491.093750        1.183779
FIRE:   37 23:57:06  -402491.093750        1.143036
FIRE:   38 23:57:07  -402491.093750        1.091031
FIRE:   39 23:57:07  -402491.125000        1.033290
FIRE:   40 23:57:07  -402491.125000        0.979239
FIRE:   41 23:57:07  -402491.156250        0.939110
FIRE:   42 23:57:07  -402491.187500        0.920283
FIRE:   43 23:57:07  -402491.218750        0.960889
FIRE:   44 23:57:07  -402491.250000        1.443281
FIRE:   45 23:57:07  -402491.281250        6.607040
FIRE:   46 23:57:07  -402491.312500        1.109438
FIRE:   47 23:57:07  -402491.312500        1.006562
FIRE:   48 23:57:07  -402491.312500        0.851981
FIRE:   49 23:57:07  -402491.343750        0.748307
FIRE:   50 23:57:07  -402491.343750        0.735348
FIRE:   51 23:57:07  -402491.343750        0.729786
FIRE:   52 23:57:07  -402491.343750        0.729607
FIRE:   53 23:57:07  -402491.343750        0.807474
FIRE:   54 23:57:07  -402491.343750        0.919958
FIRE:   55 23:57:08  -402491.375000        0.917634
FIRE:   56 23:57:08  -402491.343750        0.767251
FIRE:   57 23:57:08  -402491.375000        0.663395
FIRE:   58 23:57:08  -402491.343750        0.663040
FIRE:   59 23:57:08  -402491.375000        0.846370
FIRE:   60 23:57:08  -402491.375000        0.768967
FIRE:   61 23:57:08  -402491.375000        0.723321
FIRE:   62 23:57:08  -402491.437500        0.872235
FIRE:   63 23:57:10  -402491.343750        0.712234
FIRE:   64 23:57:10  -402491.375000        1.105583
FIRE:   65 23:57:10  -402491.406250        2.709904
FIRE:   66 23:57:10  -402491.437500        3.372969
FIRE:   67 23:57:10  -402491.468750        0.912925
FIRE:   68 23:57:10  -402491.500000        5.346946
FIRE:   69 23:57:10  -402491.531250        1.745921
FIRE:   70 23:57:10  -402491.531250        1.699708
FIRE:   71 23:57:10  -402491.718750        1.659064
FIRE:   72 23:57:10  -402491.812500        1.812534
FIRE:   73 23:57:10  -402491.937500        1.189017
FIRE:   74 23:57:10  -402492.062500        1.205437
FIRE:   75 23:57:10  -402492.218750        1.287767
FIRE:   76 23:57:10  -402492.437500        1.288766
FIRE:   77 23:57:10  -402492.687500        1.431794
FIRE:   78 23:57:10  -402492.968750        1.698631
FIRE:   79 23:57:10  -402493.250000        1.889990
FIRE:   80 23:57:11  -402493.500000        1.901832
FIRE:   81 23:57:11  -402493.812500        3.685774
FIRE:   82 23:57:11  -402493.875000        9.938912
FIRE:   83 23:57:11  -402493.687500       12.233466
FIRE:   84 23:57:11  -402494.031250        5.632481
FIRE:   85 23:57:11  -402494.062500        3.747786
FIRE:   86 23:57:11  -402494.125000        3.256758
FIRE:   87 23:57:11  -402494.093750        2.340936
FIRE:   88 23:57:11  -402494.156250        1.252004
FIRE:   89 23:57:11  -402494.156250        0.925635
FIRE:   90 23:57:11  -402494.156250        1.416285
FIRE:   91 23:57:11  -402494.156250        1.368335
FIRE:   92 23:57:11  -402494.187500        1.274092
FIRE:   93 23:57:11  -402494.187500        1.137125
FIRE:   94 23:57:11  -402494.187500        0.962900
FIRE:   95 23:57:12  -402494.187500        0.918207
FIRE:   96 23:57:12  -402494.187500        0.912396
FIRE:   97 23:57:12  -402494.187500        0.906047
FIRE:   98 23:57:12  -402494.187500        0.898826
FIRE:   99 23:57:12  -402494.187500        0.890768
FIRE:  100 23:57:12  -402494.156250        0.882119
FIRE:  101 23:57:12  -402494.156250        0.873249
FIRE:  102 23:57:12  -402494.187500        0.864536
FIRE:  103 23:57:12  -402494.218750        0.856211
FIRE:  104 23:57:12  -402494.218750        0.848166
FIRE:  105 23:57:12  -402494.187500        0.839685
FIRE:  106 23:57:12  -402494.250000        0.828779
FIRE:  107 23:57:12  -402494.250000        0.812764
FIRE:  108 23:57:12  -402494.281250        0.789284
FIRE:  109 23:57:13  -402494.281250        0.757308
FIRE:  110 23:57:13  -402494.312500        0.718387
FIRE:  111 23:57:13  -402494.343750        0.676492
FIRE:  112 23:57:13  -402494.375000        0.631604
FIRE:  113 23:57:13  -402494.406250        0.573545
FIRE:  114 23:57:13  -402494.437500        0.488003
FIRE:  115 23:57:13  -402494.468750        0.516664
FIRE:  116 23:57:13  -402494.531250        0.419721
FIRE:  117 23:57:13  -402494.562500        0.549990
FIRE:  118 23:57:13  -402494.625000        0.698107
FIRE:  119 23:57:13  -402494.656250        0.540867
FIRE:  120 23:57:13  -402494.750000        0.872413
FIRE:  121 23:57:13  -402494.812500        1.934694
FIRE:  122 23:57:13  -402494.843750        5.607476
FIRE:  123 23:57:13  -402494.937500        0.478980
FIRE:  124 23:57:13  -402494.937500        0.429933
FIRE:  125 23:57:13  -402494.937500        0.427091
FIRE:  126 23:57:14  -402494.906250        0.424011
FIRE:  127 23:57:14  -402494.906250        0.421620
FIRE:  128 23:57:14  -402494.968750        0.420408
FIRE:  129 23:57:14  -402494.968750        0.420152
FIRE:  130 23:57:14  -402494.968750        0.420039
FIRE:  131 23:57:14  -402494.968750        0.418959
FIRE:  132 23:57:14  -402494.968750        0.415922
FIRE:  133 23:57:14  -402495.000000        0.410844
FIRE:  134 23:57:14  -402495.000000        0.404841
FIRE:  135 23:57:14  -402495.000000        0.399050
FIRE:  136 23:57:14  -402495.031250        0.392850
FIRE:  137 23:57:14  -402495.125000        0.384980
FIRE:  138 23:57:14  -402495.062500        0.376428
FIRE:  139 23:57:14  -402495.156250        0.366385
FIRE:  140 23:57:14  -402495.156250        0.349644
FIRE:  141 23:57:14  -402495.187500        0.327980
FIRE:  142 23:57:15  -402495.218750        0.298194
FIRE:  143 23:57:15  -402495.312500        0.827448
FIRE:  144 23:57:15  -402495.250000        2.530788
FIRE:  145 23:57:15  -402495.250000        7.804797
FIRE:  146 23:57:15  -402495.437500        1.187270
FIRE:  147 23:57:15  -402495.468750        0.851831
FIRE:  148 23:57:15  -402495.468750        0.456339
FIRE:  149 23:57:15  -402495.437500        0.380306
FIRE:  150 23:57:15  -402495.468750        0.827210
FIRE:  151 23:57:15  -402495.468750        0.769534
FIRE:  152 23:57:15  -402495.468750        0.658648
FIRE:  153 23:57:15  -402495.406250        0.502895
FIRE:  154 23:57:15  -402495.468750        0.315433
FIRE:  155 23:57:15  -402495.406250        0.187125
FIRE:  156 23:57:15  -402495.468750        0.186439
FIRE:  157 23:57:16  -402495.468750        0.240573
FIRE:  158 23:57:16  -402495.406250        0.359863
FIRE:  159 23:57:16  -402495.343750        0.414374
FIRE:  160 23:57:16  -402495.437500        0.382414
FIRE:  161 23:57:16  -402495.468750        0.253486
FIRE:  162 23:57:16  -402495.406250        0.176985
FIRE:  163 23:57:16  -402495.437500        0.196641
FIRE:  164 23:57:16  -402495.468750        0.350119
FIRE:  165 23:57:16  -402495.406250        0.324546
FIRE:  166 23:57:16  -402495.500000        0.164713
FIRE:  167 23:57:16  -402495.500000        0.191687
FIRE:  168 23:57:16  -402495.500000        0.267388
FIRE:  169 23:57:16  -402495.500000        0.152274
FIRE:  170 23:57:16  -402495.468750        0.305501
FIRE:  171 23:57:17  -402495.468750        0.152932
FIRE:  172 23:57:17  -402495.531250        0.281223
FIRE:  173 23:57:17  -402495.531250        0.154611
FIRE:  174 23:57:17  -402495.562500        0.262351
FIRE:  175 23:57:17  -402495.562500        0.442817
FIRE:  176 23:57:17  -402495.593750        0.779776
FIRE:  177 23:57:17  -402495.625000        1.385103
FIRE:  178 23:57:17  -402495.656250        3.192201
FIRE:  179 23:57:17  -402495.656250        0.167040
FIRE:  180 23:57:17  -402495.625000        2.778069
FIRE:  181 23:57:17  -402495.687500        2.098653
FIRE:  182 23:57:17  -402495.656250        0.903681
FIRE:  183 23:57:17  -402495.687500        0.514558
FIRE:  184 23:57:17  -402495.687500        0.484510
FIRE:  185 23:57:18  -402495.718750        0.426622
FIRE:  186 23:57:18  -402495.718750        0.344725
FIRE:  187 23:57:18  -402495.687500        0.244611
FIRE:  188 23:57:18  -402495.656250        0.166612
FIRE:  189 23:57:18  -402495.687500        0.166544
FIRE:  190 23:57:18  -402495.687500        0.166477
FIRE:  191 23:57:18  -402495.718750        0.166406
FIRE:  192 23:57:18  -402495.687500        0.220693
FIRE:  193 23:57:18  -402495.718750        0.234123
FIRE:  194 23:57:18  -402495.687500        0.193200
FIRE:  195 23:57:18  -402495.687500        0.166184
FIRE:  196 23:57:18  -402495.718750        0.166142
FIRE:  197 23:57:18  -402495.656250        0.170060
FIRE:  198 23:57:18  -402495.687500        0.224336
FIRE:  199 23:57:18  -402495.718750        0.165780
FIRE:  200 23:57:19  -402495.718750        0.165528
FIRE:  201 23:57:19  -402495.718750        0.163856
FIRE:  202 23:57:19  -402495.718750        0.161556
FIRE:  203 23:57:19  -402495.687500        0.158658
FIRE:  204 23:57:19  -402495.750000        0.186188
FIRE:  205 23:57:19  -402495.625000        0.150945
FIRE:  206 23:57:19  -402495.656250        0.146188
FIRE:  207 23:57:19  -402495.656250        0.171627
FIRE:  208 23:57:19  -402495.687500        0.147828
FIRE:  209 23:57:19  -402495.718750        0.151733
FIRE:  210 23:57:19  -402495.718750        0.237929
FIRE:  211 23:57:19  -402495.750000        0.750314
FIRE:  212 23:57:19  -402495.843750        2.486214
FIRE:  213 23:57:19  -402495.906250        0.165277
FIRE:  214 23:57:20  -402495.906250        2.166343
FIRE:  215 23:57:20  -402495.843750        1.617548
FIRE:  216 23:57:20  -402495.875000        0.660174
FIRE:  217 23:57:20  -402495.906250        0.480864
FIRE:  218 23:57:20  -402495.906250        0.454467
FIRE:  219 23:57:20  -402495.812500        0.403304
FIRE:  220 23:57:20  -402495.812500        0.332136
FIRE:  221 23:57:20  -402495.812500        0.248381
FIRE:  222 23:57:20  -402495.843750        0.165247
FIRE:  223 23:57:20  -402495.781250        0.163555
FIRE:  224 23:57:20  -402495.812500        0.163514
FIRE:  225 23:57:20  -402495.812500        0.177919
FIRE:  226 23:57:20  -402495.812500        0.218270
FIRE:  227 23:57:20  -402495.781250        0.226898
FIRE:  228 23:57:21  -402495.812500        0.195856
FIRE:  229 23:57:21  -402495.812500        0.175446
FIRE:  230 23:57:21  -402495.812500        0.171811
FIRE:  231 23:57:21  -402495.812500        0.218220
FIRE:  232 23:57:21  -402495.812500        0.238238
FIRE:  233 23:57:21  -402495.812500        0.160971
FIRE:  234 23:57:21  -402495.812500        0.160789
FIRE:  235 23:57:21  -402495.812500        0.160760
FIRE:  236 23:57:21  -402495.843750        0.160829
FIRE:  237 23:57:21  -402495.843750        0.161050
FIRE:  238 23:57:21  -402495.843750        0.161618
FIRE:  239 23:57:21  -402495.843750        0.162659
FIRE:  240 23:57:21  -402495.937500        0.164109
FIRE:  241 23:57:21  -402496.000000        0.181671
FIRE:  242 23:57:22  -402495.906250        0.169070
FIRE:  243 23:57:22  -402496.000000        0.173052
FIRE:  244 23:57:22  -402496.031250        0.216153
FIRE:  245 23:57:22  -402496.031250        0.682389
FIRE:  246 23:57:22  -402496.125000        2.332295
FIRE:  247 23:57:22  -402496.125000        0.198827
FIRE:  248 23:57:22  -402496.156250        0.198745
FIRE:  249 23:57:22  -402496.156250        0.198588
FIRE:  250 23:57:22  -402496.125000        0.198371
FIRE:  251 23:57:22  -402496.125000        0.198119
FIRE:  252 23:57:22  -402496.156250        0.197857
FIRE:  253 23:57:22  -402496.156250        0.197628
FIRE:  254 23:57:22  -402496.156250        0.197475
FIRE:  255 23:57:22  -402496.156250        0.197443
FIRE:  256 23:57:22  -402496.156250        0.197640
FIRE:  257 23:57:23  -402496.125000        0.198167
FIRE:  258 23:57:23  -402496.125000        0.199133
FIRE:  259 23:57:23  -402496.187500        0.200605
FIRE:  260 23:57:23  -402496.062500        0.202659
FIRE:  261 23:57:23  -402496.062500        0.205469
FIRE:  262 23:57:23  -402496.062500        0.209319
FIRE:  263 23:57:23  -402496.093750        0.214507
FIRE:  264 23:57:23  -402496.093750        0.221404
FIRE:  265 23:57:23  -402496.125000        0.230744
FIRE:  266 23:57:23  -402496.156250        0.242532
FIRE:  267 23:57:23  -402496.187500        0.257309
FIRE:  268 23:57:23  -402496.218750        0.524972
FIRE:  269 23:57:23  -402496.250000        2.422310
FIRE:  270 23:57:23  -402496.187500       10.073289
FIRE:  271 23:57:24  -402496.406250        4.103010
FIRE:  272 23:57:24  -402496.437500        2.757216
FIRE:  273 23:57:24  -402496.437500        0.650407
FIRE:  274 23:57:24  -402496.437500        1.928363
FIRE:  275 23:57:24  -402496.437500        1.761081
FIRE:  276 23:57:24  -402496.437500        1.441122
FIRE:  277 23:57:24  -402496.406250        0.997093
FIRE:  278 23:57:24  -402496.437500        0.469100
FIRE:  279 23:57:24  -402496.468750        0.330285
FIRE:  280 23:57:24  -402496.468750        0.573884
FIRE:  281 23:57:24  -402496.468750        0.561657
FIRE:  282 23:57:24  -402496.468750        0.538026
FIRE:  283 23:57:24  -402496.437500        0.503145
FIRE:  284 23:57:24  -402496.437500        0.457805
FIRE:  285 23:57:24  -402496.468750        0.403459
FIRE:  286 23:57:25  -402496.468750        0.341455
FIRE:  287 23:57:25  -402496.437500        0.330424
FIRE:  288 23:57:25  -402496.468750        0.330411
FIRE:  289 23:57:25  -402496.437500        0.330397
FIRE:  290 23:57:25  -402496.437500        0.330391
FIRE:  291 23:57:25  -402496.437500        0.330396
FIRE:  292 23:57:25  -402496.468750        0.330427
FIRE:  293 23:57:25  -402496.437500        0.330492
FIRE:  294 23:57:25  -402496.437500        0.330602
FIRE:  295 23:57:25  -402496.437500        0.330774
FIRE:  296 23:57:25  -402496.468750        0.331034
FIRE:  297 23:57:25  -402496.437500        0.331408
FIRE:  298 23:57:25  -402496.437500        0.331919
FIRE:  299 23:57:25  -402496.437500        0.332589
FIRE:  300 23:57:26  -402496.437500        0.333281
FIRE:  301 23:57:26  -402496.437500        0.333936
FIRE:  302 23:57:26  -402496.500000        0.334881
FIRE:  303 23:57:26  -402496.500000        0.336303
FIRE:  304 23:57:26  -402496.468750        0.338417
FIRE:  305 23:57:26  -402496.500000        0.341399
FIRE:  306 23:57:26  -402496.500000        0.345318
FIRE:  307 23:57:26  -402496.500000        0.350279
FIRE:  308 23:57:26  -402496.562500        0.356635
FIRE:  309 23:57:26  -402496.562500        0.364561
FIRE:  310 23:57:26  -402496.500000        0.373953
FIRE:  311 23:57:26  -402496.625000        0.385238
FIRE:  312 23:57:26  -402496.593750        0.425078
FIRE:  313 23:57:26  -402496.625000        0.836632
FIRE:  314 23:57:26  -402496.718750        2.252620
FIRE:  315 23:57:27  -402496.687500        6.532996
FIRE:  316 23:57:27  -402496.843750        0.909743
FIRE:  317 23:57:27  -402496.812500        0.659212
FIRE:  318 23:57:27  -402496.812500        0.428256
FIRE:  319 23:57:27  -402496.812500        0.427952
FIRE:  320 23:57:27  -402496.812500        0.583817
FIRE:  321 23:57:27  -402496.812500        0.663334
FIRE:  322 23:57:27  -402496.843750        0.471225
FIRE:  323 23:57:27  -402496.843750        0.423109
FIRE:  324 23:57:27  -402496.843750        0.420811
FIRE:  325 23:57:27  -402496.843750        0.547773
FIRE:  326 23:57:27  -402496.875000        0.414501
FIRE:  327 23:57:27  -402496.875000        0.409933
FIRE:  328 23:57:27  -402496.875000        0.478809
FIRE:  329 23:57:27  -402496.906250        0.394801
FIRE:  330 23:57:28  -402496.937500        0.454458
FIRE:  331 23:57:28  -402496.968750        0.371886
FIRE:  332 23:57:28  -402497.125000        0.499207
FIRE:  333 23:57:28  -402497.093750        0.476518
FIRE:  334 23:57:28  -402497.093750        0.349176
FIRE:  335 23:57:28  -402497.125000        0.401611
FIRE:  336 23:57:28  -402497.187500        1.192903
FIRE:  337 23:57:28  -402497.281250        3.728902
FIRE:  338 23:57:28  -402497.312500        0.169712
FIRE:  339 23:57:28  -402497.281250        3.430399
FIRE:  340 23:57:28  -402497.312500        2.555898
FIRE:  341 23:57:28  -402497.312500        1.046137
FIRE:  342 23:57:28  -402497.312500        0.696342
FIRE:  343 23:57:28  -402497.312500        0.651190
FIRE:  344 23:57:29  -402497.312500        0.563938
FIRE:  345 23:57:29  -402497.312500        0.440279
FIRE:  346 23:57:29  -402497.312500        0.289177
FIRE:  347 23:57:29  -402497.312500        0.159953
FIRE:  348 23:57:29  -402497.312500        0.159587
FIRE:  349 23:57:29  -402497.312500        0.193178
FIRE:  350 23:57:29  -402497.312500        0.315771
FIRE:  351 23:57:29  -402497.312500        0.392407
FIRE:  352 23:57:29  -402497.312500        0.402164
FIRE:  353 23:57:29  -402497.312500        0.329893
FIRE:  354 23:57:29  -402497.312500        0.175486
FIRE:  355 23:57:29  -402497.343750        0.153611
FIRE:  356 23:57:29  -402497.281250        0.216869
FIRE:  357 23:57:29  -402497.343750        0.281219
FIRE:  358 23:57:29  -402497.343750        0.169743
FIRE:  359 23:57:30  -402497.343750        0.143889
FIRE:  360 23:57:30  -402497.343750        0.279767
FIRE:  361 23:57:30  -402497.343750        0.205001
FIRE:  362 23:57:30  -402497.406250        0.129892
FIRE:  363 23:57:30  -402497.375000        0.209726
FIRE:  364 23:57:30  -402497.343750        0.134700
FIRE:  365 23:57:30  -402497.406250        0.215114
FIRE:  366 23:57:30  -402497.406250        0.242550
FIRE:  367 23:57:30  -402497.437500        0.177699
FIRE:  368 23:57:30  -402497.468750        0.118141
FIRE:  369 23:57:30  -402497.500000        0.116577
FIRE:  370 23:57:30  -402497.531250        0.118713
FIRE:  371 23:57:30  -402497.562500        0.667969
FIRE:  372 23:57:30  -402497.593750        3.210923
FIRE:  373 23:57:31  -402497.593750        0.857862
FIRE:  374 23:57:31  -402497.593750        0.594650
FIRE:  375 23:57:31  -402497.593750        0.155081
FIRE:  376 23:57:31  -402497.593750        0.305134
FIRE:  377 23:57:31  -402497.656250        0.279729
FIRE:  378 23:57:31  -402497.593750        0.231023
FIRE:  379 23:57:31  -402497.625000        0.163766
FIRE:  380 23:57:31  -402497.593750        0.123735
FIRE:  381 23:57:31  -402497.625000        0.123662
FIRE:  382 23:57:31  -402497.656250        0.123580
FIRE:  383 23:57:31  -402497.562500        0.146699
FIRE:  384 23:57:31  -402497.625000        0.188038
FIRE:  385 23:57:31  -402497.593750        0.198440
FIRE:  386 23:57:31  -402497.625000        0.168851
FIRE:  387 23:57:32  -402497.593750        0.122946
FIRE:  388 23:57:32  -402497.593750        0.122738
FIRE:  389 23:57:32  -402497.593750        0.122473
FIRE:  390 23:57:32  -402497.625000        0.123721
FIRE:  391 23:57:32  -402497.625000        0.121706
FIRE:  392 23:57:32  -402497.687500        0.121169
FIRE:  393 23:57:32  -402497.656250        0.143181
FIRE:  394 23:57:32  -402497.625000        0.119776
FIRE:  395 23:57:32  -402497.687500        0.118882
FIRE:  396 23:57:32  -402497.593750        0.117767
FIRE:  397 23:57:32  -402497.625000        0.116376
FIRE:  398 23:57:32  -402497.656250        0.114730
FIRE:  399 23:57:32  -402497.656250        0.128563
FIRE:  400 23:57:32  -402497.656250        0.156995
FIRE:  401 23:57:32  -402497.687500        0.160782
FIRE:  402 23:57:33  -402497.687500        0.378635
FIRE:  403 23:57:33  -402497.781250        1.078337
FIRE:  404 23:57:33  -402497.750000        3.185192
FIRE:  405 23:57:33  -402497.750000        0.269051
FIRE:  406 23:57:33  -402497.812500        0.195778
FIRE:  407 23:57:33  -402497.781250        0.107614
FIRE:  408 23:57:33  -402497.750000        0.107537
FIRE:  409 23:57:33  -402497.750000        0.174190
FIRE:  410 23:57:33  -402497.750000        0.202956
FIRE:  411 23:57:33  -402497.750000        0.153198
FIRE:  412 23:57:33  -402497.781250        0.109367
FIRE:  413 23:57:33  -402497.750000        0.110317
FIRE:  414 23:57:33  -402497.750000        0.154765
FIRE:  415 23:57:33  -402497.750000        0.111956
FIRE:  416 23:57:34  -402497.781250        0.112591
FIRE:  417 23:57:34  -402497.750000        0.149110
FIRE:  418 23:57:34  -402497.781250        0.115342
FIRE:  419 23:57:34  -402497.781250        0.130294
FIRE:  420 23:57:34  -402497.812500        0.119171
FIRE:  421 23:57:34  -402497.781250        0.151814
FIRE:  422 23:57:34  -402497.812500        0.131975
FIRE:  423 23:57:34  -402497.812500        0.126211
FIRE:  424 23:57:34  -402497.750000        0.130334
FIRE:  425 23:57:34  -402497.781250        0.191311
FIRE:  426 23:57:34  -402497.875000        0.766034
FIRE:  427 23:57:34  -402497.875000        2.945261
FIRE:  428 23:57:34  -402497.906250        0.538961
FIRE:  429 23:57:34  -402497.906250        0.381904
FIRE:  430 23:57:34  -402497.843750        0.150734
FIRE:  431 23:57:35  -402497.906250        0.170491
FIRE:  432 23:57:35  -402497.906250        0.357139
FIRE:  433 23:57:35  -402497.937500        0.385729
FIRE:  434 23:57:35  -402497.906250        0.257902
FIRE:  435 23:57:35  -402497.906250        0.153758
FIRE:  436 23:57:35  -402497.875000        0.219003
FIRE:  437 23:57:35  -402497.906250        0.317641
FIRE:  438 23:57:35  -402497.906250        0.171930
FIRE:  439 23:57:35  -402497.937500        0.159051
FIRE:  440 23:57:35  -402497.906250        0.271835
FIRE:  441 23:57:35  -402497.937500        0.164244
FIRE:  442 23:57:35  -402497.937500        0.277514
FIRE:  443 23:57:35  -402497.968750        0.171034
FIRE:  444 23:57:35  -402497.937500        0.252179
FIRE:  445 23:57:36  -402497.906250        0.312693
FIRE:  446 23:57:36  -402498.000000        0.245386
FIRE:  447 23:57:36  -402497.968750        0.338146
FIRE:  448 23:57:36  -402498.031250        0.816247
FIRE:  449 23:57:36  -402498.062500        2.516098
FIRE:  450 23:57:36  -402498.031250        0.214632
FIRE:  451 23:57:36  -402498.031250        0.214911
FIRE:  452 23:57:36  -402498.000000        0.215464
FIRE:  453 23:57:36  -402498.000000        0.216244
FIRE:  454 23:57:36  -402498.031250        0.217188
FIRE:  455 23:57:36  -402498.031250        0.218223
FIRE:  456 23:57:36  -402498.031250        0.219317
FIRE:  457 23:57:36  -402498.062500        0.220467
FIRE:  458 23:57:36  -402498.062500        0.221839
FIRE:  459 23:57:36  -402498.031250        0.223592
FIRE:  460 23:57:37  -402498.062500        0.225842
FIRE:  461 23:57:37  -402498.062500        0.228622
FIRE:  462 23:57:37  -402498.093750        0.231759
FIRE:  463 23:57:37  -402498.062500        0.235093
FIRE:  464 23:57:37  -402498.125000        0.239232
FIRE:  465 23:57:37  -402498.093750        0.243507
FIRE:  466 23:57:37  -402498.125000        0.246772
FIRE:  467 23:57:37  -402498.156250        0.249004
FIRE:  468 23:57:37  -402498.187500        0.251592
FIRE:  469 23:57:37  -402498.218750        0.254097
FIRE:  470 23:57:37  -402498.250000        0.258183
FIRE:  471 23:57:37  -402498.281250        0.263528
FIRE:  472 23:57:37  -402498.312500        1.189733
FIRE:  473 23:57:37  -402498.312500        5.861323
FIRE:  474 23:57:37  -402498.375000        2.454695
FIRE:  475 23:57:37  -402498.437500        1.619493
FIRE:  476 23:57:37  -402498.437500        0.233328
FIRE:  477 23:57:37  -402498.437500        1.160512
FIRE:  478 23:57:38  -402498.406250        1.057088
FIRE:  479 23:57:38  -402498.437500        0.859736
FIRE:  480 23:57:38  -402498.406250        0.586551
FIRE:  481 23:57:38  -402498.437500        0.265391
FIRE:  482 23:57:38  -402498.406250        0.232462
FIRE:  483 23:57:38  -402498.406250        0.364053
FIRE:  484 23:57:38  -402498.406250        0.573687
FIRE:  485 23:57:38  -402498.437500        0.690238
FIRE:  486 23:57:38  -402498.437500        0.680942
FIRE:  487 23:57:38  -402498.406250        0.523951
FIRE:  488 23:57:38  -402498.406250        0.235600
FIRE:  489 23:57:38  -402498.437500        0.235194
FIRE:  490 23:57:38  -402498.406250        0.445874
FIRE:  491 23:57:38  -402498.468750        0.487925
FIRE:  492 23:57:38  -402498.437500        0.236369
FIRE:  493 23:57:38  -402498.437500        0.255971
FIRE:  494 23:57:38  -402498.437500        0.489488
FIRE:  495 23:57:39  -402498.468750        0.234998
FIRE:  496 23:57:39  -402498.500000        0.347783
FIRE:  497 23:57:39  -402498.468750        0.281896
FIRE:  498 23:57:39  -402498.531250        0.419621
FIRE:  499 23:57:39  -402498.562500        0.203976
FIRE:  500 23:57:39  -402498.562500        0.530243
FIRE:  501 23:57:39  -402498.625000        0.653419
FIRE:  502 23:57:39  -402498.562500        0.663426
FIRE:  503 23:57:39  -402498.593750        1.215587
FIRE:  504 23:57:39  -402498.625000        2.909012
FIRE:  505 23:57:39  -402498.656250        0.165617
FIRE:  506 23:57:39  -402498.625000        2.620544
FIRE:  507 23:57:39  -402498.625000        1.979983
FIRE:  508 23:57:39  -402498.656250        0.857609
FIRE:  509 23:57:39  -402498.656250        0.467573
FIRE:  510 23:57:39  -402498.625000        0.438010
FIRE:  511 23:57:39  -402498.656250        0.380739
FIRE:  512 23:57:40  -402498.656250        0.299819
FIRE:  513 23:57:40  -402498.656250        0.201847
FIRE:  514 23:57:40  -402498.656250        0.157360
FIRE:  515 23:57:40  -402498.656250        0.156934
FIRE:  516 23:57:40  -402498.656250        0.156477
FIRE:  517 23:57:40  -402498.625000        0.207216
FIRE:  518 23:57:40  -402498.625000        0.261002
FIRE:  519 23:57:40  -402498.625000        0.271884
FIRE:  520 23:57:40  -402498.625000        0.229494
FIRE:  521 23:57:40  -402498.656250        0.152433
FIRE:  522 23:57:40  -402498.656250        0.151192
FIRE:  523 23:57:40  -402498.656250        0.149712
FIRE:  524 23:57:40  -402498.656250        0.186740
FIRE:  525 23:57:40  -402498.656250        0.145914
FIRE:  526 23:57:40  -402498.656250        0.143633
FIRE:  527 23:57:40  -402498.656250        0.186350
FIRE:  528 23:57:41  -402498.687500        0.146747
FIRE:  529 23:57:41  -402498.687500        0.136076
FIRE:  530 23:57:41  -402498.687500        0.148177
FIRE:  531 23:57:41  -402498.687500        0.130684
FIRE:  532 23:57:41  -402498.718750        0.157983
FIRE:  533 23:57:41  -402498.718750        0.158318
FIRE:  534 23:57:41  -402498.687500        0.123040
FIRE:  535 23:57:41  -402498.750000        0.119272
FIRE:  536 23:57:41  -402498.781250        0.113495
FIRE:  537 23:57:41  -402498.875000        0.203342
FIRE:  538 23:57:41  -402498.906250        0.931555
FIRE:  539 23:57:41  -402498.875000        3.887226
FIRE:  540 23:57:41  -402498.906250        0.906436
FIRE:  541 23:57:41  -402498.937500        0.625073
FIRE:  542 23:57:41  -402498.937500        0.152443
FIRE:  543 23:57:41  -402498.937500        0.351358
FIRE:  544 23:57:41  -402498.906250        0.325094
FIRE:  545 23:57:42  -402498.906250        0.274483
FIRE:  546 23:57:42  -402498.906250        0.204383
FIRE:  547 23:57:42  -402498.906250        0.121585
FIRE:  548 23:57:42  -402498.937500        0.092904
FIRE:  549 23:57:42  -402498.937500        0.092993
FIRE:  550 23:57:42  -402498.906250        0.122118
FIRE:  551 23:57:42  -402498.937500        0.167010
FIRE:  552 23:57:42  -402498.937500        0.180406
FIRE:  553 23:57:42  -402498.906250        0.152999
FIRE:  554 23:57:42  -402498.937500        0.093454
FIRE:  555 23:57:42  -402498.937500        0.093567
FIRE:  556 23:57:42  -402498.937500        0.119430
FIRE:  557 23:57:42  -402498.968750        0.158772
FIRE:  558 23:57:42  -402498.968750        0.110745
FIRE:  559 23:57:42  -402498.937500        0.094878
FIRE:  560 23:57:42  -402498.968750        0.118463
FIRE:  561 23:57:42  -402498.968750        0.096115
FIRE:  562 23:57:43  -402498.937500        0.096818
FIRE:  563 23:57:43  -402498.968750        0.124146
FIRE:  564 23:57:43  -402498.968750        0.099084
FIRE:  565 23:57:43  -402498.968750        0.100621
FIRE:  566 23:57:43  -402499.000000        0.144133
FIRE:  567 23:57:43  -402498.968750        0.104840
FIRE:  568 23:57:43  -402498.968750        0.107566
FIRE:  569 23:57:43  -402499.031250        0.111295
FIRE:  570 23:57:43  -402499.031250        0.406784
FIRE:  571 23:57:43  -402499.062500        1.553810
FIRE:  572 23:57:43  -402498.968750        5.589070
FIRE:  573 23:57:43  -402499.093750        1.558301
FIRE:  574 23:57:43  -402499.062500        1.062764
FIRE:  575 23:57:43  -402499.062500        0.247161
FIRE:  576 23:57:43  -402499.062500        0.649659
FIRE:  577 23:57:43  -402499.093750        0.598210
FIRE:  578 23:57:43  -402499.062500        0.499175
FIRE:  579 23:57:44  -402499.062500        0.361220
FIRE:  580 23:57:44  -402499.062500        0.196388
FIRE:  581 23:57:44  -402499.093750        0.128196
FIRE:  582 23:57:44  -402499.093750        0.139637
FIRE:  583 23:57:44  -402499.062500        0.262102
FIRE:  584 23:57:44  -402499.093750        0.340996
FIRE:  585 23:57:44  -402499.062500        0.358318
FIRE:  586 23:57:44  -402499.093750        0.299811
FIRE:  587 23:57:44  -402499.093750        0.162756
FIRE:  588 23:57:44  -402499.093750        0.129349
FIRE:  589 23:57:44  -402499.093750        0.214327
FIRE:  590 23:57:44  -402499.093750        0.291676
FIRE:  591 23:57:44  -402499.093750        0.207535
FIRE:  592 23:57:44  -402499.093750        0.131272
FIRE:  593 23:57:45  -402499.093750        0.225055
FIRE:  594 23:57:45  -402499.062500        0.191327
FIRE:  595 23:57:45  -402499.093750        0.134022
FIRE:  596 23:57:45  -402499.062500        0.232196
FIRE:  597 23:57:45  -402499.125000        0.137142
FIRE:  598 23:57:45  -402499.125000        0.204904
FIRE:  599 23:57:45  -402499.125000        0.198009
FIRE:  600 23:57:45  -402499.093750        0.144436
FIRE:  601 23:57:45  -402499.156250        0.147901
FIRE:  602 23:57:45  -402499.125000        0.369416
FIRE:  603 23:57:45  -402499.156250        1.076045
FIRE:  604 23:57:45  -402499.156250        3.074934
FIRE:  605 23:57:45  -402499.187500        0.297954
FIRE:  606 23:57:45  -402499.187500        0.215900
FIRE:  607 23:57:46  -402499.156250        0.161122
FIRE:  608 23:57:46  -402499.187500        0.161143
FIRE:  609 23:57:46  -402499.156250        0.189242
FIRE:  610 23:57:46  -402499.187500        0.218322
FIRE:  611 23:57:46  -402499.187500        0.161992
FIRE:  612 23:57:46  -402499.187500        0.162418
FIRE:  613 23:57:46  -402499.187500        0.162814
FIRE:  614 23:57:46  -402499.156250        0.167414
FIRE:  615 23:57:46  -402499.156250        0.163315
FIRE:  616 23:57:46  -402499.156250        0.163560
FIRE:  617 23:57:46  -402499.156250        0.164039
FIRE:  618 23:57:46  -402499.187500        0.164841
FIRE:  619 23:57:46  -402499.218750        0.165914
FIRE:  620 23:57:46  -402499.187500        0.167059
FIRE:  621 23:57:46  -402499.187500        0.168186
FIRE:  622 23:57:47  -402499.218750        0.169415
FIRE:  623 23:57:47  -402499.218750        0.170489
FIRE:  624 23:57:47  -402499.218750        0.171793
FIRE:  625 23:57:47  -402499.250000        0.289241
FIRE:  626 23:57:47  -402499.250000        1.055671
FIRE:  627 23:57:47  -402499.250000        3.643432
FIRE:  628 23:57:47  -402499.281250        0.720787
FIRE:  629 23:57:47  -402499.250000        0.505577
FIRE:  630 23:57:47  -402499.281250        0.172576
FIRE:  631 23:57:47  -402499.281250        0.248876
FIRE:  632 23:57:47  -402499.281250        0.230302
FIRE:  633 23:57:47  -402499.250000        0.194450
FIRE:  634 23:57:47  -402499.250000        0.172586
FIRE:  635 23:57:47  -402499.281250        0.172639
FIRE:  636 23:57:48  -402499.250000        0.172703
FIRE:  637 23:57:48  -402499.312500        0.172774
FIRE:  638 23:57:48  -402499.281250        0.172846
FIRE:  639 23:57:48  -402499.312500        0.172922
FIRE:  640 23:57:48  -402499.312500        0.172992
FIRE:  641 23:57:48  -402499.281250        0.173048
FIRE:  642 23:57:48  -402499.312500        0.173076
FIRE:  643 23:57:48  -402499.281250        0.173062
FIRE:  644 23:57:48  -402499.281250        0.172992
FIRE:  645 23:57:48  -402499.312500        0.172856
FIRE:  646 23:57:48  -402499.281250        0.172668
FIRE:  647 23:57:48  -402499.281250        0.172428
FIRE:  648 23:57:48  -402499.312500        0.172115
FIRE:  649 23:57:48  -402499.312500        0.171719
FIRE:  650 23:57:49  -402499.312500        0.171239
FIRE:  651 23:57:49  -402499.312500        0.170725
FIRE:  652 23:57:49  -402499.312500        0.170092
FIRE:  653 23:57:49  -402499.281250        0.169011
FIRE:  654 23:57:49  -402499.343750        0.167214
FIRE:  655 23:57:49  -402499.343750        0.164979
FIRE:  656 23:57:49  -402499.343750        0.162340
FIRE:  657 23:57:49  -402499.281250        0.158683
FIRE:  658 23:57:49  -402499.281250        0.231318
FIRE:  659 23:57:49  -402499.312500        0.990125
FIRE:  660 23:57:49  -402499.281250        3.734110
FIRE:  661 23:57:49  -402499.312500        0.943338
FIRE:  662 23:57:49  -402499.312500        0.650658
FIRE:  663 23:57:49  -402499.312500        0.155951
FIRE:  664 23:57:50  -402499.312500        0.367606
FIRE:  665 23:57:50  -402499.312500        0.339414
FIRE:  666 23:57:50  -402499.312500        0.284671
FIRE:  667 23:57:50  -402499.312500        0.208679
FIRE:  668 23:57:50  -402499.312500        0.138335
FIRE:  669 23:57:50  -402499.312500        0.138321
FIRE:  670 23:57:50  -402499.312500        0.138306
FIRE:  671 23:57:50  -402499.312500        0.138295
FIRE:  672 23:57:50  -402499.312500        0.185093
FIRE:  673 23:57:50  -402499.312500        0.198714
FIRE:  674 23:57:50  -402499.312500        0.169139
FIRE:  675 23:57:50  -402499.312500        0.138251
FIRE:  676 23:57:50  -402499.312500        0.138161
FIRE:  677 23:57:50  -402499.312500        0.137952
FIRE:  678 23:57:51  -402499.312500        0.160204
FIRE:  679 23:57:51  -402499.312500        0.137009
FIRE:  680 23:57:51  -402499.312500        0.136247
FIRE:  681 23:57:51  -402499.312500        0.135356
FIRE:  682 23:57:51  -402499.312500        0.134405
FIRE:  683 23:57:51  -402499.343750        0.133407
FIRE:  684 23:57:51  -402499.343750        0.132258
FIRE:  685 23:57:51  -402499.343750        0.130729
FIRE:  686 23:57:51  -402499.343750        0.128686
FIRE:  687 23:57:51  -402499.343750        0.136828
FIRE:  688 23:57:51  -402499.375000        0.122701
FIRE:  689 23:57:51  -402499.406250        0.119360
FIRE:  690 23:57:51  -402499.375000        0.115864
FIRE:  691 23:57:51  -402499.375000        0.111875
FIRE:  692 23:57:52  -402499.468750        0.138840
FIRE:  693 23:57:52  -402499.468750        0.877679
FIRE:  694 23:57:52  -402499.406250        4.755368
FIRE:  695 23:57:52  -402499.437500        2.701196
FIRE:  696 23:57:52  -402499.468750        1.657516
FIRE:  697 23:57:52  -402499.500000        0.122544
FIRE:  698 23:57:52  -402499.468750        1.538511
FIRE:  699 23:57:52  -402499.500000        1.387966
FIRE:  700 23:57:52  -402499.468750        1.102050
FIRE:  701 23:57:52  -402499.468750        0.709318
FIRE:  702 23:57:52  -402499.437500        0.249471
FIRE:  703 23:57:52  -402499.468750        0.222123
FIRE:  704 23:57:52  -402499.468750        0.216741
FIRE:  705 23:57:52  -402499.468750        0.205872
FIRE:  706 23:57:52  -402499.468750        0.190004
FIRE:  707 23:57:53  -402499.468750        0.169679
FIRE:  708 23:57:53  -402499.468750        0.145048
FIRE:  709 23:57:53  -402499.468750        0.117561
FIRE:  710 23:57:53  -402499.468750        0.087721
FIRE:  711 23:57:53  -402499.468750        0.083967
FIRE:  712 23:57:53  -402499.468750        0.083973
FIRE:  713 23:57:53  -402499.468750        0.083984
FIRE:  714 23:57:53  -402499.468750        0.083997
FIRE:  715 23:57:53  -402499.468750        0.089021
FIRE:  716 23:57:53  -402499.468750        0.107047
FIRE:  717 23:57:53  -402499.468750        0.108405
FIRE:  718 23:57:53  -402499.468750        0.089241
FIRE:  719 23:57:53  -402499.468750        0.083882
FIRE:  720 23:57:53  -402499.468750        0.083811
FIRE:  721 23:57:54  -402499.468750        0.083728
FIRE:  722 23:57:54  -402499.468750        0.083635
FIRE:  723 23:57:54  -402499.437500        0.083505
FIRE:  724 23:57:54  -402499.468750        0.083349
FIRE:  725 23:57:54  -402499.468750        0.083182
FIRE:  726 23:57:54  -402499.468750        0.082957
FIRE:  727 23:57:54  -402499.468750        0.082635
FIRE:  728 23:57:54  -402499.468750        0.082261
FIRE:  729 23:57:54  -402499.468750        0.081860
FIRE:  730 23:57:54  -402499.500000        0.081330
FIRE:  731 23:57:54  -402499.500000        0.080656
FIRE:  732 23:57:54  -402499.500000        0.079798
FIRE:  733 23:57:54  -402499.500000        0.093994
FIRE:  734 23:57:54  -402499.500000        0.103350
FIRE:  735 23:57:55  -402499.531250        0.206544
FIRE:  736 23:57:55  -402499.562500        0.583069
FIRE:  737 23:57:55  -402499.531250        1.731133
FIRE:  738 23:57:55  -402499.531250        0.088644
FIRE:  739 23:57:55  -402499.531250        0.072334
FIRE:  740 23:57:55  -402499.562500        0.072360
FIRE:  741 23:57:55  -402499.531250        0.072438
FIRE:  742 23:57:55  -402499.531250        0.072498
FIRE:  743 23:57:55  -402499.531250        0.072539
FIRE:  744 23:57:55  -402499.531250        0.072536
FIRE:  745 23:57:55  -402499.531250        0.072514
FIRE:  746 23:57:55  -402499.531250        0.072426
FIRE:  747 23:57:55  -402499.468750        0.072307
FIRE:  748 23:57:55  -402499.437500        0.072117
FIRE:  749 23:57:55  -402499.468750        0.071869
FIRE:  750 23:57:56  -402499.468750        0.071592
FIRE:  751 23:57:56  -402499.562500        0.071281
FIRE:  752 23:57:56  -402499.562500        0.070961
FIRE:  753 23:57:56  -402499.562500        0.070662
FIRE:  754 23:57:56  -402499.562500        0.070211
FIRE:  755 23:57:56  -402499.562500        0.069519
FIRE:  756 23:57:56  -402499.562500        0.068650
FIRE:  757 23:57:56  -402499.500000        0.067812
FIRE:  758 23:57:56  -402499.531250        0.081118
FIRE:  759 23:57:56  -402499.593750        0.327399
FIRE:  760 23:57:56  -402499.593750        1.444938
FIRE:  761 23:57:56  -402499.593750        0.210211
FIRE:  762 23:57:56  -402499.593750        0.149256
FIRE:  763 23:57:56  -402499.593750        0.070716
FIRE:  764 23:57:57  -402499.593750        0.070797
FIRE:  765 23:57:57  -402499.593750        0.140817
FIRE:  766 23:57:57  -402499.593750        0.155420
FIRE:  767 23:57:57  -402499.593750        0.106287
FIRE:  768 23:57:57  -402499.593750        0.071277
FIRE:  769 23:57:57  -402499.625000        0.080781
FIRE:  770 23:57:57  -402499.625000        0.119951
FIRE:  771 23:57:57  -402499.625000        0.071630
FIRE:  772 23:57:57  -402499.656250        0.071787
FIRE:  773 23:57:57  -402499.625000        0.110263
FIRE:  774 23:57:57  -402499.625000        0.072356
FIRE:  775 23:57:57  -402499.625000        0.104542
FIRE:  776 23:57:57  -402499.625000        0.073400
FIRE:  777 23:57:57  -402499.625000        0.089196
FIRE:  778 23:57:57  -402499.625000        0.135063
FIRE:  779 23:57:58  -402499.593750        0.170054
FIRE:  780 23:57:58  -402499.625000        0.279493
FIRE:  781 23:57:58  -402499.625000        0.683441
FIRE:  782 23:57:58  -402499.625000        1.807350
FIRE:  783 23:57:58  -402499.625000        0.079344
FIRE:  784 23:57:58  -402499.625000        0.079374
FIRE:  785 23:57:58  -402499.625000        0.079432
FIRE:  786 23:57:58  -402499.625000        0.079523
FIRE:  787 23:57:58  -402499.625000        0.079639
FIRE:  788 23:57:58  -402499.625000        0.079773
FIRE:  789 23:57:58  -402499.625000        0.079912
FIRE:  790 23:57:58  -402499.625000        0.080043
FIRE:  791 23:57:58  -402499.625000        0.080167
FIRE:  792 23:57:58  -402499.625000        0.080274
FIRE:  793 23:57:58  -402499.656250        0.080373
FIRE:  794 23:57:58  -402499.625000        0.080488
FIRE:  795 23:57:58  -402499.625000        0.080656
FIRE:  796 23:57:58  -402499.656250        0.080921
FIRE:  797 23:57:59  -402499.687500        0.081314
FIRE:  798 23:57:59  -402499.718750        0.081830
FIRE:  799 23:57:59  -402499.656250        0.082393
FIRE:  800 23:57:59  -402499.687500        0.082934
FIRE:  801 23:57:59  -402499.656250        0.083548
FIRE:  802 23:57:59  -402499.750000        0.084386
FIRE:  803 23:57:59  -402499.750000        0.085371
FIRE:  804 23:57:59  -402499.750000        0.086277
FIRE:  805 23:57:59  -402499.750000        0.087129
FIRE:  806 23:57:59  -402499.812500        0.398437
FIRE:  807 23:57:59  -402499.812500        2.821866
FIRE:  808 23:57:59  -402499.812500        1.834452
FIRE:  809 23:57:59  -402499.812500        1.080968
FIRE:  810 23:57:59  -402499.812500        0.117900
FIRE:  811 23:57:59  -402499.781250        0.106139
FIRE:  812 23:57:59  -402499.781250        0.088452
FIRE:  813 23:57:59  -402499.812500        0.088479
FIRE:  814 23:58:00  -402499.781250        0.088513
FIRE:  815 23:58:00  -402499.812500        0.088560
FIRE:  816 23:58:00  -402499.812500        0.088611
FIRE:  817 23:58:00  -402499.781250        0.088671
FIRE:  818 23:58:00  -402499.843750        0.088737
FIRE:  819 23:58:00  -402499.812500        0.088810
FIRE:  820 23:58:00  -402499.843750        0.088876
FIRE:  821 23:58:00  -402499.812500        0.088935
FIRE:  822 23:58:00  -402499.812500        0.088964
FIRE:  823 23:58:00  -402499.812500        0.088962
FIRE:  824 23:58:00  -402499.843750        0.088928
FIRE:  825 23:58:00  -402499.812500        0.088881
FIRE:  826 23:58:00  -402499.843750        0.088838
FIRE:  827 23:58:00  -402499.843750        0.088830
FIRE:  828 23:58:00  -402499.812500        0.088871
FIRE:  829 23:58:00  -402499.843750        0.088947
FIRE:  830 23:58:00  -402499.812500        0.088994
FIRE:  831 23:58:01  -402499.843750        0.088905
FIRE:  832 23:58:01  -402499.781250        0.088709
FIRE:  833 23:58:01  -402499.812500        0.088520
FIRE:  834 23:58:01  -402499.875000        0.158680
FIRE:  835 23:58:01  -402499.843750        0.421681
FIRE:  836 23:58:01  -402499.843750        1.221292
FIRE:  837 23:58:01  -402499.875000        0.085406
FIRE:  838 23:58:01  -402499.843750        1.071436
FIRE:  839 23:58:01  -402499.812500        0.812987
FIRE:  840 23:58:01  -402499.812500        0.358052
FIRE:  841 23:58:01  -402499.843750        0.178591
FIRE:  842 23:58:01  -402499.843750        0.168132
FIRE:  843 23:58:01  -402499.812500        0.147642
FIRE:  844 23:58:01  -402499.843750        0.118821
FIRE:  845 23:58:01  -402499.812500        0.085698
FIRE:  846 23:58:01  -402499.812500        0.085686
FIRE:  847 23:58:02  -402499.812500        0.085676
FIRE:  848 23:58:02  -402499.812500        0.085658
FIRE:  849 23:58:02  -402499.843750        0.085638
FIRE:  850 23:58:02  -402499.843750        0.085614
FIRE:  851 23:58:02  -402499.812500        0.086665
FIRE:  852 23:58:02  -402499.812500        0.085541
FIRE:  853 23:58:02  -402499.843750        0.085493
FIRE:  854 23:58:02  -402499.812500        0.085433
FIRE:  855 23:58:02  -402499.812500        0.085357
FIRE:  856 23:58:02  -402499.843750        0.085262
FIRE:  857 23:58:02  -402499.843750        0.085145
FIRE:  858 23:58:02  -402499.875000        0.084989
FIRE:  859 23:58:02  -402499.843750        0.084789
FIRE:  860 23:58:02  -402499.843750        0.084527
FIRE:  861 23:58:02  -402499.843750        0.084181
FIRE:  862 23:58:02  -402499.875000        0.083740
FIRE:  863 23:58:02  -402499.843750        0.083169
FIRE:  864 23:58:03  -402499.875000        0.082471
FIRE:  865 23:58:03  -402499.906250        0.081561
FIRE:  866 23:58:03  -402499.843750        0.080375
FIRE:  867 23:58:03  -402499.843750        0.078803
FIRE:  868 23:58:03  -402499.875000        0.112973
FIRE:  869 23:58:03  -402499.906250        0.352394
FIRE:  870 23:58:03  -402499.875000        1.169193
FIRE:  871 23:58:03  -402499.843750        3.687836
FIRE:  872 23:58:03  -402499.906250        0.753363
FIRE:  873 23:58:03  -402499.906250        0.528720
FIRE:  874 23:58:03  -402499.906250        0.147094
FIRE:  875 23:58:03  -402499.906250        0.261647
FIRE:  876 23:58:03  -402499.906250        0.241684
FIRE:  877 23:58:03  -402499.906250        0.203115
FIRE:  878 23:58:03  -402499.937500        0.149584
FIRE:  879 23:58:03  -402499.906250        0.085432
FIRE:  880 23:58:03  -402499.937500        0.066178
FIRE:  881 23:58:04  -402499.906250        0.066175
FIRE:  882 23:58:04  -402499.906250        0.098599
FIRE:  883 23:58:04  -402499.906250        0.135432
FIRE:  884 23:58:04  -402499.906250        0.148512
FIRE:  885 23:58:04  -402499.906250        0.130428
FIRE:  886 23:58:04  -402499.906250        0.079217
FIRE:  887 23:58:04  -402499.906250        0.065976
FIRE:  888 23:58:04  -402499.937500        0.073053
FIRE:  889 23:58:04  -402499.937500        0.110992
FIRE:  890 23:58:04  -402499.937500        0.082965
FIRE:  891 23:58:04  -402499.937500        0.065000
FIRE:  892 23:58:04  -402499.937500        0.093209
FIRE:  893 23:58:04  -402499.906250        0.085583
FIRE:  894 23:58:04  -402499.937500        0.063440
FIRE:  895 23:58:04  -402499.906250        0.091153
FIRE:  896 23:58:04  -402499.937500        0.061891
FIRE:  897 23:58:05  -402499.968750        0.092740
FIRE:  898 23:58:05  -402499.937500        0.078074
FIRE:  899 23:58:05  -402499.968750        0.057328
FIRE:  900 23:58:05  -402499.968750        0.055031
FIRE:  901 23:58:05  -402500.000000        0.152534
FIRE:  902 23:58:05  -402500.000000        0.500987
FIRE:  903 23:58:05  -402500.000000        1.497897
FIRE:  904 23:58:05  -402500.000000        0.051195
FIRE:  905 23:58:05  -402500.000000        0.051206
FIRE:  906 23:58:05  -402499.968750        0.051172
FIRE:  907 23:58:05  -402500.000000        0.051201
FIRE:  908 23:58:05  -402500.031250        0.051185
FIRE:  909 23:58:05  -402500.000000        0.051189
FIRE:  910 23:58:05  -402500.000000        0.051183
FIRE:  911 23:58:05  -402500.000000        0.051188
FIRE:  912 23:58:05  -402500.000000        0.051195
FIRE:  913 23:58:06  -402500.000000        0.051184
FIRE:  914 23:58:06  -402500.031250        0.051163
FIRE:  915 23:58:06  -402500.000000        0.051115
FIRE:  916 23:58:06  -402500.000000        0.051113
FIRE:  917 23:58:06  -402500.031250        0.051153
FIRE:  918 23:58:06  -402500.031250        0.051211
FIRE:  919 23:58:06  -402500.031250        0.051280
FIRE:  920 23:58:06  -402500.031250        0.051375
FIRE:  921 23:58:06  -402500.031250        0.051518
FIRE:  922 23:58:06  -402500.031250        0.051704
FIRE:  923 23:58:06  -402500.000000        0.051974
FIRE:  924 23:58:06  -402500.031250        0.052354
FIRE:  925 23:58:06  -402500.031250        0.052902
FIRE:  926 23:58:06  -402500.062500        0.152736
FIRE:  927 23:58:06  -402500.000000        1.044092
FIRE:  928 23:58:07  -402500.000000        5.652242
FIRE:  929 23:58:07  -402500.031250        3.643196
FIRE:  930 23:58:07  -402500.062500        2.141668
FIRE:  931 23:58:07  -402500.093750        0.285785
FIRE:  932 23:58:07  -402500.093750        0.267477
FIRE:  933 23:58:07  -402500.093750        0.232282
FIRE:  934 23:58:07  -402500.093750        0.183130
FIRE:  935 23:58:07  -402500.093750        0.124513
FIRE:  936 23:58:07  -402500.062500        0.095075
FIRE:  937 23:58:07  -402500.093750        0.089730
FIRE:  938 23:58:07  -402500.093750        0.121722
FIRE:  939 23:58:07  -402500.062500        0.128035
FIRE:  940 23:58:07  -402500.062500        0.102571
FIRE:  941 23:58:07  -402500.062500        0.093019
FIRE:  942 23:58:07  -402500.062500        0.101726
FIRE:  943 23:58:08  -402500.062500        0.129737
FIRE:  944 23:58:08  -402500.062500        0.118211
FIRE:  945 23:58:08  -402500.093750        0.059832
FIRE:  946 23:58:08  -402500.062500        0.056480
FIRE:  947 23:58:08  -402500.093750        0.094790
FIRE:  948 23:58:08  -402500.093750        0.085863
FIRE:  949 23:58:08  -402500.093750        0.085577
FIRE:  950 23:58:08  -402500.062500        0.056953
FIRE:  951 23:58:08  -402500.093750        0.092224
FIRE:  952 23:58:08  -402500.125000        0.057541
FIRE:  953 23:58:08  -402500.125000        0.095307
FIRE:  954 23:58:08  -402500.093750        0.146427
FIRE:  955 23:58:08  -402500.125000        0.212411
FIRE:  956 23:58:08  -402500.125000        0.450343
FIRE:  957 23:58:08  -402500.093750        1.124369
FIRE:  958 23:58:08  -402500.093750        0.071786
FIRE:  959 23:58:09  -402500.125000        0.999582
FIRE:  960 23:58:09  -402500.093750        0.757468
FIRE:  961 23:58:09  -402500.125000        0.333224
FIRE:  962 23:58:09  -402500.093750        0.165664
FIRE:  963 23:58:09  -402500.093750        0.155574
FIRE:  964 23:58:09  -402500.125000        0.136202
FIRE:  965 23:58:09  -402500.093750        0.108634
FIRE:  966 23:58:09  -402500.093750        0.075243
FIRE:  967 23:58:09  -402500.093750        0.073741
FIRE:  968 23:58:09  -402500.093750        0.073905
FIRE:  969 23:58:09  -402500.093750        0.074098
FIRE:  970 23:58:09  -402500.125000        0.074340
FIRE:  971 23:58:09  -402500.093750        0.081224
FIRE:  972 23:58:09  -402500.125000        0.086593
FIRE:  973 23:58:09  -402500.125000        0.075456
FIRE:  974 23:58:10  -402500.125000        0.076005
FIRE:  975 23:58:10  -402500.125000        0.076672
FIRE:  976 23:58:10  -402500.093750        0.077475
FIRE:  977 23:58:10  -402500.125000        0.078407
FIRE:  978 23:58:10  -402500.125000        0.079417
FIRE:  979 23:58:10  -402500.125000        0.080348
FIRE:  980 23:58:10  -402500.156250        0.080783
FIRE:  981 23:58:10  -402500.125000        0.079774
FIRE:  982 23:58:10  -402500.125000        0.075356
FIRE:  983 23:58:10  -402500.125000        0.063817
FIRE:  984 23:58:10  -402500.125000        0.046534
