      Step     Time          Energy          fmax
FIRE:    0 00:17:20 -2641398.250000        7.876581
FIRE:    1 00:17:21 -2641404.250000        6.885945
FIRE:    2 00:17:22 -2641409.750000        5.780692
FIRE:    3 00:17:22 -2641414.500000        4.688198
FIRE:    4 00:17:22 -2641418.500000        3.712886
FIRE:    5 00:17:22 -2641421.250000        2.903459
FIRE:    6 00:17:23 -2641424.000000        2.241218
FIRE:    7 00:17:23 -2641426.000000        2.131673
FIRE:    8 00:17:23 -2641427.500000        2.012496
FIRE:    9 00:17:23 -2641428.750000        2.175996
FIRE:   10 00:17:23 -2641430.000000        2.409578
FIRE:   11 00:17:23 -2641431.250000        2.518680
FIRE:   12 00:17:23 -2641432.750000        2.136923
FIRE:   13 00:17:23 -2641434.000000        1.479596
FIRE:   14 00:17:23 -2641435.750000        1.165104
FIRE:   15 00:17:23 -2641436.750000        1.061543
FIRE:   16 00:17:23 -2641437.750000        1.158785
FIRE:   17 00:17:23 -2641438.750000        1.383994
FIRE:   18 00:17:23 -2641439.000000        1.366100
FIRE:   19 00:17:23 -2641440.000000        1.184724
FIRE:   20 00:17:23 -2641441.000000        0.943613
FIRE:   21 00:17:23 -2641441.750000        0.767872
FIRE:   22 00:17:25 -2641442.250000        0.763862
FIRE:   23 00:17:25 -2641443.250000        0.952457
FIRE:   24 00:17:25 -2641443.750000        0.978876
FIRE:   25 00:17:26 -2641444.250000        0.942237
FIRE:   26 00:17:26 -2641445.000000        0.693265
FIRE:   27 00:17:26 -2641445.500000        0.683228
FIRE:   28 00:17:26 -2641446.500000        0.699829
FIRE:   29 00:17:26 -2641446.750000        0.703099
FIRE:   30 00:17:26 -2641447.250000        0.698430
FIRE:   31 00:17:26 -2641447.750000        0.693021
FIRE:   32 00:17:27 -2641448.500000        0.679661
FIRE:   33 00:17:27 -2641448.750000        0.670793
FIRE:   34 00:17:27 -2641449.250000        0.676937
FIRE:   35 00:17:27 -2641450.000000        0.675043
FIRE:   36 00:17:27 -2641450.250000        0.663284
FIRE:   37 00:17:27 -2641450.250000        0.644681
FIRE:   38 00:17:27 -2641450.750000        0.625642
FIRE:   39 00:17:27 -2641451.500000        0.598818
FIRE:   40 00:17:27 -2641451.750000        0.551954
FIRE:   41 00:17:27 -2641452.250000        0.498190
FIRE:   42 00:17:27 -2641452.250000        0.441840
FIRE:   43 00:17:27 -2641452.500000        0.375983
FIRE:   44 00:17:27 -2641453.000000        0.331540
FIRE:   45 00:17:27 -2641453.500000        0.311655
FIRE:   46 00:17:27 -2641453.750000        0.355526
FIRE:   47 00:17:27 -2641454.000000        0.423848
FIRE:   48 00:17:27 -2641454.000000        0.484706
FIRE:   49 00:17:28 -2641454.500000        0.531437
FIRE:   50 00:17:28 -2641454.500000        0.560374
FIRE:   51 00:17:28 -2641454.750000        0.569330
FIRE:   52 00:17:28 -2641455.000000        0.557603
FIRE:   53 00:17:28 -2641455.250000        0.526862
FIRE:   54 00:17:28 -2641456.250000        0.481703
FIRE:   55 00:17:28 -2641455.750000        0.467770
FIRE:   56 00:17:28 -2641455.750000        0.481724
FIRE:   57 00:17:28 -2641455.750000        0.412817
FIRE:   58 00:17:28 -2641456.250000        0.296544
FIRE:   59 00:17:28 -2641456.500000        0.320927
FIRE:   60 00:17:28 -2641456.500000        0.459091
FIRE:   61 00:17:28 -2641456.750000        0.528927
FIRE:   62 00:17:28 -2641456.750000        0.495081
FIRE:   63 00:17:28 -2641457.000000        0.382775
FIRE:   64 00:17:29 -2641456.750000        0.347865
FIRE:   65 00:17:29 -2641457.250000        0.389680
FIRE:   66 00:17:29 -2641457.250000        0.402232
FIRE:   67 00:17:29 -2641457.500000        0.413898
FIRE:   68 00:17:29 -2641457.500000        0.416836
FIRE:   69 00:17:29 -2641457.750000        0.367980
FIRE:   70 00:17:29 -2641457.750000        0.284860
FIRE:   71 00:17:29 -2641458.000000        0.265981
FIRE:   72 00:17:29 -2641458.000000        0.283247
FIRE:   73 00:17:29 -2641458.250000        0.262805
FIRE:   74 00:17:29 -2641458.000000        0.210131
FIRE:   75 00:17:29 -2641458.000000        0.243678
FIRE:   76 00:17:29 -2641458.500000        0.258391
FIRE:   77 00:17:29 -2641458.500000        0.246492
FIRE:   78 00:17:29 -2641458.750000        0.211100
FIRE:   79 00:17:29 -2641458.750000        0.217937
FIRE:   80 00:17:30 -2641458.750000        0.231070
FIRE:   81 00:17:30 -2641459.000000        0.215368
FIRE:   82 00:17:30 -2641459.000000        0.176044
FIRE:   83 00:17:30 -2641459.250000        0.189082
FIRE:   84 00:17:30 -2641459.250000        0.185271
FIRE:   85 00:17:30 -2641459.250000        0.204864
FIRE:   86 00:17:30 -2641459.500000        0.282709
FIRE:   87 00:17:30 -2641459.500000        0.317233
FIRE:   88 00:17:30 -2641459.500000        0.327265
FIRE:   89 00:17:30 -2641459.750000        0.328299
FIRE:   90 00:17:30 -2641459.500000        0.312097
FIRE:   91 00:17:30 -2641459.500000        0.310875
FIRE:   92 00:17:30 -2641459.750000        0.306295
FIRE:   93 00:17:30 -2641459.750000        0.295538
FIRE:   94 00:17:30 -2641459.500000        0.277823
FIRE:   95 00:17:31 -2641460.250000        0.239815
FIRE:   96 00:17:31 -2641460.250000        0.612497
FIRE:   97 00:17:31 -2641460.250000        0.334154
FIRE:   98 00:17:31 -2641460.250000        0.266522
FIRE:   99 00:17:31 -2641460.500000        0.284150
FIRE:  100 00:17:31 -2641460.500000        0.335004
FIRE:  101 00:17:31 -2641460.500000        0.381995
FIRE:  102 00:17:31 -2641460.500000        0.384432
FIRE:  103 00:17:31 -2641460.750000        0.390906
FIRE:  104 00:17:31 -2641460.750000        0.400002
FIRE:  105 00:17:31 -2641461.000000        0.410259
FIRE:  106 00:17:31 -2641461.000000        0.418620
FIRE:  107 00:17:31 -2641461.250000        0.411827
FIRE:  108 00:17:31 -2641461.250000        0.385930
FIRE:  109 00:17:31 -2641461.500000        0.351301
FIRE:  110 00:17:31 -2641462.000000        0.360607
FIRE:  111 00:17:32 -2641462.500000        0.358724
FIRE:  112 00:17:32 -2641462.000000        0.342537
FIRE:  113 00:17:32 -2641462.750000        0.352326
FIRE:  114 00:17:32 -2641462.750000        0.388928
FIRE:  115 00:17:32 -2641462.750000        0.625041
FIRE:  116 00:17:32 -2641462.750000        1.137724
FIRE:  117 00:17:32 -2641462.000000        1.824761
FIRE:  118 00:17:32 -2641462.750000        3.391303
FIRE:  119 00:17:32 -2641462.750000        1.519737
FIRE:  120 00:17:32 -2641463.000000        0.940516
FIRE:  121 00:17:32 -2641463.000000        0.615004
FIRE:  122 00:17:32 -2641463.000000        0.807763
FIRE:  123 00:17:32 -2641462.750000        1.086453
FIRE:  124 00:17:32 -2641463.000000        0.779516
FIRE:  125 00:17:32 -2641463.000000        0.583432
FIRE:  126 00:17:33 -2641463.000000        0.893529
FIRE:  127 00:17:33 -2641463.000000        0.967625
FIRE:  128 00:17:33 -2641462.500000        0.387986
FIRE:  129 00:17:33 -2641463.000000        0.572998
FIRE:  130 00:17:33 -2641463.250000        0.716324
FIRE:  131 00:17:33 -2641463.250000        0.485497
FIRE:  132 00:17:33 -2641463.250000        0.771221
FIRE:  133 00:17:33 -2641463.250000        0.316993
FIRE:  134 00:17:33 -2641462.500000        0.605084
FIRE:  135 00:17:33 -2641463.250000        0.848381
FIRE:  136 00:17:33 -2641462.500000        0.906912
FIRE:  137 00:17:33 -2641462.500000        1.297201
FIRE:  138 00:17:33 -2641463.000000        0.306765
FIRE:  139 00:17:33 -2641463.500000        1.001168
FIRE:  140 00:17:33 -2641463.500000        0.781466
FIRE:  141 00:17:34 -2641463.000000        0.393085
FIRE:  142 00:17:34 -2641463.000000        0.141852
FIRE:  143 00:17:34 -2641463.500000        0.479790
FIRE:  144 00:17:34 -2641463.500000        0.454584
FIRE:  145 00:17:34 -2641463.000000        0.405754
FIRE:  146 00:17:34 -2641463.500000        0.335823
FIRE:  147 00:17:34 -2641463.000000        0.249586
FIRE:  148 00:17:34 -2641463.000000        0.153263
FIRE:  149 00:17:34 -2641463.500000        0.131297
FIRE:  150 00:17:34 -2641462.750000        0.129210
FIRE:  151 00:17:34 -2641463.500000        0.134911
FIRE:  152 00:17:34 -2641463.500000        0.199737
FIRE:  153 00:17:34 -2641463.000000        0.231156
FIRE:  154 00:17:34 -2641462.750000        0.216951
FIRE:  155 00:17:34 -2641463.500000        0.151569
FIRE:  156 00:17:34 -2641463.000000        0.103727
FIRE:  157 00:17:35 -2641463.500000        0.101254
FIRE:  158 00:17:35 -2641463.000000        0.190208
FIRE:  159 00:17:35 -2641463.500000        0.190408
FIRE:  160 00:17:35 -2641463.500000        0.092904
FIRE:  161 00:17:35 -2641463.500000        0.090979
FIRE:  162 00:17:35 -2641463.500000        0.159858
FIRE:  163 00:17:35 -2641463.500000        0.080149
FIRE:  164 00:17:35 -2641463.500000        0.147356
FIRE:  165 00:17:35 -2641463.500000        0.105651
FIRE:  166 00:17:35 -2641463.500000        0.137985
FIRE:  167 00:17:35 -2641463.500000        0.062831
FIRE:  168 00:17:35 -2641463.500000        0.188208
FIRE:  169 00:17:35 -2641463.500000        0.214185
FIRE:  170 00:17:35 -2641463.500000        0.264656
FIRE:  171 00:17:35 -2641462.750000        0.465646
FIRE:  172 00:17:36 -2641462.750000        1.140946
FIRE:  173 00:17:36 -2641463.000000        3.138080
FIRE:  174 00:17:36 -2641463.500000        0.527866
FIRE:  175 00:17:36 -2641463.250000        0.395088
FIRE:  176 00:17:36 -2641463.250000        0.163875
FIRE:  177 00:17:36 -2641463.250000        0.113243
FIRE:  178 00:17:36 -2641463.250000        0.305365
FIRE:  179 00:17:36 -2641463.750000        0.366631
FIRE:  180 00:17:36 -2641463.250000        0.285573
FIRE:  181 00:17:36 -2641463.250000        0.123204
FIRE:  182 00:17:36 -2641463.500000        0.150568
FIRE:  183 00:17:36 -2641463.250000        0.296097
FIRE:  184 00:17:36 -2641463.250000        0.254914
FIRE:  185 00:17:36 -2641463.250000        0.109173
FIRE:  186 00:17:36 -2641463.250000        0.236725
FIRE:  187 00:17:36 -2641463.250000        0.156982
FIRE:  188 00:17:37 -2641463.250000        0.196771
FIRE:  189 00:17:37 -2641463.500000        0.191259
FIRE:  190 00:17:37 -2641463.500000        0.231800
FIRE:  191 00:17:37 -2641463.250000        0.080655
FIRE:  192 00:17:37 -2641463.250000        0.263764
FIRE:  193 00:17:37 -2641463.250000        0.454365
FIRE:  194 00:17:37 -2641463.000000        0.794074
FIRE:  195 00:17:37 -2641463.250000        1.717159
FIRE:  196 00:17:37 -2641463.250000        0.067819
FIRE:  197 00:17:37 -2641463.250000        0.066546
FIRE:  198 00:17:37 -2641463.250000        0.066507
FIRE:  199 00:17:37 -2641463.250000        0.066447
FIRE:  200 00:17:37 -2641463.250000        0.066365
FIRE:  201 00:17:37 -2641463.250000        0.066257
FIRE:  202 00:17:37 -2641463.250000        0.066129
FIRE:  203 00:17:38 -2641463.250000        0.065974
FIRE:  204 00:17:38 -2641463.250000        0.065786
FIRE:  205 00:17:38 -2641463.250000        0.065578
FIRE:  206 00:17:38 -2641463.500000        0.065371
FIRE:  207 00:17:38 -2641463.250000        0.065225
FIRE:  208 00:17:38 -2641463.250000        0.065248
FIRE:  209 00:17:38 -2641463.250000        0.065572
FIRE:  210 00:17:38 -2641463.250000        0.066305
FIRE:  211 00:17:38 -2641463.250000        0.067399
FIRE:  212 00:17:38 -2641463.250000        0.068515
FIRE:  213 00:17:38 -2641463.250000        0.069024
FIRE:  214 00:17:38 -2641463.500000        0.068442
FIRE:  215 00:17:38 -2641463.250000        0.066526
FIRE:  216 00:17:38 -2641463.250000        0.132876
FIRE:  217 00:17:38 -2641463.500000        0.443729
FIRE:  218 00:17:38 -2641463.750000        1.527743
FIRE:  219 00:17:39 -2641463.500000        0.094835
FIRE:  220 00:17:39 -2641463.500000        0.090887
FIRE:  221 00:17:39 -2641463.500000        0.085681
FIRE:  222 00:17:39 -2641463.500000        0.082824
FIRE:  223 00:17:39 -2641463.500000        0.083320
FIRE:  224 00:17:39 -2641463.500000        0.084644
FIRE:  225 00:17:39 -2641463.500000        0.084413
FIRE:  226 00:17:39 -2641463.500000        0.083136
FIRE:  227 00:17:39 -2641463.500000        0.082920
FIRE:  228 00:17:39 -2641463.750000        0.084374
FIRE:  229 00:17:39 -2641463.500000        0.084802
FIRE:  230 00:17:39 -2641463.500000        0.083595
FIRE:  231 00:17:39 -2641463.500000        0.082363
FIRE:  232 00:17:39 -2641463.250000        0.079877
FIRE:  233 00:17:39 -2641463.750000        0.078504
FIRE:  234 00:17:40 -2641463.250000        0.075686
FIRE:  235 00:17:40 -2641463.500000        0.072807
FIRE:  236 00:17:40 -2641463.250000        0.068699
FIRE:  237 00:17:40 -2641463.500000        0.063610
FIRE:  238 00:17:40 -2641463.500000        0.061852
FIRE:  239 00:17:40 -2641463.500000        0.202953
FIRE:  240 00:17:40 -2641463.500000        0.750067
FIRE:  241 00:17:40 -2641463.500000        2.408051
FIRE:  242 00:17:40 -2641463.500000        0.240330
FIRE:  243 00:17:40 -2641463.500000        0.170029
FIRE:  244 00:17:40 -2641463.500000        0.059586
FIRE:  245 00:17:40 -2641463.500000        0.082839
FIRE:  246 00:17:40 -2641463.500000        0.166669
FIRE:  247 00:17:40 -2641463.500000        0.182185
FIRE:  248 00:17:40 -2641463.500000        0.128276
FIRE:  249 00:17:40 -2641463.500000        0.046284
