      Step     Time          Energy          fmax
FIRE:    0 07:09:12  -857946.875000       10.800902
FIRE:    1 07:09:13  -857950.250000        7.734089
FIRE:    2 07:09:14  -857951.875000        6.621973
FIRE:    3 07:09:15  -857954.125000        4.500881
FIRE:    4 07:09:15  -857955.500000        2.662783
FIRE:    5 07:09:15  -857957.250000        3.285091
FIRE:    6 07:09:15  -857958.875000        3.755199
FIRE:    7 07:09:16  -857959.500000        4.288411
FIRE:    8 07:09:16  -857960.250000        4.819671
FIRE:    9 07:09:16  -857961.125000        4.082259
FIRE:   10 07:09:16  -857962.312500        2.494348
FIRE:   11 07:09:16  -857962.625000        4.277106
FIRE:   12 07:09:16  -857963.000000        2.466921
FIRE:   13 07:09:16  -857963.187500        1.909480
FIRE:   14 07:09:17  -857962.437500        3.006871
FIRE:   15 07:09:17  -857963.125000        2.800467
FIRE:   16 07:09:18  -857963.437500        1.695073
FIRE:   17 07:09:18  -857963.687500        1.252250
FIRE:   18 07:09:18  -857964.250000        2.344441
FIRE:   19 07:09:18  -857964.625000        2.549840
FIRE:   20 07:09:18  -857965.000000        1.269406
FIRE:   21 07:09:18  -857965.437500        1.672364
FIRE:   22 07:09:18  -857965.812500        2.227449
FIRE:   23 07:09:18  -857966.375000        1.250298
FIRE:   24 07:09:18  -857966.750000        1.172738
FIRE:   25 07:09:19  -857967.000000        1.531646
FIRE:   26 07:09:19  -857967.312500        0.804366
FIRE:   27 07:09:19  -857967.312500        1.401146
FIRE:   28 07:09:19  -857967.437500        0.936851
FIRE:   29 07:09:19  -857967.312500        0.904445
FIRE:   30 07:09:19  -857968.250000        0.777334
FIRE:   31 07:09:19  -857967.750000        0.761971
FIRE:   32 07:09:19  -857968.062500        1.065273
FIRE:   33 07:09:19  -857969.062500        0.401922
FIRE:   34 07:09:19  -857968.937500        0.776355
FIRE:   35 07:09:19  -857969.312500        0.486831
FIRE:   36 07:09:19  -857969.562500        0.640502
FIRE:   37 07:09:19  -857969.750000        0.880818
FIRE:   38 07:09:19  -857969.937500        1.365129
FIRE:   39 07:09:19  -857969.625000        2.021599
FIRE:   40 07:09:19  -857970.812500        2.715752
FIRE:   41 07:09:19  -857967.875000       29.845734
FIRE:   42 07:09:19  -857970.750000        4.755704
FIRE:   43 07:09:19  -857970.937500        1.649560
FIRE:   44 07:09:19  -857970.875000        4.834201
FIRE:   45 07:09:20  -857970.937500        3.426689
FIRE:   46 07:09:20  -857971.000000        1.268228
FIRE:   47 07:09:20  -857971.000000        0.889714
FIRE:   48 07:09:20  -857971.000000        0.845048
FIRE:   49 07:09:20  -857971.000000        0.757748
FIRE:   50 07:09:20  -857971.000000        0.631799
FIRE:   51 07:09:20  -857971.000000        0.474141
FIRE:   52 07:09:20  -857971.000000        0.295307
FIRE:   53 07:09:20  -857971.000000        0.274919
FIRE:   54 07:09:20  -857971.000000        0.274932
FIRE:   55 07:09:20  -857971.000000        0.333348
FIRE:   56 07:09:20  -857971.000000        0.457776
FIRE:   57 07:09:20  -857970.937500        0.506771
FIRE:   58 07:09:20  -857971.000000        0.454508
FIRE:   59 07:09:20  -857971.000000        0.291622
FIRE:   60 07:09:20  -857971.000000        0.273826
FIRE:   61 07:09:20  -857971.062500        0.272948
FIRE:   62 07:09:21  -857971.062500        0.386660
FIRE:   63 07:09:21  -857971.062500        0.352493
FIRE:   64 07:09:21  -857971.125000        0.268728
FIRE:   65 07:09:21  -857971.062500        0.267234
FIRE:   66 07:09:21  -857971.187500        0.321225
FIRE:   67 07:09:21  -857971.187500        0.263953
FIRE:   68 07:09:21  -857971.250000        0.303695
FIRE:   69 07:09:21  -857971.312500        0.253900
FIRE:   70 07:09:21  -857971.375000        0.326771
FIRE:   71 07:09:21  -857971.437500        0.347053
FIRE:   72 07:09:21  -857971.500000        0.279234
FIRE:   73 07:09:21  -857971.625000        0.508226
FIRE:   74 07:09:21  -857971.687500        0.869625
FIRE:   75 07:09:21  -857971.875000        1.773421
FIRE:   76 07:09:21  -857972.000000        3.535448
FIRE:   77 07:09:21  -857972.000000        0.751995
FIRE:   78 07:09:21  -857971.812500        3.531208
FIRE:   79 07:09:21  -857972.062500        2.526384
FIRE:   80 07:09:22  -857972.062500        0.936443
FIRE:   81 07:09:22  -857972.000000        0.700444
FIRE:   82 07:09:22  -857972.062500        0.661606
FIRE:   83 07:09:22  -857972.062500        0.586013
FIRE:   84 07:09:22  -857972.062500        0.477812
FIRE:   85 07:09:22  -857972.062500        0.343537
FIRE:   86 07:09:22  -857972.062500        0.193660
FIRE:   87 07:09:22  -857972.062500        0.140679
FIRE:   88 07:09:22  -857972.062500        0.140795
FIRE:   89 07:09:22  -857972.062500        0.247011
FIRE:   90 07:09:22  -857972.062500        0.338880
FIRE:   91 07:09:22  -857972.062500        0.371348
FIRE:   92 07:09:22  -857972.062500        0.325274
FIRE:   93 07:09:22  -857972.125000        0.206729
FIRE:   94 07:09:22  -857972.125000        0.140686
FIRE:   95 07:09:22  -857972.062500        0.194907
FIRE:   96 07:09:22  -857972.125000        0.304357
FIRE:   97 07:09:23  -857972.125000        0.257952
FIRE:   98 07:09:23  -857972.125000        0.140679
FIRE:   99 07:09:23  -857972.187500        0.203473
FIRE:  100 07:09:23  -857972.187500        0.230951
FIRE:  101 07:09:23  -857972.187500        0.140607
FIRE:  102 07:09:23  -857972.250000        0.251996
FIRE:  103 07:09:23  -857972.250000        0.140190
FIRE:  104 07:09:23  -857972.250000        0.249411
FIRE:  105 07:09:23  -857972.375000        0.138787
FIRE:  106 07:09:23  -857972.437500        0.196413
FIRE:  107 07:09:23  -857972.500000        0.335235
FIRE:  108 07:09:23  -857971.500000        0.687212
FIRE:  109 07:09:23  -857971.500000        1.526134
FIRE:  110 07:09:23  -857971.500000        3.267148
FIRE:  111 07:09:23  -857971.562500        0.566437
FIRE:  112 07:09:23  -857971.687500        3.368846
FIRE:  113 07:09:23  -857971.562500        2.390839
FIRE:  114 07:09:24  -857971.687500        0.846121
FIRE:  115 07:09:24  -857971.562500        0.738435
FIRE:  116 07:09:24  -857971.687500        0.696355
FIRE:  117 07:09:24  -857971.687500        0.614235
FIRE:  118 07:09:24  -857971.562500        0.496574
FIRE:  119 07:09:24  -857971.562500        0.350508
FIRE:  120 07:09:24  -857971.562500        0.187113
FIRE:  121 07:09:24  -857971.750000        0.125366
FIRE:  122 07:09:24  -857971.562500        0.147095
FIRE:  123 07:09:24  -857971.625000        0.281072
FIRE:  124 07:09:24  -857971.687500        0.373492
FIRE:  125 07:09:24  -857971.687500        0.400054
FIRE:  126 07:09:24  -857971.687500        0.342657
FIRE:  127 07:09:24  -857971.562500        0.200234
FIRE:  128 07:09:24  -857971.750000        0.122953
FIRE:  129 07:09:24  -857971.625000        0.217270
FIRE:  130 07:09:24  -857971.750000        0.321838
FIRE:  131 07:09:25  -857971.750000        0.258980
FIRE:  132 07:09:25  -857971.812500        0.119570
FIRE:  133 07:09:25  -857971.687500        0.225486
FIRE:  134 07:09:25  -857971.625000        0.241477
FIRE:  135 07:09:25  -857972.687500        0.117485
FIRE:  136 07:09:25  -857972.625000        0.265272
FIRE:  137 07:09:25  -857972.562500        0.116509
FIRE:  138 07:09:25  -857972.687500        0.266603
FIRE:  139 07:09:25  -857972.687500        0.137982
FIRE:  140 07:09:25  -857972.562500        0.126660
FIRE:  141 07:09:25  -857972.687500        0.348970
FIRE:  142 07:09:25  -857972.687500        0.716274
FIRE:  143 07:09:25  -857972.937500        1.530197
FIRE:  144 07:09:25  -857972.812500        3.253684
FIRE:  145 07:09:25  -857972.812500        0.470469
FIRE:  146 07:09:25  -857972.750000        3.487969
FIRE:  147 07:09:25  -857972.812500        2.438478
FIRE:  148 07:09:26  -857972.875000        0.799254
FIRE:  149 07:09:26  -857972.875000        0.854836
FIRE:  150 07:09:26  -857972.812500        0.804927
FIRE:  151 07:09:26  -857972.875000        0.707596
FIRE:  152 07:09:26  -857972.875000        0.567877
FIRE:  153 07:09:26  -857972.812500        0.393957
FIRE:  154 07:09:26  -857972.875000        0.198469
FIRE:  155 07:09:26  -857972.812500        0.133167
FIRE:  156 07:09:26  -857972.937500        0.193776
FIRE:  157 07:09:26  -857972.937500        0.348735
FIRE:  158 07:09:26  -857972.875000        0.450000
FIRE:  159 07:09:26  -857972.875000        0.471919
FIRE:  160 07:09:26  -857972.937500        0.395853
FIRE:  161 07:09:26  -857972.937500        0.218860
FIRE:  162 07:09:26  -857972.937500        0.134628
FIRE:  163 07:09:26  -857972.875000        0.264564
FIRE:  164 07:09:26  -857972.937500        0.376258
FIRE:  165 07:09:27  -857972.937500        0.293328
FIRE:  166 07:09:27  -857972.875000        0.136071
FIRE:  167 07:09:27  -857972.937500        0.272178
FIRE:  168 07:09:27  -857972.937500        0.280040
FIRE:  169 07:09:27  -857972.937500        0.139753
FIRE:  170 07:09:27  -857972.875000        0.306811
FIRE:  171 07:09:27  -857973.000000        0.142621
FIRE:  172 07:09:27  -857973.062500        0.312274
FIRE:  173 07:09:27  -857973.000000        0.154009
FIRE:  174 07:09:27  -857973.062500        0.152184
FIRE:  175 07:09:27  -857972.625000        0.409777
FIRE:  176 07:09:27  -857973.187500        0.796224
FIRE:  177 07:09:27  -857973.250000        1.604158
FIRE:  178 07:09:27  -857973.250000        3.390695
FIRE:  179 07:09:27  -857973.250000        0.412228
FIRE:  180 07:09:27  -857973.250000        3.788276
FIRE:  181 07:09:28  -857973.312500        2.595246
FIRE:  182 07:09:28  -857973.312500        0.765796
FIRE:  183 07:09:28  -857973.312500        1.034371
FIRE:  184 07:09:28  -857973.312500        0.972894
FIRE:  185 07:09:28  -857973.312500        0.852845
FIRE:  186 07:09:28  -857973.312500        0.680268
FIRE:  187 07:09:28  -857973.250000        0.464646
FIRE:  188 07:09:28  -857973.312500        0.220853
FIRE:  189 07:09:28  -857973.312500        0.170845
FIRE:  190 07:09:28  -857973.312500        0.262557
FIRE:  191 07:09:28  -857973.312500        0.448647
FIRE:  192 07:09:28  -857973.250000        0.564251
FIRE:  193 07:09:28  -857973.312500        0.581070
FIRE:  194 07:09:28  -857973.312500        0.478271
FIRE:  195 07:09:28  -857973.312500        0.254679
FIRE:  196 07:09:28  -857973.312500        0.172332
FIRE:  197 07:09:28  -857973.375000        0.334081
FIRE:  198 07:09:29  -857973.312500        0.460851
FIRE:  199 07:09:29  -857973.375000        0.354114
FIRE:  200 07:09:29  -857973.375000        0.173117
FIRE:  201 07:09:29  -857973.375000        0.335152
FIRE:  202 07:09:29  -857973.375000        0.343538
FIRE:  203 07:09:29  -857973.375000        0.175652
FIRE:  204 07:09:29  -857973.375000        0.372969
FIRE:  205 07:09:29  -857973.375000        0.176744
FIRE:  206 07:09:29  -857973.437500        0.386415
FIRE:  207 07:09:29  -857973.500000        0.180946
FIRE:  208 07:09:29  -857973.500000        0.218171
FIRE:  209 07:09:29  -857973.562500        0.535278
FIRE:  210 07:09:29  -857973.125000        0.924069
FIRE:  211 07:09:29  -857973.000000        1.722703
FIRE:  212 07:09:29  -857973.062500        3.628680
FIRE:  213 07:09:29  -857973.062500        0.378977
FIRE:  214 07:09:29  -857973.062500        4.224555
FIRE:  215 07:09:30  -857973.062500        2.825112
FIRE:  216 07:09:30  -857973.062500        0.728778
FIRE:  217 07:09:30  -857973.062500        1.270035
FIRE:  218 07:09:30  -857973.062500        1.193793
FIRE:  219 07:09:30  -857973.125000        1.044597
FIRE:  220 07:09:30  -857973.125000        0.829474
FIRE:  221 07:09:30  -857973.187500        0.559757
FIRE:  222 07:09:30  -857973.125000        0.252860
FIRE:  223 07:09:30  -857973.125000        0.184388
FIRE:  224 07:09:30  -857973.125000        0.352281
FIRE:  225 07:09:30  -857973.062500        0.346304
FIRE:  226 07:09:30  -857973.125000        0.334454
FIRE:  227 07:09:30  -857973.125000        0.317040
FIRE:  228 07:09:30  -857973.125000        0.294215
FIRE:  229 07:09:30  -857973.125000        0.266791
FIRE:  230 07:09:30  -857973.125000        0.235173
FIRE:  231 07:09:30  -857973.125000        0.200211
FIRE:  232 07:09:31  -857973.187500        0.184151
FIRE:  233 07:09:31  -857973.187500        0.184385
FIRE:  234 07:09:31  -857973.187500        0.184665
FIRE:  235 07:09:31  -857973.187500        0.184979
FIRE:  236 07:09:31  -857973.125000        0.185290
FIRE:  237 07:09:31  -857973.125000        0.185574
FIRE:  238 07:09:31  -857973.125000        0.185796
FIRE:  239 07:09:31  -857973.125000        0.185892
FIRE:  240 07:09:31  -857973.187500        0.185860
FIRE:  241 07:09:31  -857973.187500        0.185681
FIRE:  242 07:09:31  -857973.187500        0.185332
FIRE:  243 07:09:31  -857973.125000        0.184903
FIRE:  244 07:09:31  -857973.125000        0.184562
FIRE:  245 07:09:31  -857973.187500        0.184384
FIRE:  246 07:09:31  -857973.187500        0.184569
FIRE:  247 07:09:31  -857973.125000        0.185011
FIRE:  248 07:09:31  -857973.125000        0.185381
FIRE:  249 07:09:32  -857973.125000        0.185265
FIRE:  250 07:09:32  -857973.187500        0.184409
FIRE:  251 07:09:32  -857973.187500        0.183451
FIRE:  252 07:09:32  -857973.187500        0.183233
FIRE:  253 07:09:32  -857973.187500        0.183181
FIRE:  254 07:09:32  -857973.250000        0.181412
FIRE:  255 07:09:32  -857973.250000        0.179138
FIRE:  256 07:09:32  -857973.312500        0.178464
FIRE:  257 07:09:32  -857973.375000        0.172859
FIRE:  258 07:09:32  -857973.437500        0.284747
FIRE:  259 07:09:32  -857973.500000        0.781350
FIRE:  260 07:09:32  -857973.500000        2.253242
FIRE:  261 07:09:32  -857973.500000        0.152187
FIRE:  262 07:09:32  -857973.500000        2.316969
FIRE:  263 07:09:32  -857973.500000        1.629402
FIRE:  264 07:09:32  -857973.562500        0.524729
FIRE:  265 07:09:32  -857973.500000        0.623362
FIRE:  266 07:09:33  -857973.500000        0.585720
FIRE:  267 07:09:33  -857973.625000        0.512556
FIRE:  268 07:09:33  -857973.500000        0.408140
FIRE:  269 07:09:33  -857973.562500        0.279592
FIRE:  270 07:09:33  -857973.500000        0.154187
FIRE:  271 07:09:33  -857973.562500        0.152964
FIRE:  272 07:09:33  -857973.437500        0.157047
FIRE:  273 07:09:33  -857973.500000        0.251248
FIRE:  274 07:09:33  -857973.562500        0.311493
FIRE:  275 07:09:33  -857973.500000        0.316812
FIRE:  276 07:09:33  -857973.562500        0.259620
FIRE:  277 07:09:33  -857973.562500        0.151890
FIRE:  278 07:09:33  -857973.562500        0.153258
FIRE:  279 07:09:33  -857973.562500        0.225917
FIRE:  280 07:09:33  -857973.500000        0.277944
FIRE:  281 07:09:33  -857973.625000        0.183130
FIRE:  282 07:09:33  -857973.625000        0.151286
FIRE:  283 07:09:34  -857973.562500        0.221215
FIRE:  284 07:09:34  -857973.625000        0.164130
FIRE:  285 07:09:34  -857973.562500        0.150781
FIRE:  286 07:09:34  -857973.562500        0.217694
FIRE:  287 07:09:34  -857973.625000        0.145705
FIRE:  288 07:09:34  -857973.625000        0.181444
FIRE:  289 07:09:34  -857973.625000        0.235320
FIRE:  290 07:09:34  -857973.562500        0.136191
FIRE:  291 07:09:34  -857973.687500        0.131523
FIRE:  292 07:09:34  -857973.625000        0.152084
FIRE:  293 07:09:34  -857973.812500        0.496142
FIRE:  294 07:09:34  -857973.687500        1.773623
FIRE:  295 07:09:34  -857973.750000        0.102957
FIRE:  296 07:09:34  -857973.812500        1.770499
FIRE:  297 07:09:34  -857973.750000        1.248245
FIRE:  298 07:09:34  -857973.750000        0.398341
FIRE:  299 07:09:34  -857973.875000        0.498109
FIRE:  300 07:09:35  -857973.750000        0.467567
FIRE:  301 07:09:35  -857973.750000        0.408448
FIRE:  302 07:09:35  -857973.750000        0.324333
FIRE:  303 07:09:35  -857973.750000        0.221489
FIRE:  304 07:09:35  -857973.875000        0.109420
FIRE:  305 07:09:35  -857973.750000        0.103031
FIRE:  306 07:09:35  -857973.750000        0.141125
FIRE:  307 07:09:35  -857973.750000        0.211458
FIRE:  308 07:09:35  -857973.875000        0.254157
FIRE:  309 07:09:35  -857973.812500        0.255045
FIRE:  310 07:09:35  -857973.750000        0.206154
FIRE:  311 07:09:35  -857973.875000        0.113857
FIRE:  312 07:09:35  -857973.875000        0.103289
FIRE:  313 07:09:35  -857973.875000        0.192799
FIRE:  314 07:09:35  -857974.125000        0.221451
FIRE:  315 07:09:35  -857974.187500        0.133135
FIRE:  316 07:09:35  -857974.312500        0.103133
FIRE:  317 07:09:36  -857974.187500        0.187785
FIRE:  318 07:09:36  -857974.312500        0.122135
FIRE:  319 07:09:36  -857974.375000        0.133242
FIRE:  320 07:09:36  -857974.250000        0.162869
FIRE:  321 07:09:36  -857973.750000        0.123904
FIRE:  322 07:09:36  -857973.812500        0.126205
FIRE:  323 07:09:36  -857973.937500        0.212667
FIRE:  324 07:09:36  -857973.875000        0.157897
FIRE:  325 07:09:36  -857973.937500        0.133705
FIRE:  326 07:09:36  -857974.500000        0.199163
FIRE:  327 07:09:36  -857973.875000        0.613139
FIRE:  328 07:09:36  -857974.562500        1.965971
FIRE:  329 07:09:36  -857974.437500        0.318083
FIRE:  330 07:09:36  -857974.375000        0.237960
FIRE:  331 07:09:36  -857974.375000        0.101152
FIRE:  332 07:09:36  -857974.562500        0.092703
FIRE:  333 07:09:36  -857974.375000        0.189166
FIRE:  334 07:09:37  -857974.375000        0.220357
FIRE:  335 07:09:37  -857974.500000        0.176082
FIRE:  336 07:09:37  -857974.375000        0.089614
FIRE:  337 07:09:37  -857974.562500        0.109628
FIRE:  338 07:09:37  -857974.625000        0.191085
FIRE:  339 07:09:37  -857974.375000        0.146997
FIRE:  340 07:09:37  -857974.062500        0.089437
FIRE:  341 07:09:37  -857974.000000        0.161851
FIRE:  342 07:09:37  -857974.437500        0.102905
FIRE:  343 07:09:37  -857974.062500        0.152994
FIRE:  344 07:09:37  -857974.062500        0.167171
FIRE:  345 07:09:37  -857974.000000        0.174341
FIRE:  346 07:09:37  -857974.125000        0.191358
FIRE:  347 07:09:37  -857974.062500        0.185980
FIRE:  348 07:09:37  -857974.125000        0.205701
FIRE:  349 07:09:37  -857974.125000        0.591092
FIRE:  350 07:09:37  -857974.187500        1.704844
FIRE:  351 07:09:38  -857974.187500        0.081666
FIRE:  352 07:09:38  -857974.187500        0.081653
FIRE:  353 07:09:38  -857974.187500        0.081624
FIRE:  354 07:09:38  -857974.187500        0.081572
FIRE:  355 07:09:38  -857974.187500        0.081474
FIRE:  356 07:09:38  -857974.187500        0.081348
FIRE:  357 07:09:38  -857974.187500        0.081170
FIRE:  358 07:09:38  -857974.250000        0.080935
FIRE:  359 07:09:38  -857974.187500        0.080576
FIRE:  360 07:09:38  -857974.250000        0.080096
FIRE:  361 07:09:38  -857974.625000        0.079495
FIRE:  362 07:09:38  -857974.625000        0.078795
FIRE:  363 07:09:38  -857974.250000        0.078063
FIRE:  364 07:09:38  -857974.187500        0.077340
FIRE:  365 07:09:38  -857974.187500        0.076490
FIRE:  366 07:09:38  -857974.250000        0.075287
FIRE:  367 07:09:38  -857974.250000        0.073871
FIRE:  368 07:09:39  -857974.250000        0.072628
FIRE:  369 07:09:39  -857974.250000        0.073508
FIRE:  370 07:09:39  -857974.312500        0.077163
FIRE:  371 07:09:39  -857974.312500        0.121869
FIRE:  372 07:09:39  -857974.562500        0.411408
FIRE:  373 07:09:39  -857975.500000        1.512779
FIRE:  374 07:09:39  -857975.562500        0.092576
FIRE:  375 07:09:39  -857975.562500        1.500641
FIRE:  376 07:09:39  -857975.562500        1.066561
FIRE:  377 07:09:39  -857975.562500        0.352836
FIRE:  378 07:09:39  -857975.500000        0.409101
FIRE:  379 07:09:39  -857975.375000        0.383398
FIRE:  380 07:09:39  -857975.500000        0.333501
FIRE:  381 07:09:39  -857975.562500        0.262764
FIRE:  382 07:09:39  -857975.562500        0.176206
FIRE:  383 07:09:39  -857975.562500        0.095268
FIRE:  384 07:09:39  -857975.562500        0.095641
FIRE:  385 07:09:40  -857975.500000        0.104689
FIRE:  386 07:09:40  -857975.562500        0.169344
FIRE:  387 07:09:40  -857975.500000        0.208588
FIRE:  388 07:09:40  -857975.562500        0.207682
FIRE:  389 07:09:40  -857975.562500        0.159090
FIRE:  390 07:09:40  -857975.562500        0.098584
FIRE:  391 07:09:40  -857975.562500        0.099285
FIRE:  392 07:09:40  -857975.562500        0.153701
FIRE:  393 07:09:40  -857975.375000        0.177081
FIRE:  394 07:09:40  -857975.562500        0.102602
FIRE:  395 07:09:40  -857975.562500        0.104009
FIRE:  396 07:09:40  -857975.625000        0.145132
FIRE:  397 07:09:40  -857975.375000        0.105998
FIRE:  398 07:09:40  -857975.625000        0.106270
FIRE:  399 07:09:40  -857975.562500        0.126447
FIRE:  400 07:09:40  -857975.625000        0.105892
FIRE:  401 07:09:40  -857975.625000        0.104089
FIRE:  402 07:09:41  -857975.625000        0.172823
FIRE:  403 07:09:41  -857975.687500        0.130871
FIRE:  404 07:09:41  -857975.687500        0.125960
FIRE:  405 07:09:41  -857975.687500        0.212033
FIRE:  406 07:09:41  -857975.750000        0.614158
FIRE:  407 07:09:41  -857975.750000        1.865170
FIRE:  408 07:09:41  -857975.750000        0.301811
FIRE:  409 07:09:41  -857975.750000        0.222212
FIRE:  410 07:09:41  -857975.750000        0.085485
FIRE:  411 07:09:41  -857975.750000        0.085714
FIRE:  412 07:09:41  -857975.750000        0.183305
FIRE:  413 07:09:41  -857975.750000        0.214253
FIRE:  414 07:09:41  -857975.750000        0.160448
FIRE:  415 07:09:41  -857975.750000        0.084470
FIRE:  416 07:09:41  -857975.750000        0.096690
FIRE:  417 07:09:41  -857975.750000        0.176719
FIRE:  418 07:09:41  -857975.750000        0.133055
FIRE:  419 07:09:42  -857975.812500        0.084682
FIRE:  420 07:09:42  -857975.812500        0.150378
FIRE:  421 07:09:42  -857975.812500        0.082246
FIRE:  422 07:09:42  -857975.812500        0.140281
FIRE:  423 07:09:42  -857975.812500        0.079054
FIRE:  424 07:09:42  -857975.812500        0.168860
FIRE:  425 07:09:42  -857975.812500        0.099549
FIRE:  426 07:09:42  -857975.812500        0.070811
FIRE:  427 07:09:42  -857975.875000        0.134318
FIRE:  428 07:09:42  -857975.875000        0.432365
FIRE:  429 07:09:42  -857975.812500        1.301544
FIRE:  430 07:09:42  -857975.875000        0.056262
FIRE:  431 07:09:42  -857975.875000        1.088800
FIRE:  432 07:09:42  -857975.875000        0.844028
FIRE:  433 07:09:42  -857975.937500        0.398515
FIRE:  434 07:09:42  -857975.875000        0.153302
FIRE:  435 07:09:42  -857975.937500        0.143873
FIRE:  436 07:09:43  -857975.937500        0.125627
FIRE:  437 07:09:43  -857975.937500        0.099906
FIRE:  438 07:09:43  -857975.937500        0.068966
FIRE:  439 07:09:43  -857975.937500        0.056177
FIRE:  440 07:09:43  -857975.937500        0.056149
FIRE:  441 07:09:43  -857975.937500        0.056120
FIRE:  442 07:09:43  -857975.937500        0.062083
FIRE:  443 07:09:43  -857975.875000        0.079792
FIRE:  444 07:09:43  -857975.937500        0.084235
FIRE:  445 07:09:43  -857975.937500        0.071643
FIRE:  446 07:09:43  -857975.937500        0.056102
FIRE:  447 07:09:43  -857975.937500        0.056139
FIRE:  448 07:09:43  -857975.937500        0.056184
FIRE:  449 07:09:43  -857975.937500        0.064363
FIRE:  450 07:09:43  -857975.937500        0.056222
FIRE:  451 07:09:43  -857975.937500        0.056211
FIRE:  452 07:09:43  -857975.937500        0.058495
FIRE:  453 07:09:44  -857975.937500        0.056269
FIRE:  454 07:09:44  -857975.625000        0.056352
FIRE:  455 07:09:44  -857975.687500        0.056411
FIRE:  456 07:09:44  -857975.687500        0.056400
FIRE:  457 07:09:44  -857975.625000        0.056432
FIRE:  458 07:09:44  -857975.625000        0.056547
FIRE:  459 07:09:44  -857975.812500        0.056527
FIRE:  460 07:09:44  -857975.687500        0.056677
FIRE:  461 07:09:44  -857975.812500        0.056987
FIRE:  462 07:09:44  -857975.875000        0.177088
FIRE:  463 07:09:44  -857975.750000        0.679435
FIRE:  464 07:09:44  -857974.812500        2.192745
FIRE:  465 07:09:44  -857975.750000        0.307695
FIRE:  466 07:09:44  -857975.750000        0.204929
FIRE:  467 07:09:44  -857974.937500        0.059849
FIRE:  468 07:09:44  -857974.875000        0.145427
FIRE:  469 07:09:44  -857974.875000        0.242573
FIRE:  470 07:09:45  -857974.875000        0.238778
FIRE:  471 07:09:45  -857974.937500        0.145292
FIRE:  472 07:09:45  -857975.875000        0.058153
FIRE:  473 07:09:45  -857975.875000        0.153718
FIRE:  474 07:09:45  -857975.812500        0.175883
FIRE:  475 07:09:45  -857975.812500        0.078317
FIRE:  476 07:09:45  -857975.812500        0.136805
FIRE:  477 07:09:45  -857975.875000        0.158157
FIRE:  478 07:09:45  -857975.812500        0.064687
FIRE:  479 07:09:45  -857975.937500        0.144497
FIRE:  480 07:09:45  -857975.812500        0.090516
FIRE:  481 07:09:45  -857975.812500        0.142403
FIRE:  482 07:09:45  -857974.937500        0.164113
FIRE:  483 07:09:45  -857975.937500        0.244032
FIRE:  484 07:09:45  -857975.875000        0.404250
FIRE:  485 07:09:45  -857975.937500        1.010329
FIRE:  486 07:09:45  -857975.937500        0.095596
FIRE:  487 07:09:46  -857975.875000        0.901765
FIRE:  488 07:09:46  -857975.875000        0.669375
FIRE:  489 07:09:46  -857975.937500        0.272817
FIRE:  490 07:09:46  -857975.937500        0.176416
FIRE:  491 07:09:46  -857976.000000        0.166987
FIRE:  492 07:09:46  -857975.937500        0.148633
FIRE:  493 07:09:46  -857975.875000        0.122728
FIRE:  494 07:09:46  -857975.875000        0.091151
FIRE:  495 07:09:46  -857975.875000        0.059481
FIRE:  496 07:09:46  -857975.875000        0.059450
FIRE:  497 07:09:46  -857976.000000        0.059421
FIRE:  498 07:09:46  -857975.875000        0.073237
FIRE:  499 07:09:46  -857975.875000        0.089721
FIRE:  500 07:09:46  -857975.937500        0.094955
FIRE:  501 07:09:46  -857975.875000        0.085285
FIRE:  502 07:09:46  -857976.000000        0.061063
FIRE:  503 07:09:46  -857975.875000        0.059447
FIRE:  504 07:09:47  -857975.875000        0.064142
FIRE:  505 07:09:47  -857975.937500        0.084037
FIRE:  506 07:09:47  -857975.875000        0.067002
FIRE:  507 07:09:47  -857975.875000        0.059420
FIRE:  508 07:09:47  -857975.937500        0.069527
FIRE:  509 07:09:47  -857975.875000        0.065553
FIRE:  510 07:09:47  -857976.000000        0.059398
FIRE:  511 07:09:47  -857975.937500        0.073127
FIRE:  512 07:09:47  -857976.000000        0.059327
FIRE:  513 07:09:47  -857975.937500        0.070841
FIRE:  514 07:09:47  -857976.250000        0.062678
FIRE:  515 07:09:47  -857976.250000        0.060176
FIRE:  516 07:09:47  -857976.250000        0.061792
FIRE:  517 07:09:47  -857976.312500        0.134795
FIRE:  518 07:09:47  -857975.750000        0.349183
FIRE:  519 07:09:47  -857975.812500        1.116478
FIRE:  520 07:09:47  -857976.250000        3.708250
FIRE:  521 07:09:48  -857976.375000        1.137909
FIRE:  522 07:09:48  -857976.375000        0.824725
FIRE:  523 07:09:48  -857976.312500        0.268142
FIRE:  524 07:09:48  -857976.312500        0.379014
FIRE:  525 07:09:48  -857976.375000        0.349016
FIRE:  526 07:09:48  -857976.375000        0.291651
FIRE:  527 07:09:48  -857976.375000        0.211732
FIRE:  528 07:09:48  -857976.375000        0.125952
FIRE:  529 07:09:48  -857976.375000        0.062820
FIRE:  530 07:09:48  -857976.375000        0.080351
FIRE:  531 07:09:48  -857976.375000        0.154955
FIRE:  532 07:09:48  -857976.375000        0.207886
FIRE:  533 07:09:48  -857976.375000        0.227828
FIRE:  534 07:09:48  -857975.812500        0.205570
FIRE:  535 07:09:48  -857975.875000        0.137585
FIRE:  536 07:09:48  -857975.875000        0.062699
FIRE:  537 07:09:48  -857975.812500        0.112986
FIRE:  538 07:09:49  -857976.375000        0.167899
FIRE:  539 07:09:49  -857976.375000        0.142235
FIRE:  540 07:09:49  -857976.375000        0.062652
FIRE:  541 07:09:49  -857976.375000        0.137703
FIRE:  542 07:09:49  -857976.375000        0.149073
FIRE:  543 07:09:49  -857975.812500        0.062494
FIRE:  544 07:09:49  -857975.875000        0.142742
FIRE:  545 07:09:49  -857976.375000        0.062593
FIRE:  546 07:09:49  -857976.375000        0.162163
FIRE:  547 07:09:49  -857976.375000        0.080370
FIRE:  548 07:09:49  -857976.375000        0.078933
FIRE:  549 07:09:49  -857976.437500        0.205299
FIRE:  550 07:09:49  -857975.937500        0.362819
FIRE:  551 07:09:49  -857975.937500        0.809266
FIRE:  552 07:09:49  -857976.250000        1.935245
FIRE:  553 07:09:49  -857976.250000        0.188316
FIRE:  554 07:09:49  -857976.250000        0.144997
FIRE:  555 07:09:50  -857976.312500        0.070389
FIRE:  556 07:09:50  -857976.312500        0.062413
FIRE:  557 07:09:50  -857976.312500        0.108960
FIRE:  558 07:09:50  -857976.250000        0.131765
FIRE:  559 07:09:50  -857976.250000        0.112891
FIRE:  560 07:09:50  -857976.250000        0.063777
FIRE:  561 07:09:50  -857976.312500        0.064751
FIRE:  562 07:09:50  -857976.250000        0.116066
FIRE:  563 07:09:50  -857976.187500        0.099582
FIRE:  564 07:09:50  -857976.187500        0.062303
FIRE:  565 07:09:50  -857976.187500        0.097932
FIRE:  566 07:09:50  -857976.187500        0.066570
FIRE:  567 07:09:50  -857976.187500        0.089357
FIRE:  568 07:09:50  -857976.312500        0.067142
FIRE:  569 07:09:50  -857976.312500        0.104017
FIRE:  570 07:09:50  -857976.312500        0.061623
FIRE:  571 07:09:50  -857976.375000        0.061288
FIRE:  572 07:09:51  -857976.375000        0.112169
FIRE:  573 07:09:51  -857976.312500        0.312330
FIRE:  574 07:09:51  -857976.312500        0.889502
FIRE:  575 07:09:51  -857976.000000        2.489885
FIRE:  576 07:09:51  -857976.062500        0.057743
FIRE:  577 07:09:51  -857976.062500        0.057719
FIRE:  578 07:09:51  -857976.125000        0.057677
FIRE:  579 07:09:51  -857976.062500        0.057632
FIRE:  580 07:09:51  -857976.125000        0.057571
FIRE:  581 07:09:51  -857976.062500        0.057531
FIRE:  582 07:09:51  -857976.125000        0.057494
FIRE:  583 07:09:51  -857976.062500        0.057489
FIRE:  584 07:09:51  -857976.125000        0.057473
FIRE:  585 07:09:51  -857976.125000        0.057421
FIRE:  586 07:09:51  -857976.125000        0.057321
FIRE:  587 07:09:51  -857976.062500        0.057120
FIRE:  588 07:09:51  -857976.062500        0.056865
FIRE:  589 07:09:52  -857976.062500        0.056625
FIRE:  590 07:09:52  -857976.062500        0.056403
FIRE:  591 07:09:52  -857976.062500        0.056117
FIRE:  592 07:09:52  -857976.062500        0.055595
FIRE:  593 07:09:52  -857976.187500        0.055002
FIRE:  594 07:09:52  -857976.187500        0.054239
FIRE:  595 07:09:52  -857976.187500        0.067712
FIRE:  596 07:09:52  -857976.187500        0.171356
FIRE:  597 07:09:52  -857976.250000        0.618883
FIRE:  598 07:09:52  -857976.125000        1.997749
FIRE:  599 07:09:52  -857976.187500        0.282344
FIRE:  600 07:09:52  -857976.187500        0.195548
FIRE:  601 07:09:52  -857976.187500        0.066592
FIRE:  602 07:09:52  -857976.187500        0.123904
FIRE:  603 07:09:52  -857976.250000        0.116362
FIRE:  604 07:09:52  -857976.187500        0.101759
FIRE:  605 07:09:52  -857976.187500        0.081533
FIRE:  606 07:09:53  -857976.187500        0.057715
FIRE:  607 07:09:53  -857976.187500        0.047012
