      Step     Time          Energy          fmax
FIRE:    0 07:18:50  -764245.812500       16.202997
FIRE:    1 07:18:51  -764248.562500        7.132393
FIRE:    2 07:18:53  -764249.937500        3.611448
FIRE:    3 07:18:53  -764249.812500        3.576274
FIRE:    4 07:18:53  -764250.250000        3.696480
FIRE:    5 07:18:53  -764251.687500        3.723195
FIRE:    6 07:18:53  -764252.062500        3.259596
FIRE:    7 07:18:53  -764252.375000        2.504388
FIRE:    8 07:18:53  -764252.562500        2.179428
FIRE:    9 07:18:53  -764252.812500        1.738943
FIRE:   10 07:18:53  -764253.000000        1.366762
FIRE:   11 07:18:53  -764253.062500        1.740368
FIRE:   12 07:18:53  -764253.125000        1.418880
FIRE:   13 07:18:53  -764253.187500        0.837830
FIRE:   14 07:18:53  -764253.250000        0.934334
FIRE:   15 07:18:53  -764253.312500        1.552093
FIRE:   16 07:18:54  -764253.312500        1.502096
FIRE:   17 07:18:54  -764253.375000        0.872392
FIRE:   18 07:18:54  -764253.437500        0.713548
FIRE:   19 07:18:54  -764253.500000        1.163884
FIRE:   20 07:18:54  -764253.562500        1.263798
FIRE:   21 07:18:54  -764253.625000        0.774846
FIRE:   22 07:18:54  -764253.625000        0.901769
FIRE:   23 07:18:54  -764253.687500        0.853764
FIRE:   24 07:18:55  -764252.812500        0.677706
FIRE:   25 07:18:55  -764253.812500        0.697414
FIRE:   26 07:18:57  -764254.125000        0.802136
FIRE:   27 07:18:57  -764254.187500        0.836522
FIRE:   28 07:18:57  -764254.250000        0.739487
FIRE:   29 07:18:57  -764254.312500        1.110082
FIRE:   30 07:18:57  -764254.312500        0.491079
FIRE:   31 07:18:57  -764254.312500        0.599342
FIRE:   32 07:18:57  -764254.312500        0.498742
FIRE:   33 07:18:57  -764254.312500        0.324837
FIRE:   34 07:18:57  -764254.312500        0.263513
FIRE:   35 07:18:57  -764254.312500        0.258054
FIRE:   36 07:18:57  -764254.312500        0.319387
FIRE:   37 07:18:57  -764254.375000        0.370124
FIRE:   38 07:18:57  -764254.375000        0.335173
FIRE:   39 07:18:57  -764253.687500        0.234969
FIRE:   40 07:18:57  -764253.687500        0.186709
FIRE:   41 07:18:58  -764253.687500        0.262669
FIRE:   42 07:18:58  -764253.687500        0.319847
FIRE:   43 07:18:58  -764253.687500        0.180984
FIRE:   44 07:18:58  -764253.687500        0.140398
FIRE:   45 07:18:58  -764253.750000        0.245273
FIRE:   46 07:18:58  -764253.750000        0.136597
FIRE:   47 07:18:58  -764253.750000        0.242987
FIRE:   48 07:18:58  -764253.687500        0.149194
FIRE:   49 07:18:58  -764253.750000        0.227186
FIRE:   50 07:18:58  -764253.750000        0.202936
FIRE:   51 07:18:58  -764253.812500        0.219423
FIRE:   52 07:18:58  -764253.375000        0.295909
FIRE:   53 07:18:58  -764253.437500        0.491865
FIRE:   54 07:18:58  -764253.437500        0.148058
FIRE:   55 07:18:58  -764253.437500        0.372281
FIRE:   56 07:18:58  -764253.437500        0.299143
FIRE:   57 07:18:58  -764253.437500        0.179139
FIRE:   58 07:18:58  -764253.437500        0.087517
FIRE:   59 07:18:59  -764253.437500        0.087420
FIRE:   60 07:18:59  -764253.500000        0.087223
FIRE:   61 07:18:59  -764253.437500        0.086933
FIRE:   62 07:18:59  -764253.437500        0.086553
FIRE:   63 07:18:59  -764253.437500        0.086086
FIRE:   64 07:18:59  -764253.437500        0.085538
FIRE:   65 07:18:59  -764253.437500        0.084912
FIRE:   66 07:18:59  -764253.437500        0.084134
FIRE:   67 07:18:59  -764253.437500        0.083174
FIRE:   68 07:18:59  -764253.437500        0.081995
FIRE:   69 07:18:59  -764253.437500        0.080558
FIRE:   70 07:18:59  -764253.437500        0.078809
FIRE:   71 07:18:59  -764253.437500        0.076701
FIRE:   72 07:18:59  -764253.437500        0.074175
FIRE:   73 07:18:59  -764253.437500        0.071155
FIRE:   74 07:18:59  -764253.437500        0.067534
FIRE:   75 07:18:59  -764253.500000        0.063156
FIRE:   76 07:18:59  -764253.437500        0.057927
FIRE:   77 07:19:00  -764253.812500        0.051889
FIRE:   78 07:19:00  -764254.562500        0.045115
