      Step     Time          Energy          fmax
FIRE:    0 07:00:16 -2601515.000000       12.869321
FIRE:    1 07:00:17 -2601528.000000       11.556629
FIRE:    2 07:00:19 -2601537.000000       10.273976
FIRE:    3 07:00:20 -2601549.250000        9.103511
FIRE:    4 07:00:21 -2601558.500000        8.094030
FIRE:    5 07:00:21 -2601566.500000        7.248917
FIRE:    6 07:00:21 -2601573.000000        6.550803
FIRE:    7 07:00:21 -2601577.500000        5.958638
FIRE:    8 07:00:22 -2601582.750000        5.423503
FIRE:    9 07:00:22 -2601587.500000        4.920512
FIRE:   10 07:00:22 -2601593.250000        4.419577
FIRE:   11 07:00:22 -2601595.000000        3.982512
FIRE:   12 07:00:22 -2601600.250000        3.566476
FIRE:   13 07:00:22 -2601603.250000        3.156788
FIRE:   14 07:00:22 -2601603.250000        2.750725
FIRE:   15 07:00:22 -2601607.000000        2.432445
FIRE:   16 07:00:23 -2601611.750000        2.340317
FIRE:   17 07:00:23 -2601611.750000        2.178624
FIRE:   18 07:00:23 -2601614.250000        1.974259
FIRE:   19 07:00:23 -2601617.500000        1.768571
FIRE:   20 07:00:23 -2601620.000000        1.771796
FIRE:   21 07:00:23 -2601622.000000        1.759379
FIRE:   22 07:00:23 -2601625.000000        1.760638
FIRE:   23 07:00:23 -2601624.250000        1.738601
FIRE:   24 07:00:23 -2601628.000000        1.691722
FIRE:   25 07:00:23 -2601629.750000        1.620439
FIRE:   26 07:00:23 -2601632.000000        1.527024
FIRE:   27 07:00:23 -2601630.500000        1.417636
FIRE:   28 07:00:23 -2601632.500000        1.297483
FIRE:   29 07:00:23 -2601633.750000        1.252984
FIRE:   30 07:00:23 -2601635.750000        1.205668
FIRE:   31 07:00:23 -2601639.500000        1.183044
FIRE:   32 07:00:23 -2601641.500000        1.172238
FIRE:   33 07:00:23 -2601642.500000        1.141222
FIRE:   34 07:00:23 -2601644.750000        1.108066
FIRE:   35 07:00:23 -2601644.250000        1.077438
FIRE:   36 07:00:23 -2601645.250000        1.041728
FIRE:   37 07:00:23 -2601646.500000        1.001028
FIRE:   38 07:00:24 -2601648.000000        0.958321
FIRE:   39 07:00:24 -2601650.750000        0.944176
FIRE:   40 07:00:24 -2601651.750000        0.928796
FIRE:   41 07:00:24 -2601653.250000        0.919986
FIRE:   42 07:00:24 -2601653.500000        0.913099
FIRE:   43 07:00:24 -2601655.000000        0.908930
FIRE:   44 07:00:24 -2601656.000000        0.902303
FIRE:   45 07:00:24 -2601656.750000        0.934139
FIRE:   46 07:00:24 -2601658.000000        2.067163
FIRE:   47 07:00:24 -2601657.750000        0.878727
FIRE:   48 07:00:24 -2601658.500000        0.869401
FIRE:   49 07:00:24 -2601659.250000        0.867890
FIRE:   50 07:00:24 -2601660.000000        0.850076
FIRE:   51 07:00:24 -2601660.750000        0.828188
FIRE:   52 07:00:24 -2601661.250000        0.799607
FIRE:   53 07:00:24 -2601662.000000        0.766162
FIRE:   54 07:00:24 -2601663.000000        1.114553
FIRE:   55 07:00:24 -2601663.500000        0.812595
FIRE:   56 07:00:24 -2601664.250000        0.698648
FIRE:   57 07:00:25 -2601665.250000        0.688408
FIRE:   58 07:00:25 -2601667.750000        0.635466
FIRE:   59 07:00:25 -2601666.500000        0.599105
FIRE:   60 07:00:25 -2601667.000000        0.560571
FIRE:   61 07:00:25 -2601666.500000        0.524196
FIRE:   62 07:00:25 -2601667.000000        0.514034
FIRE:   63 07:00:25 -2601667.500000        0.504108
FIRE:   64 07:00:25 -2601667.750000        0.493438
FIRE:   65 07:00:25 -2601668.500000        0.485541
FIRE:   66 07:00:25 -2601669.000000        0.478997
FIRE:   67 07:00:25 -2601670.750000        0.471523
FIRE:   68 07:00:25 -2601671.000000        0.463765
FIRE:   69 07:00:25 -2601671.750000        0.455927
FIRE:   70 07:00:25 -2601672.000000        0.448048
FIRE:   71 07:00:25 -2601672.750000        0.439822
FIRE:   72 07:00:25 -2601673.250000        0.432325
FIRE:   73 07:00:25 -2601673.250000        0.434951
FIRE:   74 07:00:25 -2601674.000000        0.443002
FIRE:   75 07:00:26 -2601674.250000        0.451388
FIRE:   76 07:00:26 -2601674.750000        0.460285
FIRE:   77 07:00:26 -2601675.250000        0.469496
FIRE:   78 07:00:26 -2601675.500000        0.477357
FIRE:   79 07:00:26 -2601676.000000        0.482578
FIRE:   80 07:00:26 -2601676.000000        0.483920
FIRE:   81 07:00:26 -2601676.500000        0.480224
FIRE:   82 07:00:26 -2601677.000000        0.472350
FIRE:   83 07:00:26 -2601679.000000        0.464079
FIRE:   84 07:00:26 -2601679.250000        0.453613
FIRE:   85 07:00:26 -2601679.500000        0.442629
FIRE:   86 07:00:26 -2601679.500000        0.430101
FIRE:   87 07:00:26 -2601680.000000        0.414956
FIRE:   88 07:00:26 -2601679.250000        0.397404
FIRE:   89 07:00:26 -2601679.500000        0.376965
FIRE:   90 07:00:26 -2601680.250000        0.360855
FIRE:   91 07:00:26 -2601680.000000        0.349770
FIRE:   92 07:00:27 -2601680.750000        0.337497
FIRE:   93 07:00:27 -2601681.500000        0.324518
FIRE:   94 07:00:27 -2601681.250000        0.311299
FIRE:   95 07:00:27 -2601681.750000        0.297892
FIRE:   96 07:00:27 -2601681.000000        0.284350
FIRE:   97 07:00:27 -2601682.500000        0.277756
FIRE:   98 07:00:27 -2601682.750000        0.273209
FIRE:   99 07:00:27 -2601681.750000        0.268620
FIRE:  100 07:00:27 -2601684.000000        0.263816
FIRE:  101 07:00:27 -2601684.000000        0.259325
FIRE:  102 07:00:27 -2601684.000000        0.404913
FIRE:  103 07:00:27 -2601682.250000        0.273338
FIRE:  104 07:00:27 -2601682.750000        0.278882
FIRE:  105 07:00:27 -2601683.000000        0.280527
FIRE:  106 07:00:27 -2601683.000000        0.288874
FIRE:  107 07:00:27 -2601683.500000        0.301209
FIRE:  108 07:00:27 -2601683.750000        0.310305
FIRE:  109 07:00:27 -2601683.500000        0.315916
FIRE:  110 07:00:28 -2601683.750000        0.317698
FIRE:  111 07:00:28 -2601684.000000        0.315601
FIRE:  112 07:00:28 -2601684.500000        0.309652
FIRE:  113 07:00:28 -2601684.250000        0.299981
FIRE:  114 07:00:28 -2601684.500000        0.286845
FIRE:  115 07:00:28 -2601684.750000        0.270674
FIRE:  116 07:00:28 -2601684.750000        0.252113
FIRE:  117 07:00:28 -2601685.000000        0.231987
FIRE:  118 07:00:28 -2601685.000000        0.211929
FIRE:  119 07:00:28 -2601685.250000        0.221729
FIRE:  120 07:00:28 -2601685.500000        0.271648
FIRE:  121 07:00:28 -2601685.500000        0.242568
FIRE:  122 07:00:28 -2601685.750000        0.245665
FIRE:  123 07:00:28 -2601685.500000        0.433204
FIRE:  124 07:00:28 -2601686.000000        0.431488
FIRE:  125 07:00:28 -2601686.000000        0.306370
FIRE:  126 07:00:28 -2601686.000000        0.271893
FIRE:  127 07:00:29 -2601686.250000        0.239745
FIRE:  128 07:00:29 -2601686.500000        0.230060
FIRE:  129 07:00:29 -2601686.750000        0.227991
FIRE:  130 07:00:29 -2601687.250000        0.228527
FIRE:  131 07:00:29 -2601689.250000        0.224876
FIRE:  132 07:00:29 -2601689.250000        0.218625
FIRE:  133 07:00:29 -2601689.500000        0.213647
FIRE:  134 07:00:29 -2601689.500000        0.223312
FIRE:  135 07:00:29 -2601689.750000        0.232783
FIRE:  136 07:00:29 -2601689.750000        0.240775
FIRE:  137 07:00:29 -2601690.000000        0.247258
FIRE:  138 07:00:29 -2601686.250000        0.251140
FIRE:  139 07:00:29 -2601688.250000        0.251630
FIRE:  140 07:00:29 -2601686.250000        0.276336
FIRE:  141 07:00:29 -2601686.500000        0.301203
FIRE:  142 07:00:29 -2601686.500000        0.281745
FIRE:  143 07:00:29 -2601686.500000        0.239103
FIRE:  144 07:00:29 -2601687.000000        0.182612
FIRE:  145 07:00:30 -2601687.000000        0.180007
FIRE:  146 07:00:30 -2601687.000000        0.180722
FIRE:  147 07:00:30 -2601687.000000        0.298362
FIRE:  148 07:00:30 -2601691.000000        0.267361
FIRE:  149 07:00:30 -2601691.000000        0.372909
FIRE:  150 07:00:30 -2601690.250000        0.494570
FIRE:  151 07:00:30 -2601691.000000        0.649644
FIRE:  152 07:00:30 -2601691.000000        0.878155
FIRE:  153 07:00:30 -2601690.750000        0.936797
FIRE:  154 07:00:30 -2601689.000000        1.010487
FIRE:  155 07:00:30 -2601688.750000        1.087292
FIRE:  156 07:00:30 -2601688.750000        1.111116
FIRE:  157 07:00:30 -2601690.750000        1.239837
FIRE:  158 07:00:30 -2601691.500000        1.299182
FIRE:  159 07:00:30 -2601689.000000        1.228413
FIRE:  160 07:00:30 -2601688.750000        1.116364
FIRE:  161 07:00:30 -2601689.250000        0.987713
FIRE:  162 07:00:30 -2601689.250000        0.855122
FIRE:  163 07:00:31 -2601689.250000        0.721983
FIRE:  164 07:00:31 -2601689.250000        0.602885
FIRE:  165 07:00:31 -2601689.500000        0.548822
FIRE:  166 07:00:31 -2601689.500000        0.516135
FIRE:  167 07:00:31 -2601689.500000        0.512071
FIRE:  168 07:00:31 -2601689.250000        0.493371
FIRE:  169 07:00:31 -2601689.500000        0.454173
FIRE:  170 07:00:31 -2601689.500000        0.399153
FIRE:  171 07:00:31 -2601689.750000        0.385655
FIRE:  172 07:00:31 -2601689.750000        0.396200
FIRE:  173 07:00:31 -2601691.250000        0.387963
FIRE:  174 07:00:31 -2601691.750000        0.360741
FIRE:  175 07:00:31 -2601691.750000        0.356811
FIRE:  176 07:00:31 -2601692.500000        0.450455
FIRE:  177 07:00:31 -2601692.500000        0.524346
FIRE:  178 07:00:31 -2601692.250000        0.569165
FIRE:  179 07:00:31 -2601692.000000        0.584670
FIRE:  180 07:00:31 -2601692.250000        0.579480
FIRE:  181 07:00:32 -2601690.250000        0.567544
FIRE:  182 07:00:32 -2601690.500000        0.563108
FIRE:  183 07:00:32 -2601690.500000        0.592916
FIRE:  184 07:00:32 -2601690.250000        0.760788
FIRE:  185 07:00:32 -2601691.250000        0.686424
FIRE:  186 07:00:32 -2601691.500000        0.661163
FIRE:  187 07:00:32 -2601691.750000        0.659726
FIRE:  188 07:00:32 -2601690.250000        0.626924
FIRE:  189 07:00:32 -2601690.500000        0.651848
FIRE:  190 07:00:32 -2601690.500000        1.488238
FIRE:  191 07:00:32 -2601690.000000        4.983269
FIRE:  192 07:00:32 -2601692.750000        3.182207
FIRE:  193 07:00:32 -2601693.000000        1.647531
FIRE:  194 07:00:32 -2601690.750000        0.819436
FIRE:  195 07:00:32 -2601690.750000        0.730823
FIRE:  196 07:00:32 -2601690.750000        0.562788
FIRE:  197 07:00:32 -2601690.500000        0.334677
FIRE:  198 07:00:32 -2601690.750000        0.225294
FIRE:  199 07:00:33 -2601690.750000        0.250272
FIRE:  200 07:00:33 -2601690.750000        0.378592
FIRE:  201 07:00:33 -2601693.250000        0.450529
FIRE:  202 07:00:33 -2601693.250000        0.430173
FIRE:  203 07:00:33 -2601693.250000        0.292535
FIRE:  204 07:00:33 -2601693.250000        0.169483
FIRE:  205 07:00:33 -2601693.000000        0.225357
FIRE:  206 07:00:33 -2601693.250000        0.377735
FIRE:  207 07:00:33 -2601693.250000        0.330952
FIRE:  208 07:00:33 -2601693.500000        0.168115
FIRE:  209 07:00:33 -2601693.250000        0.303303
FIRE:  210 07:00:33 -2601693.250000        0.268495
FIRE:  211 07:00:33 -2601693.250000        0.179079
FIRE:  212 07:00:33 -2601693.000000        0.292098
FIRE:  213 07:00:33 -2601693.250000        0.176884
FIRE:  214 07:00:33 -2601693.500000        0.261070
FIRE:  215 07:00:33 -2601693.750000        0.324850
FIRE:  216 07:00:33 -2601693.750000        0.474289
FIRE:  217 07:00:34 -2601693.750000        0.266460
FIRE:  218 07:00:34 -2601693.750000        0.654371
FIRE:  219 07:00:34 -2601693.750000        2.064414
FIRE:  220 07:00:34 -2601694.000000        0.182444
FIRE:  221 07:00:34 -2601694.000000        2.041778
FIRE:  222 07:00:34 -2601693.750000        1.464282
FIRE:  223 07:00:34 -2601694.000000        0.517653
FIRE:  224 07:00:34 -2601693.750000        0.498253
FIRE:  225 07:00:34 -2601693.750000        0.467156
FIRE:  226 07:00:34 -2601693.750000        0.406666
FIRE:  227 07:00:34 -2601693.750000        0.320447
FIRE:  228 07:00:34 -2601694.000000        0.214339
FIRE:  229 07:00:34 -2601694.000000        0.158856
FIRE:  230 07:00:34 -2601693.750000        0.159006
FIRE:  231 07:00:34 -2601693.750000        0.164390
FIRE:  232 07:00:34 -2601694.000000        0.213774
FIRE:  233 07:00:34 -2601693.750000        0.267333
FIRE:  234 07:00:34 -2601694.000000        0.271507
FIRE:  235 07:00:35 -2601693.500000        0.215705
FIRE:  236 07:00:35 -2601693.750000        0.160139
FIRE:  237 07:00:35 -2601693.750000        0.160824
FIRE:  238 07:00:35 -2601694.000000        0.176305
FIRE:  239 07:00:35 -2601694.000000        0.214084
FIRE:  240 07:00:35 -2601693.750000        0.162357
FIRE:  241 07:00:35 -2601694.000000        0.162241
FIRE:  242 07:00:35 -2601694.000000        0.185982
FIRE:  243 07:00:35 -2601693.750000        0.161470
FIRE:  244 07:00:35 -2601691.500000        0.159755
FIRE:  245 07:00:35 -2601691.750000        0.161924
FIRE:  246 07:00:35 -2601694.000000        0.184581
FIRE:  247 07:00:35 -2601691.750000        0.179874
FIRE:  248 07:00:35 -2601691.750000        0.189476
FIRE:  249 07:00:35 -2601690.000000        0.197072
FIRE:  250 07:00:35 -2601690.000000        0.295539
FIRE:  251 07:00:35 -2601692.000000        1.059453
FIRE:  252 07:00:35 -2601692.000000        0.869672
FIRE:  253 07:00:36 -2601692.000000        1.339333
FIRE:  254 07:00:36 -2601692.000000        2.032738
FIRE:  255 07:00:36 -2601692.000000        0.708816
FIRE:  256 07:00:36 -2601692.000000        0.491836
FIRE:  257 07:00:36 -2601692.000000        0.285796
FIRE:  258 07:00:36 -2601692.000000        0.270111
FIRE:  259 07:00:36 -2601692.000000        0.500356
FIRE:  260 07:00:36 -2601692.000000        0.485654
FIRE:  261 07:00:36 -2601692.000000        0.247606
FIRE:  262 07:00:36 -2601691.750000        0.182108
FIRE:  263 07:00:36 -2601691.750000        0.368273
FIRE:  264 07:00:36 -2601691.750000        0.369610
FIRE:  265 07:00:36 -2601692.000000        0.114615
FIRE:  266 07:00:36 -2601692.000000        0.345203
FIRE:  267 07:00:36 -2601691.750000        0.313612
FIRE:  268 07:00:36 -2601692.250000        0.684214
FIRE:  269 07:00:36 -2601692.000000        0.160661
FIRE:  270 07:00:37 -2601692.000000        0.106871
FIRE:  271 07:00:37 -2601692.000000        0.098362
FIRE:  272 07:00:37 -2601691.750000        0.139262
FIRE:  273 07:00:37 -2601692.000000        0.163012
FIRE:  274 07:00:37 -2601692.000000        0.130701
FIRE:  275 07:00:37 -2601692.000000        0.077808
FIRE:  276 07:00:37 -2601692.000000        0.082776
FIRE:  277 07:00:37 -2601692.250000        0.099935
FIRE:  278 07:00:37 -2601692.000000        0.091813
FIRE:  279 07:00:37 -2601692.000000        0.094770
FIRE:  280 07:00:37 -2601692.000000        0.114821
FIRE:  281 07:00:37 -2601692.000000        0.093791
FIRE:  282 07:00:37 -2601692.000000        0.630217
FIRE:  283 07:00:37 -2601694.000000        0.161561
FIRE:  284 07:00:37 -2601694.000000        0.225294
FIRE:  285 07:00:37 -2601694.000000        0.171723
FIRE:  286 07:00:37 -2601694.250000        0.144983
FIRE:  287 07:00:37 -2601692.000000        1.951630
FIRE:  288 07:00:38 -2601692.250000        0.098015
FIRE:  289 07:00:38 -2601692.000000        0.097553
FIRE:  290 07:00:38 -2601692.000000        0.096634
FIRE:  291 07:00:38 -2601692.250000        0.095275
FIRE:  292 07:00:38 -2601692.250000        0.093483
FIRE:  293 07:00:38 -2601692.000000        0.091283
FIRE:  294 07:00:38 -2601692.250000        0.088718
FIRE:  295 07:00:38 -2601692.000000        0.108645
FIRE:  296 07:00:38 -2601692.250000        0.275224
FIRE:  297 07:00:38 -2601692.250000        0.177196
FIRE:  298 07:00:38 -2601692.250000        0.105971
FIRE:  299 07:00:38 -2601692.250000        0.099366
FIRE:  300 07:00:38 -2601692.250000        0.103598
FIRE:  301 07:00:38 -2601692.500000        0.103642
FIRE:  302 07:00:38 -2601692.250000        0.158845
FIRE:  303 07:00:38 -2601692.250000        0.125016
FIRE:  304 07:00:38 -2601692.250000        0.120774
FIRE:  305 07:00:38 -2601692.250000        0.354076
FIRE:  306 07:00:38 -2601694.250000        0.114947
FIRE:  307 07:00:39 -2601694.500000        0.105956
FIRE:  308 07:00:39 -2601692.250000        0.619327
FIRE:  309 07:00:39 -2601692.250000        0.159485
FIRE:  310 07:00:39 -2601692.000000        0.339333
FIRE:  311 07:00:39 -2601692.250000        0.241307
FIRE:  312 07:00:39 -2601692.250000        0.103717
FIRE:  313 07:00:39 -2601692.250000        0.539676
FIRE:  314 07:00:39 -2601692.000000        2.459108
FIRE:  315 07:00:39 -2601692.250000        0.938383
FIRE:  316 07:00:39 -2601692.250000        0.599985
FIRE:  317 07:00:39 -2601692.250000        0.096519
FIRE:  318 07:00:39 -2601692.250000        0.447971
FIRE:  319 07:00:39 -2601692.250000        0.407115
FIRE:  320 07:00:39 -2601692.250000        0.328866
FIRE:  321 07:00:39 -2601692.250000        0.220391
FIRE:  322 07:00:39 -2601692.250000        0.093051
FIRE:  323 07:00:39 -2601692.250000        0.089960
FIRE:  324 07:00:40 -2601692.250000        0.156607
FIRE:  325 07:00:40 -2601692.250000        0.237493
FIRE:  326 07:00:40 -2601692.000000        0.279115
FIRE:  327 07:00:40 -2601692.250000        0.267901
FIRE:  328 07:00:40 -2601692.250000        0.218987
FIRE:  329 07:00:40 -2601692.250000        0.197057
FIRE:  330 07:00:40 -2601692.250000        0.127216
FIRE:  331 07:00:40 -2601692.250000        0.175396
FIRE:  332 07:00:40 -2601692.250000        0.179477
FIRE:  333 07:00:40 -2601692.250000        0.228951
FIRE:  334 07:00:40 -2601692.250000        0.105876
FIRE:  335 07:00:40 -2601692.250000        0.183083
FIRE:  336 07:00:40 -2601692.250000        0.182242
FIRE:  337 07:00:40 -2601692.250000        0.120558
FIRE:  338 07:00:40 -2601692.250000        0.111758
FIRE:  339 07:00:40 -2601692.250000        0.169515
FIRE:  340 07:00:40 -2601692.250000        0.076700
FIRE:  341 07:00:40 -2601692.000000        1.371050
FIRE:  342 07:00:41 -2601692.250000        0.162313
FIRE:  343 07:00:41 -2601692.250000        0.159606
FIRE:  344 07:00:41 -2601692.500000        0.143096
FIRE:  345 07:00:41 -2601694.500000        0.086496
FIRE:  346 07:00:41 -2601692.250000        0.137103
FIRE:  347 07:00:41 -2601692.000000        0.160533
FIRE:  348 07:00:41 -2601692.250000        0.143471
FIRE:  349 07:00:41 -2601692.250000        0.174964
FIRE:  350 07:00:41 -2601692.000000        0.170691
FIRE:  351 07:00:41 -2601692.250000        0.142835
FIRE:  352 07:00:41 -2601692.250000        0.147146
FIRE:  353 07:00:41 -2601692.250000        0.075471
FIRE:  354 07:00:41 -2601692.000000        0.188015
FIRE:  355 07:00:41 -2601692.250000        0.104763
FIRE:  356 07:00:41 -2601692.000000        0.121288
FIRE:  357 07:00:41 -2601692.250000        0.078924
FIRE:  358 07:00:41 -2601692.250000        0.126287
FIRE:  359 07:00:41 -2601692.250000        0.172924
FIRE:  360 07:00:42 -2601692.250000        0.684529
FIRE:  361 07:00:42 -2601692.250000        0.221752
FIRE:  362 07:00:42 -2601692.500000        0.187289
FIRE:  363 07:00:42 -2601692.250000        0.895954
FIRE:  364 07:00:42 -2601692.750000        0.274542
FIRE:  365 07:00:42 -2601692.500000        0.243842
FIRE:  366 07:00:42 -2601692.250000        0.216547
FIRE:  367 07:00:42 -2601692.500000        0.650539
FIRE:  368 07:00:42 -2601692.750000        1.379019
FIRE:  369 07:00:42 -2601692.500000        0.318569
FIRE:  370 07:00:42 -2601692.500000        1.412621
FIRE:  371 07:00:42 -2601692.750000        0.995564
FIRE:  372 07:00:42 -2601692.500000        0.308512
FIRE:  373 07:00:42 -2601692.500000        0.419947
FIRE:  374 07:00:42 -2601692.500000        0.389896
FIRE:  375 07:00:42 -2601692.500000        0.332011
FIRE:  376 07:00:42 -2601692.500000        0.250157
FIRE:  377 07:00:42 -2601692.750000        0.169218
FIRE:  378 07:00:43 -2601692.500000        0.168250
FIRE:  379 07:00:43 -2601694.750000        0.167270
FIRE:  380 07:00:43 -2601692.500000        0.166345
FIRE:  381 07:00:43 -2601692.500000        0.223989
FIRE:  382 07:00:43 -2601692.500000        0.258150
FIRE:  383 07:00:43 -2601692.500000        0.245464
FIRE:  384 07:00:43 -2601692.500000        0.179516
FIRE:  385 07:00:43 -2601692.500000        0.162532
FIRE:  386 07:00:43 -2601692.500000        0.161517
FIRE:  387 07:00:43 -2601692.250000        0.159736
FIRE:  388 07:00:43 -2601692.500000        0.156759
FIRE:  389 07:00:43 -2601692.250000        0.152277
FIRE:  390 07:00:43 -2601692.250000        0.383240
FIRE:  391 07:00:43 -2601692.500000        1.062823
FIRE:  392 07:00:43 -2601692.750000        0.297424
FIRE:  393 07:00:43 -2601692.500000        0.397432
FIRE:  394 07:00:43 -2601692.500000        0.376277
FIRE:  395 07:00:43 -2601692.500000        0.210111
FIRE:  396 07:00:44 -2601692.500000        0.906592
FIRE:  397 07:00:44 -2601692.500000        0.235698
FIRE:  398 07:00:44 -2601692.750000        0.239076
FIRE:  399 07:00:44 -2601692.250000        1.758023
FIRE:  400 07:00:44 -2601692.500000        0.386782
FIRE:  401 07:00:44 -2601692.250000        0.364202
FIRE:  402 07:00:44 -2601692.500000        0.321832
FIRE:  403 07:00:44 -2601692.500000        0.265197
FIRE:  404 07:00:44 -2601692.500000        0.203230
FIRE:  405 07:00:44 -2601692.500000        0.149773
FIRE:  406 07:00:44 -2601692.250000        0.109505
FIRE:  407 07:00:44 -2601692.500000        0.748085
FIRE:  408 07:00:44 -2601692.250000        0.610882
FIRE:  409 07:00:44 -2601692.750000        0.348367
FIRE:  410 07:00:44 -2601692.500000        0.113619
FIRE:  411 07:00:44 -2601692.500000        0.133461
FIRE:  412 07:00:44 -2601692.500000        0.136000
FIRE:  413 07:00:44 -2601692.750000        0.139011
FIRE:  414 07:00:45 -2601692.500000        0.142144
FIRE:  415 07:00:45 -2601692.500000        0.145295
FIRE:  416 07:00:45 -2601692.500000        0.148094
FIRE:  417 07:00:45 -2601692.500000        0.150029
FIRE:  418 07:00:45 -2601692.500000        0.150517
FIRE:  419 07:00:45 -2601692.500000        0.148887
FIRE:  420 07:00:45 -2601692.250000        0.144653
FIRE:  421 07:00:45 -2601694.500000        0.191084
FIRE:  422 07:00:45 -2601694.000000        0.406820
FIRE:  423 07:00:45 -2601694.250000        0.087876
FIRE:  424 07:00:45 -2601692.500000        0.163620
FIRE:  425 07:00:45 -2601692.500000        0.167155
FIRE:  426 07:00:45 -2601692.500000        0.154366
FIRE:  427 07:00:45 -2601692.500000        0.425443
FIRE:  428 07:00:45 -2601692.500000        0.139940
FIRE:  429 07:00:45 -2601692.500000        0.136090
FIRE:  430 07:00:45 -2601692.500000        0.218941
FIRE:  431 07:00:45 -2601692.500000        0.136613
FIRE:  432 07:00:46 -2601692.500000        0.131554
FIRE:  433 07:00:46 -2601694.000000        1.409452
FIRE:  434 07:00:46 -2601694.750000        0.160972
FIRE:  435 07:00:46 -2601694.000000        0.158132
FIRE:  436 07:00:46 -2601694.250000        0.152681
FIRE:  437 07:00:46 -2601694.250000        0.145033
FIRE:  438 07:00:46 -2601694.750000        0.135800
FIRE:  439 07:00:46 -2601694.000000        0.123428
FIRE:  440 07:00:46 -2601694.500000        0.231979
FIRE:  441 07:00:46 -2601694.500000        0.399493
FIRE:  442 07:00:46 -2601694.250000        0.271511
FIRE:  443 07:00:46 -2601694.500000        0.110223
FIRE:  444 07:00:46 -2601694.000000        0.129055
FIRE:  445 07:00:46 -2601694.500000        0.131430
FIRE:  446 07:00:46 -2601694.500000        0.128406
FIRE:  447 07:00:46 -2601694.250000        0.236809
FIRE:  448 07:00:46 -2601694.000000        0.122792
FIRE:  449 07:00:46 -2601693.750000        0.142603
FIRE:  450 07:00:47 -2601694.500000        0.144445
FIRE:  451 07:00:47 -2601694.000000        0.151547
FIRE:  452 07:00:47 -2601694.250000        0.123677
FIRE:  453 07:00:47 -2601694.500000        0.467519
FIRE:  454 07:00:47 -2601694.750000        0.190354
FIRE:  455 07:00:47 -2601694.750000        0.190544
FIRE:  456 07:00:47 -2601694.250000        0.213212
FIRE:  457 07:00:47 -2601694.750000        0.159186
FIRE:  458 07:00:47 -2601694.250000        2.039353
FIRE:  459 07:00:47 -2601694.500000        0.234716
FIRE:  460 07:00:47 -2601694.500000        0.225528
FIRE:  461 07:00:47 -2601694.500000        0.208059
FIRE:  462 07:00:47 -2601694.000000        0.184108
FIRE:  463 07:00:47 -2601694.750000        0.156550
FIRE:  464 07:00:47 -2601694.500000        0.129239
FIRE:  465 07:00:47 -2601694.750000        0.106869
FIRE:  466 07:00:47 -2601694.250000        0.096382
FIRE:  467 07:00:47 -2601694.500000        0.579630
FIRE:  468 07:00:48 -2601694.750000        0.447655
FIRE:  469 07:00:48 -2601694.750000        0.236282
FIRE:  470 07:00:48 -2601694.500000        0.077822
FIRE:  471 07:00:48 -2601694.750000        0.097570
FIRE:  472 07:00:48 -2601694.750000        0.098677
FIRE:  473 07:00:48 -2601694.250000        0.101240
FIRE:  474 07:00:48 -2601694.750000        0.105136
FIRE:  475 07:00:48 -2601694.500000        0.108953
FIRE:  476 07:00:48 -2601694.750000        0.112261
FIRE:  477 07:00:48 -2601694.250000        0.114460
FIRE:  478 07:00:48 -2601694.500000        0.114967
FIRE:  479 07:00:48 -2601694.250000        0.046806
