      Step     Time          Energy          fmax
FIRE:    0 09:07:26  -838471.187500       10.605627
FIRE:    1 09:07:27  -838473.812500        6.618731
FIRE:    2 09:07:29  -838474.875000        6.176351
FIRE:    3 09:07:29  -838475.875000        2.631330
FIRE:    4 09:07:30  -838476.437500       10.408177
FIRE:    5 09:07:30  -838476.875000        4.089417
FIRE:    6 09:07:30  -838477.062500        4.454567
FIRE:    7 09:07:30  -838477.062500        3.995928
FIRE:    8 09:07:30  -838477.125000        3.125786
FIRE:    9 09:07:30  -838477.187500        2.014475
FIRE:   10 09:07:30  -838477.250000        1.735711
FIRE:   11 09:07:31  -838477.312500        1.750725
FIRE:   12 09:07:31  -838477.312500        2.237351
FIRE:   13 09:07:31  -838477.375000        2.292657
FIRE:   14 09:07:31  -838477.437500        1.831576
FIRE:   15 09:07:31  -838477.562500        1.534964
FIRE:   16 09:07:31  -838477.625000        1.485130
FIRE:   17 09:07:31  -838477.687500        1.417397
FIRE:   18 09:07:31  -838477.812500        1.705446
FIRE:   19 09:07:31  -838478.000000        1.245986
FIRE:   20 09:07:31  -838478.125000        1.168611
FIRE:   21 09:07:31  -838478.312500        1.427266
FIRE:   22 09:07:31  -838478.500000        0.858328
FIRE:   23 09:07:31  -838478.687500        1.599431
FIRE:   24 09:07:31  -838478.875000        1.230314
FIRE:   25 09:07:31  -838479.062500        1.547844
FIRE:   26 09:07:31  -838479.437500        0.627164
FIRE:   27 09:07:31  -838479.437500        1.427742
FIRE:   28 09:07:31  -838479.625000        2.234376
FIRE:   29 09:07:31  -838479.375000        2.485877
FIRE:   30 09:07:31  -838478.937500        2.258446
FIRE:   31 09:07:31  -838479.687500        3.083204
FIRE:   32 09:07:32  -838479.687500        0.404524
FIRE:   33 09:07:32  -838479.625000        2.883613
FIRE:   34 09:07:32  -838479.750000        2.062648
FIRE:   35 09:07:32  -838479.750000        0.740739
FIRE:   36 09:07:32  -838479.125000        0.730759
FIRE:   37 09:07:32  -838479.750000        0.693565
FIRE:   38 09:07:32  -838479.750000        0.622035
FIRE:   39 09:07:32  -838479.750000        0.522147
FIRE:   40 09:07:32  -838479.500000        0.404742
FIRE:   41 09:07:32  -838479.750000        0.338710
FIRE:   42 09:07:32  -838479.812500        0.340434
FIRE:   43 09:07:32  -838479.187500        0.342436
FIRE:   44 09:07:32  -838479.750000        0.343940
FIRE:   45 09:07:32  -838479.125000        0.367649
FIRE:   46 09:07:32  -838479.687500        0.381809
FIRE:   47 09:07:32  -838479.812500        0.334994
FIRE:   48 09:07:32  -838479.187500        0.320230
FIRE:   49 09:07:32  -838479.187500        0.306879
FIRE:   50 09:07:33  -838479.687500        0.326831
FIRE:   51 09:07:33  -838479.812500        0.374798
FIRE:   52 09:07:33  -838479.812500        0.284932
FIRE:   53 09:07:33  -838479.250000        0.262639
FIRE:   54 09:07:33  -838479.250000        0.306707
FIRE:   55 09:07:33  -838479.875000        0.236208
FIRE:   56 09:07:33  -838479.937500        0.257331
FIRE:   57 09:07:33  -838479.937500        0.283830
FIRE:   58 09:07:33  -838480.000000        0.250309
FIRE:   59 09:07:33  -838480.062500        0.215475
FIRE:   60 09:07:33  -838480.000000        0.365253
FIRE:   61 09:07:33  -838480.062500        0.377567
FIRE:   62 09:07:33  -838480.000000        0.508679
FIRE:   63 09:07:33  -838480.062500        0.845670
FIRE:   64 09:07:33  -838480.062500        2.134904
FIRE:   65 09:07:33  -838480.250000        5.527650
FIRE:   66 09:07:33  -838480.437500        0.924027
FIRE:   67 09:07:33  -838480.375000        0.713554
FIRE:   68 09:07:34  -838480.375000        0.349456
FIRE:   69 09:07:34  -838480.375000        0.222830
FIRE:   70 09:07:34  -838480.187500        0.511365
FIRE:   71 09:07:34  -838480.187500        0.631697
FIRE:   72 09:07:34  -838480.437500        0.548874
FIRE:   73 09:07:34  -838480.375000        0.311817
FIRE:   74 09:07:34  -838480.437500        0.271492
FIRE:   75 09:07:34  -838480.437500        0.552352
FIRE:   76 09:07:34  -838480.187500        0.536781
FIRE:   77 09:07:34  -838480.312500        0.186455
FIRE:   78 09:07:34  -838480.187500        0.430752
FIRE:   79 09:07:34  -838480.437500        0.384939
FIRE:   80 09:07:34  -838480.500000        0.304216
FIRE:   81 09:07:34  -838480.250000        0.418922
FIRE:   82 09:07:34  -838480.375000        0.337016
FIRE:   83 09:07:34  -838480.375000        0.193442
FIRE:   84 09:07:34  -838480.312500        0.559884
FIRE:   85 09:07:34  -838480.500000        0.718445
FIRE:   86 09:07:35  -838480.500000        1.148490
FIRE:   87 09:07:35  -838480.562500        2.127675
FIRE:   88 09:07:35  -838480.437500        0.150327
FIRE:   89 09:07:35  -838480.625000        1.788239
FIRE:   90 09:07:35  -838480.562500        1.417159
FIRE:   91 09:07:35  -838480.625000        0.738099
FIRE:   92 09:07:35  -838480.687500        0.204399
FIRE:   93 09:07:35  -838480.625000        0.197346
FIRE:   94 09:07:35  -838480.687500        0.183787
FIRE:   95 09:07:35  -838480.687500        0.165307
FIRE:   96 09:07:35  -838480.625000        0.152581
FIRE:   97 09:07:35  -838480.687500        0.152999
FIRE:   98 09:07:35  -838480.437500        0.153457
FIRE:   99 09:07:35  -838480.750000        0.153924
FIRE:  100 09:07:35  -838480.625000        0.154432
FIRE:  101 09:07:35  -838480.687500        0.154956
FIRE:  102 09:07:35  -838480.625000        0.155989
FIRE:  103 09:07:35  -838480.687500        0.155970
FIRE:  104 09:07:36  -838480.437500        0.156453
FIRE:  105 09:07:36  -838480.562500        0.156979
FIRE:  106 09:07:36  -838480.625000        0.157668
FIRE:  107 09:07:36  -838480.562500        0.158698
FIRE:  108 09:07:36  -838481.250000        0.160216
FIRE:  109 09:07:36  -838481.250000        0.162250
FIRE:  110 09:07:36  -838481.250000        0.164582
FIRE:  111 09:07:36  -838481.250000        0.166833
FIRE:  112 09:07:36  -838481.250000        0.168896
FIRE:  113 09:07:36  -838481.312500        0.171356
FIRE:  114 09:07:36  -838481.312500        0.175048
FIRE:  115 09:07:36  -838481.312500        0.179957
FIRE:  116 09:07:36  -838481.312500        0.186966
FIRE:  117 09:07:36  -838481.375000        0.202944
FIRE:  118 09:07:36  -838481.375000        0.240258
FIRE:  119 09:07:38  -838480.937500        0.328286
FIRE:  120 09:07:38  -838480.937500        0.455223
FIRE:  121 09:07:38  -838481.000000        1.366008
FIRE:  122 09:07:38  -838481.187500        4.058054
FIRE:  123 09:07:38  -838481.312500        0.140133
FIRE:  124 09:07:38  -838481.312500        0.135125
FIRE:  125 09:07:38  -838481.312500        0.126784
FIRE:  126 09:07:38  -838481.250000        0.117967
FIRE:  127 09:07:38  -838481.312500        0.129908
FIRE:  128 09:07:38  -838481.312500        0.137410
FIRE:  129 09:07:38  -838480.875000        0.119474
FIRE:  130 09:07:38  -838481.250000        0.106045
FIRE:  131 09:07:38  -838481.312500        0.106177
FIRE:  132 09:07:39  -838481.312500        0.119864
FIRE:  133 09:07:39  -838481.375000        0.105331
FIRE:  134 09:07:39  -838480.875000        0.111417
FIRE:  135 09:07:39  -838481.375000        0.118758
FIRE:  136 09:07:39  -838481.375000        0.112607
FIRE:  137 09:07:39  -838481.312500        0.118417
FIRE:  138 09:07:39  -838480.875000        0.122817
FIRE:  139 09:07:39  -838480.812500        0.134055
FIRE:  140 09:07:39  -838480.812500        0.144262
FIRE:  141 09:07:39  -838481.437500        0.176329
FIRE:  142 09:07:39  -838480.437500        0.263623
FIRE:  143 09:07:39  -838481.437500        0.763228
FIRE:  144 09:07:39  -838481.500000        2.240070
FIRE:  145 09:07:39  -838481.500000        0.255993
FIRE:  146 09:07:39  -838481.000000        0.207478
FIRE:  147 09:07:39  -838481.500000        0.133164
FIRE:  148 09:07:39  -838481.062500        0.111386
FIRE:  149 09:07:39  -838481.500000        0.156664
FIRE:  150 09:07:39  -838481.500000        0.180373
FIRE:  151 09:07:40  -838481.500000        0.158957
FIRE:  152 09:07:40  -838481.500000        0.109540
FIRE:  153 09:07:40  -838481.062500        0.127563
FIRE:  154 09:07:40  -838481.062500        0.176190
FIRE:  155 09:07:40  -838481.500000        0.153189
FIRE:  156 09:07:40  -838481.187500        0.099014
FIRE:  157 09:07:40  -838481.250000        0.149964
FIRE:  158 09:07:40  -838481.250000        0.106753
FIRE:  159 09:07:40  -838481.250000        0.143358
FIRE:  160 09:07:40  -838481.250000        0.099452
FIRE:  161 09:07:40  -838481.312500        0.148279
FIRE:  162 09:07:40  -838481.375000        0.126728
FIRE:  163 09:07:40  -838481.312500        0.087251
FIRE:  164 09:07:40  -838481.312500        0.082686
FIRE:  165 09:07:40  -838481.312500        0.138828
FIRE:  166 09:07:40  -838481.375000        0.436604
FIRE:  167 09:07:40  -838481.437500        1.784067
FIRE:  168 09:07:40  -838481.375000        0.153907
FIRE:  169 09:07:41  -838481.375000        0.121573
FIRE:  170 09:07:41  -838481.437500        0.073475
FIRE:  171 09:07:41  -838481.437500        0.077145
FIRE:  172 09:07:41  -838481.375000        0.122090
FIRE:  173 09:07:41  -838481.375000        0.132190
FIRE:  174 09:07:41  -838481.375000        0.102990
FIRE:  175 09:07:41  -838481.437500        0.063981
FIRE:  176 09:07:41  -838481.312500        0.091179
FIRE:  177 09:07:41  -838481.375000        0.110557
FIRE:  178 09:07:41  -838481.375000        0.081320
FIRE:  179 09:07:41  -838481.375000        0.079352
FIRE:  180 09:07:41  -838481.312500        0.103712
FIRE:  181 09:07:41  -838481.312500        0.062382
FIRE:  182 09:07:41  -838481.375000        0.100151
FIRE:  183 09:07:41  -838481.437500        0.063892
FIRE:  184 09:07:41  -838481.312500        0.084919
FIRE:  185 09:07:41  -838481.375000        0.118608
FIRE:  186 09:07:41  -838481.375000        0.163438
FIRE:  187 09:07:42  -838481.375000        0.256141
FIRE:  188 09:07:42  -838481.437500        0.675756
FIRE:  189 09:07:42  -838481.437500        1.752461
FIRE:  190 09:07:42  -838481.437500        0.136296
FIRE:  191 09:07:42  -838481.375000        0.109768
FIRE:  192 09:07:42  -838481.375000        0.067591
FIRE:  193 09:07:42  -838481.375000        0.060109
FIRE:  194 09:07:42  -838481.437500        0.087770
FIRE:  195 09:07:42  -838481.500000        0.100771
FIRE:  196 09:07:42  -838481.437500        0.090289
FIRE:  197 09:07:42  -838481.437500        0.065062
FIRE:  198 09:07:42  -838481.437500        0.063663
FIRE:  199 09:07:42  -838481.437500        0.092515
FIRE:  200 09:07:42  -838481.437500        0.082090
FIRE:  201 09:07:42  -838481.375000        0.057116
FIRE:  202 09:07:42  -838481.500000        0.084883
FIRE:  203 09:07:42  -838481.875000        0.065183
FIRE:  204 09:07:42  -838481.875000        0.076735
FIRE:  205 09:07:43  -838481.937500        0.059275
FIRE:  206 09:07:43  -838481.937500        0.084529
FIRE:  207 09:07:43  -838481.937500        0.065641
FIRE:  208 09:07:43  -838481.937500        0.051458
FIRE:  209 09:07:43  -838481.937500        0.073199
FIRE:  210 09:07:43  -838481.937500        0.161756
FIRE:  211 09:07:43  -838481.937500        0.523506
FIRE:  212 09:07:43  -838481.937500        1.751071
FIRE:  213 09:07:43  -838481.937500        0.111892
FIRE:  214 09:07:43  -838481.937500        0.089710
FIRE:  215 09:07:43  -838481.937500        0.058098
FIRE:  216 09:07:43  -838481.937500        0.057047
FIRE:  217 09:07:43  -838481.937500        0.088502
FIRE:  218 09:07:43  -838481.937500        0.097304
FIRE:  219 09:07:43  -838481.937500        0.078247
FIRE:  220 09:07:43  -838481.937500        0.048257
