      Step     Time          Energy          fmax
FIRE:    0 01:22:59  -574466.187500        3.888333
FIRE:    1 01:22:59  -574468.000000        2.728312
FIRE:    2 01:23:01  -574469.250000        2.457827
FIRE:    3 01:23:01  -574470.375000        2.223811
FIRE:    4 01:23:01  -574471.375000        1.387647
FIRE:    5 01:23:02  -574472.062500        1.703166
FIRE:    6 01:23:02  -574472.750000        1.812102
FIRE:    7 01:23:02  -574473.500000        1.246459
FIRE:    8 01:23:02  -574474.062500        0.783054
FIRE:    9 01:23:02  -574474.437500        1.466500
FIRE:   10 01:23:02  -574474.875000        1.308327
FIRE:   11 01:23:02  -574475.312500        0.956601
FIRE:   12 01:23:02  -574475.812500        1.122468
FIRE:   13 01:23:03  -574476.187500        0.740116
FIRE:   14 01:23:03  -574476.562500        0.592714
FIRE:   15 01:23:03  -574476.812500        0.883241
FIRE:   16 01:23:03  -574477.000000        0.573287
FIRE:   17 01:23:03  -574477.562500        0.677937
FIRE:   18 01:23:03  -574477.562500        0.570272
FIRE:   19 01:23:03  -574477.812500        0.716684
FIRE:   20 01:23:03  -574478.125000        0.565818
FIRE:   21 01:23:04  -574478.687500        0.480730
FIRE:   22 01:23:04  -574478.875000        0.498356
FIRE:   23 01:23:04  -574479.125000        0.462338
FIRE:   24 01:23:04  -574478.812500        0.393215
FIRE:   25 01:23:04  -574479.687500        0.376231
FIRE:   26 01:23:04  -574479.812500        0.305073
FIRE:   27 01:23:04  -574479.812500        0.353336
FIRE:   28 01:23:05  -574480.250000        0.263237
FIRE:   29 01:23:05  -574480.437500        0.260669
FIRE:   30 01:23:05  -574480.625000        0.304325
FIRE:   31 01:23:05  -574480.812500        0.363118
FIRE:   32 01:23:05  -574480.812500        0.424199
FIRE:   33 01:23:05  -574481.187500        0.452877
FIRE:   34 01:23:05  -574481.375000        0.582609
FIRE:   35 01:23:05  -574481.437500        0.866685
FIRE:   36 01:23:05  -574481.687500        1.016002
FIRE:   37 01:23:05  -574481.875000        1.120598
FIRE:   38 01:23:05  -574482.375000        1.351752
FIRE:   39 01:23:05  -574482.812500        1.489133
FIRE:   40 01:23:05  -574483.187500        1.575285
FIRE:   41 01:23:05  -574483.375000        1.399384
FIRE:   42 01:23:05  -574483.625000        1.157667
FIRE:   43 01:23:05  -574483.875000        1.877805
FIRE:   44 01:23:05  -574484.125000        1.186426
FIRE:   45 01:23:05  -574483.937500        2.429002
FIRE:   46 01:23:05  -574484.062500        1.454544
FIRE:   47 01:23:05  -574484.125000        0.884084
FIRE:   48 01:23:06  -574484.187500        0.881193
FIRE:   49 01:23:06  -574484.187500        1.034691
FIRE:   50 01:23:06  -574484.187500        0.901721
FIRE:   51 01:23:06  -574484.187500        0.874749
FIRE:   52 01:23:06  -574484.375000        0.873534
FIRE:   53 01:23:06  -574484.250000        0.871716
FIRE:   54 01:23:06  -574484.187500        0.869119
FIRE:   55 01:23:06  -574484.250000        0.864245
FIRE:   56 01:23:06  -574484.187500        0.857805
FIRE:   57 01:23:06  -574484.187500        0.848976
FIRE:   58 01:23:06  -574484.250000        0.836973
FIRE:   59 01:23:06  -574484.312500        0.820637
FIRE:   60 01:23:06  -574484.312500        0.798161
FIRE:   61 01:23:06  -574484.375000        0.768366
FIRE:   62 01:23:06  -574484.375000        0.729183
FIRE:   63 01:23:06  -574484.437500        0.688699
FIRE:   64 01:23:07  -574484.500000        0.658172
FIRE:   65 01:23:07  -574484.500000        0.639752
FIRE:   66 01:23:07  -574484.625000        0.626901
FIRE:   67 01:23:07  -574484.687500        0.635704
FIRE:   68 01:23:07  -574484.812500        0.689162
FIRE:   69 01:23:07  -574485.062500        0.825931
FIRE:   70 01:23:07  -574485.250000        1.098606
FIRE:   71 01:23:07  -574485.375000        1.106456
FIRE:   72 01:23:07  -574485.812500        1.347923
FIRE:   73 01:23:07  -574486.000000        1.463968
FIRE:   74 01:23:07  -574486.312500        1.257630
FIRE:   75 01:23:07  -574486.500000        0.750294
FIRE:   76 01:23:07  -574486.625000        1.786503
FIRE:   77 01:23:07  -574486.562500        1.081162
FIRE:   78 01:23:07  -574486.687500        0.659163
FIRE:   79 01:23:08  -574486.625000        0.413898
FIRE:   80 01:23:08  -574486.687500        0.662609
FIRE:   81 01:23:08  -574486.687500        0.641520
FIRE:   82 01:23:08  -574486.875000        0.599852
FIRE:   83 01:23:08  -574486.750000        0.538513
FIRE:   84 01:23:08  -574486.750000        0.457261
FIRE:   85 01:23:08  -574486.750000        0.347513
FIRE:   86 01:23:08  -574486.750000        0.229621
FIRE:   87 01:23:08  -574486.750000        0.200687
FIRE:   88 01:23:08  -574486.937500        0.321181
FIRE:   89 01:23:08  -574486.937500        0.445410
FIRE:   90 01:23:08  -574486.937500        0.492450
FIRE:   91 01:23:08  -574487.000000        0.436549
FIRE:   92 01:23:08  -574487.000000        0.303400
FIRE:   93 01:23:08  -574487.062500        0.184598
FIRE:   94 01:23:09  -574487.000000        0.219825
FIRE:   95 01:23:09  -574486.812500        0.290130
FIRE:   96 01:23:09  -574486.875000        0.257208
FIRE:   97 01:23:09  -574487.187500        0.193233
FIRE:   98 01:23:09  -574487.250000        0.354017
FIRE:   99 01:23:09  -574487.125000        1.036815
FIRE:  100 01:23:09  -574487.312500        2.867519
FIRE:  101 01:23:09  -574487.250000        0.211138
FIRE:  102 01:23:09  -574487.187500        0.173062
FIRE:  103 01:23:09  -574487.187500        0.148772
FIRE:  104 01:23:09  -574487.187500        0.145437
FIRE:  105 01:23:09  -574487.187500        0.142563
FIRE:  106 01:23:09  -574487.187500        0.154229
FIRE:  107 01:23:09  -574487.187500        0.160295
FIRE:  108 01:23:09  -574487.437500        0.142763
FIRE:  109 01:23:09  -574487.437500        0.146162
FIRE:  110 01:23:10  -574487.312500        0.150262
FIRE:  111 01:23:10  -574487.500000        0.153323
FIRE:  112 01:23:10  -574487.312500        0.154013
FIRE:  113 01:23:10  -574487.437500        0.152825
FIRE:  114 01:23:10  -574487.250000        0.152994
FIRE:  115 01:23:10  -574487.312500        0.157690
FIRE:  116 01:23:10  -574487.312500        0.164839
FIRE:  117 01:23:10  -574487.375000        0.169330
FIRE:  118 01:23:10  -574487.437500        0.175036
FIRE:  119 01:23:10  -574487.437500        0.186608
FIRE:  120 01:23:10  -574487.687500        0.204743
FIRE:  121 01:23:10  -574487.562500        0.248109
FIRE:  122 01:23:10  -574487.687500        0.646562
FIRE:  123 01:23:10  -574487.687500        2.568406
FIRE:  124 01:23:10  -574487.750000        0.479996
FIRE:  125 01:23:11  -574487.750000        0.345380
FIRE:  126 01:23:11  -574487.750000        0.189243
FIRE:  127 01:23:11  -574487.812500        0.144164
FIRE:  128 01:23:11  -574487.875000        0.305482
FIRE:  129 01:23:11  -574487.812500        0.338154
FIRE:  130 01:23:11  -574487.812500        0.231640
FIRE:  131 01:23:11  -574487.812500        0.171155
FIRE:  132 01:23:11  -574487.812500        0.192503
FIRE:  133 01:23:11  -574487.812500        0.273009
FIRE:  134 01:23:11  -574487.812500        0.192492
FIRE:  135 01:23:11  -574487.812500        0.160384
FIRE:  136 01:23:11  -574487.812500        0.228026
FIRE:  137 01:23:11  -574487.937500        0.158765
FIRE:  138 01:23:11  -574487.875000        0.239282
FIRE:  139 01:23:11  -574487.875000        0.181029
FIRE:  140 01:23:11  -574487.937500        0.181950
FIRE:  141 01:23:12  -574488.375000        0.307261
FIRE:  142 01:23:12  -574488.375000        0.333349
FIRE:  143 01:23:12  -574488.437500        0.480861
FIRE:  144 01:23:12  -574488.562500        1.536809
FIRE:  145 01:23:12  -574488.687500        2.512831
FIRE:  146 01:23:12  -574488.750000        0.593205
FIRE:  147 01:23:12  -574488.750000        2.311948
FIRE:  148 01:23:12  -574488.750000        1.699931
FIRE:  149 01:23:12  -574488.812500        0.655131
FIRE:  150 01:23:12  -574488.812500        0.566643
FIRE:  151 01:23:12  -574488.812500        0.566303
FIRE:  152 01:23:12  -574488.812500        0.565620
FIRE:  153 01:23:12  -574488.812500        0.564524
FIRE:  154 01:23:12  -574488.812500        0.561860
FIRE:  155 01:23:12  -574488.812500        0.558489
FIRE:  156 01:23:13  -574488.812500        0.556294
FIRE:  157 01:23:13  -574488.812500        0.553890
FIRE:  158 01:23:13  -574488.812500        0.550637
FIRE:  159 01:23:13  -574488.812500        0.546185
FIRE:  160 01:23:13  -574488.812500        0.539961
FIRE:  161 01:23:13  -574488.812500        0.532045
FIRE:  162 01:23:13  -574488.812500        0.524659
FIRE:  163 01:23:13  -574488.687500        0.515126
FIRE:  164 01:23:13  -574488.750000        0.513011
FIRE:  165 01:23:13  -574488.687500        0.518125
FIRE:  166 01:23:13  -574488.750000        0.537257
FIRE:  167 01:23:13  -574488.812500        0.565353
FIRE:  168 01:23:13  -574488.750000        0.595709
FIRE:  169 01:23:13  -574488.937500        0.619340
FIRE:  170 01:23:13  -574489.000000        0.649167
FIRE:  171 01:23:13  -574489.062500        0.584041
FIRE:  172 01:23:14  -574489.125000        0.465998
FIRE:  173 01:23:14  -574489.187500        0.403096
FIRE:  174 01:23:14  -574489.125000        0.498881
FIRE:  175 01:23:14  -574489.187500        0.591104
FIRE:  176 01:23:14  -574489.312500        0.582839
FIRE:  177 01:23:14  -574489.500000        0.711420
FIRE:  178 01:23:14  -574489.750000        1.510306
FIRE:  179 01:23:14  -574489.875000        2.864882
FIRE:  180 01:23:14  -574490.000000        4.021345
FIRE:  181 01:23:14  -574490.125000        1.179788
FIRE:  182 01:23:14  -574490.125000        0.830576
FIRE:  183 01:23:14  -574490.125000        0.465901
FIRE:  184 01:23:14  -574490.125000        0.467640
FIRE:  185 01:23:14  -574490.125000        0.874733
FIRE:  186 01:23:14  -574490.125000        0.878495
FIRE:  187 01:23:15  -574490.062500        0.502863
FIRE:  188 01:23:15  -574490.187500        0.495992
FIRE:  189 01:23:15  -574490.187500        0.593016
FIRE:  190 01:23:15  -574490.187500        0.636462
FIRE:  191 01:23:15  -574490.250000        0.506706
FIRE:  192 01:23:15  -574490.312500        0.506461
FIRE:  193 01:23:15  -574490.312500        0.499266
FIRE:  194 01:23:15  -574490.375000        0.496079
FIRE:  195 01:23:15  -574490.437500        0.517862
FIRE:  196 01:23:15  -574490.500000        0.533775
FIRE:  197 01:23:15  -574490.625000        0.471243
FIRE:  198 01:23:15  -574490.687500        0.647281
FIRE:  199 01:23:15  -574490.687500        1.189371
FIRE:  200 01:23:15  -574490.812500        2.094514
FIRE:  201 01:23:15  -574491.000000        3.725109
FIRE:  202 01:23:16  -574491.000000        0.391585
FIRE:  203 01:23:16  -574490.937500        3.268819
FIRE:  204 01:23:16  -574491.000000        2.463592
FIRE:  205 01:23:16  -574491.062500        1.094085
FIRE:  206 01:23:16  -574491.062500        0.544425
FIRE:  207 01:23:16  -574491.125000        0.512873
FIRE:  208 01:23:16  -574491.125000        0.451564
FIRE:  209 01:23:16  -574491.062500        0.399292
FIRE:  210 01:23:16  -574491.062500        0.399029
FIRE:  211 01:23:16  -574491.125000        0.398706
FIRE:  212 01:23:16  -574491.062500        0.398835
FIRE:  213 01:23:16  -574491.062500        0.400476
FIRE:  214 01:23:16  -574491.062500        0.402538
FIRE:  215 01:23:16  -574491.125000        0.405088
FIRE:  216 01:23:16  -574491.125000        0.408232
FIRE:  217 01:23:16  -574491.062500        0.412099
FIRE:  218 01:23:17  -574491.062500        0.416877
FIRE:  219 01:23:17  -574491.125000        0.422811
FIRE:  220 01:23:17  -574491.125000        0.430186
FIRE:  221 01:23:17  -574491.187500        0.434807
FIRE:  222 01:23:17  -574491.125000        0.435027
FIRE:  223 01:23:17  -574491.250000        0.435027
FIRE:  224 01:23:17  -574491.250000        0.434808
FIRE:  225 01:23:17  -574491.250000        0.434607
FIRE:  226 01:23:17  -574491.312500        0.435579
FIRE:  227 01:23:17  -574491.312500        0.442258
FIRE:  228 01:23:17  -574491.437500        0.448727
FIRE:  229 01:23:17  -574491.500000        0.452214
FIRE:  230 01:23:17  -574491.625000        0.451728
FIRE:  231 01:23:17  -574491.812500        0.395237
FIRE:  232 01:23:17  -574491.875000        0.373161
FIRE:  233 01:23:18  -574492.250000        0.490543
FIRE:  234 01:23:18  -574492.375000        0.703703
FIRE:  235 01:23:18  -574492.562500        1.428779
FIRE:  236 01:23:18  -574492.687500        2.256756
FIRE:  237 01:23:18  -574492.812500        2.754159
FIRE:  238 01:23:18  -574492.875000        1.223301
FIRE:  239 01:23:18  -574492.875000        0.791903
FIRE:  240 01:23:18  -574492.875000        0.534462
FIRE:  241 01:23:18  -574492.875000        0.614234
FIRE:  242 01:23:18  -574492.875000        0.943598
FIRE:  243 01:23:18  -574492.937500        0.787502
FIRE:  244 01:23:18  -574492.937500        0.445186
FIRE:  245 01:23:18  -574492.937500        0.418617
FIRE:  246 01:23:18  -574492.937500        0.726665
FIRE:  247 01:23:18  -574493.000000        0.494813
FIRE:  248 01:23:18  -574493.000000        0.319072
FIRE:  249 01:23:19  -574493.062500        0.644051
FIRE:  250 01:23:19  -574493.125000        0.236954
FIRE:  251 01:23:19  -574493.125000        0.651125
FIRE:  252 01:23:19  -574493.125000        0.176036
FIRE:  253 01:23:19  -574493.250000        0.642083
FIRE:  254 01:23:19  -574493.312500        0.734374
FIRE:  255 01:23:19  -574493.437500        0.567919
FIRE:  256 01:23:19  -574493.500000        0.705754
FIRE:  257 01:23:19  -574493.562500        1.684867
FIRE:  258 01:23:19  -574493.562500        4.588615
FIRE:  259 01:23:19  -574493.750000        0.637280
FIRE:  260 01:23:19  -574493.750000        0.504246
FIRE:  261 01:23:19  -574493.062500        0.335765
FIRE:  262 01:23:19  -574493.062500        0.323449
FIRE:  263 01:23:19  -574493.062500        0.307627
FIRE:  264 01:23:19  -574493.062500        0.435371
FIRE:  265 01:23:19  -574493.750000        0.415594
FIRE:  266 01:23:20  -574493.062500        0.258166
FIRE:  267 01:23:20  -574493.750000        0.221066
FIRE:  268 01:23:20  -574493.062500        0.255047
FIRE:  269 01:23:20  -574493.812500        0.306008
FIRE:  270 01:23:20  -574493.812500        0.224963
FIRE:  271 01:23:20  -574493.125000        0.188300
FIRE:  272 01:23:20  -574493.187500        0.235975
FIRE:  273 01:23:20  -574493.187500        0.217898
FIRE:  274 01:23:20  -574493.250000        0.194892
FIRE:  275 01:23:20  -574493.250000        0.232657
FIRE:  276 01:23:20  -574493.312500        0.312688
FIRE:  277 01:23:20  -574493.375000        0.194494
FIRE:  278 01:23:20  -574493.437500        0.293426
FIRE:  279 01:23:20  -574493.562500        0.659766
FIRE:  280 01:23:20  -574493.625000        1.721563
FIRE:  281 01:23:20  -574493.937500        5.157382
FIRE:  282 01:23:20  -574494.187500        1.391599
FIRE:  283 01:23:21  -574494.125000        1.015965
FIRE:  284 01:23:21  -574494.125000        0.360758
FIRE:  285 01:23:21  -574494.187500        0.435231
FIRE:  286 01:23:21  -574494.187500        0.402833
FIRE:  287 01:23:21  -574494.125000        0.340493
FIRE:  288 01:23:21  -574494.125000        0.253443
FIRE:  289 01:23:21  -574494.125000        0.197468
FIRE:  290 01:23:21  -574494.125000        0.197586
FIRE:  291 01:23:21  -574494.125000        0.197725
FIRE:  292 01:23:21  -574494.125000        0.197884
FIRE:  293 01:23:21  -574494.187500        0.209589
FIRE:  294 01:23:21  -574494.125000        0.232883
FIRE:  295 01:23:21  -574494.125000        0.205496
FIRE:  296 01:23:21  -574494.187500        0.198867
FIRE:  297 01:23:21  -574494.125000        0.199167
FIRE:  298 01:23:21  -574494.125000        0.199443
FIRE:  299 01:23:21  -574494.125000        0.199650
FIRE:  300 01:23:22  -574494.250000        0.199728
FIRE:  301 01:23:22  -574494.187500        0.199609
FIRE:  302 01:23:22  -574494.250000        0.199223
FIRE:  303 01:23:22  -574494.187500        0.198603
FIRE:  304 01:23:22  -574494.250000        0.197703
FIRE:  305 01:23:22  -574494.250000        0.196392
FIRE:  306 01:23:22  -574494.250000        0.194640
FIRE:  307 01:23:22  -574494.312500        0.192428
FIRE:  308 01:23:22  -574494.375000        0.189730
FIRE:  309 01:23:22  -574494.437500        0.186333
FIRE:  310 01:23:22  -574494.562500        0.181574
FIRE:  311 01:23:22  -574494.625000        0.174394
FIRE:  312 01:23:22  -574494.875000        0.458311
FIRE:  313 01:23:22  -574495.062500        1.895611
FIRE:  314 01:23:22  -574494.687500        5.718389
FIRE:  315 01:23:22  -574494.812500        1.478849
FIRE:  316 01:23:23  -574494.875000        1.105350
FIRE:  317 01:23:23  -574494.875000        0.456895
FIRE:  318 01:23:23  -574494.812500        0.450805
FIRE:  319 01:23:23  -574494.875000        0.415516
FIRE:  320 01:23:23  -574494.812500        0.347869
FIRE:  321 01:23:23  -574494.812500        0.253950
FIRE:  322 01:23:23  -574494.812500        0.143010
FIRE:  323 01:23:23  -574494.812500        0.143251
FIRE:  324 01:23:23  -574494.812500        0.143544
FIRE:  325 01:23:23  -574494.875000        0.167489
FIRE:  326 01:23:23  -574494.875000        0.226626
FIRE:  327 01:23:23  -574494.812500        0.244355
FIRE:  328 01:23:23  -574494.937500        0.209595
FIRE:  329 01:23:23  -574494.812500        0.145863
FIRE:  330 01:23:23  -574494.875000        0.146434
FIRE:  331 01:23:23  -574494.875000        0.146923
FIRE:  332 01:23:24  -574494.937500        0.191325
FIRE:  333 01:23:24  -574494.937500        0.147248
FIRE:  334 01:23:24  -574494.875000        0.146831
FIRE:  335 01:23:24  -574494.937500        0.161610
FIRE:  336 01:23:24  -574494.937500        0.144189
FIRE:  337 01:23:24  -574494.937500        0.141766
FIRE:  338 01:23:24  -574495.000000        0.147587
FIRE:  339 01:23:24  -574494.937500        0.134957
FIRE:  340 01:23:24  -574495.000000        0.130767
FIRE:  341 01:23:24  -574495.000000        0.179868
FIRE:  342 01:23:24  -574495.125000        0.127092
FIRE:  343 01:23:24  -574495.062500        0.120546
FIRE:  344 01:23:24  -574495.125000        0.183428
FIRE:  345 01:23:24  -574495.187500        0.621182
FIRE:  346 01:23:24  -574495.500000        2.218048
FIRE:  347 01:23:24  -574495.250000        0.171369
FIRE:  348 01:23:24  -574495.312500        0.136561
FIRE:  349 01:23:25  -574495.250000        0.099657
FIRE:  350 01:23:25  -574495.250000        0.098466
FIRE:  351 01:23:25  -574495.250000        0.097061
FIRE:  352 01:23:25  -574495.250000        0.115683
FIRE:  353 01:23:25  -574495.312500        0.112942
FIRE:  354 01:23:25  -574495.500000        0.092768
FIRE:  355 01:23:25  -574495.500000        0.091473
FIRE:  356 01:23:25  -574495.500000        0.090298
FIRE:  357 01:23:25  -574495.312500        0.091256
FIRE:  358 01:23:25  -574495.375000        0.088276
FIRE:  359 01:23:25  -574495.437500        0.087205
FIRE:  360 01:23:25  -574495.312500        0.085925
FIRE:  361 01:23:25  -574495.312500        0.084446
FIRE:  362 01:23:25  -574495.312500        0.083968
FIRE:  363 01:23:25  -574495.375000        0.083542
FIRE:  364 01:23:25  -574495.375000        0.091928
FIRE:  365 01:23:26  -574495.625000        0.084979
FIRE:  366 01:23:26  -574495.687500        0.089431
FIRE:  367 01:23:26  -574495.750000        0.232830
FIRE:  368 01:23:26  -574495.750000        0.849817
FIRE:  369 01:23:26  -574495.500000        3.106069
FIRE:  370 01:23:26  -574495.625000        0.608966
FIRE:  371 01:23:26  -574495.562500        0.440026
FIRE:  372 01:23:26  -574495.562500        0.151430
FIRE:  373 01:23:26  -574495.625000        0.182212
FIRE:  374 01:23:26  -574495.562500        0.400379
FIRE:  375 01:23:26  -574495.625000        0.449214
FIRE:  376 01:23:26  -574495.562500        0.325497
FIRE:  377 01:23:26  -574495.562500        0.110024
FIRE:  378 01:23:26  -574495.625000        0.206939
FIRE:  379 01:23:26  -574495.562500        0.345906
FIRE:  380 01:23:26  -574495.812500        0.243121
FIRE:  381 01:23:26  -574496.000000        0.130517
FIRE:  382 01:23:27  -574495.812500        0.306254
FIRE:  383 01:23:27  -574495.937500        0.125397
FIRE:  384 01:23:27  -574495.937500        0.284565
FIRE:  385 01:23:27  -574495.875000        0.113157
FIRE:  386 01:23:27  -574495.875000        0.344142
FIRE:  387 01:23:27  -574495.687500        0.209756
FIRE:  388 01:23:27  -574495.750000        0.085652
FIRE:  389 01:23:27  -574495.750000        0.172187
FIRE:  390 01:23:27  -574495.812500        0.611060
FIRE:  391 01:23:27  -574495.750000        1.911268
FIRE:  392 01:23:27  -574495.812500        0.130179
FIRE:  393 01:23:27  -574495.750000        1.803880
FIRE:  394 01:23:27  -574495.812500        1.312716
FIRE:  395 01:23:27  -574495.812500        0.482779
FIRE:  396 01:23:27  -574495.812500        0.447074
FIRE:  397 01:23:28  -574495.812500        0.418520
FIRE:  398 01:23:28  -574495.812500        0.363355
FIRE:  399 01:23:28  -574495.812500        0.285334
FIRE:  400 01:23:28  -574495.875000        0.190205
FIRE:  401 01:23:28  -574495.812500        0.089864
FIRE:  402 01:23:28  -574495.812500        0.089764
FIRE:  403 01:23:28  -574495.812500        0.111704
FIRE:  404 01:23:28  -574495.812500        0.185210
FIRE:  405 01:23:28  -574495.812500        0.228918
FIRE:  406 01:23:28  -574495.875000        0.229787
FIRE:  407 01:23:28  -574495.812500        0.179521
FIRE:  408 01:23:28  -574495.812500        0.089756
FIRE:  409 01:23:28  -574495.812500        0.089903
FIRE:  410 01:23:28  -574495.812500        0.157656
FIRE:  411 01:23:29  -574495.812500        0.187975
FIRE:  412 01:23:29  -574495.812500        0.111200
FIRE:  413 01:23:29  -574495.875000        0.090722
FIRE:  414 01:23:29  -574495.812500        0.159100
FIRE:  415 01:23:29  -574495.812500        0.097595
FIRE:  416 01:23:29  -574495.875000        0.100893
FIRE:  417 01:23:29  -574495.812500        0.137655
FIRE:  418 01:23:29  -574495.875000        0.097416
FIRE:  419 01:23:29  -574495.937500        0.100675
FIRE:  420 01:23:29  -574495.937500        0.178631
FIRE:  421 01:23:29  -574495.875000        0.126506
FIRE:  422 01:23:29  -574496.000000        0.098631
FIRE:  423 01:23:29  -574496.312500        0.157164
FIRE:  424 01:23:29  -574496.375000        0.523445
FIRE:  425 01:23:30  -574496.062500        1.795737
FIRE:  426 01:23:30  -574496.375000        0.189735
FIRE:  427 01:23:30  -574496.375000        0.141403
FIRE:  428 01:23:30  -574496.312500        0.089916
FIRE:  429 01:23:30  -574496.312500        0.090144
FIRE:  430 01:23:30  -574496.312500        0.106586
FIRE:  431 01:23:30  -574496.375000        0.127109
FIRE:  432 01:23:30  -574496.375000        0.094842
FIRE:  433 01:23:30  -574496.375000        0.089024
FIRE:  434 01:23:30  -574496.375000        0.088722
FIRE:  435 01:23:30  -574496.437500        0.106722
FIRE:  436 01:23:30  -574496.375000        0.088836
FIRE:  437 01:23:30  -574496.437500        0.089426
FIRE:  438 01:23:30  -574496.437500        0.090058
FIRE:  439 01:23:31  -574496.375000        0.090003
FIRE:  440 01:23:31  -574496.375000        0.090323
FIRE:  441 01:23:31  -574496.437500        0.090653
FIRE:  442 01:23:31  -574496.437500        0.091642
FIRE:  443 01:23:31  -574496.437500        0.102300
FIRE:  444 01:23:31  -574495.812500        0.090420
FIRE:  445 01:23:31  -574495.812500        0.131387
FIRE:  446 01:23:31  -574495.875000        0.357488
FIRE:  447 01:23:31  -574495.875000        1.175364
FIRE:  448 01:23:31  -574496.500000        3.785222
FIRE:  449 01:23:31  -574495.937500        0.797178
FIRE:  450 01:23:31  -574495.875000        0.584030
FIRE:  451 01:23:31  -574495.937500        0.213668
FIRE:  452 01:23:31  -574495.937500        0.237342
FIRE:  453 01:23:32  -574495.937500        0.219533
FIRE:  454 01:23:32  -574495.937500        0.185422
FIRE:  455 01:23:32  -574495.937500        0.137821
FIRE:  456 01:23:32  -574495.937500        0.090842
FIRE:  457 01:23:32  -574495.937500        0.089743
FIRE:  458 01:23:32  -574495.937500        0.089147
FIRE:  459 01:23:32  -574495.875000        0.088983
FIRE:  460 01:23:32  -574495.875000        0.117382
FIRE:  461 01:23:32  -574495.937500        0.131151
FIRE:  462 01:23:32  -574495.875000        0.117773
FIRE:  463 01:23:32  -574495.937500        0.088699
FIRE:  464 01:23:32  -574495.937500        0.088950
FIRE:  465 01:23:32  -574495.937500        0.089796
FIRE:  466 01:23:32  -574495.875000        0.098534
FIRE:  467 01:23:33  -574495.875000        0.089838
FIRE:  468 01:23:33  -574495.937500        0.088726
FIRE:  469 01:23:33  -574495.937500        0.088477
FIRE:  470 01:23:33  -574495.937500        0.088473
FIRE:  471 01:23:33  -574495.937500        0.089148
FIRE:  472 01:23:33  -574495.937500        0.090039
FIRE:  473 01:23:33  -574495.937500        0.088252
FIRE:  474 01:23:33  -574495.937500        0.087486
FIRE:  475 01:23:33  -574496.000000        0.088045
FIRE:  476 01:23:33  -574496.000000        0.084974
FIRE:  477 01:23:33  -574496.000000        0.083943
FIRE:  478 01:23:33  -574496.000000        0.168188
FIRE:  479 01:23:33  -574496.750000        0.533839
FIRE:  480 01:23:33  -574496.750000        1.601730
FIRE:  481 01:23:34  -574496.750000        0.076288
FIRE:  482 01:23:34  -574496.750000        1.444741
FIRE:  483 01:23:34  -574496.750000        1.078707
FIRE:  484 01:23:34  -574496.750000        0.443481
FIRE:  485 01:23:34  -574496.750000        0.299417
FIRE:  486 01:23:34  -574496.750000        0.280468
FIRE:  487 01:23:34  -574496.750000        0.243911
FIRE:  488 01:23:34  -574496.750000        0.192155
FIRE:  489 01:23:34  -574496.750000        0.129196
FIRE:  490 01:23:34  -574496.750000        0.076129
FIRE:  491 01:23:34  -574496.750000        0.075537
FIRE:  492 01:23:34  -574496.750000        0.075324
FIRE:  493 01:23:34  -574496.750000        0.122782
FIRE:  494 01:23:34  -574496.750000        0.154726
FIRE:  495 01:23:35  -574496.750000        0.158859
FIRE:  496 01:23:35  -574496.750000        0.128718
FIRE:  497 01:23:35  -574496.812500        0.074979
FIRE:  498 01:23:35  -574496.812500        0.075252
FIRE:  499 01:23:35  -574496.812500        0.096678
FIRE:  500 01:23:35  -574496.812500        0.122829
FIRE:  501 01:23:35  -574496.812500        0.076702
FIRE:  502 01:23:35  -574496.812500        0.074051
FIRE:  503 01:23:35  -574496.812500        0.108884
FIRE:  504 01:23:35  -574496.812500        0.074375
FIRE:  505 01:23:35  -574496.812500        0.073589
FIRE:  506 01:23:35  -574496.812500        0.093098
FIRE:  507 01:23:35  -574496.812500        0.072246
FIRE:  508 01:23:35  -574496.812500        0.081758
FIRE:  509 01:23:36  -574496.812500        0.109557
FIRE:  510 01:23:36  -574496.875000        0.071318
FIRE:  511 01:23:36  -574496.875000        0.070499
FIRE:  512 01:23:36  -574496.875000        0.067841
FIRE:  513 01:23:36  -574496.937500        0.098504
FIRE:  514 01:23:36  -574496.937500        0.447959
FIRE:  515 01:23:36  -574496.937500        1.814334
FIRE:  516 01:23:36  -574496.937500        0.470015
FIRE:  517 01:23:36  -574496.937500        0.325848
FIRE:  518 01:23:36  -574497.000000        0.083603
FIRE:  519 01:23:36  -574497.000000        0.181504
FIRE:  520 01:23:36  -574497.000000        0.166785
FIRE:  521 01:23:36  -574497.000000        0.138624
FIRE:  522 01:23:36  -574497.000000        0.099489
FIRE:  523 01:23:37  -574497.000000        0.072306
FIRE:  524 01:23:37  -574497.000000        0.062749
FIRE:  525 01:23:37  -574497.000000        0.062808
FIRE:  526 01:23:37  -574497.000000        0.084528
FIRE:  527 01:23:39  -574497.000000        0.106377
FIRE:  528 01:23:39  -574497.000000        0.110899
FIRE:  529 01:23:39  -574497.000000        0.093650
FIRE:  530 01:23:39  -574497.000000        0.062126
FIRE:  531 01:23:39  -574497.000000        0.062761
FIRE:  532 01:23:39  -574497.000000        0.073663
FIRE:  533 01:23:39  -574496.937500        0.078117
FIRE:  534 01:23:39  -574497.000000        0.067784
FIRE:  535 01:23:39  -574496.937500        0.060608
FIRE:  536 01:23:40  -574497.000000        0.080900
FIRE:  537 01:23:40  -574497.000000        0.061298
FIRE:  538 01:23:40  -574497.000000        0.068866
FIRE:  539 01:23:40  -574497.000000        0.070790
FIRE:  540 01:23:40  -574497.000000        0.062365
FIRE:  541 01:23:40  -574497.000000        0.062296
FIRE:  542 01:23:40  -574497.000000        0.084164
FIRE:  543 01:23:40  -574497.062500        0.090946
FIRE:  544 01:23:40  -574497.062500        0.090886
FIRE:  545 01:23:40  -574497.062500        0.199818
FIRE:  546 01:23:40  -574497.000000        0.531547
FIRE:  547 01:23:40  -574497.000000        1.645581
FIRE:  548 01:23:40  -574497.125000        0.171324
FIRE:  549 01:23:40  -574497.125000        0.138990
FIRE:  550 01:23:41  -574497.125000        0.089526
FIRE:  551 01:23:41  -574497.125000        0.069183
FIRE:  552 01:23:41  -574497.125000        0.124366
FIRE:  553 01:23:41  -574497.125000        0.142707
FIRE:  554 01:23:41  -574497.062500        0.110693
FIRE:  555 01:23:41  -574497.062500        0.074531
FIRE:  556 01:23:41  -574497.125000        0.076663
FIRE:  557 01:23:41  -574497.125000        0.103703
FIRE:  558 01:23:41  -574497.125000        0.098624
FIRE:  559 01:23:41  -574497.125000        0.068128
FIRE:  560 01:23:41  -574497.062500        0.105713
FIRE:  561 01:23:41  -574497.125000        0.072129
FIRE:  562 01:23:41  -574497.125000        0.082714
FIRE:  563 01:23:41  -574497.062500        0.075781
FIRE:  564 01:23:42  -574497.125000        0.112531
FIRE:  565 01:23:42  -574497.062500        0.081246
FIRE:  566 01:23:42  -574497.187500        0.073447
FIRE:  567 01:23:42  -574497.125000        0.099669
FIRE:  568 01:23:42  -574497.187500        0.170715
FIRE:  569 01:23:42  -574497.187500        0.554572
FIRE:  570 01:23:42  -574497.187500        2.026661
FIRE:  571 01:23:42  -574497.250000        0.447266
FIRE:  572 01:23:42  -574497.250000        0.316336
FIRE:  573 01:23:42  -574497.250000        0.094870
FIRE:  574 01:23:42  -574497.250000        0.153739
FIRE:  575 01:23:42  -574497.250000        0.142544
FIRE:  576 01:23:42  -574497.250000        0.120942
FIRE:  577 01:23:42  -574497.250000        0.090995
FIRE:  578 01:23:42  -574497.250000        0.055592
FIRE:  579 01:23:43  -574497.187500        0.045742
