      Step     Time          Energy          fmax
FIRE:    0 02:04:37  -429863.312500        4.100282
FIRE:    1 02:04:37  -429864.437500        2.100382
FIRE:    2 02:04:39  -429865.000000        3.752763
FIRE:    3 02:04:39  -429865.312500        2.419645
FIRE:    4 02:04:39  -429865.500000        1.322138
FIRE:    5 02:04:40  -429865.718750        1.344204
FIRE:    6 02:04:41  -429866.125000        1.946745
FIRE:    7 02:04:42  -429866.375000        1.952078
FIRE:    8 02:04:42  -429866.593750        1.510966
FIRE:    9 02:04:42  -429867.093750        1.252739
FIRE:   10 02:04:42  -429867.312500        1.272860
FIRE:   11 02:04:42  -429867.906250        1.519478
FIRE:   12 02:04:42  -429868.218750        1.378624
FIRE:   13 02:04:42  -429868.906250        1.137034
FIRE:   14 02:04:42  -429869.343750        1.182568
FIRE:   15 02:04:42  -429869.906250        1.315819
FIRE:   16 02:04:42  -429870.343750        1.200787
FIRE:   17 02:04:42  -429870.781250        1.173874
FIRE:   18 02:04:43  -429871.406250        1.045624
FIRE:   19 02:04:43  -429871.750000        0.755933
FIRE:   20 02:04:43  -429872.187500        0.923748
FIRE:   21 02:04:43  -429872.656250        0.744669
FIRE:   22 02:04:43  -429873.000000        0.770849
FIRE:   23 02:04:43  -429873.406250        0.813697
FIRE:   24 02:04:43  -429873.937500        0.874224
FIRE:   25 02:04:43  -429874.250000        0.876257
FIRE:   26 02:04:43  -429874.625000        0.828184
FIRE:   27 02:04:43  -429875.000000        0.739878
FIRE:   28 02:04:43  -429875.312500        0.619901
FIRE:   29 02:04:43  -429875.562500        0.503461
FIRE:   30 02:04:43  -429875.875000        0.528736
FIRE:   31 02:04:43  -429876.281250        0.475768
FIRE:   32 02:04:44  -429876.531250        0.526238
FIRE:   33 02:04:44  -429876.750000        0.453314
FIRE:   34 02:04:44  -429876.968750        0.504165
FIRE:   35 02:04:44  -429877.156250        0.397977
FIRE:   36 02:04:44  -429877.406250        0.402340
FIRE:   37 02:04:44  -429877.593750        0.355822
FIRE:   38 02:04:44  -429877.687500        0.375286
FIRE:   39 02:04:44  -429877.875000        0.376737
FIRE:   40 02:04:44  -429878.062500        0.394573
FIRE:   41 02:04:44  -429878.250000        0.406550
FIRE:   42 02:04:44  -429878.468750        0.348101
FIRE:   43 02:04:44  -429878.687500        0.259807
FIRE:   44 02:04:44  -429878.812500        0.239308
FIRE:   45 02:04:44  -429878.968750        0.253585
FIRE:   46 02:04:44  -429879.156250        0.312416
FIRE:   47 02:04:45  -429879.281250        0.381850
FIRE:   48 02:04:45  -429879.437500        0.423673
FIRE:   49 02:04:45  -429879.593750        0.424179
FIRE:   50 02:04:45  -429879.750000        0.395961
FIRE:   51 02:04:45  -429879.937500        0.405638
FIRE:   52 02:04:45  -429880.062500        0.540753
FIRE:   53 02:04:45  -429880.218750        0.783090
FIRE:   54 02:04:45  -429880.406250        1.019684
FIRE:   55 02:04:45  -429880.562500        0.938097
FIRE:   56 02:04:45  -429880.718750        1.528237
FIRE:   57 02:04:45  -429880.781250        2.541800
FIRE:   58 02:04:45  -429880.968750        1.144897
FIRE:   59 02:04:45  -429880.968750        1.673870
FIRE:   60 02:04:45  -429880.343750       11.627840
FIRE:   61 02:04:45  -429880.937500        3.774003
FIRE:   62 02:04:45  -429881.062500        1.269768
FIRE:   63 02:04:45  -429881.000000        4.961257
FIRE:   64 02:04:45  -429881.062500        2.749218
FIRE:   65 02:04:46  -429881.125000        0.268886
FIRE:   66 02:04:46  -429881.156250        2.006236
FIRE:   67 02:04:46  -429881.125000        1.865359
FIRE:   68 02:04:46  -429881.093750        1.591247
FIRE:   69 02:04:46  -429881.187500        1.199163
FIRE:   70 02:04:46  -429881.093750        0.714083
FIRE:   71 02:04:46  -429881.187500        0.302434
FIRE:   72 02:04:46  -429881.187500        0.450039
FIRE:   73 02:04:46  -429881.125000        0.441713
FIRE:   74 02:04:46  -429881.187500        0.425237
FIRE:   75 02:04:46  -429881.187500        0.401104
FIRE:   76 02:04:46  -429881.156250        0.370039
FIRE:   77 02:04:46  -429881.125000        0.333087
FIRE:   78 02:04:46  -429881.156250        0.291672
FIRE:   79 02:04:46  -429881.125000        0.247694
FIRE:   80 02:04:46  -429881.187500        0.199237
FIRE:   81 02:04:47  -429881.218750        0.168587
FIRE:   82 02:04:47  -429881.156250        0.167853
FIRE:   83 02:04:47  -429881.156250        0.167036
FIRE:   84 02:04:47  -429881.156250        0.173668
FIRE:   85 02:04:47  -429881.218750        0.188423
FIRE:   86 02:04:47  -429881.218750        0.206290
FIRE:   87 02:04:47  -429881.218750        0.197489
FIRE:   88 02:04:47  -429881.156250        0.161721
FIRE:   89 02:04:47  -429881.218750        0.157166
FIRE:   90 02:04:47  -429881.218750        0.154458
FIRE:   91 02:04:47  -429881.218750        0.197899
FIRE:   92 02:04:47  -429881.156250        0.209706
FIRE:   93 02:04:47  -429881.218750        0.154400
FIRE:   94 02:04:47  -429881.281250        0.134829
FIRE:   95 02:04:47  -429881.250000        0.150124
FIRE:   96 02:04:47  -429881.312500        0.129779
FIRE:   97 02:04:47  -429881.343750        0.129715
FIRE:   98 02:04:48  -429881.375000        0.173211
FIRE:   99 02:04:48  -429881.312500        0.100519
FIRE:  100 02:04:48  -429881.437500        0.127492
FIRE:  101 02:04:48  -429881.468750        0.144164
FIRE:  102 02:04:48  -429881.500000        0.223954
FIRE:  103 02:04:48  -429881.562500        0.813369
FIRE:  104 02:04:48  -429881.625000        2.918861
FIRE:  105 02:04:48  -429881.625000        0.473784
FIRE:  106 02:04:48  -429881.625000        0.352741
FIRE:  107 02:04:48  -429881.625000        0.140449
FIRE:  108 02:04:48  -429881.656250        0.102257
FIRE:  109 02:04:48  -429881.625000        0.282082
FIRE:  110 02:04:48  -429881.625000        0.339389
FIRE:  111 02:04:48  -429881.625000        0.262743
FIRE:  112 02:04:49  -429881.625000        0.104659
FIRE:  113 02:04:49  -429881.656250        0.138296
FIRE:  114 02:04:49  -429881.656250        0.274168
FIRE:  115 02:04:49  -429881.625000        0.221649
FIRE:  116 02:04:49  -429881.656250        0.102239
FIRE:  117 02:04:49  -429881.656250        0.241268
FIRE:  118 02:04:49  -429881.687500        0.137672
FIRE:  119 02:04:49  -429881.656250        0.190803
FIRE:  120 02:04:49  -429881.687500        0.136714
FIRE:  121 02:04:49  -429881.718750        0.259755
FIRE:  122 02:04:49  -429881.750000        0.103350
FIRE:  123 02:04:49  -429881.750000        0.117420
FIRE:  124 02:04:49  -429881.781250        0.378276
FIRE:  125 02:04:49  -429881.812500        0.868241
FIRE:  126 02:04:50  -429881.875000        2.142708
FIRE:  127 02:04:50  -429881.875000        0.106507
FIRE:  128 02:04:50  -429881.875000        0.106594
FIRE:  129 02:04:50  -429881.875000        0.106754
FIRE:  130 02:04:50  -429881.875000        0.106980
FIRE:  131 02:04:50  -429881.875000        0.107224
FIRE:  132 02:04:50  -429881.875000        0.107481
FIRE:  133 02:04:50  -429881.875000        0.107713
FIRE:  134 02:04:50  -429881.875000        0.107905
FIRE:  135 02:04:50  -429881.906250        0.108072
FIRE:  136 02:04:50  -429881.875000        0.108218
FIRE:  137 02:04:50  -429881.875000        0.108397
FIRE:  138 02:04:50  -429881.875000        0.108685
FIRE:  139 02:04:50  -429881.875000        0.109150
FIRE:  140 02:04:51  -429881.906250        0.109797
FIRE:  141 02:04:51  -429881.937500        0.110531
FIRE:  142 02:04:51  -429881.906250        0.111198
FIRE:  143 02:04:51  -429881.937500        0.111903
FIRE:  144 02:04:51  -429881.937500        0.113042
FIRE:  145 02:04:51  -429881.968750        0.114557
FIRE:  146 02:04:51  -429882.031250        0.115834
FIRE:  147 02:04:51  -429882.031250        0.179754
FIRE:  148 02:04:51  -429882.062500        0.613443
FIRE:  149 02:04:51  -429882.125000        1.919235
FIRE:  150 02:04:51  -429882.125000        0.123500
FIRE:  151 02:04:51  -429882.125000        1.980401
FIRE:  152 02:04:51  -429882.125000        1.397146
FIRE:  153 02:04:52  -429882.156250        0.454360
FIRE:  154 02:04:52  -429882.125000        0.528872
FIRE:  155 02:04:52  -429882.125000        0.495656
FIRE:  156 02:04:52  -429882.125000        0.431383
FIRE:  157 02:04:52  -429882.125000        0.339736
FIRE:  158 02:04:52  -429882.156250        0.226768
FIRE:  159 02:04:52  -429882.156250        0.125129
FIRE:  160 02:04:52  -429882.125000        0.125173
FIRE:  161 02:04:52  -429882.125000        0.135940
FIRE:  162 02:04:52  -429882.125000        0.227166
FIRE:  163 02:04:52  -429882.125000        0.281507
FIRE:  164 02:04:52  -429882.156250        0.283551
FIRE:  165 02:04:52  -429882.125000        0.222972
FIRE:  166 02:04:52  -429882.125000        0.125687
FIRE:  167 02:04:53  -429882.156250        0.125849
FIRE:  168 02:04:53  -429882.125000        0.187300
FIRE:  169 02:04:53  -429882.125000        0.227899
FIRE:  170 02:04:53  -429882.125000        0.139441
FIRE:  171 02:04:53  -429882.156250        0.127107
FIRE:  172 02:04:53  -429882.156250        0.193017
FIRE:  173 02:04:53  -429882.156250        0.128041
FIRE:  174 02:04:53  -429882.156250        0.128615
FIRE:  175 02:04:53  -429882.187500        0.172318
FIRE:  176 02:04:53  -429882.218750        0.130340
FIRE:  177 02:04:53  -429882.187500        0.138138
FIRE:  178 02:04:53  -429882.218750        0.199866
FIRE:  179 02:04:53  -429882.250000        0.134301
FIRE:  180 02:04:53  -429882.312500        0.136473
FIRE:  181 02:04:54  -429882.312500        0.138785
FIRE:  182 02:04:54  -429882.343750        0.182886
FIRE:  183 02:04:54  -429882.375000        0.857617
FIRE:  184 02:04:54  -429882.343750        4.116901
FIRE:  185 02:04:54  -429882.406250        1.693481
FIRE:  186 02:04:54  -429882.406250        1.202631
FIRE:  187 02:04:54  -429882.437500        0.314628
FIRE:  188 02:04:54  -429882.406250        0.721634
FIRE:  189 02:04:54  -429882.468750        0.659980
FIRE:  190 02:04:54  -429882.437500        0.542826
FIRE:  191 02:04:54  -429882.437500        0.381863
FIRE:  192 02:04:54  -429882.437500        0.193713
FIRE:  193 02:04:54  -429882.468750        0.151754
FIRE:  194 02:04:55  -429882.406250        0.172574
FIRE:  195 02:04:55  -429882.437500        0.300278
FIRE:  196 02:04:55  -429882.437500        0.379141
FIRE:  197 02:04:55  -429882.406250        0.391494
FIRE:  198 02:04:55  -429882.500000        0.323653
FIRE:  199 02:04:55  -429882.406250        0.172134
FIRE:  200 02:04:55  -429882.437500        0.153123
FIRE:  201 02:04:55  -429882.437500        0.233914
FIRE:  202 02:04:55  -429882.468750        0.306435
FIRE:  203 02:04:55  -429882.437500        0.195745
FIRE:  204 02:04:55  -429882.468750        0.154620
FIRE:  205 02:04:55  -429882.531250        0.260503
FIRE:  206 02:04:55  -429882.531250        0.191317
FIRE:  207 02:04:55  -429882.468750        0.156320
FIRE:  208 02:04:56  -429882.500000        0.236745
FIRE:  209 02:04:56  -429882.531250        0.157991
FIRE:  210 02:04:56  -429882.531250        0.201743
FIRE:  211 02:04:56  -429882.531250        0.251006
FIRE:  212 02:04:56  -429882.562500        0.160201
FIRE:  213 02:04:56  -429882.656250        0.160646
FIRE:  214 02:04:56  -429882.593750        0.160352
FIRE:  215 02:04:56  -429882.625000        0.254752
FIRE:  216 02:04:56  -429882.718750        1.229913
FIRE:  217 02:04:56  -429882.625000        4.376947
FIRE:  218 02:04:56  -429882.781250        0.552274
FIRE:  219 02:04:56  -429882.781250        0.366039
FIRE:  220 02:04:56  -429882.781250        0.141050
FIRE:  221 02:04:56  -429882.781250        0.225272
FIRE:  222 02:04:57  -429882.781250        0.381768
FIRE:  223 02:04:57  -429882.781250        0.359980
FIRE:  224 02:04:57  -429882.781250        0.181107
FIRE:  225 02:04:57  -429882.781250        0.142762
FIRE:  226 02:04:57  -429882.781250        0.278215
FIRE:  227 02:04:57  -429882.812500        0.248282
FIRE:  228 02:04:57  -429882.843750        0.141571
FIRE:  229 02:04:57  -429882.812500        0.257925
FIRE:  230 02:04:57  -429882.843750        0.155590
FIRE:  231 02:04:57  -429882.843750        0.221564
FIRE:  232 02:04:57  -429882.875000        0.142773
FIRE:  233 02:04:57  -429882.875000        0.308165
FIRE:  234 02:04:57  -429882.906250        0.149367
FIRE:  235 02:04:57  -429883.125000        0.153563
FIRE:  236 02:04:58  -429883.187500        0.342927
FIRE:  237 02:04:58  -429883.218750        0.988322
FIRE:  238 02:04:58  -429883.250000        2.479387
FIRE:  239 02:04:58  -429883.281250        0.265234
FIRE:  240 02:04:58  -429883.281250        2.585600
FIRE:  241 02:04:58  -429883.250000        1.825926
FIRE:  242 02:04:58  -429883.312500        0.614655
FIRE:  243 02:04:58  -429883.312500        0.632598
FIRE:  244 02:04:58  -429883.281250        0.594830
FIRE:  245 02:04:58  -429883.281250        0.521193
FIRE:  246 02:04:58  -429883.250000        0.415970
FIRE:  247 02:04:58  -429883.312500        0.285709
FIRE:  248 02:04:58  -429883.312500        0.162854
FIRE:  249 02:04:58  -429883.281250        0.163068
FIRE:  250 02:04:59  -429883.312500        0.163318
FIRE:  251 02:04:59  -429883.281250        0.255782
FIRE:  252 02:04:59  -429883.281250        0.328365
FIRE:  253 02:04:59  -429883.343750        0.340881
FIRE:  254 02:04:59  -429883.312500        0.279598
FIRE:  255 02:04:59  -429883.312500        0.165570
FIRE:  256 02:04:59  -429883.343750        0.166231
FIRE:  257 02:04:59  -429883.312500        0.207806
FIRE:  258 02:04:59  -429883.281250        0.276758
FIRE:  259 02:04:59  -429883.343750        0.195600
FIRE:  260 02:04:59  -429883.312500        0.169013
FIRE:  261 02:04:59  -429883.343750        0.215472
FIRE:  262 02:04:59  -429883.375000        0.182482
FIRE:  263 02:04:59  -429883.375000        0.169752
FIRE:  264 02:05:00  -429883.406250        0.223336
FIRE:  265 02:05:00  -429883.375000        0.167454
FIRE:  266 02:05:00  -429883.406250        0.204471
FIRE:  267 02:05:00  -429883.468750        0.185988
FIRE:  268 02:05:00  -429883.500000        0.154417
FIRE:  269 02:05:00  -429883.562500        0.159604
FIRE:  270 02:05:00  -429883.562500        0.463314
FIRE:  271 02:05:00  -429883.625000        1.273574
FIRE:  272 02:05:00  -429883.656250        3.092803
FIRE:  273 02:05:00  -429883.656250        0.323208
FIRE:  274 02:05:00  -429883.625000        3.476998
FIRE:  275 02:05:00  -429883.687500        2.369991
FIRE:  276 02:05:00  -429883.718750        0.674385
FIRE:  277 02:05:00  -429883.718750        0.983456
FIRE:  278 02:05:01  -429883.718750        0.924265
FIRE:  279 02:05:01  -429883.687500        0.808711
FIRE:  280 02:05:01  -429883.750000        0.642561
FIRE:  281 02:05:01  -429883.718750        0.434979
FIRE:  282 02:05:01  -429883.687500        0.199758
FIRE:  283 02:05:01  -429883.687500        0.137739
FIRE:  284 02:05:01  -429883.718750        0.257946
FIRE:  285 02:05:01  -429883.718750        0.433908
FIRE:  286 02:05:01  -429883.687500        0.540822
FIRE:  287 02:05:01  -429883.718750        0.551730
FIRE:  288 02:05:01  -429883.718750        0.448043
FIRE:  289 02:05:01  -429883.718750        0.229627
FIRE:  290 02:05:01  -429883.750000        0.135820
FIRE:  291 02:05:01  -429883.718750        0.328396
FIRE:  292 02:05:02  -429883.750000        0.438447
FIRE:  293 02:05:02  -429883.718750        0.323761
FIRE:  294 02:05:02  -429883.750000        0.133070
FIRE:  295 02:05:02  -429883.750000        0.331372
FIRE:  296 02:05:02  -429883.750000        0.316933
FIRE:  297 02:05:02  -429883.781250        0.129702
FIRE:  298 02:05:02  -429883.781250        0.350715
FIRE:  299 02:05:02  -429883.843750        0.126468
FIRE:  300 02:05:02  -429883.812500        0.354185
FIRE:  301 02:05:02  -429883.875000        0.188905
FIRE:  302 02:05:02  -429883.875000        0.132580
FIRE:  303 02:05:02  -429883.906250        0.448299
FIRE:  304 02:05:02  -429883.968750        0.881073
FIRE:  305 02:05:02  -429883.968750        1.755566
FIRE:  306 02:05:03  -429884.031250        0.104977
FIRE:  307 02:05:03  -429884.000000        1.370006
FIRE:  308 02:05:03  -429884.000000        1.095435
FIRE:  309 02:05:03  -429884.000000        0.586052
FIRE:  310 02:05:03  -429884.000000        0.103014
FIRE:  311 02:05:03  -429883.968750        0.653775
FIRE:  312 02:05:03  -429883.968750        0.615420
FIRE:  313 02:05:03  -429883.968750        0.541369
FIRE:  314 02:05:03  -429884.000000        0.436601
FIRE:  315 02:05:03  -429884.000000        0.308466
FIRE:  316 02:05:03  -429884.000000        0.166577
FIRE:  317 02:05:03  -429884.000000        0.102291
FIRE:  318 02:05:03  -429883.968750        0.110348
FIRE:  319 02:05:03  -429883.968750        0.225237
FIRE:  320 02:05:04  -429884.031250        0.308216
FIRE:  321 02:05:04  -429883.968750        0.343733
FIRE:  322 02:05:04  -429883.968750        0.318750
FIRE:  323 02:05:04  -429884.031250        0.225642
FIRE:  324 02:05:04  -429884.031250        0.102048
FIRE:  325 02:05:04  -429884.000000        0.112349
FIRE:  326 02:05:04  -429884.031250        0.240634
FIRE:  327 02:05:04  -429884.031250        0.243990
FIRE:  328 02:05:04  -429884.062500        0.113147
FIRE:  329 02:05:04  -429884.031250        0.131978
FIRE:  330 02:05:04  -429884.031250        0.239819
FIRE:  331 02:05:04  -429884.031250        0.134702
FIRE:  332 02:05:04  -429884.062500        0.170145
FIRE:  333 02:05:04  -429884.093750        0.165915
FIRE:  334 02:05:05  -429884.093750        0.193187
FIRE:  335 02:05:05  -429884.093750        0.234353
FIRE:  336 02:05:05  -429884.156250        0.296356
FIRE:  337 02:05:05  -429884.187500        0.381972
FIRE:  338 02:05:05  -429884.187500        0.467213
FIRE:  339 02:05:05  -429884.218750        0.665352
FIRE:  340 02:05:05  -429884.312500        0.723790
FIRE:  341 02:05:05  -429884.406250        1.411930
FIRE:  342 02:05:05  -429884.468750        0.908848
FIRE:  343 02:05:05  -429884.437500        1.184953
FIRE:  344 02:05:05  -429884.468750        0.884340
FIRE:  345 02:05:05  -429884.468750        0.344584
FIRE:  346 02:05:05  -429884.468750        0.335151
FIRE:  347 02:05:05  -429884.468750        0.760539
FIRE:  348 02:05:05  -429884.468750        0.892091
FIRE:  349 02:05:06  -429884.500000        0.666888
FIRE:  350 02:05:06  -429884.468750        0.304034
FIRE:  351 02:05:06  -429884.500000        0.368512
FIRE:  352 02:05:06  -429884.500000        0.676650
FIRE:  353 02:05:06  -429884.500000        0.528696
FIRE:  354 02:05:06  -429884.500000        0.217635
FIRE:  355 02:05:06  -429884.531250        0.597521
FIRE:  356 02:05:06  -429884.531250        0.333140
FIRE:  357 02:05:06  -429884.562500        0.484176
FIRE:  358 02:05:06  -429884.562500        0.398174
FIRE:  359 02:05:06  -429884.593750        0.618377
FIRE:  360 02:05:06  -429884.656250        0.104881
FIRE:  361 02:05:06  -429884.625000        0.620582
FIRE:  362 02:05:06  -429884.656250        1.020396
FIRE:  363 02:05:07  -429884.656250        1.411683
FIRE:  364 02:05:07  -429884.687500        0.332885
FIRE:  365 02:05:07  -429884.687500        1.107778
FIRE:  366 02:05:07  -429884.687500        0.863329
FIRE:  367 02:05:07  -429884.687500        0.439423
FIRE:  368 02:05:07  -429884.687500        0.103800
FIRE:  369 02:05:07  -429884.687500        0.466693
FIRE:  370 02:05:07  -429884.687500        0.443635
FIRE:  371 02:05:07  -429884.687500        0.398584
FIRE:  372 02:05:07  -429884.687500        0.333639
FIRE:  373 02:05:07  -429884.687500        0.252311
FIRE:  374 02:05:07  -429884.687500        0.159501
FIRE:  375 02:05:07  -429884.687500        0.101525
FIRE:  376 02:05:07  -429884.687500        0.101131
FIRE:  377 02:05:08  -429884.687500        0.125889
FIRE:  378 02:05:08  -429884.718750        0.198772
FIRE:  379 02:05:08  -429884.718750        0.240839
FIRE:  380 02:05:08  -429884.687500        0.239493
FIRE:  381 02:05:08  -429884.687500        0.186462
FIRE:  382 02:05:08  -429884.687500        0.096035
FIRE:  383 02:05:08  -429884.687500        0.094553
FIRE:  384 02:05:08  -429884.687500        0.158005
FIRE:  385 02:05:08  -429884.718750        0.192101
FIRE:  386 02:05:08  -429884.718750        0.119197
FIRE:  387 02:05:08  -429884.718750        0.086172
FIRE:  388 02:05:08  -429884.718750        0.163203
FIRE:  389 02:05:08  -429884.718750        0.115500
FIRE:  390 02:05:08  -429884.750000        0.083303
FIRE:  391 02:05:09  -429884.750000        0.151198
FIRE:  392 02:05:09  -429884.750000        0.071502
FIRE:  393 02:05:09  -429884.750000        0.133369
FIRE:  394 02:05:09  -429884.812500        0.151440
FIRE:  395 02:05:09  -429884.781250        0.068080
FIRE:  396 02:05:09  -429884.812500        0.067530
FIRE:  397 02:05:09  -429884.843750        0.214893
FIRE:  398 02:05:09  -429884.843750        0.674287
FIRE:  399 02:05:09  -429884.875000        1.854112
FIRE:  400 02:05:09  -429884.906250        0.099962
FIRE:  401 02:05:09  -429884.875000        1.904600
FIRE:  402 02:05:09  -429884.906250        1.352583
FIRE:  403 02:05:09  -429884.906250        0.456100
FIRE:  404 02:05:09  -429884.906250        0.490220
FIRE:  405 02:05:10  -429884.906250        0.459868
FIRE:  406 02:05:10  -429884.906250        0.401053
FIRE:  407 02:05:10  -429884.906250        0.317133
FIRE:  408 02:05:10  -429884.906250        0.213752
FIRE:  409 02:05:10  -429884.906250        0.098918
FIRE:  410 02:05:10  -429884.906250        0.064928
FIRE:  411 02:05:10  -429884.906250        0.122770
FIRE:  412 02:05:10  -429884.906250        0.207247
FIRE:  413 02:05:10  -429884.906250        0.258741
FIRE:  414 02:05:10  -429884.906250        0.263369
FIRE:  415 02:05:10  -429884.906250        0.211725
FIRE:  416 02:05:10  -429884.906250        0.104106
FIRE:  417 02:05:10  -429884.906250        0.064738
FIRE:  418 02:05:10  -429884.937500        0.166968
FIRE:  419 02:05:11  -429884.906250        0.213149
FIRE:  420 02:05:11  -429884.906250        0.143193
FIRE:  421 02:05:11  -429884.937500        0.064352
FIRE:  422 02:05:11  -429884.906250        0.172398
FIRE:  423 02:05:11  -429884.906250        0.135015
FIRE:  424 02:05:11  -429884.937500        0.078621
FIRE:  425 02:05:11  -429884.937500        0.168353
FIRE:  426 02:05:11  -429884.937500        0.063346
FIRE:  427 02:05:11  -429884.937500        0.149297
FIRE:  428 02:05:11  -429884.968750        0.154985
FIRE:  429 02:05:11  -429884.968750        0.062521
FIRE:  430 02:05:11  -429885.000000        0.076617
FIRE:  431 02:05:11  -429885.031250        0.264781
FIRE:  432 02:05:11  -429885.031250        0.798165
FIRE:  433 02:05:12  -429885.031250        2.114841
FIRE:  434 02:05:12  -429885.062500        0.071230
FIRE:  435 02:05:12  -429885.031250        2.251496
FIRE:  436 02:05:12  -429885.062500        1.563962
FIRE:  437 02:05:12  -429885.062500        0.469779
FIRE:  438 02:05:12  -429885.062500        0.652492
FIRE:  439 02:05:12  -429885.062500        0.611216
FIRE:  440 02:05:12  -429885.062500        0.530996
FIRE:  441 02:05:12  -429885.062500        0.416279
FIRE:  442 02:05:12  -429885.062500        0.274361
FIRE:  443 02:05:12  -429885.093750        0.115808
FIRE:  444 02:05:12  -429885.062500        0.060024
FIRE:  445 02:05:12  -429885.093750        0.185988
FIRE:  446 02:05:12  -429885.062500        0.296617
FIRE:  447 02:05:13  -429885.093750        0.359941
FIRE:  448 02:05:13  -429885.093750        0.359423
FIRE:  449 02:05:13  -429885.125000        0.284002
FIRE:  450 02:05:13  -429885.093750        0.135038
FIRE:  451 02:05:13  -429885.093750        0.062824
FIRE:  452 02:05:13  -429885.093750        0.228090
FIRE:  453 02:05:13  -429885.093750        0.286583
FIRE:  454 02:05:13  -429885.093750        0.192965
FIRE:  455 02:05:13  -429885.093750        0.059696
FIRE:  456 02:05:13  -429885.125000        0.231475
FIRE:  457 02:05:13  -429885.093750        0.189226
FIRE:  458 02:05:13  -429885.093750        0.092768
FIRE:  459 02:05:13  -429885.125000        0.225168
FIRE:  460 02:05:13  -429885.125000        0.059337
FIRE:  461 02:05:14  -429885.125000        0.208431
FIRE:  462 02:05:14  -429885.125000        0.175276
FIRE:  463 02:05:14  -429885.250000        0.059044
FIRE:  464 02:05:14  -429885.156250        0.172041
FIRE:  465 02:05:14  -429885.218750        0.473446
FIRE:  466 02:05:14  -429885.250000        1.166315
FIRE:  467 02:05:14  -429885.250000        0.057554
FIRE:  468 02:05:14  -429885.250000        0.946027
FIRE:  469 02:05:14  -429885.250000        0.745348
FIRE:  470 02:05:14  -429885.187500        0.378998
FIRE:  471 02:05:14  -429885.218750        0.081605
FIRE:  472 02:05:14  -429885.218750        0.470674
FIRE:  473 02:05:14  -429885.250000        0.442856
FIRE:  474 02:05:14  -429885.218750        0.388985
FIRE:  475 02:05:15  -429885.218750        0.312843
FIRE:  476 02:05:15  -429885.218750        0.219587
FIRE:  477 02:05:15  -429885.218750        0.116449
FIRE:  478 02:05:15  -429885.250000        0.057565
FIRE:  479 02:05:15  -429885.250000        0.086148
FIRE:  480 02:05:15  -429885.218750        0.168327
FIRE:  481 02:05:15  -429885.250000        0.226501
FIRE:  482 02:05:15  -429885.218750        0.249053
FIRE:  483 02:05:15  -429885.218750        0.226534
FIRE:  484 02:05:15  -429885.218750        0.154009
FIRE:  485 02:05:15  -429885.218750        0.057641
FIRE:  486 02:05:15  -429885.250000        0.095027
FIRE:  487 02:05:15  -429885.218750        0.180897
FIRE:  488 02:05:15  -429885.250000        0.172736
FIRE:  489 02:05:16  -429885.218750        0.057820
FIRE:  490 02:05:16  -429885.218750        0.109076
FIRE:  491 02:05:16  -429885.281250        0.171366
FIRE:  492 02:05:16  -429885.250000        0.057955
FIRE:  493 02:05:16  -429885.281250        0.139645
FIRE:  494 02:05:16  -429885.281250        0.097564
FIRE:  495 02:05:16  -429885.281250        0.148381
FIRE:  496 02:05:16  -429885.281250        0.058022
FIRE:  497 02:05:16  -429885.250000        0.193289
FIRE:  498 02:05:16  -429885.343750        0.218272
FIRE:  499 02:05:16  -429885.312500        0.218903
FIRE:  500 02:05:16  -429885.343750        0.389100
FIRE:  501 02:05:16  -429885.312500        1.011541
FIRE:  502 02:05:16  -429885.312500        2.680826
FIRE:  503 02:05:17  -429885.343750        0.057110
FIRE:  504 02:05:17  -429885.406250        0.057085
FIRE:  505 02:05:17  -429885.406250        0.057053
FIRE:  506 02:05:17  -429885.406250        0.056998
FIRE:  507 02:05:17  -429885.406250        0.056943
FIRE:  508 02:05:17  -429885.375000        0.056876
FIRE:  509 02:05:17  -429885.375000        0.056822
FIRE:  510 02:05:17  -429885.437500        0.056766
FIRE:  511 02:05:17  -429885.437500        0.056702
FIRE:  512 02:05:17  -429885.375000        0.056623
FIRE:  513 02:05:17  -429885.437500        0.056569
FIRE:  514 02:05:17  -429885.375000        0.056513
FIRE:  515 02:05:17  -429885.437500        0.056479
FIRE:  516 02:05:17  -429885.437500        0.056478
FIRE:  517 02:05:18  -429885.437500        0.056407
FIRE:  518 02:05:18  -429885.468750        0.056266
FIRE:  519 02:05:18  -429885.468750        0.056089
FIRE:  520 02:05:18  -429885.468750        0.055877
FIRE:  521 02:05:18  -429885.500000        0.055561
FIRE:  522 02:05:18  -429885.500000        0.110524
FIRE:  523 02:05:18  -429885.531250        0.353956
FIRE:  524 02:05:18  -429885.531250        1.174419
FIRE:  525 02:05:18  -429885.562500        0.090186
FIRE:  526 02:05:18  -429885.531250        0.067081
FIRE:  527 02:05:18  -429885.562500        0.053968
FIRE:  528 02:05:18  -429885.562500        0.053918
FIRE:  529 02:05:18  -429885.562500        0.053851
FIRE:  530 02:05:18  -429885.500000        0.063349
FIRE:  531 02:05:19  -429885.593750        0.053666
FIRE:  532 02:05:19  -429885.500000        0.053552
FIRE:  533 02:05:19  -429885.562500        0.053425
FIRE:  534 02:05:19  -429885.500000        0.053289
FIRE:  535 02:05:19  -429885.562500        0.053150
FIRE:  536 02:05:19  -429885.562500        0.053047
FIRE:  537 02:05:19  -429885.500000        0.052923
FIRE:  538 02:05:19  -429885.625000        0.052731
FIRE:  539 02:05:19  -429885.593750        0.052511
FIRE:  540 02:05:19  -429885.593750        0.052285
FIRE:  541 02:05:19  -429885.531250        0.051979
FIRE:  542 02:05:19  -429885.625000        0.052090
FIRE:  543 02:05:19  -429885.562500        0.052656
FIRE:  544 02:05:19  -429885.625000        0.053436
FIRE:  545 02:05:20  -429885.656250        0.067197
FIRE:  546 02:05:20  -429885.656250        0.258391
FIRE:  547 02:05:20  -429885.781250        1.069377
FIRE:  548 02:05:20  -429885.812500        0.078638
FIRE:  549 02:05:20  -429885.812500        0.056898
FIRE:  550 02:05:20  -429885.781250        0.055837
FIRE:  551 02:05:20  -429885.781250        0.055823
FIRE:  552 02:05:20  -429885.812500        0.055809
FIRE:  553 02:05:20  -429885.812500        0.060630
FIRE:  554 02:05:20  -429885.781250        0.055869
FIRE:  555 02:05:20  -429885.781250        0.055920
FIRE:  556 02:05:20  -429885.812500        0.056009
FIRE:  557 02:05:20  -429885.750000        0.056119
FIRE:  558 02:05:20  -429885.812500        0.056286
FIRE:  559 02:05:21  -429885.750000        0.056451
FIRE:  560 02:05:21  -429885.812500        0.056636
FIRE:  561 02:05:21  -429885.812500        0.056866
FIRE:  562 02:05:21  -429885.781250        0.057161
FIRE:  563 02:05:21  -429885.781250        0.057512
FIRE:  564 02:05:21  -429885.812500        0.057875
FIRE:  565 02:05:21  -429885.718750        0.058261
FIRE:  566 02:05:21  -429885.781250        0.075306
FIRE:  567 02:05:21  -429885.875000        0.138131
FIRE:  568 02:05:21  -429885.781250        0.384711
FIRE:  569 02:05:21  -429885.812500        1.117748
FIRE:  570 02:05:21  -429885.812500        0.066403
FIRE:  571 02:05:21  -429885.781250        0.061191
FIRE:  572 02:05:21  -429885.781250        0.061170
FIRE:  573 02:05:22  -429885.812500        0.061128
FIRE:  574 02:05:22  -429885.812500        0.061102
FIRE:  575 02:05:22  -429885.843750        0.061084
FIRE:  576 02:05:22  -429885.812500        0.061110
FIRE:  577 02:05:22  -429885.843750        0.061179
FIRE:  578 02:05:22  -429885.812500        0.061291
FIRE:  579 02:05:22  -429885.812500        0.061445
FIRE:  580 02:05:22  -429885.812500        0.061616
FIRE:  581 02:05:22  -429885.843750        0.061789
FIRE:  582 02:05:22  -429885.812500        0.061952
FIRE:  583 02:05:22  -429885.812500        0.062145
FIRE:  584 02:05:22  -429885.812500        0.062440
FIRE:  585 02:05:22  -429885.812500        0.062846
FIRE:  586 02:05:22  -429885.843750        0.063232
FIRE:  587 02:05:23  -429885.843750        0.063597
FIRE:  588 02:05:23  -429885.843750        0.064267
FIRE:  589 02:05:23  -429885.906250        0.065139
FIRE:  590 02:05:23  -429885.875000        0.090308
FIRE:  591 02:05:23  -429885.906250        0.329770
FIRE:  592 02:05:23  -429885.937500        1.151182
FIRE:  593 02:05:23  -429885.937500        0.068857
FIRE:  594 02:05:23  -429885.937500        0.068854
FIRE:  595 02:05:23  -429885.937500        0.068853
FIRE:  596 02:05:23  -429885.968750        0.068853
FIRE:  597 02:05:23  -429885.968750        0.068862
FIRE:  598 02:05:23  -429885.968750        0.068886
FIRE:  599 02:05:23  -429885.937500        0.068944
FIRE:  600 02:05:23  -429885.968750        0.069026
FIRE:  601 02:05:24  -429885.937500        0.069132
FIRE:  602 02:05:24  -429885.937500        0.069282
FIRE:  603 02:05:24  -429885.937500        0.069457
FIRE:  604 02:05:24  -429885.968750        0.069650
FIRE:  605 02:05:24  -429885.937500        0.069905
FIRE:  606 02:05:24  -429885.937500        0.070226
FIRE:  607 02:05:24  -429885.937500        0.070578
FIRE:  608 02:05:24  -429885.968750        0.071005
FIRE:  609 02:05:24  -429885.968750        0.071463
FIRE:  610 02:05:24  -429885.968750        0.071491
FIRE:  611 02:05:24  -429885.968750        0.071851
FIRE:  612 02:05:24  -429886.000000        0.105082
FIRE:  613 02:05:24  -429886.000000        0.326242
FIRE:  614 02:05:24  -429886.031250        1.014628
FIRE:  615 02:05:25  -429886.031250        0.073280
FIRE:  616 02:05:25  -429886.031250        0.073266
FIRE:  617 02:05:25  -429886.031250        0.073249
FIRE:  618 02:05:25  -429886.062500        0.073230
FIRE:  619 02:05:25  -429886.031250        0.073228
FIRE:  620 02:05:25  -429886.031250        0.073247
FIRE:  621 02:05:25  -429886.062500        0.073299
FIRE:  622 02:05:25  -429886.062500        0.073394
FIRE:  623 02:05:25  -429886.031250        0.073545
FIRE:  624 02:05:25  -429886.031250        0.073748
FIRE:  625 02:05:25  -429886.062500        0.073975
FIRE:  626 02:05:25  -429886.031250        0.074270
FIRE:  627 02:05:25  -429886.062500        0.074554
FIRE:  628 02:05:26  -429886.062500        0.074863
FIRE:  629 02:05:26  -429886.062500        0.075231
FIRE:  630 02:05:26  -429886.062500        0.075669
FIRE:  631 02:05:26  -429886.062500        0.076018
FIRE:  632 02:05:26  -429886.093750        0.076259
FIRE:  633 02:05:26  -429886.093750        0.076519
FIRE:  634 02:05:26  -429886.125000        0.076732
FIRE:  635 02:05:26  -429886.125000        0.076623
FIRE:  636 02:05:26  -429886.125000        0.239759
FIRE:  637 02:05:26  -429886.156250        0.994751
FIRE:  638 02:05:26  -429886.062500        4.180858
FIRE:  639 02:05:26  -429886.156250        1.780057
FIRE:  640 02:05:26  -429886.156250        1.262448
FIRE:  641 02:05:26  -429886.218750        0.323038
FIRE:  642 02:05:27  -429886.187500        0.792417
FIRE:  643 02:05:27  -429886.218750        0.723337
FIRE:  644 02:05:27  -429886.187500        0.592275
FIRE:  645 02:05:27  -429886.218750        0.412205
FIRE:  646 02:05:27  -429886.187500        0.201014
FIRE:  647 02:05:27  -429886.218750        0.075384
FIRE:  648 02:05:27  -429886.218750        0.210217
FIRE:  649 02:05:27  -429886.187500        0.206020
FIRE:  650 02:05:27  -429886.187500        0.197674
FIRE:  651 02:05:27  -429886.218750        0.185389
FIRE:  652 02:05:27  -429886.187500        0.169497
FIRE:  653 02:05:27  -429886.187500        0.150243
FIRE:  654 02:05:27  -429886.187500        0.128223
FIRE:  655 02:05:27  -429886.218750        0.103982
FIRE:  656 02:05:28  -429886.187500        0.075560
FIRE:  657 02:05:28  -429886.187500        0.075503
FIRE:  658 02:05:28  -429886.187500        0.075532
FIRE:  659 02:05:28  -429886.187500        0.075563
FIRE:  660 02:05:28  -429886.187500        0.075601
FIRE:  661 02:05:28  -429886.187500        0.083021
FIRE:  662 02:05:28  -429886.218750        0.095638
FIRE:  663 02:05:28  -429886.218750        0.091789
FIRE:  664 02:05:28  -429886.218750        0.075830
FIRE:  665 02:05:28  -429886.187500        0.075918
FIRE:  666 02:05:28  -429886.218750        0.076011
FIRE:  667 02:05:28  -429886.187500        0.076130
FIRE:  668 02:05:28  -429886.187500        0.085843
FIRE:  669 02:05:28  -429886.187500        0.076430
FIRE:  670 02:05:29  -429886.187500        0.076615
FIRE:  671 02:05:29  -429886.218750        0.076821
FIRE:  672 02:05:29  -429886.218750        0.077031
FIRE:  673 02:05:29  -429886.187500        0.077217
FIRE:  674 02:05:29  -429886.187500        0.077393
FIRE:  675 02:05:29  -429886.187500        0.077554
FIRE:  676 02:05:29  -429886.218750        0.077680
FIRE:  677 02:05:29  -429886.218750        0.077722
FIRE:  678 02:05:29  -429886.218750        0.077694
FIRE:  679 02:05:29  -429886.218750        0.087633
FIRE:  680 02:05:29  -429886.250000        0.126601
FIRE:  681 02:05:29  -429886.250000        0.234527
FIRE:  682 02:05:29  -429886.281250        0.621872
FIRE:  683 02:05:30  -429886.281250        1.776808
FIRE:  684 02:05:30  -429886.312500        0.246376
FIRE:  685 02:05:30  -429886.281250        0.182388
FIRE:  686 02:05:30  -429886.281250        0.073497
FIRE:  687 02:05:30  -429886.312500        0.073555
FIRE:  688 02:05:30  -429886.281250        0.143890
FIRE:  689 02:05:30  -429886.281250        0.171571
FIRE:  690 02:05:30  -429886.281250        0.130475
FIRE:  691 02:05:30  -429886.312500        0.073993
FIRE:  692 02:05:30  -429886.281250        0.075091
FIRE:  693 02:05:30  -429886.281250        0.143661
FIRE:  694 02:05:30  -429886.343750        0.111739
FIRE:  695 02:05:31  -429886.312500        0.074866
FIRE:  696 02:05:31  -429886.343750        0.119010
FIRE:  697 02:05:31  -429886.312500        0.075209
FIRE:  698 02:05:31  -429886.312500        0.111261
FIRE:  699 02:05:31  -429886.343750        0.075220
FIRE:  700 02:05:31  -429886.343750        0.130396
FIRE:  701 02:05:31  -429886.343750        0.074488
FIRE:  702 02:05:31  -429886.343750        0.073757
FIRE:  703 02:05:31  -429886.343750        0.123455
FIRE:  704 02:05:31  -429886.375000        0.382810
FIRE:  705 02:05:31  -429886.375000        1.071002
FIRE:  706 02:05:31  -429886.375000        0.069951
FIRE:  707 02:05:31  -429886.406250        0.906217
FIRE:  708 02:05:31  -429886.406250        0.701886
FIRE:  709 02:05:32  -429886.406250        0.331574
FIRE:  710 02:05:32  -429886.375000        0.125252
FIRE:  711 02:05:32  -429886.406250        0.117286
FIRE:  712 02:05:32  -429886.343750        0.101986
FIRE:  713 02:05:32  -429886.375000        0.080336
FIRE:  714 02:05:32  -429886.406250        0.070029
FIRE:  715 02:05:32  -429886.406250        0.070032
FIRE:  716 02:05:32  -429886.406250        0.070042
FIRE:  717 02:05:32  -429886.406250        0.070049
FIRE:  718 02:05:32  -429886.406250        0.070061
FIRE:  719 02:05:32  -429886.406250        0.070080
FIRE:  720 02:05:32  -429886.406250        0.072060
FIRE:  721 02:05:32  -429886.406250        0.070125
FIRE:  722 02:05:33  -429886.406250        0.070158
FIRE:  723 02:05:33  -429886.343750        0.070191
FIRE:  724 02:05:33  -429886.406250        0.070229
FIRE:  725 02:05:33  -429886.406250        0.070263
FIRE:  726 02:05:33  -429886.406250        0.070301
FIRE:  727 02:05:33  -429886.406250        0.070323
FIRE:  728 02:05:33  -429886.406250        0.070332
FIRE:  729 02:05:33  -429886.375000        0.070318
FIRE:  730 02:05:33  -429886.375000        0.070253
FIRE:  731 02:05:33  -429886.343750        0.070119
FIRE:  732 02:05:33  -429886.437500        0.069872
FIRE:  733 02:05:33  -429886.406250        0.069494
FIRE:  734 02:05:33  -429886.375000        0.068960
FIRE:  735 02:05:33  -429886.437500        0.068242
FIRE:  736 02:05:34  -429886.406250        0.067309
FIRE:  737 02:05:34  -429886.406250        0.066168
FIRE:  738 02:05:34  -429886.406250        0.231123
FIRE:  739 02:05:34  -429886.500000        0.816279
FIRE:  740 02:05:34  -429886.406250        2.504550
FIRE:  741 02:05:34  -429886.531250        0.243589
FIRE:  742 02:05:34  -429886.437500        0.168855
FIRE:  743 02:05:34  -429886.531250        0.065156
FIRE:  744 02:05:34  -429886.531250        0.086002
FIRE:  745 02:05:34  -429886.437500        0.167839
FIRE:  746 02:05:34  -429886.531250        0.177306
FIRE:  747 02:05:34  -429886.468750        0.116994
FIRE:  748 02:05:34  -429886.531250        0.064223
FIRE:  749 02:05:34  -429886.531250        0.103732
FIRE:  750 02:05:35  -429886.468750        0.128780
FIRE:  751 02:05:35  -429886.531250        0.063603
FIRE:  752 02:05:35  -429886.468750        0.085825
FIRE:  753 02:05:35  -429886.500000        0.118935
FIRE:  754 02:05:35  -429886.500000        0.064348
FIRE:  755 02:05:35  -429886.531250        0.112734
FIRE:  756 02:05:35  -429886.500000        0.064877
FIRE:  757 02:05:35  -429886.500000        0.086916
FIRE:  758 02:05:35  -429886.562500        0.147047
FIRE:  759 02:05:35  -429886.562500        0.195133
FIRE:  760 02:05:35  -429886.531250        0.297587
FIRE:  761 02:05:35  -429886.562500        0.665884
FIRE:  762 02:05:35  -429886.562500        1.829235
FIRE:  763 02:05:36  -429886.562500        0.293207
FIRE:  764 02:05:36  -429886.593750        0.215755
FIRE:  765 02:05:36  -429886.562500        0.081353
FIRE:  766 02:05:36  -429886.562500        0.068964
FIRE:  767 02:05:36  -429886.593750        0.176713
FIRE:  768 02:05:36  -429886.562500        0.206961
FIRE:  769 02:05:36  -429886.562500        0.155845
FIRE:  770 02:05:36  -429886.562500        0.063293
FIRE:  771 02:05:36  -429886.562500        0.090516
FIRE:  772 02:05:36  -429886.562500        0.170880
FIRE:  773 02:05:36  -429886.562500        0.133309
FIRE:  774 02:05:36  -429886.562500        0.063730
FIRE:  775 02:05:36  -429886.562500        0.141911
FIRE:  776 02:05:36  -429886.593750        0.068963
FIRE:  777 02:05:37  -429886.593750        0.129262
FIRE:  778 02:05:37  -429886.593750        0.081311
FIRE:  779 02:05:37  -429886.625000        0.156736
FIRE:  780 02:05:37  -429886.593750        0.066002
FIRE:  781 02:05:37  -429886.625000        0.066221
FIRE:  782 02:05:37  -429886.625000        0.204301
FIRE:  783 02:05:37  -429886.625000        0.514647
FIRE:  784 02:05:37  -429886.625000        1.259677
FIRE:  785 02:05:37  -429886.625000        0.066732
FIRE:  786 02:05:37  -429886.625000        0.066705
FIRE:  787 02:05:37  -429886.625000        0.066654
FIRE:  788 02:05:37  -429886.625000        0.066585
FIRE:  789 02:05:37  -429886.656250        0.066510
FIRE:  790 02:05:37  -429886.656250        0.066433
FIRE:  791 02:05:38  -429886.687500        0.066368
FIRE:  792 02:05:38  -429886.687500        0.066319
FIRE:  793 02:05:38  -429886.687500        0.066293
FIRE:  794 02:05:38  -429886.656250        0.066300
FIRE:  795 02:05:38  -429886.656250        0.066356
FIRE:  796 02:05:38  -429886.656250        0.066468
FIRE:  797 02:05:38  -429886.687500        0.066649
FIRE:  798 02:05:38  -429886.656250        0.066891
FIRE:  799 02:05:38  -429886.687500        0.067190
FIRE:  800 02:05:38  -429886.656250        0.067517
FIRE:  801 02:05:38  -429886.687500        0.067817
FIRE:  802 02:05:38  -429886.656250        0.067811
FIRE:  803 02:05:38  -429886.718750        0.067586
FIRE:  804 02:05:38  -429886.687500        0.067234
FIRE:  805 02:05:39  -429886.718750        0.090244
FIRE:  806 02:05:39  -429886.750000        0.314683
FIRE:  807 02:05:39  -429886.750000        1.116140
FIRE:  808 02:05:39  -429886.750000        0.066451
FIRE:  809 02:05:39  -429886.718750        0.066417
FIRE:  810 02:05:39  -429886.750000        0.066351
FIRE:  811 02:05:39  -429886.750000        0.066264
FIRE:  812 02:05:39  -429886.718750        0.066166
FIRE:  813 02:05:39  -429886.718750        0.066069
FIRE:  814 02:05:39  -429886.750000        0.065986
FIRE:  815 02:05:39  -429886.750000        0.065920
FIRE:  816 02:05:39  -429886.750000        0.065875
FIRE:  817 02:05:39  -429886.718750        0.065855
FIRE:  818 02:05:40  -429886.718750        0.065868
FIRE:  819 02:05:40  -429886.718750        0.065926
FIRE:  820 02:05:40  -429886.750000        0.066032
FIRE:  821 02:05:40  -429886.750000        0.066180
FIRE:  822 02:05:40  -429886.718750        0.066343
FIRE:  823 02:05:40  -429886.750000        0.066472
FIRE:  824 02:05:40  -429886.750000        0.066490
FIRE:  825 02:05:40  -429886.750000        0.066321
FIRE:  826 02:05:40  -429886.750000        0.065904
FIRE:  827 02:05:40  -429886.781250        0.065382
FIRE:  828 02:05:40  -429886.781250        0.129751
FIRE:  829 02:05:40  -429886.812500        0.491506
FIRE:  830 02:05:40  -429886.781250        1.646152
FIRE:  831 02:05:40  -429886.812500        0.164969
FIRE:  832 02:05:41  -429886.812500        0.115171
FIRE:  833 02:05:41  -429886.812500        0.063924
FIRE:  834 02:05:41  -429886.781250        0.063802
FIRE:  835 02:05:41  -429886.781250        0.114919
FIRE:  836 02:05:41  -429886.781250        0.124257
FIRE:  837 02:05:41  -429886.812500        0.085379
FIRE:  838 02:05:41  -429886.812500        0.063365
FIRE:  839 02:05:41  -429886.812500        0.066584
FIRE:  840 02:05:41  -429886.812500        0.090145
FIRE:  841 02:05:41  -429886.843750        0.063201
FIRE:  842 02:05:41  -429886.812500        0.063188
FIRE:  843 02:05:41  -429886.843750        0.086998
FIRE:  844 02:05:41  -429886.812500        0.063271
FIRE:  845 02:05:41  -429886.812500        0.079026
FIRE:  846 02:05:42  -429886.812500        0.062965
FIRE:  847 02:05:42  -429886.843750        0.074148
FIRE:  848 02:05:42  -429886.812500        0.098339
FIRE:  849 02:05:42  -429886.812500        0.117561
FIRE:  850 02:05:42  -429886.843750        0.174248
FIRE:  851 02:05:42  -429886.843750        0.427079
FIRE:  852 02:05:42  -429886.843750        1.178417
FIRE:  853 02:05:42  -429886.843750        0.125455
FIRE:  854 02:05:42  -429886.843750        0.093631
FIRE:  855 02:05:42  -429886.875000        0.057657
FIRE:  856 02:05:42  -429886.843750        0.057588
FIRE:  857 02:05:42  -429886.875000        0.068061
FIRE:  858 02:05:42  -429886.843750        0.082499
FIRE:  859 02:05:43  -429886.843750        0.064711
FIRE:  860 02:05:43  -429886.843750        0.057206
FIRE:  861 02:05:43  -429886.843750        0.057102
FIRE:  862 02:05:43  -429886.843750        0.073650
FIRE:  863 02:05:43  -429886.875000        0.056899
FIRE:  864 02:05:43  -429886.906250        0.056808
FIRE:  865 02:05:43  -429886.937500        0.058358
FIRE:  866 02:05:43  -429886.812500        0.056625
FIRE:  867 02:05:43  -429886.875000        0.060253
FIRE:  868 02:05:43  -429886.875000        0.056349
FIRE:  869 02:05:43  -429886.875000        0.063931
FIRE:  870 02:05:43  -429886.906250        0.055693
FIRE:  871 02:05:43  -429886.875000        0.055090
FIRE:  872 02:05:43  -429886.875000        0.054219
FIRE:  873 02:05:43  -429886.906250        0.053058
FIRE:  874 02:05:43  -429886.937500        0.201641
FIRE:  875 02:05:43  -429886.875000        0.882374
FIRE:  876 02:05:43  -429886.906250        0.098801
FIRE:  877 02:05:43  -429886.875000        0.069042
FIRE:  878 02:05:43  -429886.843750        0.049959
