      Step     Time          Energy          fmax
FIRE:    0 03:03:56  -423602.531250        8.894725
FIRE:    1 03:03:57  -423604.062500        5.848045
FIRE:    2 03:03:59  -423604.250000        4.448368
FIRE:    3 03:03:59  -423604.625000        2.124502
FIRE:    4 03:03:59  -423604.687500        3.904742
FIRE:    5 03:03:59  -423604.750000        3.350155
FIRE:    6 03:03:59  -423604.781250        2.353858
FIRE:    7 03:03:59  -423604.843750        1.151293
FIRE:    8 03:03:59  -423604.812500        1.064305
FIRE:    9 03:03:59  -423604.875000        1.526927
FIRE:   10 03:03:59  -423604.906250        2.113197
FIRE:   11 03:04:00  -423604.906250        2.245973
FIRE:   12 03:04:00  -423604.937500        1.871826
FIRE:   13 03:04:00  -423604.937500        0.990992
FIRE:   14 03:04:00  -423605.000000        0.662737
FIRE:   15 03:04:00  -423605.062500        1.683247
FIRE:   16 03:04:00  -423605.062500        1.931175
FIRE:   17 03:04:00  -423605.125000        1.049106
FIRE:   18 03:04:00  -423605.156250        0.796092
FIRE:   19 03:04:00  -423605.218750        1.539542
FIRE:   20 03:04:00  -423605.281250        0.892699
FIRE:   21 03:04:01  -423605.343750        1.368240
FIRE:   22 03:04:01  -423605.406250        1.329628
FIRE:   23 03:04:02  -423605.500000        1.120480
FIRE:   24 03:04:02  -423605.593750        1.095688
FIRE:   25 03:04:02  -423605.718750        1.976486
FIRE:   26 03:04:02  -423605.843750        1.305143
FIRE:   27 03:04:02  -423606.031250        1.971314
FIRE:   28 03:04:02  -423606.187500        3.257122
FIRE:   29 03:04:02  -423606.218750       10.031120
FIRE:   30 03:04:02  -423606.531250        2.925129
FIRE:   31 03:04:02  -423606.500000        2.102558
FIRE:   32 03:04:02  -423606.562500        1.122690
FIRE:   33 03:04:02  -423606.593750        1.121696
FIRE:   34 03:04:02  -423606.625000        2.348548
FIRE:   35 03:04:02  -423606.625000        2.179934
FIRE:   36 03:04:02  -423606.625000        1.859594
FIRE:   37 03:04:02  -423606.625000        1.419233
FIRE:   38 03:04:03  -423606.625000        1.136457
FIRE:   39 03:04:03  -423606.625000        1.141648
FIRE:   40 03:04:03  -423606.656250        1.147440
FIRE:   41 03:04:03  -423606.656250        1.153449
FIRE:   42 03:04:03  -423606.625000        1.159908
FIRE:   43 03:04:03  -423606.625000        1.166479
FIRE:   44 03:04:03  -423606.656250        1.172867
FIRE:   45 03:04:03  -423606.718750        1.178957
FIRE:   46 03:04:03  -423606.687500        1.185126
FIRE:   47 03:04:03  -423606.750000        1.192654
FIRE:   48 03:04:03  -423606.750000        1.203185
FIRE:   49 03:04:03  -423606.843750        1.218454
FIRE:   50 03:04:03  -423606.875000        1.237618
FIRE:   51 03:04:03  -423606.937500        1.255076
FIRE:   52 03:04:04  -423607.000000        1.260120
FIRE:   53 03:04:04  -423607.125000        1.237582
FIRE:   54 03:04:04  -423607.250000        1.176821
FIRE:   55 03:04:04  -423607.375000        1.044333
FIRE:   56 03:04:04  -423607.562500        0.897072
FIRE:   57 03:04:04  -423607.656250        0.723273
FIRE:   58 03:04:04  -423607.656250        1.666679
FIRE:   59 03:04:04  -423607.656250        1.566236
FIRE:   60 03:04:04  -423607.656250        1.379491
FIRE:   61 03:04:04  -423607.687500        1.132716
FIRE:   62 03:04:04  -423607.625000        0.862342
FIRE:   63 03:04:04  -423607.750000        0.618062
FIRE:   64 03:04:04  -423607.750000        0.526686
FIRE:   65 03:04:04  -423607.750000        0.482200
FIRE:   66 03:04:05  -423607.750000        0.585782
FIRE:   67 03:04:05  -423607.812500        0.689466
FIRE:   68 03:04:05  -423607.718750        0.738128
FIRE:   69 03:04:05  -423607.843750        0.711922
FIRE:   70 03:04:05  -423607.781250        0.618228
FIRE:   71 03:04:05  -423607.906250        0.502115
FIRE:   72 03:04:05  -423607.937500        0.480988
FIRE:   73 03:04:05  -423608.000000        0.622702
FIRE:   74 03:04:05  -423607.968750        0.784515
FIRE:   75 03:04:05  -423608.125000        0.813948
FIRE:   76 03:04:05  -423608.218750        0.675145
FIRE:   77 03:04:05  -423608.281250        1.874046
FIRE:   78 03:04:05  -423608.062500        7.573555
FIRE:   79 03:04:06  -423608.375000        2.140446
FIRE:   80 03:04:06  -423608.437500        1.398168
FIRE:   81 03:04:06  -423608.406250        0.568019
FIRE:   82 03:04:06  -423608.343750        0.911560
FIRE:   83 03:04:06  -423608.437500        0.830886
FIRE:   84 03:04:06  -423608.343750        0.676970
FIRE:   85 03:04:06  -423608.437500        0.536563
FIRE:   86 03:04:06  -423608.437500        0.530043
FIRE:   87 03:04:06  -423608.468750        0.522565
FIRE:   88 03:04:06  -423608.375000        0.514584
FIRE:   89 03:04:06  -423608.437500        0.548718
FIRE:   90 03:04:06  -423608.375000        0.644674
FIRE:   91 03:04:06  -423608.468750        0.634627
FIRE:   92 03:04:06  -423608.437500        0.500585
FIRE:   93 03:04:07  -423608.375000        0.480313
FIRE:   94 03:04:07  -423608.468750        0.477529
FIRE:   95 03:04:07  -423608.343750        0.477260
FIRE:   96 03:04:07  -423608.468750        0.479857
FIRE:   97 03:04:07  -423608.468750        0.485301
FIRE:   98 03:04:07  -423608.500000        0.492380
FIRE:   99 03:04:07  -423608.531250        0.516791
FIRE:  100 03:04:07  -423608.531250        0.498127
FIRE:  101 03:04:07  -423608.562500        0.487015
FIRE:  102 03:04:07  -423608.562500        0.454003
FIRE:  103 03:04:07  -423608.593750        0.485884
FIRE:  104 03:04:07  -423608.562500        0.338876
FIRE:  105 03:04:07  -423608.656250        0.431006
FIRE:  106 03:04:07  -423608.656250        0.715934
FIRE:  107 03:04:07  -423608.656250        0.730872
FIRE:  108 03:04:08  -423608.750000        1.480165
FIRE:  109 03:04:08  -423608.781250        3.002830
FIRE:  110 03:04:08  -423608.750000        0.294042
FIRE:  111 03:04:08  -423608.718750        3.091028
FIRE:  112 03:04:08  -423608.781250        2.281414
FIRE:  113 03:04:08  -423608.781250        0.931597
FIRE:  114 03:04:08  -423608.781250        0.615021
FIRE:  115 03:04:08  -423608.781250        0.586485
FIRE:  116 03:04:08  -423608.781250        0.531425
FIRE:  117 03:04:08  -423608.843750        0.453770
FIRE:  118 03:04:08  -423608.843750        0.360868
FIRE:  119 03:04:08  -423608.843750        0.265022
FIRE:  120 03:04:08  -423608.781250        0.189661
FIRE:  121 03:04:08  -423608.843750        0.239000
FIRE:  122 03:04:09  -423608.843750        0.347904
FIRE:  123 03:04:09  -423608.812500        0.418243
FIRE:  124 03:04:09  -423608.843750        0.430499
FIRE:  125 03:04:09  -423608.843750        0.371086
FIRE:  126 03:04:09  -423608.843750        0.239254
FIRE:  127 03:04:09  -423608.843750        0.183073
FIRE:  128 03:04:09  -423608.843750        0.259722
FIRE:  129 03:04:09  -423608.843750        0.303396
FIRE:  130 03:04:09  -423608.812500        0.258060
FIRE:  131 03:04:09  -423608.843750        0.169620
FIRE:  132 03:04:09  -423608.750000        0.275237
FIRE:  133 03:04:09  -423608.781250        0.253645
FIRE:  134 03:04:09  -423608.843750        0.189417
FIRE:  135 03:04:09  -423608.843750        0.262960
FIRE:  136 03:04:10  -423608.781250        0.155308
FIRE:  137 03:04:10  -423608.812500        0.254151
FIRE:  138 03:04:10  -423608.875000        0.204443
FIRE:  139 03:04:11  -423608.875000        0.150700
FIRE:  140 03:04:11  -423608.906250        0.219783
FIRE:  141 03:04:11  -423608.875000        0.496891
FIRE:  142 03:04:11  -423608.937500        1.213869
FIRE:  143 03:04:11  -423608.937500        2.839038
FIRE:  144 03:04:12  -423608.968750        0.162586
FIRE:  145 03:04:12  -423608.906250        2.804776
FIRE:  146 03:04:12  -423608.937500        2.026481
FIRE:  147 03:04:12  -423608.968750        0.732504
FIRE:  148 03:04:12  -423608.968750        0.697706
FIRE:  149 03:04:12  -423608.968750        0.653591
FIRE:  150 03:04:12  -423609.000000        0.567996
FIRE:  151 03:04:12  -423608.968750        0.446589
FIRE:  152 03:04:12  -423608.968750        0.297885
FIRE:  153 03:04:12  -423608.968750        0.186641
FIRE:  154 03:04:12  -423608.968750        0.146602
FIRE:  155 03:04:12  -423608.968750        0.204502
FIRE:  156 03:04:12  -423608.968750        0.318939
FIRE:  157 03:04:12  -423608.968750        0.388012
FIRE:  158 03:04:12  -423609.000000        0.393953
FIRE:  159 03:04:13  -423608.968750        0.324985
FIRE:  160 03:04:13  -423608.968750        0.194919
FIRE:  161 03:04:13  -423608.968750        0.146421
FIRE:  162 03:04:13  -423609.000000        0.229859
FIRE:  163 03:04:13  -423608.968750        0.310002
FIRE:  164 03:04:13  -423608.968750        0.235062
FIRE:  165 03:04:13  -423608.968750        0.146232
FIRE:  166 03:04:13  -423608.968750        0.238001
FIRE:  167 03:04:13  -423608.968750        0.238760
FIRE:  168 03:04:13  -423609.000000        0.155135
FIRE:  169 03:04:13  -423608.968750        0.251993
FIRE:  170 03:04:13  -423609.000000        0.154753
FIRE:  171 03:04:13  -423609.000000        0.266205
FIRE:  172 03:04:13  -423609.031250        0.167884
FIRE:  173 03:04:14  -423609.000000        0.190915
FIRE:  174 03:04:14  -423609.062500        0.370232
FIRE:  175 03:04:14  -423609.031250        0.597227
FIRE:  176 03:04:14  -423609.031250        1.097387
FIRE:  177 03:04:14  -423609.031250        0.171876
FIRE:  178 03:04:14  -423609.031250        0.885433
FIRE:  179 03:04:14  -423609.031250        0.695441
FIRE:  180 03:04:14  -423609.031250        0.356251
FIRE:  181 03:04:14  -423609.031250        0.163577
FIRE:  182 03:04:14  -423609.031250        0.431571
FIRE:  183 03:04:14  -423609.031250        0.408259
FIRE:  184 03:04:14  -423609.031250        0.363485
FIRE:  185 03:04:14  -423609.031250        0.300035
FIRE:  186 03:04:15  -423609.062500        0.222872
FIRE:  187 03:04:15  -423609.031250        0.177753
FIRE:  188 03:04:15  -423609.031250        0.158891
FIRE:  189 03:04:15  -423609.062500        0.166056
FIRE:  190 03:04:15  -423609.031250        0.190455
FIRE:  191 03:04:15  -423609.062500        0.215902
FIRE:  192 03:04:15  -423609.031250        0.230885
FIRE:  193 03:04:15  -423609.062500        0.220648
FIRE:  194 03:04:15  -423609.062500        0.192541
FIRE:  195 03:04:15  -423609.062500        0.162974
FIRE:  196 03:04:15  -423609.093750        0.168730
FIRE:  197 03:04:15  -423609.062500        0.198526
FIRE:  198 03:04:15  -423609.093750        0.201554
FIRE:  199 03:04:15  -423609.062500        0.168145
FIRE:  200 03:04:15  -423609.062500        0.167298
FIRE:  201 03:04:15  -423609.062500        0.191575
FIRE:  202 03:04:16  -423609.062500        0.163199
FIRE:  203 03:04:16  -423609.062500        0.178368
FIRE:  204 03:04:16  -423609.093750        0.177977
FIRE:  205 03:04:16  -423609.062500        0.175862
FIRE:  206 03:04:16  -423609.093750        0.165099
FIRE:  207 03:04:16  -423609.093750        0.202210
FIRE:  208 03:04:16  -423609.093750        0.189245
FIRE:  209 03:04:16  -423609.125000        0.173956
FIRE:  210 03:04:16  -423609.093750        0.249455
FIRE:  211 03:04:16  -423609.125000        0.691872
FIRE:  212 03:04:16  -423609.125000        2.022759
FIRE:  213 03:04:16  -423609.156250        0.174666
FIRE:  214 03:04:16  -423609.125000        0.140571
FIRE:  215 03:04:16  -423609.125000        0.123777
FIRE:  216 03:04:16  -423609.156250        0.129456
FIRE:  217 03:04:16  -423609.125000        0.143340
FIRE:  218 03:04:16  -423609.156250        0.145672
FIRE:  219 03:04:16  -423609.125000        0.133455
FIRE:  220 03:04:16  -423609.125000        0.122510
FIRE:  221 03:04:17  -423609.156250        0.129306
FIRE:  222 03:04:17  -423609.125000        0.138168
FIRE:  223 03:04:17  -423609.125000        0.126488
FIRE:  224 03:04:17  -423609.125000        0.122460
FIRE:  225 03:04:17  -423609.125000        0.132687
FIRE:  226 03:04:17  -423609.125000        0.118408
FIRE:  227 03:04:17  -423609.156250        0.127589
FIRE:  228 03:04:17  -423609.187500        0.119293
FIRE:  229 03:04:17  -423609.156250        0.127966
FIRE:  230 03:04:17  -423609.156250        0.137887
FIRE:  231 03:04:17  -423609.093750        0.140685
FIRE:  232 03:04:17  -423609.125000        0.175818
FIRE:  233 03:04:17  -423609.125000        0.418757
FIRE:  234 03:04:17  -423609.156250        1.193743
FIRE:  235 03:04:17  -423609.156250        0.117741
FIRE:  236 03:04:17  -423609.156250        1.044548
FIRE:  237 03:04:17  -423609.093750        0.792574
FIRE:  238 03:04:17  -423609.187500        0.348668
FIRE:  239 03:04:18  -423609.125000        0.209505
FIRE:  240 03:04:18  -423609.093750        0.198231
FIRE:  241 03:04:18  -423609.125000        0.176831
FIRE:  242 03:04:18  -423609.125000        0.147549
FIRE:  243 03:04:18  -423609.125000        0.130654
FIRE:  244 03:04:18  -423609.187500        0.119673
FIRE:  245 03:04:18  -423609.218750        0.116814
FIRE:  246 03:04:18  -423609.156250        0.121416
FIRE:  247 03:04:18  -423609.156250        0.129993
FIRE:  248 03:04:18  -423609.187500        0.137287
FIRE:  249 03:04:18  -423609.125000        0.138347
FIRE:  250 03:04:18  -423609.125000        0.131354
FIRE:  251 03:04:18  -423609.125000        0.120611
FIRE:  252 03:04:18  -423609.125000        0.117510
FIRE:  253 03:04:18  -423609.187500        0.126283
FIRE:  254 03:04:18  -423609.156250        0.132143
FIRE:  255 03:04:18  -423609.156250        0.123820
FIRE:  256 03:04:18  -423609.125000        0.117816
FIRE:  257 03:04:19  -423609.125000        0.127306
FIRE:  258 03:04:19  -423609.187500        0.123001
FIRE:  259 03:04:19  -423609.125000        0.120724
FIRE:  260 03:04:19  -423609.125000        0.127452
FIRE:  261 03:04:19  -423609.125000        0.120313
FIRE:  262 03:04:19  -423609.156250        0.125312
FIRE:  263 03:04:19  -423609.156250        0.132174
FIRE:  264 03:04:19  -423609.156250        0.124892
FIRE:  265 03:04:19  -423609.156250        0.125013
FIRE:  266 03:04:19  -423609.156250        0.129357
FIRE:  267 03:04:19  -423609.218750        0.140755
FIRE:  268 03:04:19  -423609.250000        0.377467
FIRE:  269 03:04:19  -423609.250000        1.501920
FIRE:  270 03:04:19  -423609.250000        0.343793
FIRE:  271 03:04:19  -423609.218750        0.247985
FIRE:  272 03:04:19  -423609.250000        0.132967
FIRE:  273 03:04:20  -423609.250000        0.157052
FIRE:  274 03:04:20  -423609.250000        0.256368
FIRE:  275 03:04:20  -423609.281250        0.261098
FIRE:  276 03:04:20  -423609.250000        0.175516
FIRE:  277 03:04:20  -423609.250000        0.127452
FIRE:  278 03:04:20  -423609.250000        0.176840
FIRE:  279 03:04:20  -423609.250000        0.216622
FIRE:  280 03:04:20  -423609.250000        0.145802
FIRE:  281 03:04:20  -423609.250000        0.146615
FIRE:  282 03:04:20  -423609.250000        0.191450
FIRE:  283 03:04:20  -423609.281250        0.126980
FIRE:  284 03:04:20  -423609.250000        0.195993
FIRE:  285 03:04:20  -423609.281250        0.125779
FIRE:  286 03:04:20  -423609.281250        0.157854
FIRE:  287 03:04:20  -423609.281250        0.218060
FIRE:  288 03:04:20  -423609.281250        0.225126
FIRE:  289 03:04:20  -423609.281250        0.292962
FIRE:  290 03:04:20  -423609.312500        0.700142
FIRE:  291 03:04:21  -423609.187500        1.942940
FIRE:  292 03:04:21  -423609.250000        0.324493
FIRE:  293 03:04:21  -423609.281250        0.241833
FIRE:  294 03:04:21  -423609.250000        0.125070
FIRE:  295 03:04:21  -423609.250000        0.138872
FIRE:  296 03:04:21  -423609.250000        0.197509
FIRE:  297 03:04:21  -423609.281250        0.216276
FIRE:  298 03:04:21  -423609.250000        0.183551
FIRE:  299 03:04:21  -423609.281250        0.130035
FIRE:  300 03:04:21  -423609.281250        0.133263
FIRE:  301 03:04:21  -423609.312500        0.205305
FIRE:  302 03:04:21  -423609.312500        0.157224
FIRE:  303 03:04:21  -423609.281250        0.126096
FIRE:  304 03:04:21  -423609.312500        0.174007
FIRE:  305 03:04:21  -423609.312500        0.127747
FIRE:  306 03:04:22  -423609.312500        0.171288
FIRE:  307 03:04:22  -423609.312500        0.114280
FIRE:  308 03:04:22  -423609.281250        0.188867
FIRE:  309 03:04:22  -423609.343750        0.128170
FIRE:  310 03:04:22  -423609.343750        0.106740
FIRE:  311 03:04:22  -423609.343750        0.153546
FIRE:  312 03:04:22  -423609.343750        0.445466
FIRE:  313 03:04:22  -423609.343750        1.180862
FIRE:  314 03:04:22  -423609.343750        0.107780
FIRE:  315 03:04:22  -423609.343750        0.106933
FIRE:  316 03:04:22  -423609.343750        0.106780
FIRE:  317 03:04:22  -423609.343750        0.108609
FIRE:  318 03:04:22  -423609.343750        0.111500
FIRE:  319 03:04:22  -423609.343750        0.113035
FIRE:  320 03:04:22  -423609.343750        0.111884
FIRE:  321 03:04:22  -423609.343750        0.109146
FIRE:  322 03:04:22  -423609.343750        0.106840
FIRE:  323 03:04:22  -423609.343750        0.106162
FIRE:  324 03:04:23  -423609.343750        0.106121
FIRE:  325 03:04:23  -423609.375000        0.107667
FIRE:  326 03:04:23  -423609.375000        0.110389
FIRE:  327 03:04:23  -423609.375000        0.108063
FIRE:  328 03:04:23  -423609.343750        0.105138
FIRE:  329 03:04:23  -423609.312500        0.105236
FIRE:  330 03:04:23  -423609.312500        0.109594
FIRE:  331 03:04:23  -423609.343750        0.103860
FIRE:  332 03:04:23  -423609.343750        0.103920
FIRE:  333 03:04:23  -423609.312500        0.104342
FIRE:  334 03:04:23  -423609.312500        0.101173
FIRE:  335 03:04:23  -423609.406250        0.186651
FIRE:  336 03:04:23  -423609.343750        0.890933
FIRE:  337 03:04:23  -423609.312500        3.560825
FIRE:  338 03:04:23  -423609.375000        1.389399
FIRE:  339 03:04:23  -423609.437500        0.945067
FIRE:  340 03:04:23  -423609.437500        0.191299
FIRE:  341 03:04:24  -423609.375000        0.633742
FIRE:  342 03:04:24  -423609.406250        0.579518
FIRE:  343 03:04:24  -423609.437500        0.475900
FIRE:  344 03:04:24  -423609.406250        0.332979
FIRE:  345 03:04:24  -423609.406250        0.166107
FIRE:  346 03:04:24  -423609.375000        0.100947
FIRE:  347 03:04:24  -423609.343750        0.188508
FIRE:  348 03:04:24  -423609.406250        0.185182
FIRE:  349 03:04:24  -423609.343750        0.178485
FIRE:  350 03:04:24  -423609.375000        0.168665
FIRE:  351 03:04:24  -423609.343750        0.156068
FIRE:  352 03:04:24  -423609.312500        0.141018
FIRE:  353 03:04:24  -423609.375000        0.124211
FIRE:  354 03:04:24  -423609.406250        0.114574
FIRE:  355 03:04:25  -423609.343750        0.107312
FIRE:  356 03:04:25  -423609.375000        0.102311
FIRE:  357 03:04:25  -423609.375000        0.101245
FIRE:  358 03:04:25  -423609.343750        0.104859
FIRE:  359 03:04:25  -423609.343750        0.111914
FIRE:  360 03:04:25  -423609.375000        0.119567
FIRE:  361 03:04:25  -423609.375000        0.124347
FIRE:  362 03:04:25  -423609.343750        0.123678
FIRE:  363 03:04:25  -423609.343750        0.117008
FIRE:  364 03:04:25  -423609.406250        0.107601
FIRE:  365 03:04:25  -423609.406250        0.102534
FIRE:  366 03:04:25  -423609.406250        0.105007
FIRE:  367 03:04:25  -423609.406250        0.107787
FIRE:  368 03:04:25  -423609.375000        0.104958
FIRE:  369 03:04:26  -423609.375000        0.105766
FIRE:  370 03:04:26  -423609.343750        0.116098
FIRE:  371 03:04:26  -423609.343750        0.115788
FIRE:  372 03:04:26  -423609.406250        0.106193
FIRE:  373 03:04:26  -423609.375000        0.110177
FIRE:  374 03:04:26  -423609.406250        0.107138
FIRE:  375 03:04:26  -423609.437500        0.120731
FIRE:  376 03:04:26  -423609.437500        0.107714
FIRE:  377 03:04:26  -423609.437500        0.108847
FIRE:  378 03:04:26  -423609.437500        0.125882
FIRE:  379 03:04:26  -423609.437500        0.141716
FIRE:  380 03:04:26  -423609.406250        0.229796
FIRE:  381 03:04:26  -423609.468750        0.632196
FIRE:  382 03:04:26  -423609.468750        1.711874
FIRE:  383 03:04:26  -423609.468750        0.225809
FIRE:  384 03:04:27  -423609.468750        0.177351
FIRE:  385 03:04:27  -423609.468750        0.106102
FIRE:  386 03:04:27  -423609.468750        0.095713
FIRE:  387 03:04:27  -423609.468750        0.137961
FIRE:  388 03:04:27  -423609.468750        0.153417
FIRE:  389 03:04:27  -423609.468750        0.127883
FIRE:  390 03:04:27  -423609.468750        0.094483
FIRE:  391 03:04:27  -423609.437500        0.107111
FIRE:  392 03:04:27  -423609.500000        0.146757
FIRE:  393 03:04:27  -423609.468750        0.115980
FIRE:  394 03:04:27  -423609.468750        0.090413
FIRE:  395 03:04:27  -423609.468750        0.118500
FIRE:  396 03:04:27  -423609.468750        0.086243
FIRE:  397 03:04:27  -423609.437500        0.119143
FIRE:  398 03:04:28  -423609.468750        0.080432
FIRE:  399 03:04:28  -423609.468750        0.129608
FIRE:  400 03:04:28  -423609.468750        0.107095
FIRE:  401 03:04:28  -423609.468750        0.087662
FIRE:  402 03:04:28  -423609.500000        0.078189
FIRE:  403 03:04:28  -423609.500000        0.074555
FIRE:  404 03:04:28  -423609.500000        0.149596
FIRE:  405 03:04:28  -423609.468750        0.779934
FIRE:  406 03:04:28  -423609.468750        3.451108
FIRE:  407 03:04:28  -423609.500000        1.662182
FIRE:  408 03:04:28  -423609.500000        1.095761
FIRE:  409 03:04:28  -423609.531250        0.143987
FIRE:  410 03:04:28  -423609.500000        0.864432
FIRE:  411 03:04:28  -423609.531250        0.784472
FIRE:  412 03:04:29  -423609.531250        0.632495
FIRE:  413 03:04:29  -423609.531250        0.423823
FIRE:  414 03:04:29  -423609.531250        0.181471
FIRE:  415 03:04:29  -423609.531250        0.096286
FIRE:  416 03:04:29  -423609.562500        0.094916
FIRE:  417 03:04:29  -423609.531250        0.092340
FIRE:  418 03:04:29  -423609.531250        0.088520
FIRE:  419 03:04:29  -423609.531250        0.083762
FIRE:  420 03:04:29  -423609.531250        0.078251
FIRE:  421 03:04:29  -423609.500000        0.075482
FIRE:  422 03:04:29  -423609.531250        0.075480
FIRE:  423 03:04:29  -423609.531250        0.075491
FIRE:  424 03:04:29  -423609.531250        0.075499
FIRE:  425 03:04:29  -423609.531250        0.075503
FIRE:  426 03:04:30  -423609.531250        0.075519
FIRE:  427 03:04:30  -423609.531250        0.075529
FIRE:  428 03:04:30  -423609.531250        0.075536
FIRE:  429 03:04:30  -423609.531250        0.076879
FIRE:  430 03:04:30  -423609.531250        0.076581
FIRE:  431 03:04:30  -423609.531250        0.075551
FIRE:  432 03:04:30  -423609.531250        0.075567
FIRE:  433 03:04:30  -423609.531250        0.075588
FIRE:  434 03:04:30  -423609.531250        0.075654
FIRE:  435 03:04:30  -423609.531250        0.075752
FIRE:  436 03:04:30  -423609.531250        0.075896
FIRE:  437 03:04:30  -423609.531250        0.076120
FIRE:  438 03:04:30  -423609.531250        0.076436
FIRE:  439 03:04:30  -423609.531250        0.076859
FIRE:  440 03:04:31  -423609.531250        0.076826
FIRE:  441 03:04:31  -423609.562500        0.076824
FIRE:  442 03:04:31  -423609.531250        0.076927
FIRE:  443 03:04:31  -423609.531250        0.077212
FIRE:  444 03:04:31  -423609.531250        0.077589
FIRE:  445 03:04:31  -423609.531250        0.078135
FIRE:  446 03:04:31  -423609.531250        0.078932
FIRE:  447 03:04:31  -423609.531250        0.079661
FIRE:  448 03:04:31  -423609.562500        0.119578
FIRE:  449 03:04:31  -423609.562500        0.451927
FIRE:  450 03:04:31  -423609.562500        1.542057
FIRE:  451 03:04:31  -423609.562500        0.310246
FIRE:  452 03:04:31  -423609.562500        0.226185
FIRE:  453 03:04:31  -423609.593750        0.087051
FIRE:  454 03:04:31  -423609.562500        0.099609
FIRE:  455 03:04:32  -423609.593750        0.186036
FIRE:  456 03:04:32  -423609.593750        0.203332
FIRE:  457 03:04:32  -423609.562500        0.141941
FIRE:  458 03:04:32  -423609.562500        0.082318
FIRE:  459 03:04:32  -423609.562500        0.131759
FIRE:  460 03:04:32  -423609.593750        0.191818
FIRE:  461 03:04:32  -423609.593750        0.126682
FIRE:  462 03:04:32  -423609.562500        0.086452
FIRE:  463 03:04:32  -423609.593750        0.142000
FIRE:  464 03:04:32  -423609.562500        0.083017
FIRE:  465 03:04:32  -423609.562500        0.165214
FIRE:  466 03:04:32  -423609.562500        0.083481
FIRE:  467 03:04:32  -423609.625000        0.152432
FIRE:  468 03:04:32  -423609.593750        0.151940
FIRE:  469 03:04:33  -423609.625000        0.085222
FIRE:  470 03:04:33  -423609.625000        0.102508
FIRE:  471 03:04:33  -423609.593750        0.255490
FIRE:  472 03:04:33  -423609.593750        0.682788
FIRE:  473 03:04:33  -423609.593750        2.675729
FIRE:  474 03:04:33  -423609.593750        0.708516
FIRE:  475 03:04:33  -423609.625000        0.475246
FIRE:  476 03:04:33  -423609.593750        0.169304
FIRE:  477 03:04:33  -423609.593750        0.356032
FIRE:  478 03:04:33  -423609.593750        0.332357
FIRE:  479 03:04:33  -423609.593750        0.286901
FIRE:  480 03:04:33  -423609.593750        0.223650
FIRE:  481 03:04:33  -423609.593750        0.148383
FIRE:  482 03:04:33  -423609.593750        0.090245
FIRE:  483 03:04:34  -423609.625000        0.106750
FIRE:  484 03:04:34  -423609.625000        0.146259
FIRE:  485 03:04:34  -423609.656250        0.172477
FIRE:  486 03:04:34  -423609.656250        0.178704
FIRE:  487 03:04:34  -423609.625000        0.160014
FIRE:  488 03:04:34  -423609.625000        0.115591
FIRE:  489 03:04:34  -423609.625000        0.090725
FIRE:  490 03:04:34  -423609.656250        0.141216
FIRE:  491 03:04:34  -423609.656250        0.181418
FIRE:  492 03:04:34  -423609.625000        0.148006
FIRE:  493 03:04:34  -423609.625000        0.091647
FIRE:  494 03:04:34  -423609.625000        0.132185
FIRE:  495 03:04:34  -423609.625000        0.127810
FIRE:  496 03:04:34  -423609.656250        0.093113
FIRE:  497 03:04:35  -423609.625000        0.160513
FIRE:  498 03:04:35  -423609.625000        0.094937
FIRE:  499 03:04:35  -423609.625000        0.129623
FIRE:  500 03:04:35  -423609.625000        0.133865
FIRE:  501 03:04:35  -423609.656250        0.101357
FIRE:  502 03:04:35  -423609.656250        0.116366
FIRE:  503 03:04:35  -423609.625000        0.268119
FIRE:  504 03:04:35  -423609.687500        0.521797
FIRE:  505 03:04:35  -423609.625000        1.631921
FIRE:  506 03:04:35  -423609.625000        0.172585
FIRE:  507 03:04:35  -423609.625000        0.143288
FIRE:  508 03:04:35  -423609.625000        0.128251
FIRE:  509 03:04:35  -423609.656250        0.127942
FIRE:  510 03:04:35  -423609.625000        0.143208
FIRE:  511 03:04:35  -423609.625000        0.159904
FIRE:  512 03:04:36  -423609.656250        0.133585
FIRE:  513 03:04:36  -423609.656250        0.123030
FIRE:  514 03:04:36  -423609.687500        0.120241
FIRE:  515 03:04:36  -423609.687500        0.116568
FIRE:  516 03:04:36  -423609.687500        0.111910
FIRE:  517 03:04:36  -423609.687500        0.106866
FIRE:  518 03:04:36  -423609.656250        0.129712
FIRE:  519 03:04:36  -423609.656250        0.110952
FIRE:  520 03:04:36  -423609.656250        0.113080
FIRE:  521 03:04:36  -423609.656250        0.110157
FIRE:  522 03:04:36  -423609.625000        0.131570
FIRE:  523 03:04:36  -423609.656250        0.110141
FIRE:  524 03:04:36  -423609.687500        0.112398
FIRE:  525 03:04:36  -423609.687500        0.124957
FIRE:  526 03:04:37  -423609.718750        0.168688
FIRE:  527 03:04:37  -423609.687500        0.358224
FIRE:  528 03:04:37  -423609.718750        1.556748
FIRE:  529 03:04:37  -423609.718750        0.282989
FIRE:  530 03:04:37  -423609.656250        0.220685
FIRE:  531 03:04:37  -423609.687500        0.127774
FIRE:  532 03:04:37  -423609.718750        0.154956
FIRE:  533 03:04:37  -423609.750000        0.257390
FIRE:  534 03:04:37  -423609.718750        0.274884
FIRE:  535 03:04:37  -423609.718750        0.208766
FIRE:  536 03:04:37  -423609.718750        0.127748
FIRE:  537 03:04:37  -423609.750000        0.141753
FIRE:  538 03:04:37  -423609.718750        0.186656
FIRE:  539 03:04:37  -423609.687500        0.140183
FIRE:  540 03:04:38  -423609.718750        0.130456
FIRE:  541 03:04:38  -423609.718750        0.213927
FIRE:  542 03:04:38  -423609.718750        0.130926
FIRE:  543 03:04:38  -423609.718750        0.174551
FIRE:  544 03:04:38  -423609.718750        0.133926
FIRE:  545 03:04:38  -423609.718750        0.229606
FIRE:  546 03:04:38  -423609.718750        0.161548
FIRE:  547 03:04:38  -423609.718750        0.144098
FIRE:  548 03:04:38  -423609.781250        0.149298
FIRE:  549 03:04:38  -423609.781250        0.307727
FIRE:  550 03:04:38  -423609.750000        1.093992
FIRE:  551 03:04:38  -423609.781250        0.097123
FIRE:  552 03:04:38  -423609.781250        0.097142
FIRE:  553 03:04:38  -423609.781250        0.097253
FIRE:  554 03:04:38  -423609.750000        0.097562
FIRE:  555 03:04:39  -423609.750000        0.097990
FIRE:  556 03:04:39  -423609.781250        0.098389
FIRE:  557 03:04:39  -423609.781250        0.098487
FIRE:  558 03:04:39  -423609.750000        0.098106
FIRE:  559 03:04:39  -423609.750000        0.097177
FIRE:  560 03:04:39  -423609.781250        0.096679
FIRE:  561 03:04:39  -423609.781250        0.097548
FIRE:  562 03:04:39  -423609.781250        0.098631
FIRE:  563 03:04:39  -423609.750000        0.099620
FIRE:  564 03:04:39  -423609.718750        0.100218
FIRE:  565 03:04:39  -423609.750000        0.100487
FIRE:  566 03:04:39  -423609.781250        0.100603
FIRE:  567 03:04:39  -423609.750000        0.100590
FIRE:  568 03:04:39  -423609.781250        0.098552
FIRE:  569 03:04:40  -423609.812500        0.095294
FIRE:  570 03:04:40  -423609.781250        0.093518
FIRE:  571 03:04:40  -423609.812500        0.182469
FIRE:  572 03:04:40  -423609.781250        0.577484
FIRE:  573 03:04:40  -423609.812500        1.975408
FIRE:  574 03:04:40  -423609.781250        0.261535
FIRE:  575 03:04:40  -423609.812500        0.180966
FIRE:  576 03:04:40  -423609.812500        0.082806
FIRE:  577 03:04:40  -423609.812500        0.108150
FIRE:  578 03:04:40  -423609.812500        0.201528
FIRE:  579 03:04:40  -423609.843750        0.217677
FIRE:  580 03:04:40  -423609.843750        0.156634
FIRE:  581 03:04:40  -423609.812500        0.082144
FIRE:  582 03:04:40  -423609.812500        0.119473
FIRE:  583 03:04:41  -423609.812500        0.153661
FIRE:  584 03:04:41  -423609.843750        0.107765
FIRE:  585 03:04:41  -423609.843750        0.090508
FIRE:  586 03:04:41  -423609.843750        0.159564
FIRE:  587 03:04:41  -423609.812500        0.083869
FIRE:  588 03:04:41  -423609.843750        0.132235
FIRE:  589 03:04:41  -423609.812500        0.083489
FIRE:  590 03:04:41  -423609.781250        0.163852
FIRE:  591 03:04:41  -423609.812500        0.139830
FIRE:  592 03:04:41  -423609.843750        0.114811
FIRE:  593 03:04:41  -423609.843750        0.106472
FIRE:  594 03:04:41  -423609.843750        0.278704
FIRE:  595 03:04:41  -423609.843750        0.869093
FIRE:  596 03:04:41  -423609.843750        0.090878
FIRE:  597 03:04:42  -423609.875000        0.090967
FIRE:  598 03:04:42  -423609.843750        0.091153
FIRE:  599 03:04:42  -423609.843750        0.091415
FIRE:  600 03:04:42  -423609.875000        0.091719
FIRE:  601 03:04:42  -423609.875000        0.092056
FIRE:  602 03:04:42  -423609.875000        0.092402
FIRE:  603 03:04:42  -423609.843750        0.092772
FIRE:  604 03:04:42  -423609.843750        0.093210
FIRE:  605 03:04:42  -423609.843750        0.093795
FIRE:  606 03:04:42  -423609.875000        0.094551
FIRE:  607 03:04:42  -423609.875000        0.095467
FIRE:  608 03:04:42  -423609.843750        0.096304
FIRE:  609 03:04:42  -423609.843750        0.097245
FIRE:  610 03:04:42  -423609.843750        0.098292
FIRE:  611 03:04:43  -423609.875000        0.099475
FIRE:  612 03:04:43  -423609.875000        0.100704
FIRE:  613 03:04:43  -423609.875000        0.101638
FIRE:  614 03:04:43  -423609.843750        0.101992
FIRE:  615 03:04:43  -423609.875000        0.101763
FIRE:  616 03:04:43  -423609.843750        0.100465
FIRE:  617 03:04:43  -423609.875000        0.354314
FIRE:  618 03:04:43  -423609.906250        1.301811
FIRE:  619 03:04:43  -423609.875000        0.243098
FIRE:  620 03:04:43  -423609.875000        0.178750
FIRE:  621 03:04:43  -423609.906250        0.095840
FIRE:  622 03:04:43  -423609.875000        0.095758
FIRE:  623 03:04:43  -423609.906250        0.132114
FIRE:  624 03:04:43  -423609.875000        0.147231
FIRE:  625 03:04:43  -423609.906250        0.110588
FIRE:  626 03:04:44  -423609.906250        0.095418
FIRE:  627 03:04:44  -423609.906250        0.104676
FIRE:  628 03:04:44  -423609.906250        0.150891
FIRE:  629 03:04:44  -423609.906250        0.096877
FIRE:  630 03:04:44  -423609.906250        0.094717
FIRE:  631 03:04:44  -423609.875000        0.109573
FIRE:  632 03:04:44  -423609.906250        0.095830
FIRE:  633 03:04:44  -423609.875000        0.133485
FIRE:  634 03:04:44  -423609.875000        0.097707
FIRE:  635 03:04:44  -423609.875000        0.111560
FIRE:  636 03:04:44  -423609.875000        0.142447
FIRE:  637 03:04:44  -423609.937500        0.101715
FIRE:  638 03:04:44  -423609.906250        0.129192
FIRE:  639 03:04:44  -423609.937500        0.275078
FIRE:  640 03:04:45  -423609.937500        0.932092
FIRE:  641 03:04:45  -423609.906250        0.112551
FIRE:  642 03:04:45  -423609.906250        0.834802
FIRE:  643 03:04:45  -423609.937500        0.609473
FIRE:  644 03:04:45  -423609.906250        0.222554
FIRE:  645 03:04:45  -423609.906250        0.217144
FIRE:  646 03:04:45  -423609.937500        0.204325
FIRE:  647 03:04:45  -423609.906250        0.179404
FIRE:  648 03:04:45  -423609.937500        0.144300
FIRE:  649 03:04:45  -423609.937500        0.113217
FIRE:  650 03:04:45  -423609.937500        0.113245
FIRE:  651 03:04:45  -423609.937500        0.113292
FIRE:  652 03:04:45  -423609.906250        0.113358
FIRE:  653 03:04:45  -423609.937500        0.113431
FIRE:  654 03:04:46  -423609.906250        0.113522
FIRE:  655 03:04:46  -423609.937500        0.113642
FIRE:  656 03:04:46  -423609.937500        0.113790
FIRE:  657 03:04:46  -423609.937500        0.113970
FIRE:  658 03:04:46  -423609.906250        0.114195
FIRE:  659 03:04:46  -423609.906250        0.114469
FIRE:  660 03:04:46  -423609.906250        0.114785
FIRE:  661 03:04:46  -423609.906250        0.115170
FIRE:  662 03:04:46  -423609.906250        0.115628
FIRE:  663 03:04:46  -423609.906250        0.116173
FIRE:  664 03:04:46  -423609.906250        0.116840
FIRE:  665 03:04:46  -423609.906250        0.117603
FIRE:  666 03:04:46  -423609.906250        0.118472
FIRE:  667 03:04:46  -423609.906250        0.119439
FIRE:  668 03:04:47  -423609.968750        0.120425
FIRE:  669 03:04:47  -423609.968750        0.121296
FIRE:  670 03:04:47  -423609.968750        0.121530
FIRE:  671 03:04:47  -423609.968750        0.120007
FIRE:  672 03:04:47  -423609.937500        0.114599
FIRE:  673 03:04:47  -423609.937500        0.347739
FIRE:  674 03:04:47  -423609.937500        1.135095
FIRE:  675 03:04:47  -423610.000000        0.125355
FIRE:  676 03:04:47  -423609.968750        0.099280
FIRE:  677 03:04:47  -423609.968750        0.099421
FIRE:  678 03:04:47  -423610.000000        0.103914
FIRE:  679 03:04:47  -423610.000000        0.108555
FIRE:  680 03:04:47  -423609.968750        0.111797
FIRE:  681 03:04:47  -423609.968750        0.112023
FIRE:  682 03:04:48  -423609.968750        0.108192
FIRE:  683 03:04:48  -423610.000000        0.099969
FIRE:  684 03:04:48  -423609.968750        0.089416
FIRE:  685 03:04:48  -423610.000000        0.081895
FIRE:  686 03:04:48  -423609.968750        0.080885
FIRE:  687 03:04:48  -423609.968750        0.079273
FIRE:  688 03:04:48  -423610.000000        0.081047
FIRE:  689 03:04:48  -423609.968750        0.085420
FIRE:  690 03:04:48  -423609.968750        0.088363
FIRE:  691 03:04:48  -423609.968750        0.090160
FIRE:  692 03:04:48  -423610.000000        0.090517
FIRE:  693 03:04:48  -423609.968750        0.116795
FIRE:  694 03:04:48  -423609.968750        0.115520
FIRE:  695 03:04:48  -423610.031250        0.161867
FIRE:  696 03:04:49  -423610.000000        0.636638
FIRE:  697 03:04:49  -423609.968750        2.046599
FIRE:  698 03:04:49  -423610.000000        0.440035
FIRE:  699 03:04:49  -423610.000000        0.318086
FIRE:  700 03:04:49  -423610.000000        0.109469
FIRE:  701 03:04:49  -423610.000000        0.121414
FIRE:  702 03:04:49  -423610.031250        0.114575
FIRE:  703 03:04:49  -423610.031250        0.101503
FIRE:  704 03:04:49  -423610.000000        0.088299
FIRE:  705 03:04:49  -423610.031250        0.088310
FIRE:  706 03:04:49  -423610.000000        0.088335
FIRE:  707 03:04:49  -423610.031250        0.088362
FIRE:  708 03:04:49  -423610.000000        0.088387
FIRE:  709 03:04:49  -423610.031250        0.088432
FIRE:  710 03:04:50  -423610.000000        0.094752
FIRE:  711 03:04:50  -423610.000000        0.088561
FIRE:  712 03:04:50  -423610.000000        0.088631
FIRE:  713 03:04:50  -423610.000000        0.088735
FIRE:  714 03:04:50  -423610.000000        0.088819
FIRE:  715 03:04:50  -423610.031250        0.088912
FIRE:  716 03:04:50  -423610.000000        0.088970
FIRE:  717 03:04:50  -423610.000000        0.088855
FIRE:  718 03:04:50  -423610.031250        0.088529
FIRE:  719 03:04:50  -423610.031250        0.087829
FIRE:  720 03:04:50  -423610.000000        0.086622
FIRE:  721 03:04:50  -423610.000000        0.084877
FIRE:  722 03:04:50  -423610.031250        0.082662
FIRE:  723 03:04:50  -423610.000000        0.080113
FIRE:  724 03:04:51  -423610.000000        0.077516
FIRE:  725 03:04:51  -423610.062500        0.075243
FIRE:  726 03:04:51  -423610.031250        0.073166
FIRE:  727 03:04:51  -423610.031250        0.085774
FIRE:  728 03:04:51  -423610.031250        0.305544
FIRE:  729 03:04:51  -423610.062500        0.891322
FIRE:  730 03:04:51  -423610.031250        0.074377
FIRE:  731 03:04:51  -423610.031250        0.815289
FIRE:  732 03:04:51  -423610.031250        0.618809
FIRE:  733 03:04:51  -423610.031250        0.272265
FIRE:  734 03:04:51  -423610.031250        0.139224
FIRE:  735 03:04:51  -423610.062500        0.129650
FIRE:  736 03:04:51  -423610.031250        0.111106
FIRE:  737 03:04:51  -423610.031250        0.087584
FIRE:  738 03:04:52  -423610.031250        0.074705
FIRE:  739 03:04:52  -423610.031250        0.074748
FIRE:  740 03:04:52  -423610.031250        0.074796
FIRE:  741 03:04:52  -423610.031250        0.074867
FIRE:  742 03:04:52  -423610.031250        0.075480
FIRE:  743 03:04:52  -423610.031250        0.092175
FIRE:  744 03:04:52  -423610.062500        0.095069
FIRE:  745 03:04:52  -423610.062500        0.080626
FIRE:  746 03:04:52  -423610.031250        0.075218
FIRE:  747 03:04:52  -423610.031250        0.075344
FIRE:  748 03:04:52  -423610.031250        0.075479
FIRE:  749 03:04:52  -423610.031250        0.075651
FIRE:  750 03:04:52  -423610.031250        0.075852
FIRE:  751 03:04:52  -423610.062500        0.076396
FIRE:  752 03:04:53  -423610.031250        0.077723
FIRE:  753 03:04:53  -423610.062500        0.079403
FIRE:  754 03:04:53  -423610.031250        0.081567
FIRE:  755 03:04:53  -423610.062500        0.084511
FIRE:  756 03:04:53  -423610.031250        0.088471
FIRE:  757 03:04:53  -423610.093750        0.093486
FIRE:  758 03:04:53  -423610.062500        0.098351
FIRE:  759 03:04:53  -423610.093750        0.097952
FIRE:  760 03:04:53  -423610.093750        0.083914
FIRE:  761 03:04:53  -423610.093750        0.085182
FIRE:  762 03:04:53  -423610.062500        0.198541
FIRE:  763 03:04:53  -423610.062500        0.709989
FIRE:  764 03:04:53  -423610.062500        2.497723
FIRE:  765 03:04:53  -423610.125000        0.522899
FIRE:  766 03:04:54  -423610.093750        0.354368
FIRE:  767 03:04:54  -423610.093750        0.089991
FIRE:  768 03:04:54  -423610.125000        0.219365
FIRE:  769 03:04:54  -423610.125000        0.203270
FIRE:  770 03:04:54  -423610.125000        0.172273
FIRE:  771 03:04:54  -423610.093750        0.129044
FIRE:  772 03:04:54  -423610.093750        0.089143
FIRE:  773 03:04:54  -423610.093750        0.089083
FIRE:  774 03:04:54  -423610.125000        0.089033
FIRE:  775 03:04:54  -423610.093750        0.088925
FIRE:  776 03:04:54  -423610.125000        0.095765
FIRE:  777 03:04:54  -423610.093750        0.102524
FIRE:  778 03:04:54  -423610.125000        0.088633
FIRE:  779 03:04:54  -423610.125000        0.088489
FIRE:  780 03:04:55  -423610.125000        0.088386
FIRE:  781 03:04:55  -423610.093750        0.088265
FIRE:  782 03:04:55  -423610.093750        0.105817
FIRE:  783 03:04:55  -423610.125000        0.088249
FIRE:  784 03:04:55  -423610.125000        0.088361
FIRE:  785 03:04:55  -423610.125000        0.088582
FIRE:  786 03:04:55  -423610.125000        0.088825
FIRE:  787 03:04:55  -423610.093750        0.088950
FIRE:  788 03:04:55  -423610.125000        0.088980
FIRE:  789 03:04:55  -423610.125000        0.089113
FIRE:  790 03:04:55  -423610.125000        0.089601
FIRE:  791 03:04:55  -423610.093750        0.095324
FIRE:  792 03:04:55  -423610.093750        0.090887
FIRE:  793 03:04:55  -423610.093750        0.092033
FIRE:  794 03:04:56  -423610.125000        0.092012
FIRE:  795 03:04:56  -423610.093750        0.118530
FIRE:  796 03:04:56  -423610.156250        0.459119
FIRE:  797 03:04:56  -423610.125000        1.857468
FIRE:  798 03:04:56  -423610.125000        0.492981
FIRE:  799 03:04:56  -423610.125000        0.327308
FIRE:  800 03:04:56  -423610.156250        0.095107
FIRE:  801 03:04:56  -423610.125000        0.226323
FIRE:  802 03:04:56  -423610.125000        0.209000
FIRE:  803 03:04:56  -423610.125000        0.175701
FIRE:  804 03:04:56  -423610.156250        0.129608
FIRE:  805 03:04:56  -423610.156250        0.095983
FIRE:  806 03:04:56  -423610.156250        0.095772
FIRE:  807 03:04:56  -423610.125000        0.095608
FIRE:  808 03:04:56  -423610.156250        0.095481
FIRE:  809 03:04:57  -423610.125000        0.102412
FIRE:  810 03:04:57  -423610.156250        0.106418
FIRE:  811 03:04:57  -423610.125000        0.095509
FIRE:  812 03:04:57  -423610.125000        0.095765
FIRE:  813 03:04:57  -423610.156250        0.096077
FIRE:  814 03:04:57  -423610.125000        0.096454
FIRE:  815 03:04:57  -423610.125000        0.107749
FIRE:  816 03:04:57  -423610.125000        0.096782
FIRE:  817 03:04:57  -423610.156250        0.096661
FIRE:  818 03:04:57  -423610.156250        0.096575
FIRE:  819 03:04:57  -423610.125000        0.096801
FIRE:  820 03:04:57  -423610.156250        0.097402
FIRE:  821 03:04:57  -423610.156250        0.098014
FIRE:  822 03:04:57  -423610.156250        0.098095
FIRE:  823 03:04:58  -423610.125000        0.098187
FIRE:  824 03:04:58  -423610.156250        0.104976
FIRE:  825 03:04:58  -423610.156250        0.099484
FIRE:  826 03:04:58  -423610.156250        0.099796
FIRE:  827 03:04:58  -423610.156250        0.120243
FIRE:  828 03:04:58  -423610.156250        0.445614
FIRE:  829 03:04:58  -423610.187500        1.355888
FIRE:  830 03:04:58  -423610.156250        0.198058
FIRE:  831 03:04:58  -423610.156250        0.147770
FIRE:  832 03:04:58  -423610.156250        0.088172
FIRE:  833 03:04:58  -423610.156250        0.087969
FIRE:  834 03:04:58  -423610.187500        0.103749
FIRE:  835 03:04:58  -423610.187500        0.117362
FIRE:  836 03:04:58  -423610.156250        0.093571
FIRE:  837 03:04:59  -423610.156250        0.087521
FIRE:  838 03:04:59  -423610.156250        0.087570
FIRE:  839 03:04:59  -423610.156250        0.123231
FIRE:  840 03:04:59  -423610.156250        0.087999
FIRE:  841 03:04:59  -423610.156250        0.088320
FIRE:  842 03:04:59  -423610.156250        0.088607
FIRE:  843 03:04:59  -423610.187500        0.088834
FIRE:  844 03:04:59  -423610.156250        0.106152
FIRE:  845 03:04:59  -423610.156250        0.088487
FIRE:  846 03:04:59  -423610.187500        0.095189
FIRE:  847 03:04:59  -423610.187500        0.103577
FIRE:  848 03:04:59  -423610.187500        0.088186
FIRE:  849 03:04:59  -423610.218750        0.088966
FIRE:  850 03:04:59  -423610.218750        0.095839
FIRE:  851 03:05:00  -423610.187500        0.361565
FIRE:  852 03:05:00  -423610.187500        1.352290
FIRE:  853 03:05:00  -423610.218750        0.339188
FIRE:  854 03:05:00  -423610.187500        0.242260
FIRE:  855 03:05:00  -423610.187500        0.089890
FIRE:  856 03:05:00  -423610.187500        0.100694
FIRE:  857 03:05:00  -423610.218750        0.094459
FIRE:  858 03:05:00  -423610.187500        0.089693
FIRE:  859 03:05:00  -423610.187500        0.089781
FIRE:  860 03:05:00  -423610.187500        0.089844
FIRE:  861 03:05:00  -423610.218750        0.089927
FIRE:  862 03:05:00  -423610.187500        0.090015
FIRE:  863 03:05:00  -423610.187500        0.090072
FIRE:  864 03:05:00  -423610.187500        0.090129
FIRE:  865 03:05:01  -423610.218750        0.090148
FIRE:  866 03:05:01  -423610.187500        0.090115
FIRE:  867 03:05:01  -423610.187500        0.090027
FIRE:  868 03:05:01  -423610.187500        0.089885
FIRE:  869 03:05:01  -423610.218750        0.089735
FIRE:  870 03:05:01  -423610.187500        0.089507
FIRE:  871 03:05:01  -423610.218750        0.089337
FIRE:  872 03:05:01  -423610.218750        0.089137
FIRE:  873 03:05:01  -423610.218750        0.088874
FIRE:  874 03:05:01  -423610.250000        0.088364
FIRE:  875 03:05:01  -423610.250000        0.087674
FIRE:  876 03:05:01  -423610.218750        0.087008
FIRE:  877 03:05:01  -423610.250000        0.086473
FIRE:  878 03:05:01  -423610.250000        0.085827
FIRE:  879 03:05:02  -423610.250000        0.084569
FIRE:  880 03:05:02  -423610.218750        0.083586
FIRE:  881 03:05:02  -423610.250000        0.082566
FIRE:  882 03:05:02  -423610.250000        0.080773
FIRE:  883 03:05:02  -423610.218750        0.081019
FIRE:  884 03:05:02  -423610.218750        0.129090
FIRE:  885 03:05:02  -423610.281250        0.591403
FIRE:  886 03:05:02  -423610.218750        2.835402
FIRE:  887 03:05:02  -423610.218750        1.309552
FIRE:  888 03:05:02  -423610.281250        0.793328
FIRE:  889 03:05:02  -423610.250000        0.091871
FIRE:  890 03:05:02  -423610.281250        0.735335
FIRE:  891 03:05:02  -423610.250000        0.669253
FIRE:  892 03:05:02  -423610.281250        0.542644
FIRE:  893 03:05:03  -423610.281250        0.367210
FIRE:  894 03:05:03  -423610.281250        0.159255
FIRE:  895 03:05:03  -423610.250000        0.089839
FIRE:  896 03:05:03  -423610.281250        0.089836
FIRE:  897 03:05:03  -423610.281250        0.089826
FIRE:  898 03:05:03  -423610.250000        0.089810
FIRE:  899 03:05:03  -423610.250000        0.089752
FIRE:  900 03:05:03  -423610.281250        0.089723
FIRE:  901 03:05:03  -423610.250000        0.089644
FIRE:  902 03:05:03  -423610.281250        0.089621
FIRE:  903 03:05:03  -423610.281250        0.089548
FIRE:  904 03:05:03  -423610.281250        0.089473
FIRE:  905 03:05:03  -423610.250000        0.089418
FIRE:  906 03:05:03  -423610.250000        0.089367
FIRE:  907 03:05:03  -423610.281250        0.089307
FIRE:  908 03:05:04  -423610.281250        0.089284
FIRE:  909 03:05:04  -423610.281250        0.089310
FIRE:  910 03:05:04  -423610.281250        0.089400
FIRE:  911 03:05:04  -423610.281250        0.089517
FIRE:  912 03:05:04  -423610.250000        0.089699
FIRE:  913 03:05:04  -423610.281250        0.089960
FIRE:  914 03:05:04  -423610.250000        0.090221
FIRE:  915 03:05:04  -423610.250000        0.090420
FIRE:  916 03:05:04  -423610.281250        0.090549
FIRE:  917 03:05:04  -423610.250000        0.090483
FIRE:  918 03:05:04  -423610.281250        0.090556
FIRE:  919 03:05:04  -423610.250000        0.090851
FIRE:  920 03:05:04  -423610.250000        0.091531
FIRE:  921 03:05:04  -423610.218750        0.092288
FIRE:  922 03:05:05  -423610.250000        0.092780
FIRE:  923 03:05:05  -423610.281250        0.093759
FIRE:  924 03:05:05  -423610.312500        0.095812
FIRE:  925 03:05:05  -423610.312500        0.097503
FIRE:  926 03:05:05  -423610.281250        0.099096
FIRE:  927 03:05:05  -423610.312500        0.101567
FIRE:  928 03:05:05  -423610.312500        0.099599
FIRE:  929 03:05:05  -423610.312500        0.254832
FIRE:  930 03:05:05  -423610.312500        1.002579
FIRE:  931 03:05:05  -423610.312500        0.291423
FIRE:  932 03:05:05  -423610.312500        0.210013
FIRE:  933 03:05:05  -423610.312500        0.098202
FIRE:  934 03:05:05  -423610.312500        0.106047
FIRE:  935 03:05:05  -423610.312500        0.173650
FIRE:  936 03:05:06  -423610.312500        0.179060
FIRE:  937 03:05:06  -423610.312500        0.125567
FIRE:  938 03:05:06  -423610.312500        0.097320
FIRE:  939 03:05:06  -423610.312500        0.146573
FIRE:  940 03:05:06  -423610.312500        0.180956
FIRE:  941 03:05:06  -423610.312500        0.098785
FIRE:  942 03:05:06  -423610.312500        0.096983
FIRE:  943 03:05:06  -423610.343750        0.136523
FIRE:  944 03:05:06  -423610.312500        0.097104
FIRE:  945 03:05:06  -423610.281250        0.158625
FIRE:  946 03:05:06  -423610.312500        0.099082
FIRE:  947 03:05:06  -423610.281250        0.120365
FIRE:  948 03:05:06  -423610.312500        0.188287
FIRE:  949 03:05:06  -423610.343750        0.151196
FIRE:  950 03:05:07  -423610.343750        0.282335
FIRE:  951 03:05:07  -423610.375000        0.557416
FIRE:  952 03:05:07  -423610.375000        1.644830
FIRE:  953 03:05:07  -423610.375000        0.131604
FIRE:  954 03:05:07  -423610.343750        0.116701
FIRE:  955 03:05:07  -423610.375000        0.116826
FIRE:  956 03:05:07  -423610.343750        0.116861
FIRE:  957 03:05:07  -423610.343750        0.125043
FIRE:  958 03:05:07  -423610.375000        0.137945
FIRE:  959 03:05:07  -423610.343750        0.115187
FIRE:  960 03:05:07  -423610.375000        0.114027
FIRE:  961 03:05:07  -423610.343750        0.112593
FIRE:  962 03:05:07  -423610.343750        0.111093
FIRE:  963 03:05:07  -423610.375000        0.109808
FIRE:  964 03:05:08  -423610.375000        0.108716
FIRE:  965 03:05:08  -423610.375000        0.107378
FIRE:  966 03:05:08  -423610.343750        0.105339
FIRE:  967 03:05:08  -423610.343750        0.105080
FIRE:  968 03:05:08  -423610.343750        0.103824
FIRE:  969 03:05:08  -423610.406250        0.101876
FIRE:  970 03:05:08  -423610.406250        0.101381
FIRE:  971 03:05:08  -423610.375000        0.135687
FIRE:  972 03:05:08  -423610.406250        0.155860
FIRE:  973 03:05:08  -423610.375000        0.480185
FIRE:  974 03:05:08  -423610.406250        1.237791
FIRE:  975 03:05:08  -423610.406250        0.102951
FIRE:  976 03:05:08  -423610.406250        0.102906
FIRE:  977 03:05:08  -423610.406250        0.102780
FIRE:  978 03:05:09  -423610.437500        0.102654
FIRE:  979 03:05:09  -423610.437500        0.102575
FIRE:  980 03:05:09  -423610.406250        0.102490
FIRE:  981 03:05:09  -423610.406250        0.102458
FIRE:  982 03:05:09  -423610.406250        0.102459
FIRE:  983 03:05:09  -423610.406250        0.102482
FIRE:  984 03:05:09  -423610.406250        0.102486
FIRE:  985 03:05:09  -423610.406250        0.102396
FIRE:  986 03:05:09  -423610.406250        0.106608
FIRE:  987 03:05:09  -423610.406250        0.114390
FIRE:  988 03:05:09  -423610.406250        0.126120
FIRE:  989 03:05:09  -423610.406250        0.138163
FIRE:  990 03:05:09  -423610.406250        0.126571
FIRE:  991 03:05:09  -423610.406250        0.103274
FIRE:  992 03:05:10  -423610.406250        0.104154
FIRE:  993 03:05:10  -423610.437500        0.104700
FIRE:  994 03:05:10  -423610.437500        0.105517
FIRE:  995 03:05:10  -423610.437500        0.106263
FIRE:  996 03:05:10  -423610.437500        0.205798
FIRE:  997 03:05:10  -423610.468750        0.907533
FIRE:  998 03:05:10  -423610.468750        0.118334
FIRE:  999 03:05:10  -423610.437500        0.109111
FIRE:  1000 03:05:10  -423610.468750        0.109060
      Step     Time          Energy          fmax
FIRE:    0 03:05:11  -423602.531250        8.894725
FIRE:    1 03:05:11  -423604.031250        5.848045
FIRE:    2 03:05:13  -423604.281250        4.448368
FIRE:    3 03:05:13  -423604.593750        2.124502
FIRE:    4 03:05:13  -423604.718750        3.904742
FIRE:    5 03:05:13  -423604.750000        3.350155
FIRE:    6 03:05:14  -423604.812500        2.353858
FIRE:    7 03:05:14  -423604.812500        1.151293
FIRE:    8 03:05:14  -423604.843750        1.064305
FIRE:    9 03:05:14  -423604.843750        1.526927
FIRE:   10 03:05:14  -423604.875000        2.113197
FIRE:   11 03:05:14  -423604.875000        2.245973
FIRE:   12 03:05:14  -423604.937500        1.871826
FIRE:   13 03:05:14  -423604.968750        0.990992
FIRE:   14 03:05:14  -423605.031250        0.662737
FIRE:   15 03:05:14  -423605.031250        1.683247
FIRE:   16 03:05:14  -423605.062500        1.931175
FIRE:   17 03:05:14  -423605.125000        1.049106
FIRE:   18 03:05:14  -423605.187500        0.796092
FIRE:   19 03:05:14  -423605.187500        1.539542
FIRE:   20 03:05:14  -423605.281250        0.892699
FIRE:   21 03:05:16  -423605.281250        1.368240
FIRE:   22 03:05:16  -423605.406250        1.329628
FIRE:   23 03:05:16  -423605.500000        1.120480
FIRE:   24 03:05:16  -423605.593750        1.095688
FIRE:   25 03:05:16  -423605.718750        1.976486
FIRE:   26 03:05:16  -423605.843750        1.305143
FIRE:   27 03:05:16  -423606.000000        1.971314
FIRE:   28 03:05:16  -423606.187500        3.257122
FIRE:   29 03:05:16  -423606.125000       10.031120
FIRE:   30 03:05:16  -423606.500000        2.925129
FIRE:   31 03:05:16  -423606.531250        2.102558
FIRE:   32 03:05:16  -423606.562500        1.122690
FIRE:   33 03:05:17  -423606.562500        1.121696
FIRE:   34 03:05:17  -423606.593750        2.348548
FIRE:   35 03:05:17  -423606.593750        2.179934
FIRE:   36 03:05:17  -423606.593750        1.859594
FIRE:   37 03:05:17  -423606.593750        1.419233
FIRE:   38 03:05:17  -423606.593750        1.136457
FIRE:   39 03:05:17  -423606.593750        1.141648
FIRE:   40 03:05:17  -423606.625000        1.147440
FIRE:   41 03:05:17  -423606.562500        1.153449
FIRE:   42 03:05:17  -423606.562500        1.159908
FIRE:   43 03:05:17  -423606.625000        1.166479
FIRE:   44 03:05:17  -423606.593750        1.172867
FIRE:   45 03:05:17  -423606.656250        1.178957
FIRE:   46 03:05:17  -423606.656250        1.185126
FIRE:   47 03:05:18  -423606.656250        1.192654
FIRE:   48 03:05:18  -423606.750000        1.203185
FIRE:   49 03:05:18  -423606.812500        1.218454
FIRE:   50 03:05:18  -423606.812500        1.237618
FIRE:   51 03:05:18  -423606.906250        1.255076
FIRE:   52 03:05:18  -423606.937500        1.260120
FIRE:   53 03:05:18  -423607.093750        1.237582
FIRE:   54 03:05:18  -423607.187500        1.176821
FIRE:   55 03:05:18  -423607.281250        1.044333
FIRE:   56 03:05:18  -423607.531250        0.897072
FIRE:   57 03:05:18  -423607.656250        0.723273
FIRE:   58 03:05:18  -423607.625000        1.666679
FIRE:   59 03:05:18  -423607.625000        1.566236
FIRE:   60 03:05:18  -423607.687500        1.379491
FIRE:   61 03:05:19  -423607.718750        1.132716
FIRE:   62 03:05:19  -423607.687500        0.862342
FIRE:   63 03:05:19  -423607.750000        0.618062
FIRE:   64 03:05:19  -423607.781250        0.526686
FIRE:   65 03:05:19  -423607.750000        0.482200
FIRE:   66 03:05:19  -423607.750000        0.585782
FIRE:   67 03:05:19  -423607.812500        0.689466
FIRE:   68 03:05:19  -423607.781250        0.738128
FIRE:   69 03:05:19  -423607.812500        0.711922
FIRE:   70 03:05:19  -423607.843750        0.618228
FIRE:   71 03:05:19  -423607.875000        0.502115
FIRE:   72 03:05:19  -423607.843750        0.480988
FIRE:   73 03:05:19  -423607.906250        0.622702
FIRE:   74 03:05:19  -423608.031250        0.784515
FIRE:   75 03:05:20  -423608.125000        0.813948
FIRE:   76 03:05:20  -423608.218750        0.675145
FIRE:   77 03:05:20  -423608.250000        1.874046
FIRE:   78 03:05:20  -423608.062500        7.573555
FIRE:   79 03:05:20  -423608.375000        2.140446
FIRE:   80 03:05:20  -423608.406250        1.398168
FIRE:   81 03:05:20  -423608.375000        0.568019
FIRE:   82 03:05:20  -423608.406250        0.911560
FIRE:   83 03:05:20  -423608.406250        0.830886
FIRE:   84 03:05:20  -423608.437500        0.676970
FIRE:   85 03:05:20  -423608.375000        0.536563
FIRE:   86 03:05:20  -423608.406250        0.530043
FIRE:   87 03:05:20  -423608.437500        0.522565
FIRE:   88 03:05:20  -423608.437500        0.514584
FIRE:   89 03:05:21  -423608.437500        0.548718
FIRE:   90 03:05:21  -423608.468750        0.644674
FIRE:   91 03:05:21  -423608.468750        0.634627
FIRE:   92 03:05:21  -423608.406250        0.500585
FIRE:   93 03:05:21  -423608.406250        0.480313
FIRE:   94 03:05:21  -423608.437500        0.477529
FIRE:   95 03:05:21  -423608.468750        0.477260
FIRE:   96 03:05:21  -423608.468750        0.479857
FIRE:   97 03:05:21  -423608.437500        0.485301
FIRE:   98 03:05:21  -423608.437500        0.492380
FIRE:   99 03:05:21  -423608.531250        0.516791
FIRE:  100 03:05:21  -423608.531250        0.498127
FIRE:  101 03:05:21  -423608.531250        0.487015
FIRE:  102 03:05:21  -423608.500000        0.454003
FIRE:  103 03:05:21  -423608.531250        0.485884
FIRE:  104 03:05:22  -423608.593750        0.338876
FIRE:  105 03:05:22  -423608.625000        0.431006
FIRE:  106 03:05:22  -423608.656250        0.715934
FIRE:  107 03:05:22  -423608.750000        0.730872
FIRE:  108 03:05:22  -423608.718750        1.480165
FIRE:  109 03:05:22  -423608.750000        3.002830
FIRE:  110 03:05:22  -423608.781250        0.294042
FIRE:  111 03:05:22  -423608.718750        3.091028
FIRE:  112 03:05:22  -423608.781250        2.281414
FIRE:  113 03:05:22  -423608.812500        0.931597
FIRE:  114 03:05:22  -423608.781250        0.615021
FIRE:  115 03:05:22  -423608.812500        0.586485
FIRE:  116 03:05:22  -423608.781250        0.531425
FIRE:  117 03:05:22  -423608.781250        0.453770
FIRE:  118 03:05:23  -423608.781250        0.360868
FIRE:  119 03:05:23  -423608.781250        0.265022
FIRE:  120 03:05:23  -423608.843750        0.189661
FIRE:  121 03:05:23  -423608.843750        0.239000
FIRE:  122 03:05:23  -423608.843750        0.347904
FIRE:  123 03:05:23  -423608.781250        0.418243
FIRE:  124 03:05:23  -423608.781250        0.430499
FIRE:  125 03:05:23  -423608.781250        0.371086
FIRE:  126 03:05:23  -423608.875000        0.239254
FIRE:  127 03:05:23  -423608.812500        0.183073
FIRE:  128 03:05:23  -423608.812500        0.259722
FIRE:  129 03:05:23  -423608.812500        0.303396
FIRE:  130 03:05:23  -423608.781250        0.258060
FIRE:  131 03:05:23  -423608.781250        0.169620
FIRE:  132 03:05:24  -423608.781250        0.275237
FIRE:  133 03:05:24  -423608.781250        0.253645
FIRE:  134 03:05:24  -423608.812500        0.189417
FIRE:  135 03:05:24  -423608.812500        0.262960
FIRE:  136 03:05:24  -423608.812500        0.155308
FIRE:  137 03:05:24  -423608.812500        0.254151
FIRE:  138 03:05:24  -423608.875000        0.204443
FIRE:  139 03:05:25  -423608.875000        0.150700
FIRE:  140 03:05:25  -423608.906250        0.219783
FIRE:  141 03:05:26  -423608.937500        0.496891
FIRE:  142 03:05:26  -423608.937500        1.213869
FIRE:  143 03:05:26  -423608.937500        2.839038
FIRE:  144 03:05:26  -423608.937500        0.162586
FIRE:  145 03:05:26  -423608.937500        2.804776
FIRE:  146 03:05:26  -423608.968750        2.026481
FIRE:  147 03:05:26  -423608.937500        0.732504
FIRE:  148 03:05:26  -423608.968750        0.697706
FIRE:  149 03:05:26  -423608.968750        0.653591
FIRE:  150 03:05:26  -423608.968750        0.567996
FIRE:  151 03:05:26  -423608.968750        0.446589
FIRE:  152 03:05:26  -423608.937500        0.297885
FIRE:  153 03:05:26  -423609.000000        0.186641
FIRE:  154 03:05:26  -423608.968750        0.146602
FIRE:  155 03:05:27  -423608.968750        0.204502
FIRE:  156 03:05:27  -423608.968750        0.318939
FIRE:  157 03:05:27  -423608.968750        0.388012
FIRE:  158 03:05:27  -423608.968750        0.393953
FIRE:  159 03:05:27  -423608.968750        0.324985
FIRE:  160 03:05:27  -423608.968750        0.194919
FIRE:  161 03:05:27  -423608.937500        0.146421
FIRE:  162 03:05:27  -423608.937500        0.229859
FIRE:  163 03:05:27  -423609.000000        0.310002
FIRE:  164 03:05:27  -423608.968750        0.235062
FIRE:  165 03:05:27  -423609.000000        0.146232
FIRE:  166 03:05:27  -423608.968750        0.238001
FIRE:  167 03:05:27  -423608.968750        0.238760
FIRE:  168 03:05:27  -423608.968750        0.155135
FIRE:  169 03:05:28  -423608.968750        0.251993
FIRE:  170 03:05:28  -423609.000000        0.154753
FIRE:  171 03:05:28  -423609.000000        0.266205
FIRE:  172 03:05:28  -423609.000000        0.167884
FIRE:  173 03:05:28  -423609.031250        0.190915
FIRE:  174 03:05:28  -423609.000000        0.370232
FIRE:  175 03:05:28  -423609.031250        0.597227
FIRE:  176 03:05:28  -423609.031250        1.097387
FIRE:  177 03:05:28  -423609.031250        0.171876
FIRE:  178 03:05:28  -423609.031250        0.885433
FIRE:  179 03:05:28  -423609.031250        0.695441
FIRE:  180 03:05:28  -423609.031250        0.356251
FIRE:  181 03:05:28  -423609.031250        0.163577
FIRE:  182 03:05:28  -423609.000000        0.431571
FIRE:  183 03:05:29  -423609.000000        0.408259
FIRE:  184 03:05:29  -423609.062500        0.363485
FIRE:  185 03:05:29  -423609.031250        0.300035
FIRE:  186 03:05:29  -423609.031250        0.222872
FIRE:  187 03:05:29  -423609.031250        0.177753
FIRE:  188 03:05:29  -423609.031250        0.158891
FIRE:  189 03:05:29  -423609.062500        0.166056
FIRE:  190 03:05:29  -423609.031250        0.190455
FIRE:  191 03:05:29  -423609.000000        0.215902
FIRE:  192 03:05:29  -423609.031250        0.230885
FIRE:  193 03:05:29  -423609.093750        0.220648
FIRE:  194 03:05:29  -423609.031250        0.192541
FIRE:  195 03:05:29  -423609.062500        0.162974
FIRE:  196 03:05:29  -423609.062500        0.168730
FIRE:  197 03:05:30  -423609.062500        0.198526
FIRE:  198 03:05:30  -423609.062500        0.201554
FIRE:  199 03:05:30  -423609.062500        0.168145
FIRE:  200 03:05:30  -423609.031250        0.167298
FIRE:  201 03:05:30  -423609.062500        0.191575
FIRE:  202 03:05:30  -423609.062500        0.163199
FIRE:  203 03:05:30  -423609.062500        0.178368
FIRE:  204 03:05:30  -423609.062500        0.177977
FIRE:  205 03:05:30  -423609.093750        0.175862
FIRE:  206 03:05:30  -423609.093750        0.165099
FIRE:  207 03:05:30  -423609.093750        0.202210
FIRE:  208 03:05:30  -423609.000000        0.189245
FIRE:  209 03:05:30  -423609.093750        0.173956
FIRE:  210 03:05:30  -423609.093750        0.249455
FIRE:  211 03:05:30  -423609.125000        0.691872
FIRE:  212 03:05:30  -423609.125000        2.022759
FIRE:  213 03:05:31  -423609.093750        0.174666
FIRE:  214 03:05:31  -423609.125000        0.140571
FIRE:  215 03:05:31  -423609.093750        0.123777
FIRE:  216 03:05:31  -423609.125000        0.129456
FIRE:  217 03:05:31  -423609.093750        0.143340
FIRE:  218 03:05:31  -423609.156250        0.145672
FIRE:  219 03:05:31  -423609.125000        0.133455
FIRE:  220 03:05:31  -423609.125000        0.122510
FIRE:  221 03:05:31  -423609.093750        0.129306
FIRE:  222 03:05:31  -423609.093750        0.138168
FIRE:  223 03:05:31  -423609.125000        0.126488
FIRE:  224 03:05:31  -423609.125000        0.122460
FIRE:  225 03:05:31  -423609.125000        0.132687
FIRE:  226 03:05:31  -423609.125000        0.118408
FIRE:  227 03:05:31  -423609.156250        0.127589
FIRE:  228 03:05:31  -423609.156250        0.119293
FIRE:  229 03:05:31  -423609.156250        0.127966
FIRE:  230 03:05:31  -423609.156250        0.137887
FIRE:  231 03:05:32  -423609.125000        0.140685
FIRE:  232 03:05:32  -423609.125000        0.175818
FIRE:  233 03:05:32  -423609.156250        0.418757
FIRE:  234 03:05:32  -423609.156250        1.193743
FIRE:  235 03:05:32  -423609.156250        0.117741
FIRE:  236 03:05:32  -423609.156250        1.044548
FIRE:  237 03:05:32  -423609.156250        0.792574
FIRE:  238 03:05:32  -423609.156250        0.348668
FIRE:  239 03:05:32  -423609.156250        0.209505
FIRE:  240 03:05:32  -423609.156250        0.198231
FIRE:  241 03:05:32  -423609.156250        0.176831
FIRE:  242 03:05:32  -423609.156250        0.147549
FIRE:  243 03:05:32  -423609.156250        0.130654
FIRE:  244 03:05:32  -423609.156250        0.119673
FIRE:  245 03:05:32  -423609.156250        0.116814
FIRE:  246 03:05:32  -423609.156250        0.121416
FIRE:  247 03:05:32  -423609.156250        0.129993
FIRE:  248 03:05:33  -423609.156250        0.137287
FIRE:  249 03:05:33  -423609.156250        0.138347
FIRE:  250 03:05:33  -423609.156250        0.131354
FIRE:  251 03:05:33  -423609.156250        0.120611
FIRE:  252 03:05:33  -423609.156250        0.117510
FIRE:  253 03:05:33  -423609.156250        0.126283
FIRE:  254 03:05:33  -423609.156250        0.132143
FIRE:  255 03:05:33  -423609.156250        0.123820
FIRE:  256 03:05:33  -423609.156250        0.117816
FIRE:  257 03:05:33  -423609.156250        0.127306
FIRE:  258 03:05:33  -423609.156250        0.123001
FIRE:  259 03:05:33  -423609.156250        0.120724
FIRE:  260 03:05:33  -423609.156250        0.127452
FIRE:  261 03:05:33  -423609.156250        0.120313
FIRE:  262 03:05:33  -423609.187500        0.125312
FIRE:  263 03:05:33  -423609.187500        0.132174
FIRE:  264 03:05:33  -423609.187500        0.124892
FIRE:  265 03:05:33  -423609.187500        0.125013
FIRE:  266 03:05:34  -423609.187500        0.129357
FIRE:  267 03:05:34  -423609.187500        0.140755
FIRE:  268 03:05:34  -423609.250000        0.377467
FIRE:  269 03:05:34  -423609.218750        1.501920
FIRE:  270 03:05:34  -423609.250000        0.343793
FIRE:  271 03:05:34  -423609.250000        0.247985
FIRE:  272 03:05:34  -423609.250000        0.132967
FIRE:  273 03:05:34  -423609.250000        0.157052
FIRE:  274 03:05:34  -423609.250000        0.256368
FIRE:  275 03:05:34  -423609.250000        0.261098
FIRE:  276 03:05:34  -423609.250000        0.175516
FIRE:  277 03:05:34  -423609.250000        0.127452
FIRE:  278 03:05:34  -423609.250000        0.176840
FIRE:  279 03:05:34  -423609.250000        0.216622
FIRE:  280 03:05:34  -423609.250000        0.145802
FIRE:  281 03:05:34  -423609.250000        0.146615
FIRE:  282 03:05:34  -423609.250000        0.191450
FIRE:  283 03:05:35  -423609.281250        0.126980
FIRE:  284 03:05:35  -423609.281250        0.195993
FIRE:  285 03:05:35  -423609.281250        0.125779
FIRE:  286 03:05:35  -423609.281250        0.157854
FIRE:  287 03:05:35  -423609.281250        0.218060
FIRE:  288 03:05:35  -423609.281250        0.225126
FIRE:  289 03:05:35  -423609.250000        0.292962
FIRE:  290 03:05:35  -423609.312500        0.700142
FIRE:  291 03:05:35  -423609.250000        1.942940
FIRE:  292 03:05:35  -423609.281250        0.324493
FIRE:  293 03:05:35  -423609.281250        0.241833
FIRE:  294 03:05:35  -423609.281250        0.125070
FIRE:  295 03:05:35  -423609.281250        0.138872
FIRE:  296 03:05:35  -423609.281250        0.197509
FIRE:  297 03:05:35  -423609.281250        0.216276
FIRE:  298 03:05:35  -423609.281250        0.183551
FIRE:  299 03:05:35  -423609.281250        0.130035
FIRE:  300 03:05:36  -423609.281250        0.133263
FIRE:  301 03:05:36  -423609.281250        0.205305
FIRE:  302 03:05:36  -423609.281250        0.157224
FIRE:  303 03:05:36  -423609.312500        0.126096
FIRE:  304 03:05:36  -423609.281250        0.174007
FIRE:  305 03:05:36  -423609.250000        0.127747
FIRE:  306 03:05:36  -423609.281250        0.171288
FIRE:  307 03:05:36  -423609.312500        0.114280
FIRE:  308 03:05:36  -423609.250000        0.188867
FIRE:  309 03:05:36  -423609.312500        0.128170
FIRE:  310 03:05:36  -423609.312500        0.106740
FIRE:  311 03:05:36  -423609.343750        0.153546
FIRE:  312 03:05:36  -423609.343750        0.445466
FIRE:  313 03:05:36  -423609.312500        1.180862
FIRE:  314 03:05:36  -423609.343750        0.107780
FIRE:  315 03:05:37  -423609.312500        0.106933
FIRE:  316 03:05:37  -423609.343750        0.106780
FIRE:  317 03:05:37  -423609.312500        0.108609
FIRE:  318 03:05:37  -423609.343750        0.111500
FIRE:  319 03:05:37  -423609.312500        0.113035
FIRE:  320 03:05:37  -423609.343750        0.111884
FIRE:  321 03:05:37  -423609.312500        0.109146
FIRE:  322 03:05:37  -423609.343750        0.106840
FIRE:  323 03:05:37  -423609.312500        0.106162
FIRE:  324 03:05:37  -423609.343750        0.106121
FIRE:  325 03:05:37  -423609.343750        0.107667
FIRE:  326 03:05:37  -423609.375000        0.110389
FIRE:  327 03:05:37  -423609.375000        0.108063
FIRE:  328 03:05:37  -423609.343750        0.105138
FIRE:  329 03:05:37  -423609.343750        0.105236
FIRE:  330 03:05:37  -423609.343750        0.109594
FIRE:  331 03:05:37  -423609.343750        0.103860
FIRE:  332 03:05:38  -423609.343750        0.103920
FIRE:  333 03:05:38  -423609.343750        0.104342
FIRE:  334 03:05:38  -423609.343750        0.101173
FIRE:  335 03:05:38  -423609.375000        0.186651
FIRE:  336 03:05:38  -423609.375000        0.890933
FIRE:  337 03:05:38  -423609.343750        3.560825
FIRE:  338 03:05:38  -423609.375000        1.389399
FIRE:  339 03:05:38  -423609.375000        0.945067
FIRE:  340 03:05:38  -423609.375000        0.191299
FIRE:  341 03:05:38  -423609.406250        0.633742
FIRE:  342 03:05:38  -423609.375000        0.579518
FIRE:  343 03:05:38  -423609.406250        0.475900
FIRE:  344 03:05:38  -423609.406250        0.332979
FIRE:  345 03:05:38  -423609.343750        0.166107
FIRE:  346 03:05:38  -423609.375000        0.100947
FIRE:  347 03:05:38  -423609.375000        0.188508
FIRE:  348 03:05:39  -423609.375000        0.185182
FIRE:  349 03:05:39  -423609.375000        0.178485
FIRE:  350 03:05:39  -423609.375000        0.168665
FIRE:  351 03:05:39  -423609.375000        0.156068
FIRE:  352 03:05:39  -423609.375000        0.141018
FIRE:  353 03:05:39  -423609.375000        0.124211
FIRE:  354 03:05:39  -423609.375000        0.114574
FIRE:  355 03:05:39  -423609.375000        0.107312
FIRE:  356 03:05:39  -423609.375000        0.102311
FIRE:  357 03:05:39  -423609.375000        0.101245
FIRE:  358 03:05:39  -423609.375000        0.104859
FIRE:  359 03:05:39  -423609.375000        0.111914
FIRE:  360 03:05:39  -423609.375000        0.119567
FIRE:  361 03:05:39  -423609.375000        0.124347
FIRE:  362 03:05:39  -423609.375000        0.123678
FIRE:  363 03:05:40  -423609.375000        0.117008
FIRE:  364 03:05:40  -423609.375000        0.107601
FIRE:  365 03:05:40  -423609.406250        0.102534
FIRE:  366 03:05:40  -423609.406250        0.105007
FIRE:  367 03:05:40  -423609.375000        0.107787
FIRE:  368 03:05:40  -423609.375000        0.104958
FIRE:  369 03:05:40  -423609.375000        0.105766
FIRE:  370 03:05:40  -423609.375000        0.116098
FIRE:  371 03:05:40  -423609.375000        0.115788
FIRE:  372 03:05:40  -423609.375000        0.106193
FIRE:  373 03:05:40  -423609.406250        0.110177
FIRE:  374 03:05:40  -423609.406250        0.107138
FIRE:  375 03:05:40  -423609.406250        0.120731
FIRE:  376 03:05:40  -423609.437500        0.107714
FIRE:  377 03:05:41  -423609.406250        0.108847
FIRE:  378 03:05:41  -423609.437500        0.125882
FIRE:  379 03:05:41  -423609.406250        0.141716
FIRE:  380 03:05:41  -423609.406250        0.229796
FIRE:  381 03:05:41  -423609.437500        0.632196
FIRE:  382 03:05:41  -423609.406250        1.711874
FIRE:  383 03:05:41  -423609.468750        0.225809
FIRE:  384 03:05:41  -423609.437500        0.177351
FIRE:  385 03:05:41  -423609.437500        0.106102
FIRE:  386 03:05:41  -423609.468750        0.095713
