      Step     Time          Energy          fmax
FIRE:    0 09:30:41  -196333.734375        4.895277
FIRE:    1 09:30:42  -196335.640625        3.359628
FIRE:    2 09:30:44  -196335.921875        2.134189
FIRE:    3 09:30:44  -196336.265625        1.782378
FIRE:    4 09:30:44  -196336.453125        2.197671
FIRE:    5 09:30:44  -196336.750000        2.052224
FIRE:    6 09:30:44  -196337.109375        1.318941
FIRE:    7 09:30:44  -196337.437500        1.093500
FIRE:    8 09:30:44  -196337.656250        1.647023
FIRE:    9 09:30:44  -196338.109375        1.329560
FIRE:   10 09:30:44  -196338.359375        0.894869
FIRE:   11 09:30:46  -196338.703125        1.436368
FIRE:   12 09:30:46  -196339.093750        0.751087
FIRE:   13 09:30:46  -196339.390625        1.256998
FIRE:   14 09:30:46  -196339.765625        0.705628
FIRE:   15 09:30:46  -196340.000000        1.105465
FIRE:   16 09:30:47  -196340.218750        0.712462
FIRE:   17 09:30:47  -196340.500000        1.091530
FIRE:   18 09:30:47  -196340.671875        0.812848
FIRE:   19 09:30:47  -196340.890625        0.815053
FIRE:   20 09:30:47  -196341.046875        1.077141
FIRE:   21 09:30:48  -196341.140625        0.406425
FIRE:   22 09:30:48  -196341.125000        0.989826
FIRE:   23 09:30:48  -196341.140625        0.746509
FIRE:   24 09:30:48  -196341.187500        0.390999
FIRE:   25 09:30:48  -196341.218750        0.385321
FIRE:   26 09:30:48  -196341.187500        0.591202
FIRE:   27 09:30:48  -196341.187500        0.549697
FIRE:   28 09:30:48  -196341.203125        0.474224
FIRE:   29 09:30:48  -196341.218750        0.386004
FIRE:   30 09:30:48  -196341.218750        0.378333
FIRE:   31 09:30:48  -196341.203125        0.377759
FIRE:   32 09:30:48  -196341.234375        0.376915
FIRE:   33 09:30:48  -196341.218750        0.375749
FIRE:   34 09:30:48  -196341.265625        0.374076
FIRE:   35 09:30:48  -196341.265625        0.371797
FIRE:   36 09:30:48  -196341.296875        0.368813
FIRE:   37 09:30:48  -196341.312500        0.365015
FIRE:   38 09:30:48  -196341.312500        0.360322
FIRE:   39 09:30:48  -196341.281250        0.355133
FIRE:   40 09:30:48  -196341.343750        0.349490
FIRE:   41 09:30:49  -196341.359375        0.343662
FIRE:   42 09:30:49  -196341.390625        0.337786
FIRE:   43 09:30:49  -196341.421875        0.331494
FIRE:   44 09:30:49  -196341.468750        0.323783
FIRE:   45 09:30:49  -196341.515625        0.313766
FIRE:   46 09:30:49  -196341.593750        0.301143
FIRE:   47 09:30:49  -196341.671875        0.288946
FIRE:   48 09:30:49  -196341.765625        0.275434
FIRE:   49 09:30:49  -196341.843750        0.256877
FIRE:   50 09:30:49  -196341.921875        0.259531
FIRE:   51 09:30:49  -196342.000000        0.267193
FIRE:   52 09:30:49  -196342.171875        0.388176
FIRE:   53 09:30:49  -196342.296875        0.826565
FIRE:   54 09:30:49  -196342.421875        2.253616
FIRE:   55 09:30:49  -196342.531250        0.179971
FIRE:   56 09:30:49  -196342.531250        1.782108
FIRE:   57 09:30:49  -196342.546875        1.403706
FIRE:   58 09:30:49  -196342.578125        0.704731
FIRE:   59 09:30:50  -196342.546875        0.209384
FIRE:   60 09:30:50  -196342.546875        0.199205
FIRE:   61 09:30:50  -196342.546875        0.183111
FIRE:   62 09:30:50  -196342.546875        0.183210
FIRE:   63 09:30:50  -196342.562500        0.183346
FIRE:   64 09:30:50  -196342.578125        0.183526
FIRE:   65 09:30:50  -196342.546875        0.183753
FIRE:   66 09:30:50  -196342.593750        0.184032
FIRE:   67 09:30:50  -196342.562500        0.184404
FIRE:   68 09:30:50  -196342.593750        0.184898
FIRE:   69 09:30:50  -196342.531250        0.185553
FIRE:   70 09:30:50  -196342.562500        0.186408
FIRE:   71 09:30:50  -196342.578125        0.187507
FIRE:   72 09:30:50  -196342.609375        0.188898
FIRE:   73 09:30:50  -196342.515625        0.190647
FIRE:   74 09:30:50  -196342.609375        0.192815
FIRE:   75 09:30:50  -196342.609375        0.195500
FIRE:   76 09:30:51  -196342.562500        0.198872
FIRE:   77 09:30:51  -196342.562500        0.204835
FIRE:   78 09:30:51  -196342.593750        0.212176
FIRE:   79 09:30:51  -196342.609375        0.220351
FIRE:   80 09:30:51  -196342.687500        0.230009
FIRE:   81 09:30:51  -196342.671875        0.241573
FIRE:   82 09:30:51  -196342.718750        0.256683
FIRE:   83 09:30:51  -196342.828125        0.279303
FIRE:   84 09:30:51  -196342.859375        0.321143
FIRE:   85 09:30:51  -196342.937500        0.358607
FIRE:   86 09:30:51  -196343.125000        0.386125
FIRE:   87 09:30:51  -196343.250000        0.435846
FIRE:   88 09:30:51  -196343.375000        1.358052
FIRE:   89 09:30:51  -196343.296875        3.635918
FIRE:   90 09:30:51  -196343.515625        0.609502
FIRE:   91 09:30:51  -196343.546875        0.427103
FIRE:   92 09:30:51  -196343.531250        0.240796
FIRE:   93 09:30:52  -196343.546875        0.241071
FIRE:   94 09:30:52  -196343.546875        0.461298
FIRE:   95 09:30:52  -196343.531250        0.491119
FIRE:   96 09:30:52  -196343.546875        0.323655
FIRE:   97 09:30:52  -196343.546875        0.243734
FIRE:   98 09:30:52  -196343.578125        0.254656
FIRE:   99 09:30:52  -196343.593750        0.346829
FIRE:  100 09:30:52  -196343.593750        0.247389
FIRE:  101 09:30:52  -196343.515625        0.248792
FIRE:  102 09:30:52  -196343.546875        0.340085
FIRE:  103 09:30:52  -196343.625000        0.252242
FIRE:  104 09:30:52  -196343.609375        0.294052
FIRE:  105 09:30:52  -196343.718750        0.256762
FIRE:  106 09:30:52  -196343.734375        0.260294
FIRE:  107 09:30:52  -196343.781250        0.380767
FIRE:  108 09:30:52  -196343.859375        0.508745
FIRE:  109 09:30:52  -196343.859375        0.768300
FIRE:  110 09:30:53  -196343.953125        1.906271
FIRE:  111 09:30:53  -196343.968750        4.448780
FIRE:  112 09:30:53  -196344.078125        0.467024
FIRE:  113 09:30:53  -196343.953125        5.324613
FIRE:  114 09:30:53  -196344.062500        3.528013
FIRE:  115 09:30:53  -196344.125000        0.873533
FIRE:  116 09:30:53  -196344.125000        1.592193
FIRE:  117 09:30:53  -196344.093750        1.494246
FIRE:  118 09:30:53  -196344.109375        1.302584
FIRE:  119 09:30:53  -196344.125000        1.025796
FIRE:  120 09:30:53  -196344.109375        0.677808
FIRE:  121 09:30:53  -196344.109375        0.328638
FIRE:  122 09:30:53  -196344.140625        0.301650
FIRE:  123 09:30:53  -196344.125000        0.498010
FIRE:  124 09:30:53  -196344.125000        0.490075
FIRE:  125 09:30:53  -196344.093750        0.474328
FIRE:  126 09:30:54  -196344.093750        0.451166
FIRE:  127 09:30:54  -196344.093750        0.421185
FIRE:  128 09:30:54  -196344.125000        0.384802
FIRE:  129 09:30:54  -196344.093750        0.342925
FIRE:  130 09:30:54  -196344.093750        0.302138
FIRE:  131 09:30:54  -196344.093750        0.302193
FIRE:  132 09:30:54  -196344.109375        0.302267
FIRE:  133 09:30:54  -196344.093750        0.302359
FIRE:  134 09:30:54  -196344.109375        0.302479
FIRE:  135 09:30:54  -196344.125000        0.302628
FIRE:  136 09:30:54  -196344.140625        0.302816
FIRE:  137 09:30:54  -196344.125000        0.303053
FIRE:  138 09:30:54  -196344.093750        0.303342
FIRE:  139 09:30:54  -196344.140625        0.303701
FIRE:  140 09:30:54  -196344.125000        0.304137
FIRE:  141 09:30:54  -196344.156250        0.304663
FIRE:  142 09:30:54  -196344.140625        0.305292
FIRE:  143 09:30:55  -196344.156250        0.306039
FIRE:  144 09:30:55  -196344.125000        0.306909
FIRE:  145 09:30:55  -196344.156250        0.307918
FIRE:  146 09:30:55  -196344.171875        0.308839
FIRE:  147 09:30:55  -196344.187500        0.308823
FIRE:  148 09:30:55  -196344.203125        0.308831
FIRE:  149 09:30:55  -196344.203125        0.308074
FIRE:  150 09:30:55  -196344.218750        0.305682
FIRE:  151 09:30:55  -196344.265625        0.302482
FIRE:  152 09:30:55  -196344.296875        0.297491
FIRE:  153 09:30:55  -196344.296875        0.290475
FIRE:  154 09:30:55  -196344.375000        0.279341
FIRE:  155 09:30:55  -196344.359375        0.256195
FIRE:  156 09:30:55  -196344.437500        0.277284
FIRE:  157 09:30:55  -196344.500000        0.505593
FIRE:  158 09:30:55  -196344.531250        1.468477
FIRE:  159 09:30:55  -196344.531250        3.645987
FIRE:  160 09:30:56  -196344.609375        0.334609
FIRE:  161 09:30:56  -196344.562500        4.116027
FIRE:  162 09:30:56  -196344.609375        2.818121
FIRE:  163 09:30:56  -196344.625000        0.820065
FIRE:  164 09:30:56  -196344.640625        1.141421
FIRE:  165 09:30:56  -196344.625000        1.070654
FIRE:  166 09:30:56  -196344.625000        0.932559
FIRE:  167 09:30:56  -196344.625000        0.734086
FIRE:  168 09:30:56  -196344.625000        0.486602
FIRE:  169 09:30:56  -196344.640625        0.238842
FIRE:  170 09:30:56  -196344.640625        0.199480
FIRE:  171 09:30:56  -196344.656250        0.337320
FIRE:  172 09:30:56  -196344.640625        0.544438
FIRE:  173 09:30:56  -196344.656250        0.668872
FIRE:  174 09:30:56  -196344.625000        0.678867
FIRE:  175 09:30:56  -196344.656250        0.552417
FIRE:  176 09:30:56  -196344.656250        0.290447
FIRE:  177 09:30:57  -196344.640625        0.196398
FIRE:  178 09:30:57  -196344.656250        0.374184
FIRE:  179 09:30:57  -196344.671875        0.499193
FIRE:  180 09:30:57  -196344.671875        0.355621
FIRE:  181 09:30:57  -196344.687500        0.193518
FIRE:  182 09:30:57  -196344.703125        0.419092
FIRE:  183 09:30:57  -196344.703125        0.384144
FIRE:  184 09:30:57  -196344.718750        0.189596
FIRE:  185 09:30:57  -196344.718750        0.394207
FIRE:  186 09:30:57  -196344.843750        0.183314
FIRE:  187 09:30:57  -196344.828125        0.432499
FIRE:  188 09:30:57  -196344.875000        0.233180
FIRE:  189 09:30:57  -196344.937500        0.173580
FIRE:  190 09:30:57  -196344.968750        0.493964
FIRE:  191 09:30:57  -196344.937500        1.002081
FIRE:  192 09:30:57  -196345.062500        2.172231
FIRE:  193 09:30:57  -196345.031250        0.113744
FIRE:  194 09:30:58  -196345.046875        1.667288
FIRE:  195 09:30:58  -196345.078125        1.328569
FIRE:  196 09:30:58  -196345.093750        0.700357
FIRE:  197 09:30:58  -196345.046875        0.110855
FIRE:  198 09:30:58  -196345.093750        0.827450
FIRE:  199 09:30:58  -196345.046875        0.780062
FIRE:  200 09:30:58  -196345.093750        0.688479
FIRE:  201 09:30:58  -196345.093750        0.559062
FIRE:  202 09:30:58  -196345.093750        0.400696
FIRE:  203 09:30:58  -196345.093750        0.225800
FIRE:  204 09:30:58  -196345.062500        0.107407
FIRE:  205 09:30:58  -196345.093750        0.135126
FIRE:  206 09:30:58  -196345.093750        0.260154
FIRE:  207 09:30:58  -196345.046875        0.361735
FIRE:  208 09:30:58  -196345.062500        0.404848
FIRE:  209 09:30:58  -196345.078125        0.373504
FIRE:  210 09:30:58  -196345.046875        0.258298
FIRE:  211 09:30:59  -196345.046875        0.107744
FIRE:  212 09:30:59  -196345.109375        0.161749
FIRE:  213 09:30:59  -196345.062500        0.318507
FIRE:  214 09:30:59  -196345.109375        0.320866
FIRE:  215 09:30:59  -196345.078125        0.137036
FIRE:  216 09:30:59  -196345.062500        0.151020
FIRE:  217 09:30:59  -196345.140625        0.277887
FIRE:  218 09:30:59  -196345.125000        0.117625
FIRE:  219 09:30:59  -196345.125000        0.235345
FIRE:  220 09:30:59  -196345.078125        0.211118
FIRE:  221 09:30:59  -196345.093750        0.207749
FIRE:  222 09:30:59  -196345.125000        0.123443
FIRE:  223 09:30:59  -196345.125000        0.349959
FIRE:  224 09:30:59  -196345.296875        0.297908
FIRE:  225 09:30:59  -196345.296875        0.277250
FIRE:  226 09:30:59  -196345.265625        0.437338
FIRE:  227 09:30:59  -196345.421875        1.280992
FIRE:  228 09:31:00  -196345.328125        3.444919
FIRE:  229 09:31:00  -196345.390625        0.203407
FIRE:  230 09:31:00  -196345.312500        3.907243
FIRE:  231 09:31:00  -196345.359375        2.605598
FIRE:  232 09:31:00  -196345.421875        0.624268
FIRE:  233 09:31:00  -196345.406250        1.278034
FIRE:  234 09:31:00  -196345.375000        1.195059
FIRE:  235 09:31:00  -196345.390625        1.033399
FIRE:  236 09:31:00  -196345.421875        0.801005
FIRE:  237 09:31:00  -196345.421875        0.511448
FIRE:  238 09:31:00  -196345.421875        0.204194
FIRE:  239 09:31:00  -196345.390625        0.152536
FIRE:  240 09:31:00  -196345.468750        0.433360
FIRE:  241 09:31:00  -196345.406250        0.425886
FIRE:  242 09:31:00  -196345.390625        0.411275
FIRE:  243 09:31:00  -196345.421875        0.389654
FIRE:  244 09:31:00  -196345.406250        0.361539
FIRE:  245 09:31:01  -196345.421875        0.327638
FIRE:  246 09:31:01  -196345.406250        0.288733
FIRE:  247 09:31:01  -196345.437500        0.245795
FIRE:  248 09:31:01  -196345.421875        0.195053
FIRE:  249 09:31:01  -196345.421875        0.137077
FIRE:  250 09:31:01  -196345.421875        0.122638
FIRE:  251 09:31:01  -196345.421875        0.122640
FIRE:  252 09:31:01  -196345.406250        0.122645
FIRE:  253 09:31:01  -196345.390625        0.140438
FIRE:  254 09:31:01  -196345.437500        0.172114
FIRE:  255 09:31:01  -196345.468750        0.185517
FIRE:  256 09:31:01  -196345.406250        0.171277
FIRE:  257 09:31:01  -196345.421875        0.127064
FIRE:  258 09:31:01  -196345.437500        0.122637
FIRE:  259 09:31:01  -196345.453125        0.122573
FIRE:  260 09:31:01  -196345.437500        0.140416
FIRE:  261 09:31:01  -196345.421875        0.160081
FIRE:  262 09:31:02  -196345.406250        0.121830
FIRE:  263 09:31:02  -196345.421875        0.121273
FIRE:  264 09:31:02  -196345.437500        0.123500
FIRE:  265 09:31:02  -196345.468750        0.121467
FIRE:  266 09:31:02  -196345.421875        0.121874
FIRE:  267 09:31:02  -196345.484375        0.139606
FIRE:  268 09:31:02  -196345.484375        0.123814
FIRE:  269 09:31:02  -196345.468750        0.426216
FIRE:  270 09:31:02  -196345.578125        0.144267
FIRE:  271 09:31:02  -196345.500000        0.158426
FIRE:  272 09:31:02  -196345.546875        0.163175
FIRE:  273 09:31:02  -196345.687500        0.196475
FIRE:  274 09:31:02  -196345.750000        0.327287
FIRE:  275 09:31:02  -196345.812500        0.939679
FIRE:  276 09:31:02  -196345.796875        2.653960
FIRE:  277 09:31:02  -196345.828125        0.142900
FIRE:  278 09:31:02  -196345.796875        2.837750
FIRE:  279 09:31:03  -196345.859375        1.951777
FIRE:  280 09:31:03  -196345.859375        0.551608
FIRE:  281 09:31:03  -196345.859375        0.860867
FIRE:  282 09:31:03  -196345.843750        0.804853
FIRE:  283 09:31:03  -196345.843750        0.695835
FIRE:  284 09:31:03  -196345.859375        0.540147
FIRE:  285 09:31:03  -196345.859375        0.347961
FIRE:  286 09:31:03  -196345.875000        0.144000
FIRE:  287 09:31:03  -196345.859375        0.140608
FIRE:  288 09:31:03  -196345.859375        0.270801
FIRE:  289 09:31:03  -196345.875000        0.415746
FIRE:  290 09:31:03  -196345.859375        0.494809
FIRE:  291 09:31:03  -196345.828125        0.484944
FIRE:  292 09:31:03  -196345.875000        0.371792
FIRE:  293 09:31:03  -196345.875000        0.161280
FIRE:  294 09:31:03  -196345.875000        0.139712
FIRE:  295 09:31:03  -196345.875000        0.319238
FIRE:  296 09:31:03  -196345.875000        0.372909
FIRE:  297 09:31:04  -196345.890625        0.217303
FIRE:  298 09:31:04  -196345.875000        0.136765
FIRE:  299 09:31:04  -196345.859375        0.333663
FIRE:  300 09:31:04  -196345.890625        0.257400
FIRE:  301 09:31:04  -196345.906250        0.166512
FIRE:  302 09:31:04  -196345.890625        0.278840
FIRE:  303 09:31:04  -196345.937500        0.150645
FIRE:  304 09:31:04  -196345.953125        0.248875
FIRE:  305 09:31:04  -196345.968750        0.300110
FIRE:  306 09:31:04  -196346.000000        0.131598
FIRE:  307 09:31:04  -196346.015625        0.139356
FIRE:  308 09:31:04  -196346.093750        0.296265
FIRE:  309 09:31:04  -196346.078125        1.011729
FIRE:  310 09:31:04  -196346.078125        2.898985
FIRE:  311 09:31:04  -196346.171875        0.296019
FIRE:  312 09:31:04  -196346.156250        0.220534
FIRE:  313 09:31:04  -196346.171875        0.114209
FIRE:  314 09:31:05  -196346.171875        0.114096
FIRE:  315 09:31:05  -196346.171875        0.181777
FIRE:  316 09:31:05  -196346.156250        0.202387
FIRE:  317 09:31:05  -196346.171875        0.157762
FIRE:  318 09:31:05  -196346.171875        0.113148
FIRE:  319 09:31:05  -196346.140625        0.119272
FIRE:  320 09:31:05  -196346.187500        0.181103
FIRE:  321 09:31:05  -196346.171875        0.121181
FIRE:  322 09:31:05  -196346.156250        0.111702
FIRE:  323 09:31:05  -196346.171875        0.157538
FIRE:  324 09:31:05  -196346.203125        0.110652
FIRE:  325 09:31:05  -196346.187500        0.163440
FIRE:  326 09:31:05  -196346.203125        0.108927
FIRE:  327 09:31:05  -196346.250000        0.137171
FIRE:  328 09:31:05  -196346.250000        0.177913
FIRE:  329 09:31:05  -196346.218750        0.155278
FIRE:  330 09:31:05  -196346.265625        0.262902
FIRE:  331 09:31:06  -196346.343750        0.631518
FIRE:  332 09:31:06  -196346.281250        1.786328
FIRE:  333 09:31:06  -196346.296875        0.139310
FIRE:  334 09:31:06  -196346.265625        1.739317
FIRE:  335 09:31:06  -196346.296875        1.255246
FIRE:  336 09:31:06  -196346.281250        0.454794
FIRE:  337 09:31:06  -196346.312500        0.411033
FIRE:  338 09:31:06  -196346.328125        0.386926
FIRE:  339 09:31:06  -196346.312500        0.340233
FIRE:  340 09:31:06  -196346.312500        0.273891
FIRE:  341 09:31:06  -196346.328125        0.192530
FIRE:  342 09:31:06  -196346.312500        0.103663
FIRE:  343 09:31:06  -196346.343750        0.093895
FIRE:  344 09:31:06  -196346.281250        0.103139
FIRE:  345 09:31:06  -196346.343750        0.157790
FIRE:  346 09:31:06  -196346.312500        0.195225
FIRE:  347 09:31:06  -196346.312500        0.202561
FIRE:  348 09:31:07  -196346.343750        0.172138
FIRE:  349 09:31:07  -196346.312500        0.106414
FIRE:  350 09:31:07  -196346.312500        0.093734
FIRE:  351 09:31:07  -196346.328125        0.143694
FIRE:  352 09:31:07  -196346.312500        0.184132
FIRE:  353 09:31:07  -196346.328125        0.130938
FIRE:  354 09:31:07  -196346.296875        0.093502
FIRE:  355 09:31:07  -196346.343750        0.140839
FIRE:  356 09:31:07  -196346.328125        0.116045
FIRE:  357 09:31:07  -196346.375000        0.092887
FIRE:  358 09:31:07  -196346.312500        0.149784
FIRE:  359 09:31:07  -196346.375000        0.091956
FIRE:  360 09:31:07  -196346.375000        0.126477
FIRE:  361 09:31:07  -196346.421875        0.146003
FIRE:  362 09:31:07  -196346.390625        0.088648
FIRE:  363 09:31:07  -196346.406250        0.086891
FIRE:  364 09:31:07  -196346.531250        0.187045
FIRE:  365 09:31:08  -196346.515625        0.581086
FIRE:  366 09:31:08  -196346.531250        1.817585
FIRE:  367 09:31:08  -196346.562500        0.086767
FIRE:  368 09:31:08  -196346.578125        1.811833
FIRE:  369 09:31:08  -196346.546875        1.290289
FIRE:  370 09:31:08  -196346.546875        0.435036
FIRE:  371 09:31:08  -196346.593750        0.476404
FIRE:  372 09:31:08  -196346.546875        0.447416
FIRE:  373 09:31:08  -196346.546875        0.391140
FIRE:  374 09:31:08  -196346.546875        0.311140
FIRE:  375 09:31:08  -196346.546875        0.213080
FIRE:  376 09:31:08  -196346.546875        0.105972
FIRE:  377 09:31:08  -196346.593750        0.079907
FIRE:  378 09:31:08  -196346.609375        0.118600
FIRE:  379 09:31:08  -196346.562500        0.188338
FIRE:  380 09:31:08  -196346.625000        0.236491
FIRE:  381 09:31:08  -196346.562500        0.239802
FIRE:  382 09:31:09  -196346.625000        0.188981
FIRE:  383 09:31:09  -196346.578125        0.105074
FIRE:  384 09:31:09  -196346.609375        0.079800
FIRE:  385 09:31:09  -196346.562500        0.174444
FIRE:  386 09:31:09  -196346.562500        0.212141
FIRE:  387 09:31:09  -196346.562500        0.138159
FIRE:  388 09:31:09  -196346.578125        0.079561
FIRE:  389 09:31:09  -196346.578125        0.165456
FIRE:  390 09:31:09  -196346.625000        0.120676
FIRE:  391 09:31:09  -196346.593750        0.107575
FIRE:  392 09:31:09  -196346.640625        0.165302
FIRE:  393 09:31:09  -196346.609375        0.087234
FIRE:  394 09:31:09  -196346.656250        0.129101
FIRE:  395 09:31:09  -196346.625000        0.185653
FIRE:  396 09:31:09  -196346.640625        0.100136
FIRE:  397 09:31:09  -196346.656250        0.074455
FIRE:  398 09:31:09  -196346.703125        0.073200
FIRE:  399 09:31:10  -196346.765625        0.189899
FIRE:  400 09:31:10  -196346.750000        0.734881
FIRE:  401 09:31:10  -196346.687500        2.815592
FIRE:  402 09:31:10  -196346.828125        0.958912
FIRE:  403 09:31:10  -196346.812500        0.670848
FIRE:  404 09:31:10  -196346.796875        0.168359
FIRE:  405 09:31:10  -196346.859375        0.393242
FIRE:  406 09:31:10  -196346.812500        0.361731
FIRE:  407 09:31:10  -196346.796875        0.301407
FIRE:  408 09:31:10  -196346.796875        0.217718
FIRE:  409 09:31:10  -196346.781250        0.118432
FIRE:  410 09:31:10  -196346.843750        0.070891
FIRE:  411 09:31:10  -196346.796875        0.081372
FIRE:  412 09:31:10  -196346.843750        0.153912
FIRE:  413 09:31:10  -196346.828125        0.201680
FIRE:  414 09:31:10  -196346.812500        0.214151
FIRE:  415 09:31:10  -196346.812500        0.183012
FIRE:  416 09:31:11  -196346.828125        0.105740
FIRE:  417 09:31:11  -196346.828125        0.070989
FIRE:  418 09:31:11  -196346.859375        0.117277
FIRE:  419 09:31:11  -196346.859375        0.168717
FIRE:  420 09:31:11  -196346.796875        0.124168
FIRE:  421 09:31:11  -196346.812500        0.071175
FIRE:  422 09:31:11  -196346.828125        0.133817
FIRE:  423 09:31:11  -196346.828125        0.122782
FIRE:  424 09:31:11  -196346.890625        0.071236
FIRE:  425 09:31:11  -196346.906250        0.139498
FIRE:  426 09:31:11  -196346.843750        0.071321
FIRE:  427 09:31:11  -196346.859375        0.132800
FIRE:  428 09:31:11  -196346.875000        0.104019
FIRE:  429 09:31:11  -196346.890625        0.070922
FIRE:  430 09:31:11  -196346.890625        0.107295
FIRE:  431 09:31:11  -196346.921875        0.311668
FIRE:  432 09:31:11  -196346.953125        0.842151
FIRE:  433 09:31:11  -196346.937500        2.415928
FIRE:  434 09:31:12  -196347.000000        0.364684
FIRE:  435 09:31:12  -196346.984375        0.267512
FIRE:  436 09:31:12  -196347.000000        0.098259
FIRE:  437 09:31:12  -196346.984375        0.092362
FIRE:  438 09:31:12  -196347.031250        0.231077
FIRE:  439 09:31:12  -196347.031250        0.272727
FIRE:  440 09:31:12  -196347.046875        0.210862
FIRE:  441 09:31:12  -196347.015625        0.072491
FIRE:  442 09:31:12  -196346.968750        0.102208
FIRE:  443 09:31:12  -196347.031250        0.209557
FIRE:  444 09:31:12  -196347.000000        0.168318
FIRE:  445 09:31:12  -196346.968750        0.070478
FIRE:  446 09:31:12  -196346.968750        0.186280
FIRE:  447 09:31:12  -196346.984375        0.103344
FIRE:  448 09:31:12  -196346.984375        0.151968
FIRE:  449 09:31:12  -196347.000000        0.105478
FIRE:  450 09:31:12  -196347.015625        0.205144
FIRE:  451 09:31:13  -196347.031250        0.066577
FIRE:  452 09:31:13  -196347.015625        0.097011
FIRE:  453 09:31:13  -196347.031250        0.305250
FIRE:  454 09:31:13  -196347.062500        0.713200
FIRE:  455 09:31:13  -196347.078125        1.740782
FIRE:  456 09:31:13  -196347.109375        0.084049
FIRE:  457 09:31:13  -196347.078125        0.084196
FIRE:  458 09:31:13  -196347.078125        0.084494
FIRE:  459 09:31:13  -196347.109375        0.084944
FIRE:  460 09:31:13  -196347.093750        0.085555
FIRE:  461 09:31:13  -196347.062500        0.086333
FIRE:  462 09:31:13  -196347.078125        0.087293
FIRE:  463 09:31:13  -196347.093750        0.088440
FIRE:  464 09:31:13  -196347.109375        0.089943
FIRE:  465 09:31:13  -196347.140625        0.091898
FIRE:  466 09:31:13  -196347.093750        0.094407
FIRE:  467 09:31:13  -196347.125000        0.097536
FIRE:  468 09:31:14  -196347.109375        0.101209
FIRE:  469 09:31:14  -196347.125000        0.104937
FIRE:  470 09:31:14  -196347.140625        0.107235
FIRE:  471 09:31:14  -196347.156250        0.104325
FIRE:  472 09:31:14  -196347.156250        0.087876
FIRE:  473 09:31:14  -196347.187500        0.055015
FIRE:  474 09:31:14  -196347.171875        0.053606
FIRE:  475 09:31:14  -196347.187500        0.052173
FIRE:  476 09:31:14  -196347.203125        0.115999
FIRE:  477 09:31:14  -196347.218750        0.436251
FIRE:  478 09:31:14  -196347.250000        1.509369
FIRE:  479 09:31:14  -196347.296875        0.059985
FIRE:  480 09:31:14  -196347.312500        1.497419
FIRE:  481 09:31:14  -196347.296875        1.066086
FIRE:  482 09:31:14  -196347.312500        0.354198
FIRE:  483 09:31:14  -196347.296875        0.408001
FIRE:  484 09:31:14  -196347.328125        0.381486
FIRE:  485 09:31:15  -196347.328125        0.330163
FIRE:  486 09:31:15  -196347.328125        0.257279
FIRE:  487 09:31:15  -196347.265625        0.167899
FIRE:  488 09:31:15  -196347.328125        0.069362
FIRE:  489 09:31:15  -196347.328125        0.051330
FIRE:  490 09:31:15  -196347.296875        0.113560
FIRE:  491 09:31:15  -196347.296875        0.181857
FIRE:  492 09:31:15  -196347.312500        0.220776
FIRE:  493 09:31:15  -196347.296875        0.218713
FIRE:  494 09:31:15  -196347.296875        0.168482
FIRE:  495 09:31:15  -196347.234375        0.071891
FIRE:  496 09:31:15  -196347.250000        0.051132
FIRE:  497 09:31:15  -196347.265625        0.148189
FIRE:  498 09:31:15  -196347.265625        0.172635
FIRE:  499 09:31:15  -196347.250000        0.096082
FIRE:  500 09:31:15  -196347.312500        0.053382
FIRE:  501 09:31:15  -196347.312500        0.152637
FIRE:  502 09:31:16  -196347.328125        0.087305
FIRE:  503 09:31:16  -196347.218750        0.095829
FIRE:  504 09:31:16  -196347.234375        0.123306
FIRE:  505 09:31:16  -196347.250000        0.086358
FIRE:  506 09:31:16  -196347.375000        0.090328
FIRE:  507 09:31:16  -196347.375000        0.165551
FIRE:  508 09:31:16  -196347.312500        0.121834
FIRE:  509 09:31:16  -196347.312500        0.087977
FIRE:  510 09:31:16  -196347.390625        0.148170
FIRE:  511 09:31:16  -196347.343750        0.454770
FIRE:  512 09:31:16  -196347.343750        1.503511
FIRE:  513 09:31:16  -196347.375000        0.233799
FIRE:  514 09:31:16  -196347.390625        0.169549
FIRE:  515 09:31:16  -196347.390625        0.058775
FIRE:  516 09:31:16  -196347.390625        0.063235
FIRE:  517 09:31:16  -196347.390625        0.149812
FIRE:  518 09:31:16  -196347.375000        0.172079
FIRE:  519 09:31:17  -196347.359375        0.126581
FIRE:  520 09:31:17  -196347.375000        0.048428
