      Step     Time          Energy          fmax
FIRE:    0 03:28:32  -550610.750000        2.747097
FIRE:    1 03:28:33  -550611.625000        2.303501
FIRE:    2 03:28:35  -550612.187500        1.813349
FIRE:    3 03:28:35  -550612.500000        1.600026
FIRE:    4 03:28:35  -550612.937500        1.518717
FIRE:    5 03:28:35  -550613.312500        1.401773
FIRE:    6 03:28:35  -550613.625000        1.205860
FIRE:    7 03:28:35  -550614.000000        0.924602
FIRE:    8 03:28:35  -550614.250000        0.586098
FIRE:    9 03:28:35  -550614.562500        0.591726
FIRE:   10 03:28:35  -550614.812500        0.564751
FIRE:   11 03:28:35  -550615.125000        0.507439
FIRE:   12 03:28:35  -550615.437500        0.441675
FIRE:   13 03:28:35  -550615.562500        0.443455
FIRE:   14 03:28:35  -550615.750000        0.463317
FIRE:   15 03:28:35  -550616.062500        0.474508
FIRE:   16 03:28:35  -550616.187500        0.391171
FIRE:   17 03:28:36  -550616.437500        0.311898
FIRE:   18 03:28:36  -550616.437500        0.453983
FIRE:   19 03:28:37  -550616.437500        0.704882
FIRE:   20 03:28:37  -550616.562500        0.783407
FIRE:   21 03:28:38  -550616.500000        0.912616
FIRE:   22 03:28:38  -550616.812500        1.193684
FIRE:   23 03:28:38  -550616.062500        4.568468
FIRE:   24 03:28:39  -550616.812500        1.148675
FIRE:   25 03:28:39  -550616.875000        0.782488
FIRE:   26 03:28:39  -550616.875000        0.197150
FIRE:   27 03:28:39  -550616.875000        0.478317
FIRE:   28 03:28:39  -550616.875000        0.439077
FIRE:   29 03:28:39  -550616.875000        0.364804
FIRE:   30 03:28:39  -550616.937500        0.264388
FIRE:   31 03:28:39  -550616.937500        0.166717
FIRE:   32 03:28:39  -550616.937500        0.128627
FIRE:   33 03:28:39  -550616.937500        0.152944
FIRE:   34 03:28:39  -550616.937500        0.234903
FIRE:   35 03:28:39  -550616.937500        0.286862
FIRE:   36 03:28:39  -550616.937500        0.293441
FIRE:   37 03:28:39  -550616.937500        0.245229
FIRE:   38 03:28:39  -550616.937500        0.145099
FIRE:   39 03:28:40  -550616.937500        0.121515
FIRE:   40 03:28:40  -550616.937500        0.181052
FIRE:   41 03:28:40  -550616.937500        0.229621
FIRE:   42 03:28:40  -550617.000000        0.171487
FIRE:   43 03:28:40  -550617.000000        0.113055
FIRE:   44 03:28:40  -550616.937500        0.211159
FIRE:   45 03:28:40  -550616.875000        0.167565
FIRE:   46 03:28:40  -550616.937500        0.116173
FIRE:   47 03:28:40  -550617.187500        0.183784
FIRE:   48 03:28:40  -550617.250000        0.127078
FIRE:   49 03:28:40  -550617.250000        0.172195
FIRE:   50 03:28:40  -550617.187500        0.175511
FIRE:   51 03:28:40  -550617.375000        0.108279
FIRE:   52 03:28:40  -550617.375000        0.117795
FIRE:   53 03:28:41  -550617.562500        0.216188
FIRE:   54 03:28:41  -550617.562500        0.700461
FIRE:   55 03:28:41  -550617.437500        2.028255
FIRE:   56 03:28:41  -550617.687500        0.317225
FIRE:   57 03:28:41  -550617.687500        0.240672
FIRE:   58 03:28:41  -550617.750000        0.166289
FIRE:   59 03:28:41  -550617.687500        0.161577
FIRE:   60 03:28:41  -550617.687500        0.188632
FIRE:   61 03:28:41  -550617.687500        0.215079
FIRE:   62 03:28:41  -550617.687500        0.172500
FIRE:   63 03:28:41  -550617.687500        0.124418
FIRE:   64 03:28:41  -550617.687500        0.119595
FIRE:   65 03:28:41  -550617.687500        0.186631
FIRE:   66 03:28:41  -550617.687500        0.143669
FIRE:   67 03:28:41  -550617.687500        0.103813
FIRE:   68 03:28:42  -550617.750000        0.151479
FIRE:   69 03:28:42  -550617.750000        0.102585
FIRE:   70 03:28:42  -550617.750000        0.154541
FIRE:   71 03:28:42  -550617.562500        0.091097
FIRE:   72 03:28:42  -550617.812500        0.154355
FIRE:   73 03:28:42  -550617.812500        0.128855
FIRE:   74 03:28:42  -550617.750000        0.099685
FIRE:   75 03:28:42  -550617.812500        0.105120
FIRE:   76 03:28:42  -550617.812500        0.288248
FIRE:   77 03:28:42  -550617.875000        0.796524
FIRE:   78 03:28:42  -550617.875000        0.122529
FIRE:   79 03:28:42  -550617.875000        0.763097
FIRE:   80 03:28:42  -550617.875000        0.586197
FIRE:   81 03:28:42  -550617.875000        0.272143
FIRE:   82 03:28:43  -550617.875000        0.170953
FIRE:   83 03:28:43  -550617.875000        0.162459
FIRE:   84 03:28:43  -550617.875000        0.145952
FIRE:   85 03:28:43  -550617.875000        0.124927
FIRE:   86 03:28:43  -550617.875000        0.125067
FIRE:   87 03:28:43  -550617.937500        0.125243
FIRE:   88 03:28:43  -550617.937500        0.125454
FIRE:   89 03:28:43  -550617.937500        0.125701
FIRE:   90 03:28:43  -550617.937500        0.126012
FIRE:   91 03:28:43  -550617.937500        0.126399
FIRE:   92 03:28:43  -550617.937500        0.126876
FIRE:   93 03:28:43  -550617.937500        0.144937
FIRE:   94 03:28:43  -550617.937500        0.246207
FIRE:   95 03:28:43  -550617.937500        0.298177
FIRE:   96 03:28:44  -550617.937500        0.130712
FIRE:   97 03:28:44  -550617.812500        0.172408
FIRE:   98 03:28:44  -550617.937500        0.194140
FIRE:   99 03:28:44  -550617.937500        0.187900
FIRE:  100 03:28:44  -550617.812500        0.143374
FIRE:  101 03:28:44  -550617.812500        0.156213
FIRE:  102 03:28:44  -550618.000000        0.162084
FIRE:  103 03:28:44  -550617.937500        0.158710
FIRE:  104 03:28:44  -550618.000000        0.168237
FIRE:  105 03:28:44  -550617.875000        0.180425
FIRE:  106 03:28:44  -550618.062500        0.195316
FIRE:  107 03:28:44  -550618.125000        0.213343
FIRE:  108 03:28:44  -550618.187500        0.236191
FIRE:  109 03:28:44  -550618.250000        0.309310
FIRE:  110 03:28:45  -550618.312500        0.370569
FIRE:  111 03:28:45  -550618.437500        0.611504
FIRE:  112 03:28:45  -550618.500000        1.855584
FIRE:  113 03:28:45  -550618.687500        0.838087
FIRE:  114 03:28:45  -550618.625000        0.844658
FIRE:  115 03:28:45  -550618.750000        0.857808
FIRE:  116 03:28:45  -550618.750000        0.877651
FIRE:  117 03:28:45  -550618.625000        0.908378
FIRE:  118 03:28:45  -550618.625000        0.944963
FIRE:  119 03:28:45  -550618.687500        0.976257
FIRE:  120 03:28:45  -550618.750000        1.001338
FIRE:  121 03:28:45  -550618.812500        1.028017
FIRE:  122 03:28:45  -550618.937500        1.066987
FIRE:  123 03:28:45  -550618.875000        1.132341
FIRE:  124 03:28:46  -550619.000000        1.239553
FIRE:  125 03:28:46  -550619.125000        1.379602
FIRE:  126 03:28:46  -550619.375000        1.553845
FIRE:  127 03:28:46  -550619.687500        1.730272
FIRE:  128 03:28:46  -550620.125000        1.927440
FIRE:  129 03:28:46  -550620.500000        1.803689
FIRE:  130 03:28:46  -550620.750000        0.730129
FIRE:  131 03:28:46  -550620.625000        2.617748
FIRE:  132 03:28:46  -550620.625000        2.203869
FIRE:  133 03:28:46  -550620.750000        1.541014
FIRE:  134 03:28:46  -550620.750000        0.838404
FIRE:  135 03:28:46  -550620.875000        0.576007
FIRE:  136 03:28:46  -550620.875000        0.760356
FIRE:  137 03:28:46  -550620.875000        0.751020
FIRE:  138 03:28:46  -550620.812500        0.732449
FIRE:  139 03:28:46  -550620.875000        0.704862
FIRE:  140 03:28:46  -550620.812500        0.668715
FIRE:  141 03:28:47  -550620.937500        0.624872
FIRE:  142 03:28:47  -550621.000000        0.574709
FIRE:  143 03:28:47  -550620.937500        0.520219
FIRE:  144 03:28:47  -550620.937500        0.481268
FIRE:  145 03:28:47  -550620.875000        0.466109
FIRE:  146 03:28:47  -550620.875000        0.451598
FIRE:  147 03:28:47  -550620.937500        0.439381
FIRE:  148 03:28:47  -550620.937500        0.434814
FIRE:  149 03:28:47  -550621.000000        0.472342
FIRE:  150 03:28:47  -550620.937500        0.479360
FIRE:  151 03:28:47  -550621.000000        0.435392
FIRE:  152 03:28:47  -550621.000000        0.382381
FIRE:  153 03:28:47  -550621.062500        0.387044
FIRE:  154 03:28:47  -550621.125000        0.371320
FIRE:  155 03:28:47  -550621.250000        0.381425
FIRE:  156 03:28:47  -550621.187500        0.443839
FIRE:  157 03:28:47  -550621.437500        0.381539
FIRE:  158 03:28:47  -550621.250000        0.334508
FIRE:  159 03:28:48  -550621.375000        0.455802
FIRE:  160 03:28:48  -550621.500000        1.461166
FIRE:  161 03:28:48  -550621.562500        0.182974
FIRE:  162 03:28:48  -550621.625000        0.182010
FIRE:  163 03:28:48  -550621.562500        0.181832
FIRE:  164 03:28:48  -550621.562500        0.181512
FIRE:  165 03:28:48  -550621.562500        0.180984
FIRE:  166 03:28:48  -550621.625000        0.180362
FIRE:  167 03:28:48  -550621.625000        0.179673
FIRE:  168 03:28:48  -550621.687500        0.178932
FIRE:  169 03:28:48  -550621.625000        0.178074
FIRE:  170 03:28:48  -550621.625000        0.177108
FIRE:  171 03:28:48  -550621.562500        0.176073
FIRE:  172 03:28:48  -550621.625000        0.175049
FIRE:  173 03:28:48  -550621.625000        0.174003
FIRE:  174 03:28:48  -550621.625000        0.172863
FIRE:  175 03:28:48  -550621.625000        0.171507
FIRE:  176 03:28:49  -550621.687500        0.169393
FIRE:  177 03:28:49  -550621.750000        0.180601
FIRE:  178 03:28:49  -550621.687500        0.180737
FIRE:  179 03:28:49  -550621.687500        0.172536
FIRE:  180 03:28:49  -550621.750000        0.158058
FIRE:  181 03:28:49  -550621.812500        0.180502
FIRE:  182 03:28:49  -550621.750000        0.546117
FIRE:  183 03:28:49  -550621.812500        0.112477
FIRE:  184 03:28:49  -550621.812500        0.487272
FIRE:  185 03:28:49  -550621.750000        0.369151
FIRE:  186 03:28:49  -550621.812500        0.163229
FIRE:  187 03:28:49  -550621.812500        0.110759
FIRE:  188 03:28:49  -550621.812500        0.110733
FIRE:  189 03:28:49  -550621.812500        0.110667
FIRE:  190 03:28:49  -550621.812500        0.110571
FIRE:  191 03:28:49  -550621.812500        0.110443
FIRE:  192 03:28:49  -550621.812500        0.110284
FIRE:  193 03:28:50  -550621.812500        0.110096
FIRE:  194 03:28:50  -550621.875000        0.109874
FIRE:  195 03:28:50  -550621.750000        0.109592
FIRE:  196 03:28:50  -550621.937500        0.109244
FIRE:  197 03:28:50  -550621.750000        0.108814
FIRE:  198 03:28:50  -550621.812500        0.108287
FIRE:  199 03:28:50  -550621.875000        0.107637
FIRE:  200 03:28:50  -550621.812500        0.106835
FIRE:  201 03:28:50  -550621.812500        0.105833
FIRE:  202 03:28:50  -550621.812500        0.104605
FIRE:  203 03:28:50  -550621.812500        0.103094
FIRE:  204 03:28:50  -550621.875000        0.101258
FIRE:  205 03:28:50  -550621.812500        0.099044
FIRE:  206 03:28:50  -550621.875000        0.096436
FIRE:  207 03:28:50  -550621.812500        0.093393
FIRE:  208 03:28:50  -550621.937500        0.089875
FIRE:  209 03:28:50  -550621.812500        0.085860
FIRE:  210 03:28:51  -550621.812500        0.081341
FIRE:  211 03:28:51  -550621.812500        0.076564
FIRE:  212 03:28:51  -550621.812500        0.071455
FIRE:  213 03:28:51  -550621.875000        0.066099
FIRE:  214 03:28:51  -550621.812500        0.061730
FIRE:  215 03:28:51  -550621.937500        0.169372
FIRE:  216 03:28:51  -550621.937500        0.484134
FIRE:  217 03:28:51  -550622.000000        0.054873
FIRE:  218 03:28:51  -550621.875000        0.437578
FIRE:  219 03:28:51  -550621.875000        0.327562
FIRE:  220 03:28:51  -550621.875000        0.136477
FIRE:  221 03:28:51  -550621.937500        0.085450
FIRE:  222 03:28:51  -550621.875000        0.080330
FIRE:  223 03:28:51  -550621.937500        0.070486
FIRE:  224 03:28:51  -550621.937500        0.056495
FIRE:  225 03:28:51  -550621.937500        0.055005
FIRE:  226 03:28:51  -550621.937500        0.054890
FIRE:  227 03:28:51  -550621.937500        0.054775
FIRE:  228 03:28:52  -550621.875000        0.054663
FIRE:  229 03:28:52  -550621.875000        0.054567
FIRE:  230 03:28:52  -550621.937500        0.054493
FIRE:  231 03:28:52  -550621.937500        0.054448
FIRE:  232 03:28:52  -550621.937500        0.054454
FIRE:  233 03:28:52  -550621.937500        0.054495
FIRE:  234 03:28:52  -550621.937500        0.054555
FIRE:  235 03:28:52  -550621.937500        0.054594
FIRE:  236 03:28:52  -550621.937500        0.054530
FIRE:  237 03:28:52  -550622.000000        0.054309
FIRE:  238 03:28:52  -550621.937500        0.053934
FIRE:  239 03:28:52  -550622.000000        0.053506
FIRE:  240 03:28:52  -550622.000000        0.053422
FIRE:  241 03:28:52  -550621.937500        0.053296
FIRE:  242 03:28:52  -550622.000000        0.053156
FIRE:  243 03:28:53  -550622.000000        0.052995
FIRE:  244 03:28:53  -550621.937500        0.052805
FIRE:  245 03:28:53  -550622.000000        0.052467
FIRE:  246 03:28:53  -550621.937500        0.052158
FIRE:  247 03:28:53  -550621.937500        0.051834
FIRE:  248 03:28:53  -550622.000000        0.051279
FIRE:  249 03:28:53  -550622.000000        0.113576
FIRE:  250 03:28:53  -550622.062500        0.374198
FIRE:  251 03:28:53  -550622.062500        0.050287
FIRE:  252 03:28:53  -550622.125000        0.340875
FIRE:  253 03:28:53  -550622.062500        0.252393
FIRE:  254 03:28:53  -550622.062500        0.099531
FIRE:  255 03:28:53  -550622.000000        0.076446
FIRE:  256 03:28:53  -550622.000000        0.071716
FIRE:  257 03:28:53  -550622.062500        0.062507
FIRE:  258 03:28:54  -550622.125000        0.050108
FIRE:  259 03:28:54  -550622.000000        0.050134
FIRE:  260 03:28:54  -550622.062500        0.050174
FIRE:  261 03:28:54  -550622.062500        0.050219
FIRE:  262 03:28:54  -550622.062500        0.050268
FIRE:  263 03:28:54  -550622.125000        0.050310
FIRE:  264 03:28:54  -550622.125000        0.050327
FIRE:  265 03:28:54  -550622.000000        0.050314
FIRE:  266 03:28:54  -550622.062500        0.050261
FIRE:  267 03:28:54  -550622.000000        0.050175
FIRE:  268 03:28:54  -550622.000000        0.050075
FIRE:  269 03:28:54  -550622.062500        0.049989
