      Step     Time          Energy          fmax
FIRE:    0 12:32:29 -1958462.875000        9.916616
FIRE:    1 12:32:29 -1958471.375000        8.586016
FIRE:    2 12:32:31 -1958478.500000        7.259441
FIRE:    3 12:32:31 -1958484.625000        5.999979
FIRE:    4 12:32:31 -1958489.625000        4.833392
FIRE:    5 12:32:31 -1958494.000000        3.810986
FIRE:    6 12:32:32 -1958497.625000        3.096169
FIRE:    7 12:32:32 -1958500.250000        2.666486
FIRE:    8 12:32:32 -1958502.625000        2.317984
FIRE:    9 12:32:32 -1958504.875000        2.188682
FIRE:   10 12:32:32 -1958506.625000        2.187167
FIRE:   11 12:32:32 -1958508.500000        2.119444
FIRE:   12 12:32:32 -1958510.625000        1.995744
FIRE:   13 12:32:32 -1958512.000000        1.840633
FIRE:   14 12:32:32 -1958513.625000        1.681354
FIRE:   15 12:32:32 -1958515.125000        1.538431
FIRE:   16 12:32:32 -1958517.000000        1.420982
FIRE:   17 12:32:33 -1958518.250000        1.329608
FIRE:   18 12:32:35 -1958519.875000        1.259669
FIRE:   19 12:32:35 -1958521.250000        1.260122
FIRE:   20 12:32:35 -1958522.625000        1.262029
FIRE:   21 12:32:35 -1958524.000000        1.265391
FIRE:   22 12:32:35 -1958525.250000        1.267734
FIRE:   23 12:32:35 -1958526.500000        1.254659
FIRE:   24 12:32:35 -1958527.625000        1.218362
FIRE:   25 12:32:35 -1958528.750000        1.154735
FIRE:   26 12:32:35 -1958529.750000        1.053705
FIRE:   27 12:32:35 -1958530.500000        0.906907
FIRE:   28 12:32:35 -1958531.625000        0.818933
FIRE:   29 12:32:35 -1958532.375000        0.790493
FIRE:   30 12:32:35 -1958533.375000        0.758301
FIRE:   31 12:32:35 -1958534.250000        0.721809
FIRE:   32 12:32:35 -1958535.125000        0.770074
FIRE:   33 12:32:35 -1958535.875000        0.992967
FIRE:   34 12:32:35 -1958536.750000        1.114968
FIRE:   35 12:32:35 -1958537.500000        1.122597
FIRE:   36 12:32:35 -1958538.000000        1.034078
FIRE:   37 12:32:35 -1958538.750000        0.884300
FIRE:   38 12:32:36 -1958539.750000        0.710015
FIRE:   39 12:32:36 -1958540.375000        0.579547
FIRE:   40 12:32:36 -1958541.125000        0.555493
FIRE:   41 12:32:36 -1958541.750000        0.524823
FIRE:   42 12:32:36 -1958542.250000        0.494338
FIRE:   43 12:32:36 -1958542.875000        0.472062
FIRE:   44 12:32:36 -1958543.125000        0.404960
FIRE:   45 12:32:36 -1958543.750000        0.436717
FIRE:   46 12:32:36 -1958544.250000        0.426123
FIRE:   47 12:32:36 -1958544.875000        0.432587
FIRE:   48 12:32:36 -1958544.875000        0.431762
FIRE:   49 12:32:36 -1958545.625000        0.422813
FIRE:   50 12:32:36 -1958546.000000        0.404981
FIRE:   51 12:32:36 -1958546.375000        0.378116
FIRE:   52 12:32:36 -1958546.750000        0.344697
FIRE:   53 12:32:36 -1958547.375000        0.340209
FIRE:   54 12:32:36 -1958547.625000        0.342317
FIRE:   55 12:32:36 -1958547.875000        0.340314
FIRE:   56 12:32:36 -1958548.375000        0.332995
FIRE:   57 12:32:37 -1958548.750000        0.327948
FIRE:   58 12:32:37 -1958548.875000        0.307722
FIRE:   59 12:32:37 -1958549.250000        0.276700
FIRE:   60 12:32:37 -1958549.500000        0.250066
FIRE:   61 12:32:37 -1958549.625000        0.244097
FIRE:   62 12:32:37 -1958550.000000        0.256192
FIRE:   63 12:32:37 -1958550.125000        0.272798
FIRE:   64 12:32:37 -1958550.375000        0.284932
FIRE:   65 12:32:37 -1958550.625000        0.289487
FIRE:   66 12:32:37 -1958550.625000        0.288053
FIRE:   67 12:32:37 -1958551.125000        0.283566
FIRE:   68 12:32:37 -1958551.375000        0.279240
FIRE:   69 12:32:37 -1958551.625000        0.324338
FIRE:   70 12:32:37 -1958551.750000        0.357772
FIRE:   71 12:32:37 -1958552.000000        0.335074
FIRE:   72 12:32:37 -1958552.250000        0.303479
FIRE:   73 12:32:37 -1958552.375000        0.268378
FIRE:   74 12:32:37 -1958552.625000        0.254026
FIRE:   75 12:32:38 -1958553.000000        0.252252
FIRE:   76 12:32:38 -1958553.125000        0.239067
FIRE:   77 12:32:38 -1958553.250000        0.213232
FIRE:   78 12:32:38 -1958553.375000        0.183462
FIRE:   79 12:32:38 -1958553.625000        0.182054
FIRE:   80 12:32:38 -1958553.500000        0.181047
FIRE:   81 12:32:38 -1958553.875000        0.172642
FIRE:   82 12:32:38 -1958553.750000        0.173797
FIRE:   83 12:32:38 -1958553.875000        0.171955
FIRE:   84 12:32:38 -1958554.250000        0.161833
FIRE:   85 12:32:38 -1958554.125000        0.147082
FIRE:   86 12:32:38 -1958554.250000        0.133866
FIRE:   87 12:32:38 -1958554.375000        0.124711
FIRE:   88 12:32:38 -1958554.625000        0.120786
FIRE:   89 12:32:38 -1958554.750000        0.204753
FIRE:   90 12:32:38 -1958554.875000        0.119320
FIRE:   91 12:32:38 -1958555.125000        0.117931
FIRE:   92 12:32:38 -1958555.125000        0.115823
FIRE:   93 12:32:39 -1958555.125000        0.114764
FIRE:   94 12:32:39 -1958555.250000        0.109855
FIRE:   95 12:32:39 -1958555.500000        0.133911
FIRE:   96 12:32:39 -1958555.500000        0.148869
FIRE:   97 12:32:39 -1958555.500000        0.122603
FIRE:   98 12:32:39 -1958555.750000        0.116303
FIRE:   99 12:32:39 -1958555.875000        0.108349
FIRE:  100 12:32:39 -1958555.750000        0.117553
FIRE:  101 12:32:39 -1958555.875000        0.119083
FIRE:  102 12:32:39 -1958556.125000        0.107370
FIRE:  103 12:32:39 -1958556.250000        0.109987
FIRE:  104 12:32:39 -1958556.125000        0.110601
FIRE:  105 12:32:39 -1958556.250000        0.106345
FIRE:  106 12:32:39 -1958556.250000        0.097654
FIRE:  107 12:32:39 -1958556.375000        0.086069
FIRE:  108 12:32:39 -1958556.375000        0.094472
FIRE:  109 12:32:39 -1958556.375000        0.129121
FIRE:  110 12:32:39 -1958556.500000        0.111555
FIRE:  111 12:32:40 -1958556.500000        0.084916
FIRE:  112 12:32:40 -1958556.500000        0.093981
FIRE:  113 12:32:40 -1958556.750000        0.099404
FIRE:  114 12:32:40 -1958556.625000        0.100759
FIRE:  115 12:32:40 -1958556.750000        0.099182
FIRE:  116 12:32:40 -1958556.875000        0.103764
FIRE:  117 12:32:40 -1958556.875000        0.105425
FIRE:  118 12:32:40 -1958556.875000        0.107441
FIRE:  119 12:32:40 -1958557.000000        0.114148
FIRE:  120 12:32:40 -1958556.875000        0.121349
FIRE:  121 12:32:40 -1958557.000000        0.123801
FIRE:  122 12:32:40 -1958557.000000        0.120046
FIRE:  123 12:32:40 -1958557.000000        0.128349
FIRE:  124 12:32:40 -1958557.000000        0.143274
FIRE:  125 12:32:40 -1958556.875000        0.163895
FIRE:  126 12:32:40 -1958557.000000        0.181454
FIRE:  127 12:32:40 -1958557.000000        0.191856
FIRE:  128 12:32:40 -1958557.125000        0.194532
FIRE:  129 12:32:41 -1958557.125000        0.191988
FIRE:  130 12:32:41 -1958557.250000        0.186799
FIRE:  131 12:32:41 -1958557.125000        0.180468
FIRE:  132 12:32:41 -1958557.250000        0.172684
FIRE:  133 12:32:41 -1958557.375000        0.163607
FIRE:  134 12:32:41 -1958557.375000        0.153816
FIRE:  135 12:32:41 -1958557.125000        0.145271
FIRE:  136 12:32:41 -1958557.250000        0.140194
FIRE:  137 12:32:41 -1958557.250000        0.140596
FIRE:  138 12:32:41 -1958557.375000        0.147680
FIRE:  139 12:32:41 -1958557.375000        0.162041
FIRE:  140 12:32:41 -1958557.375000        0.184118
FIRE:  141 12:32:41 -1958557.375000        0.214090
FIRE:  142 12:32:41 -1958557.375000        0.250971
FIRE:  143 12:32:41 -1958557.375000        0.293075
FIRE:  144 12:32:41 -1958557.250000        0.340822
FIRE:  145 12:32:41 -1958557.250000        0.384982
FIRE:  146 12:32:41 -1958557.375000        0.428654
FIRE:  147 12:32:42 -1958557.375000        0.470167
FIRE:  148 12:32:42 -1958557.375000        0.507246
FIRE:  149 12:32:42 -1958557.375000        0.535699
FIRE:  150 12:32:42 -1958557.500000        0.550163
FIRE:  151 12:32:42 -1958557.750000        0.532975
FIRE:  152 12:32:42 -1958557.750000        0.446545
FIRE:  153 12:32:42 -1958557.750000        0.241323
FIRE:  154 12:32:42 -1958557.875000        0.468264
FIRE:  155 12:32:42 -1958557.750000        1.155197
FIRE:  156 12:32:42 -1958557.875000        2.538954
FIRE:  157 12:32:42 -1958558.000000        1.604755
FIRE:  158 12:32:42 -1958557.875000        0.874321
FIRE:  159 12:32:42 -1958558.000000        0.336545
FIRE:  160 12:32:42 -1958557.875000        1.107217
FIRE:  161 12:32:42 -1958558.000000        0.976424
FIRE:  162 12:32:42 -1958558.000000        0.731956
FIRE:  163 12:32:42 -1958557.875000        0.406190
FIRE:  164 12:32:42 -1958558.000000        0.148213
FIRE:  165 12:32:43 -1958558.000000        0.307448
FIRE:  166 12:32:43 -1958557.875000        0.544095
FIRE:  167 12:32:43 -1958557.875000        0.528276
FIRE:  168 12:32:43 -1958557.875000        0.496959
FIRE:  169 12:32:43 -1958558.000000        0.451268
FIRE:  170 12:32:43 -1958557.875000        0.392759
FIRE:  171 12:32:43 -1958558.000000        0.323386
FIRE:  172 12:32:43 -1958557.875000        0.245784
FIRE:  173 12:32:43 -1958557.875000        0.163559
FIRE:  174 12:32:43 -1958557.875000        0.100972
FIRE:  175 12:32:43 -1958558.000000        0.097759
FIRE:  176 12:32:43 -1958557.875000        0.126683
FIRE:  177 12:32:43 -1958558.000000        0.204307
FIRE:  178 12:32:43 -1958558.000000        0.254962
FIRE:  179 12:32:43 -1958558.000000        0.265953
FIRE:  180 12:32:43 -1958558.000000        0.227663
FIRE:  181 12:32:43 -1958558.125000        0.138320
FIRE:  182 12:32:43 -1958558.125000        0.082654
FIRE:  183 12:32:44 -1958558.000000        0.132537
FIRE:  184 12:32:44 -1958558.000000        0.211200
FIRE:  185 12:32:44 -1958558.125000        0.190796
FIRE:  186 12:32:44 -1958558.000000        0.084495
FIRE:  187 12:32:44 -1958558.000000        0.116506
FIRE:  188 12:32:44 -1958558.000000        0.177307
FIRE:  189 12:32:44 -1958558.125000        0.084787
FIRE:  190 12:32:44 -1958558.000000        0.167319
FIRE:  191 12:32:44 -1958558.000000        0.134276
FIRE:  192 12:32:44 -1958558.125000        0.136184
FIRE:  193 12:32:44 -1958558.125000        0.068871
FIRE:  194 12:32:44 -1958558.125000        0.224342
FIRE:  195 12:32:44 -1958558.250000        0.186499
FIRE:  196 12:32:44 -1958558.250000        0.192083
FIRE:  197 12:32:44 -1958558.250000        0.298982
FIRE:  198 12:32:44 -1958558.250000        0.840868
FIRE:  199 12:32:44 -1958558.250000        2.249924
FIRE:  200 12:32:44 -1958558.125000        0.166590
FIRE:  201 12:32:45 -1958558.250000        0.131388
FIRE:  202 12:32:45 -1958558.250000        0.069619
FIRE:  203 12:32:45 -1958558.125000        0.046045
