      Step     Time          Energy          fmax
FIRE:    0 05:36:19  -708055.625000        9.735924
FIRE:    1 05:36:20  -708059.125000        4.853219
FIRE:    2 05:36:22  -708060.437500        8.470964
FIRE:    3 05:36:22  -708061.187500        4.358895
FIRE:    4 05:36:22  -708061.625000        2.624489
FIRE:    5 05:36:22  -708061.875000        7.127709
FIRE:    6 05:36:22  -708061.875000        6.128117
FIRE:    7 05:36:22  -708062.125000        4.332508
FIRE:    8 05:36:22  -708062.312500        2.155840
FIRE:    9 05:36:22  -708062.375000        2.078982
FIRE:   10 05:36:22  -708062.625000        2.264170
FIRE:   11 05:36:22  -708062.687500        3.588419
FIRE:   12 05:36:22  -708062.812500        4.047940
FIRE:   13 05:36:22  -708063.062500        3.509541
FIRE:   14 05:36:22  -708063.312500        2.196151
FIRE:   15 05:36:22  -708063.562500        1.473299
FIRE:   16 05:36:22  -708064.000000        2.836212
FIRE:   17 05:36:22  -708064.312500        3.520667
FIRE:   18 05:36:22  -708064.812500        1.900801
FIRE:   19 05:36:22  -708064.937500        1.194599
FIRE:   20 05:36:22  -708065.437500        2.640175
FIRE:   21 05:36:22  -708065.937500        1.532304
FIRE:   22 05:36:24  -708066.312500        2.709467
FIRE:   23 05:36:24  -708066.750000        1.956697
FIRE:   24 05:36:24  -708067.125000        2.479032
FIRE:   25 05:36:24  -708067.437500        1.542054
FIRE:   26 05:36:24  -708067.812500        3.111414
FIRE:   27 05:36:24  -708068.125000        0.635422
FIRE:   28 05:36:24  -708068.312500        2.843126
FIRE:   29 05:36:24  -708068.750000        2.008826
FIRE:   30 05:36:24  -708069.000000        0.705059
FIRE:   31 05:36:24  -708069.250000        2.785384
FIRE:   32 05:36:24  -708069.437500        2.337025
FIRE:   33 05:36:24  -708069.875000        1.297567
FIRE:   34 05:36:25  -708069.937500        1.376644
FIRE:   35 05:36:25  -708070.375000        1.726399
FIRE:   36 05:36:25  -708070.500000        2.965794
FIRE:   37 05:36:25  -708070.750000        3.522491
FIRE:   38 05:36:25  -708070.187500       10.122947
FIRE:   39 05:36:25  -708070.812500        0.910512
FIRE:   40 05:36:26  -708070.375000        9.333274
FIRE:   41 05:36:26  -708070.562500        6.773298
FIRE:   42 05:36:26  -708070.875000        2.760707
FIRE:   43 05:36:26  -708070.875000        1.596935
FIRE:   44 05:36:26  -708070.875000        1.513542
FIRE:   45 05:36:26  -708070.875000        1.351069
FIRE:   46 05:36:26  -708070.937500        1.117788
FIRE:   47 05:36:26  -708070.937500        0.853908
FIRE:   48 05:36:26  -708070.937500        0.601738
FIRE:   49 05:36:26  -708070.937500        0.461299
FIRE:   50 05:36:26  -708070.875000        0.499179
FIRE:   51 05:36:26  -708070.937500        0.517474
FIRE:   52 05:36:26  -708070.937500        0.712855
FIRE:   53 05:36:26  -708070.937500        0.775031
FIRE:   54 05:36:26  -708070.875000        0.753752
FIRE:   55 05:36:27  -708070.937500        0.665859
FIRE:   56 05:36:27  -708070.937500        0.464866
FIRE:   57 05:36:27  -708070.937500        0.599554
FIRE:   58 05:36:27  -708071.000000        0.808836
FIRE:   59 05:36:27  -708071.125000        0.647862
FIRE:   60 05:36:27  -708071.062500        0.280693
FIRE:   61 05:36:27  -708071.125000        0.540232
FIRE:   62 05:36:27  -708071.187500        0.613020
FIRE:   63 05:36:27  -708071.187500        0.308500
FIRE:   64 05:36:27  -708071.250000        0.668871
FIRE:   65 05:36:27  -708071.312500        0.304185
FIRE:   66 05:36:27  -708071.375000        0.664355
FIRE:   67 05:36:27  -708071.437500        0.361815
FIRE:   68 05:36:27  -708071.562500        0.393403
FIRE:   69 05:36:28  -708071.687500        0.685074
FIRE:   70 05:36:28  -708071.750000        1.539535
FIRE:   71 05:36:28  -708071.875000        2.715591
FIRE:   72 05:36:28  -708071.875000        6.160413
FIRE:   73 05:36:28  -708072.062500        0.575070
FIRE:   74 05:36:28  -708072.000000        5.721691
FIRE:   75 05:36:28  -708072.000000        4.167630
FIRE:   76 05:36:28  -708072.125000        1.598112
FIRE:   77 05:36:28  -708072.125000        1.295338
FIRE:   78 05:36:28  -708072.187500        1.223664
FIRE:   79 05:36:28  -708072.125000        1.084673
FIRE:   80 05:36:28  -708072.125000        0.887398
FIRE:   81 05:36:28  -708072.187500        0.646334
FIRE:   82 05:36:28  -708072.187500        0.385467
FIRE:   83 05:36:28  -708072.187500        0.277302
FIRE:   84 05:36:29  -708072.187500        0.318950
FIRE:   85 05:36:29  -708072.187500        0.414719
FIRE:   86 05:36:29  -708072.125000        0.543650
FIRE:   87 05:36:29  -708072.125000        0.568563
FIRE:   88 05:36:29  -708072.125000        0.530047
FIRE:   89 05:36:29  -708072.187500        0.427840
FIRE:   90 05:36:29  -708072.187500        0.287952
FIRE:   91 05:36:29  -708072.250000        0.511316
FIRE:   92 05:36:29  -708072.250000        0.639180
FIRE:   93 05:36:29  -708072.250000        0.485678
FIRE:   94 05:36:29  -708072.187500        0.273528
FIRE:   95 05:36:29  -708072.312500        0.372580
FIRE:   96 05:36:29  -708072.312500        0.362386
FIRE:   97 05:36:29  -708072.312500        0.282805
FIRE:   98 05:36:30  -708072.375000        0.541468
FIRE:   99 05:36:30  -708072.375000        0.303760
FIRE:  100 05:36:30  -708072.437500        0.442250
FIRE:  101 05:36:30  -708072.437500        0.456845
FIRE:  102 05:36:30  -708072.687500        0.233568
FIRE:  103 05:36:30  -708072.687500        0.340176
FIRE:  104 05:36:30  -708072.875000        0.964517
FIRE:  105 05:36:30  -708072.875000        2.085254
FIRE:  106 05:36:30  -708072.937500        5.512851
FIRE:  107 05:36:30  -708073.125000        0.422983
FIRE:  108 05:36:30  -708073.062500        0.392038
FIRE:  109 05:36:30  -708073.062500        0.332984
FIRE:  110 05:36:30  -708073.125000        0.252229
FIRE:  111 05:36:30  -708073.062500        0.228381
FIRE:  112 05:36:31  -708072.875000        0.255529
FIRE:  113 05:36:31  -708072.937500        0.304230
FIRE:  114 05:36:31  -708072.937500        0.330884
FIRE:  115 05:36:31  -708072.875000        0.327150
FIRE:  116 05:36:31  -708072.875000        0.290463
FIRE:  117 05:36:31  -708072.875000        0.233513
FIRE:  118 05:36:31  -708072.875000        0.192003
FIRE:  119 05:36:31  -708072.937500        0.265131
FIRE:  120 05:36:31  -708073.000000        0.249583
FIRE:  121 05:36:31  -708073.000000        0.191510
FIRE:  122 05:36:31  -708073.062500        0.272449
FIRE:  123 05:36:31  -708073.062500        0.281517
FIRE:  124 05:36:31  -708073.125000        0.190801
FIRE:  125 05:36:31  -708073.187500        0.267172
FIRE:  126 05:36:32  -708073.125000        0.295050
FIRE:  127 05:36:32  -708073.312500        0.890682
FIRE:  128 05:36:32  -708073.312500        2.669655
FIRE:  129 05:36:32  -708073.437500        0.155534
FIRE:  130 05:36:32  -708073.375000        2.513750
FIRE:  131 05:36:32  -708073.375000        1.872463
FIRE:  132 05:36:32  -708073.375000        0.776987
FIRE:  133 05:36:32  -708073.375000        0.473863
FIRE:  134 05:36:32  -708073.437500        0.443915
FIRE:  135 05:36:32  -708073.312500        0.385997
FIRE:  136 05:36:32  -708073.375000        0.304265
FIRE:  137 05:36:32  -708073.375000        0.205551
FIRE:  138 05:36:32  -708073.312500        0.164975
FIRE:  139 05:36:32  -708073.437500        0.174718
FIRE:  140 05:36:33  -708073.375000        0.184511
FIRE:  141 05:36:33  -708073.375000        0.218724
FIRE:  142 05:36:33  -708073.437500        0.273416
FIRE:  143 05:36:33  -708073.312500        0.284413
FIRE:  144 05:36:33  -708073.375000        0.240082
FIRE:  145 05:36:33  -708073.437500        0.186319
FIRE:  146 05:36:33  -708073.375000        0.172564
FIRE:  147 05:36:33  -708073.437500        0.169008
FIRE:  148 05:36:33  -708073.375000        0.195182
FIRE:  149 05:36:33  -708073.437500        0.166421
FIRE:  150 05:36:33  -708073.437500        0.173208
FIRE:  151 05:36:33  -708073.375000        0.201063
FIRE:  152 05:36:33  -708073.437500        0.181623
FIRE:  153 05:36:33  -708073.500000        0.159945
FIRE:  154 05:36:34  -708073.500000        0.170066
FIRE:  155 05:36:34  -708073.562500        0.167268
FIRE:  156 05:36:34  -708073.500000        0.175687
FIRE:  157 05:36:34  -708073.562500        0.163976
FIRE:  158 05:36:34  -708073.625000        0.156092
FIRE:  159 05:36:34  -708073.625000        0.150791
FIRE:  160 05:36:34  -708073.687500        0.161446
FIRE:  161 05:36:34  -708073.750000        0.404597
FIRE:  162 05:36:34  -708073.812500        1.563696
FIRE:  163 05:36:34  -708073.750000        5.806679
FIRE:  164 05:36:34  -708073.875000        1.545828
FIRE:  165 05:36:34  -708073.937500        1.076765
FIRE:  166 05:36:34  -708073.937500        0.332584
FIRE:  167 05:36:34  -708073.937500        0.611871
FIRE:  168 05:36:35  -708073.875000        0.566110
FIRE:  169 05:36:35  -708073.875000        0.478435
FIRE:  170 05:36:35  -708073.875000        0.356111
FIRE:  171 05:36:35  -708073.937500        0.209726
FIRE:  172 05:36:35  -708073.937500        0.119729
FIRE:  173 05:36:35  -708073.812500        0.137841
FIRE:  174 05:36:35  -708073.875000        0.207082
FIRE:  175 05:36:35  -708073.937500        0.286093
FIRE:  176 05:36:35  -708073.937500        0.311616
FIRE:  177 05:36:35  -708073.812500        0.269149
FIRE:  178 05:36:35  -708073.875000        0.157777
FIRE:  179 05:36:35  -708073.875000        0.117891
FIRE:  180 05:36:35  -708073.937500        0.192316
FIRE:  181 05:36:35  -708073.937500        0.271631
FIRE:  182 05:36:36  -708073.875000        0.209177
FIRE:  183 05:36:36  -708073.937500        0.110667
FIRE:  184 05:36:36  -708073.937500        0.183201
FIRE:  185 05:36:36  -708074.000000        0.168075
FIRE:  186 05:36:36  -708073.875000        0.118286
FIRE:  187 05:36:36  -708073.937500        0.229793
FIRE:  188 05:36:36  -708073.875000        0.110121
FIRE:  189 05:36:36  -708074.000000        0.190092
FIRE:  190 05:36:36  -708074.000000        0.195497
FIRE:  191 05:36:36  -708074.000000        0.110448
FIRE:  192 05:36:36  -708074.000000        0.148444
FIRE:  193 05:36:36  -708074.125000        0.462156
FIRE:  194 05:36:36  -708074.187500        1.270350
FIRE:  195 05:36:36  -708074.125000        3.629598
FIRE:  196 05:36:37  -708074.250000        0.284678
FIRE:  197 05:36:37  -708074.250000        0.231088
FIRE:  198 05:36:37  -708074.250000        0.136491
FIRE:  199 05:36:37  -708074.250000        0.110205
FIRE:  200 05:36:37  -708074.187500        0.194316
FIRE:  201 05:36:37  -708074.187500        0.228294
FIRE:  202 05:36:37  -708074.250000        0.177911
FIRE:  203 05:36:37  -708074.250000        0.104774
FIRE:  204 05:36:37  -708074.250000        0.127178
FIRE:  205 05:36:37  -708074.250000        0.154972
FIRE:  206 05:36:37  -708074.250000        0.111552
FIRE:  207 05:36:37  -708074.250000        0.105599
FIRE:  208 05:36:37  -708074.250000        0.172821
FIRE:  209 05:36:37  -708074.312500        0.107954
FIRE:  210 05:36:38  -708074.312500        0.119807
FIRE:  211 05:36:38  -708074.312500        0.100255
FIRE:  212 05:36:38  -708074.312500        0.177697
FIRE:  213 05:36:38  -708074.375000        0.112559
FIRE:  214 05:36:38  -708074.375000        0.108593
FIRE:  215 05:36:38  -708074.375000        0.100993
FIRE:  216 05:36:38  -708074.437500        0.135830
FIRE:  217 05:36:38  -708074.500000        0.520644
FIRE:  218 05:36:38  -708074.500000        2.451498
FIRE:  219 05:36:38  -708074.437500        0.459558
FIRE:  220 05:36:38  -708074.437500        0.321535
FIRE:  221 05:36:38  -708074.500000        0.113738
FIRE:  222 05:36:38  -708074.437500        0.165851
FIRE:  223 05:36:38  -708074.500000        0.332531
FIRE:  224 05:36:39  -708074.500000        0.358004
FIRE:  225 05:36:39  -708074.562500        0.241450
FIRE:  226 05:36:39  -708074.562500        0.093426
FIRE:  227 05:36:39  -708074.562500        0.183288
FIRE:  228 05:36:39  -708074.562500        0.264560
FIRE:  229 05:36:39  -708074.562500        0.125032
FIRE:  230 05:36:39  -708074.562500        0.157822
FIRE:  231 05:36:39  -708074.562500        0.257978
FIRE:  232 05:36:39  -708074.562500        0.092552
FIRE:  233 05:36:39  -708074.562500        0.227015
FIRE:  234 05:36:39  -708074.500000        0.094984
FIRE:  235 05:36:39  -708074.625000        0.208553
FIRE:  236 05:36:39  -708074.625000        0.288730
FIRE:  237 05:36:39  -708074.625000        0.355061
FIRE:  238 05:36:40  -708074.687500        0.513217
FIRE:  239 05:36:40  -708074.687500        1.245032
FIRE:  240 05:36:40  -708074.687500        3.228858
FIRE:  241 05:36:40  -708074.750000        0.130906
FIRE:  242 05:36:40  -708074.750000        0.107590
FIRE:  243 05:36:40  -708074.750000        0.099233
FIRE:  244 05:36:40  -708074.750000        0.089936
FIRE:  245 05:36:40  -708074.687500        0.104512
FIRE:  246 05:36:40  -708074.750000        0.110055
FIRE:  247 05:36:40  -708074.750000        0.103563
FIRE:  248 05:36:40  -708074.750000        0.088077
FIRE:  249 05:36:40  -708074.687500        0.092865
FIRE:  250 05:36:40  -708074.750000        0.098048
FIRE:  251 05:36:40  -708074.750000        0.097047
FIRE:  252 05:36:41  -708074.750000        0.090079
FIRE:  253 05:36:41  -708074.750000        0.101456
FIRE:  254 05:36:41  -708074.687500        0.090068
FIRE:  255 05:36:41  -708074.812500        0.098714
FIRE:  256 05:36:41  -708074.812500        0.091882
FIRE:  257 05:36:41  -708074.812500        0.101549
FIRE:  258 05:36:41  -708074.750000        0.098038
FIRE:  259 05:36:41  -708074.750000        0.089479
FIRE:  260 05:36:41  -708074.875000        0.092413
FIRE:  261 05:36:41  -708074.875000        0.199862
FIRE:  262 05:36:41  -708074.937500        0.882010
FIRE:  263 05:36:41  -708074.937500        3.151955
FIRE:  264 05:36:41  -708074.937500        0.429655
FIRE:  265 05:36:41  -708074.875000        0.312537
FIRE:  266 05:36:42  -708074.875000        0.114217
FIRE:  267 05:36:42  -708074.937500        0.126311
FIRE:  268 05:36:42  -708074.875000        0.245633
FIRE:  269 05:36:42  -708075.000000        0.274911
FIRE:  270 05:36:42  -708075.000000        0.185364
FIRE:  271 05:36:42  -708075.000000        0.084839
FIRE:  272 05:36:42  -708075.000000        0.168343
FIRE:  273 05:36:42  -708075.000000        0.245141
FIRE:  274 05:36:42  -708075.000000        0.137278
FIRE:  275 05:36:42  -708075.000000        0.115005
FIRE:  276 05:36:42  -708075.000000        0.182073
FIRE:  277 05:36:42  -708075.000000        0.088589
FIRE:  278 05:36:42  -708074.937500        0.220886
FIRE:  279 05:36:43  -708075.000000        0.084973
FIRE:  280 05:36:43  -708075.000000        0.162097
FIRE:  281 05:36:43  -708075.062500        0.270020
FIRE:  282 05:36:43  -708074.937500        0.248637
FIRE:  283 05:36:43  -708075.000000        0.437769
FIRE:  284 05:36:43  -708075.000000        0.993117
FIRE:  285 05:36:43  -708075.000000        2.788712
FIRE:  286 05:36:43  -708075.125000        0.192497
FIRE:  287 05:36:43  -708075.125000        0.159317
FIRE:  288 05:36:43  -708075.125000        0.103889
FIRE:  289 05:36:43  -708075.000000        0.086369
FIRE:  290 05:36:43  -708075.125000        0.130260
FIRE:  291 05:36:43  -708075.062500        0.152916
FIRE:  292 05:36:43  -708075.125000        0.121772
FIRE:  293 05:36:44  -708075.125000        0.081290
FIRE:  294 05:36:44  -708075.062500        0.078506
FIRE:  295 05:36:44  -708075.125000        0.094380
FIRE:  296 05:36:44  -708075.125000        0.080480
FIRE:  297 05:36:44  -708075.062500        0.098462
FIRE:  298 05:36:44  -708075.187500        0.185267
FIRE:  299 05:36:44  -708075.187500        0.289585
FIRE:  300 05:36:44  -708075.125000        0.180784
FIRE:  301 05:36:44  -708075.250000        0.108330
FIRE:  302 05:36:44  -708075.250000        0.116049
FIRE:  303 05:36:44  -708075.250000        0.082391
FIRE:  304 05:36:44  -708075.312500        0.091047
FIRE:  305 05:36:44  -708075.312500        0.080745
FIRE:  306 05:36:45  -708075.312500        0.173790
FIRE:  307 05:36:45  -708075.375000        0.760677
FIRE:  308 05:36:45  -708075.375000        2.711229
FIRE:  309 05:36:45  -708075.375000        0.327388
FIRE:  310 05:36:45  -708075.375000        0.240829
FIRE:  311 05:36:45  -708075.437500        0.094299
FIRE:  312 05:36:45  -708075.375000        0.107991
FIRE:  313 05:36:45  -708075.375000        0.178261
FIRE:  314 05:36:45  -708075.375000        0.202902
FIRE:  315 05:36:45  -708075.375000        0.137806
FIRE:  316 05:36:45  -708075.437500        0.076909
FIRE:  317 05:36:45  -708075.375000        0.128285
FIRE:  318 05:36:45  -708075.375000        0.187417
FIRE:  319 05:36:45  -708075.375000        0.107555
FIRE:  320 05:36:46  -708075.437500        0.101115
FIRE:  321 05:36:46  -708075.437500        0.147023
FIRE:  322 05:36:46  -708075.437500        0.080339
FIRE:  323 05:36:46  -708075.437500        0.169913
FIRE:  324 05:36:46  -708075.437500        0.074188
FIRE:  325 05:36:46  -708075.437500        0.117178
FIRE:  326 05:36:46  -708075.437500        0.210202
FIRE:  327 05:36:46  -708075.500000        0.206092
FIRE:  328 05:36:46  -708075.500000        0.387673
FIRE:  329 05:36:46  -708075.562500        0.898216
FIRE:  330 05:36:46  -708075.500000        2.504244
FIRE:  331 05:36:46  -708075.562500        0.147887
FIRE:  332 05:36:46  -708075.562500        0.127845
FIRE:  333 05:36:46  -708075.562500        0.102335
FIRE:  334 05:36:46  -708075.562500        0.102453
FIRE:  335 05:36:47  -708075.562500        0.102598
FIRE:  336 05:36:47  -708075.562500        0.103360
FIRE:  337 05:36:47  -708075.562500        0.103087
FIRE:  338 05:36:47  -708075.562500        0.103594
FIRE:  339 05:36:47  -708075.562500        0.113201
FIRE:  340 05:36:47  -708075.562500        0.159391
FIRE:  341 05:36:47  -708075.562500        0.214055
FIRE:  342 05:36:47  -708075.562500        0.210052
FIRE:  343 05:36:47  -708075.562500        0.148145
FIRE:  344 05:36:47  -708075.562500        0.143375
FIRE:  345 05:36:47  -708075.562500        0.157591
FIRE:  346 05:36:47  -708075.562500        0.161979
FIRE:  347 05:36:47  -708075.625000        0.153920
FIRE:  348 05:36:47  -708075.625000        0.138921
FIRE:  349 05:36:47  -708075.625000        0.127744
FIRE:  350 05:36:47  -708075.625000        0.126486
FIRE:  351 05:36:47  -708075.562500        0.131479
FIRE:  352 05:36:47  -708075.625000        0.585335
FIRE:  353 05:36:48  -708075.625000        2.242717
FIRE:  354 05:36:48  -708075.625000        0.246285
FIRE:  355 05:36:48  -708075.625000        0.183939
FIRE:  356 05:36:48  -708075.625000        0.105185
FIRE:  357 05:36:48  -708075.625000        0.109112
FIRE:  358 05:36:48  -708075.625000        0.133655
FIRE:  359 05:36:48  -708075.625000        0.148010
FIRE:  360 05:36:48  -708075.625000        0.107298
FIRE:  361 05:36:48  -708075.687500        0.101946
FIRE:  362 05:36:48  -708075.625000        0.104214
FIRE:  363 05:36:48  -708075.625000        0.143634
FIRE:  364 05:36:48  -708075.687500        0.097772
FIRE:  365 05:36:48  -708075.625000        0.106875
FIRE:  366 05:36:48  -708075.625000        0.133478
FIRE:  367 05:36:48  -708075.625000        0.092520
FIRE:  368 05:36:48  -708075.625000        0.130971
FIRE:  369 05:36:48  -708075.625000        0.089663
FIRE:  370 05:36:49  -708075.687500        0.103306
FIRE:  371 05:36:49  -708075.687500        0.165623
FIRE:  372 05:36:49  -708075.687500        0.182799
FIRE:  373 05:36:49  -708075.687500        0.380905
FIRE:  374 05:36:49  -708075.750000        0.909178
FIRE:  375 05:36:49  -708075.750000        2.474262
FIRE:  376 05:36:49  -708075.750000        0.136693
FIRE:  377 05:36:49  -708075.750000        0.124132
FIRE:  378 05:36:49  -708075.750000        0.105040
FIRE:  379 05:36:49  -708075.812500        0.090724
FIRE:  380 05:36:49  -708075.750000        0.088872
FIRE:  381 05:36:49  -708075.750000        0.093212
FIRE:  382 05:36:49  -708075.750000        0.094143
FIRE:  383 05:36:49  -708075.750000        0.090658
FIRE:  384 05:36:49  -708075.750000        0.088114
FIRE:  385 05:36:49  -708075.812500        0.090427
FIRE:  386 05:36:49  -708075.750000        0.091522
FIRE:  387 05:36:50  -708075.750000        0.088751
FIRE:  388 05:36:50  -708075.750000        0.087610
FIRE:  389 05:36:50  -708075.812500        0.088772
FIRE:  390 05:36:50  -708075.812500        0.095404
FIRE:  391 05:36:50  -708075.812500        0.085044
FIRE:  392 05:36:50  -708075.875000        0.086328
FIRE:  393 05:36:50  -708075.812500        0.081464
FIRE:  394 05:36:50  -708075.812500        0.086190
FIRE:  395 05:36:50  -708075.875000        0.078300
FIRE:  396 05:36:50  -708075.875000        0.093200
FIRE:  397 05:36:50  -708075.875000        0.370326
FIRE:  398 05:36:50  -708076.000000        1.575836
FIRE:  399 05:36:50  -708075.937500        6.476611
FIRE:  400 05:36:50  -708076.062500        2.462028
FIRE:  401 05:36:50  -708075.937500        1.672502
FIRE:  402 05:36:50  -708075.937500        0.395869
FIRE:  403 05:36:50  -708075.937500        1.138674
FIRE:  404 05:36:51  -708075.937500        1.043866
FIRE:  405 05:36:51  -708075.937500        0.862652
FIRE:  406 05:36:51  -708075.937500        0.611376
FIRE:  407 05:36:51  -708076.062500        0.313266
FIRE:  408 05:36:51  -708075.937500        0.098619
FIRE:  409 05:36:51  -708076.000000        0.287088
FIRE:  410 05:36:51  -708076.000000        0.281034
FIRE:  411 05:36:51  -708076.000000        0.269078
FIRE:  412 05:36:51  -708076.062500        0.251545
FIRE:  413 05:36:51  -708076.062500        0.228924
FIRE:  414 05:36:51  -708075.937500        0.201642
FIRE:  415 05:36:51  -708076.000000        0.170667
FIRE:  416 05:36:51  -708076.062500        0.138041
FIRE:  417 05:36:51  -708076.000000        0.117031
FIRE:  418 05:36:51  -708075.937500        0.096303
FIRE:  419 05:36:51  -708076.062500        0.088029
FIRE:  420 05:36:52  -708076.000000        0.089191
FIRE:  421 05:36:52  -708076.000000        0.101954
FIRE:  422 05:36:52  -708076.062500        0.134101
FIRE:  423 05:36:52  -708075.937500        0.150227
FIRE:  424 05:36:52  -708075.937500        0.143802
FIRE:  425 05:36:52  -708076.062500        0.111329
FIRE:  426 05:36:52  -708076.062500        0.087724
FIRE:  427 05:36:52  -708076.062500        0.085688
FIRE:  428 05:36:52  -708076.000000        0.090118
FIRE:  429 05:36:52  -708076.062500        0.110749
FIRE:  430 05:36:52  -708075.937500        0.090099
FIRE:  431 05:36:52  -708075.937500        0.084486
FIRE:  432 05:36:52  -708076.000000        0.098605
FIRE:  433 05:36:52  -708076.062500        0.095873
FIRE:  434 05:36:52  -708076.062500        0.082556
FIRE:  435 05:36:52  -708076.000000        0.101592
FIRE:  436 05:36:52  -708076.000000        0.079903
FIRE:  437 05:36:52  -708076.000000        0.103257
FIRE:  438 05:36:52  -708076.125000        0.080602
FIRE:  439 05:36:52  -708076.062500        0.096572
FIRE:  440 05:36:53  -708076.062500        0.146659
FIRE:  441 05:36:53  -708076.187500        0.206447
FIRE:  442 05:36:53  -708076.000000        0.449489
FIRE:  443 05:36:53  -708076.125000        1.117876
FIRE:  444 05:36:53  -708076.187500        3.123886
FIRE:  445 05:36:53  -708076.250000        0.351526
FIRE:  446 05:36:53  -708076.250000        0.254284
FIRE:  447 05:36:53  -708076.125000        0.163930
FIRE:  448 05:36:53  -708076.250000        0.164337
FIRE:  449 05:36:53  -708076.187500        0.235543
FIRE:  450 05:36:53  -708076.125000        0.271335
FIRE:  451 05:36:53  -708076.250000        0.203640
FIRE:  452 05:36:53  -708076.187500        0.166329
FIRE:  453 05:36:53  -708076.187500        0.166887
FIRE:  454 05:36:53  -708076.187500        0.207279
FIRE:  455 05:36:53  -708076.187500        0.168161
FIRE:  456 05:36:54  -708076.125000        0.168705
FIRE:  457 05:36:54  -708076.250000        0.201576
FIRE:  458 05:36:54  -708076.250000        0.168221
FIRE:  459 05:36:54  -708076.125000        0.166400
FIRE:  460 05:36:54  -708076.250000        0.163011
FIRE:  461 05:36:54  -708076.250000        0.212294
FIRE:  462 05:36:54  -708076.125000        0.148466
FIRE:  463 05:36:54  -708076.250000        0.143184
FIRE:  464 05:36:54  -708076.250000        0.218344
FIRE:  465 05:36:54  -708076.250000        0.135975
FIRE:  466 05:36:54  -708076.250000        0.552052
FIRE:  467 05:36:54  -708076.250000        2.225750
FIRE:  468 05:36:54  -708076.250000        0.384945
FIRE:  469 05:36:54  -708076.250000        0.274368
FIRE:  470 05:36:54  -708076.375000        0.100849
FIRE:  471 05:36:55  -708076.250000        0.114578
FIRE:  472 05:36:55  -708076.375000        0.242646
FIRE:  473 05:36:55  -708076.250000        0.260604
FIRE:  474 05:36:55  -708076.250000        0.168529
FIRE:  475 05:36:55  -708076.312500        0.086593
FIRE:  476 05:36:55  -708076.250000        0.163325
FIRE:  477 05:36:55  -708076.250000        0.218114
FIRE:  478 05:36:55  -708076.375000        0.111354
FIRE:  479 05:36:55  -708076.375000        0.141939
FIRE:  480 05:36:55  -708076.250000        0.175059
FIRE:  481 05:36:55  -708076.375000        0.134405
FIRE:  482 05:36:55  -708076.312500        0.191857
FIRE:  483 05:36:55  -708076.437500        0.081120
FIRE:  484 05:36:55  -708076.437500        0.122500
FIRE:  485 05:36:55  -708076.437500        0.244992
FIRE:  486 05:36:56  -708076.312500        0.300849
FIRE:  487 05:36:56  -708076.312500        0.513753
FIRE:  488 05:36:56  -708076.312500        1.124897
FIRE:  489 05:36:56  -708076.312500        2.980026
FIRE:  490 05:36:56  -708076.375000        0.290591
FIRE:  491 05:36:56  -708076.375000        0.211512
FIRE:  492 05:36:56  -708076.375000        0.105091
FIRE:  493 05:36:56  -708076.375000        0.081610
FIRE:  494 05:36:56  -708076.375000        0.189360
FIRE:  495 05:36:56  -708076.375000        0.220811
FIRE:  496 05:36:56  -708076.375000        0.167505
FIRE:  497 05:36:56  -708076.375000        0.076497
FIRE:  498 05:36:56  -708076.375000        0.092629
FIRE:  499 05:36:56  -708076.375000        0.171390
FIRE:  500 05:36:57  -708076.375000        0.122554
FIRE:  501 05:36:57  -708076.375000        0.072811
FIRE:  502 05:36:57  -708076.375000        0.163188
FIRE:  503 05:36:57  -708076.375000        0.071602
FIRE:  504 05:36:57  -708076.437500        0.135474
FIRE:  505 05:36:57  -708076.437500        0.069557
FIRE:  506 05:36:57  -708076.500000        0.170879
FIRE:  507 05:36:57  -708076.500000        0.111228
FIRE:  508 05:36:57  -708076.500000        0.075237
FIRE:  509 05:36:57  -708076.500000        0.067303
FIRE:  510 05:36:57  -708076.500000        0.203883
FIRE:  511 05:36:57  -708076.500000        0.806560
FIRE:  512 05:36:57  -708076.562500        2.766095
FIRE:  513 05:36:57  -708076.625000        0.422389
FIRE:  514 05:36:57  -708076.625000        0.301613
FIRE:  515 05:36:58  -708076.562500        0.098513
FIRE:  516 05:36:58  -708076.562500        0.125152
FIRE:  517 05:36:58  -708076.562500        0.269022
FIRE:  518 05:36:58  -708076.625000        0.294472
FIRE:  519 05:36:58  -708076.562500        0.201805
FIRE:  520 05:36:58  -708076.625000        0.068717
FIRE:  521 05:36:58  -708076.562500        0.160328
FIRE:  522 05:36:58  -708076.562500        0.239135
FIRE:  523 05:36:58  -708076.562500        0.134781
FIRE:  524 05:36:58  -708076.562500        0.104062
FIRE:  525 05:36:58  -708076.625000        0.201912
FIRE:  526 05:36:58  -708076.562500        0.071771
FIRE:  527 05:36:58  -708076.562500        0.212034
FIRE:  528 05:36:58  -708076.562500        0.062666
FIRE:  529 05:36:59  -708076.625000        0.198315
FIRE:  530 05:36:59  -708076.562500        0.233961
FIRE:  531 05:36:59  -708076.562500        0.182912
FIRE:  532 05:36:59  -708076.625000        0.263934
FIRE:  533 05:36:59  -708076.625000        0.648849
FIRE:  534 05:36:59  -708076.625000        1.904672
FIRE:  535 05:36:59  -708076.562500        0.146892
FIRE:  536 05:36:59  -708076.625000        0.107350
FIRE:  537 05:36:59  -708076.625000        0.063288
FIRE:  538 05:36:59  -708076.625000        0.065980
FIRE:  539 05:36:59  -708076.562500        0.098979
FIRE:  540 05:36:59  -708076.625000        0.115685
FIRE:  541 05:36:59  -708076.562500        0.089233
FIRE:  542 05:36:59  -708076.625000        0.062867
FIRE:  543 05:37:00  -708076.625000        0.059735
FIRE:  544 05:37:00  -708076.625000        0.085846
FIRE:  545 05:37:00  -708076.625000        0.059767
FIRE:  546 05:37:00  -708076.562500        0.064214
FIRE:  547 05:37:00  -708076.625000        0.088061
FIRE:  548 05:37:00  -708076.625000        0.064613
FIRE:  549 05:37:00  -708076.687500        0.071237
FIRE:  550 05:37:00  -708076.562500        0.060751
FIRE:  551 05:37:00  -708076.687500        0.088411
FIRE:  552 05:37:00  -708076.687500        0.073581
FIRE:  553 05:37:00  -708076.687500        0.064809
FIRE:  554 05:37:00  -708076.687500        0.060791
FIRE:  555 05:37:00  -708076.687500        0.155862
FIRE:  556 05:37:00  -708076.687500        0.593230
FIRE:  557 05:37:01  -708076.687500        2.257613
FIRE:  558 05:37:01  -708076.750000        0.397415
FIRE:  559 05:37:01  -708076.750000        0.281093
FIRE:  560 05:37:01  -708076.750000        0.090619
FIRE:  561 05:37:01  -708076.750000        0.134351
FIRE:  562 05:37:01  -708076.750000        0.275521
FIRE:  563 05:37:01  -708076.687500        0.300517
FIRE:  564 05:37:01  -708076.750000        0.209625
FIRE:  565 05:37:01  -708076.812500        0.068460
FIRE:  566 05:37:01  -708076.687500        0.149715
FIRE:  567 05:37:01  -708076.750000        0.233499
FIRE:  568 05:37:01  -708076.812500        0.138630
FIRE:  569 05:37:01  -708076.750000        0.099746
FIRE:  570 05:37:01  -708076.750000        0.218032
FIRE:  571 05:37:01  -708076.750000        0.072303
FIRE:  572 05:37:02  -708076.750000        0.198832
FIRE:  573 05:37:02  -708076.750000        0.073924
FIRE:  574 05:37:02  -708076.812500        0.227137
FIRE:  575 05:37:02  -708076.750000        0.189027
FIRE:  576 05:37:02  -708076.812500        0.109205
FIRE:  577 05:37:02  -708076.750000        0.084309
FIRE:  578 05:37:02  -708076.750000        0.190644
FIRE:  579 05:37:02  -708076.812500        0.753460
FIRE:  580 05:37:02  -708076.875000        3.016436
FIRE:  581 05:37:02  -708076.812500        0.875741
FIRE:  582 05:37:02  -708076.812500        0.599138
FIRE:  583 05:37:02  -708076.812500        0.133453
FIRE:  584 05:37:02  -708076.875000        0.364006
FIRE:  585 05:37:02  -708076.875000        0.335634
FIRE:  586 05:37:03  -708076.812500        0.281415
FIRE:  587 05:37:03  -708076.812500        0.206033
FIRE:  588 05:37:03  -708076.875000        0.116891
FIRE:  589 05:37:03  -708076.875000        0.105144
FIRE:  590 05:37:03  -708076.812500        0.105280
FIRE:  591 05:37:03  -708076.812500        0.136389
FIRE:  592 05:37:03  -708076.875000        0.181076
FIRE:  593 05:37:03  -708076.750000        0.191902
FIRE:  594 05:37:03  -708076.812500        0.160322
FIRE:  595 05:37:03  -708076.875000        0.106612
FIRE:  596 05:37:03  -708076.875000        0.107100
FIRE:  597 05:37:03  -708076.812500        0.122877
FIRE:  598 05:37:03  -708076.812500        0.160098
FIRE:  599 05:37:03  -708076.875000        0.109332
FIRE:  600 05:37:04  -708076.875000        0.111325
FIRE:  601 05:37:04  -708076.875000        0.127381
FIRE:  602 05:37:04  -708076.875000        0.119351
FIRE:  603 05:37:04  -708076.937500        0.124867
FIRE:  604 05:37:04  -708076.937500        0.131107
FIRE:  605 05:37:04  -708076.937500        0.137074
FIRE:  606 05:37:04  -708076.937500        0.141854
FIRE:  607 05:37:04  -708076.937500        0.146656
FIRE:  608 05:37:04  -708076.937500        0.142792
FIRE:  609 05:37:04  -708076.937500        0.142212
FIRE:  610 05:37:04  -708076.937500        0.126842
FIRE:  611 05:37:04  -708077.000000        0.249900
FIRE:  612 05:37:04  -708077.000000        1.021644
FIRE:  613 05:37:04  -708076.937500        4.109031
FIRE:  614 05:37:05  -708077.000000        1.404768
FIRE:  615 05:37:05  -708077.000000        0.951342
FIRE:  616 05:37:05  -708077.062500        0.192115
FIRE:  617 05:37:05  -708077.000000        0.628770
FIRE:  618 05:37:05  -708077.000000        0.577428
FIRE:  619 05:37:05  -708077.000000        0.479255
FIRE:  620 05:37:05  -708077.000000        0.342899
FIRE:  621 05:37:05  -708077.062500        0.181147
FIRE:  622 05:37:05  -708077.000000        0.077922
FIRE:  623 05:37:05  -708077.000000        0.146927
FIRE:  624 05:37:05  -708077.000000        0.261525
FIRE:  625 05:37:05  -708077.000000        0.333074
FIRE:  626 05:37:05  -708077.000000        0.345287
FIRE:  627 05:37:05  -708077.000000        0.285628
FIRE:  628 05:37:05  -708077.000000        0.152116
FIRE:  629 05:37:06  -708077.062500        0.078868
FIRE:  630 05:37:06  -708077.062500        0.209433
FIRE:  631 05:37:06  -708077.062500        0.277400
FIRE:  632 05:37:06  -708077.062500        0.190950
FIRE:  633 05:37:06  -708077.062500        0.077551
FIRE:  634 05:37:06  -708077.062500        0.218132
FIRE:  635 05:37:06  -708077.062500        0.175662
FIRE:  636 05:37:06  -708077.062500        0.099858
FIRE:  637 05:37:06  -708077.125000        0.218003
FIRE:  638 05:37:06  -708077.125000        0.076790
FIRE:  639 05:37:06  -708077.125000        0.187878
FIRE:  640 05:37:06  -708077.125000        0.195005
FIRE:  641 05:37:06  -708077.125000        0.076631
FIRE:  642 05:37:06  -708077.062500        0.089845
FIRE:  643 05:37:07  -708077.000000        0.265968
FIRE:  644 05:37:07  -708077.062500        0.779715
FIRE:  645 05:37:07  -708077.062500        2.315476
FIRE:  646 05:37:07  -708077.125000        0.315924
FIRE:  647 05:37:07  -708077.125000        0.226793
FIRE:  648 05:37:07  -708077.125000        0.085054
FIRE:  649 05:37:07  -708077.125000        0.096607
FIRE:  650 05:37:07  -708077.125000        0.210347
FIRE:  651 05:37:07  -708077.125000        0.236096
FIRE:  652 05:37:07  -708077.125000        0.169777
FIRE:  653 05:37:07  -708077.125000        0.072224
FIRE:  654 05:37:07  -708077.125000        0.113871
FIRE:  655 05:37:07  -708077.125000        0.185847
FIRE:  656 05:37:07  -708077.125000        0.116384
FIRE:  657 05:37:07  -708077.125000        0.073433
FIRE:  658 05:37:08  -708077.125000        0.171664
FIRE:  659 05:37:08  -708077.125000        0.089396
FIRE:  660 05:37:08  -708077.125000        0.155588
FIRE:  661 05:37:08  -708077.125000        0.087959
FIRE:  662 05:37:08  -708077.125000        0.178121
FIRE:  663 05:37:08  -708077.125000        0.139805
FIRE:  664 05:37:08  -708077.125000        0.075995
FIRE:  665 05:37:08  -708077.125000        0.123372
FIRE:  666 05:37:08  -708077.125000        0.296119
FIRE:  667 05:37:08  -708077.187500        0.986934
FIRE:  668 05:37:08  -708077.125000        3.083442
FIRE:  669 05:37:08  -708077.187500        0.625091
FIRE:  670 05:37:08  -708077.187500        0.446022
FIRE:  671 05:37:08  -708077.187500        0.141133
FIRE:  672 05:37:09  -708077.187500        0.194518
FIRE:  673 05:37:09  -708077.187500        0.179675
FIRE:  674 05:37:09  -708077.187500        0.151129
FIRE:  675 05:37:09  -708077.187500        0.111485
FIRE:  676 05:37:09  -708077.187500        0.091434
FIRE:  677 05:37:09  -708077.187500        0.089732
FIRE:  678 05:37:09  -708077.187500        0.087640
FIRE:  679 05:37:09  -708077.187500        0.085142
FIRE:  680 05:37:09  -708077.187500        0.112577
FIRE:  681 05:37:09  -708077.187500        0.124576
FIRE:  682 05:37:09  -708077.187500        0.113691
FIRE:  683 05:37:09  -708077.187500        0.078292
FIRE:  684 05:37:09  -708077.187500        0.067674
FIRE:  685 05:37:09  -708077.187500        0.068408
FIRE:  686 05:37:09  -708077.187500        0.076982
FIRE:  687 05:37:10  -708077.187500        0.073287
FIRE:  688 05:37:10  -708077.187500        0.065544
FIRE:  689 05:37:10  -708077.187500        0.083077
FIRE:  690 05:37:10  -708077.187500        0.078394
FIRE:  691 05:37:10  -708077.187500        0.071173
FIRE:  692 05:37:10  -708077.187500        0.078259
FIRE:  693 05:37:10  -708077.187500        0.065504
FIRE:  694 05:37:10  -708077.187500        0.085246
FIRE:  695 05:37:10  -708077.187500        0.077285
FIRE:  696 05:37:10  -708077.187500        0.069917
FIRE:  697 05:37:10  -708077.250000        0.069268
FIRE:  698 05:37:10  -708077.250000        0.112983
FIRE:  699 05:37:10  -708077.312500        0.378885
FIRE:  700 05:37:10  -708077.312500        1.085739
FIRE:  701 05:37:11  -708077.312500        0.078196
FIRE:  702 05:37:11  -708077.312500        0.984558
FIRE:  703 05:37:11  -708077.312500        0.743324
FIRE:  704 05:37:11  -708077.312500        0.319747
FIRE:  705 05:37:11  -708077.312500        0.183906
FIRE:  706 05:37:11  -708077.312500        0.172201
FIRE:  707 05:37:11  -708077.312500        0.149691
FIRE:  708 05:37:11  -708077.312500        0.118065
FIRE:  709 05:37:11  -708077.312500        0.089910
FIRE:  710 05:37:11  -708077.312500        0.081164
FIRE:  711 05:37:11  -708077.312500        0.076311
FIRE:  712 05:37:11  -708077.312500        0.075936
FIRE:  713 05:37:11  -708077.250000        0.088303
FIRE:  714 05:37:11  -708077.250000        0.108313
FIRE:  715 05:37:11  -708077.250000        0.112083
FIRE:  716 05:37:12  -708077.250000        0.095150
FIRE:  717 05:37:12  -708077.250000        0.076873
FIRE:  718 05:37:12  -708077.250000        0.076676
FIRE:  719 05:37:12  -708077.250000        0.082166
FIRE:  720 05:37:12  -708077.250000        0.085993
FIRE:  721 05:37:12  -708077.187500        0.082025
FIRE:  722 05:37:12  -708077.250000        0.076980
FIRE:  723 05:37:12  -708077.250000        0.080492
FIRE:  724 05:37:12  -708077.250000        0.078368
FIRE:  725 05:37:12  -708077.250000        0.081346
FIRE:  726 05:37:12  -708077.250000        0.085972
FIRE:  727 05:37:12  -708077.250000        0.079533
FIRE:  728 05:37:12  -708077.250000        0.082317
FIRE:  729 05:37:12  -708077.312500        0.088427
FIRE:  730 05:37:13  -708077.312500        0.081878
FIRE:  731 05:37:13  -708077.312500        0.082895
FIRE:  732 05:37:13  -708077.312500        0.148719
FIRE:  733 05:37:13  -708077.312500        0.474903
FIRE:  734 05:37:13  -708077.312500        1.523654
FIRE:  735 05:37:13  -708077.312500        0.166835
FIRE:  736 05:37:13  -708077.312500        0.122598
FIRE:  737 05:37:13  -708077.312500        0.089021
FIRE:  738 05:37:13  -708077.312500        0.089669
FIRE:  739 05:37:13  -708077.312500        0.106736
FIRE:  740 05:37:13  -708077.125000        0.122004
FIRE:  741 05:37:13  -708077.312500        0.090295
FIRE:  742 05:37:13  -708077.312500        0.088838
FIRE:  743 05:37:13  -708077.312500        0.089214
FIRE:  744 05:37:13  -708077.312500        0.099624
FIRE:  745 05:37:14  -708077.312500        0.089013
FIRE:  746 05:37:14  -708077.375000        0.088961
FIRE:  747 05:37:14  -708077.375000        0.090902
FIRE:  748 05:37:14  -708077.375000        0.089013
FIRE:  749 05:37:14  -708077.375000        0.088975
FIRE:  750 05:37:14  -708077.375000        0.088731
FIRE:  751 05:37:14  -708077.250000        0.089462
FIRE:  752 05:37:14  -708077.250000        0.100275
FIRE:  753 05:37:14  -708077.250000        0.091577
FIRE:  754 05:37:14  -708077.250000        0.134212
FIRE:  755 05:37:14  -708077.375000        0.354623
FIRE:  756 05:37:14  -708077.375000        1.122504
FIRE:  757 05:37:14  -708077.250000        3.599828
FIRE:  758 05:37:14  -708077.312500        0.793578
FIRE:  759 05:37:15  -708077.312500        0.559904
FIRE:  760 05:37:15  -708077.312500        0.161545
FIRE:  761 05:37:15  -708077.375000        0.277725
FIRE:  762 05:37:15  -708077.375000        0.257227
FIRE:  763 05:37:15  -708077.437500        0.217866
FIRE:  764 05:37:15  -708077.437500        0.163166
FIRE:  765 05:37:15  -708077.437500        0.098530
FIRE:  766 05:37:15  -708077.437500        0.091255
FIRE:  767 05:37:15  -708077.437500        0.091305
FIRE:  768 05:37:15  -708077.437500        0.100441
FIRE:  769 05:37:15  -708077.437500        0.138931
FIRE:  770 05:37:15  -708077.437500        0.154103
FIRE:  771 05:37:15  -708077.375000        0.138254
FIRE:  772 05:37:15  -708077.437500        0.091553
FIRE:  773 05:37:15  -708077.437500        0.091339
FIRE:  774 05:37:16  -708077.437500        0.091383
FIRE:  775 05:37:16  -708077.437500        0.115976
FIRE:  776 05:37:16  -708077.437500        0.092212
FIRE:  777 05:37:16  -708077.437500        0.091515
FIRE:  778 05:37:16  -708077.437500        0.094668
FIRE:  779 05:37:16  -708077.375000        0.092580
FIRE:  780 05:37:16  -708077.437500        0.091792
FIRE:  781 05:37:16  -708077.437500        0.099828
FIRE:  782 05:37:16  -708077.437500        0.094431
FIRE:  783 05:37:16  -708077.437500        0.104215
FIRE:  784 05:37:16  -708077.437500        0.100469
FIRE:  785 05:37:16  -708077.437500        0.105111
FIRE:  786 05:37:16  -708077.437500        0.111387
FIRE:  787 05:37:16  -708077.500000        0.219117
FIRE:  788 05:37:16  -708077.500000        0.622795
FIRE:  789 05:37:17  -708077.500000        1.723804
FIRE:  790 05:37:17  -708077.500000        0.145161
FIRE:  791 05:37:17  -708077.500000        0.145288
FIRE:  792 05:37:17  -708077.500000        0.145541
FIRE:  793 05:37:17  -708077.500000        0.145921
FIRE:  794 05:37:17  -708077.500000        0.146426
FIRE:  795 05:37:17  -708077.500000        0.147055
FIRE:  796 05:37:17  -708077.500000        0.147806
FIRE:  797 05:37:17  -708077.500000        0.148681
FIRE:  798 05:37:17  -708077.500000        0.149797
FIRE:  799 05:37:17  -708077.500000        0.151208
FIRE:  800 05:37:17  -708077.500000        0.152978
FIRE:  801 05:37:17  -708077.500000        0.155186
FIRE:  802 05:37:17  -708077.500000        0.157907
FIRE:  803 05:37:17  -708077.562500        0.161220
FIRE:  804 05:37:17  -708077.500000        0.165196
FIRE:  805 05:37:18  -708077.500000        0.169858
FIRE:  806 05:37:18  -708077.500000        0.175116
FIRE:  807 05:37:18  -708077.562500        0.181082
FIRE:  808 05:37:18  -708077.562500        0.191472
FIRE:  809 05:37:18  -708077.562500        0.205563
FIRE:  810 05:37:18  -708077.562500        0.227859
FIRE:  811 05:37:18  -708077.562500        0.273969
FIRE:  812 05:37:18  -708077.625000        1.223222
FIRE:  813 05:37:18  -708077.562500        5.119244
FIRE:  814 05:37:18  -708077.625000        1.979267
FIRE:  815 05:37:18  -708077.625000        1.330747
FIRE:  816 05:37:18  -708077.625000        0.324988
FIRE:  817 05:37:18  -708077.625000        0.914041
FIRE:  818 05:37:18  -708077.625000        0.836301
FIRE:  819 05:37:19  -708077.625000        0.687860
FIRE:  820 05:37:19  -708077.625000        0.482089
FIRE:  821 05:37:19  -708077.625000        0.327830
FIRE:  822 05:37:19  -708077.625000        0.328425
FIRE:  823 05:37:19  -708077.625000        0.329191
FIRE:  824 05:37:19  -708077.625000        0.410071
FIRE:  825 05:37:19  -708077.625000        0.508929
FIRE:  826 05:37:19  -708077.625000        0.517227
FIRE:  827 05:37:19  -708077.625000        0.417970
FIRE:  828 05:37:19  -708077.625000        0.336280
FIRE:  829 05:37:19  -708077.687500        0.338801
FIRE:  830 05:37:19  -708077.687500        0.340123
FIRE:  831 05:37:19  -708077.687500        0.398191
FIRE:  832 05:37:19  -708077.687500        0.342792
FIRE:  833 05:37:19  -708077.687500        0.344401
FIRE:  834 05:37:20  -708077.750000        0.346725
FIRE:  835 05:37:20  -708077.750000        0.348856
FIRE:  836 05:37:20  -708077.750000        0.352106
FIRE:  837 05:37:20  -708077.750000        0.352561
FIRE:  838 05:37:20  -708077.750000        0.348154
FIRE:  839 05:37:20  -708077.750000        0.360147
FIRE:  840 05:37:20  -708077.750000        0.375811
FIRE:  841 05:37:20  -708077.750000        0.395275
FIRE:  842 05:37:20  -708077.812500        0.405413
FIRE:  843 05:37:20  -708077.875000        0.433906
FIRE:  844 05:37:20  -708077.937500        0.480529
FIRE:  845 05:37:20  -708078.000000        0.559651
FIRE:  846 05:37:20  -708077.937500        2.346563
FIRE:  847 05:37:20  -708077.312500       12.504346
FIRE:  848 05:37:21  -708077.750000        8.157659
FIRE:  849 05:37:21  -708078.000000        5.151606
FIRE:  850 05:37:21  -708078.125000        1.038349
FIRE:  851 05:37:21  -708078.000000        4.890169
FIRE:  852 05:37:21  -708078.062500        4.377237
FIRE:  853 05:37:21  -708078.062500        3.417312
FIRE:  854 05:37:21  -708078.125000        2.128019
FIRE:  855 05:37:21  -708078.125000        0.840234
FIRE:  856 05:37:21  -708078.125000        0.843685
FIRE:  857 05:37:21  -708078.125000        0.843799
FIRE:  858 05:37:21  -708078.125000        0.844021
FIRE:  859 05:37:21  -708078.125000        0.844359
FIRE:  860 05:37:21  -708078.125000        0.844817
FIRE:  861 05:37:21  -708078.125000        0.845392
FIRE:  862 05:37:22  -708078.125000        0.846098
FIRE:  863 05:37:22  -708078.125000        0.846939
FIRE:  864 05:37:22  -708078.125000        0.848048
FIRE:  865 05:37:22  -708078.125000        0.849484
FIRE:  866 05:37:22  -708078.187500        0.851355
FIRE:  867 05:37:22  -708078.187500        0.853764
FIRE:  868 05:37:22  -708078.187500        0.856847
FIRE:  869 05:37:22  -708078.187500        0.860775
FIRE:  870 05:37:22  -708078.187500        0.865773
FIRE:  871 05:37:22  -708078.187500        0.871088
FIRE:  872 05:37:22  -708078.187500        0.877847
FIRE:  873 05:37:22  -708078.187500        0.886880
FIRE:  874 05:37:22  -708078.187500        0.898771
FIRE:  875 05:37:22  -708078.187500        0.914449
FIRE:  876 05:37:22  -708078.250000        0.935252
FIRE:  877 05:37:23  -708078.250000        0.963274
FIRE:  878 05:37:23  -708078.187500        1.001730
FIRE:  879 05:37:23  -708078.312500        1.054971
FIRE:  880 05:37:23  -708078.312500        1.128542
FIRE:  881 05:37:23  -708078.375000        1.227655
FIRE:  882 05:37:23  -708078.500000        1.313967
FIRE:  883 05:37:23  -708078.562500        1.393137
FIRE:  884 05:37:23  -708078.687500        1.467256
FIRE:  885 05:37:23  -708078.875000        1.512485
FIRE:  886 05:37:23  -708079.062500        1.456281
FIRE:  887 05:37:23  -708079.187500        1.044735
FIRE:  888 05:37:23  -708079.250000        1.284599
FIRE:  889 05:37:23  -708079.250000        1.174830
FIRE:  890 05:37:23  -708079.312500        0.975115
FIRE:  891 05:37:24  -708079.312500        0.721018
FIRE:  892 05:37:24  -708079.312500        0.459062
FIRE:  893 05:37:24  -708079.312500        0.381430
FIRE:  894 05:37:24  -708079.375000        0.480045
FIRE:  895 05:37:24  -708079.375000        0.583706
FIRE:  896 05:37:24  -708079.312500        0.662882
FIRE:  897 05:37:24  -708079.375000        0.698339
FIRE:  898 05:37:24  -708079.437500        0.674118
FIRE:  899 05:37:24  -708079.437500        0.575500
FIRE:  900 05:37:24  -708079.437500        0.417022
FIRE:  901 05:37:24  -708079.500000        0.326805
FIRE:  902 05:37:24  -708079.500000        0.555898
FIRE:  903 05:37:24  -708079.562500        0.897512
FIRE:  904 05:37:24  -708079.687500        2.580047
FIRE:  905 05:37:25  -708079.750000        0.487780
FIRE:  906 05:37:25  -708079.625000        2.458092
FIRE:  907 05:37:25  -708079.625000        1.803690
FIRE:  908 05:37:25  -708079.625000        0.689374
FIRE:  909 05:37:25  -708079.562500        0.567549
FIRE:  910 05:37:25  -708079.562500        0.530109
FIRE:  911 05:37:25  -708079.625000        0.457427
FIRE:  912 05:37:25  -708079.625000        0.434547
FIRE:  913 05:37:25  -708079.625000        0.432994
FIRE:  914 05:37:25  -708079.625000        0.431061
FIRE:  915 05:37:25  -708079.625000        0.428781
FIRE:  916 05:37:25  -708079.625000        0.426192
FIRE:  917 05:37:25  -708079.625000        0.423084
FIRE:  918 05:37:25  -708079.625000        0.419456
FIRE:  919 05:37:26  -708079.625000        0.415386
FIRE:  920 05:37:26  -708079.625000        0.410979
FIRE:  921 05:37:26  -708079.625000        0.407039
FIRE:  922 05:37:26  -708079.625000        0.403596
FIRE:  923 05:37:26  -708079.625000        0.401019
FIRE:  924 05:37:26  -708079.625000        0.399916
FIRE:  925 05:37:26  -708079.625000        0.400778
FIRE:  926 05:37:26  -708079.687500        0.404132
FIRE:  927 05:37:26  -708079.812500        0.419456
FIRE:  928 05:37:26  -708079.812500        0.433019
FIRE:  929 05:37:26  -708079.812500        0.428523
FIRE:  930 05:37:26  -708079.812500        0.430426
FIRE:  931 05:37:26  -708079.875000        0.445616
FIRE:  932 05:37:26  -708079.875000        0.428272
FIRE:  933 05:37:26  -708079.937500        0.426436
FIRE:  934 05:37:27  -708079.812500        0.519037
FIRE:  935 05:37:27  -708079.875000        0.855858
FIRE:  936 05:37:27  -708080.062500        0.855968
FIRE:  937 05:37:27  -708080.187500        1.077204
FIRE:  938 05:37:27  -708080.375000        1.594630
FIRE:  939 05:37:27  -708080.500000        7.101783
FIRE:  940 05:37:27  -708080.562500        2.848350
FIRE:  941 05:37:27  -708080.562500        1.929825
FIRE:  942 05:37:27  -708080.625000        1.285312
FIRE:  943 05:37:27  -708080.625000        1.281437
FIRE:  944 05:37:27  -708080.625000        1.281122
FIRE:  945 05:37:27  -708080.625000        1.280488
FIRE:  946 05:37:27  -708080.625000        1.279521
FIRE:  947 05:37:27  -708080.625000        1.278193
FIRE:  948 05:37:28  -708080.625000        1.276469
FIRE:  949 05:37:28  -708080.625000        1.274326
FIRE:  950 05:37:28  -708080.625000        1.271737
FIRE:  951 05:37:28  -708080.625000        1.268343
FIRE:  952 05:37:28  -708080.625000        1.263901
FIRE:  953 05:37:28  -708080.687500        1.258054
FIRE:  954 05:37:28  -708080.687500        1.250265
FIRE:  955 05:37:28  -708080.687500        1.239717
FIRE:  956 05:37:28  -708080.875000        1.225239
FIRE:  957 05:37:28  -708080.875000        1.205191
FIRE:  958 05:37:28  -708080.937500        1.176923
FIRE:  959 05:37:28  -708080.937500        1.135896
FIRE:  960 05:37:28  -708081.000000        1.075024
FIRE:  961 05:37:28  -708080.937500        0.983756
FIRE:  962 05:37:29  -708081.125000        0.841735
FIRE:  963 05:37:29  -708081.187500        0.654817
FIRE:  964 05:37:29  -708081.250000        0.511643
FIRE:  965 05:37:29  -708081.312500        0.774495
FIRE:  966 05:37:29  -708081.187500        1.198873
FIRE:  967 05:37:29  -708081.312500        1.151467
FIRE:  968 05:37:29  -708081.312500        1.070213
FIRE:  969 05:37:29  -708081.312500        0.848772
FIRE:  970 05:37:29  -708081.312500        0.488059
FIRE:  971 05:37:29  -708081.375000        0.474827
FIRE:  972 05:37:29  -708081.312500        0.545867
FIRE:  973 05:37:29  -708081.375000        0.504821
FIRE:  974 05:37:29  -708081.312500        0.445381
FIRE:  975 05:37:29  -708081.375000        0.503519
FIRE:  976 05:37:29  -708081.375000        0.567112
FIRE:  977 05:37:30  -708081.312500        0.522044
FIRE:  978 05:37:30  -708081.437500        0.431135
FIRE:  979 05:37:30  -708081.437500        0.418096
FIRE:  980 05:37:30  -708081.437500        0.443704
FIRE:  981 05:37:30  -708081.437500        0.560248
FIRE:  982 05:37:30  -708081.500000        0.345784
FIRE:  983 05:37:30  -708081.500000        0.475893
FIRE:  984 05:37:30  -708081.437500        0.683563
FIRE:  985 05:37:30  -708081.437500        2.281415
FIRE:  986 05:37:30  -708081.437500        0.281719
FIRE:  987 05:37:30  -708081.437500        0.249655
FIRE:  988 05:37:30  -708081.437500        0.232530
FIRE:  989 05:37:30  -708081.437500        0.210203
FIRE:  990 05:37:30  -708081.437500        0.186741
FIRE:  991 05:37:31  -708081.437500        0.176113
FIRE:  992 05:37:31  -708081.375000        0.149754
FIRE:  993 05:37:31  -708081.437500        0.138963
FIRE:  994 05:37:31  -708081.437500        0.139621
FIRE:  995 05:37:31  -708081.437500        0.171846
FIRE:  996 05:37:31  -708081.437500        0.135461
FIRE:  997 05:37:31  -708081.437500        0.141776
FIRE:  998 05:37:31  -708081.437500        0.149966
FIRE:  999 05:37:31  -708081.437500        0.156447
FIRE:  1000 05:37:31  -708081.500000        0.153542
      Step     Time          Energy          fmax
FIRE:    0 05:37:32  -708055.687500        9.735924
FIRE:    1 05:37:32  -708059.000000        4.853219
FIRE:    2 05:37:34  -708060.312500        8.470964
FIRE:    3 05:37:34  -708061.062500        4.358895
FIRE:    4 05:37:34  -708061.625000        2.624489
FIRE:    5 05:37:34  -708061.812500        7.127709
FIRE:    6 05:37:35  -708061.937500        6.128117
FIRE:    7 05:37:35  -708062.125000        4.332508
FIRE:    8 05:37:35  -708062.312500        2.155840
FIRE:    9 05:37:35  -708062.437500        2.078982
FIRE:   10 05:37:35  -708062.562500        2.264170
FIRE:   11 05:37:35  -708062.687500        3.588419
FIRE:   12 05:37:35  -708062.812500        4.047940
FIRE:   13 05:37:35  -708063.062500        3.509541
FIRE:   14 05:37:35  -708063.312500        2.196151
FIRE:   15 05:37:35  -708063.625000        1.473299
FIRE:   16 05:37:35  -708063.937500        2.836212
FIRE:   17 05:37:35  -708064.250000        3.520667
FIRE:   18 05:37:35  -708064.687500        1.900801
FIRE:   19 05:37:35  -708065.000000        1.194599
FIRE:   20 05:37:35  -708065.375000        2.640175
FIRE:   21 05:37:36  -708065.875000        1.532304
FIRE:   22 05:37:37  -708066.187500        2.709467
FIRE:   23 05:37:37  -708066.687500        1.956697
FIRE:   24 05:37:37  -708067.000000        2.479032
FIRE:   25 05:37:37  -708067.375000        1.542054
FIRE:   26 05:37:37  -708067.687500        3.111414
FIRE:   27 05:37:37  -708068.062500        0.635422
FIRE:   28 05:37:37  -708068.312500        2.843126
FIRE:   29 05:37:37  -708068.687500        2.008826
FIRE:   30 05:37:37  -708068.937500        0.705059
FIRE:   31 05:37:37  -708069.187500        2.785384
FIRE:   32 05:37:37  -708069.437500        2.337025
FIRE:   33 05:37:38  -708069.812500        1.297567
FIRE:   34 05:37:39  -708070.062500        1.376644
FIRE:   35 05:37:39  -708070.437500        1.726399
FIRE:   36 05:37:39  -708070.500000        2.965794
FIRE:   37 05:37:39  -708070.687500        3.522491
FIRE:   38 05:37:39  -708070.187500       10.122947
FIRE:   39 05:37:39  -708070.812500        0.910512
FIRE:   40 05:37:39  -708070.375000        9.333274
FIRE:   41 05:37:39  -708070.625000        6.773298
FIRE:   42 05:37:40  -708070.812500        2.760707
FIRE:   43 05:37:40  -708070.812500        1.596935
FIRE:   44 05:37:40  -708070.812500        1.513542
FIRE:   45 05:37:40  -708070.875000        1.351069
FIRE:   46 05:37:40  -708070.937500        1.117788
FIRE:   47 05:37:40  -708070.875000        0.853908
FIRE:   48 05:37:40  -708070.875000        0.601738
FIRE:   49 05:37:40  -708070.937500        0.461299
FIRE:   50 05:37:40  -708070.875000        0.499179
FIRE:   51 05:37:40  -708070.875000        0.517474
FIRE:   52 05:37:40  -708070.875000        0.712855
FIRE:   53 05:37:40  -708070.875000        0.775031
FIRE:   54 05:37:40  -708070.875000        0.753752
FIRE:   55 05:37:40  -708070.875000        0.665859
FIRE:   56 05:37:40  -708070.937500        0.464866
FIRE:   57 05:37:41  -708070.937500        0.599554
FIRE:   58 05:37:41  -708071.000000        0.808836
FIRE:   59 05:37:41  -708071.062500        0.647862
FIRE:   60 05:37:41  -708071.062500        0.280693
FIRE:   61 05:37:41  -708071.125000        0.540232
FIRE:   62 05:37:41  -708071.125000        0.613020
FIRE:   63 05:37:41  -708071.187500        0.308500
FIRE:   64 05:37:41  -708071.250000        0.668871
FIRE:   65 05:37:41  -708071.312500        0.304185
FIRE:   66 05:37:41  -708071.312500        0.664355
FIRE:   67 05:37:41  -708071.375000        0.361815
FIRE:   68 05:37:41  -708071.500000        0.393403
FIRE:   69 05:37:41  -708071.562500        0.685074
FIRE:   70 05:37:41  -708071.750000        1.539535
FIRE:   71 05:37:41  -708071.812500        2.715591
FIRE:   72 05:37:42  -708071.875000        6.160413
FIRE:   73 05:37:42  -708072.062500        0.575070
FIRE:   74 05:37:42  -708071.937500        5.721691
FIRE:   75 05:37:42  -708072.000000        4.167630
FIRE:   76 05:37:42  -708072.062500        1.598112
FIRE:   77 05:37:42  -708072.125000        1.295338
FIRE:   78 05:37:42  -708072.062500        1.223664
FIRE:   79 05:37:42  -708072.062500        1.084673
FIRE:   80 05:37:42  -708072.125000        0.887398
FIRE:   81 05:37:42  -708072.125000        0.646334
FIRE:   82 05:37:42  -708072.125000        0.385467
FIRE:   83 05:37:42  -708072.125000        0.277302
FIRE:   84 05:37:42  -708072.062500        0.318950
FIRE:   85 05:37:42  -708072.062500        0.414719
FIRE:   86 05:37:42  -708072.125000        0.543650
FIRE:   87 05:37:43  -708072.125000        0.568563
FIRE:   88 05:37:43  -708072.125000        0.530047
FIRE:   89 05:37:43  -708072.125000        0.427840
FIRE:   90 05:37:43  -708072.125000        0.287952
FIRE:   91 05:37:43  -708072.187500        0.511316
FIRE:   92 05:37:43  -708072.062500        0.639180
FIRE:   93 05:37:43  -708072.187500        0.485678
FIRE:   94 05:37:43  -708072.187500        0.273528
FIRE:   95 05:37:43  -708072.250000        0.372580
FIRE:   96 05:37:43  -708072.187500        0.362386
FIRE:   97 05:37:43  -708072.187500        0.282805
FIRE:   98 05:37:43  -708072.250000        0.541468
FIRE:   99 05:37:43  -708072.312500        0.303760
FIRE:  100 05:37:44  -708072.375000        0.442250
FIRE:  101 05:37:44  -708072.375000        0.456845
FIRE:  102 05:37:44  -708072.437500        0.233568
FIRE:  103 05:37:44  -708072.562500        0.340176
FIRE:  104 05:37:44  -708072.687500        0.964517
FIRE:  105 05:37:44  -708072.750000        2.085254
FIRE:  106 05:37:44  -708072.750000        5.512851
FIRE:  107 05:37:44  -708072.875000        0.422983
FIRE:  108 05:37:44  -708072.937500        0.392038
FIRE:  109 05:37:44  -708072.937500        0.332984
FIRE:  110 05:37:44  -708072.937500        0.252229
FIRE:  111 05:37:44  -708072.937500        0.228381
FIRE:  112 05:37:44  -708072.937500        0.255529
FIRE:  113 05:37:44  -708072.937500        0.304230
FIRE:  114 05:37:44  -708072.937500        0.330884
FIRE:  115 05:37:45  -708072.937500        0.327150
FIRE:  116 05:37:45  -708072.937500        0.290463
FIRE:  117 05:37:45  -708072.937500        0.233513
FIRE:  118 05:37:45  -708073.000000        0.192003
FIRE:  119 05:37:45  -708073.000000        0.265131
FIRE:  120 05:37:45  -708073.000000        0.249583
FIRE:  121 05:37:45  -708073.000000        0.191510
FIRE:  122 05:37:45  -708073.062500        0.272449
FIRE:  123 05:37:45  -708073.125000        0.281517
FIRE:  124 05:37:45  -708073.125000        0.190801
FIRE:  125 05:37:45  -708073.187500        0.267172
FIRE:  126 05:37:45  -708073.250000        0.295050
FIRE:  127 05:37:45  -708073.312500        0.890682
FIRE:  128 05:37:45  -708073.375000        2.669655
FIRE:  129 05:37:46  -708073.437500        0.155534
FIRE:  130 05:37:46  -708073.375000        2.513750
FIRE:  131 05:37:46  -708073.375000        1.872463
FIRE:  132 05:37:46  -708073.437500        0.776987
FIRE:  133 05:37:46  -708073.437500        0.473863
FIRE:  134 05:37:46  -708073.437500        0.443915
FIRE:  135 05:37:46  -708073.437500        0.385997
FIRE:  136 05:37:46  -708073.437500        0.304265
FIRE:  137 05:37:46  -708073.437500        0.205551
FIRE:  138 05:37:46  -708073.437500        0.164975
FIRE:  139 05:37:46  -708073.437500        0.174718
FIRE:  140 05:37:46  -708073.500000        0.184511
FIRE:  141 05:37:46  -708073.437500        0.218724
FIRE:  142 05:37:46  -708073.437500        0.273416
FIRE:  143 05:37:47  -708073.437500        0.284413
FIRE:  144 05:37:47  -708073.437500        0.240082
FIRE:  145 05:37:47  -708073.437500        0.186319
FIRE:  146 05:37:47  -708073.437500        0.172564
FIRE:  147 05:37:47  -708073.437500        0.169008
FIRE:  148 05:37:47  -708073.437500        0.195182
FIRE:  149 05:37:47  -708073.437500        0.166421
FIRE:  150 05:37:47  -708073.437500        0.173208
FIRE:  151 05:37:47  -708073.437500        0.201063
FIRE:  152 05:37:47  -708073.500000        0.181623
FIRE:  153 05:37:47  -708073.500000        0.159945
FIRE:  154 05:37:47  -708073.500000        0.170066
FIRE:  155 05:37:47  -708073.562500        0.167268
FIRE:  156 05:37:47  -708073.562500        0.175687
FIRE:  157 05:37:48  -708073.562500        0.163976
FIRE:  158 05:37:48  -708073.625000        0.156092
FIRE:  159 05:37:48  -708073.687500        0.150791
FIRE:  160 05:37:48  -708073.687500        0.161446
FIRE:  161 05:37:48  -708073.750000        0.404597
FIRE:  162 05:37:48  -708073.812500        1.563696
FIRE:  163 05:37:48  -708073.750000        5.806679
FIRE:  164 05:37:48  -708073.937500        1.545828
FIRE:  165 05:37:48  -708073.937500        1.076765
FIRE:  166 05:37:48  -708073.937500        0.332584
FIRE:  167 05:37:48  -708073.937500        0.611871
FIRE:  168 05:37:48  -708073.937500        0.566110
FIRE:  169 05:37:48  -708073.937500        0.478435
FIRE:  170 05:37:48  -708073.937500        0.356111
FIRE:  171 05:37:48  -708073.937500        0.209726
FIRE:  172 05:37:48  -708073.937500        0.119729
FIRE:  173 05:37:48  -708073.937500        0.137841
FIRE:  174 05:37:48  -708073.937500        0.207082
FIRE:  175 05:37:49  -708073.937500        0.286093
FIRE:  176 05:37:49  -708073.937500        0.311616
FIRE:  177 05:37:49  -708073.937500        0.269149
FIRE:  178 05:37:49  -708073.937500        0.157777
FIRE:  179 05:37:49  -708073.937500        0.117891
FIRE:  180 05:37:49  -708073.937500        0.192316
FIRE:  181 05:37:49  -708073.937500        0.271631
FIRE:  182 05:37:49  -708073.937500        0.209177
FIRE:  183 05:37:49  -708073.937500        0.110667
FIRE:  184 05:37:49  -708073.937500        0.183201
FIRE:  185 05:37:49  -708074.000000        0.168075
FIRE:  186 05:37:49  -708074.000000        0.118286
FIRE:  187 05:37:49  -708074.000000        0.229793
FIRE:  188 05:37:49  -708074.000000        0.110121
FIRE:  189 05:37:49  -708074.000000        0.190092
FIRE:  190 05:37:49  -708074.062500        0.195497
FIRE:  191 05:37:49  -708074.062500        0.110448
FIRE:  192 05:37:50  -708074.125000        0.148444
FIRE:  193 05:37:50  -708074.125000        0.462156
FIRE:  194 05:37:50  -708074.187500        1.270350
FIRE:  195 05:37:50  -708074.250000        3.629598
FIRE:  196 05:37:50  -708074.375000        0.284678
FIRE:  197 05:37:50  -708074.312500        0.231088
FIRE:  198 05:37:50  -708074.375000        0.136491
FIRE:  199 05:37:50  -708074.375000        0.110205
FIRE:  200 05:37:50  -708074.312500        0.194316
FIRE:  201 05:37:50  -708074.312500        0.228294
FIRE:  202 05:37:50  -708074.312500        0.177911
FIRE:  203 05:37:50  -708074.312500        0.104774
FIRE:  204 05:37:50  -708074.375000        0.127178
FIRE:  205 05:37:50  -708074.375000        0.154972
FIRE:  206 05:37:50  -708074.312500        0.111552
FIRE:  207 05:37:50  -708074.375000        0.105599
FIRE:  208 05:37:50  -708074.312500        0.172821
FIRE:  209 05:37:51  -708074.375000        0.107954
FIRE:  210 05:37:51  -708074.437500        0.119807
FIRE:  211 05:37:51  -708074.375000        0.100255
FIRE:  212 05:37:51  -708074.437500        0.177697
FIRE:  213 05:37:51  -708074.437500        0.112559
FIRE:  214 05:37:51  -708074.437500        0.108593
FIRE:  215 05:37:51  -708074.500000        0.100993
FIRE:  216 05:37:51  -708074.500000        0.135830
FIRE:  217 05:37:51  -708074.562500        0.520644
FIRE:  218 05:37:51  -708074.562500        2.451498
FIRE:  219 05:37:51  -708074.562500        0.459558
FIRE:  220 05:37:51  -708074.625000        0.321535
FIRE:  221 05:37:51  -708074.562500        0.113738
FIRE:  222 05:37:51  -708074.625000        0.165851
FIRE:  223 05:37:51  -708074.562500        0.332531
FIRE:  224 05:37:51  -708074.562500        0.358004
FIRE:  225 05:37:51  -708074.625000        0.241450
FIRE:  226 05:37:52  -708074.625000        0.093426
