      Step     Time          Energy          fmax
FIRE:    0 05:57:41  -544000.062500        4.928736
FIRE:    1 05:57:42  -544000.437500        2.414255
FIRE:    2 05:57:44  -544000.562500        2.622391
FIRE:    3 05:57:44  -544000.625000        2.097499
FIRE:    4 05:57:44  -544000.750000        1.750098
FIRE:    5 05:57:45  -544000.812500        1.356633
FIRE:    6 05:57:45  -544000.812500        1.246239
FIRE:    7 05:57:45  -544000.937500        1.853914
FIRE:    8 05:57:45  -544000.937500        1.940785
FIRE:    9 05:57:45  -544001.062500        1.549558
FIRE:   10 05:57:45  -544001.125000        1.030730
FIRE:   11 05:57:45  -544001.187500        1.091312
FIRE:   12 05:57:46  -544001.250000        0.973629
FIRE:   13 05:57:47  -544001.312500        1.127597
FIRE:   14 05:57:47  -544001.562500        1.129803
FIRE:   15 05:57:47  -544001.375000        0.842027
FIRE:   16 05:57:48  -544001.500000        1.077967
FIRE:   17 05:57:49  -544001.625000        0.954693
FIRE:   18 05:57:49  -544001.687500        0.900390
FIRE:   19 05:57:49  -544001.750000        0.795751
FIRE:   20 05:57:49  -544001.875000        1.167944
FIRE:   21 05:57:49  -544002.000000        1.824518
FIRE:   22 05:57:49  -544001.937500        0.719475
FIRE:   23 05:57:49  -544001.937500        1.103188
FIRE:   24 05:57:49  -544002.062500        0.884405
FIRE:   25 05:57:49  -544002.000000        0.509909
FIRE:   26 05:57:49  -544002.062500        0.376783
FIRE:   27 05:57:49  -544002.000000        0.458914
FIRE:   28 05:57:49  -544002.062500        0.624793
FIRE:   29 05:57:49  -544002.062500        0.646431
FIRE:   30 05:57:49  -544002.062500        0.533561
FIRE:   31 05:57:49  -544002.062500        0.296475
FIRE:   32 05:57:49  -544002.062500        0.381556
FIRE:   33 05:57:50  -544002.125000        0.529773
FIRE:   34 05:57:50  -544002.125000        0.528111
FIRE:   35 05:57:50  -544002.125000        0.416299
FIRE:   36 05:57:50  -544002.125000        0.317985
FIRE:   37 05:57:50  -544002.187500        0.350880
FIRE:   38 05:57:50  -544002.187500        0.338621
FIRE:   39 05:57:50  -544002.250000        0.336585
FIRE:   40 05:57:50  -544002.250000        0.320261
FIRE:   41 05:57:50  -544002.312500        0.497604
FIRE:   42 05:57:50  -544002.375000        0.393556
FIRE:   43 05:57:50  -544002.625000        0.751555
FIRE:   44 05:57:50  -544002.687500        1.050624
FIRE:   45 05:57:50  -544002.750000        3.009255
FIRE:   46 05:57:50  -544002.812500        0.390230
FIRE:   47 05:57:50  -544002.812500        0.390176
FIRE:   48 05:57:51  -544002.812500        0.389990
FIRE:   49 05:57:51  -544002.812500        0.389548
FIRE:   50 05:57:51  -544002.812500        0.388714
FIRE:   51 05:57:51  -544002.875000        0.387436
FIRE:   52 05:57:51  -544002.875000        0.387950
FIRE:   53 05:57:51  -544002.875000        0.390883
FIRE:   54 05:57:51  -544002.875000        0.394661
FIRE:   55 05:57:51  -544002.875000        0.399726
FIRE:   56 05:57:51  -544002.875000        0.407985
FIRE:   57 05:57:51  -544002.875000        0.420367
FIRE:   58 05:57:51  -544002.750000        0.431718
FIRE:   59 05:57:51  -544002.750000        0.431901
FIRE:   60 05:57:51  -544002.812500        0.425952
FIRE:   61 05:57:51  -544002.812500        0.483208
FIRE:   62 05:57:51  -544002.875000        0.554224
FIRE:   63 05:57:52  -544002.937500        0.334249
FIRE:   64 05:57:52  -544003.000000        0.263160
FIRE:   65 05:57:52  -544003.062500        0.221978
FIRE:   66 05:57:52  -544003.125000        0.234067
FIRE:   67 05:57:52  -544003.187500        0.412549
FIRE:   68 05:57:52  -544003.250000        2.151365
FIRE:   69 05:57:52  -544003.312500        0.270847
FIRE:   70 05:57:52  -544003.312500        0.222223
FIRE:   71 05:57:52  -544003.312500        0.191593
FIRE:   72 05:57:52  -544003.312500        0.192939
FIRE:   73 05:57:52  -544003.312500        0.280395
FIRE:   74 05:57:52  -544003.312500        0.302622
FIRE:   75 05:57:52  -544003.312500        0.231372
FIRE:   76 05:57:52  -544003.312500        0.202230
FIRE:   77 05:57:52  -544003.312500        0.206181
FIRE:   78 05:57:52  -544003.312500        0.212255
FIRE:   79 05:57:53  -544003.375000        0.220713
FIRE:   80 05:57:53  -544003.375000        0.230485
FIRE:   81 05:57:53  -544003.375000        0.240701
FIRE:   82 05:57:53  -544003.375000        0.247998
FIRE:   83 05:57:53  -544003.437500        0.231964
FIRE:   84 05:57:53  -544003.437500        0.153591
FIRE:   85 05:57:53  -544003.437500        0.168906
FIRE:   86 05:57:53  -544003.500000        0.179269
FIRE:   87 05:57:53  -544003.500000        0.387661
FIRE:   88 05:57:53  -544003.500000        0.612023
FIRE:   89 05:57:53  -544003.500000        1.575757
FIRE:   90 05:57:53  -544003.562500        3.707848
FIRE:   91 05:57:53  -544003.625000        0.265884
FIRE:   92 05:57:53  -544003.562500        0.221757
FIRE:   93 05:57:53  -544003.625000        0.141833
FIRE:   94 05:57:54  -544003.625000        0.127115
FIRE:   95 05:57:54  -544003.625000        0.123535
FIRE:   96 05:57:54  -544003.625000        0.148681
FIRE:   97 05:57:54  -544003.625000        0.166235
FIRE:   98 05:57:54  -544003.562500        0.148759
FIRE:   99 05:57:54  -544003.687500        0.113048
FIRE:  100 05:57:54  -544003.625000        0.110772
FIRE:  101 05:57:54  -544003.687500        0.150120
FIRE:  102 05:57:54  -544003.625000        0.153248
FIRE:  103 05:57:54  -544003.687500        0.115968
FIRE:  104 05:57:54  -544003.687500        0.104674
FIRE:  105 05:57:54  -544003.687500        0.279323
FIRE:  106 05:57:54  -544003.687500        0.259233
FIRE:  107 05:57:54  -544003.687500        0.119333
FIRE:  108 05:57:54  -544003.750000        0.127188
FIRE:  109 05:57:54  -544003.687500        0.128379
FIRE:  110 05:57:55  -544003.750000        0.133115
FIRE:  111 05:57:55  -544003.750000        0.100667
FIRE:  112 05:57:55  -544003.812500        0.241388
FIRE:  113 05:57:55  -544003.812500        0.860295
FIRE:  114 05:57:55  -544003.750000        3.567031
FIRE:  115 05:57:55  -544003.812500        1.219625
FIRE:  116 05:57:55  -544003.812500        0.831063
FIRE:  117 05:57:55  -544003.812500        0.188030
FIRE:  118 05:57:55  -544003.875000        0.515996
FIRE:  119 05:57:55  -544003.812500        0.470385
FIRE:  120 05:57:55  -544003.812500        0.383086
FIRE:  121 05:57:55  -544003.812500        0.262056
FIRE:  122 05:57:55  -544003.812500        0.118959
FIRE:  123 05:57:55  -544003.812500        0.103862
FIRE:  124 05:57:55  -544003.812500        0.163600
FIRE:  125 05:57:56  -544003.875000        0.261342
FIRE:  126 05:57:56  -544003.812500        0.318752
FIRE:  127 05:57:56  -544003.812500        0.320925
FIRE:  128 05:57:56  -544003.812500        0.257600
FIRE:  129 05:57:56  -544003.812500        0.129910
FIRE:  130 05:57:56  -544003.875000        0.087388
FIRE:  131 05:57:56  -544003.875000        0.177549
FIRE:  132 05:57:56  -544003.812500        0.211553
FIRE:  133 05:57:56  -544003.875000        0.105171
FIRE:  134 05:57:56  -544003.875000        0.102969
FIRE:  135 05:57:56  -544003.875000        0.230394
FIRE:  136 05:57:56  -544003.812500        0.185106
FIRE:  137 05:57:56  -544003.812500        0.108766
FIRE:  138 05:57:56  -544003.812500        0.140398
FIRE:  139 05:57:56  -544003.875000        0.145081
FIRE:  140 05:57:56  -544003.937500        0.134073
FIRE:  141 05:57:57  -544003.875000        0.206400
FIRE:  142 05:57:57  -544003.937500        0.199571
FIRE:  143 05:57:57  -544003.937500        0.157484
FIRE:  144 05:57:57  -544003.875000        0.213307
FIRE:  145 05:57:57  -544003.937500        0.631340
FIRE:  146 05:57:57  -544003.875000        2.217210
FIRE:  147 05:57:57  -544004.000000        0.371806
FIRE:  148 05:57:57  -544003.937500        0.297772
FIRE:  149 05:57:57  -544003.937500        0.305919
FIRE:  150 05:57:57  -544004.000000        0.245051
FIRE:  151 05:57:57  -544004.000000        0.263548
FIRE:  152 05:57:57  -544004.000000        0.282615
FIRE:  153 05:57:57  -544004.000000        0.307748
FIRE:  154 05:57:57  -544004.000000        0.278231
FIRE:  155 05:57:57  -544004.000000        0.159803
FIRE:  156 05:57:57  -544003.937500        0.200688
FIRE:  157 05:57:58  -544004.000000        0.115939
FIRE:  158 05:57:58  -544004.000000        0.120623
FIRE:  159 05:57:58  -544004.000000        0.207302
FIRE:  160 05:57:58  -544004.000000        0.106082
FIRE:  161 05:57:58  -544004.000000        0.165885
FIRE:  162 05:57:58  -544004.000000        0.228221
FIRE:  163 05:57:58  -544003.937500        0.214527
FIRE:  164 05:57:58  -544004.000000        0.113728
FIRE:  165 05:57:58  -544004.062500        0.077741
FIRE:  166 05:57:58  -544004.062500        0.178776
FIRE:  167 05:57:58  -544004.000000        0.368828
FIRE:  168 05:57:58  -544004.062500        1.161472
FIRE:  169 05:57:58  -544004.062500        0.088993
FIRE:  170 05:57:58  -544004.000000        0.084262
FIRE:  171 05:57:58  -544004.000000        0.074608
FIRE:  172 05:57:59  -544004.062500        0.059783
FIRE:  173 05:57:59  -544004.062500        0.048347
