      Step     Time          Energy          fmax
FIRE:    0 05:03:35  -631395.875000        5.009570
FIRE:    1 05:03:36  -631397.625000        3.458108
FIRE:    2 05:03:38  -631398.687500        3.277386
FIRE:    3 05:03:38  -631399.125000        3.304086
FIRE:    4 05:03:38  -631399.625000        4.720901
FIRE:    5 05:03:38  -631400.437500        6.514538
FIRE:    6 05:03:38  -631401.625000        6.788905
FIRE:    7 05:03:38  -631403.187500        6.555371
FIRE:    8 05:03:38  -631404.937500        5.809351
FIRE:    9 05:03:38  -631406.500000        2.841216
FIRE:   10 05:03:38  -631407.062500        4.267500
FIRE:   11 05:03:38  -631407.250000        5.504381
FIRE:   12 05:03:38  -631407.375000        5.207383
FIRE:   13 05:03:38  -631407.687500        4.614342
FIRE:   14 05:03:38  -631407.812500        3.737010
FIRE:   15 05:03:38  -631408.062500        2.612880
FIRE:   16 05:03:39  -631408.312500        1.731373
FIRE:   17 05:03:39  -631408.437500        1.778549
FIRE:   18 05:03:39  -631408.625000        1.935841
FIRE:   19 05:03:39  -631408.625000        2.181883
FIRE:   20 05:03:39  -631408.812500        2.606371
FIRE:   21 05:03:39  -631408.937500        2.530653
FIRE:   22 05:03:39  -631409.187500        2.372793
FIRE:   23 05:03:39  -631409.312500        1.905473
FIRE:   24 05:03:39  -631409.687500        1.744165
FIRE:   25 05:03:39  -631410.000000        2.809276
FIRE:   26 05:03:40  -631410.125000        2.863824
FIRE:   27 05:03:40  -631411.187500        1.782919
FIRE:   28 05:03:41  -631411.062500        1.876373
FIRE:   29 05:03:41  -631412.250000        2.039658
FIRE:   30 05:03:41  -631412.437500        1.680363
FIRE:   31 05:03:41  -631412.937500        1.338758
FIRE:   32 05:03:41  -631412.437500        3.796631
FIRE:   33 05:03:41  -631412.562500        3.028219
FIRE:   34 05:03:41  -631413.437500        1.884957
FIRE:   35 05:03:41  -631413.562500        0.904325
FIRE:   36 05:03:41  -631412.875000        0.920786
FIRE:   37 05:03:41  -631413.625000        0.969239
FIRE:   38 05:03:41  -631413.687500        1.187722
FIRE:   39 05:03:41  -631413.500000        1.297492
FIRE:   40 05:03:41  -631413.500000        1.276751
FIRE:   41 05:03:41  -631413.687500        1.159971
FIRE:   42 05:03:41  -631413.375000        0.921273
FIRE:   43 05:03:42  -631413.937500        0.661675
FIRE:   44 05:03:42  -631413.687500        1.565658
FIRE:   45 05:03:42  -631413.812500        1.909052
FIRE:   46 05:03:42  -631414.062500        0.770192
FIRE:   47 05:03:42  -631414.187500        1.115355
FIRE:   48 05:03:42  -631414.875000        2.651182
FIRE:   49 05:03:42  -631414.625000        5.377907
FIRE:   50 05:03:42  -631414.750000        1.867060
FIRE:   51 05:03:42  -631414.750000        1.357544
FIRE:   52 05:03:42  -631414.750000        0.699648
FIRE:   53 05:03:42  -631415.187500        0.636573
FIRE:   54 05:03:42  -631415.125000        1.360874
FIRE:   55 05:03:42  -631415.250000        1.247935
FIRE:   56 05:03:42  -631414.750000        1.033687
FIRE:   57 05:03:42  -631414.812500        0.740534
FIRE:   58 05:03:42  -631415.187500        0.499160
FIRE:   59 05:03:43  -631414.875000        0.482941
FIRE:   60 05:03:43  -631414.812500        0.463794
FIRE:   61 05:03:43  -631414.875000        0.518826
FIRE:   62 05:03:43  -631414.750000        0.682150
FIRE:   63 05:03:43  -631414.625000        0.730811
FIRE:   64 05:03:43  -631414.750000        0.636805
FIRE:   65 05:03:43  -631414.625000        0.432451
FIRE:   66 05:03:43  -631414.625000        0.460687
FIRE:   67 05:03:43  -631414.812500        0.488579
FIRE:   68 05:03:43  -631414.812500        0.557504
FIRE:   69 05:03:43  -631414.750000        0.533388
FIRE:   70 05:03:43  -631414.875000        0.541187
FIRE:   71 05:03:43  -631414.875000        0.531383
FIRE:   72 05:03:43  -631414.937500        0.505745
FIRE:   73 05:03:43  -631415.125000        0.476851
FIRE:   74 05:03:44  -631414.937500        0.484627
FIRE:   75 05:03:44  -631415.125000        0.493281
FIRE:   76 05:03:44  -631415.437500        0.506224
FIRE:   77 05:03:44  -631415.875000        0.519902
FIRE:   78 05:03:44  -631416.000000        0.668415
FIRE:   79 05:03:44  -631415.562500        0.772611
FIRE:   80 05:03:44  -631415.812500        1.012305
FIRE:   81 05:03:44  -631416.187500        1.974695
FIRE:   82 05:03:44  -631416.625000        3.134303
FIRE:   83 05:03:44  -631416.937500        3.684498
FIRE:   84 05:03:44  -631417.000000        0.938443
FIRE:   85 05:03:44  -631417.000000        0.930626
FIRE:   86 05:03:44  -631416.750000        0.915407
FIRE:   87 05:03:44  -631417.062500        0.893688
FIRE:   88 05:03:44  -631417.125000        0.885134
FIRE:   89 05:03:44  -631417.125000        0.888662
FIRE:   90 05:03:45  -631417.062500        0.885983
FIRE:   91 05:03:45  -631417.062500        0.874393
FIRE:   92 05:03:45  -631417.250000        0.848562
FIRE:   93 05:03:45  -631417.125000        0.802744
FIRE:   94 05:03:45  -631417.187500        0.728663
FIRE:   95 05:03:45  -631417.250000        0.623863
FIRE:   96 05:03:45  -631417.312500        0.505561
FIRE:   97 05:03:45  -631417.250000        0.381140
FIRE:   98 05:03:45  -631417.437500        1.050145
FIRE:   99 05:03:45  -631417.500000        0.596226
FIRE:  100 05:03:45  -631417.562500        0.771302
FIRE:  101 05:03:45  -631417.750000        0.740527
FIRE:  102 05:03:45  -631417.750000        0.644246
FIRE:  103 05:03:45  -631417.812500        0.737640
FIRE:  104 05:03:45  -631417.875000        0.804739
FIRE:  105 05:03:45  -631418.000000        1.833985
FIRE:  106 05:03:46  -631418.125000        0.522563
FIRE:  107 05:03:46  -631418.125000        0.505651
FIRE:  108 05:03:46  -631418.125000        0.474088
FIRE:  109 05:03:46  -631418.250000        0.432638
FIRE:  110 05:03:46  -631418.125000        0.388684
FIRE:  111 05:03:46  -631418.125000        0.356609
FIRE:  112 05:03:46  -631418.187500        0.364857
FIRE:  113 05:03:46  -631418.062500        0.371214
FIRE:  114 05:03:46  -631418.312500        0.365331
FIRE:  115 05:03:46  -631418.125000        0.347883
FIRE:  116 05:03:46  -631418.062500        0.331806
FIRE:  117 05:03:48  -631418.062500        0.334991
FIRE:  118 05:03:48  -631418.062500        0.356190
FIRE:  119 05:03:48  -631418.187500        0.371836
FIRE:  120 05:03:48  -631418.187500        0.365892
FIRE:  121 05:03:48  -631418.250000        0.355133
FIRE:  122 05:03:48  -631418.250000        0.345087
FIRE:  123 05:03:48  -631418.500000        0.342756
FIRE:  124 05:03:48  -631418.500000        0.399250
FIRE:  125 05:03:48  -631418.625000        0.429605
FIRE:  126 05:03:48  -631419.250000        0.948982
FIRE:  127 05:03:48  -631419.312500        2.502143
FIRE:  128 05:03:48  -631419.375000        0.554342
FIRE:  129 05:03:48  -631419.312500        2.565779
FIRE:  130 05:03:48  -631419.312500        1.813682
FIRE:  131 05:03:48  -631419.375000        0.601583
FIRE:  132 05:03:49  -631419.375000        0.655727
FIRE:  133 05:03:49  -631419.375000        0.615836
FIRE:  134 05:03:49  -631419.375000        0.564042
FIRE:  135 05:03:49  -631419.375000        0.564895
FIRE:  136 05:03:49  -631419.375000        0.566038
FIRE:  137 05:03:49  -631419.375000        0.567496
FIRE:  138 05:03:49  -631419.375000        0.569270
FIRE:  139 05:03:49  -631419.375000        0.571360
FIRE:  140 05:03:49  -631419.375000        0.573991
FIRE:  141 05:03:49  -631419.375000        0.577239
FIRE:  142 05:03:49  -631419.375000        0.581185
FIRE:  143 05:03:49  -631419.375000        0.585974
FIRE:  144 05:03:49  -631419.437500        0.591813
FIRE:  145 05:03:49  -631419.437500        0.599049
FIRE:  146 05:03:49  -631419.437500        0.608153
FIRE:  147 05:03:49  -631419.437500        0.619798
FIRE:  148 05:03:49  -631419.437500        0.635405
FIRE:  149 05:03:49  -631419.437500        0.658034
FIRE:  150 05:03:49  -631419.500000        0.693506
FIRE:  151 05:03:50  -631419.500000        0.767317
FIRE:  152 05:03:50  -631419.562500        0.653737
FIRE:  153 05:03:50  -631419.562500        0.464823
FIRE:  154 05:03:50  -631419.625000        0.315063
FIRE:  155 05:03:50  -631419.625000        0.383341
FIRE:  156 05:03:50  -631419.687500        0.507163
FIRE:  157 05:03:50  -631419.250000        0.687427
FIRE:  158 05:03:50  -631419.437500        0.793954
FIRE:  159 05:03:50  -631419.500000        0.531850
FIRE:  160 05:03:50  -631419.562500        0.929065
FIRE:  161 05:03:50  -631419.625000        2.668604
FIRE:  162 05:03:50  -631419.562500        0.455911
FIRE:  163 05:03:50  -631419.750000        2.812150
FIRE:  164 05:03:50  -631419.687500        1.950728
FIRE:  165 05:03:50  -631419.750000        0.583220
FIRE:  166 05:03:50  -631419.750000        0.800213
FIRE:  167 05:03:50  -631419.750000        0.750045
FIRE:  168 05:03:50  -631419.750000        0.652463
FIRE:  169 05:03:51  -631419.750000        0.513206
FIRE:  170 05:03:51  -631419.687500        0.454052
FIRE:  171 05:03:51  -631419.562500        0.454769
FIRE:  172 05:03:51  -631419.812500        0.455653
FIRE:  173 05:03:51  -631419.562500        0.456721
FIRE:  174 05:03:51  -631419.500000        0.458071
FIRE:  175 05:03:51  -631419.812500        0.459735
FIRE:  176 05:03:51  -631419.812500        0.461753
FIRE:  177 05:03:51  -631419.812500        0.464178
FIRE:  178 05:03:51  -631420.312500        0.467055
FIRE:  179 05:03:51  -631420.312500        0.470465
FIRE:  180 05:03:51  -631420.312500        0.474438
FIRE:  181 05:03:51  -631420.312500        0.478950
FIRE:  182 05:03:51  -631420.312500        0.483945
FIRE:  183 05:03:51  -631420.375000        0.489348
FIRE:  184 05:03:51  -631420.375000        0.495003
FIRE:  185 05:03:51  -631420.375000        0.500703
FIRE:  186 05:03:52  -631420.437500        0.506026
FIRE:  187 05:03:52  -631420.437500        0.510303
FIRE:  188 05:03:52  -631420.062500        0.513319
FIRE:  189 05:03:52  -631420.125000        0.515733
FIRE:  190 05:03:52  -631420.250000        0.515373
FIRE:  191 05:03:52  -631420.062500        0.538431
FIRE:  192 05:03:52  -631420.312500        0.552710
FIRE:  193 05:03:52  -631420.500000        0.502459
FIRE:  194 05:03:52  -631420.687500        0.771898
FIRE:  195 05:03:52  -631420.625000        2.461111
FIRE:  196 05:03:52  -631420.687500        0.936876
FIRE:  197 05:03:52  -631420.687500        2.583412
FIRE:  198 05:03:52  -631420.687500        1.787881
FIRE:  199 05:03:52  -631420.625000        0.738704
FIRE:  200 05:03:52  -631420.625000        0.740030
FIRE:  201 05:03:52  -631420.625000        0.692448
FIRE:  202 05:03:53  -631420.625000        0.685665
FIRE:  203 05:03:53  -631420.625000        0.678059
FIRE:  204 05:03:53  -631420.625000        0.667864
FIRE:  205 05:03:53  -631420.812500        0.655004
FIRE:  206 05:03:53  -631420.750000        0.639410
FIRE:  207 05:03:53  -631420.750000        0.621241
FIRE:  208 05:03:53  -631420.875000        0.598585
FIRE:  209 05:03:53  -631420.750000        0.570903
FIRE:  210 05:03:53  -631420.812500        0.537427
FIRE:  211 05:03:53  -631420.812500        0.498181
FIRE:  212 05:03:53  -631420.750000        0.452710
FIRE:  213 05:03:53  -631420.812500        0.400884
FIRE:  214 05:03:53  -631420.812500        0.378427
FIRE:  215 05:03:53  -631420.812500        0.372382
FIRE:  216 05:03:53  -631420.812500        0.364618
FIRE:  217 05:03:53  -631420.687500        0.355846
FIRE:  218 05:03:53  -631420.875000        0.346879
FIRE:  219 05:03:54  -631420.937500        0.335753
FIRE:  220 05:03:54  -631420.875000        0.290319
FIRE:  221 05:03:54  -631420.875000        0.288511
FIRE:  222 05:03:54  -631420.937500        0.279568
FIRE:  223 05:03:54  -631421.000000        0.265584
FIRE:  224 05:03:54  -631421.562500        0.310271
FIRE:  225 05:03:54  -631421.625000        0.341376
FIRE:  226 05:03:54  -631421.625000        0.366292
FIRE:  227 05:03:54  -631421.687500        0.629323
FIRE:  228 05:03:54  -631421.062500        1.413525
FIRE:  229 05:03:54  -631421.062500        0.263970
FIRE:  230 05:03:54  -631421.000000        1.276118
FIRE:  231 05:03:54  -631421.000000        0.959450
FIRE:  232 05:03:54  -631421.062500        0.420137
FIRE:  233 05:03:54  -631421.062500        0.206676
FIRE:  234 05:03:54  -631421.000000        0.206059
FIRE:  235 05:03:55  -631421.062500        0.204831
FIRE:  236 05:03:55  -631421.000000        0.203012
FIRE:  237 05:03:55  -631421.062500        0.200620
FIRE:  238 05:03:55  -631421.062500        0.197670
FIRE:  239 05:03:55  -631421.000000        0.194211
FIRE:  240 05:03:55  -631421.062500        0.190308
FIRE:  241 05:03:55  -631421.000000        0.185542
FIRE:  242 05:03:55  -631421.062500        0.179902
FIRE:  243 05:03:55  -631421.062500        0.173386
FIRE:  244 05:03:55  -631421.062500        0.166061
FIRE:  245 05:03:55  -631421.000000        0.158142
FIRE:  246 05:03:55  -631421.062500        0.157404
FIRE:  247 05:03:55  -631421.000000        0.158949
FIRE:  248 05:03:55  -631421.000000        0.160674
FIRE:  249 05:03:55  -631421.062500        0.162497
FIRE:  250 05:03:55  -631421.750000        0.164292
FIRE:  251 05:03:56  -631421.812500        0.165891
FIRE:  252 05:03:56  -631421.812500        0.167061
FIRE:  253 05:03:56  -631421.125000        0.167576
FIRE:  254 05:03:56  -631421.125000        0.167169
FIRE:  255 05:03:56  -631421.125000        0.165638
FIRE:  256 05:03:56  -631421.812500        0.162741
FIRE:  257 05:03:56  -631421.875000        0.158297
FIRE:  258 05:03:56  -631421.875000        0.152289
FIRE:  259 05:03:56  -631421.125000        0.145354
FIRE:  260 05:03:56  -631421.437500        0.188120
FIRE:  261 05:03:56  -631421.437500        0.500286
FIRE:  262 05:03:56  -631421.875000        1.311046
FIRE:  263 05:03:56  -631421.500000        0.129229
FIRE:  264 05:03:56  -631421.312500        1.221433
FIRE:  265 05:03:57  -631421.375000        0.908930
FIRE:  266 05:03:57  -631421.375000        0.378611
FIRE:  267 05:03:57  -631421.437500        0.219923
FIRE:  268 05:03:57  -631421.500000        0.207122
FIRE:  269 05:03:57  -631421.500000        0.182358
FIRE:  270 05:03:57  -631421.375000        0.147270
FIRE:  271 05:03:57  -631421.812500        0.131309
FIRE:  272 05:03:57  -631421.375000        0.131433
FIRE:  273 05:03:57  -631421.437500        0.131597
FIRE:  274 05:03:57  -631421.375000        0.131779
FIRE:  275 05:03:57  -631421.812500        0.131999
FIRE:  276 05:03:57  -631421.312500        0.132275
FIRE:  277 05:03:57  -631421.312500        0.132607
FIRE:  278 05:03:57  -631421.500000        0.132999
FIRE:  279 05:03:58  -631421.500000        0.133452
FIRE:  280 05:03:58  -631421.437500        0.133979
FIRE:  281 05:03:58  -631421.312500        0.134569
FIRE:  282 05:03:58  -631421.375000        0.135232
FIRE:  283 05:03:58  -631421.437500        0.135937
FIRE:  284 05:03:58  -631421.500000        0.136677
FIRE:  285 05:03:58  -631421.562500        0.137411
FIRE:  286 05:03:58  -631421.375000        0.138137
FIRE:  287 05:03:58  -631421.875000        0.138811
FIRE:  288 05:03:58  -631421.562500        0.139444
FIRE:  289 05:03:58  -631421.437500        0.140106
FIRE:  290 05:03:58  -631421.375000        0.140894
FIRE:  291 05:03:58  -631421.312500        0.141974
FIRE:  292 05:03:58  -631421.500000        0.143977
FIRE:  293 05:03:59  -631421.375000        0.146678
FIRE:  294 05:03:59  -631422.187500        0.188320
FIRE:  295 05:03:59  -631422.187500        0.525497
FIRE:  296 05:03:59  -631422.000000        1.417040
FIRE:  297 05:03:59  -631422.250000        0.151993
FIRE:  298 05:03:59  -631422.187500        1.357532
FIRE:  299 05:03:59  -631422.250000        0.996125
FIRE:  300 05:03:59  -631422.250000        0.388935
FIRE:  301 05:03:59  -631422.250000        0.284981
FIRE:  302 05:03:59  -631422.250000        0.267936
FIRE:  303 05:03:59  -631422.250000        0.234825
FIRE:  304 05:03:59  -631422.250000        0.187795
FIRE:  305 05:03:59  -631422.250000        0.151481
FIRE:  306 05:03:59  -631422.125000        0.151526
FIRE:  307 05:03:59  -631422.250000        0.151559
FIRE:  308 05:04:00  -631422.250000        0.151608
FIRE:  309 05:04:00  -631422.250000        0.151658
FIRE:  310 05:04:00  -631422.250000        0.151723
FIRE:  311 05:04:00  -631422.250000        0.151788
FIRE:  312 05:04:00  -631422.250000        0.151857
FIRE:  313 05:04:00  -631422.250000        0.151930
FIRE:  314 05:04:00  -631422.250000        0.152011
FIRE:  315 05:04:00  -631422.250000        0.152097
FIRE:  316 05:04:00  -631422.250000        0.152209
FIRE:  317 05:04:00  -631422.250000        0.152322
FIRE:  318 05:04:00  -631422.250000        0.152455
FIRE:  319 05:04:00  -631422.250000        0.152579
FIRE:  320 05:04:00  -631422.250000        0.152689
FIRE:  321 05:04:00  -631422.250000        0.152783
FIRE:  322 05:04:01  -631422.250000        0.152997
FIRE:  323 05:04:01  -631422.312500        0.153487
FIRE:  324 05:04:01  -631422.312500        0.154421
FIRE:  325 05:04:01  -631422.312500        0.155906
FIRE:  326 05:04:01  -631422.312500        0.158354
FIRE:  327 05:04:01  -631422.187500        0.163921
FIRE:  328 05:04:01  -631421.812500        0.182578
FIRE:  329 05:04:01  -631421.875000        0.553734
FIRE:  330 05:04:01  -631422.437500        1.620084
FIRE:  331 05:04:01  -631422.437500        0.168384
FIRE:  332 05:04:01  -631422.437500        1.587962
FIRE:  333 05:04:01  -631422.437500        1.147220
FIRE:  334 05:04:01  -631422.250000        0.416235
FIRE:  335 05:04:01  -631422.312500        0.376542
FIRE:  336 05:04:02  -631422.437500        0.353391
FIRE:  337 05:04:02  -631422.437500        0.308584
FIRE:  338 05:04:02  -631422.437500        0.244794
FIRE:  339 05:04:02  -631422.437500        0.167410
FIRE:  340 05:04:02  -631422.437500        0.167469
FIRE:  341 05:04:02  -631422.437500        0.167529
FIRE:  342 05:04:02  -631422.437500        0.167595
FIRE:  343 05:04:02  -631422.437500        0.167671
FIRE:  344 05:04:02  -631422.437500        0.191606
FIRE:  345 05:04:02  -631422.437500        0.196806
FIRE:  346 05:04:02  -631422.437500        0.167988
FIRE:  347 05:04:02  -631422.437500        0.168117
FIRE:  348 05:04:02  -631422.437500        0.168254
FIRE:  349 05:04:02  -631422.437500        0.168398
FIRE:  350 05:04:02  -631422.500000        0.168558
FIRE:  351 05:04:03  -631422.500000        0.168910
FIRE:  352 05:04:03  -631422.500000        0.169446
FIRE:  353 05:04:03  -631422.500000        0.169980
FIRE:  354 05:04:03  -631422.500000        0.170489
FIRE:  355 05:04:03  -631422.500000        0.170938
FIRE:  356 05:04:03  -631422.500000        0.171364
FIRE:  357 05:04:03  -631422.500000        0.171833
FIRE:  358 05:04:03  -631422.500000        0.172511
FIRE:  359 05:04:03  -631422.437500        0.175056
FIRE:  360 05:04:03  -631422.562500        0.177620
FIRE:  361 05:04:03  -631422.562500        0.174866
FIRE:  362 05:04:03  -631421.875000        0.156371
FIRE:  363 05:04:03  -631422.625000        0.442608
FIRE:  364 05:04:03  -631421.937500        1.606120
FIRE:  365 05:04:04  -631422.000000        0.189848
FIRE:  366 05:04:04  -631422.000000        0.189341
FIRE:  367 05:04:04  -631421.937500        0.188376
FIRE:  368 05:04:04  -631422.000000        0.187084
FIRE:  369 05:04:04  -631422.000000        0.185621
FIRE:  370 05:04:04  -631422.000000        0.184179
FIRE:  371 05:04:04  -631422.000000        0.182916
FIRE:  372 05:04:04  -631422.000000        0.181921
FIRE:  373 05:04:04  -631422.000000        0.181186
FIRE:  374 05:04:04  -631422.000000        0.180790
FIRE:  375 05:04:04  -631422.000000        0.180672
FIRE:  376 05:04:04  -631422.000000        0.180712
FIRE:  377 05:04:04  -631422.062500        0.180589
FIRE:  378 05:04:04  -631422.062500        0.179865
FIRE:  379 05:04:04  -631421.937500        0.177955
FIRE:  380 05:04:05  -631421.937500        0.174196
FIRE:  381 05:04:05  -631422.312500        0.166929
FIRE:  382 05:04:05  -631422.312500        0.158404
FIRE:  383 05:04:05  -631422.000000        0.161107
FIRE:  384 05:04:05  -631422.312500        0.160709
FIRE:  385 05:04:05  -631422.750000        0.281978
FIRE:  386 05:04:05  -631422.875000        0.973741
FIRE:  387 05:04:05  -631422.875000        3.484958
FIRE:  388 05:04:05  -631422.937500        0.901478
FIRE:  389 05:04:05  -631422.937500        0.650699
FIRE:  390 05:04:05  -631422.937500        0.208849
FIRE:  391 05:04:05  -631422.937500        0.295675
FIRE:  392 05:04:05  -631422.937500        0.274403
FIRE:  393 05:04:05  -631422.937500        0.233559
FIRE:  394 05:04:06  -631422.937500        0.176580
FIRE:  395 05:04:06  -631422.937500        0.142756
FIRE:  396 05:04:06  -631422.937500        0.142585
FIRE:  397 05:04:06  -631422.937500        0.142416
FIRE:  398 05:04:06  -631422.937500        0.142246
FIRE:  399 05:04:06  -631422.812500        0.142084
FIRE:  400 05:04:06  -631422.937500        0.147922
FIRE:  401 05:04:06  -631422.937500        0.141854
FIRE:  402 05:04:06  -631422.937500        0.141845
FIRE:  403 05:04:06  -631422.937500        0.141931
FIRE:  404 05:04:06  -631422.937500        0.142109
FIRE:  405 05:04:06  -631422.937500        0.142363
FIRE:  406 05:04:06  -631422.812500        0.142625
FIRE:  407 05:04:06  -631422.937500        0.142792
FIRE:  408 05:04:06  -631422.937500        0.142674
FIRE:  409 05:04:06  -631422.937500        0.142085
FIRE:  410 05:04:06  -631422.937500        0.140873
FIRE:  411 05:04:06  -631422.937500        0.138934
FIRE:  412 05:04:07  -631422.750000        0.136604
FIRE:  413 05:04:07  -631423.000000        0.134583
FIRE:  414 05:04:07  -631422.312500        0.134154
FIRE:  415 05:04:07  -631422.312500        0.136743
FIRE:  416 05:04:07  -631422.312500        0.136550
FIRE:  417 05:04:07  -631422.312500        0.284120
FIRE:  418 05:04:07  -631422.375000        0.703452
FIRE:  419 05:04:07  -631422.375000        1.878045
FIRE:  420 05:04:07  -631422.375000        0.120255
FIRE:  421 05:04:07  -631422.312500        0.120056
FIRE:  422 05:04:07  -631422.375000        0.119679
FIRE:  423 05:04:07  -631422.312500        0.119217
FIRE:  424 05:04:07  -631422.250000        0.118768
FIRE:  425 05:04:07  -631422.312500        0.118426
FIRE:  426 05:04:07  -631422.375000        0.118263
FIRE:  427 05:04:07  -631422.312500        0.118323
FIRE:  428 05:04:08  -631422.375000        0.118641
FIRE:  429 05:04:08  -631422.250000        0.119200
FIRE:  430 05:04:08  -631422.437500        0.119937
FIRE:  431 05:04:08  -631422.437500        0.120678
FIRE:  432 05:04:08  -631422.437500        0.121121
FIRE:  433 05:04:08  -631422.437500        0.120897
FIRE:  434 05:04:08  -631422.437500        0.119705
FIRE:  435 05:04:08  -631422.437500        0.117656
FIRE:  436 05:04:08  -631422.437500        0.115510
FIRE:  437 05:04:08  -631422.437500        0.114364
FIRE:  438 05:04:08  -631422.375000        0.114915
FIRE:  439 05:04:08  -631422.500000        0.115986
FIRE:  440 05:04:08  -631422.500000        0.196857
FIRE:  441 05:04:08  -631422.500000        0.697365
FIRE:  442 05:04:08  -631423.187500        2.064123
FIRE:  443 05:04:09  -631423.250000        0.110744
FIRE:  444 05:04:09  -631423.187500        2.141044
FIRE:  445 05:04:09  -631423.250000        1.496514
FIRE:  446 05:04:09  -631423.250000        0.456869
FIRE:  447 05:04:09  -631423.250000        0.624291
FIRE:  448 05:04:09  -631423.250000        0.583446
FIRE:  449 05:04:09  -631423.250000        0.504140
FIRE:  450 05:04:09  -631423.250000        0.391187
FIRE:  451 05:04:09  -631423.250000        0.251822
FIRE:  452 05:04:09  -631423.250000        0.110734
FIRE:  453 05:04:09  -631423.250000        0.110818
FIRE:  454 05:04:09  -631423.250000        0.192503
FIRE:  455 05:04:09  -631423.250000        0.297484
FIRE:  456 05:04:09  -631423.250000        0.355742
FIRE:  457 05:04:10  -631423.250000        0.351412
FIRE:  458 05:04:10  -631423.250000        0.273951
FIRE:  459 05:04:10  -631423.250000        0.125618
FIRE:  460 05:04:10  -631423.250000        0.111558
FIRE:  461 05:04:10  -631423.250000        0.220957
FIRE:  462 05:04:10  -631423.250000        0.267863
FIRE:  463 05:04:10  -631423.250000        0.164527
FIRE:  464 05:04:10  -631423.250000        0.111926
FIRE:  465 05:04:10  -631423.125000        0.235266
FIRE:  466 05:04:10  -631423.250000        0.168517
FIRE:  467 05:04:10  -631423.250000        0.112003
FIRE:  468 05:04:10  -631423.250000        0.202957
FIRE:  469 05:04:10  -631423.250000        0.112250
FIRE:  470 05:04:10  -631423.250000        0.183712
FIRE:  471 05:04:11  -631422.625000        0.203290
FIRE:  472 05:04:11  -631422.625000        0.113959
FIRE:  473 05:04:11  -631422.562500        0.113748
FIRE:  474 05:04:11  -631422.625000        0.217987
FIRE:  475 05:04:11  -631422.625000        0.714933
FIRE:  476 05:04:11  -631422.625000        1.983981
FIRE:  477 05:04:11  -631422.625000        0.116755
FIRE:  478 05:04:11  -631422.625000        0.113547
FIRE:  479 05:04:11  -631422.625000        0.107430
FIRE:  480 05:04:11  -631422.625000        0.098989
FIRE:  481 05:04:11  -631422.687500        0.089015
FIRE:  482 05:04:11  -631422.687500        0.078416
FIRE:  483 05:04:11  -631422.687500        0.067890
FIRE:  484 05:04:11  -631422.687500        0.057957
FIRE:  485 05:04:11  -631422.625000        0.061456
FIRE:  486 05:04:12  -631422.687500        0.067055
FIRE:  487 05:04:12  -631422.687500        0.072241
FIRE:  488 05:04:12  -631422.562500        0.076280
FIRE:  489 05:04:12  -631422.687500        0.078455
FIRE:  490 05:04:12  -631422.625000        0.078269
FIRE:  491 05:04:12  -631422.687500        0.075549
FIRE:  492 05:04:12  -631423.375000        0.070535
FIRE:  493 05:04:12  -631423.375000        0.063753
FIRE:  494 05:04:12  -631423.437500        0.061342
FIRE:  495 05:04:12  -631423.437500        0.067659
FIRE:  496 05:04:12  -631423.437500        0.134968
FIRE:  497 05:04:12  -631423.437500        0.374510
FIRE:  498 05:04:12  -631423.437500        1.086151
FIRE:  499 05:04:12  -631423.312500        0.055972
FIRE:  500 05:04:13  -631423.437500        1.025257
FIRE:  501 05:04:13  -631423.437500        0.755340
FIRE:  502 05:04:13  -631423.437500        0.297812
FIRE:  503 05:04:13  -631423.500000        0.214288
FIRE:  504 05:04:13  -631423.500000        0.201336
FIRE:  505 05:04:13  -631423.500000        0.176283
FIRE:  506 05:04:13  -631423.500000        0.140769
FIRE:  507 05:04:13  -631423.500000        0.097284
FIRE:  508 05:04:13  -631423.500000        0.050363
FIRE:  509 05:04:13  -631423.500000        0.050327
FIRE:  510 05:04:13  -631423.500000        0.050302
FIRE:  511 05:04:13  -631423.500000        0.080681
FIRE:  512 05:04:13  -631423.500000        0.104731
FIRE:  513 05:04:13  -631423.500000        0.109570
FIRE:  514 05:04:14  -631423.500000        0.090258
FIRE:  515 05:04:14  -631423.312500        0.050077
FIRE:  516 05:04:14  -631423.500000        0.050001
FIRE:  517 05:04:14  -631423.500000        0.069835
FIRE:  518 05:04:14  -631423.500000        0.091952
FIRE:  519 05:04:14  -631423.500000        0.063395
FIRE:  520 05:04:14  -631423.500000        0.049446
