      Step     Time          Energy          fmax
FIRE:    0 06:35:22 -2452639.500000        7.649396
FIRE:    1 06:35:23 -2452645.500000        5.309989
FIRE:    2 06:35:25 -2452649.750000        4.013703
FIRE:    3 06:35:25 -2452653.000000        3.588768
FIRE:    4 06:35:26 -2452655.500000        3.903962
FIRE:    5 06:35:26 -2452657.750000        3.845582
FIRE:    6 06:35:26 -2452659.500000        3.004094
FIRE:    7 06:35:26 -2452661.000000        2.239548
FIRE:    8 06:35:26 -2452662.250000        1.995696
FIRE:    9 06:35:26 -2452662.500000        2.313765
FIRE:   10 06:35:26 -2452664.250000        2.582777
FIRE:   11 06:35:26 -2452665.500000        2.174640
FIRE:   12 06:35:26 -2452666.250000        1.258511
FIRE:   13 06:35:26 -2452667.500000        1.371744
FIRE:   14 06:35:26 -2452668.250000        2.126449
FIRE:   15 06:35:26 -2452669.000000        1.996526
FIRE:   16 06:35:26 -2452670.000000        0.841535
FIRE:   17 06:35:26 -2452671.000000        1.146726
FIRE:   18 06:35:26 -2452671.250000        1.335262
FIRE:   19 06:35:26 -2452671.250000        0.950914
FIRE:   20 06:35:27 -2452672.750000        0.573907
FIRE:   21 06:35:27 -2452673.250000        1.054244
FIRE:   22 06:35:27 -2452673.000000        0.903367
FIRE:   23 06:35:27 -2452673.750000        0.692312
FIRE:   24 06:35:28 -2452674.250000        0.832341
FIRE:   25 06:35:28 -2452674.750000        0.684500
FIRE:   26 06:35:28 -2452675.500000        0.519201
FIRE:   27 06:35:28 -2452675.750000        0.592956
FIRE:   28 06:35:28 -2452676.250000        0.557460
FIRE:   29 06:35:28 -2452676.500000        0.588277
FIRE:   30 06:35:28 -2452677.250000        0.565708
FIRE:   31 06:35:28 -2452678.000000        0.513477
FIRE:   32 06:35:28 -2452678.500000        0.494298
FIRE:   33 06:35:28 -2452678.500000        0.496222
FIRE:   34 06:35:29 -2452679.750000        0.492519
FIRE:   35 06:35:29 -2452680.250000        0.484454
FIRE:   36 06:35:29 -2452680.000000        0.471501
FIRE:   37 06:35:29 -2452680.500000        0.413568
FIRE:   38 06:35:29 -2452680.500000        0.378435
FIRE:   39 06:35:29 -2452681.250000        0.379362
FIRE:   40 06:35:29 -2452681.500000        0.356081
FIRE:   41 06:35:29 -2452682.000000        0.373909
FIRE:   42 06:35:29 -2452682.000000        0.294464
FIRE:   43 06:35:29 -2452682.000000        0.294807
FIRE:   44 06:35:29 -2452682.500000        0.290711
FIRE:   45 06:35:29 -2452682.750000        0.352534
FIRE:   46 06:35:29 -2452682.500000        0.301795
FIRE:   47 06:35:29 -2452683.250000        0.279681
FIRE:   48 06:35:29 -2452683.500000        0.291808
FIRE:   49 06:35:29 -2452683.500000        0.337667
FIRE:   50 06:35:29 -2452683.000000        0.322969
FIRE:   51 06:35:29 -2452684.000000        0.264973
FIRE:   52 06:35:29 -2452684.000000        0.221672
FIRE:   53 06:35:29 -2452684.250000        0.239582
FIRE:   54 06:35:29 -2452684.500000        0.245101
FIRE:   55 06:35:29 -2452684.500000        0.293247
FIRE:   56 06:35:30 -2452684.250000        0.237685
FIRE:   57 06:35:30 -2452684.500000        0.228145
FIRE:   58 06:35:30 -2452684.250000        0.231004
FIRE:   59 06:35:30 -2452684.000000        0.234237
FIRE:   60 06:35:30 -2452684.500000        0.250912
FIRE:   61 06:35:30 -2452684.000000        0.355588
FIRE:   62 06:35:30 -2452684.000000        0.260031
FIRE:   63 06:35:30 -2452685.500000        0.295482
FIRE:   64 06:35:30 -2452685.000000        0.325037
FIRE:   65 06:35:30 -2452684.750000        0.326610
FIRE:   66 06:35:30 -2452686.000000        0.349086
FIRE:   67 06:35:30 -2452686.000000        0.357985
FIRE:   68 06:35:30 -2452686.000000        0.339649
FIRE:   69 06:35:30 -2452686.250000        0.294919
FIRE:   70 06:35:30 -2452686.250000        0.277666
FIRE:   71 06:35:30 -2452686.500000        0.248519
FIRE:   72 06:35:30 -2452686.500000        0.341386
FIRE:   73 06:35:31 -2452686.500000        0.471342
FIRE:   74 06:35:31 -2452686.750000        0.592753
FIRE:   75 06:35:31 -2452686.750000        0.685394
FIRE:   76 06:35:31 -2452686.000000        0.717001
FIRE:   77 06:35:31 -2452686.750000        0.667847
FIRE:   78 06:35:31 -2452687.000000        0.553182
FIRE:   79 06:35:31 -2452687.000000        0.406255
FIRE:   80 06:35:31 -2452687.250000        0.396161
FIRE:   81 06:35:31 -2452686.250000        0.472043
FIRE:   82 06:35:31 -2452685.750000        0.516152
FIRE:   83 06:35:31 -2452685.750000        0.495079
FIRE:   84 06:35:31 -2452686.000000        0.506982
FIRE:   85 06:35:31 -2452686.000000        0.557414
FIRE:   86 06:35:31 -2452686.000000        0.585238
FIRE:   87 06:35:31 -2452686.250000        0.565926
FIRE:   88 06:35:31 -2452686.250000        0.464218
FIRE:   89 06:35:31 -2452686.250000        0.291515
FIRE:   90 06:35:31 -2452687.750000        0.353931
FIRE:   91 06:35:31 -2452687.750000        0.410237
FIRE:   92 06:35:32 -2452688.000000        0.427573
FIRE:   93 06:35:32 -2452686.500000        0.444315
FIRE:   94 06:35:32 -2452686.500000        0.423370
FIRE:   95 06:35:32 -2452688.000000        0.397409
FIRE:   96 06:35:32 -2452686.500000        0.387605
FIRE:   97 06:35:32 -2452687.000000        0.363886
FIRE:   98 06:35:32 -2452688.000000        0.324510
FIRE:   99 06:35:32 -2452688.250000        0.245196
FIRE:  100 06:35:32 -2452687.750000        0.222349
FIRE:  101 06:35:32 -2452687.750000        0.217893
FIRE:  102 06:35:32 -2452688.500000        0.254485
FIRE:  103 06:35:32 -2452688.500000        0.330822
FIRE:  104 06:35:32 -2452688.500000        0.356011
FIRE:  105 06:35:32 -2452688.500000        0.330863
FIRE:  106 06:35:32 -2452688.500000        0.300696
FIRE:  107 06:35:32 -2452688.750000        0.309033
FIRE:  108 06:35:32 -2452688.500000        0.356096
FIRE:  109 06:35:33 -2452688.750000        0.364609
FIRE:  110 06:35:33 -2452688.500000        0.360605
FIRE:  111 06:35:33 -2452688.500000        0.367398
FIRE:  112 06:35:33 -2452688.000000        0.337982
FIRE:  113 06:35:33 -2452688.000000        0.288344
FIRE:  114 06:35:33 -2452688.750000        0.280599
FIRE:  115 06:35:33 -2452688.250000        0.308500
FIRE:  116 06:35:33 -2452688.000000        0.277890
FIRE:  117 06:35:33 -2452688.750000        0.261639
FIRE:  118 06:35:33 -2452689.000000        0.256597
FIRE:  119 06:35:33 -2452689.000000        0.243126
FIRE:  120 06:35:33 -2452689.000000        0.228856
FIRE:  121 06:35:33 -2452689.250000        0.272243
FIRE:  122 06:35:33 -2452689.250000        0.197146
FIRE:  123 06:35:33 -2452689.250000        0.243944
FIRE:  124 06:35:33 -2452689.250000        0.260288
FIRE:  125 06:35:34 -2452689.250000        0.295137
FIRE:  126 06:35:34 -2452689.000000        0.303479
FIRE:  127 06:35:34 -2452688.500000        0.289835
FIRE:  128 06:35:34 -2452688.750000        0.286360
FIRE:  129 06:35:34 -2452688.750000        0.232547
FIRE:  130 06:35:34 -2452689.000000        0.199028
FIRE:  131 06:35:34 -2452688.750000        0.184619
FIRE:  132 06:35:34 -2452688.750000        0.245036
FIRE:  133 06:35:34 -2452688.750000        0.297149
FIRE:  134 06:35:34 -2452688.750000        0.311376
FIRE:  135 06:35:34 -2452688.500000        0.276503
FIRE:  136 06:35:34 -2452688.750000        0.222914
FIRE:  137 06:35:34 -2452688.750000        0.213620
FIRE:  138 06:35:34 -2452688.750000        0.237075
FIRE:  139 06:35:34 -2452688.750000        0.234012
FIRE:  140 06:35:35 -2452688.500000        0.301958
FIRE:  141 06:35:35 -2452688.750000        0.283683
FIRE:  142 06:35:35 -2452689.000000        0.288860
FIRE:  143 06:35:35 -2452688.750000        0.245382
FIRE:  144 06:35:35 -2452689.000000        0.300957
FIRE:  145 06:35:35 -2452689.000000        0.353156
FIRE:  146 06:35:35 -2452689.000000        0.342623
FIRE:  147 06:35:35 -2452687.750000       20.114233
FIRE:  148 06:35:35 -2452688.500000        7.494033
FIRE:  149 06:35:35 -2452688.750000        9.239578
FIRE:  150 06:35:35 -2452689.000000        1.949901
FIRE:  151 06:35:35 -2452689.000000        4.058002
FIRE:  152 06:35:35 -2452689.000000        3.594913
FIRE:  153 06:35:35 -2452689.000000        2.673019
FIRE:  154 06:35:35 -2452689.000000        1.334496
FIRE:  155 06:35:35 -2452689.000000        0.404531
FIRE:  156 06:35:36 -2452689.000000        0.391447
FIRE:  157 06:35:36 -2452689.000000        0.365858
FIRE:  158 06:35:36 -2452689.000000        0.328885
FIRE:  159 06:35:36 -2452689.000000        0.282235
FIRE:  160 06:35:36 -2452689.250000        0.254173
FIRE:  161 06:35:36 -2452689.000000        0.224389
FIRE:  162 06:35:36 -2452689.000000        0.192254
FIRE:  163 06:35:36 -2452689.000000        0.155687
FIRE:  164 06:35:36 -2452689.000000        0.117208
FIRE:  165 06:35:36 -2452689.000000        0.122878
FIRE:  166 06:35:36 -2452689.000000        0.155276
FIRE:  167 06:35:36 -2452689.000000        0.170511
FIRE:  168 06:35:36 -2452689.000000        0.153647
FIRE:  169 06:35:36 -2452689.000000        0.111956
FIRE:  170 06:35:36 -2452689.000000        0.113342
FIRE:  171 06:35:37 -2452689.000000        0.152864
FIRE:  172 06:35:37 -2452689.000000        0.158915
FIRE:  173 06:35:37 -2452688.750000        0.102779
FIRE:  174 06:35:37 -2452689.000000        0.099479
FIRE:  175 06:35:37 -2452689.000000        0.109831
FIRE:  176 06:35:37 -2452689.000000        0.114889
FIRE:  177 06:35:37 -2452689.000000        0.094517
FIRE:  178 06:35:37 -2452689.000000        0.136918
FIRE:  179 06:35:37 -2452689.000000        0.095426
FIRE:  180 06:35:37 -2452689.000000        0.128689
FIRE:  181 06:35:37 -2452689.000000        0.093139
FIRE:  182 06:35:37 -2452689.000000        0.070797
FIRE:  183 06:35:37 -2452689.000000        0.144712
FIRE:  184 06:35:37 -2452689.250000        0.305311
FIRE:  185 06:35:37 -2452689.000000        0.649786
FIRE:  186 06:35:38 -2452689.500000        1.511770
FIRE:  187 06:35:38 -2452689.250000        0.049814
