      Step     Time          Energy          fmax
FIRE:    0 06:57:54 -1238055.750000        7.449328
FIRE:    1 06:57:55 -1238062.375000        7.320358
FIRE:    2 06:57:57 -1238070.500000        6.882309
FIRE:    3 06:57:57 -1238071.000000        5.991373
FIRE:    4 06:57:57 -1238077.375000        4.743370
FIRE:    5 06:57:57 -1238080.250000        3.798157
FIRE:    6 06:57:57 -1238081.375000        2.382574
FIRE:    7 06:57:57 -1238080.625000        4.093001
FIRE:    8 06:57:57 -1238080.875000        3.447046
FIRE:    9 06:57:57 -1238081.750000        2.375232
FIRE:   10 06:57:57 -1238082.000000        1.191804
FIRE:   11 06:57:57 -1238075.875000        1.593000
FIRE:   12 06:57:57 -1238082.000000        1.795463
FIRE:   13 06:57:57 -1238081.875000        2.044704
FIRE:   14 06:57:58 -1238074.625000        1.972061
FIRE:   15 06:57:59 -1238076.500000        1.862667
FIRE:   16 06:57:59 -1238076.875000        1.380275
FIRE:   17 06:57:59 -1238077.250000        0.776222
FIRE:   18 06:57:59 -1238077.500000        1.300936
FIRE:   19 06:57:59 -1238077.750000        1.908919
FIRE:   20 06:57:59 -1238078.125000        1.491349
FIRE:   21 06:57:59 -1238078.625000        0.795304
FIRE:   22 06:57:59 -1238078.875000        1.083561
FIRE:   23 06:57:59 -1238079.125000        1.388726
FIRE:   24 06:57:59 -1238079.500000        0.818291
FIRE:   25 06:57:59 -1238079.750000        1.548839
FIRE:   26 06:58:00 -1238086.000000        1.348052
FIRE:   27 06:58:00 -1238080.250000        0.843227
FIRE:   28 06:58:00 -1238080.500000        0.853962
FIRE:   29 06:58:00 -1238080.750000        1.023427
FIRE:   30 06:58:00 -1238081.125000        1.269385
FIRE:   31 06:58:00 -1238087.000000        1.005791
FIRE:   32 06:58:00 -1238081.750000        0.860903
FIRE:   33 06:58:00 -1238082.000000        0.552946
FIRE:   34 06:58:00 -1238082.250000        0.725216
FIRE:   35 06:58:00 -1238082.375000        0.635440
FIRE:   36 06:58:00 -1238082.625000        3.248177
FIRE:   37 06:58:00 -1238084.500000        1.256955
FIRE:   38 06:58:00 -1238082.625000        3.831342
FIRE:   39 06:58:00 -1238082.750000        0.636359
FIRE:   40 06:58:01 -1238082.750000        0.484898
FIRE:   41 06:58:01 -1238082.750000        0.267701
FIRE:   42 06:58:01 -1238082.750000        0.255586
FIRE:   43 06:58:01 -1238082.750000        0.318725
FIRE:   44 06:58:01 -1238082.750000        0.396448
FIRE:   45 06:58:01 -1238082.750000        0.308548
FIRE:   46 06:58:01 -1238082.875000        0.181751
FIRE:   47 06:58:01 -1238082.875000        0.221062
FIRE:   48 06:58:01 -1238082.875000        0.400297
FIRE:   49 06:58:01 -1238082.875000        0.353005
FIRE:   50 06:58:01 -1238082.875000        0.152617
FIRE:   51 06:58:03 -1238089.250000        0.281518
FIRE:   52 06:58:03 -1238083.000000        0.173831
FIRE:   53 06:58:03 -1238083.000000        0.283598
FIRE:   54 06:58:03 -1238083.125000        1.300538
FIRE:   55 06:58:03 -1238083.125000        0.657197
FIRE:   56 06:58:03 -1238083.250000        0.453290
FIRE:   57 06:58:03 -1238083.375000        0.402071
FIRE:   58 06:58:03 -1238088.625000        0.687858
FIRE:   59 06:58:03 -1238089.125000        0.891528
FIRE:   60 06:58:03 -1238089.375000        1.907480
FIRE:   61 06:58:03 -1238089.500000        0.411617
FIRE:   62 06:58:03 -1238089.000000        0.285380
FIRE:   63 06:58:04 -1238089.125000        0.207170
FIRE:   64 06:58:04 -1238086.000000        0.207267
FIRE:   65 06:58:04 -1238089.125000        0.297320
FIRE:   66 06:58:04 -1238086.875000        0.305764
FIRE:   67 06:58:04 -1238089.250000        0.215456
FIRE:   68 06:58:04 -1238089.625000        0.219994
FIRE:   69 06:58:04 -1238089.625000        0.225519
FIRE:   70 06:58:04 -1238088.375000        0.231946
FIRE:   71 06:58:04 -1238088.875000        0.239028
FIRE:   72 06:58:04 -1238086.000000        0.246291
FIRE:   73 06:58:04 -1238089.000000        0.252694
FIRE:   74 06:58:04 -1238089.125000        0.256786
FIRE:   75 06:58:04 -1238088.750000        0.256750
FIRE:   76 06:58:04 -1238085.625000        0.408461
FIRE:   77 06:58:05 -1238085.750000        0.182858
FIRE:   78 06:58:05 -1238085.750000        0.252971
FIRE:   79 06:58:05 -1238085.875000        0.456908
FIRE:   80 06:58:05 -1238086.125000        0.816087
FIRE:   81 06:58:05 -1238084.375000        1.829601
FIRE:   82 06:58:05 -1238084.500000        0.257283
FIRE:   83 06:58:05 -1238084.500000        1.495242
FIRE:   84 06:58:05 -1238084.500000        1.163919
FIRE:   85 06:58:05 -1238084.500000        0.569736
FIRE:   86 06:58:05 -1238084.500000        0.272578
FIRE:   87 06:58:05 -1238084.500000        0.273007
FIRE:   88 06:58:05 -1238084.500000        0.273819
FIRE:   89 06:58:05 -1238084.500000        0.274909
FIRE:   90 06:58:05 -1238084.500000        0.276102
FIRE:   91 06:58:06 -1238084.500000        0.277073
FIRE:   92 06:58:06 -1238084.500000        0.277327
FIRE:   93 06:58:06 -1238084.500000        0.276141
FIRE:   94 06:58:06 -1238084.500000        0.272014
FIRE:   95 06:58:06 -1238084.500000        0.262303
FIRE:   96 06:58:06 -1238084.500000        0.243022
FIRE:   97 06:58:06 -1238084.500000        0.206726
FIRE:   98 06:58:06 -1238084.500000        0.148152
FIRE:   99 06:58:06 -1238084.500000        0.195384
FIRE:  100 06:58:06 -1238084.500000        0.206001
FIRE:  101 06:58:06 -1238084.500000        0.141288
FIRE:  102 06:58:06 -1238084.500000        0.136272
FIRE:  103 06:58:06 -1238084.500000        0.142279
FIRE:  104 06:58:06 -1238084.500000        0.126542
FIRE:  105 06:58:07 -1238085.250000        0.145552
FIRE:  106 06:58:07 -1238084.750000        0.568889
FIRE:  107 06:58:07 -1238085.500000        0.255213
FIRE:  108 06:58:07 -1238084.625000        0.188037
FIRE:  109 06:58:07 -1238084.625000        0.240948
FIRE:  110 06:58:07 -1238084.750000        0.228810
FIRE:  111 06:58:07 -1238089.250000        0.201684
FIRE:  112 06:58:07 -1238089.875000        0.130391
FIRE:  113 06:58:07 -1238089.500000        0.202778
FIRE:  114 06:58:07 -1238091.250000        0.381194
FIRE:  115 06:58:07 -1238090.750000        1.165200
FIRE:  116 06:58:07 -1238087.250000        3.019692
FIRE:  117 06:58:07 -1238087.375000        0.464313
FIRE:  118 06:58:07 -1238087.875000        0.328203
FIRE:  119 06:58:08 -1238087.375000        0.170057
FIRE:  120 06:58:08 -1238087.750000        0.163783
FIRE:  121 06:58:08 -1238087.875000        0.310561
FIRE:  122 06:58:08 -1238087.375000        0.333802
FIRE:  123 06:58:08 -1238088.125000        0.221100
FIRE:  124 06:58:08 -1238087.500000        0.148437
FIRE:  125 06:58:08 -1238087.375000        0.187111
FIRE:  126 06:58:08 -1238087.500000        0.264093
FIRE:  127 06:58:08 -1238088.250000        0.138086
FIRE:  128 06:58:08 -1238087.375000        0.140377
FIRE:  129 06:58:08 -1238087.375000        0.227927
FIRE:  130 06:58:08 -1238088.000000        0.125602
FIRE:  131 06:58:08 -1238087.875000        0.227658
FIRE:  132 06:58:08 -1238090.875000        0.124081
FIRE:  133 06:58:09 -1238087.875000        0.191129
FIRE:  134 06:58:09 -1238088.625000        0.263918
FIRE:  135 06:58:09 -1238087.875000        0.285153
FIRE:  136 06:58:09 -1238088.375000        0.483246
FIRE:  137 06:58:09 -1238088.000000        1.214785
FIRE:  138 06:58:09 -1238088.000000        3.441931
FIRE:  139 06:58:09 -1238088.875000        0.471433
FIRE:  140 06:58:09 -1238088.375000        0.348528
FIRE:  141 06:58:09 -1238088.500000        0.191499
FIRE:  142 06:58:09 -1238088.500000        0.189190
FIRE:  143 06:58:09 -1238088.125000        0.288077
FIRE:  144 06:58:09 -1238088.125000        0.343502
FIRE:  145 06:58:09 -1238088.625000        0.262467
FIRE:  146 06:58:09 -1238088.375000        0.173836
FIRE:  147 06:58:10 -1238088.125000        0.168608
FIRE:  148 06:58:10 -1238088.500000        0.271396
FIRE:  149 06:58:10 -1238088.125000        0.204531
FIRE:  150 06:58:10 -1238088.500000        0.179440
FIRE:  151 06:58:10 -1238088.500000        0.241198
FIRE:  152 06:58:10 -1238088.125000        0.160517
FIRE:  153 06:58:10 -1238087.625000        0.212077
FIRE:  154 06:58:10 -1238089.000000        0.120369
FIRE:  155 06:58:10 -1238088.375000        0.262730
FIRE:  156 06:58:10 -1238088.375000        0.155661
FIRE:  157 06:58:10 -1238090.625000        0.135795
FIRE:  158 06:58:10 -1238090.375000        0.217237
FIRE:  159 06:58:10 -1238088.375000        0.618790
FIRE:  160 06:58:10 -1238088.375000        1.754928
FIRE:  161 06:58:11 -1238088.375000        4.836029
FIRE:  162 06:58:11 -1238091.625000        0.503114
FIRE:  163 06:58:11 -1238088.625000        0.364421
FIRE:  164 06:58:11 -1238089.375000        0.194416
FIRE:  165 06:58:11 -1238088.875000        0.192110
FIRE:  166 06:58:11 -1238088.375000        0.312466
FIRE:  167 06:58:11 -1238088.500000        0.353835
FIRE:  168 06:58:11 -1238088.750000        0.251829
FIRE:  169 06:58:11 -1238089.250000        0.178639
FIRE:  170 06:58:11 -1238089.250000        0.174379
FIRE:  171 06:58:11 -1238088.500000        0.281205
FIRE:  172 06:58:11 -1238088.625000        0.170154
FIRE:  173 06:58:11 -1238088.375000        0.158426
FIRE:  174 06:58:11 -1238089.000000        0.240725
FIRE:  175 06:58:11 -1238089.375000        0.148306
FIRE:  176 06:58:11 -1238089.500000        0.248016
FIRE:  177 06:58:12 -1238089.375000        0.144624
FIRE:  178 06:58:12 -1238089.375000        0.258216
FIRE:  179 06:58:12 -1238089.375000        0.257357
FIRE:  180 06:58:12 -1238091.875000        0.163469
FIRE:  181 06:58:12 -1238091.375000        0.206109
FIRE:  182 06:58:12 -1238092.125000        0.573260
FIRE:  183 06:58:12 -1238092.125000        1.921208
FIRE:  184 06:58:12 -1238091.750000        0.170489
FIRE:  185 06:58:12 -1238090.125000        1.879073
FIRE:  186 06:58:12 -1238091.750000        1.337046
FIRE:  187 06:58:12 -1238091.875000        0.442312
FIRE:  188 06:58:12 -1238092.125000        0.517756
FIRE:  189 06:58:12 -1238091.750000        0.484843
FIRE:  190 06:58:12 -1238092.000000        0.421021
FIRE:  191 06:58:12 -1238091.750000        0.330558
FIRE:  192 06:58:12 -1238091.750000        0.220014
FIRE:  193 06:58:12 -1238091.500000        0.166397
FIRE:  194 06:58:13 -1238091.500000        0.166099
FIRE:  195 06:58:13 -1238092.750000        0.165815
FIRE:  196 06:58:13 -1238092.125000        0.214367
FIRE:  197 06:58:13 -1238092.000000        0.262849
FIRE:  198 06:58:13 -1238091.875000        0.259927
FIRE:  199 06:58:13 -1238092.250000        0.196116
FIRE:  200 06:58:13 -1238092.250000        0.163452
FIRE:  201 06:58:13 -1238091.750000        0.162663
FIRE:  202 06:58:13 -1238092.000000        0.196193
FIRE:  203 06:58:13 -1238092.000000        0.220005
FIRE:  204 06:58:13 -1238092.125000        0.158863
FIRE:  205 06:58:13 -1238092.000000        0.156809
FIRE:  206 06:58:13 -1238092.250000        0.182828
FIRE:  207 06:58:13 -1238091.875000        0.151201
FIRE:  208 06:58:13 -1238092.500000        0.147354
FIRE:  209 06:58:13 -1238092.250000        0.149335
FIRE:  210 06:58:13 -1238092.250000        0.135304
FIRE:  211 06:58:14 -1238091.625000        0.126263
FIRE:  212 06:58:14 -1238092.125000        0.221608
FIRE:  213 06:58:14 -1238092.125000        0.202717
FIRE:  214 06:58:14 -1238089.250000        0.239412
FIRE:  215 06:58:14 -1238089.375000        0.460402
FIRE:  216 06:58:14 -1238089.000000        1.259684
FIRE:  217 06:58:14 -1238089.375000        3.777993
FIRE:  218 06:58:14 -1238089.375000        0.716263
FIRE:  219 06:58:14 -1238089.500000        0.528505
FIRE:  220 06:58:14 -1238089.000000        0.199134
FIRE:  221 06:58:14 -1238089.500000        0.178721
FIRE:  222 06:58:14 -1238089.375000        0.447835
FIRE:  223 06:58:14 -1238089.500000        0.415766
FIRE:  224 06:58:14 -1238089.500000        0.354134
FIRE:  225 06:58:14 -1238089.625000        0.267961
FIRE:  226 06:58:14 -1238089.500000        0.164710
FIRE:  227 06:58:15 -1238089.500000        0.102986
FIRE:  228 06:58:15 -1238089.500000        0.103192
FIRE:  229 06:58:15 -1238089.000000        0.144536
FIRE:  230 06:58:15 -1238089.250000        0.213308
FIRE:  231 06:58:15 -1238089.125000        0.248205
FIRE:  232 06:58:15 -1238089.000000        0.237235
FIRE:  233 06:58:15 -1238089.000000        0.173403
FIRE:  234 06:58:15 -1238089.375000        0.101985
FIRE:  235 06:58:15 -1238089.000000        0.101347
FIRE:  236 06:58:15 -1238088.875000        0.168506
FIRE:  237 06:58:15 -1238088.875000        0.169829
FIRE:  238 06:58:15 -1238089.125000        0.100957
FIRE:  239 06:58:15 -1238089.250000        0.109960
FIRE:  240 06:58:15 -1238089.250000        0.175909
FIRE:  241 06:58:16 -1238090.375000        0.101443
FIRE:  242 06:58:16 -1238090.000000        0.136042
FIRE:  243 06:58:16 -1238089.500000        0.098402
FIRE:  244 06:58:16 -1238090.375000        0.162303
FIRE:  245 06:58:16 -1238088.875000        0.094653
FIRE:  246 06:58:16 -1238089.125000        0.164473
FIRE:  247 06:58:16 -1238090.375000        0.263113
FIRE:  248 06:58:16 -1238089.625000        0.354254
FIRE:  249 06:58:16 -1238089.875000        0.687630
FIRE:  250 06:58:16 -1238089.875000        1.612541
FIRE:  251 06:58:16 -1238089.500000        0.084237
FIRE:  252 06:58:16 -1238089.125000        1.351271
FIRE:  253 06:58:16 -1238089.000000        1.052846
FIRE:  254 06:58:16 -1238089.875000        0.511594
FIRE:  255 06:58:16 -1238089.250000        0.159865
FIRE:  256 06:58:16 -1238089.625000        0.150072
FIRE:  257 06:58:16 -1238089.250000        0.131155
FIRE:  258 06:58:17 -1238089.750000        0.104481
FIRE:  259 06:58:17 -1238089.250000        0.084453
FIRE:  260 06:58:17 -1238089.250000        0.085226
FIRE:  261 06:58:17 -1238089.250000        0.092664
FIRE:  262 06:58:17 -1238089.750000        0.103031
FIRE:  263 06:58:17 -1238089.250000        0.118275
FIRE:  264 06:58:17 -1238089.250000        0.136922
FIRE:  265 06:58:17 -1238089.250000        0.149271
FIRE:  266 06:58:17 -1238089.875000        0.141748
FIRE:  267 06:58:17 -1238089.875000        0.114160
FIRE:  268 06:58:17 -1238089.625000        0.086689
FIRE:  269 06:58:17 -1238089.625000        0.086578
FIRE:  270 06:58:17 -1238089.625000        0.106338
FIRE:  271 06:58:17 -1238089.625000        0.114282
FIRE:  272 06:58:17 -1238090.500000        0.101354
FIRE:  273 06:58:17 -1238089.750000        0.096466
FIRE:  274 06:58:18 -1238089.750000        0.087352
FIRE:  275 06:58:18 -1238089.250000        0.086660
FIRE:  276 06:58:18 -1238089.875000        0.092098
FIRE:  277 06:58:18 -1238089.375000        0.089924
FIRE:  278 06:58:18 -1238089.750000        0.083262
FIRE:  279 06:58:18 -1238090.000000        0.080547
FIRE:  280 06:58:18 -1238089.750000        0.077897
FIRE:  281 06:58:18 -1238089.750000        0.076725
FIRE:  282 06:58:18 -1238089.750000        0.159522
FIRE:  283 06:58:18 -1238090.750000        0.468347
FIRE:  284 06:58:18 -1238087.250000        1.410696
FIRE:  285 06:58:18 -1238087.250000        0.068357
FIRE:  286 06:58:18 -1238087.250000        1.202254
FIRE:  287 06:58:18 -1238087.250000        0.924917
FIRE:  288 06:58:19 -1238087.250000        0.425625
FIRE:  289 06:58:19 -1238087.250000        0.185423
FIRE:  290 06:58:19 -1238087.250000        0.173880
FIRE:  291 06:58:19 -1238087.250000        0.151599
FIRE:  292 06:58:19 -1238087.250000        0.120204
FIRE:  293 06:58:19 -1238087.250000        0.082262
FIRE:  294 06:58:19 -1238087.250000        0.063167
FIRE:  295 06:58:19 -1238087.250000        0.063271
FIRE:  296 06:58:19 -1238087.250000        0.063310
FIRE:  297 06:58:19 -1238087.250000        0.075366
FIRE:  298 06:58:19 -1238087.250000        0.096889
FIRE:  299 06:58:19 -1238087.250000        0.102165
FIRE:  300 06:58:19 -1238087.250000        0.086705
FIRE:  301 06:58:19 -1238087.250000        0.061653
FIRE:  302 06:58:19 -1238087.250000        0.060756
FIRE:  303 06:58:19 -1238087.250000        0.059794
FIRE:  304 06:58:19 -1238087.250000        0.074536
FIRE:  305 06:58:20 -1238087.250000        0.058002
FIRE:  306 06:58:20 -1238087.250000        0.057166
FIRE:  307 06:58:20 -1238087.250000        0.069280
FIRE:  308 06:58:20 -1238087.250000        0.055994
FIRE:  309 06:58:20 -1238087.250000        0.051758
FIRE:  310 06:58:20 -1238087.250000        0.060522
FIRE:  311 06:58:20 -1238087.250000        0.047666
