      Step     Time          Energy          fmax
FIRE:    0 06:47:51 -1150549.000000        7.501345
FIRE:    1 06:47:52 -1150554.375000        3.099491
FIRE:    2 06:47:54 -1150552.000000        4.739480
FIRE:    3 06:47:55 -1150555.125000        3.440592
FIRE:    4 06:47:55 -1150557.875000        1.613513
FIRE:    5 06:47:55 -1150558.125000        1.323914
FIRE:    6 06:47:56 -1150558.125000        2.148685
FIRE:    7 06:47:56 -1150558.125000        2.062885
FIRE:    8 06:47:56 -1150556.625000        1.893757
FIRE:    9 06:47:56 -1150552.875000        1.647538
FIRE:   10 06:47:56 -1150552.875000        1.337384
FIRE:   11 06:47:56 -1150558.750000        0.991174
FIRE:   12 06:47:56 -1150557.750000        0.674847
FIRE:   13 06:47:56 -1150558.375000        0.700036
FIRE:   14 06:47:56 -1150557.375000        0.972130
FIRE:   15 06:47:56 -1150558.500000        1.190752
FIRE:   16 06:47:56 -1150558.250000        1.248011
FIRE:   17 06:47:56 -1150558.000000        1.093275
FIRE:   18 06:47:56 -1150558.750000        0.864187
FIRE:   19 06:47:56 -1150558.875000        0.419965
FIRE:   20 06:47:56 -1150558.750000        0.621998
FIRE:   21 06:47:57 -1150558.125000        0.897492
FIRE:   22 06:47:57 -1150558.875000        0.862648
FIRE:   23 06:47:57 -1150558.875000        0.590773
FIRE:   24 06:47:57 -1150559.125000        0.811947
FIRE:   25 06:47:57 -1150557.625000        0.800625
FIRE:   26 06:47:57 -1150559.750000        0.398682
FIRE:   27 06:47:57 -1150556.375000        0.778817
FIRE:   28 06:47:57 -1150559.500000        0.608380
FIRE:   29 06:47:57 -1150555.125000        0.953273
FIRE:   30 06:47:57 -1150555.375000        0.653285
FIRE:   31 06:47:57 -1150554.000000        0.695340
FIRE:   32 06:47:57 -1150554.250000        0.471443
FIRE:   33 06:47:57 -1150557.500000        0.702445
FIRE:   34 06:47:59 -1150562.250000        0.359216
FIRE:   35 06:47:59 -1150562.750000        0.626348
FIRE:   36 06:47:59 -1150555.000000        0.394894
FIRE:   37 06:47:59 -1150555.125000        0.298971
FIRE:   38 06:47:59 -1150555.375000        0.594135
FIRE:   39 06:47:59 -1150563.000000        0.312588
FIRE:   40 06:47:59 -1150563.500000        0.344422
FIRE:   41 06:47:59 -1150560.375000        0.682696
FIRE:   42 06:47:59 -1150560.500000        0.543369
FIRE:   43 06:47:59 -1150556.000000        0.677985
FIRE:   44 06:47:59 -1150556.125000        1.019871
FIRE:   45 06:47:59 -1150561.125000        1.388167
FIRE:   46 06:47:59 -1150559.750000        7.748621
FIRE:   47 06:48:00 -1150561.875000        2.190868
FIRE:   48 06:48:00 -1150561.875000        1.394499
FIRE:   49 06:48:00 -1150561.500000        0.360444
FIRE:   50 06:48:00 -1150561.875000        0.313921
FIRE:   51 06:48:00 -1150562.125000        0.227460
FIRE:   52 06:48:00 -1150561.250000        0.136943
FIRE:   53 06:48:00 -1150561.250000        0.130017
FIRE:   54 06:48:00 -1150561.500000        0.147234
FIRE:   55 06:48:00 -1150561.500000        0.191973
FIRE:   56 06:48:00 -1150561.500000        0.213992
FIRE:   57 06:48:00 -1150561.625000        0.194191
FIRE:   58 06:48:00 -1150561.250000        0.138312
FIRE:   59 06:48:00 -1150562.000000        0.129577
FIRE:   60 06:48:00 -1150561.750000        0.152975
FIRE:   61 06:48:01 -1150562.125000        0.182475
FIRE:   62 06:48:01 -1150561.625000        0.128859
FIRE:   63 06:48:01 -1150561.375000        0.129173
FIRE:   64 06:48:01 -1150561.500000        0.148313
FIRE:   65 06:48:01 -1150560.625000        0.118201
FIRE:   66 06:48:01 -1150561.500000        0.141141
FIRE:   67 06:48:01 -1150561.750000        0.131063
FIRE:   68 06:48:01 -1150561.000000        0.154001
FIRE:   69 06:48:01 -1150561.125000        0.108336
FIRE:   70 06:48:01 -1150562.000000        0.154299
FIRE:   71 06:48:01 -1150562.000000        0.250471
FIRE:   72 06:48:01 -1150562.250000        0.430545
FIRE:   73 06:48:01 -1150558.500000        0.771515
FIRE:   74 06:48:02 -1150558.625000        1.826843
FIRE:   75 06:48:02 -1150558.500000        0.161495
FIRE:   76 06:48:02 -1150558.500000        0.137205
FIRE:   77 06:48:02 -1150558.625000        0.101174
FIRE:   78 06:48:02 -1150558.625000        0.083957
FIRE:   79 06:48:02 -1150558.625000        0.101075
FIRE:   80 06:48:02 -1150558.500000        0.118615
FIRE:   81 06:48:02 -1150562.375000        0.115396
FIRE:   82 06:48:02 -1150561.375000        0.096165
FIRE:   83 06:48:02 -1150562.125000        0.087042
FIRE:   84 06:48:02 -1150562.000000        0.101942
FIRE:   85 06:48:02 -1150558.625000        0.109173
FIRE:   86 06:48:02 -1150558.500000        0.093226
FIRE:   87 06:48:02 -1150558.500000        0.098168
FIRE:   88 06:48:03 -1150558.500000        0.104558
FIRE:   89 06:48:03 -1150558.750000        0.098775
FIRE:   90 06:48:03 -1150558.500000        0.107303
FIRE:   91 06:48:03 -1150558.875000        0.098030
FIRE:   92 06:48:03 -1150558.625000        0.095149
FIRE:   93 06:48:03 -1150558.750000        0.089460
FIRE:   94 06:48:03 -1150558.625000        0.086298
FIRE:   95 06:48:03 -1150558.875000        0.128299
FIRE:   96 06:48:03 -1150558.875000        0.400856
FIRE:   97 06:48:03 -1150558.875000        1.738411
FIRE:   98 06:48:03 -1150559.000000        0.278322
FIRE:   99 06:48:03 -1150559.125000        0.191880
FIRE:  100 06:48:03 -1150559.125000        0.094414
FIRE:  101 06:48:03 -1150562.500000        0.128158
FIRE:  102 06:48:04 -1150562.500000        0.231177
FIRE:  103 06:48:04 -1150558.875000        0.247978
FIRE:  104 06:48:04 -1150562.375000        0.176381
FIRE:  105 06:48:04 -1150558.875000        0.067796
FIRE:  106 06:48:04 -1150559.250000        0.120648
FIRE:  107 06:48:04 -1150559.375000        0.152686
FIRE:  108 06:48:04 -1150559.250000        0.085355
FIRE:  109 06:48:04 -1150559.250000        0.131137
FIRE:  110 06:48:04 -1150559.375000        0.180895
FIRE:  111 06:48:04 -1150558.875000        0.075645
FIRE:  112 06:48:04 -1150559.000000        0.130068
FIRE:  113 06:48:04 -1150559.875000        0.092232
FIRE:  114 06:48:04 -1150559.125000        0.141968
FIRE:  115 06:48:04 -1150560.000000        0.168091
FIRE:  116 06:48:05 -1150560.000000        0.287255
FIRE:  117 06:48:05 -1150562.750000        0.420390
FIRE:  118 06:48:05 -1150561.250000        1.084593
FIRE:  119 06:48:05 -1150561.500000        2.764883
FIRE:  120 06:48:05 -1150561.500000        0.283312
FIRE:  121 06:48:05 -1150561.375000        0.226509
FIRE:  122 06:48:05 -1150561.625000        0.127578
FIRE:  123 06:48:05 -1150561.500000        0.073388
FIRE:  124 06:48:05 -1150561.750000        0.152161
FIRE:  125 06:48:05 -1150562.125000        0.204311
FIRE:  126 06:48:05 -1150561.625000        0.197392
FIRE:  127 06:48:05 -1150561.625000        0.139123
FIRE:  128 06:48:05 -1150561.750000        0.089433
FIRE:  129 06:48:05 -1150561.500000        0.149547
FIRE:  130 06:48:06 -1150562.000000        0.151725
FIRE:  131 06:48:06 -1150562.125000        0.106095
FIRE:  132 06:48:06 -1150561.625000        0.091335
FIRE:  133 06:48:06 -1150562.000000        0.125028
FIRE:  134 06:48:06 -1150561.500000        0.126751
FIRE:  135 06:48:06 -1150561.750000        0.085806
FIRE:  136 06:48:06 -1150561.375000        0.131145
FIRE:  137 06:48:06 -1150561.500000        0.106985
FIRE:  138 06:48:06 -1150561.875000        0.074563
FIRE:  139 06:48:06 -1150561.750000        0.118312
FIRE:  140 06:48:06 -1150561.750000        0.178931
FIRE:  141 06:48:06 -1150557.625000        0.439548
FIRE:  142 06:48:06 -1150557.625000        1.595188
FIRE:  143 06:48:06 -1150557.625000        0.288801
FIRE:  144 06:48:07 -1150557.625000        0.197994
FIRE:  145 06:48:07 -1150557.625000        0.076986
FIRE:  146 06:48:07 -1150557.625000        0.121482
FIRE:  147 06:48:07 -1150557.625000        0.228986
FIRE:  148 06:48:07 -1150557.625000        0.247859
FIRE:  149 06:48:07 -1150557.625000        0.178099
FIRE:  150 06:48:07 -1150557.625000        0.061616
FIRE:  151 06:48:07 -1150557.625000        0.099958
FIRE:  152 06:48:07 -1150557.625000        0.155551
FIRE:  153 06:48:07 -1150557.625000        0.099275
FIRE:  154 06:48:07 -1150557.625000        0.111897
FIRE:  155 06:48:07 -1150557.625000        0.181830
FIRE:  156 06:48:07 -1150557.625000        0.062635
FIRE:  157 06:48:07 -1150557.625000        0.135021
FIRE:  158 06:48:08 -1150557.625000        0.063339
FIRE:  159 06:48:08 -1150557.750000        0.160329
FIRE:  160 06:48:08 -1150562.000000        0.170971
FIRE:  161 06:48:08 -1150565.125000        0.221150
FIRE:  162 06:48:08 -1150564.875000        0.279706
FIRE:  163 06:48:08 -1150562.375000        0.738394
FIRE:  164 06:48:08 -1150559.375000        1.936010
FIRE:  165 06:48:08 -1150559.375000        0.159890
FIRE:  166 06:48:08 -1150559.375000        0.126879
FIRE:  167 06:48:08 -1150564.625000        0.070588
FIRE:  168 06:48:08 -1150564.625000        0.070081
FIRE:  169 06:48:08 -1150561.750000        0.085574
FIRE:  170 06:48:08 -1150565.000000        0.109842
FIRE:  171 06:48:08 -1150559.375000        0.104068
FIRE:  172 06:48:08 -1150559.375000        0.072953
FIRE:  173 06:48:09 -1150561.875000        0.072257
FIRE:  174 06:48:09 -1150564.625000        0.093338
FIRE:  175 06:48:09 -1150561.500000        0.083794
FIRE:  176 06:48:09 -1150559.375000        0.075761
FIRE:  177 06:48:09 -1150559.375000        0.077903
FIRE:  178 06:48:09 -1150565.250000        0.081030
FIRE:  179 06:48:09 -1150564.375000        0.085834
FIRE:  180 06:48:09 -1150559.375000        0.093625
FIRE:  181 06:48:09 -1150565.125000        0.107227
FIRE:  182 06:48:09 -1150557.875000        0.132403
FIRE:  183 06:48:09 -1150559.500000        0.180657
FIRE:  184 06:48:09 -1150564.875000        0.214169
FIRE:  185 06:48:09 -1150557.875000        0.648710
FIRE:  186 06:48:09 -1150557.875000        0.196817
FIRE:  187 06:48:09 -1150561.875000        0.903426
FIRE:  188 06:48:09 -1150557.875000        3.773569
FIRE:  189 06:48:10 -1150558.000000        1.530090
FIRE:  190 06:48:10 -1150559.625000        1.047140
FIRE:  191 06:48:10 -1150561.750000        0.230849
FIRE:  192 06:48:10 -1150559.625000        0.692837
FIRE:  193 06:48:10 -1150558.000000        0.630152
FIRE:  194 06:48:10 -1150558.000000        0.510744
FIRE:  195 06:48:10 -1150559.625000        0.346047
FIRE:  196 06:48:10 -1150561.750000        0.188990
FIRE:  197 06:48:10 -1150558.000000        0.187035
FIRE:  198 06:48:10 -1150558.000000        0.221869
FIRE:  199 06:48:10 -1150558.000000        0.345295
FIRE:  200 06:48:10 -1150558.000000        0.413593
FIRE:  201 06:48:10 -1150559.625000        0.409330
FIRE:  202 06:48:10 -1150559.625000        0.320624
FIRE:  203 06:48:10 -1150559.625000        0.178595
FIRE:  204 06:48:10 -1150558.000000        0.166098
FIRE:  205 06:48:10 -1150558.000000        0.251608
FIRE:  206 06:48:10 -1150558.000000        0.287559
FIRE:  207 06:48:11 -1150558.000000        0.145585
FIRE:  208 06:48:11 -1150559.625000        0.145001
FIRE:  209 06:48:11 -1150559.625000        0.290115
FIRE:  210 06:48:11 -1150559.625000        0.157813
FIRE:  211 06:48:11 -1150561.250000        0.175086
FIRE:  212 06:48:11 -1150558.000000        0.188566
FIRE:  213 06:48:11 -1150558.000000        0.200358
FIRE:  214 06:48:11 -1150558.000000        0.146665
FIRE:  215 06:48:11 -1150558.000000        0.294446
FIRE:  216 06:48:11 -1150558.125000        0.241222
FIRE:  217 06:48:11 -1150559.750000        0.166507
FIRE:  218 06:48:11 -1150558.125000        0.208163
FIRE:  219 06:48:11 -1150559.750000        0.993468
FIRE:  220 06:48:11 -1150561.625000        1.394726
FIRE:  221 06:48:11 -1150558.125000        0.429226
FIRE:  222 06:48:11 -1150558.125000        0.392437
FIRE:  223 06:48:11 -1150558.125000        0.323661
FIRE:  224 06:48:12 -1150558.125000        0.253584
FIRE:  225 06:48:12 -1150558.125000        0.247300
FIRE:  226 06:48:12 -1150561.375000        0.238931
FIRE:  227 06:48:12 -1150561.375000        0.226498
FIRE:  228 06:48:12 -1150559.750000        0.204313
FIRE:  229 06:48:12 -1150558.125000        0.161542
FIRE:  230 06:48:12 -1150558.125000        0.128672
FIRE:  231 06:48:12 -1150561.375000        0.134753
FIRE:  232 06:48:12 -1150558.125000        0.177854
FIRE:  233 06:48:12 -1150559.750000        0.179591
FIRE:  234 06:48:12 -1150561.375000        0.133067
FIRE:  235 06:48:12 -1150559.750000        0.154329
FIRE:  236 06:48:12 -1150561.375000        0.190662
FIRE:  237 06:48:12 -1150559.750000        0.150497
FIRE:  238 06:48:12 -1150563.750000        0.117789
FIRE:  239 06:48:12 -1150558.125000        0.130205
FIRE:  240 06:48:13 -1150558.250000        0.133602
FIRE:  241 06:48:13 -1150559.875000        0.162612
FIRE:  242 06:48:13 -1150559.875000        0.430513
FIRE:  243 06:48:13 -1150558.250000        1.415610
FIRE:  244 06:48:13 -1150558.250000        0.302127
FIRE:  245 06:48:13 -1150558.250000        0.210312
FIRE:  246 06:48:13 -1150558.250000        0.148076
FIRE:  247 06:48:13 -1150558.250000        0.155990
FIRE:  248 06:48:13 -1150558.250000        0.156611
FIRE:  249 06:48:13 -1150558.250000        0.157830
FIRE:  250 06:48:13 -1150558.250000        0.159687
FIRE:  251 06:48:13 -1150558.250000        0.162153
FIRE:  252 06:48:13 -1150558.250000        0.165223
FIRE:  253 06:48:13 -1150559.875000        0.168894
FIRE:  254 06:48:13 -1150558.250000        0.173117
FIRE:  255 06:48:13 -1150558.250000        0.178338
FIRE:  256 06:48:13 -1150558.250000        0.184724
FIRE:  257 06:48:14 -1150558.250000        0.192446
FIRE:  258 06:48:14 -1150558.250000        0.201792
FIRE:  259 06:48:14 -1150558.250000        0.221469
FIRE:  260 06:48:14 -1150558.250000        0.586984
FIRE:  261 06:48:14 -1150558.250000        0.279221
FIRE:  262 06:48:14 -1150558.250000        0.303877
FIRE:  263 06:48:14 -1150558.250000        0.349651
FIRE:  264 06:48:14 -1150558.250000        0.342607
FIRE:  265 06:48:14 -1150558.250000        0.443547
FIRE:  266 06:48:14 -1150558.250000        0.299950
FIRE:  267 06:48:14 -1150558.250000        0.634375
FIRE:  268 06:48:14 -1150558.375000        1.254619
FIRE:  269 06:48:14 -1150558.375000        0.707192
FIRE:  270 06:48:14 -1150558.375000        0.597169
FIRE:  271 06:48:14 -1150558.375000        0.557400
FIRE:  272 06:48:14 -1150558.375000        0.712085
FIRE:  273 06:48:14 -1150558.375000        0.965602
FIRE:  274 06:48:15 -1150558.375000        0.679337
FIRE:  275 06:48:15 -1150558.375000        0.309677
FIRE:  276 06:48:15 -1150558.375000        0.575372
FIRE:  277 06:48:15 -1150558.750000        0.680389
FIRE:  278 06:48:15 -1150558.375000        0.644227
FIRE:  279 06:48:15 -1150558.375000        0.458998
FIRE:  280 06:48:15 -1150558.375000        0.320260
FIRE:  281 06:48:15 -1150558.375000        0.616065
FIRE:  282 06:48:15 -1150558.375000        0.556450
FIRE:  283 06:48:15 -1150558.375000        0.266455
FIRE:  284 06:48:15 -1150558.375000        0.510533
FIRE:  285 06:48:15 -1150558.375000        0.360214
FIRE:  286 06:48:15 -1150558.375000        0.576686
FIRE:  287 06:48:15 -1150558.375000        0.253046
FIRE:  288 06:48:15 -1150558.375000        0.564088
FIRE:  289 06:48:15 -1150558.375000        0.459412
FIRE:  290 06:48:15 -1150558.375000        0.351069
FIRE:  291 06:48:15 -1150558.375000        0.403368
FIRE:  292 06:48:15 -1150558.375000        0.749444
FIRE:  293 06:48:15 -1150558.375000        0.988452
FIRE:  294 06:48:15 -1150564.750000        0.851785
FIRE:  295 06:48:15 -1150558.500000        0.466537
FIRE:  296 06:48:16 -1150558.500000        0.796206
FIRE:  297 06:48:16 -1150558.500000        0.799923
FIRE:  298 06:48:16 -1150558.500000        0.846534
FIRE:  299 06:48:16 -1150558.625000        0.828285
FIRE:  300 06:48:16 -1150560.375000        0.862233
FIRE:  301 06:48:16 -1150558.750000        1.138694
FIRE:  302 06:48:16 -1150560.375000        3.361186
FIRE:  303 06:48:16 -1150560.625000        1.227586
FIRE:  304 06:48:16 -1150562.875000        0.866338
FIRE:  305 06:48:16 -1150559.000000        0.739719
FIRE:  306 06:48:16 -1150562.750000        0.729334
FIRE:  307 06:48:16 -1150560.625000        0.729019
FIRE:  308 06:48:16 -1150560.625000        0.728543
FIRE:  309 06:48:16 -1150563.375000        0.728396
FIRE:  310 06:48:16 -1150560.625000        0.729750
FIRE:  311 06:48:16 -1150560.625000        0.732456
FIRE:  312 06:48:16 -1150559.000000        0.726207
FIRE:  313 06:48:16 -1150560.625000        0.755748
FIRE:  314 06:48:16 -1150563.250000        0.798125
FIRE:  315 06:48:17 -1150560.875000        0.780698
FIRE:  316 06:48:17 -1150560.625000        0.713360
FIRE:  317 06:48:17 -1150561.125000        0.659779
FIRE:  318 06:48:17 -1150560.750000        0.638846
FIRE:  319 06:48:17 -1150560.750000        0.600888
FIRE:  320 06:48:17 -1150563.250000        0.580760
FIRE:  321 06:48:17 -1150563.000000        0.528742
FIRE:  322 06:48:17 -1150560.750000        0.506098
FIRE:  323 06:48:17 -1150563.250000        0.445607
FIRE:  324 06:48:17 -1150559.125000        0.453440
FIRE:  325 06:48:17 -1150559.250000        0.318314
FIRE:  326 06:48:17 -1150559.250000        0.192666
FIRE:  327 06:48:17 -1150559.250000        0.199533
FIRE:  328 06:48:17 -1150559.250000        0.198332
FIRE:  329 06:48:17 -1150559.250000        0.193750
FIRE:  330 06:48:17 -1150559.250000        0.210421
FIRE:  331 06:48:18 -1150559.375000        0.503467
FIRE:  332 06:48:18 -1150559.375000        0.578526
FIRE:  333 06:48:18 -1150559.375000        0.224451
FIRE:  334 06:48:18 -1150559.375000        0.419763
FIRE:  335 06:48:18 -1150559.375000        0.331586
FIRE:  336 06:48:18 -1150559.375000        0.204071
FIRE:  337 06:48:18 -1150559.375000        0.208540
FIRE:  338 06:48:18 -1150559.375000        0.226204
FIRE:  339 06:48:18 -1150559.375000        0.279169
FIRE:  340 06:48:18 -1150559.375000        0.293015
FIRE:  341 06:48:18 -1150559.375000        0.259728
FIRE:  342 06:48:18 -1150559.375000        0.318435
FIRE:  343 06:48:18 -1150559.375000        0.350712
FIRE:  344 06:48:18 -1150559.375000        0.238081
FIRE:  345 06:48:18 -1150559.375000        0.290867
FIRE:  346 06:48:19 -1150559.375000        0.266794
FIRE:  347 06:48:19 -1150559.375000        0.290092
FIRE:  348 06:48:19 -1150559.375000        0.272569
FIRE:  349 06:48:19 -1150559.375000        0.316275
FIRE:  350 06:48:19 -1150559.375000        0.250808
FIRE:  351 06:48:19 -1150559.500000        0.127543
FIRE:  352 06:48:19 -1150559.500000        0.214706
FIRE:  353 06:48:19 -1150559.500000        0.327666
FIRE:  354 06:48:19 -1150559.500000        0.349245
FIRE:  355 06:48:19 -1150559.500000        0.207140
FIRE:  356 06:48:19 -1150563.250000        0.284231
FIRE:  357 06:48:19 -1150564.250000        0.777235
FIRE:  358 06:48:19 -1150561.125000        2.634926
FIRE:  359 06:48:19 -1150561.250000        0.719132
FIRE:  360 06:48:19 -1150561.375000        0.498402
FIRE:  361 06:48:20 -1150564.000000        0.201304
FIRE:  362 06:48:20 -1150561.375000        0.296895
FIRE:  363 06:48:20 -1150563.625000        0.275174
FIRE:  364 06:48:20 -1150561.375000        0.244533
FIRE:  365 06:48:20 -1150564.375000        0.205044
FIRE:  366 06:48:20 -1150564.875000        0.171388
FIRE:  367 06:48:20 -1150567.375000        0.183685
FIRE:  368 06:48:20 -1150561.375000        0.201793
FIRE:  369 06:48:20 -1150561.375000        0.227277
FIRE:  370 06:48:20 -1150563.875000        0.264076
FIRE:  371 06:48:20 -1150564.000000        0.302726
FIRE:  372 06:48:20 -1150561.375000        0.302595
FIRE:  373 06:48:20 -1150561.375000        0.230906
FIRE:  374 06:48:20 -1150561.375000        1.192585
FIRE:  375 06:48:20 -1150564.125000        0.659858
FIRE:  376 06:48:20 -1150563.500000        0.170238
FIRE:  377 06:48:21 -1150563.625000        0.233522
FIRE:  378 06:48:21 -1150561.375000        0.287036
FIRE:  379 06:48:21 -1150567.125000        0.302671
FIRE:  380 06:48:21 -1150561.375000        0.308700
FIRE:  381 06:48:21 -1150564.125000        0.310600
FIRE:  382 06:48:21 -1150561.375000        0.308121
FIRE:  383 06:48:21 -1150563.750000        0.293000
FIRE:  384 06:48:21 -1150564.750000        0.213356
FIRE:  385 06:48:21 -1150561.375000        0.314046
FIRE:  386 06:48:21 -1150564.000000        0.645456
FIRE:  387 06:48:21 -1150563.625000        0.170025
FIRE:  388 06:48:21 -1150564.000000        0.353620
FIRE:  389 06:48:21 -1150564.125000        0.417317
FIRE:  390 06:48:21 -1150564.000000        0.158419
FIRE:  391 06:48:22 -1150564.125000        0.716747
FIRE:  392 06:48:22 -1150564.125000        0.401646
FIRE:  393 06:48:22 -1150563.625000        0.400649
FIRE:  394 06:48:22 -1150561.375000        0.688127
FIRE:  395 06:48:22 -1150561.375000        0.467941
FIRE:  396 06:48:22 -1150559.875000        0.287772
FIRE:  397 06:48:22 -1150559.875000        1.661647
FIRE:  398 06:48:22 -1150559.875000        0.533282
FIRE:  399 06:48:22 -1150561.500000        0.611509
FIRE:  400 06:48:22 -1150559.875000        0.537943
FIRE:  401 06:48:22 -1150560.000000        0.480943
FIRE:  402 06:48:22 -1150560.125000        0.810982
FIRE:  403 06:48:22 -1150560.250000        0.854651
FIRE:  404 06:48:22 -1150564.750000        1.157182
FIRE:  405 06:48:23 -1150565.000000        1.695387
FIRE:  406 06:48:23 -1150562.250000        1.187053
FIRE:  407 06:48:23 -1150564.875000        1.185293
FIRE:  408 06:48:23 -1150564.625000        1.180807
FIRE:  409 06:48:23 -1150564.875000        1.171697
FIRE:  410 06:48:23 -1150562.375000        1.155717
FIRE:  411 06:48:23 -1150562.375000        1.129861
FIRE:  412 06:48:23 -1150562.375000        1.082593
FIRE:  413 06:48:23 -1150562.375000        1.023181
FIRE:  414 06:48:23 -1150564.750000        0.880549
FIRE:  415 06:48:23 -1150564.750000        0.821290
FIRE:  416 06:48:23 -1150562.500000        0.630069
FIRE:  417 06:48:23 -1150562.625000        0.524791
FIRE:  418 06:48:23 -1150562.625000        0.436482
FIRE:  419 06:48:24 -1150565.375000        0.542483
FIRE:  420 06:48:24 -1150562.750000        0.550561
FIRE:  421 06:48:24 -1150565.500000        0.451033
FIRE:  422 06:48:24 -1150565.125000        0.438543
FIRE:  423 06:48:24 -1150565.625000        0.500936
FIRE:  424 06:48:24 -1150562.875000        0.515182
FIRE:  425 06:48:24 -1150565.125000        0.855402
FIRE:  426 06:48:24 -1150563.000000        0.355389
FIRE:  427 06:48:24 -1150561.375000        0.609211
FIRE:  428 06:48:24 -1150565.750000        0.497099
FIRE:  429 06:48:24 -1150563.000000        0.323683
FIRE:  430 06:48:24 -1150565.250000        0.320816
FIRE:  431 06:48:24 -1150568.750000        0.387776
FIRE:  432 06:48:24 -1150565.375000        0.370182
FIRE:  433 06:48:24 -1150565.625000        0.336180
FIRE:  434 06:48:25 -1150563.000000        0.310464
FIRE:  435 06:48:25 -1150565.375000        0.307709
FIRE:  436 06:48:25 -1150563.000000        0.304361
FIRE:  437 06:48:25 -1150563.000000        0.300488
FIRE:  438 06:48:25 -1150563.000000        0.296160
FIRE:  439 06:48:25 -1150565.750000        0.290964
FIRE:  440 06:48:25 -1150565.750000        0.284849
FIRE:  441 06:48:25 -1150565.500000        0.277770
FIRE:  442 06:48:25 -1150563.000000        0.269630
FIRE:  443 06:48:25 -1150565.625000        0.260269
FIRE:  444 06:48:25 -1150563.000000        0.249429
FIRE:  445 06:48:25 -1150565.375000        0.236780
FIRE:  446 06:48:25 -1150568.625000        0.222164
FIRE:  447 06:48:25 -1150563.000000        0.209096
FIRE:  448 06:48:26 -1150563.000000        0.190895
FIRE:  449 06:48:26 -1150563.000000        0.208891
FIRE:  450 06:48:26 -1150563.000000        0.234094
FIRE:  451 06:48:26 -1150568.625000        0.200054
FIRE:  452 06:48:26 -1150568.750000        0.203504
FIRE:  453 06:48:26 -1150565.875000        0.199345
FIRE:  454 06:48:26 -1150563.125000        0.256713
FIRE:  455 06:48:26 -1150563.125000        0.213664
FIRE:  456 06:48:26 -1150563.125000        0.246490
FIRE:  457 06:48:26 -1150565.500000        0.289035
FIRE:  458 06:48:26 -1150565.875000        0.329121
FIRE:  459 06:48:26 -1150563.250000        0.390444
FIRE:  460 06:48:26 -1150561.750000        0.912541
FIRE:  461 06:48:26 -1150561.750000        1.982919
FIRE:  462 06:48:27 -1150561.750000        0.363622
FIRE:  463 06:48:27 -1150561.750000        2.251173
FIRE:  464 06:48:27 -1150561.750000        1.635439
FIRE:  465 06:48:27 -1150561.750000        0.640177
FIRE:  466 06:48:27 -1150561.750000        0.530648
FIRE:  467 06:48:27 -1150561.750000        0.508148
FIRE:  468 06:48:27 -1150561.750000        0.464818
FIRE:  469 06:48:27 -1150561.750000        0.404198
FIRE:  470 06:48:27 -1150561.750000        0.361094
FIRE:  471 06:48:27 -1150561.750000        0.357496
FIRE:  472 06:48:27 -1150561.875000        0.353851
FIRE:  473 06:48:27 -1150561.875000        0.350502
FIRE:  474 06:48:27 -1150561.875000        0.347496
FIRE:  475 06:48:27 -1150561.875000        0.371269
FIRE:  476 06:48:28 -1150561.875000        0.378692
FIRE:  477 06:48:28 -1150561.875000        0.344710
FIRE:  478 06:48:28 -1150561.875000        0.346755
FIRE:  479 06:48:28 -1150561.875000        0.349702
FIRE:  480 06:48:28 -1150561.875000        0.351837
FIRE:  481 06:48:28 -1150561.875000        0.350782
FIRE:  482 06:48:28 -1150561.875000        0.348269
FIRE:  483 06:48:28 -1150561.875000        0.336330
FIRE:  484 06:48:28 -1150561.875000        0.322448
FIRE:  485 06:48:28 -1150561.875000        0.312516
FIRE:  486 06:48:28 -1150561.875000        0.297064
FIRE:  487 06:48:28 -1150561.875000        0.258884
FIRE:  488 06:48:28 -1150562.000000        0.198208
FIRE:  489 06:48:28 -1150563.625000        0.196711
FIRE:  490 06:48:28 -1150562.000000        0.223038
FIRE:  491 06:48:29 -1150562.000000        0.179088
FIRE:  492 06:48:29 -1150562.000000        0.182895
FIRE:  493 06:48:29 -1150562.125000        0.419598
FIRE:  494 06:48:29 -1150562.125000        1.360968
FIRE:  495 06:48:29 -1150562.125000        0.180178
FIRE:  496 06:48:29 -1150562.125000        1.158428
FIRE:  497 06:48:29 -1150562.125000        0.887352
FIRE:  498 06:48:29 -1150562.125000        0.410324
FIRE:  499 06:48:29 -1150562.125000        0.159500
FIRE:  500 06:48:29 -1150562.125000        0.159354
FIRE:  501 06:48:29 -1150562.125000        0.159059
FIRE:  502 06:48:29 -1150562.125000        0.158613
FIRE:  503 06:48:29 -1150562.125000        0.157995
FIRE:  504 06:48:29 -1150562.125000        0.157215
FIRE:  505 06:48:30 -1150562.125000        0.156242
FIRE:  506 06:48:30 -1150562.125000        0.155072
FIRE:  507 06:48:30 -1150562.125000        0.153545
FIRE:  508 06:48:30 -1150562.125000        0.151560
FIRE:  509 06:48:30 -1150562.125000        0.149044
FIRE:  510 06:48:30 -1150562.125000        0.145927
FIRE:  511 06:48:30 -1150562.125000        0.142148
FIRE:  512 06:48:30 -1150562.125000        0.137722
FIRE:  513 06:48:30 -1150562.125000        0.132685
FIRE:  514 06:48:30 -1150562.125000        0.127197
FIRE:  515 06:48:30 -1150562.125000        0.121422
FIRE:  516 06:48:30 -1150562.125000        0.115467
FIRE:  517 06:48:30 -1150562.125000        0.108509
FIRE:  518 06:48:30 -1150562.125000        0.100005
FIRE:  519 06:48:31 -1150562.125000        0.091331
FIRE:  520 06:48:31 -1150562.125000        0.085360
FIRE:  521 06:48:31 -1150562.125000        0.078642
FIRE:  522 06:48:31 -1150562.125000        0.080793
FIRE:  523 06:48:31 -1150562.125000        0.085643
FIRE:  524 06:48:31 -1150562.125000        0.087434
FIRE:  525 06:48:31 -1150563.750000        0.087654
FIRE:  526 06:48:31 -1150562.125000        0.086509
FIRE:  527 06:48:31 -1150562.250000        0.233361
FIRE:  528 06:48:31 -1150562.250000        0.850780
FIRE:  529 06:48:31 -1150566.625000        2.717322
FIRE:  530 06:48:31 -1150563.875000        0.480303
FIRE:  531 06:48:31 -1150563.875000        0.348371
FIRE:  532 06:48:31 -1150566.250000        0.124588
FIRE:  533 06:48:32 -1150563.875000        0.141416
FIRE:  534 06:48:32 -1150566.125000        0.130948
FIRE:  535 06:48:32 -1150563.875000        0.110984
FIRE:  536 06:48:32 -1150566.625000        0.083356
FIRE:  537 06:48:32 -1150566.875000        0.067883
FIRE:  538 06:48:32 -1150563.875000        0.067920
FIRE:  539 06:48:32 -1150563.875000        0.067947
FIRE:  540 06:48:32 -1150563.875000        0.067953
FIRE:  541 06:48:32 -1150563.875000        0.077307
FIRE:  542 06:48:32 -1150563.875000        0.086036
FIRE:  543 06:48:32 -1150563.875000        0.078823
FIRE:  544 06:48:32 -1150566.500000        0.067626
FIRE:  545 06:48:32 -1150563.875000        0.067423
FIRE:  546 06:48:32 -1150563.875000        0.067197
FIRE:  547 06:48:32 -1150563.875000        0.066985
FIRE:  548 06:48:33 -1150563.875000        0.066825
FIRE:  549 06:48:33 -1150563.875000        0.066709
FIRE:  550 06:48:33 -1150566.250000        0.066572
FIRE:  551 06:48:33 -1150563.875000        0.066291
FIRE:  552 06:48:33 -1150563.875000        0.065834
FIRE:  553 06:48:33 -1150566.375000        0.065357
FIRE:  554 06:48:33 -1150566.125000        0.064968
FIRE:  555 06:48:33 -1150566.375000        0.064331
FIRE:  556 06:48:33 -1150563.875000        0.063076
FIRE:  557 06:48:33 -1150566.375000        0.061870
FIRE:  558 06:48:33 -1150563.875000        0.063320
FIRE:  559 06:48:33 -1150563.875000        0.084853
FIRE:  560 06:48:33 -1150562.250000        0.307565
FIRE:  561 06:48:33 -1150562.375000        0.969270
FIRE:  562 06:48:33 -1150562.375000        0.112480
FIRE:  563 06:48:34 -1150562.375000        0.892052
FIRE:  564 06:48:34 -1150562.375000        0.669308
FIRE:  565 06:48:34 -1150562.375000        0.281903
FIRE:  566 06:48:34 -1150562.375000        0.170927
FIRE:  567 06:48:34 -1150562.375000        0.159993
FIRE:  568 06:48:34 -1150562.375000        0.138762
FIRE:  569 06:48:34 -1150562.375000        0.108927
FIRE:  570 06:48:34 -1150562.375000        0.104023
FIRE:  571 06:48:34 -1150562.375000        0.103453
FIRE:  572 06:48:34 -1150562.375000        0.102787
FIRE:  573 06:48:34 -1150562.375000        0.102041
FIRE:  574 06:48:34 -1150562.375000        0.101142
FIRE:  575 06:48:34 -1150562.375000        0.100075
FIRE:  576 06:48:34 -1150562.375000        0.102444
FIRE:  577 06:48:34 -1150562.375000        0.097377
FIRE:  578 06:48:34 -1150562.375000        0.095677
FIRE:  579 06:48:34 -1150562.375000        0.093664
FIRE:  580 06:48:34 -1150562.375000        0.091261
FIRE:  581 06:48:35 -1150562.375000        0.088399
FIRE:  582 06:48:35 -1150562.375000        0.085042
FIRE:  583 06:48:35 -1150562.375000        0.081255
FIRE:  584 06:48:35 -1150562.375000        0.077206
FIRE:  585 06:48:35 -1150562.375000        0.073110
FIRE:  586 06:48:35 -1150562.375000        0.069023
FIRE:  587 06:48:35 -1150562.375000        0.064921
FIRE:  588 06:48:35 -1150562.375000        0.062230
FIRE:  589 06:48:35 -1150562.375000        0.066048
FIRE:  590 06:48:35 -1150562.375000        0.069131
FIRE:  591 06:48:35 -1150562.375000        0.071583
FIRE:  592 06:48:35 -1150562.375000        0.070996
FIRE:  593 06:48:35 -1150562.375000        0.067732
FIRE:  594 06:48:35 -1150562.375000        0.154331
FIRE:  595 06:48:35 -1150562.375000        0.681480
FIRE:  596 06:48:35 -1150562.375000        2.470297
FIRE:  597 06:48:35 -1150562.375000        0.661807
FIRE:  598 06:48:36 -1150562.375000        0.463087
FIRE:  599 06:48:36 -1150562.375000        0.131584
FIRE:  600 06:48:36 -1150562.375000        0.242737
FIRE:  601 06:48:36 -1150562.375000        0.223008
FIRE:  602 06:48:36 -1150562.375000        0.185362
FIRE:  603 06:48:36 -1150562.375000        0.133226
FIRE:  604 06:48:36 -1150562.375000        0.073108
FIRE:  605 06:48:36 -1150562.375000        0.071649
FIRE:  606 06:48:36 -1150562.375000        0.071930
FIRE:  607 06:48:36 -1150562.375000        0.112863
FIRE:  608 06:48:36 -1150562.375000        0.143983
FIRE:  609 06:48:36 -1150562.375000        0.151656
FIRE:  610 06:48:36 -1150562.375000        0.129876
FIRE:  611 06:48:36 -1150562.375000        0.078808
FIRE:  612 06:48:36 -1150562.375000        0.069272
FIRE:  613 06:48:36 -1150562.375000        0.076907
FIRE:  614 06:48:36 -1150562.375000        0.102561
FIRE:  615 06:48:37 -1150562.375000        0.067508
FIRE:  616 06:48:37 -1150562.375000        0.065925
FIRE:  617 06:48:37 -1150562.375000        0.107220
FIRE:  618 06:48:37 -1150562.375000        0.081860
FIRE:  619 06:48:37 -1150562.500000        0.060954
FIRE:  620 06:48:37 -1150562.500000        0.079485
FIRE:  621 06:48:37 -1150562.500000        0.060569
FIRE:  622 06:48:37 -1150562.500000        0.082774
FIRE:  623 06:48:37 -1150562.500000        0.096185
FIRE:  624 06:48:37 -1150562.500000        0.172230
FIRE:  625 06:48:37 -1150562.500000        0.268237
FIRE:  626 06:48:37 -1150562.500000        0.252995
FIRE:  627 06:48:37 -1150562.500000        0.309837
FIRE:  628 06:48:37 -1150562.500000        0.797685
FIRE:  629 06:48:37 -1150562.500000        3.126618
FIRE:  630 06:48:38 -1150562.625000        0.937105
FIRE:  631 06:48:38 -1150562.625000        0.642155
FIRE:  632 06:48:38 -1150562.625000        0.187982
FIRE:  633 06:48:38 -1150562.625000        0.428793
FIRE:  634 06:48:38 -1150562.625000        0.397514
FIRE:  635 06:48:38 -1150562.625000        0.337707
FIRE:  636 06:48:38 -1150562.625000        0.255498
FIRE:  637 06:48:38 -1150562.625000        0.175725
FIRE:  638 06:48:38 -1150562.625000        0.179614
FIRE:  639 06:48:38 -1150562.625000        0.193398
FIRE:  640 06:48:38 -1150562.625000        0.209634
FIRE:  641 06:48:38 -1150562.625000        0.221777
FIRE:  642 06:48:38 -1150562.625000        0.223009
FIRE:  643 06:48:38 -1150562.625000        0.210085
FIRE:  644 06:48:38 -1150562.625000        0.187272
FIRE:  645 06:48:38 -1150562.625000        0.181807
FIRE:  646 06:48:38 -1150562.625000        0.195802
FIRE:  647 06:48:39 -1150562.625000        0.227361
FIRE:  648 06:48:39 -1150562.625000        0.192085
FIRE:  649 06:48:39 -1150562.625000        0.194313
FIRE:  650 06:48:39 -1150562.625000        0.207609
FIRE:  651 06:48:39 -1150562.625000        0.203733
FIRE:  652 06:48:39 -1150562.625000        0.211845
FIRE:  653 06:48:39 -1150562.625000        0.218557
FIRE:  654 06:48:39 -1150562.625000        0.224058
FIRE:  655 06:48:39 -1150562.625000        0.234734
FIRE:  656 06:48:39 -1150562.750000        0.242452
FIRE:  657 06:48:39 -1150562.750000        0.246926
FIRE:  658 06:48:39 -1150562.750000        0.263758
FIRE:  659 06:48:39 -1150562.750000        0.283133
FIRE:  660 06:48:39 -1150562.875000        0.475618
FIRE:  661 06:48:39 -1150562.875000        1.457998
FIRE:  662 06:48:39 -1150568.000000        6.576429
FIRE:  663 06:48:40 -1150563.000000        2.351511
FIRE:  664 06:48:40 -1150563.000000        1.682746
FIRE:  665 06:48:40 -1150563.000000        0.721683
FIRE:  666 06:48:40 -1150564.750000        1.131424
FIRE:  667 06:48:40 -1150563.125000        1.045373
FIRE:  668 06:48:40 -1150563.125000        0.881876
FIRE:  669 06:48:40 -1150563.125000        0.658155
FIRE:  670 06:48:40 -1150563.125000        0.497521
FIRE:  671 06:48:40 -1150563.125000        0.493990
FIRE:  672 06:48:40 -1150563.125000        0.490811
FIRE:  673 06:48:40 -1150564.750000        0.488524
FIRE:  674 06:48:40 -1150563.125000        0.487849
FIRE:  675 06:48:40 -1150563.125000        0.489426
FIRE:  676 06:48:40 -1150563.125000        0.493779
FIRE:  677 06:48:40 -1150563.125000        0.501093
FIRE:  678 06:48:40 -1150563.125000        0.510757
FIRE:  679 06:48:40 -1150563.125000        0.520853
FIRE:  680 06:48:40 -1150563.125000        0.580449
FIRE:  681 06:48:40 -1150563.125000        0.534334
FIRE:  682 06:48:41 -1150563.125000        0.538977
FIRE:  683 06:48:41 -1150567.500000        0.550172
FIRE:  684 06:48:41 -1150567.500000        0.575013
FIRE:  685 06:48:41 -1150563.250000        0.613580
FIRE:  686 06:48:41 -1150564.875000        0.655010
FIRE:  687 06:48:41 -1150563.375000        0.702768
FIRE:  688 06:48:41 -1150567.750000        0.753395
FIRE:  689 06:48:41 -1150563.625000        0.889163
FIRE:  690 06:48:41 -1150565.375000        0.947859
FIRE:  691 06:48:41 -1150567.875000        0.926621
FIRE:  692 06:48:41 -1150565.875000        0.504181
FIRE:  693 06:48:41 -1150564.250000        1.156185
FIRE:  694 06:48:41 -1150564.375000        0.912990
FIRE:  695 06:48:41 -1150566.000000        0.653786
FIRE:  696 06:48:41 -1150564.375000        0.427988
FIRE:  697 06:48:41 -1150564.375000        0.510694
FIRE:  698 06:48:41 -1150564.375000        0.416424
FIRE:  699 06:48:42 -1150564.375000        0.421070
FIRE:  700 06:48:42 -1150564.500000        0.503601
FIRE:  701 06:48:42 -1150564.500000        0.551511
FIRE:  702 06:48:42 -1150564.500000        0.563872
FIRE:  703 06:48:42 -1150564.500000        0.504353
FIRE:  704 06:48:42 -1150567.875000        0.381061
FIRE:  705 06:48:42 -1150564.625000        0.327025
FIRE:  706 06:48:42 -1150564.750000        0.425631
FIRE:  707 06:48:42 -1150564.750000        1.214916
FIRE:  708 06:48:42 -1150564.750000        4.538966
FIRE:  709 06:48:42 -1150564.875000        1.425418
FIRE:  710 06:48:42 -1150564.875000        1.043008
FIRE:  711 06:48:42 -1150564.875000        0.487686
FIRE:  712 06:48:42 -1150564.875000        0.477815
FIRE:  713 06:48:42 -1150564.875000        0.477668
FIRE:  714 06:48:42 -1150564.875000        0.477363
FIRE:  715 06:48:43 -1150564.875000        0.476888
FIRE:  716 06:48:43 -1150564.875000        0.476226
FIRE:  717 06:48:43 -1150564.875000        0.475353
FIRE:  718 06:48:43 -1150564.875000        0.474269
FIRE:  719 06:48:43 -1150564.875000        0.473001
FIRE:  720 06:48:43 -1150564.875000        0.471471
FIRE:  721 06:48:43 -1150564.875000        0.469783
FIRE:  722 06:48:43 -1150564.875000        0.468146
FIRE:  723 06:48:43 -1150564.875000        0.466895
FIRE:  724 06:48:43 -1150564.875000        0.466381
FIRE:  725 06:48:43 -1150564.875000        0.466772
FIRE:  726 06:48:43 -1150564.875000        0.467714
FIRE:  727 06:48:43 -1150564.875000        0.468431
FIRE:  728 06:48:43 -1150564.875000        0.468247
FIRE:  729 06:48:44 -1150564.875000        0.466812
FIRE:  730 06:48:44 -1150564.875000        0.463905
FIRE:  731 06:48:44 -1150564.875000        0.462074
FIRE:  732 06:48:44 -1150565.000000        0.457718
FIRE:  733 06:48:44 -1150565.000000        0.448302
FIRE:  734 06:48:44 -1150565.000000        0.415774
FIRE:  735 06:48:44 -1150565.000000        0.385792
FIRE:  736 06:48:44 -1150565.000000        0.364432
FIRE:  737 06:48:44 -1150565.125000        0.338007
FIRE:  738 06:48:44 -1150565.125000        0.285718
FIRE:  739 06:48:44 -1150567.500000        0.895659
FIRE:  740 06:48:44 -1150565.125000        2.727782
FIRE:  741 06:48:44 -1150565.250000        0.295352
FIRE:  742 06:48:44 -1150565.250000        0.228204
FIRE:  743 06:48:44 -1150565.250000        0.200444
FIRE:  744 06:48:45 -1150565.250000        0.191713
FIRE:  745 06:48:45 -1150565.250000        0.181605
FIRE:  746 06:48:45 -1150565.250000        0.217484
FIRE:  747 06:48:45 -1150565.250000        0.197094
FIRE:  748 06:48:45 -1150565.250000        0.165355
FIRE:  749 06:48:45 -1150565.250000        0.160325
FIRE:  750 06:48:45 -1150565.250000        0.188285
FIRE:  751 06:48:45 -1150565.250000        0.154530
FIRE:  752 06:48:45 -1150565.250000        0.149827
FIRE:  753 06:48:45 -1150565.250000        0.179617
FIRE:  754 06:48:45 -1150565.250000        0.142976
FIRE:  755 06:48:45 -1150565.250000        0.177896
FIRE:  756 06:48:45 -1150565.250000        0.152704
FIRE:  757 06:48:45 -1150565.250000        0.204225
FIRE:  758 06:48:45 -1150565.375000        0.197167
FIRE:  759 06:48:46 -1150565.375000        0.214130
FIRE:  760 06:48:46 -1150565.375000        0.218435
FIRE:  761 06:48:46 -1150565.375000        0.313669
FIRE:  762 06:48:46 -1150565.375000        0.913508
FIRE:  763 06:48:46 -1150567.875000        2.900103
FIRE:  764 06:48:46 -1150567.125000        0.173038
FIRE:  765 06:48:46 -1150567.750000        0.173048
FIRE:  766 06:48:46 -1150568.000000        0.173046
FIRE:  767 06:48:46 -1150567.750000        0.172963
FIRE:  768 06:48:46 -1150567.875000        0.172727
FIRE:  769 06:48:46 -1150567.125000        0.172301
FIRE:  770 06:48:46 -1150568.000000        0.171642
FIRE:  771 06:48:46 -1150567.875000        0.170778
FIRE:  772 06:48:46 -1150567.875000        0.169620
FIRE:  773 06:48:46 -1150567.125000        0.168107
FIRE:  774 06:48:47 -1150567.875000        0.166149
FIRE:  775 06:48:47 -1150568.000000        0.163824
FIRE:  776 06:48:47 -1150567.125000        0.161290
FIRE:  777 06:48:47 -1150567.875000        0.158195
FIRE:  778 06:48:47 -1150568.000000        0.160981
FIRE:  779 06:48:47 -1150567.875000        0.149205
FIRE:  780 06:48:47 -1150568.000000        0.148279
FIRE:  781 06:48:47 -1150568.000000        0.160618
FIRE:  782 06:48:47 -1150565.500000        0.147490
FIRE:  783 06:48:47 -1150565.625000        0.203677
FIRE:  784 06:48:47 -1150565.625000        0.463460
FIRE:  785 06:48:47 -1150565.625000        1.474986
FIRE:  786 06:48:47 -1150565.500000        4.880560
FIRE:  787 06:48:47 -1150565.625000        0.532296
FIRE:  788 06:48:47 -1150565.625000        0.388462
FIRE:  789 06:48:47 -1150565.625000        0.246561
FIRE:  790 06:48:48 -1150565.625000        0.213730
FIRE:  791 06:48:48 -1150565.625000        0.399641
FIRE:  792 06:48:48 -1150565.625000        0.442037
FIRE:  793 06:48:48 -1150565.625000        0.345416
FIRE:  794 06:48:48 -1150565.625000        0.245393
FIRE:  795 06:48:48 -1150565.625000        0.329078
FIRE:  796 06:48:48 -1150565.625000        0.286447
FIRE:  797 06:48:48 -1150565.625000        0.208629
FIRE:  798 06:48:48 -1150565.625000        0.244375
FIRE:  799 06:48:48 -1150565.625000        0.254721
FIRE:  800 06:48:48 -1150565.750000        0.178424
FIRE:  801 06:48:48 -1150565.750000        0.329010
FIRE:  802 06:48:48 -1150565.750000        0.188660
FIRE:  803 06:48:48 -1150565.750000        0.188747
FIRE:  804 06:48:48 -1150565.750000        0.250499
FIRE:  805 06:48:49 -1150565.750000        0.453413
FIRE:  806 06:48:49 -1150565.750000        0.517964
FIRE:  807 06:48:49 -1150565.750000        1.244012
FIRE:  808 06:48:49 -1150565.750000        0.158245
FIRE:  809 06:48:49 -1150565.750000        1.084037
FIRE:  810 06:48:49 -1150565.750000        0.797666
FIRE:  811 06:48:49 -1150565.750000        0.343632
FIRE:  812 06:48:49 -1150565.750000        0.254578
FIRE:  813 06:48:49 -1150565.750000        0.242679
FIRE:  814 06:48:49 -1150565.750000        0.219619
FIRE:  815 06:48:49 -1150565.750000        0.187000
FIRE:  816 06:48:49 -1150565.750000        0.147404
FIRE:  817 06:48:49 -1150565.750000        0.116737
FIRE:  818 06:48:49 -1150565.750000        0.122849
FIRE:  819 06:48:49 -1150565.750000        0.135416
FIRE:  820 06:48:50 -1150565.750000        0.150586
FIRE:  821 06:48:50 -1150565.750000        0.162633
FIRE:  822 06:48:50 -1150565.750000        0.166242
FIRE:  823 06:48:50 -1150565.750000        0.158152
FIRE:  824 06:48:50 -1150565.750000        0.140209
FIRE:  825 06:48:50 -1150565.750000        0.122287
FIRE:  826 06:48:50 -1150565.750000        0.116659
FIRE:  827 06:48:50 -1150565.750000        0.134680
FIRE:  828 06:48:50 -1150565.750000        0.116347
FIRE:  829 06:48:50 -1150565.750000        0.123282
FIRE:  830 06:48:50 -1150565.750000        0.145502
FIRE:  831 06:48:50 -1150565.750000        0.142386
FIRE:  832 06:48:50 -1150565.750000        0.116375
FIRE:  833 06:48:50 -1150565.750000        0.119545
FIRE:  834 06:48:50 -1150565.750000        0.119123
FIRE:  835 06:48:51 -1150565.750000        0.140733
FIRE:  836 06:48:51 -1150565.750000        0.110722
FIRE:  837 06:48:51 -1150565.750000        0.112866
FIRE:  838 06:48:51 -1150565.875000        0.128556
FIRE:  839 06:48:51 -1150565.875000        0.204320
FIRE:  840 06:48:51 -1150565.875000        0.433503
FIRE:  841 06:48:51 -1150565.875000        1.323220
FIRE:  842 06:48:51 -1150565.875000        0.102171
FIRE:  843 06:48:51 -1150565.875000        1.190031
FIRE:  844 06:48:51 -1150565.875000        0.869237
FIRE:  845 06:48:51 -1150565.875000        0.324801
FIRE:  846 06:48:51 -1150565.875000        0.293513
FIRE:  847 06:48:51 -1150565.875000        0.277742
FIRE:  848 06:48:51 -1150565.875000        0.247240
FIRE:  849 06:48:51 -1150565.875000        0.204159
FIRE:  850 06:48:52 -1150565.875000        0.151903
FIRE:  851 06:48:52 -1150565.875000        0.098910
FIRE:  852 06:48:52 -1150565.875000        0.100187
FIRE:  853 06:48:52 -1150565.875000        0.117544
FIRE:  854 06:48:52 -1150565.875000        0.140422
FIRE:  855 06:48:52 -1150565.875000        0.158025
FIRE:  856 06:48:52 -1150565.875000        0.162191
FIRE:  857 06:48:52 -1150565.875000        0.148865
FIRE:  858 06:48:52 -1150565.875000        0.121317
FIRE:  859 06:48:52 -1150565.875000        0.097927
FIRE:  860 06:48:52 -1150565.875000        0.124645
FIRE:  861 06:48:52 -1150565.875000        0.149492
FIRE:  862 06:48:52 -1150565.875000        0.115020
FIRE:  863 06:48:52 -1150565.875000        0.101854
FIRE:  864 06:48:53 -1150565.875000        0.131425
FIRE:  865 06:48:53 -1150565.875000        0.122907
FIRE:  866 06:48:53 -1150565.875000        0.094917
FIRE:  867 06:48:53 -1150565.875000        0.129852
FIRE:  868 06:48:53 -1150565.875000        0.105293
FIRE:  869 06:48:53 -1150565.875000        0.127187
FIRE:  870 06:48:53 -1150565.875000        0.120369
FIRE:  871 06:48:53 -1150565.875000        0.103301
FIRE:  872 06:48:53 -1150565.875000        0.107564
FIRE:  873 06:48:53 -1150565.875000        0.166063
FIRE:  874 06:48:53 -1150565.875000        0.397354
FIRE:  875 06:48:53 -1150565.875000        1.298833
FIRE:  876 06:48:53 -1150566.000000        0.091911
FIRE:  877 06:48:53 -1150565.875000        1.187524
FIRE:  878 06:48:53 -1150565.875000        0.857871
FIRE:  879 06:48:54 -1150566.000000        0.301363
FIRE:  880 06:48:54 -1150566.000000        0.322525
FIRE:  881 06:48:54 -1150566.000000        0.303935
FIRE:  882 06:48:54 -1150566.000000        0.267911
FIRE:  883 06:48:54 -1150566.000000        0.217005
FIRE:  884 06:48:54 -1150566.000000        0.155387
FIRE:  885 06:48:54 -1150566.000000        0.094068
FIRE:  886 06:48:54 -1150566.000000        0.094589
FIRE:  887 06:48:54 -1150566.000000        0.116880
FIRE:  888 06:48:54 -1150566.000000        0.144585
FIRE:  889 06:48:54 -1150566.000000        0.164001
FIRE:  890 06:48:54 -1150566.000000        0.166278
FIRE:  891 06:48:54 -1150566.000000        0.147418
FIRE:  892 06:48:54 -1150566.000000        0.112970
FIRE:  893 06:48:54 -1150566.000000        0.090054
FIRE:  894 06:48:55 -1150566.000000        0.136149
FIRE:  895 06:48:55 -1150566.000000        0.157480
FIRE:  896 06:48:55 -1150566.000000        0.109553
FIRE:  897 06:48:55 -1150566.000000        0.098618
FIRE:  898 06:48:55 -1150566.000000        0.132863
FIRE:  899 06:48:55 -1150566.000000        0.115225
FIRE:  900 06:48:55 -1150566.000000        0.095879
FIRE:  901 06:48:55 -1150566.000000        0.129652
FIRE:  902 06:48:55 -1150566.000000        0.105543
FIRE:  903 06:48:55 -1150566.000000        0.116430
FIRE:  904 06:48:55 -1150566.000000        0.140534
FIRE:  905 06:48:55 -1150566.000000        0.109386
FIRE:  906 06:48:55 -1150566.000000        0.088178
FIRE:  907 06:48:55 -1150566.000000        0.089488
FIRE:  908 06:48:55 -1150566.000000        0.090752
FIRE:  909 06:48:56 -1150566.000000        0.093764
FIRE:  910 06:48:56 -1150566.000000        0.379731
FIRE:  911 06:48:56 -1150567.625000        2.237401
FIRE:  912 06:48:56 -1150569.875000        1.132560
FIRE:  913 06:48:56 -1150570.125000        0.667258
FIRE:  914 06:48:56 -1150570.125000        0.102065
FIRE:  915 06:48:56 -1150567.625000        0.660018
FIRE:  916 06:48:56 -1150572.875000        0.599319
FIRE:  917 06:48:56 -1150570.125000        0.483508
FIRE:  918 06:48:56 -1150569.875000        0.323245
FIRE:  919 06:48:56 -1150573.250000        0.136169
FIRE:  920 06:48:56 -1150570.375000        0.117703
FIRE:  921 06:48:56 -1150570.250000        0.223217
FIRE:  922 06:48:56 -1150570.500000        0.217250
FIRE:  923 06:48:57 -1150570.250000        0.205710
FIRE:  924 06:48:57 -1150567.625000        0.189572
FIRE:  925 06:48:57 -1150570.375000        0.175383
FIRE:  926 06:48:57 -1150570.375000        0.159058
FIRE:  927 06:48:57 -1150570.125000        0.141548
FIRE:  928 06:48:57 -1150570.250000        0.124397
FIRE:  929 06:48:57 -1150566.000000        0.107949
FIRE:  930 06:48:57 -1150570.125000        0.095907
FIRE:  931 06:48:57 -1150567.750000        0.092401
FIRE:  932 06:48:57 -1150570.000000        0.097945
FIRE:  933 06:48:57 -1150570.000000        0.121677
FIRE:  934 06:48:57 -1150570.000000        0.139659
FIRE:  935 06:48:57 -1150570.000000        0.140616
FIRE:  936 06:48:57 -1150567.750000        0.121067
FIRE:  937 06:48:57 -1150573.375000        0.095535
FIRE:  938 06:48:58 -1150570.250000        0.095666
FIRE:  939 06:48:58 -1150567.750000        0.112346
FIRE:  940 06:48:58 -1150567.750000        0.126081
FIRE:  941 06:48:58 -1150570.375000        0.119197
FIRE:  942 06:48:58 -1150570.500000        0.099508
FIRE:  943 06:48:58 -1150570.500000        0.100393
FIRE:  944 06:48:58 -1150570.375000        0.107800
FIRE:  945 06:48:58 -1150567.750000        0.097059
FIRE:  946 06:48:58 -1150570.000000        0.117547
FIRE:  947 06:48:58 -1150570.250000        0.109048
FIRE:  948 06:48:58 -1150570.000000        0.103213
FIRE:  949 06:48:58 -1150570.250000        0.098281
FIRE:  950 06:48:58 -1150569.875000        0.125366
FIRE:  951 06:48:58 -1150571.125000        0.110850
FIRE:  952 06:48:58 -1150567.750000        0.118027
FIRE:  953 06:48:58 -1150570.250000        0.146720
FIRE:  954 06:48:58 -1150567.750000        0.343664
FIRE:  955 06:48:58 -1150567.750000        1.128280
FIRE:  956 06:48:58 -1150567.750000        0.099107
FIRE:  957 06:48:59 -1150569.750000        1.046548
FIRE:  958 06:48:59 -1150570.125000        0.755435
FIRE:  959 06:48:59 -1150567.750000        0.263972
FIRE:  960 06:48:59 -1150570.250000        0.286173
FIRE:  961 06:48:59 -1150566.125000        0.268859
FIRE:  962 06:48:59 -1150570.125000        0.235273
FIRE:  963 06:48:59 -1150567.750000        0.188034
FIRE:  964 06:48:59 -1150567.750000        0.130964
FIRE:  965 06:48:59 -1150570.500000        0.101480
FIRE:  966 06:48:59 -1150570.000000        0.099109
FIRE:  967 06:48:59 -1150570.000000        0.114993
FIRE:  968 06:48:59 -1150567.750000        0.136691
FIRE:  969 06:48:59 -1150567.750000        0.151927
FIRE:  970 06:48:59 -1150570.125000        0.152488
FIRE:  971 06:48:59 -1150570.000000        0.135408
FIRE:  972 06:48:59 -1150567.750000        0.108458
FIRE:  973 06:48:59 -1150567.750000        0.097676
FIRE:  974 06:49:00 -1150570.625000        0.119021
FIRE:  975 06:49:00 -1150567.750000        0.133352
FIRE:  976 06:49:00 -1150567.750000        0.103398
FIRE:  977 06:49:00 -1150570.125000        0.103713
FIRE:  978 06:49:00 -1150567.750000        0.127708
FIRE:  979 06:49:00 -1150569.750000        0.109390
FIRE:  980 06:49:00 -1150572.875000        0.104383
FIRE:  981 06:49:00 -1150570.250000        0.108414
FIRE:  982 06:49:00 -1150570.000000        0.112229
FIRE:  983 06:49:00 -1150567.750000        0.109564
FIRE:  984 06:49:00 -1150570.250000        0.129024
FIRE:  985 06:49:00 -1150567.875000        0.123311
FIRE:  986 06:49:00 -1150570.375000        0.111513
FIRE:  987 06:49:00 -1150569.875000        0.144345
FIRE:  988 06:49:00 -1150567.875000        0.443751
FIRE:  989 06:49:00 -1150566.250000        1.410183
FIRE:  990 06:49:00 -1150566.250000        0.177047
FIRE:  991 06:49:01 -1150566.250000        0.142699
FIRE:  992 06:49:01 -1150566.250000        0.107064
FIRE:  993 06:49:01 -1150566.250000        0.104220
FIRE:  994 06:49:01 -1150566.250000        0.130292
FIRE:  995 06:49:01 -1150566.250000        0.142897
FIRE:  996 06:49:01 -1150566.250000        0.129220
FIRE:  997 06:49:01 -1150566.250000        0.105573
FIRE:  998 06:49:01 -1150566.250000        0.104186
FIRE:  999 06:49:01 -1150566.250000        0.119001
FIRE:  1000 06:49:01 -1150566.250000        0.110338
      Step     Time          Energy          fmax
FIRE:    0 06:49:02 -1150549.000000        7.501345
FIRE:    1 06:49:03 -1150549.750000        3.099491
FIRE:    2 06:49:05 -1150550.250000        4.739480
FIRE:    3 06:49:06 -1150557.500000        3.440592
FIRE:    4 06:49:06 -1150558.500000        1.613513
FIRE:    5 06:49:06 -1150558.625000        1.323914
FIRE:    6 06:49:06 -1150556.125000        2.148685
FIRE:    7 06:49:06 -1150558.375000        2.062885
FIRE:    8 06:49:06 -1150558.500000        1.893757
FIRE:    9 06:49:06 -1150555.750000        1.647538
FIRE:   10 06:49:06 -1150558.625000        1.337384
FIRE:   11 06:49:06 -1150558.625000        0.991174
FIRE:   12 06:49:06 -1150558.375000        0.674847
FIRE:   13 06:49:06 -1150559.000000        0.700036
FIRE:   14 06:49:07 -1150553.125000        0.972130
FIRE:   15 06:49:07 -1150559.125000        1.190752
FIRE:   16 06:49:07 -1150553.250000        1.248011
FIRE:   17 06:49:07 -1150553.250000        1.093275
FIRE:   18 06:49:07 -1150553.375000        0.864187
FIRE:   19 06:49:07 -1150553.500000        0.419965
FIRE:   20 06:49:07 -1150553.625000        0.621998
FIRE:   21 06:49:07 -1150553.750000        0.897492
FIRE:   22 06:49:07 -1150553.875000        0.862648
FIRE:   23 06:49:07 -1150554.000000        0.590773
FIRE:   24 06:49:07 -1150555.750000        0.811947
FIRE:   25 06:49:07 -1150552.625000        0.800625
FIRE:   26 06:49:07 -1150556.125000        0.398682
FIRE:   27 06:49:07 -1150553.125000        0.778817
FIRE:   28 06:49:07 -1150553.375000        0.608380
FIRE:   29 06:49:07 -1150555.125000        0.953273
FIRE:   30 06:49:08 -1150555.375000        0.653285
FIRE:   31 06:49:08 -1150554.000000        0.695340
FIRE:   32 06:49:08 -1150561.500000        0.471443
FIRE:   33 06:49:08 -1150557.500000        0.702445
FIRE:   34 06:49:09 -1150559.625000        0.359216
FIRE:   35 06:49:09 -1150556.750000        0.626348
FIRE:   36 06:49:09 -1150561.875000        0.394894
FIRE:   37 06:49:09 -1150558.875000        0.298971
FIRE:   38 06:49:09 -1150559.250000        0.594135
FIRE:   39 06:49:09 -1150559.375000        0.312588
FIRE:   40 06:49:10 -1150558.875000        0.344422
FIRE:   41 06:49:10 -1150562.875000        0.682696
FIRE:   42 06:49:10 -1150563.125000        0.543369
FIRE:   43 06:49:10 -1150557.625000        0.677985
FIRE:   44 06:49:10 -1150557.750000        1.019871
FIRE:   45 06:49:10 -1150564.125000        1.388167
FIRE:   46 06:49:10 -1150562.625000        7.748621
FIRE:   47 06:49:10 -1150564.000000        2.190868
FIRE:   48 06:49:10 -1150563.625000        1.394499
FIRE:   49 06:49:10 -1150564.125000        0.360444
FIRE:   50 06:49:10 -1150564.125000        0.313921
FIRE:   51 06:49:10 -1150564.125000        0.227460
FIRE:   52 06:49:10 -1150564.125000        0.136943
FIRE:   53 06:49:10 -1150564.125000        0.130017
FIRE:   54 06:49:10 -1150564.250000        0.147234
FIRE:   55 06:49:10 -1150564.125000        0.191973
FIRE:   56 06:49:11 -1150564.250000        0.213992
FIRE:   57 06:49:11 -1150564.250000        0.194191
FIRE:   58 06:49:11 -1150563.750000        0.138312
FIRE:   59 06:49:11 -1150563.750000        0.129577
FIRE:   60 06:49:11 -1150563.750000        0.152975
FIRE:   61 06:49:11 -1150563.750000        0.182475
FIRE:   62 06:49:11 -1150563.750000        0.128859
FIRE:   63 06:49:11 -1150564.250000        0.129173
FIRE:   64 06:49:11 -1150563.875000        0.148313
FIRE:   65 06:49:11 -1150563.750000        0.118201
FIRE:   66 06:49:11 -1150564.250000        0.141141
FIRE:   67 06:49:11 -1150564.375000        0.131063
FIRE:   68 06:49:11 -1150564.375000        0.154001
FIRE:   69 06:49:11 -1150564.000000        0.108336
FIRE:   70 06:49:11 -1150558.250000        0.154299
FIRE:   71 06:49:11 -1150564.500000        0.250471
FIRE:   72 06:49:12 -1150564.000000        0.430545
FIRE:   73 06:49:12 -1150558.375000        0.771515
FIRE:   74 06:49:12 -1150559.125000        1.826843
FIRE:   75 06:49:12 -1150558.500000        0.161495
FIRE:   76 06:49:12 -1150558.500000        0.137205
FIRE:   77 06:49:12 -1150559.250000        0.101174
FIRE:   78 06:49:12 -1150559.125000        0.083957
