      Step     Time          Energy          fmax
FIRE:    0 16:24:29  -160639.031250        4.496636
FIRE:    1 16:24:30  -160640.140625        2.766654
FIRE:    2 16:24:32  -160640.812500        2.883548
FIRE:    3 16:24:32  -160641.906250        1.677875
FIRE:    4 16:24:32  -160642.609375        2.296139
FIRE:    5 16:24:32  -160643.453125        1.188796
FIRE:    6 16:24:34  -160643.906250        1.873898
FIRE:    7 16:24:34  -160644.468750        1.100843
FIRE:    8 16:24:34  -160644.812500        1.365074
FIRE:    9 16:24:34  -160645.281250        1.017974
FIRE:   10 16:24:35  -160645.640625        1.187718
FIRE:   11 16:24:35  -160646.000000        0.844967
FIRE:   12 16:24:35  -160646.359375        1.039339
FIRE:   13 16:24:35  -160646.750000        0.913157
FIRE:   14 16:24:35  -160647.125000        1.130524
FIRE:   15 16:24:35  -160647.531250        1.059513
FIRE:   16 16:24:35  -160647.859375        1.015838
FIRE:   17 16:24:35  -160648.203125        0.987308
FIRE:   18 16:24:36  -160648.593750        1.075096
FIRE:   19 16:24:36  -160648.890625        1.020479
FIRE:   20 16:24:36  -160649.078125        1.543168
FIRE:   21 16:24:36  -160649.187500        3.987167
FIRE:   22 16:24:36  -160649.031250        2.660112
FIRE:   23 16:24:36  -160649.406250        1.363410
FIRE:   24 16:24:36  -160649.421875        0.965882
FIRE:   25 16:24:36  -160649.484375        0.869722
FIRE:   26 16:24:36  -160649.500000        0.718418
FIRE:   27 16:24:36  -160649.484375        0.709832
FIRE:   28 16:24:36  -160649.500000        0.692552
FIRE:   29 16:24:36  -160649.500000        0.677210
FIRE:   30 16:24:36  -160649.531250        0.664681
FIRE:   31 16:24:36  -160649.500000        0.647799
FIRE:   32 16:24:36  -160649.546875        0.625947
FIRE:   33 16:24:36  -160649.546875        0.598780
FIRE:   34 16:24:36  -160649.546875        0.562379
FIRE:   35 16:24:36  -160649.593750        0.514295
FIRE:   36 16:24:36  -160649.609375        0.451698
FIRE:   37 16:24:36  -160649.625000        0.381172
FIRE:   38 16:24:36  -160649.640625        0.367801
FIRE:   39 16:24:37  -160649.687500        0.389994
FIRE:   40 16:24:37  -160649.703125        0.526990
FIRE:   41 16:24:37  -160649.734375        0.617214
FIRE:   42 16:24:37  -160649.796875        0.612976
FIRE:   43 16:24:37  -160649.890625        0.492830
FIRE:   44 16:24:37  -160649.953125        0.290267
FIRE:   45 16:24:37  -160650.015625        0.246230
FIRE:   46 16:24:37  -160650.046875        0.336731
FIRE:   47 16:24:37  -160650.156250        0.358231
FIRE:   48 16:24:37  -160650.250000        0.337476
FIRE:   49 16:24:37  -160650.390625        0.336669
FIRE:   50 16:24:37  -160650.609375        0.418491
FIRE:   51 16:24:37  -160650.765625        0.479023
FIRE:   52 16:24:37  -160650.906250        0.955037
FIRE:   53 16:24:37  -160650.984375        1.740374
FIRE:   54 16:24:37  -160651.046875        0.384064
FIRE:   55 16:24:37  -160651.015625        1.404630
FIRE:   56 16:24:37  -160651.046875        1.079425
FIRE:   57 16:24:38  -160651.078125        0.494228
FIRE:   58 16:24:38  -160651.078125        0.392729
FIRE:   59 16:24:38  -160651.093750        0.392895
FIRE:   60 16:24:38  -160651.093750        0.393232
FIRE:   61 16:24:38  -160651.093750        0.393738
FIRE:   62 16:24:38  -160651.109375        0.394415
FIRE:   63 16:24:38  -160651.109375        0.395273
FIRE:   64 16:24:38  -160651.093750        0.396318
FIRE:   65 16:24:38  -160651.093750        0.397549
FIRE:   66 16:24:38  -160651.109375        0.399133
FIRE:   67 16:24:38  -160651.093750        0.401159
FIRE:   68 16:24:38  -160651.109375        0.403757
FIRE:   69 16:24:38  -160651.109375        0.407111
FIRE:   70 16:24:38  -160651.125000        0.411514
FIRE:   71 16:24:38  -160651.140625        0.417395
FIRE:   72 16:24:38  -160651.171875        0.425356
FIRE:   73 16:24:38  -160651.171875        0.436141
FIRE:   74 16:24:38  -160651.187500        0.450505
FIRE:   75 16:24:39  -160651.203125        0.468804
FIRE:   76 16:24:39  -160651.218750        0.489993
FIRE:   77 16:24:39  -160651.281250        0.514065
FIRE:   78 16:24:39  -160651.312500        0.543211
FIRE:   79 16:24:39  -160651.375000        0.574845
FIRE:   80 16:24:39  -160651.421875        0.609426
FIRE:   81 16:24:39  -160651.531250        0.644935
FIRE:   82 16:24:39  -160651.703125        0.687804
FIRE:   83 16:24:39  -160651.812500        0.680215
FIRE:   84 16:24:39  -160651.906250        0.679259
FIRE:   85 16:24:39  -160652.156250        0.542406
FIRE:   86 16:24:39  -160652.312500        0.385629
FIRE:   87 16:24:39  -160652.359375        1.101293
FIRE:   88 16:24:39  -160652.375000        0.828965
FIRE:   89 16:24:39  -160652.390625        1.093019
FIRE:   90 16:24:39  -160652.406250        0.772943
FIRE:   91 16:24:39  -160652.421875        0.553541
FIRE:   92 16:24:39  -160652.437500        0.513305
FIRE:   93 16:24:40  -160652.437500        0.510462
FIRE:   94 16:24:40  -160652.421875        0.504799
FIRE:   95 16:24:40  -160652.421875        0.496382
FIRE:   96 16:24:40  -160652.437500        0.485253
FIRE:   97 16:24:40  -160652.437500        0.471535
FIRE:   98 16:24:40  -160652.421875        0.455356
FIRE:   99 16:24:40  -160652.437500        0.436988
FIRE:  100 16:24:40  -160652.437500        0.414530
FIRE:  101 16:24:40  -160652.437500        0.387733
FIRE:  102 16:24:40  -160652.453125        0.356398
FIRE:  103 16:24:40  -160652.468750        0.320516
FIRE:  104 16:24:40  -160652.468750        0.280190
FIRE:  105 16:24:40  -160652.484375        0.236126
FIRE:  106 16:24:40  -160652.468750        0.190230
FIRE:  107 16:24:40  -160652.500000        0.146653
FIRE:  108 16:24:40  -160652.468750        0.122930
FIRE:  109 16:24:40  -160652.515625        0.123151
FIRE:  110 16:24:40  -160652.531250        0.145900
FIRE:  111 16:24:41  -160652.546875        0.165277
FIRE:  112 16:24:41  -160652.546875        0.176502
FIRE:  113 16:24:41  -160652.578125        0.178006
FIRE:  114 16:24:41  -160652.609375        0.170147
FIRE:  115 16:24:41  -160652.640625        0.149601
FIRE:  116 16:24:41  -160652.703125        0.117746
FIRE:  117 16:24:41  -160652.656250        0.183868
FIRE:  118 16:24:41  -160652.781250        0.308451
FIRE:  119 16:24:41  -160652.828125        0.682338
FIRE:  120 16:24:41  -160652.890625        1.718652
FIRE:  121 16:24:41  -160652.921875        0.229638
FIRE:  122 16:24:41  -160652.906250        1.583515
FIRE:  123 16:24:41  -160652.921875        1.172377
FIRE:  124 16:24:41  -160652.937500        0.483067
FIRE:  125 16:24:41  -160652.953125        0.279972
FIRE:  126 16:24:41  -160652.937500        0.264671
FIRE:  127 16:24:41  -160652.921875        0.234921
FIRE:  128 16:24:42  -160652.953125        0.192805
FIRE:  129 16:24:42  -160652.937500        0.141335
FIRE:  130 16:24:42  -160652.937500        0.124918
FIRE:  131 16:24:42  -160652.953125        0.123694
FIRE:  132 16:24:42  -160652.921875        0.122296
FIRE:  133 16:24:42  -160652.937500        0.120600
FIRE:  134 16:24:42  -160652.937500        0.145249
FIRE:  135 16:24:42  -160652.937500        0.155877
FIRE:  136 16:24:42  -160652.937500        0.143037
FIRE:  137 16:24:42  -160652.953125        0.116419
FIRE:  138 16:24:42  -160652.968750        0.116469
FIRE:  139 16:24:42  -160652.968750        0.116599
FIRE:  140 16:24:42  -160652.937500        0.129835
FIRE:  141 16:24:42  -160652.968750        0.117315
FIRE:  142 16:24:42  -160652.953125        0.118012
FIRE:  143 16:24:42  -160652.984375        0.118905
FIRE:  144 16:24:42  -160652.984375        0.119830
FIRE:  145 16:24:42  -160653.015625        0.120917
FIRE:  146 16:24:43  -160653.015625        0.122844
FIRE:  147 16:24:43  -160653.031250        0.125935
FIRE:  148 16:24:43  -160653.062500        0.129608
FIRE:  149 16:24:43  -160653.078125        0.132546
FIRE:  150 16:24:43  -160653.109375        0.138586
FIRE:  151 16:24:43  -160653.156250        0.148274
FIRE:  152 16:24:43  -160653.203125        0.262115
FIRE:  153 16:24:43  -160653.234375        0.688191
FIRE:  154 16:24:43  -160653.296875        1.900579
FIRE:  155 16:24:43  -160653.250000        0.207355
FIRE:  156 16:24:43  -160653.218750        1.830184
FIRE:  157 16:24:43  -160653.250000        1.332001
FIRE:  158 16:24:43  -160653.250000        0.507946
FIRE:  159 16:24:43  -160653.250000        0.383834
FIRE:  160 16:24:43  -160653.265625        0.361924
FIRE:  161 16:24:43  -160653.265625        0.319246
FIRE:  162 16:24:43  -160653.265625        0.258531
FIRE:  163 16:24:44  -160653.250000        0.183859
FIRE:  164 16:24:44  -160653.281250        0.106297
FIRE:  165 16:24:44  -160653.234375        0.106552
FIRE:  166 16:24:44  -160653.265625        0.106809
FIRE:  167 16:24:44  -160653.265625        0.142235
FIRE:  168 16:24:44  -160653.265625        0.183318
FIRE:  169 16:24:44  -160653.265625        0.195167
FIRE:  170 16:24:44  -160653.250000        0.169341
FIRE:  171 16:24:44  -160653.281250        0.107300
FIRE:  172 16:24:44  -160653.265625        0.107138
FIRE:  173 16:24:44  -160653.343750        0.125845
FIRE:  174 16:24:44  -160653.359375        0.171197
FIRE:  175 16:24:44  -160653.359375        0.128798
FIRE:  176 16:24:44  -160653.343750        0.107516
FIRE:  177 16:24:44  -160653.359375        0.133073
FIRE:  178 16:24:44  -160653.375000        0.120237
FIRE:  179 16:24:44  -160653.359375        0.106535
FIRE:  180 16:24:44  -160653.390625        0.144124
FIRE:  181 16:24:45  -160653.406250        0.105296
FIRE:  182 16:24:45  -160653.406250        0.134546
FIRE:  183 16:24:45  -160653.437500        0.124162
FIRE:  184 16:24:45  -160653.406250        0.100394
FIRE:  185 16:24:45  -160653.500000        0.099509
FIRE:  186 16:24:45  -160653.468750        0.262900
FIRE:  187 16:24:45  -160653.515625        0.734613
FIRE:  188 16:24:45  -160653.531250        2.018072
FIRE:  189 16:24:45  -160653.593750        0.165438
FIRE:  190 16:24:45  -160653.546875        2.020508
FIRE:  191 16:24:45  -160653.546875        1.446015
FIRE:  192 16:24:45  -160653.578125        0.508128
FIRE:  193 16:24:45  -160653.578125        0.488378
FIRE:  194 16:24:45  -160653.578125        0.459542
FIRE:  195 16:24:45  -160653.562500        0.403430
FIRE:  196 16:24:45  -160653.593750        0.323522
FIRE:  197 16:24:45  -160653.578125        0.224968
FIRE:  198 16:24:45  -160653.593750        0.115205
FIRE:  199 16:24:46  -160653.578125        0.077557
FIRE:  200 16:24:46  -160653.593750        0.115691
FIRE:  201 16:24:46  -160653.578125        0.190579
FIRE:  202 16:24:46  -160653.546875        0.239828
FIRE:  203 16:24:46  -160653.562500        0.249227
FIRE:  204 16:24:46  -160653.578125        0.209397
FIRE:  205 16:24:46  -160653.578125        0.121092
FIRE:  206 16:24:46  -160653.578125        0.110270
FIRE:  207 16:24:46  -160653.562500        0.219368
FIRE:  208 16:24:46  -160653.578125        0.357942
FIRE:  209 16:24:46  -160653.593750        0.400745
FIRE:  210 16:24:46  -160653.609375        0.309613
FIRE:  211 16:24:46  -160653.593750        0.192858
FIRE:  212 16:24:46  -160653.609375        0.165756
FIRE:  213 16:24:46  -160653.609375        0.128450
FIRE:  214 16:24:46  -160653.640625        0.179517
FIRE:  215 16:24:46  -160653.625000        0.161222
FIRE:  216 16:24:46  -160653.671875        0.170408
FIRE:  217 16:24:47  -160653.687500        0.121548
FIRE:  218 16:24:47  -160653.703125        0.115660
FIRE:  219 16:24:47  -160653.734375        0.180675
FIRE:  220 16:24:47  -160653.750000        0.439026
FIRE:  221 16:24:47  -160653.765625        1.035892
FIRE:  222 16:24:47  -160653.796875        2.507761
FIRE:  223 16:24:47  -160653.812500        0.170923
FIRE:  224 16:24:47  -160653.781250        2.666223
FIRE:  225 16:24:47  -160653.796875        1.858348
FIRE:  226 16:24:47  -160653.828125        0.576356
FIRE:  227 16:24:47  -160653.828125        0.734212
FIRE:  228 16:24:47  -160653.859375        0.689515
FIRE:  229 16:24:47  -160653.843750        0.602587
FIRE:  230 16:24:47  -160653.828125        0.478247
FIRE:  231 16:24:47  -160653.828125        0.323954
FIRE:  232 16:24:47  -160653.828125        0.150677
FIRE:  233 16:24:47  -160653.843750        0.073009
FIRE:  234 16:24:48  -160653.843750        0.183088
FIRE:  235 16:24:48  -160653.843750        0.307121
FIRE:  236 16:24:48  -160653.843750        0.382964
FIRE:  237 16:24:48  -160653.828125        0.389243
FIRE:  238 16:24:48  -160653.843750        0.312553
FIRE:  239 16:24:48  -160653.843750        0.168752
FIRE:  240 16:24:48  -160653.843750        0.072722
FIRE:  241 16:24:48  -160653.843750        0.251962
FIRE:  242 16:24:48  -160653.843750        0.326825
FIRE:  243 16:24:48  -160653.843750        0.234189
FIRE:  244 16:24:48  -160653.859375        0.072326
FIRE:  245 16:24:48  -160653.859375        0.242377
FIRE:  246 16:24:48  -160653.875000        0.214936
FIRE:  247 16:24:48  -160653.859375        0.093794
FIRE:  248 16:24:48  -160653.875000        0.262882
FIRE:  249 16:24:48  -160653.906250        0.072125
FIRE:  250 16:24:48  -160653.921875        0.242373
FIRE:  251 16:24:48  -160653.921875        0.170050
FIRE:  252 16:24:49  -160653.953125        0.072585
FIRE:  253 16:24:49  -160653.953125        0.259548
FIRE:  254 16:24:49  -160654.000000        0.600813
FIRE:  255 16:24:49  -160654.015625        1.259875
FIRE:  256 16:24:49  -160654.000000        0.093753
FIRE:  257 16:24:49  -160654.000000        1.015710
FIRE:  258 16:24:49  -160654.015625        0.807401
FIRE:  259 16:24:49  -160654.015625        0.426201
FIRE:  260 16:24:49  -160654.031250        0.074285
FIRE:  261 16:24:49  -160654.015625        0.471275
FIRE:  262 16:24:49  -160654.015625        0.443599
FIRE:  263 16:24:49  -160654.015625        0.390125
FIRE:  264 16:24:49  -160654.000000        0.314288
FIRE:  265 16:24:49  -160654.031250        0.223137
FIRE:  266 16:24:49  -160654.031250        0.130804
FIRE:  267 16:24:49  -160654.015625        0.067511
FIRE:  268 16:24:49  -160653.984375        0.085057
FIRE:  269 16:24:50  -160654.000000        0.170815
FIRE:  270 16:24:50  -160654.000000        0.233260
FIRE:  271 16:24:50  -160654.000000        0.260487
FIRE:  272 16:24:50  -160654.015625        0.242494
FIRE:  273 16:24:50  -160653.984375        0.173513
FIRE:  274 16:24:50  -160654.015625        0.067576
FIRE:  275 16:24:50  -160654.031250        0.096370
FIRE:  276 16:24:50  -160654.031250        0.179891
FIRE:  277 16:24:50  -160654.015625        0.181402
FIRE:  278 16:24:50  -160654.031250        0.084196
FIRE:  279 16:24:50  -160654.031250        0.106462
FIRE:  280 16:24:50  -160654.031250        0.183822
FIRE:  281 16:24:50  -160654.031250        0.078031
FIRE:  282 16:24:50  -160654.031250        0.135900
FIRE:  283 16:24:50  -160654.062500        0.120172
FIRE:  284 16:24:50  -160654.046875        0.142473
FIRE:  285 16:24:50  -160654.078125        0.080426
FIRE:  286 16:24:50  -160654.093750        0.192425
FIRE:  287 16:24:51  -160654.093750        0.200952
FIRE:  288 16:24:51  -160654.125000        0.177664
FIRE:  289 16:24:51  -160654.140625        0.336776
FIRE:  290 16:24:51  -160654.156250        0.913482
FIRE:  291 16:24:51  -160654.171875        2.525237
FIRE:  292 16:24:51  -160654.203125        0.081906
FIRE:  293 16:24:51  -160654.156250        2.712587
FIRE:  294 16:24:51  -160654.203125        1.834797
FIRE:  295 16:24:51  -160654.218750        0.465877
FIRE:  296 16:24:51  -160654.203125        0.894475
FIRE:  297 16:24:51  -160654.187500        0.836697
FIRE:  298 16:24:51  -160654.203125        0.724270
FIRE:  299 16:24:51  -160654.218750        0.563470
FIRE:  300 16:24:51  -160654.203125        0.363943
FIRE:  301 16:24:51  -160654.234375        0.139959
FIRE:  302 16:24:51  -160654.218750        0.091575
FIRE:  303 16:24:51  -160654.234375        0.276857
FIRE:  304 16:24:52  -160654.187500        0.271839
FIRE:  305 16:24:52  -160654.203125        0.261981
FIRE:  306 16:24:52  -160654.218750        0.247268
FIRE:  307 16:24:52  -160654.218750        0.228253
FIRE:  308 16:24:52  -160654.218750        0.205249
FIRE:  309 16:24:52  -160654.218750        0.178733
FIRE:  310 16:24:52  -160654.218750        0.149746
FIRE:  311 16:24:52  -160654.218750        0.119210
FIRE:  312 16:24:52  -160654.218750        0.084821
FIRE:  313 16:24:52  -160654.203125        0.082342
FIRE:  314 16:24:52  -160654.218750        0.082389
FIRE:  315 16:24:52  -160654.203125        0.082439
FIRE:  316 16:24:52  -160654.203125        0.101492
FIRE:  317 16:24:52  -160654.218750        0.130008
FIRE:  318 16:24:52  -160654.203125        0.141899
FIRE:  319 16:24:52  -160654.218750        0.132072
FIRE:  320 16:24:52  -160654.218750        0.097952
FIRE:  321 16:24:53  -160654.234375        0.082642
FIRE:  322 16:24:53  -160654.218750        0.082662
FIRE:  323 16:24:53  -160654.234375        0.095374
FIRE:  324 16:24:53  -160654.234375        0.108604
FIRE:  325 16:24:53  -160654.203125        0.083002
FIRE:  326 16:24:53  -160654.234375        0.083252
FIRE:  327 16:24:53  -160654.234375        0.095866
FIRE:  328 16:24:53  -160654.218750        0.084836
FIRE:  329 16:24:53  -160654.234375        0.084208
FIRE:  330 16:24:53  -160654.250000        0.093928
FIRE:  331 16:24:53  -160654.234375        0.085461
FIRE:  332 16:24:53  -160654.250000        0.098664
FIRE:  333 16:24:53  -160654.281250        0.087614
FIRE:  334 16:24:53  -160654.281250        0.089319
FIRE:  335 16:24:53  -160654.296875        0.135616
FIRE:  336 16:24:53  -160654.328125        0.183399
FIRE:  337 16:24:53  -160654.343750        0.393653
FIRE:  338 16:24:54  -160654.359375        0.987610
FIRE:  339 16:24:54  -160654.421875        2.519362
FIRE:  340 16:24:54  -160654.453125        0.105179
FIRE:  341 16:24:54  -160654.421875        2.725526
FIRE:  342 16:24:54  -160654.421875        1.859830
FIRE:  343 16:24:54  -160654.453125        0.503936
FIRE:  344 16:24:54  -160654.437500        0.854964
FIRE:  345 16:24:54  -160654.468750        0.800574
FIRE:  346 16:24:54  -160654.453125        0.694650
FIRE:  347 16:24:54  -160654.437500        0.543076
FIRE:  348 16:24:54  -160654.468750        0.354936
FIRE:  349 16:24:54  -160654.437500        0.143538
FIRE:  350 16:24:54  -160654.468750        0.106072
FIRE:  351 16:24:54  -160654.468750        0.254079
FIRE:  352 16:24:54  -160654.453125        0.249641
FIRE:  353 16:24:54  -160654.453125        0.240755
FIRE:  354 16:24:54  -160654.468750        0.227716
FIRE:  355 16:24:54  -160654.453125        0.210638
FIRE:  356 16:24:55  -160654.453125        0.190083
FIRE:  357 16:24:55  -160654.453125        0.166394
FIRE:  358 16:24:55  -160654.453125        0.140253
FIRE:  359 16:24:55  -160654.468750        0.109945
FIRE:  360 16:24:55  -160654.437500        0.106241
FIRE:  361 16:24:55  -160654.468750        0.106277
FIRE:  362 16:24:55  -160654.453125        0.106316
FIRE:  363 16:24:55  -160654.437500        0.106371
FIRE:  364 16:24:55  -160654.468750        0.106433
FIRE:  365 16:24:55  -160654.453125        0.114922
FIRE:  366 16:24:55  -160654.468750        0.127478
FIRE:  367 16:24:55  -160654.468750        0.120592
FIRE:  368 16:24:55  -160654.484375        0.106826
FIRE:  369 16:24:55  -160654.453125        0.106986
FIRE:  370 16:24:55  -160654.468750        0.107180
FIRE:  371 16:24:55  -160654.453125        0.107427
FIRE:  372 16:24:55  -160654.468750        0.107724
FIRE:  373 16:24:56  -160654.468750        0.108105
FIRE:  374 16:24:56  -160654.484375        0.108573
FIRE:  375 16:24:56  -160654.468750        0.109151
FIRE:  376 16:24:56  -160654.500000        0.109880
FIRE:  377 16:24:56  -160654.484375        0.110764
FIRE:  378 16:24:56  -160654.500000        0.111904
FIRE:  379 16:24:56  -160654.484375        0.113342
FIRE:  380 16:24:56  -160654.531250        0.115178
FIRE:  381 16:24:56  -160654.515625        0.117473
FIRE:  382 16:24:56  -160654.546875        0.120373
FIRE:  383 16:24:56  -160654.546875        0.123513
FIRE:  384 16:24:56  -160654.562500        0.144201
FIRE:  385 16:24:56  -160654.578125        0.298826
FIRE:  386 16:24:56  -160654.640625        0.796378
FIRE:  387 16:24:56  -160654.656250        2.141444
FIRE:  388 16:24:56  -160654.687500        0.139288
FIRE:  389 16:24:56  -160654.671875        2.238688
FIRE:  390 16:24:57  -160654.671875        1.557688
FIRE:  391 16:24:57  -160654.687500        0.468142
FIRE:  392 16:24:57  -160654.687500        0.654063
FIRE:  393 16:24:57  -160654.687500        0.612699
FIRE:  394 16:24:57  -160654.687500        0.532269
FIRE:  395 16:24:57  -160654.687500        0.417477
FIRE:  396 16:24:57  -160654.687500        0.275714
FIRE:  397 16:24:57  -160654.656250        0.140312
FIRE:  398 16:24:57  -160654.687500        0.140392
FIRE:  399 16:24:57  -160654.687500        0.179600
FIRE:  400 16:24:57  -160654.703125        0.289500
FIRE:  401 16:24:57  -160654.703125        0.351924
FIRE:  402 16:24:57  -160654.687500        0.349790
FIRE:  403 16:24:57  -160654.703125        0.271626
FIRE:  404 16:24:57  -160654.703125        0.141326
FIRE:  405 16:24:57  -160654.703125        0.141595
FIRE:  406 16:24:57  -160654.687500        0.237283
FIRE:  407 16:24:58  -160654.718750        0.286467
FIRE:  408 16:24:58  -160654.703125        0.180179
FIRE:  409 16:24:58  -160654.718750        0.143589
FIRE:  410 16:24:58  -160654.718750        0.232393
FIRE:  411 16:24:58  -160654.718750        0.162105
FIRE:  412 16:24:58  -160654.734375        0.146538
FIRE:  413 16:24:58  -160654.750000        0.221220
FIRE:  414 16:24:58  -160654.750000        0.150705
FIRE:  415 16:24:58  -160654.750000        0.179831
FIRE:  416 16:24:58  -160654.750000        0.225130
FIRE:  417 16:24:58  -160654.796875        0.159179
FIRE:  418 16:24:58  -160654.828125        0.162359
FIRE:  419 16:24:58  -160654.828125        0.253719
FIRE:  420 16:24:58  -160654.859375        0.838988
FIRE:  421 16:24:58  -160654.859375        2.447367
FIRE:  422 16:24:58  -160654.906250        0.166401
FIRE:  423 16:24:58  -160654.875000        2.624985
FIRE:  424 16:24:58  -160654.906250        1.784257
FIRE:  425 16:24:59  -160654.890625        0.467730
FIRE:  426 16:24:59  -160654.875000        0.845337
FIRE:  427 16:24:59  -160654.890625        0.790744
FIRE:  428 16:24:59  -160654.921875        0.684387
FIRE:  429 16:24:59  -160654.906250        0.532461
FIRE:  430 16:24:59  -160654.906250        0.344336
FIRE:  431 16:24:59  -160654.906250        0.167141
FIRE:  432 16:24:59  -160654.921875        0.167228
FIRE:  433 16:24:59  -160654.890625        0.258152
FIRE:  434 16:24:59  -160654.906250        0.397619
FIRE:  435 16:24:59  -160654.937500        0.471953
FIRE:  436 16:24:59  -160654.906250        0.459809
FIRE:  437 16:24:59  -160654.937500        0.348035
FIRE:  438 16:24:59  -160654.921875        0.167107
FIRE:  439 16:24:59  -160654.921875        0.166890
FIRE:  440 16:24:59  -160654.906250        0.319129
FIRE:  441 16:24:59  -160654.937500        0.370564
FIRE:  442 16:25:00  -160654.937500        0.221251
FIRE:  443 16:25:00  -160654.937500        0.166874
FIRE:  444 16:25:00  -160654.937500        0.310986
FIRE:  445 16:25:00  -160654.937500        0.202697
FIRE:  446 16:25:00  -160654.953125        0.178490
FIRE:  447 16:25:00  -160654.984375        0.278855
FIRE:  448 16:25:00  -160654.984375        0.167966
FIRE:  449 16:25:00  -160655.000000        0.219893
FIRE:  450 16:25:00  -160655.031250        0.304183
FIRE:  451 16:25:00  -160655.031250        0.165086
FIRE:  452 16:25:00  -160655.046875        0.162576
FIRE:  453 16:25:00  -160655.062500        0.208331
FIRE:  454 16:25:00  -160655.109375        0.777565
FIRE:  455 16:25:00  -160655.109375        2.465340
FIRE:  456 16:25:00  -160655.140625        0.139523
FIRE:  457 16:25:00  -160655.156250        0.139540
FIRE:  458 16:25:00  -160655.156250        0.139593
FIRE:  459 16:25:01  -160655.140625        0.139695
FIRE:  460 16:25:01  -160655.140625        0.139865
FIRE:  461 16:25:01  -160655.156250        0.140087
FIRE:  462 16:25:01  -160655.140625        0.140366
FIRE:  463 16:25:01  -160655.140625        0.140654
FIRE:  464 16:25:01  -160655.156250        0.140849
FIRE:  465 16:25:01  -160655.156250        0.140692
FIRE:  466 16:25:01  -160655.171875        0.139910
FIRE:  467 16:25:01  -160655.156250        0.138526
FIRE:  468 16:25:01  -160655.156250        0.136830
FIRE:  469 16:25:01  -160655.156250        0.135046
FIRE:  470 16:25:01  -160655.203125        0.133120
FIRE:  471 16:25:01  -160655.203125        0.130566
FIRE:  472 16:25:01  -160655.203125        0.127165
FIRE:  473 16:25:01  -160655.187500        0.122662
FIRE:  474 16:25:01  -160655.234375        0.114780
FIRE:  475 16:25:01  -160655.296875        0.192977
FIRE:  476 16:25:01  -160655.328125        0.611873
FIRE:  477 16:25:02  -160655.343750        1.984598
FIRE:  478 16:25:02  -160655.359375        0.187034
FIRE:  479 16:25:02  -160655.359375        0.140650
FIRE:  480 16:25:02  -160655.375000        0.117480
FIRE:  481 16:25:02  -160655.359375        0.117647
FIRE:  482 16:25:02  -160655.375000        0.117832
FIRE:  483 16:25:02  -160655.312500        0.128267
FIRE:  484 16:25:02  -160655.359375        0.118343
FIRE:  485 16:25:02  -160655.375000        0.118614
FIRE:  486 16:25:02  -160655.375000        0.118882
FIRE:  487 16:25:02  -160655.359375        0.119184
FIRE:  488 16:25:02  -160655.375000        0.119491
FIRE:  489 16:25:02  -160655.375000        0.119905
FIRE:  490 16:25:02  -160655.390625        0.120487
FIRE:  491 16:25:02  -160655.390625        0.121323
FIRE:  492 16:25:02  -160655.375000        0.122482
FIRE:  493 16:25:02  -160655.421875        0.123948
FIRE:  494 16:25:03  -160655.437500        0.125665
FIRE:  495 16:25:03  -160655.406250        0.127607
FIRE:  496 16:25:03  -160655.484375        0.129947
FIRE:  497 16:25:03  -160655.468750        0.133579
FIRE:  498 16:25:03  -160655.484375        0.231525
FIRE:  499 16:25:03  -160655.531250        0.838067
FIRE:  500 16:25:03  -160655.578125        2.606139
FIRE:  501 16:25:03  -160655.625000        0.145664
FIRE:  502 16:25:03  -160655.593750        2.832369
FIRE:  503 16:25:03  -160655.609375        1.904018
FIRE:  504 16:25:03  -160655.640625        0.466242
FIRE:  505 16:25:03  -160655.625000        0.945234
FIRE:  506 16:25:03  -160655.593750        0.883768
FIRE:  507 16:25:03  -160655.625000        0.764076
FIRE:  508 16:25:03  -160655.640625        0.592768
FIRE:  509 16:25:03  -160655.640625        0.380313
FIRE:  510 16:25:03  -160655.640625        0.146328
FIRE:  511 16:25:04  -160655.625000        0.146386
FIRE:  512 16:25:04  -160655.640625        0.300691
FIRE:  513 16:25:04  -160655.609375        0.295252
FIRE:  514 16:25:04  -160655.640625        0.284576
FIRE:  515 16:25:04  -160655.625000        0.268763
FIRE:  516 16:25:04  -160655.656250        0.248220
FIRE:  517 16:25:04  -160655.640625        0.223424
FIRE:  518 16:25:04  -160655.640625        0.194948
FIRE:  519 16:25:04  -160655.640625        0.163516
FIRE:  520 16:25:04  -160655.656250        0.146434
FIRE:  521 16:25:04  -160655.640625        0.146447
FIRE:  522 16:25:04  -160655.640625        0.146449
FIRE:  523 16:25:04  -160655.625000        0.146456
FIRE:  524 16:25:04  -160655.640625        0.146471
FIRE:  525 16:25:04  -160655.640625        0.146492
FIRE:  526 16:25:04  -160655.640625        0.146540
FIRE:  527 16:25:04  -160655.609375        0.147381
FIRE:  528 16:25:05  -160655.609375        0.146639
FIRE:  529 16:25:05  -160655.640625        0.146706
FIRE:  530 16:25:05  -160655.640625        0.146792
FIRE:  531 16:25:05  -160655.656250        0.146893
FIRE:  532 16:25:05  -160655.656250        0.147015
FIRE:  533 16:25:05  -160655.625000        0.147196
FIRE:  534 16:25:05  -160655.640625        0.147413
FIRE:  535 16:25:05  -160655.656250        0.147696
FIRE:  536 16:25:05  -160655.640625        0.148029
FIRE:  537 16:25:05  -160655.671875        0.148439
FIRE:  538 16:25:05  -160655.671875        0.149037
FIRE:  539 16:25:05  -160655.656250        0.149851
FIRE:  540 16:25:05  -160655.703125        0.150807
FIRE:  541 16:25:05  -160655.703125        0.152008
FIRE:  542 16:25:05  -160655.687500        0.153446
FIRE:  543 16:25:05  -160655.718750        0.155309
FIRE:  544 16:25:05  -160655.765625        0.157512
FIRE:  545 16:25:05  -160655.765625        0.212782
FIRE:  546 16:25:06  -160655.828125        0.474877
FIRE:  547 16:25:06  -160655.859375        1.230756
FIRE:  548 16:25:06  -160655.843750        3.091102
FIRE:  549 16:25:06  -160655.875000        0.162547
FIRE:  550 16:25:06  -160655.843750        3.532451
FIRE:  551 16:25:06  -160655.906250        2.355653
FIRE:  552 16:25:06  -160655.906250        0.569648
FIRE:  553 16:25:06  -160655.906250        1.149978
FIRE:  554 16:25:06  -160655.921875        1.077642
FIRE:  555 16:25:06  -160655.906250        0.936411
FIRE:  556 16:25:06  -160655.906250        0.733415
FIRE:  557 16:25:06  -160655.906250        0.479825
FIRE:  558 16:25:06  -160655.906250        0.192474
FIRE:  559 16:25:06  -160655.937500        0.162106
FIRE:  560 16:25:06  -160655.921875        0.354782
FIRE:  561 16:25:06  -160655.921875        0.348548
FIRE:  562 16:25:06  -160655.906250        0.336096
FIRE:  563 16:25:07  -160655.906250        0.317758
FIRE:  564 16:25:07  -160655.890625        0.293923
FIRE:  565 16:25:07  -160655.921875        0.265093
FIRE:  566 16:25:07  -160655.921875        0.231924
FIRE:  567 16:25:07  -160655.921875        0.195244
FIRE:  568 16:25:07  -160655.906250        0.162035
FIRE:  569 16:25:07  -160655.937500        0.162030
FIRE:  570 16:25:07  -160655.921875        0.162032
FIRE:  571 16:25:07  -160655.890625        0.162002
FIRE:  572 16:25:07  -160655.921875        0.161989
FIRE:  573 16:25:07  -160655.921875        0.161964
FIRE:  574 16:25:07  -160655.921875        0.161942
FIRE:  575 16:25:07  -160655.921875        0.173280
FIRE:  576 16:25:07  -160655.906250        0.162297
FIRE:  577 16:25:07  -160655.921875        0.161762
FIRE:  578 16:25:07  -160655.921875        0.161673
FIRE:  579 16:25:07  -160655.937500        0.161579
FIRE:  580 16:25:08  -160655.921875        0.161440
FIRE:  581 16:25:08  -160655.937500        0.161281
FIRE:  582 16:25:08  -160655.937500        0.161068
FIRE:  583 16:25:08  -160655.937500        0.160822
FIRE:  584 16:25:08  -160655.906250        0.160480
FIRE:  585 16:25:08  -160655.953125        0.160027
FIRE:  586 16:25:08  -160655.968750        0.159435
FIRE:  587 16:25:08  -160655.968750        0.158669
FIRE:  588 16:25:08  -160655.968750        0.157635
FIRE:  589 16:25:08  -160655.984375        0.156104
FIRE:  590 16:25:08  -160656.000000        0.154214
FIRE:  591 16:25:08  -160656.015625        0.151810
FIRE:  592 16:25:08  -160656.000000        0.167181
FIRE:  593 16:25:08  -160656.031250        0.213142
FIRE:  594 16:25:08  -160656.078125        0.436731
FIRE:  595 16:25:08  -160656.109375        1.096189
FIRE:  596 16:25:08  -160656.078125        2.738427
FIRE:  597 16:25:08  -160656.156250        0.125784
FIRE:  598 16:25:09  -160656.109375        3.032931
FIRE:  599 16:25:09  -160656.156250        2.063647
FIRE:  600 16:25:09  -160656.140625        0.559111
FIRE:  601 16:25:09  -160656.156250        0.935366
FIRE:  602 16:25:09  -160656.156250        0.876796
FIRE:  603 16:25:09  -160656.156250        0.762672
FIRE:  604 16:25:09  -160656.156250        0.599055
FIRE:  605 16:25:09  -160656.140625        0.395271
FIRE:  606 16:25:09  -160656.171875        0.165230
FIRE:  607 16:25:09  -160656.171875        0.124235
FIRE:  608 16:25:09  -160656.171875        0.273055
FIRE:  609 16:25:09  -160656.171875        0.268305
FIRE:  610 16:25:09  -160656.156250        0.258894
FIRE:  611 16:25:09  -160656.171875        0.245001
FIRE:  612 16:25:09  -160656.156250        0.226940
FIRE:  613 16:25:09  -160656.156250        0.205049
FIRE:  614 16:25:09  -160656.171875        0.179867
FIRE:  615 16:25:10  -160656.156250        0.152007
FIRE:  616 16:25:10  -160656.140625        0.123939
FIRE:  617 16:25:10  -160656.187500        0.123905
FIRE:  618 16:25:10  -160656.171875        0.123845
FIRE:  619 16:25:10  -160656.171875        0.123783
FIRE:  620 16:25:10  -160656.156250        0.123690
FIRE:  621 16:25:10  -160656.171875        0.123598
FIRE:  622 16:25:10  -160656.171875        0.123475
FIRE:  623 16:25:10  -160656.171875        0.136444
FIRE:  624 16:25:10  -160656.171875        0.130072
FIRE:  625 16:25:10  -160656.140625        0.122955
FIRE:  626 16:25:10  -160656.156250        0.122710
FIRE:  627 16:25:10  -160656.171875        0.122417
FIRE:  628 16:25:10  -160656.140625        0.122060
FIRE:  629 16:25:10  -160656.171875        0.121357
FIRE:  630 16:25:10  -160656.171875        0.120469
FIRE:  631 16:25:10  -160656.187500        0.119458
FIRE:  632 16:25:11  -160656.187500        0.118336
FIRE:  633 16:25:11  -160656.187500        0.117110
FIRE:  634 16:25:11  -160656.187500        0.115741
FIRE:  635 16:25:11  -160656.187500        0.114189
FIRE:  636 16:25:11  -160656.218750        0.112604
FIRE:  637 16:25:11  -160656.218750        0.110973
FIRE:  638 16:25:11  -160656.234375        0.109408
FIRE:  639 16:25:11  -160656.234375        0.107461
FIRE:  640 16:25:11  -160656.218750        0.131871
FIRE:  641 16:25:11  -160656.265625        0.161566
FIRE:  642 16:25:11  -160656.281250        0.336580
FIRE:  643 16:25:11  -160656.296875        0.838229
FIRE:  644 16:25:11  -160656.296875        2.115233
FIRE:  645 16:25:11  -160656.328125        0.101706
FIRE:  646 16:25:11  -160656.296875        2.216299
FIRE:  647 16:25:11  -160656.312500        1.548031
FIRE:  648 16:25:11  -160656.328125        0.475895
FIRE:  649 16:25:12  -160656.328125        0.637945
FIRE:  650 16:25:12  -160656.343750        0.597856
FIRE:  651 16:25:12  -160656.328125        0.519895
FIRE:  652 16:25:12  -160656.296875        0.408595
FIRE:  653 16:25:12  -160656.343750        0.270886
FIRE:  654 16:25:12  -160656.328125        0.116736
FIRE:  655 16:25:12  -160656.328125        0.099174
FIRE:  656 16:25:12  -160656.328125        0.175215
FIRE:  657 16:25:12  -160656.296875        0.172236
FIRE:  658 16:25:12  -160656.328125        0.166230
FIRE:  659 16:25:12  -160656.328125        0.157336
FIRE:  660 16:25:12  -160656.328125        0.145798
FIRE:  661 16:25:12  -160656.328125        0.133155
FIRE:  662 16:25:12  -160656.312500        0.118923
FIRE:  663 16:25:12  -160656.296875        0.103261
FIRE:  664 16:25:12  -160656.328125        0.098791
FIRE:  665 16:25:12  -160656.312500        0.098742
FIRE:  666 16:25:12  -160656.328125        0.098675
FIRE:  667 16:25:13  -160656.343750        0.098593
FIRE:  668 16:25:13  -160656.328125        0.098488
FIRE:  669 16:25:13  -160656.296875        0.098352
FIRE:  670 16:25:13  -160656.328125        0.098189
FIRE:  671 16:25:13  -160656.328125        0.097984
FIRE:  672 16:25:13  -160656.328125        0.097738
FIRE:  673 16:25:13  -160656.328125        0.097433
FIRE:  674 16:25:13  -160656.328125        0.097075
FIRE:  675 16:25:13  -160656.343750        0.096644
FIRE:  676 16:25:13  -160656.312500        0.096138
FIRE:  677 16:25:13  -160656.312500        0.095554
FIRE:  678 16:25:13  -160656.312500        0.094886
FIRE:  679 16:25:13  -160656.359375        0.093988
FIRE:  680 16:25:13  -160656.343750        0.092806
FIRE:  681 16:25:13  -160656.328125        0.091474
FIRE:  682 16:25:13  -160656.328125        0.089973
FIRE:  683 16:25:13  -160656.343750        0.088348
FIRE:  684 16:25:14  -160656.328125        0.086653
FIRE:  685 16:25:14  -160656.359375        0.084981
FIRE:  686 16:25:14  -160656.390625        0.082666
FIRE:  687 16:25:14  -160656.375000        0.080740
FIRE:  688 16:25:14  -160656.390625        0.084259
FIRE:  689 16:25:14  -160656.390625        0.097824
FIRE:  690 16:25:14  -160656.375000        0.202868
FIRE:  691 16:25:14  -160656.421875        0.543068
FIRE:  692 16:25:14  -160656.421875        1.472212
FIRE:  693 16:25:14  -160656.437500        0.073099
FIRE:  694 16:25:14  -160656.421875        1.461703
FIRE:  695 16:25:14  -160656.437500        1.044087
FIRE:  696 16:25:14  -160656.437500        0.354566
FIRE:  697 16:25:14  -160656.421875        0.389078
FIRE:  698 16:25:14  -160656.421875        0.364758
FIRE:  699 16:25:14  -160656.437500        0.317531
FIRE:  700 16:25:14  -160656.437500        0.250347
FIRE:  701 16:25:15  -160656.437500        0.167702
FIRE:  702 16:25:15  -160656.421875        0.076021
FIRE:  703 16:25:15  -160656.421875        0.071980
FIRE:  704 16:25:15  -160656.421875        0.099868
FIRE:  705 16:25:15  -160656.437500        0.162211
FIRE:  706 16:25:15  -160656.437500        0.200498
FIRE:  707 16:25:15  -160656.437500        0.202096
FIRE:  708 16:25:15  -160656.437500        0.160273
FIRE:  709 16:25:15  -160656.437500        0.083446
FIRE:  710 16:25:15  -160656.437500        0.070886
FIRE:  711 16:25:15  -160656.437500        0.136354
FIRE:  712 16:25:15  -160656.437500        0.171022
FIRE:  713 16:25:15  -160656.453125        0.115007
FIRE:  714 16:25:15  -160656.421875        0.069129
FIRE:  715 16:25:15  -160656.453125        0.131984
FIRE:  716 16:25:15  -160656.453125        0.104893
FIRE:  717 16:25:15  -160656.453125        0.067074
FIRE:  718 16:25:15  -160656.468750        0.136162
FIRE:  719 16:25:16  -160656.437500        0.065227
FIRE:  720 16:25:16  -160656.453125        0.116200
FIRE:  721 16:25:16  -160656.468750        0.122591
FIRE:  722 16:25:16  -160656.468750        0.062046
FIRE:  723 16:25:16  -160656.453125        0.066627
FIRE:  724 16:25:16  -160656.484375        0.215620
FIRE:  725 16:25:16  -160656.484375        0.613964
FIRE:  726 16:25:16  -160656.484375        1.649605
FIRE:  727 16:25:16  -160656.515625        0.054124
FIRE:  728 16:25:16  -160656.515625        0.054120
FIRE:  729 16:25:16  -160656.484375        0.054111
FIRE:  730 16:25:16  -160656.500000        0.054088
FIRE:  731 16:25:16  -160656.500000        0.054050
FIRE:  732 16:25:16  -160656.500000        0.053974
FIRE:  733 16:25:16  -160656.515625        0.053865
FIRE:  734 16:25:16  -160656.500000        0.053701
FIRE:  735 16:25:16  -160656.500000        0.053479
FIRE:  736 16:25:17  -160656.500000        0.053204
FIRE:  737 16:25:17  -160656.500000        0.052882
FIRE:  738 16:25:17  -160656.484375        0.052516
FIRE:  739 16:25:17  -160656.500000        0.052080
FIRE:  740 16:25:17  -160656.500000        0.051539
FIRE:  741 16:25:17  -160656.515625        0.050888
FIRE:  742 16:25:17  -160656.531250        0.050158
FIRE:  743 16:25:17  -160656.515625        0.049318
