      Step     Time          Energy          fmax
FIRE:    0 17:42:22  -159260.109375        5.006258
FIRE:    1 17:42:23  -159261.875000        2.658394
FIRE:    2 17:42:25  -159262.828125        2.685289
FIRE:    3 17:42:25  -159264.140625        1.973684
FIRE:    4 17:42:25  -159264.781250        2.180374
FIRE:    5 17:42:25  -159265.687500        1.632308
FIRE:    6 17:42:25  -159266.171875        1.527993
FIRE:    7 17:42:25  -159266.656250        1.577610
FIRE:    8 17:42:25  -159267.125000        1.073951
FIRE:    9 17:42:25  -159267.375000        1.378727
FIRE:   10 17:42:25  -159267.921875        0.782762
FIRE:   11 17:42:25  -159268.187500        1.263078
FIRE:   12 17:42:25  -159268.656250        0.876581
FIRE:   13 17:42:25  -159268.984375        1.270667
FIRE:   14 17:42:25  -159269.421875        0.841845
FIRE:   15 17:42:26  -159269.796875        1.053231
FIRE:   16 17:42:26  -159270.109375        0.621258
FIRE:   17 17:42:26  -159270.390625        0.695822
FIRE:   18 17:42:27  -159270.625000        0.907153
FIRE:   19 17:42:27  -159270.921875        0.579059
FIRE:   20 17:42:27  -159271.125000        0.686155
FIRE:   21 17:42:27  -159271.312500        0.725844
FIRE:   22 17:42:29  -159271.609375        0.615819
FIRE:   23 17:42:29  -159271.859375        0.545355
FIRE:   24 17:42:29  -159272.093750        0.665238
FIRE:   25 17:42:29  -159272.296875        0.747093
FIRE:   26 17:42:29  -159272.484375        0.953649
FIRE:   27 17:42:29  -159272.671875        1.076370
FIRE:   28 17:42:29  -159272.859375        1.421225
FIRE:   29 17:42:29  -159270.781250       11.920966
FIRE:   30 17:42:29  -159272.718750        4.607396
FIRE:   31 17:42:29  -159273.015625        0.993484
FIRE:   32 17:42:29  -159273.015625        0.613126
FIRE:   33 17:42:29  -159273.031250        0.312947
FIRE:   34 17:42:29  -159273.031250        0.579286
FIRE:   35 17:42:29  -159273.046875        0.828176
FIRE:   36 17:42:29  -159273.062500        0.729946
FIRE:   37 17:42:29  -159273.078125        0.340118
FIRE:   38 17:42:29  -159273.093750        0.394569
FIRE:   39 17:42:29  -159273.109375        0.666708
FIRE:   40 17:42:29  -159273.156250        0.501655
FIRE:   41 17:42:29  -159273.140625        0.287979
FIRE:   42 17:42:30  -159273.218750        0.606487
FIRE:   43 17:42:30  -159273.281250        0.268284
FIRE:   44 17:42:30  -159273.328125        0.565252
FIRE:   45 17:42:30  -159273.406250        0.245918
FIRE:   46 17:42:30  -159273.484375        0.631783
FIRE:   47 17:42:30  -159273.578125        0.580798
FIRE:   48 17:42:30  -159273.703125        0.585899
FIRE:   49 17:42:30  -159273.843750        0.887021
FIRE:   50 17:42:30  -159273.906250        2.189426
FIRE:   51 17:42:30  -159273.921875        5.975509
FIRE:   52 17:42:30  -159274.109375        1.719144
FIRE:   53 17:42:30  -159274.140625        1.294342
FIRE:   54 17:42:30  -159274.093750        0.526779
FIRE:   55 17:42:30  -159274.125000        0.444567
FIRE:   56 17:42:30  -159274.109375        1.101719
FIRE:   57 17:42:30  -159274.125000        1.015250
FIRE:   58 17:42:30  -159274.125000        0.860475
FIRE:   59 17:42:30  -159274.156250        0.651538
FIRE:   60 17:42:30  -159274.140625        0.406769
FIRE:   61 17:42:31  -159274.109375        0.292513
FIRE:   62 17:42:31  -159274.156250        0.290606
FIRE:   63 17:42:31  -159274.156250        0.423548
FIRE:   64 17:42:31  -159274.140625        0.579137
FIRE:   65 17:42:31  -159274.171875        0.649685
FIRE:   66 17:42:31  -159274.171875        0.608750
FIRE:   67 17:42:31  -159274.171875        0.441113
FIRE:   68 17:42:31  -159274.171875        0.290884
FIRE:   69 17:42:31  -159274.234375        0.292646
FIRE:   70 17:42:31  -159274.218750        0.484017
FIRE:   71 17:42:31  -159274.265625        0.460437
FIRE:   72 17:42:31  -159274.296875        0.297605
FIRE:   73 17:42:31  -159274.328125        0.350067
FIRE:   74 17:42:31  -159274.265625        0.470038
FIRE:   75 17:42:31  -159274.312500        0.317203
FIRE:   76 17:42:31  -159274.375000        0.419993
FIRE:   77 17:42:31  -159274.390625        0.344834
FIRE:   78 17:42:32  -159274.468750        0.469859
FIRE:   79 17:42:32  -159274.609375        0.390130
FIRE:   80 17:42:32  -159274.671875        0.441726
FIRE:   81 17:42:32  -159274.828125        0.724946
FIRE:   82 17:42:32  -159274.984375        0.964196
FIRE:   83 17:42:32  -159275.109375        1.912153
FIRE:   84 17:42:32  -159275.281250        4.532787
FIRE:   85 17:42:32  -159275.359375        0.752422
FIRE:   86 17:42:32  -159275.375000        0.754832
FIRE:   87 17:42:32  -159275.375000        0.759390
FIRE:   88 17:42:32  -159275.375000        0.765587
FIRE:   89 17:42:32  -159275.390625        0.772730
FIRE:   90 17:42:32  -159275.390625        0.780169
FIRE:   91 17:42:32  -159275.421875        0.787556
FIRE:   92 17:42:32  -159275.437500        0.795000
FIRE:   93 17:42:32  -159275.437500        0.803772
FIRE:   94 17:42:32  -159275.484375        0.814761
FIRE:   95 17:42:33  -159275.515625        0.828527
FIRE:   96 17:42:33  -159275.562500        0.844592
FIRE:   97 17:42:33  -159275.625000        0.863231
FIRE:   98 17:42:33  -159275.671875        0.879679
FIRE:   99 17:42:33  -159275.734375        0.881385
FIRE:  100 17:42:33  -159275.875000        0.861921
FIRE:  101 17:42:33  -159276.000000        0.788444
FIRE:  102 17:42:33  -159276.140625        0.534369
FIRE:  103 17:42:33  -159276.281250        0.483878
FIRE:  104 17:42:33  -159276.375000        1.022481
FIRE:  105 17:42:33  -159276.453125        1.436025
FIRE:  106 17:42:33  -159276.609375        2.288942
FIRE:  107 17:42:33  -159276.656250        5.163178
FIRE:  108 17:42:33  -159276.812500        0.527952
FIRE:  109 17:42:33  -159276.671875        6.439055
FIRE:  110 17:42:33  -159276.781250        4.012662
FIRE:  111 17:42:33  -159276.859375        0.640058
FIRE:  112 17:42:34  -159276.843750        2.250098
FIRE:  113 17:42:34  -159276.843750        2.114777
FIRE:  114 17:42:34  -159276.828125        1.848736
FIRE:  115 17:42:34  -159276.859375        1.462481
FIRE:  116 17:42:34  -159276.859375        0.974807
FIRE:  117 17:42:34  -159276.875000        0.420840
FIRE:  118 17:42:34  -159276.875000        0.403012
FIRE:  119 17:42:34  -159276.859375        0.691890
FIRE:  120 17:42:34  -159276.875000        1.089167
FIRE:  121 17:42:34  -159276.890625        1.299302
FIRE:  122 17:42:34  -159276.890625        1.251706
FIRE:  123 17:42:34  -159276.906250        0.921514
FIRE:  124 17:42:34  -159276.906250        0.381725
FIRE:  125 17:42:34  -159276.906250        0.425120
FIRE:  126 17:42:34  -159276.921875        0.945774
FIRE:  127 17:42:34  -159276.921875        1.036800
FIRE:  128 17:42:34  -159276.953125        0.584673
FIRE:  129 17:42:35  -159277.000000        0.400239
FIRE:  130 17:42:35  -159277.015625        0.890895
FIRE:  131 17:42:35  -159277.046875        0.491776
FIRE:  132 17:42:35  -159277.109375        0.653333
FIRE:  133 17:42:35  -159277.140625        0.756305
FIRE:  134 17:42:35  -159277.187500        0.531351
FIRE:  135 17:42:35  -159277.218750        0.541117
FIRE:  136 17:42:35  -159277.281250        0.973664
FIRE:  137 17:42:35  -159277.359375        0.451149
FIRE:  138 17:42:35  -159277.484375        0.324687
FIRE:  139 17:42:35  -159277.593750        0.411368
FIRE:  140 17:42:35  -159277.734375        1.635730
FIRE:  141 17:42:35  -159277.781250        5.220163
FIRE:  142 17:42:35  -159277.937500        0.439754
FIRE:  143 17:42:35  -159277.781250        6.705399
FIRE:  144 17:42:35  -159277.890625        4.024985
FIRE:  145 17:42:35  -159277.953125        0.413753
FIRE:  146 17:42:36  -159277.921875        2.571803
FIRE:  147 17:42:36  -159277.921875        2.410817
FIRE:  148 17:42:36  -159277.937500        2.093781
FIRE:  149 17:42:36  -159277.953125        1.631641
FIRE:  150 17:42:36  -159277.937500        1.044344
FIRE:  151 17:42:36  -159277.968750        0.393344
FIRE:  152 17:42:36  -159277.968750        0.389758
FIRE:  153 17:42:36  -159277.968750        0.389654
FIRE:  154 17:42:36  -159277.953125        0.389434
FIRE:  155 17:42:36  -159277.968750        0.389135
FIRE:  156 17:42:36  -159277.968750        0.388716
FIRE:  157 17:42:36  -159277.984375        0.388193
FIRE:  158 17:42:36  -159277.968750        0.387584
FIRE:  159 17:42:36  -159277.968750        0.386872
FIRE:  160 17:42:36  -159277.968750        0.385979
FIRE:  161 17:42:36  -159277.984375        0.384861
FIRE:  162 17:42:36  -159277.968750        0.383483
FIRE:  163 17:42:37  -159277.968750        0.381807
FIRE:  164 17:42:37  -159277.953125        0.379773
FIRE:  165 17:42:37  -159277.953125        0.377327
FIRE:  166 17:42:37  -159277.984375        0.374416
FIRE:  167 17:42:37  -159277.984375        0.371008
FIRE:  168 17:42:37  -159277.968750        0.367055
FIRE:  169 17:42:37  -159277.984375        0.362517
FIRE:  170 17:42:37  -159278.015625        0.357454
FIRE:  171 17:42:37  -159278.000000        0.351935
FIRE:  172 17:42:37  -159277.984375        0.346210
FIRE:  173 17:42:37  -159278.000000        0.340604
FIRE:  174 17:42:37  -159278.046875        0.335569
FIRE:  175 17:42:37  -159278.046875        0.331448
FIRE:  176 17:42:37  -159278.062500        0.328282
FIRE:  177 17:42:37  -159278.078125        0.325929
FIRE:  178 17:42:37  -159278.093750        0.324445
FIRE:  179 17:42:37  -159278.125000        0.324698
FIRE:  180 17:42:38  -159278.156250        0.327053
FIRE:  181 17:42:38  -159278.203125        0.330976
FIRE:  182 17:42:38  -159278.234375        0.336177
FIRE:  183 17:42:38  -159278.296875        0.345708
FIRE:  184 17:42:38  -159278.390625        0.364096
FIRE:  185 17:42:38  -159278.437500        0.388095
FIRE:  186 17:42:38  -159278.578125        0.390773
FIRE:  187 17:42:38  -159278.703125        1.059672
FIRE:  188 17:42:38  -159278.750000        3.912539
FIRE:  189 17:42:38  -159278.828125        0.361052
FIRE:  190 17:42:38  -159278.765625        4.508705
FIRE:  191 17:42:38  -159278.781250        2.873476
FIRE:  192 17:42:38  -159278.859375        0.479201
FIRE:  193 17:42:38  -159278.843750        1.685039
FIRE:  194 17:42:38  -159278.859375        1.575668
FIRE:  195 17:42:38  -159278.828125        1.362001
FIRE:  196 17:42:38  -159278.875000        1.054399
FIRE:  197 17:42:39  -159278.859375        0.670779
FIRE:  198 17:42:39  -159278.843750        0.354755
FIRE:  199 17:42:39  -159278.859375        0.354375
FIRE:  200 17:42:39  -159278.875000        0.571438
FIRE:  201 17:42:39  -159278.843750        0.560389
FIRE:  202 17:42:39  -159278.843750        0.538448
FIRE:  203 17:42:39  -159278.828125        0.506205
FIRE:  204 17:42:39  -159278.859375        0.464553
FIRE:  205 17:42:39  -159278.859375        0.414328
FIRE:  206 17:42:39  -159278.859375        0.360241
FIRE:  207 17:42:39  -159278.859375        0.354257
FIRE:  208 17:42:39  -159278.859375        0.354301
FIRE:  209 17:42:39  -159278.875000        0.354351
FIRE:  210 17:42:39  -159278.875000        0.354418
FIRE:  211 17:42:39  -159278.859375        0.354459
FIRE:  212 17:42:39  -159278.875000        0.354498
FIRE:  213 17:42:39  -159278.843750        0.354526
FIRE:  214 17:42:40  -159278.875000        0.354530
FIRE:  215 17:42:40  -159278.875000        0.354503
FIRE:  216 17:42:40  -159278.875000        0.354438
FIRE:  217 17:42:40  -159278.906250        0.354352
FIRE:  218 17:42:40  -159278.890625        0.354271
FIRE:  219 17:42:40  -159278.890625        0.354373
FIRE:  220 17:42:40  -159278.906250        0.354817
FIRE:  221 17:42:40  -159278.906250        0.355803
FIRE:  222 17:42:40  -159278.921875        0.357505
FIRE:  223 17:42:40  -159278.921875        0.359944
FIRE:  224 17:42:40  -159278.921875        0.362815
FIRE:  225 17:42:40  -159278.968750        0.365650
FIRE:  226 17:42:40  -159278.953125        0.368050
FIRE:  227 17:42:40  -159279.000000        0.371213
FIRE:  228 17:42:40  -159279.031250        0.376146
FIRE:  229 17:42:40  -159279.062500        0.380086
FIRE:  230 17:42:40  -159279.125000        0.383303
FIRE:  231 17:42:41  -159279.187500        0.388664
FIRE:  232 17:42:41  -159279.250000        0.394253
FIRE:  233 17:42:41  -159279.328125        0.446084
FIRE:  234 17:42:41  -159279.437500        0.964079
FIRE:  235 17:42:41  -159279.531250        2.604873
FIRE:  236 17:42:41  -159279.453125        6.148810
FIRE:  237 17:42:41  -159279.703125        0.929571
FIRE:  238 17:42:41  -159279.453125        8.387248
FIRE:  239 17:42:41  -159279.609375        5.025044
FIRE:  240 17:42:41  -159279.734375        0.627616
FIRE:  241 17:42:41  -159279.687500        2.884148
FIRE:  242 17:42:41  -159279.671875        2.720212
FIRE:  243 17:42:41  -159279.687500        2.395593
FIRE:  244 17:42:41  -159279.687500        1.918283
FIRE:  245 17:42:41  -159279.718750        1.303702
FIRE:  246 17:42:41  -159279.718750        0.596398
FIRE:  247 17:42:41  -159279.734375        0.387733
FIRE:  248 17:42:42  -159279.734375        0.908127
FIRE:  249 17:42:42  -159279.734375        0.891478
FIRE:  250 17:42:42  -159279.734375        0.858620
FIRE:  251 17:42:42  -159279.734375        0.810231
FIRE:  252 17:42:42  -159279.734375        0.747602
FIRE:  253 17:42:42  -159279.734375        0.672077
FIRE:  254 17:42:42  -159279.734375        0.585659
FIRE:  255 17:42:42  -159279.703125        0.490585
FIRE:  256 17:42:42  -159279.703125        0.386265
FIRE:  257 17:42:42  -159279.734375        0.386628
FIRE:  258 17:42:42  -159279.734375        0.387016
FIRE:  259 17:42:42  -159279.734375        0.387405
FIRE:  260 17:42:42  -159279.734375        0.387751
FIRE:  261 17:42:42  -159279.734375        0.387991
FIRE:  262 17:42:42  -159279.734375        0.410732
FIRE:  263 17:42:42  -159279.750000        0.443814
FIRE:  264 17:42:42  -159279.750000        0.412371
FIRE:  265 17:42:43  -159279.765625        0.387016
FIRE:  266 17:42:43  -159279.750000        0.386177
FIRE:  267 17:42:43  -159279.765625        0.385277
FIRE:  268 17:42:43  -159279.765625        0.384621
FIRE:  269 17:42:43  -159279.781250        0.384537
FIRE:  270 17:42:43  -159279.796875        0.383986
FIRE:  271 17:42:43  -159279.796875        0.383392
FIRE:  272 17:42:43  -159279.812500        0.382285
FIRE:  273 17:42:43  -159279.843750        0.379618
FIRE:  274 17:42:43  -159279.828125        0.374832
FIRE:  275 17:42:43  -159279.890625        0.368584
FIRE:  276 17:42:43  -159279.937500        0.361151
FIRE:  277 17:42:43  -159279.984375        0.349956
FIRE:  278 17:42:43  -159280.046875        0.347039
FIRE:  279 17:42:43  -159280.078125        0.360350
FIRE:  280 17:42:43  -159280.171875        0.387425
FIRE:  281 17:42:43  -159280.187500        0.424260
FIRE:  282 17:42:44  -159280.312500        0.688284
FIRE:  283 17:42:44  -159280.406250        1.662639
FIRE:  284 17:42:44  -159280.437500        3.796121
FIRE:  285 17:42:44  -159280.578125        0.618596
FIRE:  286 17:42:44  -159280.500000        4.208410
FIRE:  287 17:42:44  -159280.546875        2.897725
FIRE:  288 17:42:44  -159280.593750        0.901493
FIRE:  289 17:42:44  -159280.578125        1.048501
FIRE:  290 17:42:44  -159280.578125        0.986596
FIRE:  291 17:42:44  -159280.578125        0.872068
FIRE:  292 17:42:44  -159280.578125        0.713786
FIRE:  293 17:42:44  -159280.578125        0.518970
FIRE:  294 17:42:44  -159280.578125        0.350999
FIRE:  295 17:42:44  -159280.593750        0.345402
FIRE:  296 17:42:44  -159280.578125        0.340553
FIRE:  297 17:42:44  -159280.593750        0.480115
FIRE:  298 17:42:44  -159280.578125        0.607425
FIRE:  299 17:42:44  -159280.593750        0.634698
FIRE:  300 17:42:45  -159280.625000        0.538370
FIRE:  301 17:42:45  -159280.609375        0.352756
FIRE:  302 17:42:45  -159280.625000        0.368503
FIRE:  303 17:42:45  -159280.625000        0.388623
FIRE:  304 17:42:45  -159280.640625        0.472706
FIRE:  305 17:42:45  -159280.671875        0.437988
FIRE:  306 17:42:45  -159280.703125        0.469896
FIRE:  307 17:42:45  -159280.718750        0.514124
FIRE:  308 17:42:45  -159280.796875        0.575700
FIRE:  309 17:42:45  -159280.796875        0.647068
FIRE:  310 17:42:45  -159280.859375        0.691444
FIRE:  311 17:42:45  -159280.953125        0.631356
FIRE:  312 17:42:45  -159281.046875        0.615279
FIRE:  313 17:42:45  -159281.140625        0.780923
FIRE:  314 17:42:45  -159281.296875        0.721130
FIRE:  315 17:42:45  -159281.390625        1.026134
FIRE:  316 17:42:45  -159281.453125        1.151268
FIRE:  317 17:42:46  -159281.656250        0.828058
FIRE:  318 17:42:46  -159281.781250        0.826609
FIRE:  319 17:42:46  -159281.921875        1.105878
FIRE:  320 17:42:46  -159282.000000        2.339554
FIRE:  321 17:42:46  -159282.109375        0.903254
FIRE:  322 17:42:46  -159282.125000        0.655820
FIRE:  323 17:42:46  -159282.125000        0.519645
FIRE:  324 17:42:46  -159282.140625        0.618266
FIRE:  325 17:42:46  -159282.156250        0.670815
FIRE:  326 17:42:46  -159282.187500        0.570528
FIRE:  327 17:42:46  -159282.218750        0.447537
FIRE:  328 17:42:46  -159282.187500        0.438298
FIRE:  329 17:42:46  -159282.234375        0.430569
FIRE:  330 17:42:46  -159282.265625        0.423283
FIRE:  331 17:42:46  -159282.296875        0.415861
FIRE:  332 17:42:46  -159282.312500        0.406357
FIRE:  333 17:42:46  -159282.359375        0.382524
FIRE:  334 17:42:47  -159282.406250        0.387323
FIRE:  335 17:42:47  -159282.468750        0.283665
FIRE:  336 17:42:47  -159282.546875        0.396200
FIRE:  337 17:42:47  -159282.593750        0.379557
FIRE:  338 17:42:47  -159282.703125        0.409271
FIRE:  339 17:42:47  -159282.750000        0.460780
FIRE:  340 17:42:47  -159282.859375        1.006081
FIRE:  341 17:42:47  -159282.796875        2.752728
FIRE:  342 17:42:47  -159282.921875        0.279897
FIRE:  343 17:42:47  -159282.828125        2.995361
FIRE:  344 17:42:47  -159282.859375        2.058551
FIRE:  345 17:42:47  -159282.890625        0.598646
FIRE:  346 17:42:47  -159282.906250        0.850600
FIRE:  347 17:42:47  -159282.921875        0.798041
FIRE:  348 17:42:47  -159282.906250        0.695681
FIRE:  349 17:42:47  -159282.937500        0.549195
FIRE:  350 17:42:47  -159282.906250        0.367674
FIRE:  351 17:42:47  -159282.921875        0.220956
FIRE:  352 17:42:48  -159282.937500        0.216335
FIRE:  353 17:42:48  -159282.937500        0.225515
FIRE:  354 17:42:48  -159282.937500        0.371932
FIRE:  355 17:42:48  -159282.937500        0.456847
FIRE:  356 17:42:48  -159282.937500        0.455977
FIRE:  357 17:42:48  -159282.953125        0.353757
FIRE:  358 17:42:48  -159282.937500        0.180414
FIRE:  359 17:42:48  -159282.968750        0.172445
FIRE:  360 17:42:48  -159282.953125        0.311908
FIRE:  361 17:42:48  -159282.968750        0.371763
FIRE:  362 17:42:48  -159282.968750        0.228765
FIRE:  363 17:42:48  -159283.000000        0.117137
FIRE:  364 17:42:48  -159283.000000        0.301101
FIRE:  365 17:42:48  -159283.015625        0.195014
FIRE:  366 17:42:48  -159283.031250        0.186373
FIRE:  367 17:42:48  -159283.046875        0.271811
FIRE:  368 17:42:48  -159283.046875        0.139059
FIRE:  369 17:42:49  -159283.062500        0.199682
FIRE:  370 17:42:49  -159283.078125        0.296226
FIRE:  371 17:42:49  -159283.140625        0.139387
FIRE:  372 17:42:49  -159283.187500        0.186592
FIRE:  373 17:42:49  -159283.218750        0.431692
FIRE:  374 17:42:49  -159283.328125        1.058517
FIRE:  375 17:42:49  -159283.312500        2.416331
FIRE:  376 17:42:49  -159283.406250        0.166545
FIRE:  377 17:42:49  -159283.328125        2.656160
FIRE:  378 17:42:49  -159283.375000        1.843922
FIRE:  379 17:42:49  -159283.406250        0.566472
FIRE:  380 17:42:49  -159283.406250        0.726123
FIRE:  381 17:42:49  -159283.406250        0.681203
FIRE:  382 17:42:49  -159283.406250        0.593777
FIRE:  383 17:42:49  -159283.406250        0.468504
FIRE:  384 17:42:49  -159283.406250        0.312735
FIRE:  385 17:42:49  -159283.406250        0.139858
FIRE:  386 17:42:50  -159283.421875        0.138516
FIRE:  387 17:42:50  -159283.421875        0.205446
FIRE:  388 17:42:50  -159283.421875        0.328222
FIRE:  389 17:42:50  -159283.421875        0.404913
FIRE:  390 17:42:50  -159283.421875        0.411761
FIRE:  391 17:42:50  -159283.421875        0.335050
FIRE:  392 17:42:50  -159283.421875        0.174144
FIRE:  393 17:42:50  -159283.406250        0.133458
FIRE:  394 17:42:50  -159283.437500        0.241016
FIRE:  395 17:42:50  -159283.421875        0.324468
FIRE:  396 17:42:50  -159283.437500        0.240175
FIRE:  397 17:42:50  -159283.453125        0.110018
FIRE:  398 17:42:50  -159283.421875        0.244416
FIRE:  399 17:42:50  -159283.484375        0.233517
FIRE:  400 17:42:50  -159283.468750        0.100576
FIRE:  401 17:42:50  -159283.484375        0.266798
FIRE:  402 17:42:50  -159283.500000        0.097106
FIRE:  403 17:42:50  -159283.515625        0.266741
FIRE:  404 17:42:51  -159283.515625        0.148808
FIRE:  405 17:42:51  -159283.593750        0.110908
FIRE:  406 17:42:51  -159283.609375        0.350800
FIRE:  407 17:42:51  -159283.640625        0.712604
FIRE:  408 17:42:51  -159283.671875        1.434923
FIRE:  409 17:42:51  -159283.671875        0.093254
FIRE:  410 17:42:51  -159283.703125        1.139257
FIRE:  411 17:42:51  -159283.703125        0.906731
FIRE:  412 17:42:51  -159283.640625        0.478584
FIRE:  413 17:42:51  -159283.703125        0.093272
FIRE:  414 17:42:51  -159283.671875        0.544422
FIRE:  415 17:42:51  -159283.703125        0.512536
FIRE:  416 17:42:51  -159283.703125        0.450971
FIRE:  417 17:42:51  -159283.703125        0.363745
FIRE:  418 17:42:51  -159283.703125        0.256899
FIRE:  419 17:42:51  -159283.703125        0.138615
FIRE:  420 17:42:51  -159283.703125        0.093806
FIRE:  421 17:42:52  -159283.703125        0.095247
FIRE:  422 17:42:52  -159283.703125        0.191437
FIRE:  423 17:42:52  -159283.703125        0.260992
FIRE:  424 17:42:52  -159283.718750        0.290765
FIRE:  425 17:42:52  -159283.703125        0.269582
FIRE:  426 17:42:52  -159283.718750        0.191151
FIRE:  427 17:42:52  -159283.703125        0.094877
FIRE:  428 17:42:52  -159283.687500        0.099709
FIRE:  429 17:42:52  -159283.718750        0.200490
FIRE:  430 17:42:52  -159283.718750        0.203256
FIRE:  431 17:42:52  -159283.718750        0.094535
FIRE:  432 17:42:52  -159283.703125        0.113229
FIRE:  433 17:42:52  -159283.734375        0.203785
FIRE:  434 17:42:52  -159283.718750        0.096730
FIRE:  435 17:42:52  -159283.750000        0.144757
FIRE:  436 17:42:52  -159283.734375        0.133452
FIRE:  437 17:42:52  -159283.781250        0.152829
FIRE:  438 17:42:52  -159283.734375        0.098640
FIRE:  439 17:42:53  -159283.765625        0.224467
FIRE:  440 17:42:53  -159283.781250        0.210757
FIRE:  441 17:42:53  -159283.812500        0.157473
FIRE:  442 17:42:53  -159283.859375        0.262660
FIRE:  443 17:42:53  -159283.906250        0.675555
FIRE:  444 17:42:53  -159283.875000        1.838772
FIRE:  445 17:42:53  -159283.937500        0.148271
FIRE:  446 17:42:53  -159283.953125        0.115153
FIRE:  447 17:42:53  -159283.937500        0.102846
FIRE:  448 17:42:53  -159283.984375        0.103164
FIRE:  449 17:42:53  -159283.953125        0.107080
FIRE:  450 17:42:53  -159283.953125        0.113966
FIRE:  451 17:42:53  -159283.953125        0.103850
FIRE:  452 17:42:53  -159283.953125        0.103874
FIRE:  453 17:42:53  -159283.953125        0.103810
FIRE:  454 17:42:53  -159283.984375        0.103761
FIRE:  455 17:42:53  -159283.984375        0.103871
FIRE:  456 17:42:54  -159283.984375        0.104275
FIRE:  457 17:42:54  -159283.984375        0.104921
FIRE:  458 17:42:54  -159283.984375        0.105539
FIRE:  459 17:42:54  -159284.031250        0.106191
FIRE:  460 17:42:54  -159284.046875        0.106754
FIRE:  461 17:42:54  -159284.031250        0.107408
FIRE:  462 17:42:54  -159284.062500        0.107885
FIRE:  463 17:42:54  -159284.078125        0.152842
FIRE:  464 17:42:54  -159284.109375        0.277155
FIRE:  465 17:42:54  -159284.140625        0.748749
FIRE:  466 17:42:54  -159284.125000        2.104606
FIRE:  467 17:42:54  -159284.156250        0.282241
FIRE:  468 17:42:54  -159284.187500        0.211842
FIRE:  469 17:42:54  -159284.171875        0.110745
FIRE:  470 17:42:54  -159284.156250        0.110994
FIRE:  471 17:42:54  -159284.187500        0.167849
FIRE:  472 17:42:54  -159284.187500        0.198999
FIRE:  473 17:42:54  -159284.187500        0.163536
FIRE:  474 17:42:55  -159284.171875        0.111423
FIRE:  475 17:42:55  -159284.156250        0.111403
FIRE:  476 17:42:55  -159284.187500        0.168171
FIRE:  477 17:42:55  -159284.187500        0.132893
FIRE:  478 17:42:55  -159284.171875        0.112055
FIRE:  479 17:42:55  -159284.203125        0.149404
FIRE:  480 17:42:55  -159284.203125        0.112987
FIRE:  481 17:42:55  -159284.203125        0.133813
FIRE:  482 17:42:55  -159284.234375        0.114396
FIRE:  483 17:42:55  -159284.250000        0.161586
FIRE:  484 17:42:55  -159284.265625        0.116325
FIRE:  485 17:42:55  -159284.281250        0.117672
FIRE:  486 17:42:55  -159284.281250        0.118857
FIRE:  487 17:42:55  -159284.328125        0.328938
FIRE:  488 17:42:55  -159284.343750        1.014302
FIRE:  489 17:42:55  -159284.328125        2.889494
FIRE:  490 17:42:55  -159284.390625        0.122294
FIRE:  491 17:42:56  -159284.406250        0.122239
FIRE:  492 17:42:56  -159284.406250        0.122166
FIRE:  493 17:42:56  -159284.406250        0.122071
FIRE:  494 17:42:56  -159284.390625        0.122008
FIRE:  495 17:42:56  -159284.406250        0.121996
FIRE:  496 17:42:56  -159284.406250        0.122038
FIRE:  497 17:42:56  -159284.406250        0.122118
FIRE:  498 17:42:56  -159284.406250        0.122196
FIRE:  499 17:42:56  -159284.437500        0.122204
FIRE:  500 17:42:56  -159284.421875        0.122073
FIRE:  501 17:42:56  -159284.437500        0.121777
FIRE:  502 17:42:56  -159284.406250        0.121404
FIRE:  503 17:42:56  -159284.437500        0.120977
FIRE:  504 17:42:56  -159284.437500        0.120444
FIRE:  505 17:42:56  -159284.515625        0.119492
FIRE:  506 17:42:56  -159284.515625        0.119314
FIRE:  507 17:42:56  -159284.531250        0.119086
FIRE:  508 17:42:56  -159284.546875        0.118392
FIRE:  509 17:42:56  -159284.578125        0.211720
FIRE:  510 17:42:57  -159284.593750        0.582291
FIRE:  511 17:42:57  -159284.609375        1.592146
FIRE:  512 17:42:57  -159284.640625        0.157314
FIRE:  513 17:42:57  -159284.640625        0.120869
FIRE:  514 17:42:57  -159284.640625        0.114079
FIRE:  515 17:42:57  -159284.640625        0.114218
FIRE:  516 17:42:57  -159284.578125        0.114295
FIRE:  517 17:42:57  -159284.609375        0.125312
FIRE:  518 17:42:57  -159284.578125        0.114177
FIRE:  519 17:42:57  -159284.593750        0.113942
FIRE:  520 17:42:57  -159284.593750        0.113635
FIRE:  521 17:42:57  -159284.578125        0.113310
FIRE:  522 17:42:57  -159284.609375        0.113043
FIRE:  523 17:42:57  -159284.593750        0.112809
FIRE:  524 17:42:57  -159284.625000        0.112452
FIRE:  525 17:42:57  -159284.593750        0.111770
FIRE:  526 17:42:57  -159284.625000        0.111033
FIRE:  527 17:42:57  -159284.640625        0.110377
FIRE:  528 17:42:57  -159284.640625        0.109462
FIRE:  529 17:42:58  -159284.656250        0.107453
FIRE:  530 17:42:58  -159284.671875        0.105435
FIRE:  531 17:42:58  -159284.671875        0.102765
FIRE:  532 17:42:58  -159284.703125        0.177887
FIRE:  533 17:42:58  -159284.734375        0.626500
FIRE:  534 17:42:58  -159284.687500        1.968608
FIRE:  535 17:42:58  -159284.734375        0.142713
FIRE:  536 17:42:58  -159284.750000        0.124183
FIRE:  537 17:42:58  -159284.734375        0.101223
FIRE:  538 17:42:58  -159284.765625        0.095313
FIRE:  539 17:42:58  -159284.765625        0.104224
FIRE:  540 17:42:58  -159284.750000        0.106778
FIRE:  541 17:42:58  -159284.765625        0.098663
FIRE:  542 17:42:58  -159284.750000        0.096007
FIRE:  543 17:42:58  -159284.781250        0.110471
FIRE:  544 17:42:58  -159284.750000        0.120075
FIRE:  545 17:42:58  -159284.781250        0.105771
FIRE:  546 17:42:58  -159284.781250        0.097460
FIRE:  547 17:42:59  -159284.781250        0.102527
FIRE:  548 17:42:59  -159284.781250        0.100424
FIRE:  549 17:42:59  -159284.796875        0.116871
FIRE:  550 17:42:59  -159284.796875        0.098887
FIRE:  551 17:42:59  -159284.796875        0.099281
FIRE:  552 17:42:59  -159284.812500        0.121821
FIRE:  553 17:42:59  -159284.828125        0.118406
FIRE:  554 17:42:59  -159284.875000        0.204521
FIRE:  555 17:42:59  -159284.875000        0.528649
FIRE:  556 17:42:59  -159284.875000        1.407963
FIRE:  557 17:42:59  -159284.906250        0.109580
FIRE:  558 17:42:59  -159284.890625        0.085462
FIRE:  559 17:42:59  -159284.875000        0.069962
FIRE:  560 17:42:59  -159284.890625        0.070353
FIRE:  561 17:42:59  -159284.906250        0.089174
FIRE:  562 17:42:59  -159284.906250        0.099620
FIRE:  563 17:42:59  -159284.906250        0.091751
FIRE:  564 17:43:00  -159284.921875        0.073349
FIRE:  565 17:43:00  -159284.890625        0.065513
FIRE:  566 17:43:00  -159284.890625        0.071054
FIRE:  567 17:43:00  -159284.890625        0.066944
FIRE:  568 17:43:00  -159284.921875        0.067439
FIRE:  569 17:43:00  -159284.890625        0.086353
FIRE:  570 17:43:00  -159284.906250        0.073002
FIRE:  571 17:43:00  -159284.968750        0.067972
FIRE:  572 17:43:00  -159284.968750        0.066158
FIRE:  573 17:43:00  -159284.984375        0.088455
FIRE:  574 17:43:00  -159284.953125        0.066589
FIRE:  575 17:43:00  -159284.968750        0.066364
FIRE:  576 17:43:00  -159285.015625        0.076083
FIRE:  577 17:43:00  -159285.000000        0.133945
FIRE:  578 17:43:00  -159285.031250        0.445519
FIRE:  579 17:43:00  -159285.046875        1.527993
FIRE:  580 17:43:00  -159285.062500        0.070019
FIRE:  581 17:43:00  -159285.062500        0.062677
FIRE:  582 17:43:01  -159285.062500        0.060943
FIRE:  583 17:43:01  -159285.062500        0.062085
FIRE:  584 17:43:01  -159285.062500        0.063147
FIRE:  585 17:43:01  -159285.078125        0.063762
FIRE:  586 17:43:01  -159285.078125        0.063745
FIRE:  587 17:43:01  -159285.078125        0.063144
FIRE:  588 17:43:01  -159285.078125        0.062187
FIRE:  589 17:43:01  -159285.093750        0.067719
FIRE:  590 17:43:01  -159285.046875        0.061494
FIRE:  591 17:43:01  -159285.046875        0.061747
FIRE:  592 17:43:01  -159285.078125        0.062845
FIRE:  593 17:43:01  -159285.078125        0.063750
FIRE:  594 17:43:01  -159285.078125        0.068655
FIRE:  595 17:43:01  -159285.093750        0.066209
FIRE:  596 17:43:01  -159285.093750        0.069748
FIRE:  597 17:43:01  -159285.078125        0.076115
FIRE:  598 17:43:01  -159285.125000        0.080684
FIRE:  599 17:43:02  -159285.093750        0.094577
FIRE:  600 17:43:02  -159285.093750        0.248773
FIRE:  601 17:43:02  -159285.156250        0.759664
FIRE:  602 17:43:02  -159285.156250        0.077008
FIRE:  603 17:43:02  -159285.156250        0.667241
FIRE:  604 17:43:02  -159285.156250        0.507571
FIRE:  605 17:43:02  -159285.171875        0.222916
FIRE:  606 17:43:02  -159285.171875        0.119845
FIRE:  607 17:43:02  -159285.171875        0.112062
FIRE:  608 17:43:02  -159285.140625        0.098820
FIRE:  609 17:43:02  -159285.171875        0.085639
FIRE:  610 17:43:02  -159285.187500        0.075486
FIRE:  611 17:43:02  -159285.140625        0.075942
FIRE:  612 17:43:02  -159285.171875        0.076390
FIRE:  613 17:43:02  -159285.171875        0.076784
FIRE:  614 17:43:02  -159285.171875        0.077098
FIRE:  615 17:43:02  -159285.171875        0.077264
FIRE:  616 17:43:02  -159285.171875        0.077205
FIRE:  617 17:43:03  -159285.171875        0.076866
FIRE:  618 17:43:03  -159285.171875        0.076255
FIRE:  619 17:43:03  -159285.171875        0.075459
FIRE:  620 17:43:03  -159285.156250        0.074693
FIRE:  621 17:43:03  -159285.171875        0.074219
FIRE:  622 17:43:03  -159285.171875        0.074190
FIRE:  623 17:43:03  -159285.156250        0.074511
FIRE:  624 17:43:03  -159285.156250        0.074631
FIRE:  625 17:43:03  -159285.156250        0.073942
FIRE:  626 17:43:03  -159285.171875        0.072579
FIRE:  627 17:43:03  -159285.171875        0.071744
FIRE:  628 17:43:03  -159285.187500        0.072001
FIRE:  629 17:43:03  -159285.171875        0.071567
FIRE:  630 17:43:03  -159285.187500        0.069919
FIRE:  631 17:43:03  -159285.187500        0.070390
FIRE:  632 17:43:03  -159285.218750        0.069179
FIRE:  633 17:43:03  -159285.234375        0.068914
FIRE:  634 17:43:04  -159285.234375        0.121462
FIRE:  635 17:43:04  -159285.250000        0.488944
FIRE:  636 17:43:04  -159285.218750        1.960689
FIRE:  637 17:43:04  -159285.250000        0.623316
FIRE:  638 17:43:04  -159285.265625        0.432824
FIRE:  639 17:43:04  -159285.265625        0.108503
FIRE:  640 17:43:04  -159285.265625        0.258183
FIRE:  641 17:43:04  -159285.265625        0.237962
FIRE:  642 17:43:04  -159285.265625        0.199254
FIRE:  643 17:43:04  -159285.265625        0.145432
FIRE:  644 17:43:04  -159285.265625        0.081714
FIRE:  645 17:43:04  -159285.265625        0.064827
FIRE:  646 17:43:04  -159285.265625        0.064959
FIRE:  647 17:43:04  -159285.265625        0.095840
FIRE:  648 17:43:04  -159285.265625        0.126582
FIRE:  649 17:43:04  -159285.281250        0.134630
FIRE:  650 17:43:04  -159285.250000        0.114131
FIRE:  651 17:43:04  -159285.265625        0.065152
FIRE:  652 17:43:05  -159285.265625        0.064143
FIRE:  653 17:43:05  -159285.265625        0.082228
FIRE:  654 17:43:05  -159285.234375        0.114017
FIRE:  655 17:43:05  -159285.265625        0.083513
FIRE:  656 17:43:05  -159285.265625        0.063106
FIRE:  657 17:43:05  -159285.265625        0.083402
FIRE:  658 17:43:05  -159285.250000        0.073535
FIRE:  659 17:43:05  -159285.265625        0.061667
FIRE:  660 17:43:05  -159285.250000        0.093358
FIRE:  661 17:43:05  -159285.281250        0.060669
FIRE:  662 17:43:05  -159285.296875        0.077812
FIRE:  663 17:43:05  -159285.296875        0.079670
FIRE:  664 17:43:05  -159285.296875        0.058400
FIRE:  665 17:43:05  -159285.312500        0.057545
FIRE:  666 17:43:05  -159285.312500        0.138270
FIRE:  667 17:43:05  -159285.328125        0.390265
FIRE:  668 17:43:05  -159285.312500        1.154672
FIRE:  669 17:43:06  -159285.328125        0.134070
FIRE:  670 17:43:06  -159285.328125        0.098355
FIRE:  671 17:43:06  -159285.328125        0.054440
FIRE:  672 17:43:06  -159285.328125        0.054324
FIRE:  673 17:43:06  -159285.328125        0.090220
FIRE:  674 17:43:06  -159285.343750        0.105382
FIRE:  675 17:43:06  -159285.343750        0.081397
FIRE:  676 17:43:06  -159285.328125        0.054110
FIRE:  677 17:43:06  -159285.328125        0.054078
FIRE:  678 17:43:06  -159285.343750        0.075339
FIRE:  679 17:43:06  -159285.343750        0.056597
FIRE:  680 17:43:06  -159285.343750        0.053435
FIRE:  681 17:43:06  -159285.343750        0.075800
FIRE:  682 17:43:06  -159285.359375        0.052919
FIRE:  683 17:43:06  -159285.343750        0.062156
FIRE:  684 17:43:06  -159285.312500        0.052312
FIRE:  685 17:43:06  -159285.359375        0.082841
FIRE:  686 17:43:06  -159285.359375        0.051357
FIRE:  687 17:43:07  -159285.359375        0.050563
FIRE:  688 17:43:07  -159285.359375        0.049677
