      Step     Time          Energy          fmax
FIRE:    0 08:04:30  -401596.406250        3.108169
FIRE:    1 08:04:31  -401597.000000        1.687331
FIRE:    2 08:04:33  -401597.468750        3.162448
FIRE:    3 08:04:33  -401597.937500        1.473327
FIRE:    4 08:04:34  -401598.343750        2.194584
FIRE:    5 08:04:34  -401598.781250        1.177848
FIRE:    6 08:04:35  -401599.187500        1.680366
FIRE:    7 08:04:35  -401599.593750        1.513251
FIRE:    8 08:04:35  -401600.000000        1.245670
FIRE:    9 08:04:35  -401600.375000        1.182080
FIRE:   10 08:04:35  -401600.750000        0.984232
FIRE:   11 08:04:35  -401601.218750        1.338357
FIRE:   12 08:04:35  -401601.562500        0.975966
FIRE:   13 08:04:35  -401601.906250        0.850112
FIRE:   14 08:04:35  -401602.250000        1.176940
FIRE:   15 08:04:35  -401602.625000        0.965675
FIRE:   16 08:04:35  -401602.937500        1.206650
FIRE:   17 08:04:35  -401603.312500        1.423224
FIRE:   18 08:04:35  -401603.750000        1.122253
FIRE:   19 08:04:35  -401604.093750        1.080292
FIRE:   20 08:04:35  -401604.437500        0.694825
FIRE:   21 08:04:35  -401604.625000        1.444677
FIRE:   22 08:04:35  -401604.687500        2.622774
FIRE:   23 08:04:35  -401604.906250        1.304699
FIRE:   24 08:04:35  -401604.968750        0.778205
FIRE:   25 08:04:35  -401604.937500        0.503169
FIRE:   26 08:04:35  -401604.968750        0.452719
FIRE:   27 08:04:35  -401604.968750        0.415419
FIRE:   28 08:04:36  -401605.000000        0.563211
FIRE:   29 08:04:36  -401605.000000        0.405130
FIRE:   30 08:04:36  -401605.062500        0.271396
FIRE:   31 08:04:36  -401605.062500        0.374051
FIRE:   32 08:04:36  -401605.062500        0.460749
FIRE:   33 08:04:36  -401605.093750        0.290233
FIRE:   34 08:04:36  -401605.156250        0.322387
FIRE:   35 08:04:36  -401605.250000        0.345796
FIRE:   36 08:04:36  -401605.343750        0.674021
FIRE:   37 08:04:36  -401605.406250        0.470239
FIRE:   38 08:04:36  -401605.500000        0.502066
FIRE:   39 08:04:36  -401605.625000        0.596015
FIRE:   40 08:04:36  -401605.843750        0.681614
FIRE:   41 08:04:36  -401606.031250        0.778358
FIRE:   42 08:04:36  -401606.250000        1.700151
FIRE:   43 08:04:36  -401606.437500        2.935826
FIRE:   44 08:04:37  -401606.562500        4.036249
FIRE:   45 08:04:37  -401606.656250        1.209466
FIRE:   46 08:04:37  -401606.625000        0.857996
FIRE:   47 08:04:37  -401606.687500        0.372622
FIRE:   48 08:04:37  -401606.687500        0.435743
FIRE:   49 08:04:37  -401606.687500        0.841279
FIRE:   50 08:04:37  -401606.687500        0.853528
FIRE:   51 08:04:37  -401606.718750        0.502321
FIRE:   52 08:04:37  -401606.718750        0.339184
FIRE:   53 08:04:37  -401606.750000        0.621912
FIRE:   54 08:04:37  -401606.718750        0.670817
FIRE:   55 08:04:37  -401606.750000        0.307139
FIRE:   56 08:04:37  -401606.812500        0.466264
FIRE:   57 08:04:37  -401606.812500        0.495792
FIRE:   58 08:04:38  -401606.843750        0.447152
FIRE:   59 08:04:38  -401606.875000        0.515780
FIRE:   60 08:04:38  -401606.937500        0.477941
FIRE:   61 08:04:38  -401607.031250        0.202026
FIRE:   62 08:04:38  -401607.062500        0.681455
FIRE:   63 08:04:38  -401607.125000        1.199424
FIRE:   64 08:04:38  -401607.187500        2.109733
FIRE:   65 08:04:38  -401607.218750        4.305443
FIRE:   66 08:04:38  -401607.343750        0.257479
FIRE:   67 08:04:38  -401607.343750        0.235132
FIRE:   68 08:04:38  -401607.343750        0.195855
FIRE:   69 08:04:38  -401607.343750        0.152265
FIRE:   70 08:04:38  -401607.343750        0.154680
FIRE:   71 08:04:38  -401607.312500        0.176583
FIRE:   72 08:04:39  -401607.312500        0.201260
FIRE:   73 08:04:39  -401607.343750        0.224864
FIRE:   74 08:04:39  -401607.375000        0.211292
FIRE:   75 08:04:39  -401607.343750        0.194388
FIRE:   76 08:04:39  -401607.343750        0.182239
FIRE:   77 08:04:39  -401607.406250        0.195108
FIRE:   78 08:04:39  -401607.375000        0.141133
FIRE:   79 08:04:39  -401607.406250        0.135403
FIRE:   80 08:04:39  -401607.406250        0.159455
FIRE:   81 08:04:39  -401607.468750        0.130659
FIRE:   82 08:04:39  -401607.500000        0.145500
FIRE:   83 08:04:39  -401607.531250        0.110651
FIRE:   84 08:04:39  -401607.593750        0.162622
FIRE:   85 08:04:39  -401607.656250        0.142389
FIRE:   86 08:04:40  -401607.718750        0.184322
FIRE:   87 08:04:40  -401607.781250        0.480360
FIRE:   88 08:04:40  -401607.843750        1.921690
FIRE:   89 08:04:40  -401607.875000        0.155218
FIRE:   90 08:04:40  -401607.843750        0.135937
FIRE:   91 08:04:40  -401607.843750        0.123118
FIRE:   92 08:04:40  -401607.843750        0.122302
FIRE:   93 08:04:40  -401607.843750        0.121573
FIRE:   94 08:04:40  -401607.843750        0.131745
FIRE:   95 08:04:40  -401607.843750        0.120781
FIRE:   96 08:04:40  -401607.875000        0.120759
FIRE:   97 08:04:40  -401607.875000        0.229127
FIRE:   98 08:04:40  -401607.875000        0.158042
FIRE:   99 08:04:40  -401607.906250        0.121945
FIRE:  100 08:04:41  -401607.906250        0.122027
FIRE:  101 08:04:41  -401607.937500        0.121527
FIRE:  102 08:04:41  -401607.906250        0.120855
FIRE:  103 08:04:41  -401607.968750        0.120661
FIRE:  104 08:04:41  -401607.937500        0.122798
FIRE:  105 08:04:41  -401607.968750        0.217164
FIRE:  106 08:04:41  -401608.031250        0.172479
FIRE:  107 08:04:41  -401608.031250        0.228281
FIRE:  108 08:04:41  -401608.093750        0.299111
FIRE:  109 08:04:41  -401608.156250        0.318418
FIRE:  110 08:04:41  -401608.218750        0.255036
FIRE:  111 08:04:41  -401608.281250        1.256564
FIRE:  112 08:04:41  -401608.187500        6.174979
FIRE:  113 08:04:41  -401608.312500        2.591867
FIRE:  114 08:04:42  -401608.343750        1.782584
FIRE:  115 08:04:42  -401608.375000        0.419372
FIRE:  116 08:04:42  -401608.375000        1.263069
FIRE:  117 08:04:42  -401608.375000        1.150737
FIRE:  118 08:04:42  -401608.375000        0.937250
FIRE:  119 08:04:42  -401608.406250        0.643881
FIRE:  120 08:04:42  -401608.406250        0.301857
FIRE:  121 08:04:42  -401608.375000        0.122100
FIRE:  122 08:04:42  -401608.375000        0.363975
FIRE:  123 08:04:42  -401608.375000        0.355847
FIRE:  124 08:04:42  -401608.375000        0.339720
FIRE:  125 08:04:42  -401608.375000        0.315968
FIRE:  126 08:04:42  -401608.375000        0.285425
FIRE:  127 08:04:42  -401608.375000        0.248621
FIRE:  128 08:04:43  -401608.406250        0.207001
FIRE:  129 08:04:43  -401608.375000        0.162002
FIRE:  130 08:04:43  -401608.375000        0.121964
FIRE:  131 08:04:43  -401608.375000        0.121939
FIRE:  132 08:04:43  -401608.375000        0.121908
FIRE:  133 08:04:43  -401608.406250        0.121872
FIRE:  134 08:04:43  -401608.375000        0.142116
FIRE:  135 08:04:43  -401608.375000        0.180363
FIRE:  136 08:04:43  -401608.375000        0.195232
FIRE:  137 08:04:43  -401608.375000        0.178950
FIRE:  138 08:04:43  -401608.375000        0.128523
FIRE:  139 08:04:43  -401608.375000        0.121433
FIRE:  140 08:04:43  -401608.375000        0.121292
FIRE:  141 08:04:43  -401608.406250        0.122646
FIRE:  142 08:04:44  -401608.406250        0.132262
FIRE:  143 08:04:44  -401608.437500        0.120589
FIRE:  144 08:04:44  -401608.406250        0.120220
FIRE:  145 08:04:44  -401608.406250        0.130452
FIRE:  146 08:04:44  -401608.437500        0.119116
FIRE:  147 08:04:44  -401608.437500        0.118334
FIRE:  148 08:04:44  -401608.437500        0.117609
FIRE:  149 08:04:44  -401608.468750        0.115995
FIRE:  150 08:04:44  -401608.468750        0.114179
FIRE:  151 08:04:44  -401608.500000        0.111760
FIRE:  152 08:04:44  -401608.500000        0.108521
FIRE:  153 08:04:44  -401608.531250        0.104052
FIRE:  154 08:04:44  -401608.593750        0.240785
FIRE:  155 08:04:44  -401608.625000        0.647478
FIRE:  156 08:04:45  -401608.656250        1.745714
FIRE:  157 08:04:45  -401608.656250        0.121075
FIRE:  158 08:04:45  -401608.656250        1.560575
FIRE:  159 08:04:45  -401608.656250        1.184120
FIRE:  160 08:04:45  -401608.656250        0.529293
FIRE:  161 08:04:45  -401608.687500        0.238665
FIRE:  162 08:04:45  -401608.625000        0.224659
FIRE:  163 08:04:45  -401608.656250        0.197415
FIRE:  164 08:04:45  -401608.656250        0.159322
FIRE:  165 08:04:45  -401608.656250        0.113342
FIRE:  166 08:04:45  -401608.687500        0.101344
FIRE:  167 08:04:45  -401608.656250        0.101415
FIRE:  168 08:04:45  -401608.656250        0.101493
FIRE:  169 08:04:45  -401608.656250        0.101599
FIRE:  170 08:04:46  -401608.656250        0.127154
FIRE:  171 08:04:46  -401608.656250        0.137056
FIRE:  172 08:04:46  -401608.687500        0.121629
FIRE:  173 08:04:46  -401608.656250        0.102372
FIRE:  174 08:04:46  -401608.656250        0.102707
FIRE:  175 08:04:46  -401608.656250        0.103138
FIRE:  176 08:04:46  -401608.687500        0.103789
FIRE:  177 08:04:46  -401608.687500        0.104777
FIRE:  178 08:04:46  -401608.687500        0.106127
FIRE:  179 08:04:46  -401608.687500        0.108034
FIRE:  180 08:04:46  -401608.687500        0.110781
FIRE:  181 08:04:46  -401608.718750        0.114737
FIRE:  182 08:04:46  -401608.656250        0.120452
FIRE:  183 08:04:48  -401608.656250        0.116642
FIRE:  184 08:04:48  -401608.656250        0.111235
FIRE:  185 08:04:48  -401608.656250        0.105492
FIRE:  186 08:04:48  -401608.687500        0.096340
FIRE:  187 08:04:48  -401608.687500        0.089521
FIRE:  188 08:04:48  -401608.718750        0.200382
FIRE:  189 08:04:48  -401608.781250        0.616969
FIRE:  190 08:04:48  -401608.812500        1.732942
FIRE:  191 08:04:48  -401608.906250        0.112020
FIRE:  192 08:04:49  -401608.812500        1.596988
FIRE:  193 08:04:49  -401608.812500        1.201847
FIRE:  194 08:04:49  -401608.781250        0.517603
FIRE:  195 08:04:49  -401608.781250        0.274870
FIRE:  196 08:04:49  -401608.812500        0.257584
FIRE:  197 08:04:49  -401608.812500        0.224024
FIRE:  198 08:04:49  -401608.812500        0.176666
FIRE:  199 08:04:49  -401608.781250        0.123902
FIRE:  200 08:04:49  -401608.812500        0.093528
FIRE:  201 08:04:49  -401608.781250        0.093695
FIRE:  202 08:04:49  -401608.812500        0.093823
FIRE:  203 08:04:49  -401608.812500        0.125100
FIRE:  204 08:04:49  -401608.781250        0.158701
FIRE:  205 08:04:49  -401608.812500        0.167340
FIRE:  206 08:04:50  -401608.812500        0.144444
FIRE:  207 08:04:50  -401608.781250        0.092832
FIRE:  208 08:04:50  -401608.812500        0.092122
FIRE:  209 08:04:50  -401608.843750        0.091387
FIRE:  210 08:04:50  -401608.937500        0.111757
FIRE:  211 08:04:50  -401608.937500        0.090182
FIRE:  212 08:04:50  -401608.937500        0.089736
FIRE:  213 08:04:50  -401608.937500        0.110404
FIRE:  214 08:04:50  -401608.937500        0.096007
FIRE:  215 08:04:50  -401608.937500        0.085971
FIRE:  216 08:04:50  -401608.968750        0.095933
FIRE:  217 08:04:50  -401608.968750        0.082802
FIRE:  218 08:04:50  -401608.968750        0.101992
FIRE:  219 08:04:50  -401609.000000        0.093206
FIRE:  220 08:04:51  -401609.000000        0.092678
FIRE:  221 08:04:51  -401608.906250        0.088579
FIRE:  222 08:04:51  -401608.937500        0.132178
FIRE:  223 08:04:51  -401608.968750        0.468118
FIRE:  224 08:04:51  -401608.968750        1.513125
FIRE:  225 08:04:51  -401608.906250        5.032827
FIRE:  226 08:04:51  -401609.125000        1.263656
FIRE:  227 08:04:51  -401609.125000        0.906541
FIRE:  228 08:04:51  -401609.156250        0.304010
FIRE:  229 08:04:51  -401609.125000        0.452996
FIRE:  230 08:04:51  -401609.156250        0.419417
FIRE:  231 08:04:51  -401609.156250        0.355306
FIRE:  232 08:04:51  -401609.156250        0.266137
FIRE:  233 08:04:51  -401609.156250        0.161263
FIRE:  234 08:04:52  -401609.156250        0.140584
FIRE:  235 08:04:52  -401609.031250        0.140474
FIRE:  236 08:04:52  -401609.156250        0.155211
FIRE:  237 08:04:52  -401609.156250        0.212110
FIRE:  238 08:04:52  -401609.156250        0.230607
FIRE:  239 08:04:52  -401609.156250        0.199382
FIRE:  240 08:04:52  -401609.156250        0.142300
FIRE:  241 08:04:52  -401609.156250        0.142982
FIRE:  242 08:04:52  -401609.156250        0.143409
FIRE:  243 08:04:52  -401609.156250        0.200675
FIRE:  244 08:04:52  -401609.187500        0.155026
FIRE:  245 08:04:52  -401609.156250        0.139990
FIRE:  246 08:04:52  -401609.156250        0.141019
FIRE:  247 08:04:52  -401609.156250        0.129948
FIRE:  248 08:04:53  -401609.187500        0.121811
FIRE:  249 08:04:53  -401609.187500        0.170659
FIRE:  250 08:04:53  -401609.218750        0.136716
FIRE:  251 08:04:53  -401609.187500        0.615259
FIRE:  252 08:04:53  -401609.187500        0.288005
FIRE:  253 08:04:53  -401609.218750        0.305555
FIRE:  254 08:04:53  -401609.218750        0.316708
FIRE:  255 08:04:53  -401609.250000        0.294296
FIRE:  256 08:04:53  -401609.281250        0.587716
FIRE:  257 08:04:53  -401609.250000        1.669598
FIRE:  258 08:04:53  -401609.281250        0.156575
FIRE:  259 08:04:53  -401609.281250        0.137961
FIRE:  260 08:04:53  -401609.281250        0.103747
FIRE:  261 08:04:53  -401609.281250        0.088014
FIRE:  262 08:04:54  -401609.312500        0.087731
FIRE:  263 08:04:54  -401609.281250        0.097671
FIRE:  264 08:04:54  -401609.281250        0.104451
FIRE:  265 08:04:54  -401609.312500        0.098595
FIRE:  266 08:04:54  -401609.312500        0.084587
FIRE:  267 08:04:54  -401609.281250        0.083321
FIRE:  268 08:04:54  -401609.281250        0.081903
FIRE:  269 08:04:54  -401609.312500        0.080268
FIRE:  270 08:04:54  -401609.312500        0.078139
FIRE:  271 08:04:54  -401609.343750        0.075337
FIRE:  272 08:04:54  -401609.312500        0.072065
FIRE:  273 08:04:54  -401609.312500        0.068553
FIRE:  274 08:04:54  -401609.343750        0.087976
FIRE:  275 08:04:54  -401609.343750        0.065461
FIRE:  276 08:04:55  -401609.375000        0.082057
FIRE:  277 08:04:55  -401609.406250        0.069955
FIRE:  278 08:04:55  -401609.406250        0.075969
FIRE:  279 08:04:55  -401609.437500        0.335611
FIRE:  280 08:04:55  -401609.468750        1.481312
FIRE:  281 08:04:55  -401609.468750        0.242780
FIRE:  282 08:04:55  -401609.468750        0.171642
FIRE:  283 08:04:55  -401609.468750        0.070771
FIRE:  284 08:04:55  -401609.468750        0.082082
FIRE:  285 08:04:55  -401609.468750        0.169621
FIRE:  286 08:04:55  -401609.468750        0.186450
FIRE:  287 08:04:55  -401609.468750        0.132272
FIRE:  288 08:04:55  -401609.500000        0.059841
FIRE:  289 08:04:55  -401609.500000        0.103115
FIRE:  290 08:04:55  -401609.468750        0.138458
FIRE:  291 08:04:56  -401609.468750        0.077609
FIRE:  292 08:04:56  -401609.437500        0.077262
FIRE:  293 08:04:56  -401609.500000        0.127222
FIRE:  294 08:04:56  -401609.500000        0.064287
FIRE:  295 08:04:56  -401609.500000        0.128020
FIRE:  296 08:04:56  -401609.500000        0.079401
FIRE:  297 08:04:56  -401609.500000        0.095132
FIRE:  298 08:04:56  -401609.531250        0.164358
FIRE:  299 08:04:56  -401609.531250        0.192841
FIRE:  300 08:04:56  -401609.562500        0.294258
FIRE:  301 08:04:56  -401609.562500        0.694938
FIRE:  302 08:04:56  -401609.593750        1.886084
FIRE:  303 08:04:56  -401609.593750        0.171349
FIRE:  304 08:04:56  -401609.593750        0.169087
FIRE:  305 08:04:57  -401609.531250        0.164760
FIRE:  306 08:04:57  -401609.593750        0.158727
FIRE:  307 08:04:57  -401609.593750        0.151436
FIRE:  308 08:04:57  -401609.593750        0.143337
FIRE:  309 08:04:57  -401609.593750        0.134897
FIRE:  310 08:04:57  -401609.593750        0.126480
FIRE:  311 08:04:57  -401609.593750        0.117677
FIRE:  312 08:04:57  -401609.625000        0.113072
FIRE:  313 08:04:57  -401609.625000        0.123174
FIRE:  314 08:04:57  -401609.625000        0.130918
FIRE:  315 08:04:57  -401609.625000        0.134700
FIRE:  316 08:04:57  -401609.625000        0.134793
FIRE:  317 08:04:57  -401609.625000        0.133065
FIRE:  318 08:04:57  -401609.687500        0.130155
FIRE:  319 08:04:58  -401609.656250        0.122227
FIRE:  320 08:04:58  -401609.656250        0.113805
FIRE:  321 08:04:58  -401609.687500        0.117582
FIRE:  322 08:04:58  -401609.718750        0.115966
FIRE:  323 08:04:58  -401609.718750        0.117514
FIRE:  324 08:04:58  -401609.750000        0.165206
FIRE:  325 08:04:58  -401609.687500        0.742024
FIRE:  326 08:04:58  -401609.656250        3.332587
FIRE:  327 08:04:58  -401609.812500        1.144290
FIRE:  328 08:04:58  -401609.718750        0.758492
FIRE:  329 08:04:58  -401609.750000        0.204701
FIRE:  330 08:04:58  -401609.718750        0.559684
FIRE:  331 08:04:58  -401609.718750        0.513834
FIRE:  332 08:04:59  -401609.718750        0.426886
FIRE:  333 08:04:59  -401609.718750        0.308629
FIRE:  334 08:04:59  -401609.718750        0.177956
FIRE:  335 08:04:59  -401609.750000        0.157330
FIRE:  336 08:04:59  -401609.750000        0.165310
FIRE:  337 08:04:59  -401609.718750        0.249089
FIRE:  338 08:04:59  -401609.750000        0.299734
FIRE:  339 08:04:59  -401609.750000        0.296192
FIRE:  340 08:04:59  -401609.718750        0.228079
FIRE:  341 08:04:59  -401609.718750        0.153799
FIRE:  342 08:04:59  -401609.718750        0.152899
FIRE:  343 08:04:59  -401609.750000        0.235295
FIRE:  344 08:04:59  -401609.875000        0.253350
FIRE:  345 08:04:59  -401609.781250        0.151772
FIRE:  346 08:05:00  -401609.750000        0.153400
FIRE:  347 08:05:00  -401609.781250        0.219279
FIRE:  348 08:05:00  -401609.750000        0.164399
FIRE:  349 08:05:00  -401609.781250        0.198116
FIRE:  350 08:05:00  -401609.812500        0.163803
FIRE:  351 08:05:00  -401609.875000        0.203924
FIRE:  352 08:05:00  -401609.906250        0.141818
FIRE:  353 08:05:00  -401609.937500        0.251169
FIRE:  354 08:05:00  -401609.968750        0.315564
FIRE:  355 08:05:00  -401609.906250        0.425198
FIRE:  356 08:05:00  -401609.937500        0.748981
FIRE:  357 08:05:00  -401610.031250        1.833675
FIRE:  358 08:05:00  -401610.062500        0.194919
FIRE:  359 08:05:00  -401610.000000        1.603272
FIRE:  360 08:05:01  -401610.062500        1.211305
FIRE:  361 08:05:01  -401610.031250        0.526755
FIRE:  362 08:05:01  -401610.031250        0.295796
FIRE:  363 08:05:01  -401610.031250        0.280143
FIRE:  364 08:05:01  -401610.031250        0.250092
FIRE:  365 08:05:01  -401610.062500        0.208688
FIRE:  366 08:05:01  -401610.031250        0.188923
FIRE:  367 08:05:01  -401610.031250        0.188555
FIRE:  368 08:05:01  -401610.000000        0.188180
FIRE:  369 08:05:01  -401610.031250        0.187768
FIRE:  370 08:05:01  -401610.031250        0.187360
FIRE:  371 08:05:01  -401610.062500        0.186955
FIRE:  372 08:05:01  -401610.031250        0.184071
FIRE:  373 08:05:01  -401610.031250        0.180762
FIRE:  374 08:05:01  -401610.031250        0.177040
FIRE:  375 08:05:02  -401610.031250        0.172960
FIRE:  376 08:05:02  -401610.062500        0.168512
FIRE:  377 08:05:02  -401609.937500        0.163670
FIRE:  378 08:05:02  -401610.031250        0.158339
FIRE:  379 08:05:02  -401610.000000        0.157984
FIRE:  380 08:05:02  -401609.968750        0.158334
FIRE:  381 08:05:02  -401609.968750        0.156896
FIRE:  382 08:05:02  -401610.062500        0.154023
FIRE:  383 08:05:02  -401610.000000        0.150815
FIRE:  384 08:05:02  -401610.000000        0.147609
FIRE:  385 08:05:02  -401610.062500        0.159837
FIRE:  386 08:05:02  -401610.125000        0.146223
FIRE:  387 08:05:02  -401610.093750        0.144802
FIRE:  388 08:05:02  -401610.062500        0.156114
FIRE:  389 08:05:03  -401610.125000        0.164528
FIRE:  390 08:05:03  -401610.125000        0.370913
FIRE:  391 08:05:03  -401610.218750        1.397830
FIRE:  392 08:05:03  -401610.093750        4.776658
FIRE:  393 08:05:03  -401610.218750        1.077084
FIRE:  394 08:05:03  -401610.218750        0.766925
FIRE:  395 08:05:03  -401610.218750        0.296787
FIRE:  396 08:05:03  -401610.218750        0.377514
FIRE:  397 08:05:03  -401610.218750        0.350447
FIRE:  398 08:05:03  -401610.218750        0.298974
FIRE:  399 08:05:03  -401610.218750        0.229300
FIRE:  400 08:05:03  -401610.218750        0.155825
FIRE:  401 08:05:03  -401610.218750        0.135813
FIRE:  402 08:05:03  -401610.218750        0.136214
FIRE:  403 08:05:04  -401610.250000        0.169171
FIRE:  404 08:05:04  -401610.218750        0.211318
FIRE:  405 08:05:04  -401610.218750        0.224904
FIRE:  406 08:05:04  -401610.218750        0.198935
FIRE:  407 08:05:04  -401610.250000        0.138736
FIRE:  408 08:05:04  -401610.218750        0.139339
FIRE:  409 08:05:04  -401610.250000        0.140140
FIRE:  410 08:05:04  -401610.218750        0.173877
FIRE:  411 08:05:04  -401610.250000        0.142043
FIRE:  412 08:05:04  -401610.250000        0.143504
FIRE:  413 08:05:04  -401610.281250        0.160869
FIRE:  414 08:05:04  -401610.250000        0.146297
FIRE:  415 08:05:04  -401610.250000        0.146742
FIRE:  416 08:05:04  -401610.343750        0.150839
FIRE:  417 08:05:05  -401610.312500        0.145753
FIRE:  418 08:05:05  -401610.281250        0.152887
FIRE:  419 08:05:05  -401610.312500        0.149358
FIRE:  420 08:05:05  -401610.343750        0.136144
FIRE:  421 08:05:05  -401610.468750        0.137982
FIRE:  422 08:05:05  -401610.500000        0.139901
FIRE:  423 08:05:05  -401610.531250        0.338537
FIRE:  424 08:05:05  -401610.562500        1.225563
FIRE:  425 08:05:05  -401610.500000        4.539571
FIRE:  426 08:05:05  -401610.593750        1.188933
FIRE:  427 08:05:05  -401610.593750        0.822720
FIRE:  428 08:05:05  -401610.625000        0.303698
FIRE:  429 08:05:05  -401610.625000        0.496008
FIRE:  430 08:05:05  -401610.625000        0.459849
FIRE:  431 08:05:05  -401610.625000        0.390902
FIRE:  432 08:05:06  -401610.625000        0.296619
FIRE:  433 08:05:06  -401610.625000        0.190301
FIRE:  434 08:05:06  -401610.625000        0.137201
FIRE:  435 08:05:06  -401610.625000        0.154060
FIRE:  436 08:05:06  -401610.625000        0.191305
FIRE:  437 08:05:06  -401610.625000        0.242764
FIRE:  438 08:05:06  -401610.625000        0.254402
FIRE:  439 08:05:06  -401610.625000        0.213960
FIRE:  440 08:05:06  -401610.625000        0.158115
FIRE:  441 08:05:06  -401610.625000        0.142282
FIRE:  442 08:05:06  -401610.625000        0.190006
FIRE:  443 08:05:06  -401610.625000        0.235938
FIRE:  444 08:05:06  -401610.625000        0.172586
FIRE:  445 08:05:06  -401610.656250        0.131445
FIRE:  446 08:05:06  -401610.656250        0.177927
FIRE:  447 08:05:06  -401610.656250        0.154778
FIRE:  448 08:05:06  -401610.656250        0.138806
FIRE:  449 08:05:06  -401610.656250        0.189986
FIRE:  450 08:05:07  -401610.687500        0.134423
FIRE:  451 08:05:07  -401610.687500        0.145537
FIRE:  452 08:05:07  -401610.718750        0.219784
FIRE:  453 08:05:07  -401610.718750        0.155369
FIRE:  454 08:05:07  -401610.750000        0.154291
FIRE:  455 08:05:07  -401610.781250        0.189924
FIRE:  456 08:05:07  -401610.812500        0.634557
FIRE:  457 08:05:07  -401610.843750        2.048461
FIRE:  458 08:05:07  -401610.843750        0.202046
FIRE:  459 08:05:07  -401610.843750        0.159196
FIRE:  460 08:05:07  -401610.875000        0.148517
FIRE:  461 08:05:07  -401610.843750        0.144758
FIRE:  462 08:05:07  -401610.843750        0.146466
FIRE:  463 08:05:07  -401610.875000        0.173410
FIRE:  464 08:05:07  -401610.875000        0.159059
FIRE:  465 08:05:07  -401610.875000        0.135439
FIRE:  466 08:05:07  -401610.875000        0.138140
FIRE:  467 08:05:08  -401610.875000        0.146368
FIRE:  468 08:05:08  -401610.906250        0.145615
FIRE:  469 08:05:08  -401610.875000        0.147386
FIRE:  470 08:05:08  -401610.875000        0.150603
FIRE:  471 08:05:08  -401610.812500        0.140887
FIRE:  472 08:05:08  -401610.812500        0.166420
FIRE:  473 08:05:08  -401610.781250        0.138806
FIRE:  474 08:05:08  -401610.843750        0.166824
FIRE:  475 08:05:08  -401610.843750        0.170852
FIRE:  476 08:05:08  -401610.843750        0.149059
FIRE:  477 08:05:08  -401610.875000        0.171052
FIRE:  478 08:05:08  -401610.906250        0.392256
FIRE:  479 08:05:08  -401610.937500        1.378341
FIRE:  480 08:05:08  -401611.000000        4.562205
FIRE:  481 08:05:08  -401611.093750        0.903134
FIRE:  482 08:05:08  -401611.125000        0.648689
FIRE:  483 08:05:08  -401611.125000        0.274450
FIRE:  484 08:05:09  -401611.093750        0.293655
FIRE:  485 08:05:09  -401611.125000        0.273965
FIRE:  486 08:05:09  -401611.125000        0.236765
FIRE:  487 08:05:09  -401611.125000        0.187212
FIRE:  488 08:05:09  -401611.093750        0.146264
FIRE:  489 08:05:09  -401611.093750        0.139211
FIRE:  490 08:05:09  -401611.125000        0.138303
FIRE:  491 08:05:09  -401611.125000        0.142109
FIRE:  492 08:05:09  -401611.125000        0.173928
FIRE:  493 08:05:09  -401611.093750        0.187458
FIRE:  494 08:05:09  -401611.125000        0.173123
FIRE:  495 08:05:09  -401611.093750        0.133671
FIRE:  496 08:05:09  -401611.093750        0.132561
FIRE:  497 08:05:09  -401611.125000        0.133454
FIRE:  498 08:05:09  -401611.093750        0.149313
FIRE:  499 08:05:09  -401611.156250        0.139759
FIRE:  500 08:05:09  -401611.125000        0.121982
FIRE:  501 08:05:10  -401611.125000        0.137357
FIRE:  502 08:05:10  -401611.125000        0.133899
FIRE:  503 08:05:10  -401611.156250        0.118144
FIRE:  504 08:05:10  -401611.187500        0.140980
FIRE:  505 08:05:10  -401611.156250        0.114671
FIRE:  506 08:05:10  -401611.187500        0.140073
FIRE:  507 08:05:10  -401611.218750        0.127778
FIRE:  508 08:05:10  -401611.156250        0.121550
FIRE:  509 08:05:10  -401611.125000        0.116825
FIRE:  510 08:05:10  -401611.187500        0.150343
FIRE:  511 08:05:10  -401611.218750        0.514195
FIRE:  512 08:05:10  -401611.312500        1.717205
FIRE:  513 08:05:10  -401611.218750        5.744413
FIRE:  514 08:05:10  -401611.343750        1.267062
FIRE:  515 08:05:10  -401611.375000        0.903525
FIRE:  516 08:05:10  -401611.375000        0.390963
FIRE:  517 08:05:10  -401611.375000        0.468986
FIRE:  518 08:05:10  -401611.375000        0.436305
FIRE:  519 08:05:11  -401611.343750        0.373747
FIRE:  520 08:05:11  -401611.375000        0.287775
FIRE:  521 08:05:11  -401611.343750        0.189827
FIRE:  522 08:05:11  -401611.375000        0.107178
FIRE:  523 08:05:11  -401611.375000        0.138395
FIRE:  524 08:05:11  -401611.375000        0.173133
FIRE:  525 08:05:11  -401611.375000        0.216151
FIRE:  526 08:05:11  -401611.375000        0.231578
FIRE:  527 08:05:11  -401611.343750        0.199426
FIRE:  528 08:05:11  -401611.375000        0.144302
FIRE:  529 08:05:11  -401611.375000        0.111184
FIRE:  530 08:05:11  -401611.375000        0.170486
FIRE:  531 08:05:11  -401611.375000        0.221924
FIRE:  532 08:05:11  -401611.406250        0.171872
FIRE:  533 08:05:11  -401611.406250        0.112614
FIRE:  534 08:05:11  -401611.406250        0.153038
FIRE:  535 08:05:12  -401611.406250        0.140842
FIRE:  536 08:05:12  -401611.406250        0.115636
FIRE:  537 08:05:12  -401611.406250        0.190758
FIRE:  538 08:05:12  -401611.437500        0.111616
FIRE:  539 08:05:12  -401611.437500        0.146972
FIRE:  540 08:05:12  -401611.468750        0.189782
FIRE:  541 08:05:12  -401611.468750        0.116881
FIRE:  542 08:05:12  -401611.468750        0.098972
FIRE:  543 08:05:12  -401611.531250        0.140476
FIRE:  544 08:05:12  -401611.562500        0.379699
FIRE:  545 08:05:12  -401611.593750        1.550729
FIRE:  546 08:05:12  -401611.500000        5.550054
FIRE:  547 08:05:12  -401611.625000        1.646527
FIRE:  548 08:05:12  -401611.593750        1.166999
FIRE:  549 08:05:12  -401611.625000        0.355507
FIRE:  550 08:05:12  -401611.625000        0.616563
FIRE:  551 08:05:13  -401611.593750        0.566458
FIRE:  552 08:05:13  -401611.593750        0.470768
FIRE:  553 08:05:13  -401611.625000        0.338970
FIRE:  554 08:05:13  -401611.656250        0.188342
FIRE:  555 08:05:13  -401611.656250        0.114152
FIRE:  556 08:05:13  -401611.656250        0.180489
FIRE:  557 08:05:13  -401611.625000        0.290070
FIRE:  558 08:05:13  -401611.656250        0.363716
FIRE:  559 08:05:13  -401611.656250        0.379485
FIRE:  560 08:05:13  -401611.625000        0.323063
FIRE:  561 08:05:13  -401611.656250        0.193585
FIRE:  562 08:05:13  -401611.656250        0.118462
FIRE:  563 08:05:13  -401611.656250        0.190265
FIRE:  564 08:05:13  -401611.656250        0.259826
FIRE:  565 08:05:13  -401611.656250        0.177643
FIRE:  566 08:05:13  -401611.656250        0.117339
FIRE:  567 08:05:13  -401611.625000        0.261050
FIRE:  568 08:05:13  -401611.656250        0.214288
FIRE:  569 08:05:14  -401611.687500        0.138290
FIRE:  570 08:05:14  -401611.687500        0.204172
FIRE:  571 08:05:14  -401611.687500        0.125661
FIRE:  572 08:05:14  -401611.718750        0.223849
FIRE:  573 08:05:14  -401611.718750        0.200969
FIRE:  574 08:05:14  -401611.718750        0.131253
FIRE:  575 08:05:14  -401611.750000        0.104655
FIRE:  576 08:05:14  -401611.781250        0.140266
FIRE:  577 08:05:14  -401611.812500        0.532860
FIRE:  578 08:05:14  -401611.781250        1.876616
FIRE:  579 08:05:14  -401611.812500        0.224526
FIRE:  580 08:05:14  -401611.843750        0.170755
FIRE:  581 08:05:14  -401611.812500        0.091544
FIRE:  582 08:05:14  -401611.781250        0.101900
FIRE:  583 08:05:14  -401611.843750        0.119845
FIRE:  584 08:05:14  -401611.843750        0.144603
FIRE:  585 08:05:15  -401611.843750        0.119481
FIRE:  586 08:05:15  -401611.781250        0.092232
FIRE:  587 08:05:15  -401611.843750        0.115066
FIRE:  588 08:05:15  -401611.843750        0.145001
FIRE:  589 08:05:15  -401611.843750        0.096975
FIRE:  590 08:05:15  -401611.843750        0.108788
FIRE:  591 08:05:15  -401611.843750        0.118262
FIRE:  592 08:05:15  -401611.875000        0.092195
FIRE:  593 08:05:15  -401611.875000        0.146275
FIRE:  594 08:05:15  -401611.812500        0.092618
FIRE:  595 08:05:15  -401611.875000        0.131363
FIRE:  596 08:05:15  -401611.906250        0.156987
FIRE:  597 08:05:15  -401611.906250        0.110955
FIRE:  598 08:05:15  -401611.937500        0.212522
FIRE:  599 08:05:15  -401611.906250        0.483053
FIRE:  600 08:05:15  -401611.906250        1.556610
FIRE:  601 08:05:15  -401611.906250        0.089188
FIRE:  602 08:05:16  -401611.906250        1.354471
FIRE:  603 08:05:16  -401611.906250        1.008257
FIRE:  604 08:05:16  -401611.937500        0.406915
FIRE:  605 08:05:16  -401611.906250        0.292020
FIRE:  606 08:05:16  -401611.906250        0.276001
FIRE:  607 08:05:16  -401611.906250        0.244848
FIRE:  608 08:05:16  -401611.937500        0.201098
FIRE:  609 08:05:16  -401611.937500        0.148218
FIRE:  610 08:05:16  -401611.937500        0.091714
FIRE:  611 08:05:16  -401611.937500        0.088618
FIRE:  612 08:05:16  -401611.906250        0.092994
FIRE:  613 08:05:16  -401611.937500        0.108910
FIRE:  614 08:05:16  -401611.937500        0.119090
FIRE:  615 08:05:16  -401611.906250        0.119627
FIRE:  616 08:05:16  -401611.906250        0.108057
FIRE:  617 08:05:17  -401611.937500        0.089640
FIRE:  618 08:05:17  -401612.000000        0.088302
FIRE:  619 08:05:17  -401611.937500        0.117540
FIRE:  620 08:05:17  -401611.906250        0.141078
FIRE:  621 08:05:17  -401611.906250        0.103925
FIRE:  622 08:05:17  -401612.000000        0.089303
FIRE:  623 08:05:17  -401611.937500        0.104880
FIRE:  624 08:05:17  -401611.937500        0.091861
FIRE:  625 08:05:17  -401612.031250        0.085747
FIRE:  626 08:05:17  -401612.062500        0.122006
FIRE:  627 08:05:17  -401612.031250        0.087061
FIRE:  628 08:05:17  -401612.062500        0.099392
FIRE:  629 08:05:17  -401612.093750        0.125263
FIRE:  630 08:05:17  -401612.093750        0.086985
FIRE:  631 08:05:17  -401612.062500        0.086599
FIRE:  632 08:05:17  -401612.125000        0.096477
FIRE:  633 08:05:18  -401612.156250        0.201473
FIRE:  634 08:05:18  -401612.187500        0.978634
FIRE:  635 08:05:18  -401612.156250        3.518943
FIRE:  636 08:05:18  -401612.187500        0.904605
FIRE:  637 08:05:18  -401612.187500        0.642975
FIRE:  638 08:05:18  -401612.218750        0.194559
FIRE:  639 08:05:18  -401612.187500        0.295027
FIRE:  640 08:05:18  -401612.187500        0.270423
FIRE:  641 08:05:18  -401612.218750        0.223591
FIRE:  642 08:05:18  -401612.218750        0.158795
FIRE:  643 08:05:18  -401612.218750        0.104580
FIRE:  644 08:05:18  -401612.218750        0.086714
FIRE:  645 08:05:18  -401612.218750        0.091356
FIRE:  646 08:05:18  -401612.218750        0.149891
FIRE:  647 08:05:19  -401612.250000        0.191317
FIRE:  648 08:05:19  -401612.250000        0.203871
FIRE:  649 08:05:19  -401612.218750        0.178795
FIRE:  650 08:05:19  -401612.218750        0.114922
FIRE:  651 08:05:19  -401612.250000        0.086518
FIRE:  652 08:05:19  -401612.218750        0.094137
FIRE:  653 08:05:19  -401612.218750        0.114451
FIRE:  654 08:05:19  -401612.187500        0.090695
FIRE:  655 08:05:19  -401612.218750        0.086663
FIRE:  656 08:05:19  -401612.218750        0.143739
FIRE:  657 08:05:19  -401612.250000        0.117489
FIRE:  658 08:05:19  -401612.250000        0.086772
FIRE:  659 08:05:19  -401612.250000        0.101261
FIRE:  660 08:05:19  -401612.250000        0.085541
FIRE:  661 08:05:19  -401612.281250        0.124127
FIRE:  662 08:05:20  -401612.250000        0.105474
FIRE:  663 08:05:20  -401612.281250        0.099190
FIRE:  664 08:05:20  -401612.312500        0.084300
FIRE:  665 08:05:20  -401612.343750        0.085114
FIRE:  666 08:05:20  -401612.343750        0.086633
FIRE:  667 08:05:20  -401612.406250        0.087766
FIRE:  668 08:05:20  -401612.437500        0.149336
FIRE:  669 08:05:20  -401612.468750        1.017857
FIRE:  670 08:05:20  -401612.281250        5.814324
FIRE:  671 08:05:20  -401612.406250        3.800599
FIRE:  672 08:05:20  -401612.468750        2.386772
FIRE:  673 08:05:20  -401612.562500        0.675821
FIRE:  674 08:05:20  -401612.531250        0.602813
FIRE:  675 08:05:20  -401612.531250        0.464343
FIRE:  676 08:05:20  -401612.531250        0.276060
FIRE:  677 08:05:21  -401612.531250        0.129015
FIRE:  678 08:05:21  -401612.562500        0.146094
FIRE:  679 08:05:21  -401612.562500        0.298029
FIRE:  680 08:05:21  -401612.531250        0.377749
FIRE:  681 08:05:21  -401612.531250        0.378706
FIRE:  682 08:05:21  -401612.562500        0.294669
FIRE:  683 08:05:21  -401612.531250        0.221356
FIRE:  684 08:05:21  -401612.531250        0.180605
FIRE:  685 08:05:21  -401612.500000        0.296407
FIRE:  686 08:05:21  -401612.593750        0.287693
FIRE:  687 08:05:21  -401612.593750        0.171216
FIRE:  688 08:05:21  -401612.562500        0.178132
FIRE:  689 08:05:21  -401612.531250        0.233040
FIRE:  690 08:05:21  -401612.531250        0.135844
FIRE:  691 08:05:21  -401612.531250        0.291182
FIRE:  692 08:05:22  -401612.593750        0.119195
FIRE:  693 08:05:22  -401612.625000        0.258577
FIRE:  694 08:05:22  -401612.593750        0.117236
FIRE:  695 08:05:22  -401612.625000        0.278285
FIRE:  696 08:05:22  -401612.625000        0.395151
FIRE:  697 08:05:22  -401612.656250        0.691582
FIRE:  698 08:05:22  -401612.656250        1.284151
FIRE:  699 08:05:22  -401612.718750        0.135387
FIRE:  700 08:05:22  -401612.687500        1.099312
FIRE:  701 08:05:22  -401612.656250        0.858500
FIRE:  702 08:05:22  -401612.687500        0.429970
FIRE:  703 08:05:22  -401612.687500        0.132330
FIRE:  704 08:05:22  -401612.593750        0.512277
FIRE:  705 08:05:22  -401612.593750        0.482158
FIRE:  706 08:05:22  -401612.625000        0.423577
FIRE:  707 08:05:23  -401612.593750        0.340211
FIRE:  708 08:05:23  -401612.593750        0.237465
FIRE:  709 08:05:23  -401612.593750        0.131236
FIRE:  710 08:05:23  -401612.625000        0.131139
FIRE:  711 08:05:23  -401612.593750        0.130993
FIRE:  712 08:05:23  -401612.593750        0.202428
FIRE:  713 08:05:23  -401612.593750        0.271741
FIRE:  714 08:05:23  -401612.625000        0.300403
FIRE:  715 08:05:23  -401612.593750        0.276480
FIRE:  716 08:05:23  -401612.625000        0.194328
FIRE:  717 08:05:23  -401612.593750        0.127269
FIRE:  718 08:05:23  -401612.625000        0.125884
FIRE:  719 08:05:23  -401612.593750        0.187878
FIRE:  720 08:05:23  -401612.593750        0.180086
FIRE:  721 08:05:23  -401612.625000        0.120405
FIRE:  722 08:05:24  -401612.593750        0.140331
FIRE:  723 08:05:24  -401612.625000        0.212143
FIRE:  724 08:05:24  -401612.656250        0.110967
FIRE:  725 08:05:24  -401612.625000        0.144084
FIRE:  726 08:05:24  -401612.625000        0.101511
FIRE:  727 08:05:24  -401612.656250        0.190511
FIRE:  728 08:05:24  -401612.656250        0.093936
FIRE:  729 08:05:24  -401612.656250        0.197463
FIRE:  730 08:05:24  -401612.687500        0.282632
FIRE:  731 08:05:24  -401612.687500        0.283025
FIRE:  732 08:05:24  -401612.718750        0.552001
FIRE:  733 08:05:24  -401612.718750        1.264441
FIRE:  734 08:05:24  -401612.718750        0.095084
FIRE:  735 08:05:24  -401612.718750        1.125108
FIRE:  736 08:05:24  -401612.718750        0.867700
FIRE:  737 08:05:25  -401612.750000        0.412808
FIRE:  738 08:05:25  -401612.718750        0.129737
FIRE:  739 08:05:25  -401612.750000        0.121145
FIRE:  740 08:05:25  -401612.750000        0.104489
FIRE:  741 08:05:25  -401612.750000        0.093588
FIRE:  742 08:05:25  -401612.750000        0.093545
FIRE:  743 08:05:25  -401612.750000        0.093517
FIRE:  744 08:05:25  -401612.750000        0.093449
FIRE:  745 08:05:25  -401612.750000        0.093392
FIRE:  746 08:05:25  -401612.750000        0.093309
FIRE:  747 08:05:25  -401612.781250        0.093204
FIRE:  748 08:05:25  -401612.750000        0.097862
FIRE:  749 08:05:25  -401612.781250        0.092928
FIRE:  750 08:05:25  -401612.750000        0.092727
FIRE:  751 08:05:25  -401612.750000        0.092491
FIRE:  752 08:05:26  -401612.781250        0.092164
FIRE:  753 08:05:26  -401612.750000        0.091746
FIRE:  754 08:05:26  -401612.750000        0.091278
FIRE:  755 08:05:26  -401612.750000        0.090672
FIRE:  756 08:05:26  -401612.750000        0.089992
FIRE:  757 08:05:26  -401612.718750        0.089251
FIRE:  758 08:05:26  -401612.750000        0.088369
FIRE:  759 08:05:26  -401612.750000        0.087445
FIRE:  760 08:05:26  -401612.781250        0.086323
FIRE:  761 08:05:26  -401612.812500        0.085051
FIRE:  762 08:05:26  -401612.781250        0.083898
FIRE:  763 08:05:26  -401612.781250        0.082472
FIRE:  764 08:05:26  -401612.843750        0.080484
FIRE:  765 08:05:26  -401612.843750        0.117662
FIRE:  766 08:05:26  -401612.843750        0.419818
FIRE:  767 08:05:27  -401612.843750        1.217078
FIRE:  768 08:05:27  -401612.843750        3.701611
FIRE:  769 08:05:27  -401612.875000        0.585277
FIRE:  770 08:05:27  -401612.843750        0.419248
FIRE:  771 08:05:27  -401612.906250        0.166661
FIRE:  772 08:05:27  -401612.875000        0.197599
FIRE:  773 08:05:27  -401612.875000        0.184467
FIRE:  774 08:05:27  -401612.875000        0.159380
FIRE:  775 08:05:27  -401612.875000        0.124457
FIRE:  776 08:05:27  -401612.906250        0.082897
FIRE:  777 08:05:27  -401612.906250        0.069876
FIRE:  778 08:05:27  -401612.875000        0.069886
FIRE:  779 08:05:27  -401612.875000        0.069892
FIRE:  780 08:05:27  -401612.875000        0.069895
FIRE:  781 08:05:27  -401612.875000        0.080534
FIRE:  782 08:05:28  -401612.875000        0.071156
FIRE:  783 08:05:28  -401612.843750        0.069798
FIRE:  784 08:05:28  -401612.875000        0.069736
FIRE:  785 08:05:28  -401612.875000        0.069663
FIRE:  786 08:05:28  -401612.906250        0.092928
FIRE:  787 08:05:28  -401612.906250        0.077719
FIRE:  788 08:05:28  -401612.906250        0.069494
FIRE:  789 08:05:28  -401612.906250        0.069405
FIRE:  790 08:05:28  -401612.906250        0.069220
FIRE:  791 08:05:28  -401612.906250        0.068902
FIRE:  792 08:05:28  -401612.937500        0.081860
FIRE:  793 08:05:28  -401612.906250        0.068086
FIRE:  794 08:05:28  -401612.875000        0.067531
FIRE:  795 08:05:28  -401612.937500        0.067235
FIRE:  796 08:05:28  -401612.937500        0.065866
FIRE:  797 08:05:28  -401612.937500        0.064916
FIRE:  798 08:05:29  -401612.968750        0.151724
FIRE:  799 08:05:29  -401612.968750        0.417257
FIRE:  800 08:05:29  -401612.968750        1.346848
FIRE:  801 08:05:29  -401613.000000        0.063965
FIRE:  802 08:05:29  -401613.000000        1.194212
FIRE:  803 08:05:29  -401613.000000        0.888731
FIRE:  804 08:05:29  -401613.031250        0.358129
FIRE:  805 08:05:29  -401613.000000        0.256586
FIRE:  806 08:05:29  -401613.000000        0.241432
FIRE:  807 08:05:29  -401613.000000        0.212305
FIRE:  808 08:05:29  -401613.031250        0.171103
FIRE:  809 08:05:29  -401613.000000        0.120755
FIRE:  810 08:05:29  -401613.000000        0.065742
FIRE:  811 08:05:29  -401613.000000        0.063587
FIRE:  812 08:05:29  -401613.000000        0.063599
FIRE:  813 08:05:30  -401613.000000        0.080783
FIRE:  814 08:05:30  -401613.000000        0.107529
FIRE:  815 08:05:30  -401613.000000        0.112251
FIRE:  816 08:05:30  -401613.000000        0.089486
FIRE:  817 08:05:30  -401613.000000        0.063645
FIRE:  818 08:05:30  -401613.000000        0.063659
FIRE:  819 08:05:30  -401613.000000        0.093314
FIRE:  820 08:05:30  -401613.000000        0.115461
FIRE:  821 08:05:30  -401613.000000        0.078944
FIRE:  822 08:05:30  -401613.000000        0.063778
FIRE:  823 08:05:30  -401613.000000        0.069801
FIRE:  824 08:05:30  -401613.000000        0.064007
FIRE:  825 08:05:30  -401613.031250        0.064171
FIRE:  826 08:05:30  -401613.062500        0.093785
FIRE:  827 08:05:30  -401613.031250        0.064564
FIRE:  828 08:05:31  -401613.031250        0.064803
FIRE:  829 08:05:31  -401613.000000        0.100418
FIRE:  830 08:05:31  -401613.031250        0.065429
FIRE:  831 08:05:31  -401613.125000        0.065650
FIRE:  832 08:05:31  -401613.125000        0.065875
FIRE:  833 08:05:31  -401613.062500        0.089485
FIRE:  834 08:05:31  -401613.062500        0.487531
FIRE:  835 08:05:31  -401613.062500        2.083142
FIRE:  836 08:05:31  -401613.093750        0.555393
FIRE:  837 08:05:31  -401613.093750        0.386969
FIRE:  838 08:05:31  -401613.093750        0.102705
FIRE:  839 08:05:31  -401613.093750        0.198343
FIRE:  840 08:05:31  -401613.093750        0.182141
FIRE:  841 08:05:31  -401613.093750        0.150963
FIRE:  842 08:05:31  -401613.093750        0.107728
FIRE:  843 08:05:32  -401613.093750        0.064743
FIRE:  844 08:05:32  -401613.093750        0.064734
FIRE:  845 08:05:32  -401613.093750        0.064698
FIRE:  846 08:05:32  -401613.093750        0.088010
FIRE:  847 08:05:32  -401613.093750        0.115008
FIRE:  848 08:05:32  -401613.093750        0.122390
FIRE:  849 08:05:32  -401613.093750        0.104371
FIRE:  850 08:05:32  -401613.093750        0.064455
FIRE:  851 08:05:32  -401613.093750        0.064389
FIRE:  852 08:05:32  -401613.093750        0.064307
FIRE:  853 08:05:32  -401613.093750        0.079746
FIRE:  854 08:05:32  -401613.093750        0.064169
FIRE:  855 08:05:32  -401613.093750        0.064133
FIRE:  856 08:05:32  -401613.093750        0.086748
FIRE:  857 08:05:32  -401613.093750        0.063900
FIRE:  858 08:05:33  -401613.125000        0.063693
FIRE:  859 08:05:33  -401613.125000        0.063439
FIRE:  860 08:05:33  -401613.156250        0.063239
FIRE:  861 08:05:33  -401613.156250        0.062989
FIRE:  862 08:05:33  -401613.156250        0.077912
FIRE:  863 08:05:33  -401613.156250        0.083511
FIRE:  864 08:05:33  -401613.187500        0.066210
FIRE:  865 08:05:33  -401613.187500        0.159783
FIRE:  866 08:05:33  -401613.187500        0.483707
FIRE:  867 08:05:33  -401613.187500        1.603205
FIRE:  868 08:05:33  -401613.187500        0.101776
FIRE:  869 08:05:33  -401613.187500        0.073361
FIRE:  870 08:05:33  -401613.187500        0.071385
FIRE:  871 08:05:33  -401613.187500        0.071193
FIRE:  872 08:05:33  -401613.187500        0.072058
FIRE:  873 08:05:34  -401613.218750        0.086189
FIRE:  874 08:05:34  -401613.218750        0.071123
FIRE:  875 08:05:34  -401613.218750        0.071277
FIRE:  876 08:05:34  -401613.218750        0.071524
FIRE:  877 08:05:34  -401613.218750        0.071783
FIRE:  878 08:05:34  -401613.218750        0.071996
FIRE:  879 08:05:34  -401613.218750        0.072176
FIRE:  880 08:05:34  -401613.218750        0.072436
FIRE:  881 08:05:34  -401613.218750        0.073040
FIRE:  882 08:05:34  -401613.218750        0.073934
FIRE:  883 08:05:34  -401613.343750        0.074808
FIRE:  884 08:05:34  -401613.343750        0.075863
FIRE:  885 08:05:34  -401613.375000        0.077418
FIRE:  886 08:05:34  -401613.375000        0.078705
FIRE:  887 08:05:34  -401613.375000        0.081560
FIRE:  888 08:05:35  -401613.406250        0.211845
FIRE:  889 08:05:35  -401613.406250        0.738508
FIRE:  890 08:05:35  -401613.406250        2.513444
FIRE:  891 08:05:35  -401613.437500        0.404902
FIRE:  892 08:05:35  -401613.437500        0.288142
FIRE:  893 08:05:35  -401613.437500        0.091888
FIRE:  894 08:05:35  -401613.437500        0.131481
FIRE:  895 08:05:35  -401613.437500        0.275289
FIRE:  896 08:05:35  -401613.437500        0.304320
FIRE:  897 08:05:35  -401613.437500        0.219728
FIRE:  898 08:05:35  -401613.437500        0.091412
FIRE:  899 08:05:35  -401613.437500        0.145020
FIRE:  900 08:05:35  -401613.437500        0.225630
FIRE:  901 08:05:35  -401613.437500        0.142028
FIRE:  902 08:05:35  -401613.468750        0.106876
FIRE:  903 08:05:36  -401613.437500        0.210151
FIRE:  904 08:05:36  -401613.437500        0.094937
FIRE:  905 08:05:36  -401613.468750        0.197992
FIRE:  906 08:05:36  -401613.468750        0.098684
FIRE:  907 08:05:36  -401613.406250        0.227036
FIRE:  908 08:05:36  -401613.468750        0.176610
FIRE:  909 08:05:36  -401613.500000        0.105202
FIRE:  910 08:05:36  -401613.500000        0.110751
FIRE:  911 08:05:36  -401613.500000        0.178881
FIRE:  912 08:05:36  -401613.531250        0.646050
FIRE:  913 08:05:36  -401613.437500        2.620526
FIRE:  914 08:05:36  -401613.437500        0.726217
FIRE:  915 08:05:36  -401613.500000        0.495168
FIRE:  916 08:05:36  -401613.468750        0.130017
FIRE:  917 08:05:36  -401613.468750        0.299699
FIRE:  918 08:05:37  -401613.500000        0.276276
FIRE:  919 08:05:37  -401613.500000        0.231521
FIRE:  920 08:05:37  -401613.468750        0.169137
FIRE:  921 08:05:37  -401613.500000        0.129306
FIRE:  922 08:05:37  -401613.468750        0.129520
FIRE:  923 08:05:37  -401613.500000        0.129730
FIRE:  924 08:05:37  -401613.468750        0.129937
FIRE:  925 08:05:37  -401613.468750        0.146438
FIRE:  926 08:05:37  -401613.468750        0.154351
FIRE:  927 08:05:37  -401613.468750        0.130311
FIRE:  928 08:05:37  -401613.500000        0.130377
FIRE:  929 08:05:37  -401613.562500        0.130468
FIRE:  930 08:05:37  -401613.562500        0.130732
FIRE:  931 08:05:37  -401613.562500        0.133642
FIRE:  932 08:05:37  -401613.500000        0.132038
FIRE:  933 08:05:38  -401613.468750        0.133195
FIRE:  934 08:05:38  -401613.593750        0.134628
FIRE:  935 08:05:38  -401613.500000        0.136141
FIRE:  936 08:05:38  -401613.593750        0.137876
FIRE:  937 08:05:38  -401613.531250        0.140366
FIRE:  938 08:05:38  -401613.500000        0.143760
FIRE:  939 08:05:38  -401613.593750        0.147217
FIRE:  940 08:05:38  -401613.593750        0.150337
FIRE:  941 08:05:38  -401613.625000        0.155125
FIRE:  942 08:05:38  -401613.593750        0.159409
FIRE:  943 08:05:38  -401613.656250        0.172193
FIRE:  944 08:05:38  -401613.687500        0.571598
FIRE:  945 08:05:38  -401613.562500        1.897378
FIRE:  946 08:05:38  -401613.593750        0.212801
FIRE:  947 08:05:38  -401613.593750        0.165289
FIRE:  948 08:05:39  -401613.593750        0.165059
FIRE:  949 08:05:39  -401613.593750        0.164634
FIRE:  950 08:05:39  -401613.593750        0.163989
FIRE:  951 08:05:39  -401613.593750        0.163176
FIRE:  952 08:05:39  -401613.593750        0.162319
FIRE:  953 08:05:39  -401613.593750        0.161574
FIRE:  954 08:05:39  -401613.593750        0.161020
FIRE:  955 08:05:39  -401613.593750        0.160904
FIRE:  956 08:05:39  -401613.593750        0.161257
FIRE:  957 08:05:39  -401613.593750        0.162074
FIRE:  958 08:05:39  -401613.593750        0.163111
FIRE:  959 08:05:39  -401613.625000        0.164029
FIRE:  960 08:05:39  -401613.625000        0.165204
FIRE:  961 08:05:39  -401613.625000        0.166913
FIRE:  962 08:05:39  -401613.625000        0.167681
FIRE:  963 08:05:40  -401613.687500        0.165182
FIRE:  964 08:05:40  -401613.656250        0.161370
FIRE:  965 08:05:40  -401613.687500        0.178127
FIRE:  966 08:05:40  -401613.687500        0.447975
FIRE:  967 08:05:40  -401613.750000        1.434245
FIRE:  968 08:05:40  -401613.718750        0.132089
FIRE:  969 08:05:40  -401613.718750        1.281158
FIRE:  970 08:05:40  -401613.718750        0.958893
FIRE:  971 08:05:40  -401613.718750        0.399207
FIRE:  972 08:05:40  -401613.718750        0.252138
FIRE:  973 08:05:40  -401613.718750        0.237309
FIRE:  974 08:05:40  -401613.718750        0.208525
FIRE:  975 08:05:40  -401613.718750        0.167760
FIRE:  976 08:05:40  -401613.718750        0.130071
FIRE:  977 08:05:40  -401613.718750        0.130138
FIRE:  978 08:05:41  -401613.718750        0.130214
FIRE:  979 08:05:41  -401613.718750        0.130236
FIRE:  980 08:05:41  -401613.750000        0.130221
FIRE:  981 08:05:41  -401613.718750        0.130113
FIRE:  982 08:05:41  -401613.718750        0.129841
FIRE:  983 08:05:41  -401613.718750        0.129453
FIRE:  984 08:05:41  -401613.718750        0.128924
FIRE:  985 08:05:41  -401613.718750        0.128280
FIRE:  986 08:05:41  -401613.718750        0.127641
FIRE:  987 08:05:41  -401613.750000        0.127044
FIRE:  988 08:05:41  -401613.750000        0.126519
FIRE:  989 08:05:41  -401613.750000        0.125933
FIRE:  990 08:05:41  -401613.750000        0.124986
FIRE:  991 08:05:41  -401613.750000        0.123278
FIRE:  992 08:05:41  -401613.781250        0.120676
FIRE:  993 08:05:42  -401613.750000        0.117591
FIRE:  994 08:05:42  -401613.781250        0.114132
FIRE:  995 08:05:42  -401613.781250        0.109171
FIRE:  996 08:05:42  -401613.781250        0.104601
FIRE:  997 08:05:42  -401613.812500        0.104742
FIRE:  998 08:05:42  -401613.843750        0.104793
FIRE:  999 08:05:42  -401613.812500        0.104670
FIRE:  1000 08:05:42  -401613.875000        0.095598
      Step     Time          Energy          fmax
FIRE:    0 08:05:43  -401596.375000        3.108169
FIRE:    1 08:05:43  -401596.937500        1.687331
FIRE:    2 08:05:45  -401597.500000        3.162448
FIRE:    3 08:05:45  -401597.875000        1.473327
FIRE:    4 08:05:47  -401598.406250        2.194584
FIRE:    5 08:05:47  -401598.843750        1.177848
FIRE:    6 08:05:47  -401599.218750        1.680366
FIRE:    7 08:05:47  -401599.656250        1.513251
FIRE:    8 08:05:47  -401600.062500        1.245670
FIRE:    9 08:05:47  -401600.468750        1.182080
FIRE:   10 08:05:47  -401600.843750        0.984232
FIRE:   11 08:05:47  -401601.156250        1.338357
FIRE:   12 08:05:47  -401601.437500        0.975966
FIRE:   13 08:05:47  -401601.812500        0.850112
FIRE:   14 08:05:47  -401602.156250        1.176940
FIRE:   15 08:05:47  -401602.500000        0.965675
FIRE:   16 08:05:47  -401602.843750        1.206650
FIRE:   17 08:05:47  -401603.218750        1.423224
FIRE:   18 08:05:47  -401603.625000        1.122253
FIRE:   19 08:05:47  -401603.968750        1.080292
FIRE:   20 08:05:47  -401604.312500        0.694825
FIRE:   21 08:05:47  -401604.531250        1.444677
FIRE:   22 08:05:47  -401604.656250        2.622774
FIRE:   23 08:05:48  -401604.875000        1.304699
FIRE:   24 08:05:48  -401604.968750        0.778205
FIRE:   25 08:05:48  -401604.937500        0.503169
FIRE:   26 08:05:48  -401604.875000        0.452719
FIRE:   27 08:05:48  -401604.937500        0.415419
FIRE:   28 08:05:48  -401604.937500        0.563211
FIRE:   29 08:05:48  -401604.968750        0.405130
FIRE:   30 08:05:48  -401604.968750        0.271396
FIRE:   31 08:05:48  -401605.062500        0.374051
FIRE:   32 08:05:48  -401605.000000        0.460749
FIRE:   33 08:05:48  -401605.093750        0.290233
FIRE:   34 08:05:48  -401605.156250        0.322387
FIRE:   35 08:05:48  -401605.156250        0.345796
FIRE:   36 08:05:48  -401605.281250        0.674021
FIRE:   37 08:05:48  -401605.343750        0.470239
FIRE:   38 08:05:48  -401605.406250        0.502066
FIRE:   39 08:05:48  -401605.531250        0.596015
FIRE:   40 08:05:48  -401605.718750        0.681614
FIRE:   41 08:05:49  -401605.937500        0.778358
FIRE:   42 08:05:49  -401606.218750        1.700151
FIRE:   43 08:05:49  -401606.375000        2.935826
FIRE:   44 08:05:49  -401606.531250        4.036249
FIRE:   45 08:05:49  -401606.625000        1.209466
FIRE:   46 08:05:49  -401606.625000        0.857996
FIRE:   47 08:05:49  -401606.656250        0.372622
FIRE:   48 08:05:49  -401606.625000        0.435743
FIRE:   49 08:05:49  -401606.656250        0.841279
FIRE:   50 08:05:49  -401606.656250        0.853528
FIRE:   51 08:05:49  -401606.687500        0.502321
FIRE:   52 08:05:49  -401606.687500        0.339184
FIRE:   53 08:05:49  -401606.718750        0.621912
FIRE:   54 08:05:49  -401606.718750        0.670817
FIRE:   55 08:05:49  -401606.781250        0.307139
FIRE:   56 08:05:49  -401606.750000        0.466264
FIRE:   57 08:05:49  -401606.750000        0.495792
FIRE:   58 08:05:49  -401606.812500        0.447152
FIRE:   59 08:05:50  -401606.812500        0.515780
FIRE:   60 08:05:50  -401606.875000        0.477941
FIRE:   61 08:05:50  -401606.937500        0.202026
FIRE:   62 08:05:50  -401607.000000        0.681455
FIRE:   63 08:05:50  -401607.062500        1.199424
FIRE:   64 08:05:50  -401607.125000        2.109733
FIRE:   65 08:05:50  -401607.156250        4.305443
FIRE:   66 08:05:50  -401607.250000        0.257479
FIRE:   67 08:05:50  -401607.250000        0.235132
FIRE:   68 08:05:50  -401607.250000        0.195855
FIRE:   69 08:05:50  -401607.250000        0.152265
FIRE:   70 08:05:50  -401607.312500        0.154680
FIRE:   71 08:05:50  -401607.250000        0.176583
FIRE:   72 08:05:50  -401607.250000        0.201260
FIRE:   73 08:05:50  -401607.281250        0.224864
FIRE:   74 08:05:50  -401607.281250        0.211292
FIRE:   75 08:05:51  -401607.281250        0.194388
FIRE:   76 08:05:51  -401607.281250        0.182239
FIRE:   77 08:05:51  -401607.312500        0.195108
FIRE:   78 08:05:51  -401607.281250        0.141133
FIRE:   79 08:05:51  -401607.343750        0.135403
FIRE:   80 08:05:51  -401607.343750        0.159455
FIRE:   81 08:05:51  -401607.375000        0.130659
FIRE:   82 08:05:51  -401607.437500        0.145500
FIRE:   83 08:05:51  -401607.500000        0.110651
FIRE:   84 08:05:51  -401607.531250        0.162622
FIRE:   85 08:05:51  -401607.625000        0.142389
FIRE:   86 08:05:51  -401607.687500        0.184322
FIRE:   87 08:05:51  -401607.781250        0.480360
FIRE:   88 08:05:51  -401607.781250        1.921690
FIRE:   89 08:05:51  -401607.812500        0.155218
FIRE:   90 08:05:51  -401607.781250        0.135937
FIRE:   91 08:05:51  -401607.781250        0.123118
FIRE:   92 08:05:52  -401607.781250        0.122302
FIRE:   93 08:05:52  -401607.781250        0.121573
FIRE:   94 08:05:52  -401607.781250        0.131745
FIRE:   95 08:05:52  -401607.812500        0.120781
FIRE:   96 08:05:52  -401607.812500        0.120759
FIRE:   97 08:05:52  -401607.781250        0.229127
FIRE:   98 08:05:52  -401607.812500        0.158042
FIRE:   99 08:05:52  -401607.812500        0.121945
FIRE:  100 08:05:52  -401607.812500        0.122027
FIRE:  101 08:05:52  -401607.843750        0.121527
FIRE:  102 08:05:52  -401607.937500        0.120855
FIRE:  103 08:05:52  -401607.875000        0.120661
FIRE:  104 08:05:52  -401607.937500        0.122798
FIRE:  105 08:05:52  -401607.968750        0.217164
FIRE:  106 08:05:52  -401608.000000        0.172479
FIRE:  107 08:05:52  -401608.062500        0.228281
FIRE:  108 08:05:53  -401608.125000        0.299111
FIRE:  109 08:05:53  -401608.156250        0.318418
FIRE:  110 08:05:53  -401608.250000        0.255036
FIRE:  111 08:05:53  -401608.281250        1.256564
FIRE:  112 08:05:53  -401608.156250        6.174979
FIRE:  113 08:05:53  -401608.343750        2.591867
FIRE:  114 08:05:53  -401608.343750        1.782584
FIRE:  115 08:05:53  -401608.375000        0.419372
FIRE:  116 08:05:53  -401608.406250        1.263069
FIRE:  117 08:05:53  -401608.375000        1.150737
FIRE:  118 08:05:53  -401608.375000        0.937250
FIRE:  119 08:05:53  -401608.375000        0.643881
FIRE:  120 08:05:53  -401608.406250        0.301857
FIRE:  121 08:05:53  -401608.375000        0.122100
FIRE:  122 08:05:53  -401608.375000        0.363975
FIRE:  123 08:05:54  -401608.375000        0.355847
FIRE:  124 08:05:54  -401608.406250        0.339720
FIRE:  125 08:05:54  -401608.375000        0.315968
FIRE:  126 08:05:54  -401608.375000        0.285425
FIRE:  127 08:05:54  -401608.406250        0.248621
FIRE:  128 08:05:54  -401608.375000        0.207001
FIRE:  129 08:05:54  -401608.406250        0.162002
FIRE:  130 08:05:54  -401608.406250        0.121964
FIRE:  131 08:05:54  -401608.375000        0.121939
FIRE:  132 08:05:54  -401608.375000        0.121908
FIRE:  133 08:05:54  -401608.375000        0.121872
FIRE:  134 08:05:54  -401608.406250        0.142116
FIRE:  135 08:05:54  -401608.375000        0.180363
FIRE:  136 08:05:54  -401608.406250        0.195232
FIRE:  137 08:05:55  -401608.375000        0.178950
FIRE:  138 08:05:55  -401608.375000        0.128523
FIRE:  139 08:05:55  -401608.406250        0.121433
FIRE:  140 08:05:55  -401608.375000        0.121292
FIRE:  141 08:05:55  -401608.437500        0.122646
FIRE:  142 08:05:55  -401608.406250        0.132262
FIRE:  143 08:05:55  -401608.406250        0.120589
FIRE:  144 08:05:55  -401608.437500        0.120220
FIRE:  145 08:05:55  -401608.375000        0.130452
FIRE:  146 08:05:55  -401608.375000        0.119116
FIRE:  147 08:05:55  -401608.437500        0.118334
FIRE:  148 08:05:55  -401608.406250        0.117609
FIRE:  149 08:05:55  -401608.468750        0.115995
FIRE:  150 08:05:55  -401608.500000        0.114179
FIRE:  151 08:05:56  -401608.500000        0.111760
FIRE:  152 08:05:56  -401608.531250        0.108521
FIRE:  153 08:05:56  -401608.531250        0.104052
FIRE:  154 08:05:56  -401608.593750        0.240785
FIRE:  155 08:05:56  -401608.562500        0.647478
FIRE:  156 08:05:56  -401608.656250        1.745714
FIRE:  157 08:05:56  -401608.687500        0.121075
FIRE:  158 08:05:56  -401608.656250        1.560575
FIRE:  159 08:05:56  -401608.656250        1.184120
FIRE:  160 08:05:56  -401608.687500        0.529293
FIRE:  161 08:05:56  -401608.656250        0.238665
FIRE:  162 08:05:56  -401608.687500        0.224659
FIRE:  163 08:05:56  -401608.687500        0.197415
FIRE:  164 08:05:56  -401608.687500        0.159322
FIRE:  165 08:05:56  -401608.656250        0.113342
FIRE:  166 08:05:57  -401608.687500        0.101344
FIRE:  167 08:05:57  -401608.656250        0.101415
FIRE:  168 08:05:57  -401608.656250        0.101493
FIRE:  169 08:05:57  -401608.687500        0.101599
FIRE:  170 08:05:57  -401608.656250        0.127154
FIRE:  171 08:05:57  -401608.687500        0.137056
FIRE:  172 08:05:57  -401608.656250        0.121629
FIRE:  173 08:05:57  -401608.656250        0.102372
FIRE:  174 08:05:57  -401608.687500        0.102707
FIRE:  175 08:05:57  -401608.656250        0.103138
FIRE:  176 08:05:57  -401608.656250        0.103789
FIRE:  177 08:05:57  -401608.687500        0.104777
FIRE:  178 08:05:57  -401608.687500        0.106127
FIRE:  179 08:05:57  -401608.718750        0.108034
FIRE:  180 08:05:57  -401608.687500        0.110781
FIRE:  181 08:05:57  -401608.656250        0.114737
FIRE:  182 08:05:57  -401608.750000        0.120452
FIRE:  183 08:05:59  -401608.718750        0.116642
FIRE:  184 08:05:59  -401608.687500        0.111235
FIRE:  185 08:05:59  -401608.718750        0.105492
FIRE:  186 08:05:59  -401608.718750        0.096340
