      Step     Time          Energy          fmax
FIRE:    0 09:25:50 -1188161.875000        6.908727
FIRE:    1 09:25:50 -1188165.000000        5.197343
FIRE:    2 09:25:52 -1188166.000000        2.866167
FIRE:    3 09:25:52 -1188164.500000        2.008693
FIRE:    4 09:25:53 -1188165.000000        1.911336
FIRE:    5 09:25:53 -1188165.250000        1.906826
FIRE:    6 09:25:53 -1188169.000000        1.700913
FIRE:    7 09:25:53 -1188169.000000        1.556407
FIRE:    8 09:25:53 -1188169.125000        1.426745
FIRE:    9 09:25:53 -1188166.125000        1.408271
FIRE:   10 09:25:53 -1188168.625000        1.383567
FIRE:   11 09:25:53 -1188167.000000        1.089890
FIRE:   12 09:25:54 -1188168.125000        0.951369
FIRE:   13 09:25:54 -1188165.625000        0.842866
FIRE:   14 09:25:54 -1188165.875000        1.069823
FIRE:   15 09:25:54 -1188166.250000        1.041605
FIRE:   16 09:25:55 -1188169.000000        1.127136
FIRE:   17 09:25:56 -1188168.375000        0.765983
FIRE:   18 09:25:56 -1188173.500000        0.745884
FIRE:   19 09:25:56 -1188175.250000        1.398495
FIRE:   20 09:25:56 -1188168.750000        1.414791
FIRE:   21 09:25:56 -1188169.125000        1.117629
FIRE:   22 09:25:56 -1188172.375000        1.268269
FIRE:   23 09:25:56 -1188167.500000        2.241871
FIRE:   24 09:25:56 -1188165.625000       24.723247
FIRE:   25 09:25:56 -1188169.750000        5.071405
FIRE:   26 09:25:57 -1188167.500000        3.472977
FIRE:   27 09:25:57 -1188169.375000        0.834411
FIRE:   28 09:25:57 -1188169.500000        4.103492
FIRE:   29 09:25:57 -1188169.875000        3.541922
FIRE:   30 09:25:57 -1188169.500000        2.541273
FIRE:   31 09:25:57 -1188167.750000        1.305702
FIRE:   32 09:25:57 -1188167.750000        0.525777
FIRE:   33 09:25:57 -1188167.750000        1.091717
FIRE:   34 09:25:57 -1188167.750000        1.057887
FIRE:   35 09:25:57 -1188167.750000        0.990998
FIRE:   36 09:25:57 -1188167.750000        0.927674
FIRE:   37 09:25:57 -1188167.750000        0.846353
FIRE:   38 09:25:57 -1188167.750000        0.749102
FIRE:   39 09:25:57 -1188167.750000        0.639684
FIRE:   40 09:25:58 -1188167.750000        0.527432
FIRE:   41 09:25:58 -1188167.750000        0.530409
FIRE:   42 09:25:58 -1188167.750000        0.533558
FIRE:   43 09:25:58 -1188167.750000        0.536484
FIRE:   44 09:25:58 -1188167.750000        0.588419
FIRE:   45 09:25:58 -1188167.750000        0.702697
FIRE:   46 09:25:58 -1188167.750000        0.720180
FIRE:   47 09:25:58 -1188167.750000        0.617728
FIRE:   48 09:25:58 -1188167.750000        0.529772
FIRE:   49 09:25:58 -1188167.750000        0.523062
FIRE:   50 09:25:58 -1188167.750000        0.517354
FIRE:   51 09:25:58 -1188167.750000        0.513496
FIRE:   52 09:25:58 -1188167.750000        0.511748
FIRE:   53 09:25:58 -1188167.750000        0.512488
FIRE:   54 09:25:59 -1188167.875000        0.514867
FIRE:   55 09:25:59 -1188169.875000        0.517841
FIRE:   56 09:25:59 -1188169.500000        0.523912
FIRE:   57 09:25:59 -1188167.875000        0.537425
FIRE:   58 09:25:59 -1188168.000000        0.588207
FIRE:   59 09:25:59 -1188168.000000        0.620586
FIRE:   60 09:25:59 -1188168.000000        0.461118
FIRE:   61 09:25:59 -1188169.750000        0.483401
FIRE:   62 09:25:59 -1188168.125000        0.502037
FIRE:   63 09:25:59 -1188169.875000        0.488353
FIRE:   64 09:25:59 -1188170.000000        0.502850
FIRE:   65 09:25:59 -1188170.250000        0.886444
FIRE:   66 09:25:59 -1188170.375000        3.329529
FIRE:   67 09:25:59 -1188170.250000        0.547172
FIRE:   68 09:26:00 -1188170.250000        0.547566
FIRE:   69 09:26:00 -1188170.250000        0.548137
FIRE:   70 09:26:00 -1188170.500000        0.548431
FIRE:   71 09:26:00 -1188170.500000        0.547958
FIRE:   72 09:26:00 -1188170.375000        0.546569
FIRE:   73 09:26:00 -1188170.250000        0.544727
FIRE:   74 09:26:00 -1188170.375000        0.543341
FIRE:   75 09:26:00 -1188170.250000        0.543362
FIRE:   76 09:26:00 -1188170.250000        0.545536
FIRE:   77 09:26:00 -1188170.500000        0.549509
FIRE:   78 09:26:00 -1188170.500000        0.554463
FIRE:   79 09:26:00 -1188170.250000        0.560457
FIRE:   80 09:26:00 -1188170.250000        0.568253
FIRE:   81 09:26:00 -1188170.375000        0.575025
FIRE:   82 09:26:01 -1188170.500000        0.569660
FIRE:   83 09:26:01 -1188170.375000        0.546966
FIRE:   84 09:26:01 -1188170.625000        0.499623
FIRE:   85 09:26:01 -1188170.500000        0.386357
FIRE:   86 09:26:01 -1188170.625000        0.146976
FIRE:   87 09:26:01 -1188174.375000        0.254287
FIRE:   88 09:26:01 -1188174.375000        0.952564
FIRE:   89 09:26:01 -1188174.125000        0.569893
FIRE:   90 09:26:01 -1188174.625000        0.735550
FIRE:   91 09:26:01 -1188173.500000        0.580502
FIRE:   92 09:26:01 -1188174.500000        0.502069
FIRE:   93 09:26:01 -1188174.125000        0.480767
FIRE:   94 09:26:01 -1188174.375000        0.454711
FIRE:   95 09:26:01 -1188173.500000        0.496314
FIRE:   96 09:26:02 -1188173.625000        0.491912
FIRE:   97 09:26:02 -1188174.375000        0.366338
FIRE:   98 09:26:02 -1188174.125000        0.331824
FIRE:   99 09:26:02 -1188173.375000        0.290298
FIRE:  100 09:26:02 -1188174.375000        0.411052
FIRE:  101 09:26:02 -1188173.500000        0.253227
FIRE:  102 09:26:02 -1188173.375000        0.146837
FIRE:  103 09:26:02 -1188174.500000        0.356822
FIRE:  104 09:26:02 -1188174.375000        0.113484
FIRE:  105 09:26:02 -1188174.625000        0.358090
FIRE:  106 09:26:02 -1188173.500000        0.166633
FIRE:  107 09:26:02 -1188174.625000        0.416814
FIRE:  108 09:26:02 -1188173.625000        0.182554
FIRE:  109 09:26:02 -1188173.750000        0.348203
FIRE:  110 09:26:03 -1188173.625000        0.616018
FIRE:  111 09:26:03 -1188174.750000        0.910693
FIRE:  112 09:26:03 -1188174.500000        1.637994
FIRE:  113 09:26:03 -1188174.625000        0.135544
FIRE:  114 09:26:03 -1188174.125000        1.396965
FIRE:  115 09:26:03 -1188174.625000        1.083997
FIRE:  116 09:26:03 -1188173.625000        0.521439
FIRE:  117 09:26:03 -1188174.875000        0.168140
FIRE:  118 09:26:03 -1188173.875000        0.157554
FIRE:  119 09:26:03 -1188174.625000        0.137101
FIRE:  120 09:26:03 -1188174.625000        0.126641
FIRE:  121 09:26:03 -1188173.750000        0.125843
FIRE:  122 09:26:03 -1188174.500000        0.124883
FIRE:  123 09:26:03 -1188174.375000        0.123791
FIRE:  124 09:26:04 -1188173.625000        0.122593
FIRE:  125 09:26:04 -1188174.500000        0.121184
FIRE:  126 09:26:04 -1188174.750000        0.119547
FIRE:  127 09:26:04 -1188174.250000        0.117673
FIRE:  128 09:26:04 -1188173.750000        0.115528
FIRE:  129 09:26:04 -1188173.625000        0.113020
FIRE:  130 09:26:04 -1188173.750000        0.109987
FIRE:  131 09:26:04 -1188174.375000        0.106168
FIRE:  132 09:26:04 -1188173.625000        0.101237
FIRE:  133 09:26:04 -1188173.750000        0.094915
FIRE:  134 09:26:04 -1188173.500000        0.087097
FIRE:  135 09:26:04 -1188174.125000        0.077999
FIRE:  136 09:26:04 -1188174.625000        0.067964
FIRE:  137 09:26:04 -1188174.000000        0.056787
FIRE:  138 09:26:05 -1188174.750000        0.053808
FIRE:  139 09:26:05 -1188174.750000        0.059298
FIRE:  140 09:26:05 -1188173.875000        0.068614
FIRE:  141 09:26:05 -1188174.375000        0.067872
FIRE:  142 09:26:05 -1188173.750000        0.069720
FIRE:  143 09:26:05 -1188173.750000        0.069307
FIRE:  144 09:26:05 -1188173.750000        0.101893
FIRE:  145 09:26:05 -1188174.750000        0.356385
FIRE:  146 09:26:05 -1188174.375000        1.055116
FIRE:  147 09:26:05 -1188175.125000        0.056258
FIRE:  148 09:26:05 -1188173.750000        0.941504
FIRE:  149 09:26:05 -1188174.625000        0.718220
FIRE:  150 09:26:05 -1188175.125000        0.322955
FIRE:  151 09:26:05 -1188174.875000        0.174491
FIRE:  152 09:26:05 -1188174.750000        0.163800
FIRE:  153 09:26:06 -1188174.750000        0.143258
FIRE:  154 09:26:06 -1188174.875000        0.114354
FIRE:  155 09:26:06 -1188174.875000        0.079396
FIRE:  156 09:26:06 -1188173.875000        0.050760
FIRE:  157 09:26:06 -1188174.000000        0.050717
FIRE:  158 09:26:06 -1188174.000000        0.050661
FIRE:  159 09:26:06 -1188174.500000        0.069576
FIRE:  160 09:26:06 -1188175.125000        0.088105
FIRE:  161 09:26:06 -1188174.750000        0.092835
FIRE:  162 09:26:06 -1188174.500000        0.079845
FIRE:  163 09:26:06 -1188174.875000        0.049852
