      Step     Time          Energy          fmax
FIRE:    0 09:29:51 -1164754.750000        2.174463
FIRE:    1 09:29:51 -1164762.875000        1.849511
FIRE:    2 09:29:53 -1164764.375000        1.401963
FIRE:    3 09:29:53 -1164763.875000        0.970407
FIRE:    4 09:29:54 -1164765.875000        0.982597
FIRE:    5 09:29:56 -1164761.875000        1.012616
FIRE:    6 09:29:56 -1164762.125000        1.048133
FIRE:    7 09:29:56 -1164761.750000        1.124060
FIRE:    8 09:29:56 -1164763.375000        1.188319
FIRE:    9 09:29:56 -1164764.000000        1.268944
FIRE:   10 09:29:56 -1164765.375000        1.382418
FIRE:   11 09:29:56 -1164764.750000        1.523843
FIRE:   12 09:29:56 -1164765.125000        1.706559
FIRE:   13 09:29:56 -1164766.250000        1.916364
FIRE:   14 09:29:56 -1164766.750000        2.136990
FIRE:   15 09:29:56 -1164767.375000        2.342193
FIRE:   16 09:29:56 -1164767.375000        2.504886
FIRE:   17 09:29:56 -1164771.000000        2.218677
FIRE:   18 09:29:56 -1164771.750000        0.666637
FIRE:   19 09:29:56 -1164771.000000        4.029995
FIRE:   20 09:29:56 -1164772.125000        0.425697
FIRE:   21 09:29:56 -1164768.750000        1.796933
FIRE:   22 09:29:56 -1164771.250000        1.685179
FIRE:   23 09:29:57 -1164766.875000        1.440044
FIRE:   24 09:29:57 -1164772.625000        1.031256
FIRE:   25 09:29:57 -1164769.750000        0.447086
FIRE:   26 09:29:57 -1164769.000000        1.007178
FIRE:   27 09:29:57 -1164769.000000        1.602091
FIRE:   28 09:29:57 -1164769.125000        1.793097
FIRE:   29 09:29:57 -1164769.000000        1.418841
FIRE:   30 09:29:57 -1164770.250000        0.663520
FIRE:   31 09:29:57 -1164770.250000        0.759280
FIRE:   32 09:29:57 -1164767.000000        1.141977
FIRE:   33 09:29:57 -1164770.750000        1.147667
FIRE:   34 09:29:57 -1164770.750000        0.725409
FIRE:   35 09:29:57 -1164771.500000        0.699752
FIRE:   36 09:29:57 -1164771.375000        1.100152
FIRE:   37 09:29:57 -1164768.250000        0.802576
FIRE:   38 09:29:57 -1164767.875000        0.925473
FIRE:   39 09:29:57 -1164766.500000        1.222346
FIRE:   40 09:29:57 -1164766.500000        0.636897
FIRE:   41 09:29:57 -1164766.625000        0.564147
FIRE:   42 09:29:58 -1164766.500000        0.508909
FIRE:   43 09:29:58 -1164766.625000        0.426837
FIRE:   44 09:29:58 -1164766.500000        0.541719
FIRE:   45 09:29:58 -1164766.625000        0.435186
FIRE:   46 09:29:58 -1164766.500000        0.325333
FIRE:   47 09:29:58 -1164766.500000        0.386733
FIRE:   48 09:29:58 -1164766.750000        0.426317
FIRE:   49 09:29:58 -1164766.750000        0.438568
FIRE:   50 09:29:58 -1164766.625000        0.413956
FIRE:   51 09:29:58 -1164766.625000        0.391188
FIRE:   52 09:29:58 -1164766.750000        0.246257
FIRE:   53 09:29:58 -1164766.750000        0.359831
FIRE:   54 09:29:58 -1164770.125000        0.342282
FIRE:   55 09:29:58 -1164768.625000        0.338358
FIRE:   56 09:29:58 -1164768.750000        0.414117
FIRE:   57 09:29:58 -1164770.750000        0.438659
FIRE:   58 09:29:58 -1164773.625000        0.568106
FIRE:   59 09:29:59 -1164769.000000        1.296678
FIRE:   60 09:29:59 -1164771.750000        2.551715
FIRE:   61 09:29:59 -1164775.250000        0.563424
FIRE:   62 09:29:59 -1164775.375000        0.425928
FIRE:   63 09:29:59 -1164775.875000        0.330113
FIRE:   64 09:29:59 -1164775.875000        0.330742
FIRE:   65 09:29:59 -1164767.500000        0.377085
FIRE:   66 09:29:59 -1164769.250000        0.418265
FIRE:   67 09:29:59 -1164767.625000        0.334345
FIRE:   68 09:29:59 -1164767.500000        0.336145
FIRE:   69 09:29:59 -1164767.500000        0.338557
FIRE:   70 09:29:59 -1164769.250000        0.348576
FIRE:   71 09:29:59 -1164769.375000        0.345721
FIRE:   72 09:29:59 -1164769.375000        0.351032
FIRE:   73 09:29:59 -1164769.375000        0.358804
FIRE:   74 09:29:59 -1164771.125000        0.369576
FIRE:   75 09:30:00 -1164771.500000        0.384271
FIRE:   76 09:30:00 -1164771.125000        0.403747
FIRE:   77 09:30:00 -1164771.750000        0.433585
FIRE:   78 09:30:00 -1164771.375000        0.479962
FIRE:   79 09:30:00 -1164771.875000        0.531926
FIRE:   80 09:30:00 -1164771.750000        0.619546
FIRE:   81 09:30:00 -1164776.750000        0.755017
FIRE:   82 09:30:00 -1164776.625000        0.924293
FIRE:   83 09:30:00 -1164777.250000        1.110915
FIRE:   84 09:30:00 -1164777.500000        1.206553
FIRE:   85 09:30:00 -1164777.250000        1.044747
FIRE:   86 09:30:00 -1164778.000000        0.765688
FIRE:   87 09:30:00 -1164777.500000        1.704929
FIRE:   88 09:30:00 -1164777.625000        0.883945
FIRE:   89 09:30:01 -1164777.625000        0.902051
FIRE:   90 09:30:01 -1164777.500000        0.717167
FIRE:   91 09:30:01 -1164778.250000        0.762543
FIRE:   92 09:30:01 -1164778.375000        0.871000
FIRE:   93 09:30:01 -1164777.625000        0.815644
FIRE:   94 09:30:01 -1164772.750000        0.519524
FIRE:   95 09:30:01 -1164771.875000        0.522844
FIRE:   96 09:30:01 -1164772.000000        0.804702
FIRE:   97 09:30:01 -1164772.250000        0.587742
FIRE:   98 09:30:01 -1164772.875000        0.765084
FIRE:   99 09:30:01 -1164772.875000        0.588509
FIRE:  100 09:30:01 -1164772.875000        0.367991
FIRE:  101 09:30:01 -1164772.875000        0.339881
FIRE:  102 09:30:01 -1164772.125000        0.395939
FIRE:  103 09:30:01 -1164772.000000        0.375387
FIRE:  104 09:30:01 -1164772.750000        0.335614
FIRE:  105 09:30:01 -1164772.000000        0.294613
FIRE:  106 09:30:02 -1164772.875000        0.288622
FIRE:  107 09:30:02 -1164772.125000        0.281117
FIRE:  108 09:30:02 -1164772.125000        0.272150
FIRE:  109 09:30:02 -1164773.000000        0.261844
FIRE:  110 09:30:02 -1164772.000000        0.249179
FIRE:  111 09:30:02 -1164772.000000        0.234486
FIRE:  112 09:30:02 -1164772.000000        0.246594
FIRE:  113 09:30:02 -1164772.875000        0.216796
FIRE:  114 09:30:02 -1164772.000000        0.176561
FIRE:  115 09:30:02 -1164772.875000        0.169206
FIRE:  116 09:30:02 -1164778.125000        0.167543
FIRE:  117 09:30:02 -1164778.625000        0.188100
FIRE:  118 09:30:02 -1164778.625000        0.185485
FIRE:  119 09:30:02 -1164773.500000        0.201675
FIRE:  120 09:30:02 -1164778.000000        0.217041
FIRE:  121 09:30:02 -1164778.625000        0.226690
FIRE:  122 09:30:02 -1164778.750000        0.225894
FIRE:  123 09:30:03 -1164773.750000        0.210569
FIRE:  124 09:30:03 -1164772.125000        0.181010
FIRE:  125 09:30:03 -1164772.125000        0.164854
FIRE:  126 09:30:03 -1164772.000000        0.134599
FIRE:  127 09:30:03 -1164772.125000        0.152510
FIRE:  128 09:30:03 -1164774.250000        0.153149
FIRE:  129 09:30:03 -1164775.125000        0.253825
FIRE:  130 09:30:03 -1164772.250000        0.635422
FIRE:  131 09:30:03 -1164772.250000        1.399504
FIRE:  132 09:30:03 -1164772.375000        0.113477
FIRE:  133 09:30:03 -1164775.000000        1.420090
FIRE:  134 09:30:03 -1164775.000000        1.053266
FIRE:  135 09:30:03 -1164772.375000        0.432576
FIRE:  136 09:30:03 -1164772.375000        0.339984
FIRE:  137 09:30:04 -1164772.375000        0.321584
FIRE:  138 09:30:04 -1164772.375000        0.285985
FIRE:  139 09:30:04 -1164772.375000        0.235346
FIRE:  140 09:30:04 -1164772.375000        0.173144
FIRE:  141 09:30:04 -1164772.375000        0.112218
FIRE:  142 09:30:04 -1164772.375000        0.112394
FIRE:  143 09:30:04 -1164772.375000        0.115921
FIRE:  144 09:30:04 -1164772.375000        0.168703
FIRE:  145 09:30:04 -1164772.375000        0.201642
FIRE:  146 09:30:04 -1164772.375000        0.206513
FIRE:  147 09:30:04 -1164772.375000        0.177320
FIRE:  148 09:30:04 -1164772.375000        0.115452
FIRE:  149 09:30:04 -1164772.375000        0.116549
FIRE:  150 09:30:04 -1164772.375000        0.134723
FIRE:  151 09:30:05 -1164772.375000        0.165079
FIRE:  152 09:30:05 -1164772.375000        0.126751
FIRE:  153 09:30:05 -1164772.375000        0.122636
FIRE:  154 09:30:05 -1164772.375000        0.146201
FIRE:  155 09:30:05 -1164772.375000        0.130672
FIRE:  156 09:30:05 -1164772.375000        0.123463
FIRE:  157 09:30:05 -1164775.250000        0.140279
FIRE:  158 09:30:05 -1164775.250000        0.118758
FIRE:  159 09:30:05 -1164775.250000        0.136341
FIRE:  160 09:30:05 -1164774.750000        0.122227
FIRE:  161 09:30:05 -1164772.375000        0.101318
FIRE:  162 09:30:05 -1164772.500000        0.103968
FIRE:  163 09:30:05 -1164772.500000        0.221282
FIRE:  164 09:30:05 -1164772.500000        0.560254
FIRE:  165 09:30:06 -1164779.125000        1.330772
FIRE:  166 09:30:06 -1164778.500000        0.085311
FIRE:  167 09:30:06 -1164778.500000        0.073859
FIRE:  168 09:30:06 -1164778.500000        0.070517
FIRE:  169 09:30:06 -1164778.125000        0.070636
FIRE:  170 09:30:06 -1164778.000000        0.070760
FIRE:  171 09:30:06 -1164778.500000        0.070843
FIRE:  172 09:30:06 -1164778.125000        0.070840
FIRE:  173 09:30:06 -1164778.125000        0.070716
FIRE:  174 09:30:06 -1164778.500000        0.070378
FIRE:  175 09:30:06 -1164778.375000        0.069784
FIRE:  176 09:30:06 -1164778.750000        0.068902
FIRE:  177 09:30:06 -1164778.875000        0.068037
FIRE:  178 09:30:06 -1164778.750000        0.067283
FIRE:  179 09:30:07 -1164778.875000        0.066713
FIRE:  180 09:30:07 -1164778.375000        0.066484
FIRE:  181 09:30:07 -1164778.875000        0.066282
FIRE:  182 09:30:07 -1164778.125000        0.065283
FIRE:  183 09:30:07 -1164778.250000        0.064013
FIRE:  184 09:30:07 -1164778.125000        0.061897
FIRE:  185 09:30:07 -1164778.875000        0.063643
FIRE:  186 09:30:07 -1164772.875000        0.116357
FIRE:  187 09:30:07 -1164773.500000        0.365821
FIRE:  188 09:30:07 -1164772.750000        1.128170
FIRE:  189 09:30:07 -1164772.750000        0.174409
FIRE:  190 09:30:07 -1164773.125000        0.133542
FIRE:  191 09:30:07 -1164772.750000        0.065212
FIRE:  192 09:30:07 -1164772.875000        0.073774
FIRE:  193 09:30:08 -1164772.875000        0.123314
FIRE:  194 09:30:08 -1164772.750000        0.133625
FIRE:  195 09:30:08 -1164773.500000        0.103057
FIRE:  196 09:30:08 -1164772.750000        0.050899
FIRE:  197 09:30:08 -1164772.750000        0.090312
FIRE:  198 09:30:08 -1164772.750000        0.117279
FIRE:  199 09:30:08 -1164772.750000        0.079256
FIRE:  200 09:30:08 -1164772.875000        0.068572
FIRE:  201 09:30:08 -1164772.875000        0.103084
FIRE:  202 09:30:08 -1164772.750000        0.049537
