      Step     Time          Energy          fmax
FIRE:    0 09:29:50 -1162696.125000        4.839508
FIRE:    1 09:29:50 -1162699.125000        3.326799
FIRE:    2 09:29:53 -1162699.625000        1.968350
FIRE:    3 09:29:54 -1162700.125000        3.346351
FIRE:    4 09:29:54 -1162697.000000        2.571519
FIRE:    5 09:29:54 -1162701.000000        1.916155
FIRE:    6 09:29:54 -1162697.750000        1.845339
FIRE:    7 09:29:54 -1162695.750000        1.742303
FIRE:    8 09:29:54 -1162695.750000        1.604131
FIRE:    9 09:29:54 -1162701.250000        1.811434
FIRE:   10 09:29:54 -1162700.875000        1.716162
FIRE:   11 09:29:54 -1162701.375000        1.313864
FIRE:   12 09:29:55 -1162701.125000        1.105924
FIRE:   13 09:29:55 -1162701.750000        1.258338
FIRE:   14 09:29:55 -1162696.375000        1.246456
FIRE:   15 09:29:55 -1162701.375000        1.487209
FIRE:   16 09:29:55 -1162702.000000        1.455633
FIRE:   17 09:29:55 -1162696.750000        1.047478
FIRE:   18 09:29:55 -1162696.750000        1.126584
FIRE:   19 09:29:55 -1162702.125000        1.292582
FIRE:   20 09:29:55 -1162696.875000        1.193154
FIRE:   21 09:29:55 -1162697.000000        0.903012
FIRE:   22 09:29:55 -1162697.000000        1.301596
FIRE:   23 09:29:55 -1162697.125000        0.861086
FIRE:   24 09:29:55 -1162697.125000        0.851763
FIRE:   25 09:29:55 -1162697.125000        0.960159
FIRE:   26 09:29:56 -1162697.250000        0.785558
FIRE:   27 09:29:56 -1162697.250000        0.692060
FIRE:   28 09:29:56 -1162702.625000        0.889509
FIRE:   29 09:29:56 -1162702.750000        0.815513
FIRE:   30 09:29:56 -1162702.750000        0.463524
FIRE:   31 09:29:56 -1162702.875000        0.724705
FIRE:   32 09:29:56 -1162701.500000        0.691901
FIRE:   33 09:29:56 -1162702.375000        0.628838
FIRE:   34 09:29:56 -1162701.500000        0.540370
FIRE:   35 09:29:56 -1162699.125000        0.433891
FIRE:   36 09:29:56 -1162701.625000        0.368262
FIRE:   37 09:29:56 -1162702.375000        0.382130
FIRE:   38 09:29:56 -1162702.500000        0.335300
FIRE:   39 09:29:56 -1162702.125000        0.310894
FIRE:   40 09:29:56 -1162699.000000        0.277410
FIRE:   41 09:29:56 -1162699.000000        0.337651
FIRE:   42 09:29:56 -1162702.000000        0.309189
FIRE:   43 09:29:57 -1162702.375000        0.213317
FIRE:   44 09:29:57 -1162701.750000        0.326953
FIRE:   45 09:29:57 -1162702.375000        0.295816
FIRE:   46 09:29:57 -1162702.125000        0.230763
FIRE:   47 09:29:57 -1162702.625000        0.258049
FIRE:   48 09:29:57 -1162701.625000        0.242027
FIRE:   49 09:29:57 -1162701.875000        0.266081
FIRE:   50 09:29:57 -1162697.625000        0.311626
FIRE:   51 09:29:57 -1162697.625000        0.320457
FIRE:   52 09:29:57 -1162697.750000        0.222800
FIRE:   53 09:29:57 -1162697.750000        0.235244
FIRE:   54 09:29:57 -1162697.875000        0.277123
FIRE:   55 09:29:57 -1162697.875000        0.848577
FIRE:   56 09:29:57 -1162698.000000        0.429005
FIRE:   57 09:29:57 -1162698.000000        0.423221
FIRE:   58 09:29:57 -1162698.000000        0.410103
FIRE:   59 09:29:57 -1162698.000000        0.382670
FIRE:   60 09:29:57 -1162698.000000        0.304631
FIRE:   61 09:29:58 -1162698.000000        0.276598
FIRE:   62 09:29:58 -1162698.000000        0.278238
FIRE:   63 09:29:58 -1162698.000000        0.284428
FIRE:   64 09:29:58 -1162698.000000        0.290761
FIRE:   65 09:29:58 -1162698.000000        0.297257
FIRE:   66 09:29:58 -1162698.000000        0.301510
FIRE:   67 09:29:58 -1162698.000000        0.306196
FIRE:   68 09:29:58 -1162699.625000        0.313244
FIRE:   69 09:29:58 -1162699.750000        0.321986
FIRE:   70 09:29:58 -1162699.750000        0.333880
FIRE:   71 09:29:58 -1162698.125000        0.341328
FIRE:   72 09:29:58 -1162698.125000        0.357808
FIRE:   73 09:29:58 -1162698.250000        0.394095
FIRE:   74 09:29:58 -1162698.375000        0.519916
FIRE:   75 09:29:58 -1162700.125000        0.669254
FIRE:   76 09:29:58 -1162702.500000        0.862166
FIRE:   77 09:29:58 -1162700.375000        0.954912
FIRE:   78 09:29:58 -1162700.625000        0.994542
FIRE:   79 09:29:59 -1162700.625000        0.752407
FIRE:   80 09:29:59 -1162702.750000        0.745508
FIRE:   81 09:29:59 -1162702.875000        0.731176
FIRE:   82 09:29:59 -1162703.125000        0.708222
FIRE:   83 09:29:59 -1162702.750000        0.672985
FIRE:   84 09:29:59 -1162700.625000        0.622583
FIRE:   85 09:29:59 -1162700.750000        0.558295
FIRE:   86 09:29:59 -1162702.875000        0.477979
FIRE:   87 09:29:59 -1162705.875000        0.369341
FIRE:   88 09:29:59 -1162706.000000        0.232177
FIRE:   89 09:29:59 -1162706.375000        0.256807
FIRE:   90 09:29:59 -1162700.750000        0.293224
FIRE:   91 09:29:59 -1162702.750000        0.310400
FIRE:   92 09:29:59 -1162703.250000        0.351628
FIRE:   93 09:29:59 -1162702.625000        0.360977
FIRE:   94 09:29:59 -1162702.750000        0.360948
FIRE:   95 09:29:59 -1162703.000000        0.280849
FIRE:   96 09:29:59 -1162700.875000        0.163335
FIRE:   97 09:30:00 -1162700.875000        0.335726
FIRE:   98 09:30:00 -1162700.875000        0.518184
FIRE:   99 09:30:00 -1162701.250000        0.218294
FIRE:  100 09:30:00 -1162700.875000        0.407067
FIRE:  101 09:30:00 -1162701.375000        0.324490
FIRE:  102 09:30:00 -1162703.875000        0.202132
FIRE:  103 09:30:00 -1162700.875000        0.196953
FIRE:  104 09:30:00 -1162706.875000        0.189368
FIRE:  105 09:30:00 -1162704.250000        0.188913
FIRE:  106 09:30:00 -1162706.000000        0.188017
FIRE:  107 09:30:00 -1162700.875000        0.186671
FIRE:  108 09:30:00 -1162700.875000        0.184863
FIRE:  109 09:30:00 -1162706.375000        0.182590
FIRE:  110 09:30:00 -1162706.875000        0.179830
FIRE:  111 09:30:00 -1162701.375000        0.176595
FIRE:  112 09:30:00 -1162706.125000        0.172481
FIRE:  113 09:30:00 -1162706.000000        0.167371
FIRE:  114 09:30:01 -1162700.875000        0.161138
FIRE:  115 09:30:01 -1162700.875000        0.153632
FIRE:  116 09:30:01 -1162700.875000        0.144650
FIRE:  117 09:30:01 -1162700.875000        0.133902
FIRE:  118 09:30:01 -1162705.500000        0.121064
FIRE:  119 09:30:01 -1162700.875000        0.105934
FIRE:  120 09:30:01 -1162705.750000        0.090740
FIRE:  121 09:30:01 -1162706.875000        0.095384
FIRE:  122 09:30:01 -1162700.875000        0.099266
FIRE:  123 09:30:01 -1162702.875000        0.101252
FIRE:  124 09:30:01 -1162703.250000        0.100749
FIRE:  125 09:30:01 -1162704.000000        0.097183
FIRE:  126 09:30:01 -1162705.375000        0.094207
FIRE:  127 09:30:01 -1162701.000000        0.090048
FIRE:  128 09:30:01 -1162701.000000        0.081724
FIRE:  129 09:30:01 -1162705.125000        0.083509
FIRE:  130 09:30:01 -1162701.000000        0.096423
FIRE:  131 09:30:02 -1162701.000000        0.111791
FIRE:  132 09:30:02 -1162704.375000        0.109151
FIRE:  133 09:30:02 -1162703.250000        0.188543
FIRE:  134 09:30:02 -1162704.625000        0.538224
FIRE:  135 09:30:02 -1162706.125000        0.127911
FIRE:  136 09:30:02 -1162704.625000        0.510982
FIRE:  137 09:30:02 -1162704.375000        0.379789
FIRE:  138 09:30:02 -1162701.125000        0.155010
FIRE:  139 09:30:02 -1162701.125000        0.120980
FIRE:  140 09:30:02 -1162701.125000        0.120929
FIRE:  141 09:30:02 -1162701.125000        0.120828
FIRE:  142 09:30:02 -1162701.125000        0.120673
FIRE:  143 09:30:02 -1162701.125000        0.120473
FIRE:  144 09:30:02 -1162701.125000        0.120213
FIRE:  145 09:30:02 -1162701.125000        0.119903
FIRE:  146 09:30:02 -1162701.125000        0.119541
FIRE:  147 09:30:03 -1162702.750000        0.119087
FIRE:  148 09:30:03 -1162701.125000        0.118540
FIRE:  149 09:30:03 -1162702.750000        0.117893
FIRE:  150 09:30:03 -1162702.750000        0.117148
FIRE:  151 09:30:03 -1162702.750000        0.116307
FIRE:  152 09:30:03 -1162701.125000        0.115258
FIRE:  153 09:30:03 -1162701.125000        0.113768
FIRE:  154 09:30:03 -1162705.000000        0.112297
FIRE:  155 09:30:03 -1162701.125000        0.111001
FIRE:  156 09:30:03 -1162701.125000        0.110100
FIRE:  157 09:30:03 -1162701.125000        0.109852
FIRE:  158 09:30:03 -1162702.750000        0.110510
FIRE:  159 09:30:03 -1162702.750000        0.112403
FIRE:  160 09:30:03 -1162706.125000        0.115794
FIRE:  161 09:30:03 -1162701.125000        0.120619
FIRE:  162 09:30:03 -1162705.125000        0.126309
FIRE:  163 09:30:03 -1162702.750000        0.131774
FIRE:  164 09:30:03 -1162703.375000        0.136677
FIRE:  165 09:30:04 -1162703.500000        0.153080
FIRE:  166 09:30:04 -1162703.375000        0.170305
FIRE:  167 09:30:04 -1162704.375000        0.186473
FIRE:  168 09:30:04 -1162703.875000        0.333549
FIRE:  169 09:30:04 -1162704.250000        1.118880
FIRE:  170 09:30:04 -1162704.625000        0.253733
FIRE:  171 09:30:04 -1162704.000000        0.186871
FIRE:  172 09:30:04 -1162703.875000        0.184384
FIRE:  173 09:30:04 -1162703.625000        0.180618
FIRE:  174 09:30:04 -1162704.500000        0.180375
FIRE:  175 09:30:04 -1162703.625000        0.179889
FIRE:  176 09:30:04 -1162703.625000        0.179144
FIRE:  177 09:30:04 -1162703.625000        0.178124
FIRE:  178 09:30:04 -1162704.125000        0.176793
FIRE:  179 09:30:04 -1162703.750000        0.175092
FIRE:  180 09:30:04 -1162703.625000        0.172922
FIRE:  181 09:30:04 -1162704.500000        0.169800
FIRE:  182 09:30:05 -1162704.000000        0.165370
FIRE:  183 09:30:05 -1162704.000000        0.161750
FIRE:  184 09:30:05 -1162703.500000        0.166860
FIRE:  185 09:30:05 -1162704.000000        0.174931
FIRE:  186 09:30:05 -1162704.625000        0.152896
FIRE:  187 09:30:05 -1162704.000000        0.145721
FIRE:  188 09:30:05 -1162706.375000        0.137699
FIRE:  189 09:30:05 -1162706.375000        0.128640
FIRE:  190 09:30:05 -1162706.875000        0.125754
FIRE:  191 09:30:05 -1162706.875000        0.123441
FIRE:  192 09:30:05 -1162706.125000        0.120231
FIRE:  193 09:30:05 -1162704.125000        0.115887
FIRE:  194 09:30:05 -1162704.000000        0.109717
FIRE:  195 09:30:05 -1162706.250000        0.100502
FIRE:  196 09:30:05 -1162703.750000        0.088070
FIRE:  197 09:30:06 -1162704.750000        0.093243
FIRE:  198 09:30:06 -1162706.625000        0.093134
FIRE:  199 09:30:06 -1162706.625000        0.152290
FIRE:  200 09:30:06 -1162706.625000        0.383969
FIRE:  201 09:30:06 -1162706.375000        0.113789
FIRE:  202 09:30:06 -1162706.500000        0.306520
FIRE:  203 09:30:06 -1162705.875000        0.237180
FIRE:  204 09:30:06 -1162706.500000        0.115266
FIRE:  205 09:30:06 -1162706.500000        0.104847
FIRE:  206 09:30:06 -1162706.375000        0.159744
FIRE:  207 09:30:06 -1162706.625000        0.151011
FIRE:  208 09:30:06 -1162706.625000        0.134135
FIRE:  209 09:30:06 -1162706.750000        0.110085
FIRE:  210 09:30:06 -1162706.250000        0.101442
FIRE:  211 09:30:07 -1162705.875000        0.100939
FIRE:  212 09:30:07 -1162706.500000        0.100315
FIRE:  213 09:30:07 -1162705.875000        0.099571
FIRE:  214 09:30:07 -1162706.000000        0.098609
FIRE:  215 09:30:07 -1162706.625000        0.097426
FIRE:  216 09:30:07 -1162706.250000        0.095993
FIRE:  217 09:30:07 -1162706.125000        0.094286
FIRE:  218 09:30:07 -1162706.500000        0.092269
FIRE:  219 09:30:07 -1162706.625000        0.089900
FIRE:  220 09:30:07 -1162706.375000        0.087120
FIRE:  221 09:30:07 -1162706.000000        0.084802
FIRE:  222 09:30:07 -1162706.500000        0.084801
FIRE:  223 09:30:07 -1162706.250000        0.084833
FIRE:  224 09:30:07 -1162707.000000        0.084903
FIRE:  225 09:30:08 -1162706.250000        0.086764
FIRE:  226 09:30:08 -1162706.375000        0.089571
FIRE:  227 09:30:08 -1162706.250000        0.092732
FIRE:  228 09:30:08 -1162706.625000        0.096338
FIRE:  229 09:30:08 -1162706.000000        0.100519
FIRE:  230 09:30:08 -1162706.000000        0.105584
FIRE:  231 09:30:08 -1162706.875000        0.105966
FIRE:  232 09:30:08 -1162706.000000        0.107641
FIRE:  233 09:30:10 -1162700.000000        0.111698
FIRE:  234 09:30:10 -1162700.125000        0.119615
FIRE:  235 09:30:10 -1162700.125000        0.274405
FIRE:  236 09:30:10 -1162700.125000        0.758592
FIRE:  237 09:30:10 -1162700.125000        0.155786
FIRE:  238 09:30:10 -1162700.125000        0.155719
FIRE:  239 09:30:10 -1162700.125000        0.155580
FIRE:  240 09:30:10 -1162700.125000        0.155362
FIRE:  241 09:30:10 -1162700.125000        0.155088
FIRE:  242 09:30:10 -1162700.125000        0.154800
FIRE:  243 09:30:10 -1162700.125000        0.154532
FIRE:  244 09:30:10 -1162700.125000        0.154287
FIRE:  245 09:30:10 -1162700.125000        0.154060
FIRE:  246 09:30:10 -1162700.125000        0.152467
FIRE:  247 09:30:10 -1162700.125000        0.148392
FIRE:  248 09:30:11 -1162700.125000        0.143907
FIRE:  249 09:30:11 -1162700.125000        0.139090
FIRE:  250 09:30:11 -1162700.125000        0.129404
FIRE:  251 09:30:11 -1162700.125000        0.119591
FIRE:  252 09:30:11 -1162700.125000        0.115694
FIRE:  253 09:30:11 -1162700.125000        0.121747
FIRE:  254 09:30:11 -1162700.125000        0.143159
FIRE:  255 09:30:11 -1162700.375000        0.159966
FIRE:  256 09:30:11 -1162700.250000        0.187960
FIRE:  257 09:30:11 -1162700.250000        0.232193
FIRE:  258 09:30:11 -1162700.250000        0.370132
FIRE:  259 09:30:11 -1162700.250000        1.188736
FIRE:  260 09:30:11 -1162700.250000        0.328236
FIRE:  261 09:30:11 -1162700.250000        0.229605
FIRE:  262 09:30:11 -1162700.375000        0.184943
FIRE:  263 09:30:12 -1162700.375000        0.184900
FIRE:  264 09:30:12 -1162700.375000        0.184870
FIRE:  265 09:30:12 -1162700.375000        0.184814
FIRE:  266 09:30:12 -1162700.375000        0.184741
FIRE:  267 09:30:12 -1162700.375000        0.184659
FIRE:  268 09:30:12 -1162700.375000        0.184584
FIRE:  269 09:30:12 -1162700.375000        0.184533
FIRE:  270 09:30:12 -1162700.375000        0.184523
FIRE:  271 09:30:12 -1162700.375000        0.184582
FIRE:  272 09:30:12 -1162700.375000        0.184747
FIRE:  273 09:30:12 -1162700.375000        0.185060
FIRE:  274 09:30:12 -1162700.500000        0.185581
FIRE:  275 09:30:12 -1162700.375000        0.186369
FIRE:  276 09:30:12 -1162700.375000        0.187479
FIRE:  277 09:30:13 -1162700.375000        0.188943
FIRE:  278 09:30:13 -1162700.375000        0.190793
FIRE:  279 09:30:13 -1162703.875000        0.193102
FIRE:  280 09:30:13 -1162703.875000        0.194422
FIRE:  281 09:30:13 -1162703.875000        0.195432
FIRE:  282 09:30:13 -1162704.250000        0.205178
FIRE:  283 09:30:13 -1162704.250000        0.216636
FIRE:  284 09:30:13 -1162704.000000        0.228605
FIRE:  285 09:30:13 -1162704.000000        0.238429
FIRE:  286 09:30:13 -1162704.000000        0.240935
FIRE:  287 09:30:13 -1162703.625000        0.227366
FIRE:  288 09:30:13 -1162707.375000        0.230662
FIRE:  289 09:30:13 -1162707.500000        0.222104
FIRE:  290 09:30:13 -1162708.250000        0.307005
FIRE:  291 09:30:13 -1162703.875000        0.876334
FIRE:  292 09:30:14 -1162705.000000        0.206423
FIRE:  293 09:30:14 -1162704.375000        0.204606
FIRE:  294 09:30:14 -1162704.000000        0.201050
FIRE:  295 09:30:14 -1162704.250000        0.195929
FIRE:  296 09:30:14 -1162704.625000        0.189547
FIRE:  297 09:30:14 -1162704.125000        0.182314
FIRE:  298 09:30:14 -1162704.250000        0.174700
FIRE:  299 09:30:14 -1162704.000000        0.167166
FIRE:  300 09:30:14 -1162703.875000        0.159468
FIRE:  301 09:30:14 -1162704.375000        0.152389
FIRE:  302 09:30:14 -1162704.250000        0.146907
FIRE:  303 09:30:14 -1162704.375000        0.143824
FIRE:  304 09:30:14 -1162704.250000        0.143409
FIRE:  305 09:30:14 -1162704.250000        0.144982
FIRE:  306 09:30:14 -1162704.000000        0.146751
FIRE:  307 09:30:15 -1162704.000000        0.146259
FIRE:  308 09:30:15 -1162704.375000        0.140933
FIRE:  309 09:30:15 -1162704.375000        0.112265
FIRE:  310 09:30:15 -1162707.875000        0.111586
FIRE:  311 09:30:15 -1162707.750000        0.122628
FIRE:  312 09:30:15 -1162708.625000        0.323892
FIRE:  313 09:30:15 -1162704.250000        0.833954
FIRE:  314 09:30:15 -1162708.375000        0.073713
FIRE:  315 09:30:15 -1162704.500000        0.758538
FIRE:  316 09:30:15 -1162704.250000        0.569367
FIRE:  317 09:30:15 -1162704.875000        0.241752
FIRE:  318 09:30:15 -1162708.625000        0.147162
FIRE:  319 09:30:15 -1162707.625000        0.138776
FIRE:  320 09:30:15 -1162708.375000        0.122519
FIRE:  321 09:30:16 -1162708.250000        0.099475
FIRE:  322 09:30:16 -1162708.125000        0.071317
FIRE:  323 09:30:16 -1162708.125000        0.070153
FIRE:  324 09:30:16 -1162708.375000        0.069987
FIRE:  325 09:30:16 -1162708.250000        0.069810
FIRE:  326 09:30:16 -1162708.250000        0.069600
FIRE:  327 09:30:16 -1162707.875000        0.069376
FIRE:  328 09:30:16 -1162708.500000        0.069143
FIRE:  329 09:30:16 -1162707.875000        0.068916
FIRE:  330 09:30:16 -1162708.125000        0.068711
FIRE:  331 09:30:16 -1162708.375000        0.068553
FIRE:  332 09:30:16 -1162707.750000        0.068468
FIRE:  333 09:30:16 -1162708.625000        0.068476
FIRE:  334 09:30:16 -1162708.625000        0.068597
FIRE:  335 09:30:16 -1162708.250000        0.068865
FIRE:  336 09:30:17 -1162708.750000        0.069292
FIRE:  337 09:30:17 -1162707.875000        0.069868
FIRE:  338 09:30:17 -1162706.000000        0.070467
FIRE:  339 09:30:17 -1162705.750000        0.070794
FIRE:  340 09:30:17 -1162706.000000        0.070519
FIRE:  341 09:30:17 -1162705.625000        0.069450
FIRE:  342 09:30:17 -1162708.750000        0.067668
FIRE:  343 09:30:17 -1162706.000000        0.065258
FIRE:  344 09:30:17 -1162705.750000        0.061650
FIRE:  345 09:30:17 -1162704.750000        0.107763
FIRE:  346 09:30:17 -1162706.125000        0.262488
FIRE:  347 09:30:17 -1162705.250000        0.688660
FIRE:  348 09:30:17 -1162704.625000        0.047076
