      Step     Time          Energy          fmax
FIRE:    0 09:06:46 -1250188.375000        3.901972
FIRE:    1 09:06:47 -1250192.750000        3.103939
FIRE:    2 09:06:49 -1250199.250000        2.773569
FIRE:    3 09:06:50 -1250201.750000        2.322803
FIRE:    4 09:06:51 -1250201.375000        1.683859
FIRE:    5 09:06:52 -1250205.125000        1.928197
FIRE:    6 09:06:52 -1250206.875000        1.824409
FIRE:    7 09:06:52 -1250207.500000        1.486467
FIRE:    8 09:06:52 -1250209.875000        1.425596
FIRE:    9 09:06:52 -1250210.875000        1.390641
FIRE:   10 09:06:53 -1250212.250000        1.228921
FIRE:   11 09:06:53 -1250210.750000        1.149800
FIRE:   12 09:06:53 -1250211.875000        1.155327
FIRE:   13 09:06:53 -1250216.500000        1.273510
FIRE:   14 09:06:53 -1250217.250000        1.344511
FIRE:   15 09:06:53 -1250218.000000        1.301806
FIRE:   16 09:06:53 -1250219.625000        1.258985
FIRE:   17 09:06:53 -1250221.125000        1.251343
FIRE:   18 09:06:53 -1250218.250000        1.271719
FIRE:   19 09:06:53 -1250219.625000        1.328721
FIRE:   20 09:06:53 -1250223.500000        1.374562
FIRE:   21 09:06:53 -1250221.750000        1.345063
FIRE:   22 09:06:53 -1250223.375000        1.249037
FIRE:   23 09:06:54 -1250223.750000        1.141672
FIRE:   24 09:06:54 -1250225.250000        1.150046
FIRE:   25 09:06:54 -1250227.875000        1.184593
FIRE:   26 09:06:54 -1250227.000000        1.196107
FIRE:   27 09:06:54 -1250227.625000        1.181833
FIRE:   28 09:06:54 -1250231.125000        1.143110
FIRE:   29 09:06:54 -1250226.000000        1.083785
FIRE:   30 09:06:54 -1250226.750000        1.012706
FIRE:   31 09:06:54 -1250230.875000        0.926291
FIRE:   32 09:06:54 -1250229.500000        0.878241
FIRE:   33 09:06:54 -1250228.750000        0.841890
FIRE:   34 09:06:54 -1250229.375000        0.794242
FIRE:   35 09:06:54 -1250230.000000        0.739073
FIRE:   36 09:06:55 -1250230.500000        0.679626
FIRE:   37 09:06:55 -1250231.125000        0.616379
FIRE:   38 09:06:55 -1250231.625000        0.553146
FIRE:   39 09:06:55 -1250232.000000        0.563196
FIRE:   40 09:06:55 -1250232.500000        0.564490
FIRE:   41 09:06:55 -1250233.000000        0.555815
FIRE:   42 09:06:55 -1250233.375000        0.538196
FIRE:   43 09:06:55 -1250233.750000        0.514661
FIRE:   44 09:06:55 -1250234.125000        0.488304
FIRE:   45 09:06:55 -1250234.500000        0.460583
FIRE:   46 09:06:55 -1250234.875000        0.431326
FIRE:   47 09:06:55 -1250235.250000        0.408016
FIRE:   48 09:06:55 -1250239.000000        0.396429
FIRE:   49 09:06:55 -1250240.625000        0.406230
FIRE:   50 09:06:56 -1250242.875000        0.667451
FIRE:   51 09:06:56 -1250240.375000        0.423503
FIRE:   52 09:06:56 -1250239.875000        0.425945
FIRE:   53 09:06:56 -1250240.125000        0.417008
FIRE:   54 09:06:56 -1250240.625000        0.407085
FIRE:   55 09:06:56 -1250240.500000        0.389548
FIRE:   56 09:06:56 -1250242.250000        0.363215
FIRE:   57 09:06:56 -1250244.750000        0.389183
FIRE:   58 09:06:56 -1250242.125000        0.415164
FIRE:   59 09:06:56 -1250243.375000        0.425189
FIRE:   60 09:06:56 -1250244.625000        0.422026
FIRE:   61 09:06:56 -1250238.875000        0.374291
FIRE:   62 09:06:56 -1250239.125000        0.348787
FIRE:   63 09:06:56 -1250239.375000        0.335405
FIRE:   64 09:06:57 -1250239.625000        0.309538
FIRE:   65 09:06:57 -1250239.750000        0.334833
FIRE:   66 09:06:57 -1250243.125000        0.330977
FIRE:   67 09:06:57 -1250243.125000        0.271347
FIRE:   68 09:06:57 -1250246.625000        0.268152
FIRE:   69 09:06:57 -1250246.750000        0.272523
FIRE:   70 09:06:57 -1250246.875000        0.297815
FIRE:   71 09:06:57 -1250246.625000        0.317744
FIRE:   72 09:06:57 -1250247.875000        0.329643
FIRE:   73 09:06:57 -1250241.250000        0.336168
FIRE:   74 09:06:57 -1250245.750000        0.350030
FIRE:   75 09:06:57 -1250246.250000        0.355298
FIRE:   76 09:06:57 -1250246.125000        0.350057
FIRE:   77 09:06:58 -1250246.500000        0.333721
FIRE:   78 09:06:58 -1250245.875000        0.305422
FIRE:   79 09:06:58 -1250246.500000        0.279066
FIRE:   80 09:06:58 -1250246.375000        0.256079
FIRE:   81 09:06:58 -1250247.000000        0.235097
FIRE:   82 09:06:58 -1250247.375000        0.249127
FIRE:   83 09:06:58 -1250247.000000        0.251038
FIRE:   84 09:06:58 -1250249.750000        0.242406
FIRE:   85 09:06:58 -1250243.125000        0.228172
FIRE:   86 09:06:58 -1250243.250000        0.231373
FIRE:   87 09:06:58 -1250243.375000        0.244508
FIRE:   88 09:06:58 -1250250.250000        0.243228
FIRE:   89 09:06:58 -1250250.125000        0.244029
FIRE:   90 09:06:58 -1250249.875000        0.246681
FIRE:   91 09:06:59 -1250250.625000        0.251428
FIRE:   92 09:06:59 -1250247.375000        0.249462
FIRE:   93 09:06:59 -1250247.250000        0.243987
FIRE:   94 09:06:59 -1250251.000000        0.248720
FIRE:   95 09:06:59 -1250247.500000        0.249670
FIRE:   96 09:06:59 -1250250.500000        0.242696
FIRE:   97 09:06:59 -1250250.500000        0.231885
FIRE:   98 09:06:59 -1250251.375000        0.259108
FIRE:   99 09:06:59 -1250250.625000        0.279312
FIRE:  100 09:06:59 -1250250.750000        0.290225
FIRE:  101 09:06:59 -1250251.250000        0.290393
FIRE:  102 09:06:59 -1250250.875000        0.289432
FIRE:  103 09:06:59 -1250245.125000        0.319083
FIRE:  104 09:07:00 -1250245.125000        0.347786
FIRE:  105 09:07:00 -1250245.125000        0.372189
FIRE:  106 09:07:00 -1250245.250000        0.391262
FIRE:  107 09:07:00 -1250245.250000        0.403538
FIRE:  108 09:07:00 -1250245.375000        0.407816
FIRE:  109 09:07:00 -1250249.000000        0.402814
FIRE:  110 09:07:00 -1250248.875000        0.389849
FIRE:  111 09:07:00 -1250249.000000        0.369968
FIRE:  112 09:07:00 -1250251.375000        0.345918
FIRE:  113 09:07:00 -1250245.875000        0.346550
FIRE:  114 09:07:00 -1250245.750000        0.345320
FIRE:  115 09:07:00 -1250251.750000        0.339909
FIRE:  116 09:07:00 -1250249.250000        0.328345
FIRE:  117 09:07:00 -1250246.000000        0.309910
FIRE:  118 09:07:01 -1250246.125000        0.301512
FIRE:  119 09:07:01 -1250246.125000        0.334599
FIRE:  120 09:07:01 -1250246.500000        0.362219
FIRE:  121 09:07:01 -1250246.375000        0.381517
FIRE:  122 09:07:01 -1250250.125000        0.388762
FIRE:  123 09:07:01 -1250246.375000        0.382446
FIRE:  124 09:07:01 -1250246.500000        0.384617
FIRE:  125 09:07:01 -1250252.500000        0.403667
FIRE:  126 09:07:01 -1250252.625000        0.418493
FIRE:  127 09:07:01 -1250250.875000        0.427354
FIRE:  128 09:07:01 -1250253.000000        0.430665
FIRE:  129 09:07:01 -1250252.875000        0.428231
FIRE:  130 09:07:01 -1250252.500000        0.419892
FIRE:  131 09:07:01 -1250252.500000        0.427696
FIRE:  132 09:07:01 -1250249.875000        0.494348
FIRE:  133 09:07:02 -1250250.250000        0.531048
FIRE:  134 09:07:02 -1250253.250000        0.532163
FIRE:  135 09:07:02 -1250252.625000        0.498707
FIRE:  136 09:07:02 -1250253.250000        0.435240
FIRE:  137 09:07:02 -1250247.000000        0.348998
FIRE:  138 09:07:02 -1250247.125000        0.334918
FIRE:  139 09:07:02 -1250253.000000        0.343268
FIRE:  140 09:07:02 -1250252.875000        0.344029
FIRE:  141 09:07:02 -1250247.250000        0.336339
FIRE:  142 09:07:02 -1250247.250000        0.337004
FIRE:  143 09:07:02 -1250254.000000        0.362460
FIRE:  144 09:07:02 -1250251.375000        0.380840
FIRE:  145 09:07:02 -1250251.250000        0.390822
FIRE:  146 09:07:02 -1250251.875000        0.391991
FIRE:  147 09:07:02 -1250254.250000        0.385491
FIRE:  148 09:07:02 -1250248.875000        0.374677
FIRE:  149 09:07:02 -1250253.375000        0.363104
FIRE:  150 09:07:03 -1250253.375000        0.352220
FIRE:  151 09:07:03 -1250249.000000        0.337919
FIRE:  152 09:07:03 -1250249.000000        0.314856
FIRE:  153 09:07:03 -1250249.125000        0.299788
FIRE:  154 09:07:03 -1250247.750000        0.437880
FIRE:  155 09:07:03 -1250247.750000        0.480489
FIRE:  156 09:07:03 -1250254.125000        0.460480
FIRE:  157 09:07:03 -1250253.750000        0.397080
FIRE:  158 09:07:03 -1250247.875000        0.291742
FIRE:  159 09:07:03 -1250247.875000        0.314215
FIRE:  160 09:07:03 -1250248.000000        0.336819
FIRE:  161 09:07:03 -1250251.875000        0.351780
FIRE:  162 09:07:03 -1250248.000000        0.358648
FIRE:  163 09:07:03 -1250252.000000        0.358134
FIRE:  164 09:07:03 -1250252.625000        0.352287
FIRE:  165 09:07:03 -1250252.125000        0.343039
FIRE:  166 09:07:03 -1250252.625000        0.331554
FIRE:  167 09:07:04 -1250251.875000        0.319247
FIRE:  168 09:07:04 -1250255.000000        0.305744
FIRE:  169 09:07:04 -1250251.625000        0.298202
FIRE:  170 09:07:04 -1250254.125000        0.292313
FIRE:  171 09:07:04 -1250249.625000        0.264287
FIRE:  172 09:07:04 -1250249.625000        0.271670
FIRE:  173 09:07:04 -1250249.750000        0.263941
FIRE:  174 09:07:04 -1250252.750000        0.248722
FIRE:  175 09:07:04 -1250252.250000        0.287463
FIRE:  176 09:07:04 -1250252.250000        0.321399
FIRE:  177 09:07:04 -1250255.250000        0.359901
FIRE:  178 09:07:04 -1250255.250000        0.342924
FIRE:  179 09:07:04 -1250254.375000        0.322295
FIRE:  180 09:07:04 -1250248.625000        0.320076
FIRE:  181 09:07:04 -1250250.375000        0.277120
FIRE:  182 09:07:04 -1250250.250000        0.245323
FIRE:  183 09:07:04 -1250250.250000        0.236705
FIRE:  184 09:07:05 -1250248.875000        0.236269
FIRE:  185 09:07:05 -1250249.000000        0.226316
FIRE:  186 09:07:05 -1250252.625000        0.215106
FIRE:  187 09:07:05 -1250252.125000        0.237477
FIRE:  188 09:07:05 -1250252.250000        0.275566
FIRE:  189 09:07:05 -1250255.000000        0.320703
FIRE:  190 09:07:05 -1250252.500000        0.351850
FIRE:  191 09:07:05 -1250253.125000        0.368029
FIRE:  192 09:07:05 -1250252.625000        0.709686
FIRE:  193 09:07:05 -1250249.000000        3.098042
FIRE:  194 09:07:05 -1250251.125000        3.501870
FIRE:  195 09:07:05 -1250249.375000        2.633897
FIRE:  196 09:07:05 -1250249.500000        1.673990
FIRE:  197 09:07:05 -1250249.625000        0.334460
FIRE:  198 09:07:05 -1250249.625000        0.291327
FIRE:  199 09:07:05 -1250249.625000        0.218397
FIRE:  200 09:07:06 -1250249.625000        0.175356
FIRE:  201 09:07:06 -1250249.625000        0.147168
FIRE:  202 09:07:06 -1250249.625000        0.147278
FIRE:  203 09:07:06 -1250249.625000        0.172905
FIRE:  204 09:07:06 -1250249.625000        0.196240
FIRE:  205 09:07:06 -1250249.625000        0.171598
FIRE:  206 09:07:06 -1250249.625000        0.150272
FIRE:  207 09:07:06 -1250249.625000        0.143617
FIRE:  208 09:07:06 -1250249.625000        0.141413
FIRE:  209 09:07:06 -1250249.625000        0.149473
FIRE:  210 09:07:06 -1250249.625000        0.136674
FIRE:  211 09:07:06 -1250249.625000        0.152620
FIRE:  212 09:07:06 -1250249.625000        0.132869
FIRE:  213 09:07:06 -1250249.750000        0.127785
FIRE:  214 09:07:06 -1250249.750000        0.122401
FIRE:  215 09:07:06 -1250249.750000        0.115787
FIRE:  216 09:07:06 -1250249.750000        0.125637
FIRE:  217 09:07:07 -1250249.750000        0.121302
FIRE:  218 09:07:07 -1250254.625000        0.126452
FIRE:  219 09:07:07 -1250254.500000        0.175245
FIRE:  220 09:07:07 -1250249.875000        0.378366
FIRE:  221 09:07:07 -1250252.125000        1.015536
FIRE:  222 09:07:07 -1250253.625000        2.835966
FIRE:  223 09:07:07 -1250250.000000        0.262110
FIRE:  224 09:07:07 -1250250.000000        0.194282
FIRE:  225 09:07:07 -1250250.000000        0.078739
FIRE:  226 09:07:07 -1250250.000000        0.063801
FIRE:  227 09:07:07 -1250254.625000        0.160351
FIRE:  228 09:07:07 -1250250.000000        0.196211
FIRE:  229 09:07:07 -1250250.000000        0.160207
FIRE:  230 09:07:07 -1250251.375000        0.073726
FIRE:  231 09:07:07 -1250252.125000        0.076395
FIRE:  232 09:07:07 -1250254.500000        0.138572
FIRE:  233 09:07:08 -1250254.625000        0.106897
FIRE:  234 09:07:08 -1250254.375000        0.061045
FIRE:  235 09:07:08 -1250251.750000        0.139232
FIRE:  236 09:07:08 -1250251.875000        0.069271
FIRE:  237 09:07:08 -1250252.250000        0.109344
FIRE:  238 09:07:08 -1250251.875000        0.062597
FIRE:  239 09:07:08 -1250254.625000        0.147603
FIRE:  240 09:07:08 -1250250.000000        0.091488
FIRE:  241 09:07:08 -1250250.000000        0.059643
FIRE:  242 09:07:08 -1250250.125000        0.078588
FIRE:  243 09:07:08 -1250250.125000        0.202313
FIRE:  244 09:07:08 -1250250.125000        0.719063
FIRE:  245 09:07:08 -1250251.500000        2.362496
FIRE:  246 09:07:08 -1250251.500000        0.380450
FIRE:  247 09:07:08 -1250251.500000        0.276123
FIRE:  248 09:07:08 -1250251.500000        0.097475
FIRE:  249 09:07:09 -1250251.500000        0.103489
FIRE:  250 09:07:09 -1250251.500000        0.239704
FIRE:  251 09:07:09 -1250251.500000        0.272959
FIRE:  252 09:07:09 -1250251.500000        0.200338
FIRE:  253 09:07:09 -1250251.500000        0.060670
FIRE:  254 09:07:09 -1250251.500000        0.127306
FIRE:  255 09:07:09 -1250251.500000        0.218357
FIRE:  256 09:07:09 -1250252.000000        0.154643
FIRE:  257 09:07:09 -1250251.500000        0.064483
FIRE:  258 09:07:09 -1250251.500000        0.187046
FIRE:  259 09:07:09 -1250251.500000        0.068303
FIRE:  260 09:07:09 -1250251.500000        0.178266
FIRE:  261 09:07:09 -1250251.500000        0.082597
FIRE:  262 09:07:09 -1250251.625000        0.206178
FIRE:  263 09:07:09 -1250251.500000        0.139831
FIRE:  264 09:07:09 -1250251.500000        0.083340
FIRE:  265 09:07:09 -1250255.250000        0.131752
FIRE:  266 09:07:10 -1250250.250000        0.371394
FIRE:  267 09:07:10 -1250252.375000        1.009058
FIRE:  268 09:07:10 -1250255.000000        0.067570
FIRE:  269 09:07:10 -1250255.000000        0.875567
FIRE:  270 09:07:10 -1250251.625000        0.671825
FIRE:  271 09:07:10 -1250254.750000        0.309151
FIRE:  272 09:07:10 -1250250.250000        0.139102
FIRE:  273 09:07:10 -1250254.750000        0.129991
FIRE:  274 09:07:10 -1250255.000000        0.112307
FIRE:  275 09:07:10 -1250251.750000        0.087452
FIRE:  276 09:07:10 -1250254.750000        0.057374
FIRE:  277 09:07:10 -1250251.875000        0.055084
FIRE:  278 09:07:10 -1250251.625000        0.055047
FIRE:  279 09:07:10 -1250250.250000        0.055011
FIRE:  280 09:07:11 -1250254.750000        0.061575
FIRE:  281 09:07:11 -1250250.250000        0.077337
FIRE:  282 09:07:11 -1250250.250000        0.079947
FIRE:  283 09:07:11 -1250255.500000        0.066288
FIRE:  284 09:07:11 -1250255.375000        0.054875
FIRE:  285 09:07:11 -1250255.125000        0.054884
FIRE:  286 09:07:11 -1250250.250000        0.054878
FIRE:  287 09:07:11 -1250250.250000        0.054862
FIRE:  288 09:07:11 -1250251.625000        0.054818
FIRE:  289 09:07:11 -1250254.750000        0.054739
FIRE:  290 09:07:11 -1250254.750000        0.055699
FIRE:  291 09:07:11 -1250255.500000        0.054537
FIRE:  292 09:07:11 -1250250.250000        0.054477
FIRE:  293 09:07:11 -1250250.250000        0.054413
FIRE:  294 09:07:12 -1250252.125000        0.054290
FIRE:  295 09:07:12 -1250254.875000        0.054131
FIRE:  296 09:07:12 -1250254.750000        0.054060
FIRE:  297 09:07:12 -1250251.625000        0.054438
FIRE:  298 09:07:12 -1250255.875000        0.067887
FIRE:  299 09:07:12 -1250256.125000        0.136003
FIRE:  300 09:07:12 -1250256.625000        0.420318
FIRE:  301 09:07:12 -1250257.125000        1.342316
FIRE:  302 09:07:12 -1250256.375000        0.100544
FIRE:  303 09:07:12 -1250256.625000        0.074085
FIRE:  304 09:07:12 -1250256.250000        0.058286
FIRE:  305 09:07:12 -1250257.125000        0.058224
FIRE:  306 09:07:12 -1250256.750000        0.061437
FIRE:  307 09:07:13 -1250257.125000        0.073694
FIRE:  308 09:07:13 -1250256.750000        0.057966
FIRE:  309 09:07:13 -1250256.875000        0.057876
FIRE:  310 09:07:13 -1250256.250000        0.057763
FIRE:  311 09:07:13 -1250256.375000        0.057641
FIRE:  312 09:07:13 -1250256.750000        0.057497
FIRE:  313 09:07:13 -1250256.625000        0.057328
FIRE:  314 09:07:13 -1250256.750000        0.057075
FIRE:  315 09:07:13 -1250256.750000        0.056762
FIRE:  316 09:07:13 -1250256.250000        0.056330
FIRE:  317 09:07:13 -1250256.875000        0.055820
FIRE:  318 09:07:13 -1250256.750000        0.055569
FIRE:  319 09:07:13 -1250257.125000        0.054549
FIRE:  320 09:07:13 -1250256.500000        0.053212
FIRE:  321 09:07:14 -1250256.500000        0.051910
FIRE:  322 09:07:14 -1250256.500000        0.124658
FIRE:  323 09:07:14 -1250257.000000        0.477683
FIRE:  324 09:07:14 -1250256.375000        1.728138
FIRE:  325 09:07:14 -1250256.750000        0.271654
FIRE:  326 09:07:14 -1250256.875000        0.194678
FIRE:  327 09:07:14 -1250257.000000        0.064007
FIRE:  328 09:07:14 -1250257.125000        0.083123
FIRE:  329 09:07:14 -1250257.125000        0.179294
FIRE:  330 09:07:14 -1250256.750000        0.199073
FIRE:  331 09:07:14 -1250257.125000        0.141018
FIRE:  332 09:07:14 -1250256.375000        0.050643
FIRE:  333 09:07:14 -1250256.750000        0.096722
FIRE:  334 09:07:14 -1250256.625000        0.155665
FIRE:  335 09:07:15 -1250256.375000        0.098775
FIRE:  336 09:07:15 -1250256.375000        0.063611
FIRE:  337 09:07:15 -1250256.875000        0.140718
FIRE:  338 09:07:15 -1250257.125000        0.050447
FIRE:  339 09:07:15 -1250256.250000        0.131782
FIRE:  340 09:07:15 -1250257.125000        0.049866
