      Step     Time          Energy          fmax
FIRE:    0 09:21:28 -1221992.500000        4.236698
FIRE:    1 09:21:29 -1221993.875000        3.326216
FIRE:    2 09:21:31 -1221989.625000        3.185545
FIRE:    3 09:21:32 -1221991.125000        2.127852
FIRE:    4 09:21:32 -1221996.500000        2.344685
FIRE:    5 09:21:33 -1221997.375000        1.216070
FIRE:    6 09:21:33 -1221991.500000        2.444943
FIRE:    7 09:21:33 -1221992.000000        1.382608
FIRE:    8 09:21:33 -1221998.000000        1.786998
FIRE:    9 09:21:33 -1221995.875000        1.254045
FIRE:   10 09:21:34 -1221995.875000        1.943628
FIRE:   11 09:21:34 -1221994.875000        1.271228
FIRE:   12 09:21:34 -1221994.125000        1.359057
FIRE:   13 09:21:35 -1221994.375000        1.301467
FIRE:   14 09:21:35 -1221994.875000        0.998812
FIRE:   15 09:21:35 -1221998.000000        1.352896
FIRE:   16 09:21:35 -1221995.500000        0.826889
FIRE:   17 09:21:35 -1221995.750000        0.952154
FIRE:   18 09:21:35 -1222001.625000        1.300448
FIRE:   19 09:21:35 -1221997.750000        0.817309
FIRE:   20 09:21:35 -1221996.625000        0.827983
FIRE:   21 09:21:35 -1221996.875000        0.846599
FIRE:   22 09:21:35 -1222001.625000        1.006877
FIRE:   23 09:21:35 -1221997.500000        1.248008
FIRE:   24 09:21:35 -1221998.000000        1.316149
FIRE:   25 09:21:35 -1221998.250000        1.361924
FIRE:   26 09:21:35 -1221998.500000        1.408497
FIRE:   27 09:21:35 -1221999.000000        1.440055
FIRE:   28 09:21:36 -1221999.375000        1.451412
FIRE:   29 09:21:36 -1221999.750000        1.389867
FIRE:   30 09:21:36 -1222005.875000        1.107569
FIRE:   31 09:21:36 -1222006.250000        1.180264
FIRE:   32 09:21:36 -1222006.125000        1.669315
FIRE:   33 09:21:36 -1222007.250000        1.697639
FIRE:   34 09:21:36 -1222007.500000        1.279461
FIRE:   35 09:21:36 -1222004.500000        0.947123
FIRE:   36 09:21:36 -1222004.750000        0.907923
FIRE:   37 09:21:36 -1222004.500000        1.306368
FIRE:   38 09:21:36 -1222006.250000        1.697776
FIRE:   39 09:21:36 -1222005.750000        1.867100
FIRE:   40 09:21:36 -1222003.625000        1.803958
FIRE:   41 09:21:36 -1222005.375000        1.749470
FIRE:   42 09:21:37 -1222005.500000        1.798923
FIRE:   43 09:21:37 -1222003.125000        1.901447
FIRE:   44 09:21:37 -1222003.500000        1.755455
FIRE:   45 09:21:37 -1222003.750000        1.497210
FIRE:   46 09:21:37 -1222003.875000        1.276756
FIRE:   47 09:21:37 -1222003.875000        2.316297
FIRE:   48 09:21:37 -1222004.000000        2.643313
FIRE:   49 09:21:37 -1222002.750000        6.737352
FIRE:   50 09:21:37 -1222003.750000        4.598345
FIRE:   51 09:21:37 -1222004.125000        2.410554
FIRE:   52 09:21:37 -1222004.125000        1.918487
FIRE:   53 09:21:37 -1222004.000000        1.581143
FIRE:   54 09:21:37 -1222004.250000        0.984587
FIRE:   55 09:21:38 -1222004.250000        0.647865
FIRE:   56 09:21:38 -1222004.125000        0.557976
FIRE:   57 09:21:38 -1222004.125000        0.557908
FIRE:   58 09:21:38 -1222004.125000        0.557766
FIRE:   59 09:21:38 -1222004.250000        0.557562
FIRE:   60 09:21:38 -1222004.125000        0.557299
FIRE:   61 09:21:38 -1222004.250000        0.557000
FIRE:   62 09:21:38 -1222004.250000        0.556669
FIRE:   63 09:21:38 -1222004.250000        0.556330
FIRE:   64 09:21:38 -1222004.125000        0.555981
FIRE:   65 09:21:38 -1222004.250000        0.555702
FIRE:   66 09:21:38 -1222004.250000        0.555627
FIRE:   67 09:21:38 -1222004.125000        0.556026
FIRE:   68 09:21:38 -1222004.250000        0.557339
FIRE:   69 09:21:39 -1222004.250000        0.560316
FIRE:   70 09:21:39 -1222004.250000        0.566217
FIRE:   71 09:21:39 -1222004.250000        0.576946
FIRE:   72 09:21:39 -1222004.250000        0.594542
FIRE:   73 09:21:39 -1222004.375000        0.618302
FIRE:   74 09:21:39 -1222004.250000        0.637762
FIRE:   75 09:21:39 -1222004.375000        0.638589
FIRE:   76 09:21:39 -1222004.375000        0.639081
FIRE:   77 09:21:39 -1222004.500000        0.550211
FIRE:   78 09:21:39 -1222004.375000        0.557037
FIRE:   79 09:21:39 -1222004.500000        0.564706
FIRE:   80 09:21:39 -1222004.625000        0.570843
FIRE:   81 09:21:39 -1222004.625000        0.566723
FIRE:   82 09:21:40 -1222004.625000        0.530992
FIRE:   83 09:21:40 -1222006.125000        0.463287
FIRE:   84 09:21:40 -1222005.000000        0.363096
FIRE:   85 09:21:40 -1222005.125000        0.442410
FIRE:   86 09:21:40 -1222005.125000        1.106185
FIRE:   87 09:21:40 -1222005.125000        0.623625
FIRE:   88 09:21:40 -1222005.125000        0.761209
FIRE:   89 09:21:40 -1222005.000000        0.619107
FIRE:   90 09:21:40 -1222005.000000        0.513151
FIRE:   91 09:21:40 -1222005.125000        0.488176
FIRE:   92 09:21:40 -1222005.125000        0.455209
FIRE:   93 09:21:40 -1222005.125000        0.482059
FIRE:   94 09:21:40 -1222005.250000        0.523249
FIRE:   95 09:21:40 -1222005.250000        0.409872
FIRE:   96 09:21:41 -1222005.125000        0.282697
FIRE:   97 09:21:41 -1222005.125000        0.228173
FIRE:   98 09:21:41 -1222005.250000        0.397881
FIRE:   99 09:21:41 -1222005.250000        0.363024
FIRE:  100 09:21:41 -1222005.250000        0.149780
FIRE:  101 09:21:41 -1222005.250000        0.317170
FIRE:  102 09:21:41 -1222008.375000        0.295478
FIRE:  103 09:21:41 -1222008.375000        0.189234
FIRE:  104 09:21:41 -1222008.500000        0.319060
FIRE:  105 09:21:41 -1222011.000000        0.238616
FIRE:  106 09:21:41 -1222006.625000        0.233088
FIRE:  107 09:21:41 -1222006.625000        0.365872
FIRE:  108 09:21:41 -1222006.750000        0.270412
FIRE:  109 09:21:41 -1222006.750000        0.305155
FIRE:  110 09:21:42 -1222006.750000        0.685286
FIRE:  111 09:21:42 -1222006.875000        1.903958
FIRE:  112 09:21:42 -1222007.125000        0.158056
FIRE:  113 09:21:42 -1222006.875000        1.935282
FIRE:  114 09:21:42 -1222006.875000        1.376154
FIRE:  115 09:21:42 -1222006.875000        0.465938
FIRE:  116 09:21:42 -1222006.875000        0.491980
FIRE:  117 09:21:42 -1222006.875000        0.461535
FIRE:  118 09:21:42 -1222006.875000        0.402490
FIRE:  119 09:21:42 -1222006.875000        0.318510
FIRE:  120 09:21:42 -1222006.875000        0.215449
FIRE:  121 09:21:42 -1222006.875000        0.123721
FIRE:  122 09:21:42 -1222006.875000        0.122006
FIRE:  123 09:21:43 -1222006.875000        0.137703
FIRE:  124 09:21:43 -1222006.875000        0.204732
FIRE:  125 09:21:43 -1222006.875000        0.255765
FIRE:  126 09:21:43 -1222006.875000        0.259214
FIRE:  127 09:21:43 -1222006.875000        0.206387
FIRE:  128 09:21:43 -1222006.875000        0.123512
FIRE:  129 09:21:43 -1222006.875000        0.121199
FIRE:  130 09:21:43 -1222006.875000        0.178893
FIRE:  131 09:21:43 -1222006.875000        0.215218
FIRE:  132 09:21:43 -1222006.875000        0.133227
FIRE:  133 09:21:43 -1222006.875000        0.121263
FIRE:  134 09:21:43 -1222007.000000        0.182033
FIRE:  135 09:21:43 -1222007.000000        0.130854
FIRE:  136 09:21:43 -1222007.000000        0.121146
FIRE:  137 09:21:43 -1222007.000000        0.162125
FIRE:  138 09:21:44 -1222007.000000        0.123936
FIRE:  139 09:21:44 -1222007.000000        0.135662
FIRE:  140 09:21:44 -1222007.000000        0.195971
FIRE:  141 09:21:44 -1222007.125000        0.150866
FIRE:  142 09:21:44 -1222007.125000        0.134288
FIRE:  143 09:21:44 -1222007.125000        0.129682
FIRE:  144 09:21:44 -1222007.250000        0.330906
FIRE:  145 09:21:44 -1222007.250000        1.085313
FIRE:  146 09:21:44 -1222007.125000        4.470927
FIRE:  147 09:21:44 -1222007.375000        1.796734
FIRE:  148 09:21:44 -1222007.375000        1.268148
FIRE:  149 09:21:44 -1222007.375000        0.356170
FIRE:  150 09:21:44 -1222007.375000        0.812087
FIRE:  151 09:21:44 -1222007.375000        0.745090
FIRE:  152 09:21:44 -1222007.375000        0.617696
FIRE:  153 09:21:44 -1222007.375000        0.442453
FIRE:  154 09:21:44 -1222007.375000        0.236809
FIRE:  155 09:21:44 -1222007.375000        0.173396
FIRE:  156 09:21:45 -1222007.375000        0.203385
FIRE:  157 09:21:45 -1222010.125000        0.324195
FIRE:  158 09:21:45 -1222007.375000        0.401030
FIRE:  159 09:21:45 -1222007.375000        0.413712
FIRE:  160 09:21:45 -1222007.375000        0.346032
FIRE:  161 09:21:45 -1222007.375000        0.196668
FIRE:  162 09:21:45 -1222007.375000        0.182152
FIRE:  163 09:21:45 -1222007.500000        0.267065
FIRE:  164 09:21:45 -1222007.500000        0.359771
FIRE:  165 09:21:45 -1222007.750000        0.261401
FIRE:  166 09:21:45 -1222007.500000        0.195188
FIRE:  167 09:21:45 -1222007.500000        0.266297
FIRE:  168 09:21:45 -1222007.500000        0.237962
FIRE:  169 09:21:45 -1222006.250000        0.215073
FIRE:  170 09:21:45 -1222007.500000        0.294562
FIRE:  171 09:21:45 -1222007.750000        0.236105
FIRE:  172 09:21:45 -1222007.625000        0.253114
FIRE:  173 09:21:45 -1222007.875000        0.259642
FIRE:  174 09:21:46 -1222007.625000        0.270513
FIRE:  175 09:21:46 -1222006.500000        0.283511
FIRE:  176 09:21:46 -1222006.500000        0.594583
FIRE:  177 09:21:46 -1222007.875000        1.277885
FIRE:  178 09:21:46 -1222007.875000        3.762451
FIRE:  179 09:21:46 -1222008.250000        0.799828
FIRE:  180 09:21:46 -1222008.250000        0.591270
FIRE:  181 09:21:46 -1222008.125000        0.243013
FIRE:  182 09:21:46 -1222008.250000        0.246384
FIRE:  183 09:21:46 -1222008.000000        0.563277
FIRE:  184 09:21:46 -1222008.000000        0.524280
FIRE:  185 09:21:46 -1222008.125000        0.449705
FIRE:  186 09:21:46 -1222008.250000        0.345507
FIRE:  187 09:21:46 -1222008.250000        0.231265
FIRE:  188 09:21:46 -1222008.250000        0.230638
FIRE:  189 09:21:46 -1222008.000000        0.229922
FIRE:  190 09:21:46 -1222008.125000        0.229153
FIRE:  191 09:21:46 -1222008.000000        0.245167
FIRE:  192 09:21:47 -1222006.625000        0.279233
FIRE:  193 09:21:47 -1222006.750000        0.264968
FIRE:  194 09:21:47 -1222008.000000        0.224699
FIRE:  195 09:21:47 -1222008.000000        0.223021
FIRE:  196 09:21:47 -1222006.750000        0.220798
FIRE:  197 09:21:47 -1222006.750000        0.228908
FIRE:  198 09:21:47 -1222006.750000        0.226166
FIRE:  199 09:21:47 -1222006.750000        0.207287
FIRE:  200 09:21:47 -1222006.750000        0.198567
FIRE:  201 09:21:47 -1222006.750000        0.197004
FIRE:  202 09:21:47 -1222006.875000        0.174569
FIRE:  203 09:21:47 -1222006.875000        0.194923
FIRE:  204 09:21:47 -1222006.875000        0.150129
FIRE:  205 09:21:47 -1222008.375000        0.196271
FIRE:  206 09:21:47 -1222012.250000        0.137331
FIRE:  207 09:21:47 -1222008.250000        0.205318
FIRE:  208 09:21:48 -1222008.250000        0.305290
FIRE:  209 09:21:48 -1222008.250000        0.460302
FIRE:  210 09:21:48 -1222008.250000        0.688771
FIRE:  211 09:21:48 -1222008.375000        1.646528
FIRE:  212 09:21:48 -1222008.375000        0.117576
FIRE:  213 09:21:48 -1222008.375000        1.276368
FIRE:  214 09:21:48 -1222008.375000        0.991587
FIRE:  215 09:21:48 -1222008.375000        0.488545
FIRE:  216 09:21:48 -1222008.375000        0.190456
FIRE:  217 09:21:48 -1222008.375000        0.181105
FIRE:  218 09:21:48 -1222008.375000        0.162846
FIRE:  219 09:21:48 -1222008.375000        0.137261
FIRE:  220 09:21:48 -1222008.375000        0.110669
FIRE:  221 09:21:48 -1222008.375000        0.110336
FIRE:  222 09:21:48 -1222008.375000        0.109897
FIRE:  223 09:21:48 -1222008.375000        0.109383
FIRE:  224 09:21:48 -1222008.375000        0.108646
FIRE:  225 09:21:48 -1222013.375000        0.107686
FIRE:  226 09:21:49 -1222008.375000        0.107077
FIRE:  227 09:21:49 -1222008.375000        0.104790
FIRE:  228 09:21:49 -1222008.375000        0.102698
FIRE:  229 09:21:49 -1222008.375000        0.100114
FIRE:  230 09:21:49 -1222008.375000        0.097504
FIRE:  231 09:21:49 -1222008.375000        0.097185
FIRE:  232 09:21:49 -1222008.375000        0.096783
FIRE:  233 09:21:49 -1222008.375000        0.096280
FIRE:  234 09:21:49 -1222008.375000        0.095668
FIRE:  235 09:21:49 -1222008.375000        0.094939
FIRE:  236 09:21:49 -1222008.375000        0.094071
FIRE:  237 09:21:49 -1222008.375000        0.093027
FIRE:  238 09:21:49 -1222008.375000        0.091787
FIRE:  239 09:21:49 -1222008.500000        0.090421
FIRE:  240 09:21:49 -1222008.500000        0.088949
FIRE:  241 09:21:50 -1222008.500000        0.087296
FIRE:  242 09:21:50 -1222007.250000        0.085580
FIRE:  243 09:21:50 -1222008.625000        0.111649
FIRE:  244 09:21:50 -1222008.625000        0.297427
FIRE:  245 09:21:50 -1222008.625000        1.136986
FIRE:  246 09:21:50 -1222008.500000        3.230729
FIRE:  247 09:21:50 -1222008.625000        0.236897
FIRE:  248 09:21:50 -1222008.625000        0.163586
FIRE:  249 09:21:50 -1222008.625000        0.077239
FIRE:  250 09:21:50 -1222008.625000        0.089789
FIRE:  251 09:21:50 -1222008.625000        0.170583
FIRE:  252 09:21:50 -1222008.625000        0.179883
FIRE:  253 09:21:50 -1222008.625000        0.119236
FIRE:  254 09:21:50 -1222008.625000        0.076850
FIRE:  255 09:21:50 -1222008.625000        0.112765
FIRE:  256 09:21:50 -1222008.625000        0.138778
FIRE:  257 09:21:50 -1222008.625000        0.076470
FIRE:  258 09:21:51 -1222008.625000        0.095842
FIRE:  259 09:21:51 -1222008.750000        0.124114
FIRE:  260 09:21:51 -1222008.750000        0.075217
FIRE:  261 09:21:51 -1222008.750000        0.117202
FIRE:  262 09:21:51 -1222008.750000        0.073421
FIRE:  263 09:21:51 -1222013.250000        0.078706
FIRE:  264 09:21:51 -1222013.000000        0.148653
FIRE:  265 09:21:51 -1222008.750000        0.224366
FIRE:  266 09:21:51 -1222008.750000        0.360979
FIRE:  267 09:21:51 -1222011.875000        0.828760
FIRE:  268 09:21:51 -1222007.500000        2.232143
FIRE:  269 09:21:51 -1222008.875000        0.351217
FIRE:  270 09:21:51 -1222009.000000        0.261221
FIRE:  271 09:21:51 -1222008.875000        0.105216
FIRE:  272 09:21:51 -1222008.875000        0.084574
FIRE:  273 09:21:51 -1222009.125000        0.202374
FIRE:  274 09:21:51 -1222007.500000        0.241037
FIRE:  275 09:21:52 -1222007.625000        0.189702
FIRE:  276 09:21:52 -1222007.625000        0.078787
FIRE:  277 09:21:52 -1222007.625000        0.109156
FIRE:  278 09:21:52 -1222007.625000        0.206193
FIRE:  279 09:21:52 -1222009.125000        0.163496
FIRE:  280 09:21:52 -1222007.625000        0.059332
FIRE:  281 09:21:52 -1222007.625000        0.167942
FIRE:  282 09:21:52 -1222007.625000        0.090749
FIRE:  283 09:21:52 -1222007.625000        0.158161
FIRE:  284 09:21:52 -1222007.500000        0.097494
FIRE:  285 09:21:52 -1222007.500000        0.187215
FIRE:  286 09:21:52 -1222007.625000        0.093543
FIRE:  287 09:21:52 -1222007.625000        0.066736
FIRE:  288 09:21:52 -1222007.625000        0.211005
FIRE:  289 09:21:52 -1222007.750000        0.597814
FIRE:  290 09:21:53 -1222007.750000        1.535441
FIRE:  291 09:21:53 -1222007.625000        0.059163
FIRE:  292 09:21:53 -1222007.750000        1.278797
FIRE:  293 09:21:53 -1222007.625000        0.996613
FIRE:  294 09:21:53 -1222007.750000        0.480180
FIRE:  295 09:21:53 -1222007.750000        0.168992
FIRE:  296 09:21:53 -1222007.750000        0.159420
FIRE:  297 09:21:53 -1222007.750000        0.140947
FIRE:  298 09:21:53 -1222007.750000        0.115163
FIRE:  299 09:21:53 -1222007.750000        0.084115
FIRE:  300 09:21:53 -1222007.750000        0.059230
FIRE:  301 09:21:53 -1222007.750000        0.059223
FIRE:  302 09:21:53 -1222007.750000        0.059218
FIRE:  303 09:21:53 -1222007.750000        0.076636
FIRE:  304 09:21:53 -1222007.625000        0.097302
FIRE:  305 09:21:54 -1222007.750000        0.102906
FIRE:  306 09:21:54 -1222007.750000        0.089044
FIRE:  307 09:21:54 -1222007.750000        0.059187
FIRE:  308 09:21:54 -1222007.750000        0.059183
FIRE:  309 09:21:54 -1222007.750000        0.064498
FIRE:  310 09:21:54 -1222007.750000        0.081645
FIRE:  311 09:21:54 -1222007.750000        0.062924
FIRE:  312 09:21:54 -1222007.750000        0.059041
FIRE:  313 09:21:54 -1222007.750000        0.071608
FIRE:  314 09:21:54 -1222007.750000        0.061392
FIRE:  315 09:21:54 -1222007.750000        0.058749
FIRE:  316 09:21:54 -1222007.750000        0.069210
FIRE:  317 09:21:54 -1222007.750000        0.058399
FIRE:  318 09:21:54 -1222007.750000        0.068388
FIRE:  319 09:21:55 -1222007.750000        0.065862
FIRE:  320 09:21:55 -1222007.750000        0.057758
FIRE:  321 09:21:55 -1222007.875000        0.057533
FIRE:  322 09:21:55 -1222007.875000        0.089826
FIRE:  323 09:21:55 -1222013.625000        0.296061
FIRE:  324 09:21:55 -1222013.625000        1.009201
FIRE:  325 09:21:55 -1222013.625000        3.050424
FIRE:  326 09:21:55 -1222013.625000        0.240909
FIRE:  327 09:21:55 -1222013.625000        0.170967
FIRE:  328 09:21:55 -1222013.625000        0.056249
FIRE:  329 09:21:55 -1222013.625000        0.096389
FIRE:  330 09:21:55 -1222013.750000        0.174838
FIRE:  331 09:21:55 -1222013.625000        0.184059
FIRE:  332 09:21:55 -1222013.625000        0.124387
FIRE:  333 09:21:56 -1222013.625000        0.056397
FIRE:  334 09:21:56 -1222013.250000        0.116245
FIRE:  335 09:21:56 -1222013.625000        0.143372
FIRE:  336 09:21:56 -1222013.625000        0.072567
FIRE:  337 09:21:56 -1222013.500000        0.093663
FIRE:  338 09:21:56 -1222013.625000        0.129457
FIRE:  339 09:21:56 -1222013.750000        0.055533
FIRE:  340 09:21:56 -1222013.750000        0.123605
FIRE:  341 09:21:56 -1222013.750000        0.056981
FIRE:  342 09:21:56 -1222013.750000        0.104421
FIRE:  343 09:21:56 -1222013.750000        0.145474
FIRE:  344 09:21:56 -1222013.375000        0.177531
FIRE:  345 09:21:56 -1222013.750000        0.248152
FIRE:  346 09:21:56 -1222010.500000        0.617479
FIRE:  347 09:21:57 -1222009.250000        1.732573
FIRE:  348 09:21:57 -1222009.250000        0.277818
FIRE:  349 09:21:57 -1222011.750000        0.206246
FIRE:  350 09:21:57 -1222011.125000        0.082757
FIRE:  351 09:21:57 -1222009.250000        0.072338
FIRE:  352 09:21:57 -1222009.250000        0.162351
FIRE:  353 09:21:57 -1222009.250000        0.188951
FIRE:  354 09:21:57 -1222011.125000        0.147513
FIRE:  355 09:21:57 -1222009.250000        0.058328
FIRE:  356 09:21:57 -1222009.250000        0.095052
FIRE:  357 09:21:57 -1222010.875000        0.165945
FIRE:  358 09:21:57 -1222009.250000        0.125228
FIRE:  359 09:21:57 -1222011.000000        0.052376
FIRE:  360 09:21:57 -1222011.125000        0.135359
FIRE:  361 09:21:58 -1222009.250000        0.063587
FIRE:  362 09:21:58 -1222011.125000        0.134467
FIRE:  363 09:21:58 -1222011.000000        0.160263
FIRE:  364 09:21:58 -1222011.375000        0.277798
FIRE:  365 09:21:58 -1222011.250000        0.369787
FIRE:  366 09:21:58 -1222010.625000        0.174365
FIRE:  367 09:21:58 -1222010.750000        0.321895
FIRE:  368 09:21:58 -1222009.375000        0.545041
FIRE:  369 09:21:58 -1222011.250000        1.079864
FIRE:  370 09:21:58 -1222011.125000        0.063298
FIRE:  371 09:21:58 -1222009.375000        0.919244
FIRE:  372 09:21:58 -1222009.375000        0.708321
FIRE:  373 09:21:58 -1222011.250000        0.327476
FIRE:  374 09:21:59 -1222011.250000        0.141131
FIRE:  375 09:21:59 -1222010.625000        0.131990
FIRE:  376 09:21:59 -1222009.375000        0.114254
FIRE:  377 09:21:59 -1222009.375000        0.092236
FIRE:  378 09:21:59 -1222011.250000        0.066005
FIRE:  379 09:21:59 -1222011.000000        0.054261
FIRE:  380 09:21:59 -1222011.000000        0.054272
FIRE:  381 09:21:59 -1222010.625000        0.054281
FIRE:  382 09:21:59 -1222011.125000        0.065153
FIRE:  383 09:21:59 -1222011.250000        0.082095
FIRE:  384 09:21:59 -1222011.250000        0.086056
FIRE:  385 09:21:59 -1222009.375000        0.073630
FIRE:  386 09:21:59 -1222011.250000        0.054348
FIRE:  387 09:21:59 -1222011.125000        0.054356
FIRE:  388 09:22:00 -1222009.375000        0.055148
FIRE:  389 09:22:00 -1222009.375000        0.068243
FIRE:  390 09:22:00 -1222011.750000        0.054448
FIRE:  391 09:22:00 -1222011.000000        0.054498
FIRE:  392 09:22:00 -1222011.250000        0.063076
FIRE:  393 09:22:00 -1222009.375000        0.054588
FIRE:  394 09:22:00 -1222011.000000        0.054642
FIRE:  395 09:22:00 -1222011.000000        0.055953
FIRE:  396 09:22:00 -1222011.375000        0.054781
FIRE:  397 09:22:00 -1222011.375000        0.054849
FIRE:  398 09:22:00 -1222009.500000        0.055975
FIRE:  399 09:22:00 -1222011.875000        0.055063
FIRE:  400 09:22:00 -1222009.625000        0.055255
FIRE:  401 09:22:00 -1222013.750000        0.055433
FIRE:  402 09:22:01 -1222014.000000        0.090592
FIRE:  403 09:22:01 -1222014.000000        0.371805
FIRE:  404 09:22:01 -1222014.000000        1.466790
FIRE:  405 09:22:01 -1222013.875000        0.247290
FIRE:  406 09:22:01 -1222014.125000        0.166634
FIRE:  407 09:22:01 -1222014.000000        0.056723
FIRE:  408 09:22:01 -1222013.375000        0.104657
FIRE:  409 09:22:01 -1222013.500000        0.187391
FIRE:  410 09:22:01 -1222014.000000        0.192257
FIRE:  411 09:22:01 -1222014.000000        0.124271
FIRE:  412 09:22:01 -1222013.875000        0.057003
FIRE:  413 09:22:01 -1222014.125000        0.112486
FIRE:  414 09:22:01 -1222014.000000        0.142193
FIRE:  415 09:22:01 -1222013.625000        0.067334
FIRE:  416 09:22:01 -1222014.000000        0.095736
FIRE:  417 09:22:02 -1222014.125000        0.134009
FIRE:  418 09:22:02 -1222013.875000        0.057359
FIRE:  419 09:22:02 -1222013.875000        0.122851
FIRE:  420 09:22:02 -1222014.125000        0.057567
FIRE:  421 09:22:02 -1222014.125000        0.103344
FIRE:  422 09:22:02 -1222013.750000        0.148632
FIRE:  423 09:22:02 -1222013.750000        0.181167
FIRE:  424 09:22:02 -1222014.125000        0.246603
FIRE:  425 09:22:02 -1222014.250000        0.618714
FIRE:  426 09:22:02 -1222014.000000        1.755488
FIRE:  427 09:22:02 -1222014.125000        0.312451
FIRE:  428 09:22:02 -1222014.125000        0.230884
FIRE:  429 09:22:02 -1222014.125000        0.089679
FIRE:  430 09:22:02 -1222013.750000        0.083386
FIRE:  431 09:22:03 -1222013.625000        0.184573
FIRE:  432 09:22:03 -1222013.625000        0.212045
FIRE:  433 09:22:03 -1222014.000000        0.162433
FIRE:  434 09:22:03 -1222014.000000        0.062394
FIRE:  435 09:22:03 -1222013.625000        0.109266
FIRE:  436 09:22:03 -1222014.125000        0.186704
FIRE:  437 09:22:03 -1222013.750000        0.138424
FIRE:  438 09:22:03 -1222013.750000        0.062390
FIRE:  439 09:22:03 -1222014.125000        0.150989
FIRE:  440 09:22:03 -1222014.125000        0.066814
FIRE:  441 09:22:03 -1222013.625000        0.151366
FIRE:  442 09:22:03 -1222014.250000        0.072450
FIRE:  443 09:22:03 -1222014.125000        0.169254
FIRE:  444 09:22:03 -1222014.250000        0.106585
FIRE:  445 09:22:04 -1222014.250000        0.062805
FIRE:  446 09:22:04 -1222014.375000        0.130722
FIRE:  447 09:22:04 -1222014.250000        0.418454
FIRE:  448 09:22:04 -1222014.125000        1.165738
FIRE:  449 09:22:04 -1222014.250000        0.063474
FIRE:  450 09:22:04 -1222014.250000        0.063486
FIRE:  451 09:22:04 -1222014.250000        0.063506
FIRE:  452 09:22:04 -1222014.125000        0.063534
FIRE:  453 09:22:04 -1222014.250000        0.063565
FIRE:  454 09:22:04 -1222014.375000        0.063586
FIRE:  455 09:22:04 -1222014.125000        0.063609
FIRE:  456 09:22:04 -1222014.250000        0.063611
FIRE:  457 09:22:04 -1222014.250000        0.063598
FIRE:  458 09:22:04 -1222014.125000        0.063582
FIRE:  459 09:22:04 -1222014.250000        0.063563
FIRE:  460 09:22:05 -1222014.125000        0.063543
FIRE:  461 09:22:05 -1222014.375000        0.063540
FIRE:  462 09:22:05 -1222014.250000        0.063543
FIRE:  463 09:22:05 -1222014.250000        0.063516
FIRE:  464 09:22:05 -1222014.250000        0.063439
FIRE:  465 09:22:05 -1222014.125000        0.063317
FIRE:  466 09:22:05 -1222014.125000        0.063168
FIRE:  467 09:22:05 -1222013.750000        0.062961
FIRE:  468 09:22:05 -1222014.000000        0.062578
FIRE:  469 09:22:05 -1222014.250000        0.088625
FIRE:  470 09:22:05 -1222014.375000        0.286660
FIRE:  471 09:22:05 -1222015.000000        1.165505
FIRE:  472 09:22:05 -1222015.000000        0.071527
FIRE:  473 09:22:05 -1222014.750000        0.060077
FIRE:  474 09:22:06 -1222014.625000        0.060092
FIRE:  475 09:22:06 -1222014.375000        0.060113
FIRE:  476 09:22:06 -1222015.000000        0.060133
FIRE:  477 09:22:06 -1222014.625000        0.060149
FIRE:  478 09:22:06 -1222014.750000        0.060153
FIRE:  479 09:22:06 -1222014.375000        0.060158
FIRE:  480 09:22:06 -1222015.000000        0.060144
FIRE:  481 09:22:06 -1222014.375000        0.060120
FIRE:  482 09:22:06 -1222014.375000        0.060086
FIRE:  483 09:22:06 -1222014.750000        0.060035
FIRE:  484 09:22:06 -1222015.000000        0.059961
FIRE:  485 09:22:06 -1222014.750000        0.059857
FIRE:  486 09:22:06 -1222014.750000        0.059686
FIRE:  487 09:22:06 -1222014.625000        0.059434
FIRE:  488 09:22:06 -1222015.000000        0.059254
FIRE:  489 09:22:07 -1222014.375000        0.058983
FIRE:  490 09:22:07 -1222015.000000        0.062211
FIRE:  491 09:22:07 -1222015.000000        0.103158
FIRE:  492 09:22:07 -1222014.875000        0.316759
FIRE:  493 09:22:07 -1222014.500000        0.999914
FIRE:  494 09:22:07 -1222014.375000        2.923089
FIRE:  495 09:22:07 -1222014.125000        0.208802
FIRE:  496 09:22:07 -1222014.875000        0.208029
FIRE:  497 09:22:07 -1222014.625000        0.206497
FIRE:  498 09:22:07 -1222015.125000        0.204170
FIRE:  499 09:22:07 -1222014.250000        0.201114
FIRE:  500 09:22:07 -1222015.125000        0.197420
FIRE:  501 09:22:07 -1222014.875000        0.193140
FIRE:  502 09:22:07 -1222015.125000        0.188281
FIRE:  503 09:22:07 -1222014.750000        0.182231
FIRE:  504 09:22:07 -1222014.250000        0.174962
FIRE:  505 09:22:07 -1222014.375000        0.166519
FIRE:  506 09:22:07 -1222015.125000        0.156912
FIRE:  507 09:22:08 -1222014.875000        0.146106
FIRE:  508 09:22:08 -1222014.500000        0.133838
FIRE:  509 09:22:08 -1222014.000000        0.119727
FIRE:  510 09:22:08 -1222014.250000        0.104148
FIRE:  511 09:22:08 -1222014.125000        0.087563
FIRE:  512 09:22:08 -1222015.125000        0.114856
FIRE:  513 09:22:08 -1222014.125000        0.197563
FIRE:  514 09:22:08 -1222014.500000        0.324946
FIRE:  515 09:22:08 -1222014.625000        0.733482
FIRE:  516 09:22:08 -1222015.250000        0.104323
FIRE:  517 09:22:08 -1222015.250000        0.612508
FIRE:  518 09:22:08 -1222015.250000        0.467407
FIRE:  519 09:22:08 -1222014.625000        0.214817
FIRE:  520 09:22:08 -1222014.500000        0.080094
FIRE:  521 09:22:08 -1222014.625000        0.076101
FIRE:  522 09:22:08 -1222015.250000        0.068619
FIRE:  523 09:22:08 -1222015.250000        0.061574
FIRE:  524 09:22:09 -1222014.250000        0.061418
FIRE:  525 09:22:09 -1222015.250000        0.061232
FIRE:  526 09:22:09 -1222014.625000        0.061016
FIRE:  527 09:22:09 -1222014.250000        0.060772
FIRE:  528 09:22:09 -1222015.250000        0.060486
FIRE:  529 09:22:09 -1222014.500000        0.060117
FIRE:  530 09:22:09 -1222014.625000        0.059699
FIRE:  531 09:22:09 -1222015.250000        0.059192
FIRE:  532 09:22:09 -1222014.625000        0.058581
FIRE:  533 09:22:09 -1222015.250000        0.057853
FIRE:  534 09:22:09 -1222015.250000        0.056954
FIRE:  535 09:22:09 -1222014.750000        0.055820
FIRE:  536 09:22:09 -1222014.500000        0.054419
FIRE:  537 09:22:09 -1222014.875000        0.052722
FIRE:  538 09:22:09 -1222015.250000        0.052066
FIRE:  539 09:22:09 -1222014.625000        0.052104
FIRE:  540 09:22:09 -1222015.250000        0.053552
FIRE:  541 09:22:10 -1222014.875000        0.056735
FIRE:  542 09:22:10 -1222015.250000        0.059794
FIRE:  543 09:22:10 -1222015.250000        0.062367
FIRE:  544 09:22:10 -1222015.250000        0.063911
FIRE:  545 09:22:10 -1222015.250000        0.063885
FIRE:  546 09:22:10 -1222015.250000        0.061702
FIRE:  547 09:22:10 -1222010.125000        0.090731
FIRE:  548 09:22:10 -1222012.750000        0.219716
FIRE:  549 09:22:10 -1222010.250000        0.706184
FIRE:  550 09:22:10 -1222011.875000        2.129783
FIRE:  551 09:22:10 -1222012.875000        0.425013
FIRE:  552 09:22:10 -1222010.250000        0.312233
FIRE:  553 09:22:10 -1222010.250000        0.115849
FIRE:  554 09:22:10 -1222010.250000        0.114404
FIRE:  555 09:22:10 -1222011.875000        0.257794
FIRE:  556 09:22:10 -1222010.250000        0.238690
FIRE:  557 09:22:11 -1222010.250000        0.202942
FIRE:  558 09:22:11 -1222014.375000        0.156771
FIRE:  559 09:22:11 -1222014.500000        0.101660
FIRE:  560 09:22:11 -1222010.250000        0.049067
