      Step     Time          Energy          fmax
FIRE:    0 08:56:44 -1294802.500000        5.002990
FIRE:    1 08:56:44 -1294806.750000        4.344070
FIRE:    2 08:56:46 -1294804.750000        3.130011
FIRE:    3 08:56:47 -1294810.125000        2.129926
FIRE:    4 08:56:47 -1294810.375000        2.569700
FIRE:    5 08:56:48 -1294806.875000        3.756551
FIRE:    6 08:56:48 -1294807.125000        3.119568
FIRE:    7 08:56:48 -1294807.375000        2.150013
FIRE:    8 08:56:48 -1294807.750000        1.229208
FIRE:    9 08:56:48 -1294808.000000        0.875054
FIRE:   10 08:56:48 -1294808.125000        0.899237
FIRE:   11 08:56:48 -1294808.125000        1.285456
FIRE:   12 08:56:48 -1294808.375000        1.573036
FIRE:   13 08:56:48 -1294808.625000        1.654999
FIRE:   14 08:56:49 -1294809.000000        1.496469
FIRE:   15 08:56:49 -1294809.375000        1.017177
FIRE:   16 08:56:49 -1294809.875000        1.002657
FIRE:   17 08:56:49 -1294810.375000        1.241281
FIRE:   18 08:56:49 -1294810.875000        1.564098
FIRE:   19 08:56:49 -1294814.000000        1.825002
FIRE:   20 08:56:50 -1294815.875000        1.768784
FIRE:   21 08:56:50 -1294815.750000        1.115390
FIRE:   22 08:56:51 -1294816.500000        1.113838
FIRE:   23 08:56:51 -1294817.125000        1.534625
FIRE:   24 08:56:51 -1294817.250000        1.900091
FIRE:   25 08:56:51 -1294817.000000        1.191903
FIRE:   26 08:56:51 -1294817.000000        1.942173
FIRE:   27 08:56:51 -1294819.250000        1.392762
FIRE:   28 08:56:51 -1294816.500000        1.295390
FIRE:   29 08:56:51 -1294816.750000        1.149768
FIRE:   30 08:56:51 -1294818.750000        0.607270
FIRE:   31 08:56:51 -1294818.875000        0.925132
FIRE:   32 08:56:51 -1294817.625000        1.293999
FIRE:   33 08:56:51 -1294819.125000        0.973084
FIRE:   34 08:56:51 -1294819.750000        0.617902
FIRE:   35 08:56:51 -1294820.000000        0.540237
FIRE:   36 08:56:52 -1294820.375000        0.539580
FIRE:   37 08:56:52 -1294818.875000        0.606153
FIRE:   38 08:56:52 -1294819.000000        0.551682
FIRE:   39 08:56:52 -1294819.250000        0.621396
FIRE:   40 08:56:52 -1294818.125000        0.417793
FIRE:   41 08:56:52 -1294818.375000        0.330738
FIRE:   42 08:56:52 -1294818.500000        0.510574
FIRE:   43 08:56:52 -1294820.000000        0.333662
FIRE:   44 08:56:52 -1294818.875000        0.337936
FIRE:   45 08:56:52 -1294819.000000        0.318891
FIRE:   46 08:56:52 -1294819.250000        0.320525
FIRE:   47 08:56:52 -1294819.375000        0.309560
FIRE:   48 08:56:52 -1294819.500000        0.331661
FIRE:   49 08:56:52 -1294819.625000        0.312488
FIRE:   50 08:56:53 -1294819.875000        0.318927
FIRE:   51 08:56:53 -1294820.000000        0.318011
FIRE:   52 08:56:53 -1294820.125000        0.318256
FIRE:   53 08:56:53 -1294820.375000        0.318990
FIRE:   54 08:56:53 -1294820.500000        0.305868
FIRE:   55 08:56:53 -1294820.625000        0.285172
FIRE:   56 08:56:53 -1294820.750000        0.260886
FIRE:   57 08:56:53 -1294820.875000        0.235148
FIRE:   58 08:56:53 -1294821.125000        0.204648
FIRE:   59 08:56:53 -1294821.250000        0.232028
FIRE:   60 08:56:53 -1294821.250000        0.275761
FIRE:   61 08:56:53 -1294822.750000        0.285221
FIRE:   62 08:56:53 -1294821.500000        0.260472
FIRE:   63 08:56:53 -1294824.000000        0.212468
FIRE:   64 08:56:54 -1294824.375000        0.160829
FIRE:   65 08:56:54 -1294823.250000        0.150329
FIRE:   66 08:56:54 -1294825.500000        0.134188
FIRE:   67 08:56:54 -1294822.000000        0.141577
FIRE:   68 08:56:54 -1294829.500000        0.141127
FIRE:   69 08:56:54 -1294822.250000        0.170562
FIRE:   70 08:56:54 -1294822.250000        0.195933
FIRE:   71 08:56:54 -1294822.375000        0.206853
FIRE:   72 08:56:54 -1294822.375000        0.206058
FIRE:   73 08:56:54 -1294822.500000        0.190070
FIRE:   74 08:56:54 -1294822.625000        0.163932
FIRE:   75 08:56:54 -1294824.625000        0.144734
FIRE:   76 08:56:54 -1294826.250000        0.136505
FIRE:   77 08:56:54 -1294822.750000        0.138057
FIRE:   78 08:56:55 -1294824.250000        0.153708
FIRE:   79 08:56:55 -1294826.250000        0.152993
FIRE:   80 08:56:55 -1294824.375000        0.126809
FIRE:   81 08:56:55 -1294825.625000        0.110053
FIRE:   82 08:56:55 -1294824.500000        0.115759
FIRE:   83 08:56:55 -1294824.500000        0.129986
FIRE:   84 08:56:55 -1294825.625000        0.142092
FIRE:   85 08:56:55 -1294830.500000        0.141763
FIRE:   86 08:56:55 -1294827.750000        0.144188
FIRE:   87 08:56:55 -1294827.000000        0.147094
FIRE:   88 08:56:55 -1294824.875000        0.139739
FIRE:   89 08:56:55 -1294824.875000        0.132472
FIRE:   90 08:56:55 -1294823.625000        0.125341
FIRE:   91 08:56:55 -1294825.000000        0.104315
FIRE:   92 08:56:56 -1294823.625000        0.103960
FIRE:   93 08:56:56 -1294823.750000        0.102181
FIRE:   94 08:56:56 -1294823.750000        0.110821
FIRE:   95 08:56:56 -1294823.750000        0.110261
FIRE:   96 08:56:56 -1294826.375000        0.096081
FIRE:   97 08:56:56 -1294823.875000        0.088575
FIRE:   98 08:56:56 -1294823.875000        0.086386
FIRE:   99 08:56:56 -1294824.000000        0.086153
FIRE:  100 08:56:56 -1294824.000000        0.089831
FIRE:  101 08:56:56 -1294824.000000        0.100486
FIRE:  102 08:56:56 -1294824.125000        0.100707
FIRE:  103 08:56:56 -1294826.625000        0.097132
FIRE:  104 08:56:56 -1294824.125000        0.091855
FIRE:  105 08:56:56 -1294826.750000        0.082512
FIRE:  106 08:56:57 -1294827.250000        0.098345
FIRE:  107 08:56:57 -1294826.875000        0.099017
FIRE:  108 08:56:57 -1294831.625000        0.090611
FIRE:  109 08:56:57 -1294831.125000        0.087888
FIRE:  110 08:56:57 -1294827.500000        0.088547
FIRE:  111 08:56:57 -1294826.750000        0.085857
FIRE:  112 08:56:57 -1294831.000000        0.086076
FIRE:  113 08:56:57 -1294824.375000        0.099645
FIRE:  114 08:56:57 -1294824.375000        0.113260
FIRE:  115 08:56:57 -1294824.500000        0.127251
FIRE:  116 08:56:57 -1294826.500000        0.139737
FIRE:  117 08:56:57 -1294826.625000        0.149528
FIRE:  118 08:56:57 -1294826.125000        0.155075
FIRE:  119 08:56:57 -1294826.000000        0.156521
FIRE:  120 08:56:58 -1294824.625000        0.154309
FIRE:  121 08:56:58 -1294827.125000        0.149861
FIRE:  122 08:56:58 -1294827.375000        0.145135
FIRE:  123 08:56:58 -1294827.125000        0.142377
FIRE:  124 08:56:58 -1294827.750000        0.133851
FIRE:  125 08:56:58 -1294827.000000        0.123195
FIRE:  126 08:56:58 -1294824.875000        0.117103
FIRE:  127 08:56:58 -1294824.875000        0.125915
FIRE:  128 08:56:58 -1294824.875000        0.106467
FIRE:  129 08:56:58 -1294827.875000        0.098652
FIRE:  130 08:56:58 -1294825.000000        0.098916
FIRE:  131 08:56:58 -1294825.000000        0.098019
FIRE:  132 08:56:58 -1294825.000000        0.117207
FIRE:  133 08:56:58 -1294825.125000        0.143168
FIRE:  134 08:56:59 -1294825.125000        0.169633
FIRE:  135 08:56:59 -1294832.125000        0.191089
FIRE:  136 08:56:59 -1294832.500000        0.210279
FIRE:  137 08:56:59 -1294828.250000        0.223784
FIRE:  138 08:56:59 -1294825.250000        0.226761
FIRE:  139 08:56:59 -1294825.250000        0.218807
FIRE:  140 08:56:59 -1294827.750000        0.201120
FIRE:  141 08:56:59 -1294827.500000        0.174763
FIRE:  142 08:56:59 -1294828.375000        0.142970
FIRE:  143 08:56:59 -1294827.625000        0.107091
FIRE:  144 08:56:59 -1294827.875000        0.087064
FIRE:  145 08:56:59 -1294825.375000        0.094278
FIRE:  146 08:56:59 -1294825.500000        0.100756
FIRE:  147 08:56:59 -1294825.500000        0.103164
FIRE:  148 08:56:59 -1294825.500000        0.103161
FIRE:  149 08:57:00 -1294827.375000        0.100855
FIRE:  150 08:57:00 -1294828.125000        0.118789
FIRE:  151 08:57:00 -1294828.250000        0.129808
FIRE:  152 08:57:00 -1294825.625000        0.139776
FIRE:  153 08:57:00 -1294832.125000        0.148957
FIRE:  154 08:57:00 -1294833.000000        0.154312
FIRE:  155 08:57:00 -1294832.625000        0.154457
FIRE:  156 08:57:00 -1294832.375000        0.146790
FIRE:  157 08:57:00 -1294832.500000        0.133050
FIRE:  158 08:57:00 -1294832.500000        0.115655
FIRE:  159 08:57:00 -1294828.250000        0.109650
FIRE:  160 08:57:00 -1294829.750000        0.106943
FIRE:  161 08:57:00 -1294829.500000        0.100830
FIRE:  162 08:57:00 -1294829.125000        0.095975
FIRE:  163 08:57:01 -1294827.625000        0.094408
FIRE:  164 08:57:01 -1294825.875000        0.086431
FIRE:  165 08:57:01 -1294825.875000        0.091643
FIRE:  166 08:57:01 -1294825.875000        0.106744
FIRE:  167 08:57:01 -1294825.875000        0.113362
FIRE:  168 08:57:01 -1294826.000000        0.111519
FIRE:  169 08:57:01 -1294826.000000        0.107000
FIRE:  170 08:57:01 -1294829.375000        0.105537
FIRE:  171 08:57:01 -1294829.375000        0.108630
FIRE:  172 08:57:01 -1294828.875000        0.122303
FIRE:  173 08:57:01 -1294828.375000        0.128103
FIRE:  174 08:57:01 -1294830.000000        0.125165
FIRE:  175 08:57:01 -1294829.500000        0.133452
FIRE:  176 08:57:01 -1294828.625000        0.112086
FIRE:  177 08:57:02 -1294827.750000        0.109457
FIRE:  178 08:57:02 -1294826.000000        0.108706
FIRE:  179 08:57:02 -1294826.000000        0.103747
FIRE:  180 08:57:02 -1294826.000000        0.095076
FIRE:  181 08:57:02 -1294827.375000        0.511985
FIRE:  182 08:57:02 -1294828.000000        2.871215
FIRE:  183 08:57:02 -1294827.375000        1.829558
FIRE:  184 08:57:02 -1294827.875000        1.184048
FIRE:  185 08:57:02 -1294830.750000        0.094873
FIRE:  186 08:57:02 -1294829.875000        1.101030
FIRE:  187 08:57:02 -1294830.125000        0.983519
FIRE:  188 08:57:02 -1294827.500000        0.763356
FIRE:  189 08:57:02 -1294828.000000        0.467601
FIRE:  190 08:57:02 -1294827.500000        0.131588
FIRE:  191 08:57:02 -1294827.500000        0.202345
FIRE:  192 08:57:03 -1294830.125000        0.197612
FIRE:  193 08:57:03 -1294827.875000        0.188291
FIRE:  194 08:57:03 -1294827.875000        0.174575
FIRE:  195 08:57:03 -1294827.875000        0.156867
FIRE:  196 08:57:03 -1294827.500000        0.135654
FIRE:  197 08:57:03 -1294826.125000        0.111610
FIRE:  198 08:57:03 -1294827.500000        0.085546
FIRE:  199 08:57:03 -1294830.250000        0.079271
FIRE:  200 08:57:03 -1294827.500000        0.079260
FIRE:  201 08:57:03 -1294827.875000        0.079422
FIRE:  202 08:57:03 -1294830.125000        0.079702
FIRE:  203 08:57:03 -1294827.750000        0.079975
FIRE:  204 08:57:03 -1294830.000000        0.083430
FIRE:  205 08:57:03 -1294830.750000        0.083326
FIRE:  206 08:57:04 -1294827.750000        0.079290
FIRE:  207 08:57:04 -1294833.125000        0.078647
FIRE:  208 08:57:04 -1294828.000000        0.078250
FIRE:  209 08:57:04 -1294830.750000        0.078172
FIRE:  210 08:57:04 -1294830.750000        0.081665
FIRE:  211 08:57:04 -1294830.000000        0.077214
FIRE:  212 08:57:04 -1294829.625000        0.076404
FIRE:  213 08:57:04 -1294829.750000        0.076050
FIRE:  214 08:57:04 -1294829.500000        0.075099
FIRE:  215 08:57:04 -1294829.500000        0.073608
FIRE:  216 08:57:04 -1294830.125000        0.072793
FIRE:  217 08:57:04 -1294829.875000        0.070566
FIRE:  218 08:57:04 -1294829.750000        0.068784
FIRE:  219 08:57:04 -1294829.625000        0.066309
FIRE:  220 08:57:05 -1294829.625000        0.064082
FIRE:  221 08:57:05 -1294831.000000        0.088186
FIRE:  222 08:57:05 -1294830.375000        0.152179
FIRE:  223 08:57:05 -1294827.625000        0.265466
FIRE:  224 08:57:05 -1294828.750000        0.588178
FIRE:  225 08:57:05 -1294828.625000        0.083517
FIRE:  226 08:57:05 -1294828.750000        0.487707
FIRE:  227 08:57:05 -1294828.875000        0.375864
FIRE:  228 08:57:05 -1294828.750000        0.179444
FIRE:  229 08:57:05 -1294829.125000        0.053953
FIRE:  230 08:57:05 -1294828.625000        0.051332
FIRE:  231 08:57:05 -1294829.000000        0.046244
