      Step     Time          Energy          fmax
FIRE:    0 09:55:29  -943600.125000        4.722249
FIRE:    1 09:55:29  -943601.562500        5.084320
FIRE:    2 09:55:31  -943602.750000        5.566600
FIRE:    3 09:55:31  -943604.562500        5.190907
FIRE:    4 09:55:31  -943605.812500        4.217680
FIRE:    5 09:55:31  -943606.562500        5.061078
FIRE:    6 09:55:31  -943607.375000        3.936684
FIRE:    7 09:55:31  -943608.062500        1.216998
FIRE:    8 09:55:31  -943608.500000        2.412499
FIRE:    9 09:55:32  -943608.375000        3.128090
FIRE:   10 09:55:32  -943609.062500        2.493955
FIRE:   11 09:55:33  -943609.500000        1.369392
FIRE:   12 09:55:33  -943609.937500        2.574913
FIRE:   13 09:55:33  -943610.250000        2.195045
FIRE:   14 09:55:33  -943610.562500        0.960574
FIRE:   15 09:55:33  -943611.312500        2.014636
FIRE:   16 09:55:33  -943611.687500        1.396317
FIRE:   17 09:55:33  -943612.000000        1.231227
FIRE:   18 09:55:33  -943611.687500        1.915903
FIRE:   19 09:55:33  -943612.062500        1.160015
FIRE:   20 09:55:33  -943612.375000        1.684788
FIRE:   21 09:55:33  -943613.125000        1.132577
FIRE:   22 09:55:33  -943613.062500        1.559076
FIRE:   23 09:55:33  -943613.437500        1.595252
FIRE:   24 09:55:33  -943613.937500        1.532890
FIRE:   25 09:55:34  -943614.250000        1.542822
FIRE:   26 09:55:35  -943614.562500        1.270036
FIRE:   27 09:55:35  -943614.937500        0.936758
FIRE:   28 09:55:35  -943615.187500        1.224077
FIRE:   29 09:55:35  -943615.437500        1.808477
FIRE:   30 09:55:35  -943615.750000        1.849610
FIRE:   31 09:55:35  -943616.250000        2.697462
FIRE:   32 09:55:35  -943616.937500        3.687198
FIRE:   33 09:55:35  -943617.750000        3.299742
FIRE:   34 09:55:36  -943618.437500        3.280697
FIRE:   35 09:55:36  -943618.750000        5.416813
FIRE:   36 09:55:36  -943619.250000        2.593273
FIRE:   37 09:55:36  -943619.687500        2.786729
FIRE:   38 09:55:36  -943619.750000        3.370057
FIRE:   39 09:55:36  -943619.937500        2.852654
FIRE:   40 09:55:36  -943621.187500        2.176304
FIRE:   41 09:55:36  -943621.437500        2.317222
FIRE:   42 09:55:36  -943621.687500        1.448270
FIRE:   43 09:55:36  -943621.750000        2.403525
FIRE:   44 09:55:36  -943621.062500        9.183387
FIRE:   45 09:55:36  -943621.625000        3.693972
FIRE:   46 09:55:36  -943621.937500        1.247608
FIRE:   47 09:55:36  -943621.750000        5.788713
FIRE:   48 09:55:37  -943621.937500        2.996307
FIRE:   49 09:55:37  -943622.000000        0.762195
FIRE:   50 09:55:37  -943622.000000        0.678577
FIRE:   51 09:55:37  -943622.000000        0.562991
FIRE:   52 09:55:37  -943622.000000        0.473470
FIRE:   53 09:55:37  -943622.000000        0.449759
FIRE:   54 09:55:37  -943622.000000        0.446504
FIRE:   55 09:55:37  -943622.000000        0.456439
FIRE:   56 09:55:37  -943622.062500        0.504099
FIRE:   57 09:55:37  -943622.062500        0.536294
FIRE:   58 09:55:37  -943622.062500        0.465785
FIRE:   59 09:55:37  -943621.937500        0.451377
FIRE:   60 09:55:37  -943621.687500        0.494776
FIRE:   61 09:55:37  -943622.125000        0.549680
FIRE:   62 09:55:38  -943622.000000        0.554729
FIRE:   63 09:55:38  -943621.812500        0.496000
FIRE:   64 09:55:38  -943621.812500        0.471134
FIRE:   65 09:55:38  -943621.437500        0.507605
FIRE:   66 09:55:38  -943622.250000        0.475213
FIRE:   67 09:55:38  -943622.437500        0.519142
FIRE:   68 09:55:38  -943622.562500        0.525149
FIRE:   69 09:55:38  -943622.687500        0.449569
FIRE:   70 09:55:38  -943622.375000        0.441854
FIRE:   71 09:55:38  -943622.812500        0.454789
FIRE:   72 09:55:38  -943623.000000        0.651451
FIRE:   73 09:55:38  -943622.312500        0.891046
FIRE:   74 09:55:38  -943622.437500        1.005196
FIRE:   75 09:55:38  -943622.562500        1.017967
FIRE:   76 09:55:39  -943622.625000        1.135396
FIRE:   77 09:55:39  -943622.750000        1.378464
FIRE:   78 09:55:39  -943623.187500        1.807105
FIRE:   79 09:55:39  -943623.937500        2.355212
FIRE:   80 09:55:39  -943623.375000        2.592806
FIRE:   81 09:55:39  -943623.375000        1.216596
FIRE:   82 09:55:39  -943623.437500        0.745575
FIRE:   83 09:55:39  -943623.562500        0.648244
FIRE:   84 09:55:39  -943623.500000        0.466544
FIRE:   85 09:55:39  -943623.437500        0.299492
FIRE:   86 09:55:39  -943623.500000        0.241790
FIRE:   87 09:55:39  -943623.062500        0.276311
FIRE:   88 09:55:39  -943623.437500        0.431853
FIRE:   89 09:55:39  -943623.375000        0.488160
FIRE:   90 09:55:40  -943623.375000        0.428255
FIRE:   91 09:55:40  -943623.375000        0.244818
FIRE:   92 09:55:40  -943623.375000        0.201612
FIRE:   93 09:55:40  -943623.562500        0.289455
FIRE:   94 09:55:40  -943623.500000        0.368045
FIRE:   95 09:55:40  -943623.625000        0.204945
FIRE:   96 09:55:40  -943623.500000        0.189408
FIRE:   97 09:55:40  -943623.687500        0.367905
FIRE:   98 09:55:40  -943623.687500        0.174946
FIRE:   99 09:55:40  -943624.187500        0.298889
FIRE:  100 09:55:40  -943624.000000        0.208159
FIRE:  101 09:55:40  -943624.250000        0.407935
FIRE:  102 09:55:40  -943624.125000        0.181358
FIRE:  103 09:55:40  -943623.500000        0.255341
FIRE:  104 09:55:41  -943624.062500        0.571892
FIRE:  105 09:55:41  -943624.375000        0.952945
FIRE:  106 09:55:41  -943623.625000        1.844792
FIRE:  107 09:55:41  -943623.687500        3.868337
FIRE:  108 09:55:41  -943623.750000        0.270937
FIRE:  109 09:55:41  -943623.687500        3.523233
FIRE:  110 09:55:41  -943623.687500        2.590478
FIRE:  111 09:55:41  -943623.812500        1.025528
FIRE:  112 09:55:41  -943624.062500        0.748721
FIRE:  113 09:55:41  -943624.312500        0.704066
FIRE:  114 09:55:41  -943624.250000        0.617500
FIRE:  115 09:55:41  -943624.250000        0.494657
FIRE:  116 09:55:41  -943624.187500        0.343970
FIRE:  117 09:55:41  -943624.125000        0.268120
FIRE:  118 09:55:42  -943624.187500        0.220039
FIRE:  119 09:55:42  -943623.875000        0.214600
FIRE:  120 09:55:42  -943624.312500        0.286438
FIRE:  121 09:55:42  -943624.312500        0.368126
FIRE:  122 09:55:42  -943624.250000        0.383546
FIRE:  123 09:55:42  -943624.187500        0.317200
FIRE:  124 09:55:42  -943624.187500        0.253522
FIRE:  125 09:55:42  -943624.375000        0.208715
FIRE:  126 09:55:42  -943624.312500        0.276811
FIRE:  127 09:55:42  -943624.375000        0.350672
FIRE:  128 09:55:42  -943624.125000        0.252491
FIRE:  129 09:55:42  -943624.312500        0.191926
FIRE:  130 09:55:42  -943624.312500        0.254314
FIRE:  131 09:55:43  -943624.312500        0.209042
FIRE:  132 09:55:43  -943624.312500        0.197161
FIRE:  133 09:55:43  -943624.312500        0.282607
FIRE:  134 09:55:43  -943624.000000        0.166317
FIRE:  135 09:55:43  -943624.000000        0.236748
FIRE:  136 09:55:43  -943624.062500        0.262311
FIRE:  137 09:55:43  -943624.125000        0.133505
FIRE:  138 09:55:43  -943624.187500        0.149095
FIRE:  139 09:55:43  -943624.187500        0.439445
FIRE:  140 09:55:43  -943625.000000        1.137912
FIRE:  141 09:55:43  -943624.187500        3.402128
FIRE:  142 09:55:43  -943624.687500        0.245958
FIRE:  143 09:55:43  -943624.687500        0.219403
FIRE:  144 09:55:43  -943624.562500        0.172558
FIRE:  145 09:55:44  -943624.687500        0.118519
FIRE:  146 09:55:44  -943624.625000        0.140395
FIRE:  147 09:55:44  -943624.562500        0.161626
FIRE:  148 09:55:44  -943624.312500        0.139351
FIRE:  149 09:55:44  -943624.312500        0.108362
FIRE:  150 09:55:44  -943624.187500        0.146517
FIRE:  151 09:55:44  -943624.562500        0.162299
FIRE:  152 09:55:44  -943624.312500        0.133808
FIRE:  153 09:55:44  -943624.375000        0.082587
FIRE:  154 09:55:44  -943624.375000        0.123234
FIRE:  155 09:55:44  -943624.312500        0.092210
FIRE:  156 09:55:44  -943624.312500        0.121251
FIRE:  157 09:55:44  -943624.312500        0.085987
FIRE:  158 09:55:44  -943624.375000        0.123980
FIRE:  159 09:55:45  -943624.437500        0.134058
FIRE:  160 09:55:45  -943624.562500        0.107472
FIRE:  161 09:55:45  -943624.562500        0.124959
FIRE:  162 09:55:45  -943624.562500        0.302467
FIRE:  163 09:55:45  -943624.625000        0.918758
FIRE:  164 09:55:45  -943624.625000        3.307451
FIRE:  165 09:55:45  -943624.750000        0.398288
FIRE:  166 09:55:45  -943624.687500        0.293354
FIRE:  167 09:55:45  -943624.562500        0.178413
FIRE:  168 09:55:45  -943624.750000        0.177090
FIRE:  169 09:55:45  -943624.562500        0.336098
FIRE:  170 09:55:45  -943624.687500        0.373582
FIRE:  171 09:55:45  -943624.562500        0.283178
FIRE:  172 09:55:45  -943624.562500        0.107135
FIRE:  173 09:55:46  -943624.625000        0.204143
FIRE:  174 09:55:46  -943624.625000        0.246698
FIRE:  175 09:55:46  -943624.687500        0.175885
FIRE:  176 09:55:46  -943624.625000        0.154099
FIRE:  177 09:55:46  -943624.750000        0.283319
FIRE:  178 09:55:46  -943624.750000        0.103064
FIRE:  179 09:55:46  -943624.812500        0.195746
FIRE:  180 09:55:46  -943624.812500        0.095337
FIRE:  181 09:55:46  -943624.812500        0.303922
FIRE:  182 09:55:46  -943624.875000        0.215156
FIRE:  183 09:55:46  -943624.875000        0.189652
FIRE:  184 09:55:46  -943624.812500        0.163295
FIRE:  185 09:55:46  -943624.875000        0.296782
FIRE:  186 09:55:46  -943625.000000        0.739952
FIRE:  187 09:55:46  -943624.812500        3.045865
FIRE:  188 09:55:47  -943625.000000        0.680631
FIRE:  189 09:55:47  -943625.062500        0.456045
FIRE:  190 09:55:47  -943625.062500        0.204934
FIRE:  191 09:55:47  -943625.062500        0.336957
FIRE:  192 09:55:47  -943625.062500        0.316291
FIRE:  193 09:55:47  -943625.125000        0.276780
FIRE:  194 09:55:47  -943625.062500        0.222398
FIRE:  195 09:55:47  -943625.062500        0.159691
FIRE:  196 09:55:47  -943625.062500        0.121039
FIRE:  197 09:55:47  -943625.125000        0.137649
FIRE:  198 09:55:47  -943625.125000        0.151374
FIRE:  199 09:55:47  -943625.125000        0.159282
FIRE:  200 09:55:47  -943625.062500        0.157438
FIRE:  201 09:55:47  -943625.062500        0.151977
FIRE:  202 09:55:47  -943625.062500        0.133311
FIRE:  203 09:55:47  -943625.125000        0.118152
FIRE:  204 09:55:47  -943625.125000        0.162756
FIRE:  205 09:55:47  -943625.125000        0.190794
FIRE:  206 09:55:48  -943625.062500        0.152259
FIRE:  207 09:55:48  -943625.062500        0.118802
FIRE:  208 09:55:48  -943625.062500        0.141558
FIRE:  209 09:55:48  -943625.062500        0.136304
FIRE:  210 09:55:48  -943625.125000        0.137153
FIRE:  211 09:55:48  -943625.187500        0.165519
FIRE:  212 09:55:48  -943625.125000        0.128531
FIRE:  213 09:55:48  -943625.187500        0.139461
FIRE:  214 09:55:48  -943625.125000        0.191576
FIRE:  215 09:55:48  -943625.312500        0.144345
FIRE:  216 09:55:48  -943625.187500        0.156698
FIRE:  217 09:55:48  -943625.375000        0.163809
FIRE:  218 09:55:48  -943625.437500        0.271204
FIRE:  219 09:55:48  -943625.437500        1.002256
FIRE:  220 09:55:48  -943625.437500        2.662242
FIRE:  221 09:55:48  -943625.500000        1.027210
FIRE:  222 09:55:48  -943625.562500        0.732008
FIRE:  223 09:55:48  -943625.625000        0.219939
FIRE:  224 09:55:49  -943625.562500        0.398071
FIRE:  225 09:55:49  -943625.625000        0.362947
FIRE:  226 09:55:49  -943625.562500        0.296121
FIRE:  227 09:55:49  -943625.562500        0.218856
FIRE:  228 09:55:49  -943625.562500        0.218031
FIRE:  229 09:55:49  -943625.625000        0.218327
FIRE:  230 09:55:49  -943625.625000        0.219722
FIRE:  231 09:55:49  -943625.625000        0.221671
FIRE:  232 09:55:49  -943625.625000        0.233129
FIRE:  233 09:55:49  -943625.562500        0.240152
FIRE:  234 09:55:49  -943625.625000        0.224327
FIRE:  235 09:55:49  -943625.562500        0.222906
FIRE:  236 09:55:49  -943625.625000        0.221670
FIRE:  237 09:55:49  -943625.625000        0.221875
FIRE:  238 09:55:49  -943625.625000        0.223196
FIRE:  239 09:55:49  -943625.562500        0.225447
FIRE:  240 09:55:49  -943625.562500        0.230624
FIRE:  241 09:55:49  -943625.562500        0.238079
FIRE:  242 09:55:50  -943625.687500        0.242017
FIRE:  243 09:55:50  -943625.625000        0.243875
FIRE:  244 09:55:50  -943625.625000        0.250548
FIRE:  245 09:55:50  -943625.750000        0.263236
FIRE:  246 09:55:50  -943625.687500        0.275571
FIRE:  247 09:55:50  -943625.812500        0.278028
FIRE:  248 09:55:50  -943625.875000        0.288206
FIRE:  249 09:55:50  -943625.875000        0.292993
FIRE:  250 09:55:50  -943625.937500        0.328190
FIRE:  251 09:55:50  -943626.000000        0.969645
FIRE:  252 09:55:50  -943626.062500        2.677528
FIRE:  253 09:55:50  -943626.125000        0.215266
FIRE:  254 09:55:50  -943626.000000        3.285160
FIRE:  255 09:55:50  -943626.062500        2.098786
FIRE:  256 09:55:50  -943626.125000        0.397807
FIRE:  257 09:55:50  -943626.062500        1.109726
FIRE:  258 09:55:50  -943626.125000        1.042550
FIRE:  259 09:55:50  -943626.062500        0.910693
FIRE:  260 09:55:50  -943626.062500        0.719534
FIRE:  261 09:55:51  -943626.187500        0.478056
FIRE:  262 09:55:51  -943626.000000        0.200557
FIRE:  263 09:55:51  -943626.187500        0.155337
FIRE:  264 09:55:51  -943626.125000        0.337408
FIRE:  265 09:55:51  -943626.125000        0.331139
FIRE:  266 09:55:51  -943626.125000        0.318789
FIRE:  267 09:55:51  -943626.187500        0.300547
FIRE:  268 09:55:51  -943626.125000        0.276870
FIRE:  269 09:55:51  -943626.125000        0.248277
FIRE:  270 09:55:51  -943626.125000        0.215475
FIRE:  271 09:55:51  -943626.125000        0.179258
FIRE:  272 09:55:51  -943626.187500        0.155688
FIRE:  273 09:55:51  -943626.125000        0.155775
FIRE:  274 09:55:51  -943626.125000        0.155885
FIRE:  275 09:55:52  -943626.187500        0.156010
FIRE:  276 09:55:52  -943626.000000        0.156155
FIRE:  277 09:55:52  -943626.125000        0.156308
FIRE:  278 09:55:52  -943626.187500        0.159838
FIRE:  279 09:55:52  -943626.000000        0.173345
FIRE:  280 09:55:52  -943626.125000        0.160700
FIRE:  281 09:55:52  -943626.000000        0.157019
FIRE:  282 09:55:52  -943626.187500        0.157212
FIRE:  283 09:55:52  -943626.125000        0.157419
FIRE:  284 09:55:52  -943626.187500        0.157648
FIRE:  285 09:55:52  -943626.125000        0.157889
FIRE:  286 09:55:52  -943626.062500        0.158114
FIRE:  287 09:55:52  -943626.000000        0.158162
FIRE:  288 09:55:52  -943626.125000        0.157836
FIRE:  289 09:55:52  -943626.062500        0.156907
FIRE:  290 09:55:52  -943626.250000        0.155158
FIRE:  291 09:55:52  -943626.187500        0.152453
FIRE:  292 09:55:52  -943626.187500        0.148578
FIRE:  293 09:55:53  -943626.187500        0.142907
FIRE:  294 09:55:53  -943626.250000        0.135024
FIRE:  295 09:55:53  -943626.312500        0.125434
FIRE:  296 09:55:53  -943626.312500        0.163484
FIRE:  297 09:55:53  -943626.312500        0.247264
FIRE:  298 09:55:53  -943626.375000        0.523378
FIRE:  299 09:55:53  -943626.687500        1.235286
FIRE:  300 09:55:53  -943626.687500        2.814664
FIRE:  301 09:55:53  -943626.750000        0.306181
FIRE:  302 09:55:53  -943626.750000        3.537967
FIRE:  303 09:55:53  -943626.750000        2.263715
FIRE:  304 09:55:53  -943626.812500        0.448445
FIRE:  305 09:55:53  -943626.812500        1.161819
FIRE:  306 09:55:53  -943626.687500        1.092757
FIRE:  307 09:55:53  -943626.687500        0.957054
FIRE:  308 09:55:53  -943626.687500        0.759811
FIRE:  309 09:55:53  -943626.687500        0.509669
FIRE:  310 09:55:54  -943626.750000        0.219976
FIRE:  311 09:55:54  -943626.750000        0.086227
FIRE:  312 09:55:54  -943626.750000        0.352014
FIRE:  313 09:55:54  -943626.812500        0.345738
FIRE:  314 09:55:54  -943626.750000        0.333314
FIRE:  315 09:55:54  -943626.687500        0.314965
FIRE:  316 09:55:54  -943626.750000        0.291144
FIRE:  317 09:55:54  -943626.687500        0.262318
FIRE:  318 09:55:54  -943626.750000        0.229162
FIRE:  319 09:55:54  -943626.687500        0.192491
FIRE:  320 09:55:54  -943626.812500        0.148970
FIRE:  321 09:55:54  -943626.750000        0.098884
FIRE:  322 09:55:54  -943626.750000        0.075184
FIRE:  323 09:55:54  -943626.687500        0.075184
FIRE:  324 09:55:54  -943626.812500        0.075193
FIRE:  325 09:55:54  -943626.812500        0.122457
FIRE:  326 09:55:54  -943626.750000        0.157695
FIRE:  327 09:55:55  -943626.812500        0.172693
FIRE:  328 09:55:55  -943626.812500        0.161755
FIRE:  329 09:55:55  -943626.500000        0.121582
FIRE:  330 09:55:55  -943626.500000        0.074646
FIRE:  331 09:55:55  -943626.500000        0.074426
FIRE:  332 09:55:55  -943626.500000        0.101955
FIRE:  333 09:55:55  -943626.437500        0.125029
FIRE:  334 09:55:55  -943626.875000        0.085507
FIRE:  335 09:55:55  -943626.875000        0.073524
FIRE:  336 09:55:55  -943626.750000        0.110470
FIRE:  337 09:55:55  -943626.500000        0.110423
FIRE:  338 09:55:55  -943626.875000        0.075745
FIRE:  339 09:55:55  -943626.875000        0.102936
FIRE:  340 09:55:55  -943626.812500        0.076377
FIRE:  341 09:55:55  -943626.812500        0.116110
FIRE:  342 09:55:56  -943626.875000        0.075499
FIRE:  343 09:55:56  -943626.812500        0.109618
FIRE:  344 09:55:56  -943626.812500        0.156719
FIRE:  345 09:55:56  -943626.937500        0.166413
FIRE:  346 09:55:56  -943627.312500        0.306273
FIRE:  347 09:55:56  -943627.187500        0.756265
FIRE:  348 09:55:56  -943627.187500        1.916517
FIRE:  349 09:55:56  -943627.250000        0.101425
FIRE:  350 09:55:56  -943627.375000        2.133150
FIRE:  351 09:55:56  -943627.437500        1.445896
FIRE:  352 09:55:56  -943627.187500        0.385909
FIRE:  353 09:55:56  -943627.375000        0.653883
FIRE:  354 09:55:56  -943627.375000        0.613378
FIRE:  355 09:55:56  -943627.437500        0.534381
FIRE:  356 09:55:57  -943627.250000        0.421029
FIRE:  357 09:55:57  -943627.312500        0.279913
FIRE:  358 09:55:57  -943627.437500        0.120846
FIRE:  359 09:55:57  -943627.437500        0.100526
FIRE:  360 09:55:57  -943627.437500        0.182826
FIRE:  361 09:55:57  -943627.187500        0.295109
FIRE:  362 09:55:57  -943627.437500        0.359295
FIRE:  363 09:55:57  -943627.375000        0.358419
FIRE:  364 09:55:57  -943627.375000        0.281291
FIRE:  365 09:55:57  -943627.437500        0.130482
FIRE:  366 09:55:57  -943627.250000        0.106248
FIRE:  367 09:55:57  -943627.250000        0.233259
FIRE:  368 09:55:57  -943627.250000        0.289531
FIRE:  369 09:55:58  -943627.375000        0.195083
FIRE:  370 09:55:58  -943627.375000        0.115830
FIRE:  371 09:55:58  -943627.375000        0.226995
FIRE:  372 09:55:58  -943627.375000        0.181551
FIRE:  373 09:55:58  -943627.500000        0.132757
FIRE:  374 09:55:58  -943627.312500        0.231052
FIRE:  375 09:55:58  -943627.250000        0.149685
FIRE:  376 09:55:58  -943626.812500        0.209214
FIRE:  377 09:55:58  -943627.500000        0.172195
FIRE:  378 09:55:58  -943626.875000        0.136236
FIRE:  379 09:55:58  -943626.687500        0.207043
FIRE:  380 09:55:58  -943627.625000        0.518326
FIRE:  381 09:55:58  -943627.625000        1.231837
FIRE:  382 09:55:58  -943627.437500        0.104635
FIRE:  383 09:55:59  -943627.562500        0.988039
FIRE:  384 09:55:59  -943627.562500        0.784328
FIRE:  385 09:55:59  -943627.500000        0.407077
FIRE:  386 09:55:59  -943627.375000        0.093453
FIRE:  387 09:55:59  -943627.562500        0.493349
FIRE:  388 09:55:59  -943627.562500        0.463062
FIRE:  389 09:55:59  -943627.375000        0.404633
FIRE:  390 09:55:59  -943627.562500        0.322243
FIRE:  391 09:55:59  -943627.562500        0.221977
FIRE:  392 09:55:59  -943627.437500        0.111832
FIRE:  393 09:55:59  -943627.562500        0.091914
FIRE:  394 09:55:59  -943627.562500        0.101208
FIRE:  395 09:55:59  -943627.625000        0.186254
FIRE:  396 09:56:00  -943627.437500        0.245071
FIRE:  397 09:56:00  -943627.562500        0.266015
FIRE:  398 09:56:00  -943627.562500        0.239460
FIRE:  399 09:56:00  -943627.625000        0.160613
FIRE:  400 09:56:00  -943627.500000        0.086786
FIRE:  401 09:56:00  -943627.625000        0.104075
FIRE:  402 09:56:00  -943627.500000        0.189685
FIRE:  403 09:56:00  -943627.437500        0.173152
FIRE:  404 09:56:00  -943627.437500        0.080154
FIRE:  405 09:56:00  -943627.687500        0.128980
FIRE:  406 09:56:00  -943627.562500        0.183037
FIRE:  407 09:56:00  -943627.687500        0.075521
FIRE:  408 09:56:00  -943627.625000        0.149981
FIRE:  409 09:56:00  -943627.500000        0.089895
FIRE:  410 09:56:01  -943627.500000        0.172895
FIRE:  411 09:56:01  -943627.562500        0.073902
FIRE:  412 09:56:01  -943627.062500        0.194121
FIRE:  413 09:56:01  -943626.875000        0.254727
FIRE:  414 09:56:01  -943627.000000        0.248669
FIRE:  415 09:56:01  -943627.125000        0.443641
FIRE:  416 09:56:01  -943626.937500        1.096882
FIRE:  417 09:56:01  -943627.125000        2.763365
FIRE:  418 09:56:01  -943627.062500        0.129107
FIRE:  419 09:56:01  -943626.937500        3.508237
FIRE:  420 09:56:01  -943627.000000        2.181811
FIRE:  421 09:56:01  -943627.062500        0.321033
FIRE:  422 09:56:01  -943627.187500        1.288338
FIRE:  423 09:56:02  -943627.000000        1.208828
FIRE:  424 09:56:02  -943627.000000        1.052480
FIRE:  425 09:56:02  -943627.000000        0.825089
FIRE:  426 09:56:02  -943627.000000        0.536555
FIRE:  427 09:56:02  -943627.000000        0.202877
FIRE:  428 09:56:02  -943627.062500        0.147474
FIRE:  429 09:56:02  -943627.062500        0.144694
FIRE:  430 09:56:02  -943627.187500        0.139207
FIRE:  431 09:56:02  -943627.125000        0.131118
FIRE:  432 09:56:02  -943627.125000        0.120631
FIRE:  433 09:56:02  -943627.000000        0.108001
FIRE:  434 09:56:02  -943627.000000        0.093575
FIRE:  435 09:56:02  -943627.062500        0.087127
FIRE:  436 09:56:02  -943627.000000        0.087127
FIRE:  437 09:56:03  -943627.000000        0.087141
FIRE:  438 09:56:03  -943627.000000        0.087137
FIRE:  439 09:56:03  -943627.000000        0.087143
FIRE:  440 09:56:03  -943627.062500        0.087155
FIRE:  441 09:56:03  -943627.000000        0.087154
FIRE:  442 09:56:03  -943627.000000        0.087160
FIRE:  443 09:56:03  -943627.062500        0.087172
FIRE:  444 09:56:03  -943627.062500        0.087159
FIRE:  445 09:56:03  -943627.062500        0.087157
FIRE:  446 09:56:03  -943627.187500        0.087150
FIRE:  447 09:56:03  -943627.000000        0.087141
FIRE:  448 09:56:03  -943627.000000        0.087114
FIRE:  449 09:56:03  -943627.062500        0.087099
FIRE:  450 09:56:04  -943627.125000        0.087076
FIRE:  451 09:56:04  -943627.062500        0.087039
FIRE:  452 09:56:04  -943627.062500        0.086979
FIRE:  453 09:56:04  -943627.125000        0.086906
FIRE:  454 09:56:04  -943627.062500        0.086780
FIRE:  455 09:56:04  -943627.062500        0.086645
FIRE:  456 09:56:04  -943627.812500        0.086426
FIRE:  457 09:56:04  -943627.250000        0.086069
FIRE:  458 09:56:04  -943627.312500        0.087229
FIRE:  459 09:56:04  -943627.125000        0.089317
FIRE:  460 09:56:04  -943627.937500        0.092184
FIRE:  461 09:56:04  -943628.000000        0.107199
FIRE:  462 09:56:04  -943628.062500        0.298322
FIRE:  463 09:56:04  -943628.062500        0.906475
FIRE:  464 09:56:05  -943628.000000        2.463102
FIRE:  465 09:56:05  -943628.187500        0.102762
FIRE:  466 09:56:05  -943628.062500        2.972864
FIRE:  467 09:56:05  -943628.125000        1.904845
FIRE:  468 09:56:05  -943628.125000        0.352718
FIRE:  469 09:56:05  -943628.062500        1.051893
FIRE:  470 09:56:05  -943628.125000        0.986076
FIRE:  471 09:56:05  -943628.125000        0.857094
FIRE:  472 09:56:05  -943628.125000        0.670569
FIRE:  473 09:56:05  -943628.187500        0.435706
FIRE:  474 09:56:05  -943628.125000        0.167021
FIRE:  475 09:56:05  -943628.125000        0.111389
FIRE:  476 09:56:05  -943628.125000        0.109349
FIRE:  477 09:56:05  -943628.125000        0.105272
FIRE:  478 09:56:06  -943628.125000        0.103155
FIRE:  479 09:56:06  -943628.187500        0.103172
FIRE:  480 09:56:06  -943628.125000        0.103189
FIRE:  481 09:56:06  -943628.062500        0.103215
FIRE:  482 09:56:06  -943628.125000        0.103241
FIRE:  483 09:56:06  -943628.187500        0.103272
FIRE:  484 09:56:06  -943628.125000        0.103313
FIRE:  485 09:56:06  -943628.125000        0.103361
FIRE:  486 09:56:06  -943628.125000        0.103420
FIRE:  487 09:56:06  -943628.125000        0.103489
FIRE:  488 09:56:06  -943628.187500        0.103569
FIRE:  489 09:56:06  -943628.062500        0.103657
FIRE:  490 09:56:06  -943628.125000        0.103760
FIRE:  491 09:56:07  -943628.187500        0.103875
FIRE:  492 09:56:07  -943628.062500        0.104002
FIRE:  493 09:56:07  -943628.062500        0.104145
FIRE:  494 09:56:07  -943628.000000        0.104314
FIRE:  495 09:56:07  -943628.125000        0.104514
FIRE:  496 09:56:07  -943627.937500        0.104758
FIRE:  497 09:56:07  -943627.750000        0.105060
FIRE:  498 09:56:07  -943628.125000        0.105421
FIRE:  499 09:56:07  -943627.875000        0.105847
FIRE:  500 09:56:07  -943627.937500        0.106334
FIRE:  501 09:56:07  -943628.125000        0.106890
FIRE:  502 09:56:07  -943627.937500        0.107529
FIRE:  503 09:56:07  -943628.000000        0.108244
FIRE:  504 09:56:08  -943627.750000        0.108140
FIRE:  505 09:56:08  -943627.750000        0.106623
FIRE:  506 09:56:08  -943628.187500        0.105204
FIRE:  507 09:56:08  -943628.312500        0.103530
FIRE:  508 09:56:08  -943627.937500        0.100996
FIRE:  509 09:56:08  -943628.437500        0.260665
FIRE:  510 09:56:08  -943628.375000        0.823553
FIRE:  511 09:56:08  -943628.500000        2.230613
FIRE:  512 09:56:08  -943628.500000        0.079145
FIRE:  513 09:56:08  -943628.500000        2.611420
FIRE:  514 09:56:08  -943628.500000        1.710763
FIRE:  515 09:56:08  -943628.500000        0.368641
FIRE:  516 09:56:08  -943628.500000        0.889738
FIRE:  517 09:56:08  -943628.375000        0.833835
FIRE:  518 09:56:09  -943628.500000        0.724479
FIRE:  519 09:56:09  -943628.500000        0.566860
FIRE:  520 09:56:09  -943628.500000        0.369223
FIRE:  521 09:56:09  -943628.562500        0.143879
FIRE:  522 09:56:09  -943628.562500        0.088670
FIRE:  523 09:56:09  -943628.562500        0.087060
FIRE:  524 09:56:09  -943628.562500        0.083857
FIRE:  525 09:56:09  -943628.562500        0.079167
FIRE:  526 09:56:09  -943628.562500        0.074339
FIRE:  527 09:56:09  -943628.562500        0.074344
FIRE:  528 09:56:09  -943628.562500        0.074349
FIRE:  529 09:56:09  -943628.562500        0.074355
FIRE:  530 09:56:09  -943628.562500        0.074361
FIRE:  531 09:56:10  -943628.562500        0.074368
FIRE:  532 09:56:10  -943628.562500        0.074375
FIRE:  533 09:56:10  -943628.562500        0.074381
FIRE:  534 09:56:10  -943628.562500        0.074382
FIRE:  535 09:56:10  -943628.562500        0.074382
FIRE:  536 09:56:10  -943628.562500        0.074374
FIRE:  537 09:56:10  -943628.562500        0.074351
FIRE:  538 09:56:10  -943628.562500        0.074313
FIRE:  539 09:56:10  -943628.562500        0.074249
FIRE:  540 09:56:10  -943628.562500        0.074154
FIRE:  541 09:56:10  -943628.562500        0.074013
FIRE:  542 09:56:10  -943628.562500        0.073824
FIRE:  543 09:56:10  -943628.562500        0.073570
FIRE:  544 09:56:10  -943628.562500        0.073234
FIRE:  545 09:56:11  -943628.562500        0.072789
FIRE:  546 09:56:11  -943628.562500        0.072202
FIRE:  547 09:56:11  -943628.562500        0.071434
FIRE:  548 09:56:11  -943628.562500        0.070447
FIRE:  549 09:56:11  -943628.437500        0.069233
FIRE:  550 09:56:11  -943628.562500        0.067790
FIRE:  551 09:56:11  -943628.562500        0.066067
FIRE:  552 09:56:11  -943628.562500        0.064024
FIRE:  553 09:56:11  -943628.625000        0.060467
FIRE:  554 09:56:11  -943628.625000        0.056461
FIRE:  555 09:56:11  -943628.625000        0.074411
FIRE:  556 09:56:11  -943628.625000        0.217448
FIRE:  557 09:56:11  -943627.812500        0.661474
FIRE:  558 09:56:12  -943627.687500        1.777369
FIRE:  559 09:56:12  -943627.750000        0.045737
