      Step     Time          Energy          fmax
FIRE:    0 10:00:48 -1162060.000000        5.525942
FIRE:    1 10:00:49 -1162062.750000        4.945102
FIRE:    2 10:00:51 -1162066.875000        4.011300
FIRE:    3 10:00:51 -1162067.250000        2.854342
FIRE:    4 10:00:51 -1162071.375000        2.275576
FIRE:    5 10:00:51 -1162072.875000        2.146345
FIRE:    6 10:00:51 -1162071.875000        2.344426
FIRE:    7 10:00:51 -1162078.625000        2.885759
FIRE:    8 10:00:53 -1162079.875000        2.940625
FIRE:    9 10:00:53 -1162075.625000        2.083788
FIRE:   10 10:00:53 -1162076.875000        1.681817
FIRE:   11 10:00:53 -1162079.375000        1.727742
FIRE:   12 10:00:53 -1162079.125000        1.637976
FIRE:   13 10:00:53 -1162081.750000        1.472440
FIRE:   14 10:00:53 -1162083.875000        1.397312
FIRE:   15 10:00:53 -1162083.500000        1.209677
FIRE:   16 10:00:53 -1162085.250000        1.023965
FIRE:   17 10:00:53 -1162086.000000        0.902339
FIRE:   18 10:00:53 -1162088.500000        0.910578
FIRE:   19 10:00:53 -1162089.375000        0.931280
FIRE:   20 10:00:53 -1162091.375000        0.962287
FIRE:   21 10:00:53 -1162090.625000        0.994313
FIRE:   22 10:00:53 -1162090.250000        1.023932
FIRE:   23 10:00:54 -1162090.375000        1.036414
FIRE:   24 10:00:54 -1162091.750000        1.033567
FIRE:   25 10:00:54 -1162094.500000        1.017901
FIRE:   26 10:00:54 -1162092.625000        0.991968
FIRE:   27 10:00:54 -1162093.375000        0.963856
FIRE:   28 10:00:54 -1162094.250000        0.915576
FIRE:   29 10:00:54 -1162093.250000        0.839281
FIRE:   30 10:00:54 -1162095.250000        0.731760
FIRE:   31 10:00:54 -1162094.500000        0.726637
FIRE:   32 10:00:54 -1162095.125000        0.722660
FIRE:   33 10:00:54 -1162095.625000        0.712861
FIRE:   34 10:00:54 -1162096.375000        0.695011
FIRE:   35 10:00:54 -1162096.750000        0.720212
FIRE:   36 10:00:55 -1162097.250000        0.806826
FIRE:   37 10:00:55 -1162097.750000        0.919707
FIRE:   38 10:00:55 -1162101.375000        1.081148
FIRE:   39 10:00:55 -1162100.125000        1.327335
FIRE:   40 10:00:55 -1162102.500000        1.712561
FIRE:   41 10:00:55 -1162104.000000        2.335746
FIRE:   42 10:00:55 -1162103.875000        3.327121
FIRE:   43 10:00:55 -1162104.125000        4.659765
FIRE:   44 10:00:55 -1162106.500000        5.624284
FIRE:   45 10:00:55 -1162107.500000        4.988119
FIRE:   46 10:00:55 -1162105.250000        2.867201
FIRE:   47 10:00:55 -1162107.375000       12.473631
FIRE:   48 10:00:55 -1162105.750000        3.802491
FIRE:   49 10:00:55 -1162104.375000        7.915486
FIRE:   50 10:00:56 -1162104.750000        3.490593
FIRE:   51 10:00:56 -1162104.875000        2.970201
FIRE:   52 10:00:56 -1162105.000000        1.837591
FIRE:   53 10:00:56 -1162105.125000        1.410687
FIRE:   54 10:00:56 -1162105.125000        3.083852
FIRE:   55 10:00:56 -1162105.250000        3.411060
FIRE:   56 10:00:56 -1162105.500000        2.192645
FIRE:   57 10:00:56 -1162105.625000        0.655115
FIRE:   58 10:00:56 -1162107.250000        1.745866
FIRE:   59 10:00:57 -1162107.375000        1.989238
FIRE:   60 10:00:58 -1162107.625000        1.157350
FIRE:   61 10:00:58 -1162108.000000        1.191997
FIRE:   62 10:00:58 -1162108.500000        1.800767
FIRE:   63 10:00:58 -1162108.625000        0.424473
FIRE:   64 10:00:58 -1162108.875000        1.430088
FIRE:   65 10:00:58 -1162113.500000        0.545932
FIRE:   66 10:00:58 -1162109.625000        1.290261
FIRE:   67 10:00:58 -1162110.000000        0.696323
FIRE:   68 10:00:58 -1162111.750000        1.051531
FIRE:   69 10:00:58 -1162112.250000        0.802844
FIRE:   70 10:00:58 -1162115.125000        0.792374
FIRE:   71 10:00:58 -1162115.375000        0.645514
FIRE:   72 10:00:58 -1162111.500000        0.632203
FIRE:   73 10:00:58 -1162111.750000        0.549641
FIRE:   74 10:00:58 -1162112.000000        0.400640
FIRE:   75 10:00:58 -1162112.250000        0.362552
FIRE:   76 10:00:58 -1162111.250000        0.346529
FIRE:   77 10:00:58 -1162112.750000        0.303592
FIRE:   78 10:00:58 -1162113.000000        0.291704
FIRE:   79 10:00:59 -1162113.250000        0.206946
FIRE:   80 10:00:59 -1162113.500000        0.295559
FIRE:   81 10:00:59 -1162113.625000        0.189473
FIRE:   82 10:00:59 -1162115.250000        0.264038
FIRE:   83 10:00:59 -1162115.375000        0.218804
FIRE:   84 10:00:59 -1162116.000000        0.234674
FIRE:   85 10:00:59 -1162115.750000        0.193518
FIRE:   86 10:00:59 -1162116.875000        0.184315
FIRE:   87 10:00:59 -1162116.250000        0.176789
FIRE:   88 10:00:59 -1162118.875000        0.178160
FIRE:   89 10:00:59 -1162117.375000        0.185324
FIRE:   90 10:00:59 -1162117.375000        0.190399
FIRE:   91 10:00:59 -1162118.000000        0.203879
FIRE:   92 10:00:59 -1162117.250000        0.222758
FIRE:   93 10:00:59 -1162115.750000        0.244294
FIRE:   94 10:00:59 -1162118.750000        0.274604
FIRE:   95 10:00:59 -1162118.250000        0.301042
FIRE:   96 10:01:00 -1162114.875000        0.315676
FIRE:   97 10:01:00 -1162115.125000        0.317877
FIRE:   98 10:01:00 -1162118.250000        0.299475
FIRE:   99 10:01:00 -1162115.375000        0.257998
FIRE:  100 10:01:00 -1162115.625000        0.213927
FIRE:  101 10:01:00 -1162115.750000        0.203143
FIRE:  102 10:01:00 -1162115.875000        0.190430
FIRE:  103 10:01:00 -1162116.000000        0.182976
FIRE:  104 10:01:00 -1162116.250000        0.225837
FIRE:  105 10:01:00 -1162116.375000        0.250501
FIRE:  106 10:01:00 -1162119.625000        0.259270
FIRE:  107 10:01:00 -1162120.125000        0.251402
FIRE:  108 10:01:00 -1162120.000000        0.226527
FIRE:  109 10:01:00 -1162119.875000        0.187483
FIRE:  110 10:01:00 -1162120.625000        0.155040
FIRE:  111 10:01:00 -1162120.625000        0.147380
FIRE:  112 10:01:00 -1162120.250000        0.135734
FIRE:  113 10:01:00 -1162120.375000        0.156011
FIRE:  114 10:01:01 -1162118.750000        0.179437
FIRE:  115 10:01:01 -1162120.625000        0.177494
FIRE:  116 10:01:01 -1162120.875000        0.153900
FIRE:  117 10:01:01 -1162117.625000        0.139262
FIRE:  118 10:01:01 -1162120.875000        0.134707
FIRE:  119 10:01:01 -1162117.750000        0.139565
FIRE:  120 10:01:01 -1162117.875000        0.143882
FIRE:  121 10:01:01 -1162117.875000        0.143879
FIRE:  122 10:01:01 -1162119.625000        0.149847
FIRE:  123 10:01:01 -1162121.625000        0.150613
FIRE:  124 10:01:01 -1162118.125000        0.146128
FIRE:  125 10:01:01 -1162118.125000        0.155377
FIRE:  126 10:01:01 -1162118.375000        0.158778
FIRE:  127 10:01:01 -1162118.375000        0.158399
FIRE:  128 10:01:01 -1162118.375000        0.161292
FIRE:  129 10:01:01 -1162118.500000        0.166237
FIRE:  130 10:01:01 -1162118.500000        0.163150
FIRE:  131 10:01:02 -1162118.625000        0.144201
FIRE:  132 10:01:02 -1162118.750000        0.141627
FIRE:  133 10:01:02 -1162118.625000        0.146776
FIRE:  134 10:01:02 -1162118.875000        0.151356
FIRE:  135 10:01:02 -1162118.750000        0.151460
FIRE:  136 10:01:02 -1162118.875000        0.149601
FIRE:  137 10:01:02 -1162119.000000        0.142743
FIRE:  138 10:01:02 -1162119.000000        0.131417
FIRE:  139 10:01:02 -1162119.125000        0.116366
FIRE:  140 10:01:02 -1162120.375000        0.120125
FIRE:  141 10:01:02 -1162120.750000        0.120438
FIRE:  142 10:01:02 -1162119.250000        0.113232
FIRE:  143 10:01:02 -1162119.125000        0.113653
FIRE:  144 10:01:02 -1162120.625000        0.132304
FIRE:  145 10:01:02 -1162119.250000        0.140814
FIRE:  146 10:01:03 -1162119.375000        0.172017
FIRE:  147 10:01:03 -1162119.375000        0.199631
FIRE:  148 10:01:03 -1162119.375000        0.216677
FIRE:  149 10:01:03 -1162119.500000        0.221773
FIRE:  150 10:01:03 -1162119.625000        0.218978
FIRE:  151 10:01:03 -1162119.500000        0.209655
FIRE:  152 10:01:03 -1162121.000000        0.191533
FIRE:  153 10:01:03 -1162119.625000        0.166139
FIRE:  154 10:01:03 -1162119.750000        0.141059
FIRE:  155 10:01:03 -1162119.750000        0.143237
FIRE:  156 10:01:03 -1162123.625000        0.166222
FIRE:  157 10:01:03 -1162119.750000        0.183990
FIRE:  158 10:01:03 -1162121.125000        0.194391
FIRE:  159 10:01:03 -1162119.875000        0.196043
FIRE:  160 10:01:03 -1162119.875000        0.189883
FIRE:  161 10:01:03 -1162119.875000        0.174785
FIRE:  162 10:01:03 -1162121.250000        0.154936
FIRE:  163 10:01:03 -1162121.375000        0.184164
FIRE:  164 10:01:03 -1162120.125000        0.208049
FIRE:  165 10:01:03 -1162120.000000        0.225816
FIRE:  166 10:01:04 -1162120.000000        0.233025
FIRE:  167 10:01:04 -1162120.125000        0.228556
FIRE:  168 10:01:04 -1162120.125000        0.214057
FIRE:  169 10:01:04 -1162120.125000        0.187082
FIRE:  170 10:01:04 -1162120.250000        0.152407
FIRE:  171 10:01:04 -1162120.250000        0.126749
FIRE:  172 10:01:04 -1162120.250000        0.128968
FIRE:  173 10:01:04 -1162121.750000        0.126426
FIRE:  174 10:01:04 -1162120.375000        0.119711
FIRE:  175 10:01:04 -1162120.500000        0.120755
FIRE:  176 10:01:04 -1162120.500000        0.127222
FIRE:  177 10:01:04 -1162120.500000        0.140631
FIRE:  178 10:01:04 -1162120.500000        0.146057
FIRE:  179 10:01:04 -1162120.625000        0.148705
FIRE:  180 10:01:04 -1162120.625000        0.156316
FIRE:  181 10:01:04 -1162120.625000        0.156849
FIRE:  182 10:01:04 -1162120.625000        0.153746
FIRE:  183 10:01:05 -1162120.750000        0.148018
FIRE:  184 10:01:05 -1162120.750000        0.137085
FIRE:  185 10:01:05 -1162120.750000        0.121445
FIRE:  186 10:01:05 -1162120.750000        0.116872
FIRE:  187 10:01:05 -1162120.750000        0.117440
FIRE:  188 10:01:05 -1162120.875000        0.127992
FIRE:  189 10:01:05 -1162120.875000        0.132727
FIRE:  190 10:01:05 -1162120.875000        0.133255
FIRE:  191 10:01:05 -1162120.875000        0.136255
FIRE:  192 10:01:05 -1162120.875000        0.138561
FIRE:  193 10:01:05 -1162121.000000        0.135495
FIRE:  194 10:01:05 -1162121.000000        0.126794
FIRE:  195 10:01:05 -1162121.000000        0.111159
FIRE:  196 10:01:05 -1162121.000000        0.103136
FIRE:  197 10:01:05 -1162121.125000        0.099078
FIRE:  198 10:01:05 -1162122.375000        0.106574
FIRE:  199 10:01:06 -1162121.125000        0.109350
FIRE:  200 10:01:06 -1162122.875000        0.106136
FIRE:  201 10:01:06 -1162121.250000        0.105071
FIRE:  202 10:01:06 -1162121.125000        0.119498
FIRE:  203 10:01:06 -1162121.125000        0.133801
FIRE:  204 10:01:06 -1162121.250000        0.147026
FIRE:  205 10:01:06 -1162123.000000        0.162374
FIRE:  206 10:01:06 -1162121.125000        0.171917
FIRE:  207 10:01:06 -1162122.625000        0.427831
FIRE:  208 10:01:06 -1162121.875000        3.299813
FIRE:  209 10:01:06 -1162122.875000        1.791866
FIRE:  210 10:01:06 -1162122.750000        1.085919
FIRE:  211 10:01:06 -1162122.625000        0.682112
FIRE:  212 10:01:06 -1162122.625000        0.081337
FIRE:  213 10:01:07 -1162122.625000        0.679338
FIRE:  214 10:01:07 -1162122.625000        0.607100
FIRE:  215 10:01:07 -1162122.875000        0.471706
FIRE:  216 10:01:07 -1162122.625000        0.290092
FIRE:  217 10:01:07 -1162123.000000        0.098925
FIRE:  218 10:01:07 -1162122.750000        0.122108
FIRE:  219 10:01:07 -1162122.750000        0.119677
FIRE:  220 10:01:07 -1162123.000000        0.114953
FIRE:  221 10:01:07 -1162122.750000        0.108040
FIRE:  222 10:01:07 -1162122.750000        0.099273
FIRE:  223 10:01:07 -1162122.750000        0.089058
FIRE:  224 10:01:07 -1162122.750000        0.077900
FIRE:  225 10:01:07 -1162122.750000        0.070780
FIRE:  226 10:01:07 -1162122.750000        0.070166
FIRE:  227 10:01:07 -1162123.000000        0.069460
FIRE:  228 10:01:08 -1162122.750000        0.068690
FIRE:  229 10:01:08 -1162123.000000        0.067903
FIRE:  230 10:01:08 -1162123.000000        0.067095
FIRE:  231 10:01:08 -1162122.750000        0.068401
FIRE:  232 10:01:08 -1162122.750000        0.067515
FIRE:  233 10:01:08 -1162122.750000        0.065206
FIRE:  234 10:01:08 -1162122.750000        0.064834
FIRE:  235 10:01:08 -1162122.750000        0.064549
FIRE:  236 10:01:08 -1162122.750000        0.064100
FIRE:  237 10:01:08 -1162122.750000        0.063259
FIRE:  238 10:01:08 -1162122.750000        0.061399
FIRE:  239 10:01:08 -1162122.750000        0.058683
FIRE:  240 10:01:08 -1162122.750000        0.055424
FIRE:  241 10:01:08 -1162122.750000        0.053723
FIRE:  242 10:01:08 -1162122.750000        0.051059
FIRE:  243 10:01:09 -1162122.750000        0.053228
FIRE:  244 10:01:09 -1162122.750000        0.049511
