      Step     Time          Energy          fmax
FIRE:    0 10:24:55  -926095.562500        7.483259
FIRE:    1 10:24:56  -926096.187500        4.350647
FIRE:    2 10:24:58  -926096.750000        5.799744
FIRE:    3 10:24:58  -926096.937500        4.119792
FIRE:    4 10:24:58  -926097.187500        1.745992
FIRE:    5 10:24:58  -926097.250000        4.007451
FIRE:    6 10:24:58  -926097.250000        3.591664
FIRE:    7 10:24:58  -926097.312500        2.833599
FIRE:    8 10:24:58  -926097.312500        1.864289
FIRE:    9 10:24:58  -926097.375000        1.151020
FIRE:   10 10:24:58  -926097.437500        1.447274
FIRE:   11 10:24:58  -926097.437500        1.825428
FIRE:   12 10:24:59  -926097.500000        2.066414
FIRE:   13 10:24:59  -926097.562500        2.108531
FIRE:   14 10:24:59  -926097.625000        1.899294
FIRE:   15 10:24:59  -926097.687500        1.451148
FIRE:   16 10:24:59  -926097.812500        1.042134
FIRE:   17 10:24:59  -926097.937500        1.524887
FIRE:   18 10:24:59  -926098.062500        1.843402
FIRE:   19 10:24:59  -926098.187500        1.198233
FIRE:   20 10:24:59  -926098.375000        0.961322
FIRE:   21 10:24:59  -926098.312500        1.419317
FIRE:   22 10:24:59  -926098.500000        0.926061
FIRE:   23 10:24:59  -926098.625000        0.841121
FIRE:   24 10:24:59  -926098.812500        1.167553
FIRE:   25 10:24:59  -926099.000000        1.212979
FIRE:   26 10:25:00  -926099.187500        1.201944
FIRE:   27 10:25:00  -926098.625000        1.173227
FIRE:   28 10:25:00  -926098.937500        1.300424
FIRE:   29 10:25:00  -926099.312500        1.361862
FIRE:   30 10:25:00  -926100.375000        1.443316
FIRE:   31 10:25:00  -926100.562500        2.280902
FIRE:   32 10:25:00  -926100.437500        2.020283
FIRE:   33 10:25:01  -926101.000000        1.056644
FIRE:   34 10:25:03  -926101.625000        1.461548
FIRE:   35 10:25:03  -926101.625000        1.400263
FIRE:   36 10:25:03  -926101.875000        1.179291
FIRE:   37 10:25:03  -926102.000000        1.582211
FIRE:   38 10:25:03  -926102.437500        2.425294
FIRE:   39 10:25:03  -926102.312500        2.931671
FIRE:   40 10:25:03  -926102.125000        7.374448
FIRE:   41 10:25:03  -926102.562500        2.248006
FIRE:   42 10:25:03  -926102.187500       11.775552
FIRE:   43 10:25:03  -926102.250000        6.124438
FIRE:   44 10:25:03  -926102.437500        0.421370
FIRE:   45 10:25:03  -926102.437500        0.410399
FIRE:   46 10:25:03  -926102.437500        0.389699
FIRE:   47 10:25:04  -926102.687500        0.378623
FIRE:   48 10:25:04  -926102.625000        0.376423
FIRE:   49 10:25:04  -926102.437500        0.373564
FIRE:   50 10:25:04  -926102.625000        0.369995
FIRE:   51 10:25:04  -926102.625000        0.365701
FIRE:   52 10:25:04  -926102.625000        0.360153
FIRE:   53 10:25:04  -926102.687500        0.353139
FIRE:   54 10:25:04  -926102.437500        0.343422
FIRE:   55 10:25:04  -926102.437500        0.330063
FIRE:   56 10:25:04  -926102.687500        0.315321
FIRE:   57 10:25:04  -926102.750000        0.300308
FIRE:   58 10:25:04  -926102.750000        0.315605
FIRE:   59 10:25:04  -926102.750000        0.298028
FIRE:   60 10:25:05  -926102.562500        0.268980
FIRE:   61 10:25:05  -926102.562500        0.283987
FIRE:   62 10:25:05  -926102.750000        0.283639
FIRE:   63 10:25:05  -926102.875000        0.278944
FIRE:   64 10:25:05  -926102.875000        0.283664
FIRE:   65 10:25:05  -926102.937500        0.289870
FIRE:   66 10:25:05  -926103.000000        0.296687
FIRE:   67 10:25:05  -926103.125000        0.300491
FIRE:   68 10:25:05  -926103.187500        0.300365
FIRE:   69 10:25:05  -926103.250000        0.310605
FIRE:   70 10:25:05  -926103.125000        0.332261
FIRE:   71 10:25:05  -926103.250000        0.351624
FIRE:   72 10:25:05  -926103.437500        0.897277
FIRE:   73 10:25:05  -926103.500000        2.738888
FIRE:   74 10:25:06  -926103.187500        7.595151
FIRE:   75 10:25:06  -926103.312500        4.069270
FIRE:   76 10:25:06  -926103.375000        3.056815
FIRE:   77 10:25:06  -926103.375000        0.999882
FIRE:   78 10:25:06  -926103.437500        1.992119
FIRE:   79 10:25:06  -926103.437500        1.795379
FIRE:   80 10:25:06  -926103.437500        1.430146
FIRE:   81 10:25:06  -926103.437500        0.946865
FIRE:   82 10:25:06  -926103.437500        0.411753
FIRE:   83 10:25:06  -926103.375000        0.303149
FIRE:   84 10:25:06  -926103.437500        0.689048
FIRE:   85 10:25:06  -926103.375000        0.676361
FIRE:   86 10:25:06  -926103.437500        0.651238
FIRE:   87 10:25:07  -926103.500000        0.614277
FIRE:   88 10:25:07  -926103.250000        0.566311
FIRE:   89 10:25:07  -926103.437500        0.508584
FIRE:   90 10:25:07  -926103.500000        0.442806
FIRE:   91 10:25:07  -926103.500000        0.371405
FIRE:   92 10:25:07  -926103.500000        0.301702
FIRE:   93 10:25:07  -926103.500000        0.301435
FIRE:   94 10:25:07  -926103.500000        0.301086
FIRE:   95 10:25:07  -926103.437500        0.300639
FIRE:   96 10:25:07  -926103.500000        0.300059
FIRE:   97 10:25:07  -926103.500000        0.352781
FIRE:   98 10:25:07  -926103.500000        0.379069
FIRE:   99 10:25:07  -926103.437500        0.353945
FIRE:  100 10:25:07  -926103.437500        0.295816
FIRE:  101 10:25:08  -926103.500000        0.293947
FIRE:  102 10:25:08  -926103.500000        0.291522
FIRE:  103 10:25:08  -926103.437500        0.299619
FIRE:  104 10:25:08  -926103.500000        0.317051
FIRE:  105 10:25:08  -926103.437500        0.279294
FIRE:  106 10:25:08  -926103.562500        0.272727
FIRE:  107 10:25:08  -926103.500000        0.286353
FIRE:  108 10:25:08  -926103.562500        0.253633
FIRE:  109 10:25:08  -926103.562500        0.239794
FIRE:  110 10:25:08  -926103.500000        0.281808
FIRE:  111 10:25:08  -926103.625000        0.199016
FIRE:  112 10:25:08  -926103.625000        0.262793
FIRE:  113 10:25:08  -926103.750000        0.257100
FIRE:  114 10:25:09  -926103.750000        0.138131
FIRE:  115 10:25:09  -926104.062500        0.250812
FIRE:  116 10:25:09  -926104.125000        0.539695
FIRE:  117 10:25:09  -926104.187500        1.163246
FIRE:  118 10:25:09  -926104.250000        2.667419
FIRE:  119 10:25:09  -926104.312500        0.505378
FIRE:  120 10:25:09  -926104.250000        2.667419
FIRE:  121 10:25:09  -926104.250000        1.935903
FIRE:  122 10:25:09  -926104.312500        0.767323
FIRE:  123 10:25:09  -926104.250000        0.603112
FIRE:  124 10:25:09  -926104.312500        0.573224
FIRE:  125 10:25:09  -926104.312500        0.515197
FIRE:  126 10:25:09  -926104.312500        0.432540
FIRE:  127 10:25:09  -926104.250000        0.330918
FIRE:  128 10:25:10  -926104.312500        0.219849
FIRE:  129 10:25:10  -926104.312500        0.164259
FIRE:  130 10:25:10  -926104.250000        0.186829
FIRE:  131 10:25:10  -926104.312500        0.274772
FIRE:  132 10:25:10  -926104.312500        0.339488
FIRE:  133 10:25:10  -926104.312500        0.360842
FIRE:  134 10:25:10  -926104.312500        0.325011
FIRE:  135 10:25:10  -926104.312500        0.231107
FIRE:  136 10:25:10  -926104.312500        0.165904
FIRE:  137 10:25:10  -926104.312500        0.229926
FIRE:  138 10:25:10  -926104.250000        0.301255
FIRE:  139 10:25:10  -926104.312500        0.258644
FIRE:  140 10:25:10  -926104.187500        0.171898
FIRE:  141 10:25:11  -926104.312500        0.246229
FIRE:  142 10:25:11  -926104.312500        0.251307
FIRE:  143 10:25:11  -926104.312500        0.180823
FIRE:  144 10:25:11  -926104.375000        0.275358
FIRE:  145 10:25:11  -926104.437500        0.193553
FIRE:  146 10:25:11  -926104.437500        0.268971
FIRE:  147 10:25:11  -926104.750000        0.223946
FIRE:  148 10:25:11  -926104.500000        0.242088
FIRE:  149 10:25:11  -926104.062500        0.311698
FIRE:  150 10:25:11  -926104.062500        0.597223
FIRE:  151 10:25:11  -926104.125000        1.211330
FIRE:  152 10:25:11  -926104.187500        2.799021
FIRE:  153 10:25:11  -926104.375000        0.454025
FIRE:  154 10:25:11  -926104.250000        2.937016
FIRE:  155 10:25:12  -926104.250000        2.088560
FIRE:  156 10:25:12  -926104.250000        0.752012
FIRE:  157 10:25:12  -926104.250000        0.779200
FIRE:  158 10:25:12  -926104.375000        0.739946
FIRE:  159 10:25:12  -926104.437500        0.663934
FIRE:  160 10:25:12  -926104.250000        0.556405
FIRE:  161 10:25:12  -926104.312500        0.426952
FIRE:  162 10:25:12  -926104.375000        0.428057
FIRE:  163 10:25:12  -926104.375000        0.429607
FIRE:  164 10:25:12  -926104.250000        0.431454
FIRE:  165 10:25:12  -926104.250000        0.433535
FIRE:  166 10:25:12  -926104.250000        0.435529
FIRE:  167 10:25:12  -926104.312500        0.449599
FIRE:  168 10:25:12  -926104.250000        0.438091
FIRE:  169 10:25:13  -926104.500000        0.438660
FIRE:  170 10:25:13  -926104.312500        0.439359
FIRE:  171 10:25:13  -926104.250000        0.440543
FIRE:  172 10:25:13  -926104.375000        0.440840
FIRE:  173 10:25:13  -926104.312500        0.442011
FIRE:  174 10:25:13  -926104.375000        0.445496
FIRE:  175 10:25:13  -926104.500000        0.452051
FIRE:  176 10:25:13  -926104.312500        0.459958
FIRE:  177 10:25:13  -926104.437500        0.469473
FIRE:  178 10:25:13  -926104.437500        0.486552
FIRE:  179 10:25:13  -926104.437500        0.517017
FIRE:  180 10:25:13  -926104.562500        0.551881
FIRE:  181 10:25:13  -926104.750000        0.595391
FIRE:  182 10:25:14  -926104.625000        0.605707
FIRE:  183 10:25:14  -926104.937500        0.461999
FIRE:  184 10:25:14  -926104.937500        0.685089
FIRE:  185 10:25:14  -926105.125000        1.902822
FIRE:  186 10:25:14  -926104.937500        0.355326
FIRE:  187 10:25:14  -926105.062500        1.465852
FIRE:  188 10:25:14  -926104.937500        1.184891
FIRE:  189 10:25:14  -926105.000000        0.668577
FIRE:  190 10:25:14  -926105.125000        0.243880
FIRE:  191 10:25:14  -926105.125000        0.752520
FIRE:  192 10:25:14  -926104.937500        0.712126
FIRE:  193 10:25:14  -926104.875000        0.634004
FIRE:  194 10:25:14  -926105.000000        0.523967
FIRE:  195 10:25:14  -926104.937500        0.389896
FIRE:  196 10:25:15  -926105.125000        0.242602
FIRE:  197 10:25:15  -926105.000000        0.210121
FIRE:  198 10:25:15  -926105.062500        0.238677
FIRE:  199 10:25:15  -926105.000000        0.330494
FIRE:  200 10:25:15  -926105.062500        0.405429
FIRE:  201 10:25:15  -926105.062500        0.437205
FIRE:  202 10:25:15  -926105.062500        0.409930
FIRE:  203 10:25:15  -926105.000000        0.320342
FIRE:  204 10:25:15  -926105.062500        0.204061
FIRE:  205 10:25:15  -926105.187500        0.200818
FIRE:  206 10:25:15  -926104.937500        0.321945
FIRE:  207 10:25:15  -926105.062500        0.302475
FIRE:  208 10:25:15  -926105.125000        0.189857
FIRE:  209 10:25:16  -926105.000000        0.275395
FIRE:  210 10:25:16  -926105.125000        0.333225
FIRE:  211 10:25:16  -926104.875000        0.183658
FIRE:  212 10:25:16  -926105.500000        0.272263
FIRE:  213 10:25:16  -926105.000000        0.172696
FIRE:  214 10:25:16  -926105.062500        0.308170
FIRE:  215 10:25:16  -926105.062500        0.142590
FIRE:  216 10:25:16  -926105.125000        0.317062
FIRE:  217 10:25:16  -926105.000000        0.427506
FIRE:  218 10:25:16  -926104.750000        0.481079
FIRE:  219 10:25:16  -926104.687500        0.777351
FIRE:  220 10:25:16  -926104.812500        1.708809
FIRE:  221 10:25:16  -926105.187500        0.095230
FIRE:  222 10:25:16  -926104.750000        1.369602
FIRE:  223 10:25:17  -926104.750000        1.095530
FIRE:  224 10:25:17  -926104.812500        0.589475
FIRE:  225 10:25:17  -926104.812500        0.172141
FIRE:  226 10:25:17  -926104.812500        0.165602
FIRE:  227 10:25:17  -926104.812500        0.152897
FIRE:  228 10:25:17  -926104.750000        0.135105
FIRE:  229 10:25:17  -926104.750000        0.113687
FIRE:  230 10:25:17  -926104.750000        0.090628
FIRE:  231 10:25:17  -926104.750000        0.083715
FIRE:  232 10:25:17  -926104.750000        0.098664
FIRE:  233 10:25:17  -926104.812500        0.114340
FIRE:  234 10:25:17  -926104.750000        0.126725
FIRE:  235 10:25:17  -926104.812500        0.131777
FIRE:  236 10:25:17  -926104.750000        0.126261
FIRE:  237 10:25:18  -926104.812500        0.109972
FIRE:  238 10:25:18  -926104.875000        0.088200
FIRE:  239 10:25:18  -926104.812500        0.086949
FIRE:  240 10:25:18  -926104.812500        0.103208
FIRE:  241 10:25:18  -926105.250000        0.095358
FIRE:  242 10:25:18  -926104.750000        0.082841
FIRE:  243 10:25:18  -926104.750000        0.108493
FIRE:  244 10:25:18  -926104.750000        0.110632
FIRE:  245 10:25:18  -926104.750000        0.080233
FIRE:  246 10:25:18  -926104.875000        0.094207
FIRE:  247 10:25:18  -926104.812500        0.079396
FIRE:  248 10:25:18  -926104.812500        0.109623
FIRE:  249 10:25:18  -926104.875000        0.076573
FIRE:  250 10:25:18  -926104.812500        0.070950
FIRE:  251 10:25:19  -926104.812500        0.110880
FIRE:  252 10:25:19  -926104.875000        0.162825
FIRE:  253 10:25:19  -926105.062500        0.407153
FIRE:  254 10:25:19  -926104.875000        1.271305
FIRE:  255 10:25:19  -926104.875000        3.384090
FIRE:  256 10:25:19  -926104.937500        0.069711
FIRE:  257 10:25:19  -926105.000000        4.061686
FIRE:  258 10:25:19  -926105.000000        2.601414
FIRE:  259 10:25:19  -926105.000000        0.474689
FIRE:  260 10:25:19  -926104.937500        1.522062
FIRE:  261 10:25:19  -926104.937500        1.426803
FIRE:  262 10:25:19  -926104.937500        1.239835
FIRE:  263 10:25:19  -926104.937500        0.969674
FIRE:  264 10:25:19  -926105.062500        0.629934
FIRE:  265 10:25:20  -926104.937500        0.242545
FIRE:  266 10:25:20  -926105.000000        0.239737
FIRE:  267 10:25:20  -926104.937500        0.236068
FIRE:  268 10:25:20  -926105.062500        0.228761
FIRE:  269 10:25:20  -926105.125000        0.217920
FIRE:  270 10:25:20  -926104.937500        0.203900
FIRE:  271 10:25:20  -926105.062500        0.186960
FIRE:  272 10:25:20  -926104.937500        0.167656
FIRE:  273 10:25:20  -926105.062500        0.146604
FIRE:  274 10:25:20  -926104.937500        0.121886
FIRE:  275 10:25:20  -926105.062500        0.094069
FIRE:  276 10:25:20  -926104.937500        0.069609
FIRE:  277 10:25:20  -926104.937500        0.069621
FIRE:  278 10:25:20  -926105.125000        0.093390
FIRE:  279 10:25:21  -926104.937500        0.117561
FIRE:  280 10:25:21  -926104.937500        0.134852
FIRE:  281 10:25:21  -926105.062500        0.140327
FIRE:  282 10:25:21  -926104.937500        0.130479
FIRE:  283 10:25:21  -926105.000000        0.104563
FIRE:  284 10:25:21  -926105.062500        0.069557
FIRE:  285 10:25:21  -926104.937500        0.076921
FIRE:  286 10:25:21  -926104.937500        0.108907
FIRE:  287 10:25:21  -926105.000000        0.111358
FIRE:  288 10:25:21  -926104.937500        0.077021
FIRE:  289 10:25:21  -926105.000000        0.079058
FIRE:  290 10:25:21  -926104.937500        0.112038
FIRE:  291 10:25:21  -926105.062500        0.089794
FIRE:  292 10:25:22  -926105.000000        0.076313
FIRE:  293 10:25:22  -926105.125000        0.099478
FIRE:  294 10:25:22  -926105.000000        0.070325
FIRE:  295 10:25:22  -926105.000000        0.102704
FIRE:  296 10:25:22  -926105.000000        0.087142
FIRE:  297 10:25:22  -926105.000000        0.069873
FIRE:  298 10:25:22  -926105.062500        0.101357
FIRE:  299 10:25:22  -926105.062500        0.173713
FIRE:  300 10:25:22  -926105.125000        0.411766
FIRE:  301 10:25:22  -926105.062500        1.149260
FIRE:  302 10:25:22  -926105.562500        2.944155
FIRE:  303 10:25:22  -926105.125000        0.078914
FIRE:  304 10:25:22  -926105.187500        0.078975
FIRE:  305 10:25:22  -926105.187500        0.079088
FIRE:  306 10:25:23  -926105.125000        0.079241
FIRE:  307 10:25:23  -926105.125000        0.079418
FIRE:  308 10:25:23  -926105.562500        0.079585
FIRE:  309 10:25:23  -926105.125000        0.079740
FIRE:  310 10:25:23  -926105.125000        0.079847
FIRE:  311 10:25:23  -926105.125000        0.079931
FIRE:  312 10:25:23  -926105.187500        0.079990
FIRE:  313 10:25:23  -926105.125000        0.080049
FIRE:  314 10:25:23  -926105.250000        0.080166
FIRE:  315 10:25:23  -926105.125000        0.080419
FIRE:  316 10:25:23  -926105.187500        0.080833
FIRE:  317 10:25:23  -926105.125000        0.081402
FIRE:  318 10:25:23  -926105.125000        0.082058
FIRE:  319 10:25:23  -926105.187500        0.082832
FIRE:  320 10:25:23  -926105.250000        0.084288
FIRE:  321 10:25:23  -926105.250000        0.086217
FIRE:  322 10:25:23  -926105.625000        0.090051
FIRE:  323 10:25:24  -926105.937500        0.249896
FIRE:  324 10:25:24  -926106.000000        0.981774
FIRE:  325 10:25:24  -926105.937500        3.118473
FIRE:  326 10:25:24  -926106.000000        0.345744
FIRE:  327 10:25:24  -926106.000000        0.242160
FIRE:  328 10:25:24  -926106.000000        0.100965
FIRE:  329 10:25:24  -926106.000000        0.145777
FIRE:  330 10:25:24  -926106.250000        0.247360
FIRE:  331 10:25:24  -926106.250000        0.248632
FIRE:  332 10:25:24  -926105.812500        0.156174
FIRE:  333 10:25:24  -926105.750000        0.102592
FIRE:  334 10:25:24  -926105.875000        0.175134
FIRE:  335 10:25:24  -926105.750000        0.202678
FIRE:  336 10:25:24  -926105.875000        0.103593
FIRE:  337 10:25:24  -926105.812500        0.152881
FIRE:  338 10:25:24  -926105.812500        0.167200
FIRE:  339 10:25:24  -926105.937500        0.106332
FIRE:  340 10:25:25  -926105.937500        0.166071
FIRE:  341 10:25:25  -926105.562500        0.133156
FIRE:  342 10:25:25  -926105.812500        0.112115
FIRE:  343 10:25:25  -926106.062500        0.209087
FIRE:  344 10:25:25  -926106.312500        0.343236
FIRE:  345 10:25:25  -926105.937500        0.600823
FIRE:  346 10:25:25  -926105.875000        1.224806
FIRE:  347 10:25:25  -926105.937500        0.161163
FIRE:  348 10:25:25  -926106.000000        1.126568
FIRE:  349 10:25:25  -926105.875000        0.847995
FIRE:  350 10:25:25  -926105.875000        0.374677
FIRE:  351 10:25:25  -926105.875000        0.192821
FIRE:  352 10:25:25  -926105.937500        0.182920
FIRE:  353 10:25:25  -926105.937500        0.163596
FIRE:  354 10:25:25  -926105.875000        0.136279
FIRE:  355 10:25:25  -926105.937500        0.118768
FIRE:  356 10:25:25  -926105.937500        0.118816
FIRE:  357 10:25:26  -926106.375000        0.118866
FIRE:  358 10:25:26  -926105.937500        0.118938
FIRE:  359 10:25:26  -926106.000000        0.119020
FIRE:  360 10:25:26  -926106.000000        0.119144
FIRE:  361 10:25:26  -926106.000000        0.119302
FIRE:  362 10:25:26  -926106.000000        0.119504
FIRE:  363 10:25:26  -926105.875000        0.119772
FIRE:  364 10:25:26  -926105.937500        0.120110
FIRE:  365 10:25:26  -926105.937500        0.120513
FIRE:  366 10:25:26  -926106.000000        0.120998
FIRE:  367 10:25:26  -926105.875000        0.121566
FIRE:  368 10:25:26  -926106.000000        0.122203
FIRE:  369 10:25:26  -926105.937500        0.122925
FIRE:  370 10:25:26  -926106.000000        0.123746
FIRE:  371 10:25:26  -926105.875000        0.124667
FIRE:  372 10:25:26  -926105.937500        0.125709
FIRE:  373 10:25:27  -926106.375000        0.126886
FIRE:  374 10:25:27  -926106.062500        0.128351
FIRE:  375 10:25:27  -926106.000000        0.130606
FIRE:  376 10:25:27  -926106.062500        0.135935
FIRE:  377 10:25:27  -926106.437500        0.139871
FIRE:  378 10:25:27  -926105.937500        0.190815
FIRE:  379 10:25:27  -926105.937500        0.478440
FIRE:  380 10:25:27  -926106.000000        1.261796
FIRE:  381 10:25:27  -926106.000000        0.127660
FIRE:  382 10:25:27  -926106.437500        1.199188
FIRE:  383 10:25:27  -926106.000000        0.889659
FIRE:  384 10:25:27  -926106.000000        0.368750
FIRE:  385 10:25:27  -926106.062500        0.241247
FIRE:  386 10:25:27  -926106.000000        0.228064
FIRE:  387 10:25:28  -926105.937500        0.202547
FIRE:  388 10:25:28  -926105.937500        0.166551
FIRE:  389 10:25:28  -926105.937500        0.129251
FIRE:  390 10:25:28  -926106.437500        0.129279
FIRE:  391 10:25:28  -926106.000000        0.129315
FIRE:  392 10:25:28  -926105.937500        0.129357
FIRE:  393 10:25:28  -926106.000000        0.129415
FIRE:  394 10:25:28  -926106.062500        0.129490
FIRE:  395 10:25:28  -926106.500000        0.134749
FIRE:  396 10:25:28  -926106.500000        0.129707
FIRE:  397 10:25:28  -926106.250000        0.129871
FIRE:  398 10:25:28  -926106.250000        0.130064
FIRE:  399 10:25:28  -926106.250000        0.130278
FIRE:  400 10:25:28  -926106.500000        0.130532
FIRE:  401 10:25:28  -926106.250000        0.130804
FIRE:  402 10:25:29  -926106.250000        0.131077
FIRE:  403 10:25:29  -926106.250000        0.131324
FIRE:  404 10:25:29  -926106.312500        0.131559
FIRE:  405 10:25:29  -926106.000000        0.131727
FIRE:  406 10:25:29  -926106.312500        0.131704
FIRE:  407 10:25:29  -926106.312500        0.131324
FIRE:  408 10:25:29  -926106.312500        0.130562
FIRE:  409 10:25:29  -926106.312500        0.129378
FIRE:  410 10:25:29  -926106.312500        0.127580
FIRE:  411 10:25:29  -926106.375000        0.124470
FIRE:  412 10:25:29  -926106.375000        0.170964
FIRE:  413 10:25:29  -926106.625000        0.504765
FIRE:  414 10:25:29  -926106.625000        1.425653
FIRE:  415 10:25:29  -926106.687500        0.098963
FIRE:  416 10:25:29  -926106.625000        1.412991
FIRE:  417 10:25:29  -926106.625000        1.026976
FIRE:  418 10:25:29  -926106.687500        0.386627
FIRE:  419 10:25:30  -926106.687500        0.326824
FIRE:  420 10:25:30  -926106.687500        0.307540
FIRE:  421 10:25:30  -926106.687500        0.270043
FIRE:  422 10:25:30  -926106.687500        0.216790
FIRE:  423 10:25:30  -926106.687500        0.151743
FIRE:  424 10:25:30  -926106.687500        0.098243
FIRE:  425 10:25:30  -926106.687500        0.098270
FIRE:  426 10:25:30  -926106.687500        0.098298
FIRE:  427 10:25:30  -926106.687500        0.138945
FIRE:  428 10:25:30  -926106.687500        0.173662
FIRE:  429 10:25:30  -926106.687500        0.179590
FIRE:  430 10:25:30  -926106.687500        0.149699
FIRE:  431 10:25:30  -926106.687500        0.098368
FIRE:  432 10:25:30  -926106.687500        0.098338
FIRE:  433 10:25:30  -926106.687500        0.112917
FIRE:  434 10:25:31  -926106.687500        0.143476
FIRE:  435 10:25:31  -926106.687500        0.099752
FIRE:  436 10:25:31  -926106.687500        0.097455
FIRE:  437 10:25:31  -926106.687500        0.123301
FIRE:  438 10:25:31  -926106.687500        0.097874
FIRE:  439 10:25:31  -926106.687500        0.095047
FIRE:  440 10:25:31  -926106.687500        0.115901
FIRE:  441 10:25:31  -926106.687500        0.091506
FIRE:  442 10:25:31  -926106.687500        0.105902
FIRE:  443 10:25:31  -926106.687500        0.117430
FIRE:  444 10:25:31  -926106.687500        0.079647
FIRE:  445 10:25:31  -926106.750000        0.073014
FIRE:  446 10:25:31  -926106.750000        0.094103
FIRE:  447 10:25:32  -926106.687500        0.334711
FIRE:  448 10:25:32  -926106.750000        1.152394
FIRE:  449 10:25:32  -926106.812500        0.064172
FIRE:  450 10:25:32  -926106.750000        1.136646
FIRE:  451 10:25:32  -926106.687500        0.819624
FIRE:  452 10:25:32  -926106.687500        0.292557
FIRE:  453 10:25:32  -926106.750000        0.288516
FIRE:  454 10:25:32  -926106.812500        0.270547
FIRE:  455 10:25:32  -926106.812500        0.235761
FIRE:  456 10:25:32  -926106.812500        0.186460
FIRE:  457 10:25:32  -926106.812500        0.126428
FIRE:  458 10:25:32  -926106.750000        0.064150
FIRE:  459 10:25:32  -926106.687500        0.064168
FIRE:  460 10:25:32  -926106.750000        0.082255
FIRE:  461 10:25:33  -926106.750000        0.127608
FIRE:  462 10:25:33  -926106.687500        0.155737
FIRE:  463 10:25:33  -926106.750000        0.156819
FIRE:  464 10:25:33  -926106.750000        0.125294
FIRE:  465 10:25:33  -926106.750000        0.065520
FIRE:  466 10:25:33  -926106.750000        0.064200
FIRE:  467 10:25:33  -926106.750000        0.105330
FIRE:  468 10:25:33  -926106.812500        0.123760
FIRE:  469 10:25:33  -926106.687500        0.073927
FIRE:  470 10:25:33  -926106.812500        0.064603
FIRE:  471 10:25:33  -926106.812500        0.112964
FIRE:  472 10:25:33  -926106.812500        0.071846
FIRE:  473 10:25:33  -926106.812500        0.071867
FIRE:  474 10:25:33  -926106.812500        0.091845
FIRE:  475 10:25:33  -926106.812500        0.072395
FIRE:  476 10:25:33  -926106.812500        0.075365
FIRE:  477 10:25:34  -926106.812500        0.119863
FIRE:  478 10:25:34  -926106.812500        0.094611
FIRE:  479 10:25:34  -926106.375000        0.090450
FIRE:  480 10:25:34  -926106.875000        0.125583
FIRE:  481 10:25:34  -926106.875000        0.384304
FIRE:  482 10:25:34  -926107.125000        1.378503
FIRE:  483 10:25:34  -926107.125000        0.180183
FIRE:  484 10:25:34  -926107.125000        0.134762
FIRE:  485 10:25:34  -926107.125000        0.121087
FIRE:  486 10:25:34  -926107.125000        0.121531
FIRE:  487 10:25:34  -926107.125000        0.122156
FIRE:  488 10:25:34  -926107.062500        0.132886
FIRE:  489 10:25:34  -926107.125000        0.123642
FIRE:  490 10:25:34  -926107.062500        0.124338
FIRE:  491 10:25:34  -926107.125000        0.125057
FIRE:  492 10:25:34  -926107.062500        0.125917
FIRE:  493 10:25:34  -926107.062500        0.127083
FIRE:  494 10:25:35  -926107.062500        0.128703
FIRE:  495 10:25:35  -926107.125000        0.130866
FIRE:  496 10:25:35  -926107.187500        0.133613
FIRE:  497 10:25:35  -926107.187500        0.136874
FIRE:  498 10:25:35  -926107.187500        0.140532
FIRE:  499 10:25:35  -926107.187500        0.145015
FIRE:  500 10:25:35  -926106.187500        0.150357
FIRE:  501 10:25:35  -926107.187500        0.156284
FIRE:  502 10:25:35  -926107.187500        0.163586
FIRE:  503 10:25:35  -926107.250000        0.171178
FIRE:  504 10:25:35  -926107.000000        0.176360
FIRE:  505 10:25:35  -926107.000000        0.420086
FIRE:  506 10:25:35  -926107.000000        2.066245
FIRE:  507 10:25:35  -926107.062500        0.705918
FIRE:  508 10:25:35  -926107.062500        0.447505
FIRE:  509 10:25:36  -926107.062500        0.168375
FIRE:  510 10:25:36  -926107.000000        0.351722
FIRE:  511 10:25:36  -926107.000000        0.322050
FIRE:  512 10:25:36  -926107.062500        0.265316
FIRE:  513 10:25:36  -926107.062500        0.186490
FIRE:  514 10:25:36  -926107.000000        0.167799
FIRE:  515 10:25:36  -926107.062500        0.167630
FIRE:  516 10:25:36  -926107.062500        0.167425
FIRE:  517 10:25:36  -926107.062500        0.170072
FIRE:  518 10:25:36  -926107.000000        0.203967
FIRE:  519 10:25:36  -926107.000000        0.198026
FIRE:  520 10:25:36  -926107.062500        0.166073
FIRE:  521 10:25:36  -926107.062500        0.165508
FIRE:  522 10:25:36  -926107.062500        0.164789
FIRE:  523 10:25:37  -926107.062500        0.163874
FIRE:  524 10:25:37  -926107.062500        0.162714
FIRE:  525 10:25:37  -926107.062500        0.161239
FIRE:  526 10:25:37  -926106.937500        0.159353
FIRE:  527 10:25:37  -926106.937500        0.156953
FIRE:  528 10:25:37  -926107.062500        0.153961
FIRE:  529 10:25:37  -926107.062500        0.150356
FIRE:  530 10:25:37  -926107.062500        0.145646
FIRE:  531 10:25:37  -926107.062500        0.147277
FIRE:  532 10:25:37  -926107.062500        0.132160
FIRE:  533 10:25:37  -926107.125000        0.122621
FIRE:  534 10:25:37  -926107.062500        0.220496
FIRE:  535 10:25:37  -926107.062500        0.395265
FIRE:  536 10:25:38  -926107.125000        0.781493
FIRE:  537 10:25:38  -926107.125000        1.666315
FIRE:  538 10:25:38  -926107.125000        0.115441
FIRE:  539 10:25:38  -926107.125000        1.710449
FIRE:  540 10:25:38  -926107.125000        1.232608
FIRE:  541 10:25:38  -926107.125000        0.447676
FIRE:  542 10:25:38  -926107.125000        0.406987
FIRE:  543 10:25:38  -926107.125000        0.382617
FIRE:  544 10:25:38  -926107.125000        0.334994
FIRE:  545 10:25:38  -926107.125000        0.267171
FIRE:  546 10:25:38  -926107.125000        0.183242
FIRE:  547 10:25:38  -926107.125000        0.089207
FIRE:  548 10:25:38  -926107.125000        0.059245
FIRE:  549 10:25:38  -926107.062500        0.104778
FIRE:  550 10:25:39  -926107.125000        0.174407
FIRE:  551 10:25:39  -926107.125000        0.218554
FIRE:  552 10:25:39  -926107.125000        0.226566
FIRE:  553 10:25:39  -926107.125000        0.190633
FIRE:  554 10:25:39  -926107.000000        0.109934
FIRE:  555 10:25:39  -926107.062500        0.057793
FIRE:  556 10:25:39  -926107.000000        0.125251
FIRE:  557 10:25:39  -926107.125000        0.175463
FIRE:  558 10:25:39  -926107.125000        0.135313
FIRE:  559 10:25:39  -926107.125000        0.056466
FIRE:  560 10:25:39  -926107.125000        0.136119
FIRE:  561 10:25:39  -926107.187500        0.138757
FIRE:  562 10:25:39  -926107.125000        0.052964
FIRE:  563 10:25:39  -926107.187500        0.145259
FIRE:  564 10:25:40  -926107.187500        0.049453
