      Step     Time          Energy          fmax
FIRE:    0 09:43:00  -978321.000000        8.888515
FIRE:    1 09:43:01  -978323.625000        7.347717
FIRE:    2 09:43:02  -978325.687500        6.899023
FIRE:    3 09:43:03  -978326.062500        4.972517
FIRE:    4 09:43:04  -978326.562500        5.486499
FIRE:    5 09:43:04  -978326.937500        8.248291
FIRE:    6 09:43:04  -978327.375000        5.447575
FIRE:    7 09:43:04  -978327.500000        2.233487
FIRE:    8 09:43:04  -978327.687500        1.786857
FIRE:    9 09:43:04  -978327.625000        1.724366
FIRE:   10 09:43:04  -978327.687500        1.602542
FIRE:   11 09:43:04  -978327.812500        1.429007
FIRE:   12 09:43:04  -978327.875000        1.271991
FIRE:   13 09:43:04  -978327.875000        1.256222
FIRE:   14 09:43:04  -978327.875000        1.239018
FIRE:   15 09:43:04  -978328.000000        1.219348
FIRE:   16 09:43:04  -978328.125000        1.233334
FIRE:   17 09:43:04  -978328.125000        1.394688
FIRE:   18 09:43:04  -978328.250000        1.512495
FIRE:   19 09:43:04  -978328.312500        1.521208
FIRE:   20 09:43:04  -978328.500000        1.414275
FIRE:   21 09:43:04  -978328.437500        1.287234
FIRE:   22 09:43:05  -978328.625000        1.279125
FIRE:   23 09:43:05  -978328.812500        1.396812
FIRE:   24 09:43:05  -978329.062500        1.510138
FIRE:   25 09:43:05  -978329.375000        1.529920
FIRE:   26 09:43:05  -978330.750000        1.656325
FIRE:   27 09:43:05  -978330.000000        1.816111
FIRE:   28 09:43:06  -978330.937500        1.764152
FIRE:   29 09:43:06  -978331.687500        1.922504
FIRE:   30 09:43:06  -978332.187500        1.665176
FIRE:   31 09:43:06  -978332.562500        1.259524
FIRE:   32 09:43:07  -978332.875000        1.209832
FIRE:   33 09:43:07  -978333.125000        1.596675
FIRE:   34 09:43:07  -978333.312500        1.879985
FIRE:   35 09:43:07  -978333.625000        1.629980
FIRE:   36 09:43:07  -978333.875000        0.866850
FIRE:   37 09:43:07  -978334.000000        1.831546
FIRE:   38 09:43:07  -978334.375000        3.156887
FIRE:   39 09:43:07  -978335.125000        3.588783
FIRE:   40 09:43:07  -978335.812500        3.706568
FIRE:   41 09:43:07  -978336.312500        4.343541
FIRE:   42 09:43:07  -978336.750000        3.238919
FIRE:   43 09:43:07  -978337.125000        2.455615
FIRE:   44 09:43:07  -978337.312500        2.082609
FIRE:   45 09:43:07  -978337.437500        3.272559
FIRE:   46 09:43:07  -978337.500000        1.156730
FIRE:   47 09:43:08  -978337.500000        1.041282
FIRE:   48 09:43:08  -978337.625000        0.857420
FIRE:   49 09:43:08  -978337.562500        0.714205
FIRE:   50 09:43:08  -978337.625000        0.706385
FIRE:   51 09:43:08  -978337.625000        0.706125
FIRE:   52 09:43:08  -978337.625000        0.711084
FIRE:   53 09:43:08  -978337.687500        0.716764
FIRE:   54 09:43:08  -978337.687500        0.719988
FIRE:   55 09:43:08  -978337.750000        0.721205
FIRE:   56 09:43:08  -978337.750000        0.724974
FIRE:   57 09:43:08  -978337.937500        0.733877
FIRE:   58 09:43:08  -978337.937500        0.742889
FIRE:   59 09:43:08  -978338.000000        0.734608
FIRE:   60 09:43:08  -978338.187500        0.687366
FIRE:   61 09:43:09  -978338.250000        0.604259
FIRE:   62 09:43:09  -978338.375000        0.490103
FIRE:   63 09:43:09  -978338.500000        0.435411
FIRE:   64 09:43:09  -978338.562500        0.598158
FIRE:   65 09:43:09  -978338.687500        1.391823
FIRE:   66 09:43:09  -978338.687500        0.402007
FIRE:   67 09:43:09  -978338.625000        1.216422
FIRE:   68 09:43:09  -978338.625000        0.910849
FIRE:   69 09:43:09  -978338.687500        0.393044
FIRE:   70 09:43:09  -978338.687500        0.336715
FIRE:   71 09:43:09  -978338.687500        0.336391
FIRE:   72 09:43:09  -978338.687500        0.335751
FIRE:   73 09:43:09  -978338.687500        0.334768
FIRE:   74 09:43:09  -978338.687500        0.333459
FIRE:   75 09:43:10  -978338.562500        0.331767
FIRE:   76 09:43:10  -978338.687500        0.329700
FIRE:   77 09:43:10  -978338.687500        0.327226
FIRE:   78 09:43:10  -978338.687500        0.323992
FIRE:   79 09:43:10  -978338.625000        0.319774
FIRE:   80 09:43:10  -978338.687500        0.314367
FIRE:   81 09:43:10  -978338.687500        0.307368
FIRE:   82 09:43:10  -978338.687500        0.298398
FIRE:   83 09:43:10  -978338.750000        0.286918
FIRE:   84 09:43:10  -978338.812500        0.272324
FIRE:   85 09:43:10  -978338.812500        0.254222
FIRE:   86 09:43:10  -978338.812500        0.232464
FIRE:   87 09:43:10  -978338.812500        0.211453
FIRE:   88 09:43:10  -978338.812500        0.205842
FIRE:   89 09:43:11  -978338.812500        0.199427
FIRE:   90 09:43:11  -978338.812500        0.191728
FIRE:   91 09:43:11  -978338.875000        0.201970
FIRE:   92 09:43:11  -978338.875000        0.204051
FIRE:   93 09:43:11  -978338.937500        0.190588
FIRE:   94 09:43:11  -978339.125000        0.205283
FIRE:   95 09:43:11  -978339.187500        0.214618
FIRE:   96 09:43:11  -978338.937500        0.226000
FIRE:   97 09:43:11  -978339.250000        0.231699
FIRE:   98 09:43:11  -978339.125000        0.398717
FIRE:   99 09:43:11  -978339.062500        1.075539
FIRE:  100 09:43:11  -978339.187500        0.202165
FIRE:  101 09:43:11  -978339.187500        0.987202
FIRE:  102 09:43:11  -978339.062500        0.735381
FIRE:  103 09:43:12  -978339.125000        0.306264
FIRE:  104 09:43:12  -978339.187500        0.193109
FIRE:  105 09:43:12  -978339.125000        0.193077
FIRE:  106 09:43:12  -978339.125000        0.193022
FIRE:  107 09:43:12  -978339.125000        0.192921
FIRE:  108 09:43:12  -978339.062500        0.192787
FIRE:  109 09:43:12  -978339.187500        0.192600
FIRE:  110 09:43:12  -978339.125000        0.192333
FIRE:  111 09:43:12  -978339.062500        0.191984
FIRE:  112 09:43:12  -978339.187500        0.191479
FIRE:  113 09:43:12  -978339.187500        0.190782
FIRE:  114 09:43:12  -978339.125000        0.189841
FIRE:  115 09:43:12  -978339.187500        0.188614
FIRE:  116 09:43:12  -978339.062500        0.187038
FIRE:  117 09:43:13  -978339.187500        0.185103
FIRE:  118 09:43:13  -978339.187500        0.182806
FIRE:  119 09:43:13  -978339.187500        0.180214
FIRE:  120 09:43:13  -978339.125000        0.177248
FIRE:  121 09:43:13  -978339.187500        0.173909
FIRE:  122 09:43:13  -978339.062500        0.169994
FIRE:  123 09:43:13  -978339.187500        0.165253
FIRE:  124 09:43:13  -978339.187500        0.159837
FIRE:  125 09:43:13  -978339.187500        0.154315
FIRE:  126 09:43:13  -978339.187500        0.148822
FIRE:  127 09:43:13  -978339.125000        0.146815
FIRE:  128 09:43:13  -978339.187500        0.146400
FIRE:  129 09:43:13  -978339.250000        0.151716
FIRE:  130 09:43:13  -978339.562500        0.166843
FIRE:  131 09:43:14  -978339.562500        0.150747
FIRE:  132 09:43:14  -978339.687500        0.348099
FIRE:  133 09:43:14  -978339.687500        0.983443
FIRE:  134 09:43:14  -978339.750000        0.138461
FIRE:  135 09:43:14  -978339.625000        0.923596
FIRE:  136 09:43:14  -978339.687500        0.681728
FIRE:  137 09:43:14  -978339.687500        0.270899
FIRE:  138 09:43:14  -978339.687500        0.189787
FIRE:  139 09:43:14  -978339.687500        0.178363
FIRE:  140 09:43:14  -978339.687500        0.156258
FIRE:  141 09:43:14  -978339.750000        0.140914
FIRE:  142 09:43:14  -978339.687500        0.142394
FIRE:  143 09:43:14  -978339.687500        0.144239
FIRE:  144 09:43:14  -978339.750000        0.146325
FIRE:  145 09:43:15  -978339.687500        0.148426
FIRE:  146 09:43:15  -978339.687500        0.150461
FIRE:  147 09:43:15  -978339.750000        0.152034
FIRE:  148 09:43:15  -978339.750000        0.152693
FIRE:  149 09:43:15  -978339.687500        0.152006
FIRE:  150 09:43:15  -978339.750000        0.149866
FIRE:  151 09:43:15  -978339.687500        0.146647
FIRE:  152 09:43:15  -978339.750000        0.143366
FIRE:  153 09:43:15  -978339.687500        0.141183
FIRE:  154 09:43:15  -978339.750000        0.140958
FIRE:  155 09:43:15  -978339.687500        0.143145
FIRE:  156 09:43:15  -978339.750000        0.146450
FIRE:  157 09:43:15  -978339.750000        0.146736
FIRE:  158 09:43:15  -978339.437500        0.141455
FIRE:  159 09:43:15  -978339.562500        0.135559
FIRE:  160 09:43:16  -978339.437500        0.135552
FIRE:  161 09:43:16  -978339.750000        0.138912
FIRE:  162 09:43:16  -978339.375000        0.130525
FIRE:  163 09:43:16  -978339.500000        0.122120
FIRE:  164 09:43:16  -978339.625000        0.125085
FIRE:  165 09:43:16  -978339.687500        0.128372
FIRE:  166 09:43:16  -978339.687500        0.289907
FIRE:  167 09:43:16  -978339.750000        0.852621
FIRE:  168 09:43:16  -978339.750000        0.150031
FIRE:  169 09:43:16  -978339.750000        0.800140
FIRE:  170 09:43:16  -978339.687500        0.593807
FIRE:  171 09:43:16  -978339.687500        0.241475
FIRE:  172 09:43:16  -978339.687500        0.167875
FIRE:  173 09:43:16  -978339.625000        0.156896
FIRE:  174 09:43:17  -978339.750000        0.151459
FIRE:  175 09:43:17  -978339.750000        0.151421
FIRE:  176 09:43:17  -978339.625000        0.151393
FIRE:  177 09:43:17  -978339.687500        0.151377
FIRE:  178 09:43:17  -978339.625000        0.151385
FIRE:  179 09:43:17  -978339.625000        0.151438
FIRE:  180 09:43:17  -978339.625000        0.151540
FIRE:  181 09:43:17  -978339.687500        0.151717
FIRE:  182 09:43:17  -978339.750000        0.151996
FIRE:  183 09:43:17  -978339.687500        0.152391
FIRE:  184 09:43:17  -978339.687500        0.152952
FIRE:  185 09:43:17  -978339.687500        0.153693
FIRE:  186 09:43:17  -978339.687500        0.154621
FIRE:  187 09:43:17  -978339.687500        0.155705
FIRE:  188 09:43:18  -978339.687500        0.156948
FIRE:  189 09:43:18  -978339.750000        0.158447
FIRE:  190 09:43:18  -978339.750000        0.160442
FIRE:  191 09:43:18  -978339.812500        0.163232
FIRE:  192 09:43:18  -978340.000000        0.167094
FIRE:  193 09:43:18  -978340.000000        0.172043
FIRE:  194 09:43:18  -978339.812500        0.178053
FIRE:  195 09:43:18  -978339.750000        0.182445
FIRE:  196 09:43:18  -978339.875000        0.157888
FIRE:  197 09:43:18  -978340.062500        0.162986
FIRE:  198 09:43:18  -978339.875000        0.171484
FIRE:  199 09:43:18  -978339.937500        0.172207
FIRE:  200 09:43:18  -978340.000000        0.558356
FIRE:  201 09:43:18  -978340.000000        1.690455
FIRE:  202 09:43:18  -978340.000000        0.188826
FIRE:  203 09:43:18  -978340.000000        1.700684
FIRE:  204 09:43:18  -978340.000000        1.218264
FIRE:  205 09:43:19  -978340.000000        0.426821
FIRE:  206 09:43:19  -978340.000000        0.420066
FIRE:  207 09:43:19  -978339.937500        0.393726
FIRE:  208 09:43:19  -978340.000000        0.342688
FIRE:  209 09:43:19  -978340.000000        0.270106
FIRE:  210 09:43:19  -978340.000000        0.185755
FIRE:  211 09:43:19  -978340.000000        0.185425
FIRE:  212 09:43:19  -978340.000000        0.185044
FIRE:  213 09:43:19  -978340.000000        0.184637
FIRE:  214 09:43:19  -978340.000000        0.184152
FIRE:  215 09:43:19  -978340.000000        0.224697
FIRE:  216 09:43:19  -978340.000000        0.228340
FIRE:  217 09:43:19  -978340.000000        0.182646
FIRE:  218 09:43:19  -978340.000000        0.181680
FIRE:  219 09:43:19  -978340.000000        0.180845
FIRE:  220 09:43:19  -978340.000000        0.179818
FIRE:  221 09:43:19  -978340.000000        0.179904
FIRE:  222 09:43:19  -978340.000000        0.176784
FIRE:  223 09:43:20  -978340.062500        0.174642
FIRE:  224 09:43:20  -978340.062500        0.172188
FIRE:  225 09:43:20  -978340.062500        0.169668
FIRE:  226 09:43:20  -978340.062500        0.166994
FIRE:  227 09:43:20  -978340.062500        0.163941
FIRE:  228 09:43:20  -978340.062500        0.160317
FIRE:  229 09:43:20  -978340.062500        0.156660
FIRE:  230 09:43:20  -978340.062500        0.155749
FIRE:  231 09:43:20  -978340.125000        0.150711
FIRE:  232 09:43:20  -978340.125000        0.148537
FIRE:  233 09:43:20  -978340.125000        0.185342
FIRE:  234 09:43:20  -978340.187500        0.654445
FIRE:  235 09:43:20  -978340.187500        1.985753
FIRE:  236 09:43:20  -978340.187500        0.149267
FIRE:  237 09:43:20  -978340.187500        0.149278
FIRE:  238 09:43:20  -978340.187500        0.149266
FIRE:  239 09:43:20  -978340.187500        0.149154
FIRE:  240 09:43:21  -978340.187500        0.148883
FIRE:  241 09:43:21  -978340.187500        0.148412
FIRE:  242 09:43:21  -978340.187500        0.147788
FIRE:  243 09:43:21  -978340.187500        0.147134
FIRE:  244 09:43:21  -978340.187500        0.146554
FIRE:  245 09:43:21  -978340.187500        0.146289
FIRE:  246 09:43:21  -978340.187500        0.146627
FIRE:  247 09:43:21  -978340.250000        0.147698
FIRE:  248 09:43:21  -978340.250000        0.149406
FIRE:  249 09:43:21  -978340.250000        0.151217
FIRE:  250 09:43:21  -978340.250000        0.152587
FIRE:  251 09:43:21  -978340.250000        0.153411
FIRE:  252 09:43:21  -978340.187500        0.153952
FIRE:  253 09:43:21  -978340.187500        0.154896
FIRE:  254 09:43:21  -978340.312500        0.156243
FIRE:  255 09:43:21  -978340.312500        0.234235
FIRE:  256 09:43:21  -978340.250000        0.623031
FIRE:  257 09:43:22  -978340.312500        1.800533
FIRE:  258 09:43:22  -978340.375000        0.190017
FIRE:  259 09:43:22  -978340.375000        0.158938
FIRE:  260 09:43:22  -978340.375000        0.158438
FIRE:  261 09:43:22  -978340.375000        0.157751
FIRE:  262 09:43:22  -978340.375000        0.156921
FIRE:  263 09:43:22  -978340.375000        0.156012
FIRE:  264 09:43:22  -978340.375000        0.155065
FIRE:  265 09:43:22  -978340.375000        0.154076
FIRE:  266 09:43:22  -978340.375000        0.152743
FIRE:  267 09:43:22  -978340.375000        0.151199
FIRE:  268 09:43:22  -978340.375000        0.149428
FIRE:  269 09:43:22  -978340.375000        0.147478
FIRE:  270 09:43:22  -978340.375000        0.145417
FIRE:  271 09:43:22  -978340.375000        0.143215
FIRE:  272 09:43:22  -978340.375000        0.140307
FIRE:  273 09:43:22  -978340.375000        0.135687
FIRE:  274 09:43:23  -978340.375000        0.129592
FIRE:  275 09:43:23  -978340.375000        0.123086
FIRE:  276 09:43:23  -978340.375000        0.115175
FIRE:  277 09:43:23  -978340.437500        0.105808
FIRE:  278 09:43:23  -978340.437500        0.096874
FIRE:  279 09:43:23  -978340.437500        0.228016
FIRE:  280 09:43:23  -978340.375000        1.091535
FIRE:  281 09:43:23  -978340.437500        0.111832
FIRE:  282 09:43:23  -978340.437500        0.087823
FIRE:  283 09:43:23  -978340.437500        0.067252
FIRE:  284 09:43:23  -978340.437500        0.066913
FIRE:  285 09:43:23  -978340.437500        0.087418
FIRE:  286 09:43:23  -978340.437500        0.094954
FIRE:  287 09:43:23  -978340.437500        0.070705
FIRE:  288 09:43:23  -978340.437500        0.064231
FIRE:  289 09:43:23  -978340.437500        0.065582
FIRE:  290 09:43:23  -978340.500000        0.078233
FIRE:  291 09:43:24  -978340.500000        0.061808
FIRE:  292 09:43:24  -978340.500000        0.061571
FIRE:  293 09:43:24  -978340.500000        0.068327
FIRE:  294 09:43:24  -978340.500000        0.061843
FIRE:  295 09:43:24  -978340.500000        0.067987
FIRE:  296 09:43:24  -978340.500000        0.062272
FIRE:  297 09:43:24  -978340.500000        0.062482
FIRE:  298 09:43:24  -978340.500000        0.079846
FIRE:  299 09:43:24  -978340.500000        0.121007
FIRE:  300 09:43:24  -978340.500000        0.198993
FIRE:  301 09:43:24  -978340.500000        0.547435
FIRE:  302 09:43:24  -978340.500000        1.440594
FIRE:  303 09:43:24  -978340.562500        0.128192
FIRE:  304 09:43:24  -978340.562500        0.098802
FIRE:  305 09:43:24  -978340.562500        0.055088
FIRE:  306 09:43:24  -978340.562500        0.055294
FIRE:  307 09:43:24  -978340.500000        0.076532
FIRE:  308 09:43:25  -978340.500000        0.091056
FIRE:  309 09:43:25  -978340.562500        0.079006
FIRE:  310 09:43:25  -978340.500000        0.055724
FIRE:  311 09:43:25  -978340.562500        0.055671
FIRE:  312 09:43:25  -978340.500000        0.080883
FIRE:  313 09:43:25  -978340.562500        0.066593
FIRE:  314 09:43:25  -978340.500000        0.055634
FIRE:  315 09:43:25  -978339.500000        0.067606
FIRE:  316 09:43:25  -978340.562500        0.055156
FIRE:  317 09:43:25  -978340.562500        0.064231
FIRE:  318 09:43:25  -978340.500000        0.054470
FIRE:  319 09:43:25  -978340.500000        0.072655
FIRE:  320 09:43:25  -978340.562500        0.053414
FIRE:  321 09:43:25  -978340.562500        0.052464
FIRE:  322 09:43:25  -978340.500000        0.051025
FIRE:  323 09:43:26  -978340.562500        0.124752
FIRE:  324 09:43:26  -978339.750000        0.430538
FIRE:  325 09:43:26  -978339.750000        1.458731
FIRE:  326 09:43:26  -978339.812500        0.092314
FIRE:  327 09:43:26  -978339.750000        0.068051
FIRE:  328 09:43:26  -978339.812500        0.044107
