      Step     Time          Energy          fmax
FIRE:    0 04:34:51  -184434.515625        4.103804
FIRE:    1 04:34:52  -184436.656250        2.642444
FIRE:    2 04:34:54  -184436.953125        2.303803
FIRE:    3 04:34:54  -184437.359375        2.069998
FIRE:    4 04:34:54  -184437.687500        1.872588
FIRE:    5 04:34:54  -184438.125000        1.746098
FIRE:    6 04:34:54  -184438.640625        1.541687
FIRE:    7 04:34:54  -184439.109375        1.524993
FIRE:    8 04:34:54  -184439.484375        1.600757
FIRE:    9 04:34:54  -184440.015625        1.754586
FIRE:   10 04:34:54  -184440.578125        1.946531
FIRE:   11 04:34:54  -184441.078125        2.055621
FIRE:   12 04:34:56  -184441.687500        1.796700
FIRE:   13 04:34:56  -184442.203125        1.860415
FIRE:   14 04:34:56  -184442.750000        1.727568
FIRE:   15 04:34:56  -184443.109375        2.235404
FIRE:   16 04:34:56  -184443.468750        2.744835
FIRE:   17 04:34:56  -184443.843750        2.044914
FIRE:   18 04:34:56  -184444.171875        2.445836
FIRE:   19 04:34:56  -184444.578125        2.399970
FIRE:   20 04:34:58  -184445.062500        2.577750
FIRE:   21 04:34:58  -184445.484375        2.533608
FIRE:   22 04:34:58  -184446.015625        2.235699
FIRE:   23 04:35:00  -184446.203125        4.388757
FIRE:   24 04:35:00  -184446.421875        1.473357
FIRE:   25 04:35:00  -184446.500000        1.771960
FIRE:   26 04:35:00  -184446.562500        1.692991
FIRE:   27 04:35:00  -184446.593750        1.513842
FIRE:   28 04:35:00  -184446.625000        1.206190
FIRE:   29 04:35:00  -184446.687500        0.858385
FIRE:   30 04:35:00  -184446.750000        0.961146
FIRE:   31 04:35:00  -184446.781250        1.549090
FIRE:   32 04:35:00  -184446.843750        1.689472
FIRE:   33 04:35:00  -184446.921875        1.223772
FIRE:   34 04:35:00  -184446.984375        0.495172
FIRE:   35 04:35:00  -184447.109375        0.874619
FIRE:   36 04:35:01  -184447.187500        1.159799
FIRE:   37 04:35:01  -184447.296875        0.765980
FIRE:   38 04:35:01  -184447.406250        0.851713
FIRE:   39 04:35:01  -184447.515625        1.169379
FIRE:   40 04:35:01  -184447.703125        0.712771
FIRE:   41 04:35:01  -184447.843750        1.064452
FIRE:   42 04:35:01  -184448.015625        0.933352
FIRE:   43 04:35:01  -184448.140625        0.867026
FIRE:   44 04:35:01  -184448.140625        2.002182
FIRE:   45 04:35:01  -184448.296875        0.430754
FIRE:   46 04:35:01  -184448.296875        0.340185
FIRE:   47 04:35:01  -184448.312500        0.302248
FIRE:   48 04:35:01  -184448.312500        0.269611
FIRE:   49 04:35:01  -184448.312500        0.318273
FIRE:   50 04:35:01  -184448.343750        0.346650
FIRE:   51 04:35:01  -184448.328125        0.279097
FIRE:   52 04:35:01  -184448.359375        0.268109
FIRE:   53 04:35:01  -184448.328125        0.238445
FIRE:   54 04:35:01  -184448.328125        0.248702
FIRE:   55 04:35:02  -184448.359375        0.220391
FIRE:   56 04:35:02  -184448.390625        0.214706
FIRE:   57 04:35:02  -184448.390625        0.247039
FIRE:   58 04:35:02  -184448.468750        0.165021
FIRE:   59 04:35:02  -184448.453125        0.216238
FIRE:   60 04:35:02  -184448.515625        0.129675
FIRE:   61 04:35:02  -184448.562500        0.268705
FIRE:   62 04:35:02  -184448.625000        0.206169
FIRE:   63 04:35:02  -184448.671875        0.168113
FIRE:   64 04:35:02  -184448.765625        0.198214
FIRE:   65 04:35:02  -184448.859375        0.544274
FIRE:   66 04:35:02  -184448.906250        1.546021
FIRE:   67 04:35:02  -184448.984375        0.133335
FIRE:   68 04:35:02  -184448.953125        0.117443
FIRE:   69 04:35:02  -184448.953125        0.112198
FIRE:   70 04:35:02  -184448.968750        0.109568
FIRE:   71 04:35:02  -184448.984375        0.106989
FIRE:   72 04:35:03  -184448.953125        0.104999
FIRE:   73 04:35:03  -184449.000000        0.103775
FIRE:   74 04:35:03  -184448.968750        0.103381
FIRE:   75 04:35:03  -184449.000000        0.103949
FIRE:   76 04:35:03  -184449.000000        0.105594
FIRE:   77 04:35:03  -184449.015625        0.108077
FIRE:   78 04:35:03  -184449.000000        0.110374
FIRE:   79 04:35:03  -184449.062500        0.110789
FIRE:   80 04:35:03  -184449.031250        0.108498
FIRE:   81 04:35:03  -184449.093750        0.105268
FIRE:   82 04:35:03  -184449.078125        0.104143
FIRE:   83 04:35:03  -184449.140625        0.106580
FIRE:   84 04:35:03  -184449.140625        0.109785
FIRE:   85 04:35:03  -184449.234375        0.107441
FIRE:   86 04:35:03  -184449.234375        0.104468
FIRE:   87 04:35:03  -184449.312500        0.185366
FIRE:   88 04:35:03  -184449.406250        0.858550
FIRE:   89 04:35:04  -184449.390625        2.907493
FIRE:   90 04:35:04  -184449.500000        0.249767
FIRE:   91 04:35:04  -184449.468750        0.181658
FIRE:   92 04:35:04  -184449.515625        0.102380
FIRE:   93 04:35:04  -184449.484375        0.103755
FIRE:   94 04:35:04  -184449.500000        0.151106
FIRE:   95 04:35:04  -184449.468750        0.155588
FIRE:   96 04:35:04  -184449.515625        0.118836
FIRE:   97 04:35:04  -184449.515625        0.103025
FIRE:   98 04:35:04  -184449.515625        0.115515
FIRE:   99 04:35:04  -184449.531250        0.140719
FIRE:  100 04:35:04  -184449.515625        0.104342
FIRE:  101 04:35:04  -184449.546875        0.104698
FIRE:  102 04:35:04  -184449.546875        0.115584
FIRE:  103 04:35:04  -184449.562500        0.104966
FIRE:  104 04:35:04  -184449.578125        0.126144
FIRE:  105 04:35:04  -184449.625000        0.105301
FIRE:  106 04:35:05  -184449.625000        0.105271
FIRE:  107 04:35:05  -184449.671875        0.150920
FIRE:  108 04:35:05  -184449.703125        0.218833
FIRE:  109 04:35:05  -184449.750000        0.507075
FIRE:  110 04:35:05  -184449.796875        1.165091
FIRE:  111 04:35:05  -184449.765625        3.377545
FIRE:  112 04:35:05  -184449.843750        0.548733
FIRE:  113 04:35:05  -184449.859375        0.401949
FIRE:  114 04:35:05  -184449.859375        0.166284
FIRE:  115 04:35:05  -184449.875000        0.149558
FIRE:  116 04:35:05  -184449.843750        0.367021
FIRE:  117 04:35:05  -184449.843750        0.436204
FIRE:  118 04:35:05  -184449.859375        0.343951
FIRE:  119 04:35:05  -184449.875000        0.133042
FIRE:  120 04:35:05  -184449.875000        0.140352
FIRE:  121 04:35:05  -184449.890625        0.305569
FIRE:  122 04:35:05  -184449.890625        0.249070
FIRE:  123 04:35:06  -184449.906250        0.104365
FIRE:  124 04:35:06  -184449.906250        0.297024
FIRE:  125 04:35:06  -184449.921875        0.177669
FIRE:  126 04:35:06  -184449.921875        0.213324
FIRE:  127 04:35:06  -184449.937500        0.160623
FIRE:  128 04:35:06  -184449.937500        0.321856
FIRE:  129 04:35:06  -184449.984375        0.102665
FIRE:  130 04:35:06  -184450.015625        0.146793
FIRE:  131 04:35:06  -184450.078125        0.470104
FIRE:  132 04:35:06  -184450.078125        0.995656
FIRE:  133 04:35:06  -184450.125000        2.443622
FIRE:  134 04:35:06  -184450.109375        0.102613
FIRE:  135 04:35:06  -184450.156250        0.100847
FIRE:  136 04:35:06  -184450.140625        0.100772
FIRE:  137 04:35:06  -184450.140625        0.100703
FIRE:  138 04:35:06  -184450.125000        0.100667
FIRE:  139 04:35:06  -184450.140625        0.100696
FIRE:  140 04:35:07  -184450.156250        0.100801
FIRE:  141 04:35:07  -184450.140625        0.100994
FIRE:  142 04:35:07  -184450.171875        0.101275
FIRE:  143 04:35:07  -184450.156250        0.101659
FIRE:  144 04:35:07  -184450.156250        0.102122
FIRE:  145 04:35:07  -184450.140625        0.102570
FIRE:  146 04:35:07  -184450.187500        0.102906
FIRE:  147 04:35:07  -184450.187500        0.103043
FIRE:  148 04:35:07  -184450.187500        0.102972
FIRE:  149 04:35:07  -184450.218750        0.102807
FIRE:  150 04:35:07  -184450.218750        0.102629
FIRE:  151 04:35:07  -184450.265625        0.102390
FIRE:  152 04:35:07  -184450.281250        0.101921
FIRE:  153 04:35:07  -184450.312500        0.101602
FIRE:  154 04:35:07  -184450.375000        0.210049
FIRE:  155 04:35:07  -184450.390625        0.776691
FIRE:  156 04:35:07  -184450.390625        2.306043
FIRE:  157 04:35:08  -184450.437500        0.101538
FIRE:  158 04:35:08  -184450.421875        2.426789
FIRE:  159 04:35:08  -184450.406250        1.709609
FIRE:  160 04:35:08  -184450.421875        0.556365
FIRE:  161 04:35:08  -184450.437500        0.637489
FIRE:  162 04:35:08  -184450.437500        0.596388
FIRE:  163 04:35:08  -184450.453125        0.516497
FIRE:  164 04:35:08  -184450.453125        0.402578
FIRE:  165 04:35:08  -184450.468750        0.263455
FIRE:  166 04:35:08  -184450.437500        0.128334
FIRE:  167 04:35:08  -184450.453125        0.101672
FIRE:  168 04:35:08  -184450.453125        0.189449
FIRE:  169 04:35:08  -184450.453125        0.302075
FIRE:  170 04:35:08  -184450.453125        0.368566
FIRE:  171 04:35:08  -184450.468750        0.370091
FIRE:  172 04:35:08  -184450.468750        0.294253
FIRE:  173 04:35:08  -184450.453125        0.143293
FIRE:  174 04:35:09  -184450.453125        0.102507
FIRE:  175 04:35:09  -184450.437500        0.215764
FIRE:  176 04:35:09  -184450.453125        0.266197
FIRE:  177 04:35:09  -184450.453125        0.157783
FIRE:  178 04:35:09  -184450.484375        0.103185
FIRE:  179 04:35:09  -184450.484375        0.253334
FIRE:  180 04:35:09  -184450.468750        0.173695
FIRE:  181 04:35:09  -184450.500000        0.127166
FIRE:  182 04:35:09  -184450.500000        0.196783
FIRE:  183 04:35:09  -184450.531250        0.117285
FIRE:  184 04:35:09  -184450.546875        0.188071
FIRE:  185 04:35:09  -184450.546875        0.227566
FIRE:  186 04:35:09  -184450.578125        0.140812
FIRE:  187 04:35:09  -184450.640625        0.102728
FIRE:  188 04:35:09  -184450.656250        0.129063
FIRE:  189 04:35:09  -184450.687500        0.354263
FIRE:  190 04:35:09  -184450.734375        1.246322
FIRE:  191 04:35:10  -184450.750000        0.133883
FIRE:  192 04:35:10  -184450.750000        0.109786
FIRE:  193 04:35:10  -184450.750000        0.102890
FIRE:  194 04:35:10  -184450.750000        0.102841
FIRE:  195 04:35:10  -184450.750000        0.104974
FIRE:  196 04:35:10  -184450.750000        0.118031
FIRE:  197 04:35:10  -184450.734375        0.103108
FIRE:  198 04:35:10  -184450.750000        0.103341
FIRE:  199 04:35:10  -184450.765625        0.103655
FIRE:  200 04:35:10  -184450.750000        0.104021
FIRE:  201 04:35:10  -184450.781250        0.104393
FIRE:  202 04:35:10  -184450.765625        0.104683
FIRE:  203 04:35:10  -184450.781250        0.104827
FIRE:  204 04:35:10  -184450.796875        0.104781
FIRE:  205 04:35:10  -184450.796875        0.104540
FIRE:  206 04:35:10  -184450.828125        0.104104
FIRE:  207 04:35:10  -184450.828125        0.103519
FIRE:  208 04:35:11  -184450.828125        0.102823
FIRE:  209 04:35:11  -184450.875000        0.101893
FIRE:  210 04:35:11  -184450.906250        0.101303
FIRE:  211 04:35:11  -184450.937500        0.151678
FIRE:  212 04:35:11  -184451.000000        0.421228
FIRE:  213 04:35:11  -184450.984375        1.892678
FIRE:  214 04:35:11  -184451.046875        0.368675
FIRE:  215 04:35:11  -184451.046875        0.277726
FIRE:  216 04:35:11  -184451.062500        0.120352
FIRE:  217 04:35:11  -184451.046875        0.154029
FIRE:  218 04:35:11  -184451.046875        0.293030
FIRE:  219 04:35:11  -184451.062500        0.321650
FIRE:  220 04:35:11  -184451.046875        0.237900
FIRE:  221 04:35:11  -184451.046875        0.100450
FIRE:  222 04:35:11  -184451.046875        0.155924
FIRE:  223 04:35:11  -184451.078125        0.226604
FIRE:  224 04:35:12  -184451.062500        0.155818
FIRE:  225 04:35:12  -184451.062500        0.120467
FIRE:  226 04:35:12  -184451.078125        0.239845
FIRE:  227 04:35:12  -184451.093750        0.101322
FIRE:  228 04:35:12  -184451.093750        0.202599
FIRE:  229 04:35:12  -184451.093750        0.100434
FIRE:  230 04:35:12  -184451.156250        0.252693
FIRE:  231 04:35:12  -184451.156250        0.201221
FIRE:  232 04:35:12  -184451.187500        0.144126
FIRE:  233 04:35:12  -184451.187500        0.135455
FIRE:  234 04:35:12  -184451.250000        0.366260
FIRE:  235 04:35:12  -184451.265625        1.370504
FIRE:  236 04:35:12  -184451.281250        0.139121
FIRE:  237 04:35:12  -184451.281250        0.106650
FIRE:  238 04:35:12  -184451.296875        0.094735
FIRE:  239 04:35:12  -184451.312500        0.094750
FIRE:  240 04:35:12  -184451.328125        0.099430
FIRE:  241 04:35:13  -184451.296875        0.116177
FIRE:  242 04:35:13  -184451.296875        0.095057
FIRE:  243 04:35:13  -184451.312500        0.095243
FIRE:  244 04:35:13  -184451.296875        0.095476
FIRE:  245 04:35:13  -184451.281250        0.095748
FIRE:  246 04:35:13  -184451.312500        0.096045
FIRE:  247 04:35:13  -184451.312500        0.096308
FIRE:  248 04:35:13  -184451.281250        0.096455
FIRE:  249 04:35:13  -184451.343750        0.096423
FIRE:  250 04:35:13  -184451.328125        0.096195
FIRE:  251 04:35:13  -184451.343750        0.095767
FIRE:  252 04:35:13  -184451.359375        0.095180
FIRE:  253 04:35:13  -184451.359375        0.094455
FIRE:  254 04:35:13  -184451.390625        0.094598
FIRE:  255 04:35:13  -184451.421875        0.094836
FIRE:  256 04:35:13  -184451.468750        0.269673
FIRE:  257 04:35:13  -184451.453125        0.939139
FIRE:  258 04:35:14  -184451.484375        3.609017
FIRE:  259 04:35:14  -184451.531250        0.909404
FIRE:  260 04:35:14  -184451.531250        0.654836
FIRE:  261 04:35:14  -184451.500000        0.219529
FIRE:  262 04:35:14  -184451.515625        0.304554
FIRE:  263 04:35:14  -184451.531250        0.283516
FIRE:  264 04:35:14  -184451.531250        0.243083
FIRE:  265 04:35:14  -184451.546875        0.186782
FIRE:  266 04:35:14  -184451.531250        0.119770
FIRE:  267 04:35:14  -184451.515625        0.094268
FIRE:  268 04:35:14  -184451.531250        0.094308
FIRE:  269 04:35:14  -184451.546875        0.097508
FIRE:  270 04:35:14  -184451.546875        0.131928
FIRE:  271 04:35:14  -184451.515625        0.146420
FIRE:  272 04:35:14  -184451.531250        0.133754
FIRE:  273 04:35:14  -184451.546875        0.094676
FIRE:  274 04:35:15  -184451.531250        0.094796
FIRE:  275 04:35:15  -184451.546875        0.094927
FIRE:  276 04:35:15  -184451.546875        0.129626
FIRE:  277 04:35:15  -184451.562500        0.110285
FIRE:  278 04:35:15  -184451.562500        0.095302
FIRE:  279 04:35:15  -184451.546875        0.095337
FIRE:  280 04:35:15  -184451.578125        0.095270
FIRE:  281 04:35:15  -184451.562500        0.095039
FIRE:  282 04:35:15  -184451.562500        0.115423
FIRE:  283 04:35:15  -184451.578125        0.093847
FIRE:  284 04:35:15  -184451.593750        0.102140
FIRE:  285 04:35:15  -184451.593750        0.091403
FIRE:  286 04:35:15  -184451.609375        0.089633
FIRE:  287 04:35:15  -184451.640625        0.111360
FIRE:  288 04:35:15  -184451.671875        0.290837
FIRE:  289 04:35:15  -184451.718750        0.730682
FIRE:  290 04:35:15  -184451.734375        2.113702
FIRE:  291 04:35:16  -184451.750000        0.117134
FIRE:  292 04:35:16  -184451.734375        0.092577
FIRE:  293 04:35:16  -184451.765625        0.084400
FIRE:  294 04:35:16  -184451.765625        0.084460
FIRE:  295 04:35:16  -184451.750000        0.084556
FIRE:  296 04:35:16  -184451.750000        0.095099
FIRE:  297 04:35:16  -184451.750000        0.084858
FIRE:  298 04:35:16  -184451.750000        0.085054
FIRE:  299 04:35:16  -184451.750000        0.085281
FIRE:  300 04:35:16  -184451.750000        0.085542
FIRE:  301 04:35:16  -184451.765625        0.085830
FIRE:  302 04:35:16  -184451.781250        0.086109
FIRE:  303 04:35:16  -184451.781250        0.086332
FIRE:  304 04:35:16  -184451.765625        0.086453
FIRE:  305 04:35:16  -184451.765625        0.086426
FIRE:  306 04:35:16  -184451.812500        0.086225
FIRE:  307 04:35:16  -184451.812500        0.085822
FIRE:  308 04:35:17  -184451.812500        0.085248
FIRE:  309 04:35:17  -184451.828125        0.098929
FIRE:  310 04:35:17  -184451.859375        0.103149
FIRE:  311 04:35:17  -184451.875000        0.228212
FIRE:  312 04:35:17  -184451.906250        0.770224
FIRE:  313 04:35:17  -184451.906250        2.127462
FIRE:  314 04:35:17  -184451.921875        0.082151
FIRE:  315 04:35:17  -184451.875000        2.223378
FIRE:  316 04:35:17  -184451.921875        1.554279
FIRE:  317 04:35:17  -184451.937500        0.477508
FIRE:  318 04:35:17  -184451.953125        0.637095
FIRE:  319 04:35:17  -184451.937500        0.594815
FIRE:  320 04:35:17  -184451.953125        0.512779
FIRE:  321 04:35:17  -184451.937500        0.395817
FIRE:  322 04:35:17  -184451.921875        0.251586
FIRE:  323 04:35:17  -184451.921875        0.111099
FIRE:  324 04:35:18  -184451.937500        0.082702
FIRE:  325 04:35:18  -184451.906250        0.207063
FIRE:  326 04:35:18  -184451.937500        0.315203
FIRE:  327 04:35:18  -184451.921875        0.374751
FIRE:  328 04:35:18  -184451.921875        0.369386
FIRE:  329 04:35:18  -184451.953125        0.288523
FIRE:  330 04:35:18  -184451.937500        0.135006
FIRE:  331 04:35:18  -184451.937500        0.083075
FIRE:  332 04:35:18  -184451.937500        0.220464
FIRE:  333 04:35:18  -184451.937500        0.266978
FIRE:  334 04:35:18  -184451.937500        0.158795
FIRE:  335 04:35:18  -184451.937500        0.083420
FIRE:  336 04:35:18  -184451.937500        0.249276
FIRE:  337 04:35:18  -184451.968750        0.177465
FIRE:  338 04:35:18  -184451.937500        0.115588
FIRE:  339 04:35:18  -184451.968750        0.196802
FIRE:  340 04:35:18  -184451.984375        0.094405
FIRE:  341 04:35:19  -184451.968750        0.191691
FIRE:  342 04:35:19  -184452.000000        0.198515
FIRE:  343 04:35:19  -184452.031250        0.094687
FIRE:  344 04:35:19  -184452.046875        0.122214
FIRE:  345 04:35:19  -184452.046875        0.313908
FIRE:  346 04:35:19  -184452.109375        0.842883
FIRE:  347 04:35:19  -184452.078125        2.095578
FIRE:  348 04:35:19  -184452.109375        0.111713
FIRE:  349 04:35:19  -184452.093750        2.167271
FIRE:  350 04:35:19  -184452.093750        1.524650
FIRE:  351 04:35:19  -184452.093750        0.485462
FIRE:  352 04:35:19  -184452.125000        0.604842
FIRE:  353 04:35:19  -184452.125000        0.566272
FIRE:  354 04:35:19  -184452.109375        0.491348
FIRE:  355 04:35:19  -184452.125000        0.384516
FIRE:  356 04:35:19  -184452.109375        0.252448
FIRE:  357 04:35:19  -184452.125000        0.104867
FIRE:  358 04:35:20  -184452.140625        0.080861
FIRE:  359 04:35:20  -184452.125000        0.174541
FIRE:  360 04:35:20  -184452.125000        0.277384
FIRE:  361 04:35:20  -184452.125000        0.337260
FIRE:  362 04:35:20  -184452.125000        0.339212
FIRE:  363 04:35:20  -184452.140625        0.272445
FIRE:  364 04:35:20  -184452.125000        0.136822
FIRE:  365 04:35:20  -184452.140625        0.081014
FIRE:  366 04:35:20  -184452.125000        0.202915
FIRE:  367 04:35:20  -184452.140625        0.261903
FIRE:  368 04:35:20  -184452.140625        0.179454
FIRE:  369 04:35:20  -184452.125000        0.081082
FIRE:  370 04:35:20  -184452.140625        0.211626
FIRE:  371 04:35:20  -184452.140625        0.179968
FIRE:  372 04:35:20  -184452.171875        0.104701
FIRE:  373 04:35:20  -184452.156250        0.211293
FIRE:  374 04:35:21  -184452.187500        0.100661
FIRE:  375 04:35:21  -184452.156250        0.210860
FIRE:  376 04:35:21  -184452.187500        0.149987
FIRE:  377 04:35:21  -184452.203125        0.131657
FIRE:  378 04:35:21  -184452.203125        0.198921
FIRE:  379 04:35:21  -184452.250000        0.451297
FIRE:  380 04:35:21  -184452.281250        1.045095
FIRE:  381 04:35:21  -184452.296875        2.474913
FIRE:  382 04:35:21  -184452.296875        0.174607
FIRE:  383 04:35:21  -184452.281250        0.129227
FIRE:  384 04:35:21  -184452.296875        0.073903
FIRE:  385 04:35:21  -184452.328125        0.074115
FIRE:  386 04:35:21  -184452.312500        0.135774
FIRE:  387 04:35:21  -184452.328125        0.147157
FIRE:  388 04:35:21  -184452.312500        0.101693
FIRE:  389 04:35:21  -184452.281250        0.074604
FIRE:  390 04:35:21  -184452.281250        0.078483
FIRE:  391 04:35:22  -184452.359375        0.104261
FIRE:  392 04:35:22  -184452.312500        0.074909
FIRE:  393 04:35:22  -184452.343750        0.075152
FIRE:  394 04:35:22  -184452.343750        0.105877
FIRE:  395 04:35:22  -184452.359375        0.075136
FIRE:  396 04:35:22  -184452.343750        0.093784
FIRE:  397 04:35:22  -184452.390625        0.074691
FIRE:  398 04:35:22  -184452.359375        0.078001
FIRE:  399 04:35:22  -184452.375000        0.119380
FIRE:  400 04:35:22  -184452.421875        0.185839
FIRE:  401 04:35:22  -184452.390625        0.307295
FIRE:  402 04:35:22  -184452.406250        0.821227
FIRE:  403 04:35:22  -184452.453125        2.032262
FIRE:  404 04:35:22  -184452.453125        0.083509
FIRE:  405 04:35:22  -184452.437500        2.111487
FIRE:  406 04:35:22  -184452.453125        1.503561
FIRE:  407 04:35:22  -184452.437500        0.513179
FIRE:  408 04:35:23  -184452.453125        0.535125
FIRE:  409 04:35:23  -184452.453125        0.500477
FIRE:  410 04:35:23  -184452.453125        0.433219
FIRE:  411 04:35:23  -184452.468750        0.337334
FIRE:  412 04:35:23  -184452.484375        0.222873
FIRE:  413 04:35:23  -184452.468750        0.110038
FIRE:  414 04:35:23  -184452.453125        0.070870
FIRE:  415 04:35:23  -184452.484375        0.161725
FIRE:  416 04:35:23  -184452.453125        0.256460
FIRE:  417 04:35:23  -184452.453125        0.312872
FIRE:  418 04:35:23  -184452.453125        0.316416
FIRE:  419 04:35:23  -184452.500000        0.256800
FIRE:  420 04:35:23  -184452.453125        0.134192
FIRE:  421 04:35:23  -184452.500000        0.071080
FIRE:  422 04:35:23  -184452.468750        0.170556
FIRE:  423 04:35:23  -184452.468750        0.223288
FIRE:  424 04:35:24  -184452.468750        0.147076
FIRE:  425 04:35:24  -184452.453125        0.071314
FIRE:  426 04:35:24  -184452.500000        0.207964
FIRE:  427 04:35:24  -184452.468750        0.170169
FIRE:  428 04:35:24  -184452.468750        0.082947
FIRE:  429 04:35:24  -184452.515625        0.174828
FIRE:  430 04:35:24  -184452.468750        0.070755
FIRE:  431 04:35:24  -184452.515625        0.189363
FIRE:  432 04:35:24  -184452.500000        0.148891
FIRE:  433 04:35:24  -184452.515625        0.069342
FIRE:  434 04:35:24  -184452.546875        0.131842
FIRE:  435 04:35:24  -184452.562500        0.339402
FIRE:  436 04:35:24  -184452.578125        0.980748
FIRE:  437 04:35:24  -184452.593750        2.425819
FIRE:  438 04:35:24  -184452.609375        0.065777
FIRE:  439 04:35:24  -184452.562500        2.596151
FIRE:  440 04:35:24  -184452.593750        1.804769
FIRE:  441 04:35:25  -184452.609375        0.544173
FIRE:  442 04:35:25  -184452.609375        0.749505
FIRE:  443 04:35:25  -184452.609375        0.700404
FIRE:  444 04:35:25  -184452.609375        0.604966
FIRE:  445 04:35:25  -184452.609375        0.468672
FIRE:  446 04:35:25  -184452.609375        0.299981
FIRE:  447 04:35:25  -184452.609375        0.133465
FIRE:  448 04:35:25  -184452.593750        0.080321
FIRE:  449 04:35:25  -184452.609375        0.244218
FIRE:  450 04:35:25  -184452.609375        0.240453
FIRE:  451 04:35:25  -184452.609375        0.232777
FIRE:  452 04:35:25  -184452.609375        0.221473
FIRE:  453 04:35:25  -184452.609375        0.206764
FIRE:  454 04:35:25  -184452.625000        0.189046
FIRE:  455 04:35:25  -184452.625000        0.168598
FIRE:  456 04:35:25  -184452.625000        0.145942
FIRE:  457 04:35:25  -184452.640625        0.119033
FIRE:  458 04:35:26  -184452.609375        0.087924
FIRE:  459 04:35:26  -184452.625000        0.066090
FIRE:  460 04:35:26  -184452.625000        0.066066
FIRE:  461 04:35:26  -184452.609375        0.066049
FIRE:  462 04:35:26  -184452.640625        0.077283
FIRE:  463 04:35:26  -184452.625000        0.097340
FIRE:  464 04:35:26  -184452.625000        0.106709
FIRE:  465 04:35:26  -184452.609375        0.101673
FIRE:  466 04:35:26  -184452.609375        0.080086
FIRE:  467 04:35:26  -184452.656250        0.066101
FIRE:  468 04:35:26  -184452.609375        0.066142
FIRE:  469 04:35:26  -184452.625000        0.078937
FIRE:  470 04:35:26  -184452.625000        0.096376
FIRE:  471 04:35:26  -184452.625000        0.070969
FIRE:  472 04:35:26  -184452.593750        0.066090
FIRE:  473 04:35:26  -184452.625000        0.066718
FIRE:  474 04:35:27  -184452.640625        0.069391
FIRE:  475 04:35:27  -184452.625000        0.065811
FIRE:  476 04:35:27  -184452.656250        0.082475
FIRE:  477 04:35:27  -184452.625000        0.065328
FIRE:  478 04:35:27  -184452.671875        0.072886
FIRE:  479 04:35:27  -184452.671875        0.064409
FIRE:  480 04:35:27  -184452.687500        0.085303
FIRE:  481 04:35:27  -184452.703125        0.097315
FIRE:  482 04:35:27  -184452.703125        0.138320
FIRE:  483 04:35:27  -184452.718750        0.231611
FIRE:  484 04:35:27  -184452.750000        0.695901
FIRE:  485 04:35:27  -184452.750000        1.830016
FIRE:  486 04:35:27  -184452.781250        0.058420
FIRE:  487 04:35:27  -184452.765625        1.879937
FIRE:  488 04:35:27  -184452.765625        1.337644
FIRE:  489 04:35:27  -184452.781250        0.450184
FIRE:  490 04:35:27  -184452.765625        0.493011
FIRE:  491 04:35:28  -184452.765625        0.460540
FIRE:  492 04:35:28  -184452.765625        0.397445
FIRE:  493 04:35:28  -184452.781250        0.307632
FIRE:  494 04:35:28  -184452.781250        0.201716
FIRE:  495 04:35:28  -184452.734375        0.096824
FIRE:  496 04:35:28  -184452.781250        0.058597
FIRE:  497 04:35:28  -184452.734375        0.155369
FIRE:  498 04:35:28  -184452.781250        0.241228
FIRE:  499 04:35:28  -184452.796875        0.290975
FIRE:  500 04:35:28  -184452.750000        0.291071
FIRE:  501 04:35:28  -184452.765625        0.232539
FIRE:  502 04:35:28  -184452.765625        0.116458
FIRE:  503 04:35:28  -184452.765625        0.058530
FIRE:  504 04:35:28  -184452.781250        0.162529
FIRE:  505 04:35:28  -184452.812500        0.204437
FIRE:  506 04:35:28  -184452.781250        0.129287
FIRE:  507 04:35:28  -184452.765625        0.058446
FIRE:  508 04:35:29  -184452.796875        0.197595
FIRE:  509 04:35:29  -184452.796875        0.147413
FIRE:  510 04:35:29  -184452.812500        0.090982
FIRE:  511 04:35:29  -184452.796875        0.158071
FIRE:  512 04:35:29  -184452.781250        0.074711
FIRE:  513 04:35:29  -184452.796875        0.161035
FIRE:  514 04:35:29  -184452.781250        0.157628
FIRE:  515 04:35:29  -184452.796875        0.072843
FIRE:  516 04:35:29  -184452.875000        0.055549
FIRE:  517 04:35:29  -184452.859375        0.172842
FIRE:  518 04:35:29  -184452.890625        0.660884
FIRE:  519 04:35:29  -184452.875000        1.904295
FIRE:  520 04:35:29  -184452.906250        0.050280
FIRE:  521 04:35:29  -184452.906250        0.050260
FIRE:  522 04:35:29  -184452.921875        0.050223
FIRE:  523 04:35:29  -184452.906250        0.050186
FIRE:  524 04:35:30  -184452.890625        0.050166
FIRE:  525 04:35:30  -184452.906250        0.050172
FIRE:  526 04:35:30  -184452.875000        0.050202
FIRE:  527 04:35:30  -184452.875000        0.050242
FIRE:  528 04:35:30  -184452.921875        0.050287
FIRE:  529 04:35:30  -184452.906250        0.050281
FIRE:  530 04:35:30  -184452.906250        0.050204
FIRE:  531 04:35:30  -184452.921875        0.050048
FIRE:  532 04:35:30  -184452.906250        0.049843
