      Step     Time          Energy          fmax
FIRE:    0 11:17:51 -3120451.250000       10.494796
FIRE:    1 11:17:51 -3120462.250000        8.472193
FIRE:    2 11:17:53 -3120468.500000        6.878749
FIRE:    3 11:17:53 -3120474.000000        5.617916
FIRE:    4 11:17:53 -3120480.250000        5.054533
FIRE:    5 11:17:53 -3120485.000000        5.196894
FIRE:    6 11:17:53 -3120487.500000        5.271769
FIRE:    7 11:17:53 -3120491.000000        5.116592
FIRE:    8 11:17:53 -3120493.500000        4.569679
FIRE:    9 11:17:53 -3120496.000000        3.191108
FIRE:   10 11:17:53 -3120497.500000        2.875183
FIRE:   11 11:17:53 -3120499.250000        5.935578
FIRE:   12 11:17:53 -3120500.500000        9.071275
FIRE:   13 11:17:53 -3120502.250000        8.644661
FIRE:   14 11:17:53 -3120504.500000        5.165965
FIRE:   15 11:17:54 -3120506.250000        2.927870
FIRE:   16 11:17:54 -3120507.750000        3.445057
FIRE:   17 11:17:54 -3120510.250000        4.365359
FIRE:   18 11:17:54 -3120511.500000        4.614352
FIRE:   19 11:17:54 -3120512.750000        4.041520
FIRE:   20 11:17:54 -3120513.000000        2.519998
FIRE:   21 11:17:54 -3120513.750000        1.625631
FIRE:   22 11:17:54 -3120514.500000        3.596487
FIRE:   23 11:17:54 -3120515.750000        3.820083
FIRE:   24 11:17:54 -3120518.250000        1.991389
FIRE:   25 11:17:54 -3120519.000000        1.045997
FIRE:   26 11:17:55 -3120516.750000        2.163938
FIRE:   27 11:17:55 -3120517.750000        2.292758
FIRE:   28 11:17:56 -3120518.500000        1.507630
FIRE:   29 11:17:56 -3120519.000000        0.764116
FIRE:   30 11:17:56 -3120519.750000        1.749748
FIRE:   31 11:17:56 -3120522.000000        1.719179
FIRE:   32 11:17:56 -3120521.000000        0.675353
FIRE:   33 11:17:56 -3120521.500000        0.955794
FIRE:   34 11:17:56 -3120523.250000        1.365517
FIRE:   35 11:17:56 -3120522.500000        0.994036
FIRE:   36 11:17:56 -3120522.750000        0.608889
FIRE:   37 11:17:56 -3120523.250000        0.999312
FIRE:   38 11:17:56 -3120523.750000        1.047875
FIRE:   39 11:17:56 -3120526.250000        0.719100
FIRE:   40 11:17:56 -3120524.750000        0.851323
FIRE:   41 11:17:56 -3120527.750000        1.063316
FIRE:   42 11:17:56 -3120526.250000        0.711660
FIRE:   43 11:17:56 -3120525.500000        0.500801
FIRE:   44 11:17:56 -3120527.250000        0.883625
FIRE:   45 11:17:56 -3120528.000000        0.589293
FIRE:   46 11:17:56 -3120528.250000        0.615972
FIRE:   47 11:17:56 -3120530.000000        0.983718
FIRE:   48 11:17:57 -3120530.250000        1.071535
FIRE:   49 11:17:57 -3120529.250000        0.777199
FIRE:   50 11:17:57 -3120529.500000        0.838924
FIRE:   51 11:17:57 -3120529.750000        0.960709
FIRE:   52 11:17:57 -3120530.000000        1.129071
FIRE:   53 11:17:57 -3120532.000000        1.526165
FIRE:   54 11:17:57 -3120530.750000        1.856498
FIRE:   55 11:17:57 -3120529.750000        1.935473
FIRE:   56 11:17:57 -3120531.750000        2.049618
FIRE:   57 11:17:57 -3120532.250000        2.493839
FIRE:   58 11:17:57 -3120532.750000        2.811838
FIRE:   59 11:17:57 -3120531.750000        3.101401
FIRE:   60 11:17:57 -3120534.000000        3.528450
FIRE:   61 11:17:57 -3120534.500000        3.557250
FIRE:   62 11:17:59 -3120535.500000        3.079192
FIRE:   63 11:17:59 -3120535.250000        1.839746
FIRE:   64 11:17:59 -3120535.750000        2.627032
FIRE:   65 11:17:59 -3120536.500000        3.770420
FIRE:   66 11:17:59 -3120536.500000        5.081474
FIRE:   67 11:17:59 -3120537.500000        0.840605
FIRE:   68 11:17:59 -3120535.750000        9.588548
FIRE:   69 11:17:59 -3120536.750000        4.061609
FIRE:   70 11:17:59 -3120537.750000        1.678427
FIRE:   71 11:17:59 -3120536.500000        1.592162
FIRE:   72 11:17:59 -3120536.500000        1.426204
FIRE:   73 11:17:59 -3120537.000000        1.198610
FIRE:   74 11:17:59 -3120536.500000        0.947462
FIRE:   75 11:17:59 -3120538.250000        0.836992
FIRE:   76 11:18:00 -3120538.250000        0.846597
FIRE:   77 11:18:00 -3120536.750000        0.913582
FIRE:   78 11:18:00 -3120538.000000        1.079223
FIRE:   79 11:18:00 -3120536.750000        1.080591
FIRE:   80 11:18:00 -3120536.750000        0.969514
FIRE:   81 11:18:00 -3120536.750000        1.040816
FIRE:   82 11:18:00 -3120538.500000        1.132040
FIRE:   83 11:18:00 -3120537.000000        1.236479
FIRE:   84 11:18:00 -3120537.250000        1.341157
FIRE:   85 11:18:00 -3120539.250000        1.428407
FIRE:   86 11:18:00 -3120538.250000        1.479298
FIRE:   87 11:18:00 -3120538.250000        1.417901
FIRE:   88 11:18:00 -3120538.500000        1.225261
FIRE:   89 11:18:00 -3120539.250000        1.102463
FIRE:   90 11:18:00 -3120539.250000        1.152288
FIRE:   91 11:18:00 -3120539.500000        1.614440
FIRE:   92 11:18:00 -3120540.000000        1.536986
FIRE:   93 11:18:00 -3120540.500000        1.669203
FIRE:   94 11:18:00 -3120540.750000        1.892998
FIRE:   95 11:18:01 -3120541.000000        1.307956
FIRE:   96 11:18:01 -3120541.500000        2.545852
FIRE:   97 11:18:01 -3120541.500000        1.043010
FIRE:   98 11:18:01 -3120541.750000        1.181801
FIRE:   99 11:18:01 -3120541.750000        1.270283
FIRE:  100 11:18:01 -3120542.000000        1.236114
FIRE:  101 11:18:01 -3120541.750000        1.416078
FIRE:  102 11:18:01 -3120542.000000        1.016980
FIRE:  103 11:18:01 -3120542.000000        0.637718
FIRE:  104 11:18:01 -3120542.000000        1.386449
FIRE:  105 11:18:01 -3120542.250000        1.217979
FIRE:  106 11:18:01 -3120542.250000        0.640398
FIRE:  107 11:18:01 -3120542.500000        1.070777
FIRE:  108 11:18:01 -3120543.750000        0.903150
FIRE:  109 11:18:01 -3120542.750000        0.808077
FIRE:  110 11:18:01 -3120543.000000        0.745681
FIRE:  111 11:18:01 -3120543.000000        0.761796
FIRE:  112 11:18:01 -3120543.500000        0.729015
FIRE:  113 11:18:02 -3120543.250000        0.601931
FIRE:  114 11:18:02 -3120543.000000        0.551363
FIRE:  115 11:18:02 -3120543.250000        0.630198
FIRE:  116 11:18:02 -3120543.250000        1.314784
FIRE:  117 11:18:02 -3120545.500000        2.264127
FIRE:  118 11:18:02 -3120544.000000        5.120977
FIRE:  119 11:18:02 -3120543.500000        1.120305
FIRE:  120 11:18:02 -3120544.000000        4.026982
FIRE:  121 11:18:02 -3120543.750000        3.143599
FIRE:  122 11:18:02 -3120543.500000        1.654413
FIRE:  123 11:18:02 -3120543.500000        0.332259
FIRE:  124 11:18:02 -3120543.250000        0.319387
FIRE:  125 11:18:02 -3120544.000000        0.294335
FIRE:  126 11:18:02 -3120544.500000        0.258437
FIRE:  127 11:18:02 -3120543.500000        0.250330
FIRE:  128 11:18:02 -3120543.500000        0.250275
FIRE:  129 11:18:03 -3120543.750000        0.250248
FIRE:  130 11:18:03 -3120543.750000        0.250242
FIRE:  131 11:18:03 -3120543.750000        0.250288
FIRE:  132 11:18:03 -3120543.750000        0.250402
FIRE:  133 11:18:03 -3120544.250000        0.250603
FIRE:  134 11:18:03 -3120543.750000        0.250923
FIRE:  135 11:18:03 -3120543.750000        0.251398
FIRE:  136 11:18:03 -3120543.750000        0.252035
FIRE:  137 11:18:03 -3120543.750000        0.252828
FIRE:  138 11:18:03 -3120545.250000        0.253724
FIRE:  139 11:18:03 -3120544.250000        0.254604
FIRE:  140 11:18:03 -3120543.750000        0.255295
FIRE:  141 11:18:03 -3120543.500000        0.255810
FIRE:  142 11:18:03 -3120545.750000        0.256655
FIRE:  143 11:18:03 -3120545.750000        0.258167
FIRE:  144 11:18:04 -3120545.500000        0.260000
FIRE:  145 11:18:04 -3120545.500000        0.261361
FIRE:  146 11:18:04 -3120545.500000        0.260560
FIRE:  147 11:18:04 -3120545.750000        0.259065
FIRE:  148 11:18:04 -3120545.750000        0.263603
FIRE:  149 11:18:04 -3120545.750000        0.268456
FIRE:  150 11:18:04 -3120546.250000        0.258652
FIRE:  151 11:18:04 -3120546.000000        0.251870
FIRE:  152 11:18:04 -3120545.750000        0.755199
FIRE:  153 11:18:04 -3120546.000000        1.803779
FIRE:  154 11:18:04 -3120546.250000        0.193725
FIRE:  155 11:18:04 -3120545.750000        1.688858
FIRE:  156 11:18:04 -3120546.000000        1.231248
FIRE:  157 11:18:04 -3120546.250000        0.459451
FIRE:  158 11:18:04 -3120546.500000        0.409310
FIRE:  159 11:18:04 -3120546.250000        0.383356
FIRE:  160 11:18:05 -3120546.500000        0.333255
FIRE:  161 11:18:05 -3120546.000000        0.262526
FIRE:  162 11:18:05 -3120546.250000        0.186649
FIRE:  163 11:18:05 -3120546.000000        0.186810
FIRE:  164 11:18:05 -3120546.250000        0.186862
FIRE:  165 11:18:05 -3120546.250000        0.186694
FIRE:  166 11:18:05 -3120546.750000        0.186118
FIRE:  167 11:18:05 -3120546.500000        0.195343
FIRE:  168 11:18:05 -3120546.000000        0.199909
FIRE:  169 11:18:05 -3120546.000000        0.179826
FIRE:  170 11:18:05 -3120546.250000        0.175653
FIRE:  171 11:18:05 -3120546.250000        0.170387
FIRE:  172 11:18:05 -3120546.000000        0.164590
FIRE:  173 11:18:05 -3120546.000000        0.174778
FIRE:  174 11:18:05 -3120546.250000        0.141127
FIRE:  175 11:18:05 -3120546.000000        0.137412
FIRE:  176 11:18:05 -3120546.250000        0.137224
FIRE:  177 11:18:06 -3120546.000000        0.134570
FIRE:  178 11:18:06 -3120546.250000        0.133959
FIRE:  179 11:18:06 -3120546.250000        0.129816
FIRE:  180 11:18:06 -3120546.000000        0.109868
FIRE:  181 11:18:06 -3120546.250000        0.104573
FIRE:  182 11:18:06 -3120546.250000        0.167090
FIRE:  183 11:18:06 -3120546.000000        0.177036
FIRE:  184 11:18:06 -3120546.500000        0.295023
FIRE:  185 11:18:06 -3120546.750000        0.573290
FIRE:  186 11:18:06 -3120547.000000        1.484426
FIRE:  187 11:18:06 -3120546.250000        0.177553
FIRE:  188 11:18:06 -3120546.250000        1.289494
FIRE:  189 11:18:06 -3120546.750000        0.973107
FIRE:  190 11:18:06 -3120546.750000        0.428184
FIRE:  191 11:18:06 -3120546.750000        0.200955
FIRE:  192 11:18:06 -3120546.750000        0.190548
FIRE:  193 11:18:06 -3120546.250000        0.170290
FIRE:  194 11:18:06 -3120546.250000        0.141572
FIRE:  195 11:18:07 -3120546.500000        0.106476
FIRE:  196 11:18:07 -3120546.500000        0.067982
FIRE:  197 11:18:07 -3120546.500000        0.059888
FIRE:  198 11:18:07 -3120546.500000        0.061942
FIRE:  199 11:18:07 -3120546.750000        0.064827
FIRE:  200 11:18:07 -3120545.750000        0.071757
FIRE:  201 11:18:07 -3120545.000000        0.079374
FIRE:  202 11:18:07 -3120545.250000        0.075341
FIRE:  203 11:18:07 -3120545.250000        0.062183
FIRE:  204 11:18:07 -3120545.250000        0.060377
FIRE:  205 11:18:07 -3120545.250000        0.064075
FIRE:  206 11:18:07 -3120545.250000        0.091854
FIRE:  207 11:18:07 -3120545.750000        0.079527
FIRE:  208 11:18:07 -3120545.250000        0.058477
FIRE:  209 11:18:07 -3120545.750000        0.061232
FIRE:  210 11:18:07 -3120545.250000        0.061356
FIRE:  211 11:18:07 -3120546.750000        0.057608
FIRE:  212 11:18:08 -3120547.000000        0.081433
FIRE:  213 11:18:08 -3120546.250000        0.056694
FIRE:  214 11:18:08 -3120546.750000        0.059938
FIRE:  215 11:18:08 -3120546.750000        0.058328
FIRE:  216 11:18:08 -3120547.000000        0.056614
FIRE:  217 11:18:08 -3120547.000000        0.067180
FIRE:  218 11:18:08 -3120547.000000        0.195251
FIRE:  219 11:18:08 -3120547.000000        0.496369
FIRE:  220 11:18:08 -3120547.250000        1.445535
FIRE:  221 11:18:08 -3120547.000000        0.127629
FIRE:  222 11:18:08 -3120547.000000        1.299143
FIRE:  223 11:18:08 -3120547.250000        0.970013
FIRE:  224 11:18:08 -3120547.250000        0.406350
FIRE:  225 11:18:08 -3120547.000000        0.237897
FIRE:  226 11:18:08 -3120547.000000        0.224717
FIRE:  227 11:18:08 -3120547.250000        0.199197
FIRE:  228 11:18:08 -3120547.250000        0.163061
FIRE:  229 11:18:09 -3120547.000000        0.118988
FIRE:  230 11:18:09 -3120547.250000        0.070856
FIRE:  231 11:18:09 -3120546.750000        0.050836
FIRE:  232 11:18:09 -3120546.750000        0.052381
FIRE:  233 11:18:09 -3120547.000000        0.068972
FIRE:  234 11:18:09 -3120547.250000        0.096046
FIRE:  235 11:18:09 -3120546.750000        0.104395
FIRE:  236 11:18:09 -3120547.000000        0.088218
FIRE:  237 11:18:09 -3120547.000000        0.056750
FIRE:  238 11:18:09 -3120547.000000        0.051611
FIRE:  239 11:18:09 -3120547.000000        0.078501
FIRE:  240 11:18:09 -3120547.000000        0.107128
FIRE:  241 11:18:09 -3120547.000000        0.084376
FIRE:  242 11:18:09 -3120547.250000        0.050521
FIRE:  243 11:18:09 -3120547.000000        0.061401
FIRE:  244 11:18:09 -3120547.000000        0.055426
FIRE:  245 11:18:09 -3120547.000000        0.050178
FIRE:  246 11:18:10 -3120547.000000        0.092831
FIRE:  247 11:18:10 -3120547.000000        0.050024
FIRE:  248 11:18:10 -3120547.250000        0.063748
FIRE:  249 11:18:10 -3120546.750000        0.076834
FIRE:  250 11:18:10 -3120547.000000        0.050462
FIRE:  251 11:18:10 -3120547.250000        0.051107
FIRE:  252 11:18:10 -3120547.000000        0.179509
FIRE:  253 11:18:10 -3120547.000000        0.488027
FIRE:  254 11:18:10 -3120547.250000        1.479611
FIRE:  255 11:18:10 -3120546.750000        0.089014
FIRE:  256 11:18:10 -3120547.000000        1.361783
FIRE:  257 11:18:10 -3120547.250000        1.003686
FIRE:  258 11:18:10 -3120547.000000        0.394920
FIRE:  259 11:18:10 -3120547.000000        0.292504
FIRE:  260 11:18:10 -3120546.750000        0.275629
FIRE:  261 11:18:10 -3120547.250000        0.242966
FIRE:  262 11:18:10 -3120547.000000        0.196656
FIRE:  263 11:18:11 -3120546.750000        0.140081
FIRE:  264 11:18:11 -3120547.250000        0.078168
FIRE:  265 11:18:11 -3120547.250000        0.051228
FIRE:  266 11:18:11 -3120547.250000        0.051882
FIRE:  267 11:18:11 -3120547.250000        0.093624
FIRE:  268 11:18:11 -3120547.250000        0.125115
FIRE:  269 11:18:11 -3120547.000000        0.131780
FIRE:  270 11:18:11 -3120547.000000        0.107180
FIRE:  271 11:18:11 -3120547.000000        0.060181
FIRE:  272 11:18:11 -3120547.000000        0.050389
FIRE:  273 11:18:11 -3120546.750000        0.101632
FIRE:  274 11:18:11 -3120546.750000        0.131050
FIRE:  275 11:18:11 -3120547.000000        0.094861
FIRE:  276 11:18:11 -3120547.000000        0.049219
