      Step     Time          Energy          fmax
FIRE:    0 11:40:23 -1091763.125000        7.451265
FIRE:    1 11:40:24 -1091766.250000        3.362518
FIRE:    2 11:40:26 -1091768.500000        5.026068
FIRE:    3 11:40:26 -1091769.375000        3.340811
FIRE:    4 11:40:26 -1091770.250000        2.764079
FIRE:    5 11:40:26 -1091771.125000        3.065720
FIRE:    6 11:40:27 -1091772.375000        2.757203
FIRE:    7 11:40:28 -1091773.125000        2.115656
FIRE:    8 11:40:28 -1091774.375000        1.958677
FIRE:    9 11:40:28 -1091775.000000        1.887356
FIRE:   10 11:40:28 -1091775.375000        1.734913
FIRE:   11 11:40:28 -1091775.375000        1.938662
FIRE:   12 11:40:28 -1091776.625000        2.022697
FIRE:   13 11:40:28 -1091777.250000        2.057628
FIRE:   14 11:40:28 -1091777.875000        2.074770
FIRE:   15 11:40:28 -1091778.375000        1.705191
FIRE:   16 11:40:29 -1091779.000000        1.809445
FIRE:   17 11:40:29 -1091777.625000        1.918293
FIRE:   18 11:40:29 -1091778.125000        1.963987
FIRE:   19 11:40:29 -1091778.625000        1.856191
FIRE:   20 11:40:29 -1091780.750000        1.579215
FIRE:   21 11:40:31 -1091779.500000        1.526820
FIRE:   22 11:40:31 -1091781.250000        1.386544
FIRE:   23 11:40:31 -1091780.250000        1.385954
FIRE:   24 11:40:31 -1091782.000000        1.268548
FIRE:   25 11:40:31 -1091782.375000        1.046393
FIRE:   26 11:40:31 -1091782.750000        0.904700
FIRE:   27 11:40:31 -1091783.000000        1.005179
FIRE:   28 11:40:31 -1091783.375000        1.126115
FIRE:   29 11:40:31 -1091784.125000        0.831739
FIRE:   30 11:40:31 -1091784.250000        0.713742
FIRE:   31 11:40:31 -1091784.500000        0.771956
FIRE:   32 11:40:31 -1091785.000000        0.548382
FIRE:   33 11:40:31 -1091785.250000        0.748397
FIRE:   34 11:40:31 -1091785.500000        1.024045
FIRE:   35 11:40:31 -1091785.625000        0.612842
FIRE:   36 11:40:32 -1091786.000000        0.473449
FIRE:   37 11:40:32 -1091786.000000        0.533144
FIRE:   38 11:40:32 -1091785.750000        0.439222
FIRE:   39 11:40:32 -1091785.875000        0.434103
FIRE:   40 11:40:32 -1091786.125000        0.403766
FIRE:   41 11:40:32 -1091786.875000        0.439941
FIRE:   42 11:40:32 -1091786.500000        0.456515
FIRE:   43 11:40:32 -1091786.750000        0.430950
FIRE:   44 11:40:32 -1091786.875000        0.484214
FIRE:   45 11:40:32 -1091787.625000        0.427816
FIRE:   46 11:40:32 -1091786.125000        0.441794
FIRE:   47 11:40:32 -1091786.250000        0.513676
FIRE:   48 11:40:32 -1091786.500000        0.557389
FIRE:   49 11:40:32 -1091786.625000        0.502027
FIRE:   50 11:40:33 -1091788.375000        0.344865
FIRE:   51 11:40:33 -1091788.250000        0.371800
FIRE:   52 11:40:33 -1091788.500000        0.736429
FIRE:   53 11:40:33 -1091788.875000        1.139251
FIRE:   54 11:40:33 -1091787.500000        1.311324
FIRE:   55 11:40:33 -1091787.625000        1.193571
FIRE:   56 11:40:33 -1091787.750000        0.872335
FIRE:   57 11:40:33 -1091789.625000        0.794890
FIRE:   58 11:40:33 -1091789.875000        0.823832
FIRE:   59 11:40:33 -1091788.250000        0.485870
FIRE:   60 11:40:33 -1091788.375000        0.432584
FIRE:   61 11:40:33 -1091788.500000        1.156640
FIRE:   62 11:40:33 -1091788.625000        1.089003
FIRE:   63 11:40:33 -1091788.750000        0.814944
FIRE:   64 11:40:34 -1091790.500000        0.970536
FIRE:   65 11:40:34 -1091790.625000        0.900056
FIRE:   66 11:40:34 -1091790.875000        0.624518
FIRE:   67 11:40:34 -1091791.125000        0.580323
FIRE:   68 11:40:34 -1091791.125000        0.753143
FIRE:   69 11:40:34 -1091791.125000        0.736356
FIRE:   70 11:40:34 -1091791.250000        0.539776
FIRE:   71 11:40:34 -1091791.500000        0.540084
FIRE:   72 11:40:34 -1091791.500000        0.779838
FIRE:   73 11:40:34 -1091789.750000        0.859318
FIRE:   74 11:40:34 -1091791.750000        0.619743
FIRE:   75 11:40:34 -1091791.875000        0.513299
FIRE:   76 11:40:34 -1091791.875000        0.562822
FIRE:   77 11:40:34 -1091792.000000        0.388811
FIRE:   78 11:40:35 -1091792.125000        0.361846
FIRE:   79 11:40:35 -1091792.125000        0.491697
FIRE:   80 11:40:35 -1091790.375000        0.628211
FIRE:   81 11:40:35 -1091791.750000        0.516368
FIRE:   82 11:40:35 -1091791.875000        0.255684
FIRE:   83 11:40:35 -1091792.000000        0.437377
FIRE:   84 11:40:35 -1091792.125000        0.535695
FIRE:   85 11:40:35 -1091790.875000        0.531858
FIRE:   86 11:40:35 -1091792.750000        0.274567
FIRE:   87 11:40:35 -1091792.875000        0.254044
FIRE:   88 11:40:35 -1091792.750000        0.445778
FIRE:   89 11:40:35 -1091792.875000        0.470757
FIRE:   90 11:40:35 -1091793.000000        0.445509
FIRE:   91 11:40:35 -1091793.125000        0.341441
FIRE:   92 11:40:36 -1091792.875000        0.401734
FIRE:   93 11:40:36 -1091791.375000        0.424865
FIRE:   94 11:40:36 -1091791.500000        0.373056
FIRE:   95 11:40:36 -1091791.500000        0.328923
FIRE:   96 11:40:36 -1091793.500000        0.316423
FIRE:   97 11:40:36 -1091793.375000        0.270473
FIRE:   98 11:40:36 -1091793.625000        0.274114
FIRE:   99 11:40:36 -1091793.750000        0.278123
FIRE:  100 11:40:36 -1091793.750000        0.285098
FIRE:  101 11:40:36 -1091793.875000        0.251136
FIRE:  102 11:40:36 -1091793.875000        0.270870
FIRE:  103 11:40:36 -1091793.500000        0.285392
FIRE:  104 11:40:36 -1091793.875000        0.341255
FIRE:  105 11:40:36 -1091793.500000        0.374761
FIRE:  106 11:40:37 -1091793.625000        0.221879
FIRE:  107 11:40:37 -1091792.375000        0.272431
FIRE:  108 11:40:37 -1091792.375000        0.221925
FIRE:  109 11:40:37 -1091792.500000        0.269985
FIRE:  110 11:40:37 -1091792.500000        0.245931
FIRE:  111 11:40:37 -1091792.625000        0.232301
FIRE:  112 11:40:37 -1091792.625000        0.201979
FIRE:  113 11:40:37 -1091792.750000        0.208695
FIRE:  114 11:40:37 -1091792.750000        0.280935
FIRE:  115 11:40:37 -1091792.875000        0.257974
FIRE:  116 11:40:37 -1091792.875000        0.203343
FIRE:  117 11:40:37 -1091793.000000        0.273350
FIRE:  118 11:40:37 -1091794.750000        0.344413
FIRE:  119 11:40:37 -1091793.125000        0.269451
FIRE:  120 11:40:38 -1091793.250000        0.203972
FIRE:  121 11:40:38 -1091793.250000        0.273874
FIRE:  122 11:40:38 -1091793.375000        0.237818
FIRE:  123 11:40:38 -1091794.750000        0.212909
FIRE:  124 11:40:38 -1091793.500000        0.210813
FIRE:  125 11:40:38 -1091793.625000        0.206137
FIRE:  126 11:40:38 -1091795.125000        0.263557
FIRE:  127 11:40:38 -1091795.125000        0.263955
FIRE:  128 11:40:38 -1091795.250000        0.283546
FIRE:  129 11:40:38 -1091795.375000        0.328999
FIRE:  130 11:40:38 -1091795.500000        0.379542
FIRE:  131 11:40:38 -1091795.625000        0.417497
FIRE:  132 11:40:38 -1091795.625000        0.435902
FIRE:  133 11:40:38 -1091795.875000        0.399715
FIRE:  134 11:40:39 -1091795.875000        0.559921
FIRE:  135 11:40:39 -1091796.000000        0.916239
FIRE:  136 11:40:39 -1091796.125000        1.314726
FIRE:  137 11:40:39 -1091796.125000        1.308752
FIRE:  138 11:40:39 -1091796.125000        0.718063
FIRE:  139 11:40:39 -1091796.125000        1.613680
FIRE:  140 11:40:39 -1091794.250000        6.053744
FIRE:  141 11:40:39 -1091794.875000        2.318117
FIRE:  142 11:40:39 -1091794.875000        1.679795
FIRE:  143 11:40:39 -1091794.875000        0.707882
FIRE:  144 11:40:39 -1091794.875000        1.190878
FIRE:  145 11:40:39 -1091794.875000        1.094057
FIRE:  146 11:40:39 -1091794.875000        0.912581
FIRE:  147 11:40:39 -1091794.875000        0.671465
FIRE:  148 11:40:40 -1091794.875000        0.418217
FIRE:  149 11:40:40 -1091794.875000        0.277813
FIRE:  150 11:40:40 -1091796.250000        0.368920
FIRE:  151 11:40:40 -1091796.250000        0.501814
FIRE:  152 11:40:40 -1091794.875000        0.575368
FIRE:  153 11:40:40 -1091794.875000        0.547146
FIRE:  154 11:40:40 -1091795.000000        0.401134
FIRE:  155 11:40:40 -1091795.000000        0.200011
FIRE:  156 11:40:40 -1091796.375000        0.331902
FIRE:  157 11:40:40 -1091796.375000        0.550706
FIRE:  158 11:40:40 -1091796.375000        0.548052
FIRE:  159 11:40:40 -1091796.375000        0.271959
FIRE:  160 11:40:40 -1091796.375000        0.281182
FIRE:  161 11:40:40 -1091796.375000        0.367143
FIRE:  162 11:40:40 -1091796.375000        0.174700
FIRE:  163 11:40:41 -1091796.375000        0.471743
FIRE:  164 11:40:41 -1091796.500000        0.275732
FIRE:  165 11:40:41 -1091796.375000        0.415619
FIRE:  166 11:40:41 -1091795.125000        0.147032
FIRE:  167 11:40:41 -1091795.125000        0.522443
FIRE:  168 11:40:41 -1091797.000000        0.675998
FIRE:  169 11:40:41 -1091797.000000        0.920154
FIRE:  170 11:40:41 -1091797.000000        1.392010
FIRE:  171 11:40:41 -1091797.000000        0.192389
FIRE:  172 11:40:41 -1091797.000000        1.283260
FIRE:  173 11:40:41 -1091797.000000        0.989806
FIRE:  174 11:40:41 -1091797.000000        0.482777
FIRE:  175 11:40:41 -1091797.000000        0.142015
FIRE:  176 11:40:41 -1091797.000000        0.136756
FIRE:  177 11:40:41 -1091797.000000        0.126615
FIRE:  178 11:40:42 -1091797.000000        0.112271
FIRE:  179 11:40:42 -1091797.000000        0.094864
FIRE:  180 11:40:42 -1091797.000000        0.077706
FIRE:  181 11:40:42 -1091797.000000        0.077075
FIRE:  182 11:40:42 -1091797.000000        0.076636
FIRE:  183 11:40:42 -1091797.000000        0.096499
FIRE:  184 11:40:42 -1091797.000000        0.114374
FIRE:  185 11:40:42 -1091797.000000        0.122412
FIRE:  186 11:40:42 -1091797.000000        0.116389
FIRE:  187 11:40:42 -1091797.000000        0.095503
FIRE:  188 11:40:42 -1091797.000000        0.075673
FIRE:  189 11:40:42 -1091797.000000        0.076873
FIRE:  190 11:40:42 -1091797.000000        0.077484
FIRE:  191 11:40:42 -1091797.000000        0.076271
FIRE:  192 11:40:43 -1091797.000000        0.074287
FIRE:  193 11:40:43 -1091797.000000        0.088779
FIRE:  194 11:40:43 -1091797.000000        0.095463
FIRE:  195 11:40:43 -1091797.125000        0.072717
FIRE:  196 11:40:43 -1091797.125000        0.073909
FIRE:  197 11:40:43 -1091797.125000        0.070826
FIRE:  198 11:40:43 -1091797.125000        0.088277
FIRE:  199 11:40:43 -1091797.125000        0.064958
FIRE:  200 11:40:43 -1091797.125000        0.062736
FIRE:  201 11:40:43 -1091795.375000        0.098090
FIRE:  202 11:40:43 -1091795.375000        0.139345
FIRE:  203 11:40:43 -1091795.375000        0.446006
FIRE:  204 11:40:43 -1091795.500000        1.120702
FIRE:  205 11:40:43 -1091795.500000        0.093554
FIRE:  206 11:40:43 -1091795.500000        1.041300
FIRE:  207 11:40:44 -1091795.500000        0.789455
FIRE:  208 11:40:44 -1091795.500000        0.355784
FIRE:  209 11:40:44 -1091795.500000        0.144292
FIRE:  210 11:40:44 -1091795.500000        0.135068
FIRE:  211 11:40:44 -1091795.500000        0.117253
FIRE:  212 11:40:44 -1091795.500000        0.091979
FIRE:  213 11:40:44 -1091795.500000        0.067186
FIRE:  214 11:40:44 -1091795.500000        0.064367
FIRE:  215 11:40:44 -1091795.500000        0.064460
FIRE:  216 11:40:44 -1091795.500000        0.064570
FIRE:  217 11:40:44 -1091795.500000        0.069916
FIRE:  218 11:40:44 -1091795.500000        0.090190
FIRE:  219 11:40:44 -1091795.500000        0.097255
FIRE:  220 11:40:44 -1091795.500000        0.086966
FIRE:  221 11:40:45 -1091795.500000        0.065810
FIRE:  222 11:40:45 -1091795.500000        0.066194
FIRE:  223 11:40:45 -1091795.500000        0.066547
FIRE:  224 11:40:45 -1091795.500000        0.066802
FIRE:  225 11:40:45 -1091795.500000        0.066861
FIRE:  226 11:40:45 -1091795.500000        0.066645
FIRE:  227 11:40:45 -1091795.500000        0.066114
FIRE:  228 11:40:45 -1091795.500000        0.065278
FIRE:  229 11:40:45 -1091795.500000        0.064118
FIRE:  230 11:40:45 -1091795.500000        0.062558
FIRE:  231 11:40:45 -1091795.500000        0.062773
FIRE:  232 11:40:45 -1091795.500000        0.067988
FIRE:  233 11:40:45 -1091795.500000        0.062784
FIRE:  234 11:40:45 -1091795.500000        0.060175
FIRE:  235 11:40:45 -1091795.500000        0.069171
FIRE:  236 11:40:46 -1091795.500000        0.131390
FIRE:  237 11:40:46 -1091795.625000        0.408629
FIRE:  238 11:40:46 -1091795.625000        1.072323
FIRE:  239 11:40:46 -1091795.625000        0.062989
FIRE:  240 11:40:46 -1091795.625000        1.013798
FIRE:  241 11:40:46 -1091795.625000        0.757494
FIRE:  242 11:40:46 -1091795.625000        0.319429
FIRE:  243 11:40:46 -1091795.625000        0.177769
FIRE:  244 11:40:46 -1091795.625000        0.166683
FIRE:  245 11:40:46 -1091795.625000        0.145103
FIRE:  246 11:40:46 -1091795.625000        0.114516
FIRE:  247 11:40:46 -1091795.625000        0.077006
FIRE:  248 11:40:46 -1091795.625000        0.053433
FIRE:  249 11:40:46 -1091795.625000        0.053348
FIRE:  250 11:40:47 -1091795.625000        0.053262
FIRE:  251 11:40:47 -1091795.625000        0.077144
FIRE:  252 11:40:47 -1091795.625000        0.099382
FIRE:  253 11:40:47 -1091795.625000        0.105282
FIRE:  254 11:40:47 -1091795.625000        0.090342
FIRE:  255 11:40:47 -1091795.625000        0.053842
FIRE:  256 11:40:47 -1091795.625000        0.052442
FIRE:  257 11:40:47 -1091795.625000        0.052259
FIRE:  258 11:40:47 -1091795.625000        0.068522
FIRE:  259 11:40:47 -1091795.625000        0.051850
FIRE:  260 11:40:47 -1091795.625000        0.051666
FIRE:  261 11:40:47 -1091795.625000        0.069532
FIRE:  262 11:40:47 -1091795.625000        0.061295
FIRE:  263 11:40:47 -1091795.625000        0.051533
FIRE:  264 11:40:47 -1091795.625000        0.055969
FIRE:  265 11:40:48 -1091795.625000        0.051668
FIRE:  266 11:40:48 -1091795.625000        0.067393
FIRE:  267 11:40:48 -1091795.625000        0.053189
FIRE:  268 11:40:48 -1091795.625000        0.059181
FIRE:  269 11:40:48 -1091795.625000        0.072396
FIRE:  270 11:40:48 -1091795.625000        0.114882
FIRE:  271 11:40:48 -1091795.750000        0.359746
FIRE:  272 11:40:48 -1091795.750000        1.054186
FIRE:  273 11:40:48 -1091795.750000        0.076052
FIRE:  274 11:40:48 -1091795.750000        0.989606
FIRE:  275 11:40:48 -1091795.750000        0.727918
FIRE:  276 11:40:48 -1091795.750000        0.283498
FIRE:  277 11:40:48 -1091795.750000        0.215374
FIRE:  278 11:40:48 -1091795.750000        0.202363
FIRE:  279 11:40:48 -1091795.750000        0.176974
FIRE:  280 11:40:49 -1091795.750000        0.141093
FIRE:  281 11:40:49 -1091795.750000        0.097102
FIRE:  282 11:40:49 -1091795.750000        0.075794
FIRE:  283 11:40:49 -1091795.750000        0.075807
FIRE:  284 11:40:49 -1091795.750000        0.075813
FIRE:  285 11:40:49 -1091795.750000        0.080483
FIRE:  286 11:40:49 -1091795.750000        0.104105
FIRE:  287 11:40:49 -1091795.750000        0.108186
FIRE:  288 11:40:49 -1091795.750000        0.087952
FIRE:  289 11:40:49 -1091795.750000        0.075545
FIRE:  290 11:40:49 -1091795.750000        0.075412
FIRE:  291 11:40:49 -1091795.750000        0.075266
FIRE:  292 11:40:49 -1091795.750000        0.090174
FIRE:  293 11:40:49 -1091795.750000        0.074953
FIRE:  294 11:40:49 -1091795.750000        0.074753
FIRE:  295 11:40:50 -1091795.750000        0.074465
FIRE:  296 11:40:50 -1091795.750000        0.074046
FIRE:  297 11:40:50 -1091795.750000        0.073502
FIRE:  298 11:40:50 -1091795.750000        0.072863
FIRE:  299 11:40:50 -1091795.750000        0.072039
FIRE:  300 11:40:50 -1091795.750000        0.070816
FIRE:  301 11:40:50 -1091795.750000        0.078300
FIRE:  302 11:40:50 -1091795.750000        0.066970
FIRE:  303 11:40:50 -1091795.750000        0.064597
FIRE:  304 11:40:50 -1091795.750000        0.062879
FIRE:  305 11:40:50 -1091795.875000        0.132642
FIRE:  306 11:40:50 -1091795.875000        0.559588
FIRE:  307 11:40:50 -1091795.750000        1.956096
FIRE:  308 11:40:50 -1091795.875000        0.390904
FIRE:  309 11:40:51 -1091795.875000        0.267683
FIRE:  310 11:40:51 -1091795.875000        0.068709
FIRE:  311 11:40:51 -1091795.875000        0.153507
FIRE:  312 11:40:51 -1091795.875000        0.141571
FIRE:  313 11:40:51 -1091795.875000        0.118777
FIRE:  314 11:40:51 -1091795.875000        0.087383
FIRE:  315 11:40:51 -1091795.875000        0.063214
FIRE:  316 11:40:51 -1091795.875000        0.063423
FIRE:  317 11:40:51 -1091795.875000        0.063632
FIRE:  318 11:40:51 -1091795.875000        0.063816
FIRE:  319 11:40:51 -1091795.875000        0.078994
FIRE:  320 11:40:51 -1091795.875000        0.084203
FIRE:  321 11:40:51 -1091795.875000        0.070841
FIRE:  322 11:40:51 -1091795.875000        0.064147
FIRE:  323 11:40:51 -1091795.875000        0.064122
FIRE:  324 11:40:52 -1091795.875000        0.064141
FIRE:  325 11:40:52 -1091795.875000        0.068270
FIRE:  326 11:40:52 -1091795.875000        0.064635
FIRE:  327 11:40:52 -1091795.875000        0.065165
FIRE:  328 11:40:52 -1091795.875000        0.065727
FIRE:  329 11:40:52 -1091795.875000        0.065524
FIRE:  330 11:40:52 -1091795.875000        0.064835
FIRE:  331 11:40:52 -1091795.875000        0.064291
FIRE:  332 11:40:52 -1091795.875000        0.064057
FIRE:  333 11:40:52 -1091795.875000        0.063398
FIRE:  334 11:40:52 -1091795.875000        0.062585
FIRE:  335 11:40:52 -1091795.875000        0.062668
FIRE:  336 11:40:52 -1091795.875000        0.061709
FIRE:  337 11:40:52 -1091796.000000        0.079645
FIRE:  338 11:40:53 -1091796.000000        0.309420
FIRE:  339 11:40:53 -1091796.000000        1.036880
FIRE:  340 11:40:53 -1091796.000000        0.076868
FIRE:  341 11:40:53 -1091796.000000        0.058521
FIRE:  342 11:40:53 -1091796.000000        0.058692
FIRE:  343 11:40:53 -1091796.000000        0.058872
FIRE:  344 11:40:53 -1091796.000000        0.058996
FIRE:  345 11:40:53 -1091796.000000        0.059011
FIRE:  346 11:40:53 -1091796.000000        0.058909
FIRE:  347 11:40:53 -1091796.000000        0.058721
FIRE:  348 11:40:53 -1091796.000000        0.058494
FIRE:  349 11:40:53 -1091796.000000        0.058324
FIRE:  350 11:40:53 -1091796.000000        0.058292
FIRE:  351 11:40:53 -1091796.000000        0.058351
FIRE:  352 11:40:54 -1091796.000000        0.058295
FIRE:  353 11:40:54 -1091796.000000        0.057958
FIRE:  354 11:40:54 -1091796.000000        0.057556
FIRE:  355 11:40:54 -1091796.000000        0.057475
FIRE:  356 11:40:54 -1091796.000000        0.057281
FIRE:  357 11:40:54 -1091796.000000        0.056485
FIRE:  358 11:40:54 -1091796.000000        0.056432
FIRE:  359 11:40:54 -1091796.000000        0.080038
FIRE:  360 11:40:54 -1091796.000000        0.189867
FIRE:  361 11:40:54 -1091796.125000        0.663742
FIRE:  362 11:40:54 -1091796.000000        2.038836
FIRE:  363 11:40:54 -1091796.125000        0.387588
FIRE:  364 11:40:54 -1091796.125000        0.277936
FIRE:  365 11:40:54 -1091796.125000        0.089367
FIRE:  366 11:40:54 -1091796.125000        0.129542
FIRE:  367 11:40:55 -1091796.125000        0.120456
FIRE:  368 11:40:55 -1091796.125000        0.103063
FIRE:  369 11:40:55 -1091796.125000        0.078855
FIRE:  370 11:40:55 -1091796.125000        0.051784
FIRE:  371 11:40:55 -1091796.125000        0.051620
FIRE:  372 11:40:55 -1091796.125000        0.051466
FIRE:  373 11:40:55 -1091796.125000        0.055404
FIRE:  374 11:40:55 -1091796.125000        0.073511
FIRE:  375 11:40:55 -1091796.125000        0.080492
FIRE:  376 11:40:55 -1091796.125000        0.072875
FIRE:  377 11:40:55 -1091796.125000        0.051275
FIRE:  378 11:40:55 -1091796.125000        0.051394
FIRE:  379 11:40:55 -1091796.125000        0.051497
FIRE:  380 11:40:55 -1091796.125000        0.059246
FIRE:  381 11:40:56 -1091796.125000        0.051332
FIRE:  382 11:40:56 -1091796.125000        0.051004
FIRE:  383 11:40:56 -1091796.125000        0.053836
FIRE:  384 11:40:56 -1091796.125000        0.051988
FIRE:  385 11:40:56 -1091796.125000        0.047340
