      Step     Time          Energy          fmax
FIRE:    0 11:47:26  -870708.125000        4.802229
FIRE:    1 11:47:26  -870709.437500        4.346335
FIRE:    2 11:47:28  -870711.187500        3.762462
FIRE:    3 11:47:28  -870712.437500        3.212294
FIRE:    4 11:47:28  -870713.500000        2.469729
FIRE:    5 11:47:28  -870714.187500        2.826311
FIRE:    6 11:47:29  -870714.687500        3.120684
FIRE:    7 11:47:29  -870715.125000        3.323509
FIRE:    8 11:47:29  -870715.937500        2.520385
FIRE:    9 11:47:29  -870716.562500        2.113831
FIRE:   10 11:47:29  -870717.250000        1.471114
FIRE:   11 11:47:29  -870717.812500        1.674812
FIRE:   12 11:47:29  -870718.500000        1.598817
FIRE:   13 11:47:29  -870719.125000        1.517797
FIRE:   14 11:47:29  -870719.687500        1.348946
FIRE:   15 11:47:29  -870720.250000        1.066732
FIRE:   16 11:47:29  -870720.750000        1.035538
FIRE:   17 11:47:29  -870721.250000        1.596704
FIRE:   18 11:47:29  -870721.562500        1.457539
FIRE:   19 11:47:31  -870721.875000        1.521472
FIRE:   20 11:47:31  -870722.375000        1.587894
FIRE:   21 11:47:31  -870722.937500        1.256700
FIRE:   22 11:47:31  -870723.500000        0.961109
FIRE:   23 11:47:31  -870723.875000        1.058523
FIRE:   24 11:47:31  -870724.312500        1.186991
FIRE:   25 11:47:31  -870724.937500        0.861659
FIRE:   26 11:47:31  -870725.000000        1.312394
FIRE:   27 11:47:31  -870725.687500        1.312290
FIRE:   28 11:47:31  -870726.062500        0.772086
FIRE:   29 11:47:31  -870726.250000        0.694909
FIRE:   30 11:47:31  -870726.937500        0.689981
FIRE:   31 11:47:31  -870727.187500        0.564982
FIRE:   32 11:47:33  -870727.437500        1.008034
FIRE:   33 11:47:33  -870727.875000        1.186060
FIRE:   34 11:47:33  -870728.187500        0.963691
FIRE:   35 11:47:33  -870728.500000        0.588770
FIRE:   36 11:47:33  -870728.375000        0.554285
FIRE:   37 11:47:33  -870729.125000        0.492890
FIRE:   38 11:47:33  -870728.937500        0.427934
FIRE:   39 11:47:33  -870729.250000        0.591000
FIRE:   40 11:47:33  -870729.500000        0.631704
FIRE:   41 11:47:33  -870729.812500        0.462439
FIRE:   42 11:47:33  -870730.312500        0.487089
FIRE:   43 11:47:33  -870730.500000        0.498948
FIRE:   44 11:47:34  -870730.375000        0.486552
FIRE:   45 11:47:34  -870730.937500        0.457397
FIRE:   46 11:47:34  -870731.125000        0.530014
FIRE:   47 11:47:34  -870731.250000        0.408925
FIRE:   48 11:47:34  -870731.562500        0.292361
FIRE:   49 11:47:34  -870731.750000        0.288063
FIRE:   50 11:47:34  -870731.625000        0.341059
FIRE:   51 11:47:34  -870731.812500        0.284770
FIRE:   52 11:47:34  -870731.937500        0.339370
FIRE:   53 11:47:34  -870732.125000        0.305113
FIRE:   54 11:47:34  -870732.312500        0.278231
FIRE:   55 11:47:34  -870732.375000        0.309826
FIRE:   56 11:47:34  -870732.937500        0.252582
FIRE:   57 11:47:35  -870733.125000        0.280925
FIRE:   58 11:47:35  -870733.250000        0.287849
FIRE:   59 11:47:35  -870733.312500        0.265403
FIRE:   60 11:47:35  -870733.500000        0.212825
FIRE:   61 11:47:35  -870733.625000        0.195945
FIRE:   62 11:47:35  -870733.750000        0.260945
FIRE:   63 11:47:35  -870733.875000        0.216543
FIRE:   64 11:47:35  -870733.500000        0.234609
FIRE:   65 11:47:35  -870733.937500        0.237027
FIRE:   66 11:47:35  -870733.812500        0.183086
FIRE:   67 11:47:35  -870733.937500        0.198674
FIRE:   68 11:47:35  -870734.250000        0.216957
FIRE:   69 11:47:35  -870734.125000        0.187184
FIRE:   70 11:47:36  -870734.250000        0.256934
FIRE:   71 11:47:36  -870734.375000        0.252143
FIRE:   72 11:47:36  -870734.625000        0.160085
FIRE:   73 11:47:36  -870734.687500        0.185843
FIRE:   74 11:47:36  -870734.937500        0.189634
FIRE:   75 11:47:36  -870734.937500        0.163271
FIRE:   76 11:47:36  -870735.125000        0.187624
FIRE:   77 11:47:36  -870735.000000        0.173434
FIRE:   78 11:47:36  -870735.437500        0.202089
FIRE:   79 11:47:36  -870735.437500        0.221488
FIRE:   80 11:47:36  -870735.437500        0.227530
FIRE:   81 11:47:36  -870735.312500        0.222909
FIRE:   82 11:47:36  -870735.812500        0.205506
FIRE:   83 11:47:36  -870735.750000        0.197509
FIRE:   84 11:47:37  -870735.687500        0.195822
FIRE:   85 11:47:37  -870736.062500        0.188526
FIRE:   86 11:47:37  -870736.000000        0.176899
FIRE:   87 11:47:37  -870735.875000        0.162418
FIRE:   88 11:47:37  -870736.312500        0.142915
FIRE:   89 11:47:37  -870736.312500        0.159266
FIRE:   90 11:47:37  -870736.187500        0.165486
FIRE:   91 11:47:37  -870736.062500        0.168403
FIRE:   92 11:47:37  -870736.062500        0.169985
FIRE:   93 11:47:37  -870736.562500        0.165877
FIRE:   94 11:47:37  -870736.562500        0.171956
FIRE:   95 11:47:37  -870736.562500        0.203728
FIRE:   96 11:47:37  -870736.562500        0.226833
FIRE:   97 11:47:38  -870736.625000        0.238875
FIRE:   98 11:47:38  -870736.687500        0.241793
FIRE:   99 11:47:38  -870736.625000        0.237902
FIRE:  100 11:47:38  -870736.750000        0.245430
FIRE:  101 11:47:38  -870736.750000        0.246976
FIRE:  102 11:47:38  -870736.812500        0.242282
FIRE:  103 11:47:38  -870736.562500        0.231363
FIRE:  104 11:47:38  -870736.875000        0.212792
FIRE:  105 11:47:38  -870736.937500        0.209055
FIRE:  106 11:47:38  -870736.937500        0.234485
FIRE:  107 11:47:38  -870737.000000        0.246111
FIRE:  108 11:47:38  -870737.000000        0.236437
FIRE:  109 11:47:38  -870736.687500        0.211906
FIRE:  110 11:47:39  -870737.125000        0.201636
FIRE:  111 11:47:39  -870736.812500        0.206025
FIRE:  112 11:47:39  -870737.187500        0.203902
FIRE:  113 11:47:39  -870737.250000        0.194122
FIRE:  114 11:47:39  -870737.250000        0.174605
FIRE:  115 11:47:39  -870737.375000        0.144286
FIRE:  116 11:47:39  -870737.062500        0.166473
FIRE:  117 11:47:39  -870737.062500        0.193933
FIRE:  118 11:47:39  -870737.125000        0.214825
FIRE:  119 11:47:39  -870737.312500        0.229695
FIRE:  120 11:47:39  -870737.375000        0.240232
FIRE:  121 11:47:39  -870737.437500        0.241913
FIRE:  122 11:47:39  -870737.562500        0.229805
FIRE:  123 11:47:39  -870737.625000        0.212203
FIRE:  124 11:47:40  -870737.625000        0.200083
FIRE:  125 11:47:40  -870737.687500        0.187255
FIRE:  126 11:47:40  -870737.750000        0.164004
FIRE:  127 11:47:40  -870737.812500        0.173613
FIRE:  128 11:47:40  -870737.750000        0.178512
FIRE:  129 11:47:40  -870737.875000        0.175867
FIRE:  130 11:47:40  -870737.875000        0.165127
FIRE:  131 11:47:40  -870737.812500        0.158275
FIRE:  132 11:47:40  -870737.812500        0.147021
FIRE:  133 11:47:40  -870738.000000        0.127374
FIRE:  134 11:47:40  -870737.937500        0.117901
FIRE:  135 11:47:40  -870738.062500        0.130655
FIRE:  136 11:47:40  -870738.062500        0.138457
FIRE:  137 11:47:41  -870738.062500        0.145823
FIRE:  138 11:47:41  -870738.062500        0.168242
FIRE:  139 11:47:41  -870737.750000        0.182251
FIRE:  140 11:47:41  -870738.187500        0.178050
FIRE:  141 11:47:41  -870737.750000        0.163569
FIRE:  142 11:47:41  -870738.000000        0.173830
FIRE:  143 11:47:41  -870737.875000        0.186216
FIRE:  144 11:47:41  -870737.812500        0.193252
FIRE:  145 11:47:41  -870738.062500        0.187211
FIRE:  146 11:47:41  -870737.875000        0.163463
FIRE:  147 11:47:41  -870738.250000        0.134753
FIRE:  148 11:47:41  -870738.250000        0.121785
FIRE:  149 11:47:41  -870738.312500        0.124997
FIRE:  150 11:47:41  -870738.312500        0.135234
FIRE:  151 11:47:42  -870738.125000        0.137919
FIRE:  152 11:47:42  -870738.062500        0.129854
FIRE:  153 11:47:42  -870738.062500        0.117101
FIRE:  154 11:47:42  -870738.062500        0.119894
FIRE:  155 11:47:42  -870738.125000        0.127534
FIRE:  156 11:47:42  -870738.437500        0.143501
FIRE:  157 11:47:42  -870738.125000        0.147556
FIRE:  158 11:47:42  -870738.562500        0.137200
FIRE:  159 11:47:42  -870738.187500        0.140596
FIRE:  160 11:47:42  -870738.500000        0.174172
FIRE:  161 11:47:42  -870738.562500        0.265721
FIRE:  162 11:47:42  -870738.312500        0.383781
FIRE:  163 11:47:42  -870738.625000        0.505526
FIRE:  164 11:47:43  -870735.937500       32.528448
FIRE:  165 11:47:43  -870738.437500        4.367196
FIRE:  166 11:47:43  -870738.500000        5.548393
FIRE:  167 11:47:43  -870738.625000        1.516000
FIRE:  168 11:47:43  -870738.562500        2.357154
FIRE:  169 11:47:43  -870738.562500        2.070078
FIRE:  170 11:47:43  -870738.625000        1.509939
FIRE:  171 11:47:43  -870738.625000        0.744752
FIRE:  172 11:47:43  -870738.625000        0.248042
FIRE:  173 11:47:43  -870738.625000        0.239899
FIRE:  174 11:47:43  -870738.625000        0.224104
FIRE:  175 11:47:43  -870738.625000        0.201166
FIRE:  176 11:47:43  -870738.625000        0.172301
FIRE:  177 11:47:43  -870738.625000        0.138897
FIRE:  178 11:47:44  -870738.625000        0.103142
FIRE:  179 11:47:44  -870738.625000        0.094287
FIRE:  180 11:47:44  -870738.625000        0.092952
FIRE:  181 11:47:44  -870738.625000        0.091260
FIRE:  182 11:47:44  -870738.625000        0.089139
FIRE:  183 11:47:44  -870738.625000        0.100848
FIRE:  184 11:47:44  -870738.625000        0.103631
FIRE:  185 11:47:44  -870738.625000        0.096017
FIRE:  186 11:47:44  -870738.625000        0.081121
FIRE:  187 11:47:44  -870738.625000        0.079152
FIRE:  188 11:47:44  -870738.562500        0.079823
FIRE:  189 11:47:44  -870738.625000        0.105222
FIRE:  190 11:47:44  -870738.625000        0.090320
FIRE:  191 11:47:45  -870738.625000        0.073133
FIRE:  192 11:47:45  -870738.625000        0.072800
FIRE:  193 11:47:45  -870738.687500        0.072136
FIRE:  194 11:47:45  -870738.687500        0.070972
FIRE:  195 11:47:45  -870738.687500        0.077675
FIRE:  196 11:47:45  -870738.625000        0.067890
FIRE:  197 11:47:45  -870738.687500        0.074416
FIRE:  198 11:47:45  -870738.687500        0.064647
FIRE:  199 11:47:45  -870738.750000        0.062789
FIRE:  200 11:47:45  -870738.750000        0.107530
FIRE:  201 11:47:45  -870738.750000        0.225645
FIRE:  202 11:47:45  -870738.750000        0.551316
FIRE:  203 11:47:45  -870738.812500        1.311714
FIRE:  204 11:47:45  -870738.812500        0.082130
FIRE:  205 11:47:46  -870738.812500        1.047299
FIRE:  206 11:47:46  -870738.625000        0.830723
FIRE:  207 11:47:46  -870738.812500        0.433386
FIRE:  208 11:47:46  -870738.812500        0.071543
FIRE:  209 11:47:46  -870738.812500        0.067739
FIRE:  210 11:47:46  -870738.812500        0.060341
FIRE:  211 11:47:46  -870738.750000        0.052913
FIRE:  212 11:47:46  -870738.812500        0.052912
FIRE:  213 11:47:46  -870738.812500        0.052901
FIRE:  214 11:47:46  -870738.812500        0.052890
FIRE:  215 11:47:46  -870738.812500        0.052880
FIRE:  216 11:47:46  -870738.750000        0.052872
FIRE:  217 11:47:46  -870738.812500        0.052858
FIRE:  218 11:47:47  -870738.812500        0.052850
FIRE:  219 11:47:47  -870738.812500        0.052831
FIRE:  220 11:47:47  -870738.750000        0.052820
FIRE:  221 11:47:47  -870738.812500        0.052804
FIRE:  222 11:47:47  -870738.812500        0.052797
FIRE:  223 11:47:47  -870738.625000        0.052778
FIRE:  224 11:47:47  -870738.812500        0.052762
FIRE:  225 11:47:47  -870738.812500        0.052760
FIRE:  226 11:47:47  -870738.812500        0.052766
FIRE:  227 11:47:47  -870738.812500        0.052799
FIRE:  228 11:47:47  -870738.812500        0.052854
FIRE:  229 11:47:47  -870738.812500        0.052954
FIRE:  230 11:47:47  -870738.812500        0.052914
FIRE:  231 11:47:47  -870738.812500        0.047001
