      Step     Time          Energy          fmax
FIRE:    0 12:26:20  -382381.281250        4.185498
FIRE:    1 12:26:21  -382382.000000        3.086698
FIRE:    2 12:26:22  -382383.000000        3.967316
FIRE:    3 12:26:22  -382383.968750        3.154661
FIRE:    4 12:26:23  -382384.843750        2.268172
FIRE:    5 12:26:24  -382385.562500        2.111697
FIRE:    6 12:26:24  -382386.156250        3.032709
FIRE:    7 12:26:24  -382386.656250        3.204515
FIRE:    8 12:26:24  -382387.312500        2.891095
FIRE:    9 12:26:24  -382388.093750        2.626155
FIRE:   10 12:26:26  -382388.812500        2.641864
FIRE:   11 12:26:26  -382389.500000        2.746185
FIRE:   12 12:26:26  -382390.156250        2.486334
FIRE:   13 12:26:26  -382390.750000        1.824037
FIRE:   14 12:26:26  -382391.187500        1.439663
FIRE:   15 12:26:26  -382391.093750        3.316537
FIRE:   16 12:26:26  -382391.406250        1.247154
FIRE:   17 12:26:26  -382391.500000        1.724632
FIRE:   18 12:26:26  -382391.531250        1.391859
FIRE:   19 12:26:26  -382391.562500        0.819671
FIRE:   20 12:26:26  -382391.593750        0.525343
FIRE:   21 12:26:26  -382391.625000        0.601441
FIRE:   22 12:26:26  -382391.687500        0.938310
FIRE:   23 12:26:26  -382391.718750        1.132735
FIRE:   24 12:26:26  -382391.781250        1.060736
FIRE:   25 12:26:26  -382391.875000        0.709176
FIRE:   26 12:26:26  -382391.968750        0.620959
FIRE:   27 12:26:26  -382392.093750        0.713612
FIRE:   28 12:26:26  -382392.218750        0.808266
FIRE:   29 12:26:26  -382392.500000        0.829220
FIRE:   30 12:26:26  -382392.593750        0.828684
FIRE:   31 12:26:26  -382392.937500        0.942688
FIRE:   32 12:26:27  -382393.125000        1.064777
FIRE:   33 12:26:27  -382393.437500        1.205334
FIRE:   34 12:26:27  -382393.781250        1.284770
FIRE:   35 12:26:27  -382394.093750        1.309002
FIRE:   36 12:26:27  -382394.437500        1.446542
FIRE:   37 12:26:27  -382394.906250        1.243649
FIRE:   38 12:26:27  -382395.156250        0.899759
FIRE:   39 12:26:27  -382395.156250        0.655980
FIRE:   40 12:26:27  -382395.468750        0.512319
FIRE:   41 12:26:27  -382395.718750        0.716640
FIRE:   42 12:26:27  -382395.656250        1.111507
FIRE:   43 12:26:27  -382395.656250        1.744348
FIRE:   44 12:26:27  -382395.750000        2.862917
FIRE:   45 12:26:27  -382395.218750       16.122483
FIRE:   46 12:26:27  -382395.625000        7.121111
FIRE:   47 12:26:28  -382395.875000        5.979905
FIRE:   48 12:26:28  -382395.812500        3.391768
FIRE:   49 12:26:28  -382395.906250        1.290020
FIRE:   50 12:26:28  -382396.156250        1.190781
FIRE:   51 12:26:28  -382396.187500        1.002972
FIRE:   52 12:26:28  -382396.187500        0.748170
FIRE:   53 12:26:28  -382396.218750        0.515602
FIRE:   54 12:26:28  -382396.187500        0.500911
FIRE:   55 12:26:28  -382395.937500        0.484816
FIRE:   56 12:26:28  -382395.937500        0.492455
FIRE:   57 12:26:28  -382396.187500        0.646519
FIRE:   58 12:26:28  -382396.187500        0.705470
FIRE:   59 12:26:28  -382396.125000        0.636683
FIRE:   60 12:26:28  -382396.218750        0.438541
FIRE:   61 12:26:29  -382396.000000        0.348468
FIRE:   62 12:26:29  -382396.000000        0.551624
FIRE:   63 12:26:29  -382396.031250        0.620025
FIRE:   64 12:26:29  -382396.031250        0.374427
FIRE:   65 12:26:29  -382396.312500        0.305531
FIRE:   66 12:26:29  -382396.312500        0.526907
FIRE:   67 12:26:29  -382396.406250        0.263763
FIRE:   68 12:26:29  -382396.343750        0.336124
FIRE:   69 12:26:29  -382396.468750        0.299806
FIRE:   70 12:26:29  -382396.437500        0.460930
FIRE:   71 12:26:29  -382396.500000        0.300090
FIRE:   72 12:26:29  -382396.562500        0.538674
FIRE:   73 12:26:29  -382396.375000        0.553961
FIRE:   74 12:26:29  -382396.437500        0.395241
FIRE:   75 12:26:30  -382396.531250        0.551334
FIRE:   76 12:26:30  -382396.625000        1.415842
FIRE:   77 12:26:30  -382396.718750        4.096027
FIRE:   78 12:26:30  -382396.843750        0.384320
FIRE:   79 12:26:30  -382396.750000        4.857976
FIRE:   80 12:26:30  -382396.812500        3.106249
FIRE:   81 12:26:30  -382396.875000        0.596801
FIRE:   82 12:26:30  -382396.843750        1.666261
FIRE:   83 12:26:30  -382396.843750        1.567526
FIRE:   84 12:26:30  -382396.843750        1.374014
FIRE:   85 12:26:30  -382396.875000        1.094041
FIRE:   86 12:26:30  -382396.875000        0.741571
FIRE:   87 12:26:30  -382396.875000        0.338752
FIRE:   88 12:26:30  -382396.875000        0.268923
FIRE:   89 12:26:31  -382396.875000        0.488103
FIRE:   90 12:26:31  -382396.875000        0.480348
FIRE:   91 12:26:31  -382396.875000        0.465027
FIRE:   92 12:26:31  -382396.875000        0.442403
FIRE:   93 12:26:31  -382396.875000        0.413096
FIRE:   94 12:26:31  -382396.875000        0.377851
FIRE:   95 12:26:31  -382396.875000        0.337619
FIRE:   96 12:26:31  -382396.875000        0.293591
FIRE:   97 12:26:31  -382396.875000        0.265709
FIRE:   98 12:26:31  -382396.875000        0.265742
FIRE:   99 12:26:31  -382396.875000        0.265789
FIRE:  100 12:26:31  -382396.875000        0.265835
FIRE:  101 12:26:31  -382396.875000        0.265845
FIRE:  102 12:26:31  -382396.875000        0.265804
FIRE:  103 12:26:32  -382396.875000        0.265628
FIRE:  104 12:26:32  -382396.875000        0.284284
FIRE:  105 12:26:32  -382396.875000        0.269679
FIRE:  106 12:26:32  -382396.906250        0.264252
FIRE:  107 12:26:32  -382396.906250        0.264119
FIRE:  108 12:26:32  -382396.906250        0.265233
FIRE:  109 12:26:32  -382396.906250        0.268769
FIRE:  110 12:26:32  -382396.906250        0.274460
FIRE:  111 12:26:32  -382396.937500        0.277205
FIRE:  112 12:26:32  -382396.937500        0.278063
FIRE:  113 12:26:32  -382396.937500        0.285208
FIRE:  114 12:26:32  -382396.968750        0.187720
FIRE:  115 12:26:32  -382396.968750        0.238585
FIRE:  116 12:26:32  -382397.000000        0.205973
FIRE:  117 12:26:33  -382397.031250        0.180198
FIRE:  118 12:26:33  -382397.031250        0.215506
FIRE:  119 12:26:33  -382397.062500        0.160598
FIRE:  120 12:26:33  -382397.312500        0.211951
FIRE:  121 12:26:33  -382397.156250        0.281461
FIRE:  122 12:26:33  -382397.406250        0.335520
FIRE:  123 12:26:33  -382397.406250        0.629710
FIRE:  124 12:26:33  -382397.468750        1.499865
FIRE:  125 12:26:33  -382397.500000        3.804934
FIRE:  126 12:26:33  -382397.593750        0.338684
FIRE:  127 12:26:33  -382397.500000        4.479445
FIRE:  128 12:26:33  -382397.531250        2.920855
FIRE:  129 12:26:33  -382397.593750        0.641954
FIRE:  130 12:26:33  -382397.531250        1.479732
FIRE:  131 12:26:34  -382397.562500        1.391707
FIRE:  132 12:26:34  -382397.593750        1.219380
FIRE:  133 12:26:34  -382397.593750        0.970619
FIRE:  134 12:26:34  -382397.593750        0.658007
FIRE:  135 12:26:34  -382397.562500        0.301046
FIRE:  136 12:26:34  -382397.593750        0.130181
FIRE:  137 12:26:34  -382397.593750        0.421150
FIRE:  138 12:26:34  -382397.593750        0.414478
FIRE:  139 12:26:34  -382397.562500        0.401272
FIRE:  140 12:26:34  -382397.562500        0.381841
FIRE:  141 12:26:34  -382397.593750        0.356547
FIRE:  142 12:26:34  -382397.593750        0.326094
FIRE:  143 12:26:34  -382397.593750        0.291215
FIRE:  144 12:26:34  -382397.562500        0.252907
FIRE:  145 12:26:35  -382397.593750        0.207833
FIRE:  146 12:26:35  -382397.593750        0.156878
FIRE:  147 12:26:35  -382397.562500        0.103462
FIRE:  148 12:26:35  -382397.593750        0.101559
FIRE:  149 12:26:35  -382397.593750        0.119035
FIRE:  150 12:26:35  -382397.593750        0.180365
FIRE:  151 12:26:35  -382397.593750        0.226071
FIRE:  152 12:26:35  -382397.562500        0.247253
FIRE:  153 12:26:35  -382397.562500        0.236508
FIRE:  154 12:26:35  -382397.593750        0.189233
FIRE:  155 12:26:35  -382397.625000        0.108323
FIRE:  156 12:26:35  -382397.593750        0.104550
FIRE:  157 12:26:35  -382397.593750        0.177729
FIRE:  158 12:26:35  -382397.625000        0.203730
FIRE:  159 12:26:36  -382397.593750        0.156858
FIRE:  160 12:26:36  -382397.593750        0.101667
FIRE:  161 12:26:36  -382397.625000        0.175437
FIRE:  162 12:26:36  -382397.625000        0.195319
FIRE:  163 12:26:36  -382397.656250        0.184047
FIRE:  164 12:26:36  -382397.687500        0.165687
FIRE:  165 12:26:36  -382397.687500        0.122717
FIRE:  166 12:26:36  -382397.687500        0.164558
FIRE:  167 12:26:36  -382397.718750        0.123537
FIRE:  168 12:26:36  -382397.781250        0.290693
FIRE:  169 12:26:36  -382397.750000        0.166316
FIRE:  170 12:26:36  -382397.812500        0.166958
FIRE:  171 12:26:36  -382397.875000        0.260358
FIRE:  172 12:26:36  -382397.906250        0.623681
FIRE:  173 12:26:37  -382397.781250        2.054072
FIRE:  174 12:26:37  -382397.843750        0.104880
FIRE:  175 12:26:37  -382397.781250        2.021824
FIRE:  176 12:26:37  -382397.781250        1.403746
FIRE:  177 12:26:37  -382397.812500        0.448402
FIRE:  178 12:26:37  -382397.812500        0.622746
FIRE:  179 12:26:37  -382397.812500        0.585949
FIRE:  180 12:26:37  -382397.812500        0.514642
FIRE:  181 12:26:37  -382397.812500        0.413006
FIRE:  182 12:26:37  -382397.812500        0.288062
FIRE:  183 12:26:37  -382397.812500        0.149702
FIRE:  184 12:26:37  -382397.812500        0.097665
FIRE:  185 12:26:37  -382397.812500        0.192221
FIRE:  186 12:26:37  -382397.812500        0.279178
FIRE:  187 12:26:38  -382397.812500        0.330933
FIRE:  188 12:26:38  -382397.812500        0.330740
FIRE:  189 12:26:38  -382397.812500        0.268935
FIRE:  190 12:26:38  -382397.812500        0.151176
FIRE:  191 12:26:38  -382397.812500        0.121318
FIRE:  192 12:26:38  -382397.812500        0.258555
FIRE:  193 12:26:38  -382397.781250        0.290051
FIRE:  194 12:26:38  -382397.812500        0.178227
FIRE:  195 12:26:38  -382397.843750        0.129982
FIRE:  196 12:26:38  -382397.843750        0.245111
FIRE:  197 12:26:38  -382397.843750        0.158339
FIRE:  198 12:26:38  -382397.843750        0.184111
FIRE:  199 12:26:38  -382397.875000        0.213835
FIRE:  200 12:26:38  -382397.875000        0.169363
FIRE:  201 12:26:39  -382397.906250        0.159485
FIRE:  202 12:26:39  -382397.906250        0.282563
FIRE:  203 12:26:39  -382397.937500        0.220748
FIRE:  204 12:26:39  -382397.968750        0.203026
FIRE:  205 12:26:39  -382397.906250        0.310670
FIRE:  206 12:26:39  -382397.937500        0.921156
FIRE:  207 12:26:39  -382398.031250        2.914793
FIRE:  208 12:26:39  -382398.093750        0.577827
FIRE:  209 12:26:39  -382398.156250        0.434267
FIRE:  210 12:26:39  -382398.093750        0.182717
FIRE:  211 12:26:39  -382398.093750        0.166396
FIRE:  212 12:26:39  -382398.093750        0.351596
FIRE:  213 12:26:39  -382398.093750        0.411379
FIRE:  214 12:26:39  -382398.093750        0.332301
FIRE:  215 12:26:40  -382398.125000        0.156936
FIRE:  216 12:26:40  -382398.093750        0.198387
FIRE:  217 12:26:40  -382398.000000        0.351654
FIRE:  218 12:26:40  -382398.000000        0.288093
FIRE:  219 12:26:40  -382398.031250        0.100936
FIRE:  220 12:26:40  -382398.125000        0.291422
FIRE:  221 12:26:40  -382398.031250        0.190237
FIRE:  222 12:26:40  -382398.031250        0.256836
FIRE:  223 12:26:40  -382398.062500        0.203382
FIRE:  224 12:26:40  -382398.062500        0.313118
FIRE:  225 12:26:40  -382398.093750        0.101500
FIRE:  226 12:26:40  -382398.093750        0.210994
FIRE:  227 12:26:40  -382398.125000        0.472937
FIRE:  228 12:26:41  -382398.156250        1.015547
FIRE:  229 12:26:41  -382398.156250        2.238952
FIRE:  230 12:26:41  -382398.187500        0.159815
FIRE:  231 12:26:41  -382398.187500        0.146815
FIRE:  232 12:26:41  -382398.187500        0.132937
FIRE:  233 12:26:41  -382398.187500        0.134373
FIRE:  234 12:26:41  -382398.187500        0.149344
FIRE:  235 12:26:41  -382398.187500        0.159629
FIRE:  236 12:26:41  -382398.187500        0.154291
FIRE:  237 12:26:41  -382398.187500        0.137537
FIRE:  238 12:26:41  -382398.187500        0.123567
FIRE:  239 12:26:41  -382398.218750        0.124030
FIRE:  240 12:26:41  -382398.218750        0.126127
FIRE:  241 12:26:41  -382398.218750        0.130303
FIRE:  242 12:26:42  -382398.218750        0.147225
FIRE:  243 12:26:42  -382398.218750        0.143388
FIRE:  244 12:26:42  -382398.250000        0.136823
FIRE:  245 12:26:42  -382398.250000        0.141224
FIRE:  246 12:26:42  -382398.250000        0.161079
FIRE:  247 12:26:42  -382398.281250        0.163154
FIRE:  248 12:26:42  -382398.312500        0.182046
FIRE:  249 12:26:42  -382398.343750        0.212504
FIRE:  250 12:26:42  -382398.375000        0.294528
FIRE:  251 12:26:42  -382398.406250        0.662910
FIRE:  252 12:26:42  -382398.437500        1.883476
FIRE:  253 12:26:42  -382398.468750        0.329958
FIRE:  254 12:26:42  -382398.468750        1.939154
FIRE:  255 12:26:42  -382398.468750        1.393589
FIRE:  256 12:26:43  -382398.468750        0.504910
FIRE:  257 12:26:43  -382398.468750        0.521327
FIRE:  258 12:26:43  -382398.468750        0.501335
FIRE:  259 12:26:43  -382398.468750        0.463797
FIRE:  260 12:26:43  -382398.468750        0.414179
FIRE:  261 12:26:43  -382398.500000        0.361773
FIRE:  262 12:26:43  -382398.500000        0.320107
FIRE:  263 12:26:43  -382398.500000        0.302600
FIRE:  264 12:26:43  -382398.500000        0.311435
FIRE:  265 12:26:43  -382398.500000        0.336678
FIRE:  266 12:26:43  -382398.500000        0.360683
FIRE:  267 12:26:43  -382398.500000        0.366764
FIRE:  268 12:26:43  -382398.500000        0.348921
FIRE:  269 12:26:44  -382398.500000        0.321928
FIRE:  270 12:26:44  -382398.500000        0.321272
FIRE:  271 12:26:44  -382398.500000        0.355101
FIRE:  272 12:26:44  -382398.531250        0.378519
FIRE:  273 12:26:44  -382398.531250        0.363234
FIRE:  274 12:26:44  -382398.531250        0.353376
FIRE:  275 12:26:44  -382398.562500        0.383300
FIRE:  276 12:26:44  -382398.562500        0.386675
FIRE:  277 12:26:44  -382398.593750        0.412660
FIRE:  278 12:26:44  -382398.625000        0.470560
FIRE:  279 12:26:44  -382398.656250        0.473981
FIRE:  280 12:26:44  -382398.687500        0.504393
FIRE:  281 12:26:44  -382398.750000        0.551929
FIRE:  282 12:26:44  -382398.843750        0.565668
FIRE:  283 12:26:44  -382398.937500        0.571304
FIRE:  284 12:26:44  -382399.093750        0.687306
FIRE:  285 12:26:44  -382399.250000        0.661344
FIRE:  286 12:26:45  -382399.375000        1.051137
FIRE:  287 12:26:45  -382399.437500        1.947040
FIRE:  288 12:26:45  -382399.468750        0.899741
FIRE:  289 12:26:45  -382399.468750        1.627772
FIRE:  290 12:26:45  -382399.468750        1.276283
FIRE:  291 12:26:45  -382399.500000        0.655444
FIRE:  292 12:26:45  -382399.500000        0.431449
FIRE:  293 12:26:45  -382399.500000        0.745216
FIRE:  294 12:26:45  -382399.500000        0.697062
FIRE:  295 12:26:45  -382399.500000        0.603738
FIRE:  296 12:26:45  -382399.500000        0.471475
FIRE:  297 12:26:45  -382399.500000        0.356931
FIRE:  298 12:26:45  -382399.500000        0.337296
FIRE:  299 12:26:45  -382399.500000        0.316558
FIRE:  300 12:26:45  -382399.500000        0.296235
FIRE:  301 12:26:45  -382399.500000        0.360880
FIRE:  302 12:26:45  -382399.531250        0.458923
FIRE:  303 12:26:46  -382399.531250        0.491093
FIRE:  304 12:26:46  -382399.531250        0.440918
FIRE:  305 12:26:46  -382399.531250        0.305700
FIRE:  306 12:26:46  -382399.781250        0.239673
FIRE:  307 12:26:46  -382399.812500        0.262055
FIRE:  308 12:26:46  -382399.843750        0.335932
FIRE:  309 12:26:46  -382399.812500        0.310356
FIRE:  310 12:26:46  -382399.843750        0.226278
FIRE:  311 12:26:46  -382399.875000        0.337143
FIRE:  312 12:26:46  -382399.593750        0.344960
FIRE:  313 12:26:46  -382399.875000        0.281507
FIRE:  314 12:26:46  -382399.937500        0.299464
FIRE:  315 12:26:46  -382399.781250        0.326469
FIRE:  316 12:26:46  -382399.812500        0.363641
FIRE:  317 12:26:46  -382400.062500        0.382424
FIRE:  318 12:26:46  -382399.906250        0.304244
FIRE:  319 12:26:46  -382400.000000        0.387447
FIRE:  320 12:26:46  -382400.062500        0.435752
FIRE:  321 12:26:47  -382400.156250        1.050877
FIRE:  322 12:26:47  -382400.250000        2.246554
FIRE:  323 12:26:47  -382400.250000        0.197339
FIRE:  324 12:26:47  -382400.218750        2.088283
FIRE:  325 12:26:47  -382400.218750        1.626754
FIRE:  326 12:26:47  -382400.250000        0.819813
FIRE:  327 12:26:47  -382400.250000        0.269418
FIRE:  328 12:26:47  -382400.250000        0.249312
FIRE:  329 12:26:47  -382400.250000        0.222231
FIRE:  330 12:26:47  -382400.250000        0.203427
FIRE:  331 12:26:47  -382400.250000        0.187404
FIRE:  332 12:26:47  -382400.250000        0.182054
FIRE:  333 12:26:47  -382400.250000        0.181656
FIRE:  334 12:26:47  -382400.250000        0.181454
FIRE:  335 12:26:47  -382400.250000        0.207078
FIRE:  336 12:26:48  -382400.281250        0.241536
FIRE:  337 12:26:48  -382400.250000        0.247171
FIRE:  338 12:26:48  -382400.281250        0.217550
FIRE:  339 12:26:48  -382400.250000        0.177462
FIRE:  340 12:26:48  -382400.250000        0.175804
FIRE:  341 12:26:48  -382400.250000        0.178502
FIRE:  342 12:26:48  -382400.281250        0.185425
FIRE:  343 12:26:48  -382400.281250        0.169731
FIRE:  344 12:26:48  -382400.312500        0.167355
FIRE:  345 12:26:48  -382400.312500        0.170430
FIRE:  346 12:26:48  -382400.312500        0.160457
FIRE:  347 12:26:48  -382400.343750        0.155573
FIRE:  348 12:26:48  -382400.343750        0.152282
FIRE:  349 12:26:48  -382400.375000        0.150366
FIRE:  350 12:26:48  -382400.406250        0.138127
FIRE:  351 12:26:49  -382400.437500        0.132386
FIRE:  352 12:26:49  -382400.468750        0.206609
FIRE:  353 12:26:49  -382400.468750        0.302360
FIRE:  354 12:26:49  -382400.500000        0.752977
FIRE:  355 12:26:49  -382400.500000        1.665362
FIRE:  356 12:26:49  -382400.562500        0.113009
FIRE:  357 12:26:49  -382400.531250        1.362239
FIRE:  358 12:26:49  -382400.531250        1.073361
FIRE:  359 12:26:49  -382400.562500        0.549846
FIRE:  360 12:26:49  -382400.562500        0.104216
FIRE:  361 12:26:49  -382400.562500        0.098265
FIRE:  362 12:26:49  -382400.562500        0.086757
FIRE:  363 12:26:49  -382400.562500        0.076926
FIRE:  364 12:26:49  -382400.562500        0.076028
FIRE:  365 12:26:49  -382400.562500        0.074961
FIRE:  366 12:26:49  -382400.562500        0.073774
FIRE:  367 12:26:49  -382400.531250        0.072486
FIRE:  368 12:26:49  -382400.562500        0.071008
FIRE:  369 12:26:50  -382400.562500        0.070408
FIRE:  370 12:26:50  -382400.562500        0.077997
FIRE:  371 12:26:50  -382400.562500        0.075237
FIRE:  372 12:26:50  -382400.562500        0.063169
FIRE:  373 12:26:50  -382400.562500        0.060743
FIRE:  374 12:26:50  -382400.562500        0.064078
FIRE:  375 12:26:50  -382400.562500        0.069088
FIRE:  376 12:26:50  -382400.562500        0.067652
FIRE:  377 12:26:50  -382400.562500        0.059667
FIRE:  378 12:26:50  -382400.562500        0.052069
FIRE:  379 12:26:50  -382400.562500        0.054701
FIRE:  380 12:26:50  -382400.562500        0.054249
FIRE:  381 12:26:50  -382400.562500        0.062828
FIRE:  382 12:26:50  -382400.656250        0.059658
FIRE:  383 12:26:50  -382400.562500        0.059357
FIRE:  384 12:26:50  -382400.593750        0.053322
FIRE:  385 12:26:50  -382400.656250        0.057752
FIRE:  386 12:26:51  -382400.625000        0.076569
FIRE:  387 12:26:51  -382400.687500        0.097729
FIRE:  388 12:26:51  -382400.656250        0.307653
FIRE:  389 12:26:51  -382400.656250        0.783526
FIRE:  390 12:26:51  -382400.625000        2.143142
FIRE:  391 12:26:51  -382400.687500        0.225027
FIRE:  392 12:26:51  -382400.687500        0.161714
FIRE:  393 12:26:51  -382400.687500        0.058452
FIRE:  394 12:26:51  -382400.687500        0.075275
FIRE:  395 12:26:51  -382400.687500        0.151345
FIRE:  396 12:26:51  -382400.687500        0.165218
FIRE:  397 12:26:51  -382400.687500        0.132900
FIRE:  398 12:26:51  -382400.687500        0.066874
FIRE:  399 12:26:51  -382400.687500        0.088255
FIRE:  400 12:26:51  -382400.687500        0.139131
FIRE:  401 12:26:51  -382400.656250        0.095243
FIRE:  402 12:26:52  -382400.687500        0.052758
FIRE:  403 12:26:52  -382400.687500        0.119851
FIRE:  404 12:26:52  -382400.718750        0.061122
FIRE:  405 12:26:52  -382400.718750        0.116663
FIRE:  406 12:26:52  -382400.718750        0.071212
FIRE:  407 12:26:52  -382400.718750        0.125390
FIRE:  408 12:26:52  -382400.718750        0.089330
FIRE:  409 12:26:52  -382400.718750        0.068364
FIRE:  410 12:26:52  -382400.750000        0.197105
FIRE:  411 12:26:52  -382400.656250        0.411508
FIRE:  412 12:26:52  -382400.656250        1.053260
FIRE:  413 12:26:52  -382400.656250        0.055185
FIRE:  414 12:26:52  -382400.656250        0.930354
FIRE:  415 12:26:52  -382400.656250        0.699627
FIRE:  416 12:26:52  -382400.687500        0.295185
FIRE:  417 12:26:52  -382400.687500        0.181192
FIRE:  418 12:26:53  -382400.687500        0.170517
FIRE:  419 12:26:53  -382400.687500        0.149871
FIRE:  420 12:26:53  -382400.687500        0.120705
FIRE:  421 12:26:53  -382400.687500        0.085147
FIRE:  422 12:26:53  -382400.687500        0.046284
