      Step     Time          Energy          fmax
FIRE:    0 13:02:29  -438224.593750        4.093826
FIRE:    1 13:02:30  -438225.750000        1.990291
FIRE:    2 13:02:32  -438226.000000        2.968751
FIRE:    3 13:02:32  -438226.156250        2.327429
FIRE:    4 13:02:32  -438226.375000        1.315637
FIRE:    5 13:02:32  -438226.531250        0.956391
FIRE:    6 13:02:32  -438226.625000        1.608137
FIRE:    7 13:02:32  -438226.781250        1.978723
FIRE:    8 13:02:32  -438226.968750        1.686341
FIRE:    9 13:02:32  -438227.218750        1.207531
FIRE:   10 13:02:32  -438227.500000        0.979936
FIRE:   11 13:02:32  -438227.593750        1.287692
FIRE:   12 13:02:32  -438227.812500        1.438624
FIRE:   13 13:02:32  -438228.093750        0.977924
FIRE:   14 13:02:32  -438228.375000        0.943838
FIRE:   15 13:02:32  -438228.687500        1.330358
FIRE:   16 13:02:32  -438229.093750        0.832044
FIRE:   17 13:02:32  -438229.593750        1.063021
FIRE:   18 13:02:32  -438229.937500        0.768004
FIRE:   19 13:02:32  -438230.250000        1.289745
FIRE:   20 13:02:33  -438230.312500        1.141187
FIRE:   21 13:02:33  -438230.625000        0.624352
FIRE:   22 13:02:33  -438230.875000        0.827504
FIRE:   23 13:02:33  -438231.156250        0.681372
FIRE:   24 13:02:33  -438231.437500        0.747285
FIRE:   25 13:02:33  -438231.718750        0.718327
FIRE:   26 13:02:33  -438232.000000        0.690576
FIRE:   27 13:02:33  -438232.281250        0.645337
FIRE:   28 13:02:33  -438232.656250        0.635366
FIRE:   29 13:02:33  -438232.937500        0.640268
FIRE:   30 13:02:33  -438233.187500        0.598665
FIRE:   31 13:02:33  -438233.437500        0.625078
FIRE:   32 13:02:33  -438233.718750        0.685952
FIRE:   33 13:02:35  -438233.875000        0.691589
FIRE:   34 13:02:35  -438234.125000        0.771397
FIRE:   35 13:02:35  -438234.343750        0.886185
FIRE:   36 13:02:35  -438234.593750        1.098628
FIRE:   37 13:02:35  -438234.906250        1.248145
FIRE:   38 13:02:35  -438235.343750        1.421355
FIRE:   39 13:02:35  -438235.562500        1.519371
FIRE:   40 13:02:35  -438235.937500        1.474169
FIRE:   41 13:02:35  -438236.187500        0.926709
FIRE:   42 13:02:35  -438236.437500        0.853632
FIRE:   43 13:02:35  -438236.312500        3.086365
FIRE:   44 13:02:35  -438236.437500        2.483384
FIRE:   45 13:02:35  -438235.656250        9.618014
FIRE:   46 13:02:35  -438236.093750       12.019501
FIRE:   47 13:02:35  -438236.500000        3.719786
FIRE:   48 13:02:35  -438236.437500        5.629596
FIRE:   49 13:02:35  -438236.500000        4.786293
FIRE:   50 13:02:35  -438236.593750        3.224650
FIRE:   51 13:02:35  -438236.656250        1.640832
FIRE:   52 13:02:35  -438236.625000        1.319005
FIRE:   53 13:02:35  -438236.656250        1.269576
FIRE:   54 13:02:35  -438236.750000        1.172597
FIRE:   55 13:02:35  -438236.750000        1.031926
FIRE:   56 13:02:36  -438236.625000        0.853435
FIRE:   57 13:02:36  -438236.750000        0.664156
FIRE:   58 13:02:36  -438236.656250        0.514898
FIRE:   59 13:02:36  -438236.718750        0.409487
FIRE:   60 13:02:36  -438236.625000        0.461731
FIRE:   61 13:02:36  -438236.656250        0.495226
FIRE:   62 13:02:36  -438236.656250        0.525274
FIRE:   63 13:02:36  -438236.656250        0.624772
FIRE:   64 13:02:36  -438236.843750        0.615668
FIRE:   65 13:02:36  -438236.812500        0.489688
FIRE:   66 13:02:36  -438236.843750        0.366494
FIRE:   67 13:02:36  -438236.718750        0.349962
FIRE:   68 13:02:36  -438236.812500        0.526066
FIRE:   69 13:02:36  -438236.687500        0.554899
FIRE:   70 13:02:36  -438236.687500        0.385512
FIRE:   71 13:02:36  -438236.781250        0.285774
FIRE:   72 13:02:37  -438236.875000        0.383789
FIRE:   73 13:02:37  -438236.750000        0.336788
FIRE:   74 13:02:37  -438236.750000        0.398254
FIRE:   75 13:02:37  -438236.906250        0.491346
FIRE:   76 13:02:37  -438236.750000        0.333385
FIRE:   77 13:02:37  -438236.750000        0.446151
FIRE:   78 13:02:37  -438236.843750        0.497735
FIRE:   79 13:02:37  -438236.875000        0.278106
FIRE:   80 13:02:37  -438236.937500        0.229241
FIRE:   81 13:02:37  -438237.000000        0.481411
FIRE:   82 13:02:37  -438237.031250        1.244601
FIRE:   83 13:02:37  -438237.062500        4.022598
FIRE:   84 13:02:37  -438237.125000        0.443151
FIRE:   85 13:02:37  -438237.156250        0.384638
FIRE:   86 13:02:38  -438237.187500        0.280378
FIRE:   87 13:02:38  -438237.187500        0.172121
FIRE:   88 13:02:38  -438237.187500        0.244622
FIRE:   89 13:02:38  -438237.187500        0.309255
FIRE:   90 13:02:38  -438237.187500        0.312281
FIRE:   91 13:02:38  -438237.187500        0.262069
FIRE:   92 13:02:38  -438237.187500        0.188682
FIRE:   93 13:02:38  -438237.187500        0.159267
FIRE:   94 13:02:38  -438237.218750        0.206947
FIRE:   95 13:02:38  -438237.187500        0.181547
FIRE:   96 13:02:38  -438237.187500        0.193042
FIRE:   97 13:02:38  -438237.250000        0.175674
FIRE:   98 13:02:38  -438237.250000        0.212958
FIRE:   99 13:02:38  -438237.281250        0.148388
FIRE:  100 13:02:38  -438237.312500        0.201933
FIRE:  101 13:02:38  -438237.343750        0.185043
FIRE:  102 13:02:38  -438237.375000        0.220729
FIRE:  103 13:02:38  -438237.406250        0.167792
FIRE:  104 13:02:38  -438237.468750        0.171220
FIRE:  105 13:02:39  -438237.531250        0.441226
FIRE:  106 13:02:39  -438237.593750        1.479399
FIRE:  107 13:02:39  -438237.562500        6.381117
FIRE:  108 13:02:39  -438237.750000        2.526295
FIRE:  109 13:02:39  -438237.718750        1.728677
FIRE:  110 13:02:39  -438237.750000        0.398026
FIRE:  111 13:02:39  -438237.781250        1.075728
FIRE:  112 13:02:39  -438237.781250        0.979338
FIRE:  113 13:02:39  -438237.750000        0.795595
FIRE:  114 13:02:39  -438237.781250        0.542037
FIRE:  115 13:02:39  -438237.812500        0.283746
FIRE:  116 13:02:39  -438237.812500        0.153682
FIRE:  117 13:02:39  -438237.781250        0.381382
FIRE:  118 13:02:39  -438237.812500        0.579786
FIRE:  119 13:02:39  -438237.812500        0.694573
FIRE:  120 13:02:39  -438237.781250        0.693130
FIRE:  121 13:02:40  -438237.812500        0.554702
FIRE:  122 13:02:40  -438237.906250        0.286756
FIRE:  123 13:02:40  -438237.812500        0.188911
FIRE:  124 13:02:40  -438237.812500        0.383449
FIRE:  125 13:02:40  -438237.843750        0.445525
FIRE:  126 13:02:40  -438237.843750        0.240990
FIRE:  127 13:02:40  -438237.843750        0.245739
FIRE:  128 13:02:40  -438237.937500        0.513700
FIRE:  129 13:02:40  -438237.875000        0.336439
FIRE:  130 13:02:40  -438237.812500        0.247044
FIRE:  131 13:02:40  -438237.875000        0.320514
FIRE:  132 13:02:40  -438237.968750        0.329329
FIRE:  133 13:02:40  -438237.906250        0.349013
FIRE:  134 13:02:40  -438237.937500        0.423877
FIRE:  135 13:02:40  -438237.968750        0.384253
FIRE:  136 13:02:41  -438238.156250        0.180558
FIRE:  137 13:02:41  -438238.218750        0.219470
FIRE:  138 13:02:41  -438238.250000        0.375074
FIRE:  139 13:02:41  -438238.312500        1.821906
FIRE:  140 13:02:41  -438238.125000        7.509598
FIRE:  141 13:02:41  -438238.375000        3.101627
FIRE:  142 13:02:41  -438238.375000        2.135128
FIRE:  143 13:02:41  -438238.406250        0.529097
FIRE:  144 13:02:41  -438238.406250        1.401341
FIRE:  145 13:02:41  -438238.406250        1.273340
FIRE:  146 13:02:41  -438238.406250        1.029650
FIRE:  147 13:02:41  -438238.406250        0.693672
FIRE:  148 13:02:41  -438238.437500        0.304725
FIRE:  149 13:02:41  -438238.406250        0.166017
FIRE:  150 13:02:42  -438238.406250        0.496576
FIRE:  151 13:02:42  -438238.406250        0.487054
FIRE:  152 13:02:42  -438238.437500        0.468094
FIRE:  153 13:02:42  -438238.375000        0.440523
FIRE:  154 13:02:42  -438238.375000        0.404827
FIRE:  155 13:02:42  -438238.437500        0.362280
FIRE:  156 13:02:42  -438238.406250        0.314427
FIRE:  157 13:02:42  -438238.437500        0.263375
FIRE:  158 13:02:42  -438238.375000        0.206335
FIRE:  159 13:02:42  -438238.406250        0.153609
FIRE:  160 13:02:42  -438238.406250        0.153370
FIRE:  161 13:02:42  -438238.406250        0.160962
FIRE:  162 13:02:42  -438238.406250        0.187067
FIRE:  163 13:02:42  -438238.437500        0.205051
FIRE:  164 13:02:43  -438238.437500        0.209475
FIRE:  165 13:02:43  -438238.437500        0.196261
FIRE:  166 13:02:43  -438238.468750        0.164720
FIRE:  167 13:02:43  -438238.437500        0.172824
FIRE:  168 13:02:43  -438238.406250        0.192129
FIRE:  169 13:02:43  -438238.468750        0.220145
FIRE:  170 13:02:43  -438238.437500        0.229476
FIRE:  171 13:02:43  -438238.468750        0.160617
FIRE:  172 13:02:43  -438238.468750        0.147188
FIRE:  173 13:02:43  -438238.437500        0.170844
FIRE:  174 13:02:43  -438238.468750        0.150426
FIRE:  175 13:02:43  -438238.500000        0.150906
FIRE:  176 13:02:43  -438238.500000        0.213219
FIRE:  177 13:02:43  -438238.500000        0.124384
FIRE:  178 13:02:44  -438238.500000        0.176358
FIRE:  179 13:02:44  -438238.562500        0.169927
FIRE:  180 13:02:44  -438238.312500        0.129356
FIRE:  181 13:02:44  -438238.375000        0.177627
FIRE:  182 13:02:44  -438238.406250        0.417561
FIRE:  183 13:02:44  -438238.437500        0.824464
FIRE:  184 13:02:44  -438238.500000        2.141527
FIRE:  185 13:02:44  -438238.468750        0.147360
FIRE:  186 13:02:44  -438238.500000        1.825502
FIRE:  187 13:02:44  -438238.500000        1.383476
FIRE:  188 13:02:44  -438238.468750        0.610225
FIRE:  189 13:02:44  -438238.500000        0.314728
FIRE:  190 13:02:44  -438238.500000        0.298903
FIRE:  191 13:02:44  -438238.500000        0.268420
FIRE:  192 13:02:45  -438238.500000        0.225765
FIRE:  193 13:02:45  -438238.500000        0.175104
FIRE:  194 13:02:45  -438238.500000        0.123595
FIRE:  195 13:02:45  -438238.500000        0.091694
FIRE:  196 13:02:45  -438238.500000        0.103355
FIRE:  197 13:02:45  -438238.468750        0.120943
FIRE:  198 13:02:45  -438238.562500        0.132284
FIRE:  199 13:02:45  -438238.593750        0.140720
FIRE:  200 13:02:45  -438238.531250        0.127486
FIRE:  201 13:02:45  -438238.531250        0.102954
FIRE:  202 13:02:45  -438238.593750        0.096689
FIRE:  203 13:02:45  -438238.531250        0.139879
FIRE:  204 13:02:45  -438238.531250        0.168307
FIRE:  205 13:02:45  -438238.531250        0.141711
FIRE:  206 13:02:46  -438238.531250        0.091681
FIRE:  207 13:02:46  -438238.531250        0.127089
FIRE:  208 13:02:46  -438238.562500        0.119485
FIRE:  209 13:02:46  -438238.562500        0.169395
FIRE:  210 13:02:46  -438238.562500        0.302947
FIRE:  211 13:02:46  -438238.593750        0.251232
FIRE:  212 13:02:46  -438238.593750        0.208234
FIRE:  213 13:02:46  -438238.625000        0.183934
FIRE:  214 13:02:46  -438238.656250        0.151109
FIRE:  215 13:02:46  -438238.656250        0.163594
FIRE:  216 13:02:46  -438238.687500        0.272764
FIRE:  217 13:02:46  -438238.750000        0.673743
FIRE:  218 13:02:46  -438238.781250        1.936643
FIRE:  219 13:02:46  -438238.781250        0.160221
FIRE:  220 13:02:47  -438238.781250        1.709381
FIRE:  221 13:02:47  -438238.781250        1.284654
FIRE:  222 13:02:47  -438238.781250        0.545019
FIRE:  223 13:02:47  -438238.781250        0.326677
FIRE:  224 13:02:47  -438238.781250        0.308034
FIRE:  225 13:02:47  -438238.781250        0.272346
FIRE:  226 13:02:47  -438238.781250        0.222187
FIRE:  227 13:02:47  -438238.781250        0.162126
FIRE:  228 13:02:47  -438238.812500        0.134503
FIRE:  229 13:02:47  -438238.812500        0.126585
FIRE:  230 13:02:47  -438238.812500        0.129921
FIRE:  231 13:02:47  -438238.812500        0.140642
FIRE:  232 13:02:47  -438238.812500        0.151258
FIRE:  233 13:02:47  -438238.812500        0.155371
FIRE:  234 13:02:48  -438238.812500        0.143551
FIRE:  235 13:02:48  -438238.812500        0.122682
FIRE:  236 13:02:48  -438238.812500        0.105656
FIRE:  237 13:02:48  -438238.812500        0.136907
FIRE:  238 13:02:48  -438238.812500        0.165397
FIRE:  239 13:02:48  -438238.812500        0.127269
FIRE:  240 13:02:48  -438238.812500        0.086222
FIRE:  241 13:02:48  -438238.812500        0.118629
FIRE:  242 13:02:48  -438238.843750        0.101302
FIRE:  243 13:02:48  -438238.843750        0.114436
FIRE:  244 13:02:48  -438238.843750        0.152761
FIRE:  245 13:02:48  -438238.843750        0.087948
FIRE:  246 13:02:48  -438238.875000        0.108705
FIRE:  247 13:02:48  -438238.875000        0.151448
FIRE:  248 13:02:49  -438238.906250        0.098975
FIRE:  249 13:02:49  -438238.937500        0.091594
FIRE:  250 13:02:49  -438238.968750        0.093734
FIRE:  251 13:02:49  -438239.031250        0.202446
FIRE:  252 13:02:49  -438239.093750        0.954782
FIRE:  253 13:02:49  -438239.062500        3.708268
FIRE:  254 13:02:49  -438239.125000        0.932123
FIRE:  255 13:02:49  -438239.156250        0.662338
FIRE:  256 13:02:49  -438239.156250        0.206031
FIRE:  257 13:02:49  -438239.156250        0.307403
FIRE:  258 13:02:49  -438239.156250        0.282843
FIRE:  259 13:02:49  -438239.156250        0.235912
FIRE:  260 13:02:49  -438239.156250        0.171222
FIRE:  261 13:02:50  -438239.156250        0.097921
FIRE:  262 13:02:50  -438239.156250        0.075025
FIRE:  263 13:02:50  -438239.156250        0.090124
FIRE:  264 13:02:50  -438239.187500        0.147070
FIRE:  265 13:02:50  -438239.187500        0.189044
FIRE:  266 13:02:50  -438239.156250        0.202440
FIRE:  267 13:02:50  -438239.156250        0.178231
FIRE:  268 13:02:50  -438239.156250        0.116471
FIRE:  269 13:02:50  -438239.187500        0.073449
FIRE:  270 13:02:50  -438239.156250        0.096055
FIRE:  271 13:02:50  -438239.156250        0.132163
FIRE:  272 13:02:50  -438239.156250        0.093590
FIRE:  273 13:02:50  -438239.156250        0.073069
FIRE:  274 13:02:50  -438239.156250        0.138642
FIRE:  275 13:02:51  -438239.125000        0.113539
FIRE:  276 13:02:51  -438239.125000        0.072913
FIRE:  277 13:02:51  -438239.125000        0.110211
FIRE:  278 13:02:51  -438239.125000        0.075201
FIRE:  279 13:02:51  -438239.218750        0.114299
FIRE:  280 13:02:51  -438239.218750        0.117993
FIRE:  281 13:02:51  -438239.250000        0.099539
FIRE:  282 13:02:51  -438239.187500        0.069731
FIRE:  283 13:02:51  -438239.218750        0.071943
FIRE:  284 13:02:51  -438239.281250        0.134509
FIRE:  285 13:02:51  -438239.375000        0.660317
FIRE:  286 13:02:51  -438239.343750        2.897531
FIRE:  287 13:02:51  -438239.375000        0.801472
FIRE:  288 13:02:51  -438239.375000        0.557180
FIRE:  289 13:02:52  -438239.375000        0.149617
FIRE:  290 13:02:52  -438239.375000        0.300224
FIRE:  291 13:02:52  -438239.375000        0.276172
FIRE:  292 13:02:52  -438239.375000        0.230256
FIRE:  293 13:02:52  -438239.375000        0.166853
FIRE:  294 13:02:52  -438239.375000        0.094182
FIRE:  295 13:02:52  -438239.375000        0.068038
FIRE:  296 13:02:52  -438239.375000        0.078788
FIRE:  297 13:02:52  -438239.375000        0.132992
FIRE:  298 13:02:52  -438239.375000        0.171025
FIRE:  299 13:02:52  -438239.375000        0.180304
FIRE:  300 13:02:52  -438239.375000        0.152983
FIRE:  301 13:02:52  -438239.375000        0.090001
FIRE:  302 13:02:52  -438239.375000        0.067325
FIRE:  303 13:02:53  -438239.406250        0.099586
FIRE:  304 13:02:53  -438239.375000        0.127015
FIRE:  305 13:02:53  -438239.406250        0.078648
FIRE:  306 13:02:53  -438239.406250        0.066270
FIRE:  307 13:02:53  -438239.406250        0.131811
FIRE:  308 13:02:53  -438239.406250        0.090520
FIRE:  309 13:02:53  -438239.406250        0.073423
FIRE:  310 13:02:53  -438239.406250        0.090775
FIRE:  311 13:02:53  -438239.437500        0.090014
FIRE:  312 13:02:53  -438239.437500        0.086768
FIRE:  313 13:02:53  -438239.500000        0.123660
FIRE:  314 13:02:53  -438239.468750        0.139176
FIRE:  315 13:02:53  -438239.468750        0.131976
FIRE:  316 13:02:53  -438239.562500        0.298301
FIRE:  317 13:02:53  -438239.593750        0.860388
FIRE:  318 13:02:53  -438239.656250        2.584959
FIRE:  319 13:02:53  -438239.562500        0.223892
FIRE:  320 13:02:54  -438239.625000        0.167080
FIRE:  321 13:02:54  -438239.562500        0.078507
FIRE:  322 13:02:54  -438239.562500        0.066091
FIRE:  323 13:02:54  -438239.718750        0.139980
FIRE:  324 13:02:54  -438239.562500        0.168417
FIRE:  325 13:02:54  -438239.718750        0.138669
FIRE:  326 13:02:54  -438239.593750        0.078381
FIRE:  327 13:02:54  -438239.625000        0.080726
FIRE:  328 13:02:54  -438239.562500        0.120140
FIRE:  329 13:02:54  -438239.562500        0.089718
FIRE:  330 13:02:54  -438239.562500        0.074523
FIRE:  331 13:02:54  -438239.625000        0.117264
FIRE:  332 13:02:54  -438239.750000        0.064274
FIRE:  333 13:02:54  -438239.718750        0.117004
FIRE:  334 13:02:54  -438239.625000        0.064048
FIRE:  335 13:02:54  -438239.593750        0.123175
FIRE:  336 13:02:54  -438239.656250        0.109754
FIRE:  337 13:02:54  -438239.656250        0.099905
FIRE:  338 13:02:55  -438239.687500        0.115924
FIRE:  339 13:02:55  -438239.687500        0.288645
FIRE:  340 13:02:55  -438239.687500        1.026408
FIRE:  341 13:02:55  -438239.656250        3.420891
FIRE:  342 13:02:55  -438239.718750        0.626538
FIRE:  343 13:02:55  -438239.750000        0.450267
FIRE:  344 13:02:55  -438239.718750        0.153462
FIRE:  345 13:02:55  -438239.687500        0.199966
FIRE:  346 13:02:55  -438239.718750        0.415875
FIRE:  347 13:02:55  -438239.718750        0.385377
FIRE:  348 13:02:55  -438239.718750        0.326755
FIRE:  349 13:02:55  -438239.718750        0.245166
FIRE:  350 13:02:55  -438239.718750        0.148539
FIRE:  351 13:02:55  -438239.718750        0.062191
FIRE:  352 13:02:55  -438239.718750        0.073004
FIRE:  353 13:02:55  -438239.718750        0.147492
FIRE:  354 13:02:55  -438239.718750        0.204077
FIRE:  355 13:02:55  -438239.718750        0.226609
FIRE:  356 13:02:56  -438239.718750        0.204583
FIRE:  357 13:02:56  -438239.718750        0.135022
FIRE:  358 13:02:56  -438239.718750        0.062361
FIRE:  359 13:02:56  -438239.718750        0.109562
FIRE:  360 13:02:56  -438239.718750        0.174502
FIRE:  361 13:02:56  -438239.718750        0.148625
FIRE:  362 13:02:56  -438239.687500        0.062365
FIRE:  363 13:02:56  -438239.718750        0.131111
FIRE:  364 13:02:56  -438239.687500        0.144253
FIRE:  365 13:02:56  -438239.718750        0.062240
FIRE:  366 13:02:56  -438239.750000        0.150798
FIRE:  367 13:02:56  -438239.750000        0.061510
FIRE:  368 13:02:56  -438239.750000        0.158844
FIRE:  369 13:02:56  -438239.750000        0.076818
FIRE:  370 13:02:56  -438239.781250        0.075483
FIRE:  371 13:02:57  -438239.750000        0.200642
FIRE:  372 13:02:57  -438239.812500        0.412007
FIRE:  373 13:02:57  -438239.812500        0.904338
FIRE:  374 13:02:57  -438239.750000        2.143786
FIRE:  375 13:02:57  -438239.781250        0.075199
FIRE:  376 13:02:57  -438239.781250        0.069304
FIRE:  377 13:02:57  -438239.750000        0.066056
FIRE:  378 13:02:57  -438239.750000        0.062578
FIRE:  379 13:02:57  -438239.843750        0.060377
FIRE:  380 13:02:57  -438239.843750        0.060416
FIRE:  381 13:02:57  -438239.843750        0.062104
FIRE:  382 13:02:57  -438239.750000        0.063478
FIRE:  383 13:02:57  -438239.750000        0.062946
FIRE:  384 13:02:57  -438239.750000        0.060848
FIRE:  385 13:02:57  -438239.781250        0.061441
FIRE:  386 13:02:58  -438239.781250        0.065451
FIRE:  387 13:02:58  -438239.781250        0.064634
FIRE:  388 13:02:58  -438239.750000        0.061301
FIRE:  389 13:02:58  -438239.812500        0.065779
FIRE:  390 13:02:58  -438239.968750        0.062218
FIRE:  391 13:02:58  -438239.937500        0.069151
FIRE:  392 13:02:58  -438239.781250        0.063651
FIRE:  393 13:02:58  -438239.843750        0.067044
FIRE:  394 13:02:58  -438239.843750        0.067530
FIRE:  395 13:02:58  -438239.875000        0.068308
FIRE:  396 13:02:58  -438239.875000        0.134286
FIRE:  397 13:02:58  -438239.875000        0.703662
FIRE:  398 13:02:58  -438239.906250        3.204133
FIRE:  399 13:02:58  -438239.937500        1.139230
FIRE:  400 13:02:58  -438239.906250        0.767379
FIRE:  401 13:02:58  -438239.937500        0.152760
FIRE:  402 13:02:59  -438239.937500        0.502863
FIRE:  403 13:02:59  -438239.906250        0.460179
FIRE:  404 13:02:59  -438239.906250        0.378625
FIRE:  405 13:02:59  -438239.937500        0.265678
FIRE:  406 13:02:59  -438239.937500        0.133132
FIRE:  407 13:02:59  -438239.937500        0.075386
FIRE:  408 13:02:59  -438239.906250        0.140067
FIRE:  409 13:02:59  -438239.937500        0.232251
FIRE:  410 13:02:59  -438239.906250        0.287972
FIRE:  411 13:02:59  -438239.937500        0.292226
FIRE:  412 13:02:59  -438239.937500        0.234694
FIRE:  413 13:02:59  -438239.906250        0.117225
FIRE:  414 13:02:59  -438239.937500        0.081555
FIRE:  415 13:02:59  -438239.937500        0.181714
FIRE:  416 13:02:59  -438239.937500        0.217451
FIRE:  417 13:02:59  -438239.937500        0.122131
FIRE:  418 13:02:59  -438239.937500        0.084540
FIRE:  419 13:03:00  -438239.968750        0.207154
FIRE:  420 13:03:00  -438239.968750        0.122860
FIRE:  421 13:03:00  -438239.937500        0.126032
FIRE:  422 13:03:00  -438239.968750        0.148886
FIRE:  423 13:03:00  -438239.968750        0.138700
FIRE:  424 13:03:00  -438239.968750        0.115355
FIRE:  425 13:03:00  -438240.062500        0.216951
FIRE:  426 13:03:00  -438240.000000        0.206233
FIRE:  427 13:03:00  -438240.093750        0.170050
FIRE:  428 13:03:00  -438240.000000        0.342218
FIRE:  429 13:03:00  -438240.031250        0.939994
FIRE:  430 13:03:00  -438240.000000        2.934075
FIRE:  431 13:03:00  -438240.093750        0.428568
FIRE:  432 13:03:00  -438240.093750        0.306973
FIRE:  433 13:03:00  -438240.093750        0.158199
FIRE:  434 13:03:00  -438240.093750        0.157375
FIRE:  435 13:03:00  -438240.062500        0.299855
FIRE:  436 13:03:00  -438240.093750        0.337286
FIRE:  437 13:03:01  -438240.093750        0.253100
FIRE:  438 13:03:01  -438240.093750        0.162184
FIRE:  439 13:03:01  -438240.062500        0.154619
FIRE:  440 13:03:01  -438240.093750        0.231242
FIRE:  441 13:03:01  -438240.093750        0.231774
FIRE:  442 13:03:01  -438240.093750        0.128583
FIRE:  443 13:03:01  -438240.062500        0.232567
FIRE:  444 13:03:01  -438240.093750        0.107243
FIRE:  445 13:03:01  -438240.093750        0.199510
FIRE:  446 13:03:01  -438240.125000        0.117333
FIRE:  447 13:03:01  -438240.250000        0.233095
FIRE:  448 13:03:01  -438240.218750        0.203214
FIRE:  449 13:03:01  -438240.125000        0.197550
FIRE:  450 13:03:01  -438240.250000        0.219441
FIRE:  451 13:03:01  -438240.187500        0.581043
FIRE:  452 13:03:01  -438240.218750        1.736103
FIRE:  453 13:03:01  -438240.218750        0.107863
FIRE:  454 13:03:02  -438240.218750        0.107702
FIRE:  455 13:03:02  -438240.218750        0.107388
FIRE:  456 13:03:02  -438240.187500        0.106921
FIRE:  457 13:03:02  -438240.218750        0.106308
FIRE:  458 13:03:02  -438240.187500        0.105564
FIRE:  459 13:03:02  -438240.218750        0.104700
FIRE:  460 13:03:02  -438240.218750        0.103736
FIRE:  461 13:03:02  -438240.218750        0.102565
FIRE:  462 13:03:02  -438240.250000        0.102218
FIRE:  463 13:03:02  -438240.250000        0.102621
FIRE:  464 13:03:02  -438240.250000        0.102620
FIRE:  465 13:03:02  -438240.218750        0.102040
FIRE:  466 13:03:02  -438240.250000        0.101226
FIRE:  467 13:03:02  -438240.218750        0.100937
FIRE:  468 13:03:02  -438240.250000        0.101912
FIRE:  469 13:03:03  -438240.281250        0.154118
FIRE:  470 13:03:03  -438240.250000        0.094389
FIRE:  471 13:03:03  -438240.375000        0.128267
FIRE:  472 13:03:03  -438240.312500        0.193676
FIRE:  473 13:03:03  -438240.343750        0.557950
FIRE:  474 13:03:03  -438240.406250        1.393647
FIRE:  475 13:03:03  -438240.375000        0.131940
FIRE:  476 13:03:03  -438240.343750        1.251738
FIRE:  477 13:03:03  -438240.343750        0.959860
FIRE:  478 13:03:03  -438240.375000        0.446214
FIRE:  479 13:03:03  -438240.375000        0.167316
FIRE:  480 13:03:03  -438240.375000        0.156181
FIRE:  481 13:03:03  -438240.375000        0.134654
FIRE:  482 13:03:03  -438240.375000        0.118750
FIRE:  483 13:03:04  -438240.343750        0.106280
FIRE:  484 13:03:04  -438240.343750        0.094721
FIRE:  485 13:03:04  -438240.343750        0.086297
FIRE:  486 13:03:04  -438240.375000        0.082283
FIRE:  487 13:03:04  -438240.343750        0.095360
FIRE:  488 13:03:04  -438240.375000        0.115546
FIRE:  489 13:03:04  -438240.468750        0.120067
FIRE:  490 13:03:04  -438240.500000        0.104741
FIRE:  491 13:03:04  -438240.437500        0.081595
FIRE:  492 13:03:04  -438240.500000        0.084005
FIRE:  493 13:03:04  -438240.437500        0.091933
FIRE:  494 13:03:04  -438240.468750        0.097517
FIRE:  495 13:03:04  -438240.437500        0.093246
FIRE:  496 13:03:04  -438240.375000        0.084424
FIRE:  497 13:03:05  -438240.343750        0.089025
FIRE:  498 13:03:05  -438240.375000        0.082758
FIRE:  499 13:03:05  -438240.375000        0.088751
FIRE:  500 13:03:05  -438240.406250        0.094181
FIRE:  501 13:03:05  -438240.406250        0.084152
FIRE:  502 13:03:05  -438240.406250        0.083189
FIRE:  503 13:03:05  -438240.468750        0.094359
FIRE:  504 13:03:05  -438240.500000        0.079360
FIRE:  505 13:03:05  -438240.500000        0.078442
FIRE:  506 13:03:05  -438240.437500        0.071599
FIRE:  507 13:03:05  -438240.531250        0.072907
FIRE:  508 13:03:05  -438240.562500        0.068056
FIRE:  509 13:03:05  -438240.625000        0.179384
FIRE:  510 13:03:05  -438240.687500        1.092689
FIRE:  511 13:03:06  -438240.406250        5.498295
FIRE:  512 13:03:06  -438240.531250        3.553588
FIRE:  513 13:03:06  -438240.562500        2.131733
FIRE:  514 13:03:06  -438240.593750        0.346510
FIRE:  515 13:03:06  -438240.593750        0.322012
FIRE:  516 13:03:06  -438240.562500        0.275305
FIRE:  517 13:03:06  -438240.593750        0.211021
FIRE:  518 13:03:06  -438240.562500        0.137856
FIRE:  519 13:03:06  -438240.593750        0.075861
FIRE:  520 13:03:06  -438240.593750        0.131803
FIRE:  521 13:03:06  -438240.593750        0.178889
FIRE:  522 13:03:06  -438240.593750        0.198600
FIRE:  523 13:03:06  -438240.593750        0.182721
FIRE:  524 13:03:06  -438240.593750        0.136503
FIRE:  525 13:03:07  -438240.562500        0.097246
FIRE:  526 13:03:07  -438240.562500        0.105818
FIRE:  527 13:03:07  -438240.656250        0.119804
FIRE:  528 13:03:07  -438240.687500        0.111925
FIRE:  529 13:03:07  -438240.656250        0.127684
FIRE:  530 13:03:07  -438240.562500        0.122141
FIRE:  531 13:03:07  -438240.687500        0.070949
FIRE:  532 13:03:07  -438240.687500        0.138185
FIRE:  533 13:03:07  -438240.687500        0.061296
FIRE:  534 13:03:07  -438240.687500        0.119640
FIRE:  535 13:03:07  -438240.687500        0.076231
FIRE:  536 13:03:07  -438240.718750        0.110059
FIRE:  537 13:03:07  -438240.687500        0.162648
FIRE:  538 13:03:07  -438240.718750        0.325469
FIRE:  539 13:03:08  -438240.750000        0.749023
FIRE:  540 13:03:08  -438240.750000        1.847668
FIRE:  541 13:03:08  -438240.750000        0.077591
FIRE:  542 13:03:08  -438240.750000        0.063673
FIRE:  543 13:03:08  -438240.750000        0.059898
FIRE:  544 13:03:08  -438240.750000        0.057953
FIRE:  545 13:03:08  -438240.781250        0.057962
FIRE:  546 13:03:08  -438240.781250        0.059839
FIRE:  547 13:03:08  -438240.781250        0.061473
FIRE:  548 13:03:08  -438240.781250        0.057919
FIRE:  549 13:03:08  -438240.812500        0.057896
FIRE:  550 13:03:08  -438240.781250        0.057893
FIRE:  551 13:03:08  -438240.781250        0.057915
FIRE:  552 13:03:08  -438240.781250        0.057980
FIRE:  553 13:03:09  -438240.781250        0.058071
FIRE:  554 13:03:09  -438240.781250        0.058172
FIRE:  555 13:03:09  -438240.781250        0.059320
FIRE:  556 13:03:09  -438240.781250        0.058454
FIRE:  557 13:03:09  -438240.781250        0.064201
FIRE:  558 13:03:09  -438240.812500        0.060155
FIRE:  559 13:03:09  -438240.812500        0.066476
FIRE:  560 13:03:09  -438240.750000        0.071443
FIRE:  561 13:03:09  -438240.843750        0.077859
FIRE:  562 13:03:09  -438240.812500        0.176630
FIRE:  563 13:03:09  -438240.875000        0.878513
FIRE:  564 13:03:09  -438240.843750        3.755728
FIRE:  565 13:03:09  -438240.906250        1.362166
FIRE:  566 13:03:09  -438240.906250        0.924127
FIRE:  567 13:03:09  -438240.906250        0.197462
FIRE:  568 13:03:09  -438240.875000        0.610795
FIRE:  569 13:03:09  -438240.906250        0.559203
FIRE:  570 13:03:09  -438240.906250        0.460601
FIRE:  571 13:03:10  -438240.906250        0.323736
FIRE:  572 13:03:10  -438240.906250        0.161852
FIRE:  573 13:03:10  -438240.906250        0.064676
FIRE:  574 13:03:10  -438240.906250        0.162081
FIRE:  575 13:03:10  -438240.906250        0.273494
FIRE:  576 13:03:10  -438240.906250        0.340468
FIRE:  577 13:03:10  -438240.906250        0.347164
FIRE:  578 13:03:10  -438240.937500        0.281829
FIRE:  579 13:03:10  -438240.906250        0.143732
FIRE:  580 13:03:10  -438240.906250        0.064843
FIRE:  581 13:03:10  -438240.875000        0.211039
FIRE:  582 13:03:10  -438240.906250        0.265728
FIRE:  583 13:03:10  -438240.906250        0.164975
FIRE:  584 13:03:10  -438240.906250        0.075280
FIRE:  585 13:03:10  -438240.906250        0.237988
FIRE:  586 13:03:10  -438240.937500        0.171342
FIRE:  587 13:03:10  -438240.937500        0.112604
FIRE:  588 13:03:10  -438240.937500        0.195333
FIRE:  589 13:03:11  -438240.937500        0.106431
FIRE:  590 13:03:11  -438240.937500        0.173403
FIRE:  591 13:03:11  -438240.906250        0.220849
FIRE:  592 13:03:11  -438240.968750        0.131306
FIRE:  593 13:03:11  -438240.968750        0.089329
FIRE:  594 13:03:11  -438241.000000        0.087542
FIRE:  595 13:03:11  -438241.000000        0.090015
FIRE:  596 13:03:11  -438241.031250        0.330537
FIRE:  597 13:03:11  -438241.000000        1.884603
FIRE:  598 13:03:11  -438241.000000        0.700830
FIRE:  599 13:03:11  -438240.968750        0.459127
FIRE:  600 13:03:11  -438240.968750        0.087480
FIRE:  601 13:03:11  -438241.000000        0.335351
FIRE:  602 13:03:11  -438241.000000        0.307065
FIRE:  603 13:03:11  -438241.000000        0.253140
FIRE:  604 13:03:11  -438241.062500        0.178749
FIRE:  605 13:03:11  -438241.000000        0.092937
FIRE:  606 13:03:11  -438240.968750        0.086216
FIRE:  607 13:03:12  -438240.968750        0.104649
FIRE:  608 13:03:12  -438240.968750        0.143665
FIRE:  609 13:03:12  -438241.000000        0.177450
FIRE:  610 13:03:12  -438241.000000        0.175273
FIRE:  611 13:03:12  -438240.968750        0.130699
FIRE:  612 13:03:12  -438241.000000        0.094008
FIRE:  613 13:03:12  -438240.968750        0.086438
FIRE:  614 13:03:12  -438241.000000        0.140360
FIRE:  615 13:03:12  -438241.000000        0.144323
FIRE:  616 13:03:12  -438241.031250        0.085881
FIRE:  617 13:03:12  -438241.031250        0.103413
FIRE:  618 13:03:12  -438241.031250        0.126221
FIRE:  619 13:03:12  -438241.031250        0.089540
FIRE:  620 13:03:12  -438241.000000        0.121313
FIRE:  621 13:03:12  -438241.156250        0.088125
FIRE:  622 13:03:12  -438241.156250        0.122572
FIRE:  623 13:03:13  -438241.156250        0.085387
FIRE:  624 13:03:13  -438241.031250        0.119837
FIRE:  625 13:03:13  -438241.156250        0.201276
FIRE:  626 13:03:13  -438241.156250        0.344043
FIRE:  627 13:03:13  -438241.187500        0.693148
FIRE:  628 13:03:13  -438241.187500        1.661327
FIRE:  629 13:03:13  -438241.250000        0.088767
FIRE:  630 13:03:13  -438241.218750        1.493876
FIRE:  631 13:03:13  -438241.218750        1.123683
FIRE:  632 13:03:13  -438241.187500        0.480941
FIRE:  633 13:03:13  -438241.281250        0.273542
FIRE:  634 13:03:13  -438241.187500        0.257405
FIRE:  635 13:03:13  -438241.250000        0.226123
FIRE:  636 13:03:13  -438241.218750        0.181994
FIRE:  637 13:03:13  -438241.218750        0.128344
FIRE:  638 13:03:13  -438241.250000        0.083994
FIRE:  639 13:03:13  -438241.187500        0.083794
FIRE:  640 13:03:13  -438241.187500        0.083604
FIRE:  641 13:03:14  -438241.187500        0.098901
FIRE:  642 13:03:14  -438241.250000        0.129491
FIRE:  643 13:03:14  -438241.218750        0.136859
FIRE:  644 13:03:14  -438241.187500        0.114550
FIRE:  645 13:03:14  -438241.187500        0.088514
FIRE:  646 13:03:14  -438241.281250        0.082721
FIRE:  647 13:03:14  -438241.218750        0.085294
FIRE:  648 13:03:14  -438241.281250        0.116343
FIRE:  649 13:03:14  -438241.250000        0.085580
FIRE:  650 13:03:14  -438241.281250        0.082767
FIRE:  651 13:03:14  -438241.281250        0.091819
FIRE:  652 13:03:14  -438241.250000        0.087973
FIRE:  653 13:03:14  -438241.218750        0.084445
FIRE:  654 13:03:14  -438241.218750        0.092931
FIRE:  655 13:03:14  -438241.218750        0.085901
FIRE:  656 13:03:14  -438241.312500        0.093797
FIRE:  657 13:03:15  -438241.250000        0.087893
FIRE:  658 13:03:15  -438241.250000        0.089049
FIRE:  659 13:03:15  -438241.375000        0.090932
FIRE:  660 13:03:15  -438241.437500        0.157809
FIRE:  661 13:03:15  -438241.312500        0.478161
FIRE:  662 13:03:15  -438241.312500        1.476945
FIRE:  663 13:03:15  -438241.343750        0.100750
FIRE:  664 13:03:15  -438241.343750        1.348897
FIRE:  665 13:03:15  -438241.343750        1.006785
FIRE:  666 13:03:15  -438241.343750        0.415439
FIRE:  667 13:03:15  -438241.312500        0.273479
FIRE:  668 13:03:15  -438241.312500        0.256659
FIRE:  669 13:03:15  -438241.312500        0.224114
FIRE:  670 13:03:15  -438241.343750        0.178323
FIRE:  671 13:03:15  -438241.343750        0.123108
FIRE:  672 13:03:15  -438241.312500        0.101072
FIRE:  673 13:03:15  -438241.343750        0.100870
FIRE:  674 13:03:16  -438241.343750        0.100696
FIRE:  675 13:03:16  -438241.312500        0.111884
FIRE:  676 13:03:16  -438241.375000        0.140862
FIRE:  677 13:03:16  -438241.343750        0.145383
FIRE:  678 13:03:16  -438241.343750        0.119256
FIRE:  679 13:03:16  -438241.343750        0.100900
FIRE:  680 13:03:16  -438241.343750        0.101243
FIRE:  681 13:03:16  -438241.375000        0.101586
FIRE:  682 13:03:16  -438241.343750        0.113555
FIRE:  683 13:03:16  -438241.406250        0.102191
FIRE:  684 13:03:16  -438241.406250        0.103127
FIRE:  685 13:03:16  -438241.343750        0.105908
FIRE:  686 13:03:16  -438241.375000        0.105938
FIRE:  687 13:03:16  -438241.375000        0.107985
FIRE:  688 13:03:16  -438241.406250        0.110445
FIRE:  689 13:03:16  -438241.343750        0.113318
FIRE:  690 13:03:16  -438241.406250        0.116959
FIRE:  691 13:03:16  -438241.437500        0.121392
FIRE:  692 13:03:17  -438241.406250        0.126390
FIRE:  693 13:03:17  -438241.468750        0.131853
FIRE:  694 13:03:17  -438241.468750        0.137808
FIRE:  695 13:03:17  -438241.468750        0.186810
FIRE:  696 13:03:17  -438241.531250        0.759009
FIRE:  697 13:03:17  -438241.468750        3.134092
FIRE:  698 13:03:17  -438241.500000        0.834756
FIRE:  699 13:03:17  -438241.500000        0.582735
FIRE:  700 13:03:17  -438241.500000        0.331136
FIRE:  701 13:03:17  -438241.500000        0.332420
FIRE:  702 13:03:17  -438241.500000        0.597108
FIRE:  703 13:03:17  -438241.500000        0.614063
FIRE:  704 13:03:17  -438241.531250        0.382831
FIRE:  705 13:03:17  -438241.531250        0.352143
FIRE:  706 13:03:17  -438241.531250        0.367602
FIRE:  707 13:03:18  -438241.531250        0.475548
FIRE:  708 13:03:18  -438241.500000        0.374864
FIRE:  709 13:03:18  -438241.562500        0.381204
FIRE:  710 13:03:18  -438241.562500        0.426621
FIRE:  711 13:03:18  -438241.625000        0.401541
FIRE:  712 13:03:18  -438241.687500        0.418116
FIRE:  713 13:03:18  -438241.656250        0.435327
FIRE:  714 13:03:18  -438241.750000        0.487743
FIRE:  715 13:03:18  -438241.781250        0.611357
FIRE:  716 13:03:18  -438241.843750        0.742176
FIRE:  717 13:03:18  -438241.937500        0.851140
FIRE:  718 13:03:18  -438242.031250        1.267905
FIRE:  719 13:03:18  -438242.187500        3.891199
FIRE:  720 13:03:18  -438242.250000        0.666353
FIRE:  721 13:03:18  -438242.218750        0.664893
FIRE:  722 13:03:19  -438242.281250        0.661759
FIRE:  723 13:03:19  -438242.250000        0.656578
FIRE:  724 13:03:19  -438242.218750        0.648863
FIRE:  725 13:03:19  -438242.312500        0.638265
FIRE:  726 13:03:19  -438242.312500        0.624528
FIRE:  727 13:03:19  -438242.281250        0.607442
FIRE:  728 13:03:19  -438242.281250        0.584290
FIRE:  729 13:03:19  -438242.312500        0.552607
FIRE:  730 13:03:19  -438242.312500        0.508212
FIRE:  731 13:03:19  -438242.343750        0.449083
FIRE:  732 13:03:19  -438242.312500        0.369255
FIRE:  733 13:03:19  -438242.437500        0.264451
FIRE:  734 13:03:19  -438242.406250        0.321865
FIRE:  735 13:03:19  -438242.406250        0.358286
FIRE:  736 13:03:19  -438242.437500        0.352764
FIRE:  737 13:03:20  -438242.593750        0.282914
FIRE:  738 13:03:20  -438242.500000        0.360185
FIRE:  739 13:03:20  -438242.562500        0.666765
FIRE:  740 13:03:20  -438242.531250        1.411056
FIRE:  741 13:03:20  -438242.625000        0.259518
FIRE:  742 13:03:20  -438242.531250        1.051008
FIRE:  743 13:03:20  -438242.562500        0.836048
FIRE:  744 13:03:20  -438242.687500        0.452445
FIRE:  745 13:03:20  -438242.562500        0.237361
FIRE:  746 13:03:20  -438242.593750        0.441747
FIRE:  747 13:03:20  -438242.593750        0.419678
FIRE:  748 13:03:20  -438242.531250        0.376672
FIRE:  749 13:03:20  -438242.593750        0.315322
FIRE:  750 13:03:20  -438242.562500        0.239738
FIRE:  751 13:03:21  -438242.562500        0.227917
FIRE:  752 13:03:21  -438242.531250        0.226169
FIRE:  753 13:03:21  -438242.593750        0.224147
FIRE:  754 13:03:21  -438242.562500        0.221600
FIRE:  755 13:03:21  -438242.656250        0.218481
FIRE:  756 13:03:21  -438242.562500        0.223460
FIRE:  757 13:03:21  -438242.562500        0.221534
FIRE:  758 13:03:21  -438242.562500        0.205008
FIRE:  759 13:03:21  -438242.531250        0.198822
FIRE:  760 13:03:21  -438242.593750        0.191516
FIRE:  761 13:03:21  -438242.593750        0.182950
FIRE:  762 13:03:21  -438242.562500        0.181869
FIRE:  763 13:03:21  -438242.562500        0.161943
FIRE:  764 13:03:21  -438242.562500        0.149547
FIRE:  765 13:03:22  -438242.562500        0.161389
FIRE:  766 13:03:22  -438242.593750        0.122303
FIRE:  767 13:03:22  -438242.562500        0.111106
FIRE:  768 13:03:22  -438242.593750        0.139080
FIRE:  769 13:03:22  -438242.625000        0.110951
FIRE:  770 13:03:22  -438242.593750        0.112438
FIRE:  771 13:03:22  -438242.593750        0.171547
FIRE:  772 13:03:22  -438242.656250        0.116084
FIRE:  773 13:03:22  -438242.687500        0.109637
FIRE:  774 13:03:22  -438242.656250        0.106095
FIRE:  775 13:03:22  -438242.718750        0.095367
FIRE:  776 13:03:22  -438242.718750        0.258755
FIRE:  777 13:03:24  -438242.875000        1.393713
FIRE:  778 13:03:24  -438242.812500        6.667465
FIRE:  779 13:03:24  -438242.812500        3.278671
FIRE:  780 13:03:24  -438242.843750        2.177660
FIRE:  781 13:03:24  -438242.906250        0.407402
FIRE:  782 13:03:24  -438242.906250        1.759451
FIRE:  783 13:03:24  -438242.906250        1.592302
FIRE:  784 13:03:24  -438243.000000        1.275311
FIRE:  785 13:03:24  -438243.000000        0.840987
FIRE:  786 13:03:24  -438242.906250        0.334542
FIRE:  787 13:03:24  -438242.875000        0.202691
FIRE:  788 13:03:25  -438242.906250        0.198194
FIRE:  789 13:03:25  -438242.906250        0.189315
FIRE:  790 13:03:25  -438242.906250        0.176416
FIRE:  791 13:03:25  -438242.906250        0.159852
FIRE:  792 13:03:25  -438242.906250        0.140331
FIRE:  793 13:03:25  -438242.875000        0.127866
FIRE:  794 13:03:25  -438242.875000        0.127609
FIRE:  795 13:03:25  -438242.875000        0.127280
FIRE:  796 13:03:25  -438242.875000        0.126864
FIRE:  797 13:03:25  -438242.875000        0.126358
FIRE:  798 13:03:25  -438242.875000        0.125723
FIRE:  799 13:03:25  -438242.843750        0.124958
FIRE:  800 13:03:25  -438242.875000        0.124024
FIRE:  801 13:03:25  -438242.812500        0.122911
FIRE:  802 13:03:25  -438242.875000        0.121575
FIRE:  803 13:03:26  -438242.906250        0.119981
FIRE:  804 13:03:26  -438242.875000        0.118065
FIRE:  805 13:03:26  -438242.875000        0.115775
FIRE:  806 13:03:26  -438242.875000        0.113038
FIRE:  807 13:03:26  -438242.937500        0.109813
FIRE:  808 13:03:26  -438242.937500        0.106078
FIRE:  809 13:03:26  -438242.906250        0.101824
FIRE:  810 13:03:26  -438242.906250        0.097119
FIRE:  811 13:03:26  -438242.843750        0.092041
FIRE:  812 13:03:26  -438242.843750        0.086651
FIRE:  813 13:03:26  -438242.843750        0.081080
FIRE:  814 13:03:26  -438242.906250        0.075584
FIRE:  815 13:03:26  -438242.843750        0.070628
FIRE:  816 13:03:26  -438242.875000        0.083777
FIRE:  817 13:03:27  -438242.906250        0.077600
FIRE:  818 13:03:27  -438242.906250        0.071884
FIRE:  819 13:03:27  -438242.906250        0.076260
FIRE:  820 13:03:27  -438242.937500        0.122836
FIRE:  821 13:03:27  -438242.968750        0.482418
FIRE:  822 13:03:27  -438243.000000        2.041707
FIRE:  823 13:03:27  -438243.000000        0.427759
FIRE:  824 13:03:27  -438243.000000        0.301280
FIRE:  825 13:03:27  -438243.031250        0.114261
FIRE:  826 13:03:27  -438243.000000        0.161813
FIRE:  827 13:03:27  -438243.031250        0.302307
FIRE:  828 13:03:27  -438243.031250        0.318721
FIRE:  829 13:03:27  -438243.000000        0.214142
FIRE:  830 13:03:27  -438243.031250        0.089680
FIRE:  831 13:03:27  -438242.968750        0.185034
FIRE:  832 13:03:28  -438242.968750        0.248466
FIRE:  833 13:03:28  -438243.031250        0.131543
FIRE:  834 13:03:28  -438243.000000        0.145568
FIRE:  835 13:03:28  -438243.000000        0.219807
FIRE:  836 13:03:28  -438243.000000        0.094159
FIRE:  837 13:03:28  -438243.031250        0.212152
FIRE:  838 13:03:28  -438243.031250        0.093259
FIRE:  839 13:03:28  -438243.031250        0.145191
FIRE:  840 13:03:28  -438243.062500        0.257386
FIRE:  841 13:03:28  -438243.093750        0.288726
FIRE:  842 13:03:28  -438243.093750        0.416411
FIRE:  843 13:03:28  -438242.968750        0.895424
FIRE:  844 13:03:28  -438243.000000        2.383662
FIRE:  845 13:03:28  -438243.031250        0.244637
FIRE:  846 13:03:29  -438243.031250        0.183885
FIRE:  847 13:03:29  -438243.031250        0.086921
FIRE:  848 13:03:29  -438243.031250        0.077537
FIRE:  849 13:03:29  -438243.031250        0.153827
FIRE:  850 13:03:29  -438243.031250        0.180987
FIRE:  851 13:03:29  -438243.031250        0.146814
FIRE:  852 13:03:29  -438243.031250        0.081701
FIRE:  853 13:03:29  -438243.031250        0.090758
FIRE:  854 13:03:29  -438243.031250        0.134413
FIRE:  855 13:03:29  -438243.031250        0.100474
FIRE:  856 13:03:29  -438243.093750        0.073926
FIRE:  857 13:03:29  -438243.031250        0.132532
FIRE:  858 13:03:29  -438243.125000        0.069504
FIRE:  859 13:03:29  -438243.062500        0.122375
FIRE:  860 13:03:29  -438243.156250        0.068447
FIRE:  861 13:03:30  -438243.062500        0.142933
FIRE:  862 13:03:30  -438243.031250        0.111791
FIRE:  863 13:03:30  -438243.093750        0.088329
FIRE:  864 13:03:30  -438243.093750        0.083618
FIRE:  865 13:03:30  -438243.125000        0.141771
FIRE:  866 13:03:30  -438243.125000        0.481839
FIRE:  867 13:03:30  -438243.312500        1.939880
FIRE:  868 13:03:30  -438243.218750        0.377977
FIRE:  869 13:03:30  -438243.187500        0.269656
FIRE:  870 13:03:30  -438243.281250        0.094898
FIRE:  871 13:03:30  -438243.343750        0.133759
FIRE:  872 13:03:30  -438243.281250        0.257825
FIRE:  873 13:03:30  -438243.218750        0.276901
FIRE:  874 13:03:30  -438243.281250        0.190512
FIRE:  875 13:03:30  -438243.250000        0.072959
FIRE:  876 13:03:30  -438243.281250        0.154914
FIRE:  877 13:03:30  -438243.218750        0.217998
FIRE:  878 13:03:30  -438243.218750        0.120969
FIRE:  879 13:03:31  -438243.250000        0.115231
FIRE:  880 13:03:31  -438243.218750        0.197572
FIRE:  881 13:03:31  -438243.218750        0.074155
FIRE:  882 13:03:31  -438243.250000        0.194098
FIRE:  883 13:03:31  -438243.250000        0.075032
FIRE:  884 13:03:31  -438243.250000        0.184406
FIRE:  885 13:03:31  -438243.250000        0.217116
FIRE:  886 13:03:31  -438243.250000        0.193458
FIRE:  887 13:03:31  -438243.218750        0.254072
FIRE:  888 13:03:31  -438243.218750        0.620255
FIRE:  889 13:03:31  -438243.218750        1.777945
FIRE:  890 13:03:31  -438243.250000        0.128593
FIRE:  891 13:03:31  -438243.250000        0.100795
FIRE:  892 13:03:31  -438243.250000        0.080946
FIRE:  893 13:03:31  -438243.250000        0.081203
FIRE:  894 13:03:31  -438243.250000        0.084321
FIRE:  895 13:03:31  -438243.250000        0.099112
FIRE:  896 13:03:31  -438243.250000        0.086669
FIRE:  897 13:03:32  -438243.250000        0.081971
FIRE:  898 13:03:32  -438243.250000        0.082058
FIRE:  899 13:03:32  -438243.250000        0.082172
FIRE:  900 13:03:32  -438243.250000        0.082353
FIRE:  901 13:03:32  -438243.250000        0.082598
FIRE:  902 13:03:32  -438243.250000        0.082760
FIRE:  903 13:03:32  -438243.250000        0.082642
FIRE:  904 13:03:32  -438243.281250        0.082399
FIRE:  905 13:03:32  -438243.281250        0.082399
FIRE:  906 13:03:32  -438243.281250        0.082622
FIRE:  907 13:03:32  -438243.281250        0.083942
FIRE:  908 13:03:32  -438243.250000        0.086603
FIRE:  909 13:03:32  -438243.312500        0.086834
FIRE:  910 13:03:32  -438243.312500        0.138233
FIRE:  911 13:03:32  -438243.343750        0.492803
FIRE:  912 13:03:32  -438243.406250        1.908772
FIRE:  913 13:03:32  -438243.437500        0.309779
FIRE:  914 13:03:32  -438243.437500        0.222942
FIRE:  915 13:03:33  -438243.375000        0.090781
FIRE:  916 13:03:33  -438243.375000        0.107165
FIRE:  917 13:03:33  -438243.375000        0.210723
FIRE:  918 13:03:33  -438243.375000        0.231369
FIRE:  919 13:03:33  -438243.375000        0.165495
FIRE:  920 13:03:33  -438243.375000        0.091599
FIRE:  921 13:03:33  -438243.375000        0.124374
FIRE:  922 13:03:33  -438243.375000        0.179399
FIRE:  923 13:03:33  -438243.375000        0.107111
FIRE:  924 13:03:33  -438243.375000        0.098037
FIRE:  925 13:03:33  -438243.375000        0.165974
FIRE:  926 13:03:33  -438243.375000        0.092365
FIRE:  927 13:03:33  -438243.375000        0.160878
FIRE:  928 13:03:33  -438243.375000        0.092901
FIRE:  929 13:03:33  -438243.406250        0.154591
FIRE:  930 13:03:33  -438243.406250        0.181497
FIRE:  931 13:03:33  -438243.406250        0.178886
FIRE:  932 13:03:34  -438243.437500        0.235678
FIRE:  933 13:03:34  -438243.437500        0.593428
FIRE:  934 13:03:34  -438243.437500        1.643256
FIRE:  935 13:03:34  -438243.468750        0.097198
FIRE:  936 13:03:34  -438243.468750        0.091427
FIRE:  937 13:03:34  -438243.468750        0.091414
FIRE:  938 13:03:34  -438243.468750        0.091402
FIRE:  939 13:03:34  -438243.468750        0.091431
FIRE:  940 13:03:34  -438243.468750        0.091511
FIRE:  941 13:03:34  -438243.468750        0.091633
FIRE:  942 13:03:34  -438243.468750        0.091780
FIRE:  943 13:03:34  -438243.468750        0.091900
FIRE:  944 13:03:34  -438243.468750        0.091909
FIRE:  945 13:03:34  -438243.437500        0.091688
FIRE:  946 13:03:34  -438243.468750        0.091256
FIRE:  947 13:03:34  -438243.531250        0.090635
FIRE:  948 13:03:34  -438243.562500        0.089883
FIRE:  949 13:03:35  -438243.562500        0.088846
FIRE:  950 13:03:35  -438243.625000        0.087260
FIRE:  951 13:03:35  -438243.562500        0.085316
FIRE:  952 13:03:35  -438243.593750        0.083469
FIRE:  953 13:03:35  -438243.562500        0.080540
FIRE:  954 13:03:35  -438243.562500        0.079256
FIRE:  955 13:03:35  -438243.593750        0.080918
FIRE:  956 13:03:35  -438243.718750        0.085821
FIRE:  957 13:03:35  -438243.593750        0.216942
FIRE:  958 13:03:35  -438243.656250        1.306914
FIRE:  959 13:03:35  -438243.468750        7.018882
FIRE:  960 13:03:35  -438243.593750        4.433358
FIRE:  961 13:03:35  -438243.656250        2.765483
FIRE:  962 13:03:35  -438243.656250        0.452802
FIRE:  963 13:03:35  -438243.656250        2.626316
FIRE:  964 13:03:35  -438243.625000        2.351764
FIRE:  965 13:03:35  -438243.656250        1.834492
FIRE:  966 13:03:35  -438243.687500        1.132451
FIRE:  967 13:03:36  -438243.687500        0.323842
FIRE:  968 13:03:36  -438243.687500        0.514729
FIRE:  969 13:03:36  -438243.687500        0.501968
FIRE:  970 13:03:36  -438243.656250        0.476605
FIRE:  971 13:03:36  -438243.687500        0.439501
FIRE:  972 13:03:36  -438243.687500        0.391688
FIRE:  973 13:03:36  -438243.687500        0.334687
FIRE:  974 13:03:36  -438243.687500        0.270332
FIRE:  975 13:03:36  -438243.687500        0.201397
FIRE:  976 13:03:36  -438243.687500        0.129888
FIRE:  977 13:03:36  -438243.656250        0.101900
FIRE:  978 13:03:36  -438243.687500        0.096269
FIRE:  979 13:03:36  -438243.687500        0.163079
FIRE:  980 13:03:36  -438243.687500        0.221879
FIRE:  981 13:03:36  -438243.687500        0.252977
FIRE:  982 13:03:36  -438243.718750        0.246456
FIRE:  983 13:03:36  -438243.687500        0.196682
FIRE:  984 13:03:37  -438243.750000        0.117024
FIRE:  985 13:03:37  -438243.656250        0.094258
FIRE:  986 13:03:37  -438243.687500        0.161803
FIRE:  987 13:03:37  -438243.687500        0.212273
FIRE:  988 13:03:37  -438243.750000        0.172189
FIRE:  989 13:03:37  -438243.718750        0.097430
FIRE:  990 13:03:37  -438243.750000        0.139539
FIRE:  991 13:03:37  -438243.750000        0.167869
FIRE:  992 13:03:37  -438243.718750        0.101650
FIRE:  993 13:03:37  -438243.687500        0.175886
FIRE:  994 13:03:37  -438243.750000        0.115126
FIRE:  995 13:03:37  -438243.718750        0.147451
FIRE:  996 13:03:37  -438243.750000        0.109465
FIRE:  997 13:03:37  -438243.750000        0.217015
FIRE:  998 13:03:37  -438243.750000        0.179369
FIRE:  999 13:03:37  -438243.718750        0.151786
FIRE:  1000 13:03:38  -438243.718750        0.175751
      Step     Time          Energy          fmax
FIRE:    0 13:03:38  -438224.625000        4.093826
FIRE:    1 13:03:39  -438225.500000        1.990291
FIRE:    2 13:03:41  -438226.000000        2.968751
FIRE:    3 13:03:41  -438226.218750        2.327429
FIRE:    4 13:03:41  -438226.375000        1.315637
FIRE:    5 13:03:41  -438226.625000        0.956391
FIRE:    6 13:03:41  -438226.812500        1.608137
FIRE:    7 13:03:41  -438226.843750        1.978723
FIRE:    8 13:03:41  -438226.968750        1.686341
FIRE:    9 13:03:41  -438227.187500        1.207531
FIRE:   10 13:03:41  -438227.406250        0.979936
FIRE:   11 13:03:41  -438227.562500        1.287692
FIRE:   12 13:03:41  -438228.000000        1.438624
FIRE:   13 13:03:42  -438228.187500        0.977924
FIRE:   14 13:03:42  -438228.375000        0.943838
FIRE:   15 13:03:42  -438228.687500        1.330358
FIRE:   16 13:03:42  -438229.062500        0.832044
FIRE:   17 13:03:42  -438229.343750        1.063021
FIRE:   18 13:03:42  -438229.687500        0.768004
FIRE:   19 13:03:42  -438230.000000        1.289745
FIRE:   20 13:03:42  -438230.312500        1.141187
FIRE:   21 13:03:42  -438230.625000        0.624352
FIRE:   22 13:03:42  -438230.875000        0.827504
FIRE:   23 13:03:42  -438231.156250        0.681372
FIRE:   24 13:03:42  -438231.437500        0.747285
FIRE:   25 13:03:42  -438231.718750        0.718327
FIRE:   26 13:03:42  -438231.968750        0.690576
FIRE:   27 13:03:42  -438232.281250        0.645337
FIRE:   28 13:03:42  -438232.593750        0.635366
FIRE:   29 13:03:43  -438232.875000        0.640268
FIRE:   30 13:03:43  -438233.156250        0.598665
FIRE:   31 13:03:43  -438233.375000        0.625078
FIRE:   32 13:03:43  -438233.656250        0.685952
FIRE:   33 13:03:44  -438233.937500        0.691589
FIRE:   34 13:03:44  -438234.156250        0.771397
FIRE:   35 13:03:44  -438234.343750        0.886185
FIRE:   36 13:03:44  -438234.593750        1.098628
FIRE:   37 13:03:44  -438234.906250        1.248145
FIRE:   38 13:03:44  -438235.218750        1.421355
FIRE:   39 13:03:44  -438235.531250        1.519371
FIRE:   40 13:03:44  -438235.875000        1.474169
FIRE:   41 13:03:44  -438236.250000        0.926709
FIRE:   42 13:03:45  -438236.406250        0.853632
FIRE:   43 13:03:45  -438236.343750        3.086365
FIRE:   44 13:03:45  -438236.406250        2.483384
FIRE:   45 13:03:45  -438235.718750        9.618014
FIRE:   46 13:03:45  -438235.968750       12.019501
FIRE:   47 13:03:45  -438236.500000        3.719786
FIRE:   48 13:03:45  -438236.437500        5.629596
FIRE:   49 13:03:45  -438236.531250        4.786293
FIRE:   50 13:03:45  -438236.593750        3.224650
FIRE:   51 13:03:45  -438236.656250        1.640832
FIRE:   52 13:03:45  -438236.625000        1.319005
FIRE:   53 13:03:45  -438236.593750        1.269576
FIRE:   54 13:03:45  -438236.593750        1.172597
FIRE:   55 13:03:45  -438236.625000        1.031926
FIRE:   56 13:03:45  -438236.656250        0.853435
FIRE:   57 13:03:45  -438236.625000        0.664156
FIRE:   58 13:03:45  -438236.656250        0.514898
FIRE:   59 13:03:46  -438236.593750        0.409487
FIRE:   60 13:03:46  -438236.593750        0.461731
FIRE:   61 13:03:46  -438236.656250        0.495226
FIRE:   62 13:03:46  -438236.687500        0.525274
FIRE:   63 13:03:46  -438236.656250        0.624772
FIRE:   64 13:03:46  -438236.656250        0.615668
FIRE:   65 13:03:46  -438236.656250        0.489688
FIRE:   66 13:03:46  -438236.687500        0.366494
FIRE:   67 13:03:46  -438236.687500        0.349962
FIRE:   68 13:03:46  -438236.656250        0.526066
FIRE:   69 13:03:46  -438236.687500        0.554899
FIRE:   70 13:03:46  -438236.687500        0.385512
FIRE:   71 13:03:46  -438236.687500        0.285774
FIRE:   72 13:03:46  -438236.718750        0.383789
FIRE:   73 13:03:46  -438236.750000        0.336788
FIRE:   74 13:03:46  -438236.781250        0.398254
FIRE:   75 13:03:47  -438236.750000        0.491346
FIRE:   76 13:03:47  -438236.812500        0.333385
FIRE:   77 13:03:47  -438236.843750        0.446151
FIRE:   78 13:03:47  -438236.906250        0.497735
FIRE:   79 13:03:47  -438236.937500        0.278106
FIRE:   80 13:03:47  -438237.000000        0.229241
FIRE:   81 13:03:47  -438237.062500        0.481411
FIRE:   82 13:03:47  -438237.125000        1.244601
FIRE:   83 13:03:47  -438237.343750        4.022598
FIRE:   84 13:03:47  -438237.406250        0.443151
FIRE:   85 13:03:47  -438237.218750        0.384638
FIRE:   86 13:03:47  -438237.437500        0.280378
FIRE:   87 13:03:47  -438237.437500        0.172121
FIRE:   88 13:03:47  -438237.406250        0.244622
FIRE:   89 13:03:47  -438237.281250        0.309255
FIRE:   90 13:03:47  -438237.281250        0.312281
FIRE:   91 13:03:48  -438237.250000        0.262069
FIRE:   92 13:03:48  -438237.437500        0.188682
FIRE:   93 13:03:48  -438237.250000        0.159267
FIRE:   94 13:03:48  -438237.468750        0.206947
FIRE:   95 13:03:48  -438237.468750        0.181547
FIRE:   96 13:03:48  -438237.281250        0.193042
FIRE:   97 13:03:48  -438237.437500        0.175674
FIRE:   98 13:03:48  -438237.312500        0.212958
FIRE:   99 13:03:48  -438237.468750        0.148388
FIRE:  100 13:03:48  -438237.406250        0.201933
FIRE:  101 13:03:48  -438237.562500        0.185043
FIRE:  102 13:03:48  -438237.375000        0.220729
FIRE:  103 13:03:48  -438237.468750        0.167792
FIRE:  104 13:03:48  -438237.468750        0.171220
FIRE:  105 13:03:48  -438237.531250        0.441226
FIRE:  106 13:03:48  -438237.687500        1.479399
FIRE:  107 13:03:48  -438237.625000        6.381117
FIRE:  108 13:03:49  -438237.812500        2.526295
FIRE:  109 13:03:49  -438237.906250        1.728677
FIRE:  110 13:03:49  -438237.875000        0.398026
FIRE:  111 13:03:49  -438237.906250        1.075728
FIRE:  112 13:03:49  -438237.906250        0.979338
FIRE:  113 13:03:49  -438237.781250        0.795595
FIRE:  114 13:03:49  -438237.906250        0.542037
FIRE:  115 13:03:49  -438237.906250        0.283746
FIRE:  116 13:03:49  -438237.812500        0.153682
FIRE:  117 13:03:49  -438237.906250        0.381382
FIRE:  118 13:03:49  -438237.812500        0.579786
FIRE:  119 13:03:49  -438237.843750        0.694573
FIRE:  120 13:03:49  -438237.812500        0.693130
FIRE:  121 13:03:49  -438237.843750        0.554702
FIRE:  122 13:03:49  -438237.906250        0.286756
FIRE:  123 13:03:49  -438237.937500        0.188911
FIRE:  124 13:03:49  -438237.812500        0.383449
FIRE:  125 13:03:49  -438237.937500        0.445525
FIRE:  126 13:03:50  -438237.906250        0.240990
FIRE:  127 13:03:50  -438237.906250        0.245739
FIRE:  128 13:03:50  -438237.812500        0.513700
FIRE:  129 13:03:50  -438238.000000        0.336439
FIRE:  130 13:03:50  -438238.000000        0.247044
FIRE:  131 13:03:50  -438238.000000        0.320514
FIRE:  132 13:03:50  -438237.906250        0.329329
FIRE:  133 13:03:50  -438238.000000        0.349013
FIRE:  134 13:03:50  -438237.968750        0.423877
FIRE:  135 13:03:50  -438238.062500        0.384253
FIRE:  136 13:03:50  -438237.937500        0.180558
FIRE:  137 13:03:50  -438238.000000        0.219470
FIRE:  138 13:03:50  -438238.000000        0.375074
FIRE:  139 13:03:50  -438238.093750        1.821906
FIRE:  140 13:03:50  -438237.875000        7.509598
FIRE:  141 13:03:50  -438238.125000        3.101627
FIRE:  142 13:03:50  -438238.156250        2.135128
FIRE:  143 13:03:50  -438238.156250        0.529097
FIRE:  144 13:03:51  -438238.156250        1.401341
FIRE:  145 13:03:51  -438238.156250        1.273340
FIRE:  146 13:03:51  -438238.156250        1.029650
FIRE:  147 13:03:51  -438238.125000        0.693672
FIRE:  148 13:03:51  -438238.125000        0.304725
FIRE:  149 13:03:51  -438238.187500        0.166017
FIRE:  150 13:03:51  -438238.125000        0.496576
FIRE:  151 13:03:51  -438238.187500        0.487054
FIRE:  152 13:03:51  -438238.156250        0.468094
FIRE:  153 13:03:51  -438238.156250        0.440523
FIRE:  154 13:03:51  -438238.156250        0.404827
FIRE:  155 13:03:51  -438238.156250        0.362280
FIRE:  156 13:03:51  -438238.156250        0.314427
FIRE:  157 13:03:51  -438238.156250        0.263375
FIRE:  158 13:03:51  -438238.156250        0.206335
FIRE:  159 13:03:51  -438238.125000        0.153609
FIRE:  160 13:03:51  -438238.156250        0.153370
FIRE:  161 13:03:51  -438238.156250        0.160962
FIRE:  162 13:03:52  -438238.187500        0.187067
FIRE:  163 13:03:52  -438238.187500        0.205051
FIRE:  164 13:03:52  -438238.281250        0.209475
FIRE:  165 13:03:52  -438238.218750        0.196261
FIRE:  166 13:03:52  -438238.187500        0.164720
FIRE:  167 13:03:52  -438238.218750        0.172824
FIRE:  168 13:03:52  -438238.187500        0.192129
FIRE:  169 13:03:52  -438238.187500        0.220145
FIRE:  170 13:03:52  -438238.156250        0.229476
FIRE:  171 13:03:52  -438238.218750        0.160617
FIRE:  172 13:03:52  -438238.156250        0.147188
FIRE:  173 13:03:52  -438238.250000        0.170844
FIRE:  174 13:03:52  -438238.218750        0.150426
FIRE:  175 13:03:52  -438238.218750        0.150906
FIRE:  176 13:03:52  -438238.281250        0.213219
FIRE:  177 13:03:52  -438238.250000        0.124384
FIRE:  178 13:03:52  -438238.375000        0.176358
FIRE:  179 13:03:53  -438238.437500        0.169927
FIRE:  180 13:03:53  -438238.343750        0.129356
FIRE:  181 13:03:53  -438238.343750        0.177627
FIRE:  182 13:03:53  -438238.375000        0.417561
FIRE:  183 13:03:53  -438238.406250        0.824464
FIRE:  184 13:03:53  -438238.468750        2.141527
FIRE:  185 13:03:53  -438238.468750        0.147360
FIRE:  186 13:03:53  -438238.468750        1.825502
FIRE:  187 13:03:53  -438238.468750        1.383476
FIRE:  188 13:03:53  -438238.468750        0.610225
FIRE:  189 13:03:53  -438238.468750        0.314728
FIRE:  190 13:03:53  -438238.468750        0.298903
FIRE:  191 13:03:53  -438238.500000        0.268420
FIRE:  192 13:03:53  -438238.468750        0.225765
FIRE:  193 13:03:53  -438238.500000        0.175104
FIRE:  194 13:03:53  -438238.468750        0.123595
FIRE:  195 13:03:53  -438238.500000        0.091694
