      Step     Time          Energy          fmax
FIRE:    0 14:42:48  -401028.937500       13.863188
FIRE:    1 14:42:49  -401032.843750        5.826470
FIRE:    2 14:42:51  -401033.656250       15.588759
FIRE:    3 14:42:53  -401035.093750        6.054267
FIRE:    4 14:42:53  -401035.593750        4.981296
FIRE:    5 14:42:53  -401036.062500       10.415479
FIRE:    6 14:42:53  -401036.312500        9.055177
FIRE:    7 14:42:53  -401036.687500        6.544160
FIRE:    8 14:42:53  -401036.875000        3.704779
FIRE:    9 14:42:53  -401037.156250        2.265797
FIRE:   10 14:42:53  -401037.375000        4.432054
FIRE:   11 14:42:53  -401037.656250        7.216606
FIRE:   12 14:42:54  -401038.125000        8.244887
FIRE:   13 14:42:55  -401038.750000        6.964062
FIRE:   14 14:42:55  -401039.250000        3.372014
FIRE:   15 14:42:55  -401039.906250        1.924768
FIRE:   16 14:42:55  -401040.593750        5.139696
FIRE:   17 14:42:55  -401041.781250        5.645321
FIRE:   18 14:42:56  -401042.781250        2.055010
FIRE:   19 14:42:56  -401044.000000        3.937516
FIRE:   20 14:42:56  -401045.312500        5.476787
FIRE:   21 14:42:56  -401046.718750        1.435119
FIRE:   22 14:42:56  -401047.937500        3.627085
FIRE:   23 14:42:56  -401049.343750        3.260583
FIRE:   24 14:42:56  -401050.500000        1.247573
FIRE:   25 14:42:56  -401051.531250        3.650129
FIRE:   26 14:42:56  -401052.562500        0.961017
FIRE:   27 14:42:56  -401053.500000        2.316725
FIRE:   28 14:42:56  -401054.187500        1.599150
FIRE:   29 14:42:56  -401055.250000        1.646877
FIRE:   30 14:42:56  -401056.062500        2.183576
FIRE:   31 14:42:56  -401056.843750        0.820713
FIRE:   32 14:42:57  -401057.562500        1.756579
FIRE:   33 14:42:57  -401058.000000        0.772343
FIRE:   34 14:42:57  -401058.718750        1.571024
FIRE:   35 14:42:57  -401059.312500        0.669188
FIRE:   36 14:42:57  -401059.906250        1.301711
FIRE:   37 14:42:57  -401060.531250        0.649886
FIRE:   38 14:42:57  -401061.375000        0.900619
FIRE:   39 14:42:57  -401061.656250        0.869969
FIRE:   40 14:42:57  -401062.187500        0.590022
FIRE:   41 14:42:57  -401062.718750        0.968219
FIRE:   42 14:42:57  -401063.250000        0.592615
FIRE:   43 14:42:57  -401063.750000        0.660670
FIRE:   44 14:42:57  -401064.218750        0.628701
FIRE:   45 14:42:58  -401065.000000        0.614947
FIRE:   46 14:42:58  -401065.312500        0.622643
FIRE:   47 14:42:58  -401065.656250        0.630353
FIRE:   48 14:42:58  -401066.281250        0.637393
FIRE:   49 14:42:58  -401066.843750        0.643441
FIRE:   50 14:42:58  -401067.187500        0.645214
FIRE:   51 14:42:58  -401067.656250        0.647152
FIRE:   52 14:42:58  -401068.031250        0.689200
FIRE:   53 14:42:58  -401068.500000        0.683793
FIRE:   54 14:42:58  -401068.906250        0.668590
FIRE:   55 14:42:58  -401069.375000        0.669720
FIRE:   56 14:42:58  -401069.750000        0.708088
FIRE:   57 14:42:58  -401070.093750        0.756886
FIRE:   58 14:42:58  -401070.312500        0.797572
FIRE:   59 14:42:59  -401070.843750        0.817656
FIRE:   60 14:42:59  -401071.250000        0.810608
FIRE:   61 14:42:59  -401071.593750        0.768052
FIRE:   62 14:42:59  -401071.656250        0.683895
FIRE:   63 14:42:59  -401072.156250        0.657625
FIRE:   64 14:42:59  -401072.187500        0.719595
FIRE:   65 14:42:59  -401072.437500        0.867656
FIRE:   66 14:42:59  -401072.937500        0.948053
FIRE:   67 14:42:59  -401073.187500        0.935973
FIRE:   68 14:42:59  -401073.406250        0.825294
FIRE:   69 14:42:59  -401073.625000        0.639515
FIRE:   70 14:42:59  -401073.593750        0.691990
FIRE:   71 14:42:59  -401074.031250        0.728558
FIRE:   72 14:43:00  -401073.968750        0.739804
FIRE:   73 14:43:00  -401074.187500        0.720837
FIRE:   74 14:43:00  -401074.343750        0.678533
FIRE:   75 14:43:00  -401074.531250        0.631743
FIRE:   76 14:43:00  -401074.718750        0.600758
FIRE:   77 14:43:00  -401074.937500        0.585795
FIRE:   78 14:43:00  -401075.125000        0.564862
FIRE:   79 14:43:00  -401075.281250        0.515576
FIRE:   80 14:43:00  -401075.468750        0.490309
FIRE:   81 14:43:00  -401075.875000        0.467025
FIRE:   82 14:43:00  -401076.031250        0.453358
FIRE:   83 14:43:00  -401076.187500        0.460900
FIRE:   84 14:43:00  -401076.125000        0.482405
FIRE:   85 14:43:00  -401076.468750        0.499910
FIRE:   86 14:43:01  -401076.625000        0.494147
FIRE:   87 14:43:01  -401076.750000        0.451453
FIRE:   88 14:43:01  -401076.875000        0.366007
FIRE:   89 14:43:01  -401077.000000        0.306568
FIRE:   90 14:43:01  -401076.843750        0.309233
FIRE:   91 14:43:01  -401077.062500        0.347231
FIRE:   92 14:43:01  -401077.031250        0.424618
FIRE:   93 14:43:01  -401077.125000        0.484296
FIRE:   94 14:43:01  -401077.218750        0.520019
FIRE:   95 14:43:01  -401077.312500        0.528039
FIRE:   96 14:43:01  -401077.687500        0.506053
FIRE:   97 14:43:01  -401077.500000        0.456523
FIRE:   98 14:43:01  -401077.718750        0.386114
FIRE:   99 14:43:01  -401077.750000        0.394292
FIRE:  100 14:43:02  -401077.843750        0.432024
FIRE:  101 14:43:02  -401078.156250        0.429448
FIRE:  102 14:43:02  -401078.000000        0.388489
FIRE:  103 14:43:02  -401078.062500        0.338532
FIRE:  104 14:43:02  -401078.093750        0.355580
FIRE:  105 14:43:02  -401078.156250        0.379940
FIRE:  106 14:43:02  -401078.281250        0.396338
FIRE:  107 14:43:02  -401078.593750        0.385069
FIRE:  108 14:43:02  -401078.656250        0.335501
FIRE:  109 14:43:02  -401078.718750        0.324405
FIRE:  110 14:43:02  -401078.812500        0.319302
FIRE:  111 14:43:02  -401078.875000        0.321895
FIRE:  112 14:43:02  -401078.968750        0.315135
FIRE:  113 14:43:03  -401079.062500        0.300732
FIRE:  114 14:43:03  -401079.125000        0.296247
FIRE:  115 14:43:03  -401079.187500        0.307713
FIRE:  116 14:43:03  -401079.031250        0.319655
FIRE:  117 14:43:03  -401079.312500        0.353132
FIRE:  118 14:43:03  -401079.375000        0.350433
FIRE:  119 14:43:03  -401079.468750        0.313461
FIRE:  120 14:43:03  -401079.343750        0.295210
FIRE:  121 14:43:03  -401079.406250        0.280589
FIRE:  122 14:43:03  -401079.468750        0.265423
FIRE:  123 14:43:03  -401079.500000        0.256507
FIRE:  124 14:43:03  -401079.500000        0.245972
FIRE:  125 14:43:03  -401079.812500        0.246992
FIRE:  126 14:43:03  -401079.593750        0.220174
FIRE:  127 14:43:04  -401079.625000        0.228018
FIRE:  128 14:43:04  -401079.906250        0.235080
FIRE:  129 14:43:04  -401079.937500        0.303101
FIRE:  130 14:43:04  -401079.968750        0.358897
FIRE:  131 14:43:04  -401079.750000        0.374702
FIRE:  132 14:43:04  -401079.812500        0.351543
FIRE:  133 14:43:04  -401079.812500        0.297276
FIRE:  134 14:43:04  -401079.843750        0.236754
FIRE:  135 14:43:04  -401079.937500        0.230037
FIRE:  136 14:43:04  -401080.000000        0.275310
FIRE:  137 14:43:04  -401080.000000        0.294967
FIRE:  138 14:43:04  -401080.000000        0.263470
FIRE:  139 14:43:04  -401080.312500        0.251471
FIRE:  140 14:43:04  -401080.062500        0.269259
FIRE:  141 14:43:05  -401080.093750        0.267032
FIRE:  142 14:43:05  -401080.125000        0.246911
FIRE:  143 14:43:05  -401080.187500        0.255276
FIRE:  144 14:43:05  -401080.218750        0.264577
FIRE:  145 14:43:05  -401080.281250        0.253194
FIRE:  146 14:43:05  -401080.437500        0.215321
FIRE:  147 14:43:05  -401080.437500        0.215819
FIRE:  148 14:43:05  -401080.531250        0.267778
FIRE:  149 14:43:05  -401080.593750        0.295622
FIRE:  150 14:43:05  -401080.562500        0.298414
FIRE:  151 14:43:05  -401080.593750        0.264700
FIRE:  152 14:43:05  -401080.625000        0.206178
FIRE:  153 14:43:05  -401080.937500        0.207094
FIRE:  154 14:43:06  -401080.968750        0.207776
FIRE:  155 14:43:06  -401081.000000        0.200724
FIRE:  156 14:43:06  -401080.906250        0.210334
FIRE:  157 14:43:06  -401081.031250        0.236239
FIRE:  158 14:43:06  -401081.062500        0.251911
FIRE:  159 14:43:06  -401081.000000        0.242210
FIRE:  160 14:43:06  -401081.062500        0.371195
FIRE:  161 14:43:06  -401081.062500        0.376366
FIRE:  162 14:43:06  -401081.125000        0.622045
FIRE:  163 14:43:06  -401081.218750        0.759829
FIRE:  164 14:43:06  -401081.250000        1.056559
FIRE:  165 14:43:06  -401081.250000        1.254361
FIRE:  166 14:43:06  -401078.375000       31.049562
FIRE:  167 14:43:06  -401081.093750        5.096126
FIRE:  168 14:43:07  -401080.812500       10.612731
FIRE:  169 14:43:07  -401081.406250        0.455169
FIRE:  170 14:43:07  -401080.968750        9.469391
FIRE:  171 14:43:07  -401081.156250        7.073121
FIRE:  172 14:43:07  -401081.343750        3.151313
FIRE:  173 14:43:07  -401081.406250        1.248303
FIRE:  174 14:43:07  -401081.375000        1.199839
FIRE:  175 14:43:07  -401081.406250        1.104581
FIRE:  176 14:43:07  -401081.406250        0.965951
FIRE:  177 14:43:07  -401081.406250        0.789580
FIRE:  178 14:43:07  -401081.406250        0.583415
FIRE:  179 14:43:07  -401081.406250        0.361296
FIRE:  180 14:43:07  -401081.437500        0.384301
FIRE:  181 14:43:07  -401081.437500        0.405973
FIRE:  182 14:43:08  -401081.437500        0.567642
FIRE:  183 14:43:08  -401081.437500        0.627683
FIRE:  184 14:43:08  -401081.437500        0.554571
FIRE:  185 14:43:08  -401081.437500        0.476818
FIRE:  186 14:43:08  -401081.437500        0.346922
FIRE:  187 14:43:08  -401081.406250        0.448469
FIRE:  188 14:43:08  -401081.468750        0.561574
FIRE:  189 14:43:08  -401081.468750        0.499408
FIRE:  190 14:43:08  -401081.468750        0.150080
FIRE:  191 14:43:08  -401081.500000        0.311357
FIRE:  192 14:43:08  -401081.500000        0.454469
FIRE:  193 14:43:08  -401081.500000        0.310768
FIRE:  194 14:43:08  -401081.531250        0.401358
FIRE:  195 14:43:08  -401081.562500        0.259533
FIRE:  196 14:43:09  -401081.562500        0.473219
FIRE:  197 14:43:09  -401081.593750        0.152746
FIRE:  198 14:43:09  -401081.531250        0.499591
FIRE:  199 14:43:09  -401081.593750        0.644379
FIRE:  200 14:43:09  -401081.687500        0.636581
FIRE:  201 14:43:09  -401081.718750        0.997223
FIRE:  202 14:43:09  -401081.718750        2.363642
FIRE:  203 14:43:09  -401081.750000        0.147237
FIRE:  204 14:43:09  -401081.750000        2.132671
FIRE:  205 14:43:09  -401081.750000        1.611819
FIRE:  206 14:43:09  -401081.750000        0.707311
FIRE:  207 14:43:09  -401081.750000        0.348115
FIRE:  208 14:43:09  -401081.750000        0.327317
FIRE:  209 14:43:09  -401081.750000        0.286937
FIRE:  210 14:43:10  -401081.750000        0.229685
FIRE:  211 14:43:10  -401081.750000        0.159729
FIRE:  212 14:43:10  -401081.750000        0.146272
FIRE:  213 14:43:10  -401081.750000        0.146260
FIRE:  214 14:43:10  -401081.750000        0.146261
FIRE:  215 14:43:10  -401081.750000        0.146280
FIRE:  216 14:43:10  -401081.750000        0.171115
FIRE:  217 14:43:10  -401081.750000        0.183485
FIRE:  218 14:43:10  -401081.750000        0.157229
FIRE:  219 14:43:10  -401081.750000        0.146702
FIRE:  220 14:43:10  -401081.750000        0.146971
FIRE:  221 14:43:10  -401081.750000        0.147328
FIRE:  222 14:43:10  -401081.781250        0.147788
FIRE:  223 14:43:11  -401081.781250        0.148362
FIRE:  224 14:43:11  -401081.781250        0.149064
FIRE:  225 14:43:11  -401081.781250        0.149975
FIRE:  226 14:43:11  -401081.781250        0.151128
FIRE:  227 14:43:11  -401081.781250        0.152598
FIRE:  228 14:43:11  -401081.781250        0.154415
FIRE:  229 14:43:11  -401081.812500        0.156651
FIRE:  230 14:43:11  -401081.812500        0.159642
FIRE:  231 14:43:11  -401081.812500        0.163635
FIRE:  232 14:43:11  -401081.843750        0.168491
FIRE:  233 14:43:11  -401081.843750        0.174414
FIRE:  234 14:43:11  -401081.875000        0.253968
FIRE:  235 14:43:11  -401081.906250        0.740804
FIRE:  236 14:43:11  -401081.906250        2.054765
FIRE:  237 14:43:12  -401081.937500        0.196088
FIRE:  238 14:43:12  -401081.906250        1.876415
FIRE:  239 14:43:12  -401081.937500        1.403404
FIRE:  240 14:43:12  -401081.937500        0.584841
FIRE:  241 14:43:12  -401081.937500        0.361264
FIRE:  242 14:43:12  -401081.937500        0.338735
FIRE:  243 14:43:12  -401081.937500        0.295077
FIRE:  244 14:43:12  -401081.937500        0.233327
FIRE:  245 14:43:12  -401081.937500        0.195638
FIRE:  246 14:43:12  -401081.937500        0.195534
FIRE:  247 14:43:12  -401081.937500        0.195429
FIRE:  248 14:43:12  -401081.937500        0.195327
FIRE:  249 14:43:12  -401081.937500        0.195229
FIRE:  250 14:43:12  -401081.937500        0.195141
FIRE:  251 14:43:13  -401081.937500        0.195093
FIRE:  252 14:43:13  -401081.937500        0.195089
FIRE:  253 14:43:13  -401081.937500        0.195151
FIRE:  254 14:43:13  -401081.937500        0.195293
FIRE:  255 14:43:13  -401081.937500        0.195513
FIRE:  256 14:43:13  -401081.937500        0.195783
FIRE:  257 14:43:13  -401081.937500        0.196064
FIRE:  258 14:43:13  -401081.937500        0.196290
FIRE:  259 14:43:13  -401081.937500        0.196409
FIRE:  260 14:43:13  -401081.968750        0.196360
FIRE:  261 14:43:13  -401081.968750        0.196045
FIRE:  262 14:43:13  -401081.968750        0.195018
FIRE:  263 14:43:13  -401081.968750        0.193272
FIRE:  264 14:43:13  -401082.000000        0.191134
FIRE:  265 14:43:14  -401082.000000        0.188348
FIRE:  266 14:43:14  -401082.000000        0.183998
FIRE:  267 14:43:14  -401082.031250        0.178044
FIRE:  268 14:43:14  -401082.062500        0.170358
FIRE:  269 14:43:14  -401082.062500        0.470073
FIRE:  270 14:43:14  -401082.093750        1.631180
FIRE:  271 14:43:14  -401082.031250        5.626407
FIRE:  272 14:43:14  -401082.125000        1.527454
FIRE:  273 14:43:14  -401082.125000        1.060293
FIRE:  274 14:43:14  -401082.156250        0.290394
FIRE:  275 14:43:14  -401082.156250        0.600483
FIRE:  276 14:43:14  -401082.156250        0.554460
FIRE:  277 14:43:14  -401082.156250        0.466142
FIRE:  278 14:43:14  -401082.156250        0.342733
FIRE:  279 14:43:15  -401082.156250        0.195279
FIRE:  280 14:43:15  -401082.156250        0.128881
FIRE:  281 14:43:15  -401082.156250        0.128529
FIRE:  282 14:43:15  -401082.156250        0.223197
FIRE:  283 14:43:15  -401082.156250        0.301621
FIRE:  284 14:43:15  -401082.156250        0.325921
FIRE:  285 14:43:15  -401082.156250        0.282314
FIRE:  286 14:43:15  -401082.156250        0.166244
FIRE:  287 14:43:15  -401082.156250        0.126085
FIRE:  288 14:43:15  -401082.156250        0.175284
FIRE:  289 14:43:15  -401082.156250        0.257685
FIRE:  290 14:43:15  -401082.156250        0.195395
FIRE:  291 14:43:15  -401082.156250        0.124526
FIRE:  292 14:43:15  -401082.156250        0.194768
FIRE:  293 14:43:16  -401082.156250        0.180673
FIRE:  294 14:43:16  -401082.156250        0.122548
FIRE:  295 14:43:16  -401082.187500        0.214257
FIRE:  296 14:43:16  -401082.187500        0.119979
FIRE:  297 14:43:16  -401082.187500        0.203296
FIRE:  298 14:43:16  -401082.187500        0.160816
FIRE:  299 14:43:16  -401082.218750        0.111309
FIRE:  300 14:43:16  -401082.218750        0.149609
FIRE:  301 14:43:16  -401082.250000        0.439604
FIRE:  302 14:43:16  -401082.250000        1.131119
FIRE:  303 14:43:16  -401082.031250        2.981273
FIRE:  304 14:43:16  -401082.187500        0.226620
FIRE:  305 14:43:16  -401082.218750        0.165242
FIRE:  306 14:43:16  -401082.281250        0.091038
FIRE:  307 14:43:17  -401082.281250        0.091277
FIRE:  308 14:43:17  -401082.281250        0.144946
FIRE:  309 14:43:17  -401082.281250        0.170819
FIRE:  310 14:43:17  -401082.281250        0.129555
FIRE:  311 14:43:17  -401082.281250        0.091882
FIRE:  312 14:43:17  -401082.281250        0.091776
FIRE:  313 14:43:17  -401082.281250        0.134624
FIRE:  314 14:43:17  -401082.281250        0.095074
FIRE:  315 14:43:17  -401082.281250        0.090699
FIRE:  316 14:43:17  -401082.281250        0.127431
FIRE:  317 14:43:17  -401082.312500        0.089710
FIRE:  318 14:43:17  -401082.312500        0.106746
FIRE:  319 14:43:17  -401082.031250        0.089023
FIRE:  320 14:43:17  -401082.031250        0.129881
FIRE:  321 14:43:17  -401082.031250        0.098637
FIRE:  322 14:43:18  -401082.062500        0.085825
FIRE:  323 14:43:18  -401082.062500        0.084266
FIRE:  324 14:43:18  -401082.093750        0.082398
FIRE:  325 14:43:18  -401082.125000        0.130467
FIRE:  326 14:43:18  -401082.156250        0.757046
FIRE:  327 14:43:18  -401082.125000        3.578895
FIRE:  328 14:43:18  -401082.156250        1.306082
FIRE:  329 14:43:18  -401082.156250        0.849855
FIRE:  330 14:43:18  -401082.156250        0.107095
FIRE:  331 14:43:18  -401082.218750        0.617037
FIRE:  332 14:43:18  -401082.218750        0.563526
FIRE:  333 14:43:18  -401082.187500        0.461218
FIRE:  334 14:43:18  -401082.218750        0.319068
FIRE:  335 14:43:18  -401082.187500        0.150537
FIRE:  336 14:43:18  -401082.218750        0.073098
FIRE:  337 14:43:18  -401082.156250        0.180783
FIRE:  338 14:43:18  -401082.187500        0.292667
FIRE:  339 14:43:18  -401082.187500        0.355592
FIRE:  340 14:43:19  -401082.187500        0.352733
FIRE:  341 14:43:19  -401082.187500        0.272760
FIRE:  342 14:43:19  -401082.156250        0.117321
FIRE:  343 14:43:19  -401082.156250        0.082044
FIRE:  344 14:43:19  -401082.156250        0.239966
FIRE:  345 14:43:19  -401082.218750        0.274367
FIRE:  346 14:43:19  -401082.218750        0.144850
FIRE:  347 14:43:19  -401082.187500        0.100872
FIRE:  348 14:43:19  -401082.187500        0.248867
FIRE:  349 14:43:19  -401082.156250        0.130971
FIRE:  350 14:43:19  -401082.218750        0.166878
FIRE:  351 14:43:19  -401082.187500        0.182016
FIRE:  352 14:43:19  -401082.218750        0.169123
FIRE:  353 14:43:19  -401082.250000        0.113071
FIRE:  354 14:43:19  -401082.250000        0.283001
FIRE:  355 14:43:19  -401082.250000        0.252669
FIRE:  356 14:43:19  -401082.187500        0.214144
FIRE:  357 14:43:19  -401082.218750        0.393714
FIRE:  358 14:43:19  -401082.250000        1.094747
FIRE:  359 14:43:19  -401082.218750        3.471409
FIRE:  360 14:43:20  -401082.250000        0.769063
FIRE:  361 14:43:20  -401082.250000        0.540998
FIRE:  362 14:43:20  -401082.312500        0.151657
FIRE:  363 14:43:20  -401082.312500        0.274972
FIRE:  364 14:43:20  -401082.250000        0.255050
FIRE:  365 14:43:20  -401082.312500        0.216462
FIRE:  366 14:43:20  -401082.281250        0.162677
FIRE:  367 14:43:20  -401082.281250        0.098613
FIRE:  368 14:43:20  -401082.281250        0.064144
FIRE:  369 14:43:20  -401082.312500        0.064106
FIRE:  370 14:43:20  -401082.312500        0.088180
FIRE:  371 14:43:20  -401082.250000        0.126906
FIRE:  372 14:43:20  -401082.312500        0.142490
FIRE:  373 14:43:20  -401082.250000        0.127541
FIRE:  374 14:43:20  -401082.281250        0.079382
FIRE:  375 14:43:20  -401082.250000        0.064007
FIRE:  376 14:43:20  -401082.312500        0.072131
FIRE:  377 14:43:20  -401082.281250        0.113577
FIRE:  378 14:43:20  -401082.312500        0.090437
FIRE:  379 14:43:20  -401082.312500        0.063765
FIRE:  380 14:43:21  -401082.250000        0.083567
FIRE:  381 14:43:21  -401082.250000        0.081125
FIRE:  382 14:43:21  -401082.250000        0.063373
FIRE:  383 14:43:21  -401082.250000        0.099530
FIRE:  384 14:43:21  -401082.250000        0.062876
FIRE:  385 14:43:21  -401082.250000        0.093349
FIRE:  386 14:43:21  -401082.281250        0.075562
FIRE:  387 14:43:21  -401082.281250        0.061612
FIRE:  388 14:43:21  -401082.343750        0.066960
FIRE:  389 14:43:21  -401082.281250        0.204932
FIRE:  390 14:43:21  -401082.312500        0.594053
FIRE:  391 14:43:21  -401082.312500        1.684499
FIRE:  392 14:43:21  -401082.312500        0.058045
FIRE:  393 14:43:21  -401082.312500        0.056993
FIRE:  394 14:43:21  -401082.312500        0.056998
FIRE:  395 14:43:21  -401082.312500        0.056996
FIRE:  396 14:43:21  -401082.312500        0.056987
FIRE:  397 14:43:22  -401082.312500        0.056973
FIRE:  398 14:43:22  -401082.343750        0.056943
FIRE:  399 14:43:22  -401082.312500        0.056885
FIRE:  400 14:43:22  -401082.312500        0.056813
FIRE:  401 14:43:22  -401082.312500        0.056729
FIRE:  402 14:43:22  -401082.312500        0.056608
FIRE:  403 14:43:22  -401082.312500        0.056457
FIRE:  404 14:43:22  -401082.312500        0.056252
FIRE:  405 14:43:22  -401082.343750        0.055996
FIRE:  406 14:43:22  -401082.312500        0.055698
FIRE:  407 14:43:22  -401082.406250        0.055353
FIRE:  408 14:43:22  -401082.406250        0.054829
FIRE:  409 14:43:22  -401082.343750        0.053991
FIRE:  410 14:43:22  -401082.343750        0.052951
FIRE:  411 14:43:22  -401082.375000        0.051657
FIRE:  412 14:43:22  -401082.375000        0.050123
FIRE:  413 14:43:22  -401082.656250        0.188209
FIRE:  414 14:43:23  -401082.375000        0.891926
FIRE:  415 14:43:23  -401082.406250        3.801524
FIRE:  416 14:43:23  -401082.375000        1.433167
FIRE:  417 14:43:23  -401082.437500        0.959474
FIRE:  418 14:43:23  -401082.468750        0.167575
FIRE:  419 14:43:23  -401082.468750        0.680607
FIRE:  420 14:43:23  -401082.437500        0.623640
FIRE:  421 14:43:23  -401082.468750        0.514597
FIRE:  422 14:43:23  -401082.468750        0.363234
FIRE:  423 14:43:23  -401082.468750        0.183491
FIRE:  424 14:43:23  -401082.406250        0.042845
