      Step     Time          Energy          fmax
FIRE:    0 14:21:49  -373096.531250        3.411977
FIRE:    1 14:21:50  -373097.687500        2.184494
FIRE:    2 14:21:52  -373098.500000        2.321818
FIRE:    3 14:21:52  -373099.343750        1.682537
FIRE:    4 14:21:52  -373100.062500        1.764748
FIRE:    5 14:21:52  -373100.562500        1.576431
FIRE:    6 14:21:52  -373101.156250        1.813193
FIRE:    7 14:21:52  -373101.625000        1.767484
FIRE:    8 14:21:52  -373102.031250        1.623340
FIRE:    9 14:21:52  -373102.625000        1.835244
FIRE:   10 14:21:52  -373103.062500        1.979098
FIRE:   11 14:21:54  -373103.468750        2.297549
FIRE:   12 14:21:54  -373104.031250        2.405938
FIRE:   13 14:21:54  -373104.656250        2.447735
FIRE:   14 14:21:54  -373105.218750        2.539174
FIRE:   15 14:21:54  -373105.687500        2.109032
FIRE:   16 14:21:54  -373106.062500        1.459615
FIRE:   17 14:21:54  -373106.125000        3.817887
FIRE:   18 14:21:54  -373106.437500        1.330987
FIRE:   19 14:21:54  -373106.531250        2.006482
FIRE:   20 14:21:54  -373106.593750        1.521917
FIRE:   21 14:21:54  -373106.625000        1.339986
FIRE:   22 14:21:54  -373106.687500        1.087208
FIRE:   23 14:21:55  -373106.687500        0.966436
FIRE:   24 14:21:55  -373106.718750        1.350553
FIRE:   25 14:21:55  -373106.812500        1.356011
FIRE:   26 14:21:55  -373106.875000        0.993286
FIRE:   27 14:21:55  -373106.906250        0.570924
FIRE:   28 14:21:55  -373107.031250        0.628545
FIRE:   29 14:21:55  -373107.000000        0.831114
FIRE:   30 14:21:57  -373107.062500        0.658480
FIRE:   31 14:21:57  -373107.156250        0.640375
FIRE:   32 14:21:57  -373107.187500        0.768969
FIRE:   33 14:21:57  -373107.343750        0.537081
FIRE:   34 14:21:57  -373107.500000        0.586622
FIRE:   35 14:21:57  -373107.625000        1.488268
FIRE:   36 14:21:57  -373107.718750        3.464773
FIRE:   37 14:21:57  -373107.843750        0.555219
FIRE:   38 14:21:57  -373107.750000        3.928940
FIRE:   39 14:21:57  -373107.812500        2.632965
FIRE:   40 14:21:57  -373107.875000        0.674999
FIRE:   41 14:21:57  -373107.875000        1.197694
FIRE:   42 14:21:57  -373107.875000        1.123322
FIRE:   43 14:21:57  -373107.875000        0.978173
FIRE:   44 14:21:58  -373107.875000        0.769692
FIRE:   45 14:21:58  -373107.875000        0.510241
FIRE:   46 14:21:58  -373107.906250        0.352834
FIRE:   47 14:21:58  -373107.875000        0.344991
FIRE:   48 14:21:58  -373107.906250        0.356870
FIRE:   49 14:21:58  -373107.875000        0.564388
FIRE:   50 14:21:58  -373107.906250        0.681760
FIRE:   51 14:21:58  -373107.906250        0.674062
FIRE:   52 14:21:58  -373107.906250        0.519415
FIRE:   53 14:21:58  -373107.875000        0.285731
FIRE:   54 14:21:58  -373107.937500        0.274946
FIRE:   55 14:21:58  -373107.937500        0.457913
FIRE:   56 14:21:58  -373107.937500        0.542218
FIRE:   57 14:21:58  -373107.968750        0.339763
FIRE:   58 14:21:58  -373107.968750        0.227523
FIRE:   59 14:21:58  -373108.000000        0.446390
FIRE:   60 14:21:58  -373108.000000        0.306278
FIRE:   61 14:21:58  -373108.031250        0.254487
FIRE:   62 14:21:59  -373108.062500        0.416701
FIRE:   63 14:21:59  -373108.093750        0.170448
FIRE:   64 14:21:59  -373108.125000        0.328989
FIRE:   65 14:21:59  -373108.187500        0.435963
FIRE:   66 14:21:59  -373108.156250        0.202787
FIRE:   67 14:21:59  -373108.218750        0.235082
FIRE:   68 14:21:59  -373108.312500        0.600019
FIRE:   69 14:21:59  -373108.343750        1.622799
FIRE:   70 14:21:59  -373108.375000        0.167404
FIRE:   71 14:21:59  -373108.375000        1.590301
FIRE:   72 14:21:59  -373108.375000        1.174401
FIRE:   73 14:21:59  -373108.375000        0.481070
FIRE:   74 14:21:59  -373108.343750        0.302511
FIRE:   75 14:21:59  -373108.343750        0.286238
FIRE:   76 14:21:59  -373108.343750        0.254857
FIRE:   77 14:21:59  -373108.343750        0.210229
FIRE:   78 14:21:59  -373108.375000        0.155519
FIRE:   79 14:21:59  -373108.375000        0.120638
FIRE:   80 14:22:00  -373108.406250        0.121178
FIRE:   81 14:22:00  -373108.406250        0.121671
FIRE:   82 14:22:00  -373108.406250        0.141155
FIRE:   83 14:22:00  -373108.406250        0.176186
FIRE:   84 14:22:00  -373108.406250        0.186004
FIRE:   85 14:22:00  -373108.375000        0.163188
FIRE:   86 14:22:00  -373108.406250        0.121150
FIRE:   87 14:22:00  -373108.406250        0.120155
FIRE:   88 14:22:00  -373108.406250        0.119218
FIRE:   89 14:22:00  -373108.406250        0.138702
FIRE:   90 14:22:00  -373108.406250        0.118680
FIRE:   91 14:22:00  -373108.437500        0.119248
FIRE:   92 14:22:00  -373108.437500        0.131364
FIRE:   93 14:22:00  -373108.437500        0.119002
FIRE:   94 14:22:00  -373108.468750        0.117002
FIRE:   95 14:22:00  -373108.468750        0.119586
FIRE:   96 14:22:00  -373108.500000        0.115487
FIRE:   97 14:22:00  -373108.468750        0.140542
FIRE:   98 14:22:01  -373108.500000        0.188023
FIRE:   99 14:22:01  -373108.562500        0.109390
FIRE:  100 14:22:01  -373108.625000        0.128487
FIRE:  101 14:22:01  -373108.625000        0.204118
FIRE:  102 14:22:01  -373108.687500        0.612735
FIRE:  103 14:22:01  -373108.687500        1.791892
FIRE:  104 14:22:01  -373108.750000        0.131745
FIRE:  105 14:22:01  -373108.750000        1.816800
FIRE:  106 14:22:01  -373108.750000        1.315948
FIRE:  107 14:22:01  -373108.750000        0.491010
FIRE:  108 14:22:01  -373108.718750        0.402011
FIRE:  109 14:22:01  -373108.750000        0.379219
FIRE:  110 14:22:01  -373108.750000        0.334969
FIRE:  111 14:22:01  -373108.781250        0.272028
FIRE:  112 14:22:01  -373108.781250        0.194867
FIRE:  113 14:22:01  -373108.781250        0.112535
FIRE:  114 14:22:01  -373108.781250        0.112603
FIRE:  115 14:22:02  -373108.781250        0.113836
FIRE:  116 14:22:02  -373108.750000        0.185731
FIRE:  117 14:22:02  -373108.781250        0.231940
FIRE:  118 14:22:02  -373108.781250        0.239577
FIRE:  119 14:22:02  -373108.781250        0.199745
FIRE:  120 14:22:02  -373108.781250        0.114910
FIRE:  121 14:22:02  -373108.750000        0.113261
FIRE:  122 14:22:02  -373108.781250        0.143337
FIRE:  123 14:22:02  -373108.781250        0.178356
FIRE:  124 14:22:02  -373108.750000        0.124676
FIRE:  125 14:22:02  -373108.750000        0.114526
FIRE:  126 14:22:02  -373108.781250        0.168579
FIRE:  127 14:22:02  -373108.781250        0.128756
FIRE:  128 14:22:02  -373108.812500        0.116487
FIRE:  129 14:22:02  -373108.812500        0.142830
FIRE:  130 14:22:02  -373108.812500        0.118542
FIRE:  131 14:22:02  -373108.843750        0.133761
FIRE:  132 14:22:03  -373108.875000        0.150990
FIRE:  133 14:22:03  -373108.906250        0.123320
FIRE:  134 14:22:03  -373108.937500        0.125881
FIRE:  135 14:22:03  -373108.968750        0.129741
FIRE:  136 14:22:03  -373109.000000        0.374825
FIRE:  137 14:22:03  -373109.000000        1.187682
FIRE:  138 14:22:03  -373108.937500        3.351334
FIRE:  139 14:22:03  -373109.093750        0.851235
FIRE:  140 14:22:03  -373109.093750        0.591272
FIRE:  141 14:22:03  -373109.062500        0.178555
FIRE:  142 14:22:03  -373109.062500        0.358707
FIRE:  143 14:22:03  -373109.125000        0.331559
FIRE:  144 14:22:03  -373109.093750        0.279674
FIRE:  145 14:22:03  -373109.093750        0.208522
FIRE:  146 14:22:03  -373109.062500        0.150591
FIRE:  147 14:22:04  -373109.062500        0.150434
FIRE:  148 14:22:04  -373109.093750        0.150262
FIRE:  149 14:22:04  -373109.093750        0.150084
FIRE:  150 14:22:04  -373109.093750        0.180864
FIRE:  151 14:22:04  -373109.093750        0.188383
FIRE:  152 14:22:04  -373109.125000        0.159987
FIRE:  153 14:22:04  -373109.093750        0.149339
FIRE:  154 14:22:04  -373109.125000        0.149208
FIRE:  155 14:22:04  -373109.093750        0.149134
FIRE:  156 14:22:04  -373109.125000        0.164760
FIRE:  157 14:22:04  -373109.125000        0.149270
FIRE:  158 14:22:04  -373109.093750        0.149622
FIRE:  159 14:22:04  -373109.093750        0.150238
FIRE:  160 14:22:04  -373109.125000        0.151216
FIRE:  161 14:22:04  -373109.156250        0.152672
FIRE:  162 14:22:04  -373109.156250        0.154684
FIRE:  163 14:22:04  -373109.156250        0.157345
FIRE:  164 14:22:05  -373109.156250        0.160852
FIRE:  165 14:22:05  -373109.187500        0.165070
FIRE:  166 14:22:05  -373109.218750        0.178327
FIRE:  167 14:22:05  -373109.250000        0.190429
FIRE:  168 14:22:05  -373109.281250        0.244414
FIRE:  169 14:22:05  -373109.375000        0.788609
FIRE:  170 14:22:05  -373109.343750        2.253960
FIRE:  171 14:22:05  -373109.375000        0.183630
FIRE:  172 14:22:05  -373109.375000        2.417935
FIRE:  173 14:22:05  -373109.375000        1.677206
FIRE:  174 14:22:05  -373109.406250        0.500623
FIRE:  175 14:22:05  -373109.406250        0.697825
FIRE:  176 14:22:05  -373109.406250        0.651576
FIRE:  177 14:22:05  -373109.406250        0.561619
FIRE:  178 14:22:05  -373109.406250        0.441226
FIRE:  179 14:22:06  -373109.406250        0.298155
FIRE:  180 14:22:06  -373109.406250        0.185990
FIRE:  181 14:22:06  -373109.406250        0.186261
FIRE:  182 14:22:06  -373109.406250        0.233121
FIRE:  183 14:22:06  -373109.406250        0.352708
FIRE:  184 14:22:06  -373109.406250        0.418789
FIRE:  185 14:22:06  -373109.406250        0.410929
FIRE:  186 14:22:06  -373109.406250        0.317490
FIRE:  187 14:22:06  -373109.406250        0.189174
FIRE:  188 14:22:06  -373109.468750        0.190003
FIRE:  189 14:22:06  -373109.468750        0.259166
FIRE:  190 14:22:06  -373109.468750        0.294052
FIRE:  191 14:22:06  -373109.437500        0.193793
FIRE:  192 14:22:06  -373109.500000        0.195640
FIRE:  193 14:22:07  -373109.468750        0.293607
FIRE:  194 14:22:07  -373109.500000        0.200317
FIRE:  195 14:22:07  -373109.468750        0.203136
FIRE:  196 14:22:07  -373109.468750        0.219583
FIRE:  197 14:22:07  -373109.500000        0.208881
FIRE:  198 14:22:07  -373109.468750        0.228538
FIRE:  199 14:22:07  -373109.531250        0.267508
FIRE:  200 14:22:07  -373109.625000        0.301379
FIRE:  201 14:22:07  -373109.687500        0.358102
FIRE:  202 14:22:07  -373109.687500        0.443984
FIRE:  203 14:22:07  -373109.843750        0.602783
FIRE:  204 14:22:07  -373110.000000        1.023641
FIRE:  205 14:22:07  -373109.937500        4.226728
FIRE:  206 14:22:07  -373110.125000        1.830232
FIRE:  207 14:22:08  -373110.156250        1.272961
FIRE:  208 14:22:08  -373110.156250        1.108791
FIRE:  209 14:22:08  -373110.156250        1.105771
FIRE:  210 14:22:08  -373110.156250        1.106502
FIRE:  211 14:22:08  -373110.156250        1.107958
FIRE:  212 14:22:08  -373110.218750        1.110169
FIRE:  213 14:22:08  -373110.218750        1.113109
FIRE:  214 14:22:08  -373110.218750        1.116708
FIRE:  215 14:22:08  -373110.218750        1.120775
FIRE:  216 14:22:08  -373110.218750        1.125062
FIRE:  217 14:22:08  -373110.250000        1.129839
FIRE:  218 14:22:08  -373110.250000        1.135398
FIRE:  219 14:22:08  -373110.281250        1.143850
FIRE:  220 14:22:09  -373110.281250        1.161883
FIRE:  221 14:22:09  -373110.312500        1.200207
FIRE:  222 14:22:09  -373110.343750        1.251301
FIRE:  223 14:22:09  -373110.375000        1.380249
FIRE:  224 14:22:09  -373110.437500        0.589923
FIRE:  225 14:22:09  -373110.437500        0.788499
FIRE:  226 14:22:09  -373110.500000        0.723247
FIRE:  227 14:22:09  -373110.562500        0.639779
FIRE:  228 14:22:09  -373110.625000        0.533032
FIRE:  229 14:22:09  -373110.687500        0.345552
FIRE:  230 14:22:09  -373110.718750        0.304798
FIRE:  231 14:22:09  -373110.718750        0.598819
FIRE:  232 14:22:09  -373110.718750        0.572399
FIRE:  233 14:22:09  -373110.687500        0.523113
FIRE:  234 14:22:10  -373110.718750        0.457439
FIRE:  235 14:22:10  -373110.750000        0.383589
FIRE:  236 14:22:10  -373110.750000        0.309067
FIRE:  237 14:22:10  -373110.750000        0.242792
FIRE:  238 14:22:10  -373110.750000        0.209598
FIRE:  239 14:22:10  -373110.781250        0.216292
FIRE:  240 14:22:10  -373110.843750        0.213627
FIRE:  241 14:22:10  -373110.812500        0.200332
FIRE:  242 14:22:10  -373110.843750        0.196557
FIRE:  243 14:22:10  -373110.875000        0.195434
FIRE:  244 14:22:10  -373110.875000        0.171356
FIRE:  245 14:22:10  -373110.843750        0.193769
FIRE:  246 14:22:10  -373110.875000        0.190163
FIRE:  247 14:22:10  -373110.906250        0.186187
FIRE:  248 14:22:11  -373110.968750        0.278071
FIRE:  249 14:22:11  -373110.968750        0.585085
FIRE:  250 14:22:11  -373111.031250        1.400654
FIRE:  251 14:22:11  -373111.031250        0.229883
FIRE:  252 14:22:11  -373110.968750        1.266804
FIRE:  253 14:22:11  -373110.937500        0.967071
FIRE:  254 14:22:11  -373110.968750        0.454985
FIRE:  255 14:22:11  -373110.937500        0.181102
FIRE:  256 14:22:11  -373110.968750        0.173965
FIRE:  257 14:22:11  -373110.968750        0.160238
FIRE:  258 14:22:11  -373110.968750        0.146772
FIRE:  259 14:22:11  -373110.968750        0.146666
FIRE:  260 14:22:11  -373110.968750        0.146529
FIRE:  261 14:22:12  -373110.937500        0.146360
FIRE:  262 14:22:12  -373110.937500        0.146166
FIRE:  263 14:22:12  -373110.937500        0.145913
FIRE:  264 14:22:12  -373110.968750        0.145590
FIRE:  265 14:22:12  -373110.968750        0.145185
FIRE:  266 14:22:12  -373110.968750        0.144682
FIRE:  267 14:22:12  -373111.000000        0.144088
FIRE:  268 14:22:12  -373111.000000        0.143383
FIRE:  269 14:22:12  -373111.000000        0.142585
FIRE:  270 14:22:12  -373111.031250        0.141725
FIRE:  271 14:22:12  -373111.062500        0.140826
FIRE:  272 14:22:12  -373111.062500        0.139914
FIRE:  273 14:22:12  -373111.062500        0.139003
FIRE:  274 14:22:12  -373111.031250        0.138058
FIRE:  275 14:22:13  -373111.062500        0.137041
FIRE:  276 14:22:13  -373111.062500        0.135974
FIRE:  277 14:22:13  -373111.093750        0.134883
FIRE:  278 14:22:13  -373111.062500        0.133491
FIRE:  279 14:22:13  -373111.093750        0.131274
FIRE:  280 14:22:13  -373111.125000        0.128494
FIRE:  281 14:22:13  -373111.156250        0.125439
FIRE:  282 14:22:13  -373111.062500        0.187565
FIRE:  283 14:22:13  -373111.093750        0.479410
FIRE:  284 14:22:13  -373111.156250        1.207716
FIRE:  285 14:22:13  -373111.093750        3.848368
FIRE:  286 14:22:13  -373111.187500        0.862072
FIRE:  287 14:22:13  -373111.156250        0.650350
FIRE:  288 14:22:13  -373111.187500        0.274020
FIRE:  289 14:22:14  -373111.187500        0.288682
FIRE:  290 14:22:14  -373111.156250        0.270874
FIRE:  291 14:22:14  -373111.187500        0.236645
FIRE:  292 14:22:14  -373111.187500        0.189055
FIRE:  293 14:22:14  -373111.156250        0.132725
FIRE:  294 14:22:14  -373111.187500        0.105755
FIRE:  295 14:22:14  -373111.156250        0.105451
FIRE:  296 14:22:14  -373111.187500        0.117331
FIRE:  297 14:22:14  -373111.156250        0.146745
FIRE:  298 14:22:14  -373111.187500        0.160068
FIRE:  299 14:22:14  -373111.187500        0.150669
FIRE:  300 14:22:14  -373111.187500        0.116017
FIRE:  301 14:22:14  -373111.187500        0.104097
FIRE:  302 14:22:14  -373111.156250        0.103970
FIRE:  303 14:22:15  -373111.187500        0.132185
FIRE:  304 14:22:15  -373111.218750        0.123301
FIRE:  305 14:22:15  -373111.218750        0.103096
FIRE:  306 14:22:15  -373111.218750        0.102750
FIRE:  307 14:22:15  -373111.218750        0.120399
FIRE:  308 14:22:15  -373111.218750        0.102665
FIRE:  309 14:22:15  -373111.187500        0.119883
FIRE:  310 14:22:15  -373111.218750        0.102403
FIRE:  311 14:22:15  -373111.250000        0.119221
FIRE:  312 14:22:15  -373111.250000        0.102016
FIRE:  313 14:22:15  -373111.218750        0.101876
FIRE:  314 14:22:15  -373111.281250        0.158648
FIRE:  315 14:22:15  -373111.281250        0.280993
FIRE:  316 14:22:15  -373111.375000        0.559364
FIRE:  317 14:22:16  -373111.312500        1.491636
FIRE:  318 14:22:16  -373111.312500        0.100199
FIRE:  319 14:22:16  -373111.343750        1.197927
FIRE:  320 14:22:16  -373111.343750        0.926784
FIRE:  321 14:22:16  -373111.312500        0.432880
FIRE:  322 14:22:16  -373111.343750        0.190311
FIRE:  323 14:22:16  -373111.343750        0.180652
FIRE:  324 14:22:16  -373111.343750        0.161961
FIRE:  325 14:22:16  -373111.343750        0.135876
FIRE:  326 14:22:16  -373111.343750        0.104912
FIRE:  327 14:22:16  -373111.343750        0.100182
FIRE:  328 14:22:16  -373111.343750        0.099658
FIRE:  329 14:22:16  -373111.343750        0.099498
FIRE:  330 14:22:16  -373111.343750        0.099656
FIRE:  331 14:22:17  -373111.312500        0.102191
FIRE:  332 14:22:17  -373111.343750        0.106513
FIRE:  333 14:22:17  -373111.343750        0.100518
FIRE:  334 14:22:17  -373111.343750        0.100548
FIRE:  335 14:22:17  -373111.343750        0.100748
FIRE:  336 14:22:17  -373111.312500        0.101366
FIRE:  337 14:22:17  -373111.312500        0.102173
FIRE:  338 14:22:17  -373111.312500        0.102753
FIRE:  339 14:22:17  -373111.343750        0.103377
FIRE:  340 14:22:17  -373111.343750        0.104546
FIRE:  341 14:22:17  -373111.343750        0.105838
FIRE:  342 14:22:17  -373111.343750        0.107700
FIRE:  343 14:22:17  -373111.375000        0.109237
FIRE:  344 14:22:17  -373111.375000        0.109105
FIRE:  345 14:22:18  -373111.375000        0.109756
FIRE:  346 14:22:18  -373111.375000        0.111838
FIRE:  347 14:22:18  -373111.406250        0.112616
FIRE:  348 14:22:18  -373111.406250        0.113854
FIRE:  349 14:22:18  -373111.437500        0.131890
FIRE:  350 14:22:18  -373111.406250        0.321271
FIRE:  351 14:22:18  -373111.468750        1.149583
FIRE:  352 14:22:18  -373111.437500        3.242148
FIRE:  353 14:22:18  -373111.500000        0.247021
FIRE:  354 14:22:18  -373111.500000        0.186202
FIRE:  355 14:22:18  -373111.500000        0.132600
FIRE:  356 14:22:18  -373111.468750        0.121474
FIRE:  357 14:22:18  -373111.500000        0.153062
FIRE:  358 14:22:18  -373111.468750        0.147988
FIRE:  359 14:22:19  -373111.500000        0.125415
FIRE:  360 14:22:19  -373111.500000        0.123876
FIRE:  361 14:22:19  -373111.500000        0.133077
FIRE:  362 14:22:19  -373111.500000        0.139699
FIRE:  363 14:22:19  -373111.468750        0.122093
FIRE:  364 14:22:19  -373111.500000        0.122614
FIRE:  365 14:22:19  -373111.531250        0.128468
FIRE:  366 14:22:19  -373111.531250        0.123101
FIRE:  367 14:22:19  -373111.531250        0.138328
FIRE:  368 14:22:19  -373111.531250        0.122714
FIRE:  369 14:22:19  -373111.500000        0.121617
FIRE:  370 14:22:19  -373111.562500        0.149180
FIRE:  371 14:22:19  -373111.562500        0.218023
FIRE:  372 14:22:19  -373111.593750        0.447150
FIRE:  373 14:22:20  -373111.625000        0.911830
FIRE:  374 14:22:20  -373111.593750        2.547952
FIRE:  375 14:22:20  -373111.625000        0.399010
FIRE:  376 14:22:20  -373111.625000        0.305872
FIRE:  377 14:22:20  -373111.625000        0.144565
FIRE:  378 14:22:20  -373111.656250        0.128063
FIRE:  379 14:22:20  -373111.625000        0.273957
FIRE:  380 14:22:20  -373111.656250        0.320138
FIRE:  381 14:22:20  -373111.656250        0.260260
FIRE:  382 14:22:20  -373111.625000        0.130546
FIRE:  383 14:22:20  -373111.625000        0.122230
FIRE:  384 14:22:20  -373111.656250        0.219609
FIRE:  385 14:22:20  -373111.656250        0.195860
FIRE:  386 14:22:20  -373111.656250        0.117649
FIRE:  387 14:22:21  -373111.625000        0.222308
FIRE:  388 14:22:21  -373111.625000        0.161261
FIRE:  389 14:22:21  -373111.625000        0.161763
FIRE:  390 14:22:21  -373111.656250        0.150424
FIRE:  391 14:22:21  -373111.718750        0.225613
FIRE:  392 14:22:21  -373111.687500        0.115264
FIRE:  393 14:22:21  -373111.687500        0.187007
FIRE:  394 14:22:21  -373111.687500        0.397705
FIRE:  395 14:22:21  -373111.718750        0.659762
FIRE:  396 14:22:21  -373111.718750        1.470003
FIRE:  397 14:22:21  -373111.687500        0.109155
FIRE:  398 14:22:21  -373111.687500        0.108887
FIRE:  399 14:22:21  -373111.718750        0.108397
FIRE:  400 14:22:21  -373111.718750        0.107758
FIRE:  401 14:22:22  -373111.687500        0.107092
FIRE:  402 14:22:22  -373111.718750        0.106530
FIRE:  403 14:22:22  -373111.718750        0.106194
FIRE:  404 14:22:22  -373111.718750        0.106056
FIRE:  405 14:22:22  -373111.687500        0.105974
FIRE:  406 14:22:22  -373111.718750        0.105742
FIRE:  407 14:22:22  -373111.718750        0.105332
FIRE:  408 14:22:22  -373111.718750        0.105039
FIRE:  409 14:22:22  -373111.718750        0.104839
FIRE:  410 14:22:22  -373111.718750        0.104031
FIRE:  411 14:22:22  -373111.718750        0.102699
FIRE:  412 14:22:22  -373111.718750        0.101506
FIRE:  413 14:22:22  -373111.718750        0.100286
FIRE:  414 14:22:22  -373111.750000        0.099231
FIRE:  415 14:22:23  -373111.781250        0.097741
FIRE:  416 14:22:23  -373111.812500        0.094986
FIRE:  417 14:22:23  -373111.812500        0.091254
FIRE:  418 14:22:23  -373111.812500        0.241484
FIRE:  419 14:22:23  -373111.843750        0.860124
FIRE:  420 14:22:23  -373111.750000        3.467064
FIRE:  421 14:22:23  -373111.750000        1.228664
FIRE:  422 14:22:23  -373111.812500        0.860328
FIRE:  423 14:22:23  -373111.781250        0.254644
FIRE:  424 14:22:23  -373111.812500        0.539450
FIRE:  425 14:22:23  -373111.843750        0.496966
FIRE:  426 14:22:23  -373111.812500        0.415929
FIRE:  427 14:22:23  -373111.812500        0.303860
FIRE:  428 14:22:23  -373111.812500        0.171731
FIRE:  429 14:22:24  -373111.843750        0.077179
FIRE:  430 14:22:24  -373111.812500        0.139061
FIRE:  431 14:22:24  -373111.843750        0.137014
FIRE:  432 14:22:24  -373111.843750        0.133062
FIRE:  433 14:22:24  -373111.843750        0.127254
FIRE:  434 14:22:24  -373111.750000        0.119668
FIRE:  435 14:22:24  -373111.843750        0.110700
FIRE:  436 14:22:24  -373111.812500        0.100554
FIRE:  437 14:22:24  -373111.812500        0.089714
FIRE:  438 14:22:24  -373111.812500        0.077385
FIRE:  439 14:22:24  -373111.812500        0.074677
FIRE:  440 14:22:24  -373111.812500        0.074953
FIRE:  441 14:22:24  -373111.812500        0.075265
FIRE:  442 14:22:24  -373111.843750        0.075552
FIRE:  443 14:22:25  -373111.781250        0.075846
FIRE:  444 14:22:25  -373111.812500        0.083354
FIRE:  445 14:22:25  -373111.812500        0.083237
FIRE:  446 14:22:25  -373111.843750        0.074509
FIRE:  447 14:22:25  -373111.843750        0.073699
FIRE:  448 14:22:25  -373111.843750        0.073085
FIRE:  449 14:22:25  -373111.843750        0.072787
FIRE:  450 14:22:25  -373111.843750        0.073096
FIRE:  451 14:22:25  -373111.875000        0.072266
FIRE:  452 14:22:25  -373111.843750        0.072010
FIRE:  453 14:22:25  -373111.875000        0.072178
FIRE:  454 14:22:25  -373111.875000        0.071993
FIRE:  455 14:22:25  -373111.843750        0.070886
FIRE:  456 14:22:25  -373111.843750        0.069928
FIRE:  457 14:22:25  -373111.843750        0.069240
FIRE:  458 14:22:25  -373111.875000        0.069289
FIRE:  459 14:22:26  -373111.843750        0.067888
FIRE:  460 14:22:26  -373111.843750        0.073279
FIRE:  461 14:22:26  -373111.875000        0.074561
FIRE:  462 14:22:26  -373111.906250        0.084032
FIRE:  463 14:22:26  -373111.875000        0.245159
FIRE:  464 14:22:26  -373111.843750        0.631315
FIRE:  465 14:22:26  -373111.812500        0.897232
FIRE:  466 14:22:26  -373111.843750        0.178807
FIRE:  467 14:22:26  -373111.843750        0.145465
FIRE:  468 14:22:26  -373111.812500        0.087484
FIRE:  469 14:22:26  -373111.843750        0.065347
FIRE:  470 14:22:26  -373111.812500        0.093281
FIRE:  471 14:22:26  -373111.812500        0.116815
FIRE:  472 14:22:26  -373111.812500        0.113820
FIRE:  473 14:22:26  -373111.843750        0.086791
FIRE:  474 14:22:26  -373111.812500        0.079042
FIRE:  475 14:22:26  -373111.843750        0.084178
FIRE:  476 14:22:26  -373111.843750        0.107640
FIRE:  477 14:22:27  -373111.843750        0.076131
FIRE:  478 14:22:27  -373111.843750        0.305621
FIRE:  479 14:22:27  -373111.843750        0.469317
FIRE:  480 14:22:27  -373111.843750        0.803636
FIRE:  481 14:22:27  -373111.812500        1.015764
FIRE:  482 14:22:27  -373111.843750        0.541025
FIRE:  483 14:22:27  -373111.843750        0.633014
FIRE:  484 14:22:27  -373111.843750        0.625311
FIRE:  485 14:22:27  -373111.843750        0.719753
FIRE:  486 14:22:27  -373111.906250        0.580727
FIRE:  487 14:22:27  -373111.843750        0.077876
FIRE:  488 14:22:27  -373111.875000        0.500149
FIRE:  489 14:22:27  -373111.843750        0.474886
FIRE:  490 14:22:27  -373111.875000        0.423950
FIRE:  491 14:22:27  -373111.875000        0.348698
FIRE:  492 14:22:27  -373111.875000        0.252676
FIRE:  493 14:22:28  -373111.843750        0.141322
FIRE:  494 14:22:28  -373111.875000        0.057582
FIRE:  495 14:22:28  -373111.843750        0.100475
FIRE:  496 14:22:28  -373111.843750        0.188234
FIRE:  497 14:22:28  -373111.875000        0.184976
FIRE:  498 14:22:28  -373111.843750        0.178752
FIRE:  499 14:22:28  -373111.875000        0.169897
FIRE:  500 14:22:28  -373111.843750        0.158398
FIRE:  501 14:22:28  -373111.843750        0.143737
FIRE:  502 14:22:28  -373111.843750        0.127350
FIRE:  503 14:22:28  -373111.875000        0.109420
FIRE:  504 14:22:28  -373111.875000        0.086981
FIRE:  505 14:22:28  -373111.875000        0.061715
FIRE:  506 14:22:28  -373111.875000        0.057378
FIRE:  507 14:22:28  -373111.843750        0.057342
FIRE:  508 14:22:28  -373111.843750        0.057299
FIRE:  509 14:22:28  -373111.843750        0.069272
FIRE:  510 14:22:29  -373111.875000        0.086985
FIRE:  511 14:22:29  -373111.843750        0.093649
FIRE:  512 14:22:29  -373111.875000        0.085237
FIRE:  513 14:22:29  -373111.875000        0.060990
FIRE:  514 14:22:29  -373111.875000        0.056874
FIRE:  515 14:22:29  -373111.843750        0.056763
FIRE:  516 14:22:29  -373111.875000        0.062580
FIRE:  517 14:22:29  -373111.906250        0.068991
FIRE:  518 14:22:29  -373111.843750        0.056298
FIRE:  519 14:22:29  -373111.843750        0.056087
FIRE:  520 14:22:29  -373111.843750        0.058499
FIRE:  521 14:22:29  -373111.843750        0.055657
FIRE:  522 14:22:29  -373111.843750        0.055435
FIRE:  523 14:22:29  -373111.875000        0.061710
FIRE:  524 14:22:29  -373111.843750        0.055033
FIRE:  525 14:22:29  -373111.875000        0.059675
FIRE:  526 14:22:29  -373111.875000        0.055642
FIRE:  527 14:22:30  -373111.843750        0.056147
FIRE:  528 14:22:30  -373111.875000        0.087205
FIRE:  529 14:22:30  -373111.875000        0.143272
FIRE:  530 14:22:30  -373111.875000        0.285418
FIRE:  531 14:22:30  -373111.875000        0.591030
FIRE:  532 14:22:30  -373111.843750        0.998513
FIRE:  533 14:22:30  -373111.875000        0.349118
FIRE:  534 14:22:30  -373111.843750        0.770041
FIRE:  535 14:22:30  -373111.875000        0.729198
FIRE:  536 14:22:30  -373111.875000        0.470033
FIRE:  537 14:22:30  -373111.875000        0.058434
FIRE:  538 14:22:30  -373111.875000        0.058453
FIRE:  539 14:22:30  -373111.875000        0.058466
FIRE:  540 14:22:30  -373111.875000        0.058517
FIRE:  541 14:22:31  -373111.875000        0.058518
FIRE:  542 14:22:31  -373111.875000        0.058569
FIRE:  543 14:22:31  -373111.875000        0.058583
FIRE:  544 14:22:31  -373111.875000        0.058583
FIRE:  545 14:22:31  -373111.875000        0.058584
FIRE:  546 14:22:31  -373111.875000        0.058598
FIRE:  547 14:22:31  -373111.875000        0.058572
FIRE:  548 14:22:31  -373111.875000        0.058513
FIRE:  549 14:22:31  -373111.875000        0.058434
FIRE:  550 14:22:31  -373111.875000        0.058341
FIRE:  551 14:22:31  -373111.875000        0.058301
FIRE:  552 14:22:31  -373111.843750        0.058292
FIRE:  553 14:22:31  -373111.875000        0.058387
FIRE:  554 14:22:32  -373111.875000        0.058460
FIRE:  555 14:22:32  -373111.875000        0.058580
FIRE:  556 14:22:32  -373111.875000        0.058630
FIRE:  557 14:22:32  -373111.875000        0.058734
FIRE:  558 14:22:32  -373111.875000        0.059009
FIRE:  559 14:22:32  -373111.875000        0.059348
FIRE:  560 14:22:32  -373111.875000        0.059569
FIRE:  561 14:22:32  -373111.875000        0.059942
FIRE:  562 14:22:32  -373111.875000        0.060637
FIRE:  563 14:22:32  -373111.875000        0.061071
FIRE:  564 14:22:32  -373111.875000        0.156710
FIRE:  565 14:22:32  -373111.875000        0.506220
FIRE:  566 14:22:32  -373111.875000        0.668221
FIRE:  567 14:22:32  -373111.875000        0.670231
FIRE:  568 14:22:33  -373111.875000        0.666120
FIRE:  569 14:22:33  -373111.875000        0.515360
FIRE:  570 14:22:33  -373111.875000        0.202602
FIRE:  571 14:22:33  -373111.875000        0.186610
FIRE:  572 14:22:33  -373111.875000        0.173503
FIRE:  573 14:22:33  -373111.875000        0.148656
FIRE:  574 14:22:33  -373111.875000        0.113254
FIRE:  575 14:22:33  -373111.843750        0.070460
FIRE:  576 14:22:33  -373111.875000        0.063665
FIRE:  577 14:22:33  -373111.875000        0.063514
FIRE:  578 14:22:33  -373111.843750        0.063384
FIRE:  579 14:22:33  -373111.875000        0.090506
FIRE:  580 14:22:33  -373111.843750        0.103418
FIRE:  581 14:22:33  -373111.875000        0.095332
FIRE:  582 14:22:33  -373111.843750        0.065364
FIRE:  583 14:22:34  -373111.843750        0.063871
FIRE:  584 14:22:34  -373111.875000        0.064204
FIRE:  585 14:22:34  -373111.843750        0.079438
FIRE:  586 14:22:34  -373111.875000        0.071965
FIRE:  587 14:22:34  -373111.906250        0.064444
FIRE:  588 14:22:34  -373111.906250        0.064329
FIRE:  589 14:22:34  -373111.906250        0.069946
FIRE:  590 14:22:34  -373111.906250        0.064904
FIRE:  591 14:22:34  -373111.875000        0.069769
FIRE:  592 14:22:34  -373111.875000        0.065470
FIRE:  593 14:22:34  -373111.906250        0.073388
FIRE:  594 14:22:34  -373111.906250        0.066198
FIRE:  595 14:22:34  -373111.906250        0.066747
FIRE:  596 14:22:34  -373111.875000        0.107028
FIRE:  597 14:22:34  -373111.906250        0.193645
FIRE:  598 14:22:34  -373111.906250        0.396431
FIRE:  599 14:22:34  -373111.906250        0.721661
FIRE:  600 14:22:34  -373111.906250        0.206511
FIRE:  601 14:22:34  -373111.906250        0.633795
FIRE:  602 14:22:35  -373111.875000        0.509265
FIRE:  603 14:22:35  -373111.875000        0.254541
FIRE:  604 14:22:35  -373111.906250        0.086240
FIRE:  605 14:22:35  -373111.906250        0.081214
FIRE:  606 14:22:35  -373111.906250        0.071419
FIRE:  607 14:22:35  -373111.906250        0.070040
FIRE:  608 14:22:35  -373111.906250        0.069979
FIRE:  609 14:22:35  -373111.906250        0.069916
FIRE:  610 14:22:35  -373111.906250        0.069841
FIRE:  611 14:22:35  -373111.906250        0.069785
FIRE:  612 14:22:35  -373111.906250        0.069731
FIRE:  613 14:22:35  -373111.875000        0.069718
FIRE:  614 14:22:35  -373111.906250        0.069689
FIRE:  615 14:22:35  -373111.906250        0.069765
FIRE:  616 14:22:35  -373111.906250        0.069865
FIRE:  617 14:22:36  -373111.906250        0.069992
FIRE:  618 14:22:36  -373111.906250        0.070122
FIRE:  619 14:22:36  -373111.906250        0.070233
FIRE:  620 14:22:36  -373111.906250        0.070268
FIRE:  621 14:22:36  -373111.906250        0.070306
FIRE:  622 14:22:36  -373111.875000        0.070385
FIRE:  623 14:22:36  -373111.875000        0.070611
FIRE:  624 14:22:36  -373111.906250        0.070986
FIRE:  625 14:22:36  -373111.906250        0.071323
FIRE:  626 14:22:36  -373111.906250        0.071536
FIRE:  627 14:22:36  -373111.906250        0.071928
FIRE:  628 14:22:36  -373111.906250        0.072639
FIRE:  629 14:22:36  -373111.906250        0.073071
FIRE:  630 14:22:37  -373111.906250        0.073934
FIRE:  631 14:22:37  -373111.875000        0.074992
FIRE:  632 14:22:37  -373111.906250        0.075950
FIRE:  633 14:22:37  -373111.875000        0.217077
FIRE:  634 14:22:37  -373111.906250        0.829864
FIRE:  635 14:22:37  -373111.906250        0.079398
FIRE:  636 14:22:37  -373111.906250        0.710756
FIRE:  637 14:22:37  -373111.906250        0.602293
FIRE:  638 14:22:37  -373111.906250        0.277062
FIRE:  639 14:22:37  -373111.906250        0.196209
FIRE:  640 14:22:37  -373111.906250        0.181595
FIRE:  641 14:22:37  -373111.906250        0.153597
FIRE:  642 14:22:37  -373111.906250        0.113742
FIRE:  643 14:22:37  -373111.875000        0.079109
FIRE:  644 14:22:38  -373111.906250        0.079338
FIRE:  645 14:22:38  -373111.906250        0.079527
FIRE:  646 14:22:38  -373111.906250        0.079709
FIRE:  647 14:22:38  -373111.906250        0.099948
FIRE:  648 14:22:38  -373111.906250        0.108834
FIRE:  649 14:22:38  -373111.875000        0.095649
FIRE:  650 14:22:38  -373111.875000        0.079731
FIRE:  651 14:22:38  -373111.875000        0.079568
FIRE:  652 14:22:38  -373111.906250        0.079406
FIRE:  653 14:22:38  -373111.906250        0.086313
FIRE:  654 14:22:38  -373111.906250        0.079593
FIRE:  655 14:22:38  -373111.906250        0.080003
FIRE:  656 14:22:38  -373111.875000        0.080431
FIRE:  657 14:22:38  -373111.906250        0.080697
FIRE:  658 14:22:39  -373111.875000        0.080669
FIRE:  659 14:22:39  -373111.875000        0.080888
FIRE:  660 14:22:39  -373111.875000        0.081709
FIRE:  661 14:22:39  -373111.906250        0.082512
FIRE:  662 14:22:39  -373111.937500        0.082832
FIRE:  663 14:22:39  -373111.906250        0.084127
FIRE:  664 14:22:39  -373111.906250        0.085401
FIRE:  665 14:22:39  -373111.906250        0.116446
FIRE:  666 14:22:39  -373111.937500        0.344722
FIRE:  667 14:22:39  -373111.968750        0.824517
FIRE:  668 14:22:39  -373112.000000        0.145665
FIRE:  669 14:22:39  -373111.968750        0.680541
FIRE:  670 14:22:39  -373112.000000        0.582699
FIRE:  671 14:22:39  -373112.000000        0.319923
FIRE:  672 14:22:40  -373112.000000        0.090228
FIRE:  673 14:22:40  -373111.968750        0.090248
FIRE:  674 14:22:40  -373111.968750        0.090284
FIRE:  675 14:22:40  -373112.000000        0.090366
FIRE:  676 14:22:40  -373111.968750        0.090420
FIRE:  677 14:22:40  -373111.968750        0.090514
FIRE:  678 14:22:40  -373112.000000        0.090589
FIRE:  679 14:22:40  -373112.000000        0.090660
FIRE:  680 14:22:40  -373112.000000        0.090735
FIRE:  681 14:22:40  -373112.000000        0.090801
FIRE:  682 14:22:40  -373111.968750        0.090818
FIRE:  683 14:22:40  -373111.968750        0.090841
FIRE:  684 14:22:40  -373111.968750        0.090826
FIRE:  685 14:22:41  -373111.968750        0.090814
FIRE:  686 14:22:41  -373111.968750        0.090846
FIRE:  687 14:22:41  -373112.000000        0.090959
FIRE:  688 14:22:41  -373111.968750        0.091221
FIRE:  689 14:22:41  -373111.968750        0.091536
FIRE:  690 14:22:41  -373112.000000        0.091893
FIRE:  691 14:22:41  -373112.000000        0.092223
FIRE:  692 14:22:41  -373111.968750        0.092527
FIRE:  693 14:22:41  -373111.968750        0.093092
FIRE:  694 14:22:41  -373111.968750        0.093927
FIRE:  695 14:22:41  -373111.968750        0.094737
FIRE:  696 14:22:41  -373111.968750        0.095613
FIRE:  697 14:22:41  -373112.000000        0.097061
FIRE:  698 14:22:41  -373112.000000        0.098235
FIRE:  699 14:22:42  -373111.968750        0.100538
FIRE:  700 14:22:42  -373111.968750        0.247350
FIRE:  701 14:22:42  -373111.968750        0.689860
FIRE:  702 14:22:42  -373111.968750        0.896550
FIRE:  703 14:22:42  -373112.000000        0.765476
FIRE:  704 14:22:42  -373112.000000        0.684564
FIRE:  705 14:22:42  -373112.000000        0.714139
FIRE:  706 14:22:42  -373111.968750        0.497795
FIRE:  707 14:22:42  -373111.968750        0.108070
FIRE:  708 14:22:42  -373111.968750        0.108082
FIRE:  709 14:22:42  -373112.000000        0.108118
FIRE:  710 14:22:42  -373111.968750        0.108199
FIRE:  711 14:22:42  -373111.968750        0.108255
FIRE:  712 14:22:43  -373112.000000        0.108339
FIRE:  713 14:22:43  -373111.968750        0.108396
FIRE:  714 14:22:43  -373111.968750        0.108470
FIRE:  715 14:22:43  -373112.000000        0.108531
FIRE:  716 14:22:43  -373112.000000        0.108571
FIRE:  717 14:22:43  -373111.968750        0.108596
FIRE:  718 14:22:43  -373111.968750        0.108623
FIRE:  719 14:22:43  -373111.968750        0.108666
FIRE:  720 14:22:43  -373111.968750        0.108751
FIRE:  721 14:22:43  -373112.000000        0.108939
FIRE:  722 14:22:43  -373111.968750        0.109268
FIRE:  723 14:22:43  -373112.000000        0.109720
FIRE:  724 14:22:43  -373111.968750        0.110256
FIRE:  725 14:22:43  -373111.968750        0.110784
FIRE:  726 14:22:44  -373112.000000        0.111371
FIRE:  727 14:22:44  -373112.000000        0.112207
FIRE:  728 14:22:44  -373112.000000        0.113311
FIRE:  729 14:22:44  -373112.000000        0.114423
FIRE:  730 14:22:44  -373112.031250        0.115672
FIRE:  731 14:22:44  -373112.000000        0.117605
FIRE:  732 14:22:44  -373112.000000        0.119494
FIRE:  733 14:22:44  -373112.031250        0.122716
FIRE:  734 14:22:44  -373112.000000        0.284894
FIRE:  735 14:22:44  -373112.000000        0.699053
FIRE:  736 14:22:44  -373112.031250        0.883267
FIRE:  737 14:22:44  -373112.031250        0.648027
FIRE:  738 14:22:44  -373112.000000        0.607535
FIRE:  739 14:22:44  -373112.031250        0.689108
FIRE:  740 14:22:45  -373112.000000        0.570477
FIRE:  741 14:22:45  -373112.031250        0.133680
FIRE:  742 14:22:45  -373112.031250        0.487264
FIRE:  743 14:22:45  -373112.031250        0.454103
FIRE:  744 14:22:45  -373112.000000        0.387825
FIRE:  745 14:22:45  -373112.000000        0.289836
FIRE:  746 14:22:45  -373112.031250        0.166414
FIRE:  747 14:22:45  -373112.000000        0.133457
FIRE:  748 14:22:45  -373112.031250        0.134110
FIRE:  749 14:22:45  -373112.031250        0.203958
FIRE:  750 14:22:45  -373112.031250        0.267383
FIRE:  751 14:22:45  -373112.031250        0.286900
FIRE:  752 14:22:45  -373112.000000        0.253823
FIRE:  753 14:22:46  -373112.000000        0.160937
FIRE:  754 14:22:46  -373112.000000        0.134450
FIRE:  755 14:22:46  -373112.000000        0.142398
FIRE:  756 14:22:46  -373112.000000        0.222138
FIRE:  757 14:22:46  -373112.000000        0.186028
FIRE:  758 14:22:46  -373112.031250        0.135728
FIRE:  759 14:22:46  -373112.000000        0.159496
FIRE:  760 14:22:46  -373112.031250        0.183764
FIRE:  761 14:22:46  -373112.000000        0.137935
FIRE:  762 14:22:46  -373112.000000        0.186420
FIRE:  763 14:22:46  -373112.000000        0.139983
FIRE:  764 14:22:46  -373112.000000        0.202331
FIRE:  765 14:22:46  -373112.031250        0.143250
FIRE:  766 14:22:46  -373112.031250        0.146632
FIRE:  767 14:22:47  -373112.000000        0.291070
FIRE:  768 14:22:47  -373112.031250        0.408824
FIRE:  769 14:22:47  -373112.031250        0.598809
FIRE:  770 14:22:47  -373112.031250        0.868247
FIRE:  771 14:22:47  -373112.031250        0.257478
FIRE:  772 14:22:47  -373112.031250        0.660976
FIRE:  773 14:22:47  -373112.031250        0.616377
FIRE:  774 14:22:47  -373112.062500        0.397609
FIRE:  775 14:22:47  -373112.062500        0.160931
FIRE:  776 14:22:47  -373112.031250        0.396874
FIRE:  777 14:22:47  -373112.031250        0.372852
FIRE:  778 14:22:47  -373112.062500        0.326029
FIRE:  779 14:22:47  -373112.031250        0.257263
FIRE:  780 14:22:47  -373112.062500        0.171703
FIRE:  781 14:22:48  -373112.031250        0.160900
FIRE:  782 14:22:48  -373112.031250        0.161413
FIRE:  783 14:22:48  -373112.031250        0.161889
FIRE:  784 14:22:48  -373112.062500        0.179432
FIRE:  785 14:22:48  -373112.031250        0.216507
FIRE:  786 14:22:48  -373112.062500        0.215829
FIRE:  787 14:22:48  -373112.031250        0.171400
FIRE:  788 14:22:48  -373112.062500        0.162369
FIRE:  789 14:22:48  -373112.031250        0.162046
FIRE:  790 14:22:48  -373112.031250        0.161885
FIRE:  791 14:22:48  -373112.031250        0.173278
FIRE:  792 14:22:48  -373112.031250        0.162921
FIRE:  793 14:22:48  -373112.031250        0.164201
FIRE:  794 14:22:48  -373112.062500        0.165475
FIRE:  795 14:22:49  -373112.031250        0.166156
FIRE:  796 14:22:49  -373112.031250        0.166463
FIRE:  797 14:22:49  -373112.031250        0.167677
FIRE:  798 14:22:49  -373112.031250        0.170356
FIRE:  799 14:22:49  -373112.031250        0.172767
FIRE:  800 14:22:49  -373112.031250        0.174282
FIRE:  801 14:22:49  -373112.031250        0.178668
FIRE:  802 14:22:49  -373112.031250        0.182593
FIRE:  803 14:22:49  -373112.031250        0.187584
FIRE:  804 14:22:49  -373112.062500        0.283478
FIRE:  805 14:22:49  -373112.062500        0.810060
FIRE:  806 14:22:49  -373112.093750        0.221925
FIRE:  807 14:22:49  -373112.093750        0.226314
FIRE:  808 14:22:49  -373112.125000        0.231166
FIRE:  809 14:22:50  -373112.093750        0.252066
FIRE:  810 14:22:50  -373112.125000        0.280447
FIRE:  811 14:22:50  -373112.156250        0.320207
FIRE:  812 14:22:50  -373112.187500        0.348171
FIRE:  813 14:22:50  -373112.218750        0.475245
FIRE:  814 14:22:50  -373112.281250        2.081102
FIRE:  815 14:22:50  -373112.312500        0.842015
FIRE:  816 14:22:50  -373112.343750        0.574945
FIRE:  817 14:22:50  -373112.343750        0.423955
FIRE:  818 14:22:50  -373112.343750        0.419843
FIRE:  819 14:22:50  -373112.312500        0.419813
FIRE:  820 14:22:50  -373112.312500        0.419880
FIRE:  821 14:22:50  -373112.343750        0.420295
FIRE:  822 14:22:51  -373112.312500        0.421262
FIRE:  823 14:22:51  -373112.343750        0.422829
FIRE:  824 14:22:51  -373112.312500        0.424804
FIRE:  825 14:22:51  -373112.312500        0.426735
FIRE:  826 14:22:51  -373112.343750        0.428428
FIRE:  827 14:22:51  -373112.343750        0.429410
FIRE:  828 14:22:51  -373112.375000        0.429565
FIRE:  829 14:22:51  -373112.343750        0.429305
FIRE:  830 14:22:51  -373112.375000        0.429481
FIRE:  831 14:22:51  -373112.343750        0.430735
FIRE:  832 14:22:51  -373112.375000        0.432820
FIRE:  833 14:22:51  -373112.406250        0.435738
FIRE:  834 14:22:51  -373112.406250        0.439915
FIRE:  835 14:22:51  -373112.375000        0.443353
FIRE:  836 14:22:51  -373112.406250        0.441998
FIRE:  837 14:22:52  -373112.468750        0.435417
FIRE:  838 14:22:52  -373112.437500        0.427577
FIRE:  839 14:22:52  -373112.468750        0.418328
FIRE:  840 14:22:52  -373112.531250        0.393870
FIRE:  841 14:22:52  -373112.562500        0.345884
FIRE:  842 14:22:52  -373112.593750        0.298566
FIRE:  843 14:22:52  -373112.656250        0.488605
FIRE:  844 14:22:52  -373112.656250        0.997112
FIRE:  845 14:22:52  -373112.687500        0.255362
FIRE:  846 14:22:52  -373112.687500        0.711743
FIRE:  847 14:22:52  -373112.656250        0.564425
FIRE:  848 14:22:52  -373112.656250        0.303905
FIRE:  849 14:22:52  -373112.687500        0.190586
FIRE:  850 14:22:52  -373112.656250        0.286191
FIRE:  851 14:22:52  -373112.656250        0.272799
FIRE:  852 14:22:52  -373112.687500        0.246654
FIRE:  853 14:22:52  -373112.687500        0.209017
FIRE:  854 14:22:53  -373112.687500        0.190635
FIRE:  855 14:22:53  -373112.687500        0.190483
FIRE:  856 14:22:53  -373112.656250        0.190353
FIRE:  857 14:22:53  -373112.656250        0.190285
FIRE:  858 14:22:53  -373112.687500        0.190293
FIRE:  859 14:22:53  -373112.656250        0.190423
FIRE:  860 14:22:53  -373112.656250        0.190728
FIRE:  861 14:22:53  -373112.656250        0.191227
FIRE:  862 14:22:53  -373112.656250        0.191957
FIRE:  863 14:22:53  -373112.687500        0.192944
FIRE:  864 14:22:53  -373112.656250        0.194201
FIRE:  865 14:22:53  -373112.687500        0.195666
FIRE:  866 14:22:53  -373112.656250        0.197237
FIRE:  867 14:22:53  -373112.718750        0.198762
FIRE:  868 14:22:53  -373112.718750        0.199953
FIRE:  869 14:22:53  -373112.687500        0.200481
FIRE:  870 14:22:53  -373112.687500        0.199825
FIRE:  871 14:22:54  -373112.687500        0.197398
FIRE:  872 14:22:54  -373112.687500        0.193333
FIRE:  873 14:22:54  -373112.687500        0.188013
FIRE:  874 14:22:54  -373112.750000        0.183347
FIRE:  875 14:22:54  -373112.718750        0.180336
FIRE:  876 14:22:54  -373112.750000        0.177049
FIRE:  877 14:22:54  -373112.718750        0.171792
FIRE:  878 14:22:54  -373112.687500        0.251306
FIRE:  879 14:22:54  -373112.750000        0.598579
FIRE:  880 14:22:54  -373112.718750        1.441303
FIRE:  881 14:22:54  -373112.750000        0.148518
FIRE:  882 14:22:54  -373112.750000        1.385252
FIRE:  883 14:22:54  -373112.750000        1.015414
FIRE:  884 14:22:54  -373112.750000        0.394800
FIRE:  885 14:22:54  -373112.718750        0.293346
FIRE:  886 14:22:54  -373112.750000        0.276090
FIRE:  887 14:22:54  -373112.718750        0.242603
FIRE:  888 14:22:55  -373112.750000        0.194909
FIRE:  889 14:22:55  -373112.750000        0.146574
FIRE:  890 14:22:55  -373112.750000        0.146517
FIRE:  891 14:22:55  -373112.750000        0.146460
FIRE:  892 14:22:55  -373112.750000        0.146396
FIRE:  893 14:22:55  -373112.750000        0.146328
FIRE:  894 14:22:55  -373112.750000        0.146239
FIRE:  895 14:22:55  -373112.718750        0.146260
FIRE:  896 14:22:55  -373112.750000        0.146056
FIRE:  897 14:22:55  -373112.750000        0.145940
FIRE:  898 14:22:55  -373112.718750        0.145783
FIRE:  899 14:22:55  -373112.750000        0.145538
FIRE:  900 14:22:55  -373112.718750        0.145182
FIRE:  901 14:22:55  -373112.718750        0.144649
FIRE:  902 14:22:55  -373112.750000        0.143891
FIRE:  903 14:22:55  -373112.781250        0.142862
FIRE:  904 14:22:56  -373112.781250        0.141610
FIRE:  905 14:22:56  -373112.750000        0.140086
FIRE:  906 14:22:56  -373112.781250        0.138291
FIRE:  907 14:22:56  -373112.843750        0.136226
FIRE:  908 14:22:56  -373112.812500        0.133680
FIRE:  909 14:22:56  -373112.812500        0.130692
FIRE:  910 14:22:56  -373112.843750        0.128719
FIRE:  911 14:22:56  -373112.781250        0.126730
FIRE:  912 14:22:56  -373112.812500        0.248322
FIRE:  913 14:22:56  -373112.843750        0.578018
FIRE:  914 14:22:56  -373112.843750        1.399924
FIRE:  915 14:22:56  -373112.906250        0.121430
FIRE:  916 14:22:56  -373112.875000        1.367388
FIRE:  917 14:22:56  -373112.906250        0.990786
FIRE:  918 14:22:56  -373112.875000        0.362236
FIRE:  919 14:22:56  -373112.875000        0.328083
FIRE:  920 14:22:56  -373112.906250        0.308146
FIRE:  921 14:22:57  -373112.875000        0.269443
FIRE:  922 14:22:57  -373112.875000        0.214360
FIRE:  923 14:22:57  -373112.875000        0.146575
FIRE:  924 14:22:57  -373112.875000        0.120057
FIRE:  925 14:22:57  -373112.875000        0.120064
FIRE:  926 14:22:57  -373112.875000        0.120055
FIRE:  927 14:22:57  -373112.875000        0.127458
FIRE:  928 14:22:57  -373112.906250        0.161937
FIRE:  929 14:22:57  -373112.875000        0.166658
FIRE:  930 14:22:57  -373112.906250        0.135350
FIRE:  931 14:22:57  -373112.906250        0.119336
FIRE:  932 14:22:57  -373112.875000        0.119032
FIRE:  933 14:22:57  -373112.875000        0.118730
FIRE:  934 14:22:57  -373112.875000        0.144803
FIRE:  935 14:22:57  -373112.906250        0.118216
FIRE:  936 14:22:57  -373112.906250        0.118065
FIRE:  937 14:22:57  -373112.906250        0.117931
FIRE:  938 14:22:58  -373112.875000        0.117688
FIRE:  939 14:22:58  -373112.875000        0.117300
FIRE:  940 14:22:58  -373112.906250        0.118192
FIRE:  941 14:22:58  -373112.875000        0.116689
FIRE:  942 14:22:58  -373112.906250        0.116298
FIRE:  943 14:22:58  -373112.875000        0.114993
FIRE:  944 14:22:58  -373112.875000        0.113722
FIRE:  945 14:22:58  -373112.875000        0.112288
FIRE:  946 14:22:58  -373112.875000        0.256093
FIRE:  947 14:22:58  -373112.906250        0.593896
FIRE:  948 14:22:58  -373112.906250        1.456817
FIRE:  949 14:22:58  -373112.906250        0.106675
FIRE:  950 14:22:58  -373112.906250        1.439000
FIRE:  951 14:22:58  -373112.906250        1.027939
FIRE:  952 14:22:58  -373112.906250        0.347937
FIRE:  953 14:22:58  -373112.906250        0.387959
FIRE:  954 14:22:58  -373112.906250        0.363581
FIRE:  955 14:22:59  -373112.875000        0.316273
FIRE:  956 14:22:59  -373112.906250        0.248964
FIRE:  957 14:22:59  -373112.906250        0.166053
FIRE:  958 14:22:59  -373112.906250        0.105309
FIRE:  959 14:22:59  -373112.906250        0.105372
FIRE:  960 14:22:59  -373112.906250        0.105410
FIRE:  961 14:22:59  -373112.906250        0.163189
FIRE:  962 14:22:59  -373112.906250        0.200557
FIRE:  963 14:22:59  -373112.906250        0.201887
FIRE:  964 14:22:59  -373112.906250        0.160541
FIRE:  965 14:22:59  -373112.875000        0.104777
FIRE:  966 14:22:59  -373112.906250        0.104362
FIRE:  967 14:22:59  -373112.906250        0.134212
FIRE:  968 14:22:59  -373112.906250        0.171585
FIRE:  969 14:23:00  -373112.875000        0.119922
FIRE:  970 14:23:00  -373112.906250        0.102847
FIRE:  971 14:23:00  -373112.906250        0.125367
FIRE:  972 14:23:00  -373112.906250        0.106337
FIRE:  973 14:23:00  -373112.906250        0.101159
FIRE:  974 14:23:00  -373112.906250        0.137258
FIRE:  975 14:23:00  -373112.968750        0.099434
FIRE:  976 14:23:00  -373112.937500        0.118988
FIRE:  977 14:23:00  -373112.968750        0.097850
FIRE:  978 14:23:00  -373112.937500        0.095267
FIRE:  979 14:23:00  -373112.937500        0.108663
FIRE:  980 14:23:00  -373113.000000        0.293867
FIRE:  981 14:23:00  -373113.031250        0.649421
FIRE:  982 14:23:00  -373113.000000        0.089255
FIRE:  983 14:23:01  -373113.000000        0.543041
FIRE:  984 14:23:01  -373113.031250        0.427195
FIRE:  985 14:23:01  -373113.000000        0.218326
FIRE:  986 14:23:01  -373113.031250        0.089001
FIRE:  987 14:23:01  -373113.031250        0.253855
FIRE:  988 14:23:01  -373113.000000        0.239011
FIRE:  989 14:23:01  -373113.000000        0.210256
FIRE:  990 14:23:01  -373113.000000        0.169339
FIRE:  991 14:23:01  -373113.031250        0.118961
FIRE:  992 14:23:01  -373113.031250        0.088785
FIRE:  993 14:23:01  -373113.000000        0.088696
FIRE:  994 14:23:01  -373113.000000        0.088606
FIRE:  995 14:23:01  -373113.031250        0.095007
FIRE:  996 14:23:01  -373113.000000        0.128965
FIRE:  997 14:23:02  -373113.000000        0.143469
FIRE:  998 14:23:02  -373113.031250        0.133016
FIRE:  999 14:23:02  -373113.000000        0.094628
FIRE:  1000 14:23:02  -373113.000000        0.088147
      Step     Time          Energy          fmax
FIRE:    0 14:23:03  -373096.593750        3.411977
FIRE:    1 14:23:03  -373097.687500        2.184494
FIRE:    2 14:23:05  -373098.468750        2.321818
FIRE:    3 14:23:05  -373099.343750        1.682537
FIRE:    4 14:23:05  -373100.031250        1.764748
FIRE:    5 14:23:05  -373100.562500        1.576431
FIRE:    6 14:23:05  -373101.156250        1.813193
FIRE:    7 14:23:06  -373101.625000        1.767484
FIRE:    8 14:23:06  -373102.000000        1.623340
FIRE:    9 14:23:06  -373102.593750        1.835244
FIRE:   10 14:23:06  -373103.000000        1.979098
FIRE:   11 14:23:07  -373103.468750        2.297549
FIRE:   12 14:23:07  -373104.031250        2.405938
FIRE:   13 14:23:07  -373104.593750        2.447735
FIRE:   14 14:23:07  -373105.187500        2.539174
FIRE:   15 14:23:07  -373105.687500        2.109032
FIRE:   16 14:23:07  -373106.062500        1.459615
FIRE:   17 14:23:07  -373106.093750        3.817887
FIRE:   18 14:23:07  -373106.437500        1.330987
FIRE:   19 14:23:08  -373106.500000        2.006482
FIRE:   20 14:23:08  -373106.593750        1.521917
FIRE:   21 14:23:08  -373106.593750        1.339986
FIRE:   22 14:23:08  -373106.687500        1.087208
FIRE:   23 14:23:08  -373106.687500        0.966436
FIRE:   24 14:23:08  -373106.718750        1.350553
FIRE:   25 14:23:08  -373106.812500        1.356011
FIRE:   26 14:23:08  -373106.843750        0.993286
FIRE:   27 14:23:08  -373106.906250        0.570924
FIRE:   28 14:23:08  -373106.968750        0.628545
FIRE:   29 14:23:08  -373107.031250        0.831114
FIRE:   30 14:23:10  -373107.156250        0.658480
FIRE:   31 14:23:10  -373107.218750        0.640375
FIRE:   32 14:23:10  -373107.281250        0.768969
FIRE:   33 14:23:10  -373107.437500        0.537081
FIRE:   34 14:23:10  -373107.562500        0.586622
FIRE:   35 14:23:10  -373107.687500        1.488268
FIRE:   36 14:23:10  -373107.625000        3.464773
FIRE:   37 14:23:10  -373107.812500        0.555219
FIRE:   38 14:23:10  -373107.687500        3.928940
FIRE:   39 14:23:10  -373107.750000        2.632965
FIRE:   40 14:23:10  -373107.781250        0.674999
FIRE:   41 14:23:10  -373107.812500        1.197694
FIRE:   42 14:23:10  -373107.812500        1.123322
FIRE:   43 14:23:10  -373107.812500        0.978173
FIRE:   44 14:23:10  -373107.812500        0.769692
FIRE:   45 14:23:10  -373107.781250        0.510241
FIRE:   46 14:23:11  -373107.843750        0.352834
FIRE:   47 14:23:11  -373107.875000        0.344991
FIRE:   48 14:23:11  -373107.843750        0.356870
FIRE:   49 14:23:11  -373107.875000        0.564388
FIRE:   50 14:23:11  -373107.843750        0.681760
FIRE:   51 14:23:11  -373107.875000        0.674062
FIRE:   52 14:23:11  -373107.812500        0.519415
FIRE:   53 14:23:11  -373107.843750        0.285731
FIRE:   54 14:23:11  -373107.875000        0.274946
FIRE:   55 14:23:11  -373107.875000        0.457913
FIRE:   56 14:23:11  -373107.875000        0.542218
FIRE:   57 14:23:11  -373107.906250        0.339763
FIRE:   58 14:23:11  -373107.906250        0.227523
FIRE:   59 14:23:11  -373107.906250        0.446390
FIRE:   60 14:23:12  -373107.937500        0.306278
FIRE:   61 14:23:12  -373107.968750        0.254487
FIRE:   62 14:23:12  -373108.000000        0.416701
FIRE:   63 14:23:12  -373108.031250        0.170448
FIRE:   64 14:23:12  -373108.062500        0.328989
FIRE:   65 14:23:12  -373108.093750        0.435963
FIRE:   66 14:23:12  -373108.218750        0.202787
FIRE:   67 14:23:12  -373108.250000        0.235082
FIRE:   68 14:23:12  -373108.343750        0.600019
FIRE:   69 14:23:12  -373108.406250        1.622799
FIRE:   70 14:23:12  -373108.437500        0.167404
FIRE:   71 14:23:12  -373108.437500        1.590301
FIRE:   72 14:23:12  -373108.437500        1.174401
FIRE:   73 14:23:12  -373108.406250        0.481070
FIRE:   74 14:23:13  -373108.406250        0.302511
FIRE:   75 14:23:13  -373108.406250        0.286238
FIRE:   76 14:23:13  -373108.437500        0.254857
FIRE:   77 14:23:13  -373108.406250        0.210229
FIRE:   78 14:23:13  -373108.406250        0.155519
FIRE:   79 14:23:13  -373108.437500        0.120638
FIRE:   80 14:23:13  -373108.437500        0.121178
FIRE:   81 14:23:13  -373108.437500        0.121671
FIRE:   82 14:23:13  -373108.406250        0.141155
FIRE:   83 14:23:13  -373108.468750        0.176186
FIRE:   84 14:23:13  -373108.437500        0.186004
FIRE:   85 14:23:13  -373108.437500        0.163188
FIRE:   86 14:23:13  -373108.437500        0.121150
FIRE:   87 14:23:13  -373108.406250        0.120155
FIRE:   88 14:23:14  -373108.437500        0.119218
FIRE:   89 14:23:14  -373108.437500        0.138702
FIRE:   90 14:23:14  -373108.468750        0.118680
FIRE:   91 14:23:14  -373108.468750        0.119248
FIRE:   92 14:23:14  -373108.468750        0.131364
FIRE:   93 14:23:14  -373108.437500        0.119002
FIRE:   94 14:23:14  -373108.500000        0.117002
FIRE:   95 14:23:14  -373108.500000        0.119586
FIRE:   96 14:23:14  -373108.531250        0.115487
FIRE:   97 14:23:14  -373108.562500        0.140542
FIRE:   98 14:23:14  -373108.562500        0.188023
FIRE:   99 14:23:14  -373108.562500        0.109390
FIRE:  100 14:23:14  -373108.687500        0.128487
FIRE:  101 14:23:14  -373108.718750        0.204118
FIRE:  102 14:23:15  -373108.718750        0.612735
FIRE:  103 14:23:15  -373108.781250        1.791892
FIRE:  104 14:23:15  -373108.781250        0.131745
FIRE:  105 14:23:15  -373108.781250        1.816800
FIRE:  106 14:23:15  -373108.781250        1.315948
FIRE:  107 14:23:15  -373108.812500        0.491010
FIRE:  108 14:23:15  -373108.781250        0.402011
FIRE:  109 14:23:15  -373108.812500        0.379219
FIRE:  110 14:23:15  -373108.812500        0.334969
FIRE:  111 14:23:15  -373108.843750        0.272028
FIRE:  112 14:23:15  -373108.812500        0.194867
FIRE:  113 14:23:15  -373108.843750        0.112535
FIRE:  114 14:23:15  -373108.843750        0.112603
FIRE:  115 14:23:15  -373108.812500        0.113836
FIRE:  116 14:23:16  -373108.781250        0.185731
FIRE:  117 14:23:16  -373108.843750        0.231940
FIRE:  118 14:23:16  -373108.812500        0.239577
FIRE:  119 14:23:16  -373108.843750        0.199745
FIRE:  120 14:23:16  -373108.843750        0.114910
FIRE:  121 14:23:16  -373108.843750        0.113261
FIRE:  122 14:23:16  -373108.843750        0.143337
FIRE:  123 14:23:16  -373108.843750        0.178356
FIRE:  124 14:23:16  -373108.843750        0.124676
FIRE:  125 14:23:16  -373108.812500        0.114526
FIRE:  126 14:23:16  -373108.875000        0.168579
FIRE:  127 14:23:16  -373108.843750        0.128756
FIRE:  128 14:23:16  -373108.843750        0.116487
FIRE:  129 14:23:16  -373108.843750        0.142830
FIRE:  130 14:23:17  -373108.875000        0.118542
FIRE:  131 14:23:17  -373108.906250        0.133761
FIRE:  132 14:23:17  -373108.937500        0.150990
FIRE:  133 14:23:17  -373108.968750        0.123320
FIRE:  134 14:23:17  -373109.000000        0.125881
FIRE:  135 14:23:17  -373109.000000        0.129741
FIRE:  136 14:23:17  -373109.031250        0.374825
FIRE:  137 14:23:17  -373109.062500        1.187682
FIRE:  138 14:23:17  -373108.937500        3.351334
FIRE:  139 14:23:17  -373109.125000        0.851235
FIRE:  140 14:23:17  -373109.125000        0.591272
FIRE:  141 14:23:17  -373109.125000        0.178555
FIRE:  142 14:23:17  -373109.156250        0.358707
FIRE:  143 14:23:17  -373109.156250        0.331559
FIRE:  144 14:23:17  -373109.156250        0.279674
FIRE:  145 14:23:18  -373109.156250        0.208522
FIRE:  146 14:23:18  -373109.156250        0.150591
FIRE:  147 14:23:18  -373109.125000        0.150434
FIRE:  148 14:23:18  -373109.156250        0.150262
FIRE:  149 14:23:18  -373109.125000        0.150084
FIRE:  150 14:23:18  -373109.125000        0.180864
FIRE:  151 14:23:18  -373109.156250        0.188383
FIRE:  152 14:23:18  -373109.187500        0.159987
FIRE:  153 14:23:18  -373109.187500        0.149339
FIRE:  154 14:23:18  -373109.156250        0.149208
FIRE:  155 14:23:18  -373109.187500        0.149134
FIRE:  156 14:23:18  -373109.187500        0.164760
FIRE:  157 14:23:18  -373109.187500        0.149270
FIRE:  158 14:23:18  -373109.156250        0.149622
FIRE:  159 14:23:19  -373109.187500        0.150238
FIRE:  160 14:23:19  -373109.218750        0.151216
FIRE:  161 14:23:19  -373109.218750        0.152672
FIRE:  162 14:23:19  -373109.187500        0.154684
FIRE:  163 14:23:19  -373109.218750        0.157345
FIRE:  164 14:23:19  -373109.218750        0.160852
FIRE:  165 14:23:19  -373109.250000        0.165070
FIRE:  166 14:23:19  -373109.281250        0.178327
FIRE:  167 14:23:19  -373109.250000        0.190429
FIRE:  168 14:23:19  -373109.312500        0.244414
FIRE:  169 14:23:19  -373109.375000        0.788609
FIRE:  170 14:23:19  -373109.406250        2.253960
FIRE:  171 14:23:19  -373109.437500        0.183630
FIRE:  172 14:23:19  -373109.406250        2.417935
FIRE:  173 14:23:20  -373109.406250        1.677206
FIRE:  174 14:23:20  -373109.437500        0.500623
FIRE:  175 14:23:20  -373109.468750        0.697825
FIRE:  176 14:23:20  -373109.437500        0.651576
FIRE:  177 14:23:20  -373109.437500        0.561619
FIRE:  178 14:23:20  -373109.437500        0.441226
FIRE:  179 14:23:20  -373109.468750        0.298155
FIRE:  180 14:23:20  -373109.437500        0.185990
FIRE:  181 14:23:20  -373109.437500        0.186261
FIRE:  182 14:23:20  -373109.468750        0.233121
FIRE:  183 14:23:20  -373109.468750        0.352708
FIRE:  184 14:23:20  -373109.437500        0.418789
FIRE:  185 14:23:20  -373109.468750        0.410929
FIRE:  186 14:23:20  -373109.437500        0.317490
FIRE:  187 14:23:21  -373109.437500        0.189174
FIRE:  188 14:23:21  -373109.406250        0.190003
FIRE:  189 14:23:21  -373109.406250        0.259166
FIRE:  190 14:23:21  -373109.406250        0.294052
FIRE:  191 14:23:21  -373109.406250        0.193793
FIRE:  192 14:23:21  -373109.437500        0.195640
FIRE:  193 14:23:21  -373109.437500        0.293607
FIRE:  194 14:23:21  -373109.406250        0.200317
FIRE:  195 14:23:21  -373109.531250        0.203136
FIRE:  196 14:23:21  -373109.500000        0.219583
FIRE:  197 14:23:21  -373109.562500        0.208881
FIRE:  198 14:23:21  -373109.562500        0.228538
FIRE:  199 14:23:21  -373109.562500        0.267508
FIRE:  200 14:23:21  -373109.562500        0.301379
FIRE:  201 14:23:21  -373109.656250        0.358102
FIRE:  202 14:23:21  -373109.718750        0.443984
FIRE:  203 14:23:21  -373109.750000        0.602783
FIRE:  204 14:23:21  -373109.937500        1.023641
FIRE:  205 14:23:21  -373110.000000        4.226728
FIRE:  206 14:23:22  -373110.187500        1.830232
FIRE:  207 14:23:22  -373110.187500        1.272961
FIRE:  208 14:23:22  -373110.250000        1.108791
FIRE:  209 14:23:22  -373110.250000        1.105771
FIRE:  210 14:23:22  -373110.250000        1.106502
FIRE:  211 14:23:22  -373110.250000        1.107958
FIRE:  212 14:23:22  -373110.281250        1.110169
FIRE:  213 14:23:22  -373110.250000        1.113109
FIRE:  214 14:23:22  -373110.281250        1.116708
FIRE:  215 14:23:22  -373110.250000        1.120775
FIRE:  216 14:23:22  -373110.281250        1.125062
FIRE:  217 14:23:22  -373110.312500        1.129839
FIRE:  218 14:23:22  -373110.281250        1.135398
FIRE:  219 14:23:22  -373110.343750        1.143850
FIRE:  220 14:23:22  -373110.343750        1.161883
FIRE:  221 14:23:22  -373110.375000        1.200207
FIRE:  222 14:23:22  -373110.406250        1.251301
FIRE:  223 14:23:23  -373110.406250        1.380249
FIRE:  224 14:23:23  -373110.468750        0.589923
FIRE:  225 14:23:23  -373110.500000        0.788499
FIRE:  226 14:23:23  -373110.531250        0.723247
FIRE:  227 14:23:23  -373110.593750        0.639779
FIRE:  228 14:23:23  -373110.656250        0.533032
FIRE:  229 14:23:23  -373110.718750        0.345552
FIRE:  230 14:23:23  -373110.781250        0.304798
FIRE:  231 14:23:23  -373110.781250        0.598819
FIRE:  232 14:23:23  -373110.750000        0.572399
FIRE:  233 14:23:23  -373110.750000        0.523113
FIRE:  234 14:23:23  -373110.750000        0.457439
FIRE:  235 14:23:23  -373110.781250        0.383589
FIRE:  236 14:23:23  -373110.781250        0.309067
FIRE:  237 14:23:23  -373110.812500        0.242792
FIRE:  238 14:23:23  -373110.781250        0.209598
FIRE:  239 14:23:23  -373110.812500        0.216292
FIRE:  240 14:23:24  -373110.781250        0.213627
FIRE:  241 14:23:24  -373110.781250        0.200332
FIRE:  242 14:23:24  -373110.781250        0.196557
FIRE:  243 14:23:24  -373110.843750        0.195434
FIRE:  244 14:23:24  -373110.812500        0.171356
FIRE:  245 14:23:24  -373110.906250        0.193769
FIRE:  246 14:23:24  -373110.812500        0.190163
FIRE:  247 14:23:24  -373110.875000        0.186187
FIRE:  248 14:23:24  -373110.906250        0.278071
FIRE:  249 14:23:24  -373110.906250        0.585085
FIRE:  250 14:23:24  -373110.968750        1.400654
FIRE:  251 14:23:24  -373110.968750        0.229883
FIRE:  252 14:23:24  -373110.968750        1.266804
FIRE:  253 14:23:24  -373111.031250        0.967071
FIRE:  254 14:23:24  -373111.000000        0.454985
FIRE:  255 14:23:24  -373111.000000        0.181102
FIRE:  256 14:23:25  -373111.031250        0.173965
FIRE:  257 14:23:25  -373111.031250        0.160238
FIRE:  258 14:23:25  -373110.968750        0.146772
FIRE:  259 14:23:25  -373111.031250        0.146666
FIRE:  260 14:23:25  -373111.000000        0.146529
FIRE:  261 14:23:25  -373111.000000        0.146360
FIRE:  262 14:23:25  -373111.000000        0.146166
FIRE:  263 14:23:25  -373111.000000        0.145913
FIRE:  264 14:23:25  -373111.000000        0.145590
FIRE:  265 14:23:25  -373111.000000        0.145185
FIRE:  266 14:23:25  -373111.031250        0.144682
FIRE:  267 14:23:25  -373110.968750        0.144088
FIRE:  268 14:23:25  -373110.968750        0.143383
FIRE:  269 14:23:25  -373110.937500        0.142585
FIRE:  270 14:23:25  -373110.968750        0.141725
FIRE:  271 14:23:25  -373111.031250        0.140826
FIRE:  272 14:23:25  -373110.968750        0.139914
FIRE:  273 14:23:26  -373111.000000        0.139003
FIRE:  274 14:23:26  -373111.031250        0.138058
FIRE:  275 14:23:26  -373111.000000        0.137041
FIRE:  276 14:23:26  -373111.000000        0.135974
FIRE:  277 14:23:26  -373111.031250        0.134883
FIRE:  278 14:23:26  -373111.000000        0.133491
FIRE:  279 14:23:26  -373111.062500        0.131274
FIRE:  280 14:23:26  -373111.062500        0.128494
FIRE:  281 14:23:26  -373111.093750        0.125439
FIRE:  282 14:23:26  -373111.156250        0.187565
FIRE:  283 14:23:26  -373111.156250        0.479410
FIRE:  284 14:23:26  -373111.187500        1.207716
FIRE:  285 14:23:26  -373111.156250        3.848368
FIRE:  286 14:23:26  -373111.250000        0.862072
FIRE:  287 14:23:26  -373111.250000        0.650350
FIRE:  288 14:23:26  -373111.250000        0.274020
FIRE:  289 14:23:27  -373111.218750        0.288682
FIRE:  290 14:23:27  -373111.218750        0.270874
FIRE:  291 14:23:27  -373111.250000        0.236645
FIRE:  292 14:23:27  -373111.250000        0.189055
FIRE:  293 14:23:27  -373111.250000        0.132725
FIRE:  294 14:23:27  -373111.250000        0.105755
FIRE:  295 14:23:27  -373111.250000        0.105451
FIRE:  296 14:23:27  -373111.218750        0.117331
FIRE:  297 14:23:27  -373111.218750        0.146745
FIRE:  298 14:23:27  -373111.250000        0.160068
FIRE:  299 14:23:27  -373111.218750        0.150669
FIRE:  300 14:23:27  -373111.218750        0.116017
FIRE:  301 14:23:27  -373111.218750        0.104097
FIRE:  302 14:23:27  -373111.250000        0.103970
FIRE:  303 14:23:27  -373111.250000        0.132185
FIRE:  304 14:23:28  -373111.281250        0.123301
FIRE:  305 14:23:28  -373111.281250        0.103096
FIRE:  306 14:23:28  -373111.281250        0.102750
FIRE:  307 14:23:28  -373111.250000        0.120399
FIRE:  308 14:23:28  -373111.281250        0.102665
FIRE:  309 14:23:28  -373111.250000        0.119883
FIRE:  310 14:23:28  -373111.281250        0.102403
FIRE:  311 14:23:28  -373111.281250        0.119221
FIRE:  312 14:23:28  -373111.281250        0.102016
FIRE:  313 14:23:28  -373111.281250        0.101876
FIRE:  314 14:23:28  -373111.312500        0.158648
FIRE:  315 14:23:28  -373111.343750        0.280993
FIRE:  316 14:23:28  -373111.312500        0.559364
FIRE:  317 14:23:28  -373111.375000        1.491636
FIRE:  318 14:23:28  -373111.375000        0.100199
FIRE:  319 14:23:28  -373111.375000        1.197927
FIRE:  320 14:23:28  -373111.375000        0.926784
FIRE:  321 14:23:28  -373111.375000        0.432880
FIRE:  322 14:23:29  -373111.406250        0.190311
FIRE:  323 14:23:29  -373111.406250        0.180652
FIRE:  324 14:23:29  -373111.406250        0.161961
FIRE:  325 14:23:29  -373111.375000        0.135876
FIRE:  326 14:23:29  -373111.406250        0.104912
FIRE:  327 14:23:29  -373111.375000        0.100182
FIRE:  328 14:23:29  -373111.375000        0.099658
