      Step     Time          Energy          fmax
FIRE:    0 14:26:26  -968112.625000        6.202945
FIRE:    1 14:26:27  -968113.437500        4.544192
FIRE:    2 14:26:29  -968115.000000        4.611300
FIRE:    3 14:26:29  -968117.000000        5.184683
FIRE:    4 14:26:29  -968118.125000        5.056506
FIRE:    5 14:26:29  -968119.687500        3.835321
FIRE:    6 14:26:29  -968121.812500        3.053144
FIRE:    7 14:26:29  -968121.062500        5.019457
FIRE:    8 14:26:29  -968121.750000        3.799561
FIRE:    9 14:26:30  -968123.375000        1.865343
FIRE:   10 14:26:32  -968122.875000        2.598993
FIRE:   11 14:26:32  -968122.625000        3.289262
FIRE:   12 14:26:32  -968124.562500        2.684192
FIRE:   13 14:26:32  -968125.062500        2.035461
FIRE:   14 14:26:32  -968125.312500        2.628181
FIRE:   15 14:26:32  -968125.875000        2.576218
FIRE:   16 14:26:32  -968126.250000        1.679208
FIRE:   17 14:26:32  -968125.187500        2.066096
FIRE:   18 14:26:32  -968126.187500        2.088180
FIRE:   19 14:26:33  -968126.625000        1.415537
FIRE:   20 14:26:33  -968127.250000        1.727436
FIRE:   21 14:26:33  -968128.750000        1.710534
FIRE:   22 14:26:33  -968127.875000        1.084545
FIRE:   23 14:26:33  -968127.812500        1.428141
FIRE:   24 14:26:33  -968127.875000        0.985963
FIRE:   25 14:26:33  -968129.562500        1.292818
FIRE:   26 14:26:33  -968129.875000        1.446111
FIRE:   27 14:26:33  -968130.687500        2.750700
FIRE:   28 14:26:33  -968131.500000        4.175833
FIRE:   29 14:26:33  -968132.562500        4.183532
FIRE:   30 14:26:33  -968131.812500        2.819219
FIRE:   31 14:26:33  -968133.062500        5.715113
FIRE:   32 14:26:33  -968134.375000        3.081617
FIRE:   33 14:26:34  -968134.625000        2.359586
FIRE:   34 14:26:34  -968134.750000        3.047813
FIRE:   35 14:26:34  -968134.437500        8.538654
FIRE:   36 14:26:34  -968134.750000        4.419048
FIRE:   37 14:26:34  -968135.062500        1.028641
FIRE:   38 14:26:34  -968134.812500        5.843846
FIRE:   39 14:26:34  -968135.062500        3.285030
FIRE:   40 14:26:34  -968135.125000        0.502956
FIRE:   41 14:26:34  -968135.125000        2.497225
FIRE:   42 14:26:34  -968135.125000        2.319719
FIRE:   43 14:26:34  -968135.125000        1.977661
FIRE:   44 14:26:34  -968135.125000        1.496266
FIRE:   45 14:26:34  -968135.187500        0.914445
FIRE:   46 14:26:34  -968135.187500        0.503840
FIRE:   47 14:26:35  -968135.187500        0.501708
FIRE:   48 14:26:35  -968135.187500        0.970773
FIRE:   49 14:26:35  -968135.187500        1.337036
FIRE:   50 14:26:35  -968135.187500        1.460578
FIRE:   51 14:26:35  -968135.250000        1.261326
FIRE:   52 14:26:35  -968135.250000        0.751437
FIRE:   53 14:26:35  -968135.312500        0.502535
FIRE:   54 14:26:35  -968135.312500        0.852800
FIRE:   55 14:26:35  -968135.375000        1.132307
FIRE:   56 14:26:35  -968135.437500        0.858873
FIRE:   57 14:26:35  -968135.125000        0.506126
FIRE:   58 14:26:35  -968135.187500        0.805687
FIRE:   59 14:26:35  -968135.000000        0.790654
FIRE:   60 14:26:35  -968135.312500        0.472723
FIRE:   61 14:26:36  -968135.500000        0.896100
FIRE:   62 14:26:36  -968135.625000        0.398581
FIRE:   63 14:26:36  -968135.812500        0.773338
FIRE:   64 14:26:36  -968136.375000        0.806138
FIRE:   65 14:26:36  -968136.562500        0.226013
FIRE:   66 14:26:36  -968134.875000        0.557917
FIRE:   67 14:26:36  -968135.000000        0.686325
FIRE:   68 14:26:36  -968135.062500        0.320031
FIRE:   69 14:26:36  -968135.187500        0.392695
FIRE:   70 14:26:36  -968136.875000        0.768213
FIRE:   71 14:26:36  -968137.000000        1.232125
FIRE:   72 14:26:36  -968136.812500        1.819193
FIRE:   73 14:26:36  -968137.000000        0.656016
FIRE:   74 14:26:36  -968137.000000        0.837188
FIRE:   75 14:26:37  -968137.062500        0.719804
FIRE:   76 14:26:37  -968136.937500        0.500762
FIRE:   77 14:26:37  -968137.062500        0.222772
FIRE:   78 14:26:37  -968137.062500        0.222204
FIRE:   79 14:26:37  -968137.062500        0.222162
FIRE:   80 14:26:37  -968137.062500        0.222077
FIRE:   81 14:26:37  -968136.937500        0.221950
FIRE:   82 14:26:37  -968137.062500        0.221776
FIRE:   83 14:26:37  -968136.937500        0.221562
FIRE:   84 14:26:37  -968137.062500        0.221306
FIRE:   85 14:26:37  -968137.062500        0.221001
FIRE:   86 14:26:37  -968137.062500        0.220618
FIRE:   87 14:26:37  -968137.062500        0.220133
FIRE:   88 14:26:38  -968137.000000        0.219524
FIRE:   89 14:26:38  -968137.000000        0.218767
FIRE:   90 14:26:38  -968137.062500        0.217835
FIRE:   91 14:26:38  -968136.937500        0.216678
FIRE:   92 14:26:38  -968137.062500        0.215250
FIRE:   93 14:26:38  -968137.000000        0.213477
FIRE:   94 14:26:38  -968137.062500        0.211275
FIRE:   95 14:26:38  -968137.125000        0.208550
FIRE:   96 14:26:38  -968137.000000        0.205192
FIRE:   97 14:26:38  -968137.000000        0.201100
FIRE:   98 14:26:38  -968137.062500        0.196184
FIRE:   99 14:26:38  -968137.187500        0.190414
FIRE:  100 14:26:38  -968137.187500        0.183769
FIRE:  101 14:26:38  -968137.250000        0.190454
FIRE:  102 14:26:39  -968137.625000        0.193611
FIRE:  103 14:26:39  -968137.625000        0.168268
FIRE:  104 14:26:39  -968137.750000        0.163326
FIRE:  105 14:26:39  -968137.812500        0.183672
FIRE:  106 14:26:39  -968137.875000        0.200407
FIRE:  107 14:26:39  -968137.562500        0.204166
FIRE:  108 14:26:39  -968137.625000        0.382479
FIRE:  109 14:26:39  -968137.750000        1.048039
FIRE:  110 14:26:39  -968137.812500        2.005239
FIRE:  111 14:26:39  -968138.000000        0.238342
FIRE:  112 14:26:39  -968138.000000        0.236014
FIRE:  113 14:26:39  -968138.000000        0.231900
FIRE:  114 14:26:39  -968138.000000        0.227177
FIRE:  115 14:26:40  -968138.000000        0.222948
FIRE:  116 14:26:40  -968138.000000        0.220220
FIRE:  117 14:26:40  -968138.000000        0.219529
FIRE:  118 14:26:40  -968138.000000        0.221001
FIRE:  119 14:26:40  -968137.875000        0.227329
FIRE:  120 14:26:40  -968138.000000        0.237429
FIRE:  121 14:26:40  -968138.062500        0.249598
FIRE:  122 14:26:40  -968138.062500        0.261613
FIRE:  123 14:26:40  -968138.062500        0.271556
FIRE:  124 14:26:40  -968138.062500        0.280739
FIRE:  125 14:26:40  -968138.500000        0.293460
FIRE:  126 14:26:40  -968138.062500        0.312532
FIRE:  127 14:26:40  -968138.062500        0.337541
FIRE:  128 14:26:40  -968136.500000        0.369710
FIRE:  129 14:26:41  -968136.687500        0.409262
FIRE:  130 14:26:41  -968136.750000        0.480553
FIRE:  131 14:26:41  -968137.125000        0.571821
FIRE:  132 14:26:41  -968137.250000        0.752493
FIRE:  133 14:26:41  -968137.250000        1.845869
FIRE:  134 14:26:41  -968137.125000        0.417808
FIRE:  135 14:26:41  -968137.125000        0.400706
FIRE:  136 14:26:41  -968137.125000        0.368007
FIRE:  137 14:26:41  -968137.375000        0.322254
FIRE:  138 14:26:41  -968137.125000        0.300093
FIRE:  139 14:26:41  -968137.187500        0.309024
FIRE:  140 14:26:41  -968137.187500        0.207920
FIRE:  141 14:26:41  -968137.187500        0.230215
FIRE:  142 14:26:41  -968138.312500        0.241184
FIRE:  143 14:26:42  -968138.312500        0.250366
FIRE:  144 14:26:42  -968138.250000        0.231182
FIRE:  145 14:26:42  -968138.375000        0.203109
FIRE:  146 14:26:42  -968138.375000        0.221010
FIRE:  147 14:26:42  -968138.375000        0.234752
FIRE:  148 14:26:42  -968138.375000        0.237270
FIRE:  149 14:26:42  -968139.437500        0.232770
FIRE:  150 14:26:42  -968139.437500        0.220443
FIRE:  151 14:26:42  -968139.500000        0.264773
FIRE:  152 14:26:42  -968139.500000        0.285917
FIRE:  153 14:26:42  -968139.562500        0.392568
FIRE:  154 14:26:42  -968137.500000        0.814189
FIRE:  155 14:26:42  -968139.562500        2.146437
FIRE:  156 14:26:42  -968139.687500        0.237082
FIRE:  157 14:26:43  -968139.687500        0.181218
FIRE:  158 14:26:43  -968139.687500        0.136298
FIRE:  159 14:26:43  -968139.687500        0.136117
FIRE:  160 14:26:43  -968139.687500        0.155807
FIRE:  161 14:26:43  -968139.687500        0.178641
FIRE:  162 14:26:43  -968139.687500        0.140829
FIRE:  163 14:26:43  -968139.750000        0.134096
FIRE:  164 14:26:43  -968139.750000        0.131827
FIRE:  165 14:26:43  -968139.750000        0.144411
FIRE:  166 14:26:43  -968137.812500        0.122678
FIRE:  167 14:26:43  -968137.625000        0.117169
FIRE:  168 14:26:43  -968137.687500        0.130692
FIRE:  169 14:26:43  -968138.437500        0.110995
FIRE:  170 14:26:43  -968139.375000        0.128940
FIRE:  171 14:26:44  -968138.437500        0.107460
FIRE:  172 14:26:44  -968138.687500        0.133210
FIRE:  173 14:26:44  -968138.687500        0.120395
FIRE:  174 14:26:44  -968139.875000        0.084100
FIRE:  175 14:26:44  -968139.875000        0.081195
FIRE:  176 14:26:44  -968139.937500        0.199427
FIRE:  177 14:26:44  -968139.937500        0.684881
FIRE:  178 14:26:44  -968139.250000        2.516784
FIRE:  179 14:26:44  -968139.500000        0.386545
FIRE:  180 14:26:44  -968139.250000        0.272973
FIRE:  181 14:26:44  -968139.562500        0.086169
FIRE:  182 14:26:44  -968139.500000        0.137772
FIRE:  183 14:26:44  -968139.375000        0.129529
FIRE:  184 14:26:44  -968139.625000        0.113648
FIRE:  185 14:26:44  -968139.437500        0.091602
FIRE:  186 14:26:45  -968139.500000        0.065487
FIRE:  187 14:26:45  -968139.500000        0.051830
FIRE:  188 14:26:45  -968139.312500        0.072770
FIRE:  189 14:26:45  -968139.687500        0.100563
FIRE:  190 14:26:45  -968139.312500        0.119531
FIRE:  191 14:26:45  -968139.687500        0.112924
FIRE:  192 14:26:45  -968139.312500        0.098854
FIRE:  193 14:26:45  -968139.562500        0.078747
FIRE:  194 14:26:45  -968139.500000        0.058723
FIRE:  195 14:26:45  -968139.437500        0.078652
FIRE:  196 14:26:45  -968139.500000        0.092288
FIRE:  197 14:26:45  -968139.500000        0.073901
FIRE:  198 14:26:45  -968140.000000        0.061803
FIRE:  199 14:26:45  -968140.000000        0.067095
FIRE:  200 14:26:46  -968140.000000        0.060523
FIRE:  201 14:26:46  -968140.062500        0.050825
FIRE:  202 14:26:46  -968140.062500        0.073108
FIRE:  203 14:26:46  -968140.062500        0.050930
FIRE:  204 14:26:46  -968140.062500        0.059739
FIRE:  205 14:26:46  -968140.062500        0.062524
FIRE:  206 14:26:46  -968140.062500        0.051169
FIRE:  207 14:26:46  -968140.125000        0.050931
FIRE:  208 14:26:46  -968140.125000        0.060766
FIRE:  209 14:26:46  -968140.187500        0.188276
FIRE:  210 14:26:46  -968139.812500        0.786576
FIRE:  211 14:26:46  -968140.125000        2.810693
FIRE:  212 14:26:46  -968140.250000        0.607447
FIRE:  213 14:26:46  -968139.812500        0.424403
FIRE:  214 14:26:46  -968139.812500        0.118163
FIRE:  215 14:26:47  -968139.875000        0.219588
FIRE:  216 14:26:47  -968140.250000        0.203123
FIRE:  217 14:26:47  -968140.250000        0.171458
FIRE:  218 14:26:47  -968139.812500        0.127291
FIRE:  219 14:26:47  -968140.250000        0.074897
FIRE:  220 14:26:47  -968140.250000        0.046666
