      Step     Time          Energy          fmax
FIRE:    0 06:43:01   -99530.843750        3.655510
FIRE:    1 06:43:02   -99531.625000        1.912093
FIRE:    2 06:43:04   -99532.460938        3.507795
FIRE:    3 06:43:04   -99533.539062        1.976069
FIRE:    4 06:43:04   -99534.328125        1.512899
FIRE:    5 06:43:04   -99534.890625        1.689786
FIRE:    6 06:43:04   -99535.367188        1.684442
FIRE:    7 06:43:05   -99535.750000        0.988219
FIRE:    8 06:43:05   -99536.070312        1.719644
FIRE:    9 06:43:05   -99536.375000        0.934843
FIRE:   10 06:43:05   -99536.671875        1.153678
FIRE:   11 06:43:05   -99536.929688        1.150862
FIRE:   12 06:43:05   -99537.195312        0.905253
FIRE:   13 06:43:06   -99537.507812        0.916631
FIRE:   14 06:43:06   -99537.750000        0.856526
FIRE:   15 06:43:06   -99537.976562        0.860786
FIRE:   16 06:43:06   -99538.171875        0.578556
FIRE:   17 06:43:06   -99538.328125        1.142141
FIRE:   18 06:43:06   -99538.515625        0.735108
FIRE:   19 06:43:06   -99538.679688        0.502563
FIRE:   20 06:43:07   -99538.835938        0.705053
FIRE:   21 06:43:07   -99538.984375        0.898039
FIRE:   22 06:43:07   -99539.140625        1.427857
FIRE:   23 06:43:07   -99539.289062        1.597314
FIRE:   24 06:43:07   -99539.429688        1.988545
FIRE:   25 06:43:07   -99539.546875        2.527379
FIRE:   26 06:43:07   -99537.539062       23.490135
FIRE:   27 06:43:07   -99539.453125        3.692852
FIRE:   28 06:43:07   -99539.601562        2.522544
FIRE:   29 06:43:07   -99539.687500        0.288437
FIRE:   30 06:43:07   -99539.679688        0.249873
FIRE:   31 06:43:07   -99539.671875        0.185995
FIRE:   32 06:43:07   -99539.687500        0.120003
FIRE:   33 06:43:07   -99539.687500        0.119750
FIRE:   34 06:43:07   -99539.687500        0.119356
FIRE:   35 06:43:07   -99539.703125        0.140321
FIRE:   36 06:43:07   -99539.695312        0.144840
FIRE:   37 06:43:07   -99539.718750        0.126987
FIRE:   38 06:43:07   -99539.718750        0.115494
FIRE:   39 06:43:07   -99539.726562        0.115482
FIRE:   40 06:43:08   -99539.742188        0.135097
FIRE:   41 06:43:08   -99539.750000        0.115197
FIRE:   42 06:43:08   -99539.773438        0.114789
FIRE:   43 06:43:08   -99539.812500        0.114593
FIRE:   44 06:43:08   -99539.828125        0.113332
FIRE:   45 06:43:08   -99539.867188        0.112370
FIRE:   46 06:43:08   -99539.898438        0.111248
FIRE:   47 06:43:08   -99539.953125        0.109857
FIRE:   48 06:43:08   -99539.976562        0.108175
FIRE:   49 06:43:08   -99540.039062        0.109369
FIRE:   50 06:43:08   -99540.125000        0.176628
FIRE:   51 06:43:08   -99540.203125        0.342639
FIRE:   52 06:43:08   -99540.328125        0.884640
FIRE:   53 06:43:08   -99540.398438        2.314796
FIRE:   54 06:43:08   -99540.453125        0.129417
FIRE:   55 06:43:08   -99540.429688        2.056837
FIRE:   56 06:43:08   -99540.460938        1.546379
FIRE:   57 06:43:08   -99540.460938        0.662960
FIRE:   58 06:43:09   -99540.484375        0.387387
FIRE:   59 06:43:09   -99540.476562        0.363989
FIRE:   60 06:43:09   -99540.492188        0.318668
FIRE:   61 06:43:09   -99540.437500        0.254709
FIRE:   62 06:43:09   -99540.492188        0.177239
FIRE:   63 06:43:09   -99540.484375        0.097464
FIRE:   64 06:43:09   -99540.468750        0.097509
FIRE:   65 06:43:09   -99540.500000        0.097557
FIRE:   66 06:43:09   -99540.500000        0.151464
FIRE:   67 06:43:09   -99540.500000        0.193652
FIRE:   68 06:43:09   -99540.507812        0.201639
FIRE:   69 06:43:09   -99540.507812        0.166168
FIRE:   70 06:43:09   -99540.515625        0.097645
FIRE:   71 06:43:09   -99540.515625        0.097577
FIRE:   72 06:43:09   -99540.500000        0.122436
FIRE:   73 06:43:09   -99540.507812        0.160592
FIRE:   74 06:43:09   -99540.523438        0.111449
FIRE:   75 06:43:10   -99540.554688        0.097007
FIRE:   76 06:43:10   -99540.562500        0.138339
FIRE:   77 06:43:10   -99540.578125        0.096705
FIRE:   78 06:43:10   -99540.593750        0.096165
FIRE:   79 06:43:10   -99540.601562        0.125144
FIRE:   80 06:43:10   -99540.632812        0.094678
FIRE:   81 06:43:10   -99540.664062        0.108540
FIRE:   82 06:43:10   -99540.671875        0.137421
FIRE:   83 06:43:10   -99540.757812        0.102136
FIRE:   84 06:43:10   -99540.796875        0.090632
FIRE:   85 06:43:10   -99540.906250        0.158607
FIRE:   86 06:43:10   -99540.992188        0.447962
FIRE:   87 06:43:10   -99541.023438        1.251605
FIRE:   88 06:43:10   -99541.085938        0.085197
FIRE:   89 06:43:10   -99541.039062        1.127701
FIRE:   90 06:43:10   -99541.062500        0.845588
FIRE:   91 06:43:10   -99541.085938        0.355572
FIRE:   92 06:43:11   -99541.085938        0.222362
FIRE:   93 06:43:11   -99541.093750        0.208165
FIRE:   94 06:43:11   -99541.093750        0.180835
FIRE:   95 06:43:11   -99541.093750        0.142633
FIRE:   96 06:43:11   -99541.101562        0.098682
FIRE:   97 06:43:11   -99541.101562        0.085030
FIRE:   98 06:43:11   -99541.093750        0.085037
FIRE:   99 06:43:11   -99541.093750        0.085043
FIRE:  100 06:43:11   -99541.101562        0.095038
FIRE:  101 06:43:11   -99541.101562        0.114588
FIRE:  102 06:43:11   -99541.101562        0.113411
FIRE:  103 06:43:11   -99541.109375        0.096113
FIRE:  104 06:43:11   -99541.101562        0.084972
FIRE:  105 06:43:11   -99541.117188        0.084918
FIRE:  106 06:43:11   -99541.109375        0.085812
FIRE:  107 06:43:11   -99541.125000        0.095350
FIRE:  108 06:43:11   -99541.132812        0.084643
FIRE:  109 06:43:11   -99541.132812        0.084505
FIRE:  110 06:43:12   -99541.140625        0.084330
FIRE:  111 06:43:12   -99541.148438        0.084093
FIRE:  112 06:43:12   -99541.164062        0.083773
FIRE:  113 06:43:12   -99541.148438        0.083364
FIRE:  114 06:43:12   -99541.179688        0.082872
FIRE:  115 06:43:12   -99541.195312        0.082303
FIRE:  116 06:43:12   -99541.210938        0.094164
FIRE:  117 06:43:12   -99541.257812        0.101439
FIRE:  118 06:43:12   -99541.281250        0.150904
FIRE:  119 06:43:12   -99541.351562        0.339343
FIRE:  120 06:43:12   -99541.382812        1.028702
FIRE:  121 06:43:12   -99541.390625        3.003180
FIRE:  122 06:43:12   -99541.476562        0.321414
FIRE:  123 06:43:12   -99541.476562        0.249300
FIRE:  124 06:43:12   -99541.484375        0.126381
FIRE:  125 06:43:12   -99541.476562        0.075866
FIRE:  126 06:43:12   -99541.460938        0.164008
FIRE:  127 06:43:13   -99541.484375        0.225256
FIRE:  128 06:43:13   -99541.492188        0.212244
FIRE:  129 06:43:13   -99541.468750        0.136873
FIRE:  130 06:43:13   -99541.492188        0.088082
FIRE:  131 06:43:13   -99541.492188        0.160622
FIRE:  132 06:43:13   -99541.500000        0.152940
FIRE:  133 06:43:13   -99541.507812        0.111774
FIRE:  134 06:43:13   -99541.492188        0.129364
FIRE:  135 06:43:13   -99541.523438        0.116656
FIRE:  136 06:43:13   -99541.515625        0.140823
FIRE:  137 06:43:13   -99541.609375        0.074270
FIRE:  138 06:43:13   -99541.625000        0.160948
FIRE:  139 06:43:15   -99541.585938        0.128089
FIRE:  140 06:43:15   -99541.632812        0.091114
FIRE:  141 06:43:15   -99541.648438        0.130545
FIRE:  142 06:43:15   -99541.687500        0.231860
FIRE:  143 06:43:15   -99541.726562        0.594266
FIRE:  144 06:43:15   -99541.750000        2.232105
FIRE:  145 06:43:15   -99541.789062        0.533374
FIRE:  146 06:43:15   -99541.789062        0.379351
FIRE:  147 06:43:15   -99541.781250        0.118980
FIRE:  148 06:43:15   -99541.789062        0.166336
FIRE:  149 06:43:15   -99541.781250        0.349128
FIRE:  150 06:43:15   -99541.796875        0.379053
FIRE:  151 06:43:15   -99541.789062        0.258085
FIRE:  152 06:43:16   -99541.789062        0.068782
FIRE:  153 06:43:16   -99541.796875        0.207675
FIRE:  154 06:43:16   -99541.796875        0.312977
FIRE:  155 06:43:16   -99541.804688        0.186571
FIRE:  156 06:43:16   -99541.804688        0.121785
FIRE:  157 06:43:16   -99541.812500        0.266087
FIRE:  158 06:43:16   -99541.820312        0.068050
FIRE:  159 06:43:16   -99541.828125        0.271761
FIRE:  160 06:43:16   -99541.851562        0.067437
FIRE:  161 06:43:16   -99541.859375        0.278309
FIRE:  162 06:43:16   -99541.882812        0.267938
FIRE:  163 06:43:16   -99541.906250        0.151729
FIRE:  164 06:43:16   -99541.929688        0.169953
FIRE:  165 06:43:16   -99541.929688        0.444133
FIRE:  166 06:43:16   -99541.976562        1.541233
FIRE:  167 06:43:16   -99541.992188        0.094553
FIRE:  168 06:43:16   -99541.960938        0.074071
FIRE:  169 06:43:16   -99542.000000        0.063905
FIRE:  170 06:43:16   -99541.976562        0.063966
FIRE:  171 06:43:17   -99541.992188        0.064019
FIRE:  172 06:43:17   -99542.000000        0.064046
FIRE:  173 06:43:17   -99542.000000        0.064034
FIRE:  174 06:43:17   -99542.000000        0.063981
FIRE:  175 06:43:17   -99541.984375        0.063881
FIRE:  176 06:43:17   -99542.007812        0.063748
FIRE:  177 06:43:17   -99542.007812        0.063618
FIRE:  178 06:43:17   -99542.015625        0.063528
FIRE:  179 06:43:17   -99542.015625        0.063485
FIRE:  180 06:43:17   -99542.023438        0.063419
FIRE:  181 06:43:17   -99542.031250        0.063217
FIRE:  182 06:43:17   -99542.046875        0.062865
FIRE:  183 06:43:17   -99542.023438        0.062549
FIRE:  184 06:43:17   -99542.070312        0.062345
FIRE:  185 06:43:17   -99542.054688        0.061869
FIRE:  186 06:43:17   -99542.078125        0.065928
FIRE:  187 06:43:17   -99542.132812        0.177227
FIRE:  188 06:43:18   -99542.156250        0.677374
FIRE:  189 06:43:18   -99542.125000        2.481277
FIRE:  190 06:43:18   -99542.187500        0.397870
FIRE:  191 06:43:18   -99542.179688        0.287676
FIRE:  192 06:43:18   -99542.171875        0.102246
FIRE:  193 06:43:18   -99542.195312        0.120721
FIRE:  194 06:43:18   -99542.195312        0.260627
FIRE:  195 06:43:18   -99542.179688        0.292045
FIRE:  196 06:43:18   -99542.171875        0.210719
FIRE:  197 06:43:18   -99542.171875        0.075875
FIRE:  198 06:43:18   -99542.203125        0.135723
FIRE:  199 06:43:18   -99542.203125        0.221706
FIRE:  200 06:43:18   -99542.203125        0.149095
FIRE:  201 06:43:18   -99542.195312        0.105749
FIRE:  202 06:43:18   -99542.179688        0.202004
FIRE:  203 06:43:18   -99542.195312        0.073214
FIRE:  204 06:43:18   -99542.203125        0.186933
FIRE:  205 06:43:18   -99542.226562        0.057708
FIRE:  206 06:43:19   -99542.250000        0.211487
FIRE:  207 06:43:19   -99542.257812        0.182868
FIRE:  208 06:43:19   -99542.265625        0.117550
FIRE:  209 06:43:19   -99542.281250        0.128865
FIRE:  210 06:43:19   -99542.304688        0.333179
FIRE:  211 06:43:19   -99542.328125        1.119504
FIRE:  212 06:43:19   -99542.273438        3.913916
FIRE:  213 06:43:19   -99542.359375        1.040575
FIRE:  214 06:43:19   -99542.351562        0.738058
FIRE:  215 06:43:19   -99542.367188        0.225455
FIRE:  216 06:43:19   -99542.359375        0.388782
FIRE:  217 06:43:19   -99542.367188        0.358517
FIRE:  218 06:43:19   -99542.367188        0.300472
FIRE:  219 06:43:19   -99542.367188        0.219452
FIRE:  220 06:43:19   -99542.367188        0.123111
FIRE:  221 06:43:19   -99542.359375        0.054363
FIRE:  222 06:43:19   -99542.367188        0.074808
FIRE:  223 06:43:20   -99542.359375        0.147996
FIRE:  224 06:43:20   -99542.367188        0.197039
FIRE:  225 06:43:20   -99542.359375        0.209901
FIRE:  226 06:43:20   -99542.375000        0.177890
FIRE:  227 06:43:20   -99542.375000        0.099649
FIRE:  228 06:43:20   -99542.375000        0.054274
FIRE:  229 06:43:20   -99542.375000        0.125912
FIRE:  230 06:43:20   -99542.375000        0.171676
FIRE:  231 06:43:20   -99542.375000        0.121438
FIRE:  232 06:43:20   -99542.382812        0.054183
FIRE:  233 06:43:20   -99542.375000        0.133886
FIRE:  234 06:43:20   -99542.390625        0.108395
FIRE:  235 06:43:20   -99542.382812        0.066599
FIRE:  236 06:43:20   -99542.398438        0.137172
FIRE:  237 06:43:20   -99542.398438        0.053600
FIRE:  238 06:43:20   -99542.414062        0.113932
FIRE:  239 06:43:20   -99542.421875        0.138236
FIRE:  240 06:43:21   -99542.429688        0.056264
FIRE:  241 06:43:21   -99542.445312        0.052557
FIRE:  242 06:43:21   -99542.492188        0.090831
FIRE:  243 06:43:21   -99542.476562        0.334403
FIRE:  244 06:43:21   -99542.484375        1.254550
FIRE:  245 06:43:21   -99542.507812        0.098633
FIRE:  246 06:43:21   -99542.500000        0.075276
FIRE:  247 06:43:21   -99542.500000        0.050956
FIRE:  248 06:43:21   -99542.507812        0.051009
FIRE:  249 06:43:21   -99542.507812        0.055634
FIRE:  250 06:43:21   -99542.507812        0.066187
FIRE:  251 06:43:21   -99542.507812        0.053151
FIRE:  252 06:43:21   -99542.507812        0.051047
FIRE:  253 06:43:21   -99542.515625        0.050976
FIRE:  254 06:43:21   -99542.515625        0.051798
FIRE:  255 06:43:21   -99542.515625        0.050793
FIRE:  256 06:43:21   -99542.507812        0.050743
FIRE:  257 06:43:22   -99542.515625        0.050735
FIRE:  258 06:43:22   -99542.523438        0.050707
FIRE:  259 06:43:22   -99542.562500        0.050566
FIRE:  260 06:43:22   -99542.570312        0.050313
FIRE:  261 06:43:22   -99542.570312        0.051689
FIRE:  262 06:43:22   -99542.578125        0.052752
FIRE:  263 06:43:22   -99542.593750        0.055802
FIRE:  264 06:43:22   -99542.609375        0.090686
FIRE:  265 06:43:22   -99542.625000        0.263142
FIRE:  266 06:43:22   -99542.632812        0.884481
FIRE:  267 06:43:22   -99542.601562        2.825330
FIRE:  268 06:43:22   -99542.664062        0.496921
FIRE:  269 06:43:22   -99542.664062        0.360453
FIRE:  270 06:43:22   -99542.664062        0.129207
FIRE:  271 06:43:22   -99542.640625        0.151041
FIRE:  272 06:43:22   -99542.664062        0.140071
FIRE:  273 06:43:22   -99542.656250        0.119081
FIRE:  274 06:43:23   -99542.648438        0.089707
FIRE:  275 06:43:23   -99542.656250        0.055174
FIRE:  276 06:43:23   -99542.656250        0.047960
