      Step     Time          Energy          fmax
FIRE:    0 06:09:19  -179692.656250        5.763449
FIRE:    1 06:09:20  -179693.734375        4.533703
FIRE:    2 06:09:22  -179694.687500        3.773974
FIRE:    3 06:09:22  -179695.640625        2.484179
FIRE:    4 06:09:22  -179696.437500        2.843991
FIRE:    5 06:09:22  -179696.843750        1.812200
FIRE:    6 06:09:23  -179697.234375        2.071826
FIRE:    7 06:09:23  -179697.531250        1.907684
FIRE:    8 06:09:23  -179697.718750        1.785247
FIRE:    9 06:09:23  -179698.031250        1.451071
FIRE:   10 06:09:23  -179698.015625        2.196599
FIRE:   11 06:09:23  -179698.140625        0.919611
FIRE:   12 06:09:24  -179698.203125        1.047029
FIRE:   13 06:09:24  -179698.218750        0.887226
FIRE:   14 06:09:24  -179698.234375        0.607585
FIRE:   15 06:09:24  -179698.250000        0.499259
FIRE:   16 06:09:24  -179698.265625        0.494885
FIRE:   17 06:09:24  -179698.281250        0.510462
FIRE:   18 06:09:24  -179698.312500        0.626147
FIRE:   19 06:09:24  -179698.281250        0.595226
FIRE:   20 06:09:24  -179698.312500        0.466627
FIRE:   21 06:09:24  -179698.343750        0.455353
FIRE:   22 06:09:24  -179698.375000        0.441523
FIRE:   23 06:09:24  -179698.406250        0.495664
FIRE:   24 06:09:24  -179698.453125        0.406577
FIRE:   25 06:09:24  -179698.515625        0.386093
FIRE:   26 06:09:24  -179698.562500        0.551568
FIRE:   27 06:09:24  -179698.625000        0.346952
FIRE:   28 06:09:24  -179698.750000        0.453485
FIRE:   29 06:09:24  -179698.796875        0.308936
FIRE:   30 06:09:24  -179698.718750        0.543615
FIRE:   31 06:09:24  -179698.796875        0.260836
FIRE:   32 06:09:26  -179698.984375        0.291868
FIRE:   33 06:09:26  -179699.140625        0.750053
FIRE:   34 06:09:26  -179699.031250        1.319193
FIRE:   35 06:09:26  -179699.375000        2.733699
FIRE:   36 06:09:26  -179699.453125        0.720056
FIRE:   37 06:09:26  -179699.437500        2.212162
FIRE:   38 06:09:26  -179699.421875        1.670574
FIRE:   39 06:09:26  -179699.453125        0.761166
FIRE:   40 06:09:26  -179699.453125        0.263144
FIRE:   41 06:09:26  -179699.468750        0.252153
FIRE:   42 06:09:27  -179699.453125        0.230911
FIRE:   43 06:09:27  -179699.468750        0.200856
FIRE:   44 06:09:27  -179699.468750        0.174522
FIRE:   45 06:09:27  -179699.468750        0.175320
FIRE:   46 06:09:27  -179699.453125        0.175981
FIRE:   47 06:09:27  -179699.468750        0.176324
FIRE:   48 06:09:27  -179699.468750        0.176133
FIRE:   49 06:09:27  -179699.453125        0.175045
FIRE:   50 06:09:27  -179699.484375        0.178442
FIRE:   51 06:09:27  -179699.421875        0.177682
FIRE:   52 06:09:27  -179699.421875        0.163434
FIRE:   53 06:09:27  -179699.421875        0.157167
FIRE:   54 06:09:27  -179699.437500        0.150899
FIRE:   55 06:09:27  -179699.500000        0.163005
FIRE:   56 06:09:27  -179699.453125        0.166521
FIRE:   57 06:09:27  -179699.453125        0.140784
FIRE:   58 06:09:27  -179699.484375        0.142304
FIRE:   59 06:09:27  -179699.484375        0.152792
FIRE:   60 06:09:27  -179699.484375        0.135149
FIRE:   61 06:09:27  -179699.546875        0.151024
FIRE:   62 06:09:28  -179699.562500        0.134938
FIRE:   63 06:09:28  -179699.640625        0.146927
FIRE:   64 06:09:28  -179699.328125        0.138847
FIRE:   65 06:09:28  -179699.640625        0.144197
FIRE:   66 06:09:28  -179699.687500        0.160811
FIRE:   67 06:09:28  -179699.750000        0.243453
FIRE:   68 06:09:28  -179699.812500        0.460660
FIRE:   69 06:09:28  -179699.796875        1.432500
FIRE:   70 06:09:28  -179699.859375        4.257823
FIRE:   71 06:09:28  -179699.984375        0.796027
FIRE:   72 06:09:28  -179699.875000        0.602012
FIRE:   73 06:09:28  -179699.875000        0.260601
FIRE:   74 06:09:28  -179699.734375        0.171901
FIRE:   75 06:09:28  -179699.875000        0.460997
FIRE:   76 06:09:28  -179699.859375        0.562693
FIRE:   77 06:09:28  -179699.875000        0.450477
FIRE:   78 06:09:28  -179700.000000        0.237949
FIRE:   79 06:09:28  -179700.000000        0.229825
FIRE:   80 06:09:29  -179699.890625        0.474728
FIRE:   81 06:09:29  -179699.890625        0.440401
FIRE:   82 06:09:29  -179699.812500        0.108787
FIRE:   83 06:09:29  -179699.812500        0.343900
FIRE:   84 06:09:29  -179699.859375        0.291248
FIRE:   85 06:09:29  -179699.875000        0.266262
FIRE:   86 06:09:29  -179699.968750        0.364300
FIRE:   87 06:09:29  -179700.000000        0.302053
FIRE:   88 06:09:29  -179699.921875        0.136331
FIRE:   89 06:09:29  -179699.937500        0.473729
FIRE:   90 06:09:29  -179699.984375        0.690345
FIRE:   91 06:09:29  -179700.125000        1.133138
FIRE:   92 06:09:29  -179700.140625        2.244411
FIRE:   93 06:09:29  -179700.296875        0.108478
FIRE:   94 06:09:29  -179700.046875        0.096807
FIRE:   95 06:09:29  -179700.171875        0.094396
FIRE:   96 06:09:29  -179700.171875        0.095992
FIRE:   97 06:09:30  -179700.171875        0.104960
FIRE:   98 06:09:30  -179700.171875        0.111423
FIRE:   99 06:09:30  -179700.187500        0.109963
FIRE:  100 06:09:30  -179700.093750        0.102030
FIRE:  101 06:09:30  -179700.062500        0.093774
FIRE:  102 06:09:30  -179700.203125        0.093618
FIRE:  103 06:09:30  -179700.062500        0.093293
FIRE:  104 06:09:30  -179700.078125        0.093775
FIRE:  105 06:09:30  -179700.328125        0.102360
FIRE:  106 06:09:30  -179700.234375        0.099881
FIRE:  107 06:09:30  -179700.125000        0.090248
FIRE:  108 06:09:30  -179700.359375        0.088738
FIRE:  109 06:09:30  -179700.250000        0.099881
FIRE:  110 06:09:30  -179700.406250        0.089429
FIRE:  111 06:09:30  -179700.312500        0.085737
FIRE:  112 06:09:30  -179700.234375        0.112237
FIRE:  113 06:09:30  -179700.359375        0.197055
FIRE:  114 06:09:31  -179700.531250        0.584505
FIRE:  115 06:09:31  -179700.343750        1.975525
FIRE:  116 06:09:31  -179700.453125        0.105696
FIRE:  117 06:09:31  -179700.437500        1.977039
FIRE:  118 06:09:31  -179700.328125        1.400416
FIRE:  119 06:09:31  -179700.453125        0.462328
FIRE:  120 06:09:31  -179700.453125        0.537401
FIRE:  121 06:09:31  -179700.343750        0.505107
FIRE:  122 06:09:31  -179700.578125        0.442418
FIRE:  123 06:09:31  -179700.453125        0.353410
FIRE:  124 06:09:31  -179700.328125        0.244683
FIRE:  125 06:09:31  -179700.453125        0.127762
FIRE:  126 06:09:31  -179700.453125        0.083804
FIRE:  127 06:09:31  -179700.375000        0.143686
FIRE:  128 06:09:31  -179700.343750        0.211924
FIRE:  129 06:09:31  -179700.343750        0.264006
FIRE:  130 06:09:31  -179700.359375        0.266650
FIRE:  131 06:09:32  -179700.468750        0.216207
FIRE:  132 06:09:32  -179700.328125        0.132406
FIRE:  133 06:09:32  -179700.593750        0.088514
FIRE:  134 06:09:32  -179700.359375        0.206858
FIRE:  135 06:09:32  -179700.390625        0.247360
FIRE:  136 06:09:32  -179700.593750        0.165406
FIRE:  137 06:09:32  -179700.359375        0.095967
FIRE:  138 06:09:32  -179700.484375        0.187324
FIRE:  139 06:09:32  -179700.484375        0.143247
FIRE:  140 06:09:32  -179700.500000        0.130233
FIRE:  141 06:09:32  -179700.390625        0.194665
FIRE:  142 06:09:32  -179700.609375        0.110444
FIRE:  143 06:09:32  -179700.625000        0.150657
FIRE:  144 06:09:32  -179700.640625        0.213602
FIRE:  145 06:09:32  -179700.531250        0.118933
FIRE:  146 06:09:32  -179700.609375        0.069513
FIRE:  147 06:09:32  -179700.625000        0.133647
FIRE:  148 06:09:33  -179700.718750        0.518000
FIRE:  149 06:09:33  -179700.781250        1.564452
FIRE:  150 06:09:33  -179700.828125        0.118102
FIRE:  151 06:09:33  -179700.625000        0.087701
FIRE:  152 06:09:33  -179700.812500        0.062218
FIRE:  153 06:09:33  -179700.828125        0.062469
FIRE:  154 06:09:33  -179700.703125        0.071937
FIRE:  155 06:09:33  -179700.828125        0.078564
FIRE:  156 06:09:33  -179700.640625        0.061963
FIRE:  157 06:09:33  -179700.656250        0.061483
FIRE:  158 06:09:33  -179700.812500        0.061147
FIRE:  159 06:09:33  -179700.796875        0.073097
FIRE:  160 06:09:33  -179700.703125        0.061327
FIRE:  161 06:09:33  -179700.718750        0.061401
FIRE:  162 06:09:33  -179700.843750        0.060307
FIRE:  163 06:09:33  -179700.859375        0.058752
FIRE:  164 06:09:34  -179700.718750        0.065060
FIRE:  165 06:09:34  -179700.875000        0.058894
FIRE:  166 06:09:34  -179700.671875        0.056746
FIRE:  167 06:09:34  -179700.687500        0.079842
FIRE:  168 06:09:34  -179700.781250        0.087046
FIRE:  169 06:09:34  -179700.718750        0.174294
FIRE:  170 06:09:34  -179700.953125        0.417220
FIRE:  171 06:09:34  -179700.968750        1.150891
FIRE:  172 06:09:34  -179700.859375        0.056113
FIRE:  173 06:09:34  -179700.984375        0.052307
FIRE:  174 06:09:34  -179700.859375        0.051683
FIRE:  175 06:09:34  -179700.859375        0.051742
FIRE:  176 06:09:34  -179700.984375        0.051811
FIRE:  177 06:09:34  -179700.859375        0.051882
FIRE:  178 06:09:34  -179700.781250        0.051950
FIRE:  179 06:09:34  -179700.859375        0.052017
FIRE:  180 06:09:34  -179700.859375        0.052079
FIRE:  181 06:09:35  -179700.875000        0.052139
FIRE:  182 06:09:35  -179700.875000        0.052199
FIRE:  183 06:09:35  -179700.765625        0.052250
FIRE:  184 06:09:35  -179701.000000        0.052283
FIRE:  185 06:09:35  -179701.000000        0.052256
FIRE:  186 06:09:35  -179701.015625        0.052149
FIRE:  187 06:09:35  -179701.015625        0.051960
FIRE:  188 06:09:35  -179701.031250        0.051693
FIRE:  189 06:09:35  -179701.062500        0.051307
FIRE:  190 06:09:35  -179700.937500        0.050781
FIRE:  191 06:09:35  -179700.953125        0.050085
FIRE:  192 06:09:35  -179700.968750        0.049478
