      Step     Time          Energy          fmax
FIRE:    0 22:52:12 -1562475.875000       10.616899
FIRE:    1 22:52:13 -1562483.000000        8.186965
FIRE:    2 22:52:15 -1562489.125000        6.432714
FIRE:    3 22:52:15 -1562494.250000        4.941103
FIRE:    4 22:52:16 -1562498.750000        3.915031
FIRE:    5 22:52:16 -1562502.250000        3.190190
FIRE:    6 22:52:16 -1562504.875000        2.693346
FIRE:    7 22:52:16 -1562507.500000        2.597006
FIRE:    8 22:52:16 -1562509.625000        2.482707
FIRE:    9 22:52:16 -1562511.500000        2.504590
FIRE:   10 22:52:16 -1562513.375000        2.036172
FIRE:   11 22:52:16 -1562514.625000        1.725235
FIRE:   12 22:52:16 -1562516.125000        1.491586
FIRE:   13 22:52:16 -1562518.000000        1.371442
FIRE:   14 22:52:16 -1562519.125000        1.253605
FIRE:   15 22:52:16 -1562520.375000        1.162329
FIRE:   16 22:52:16 -1562521.500000        1.142030
FIRE:   17 22:52:17 -1562522.625000        1.118708
FIRE:   18 22:52:17 -1562523.750000        1.089704
FIRE:   19 22:52:17 -1562524.625000        1.055111
FIRE:   20 22:52:17 -1562525.750000        1.017378
FIRE:   21 22:52:17 -1562526.750000        0.976095
FIRE:   22 22:52:17 -1562527.750000        0.926604
FIRE:   23 22:52:17 -1562528.875000        0.859403
FIRE:   24 22:52:17 -1562529.750000        0.790477
FIRE:   25 22:52:17 -1562530.375000        0.782849
FIRE:   26 22:52:17 -1562531.125000        1.307649
FIRE:   27 22:52:17 -1562531.875000        0.973059
FIRE:   28 22:52:17 -1562532.875000        0.818742
FIRE:   29 22:52:17 -1562533.125000        0.686763
FIRE:   30 22:52:17 -1562533.875000        0.620456
FIRE:   31 22:52:17 -1562534.375000        0.566907
FIRE:   32 22:52:17 -1562535.000000        0.517374
FIRE:   33 22:52:17 -1562535.500000        0.472400
FIRE:   34 22:52:17 -1562536.125000        0.429351
FIRE:   35 22:52:17 -1562536.875000        0.417020
FIRE:   36 22:52:17 -1562537.000000        0.408775
FIRE:   37 22:52:19 -1562537.875000        0.409087
FIRE:   38 22:52:19 -1562538.000000        0.402185
FIRE:   39 22:52:19 -1562538.375000        0.388175
FIRE:   40 22:52:19 -1562538.750000        0.368076
FIRE:   41 22:52:19 -1562539.125000        0.341310
FIRE:   42 22:52:19 -1562539.625000        0.404208
FIRE:   43 22:52:19 -1562539.875000        0.282949
FIRE:   44 22:52:19 -1562540.125000        0.265809
FIRE:   45 22:52:19 -1562540.875000        0.282405
FIRE:   46 22:52:19 -1562540.750000        0.290209
FIRE:   47 22:52:19 -1562541.000000        0.289134
FIRE:   48 22:52:19 -1562541.875000        0.280915
FIRE:   49 22:52:20 -1562542.000000        0.285987
FIRE:   50 22:52:20 -1562541.875000        0.277125
FIRE:   51 22:52:20 -1562542.250000        0.257531
FIRE:   52 22:52:20 -1562542.500000        0.233439
FIRE:   53 22:52:20 -1562543.000000        0.217546
FIRE:   54 22:52:20 -1562543.250000        0.218073
FIRE:   55 22:52:20 -1562543.375000        0.230527
FIRE:   56 22:52:20 -1562543.500000        0.241240
FIRE:   57 22:52:20 -1562543.625000        0.249848
FIRE:   58 22:52:20 -1562543.750000        0.256401
FIRE:   59 22:52:20 -1562543.750000        0.253706
FIRE:   60 22:52:20 -1562544.000000        0.235984
FIRE:   61 22:52:20 -1562544.125000        0.213164
FIRE:   62 22:52:20 -1562544.250000        0.187532
FIRE:   63 22:52:20 -1562544.375000        0.182759
FIRE:   64 22:52:20 -1562544.500000        0.183550
FIRE:   65 22:52:20 -1562544.625000        0.180088
FIRE:   66 22:52:20 -1562544.750000        0.168402
FIRE:   67 22:52:20 -1562545.000000        0.155175
FIRE:   68 22:52:20 -1562545.125000        0.143337
FIRE:   69 22:52:21 -1562545.250000        0.130105
FIRE:   70 22:52:21 -1562545.375000        0.133168
FIRE:   71 22:52:21 -1562545.500000        0.111041
FIRE:   72 22:52:21 -1562545.375000        0.115395
FIRE:   73 22:52:21 -1562545.625000        0.134414
FIRE:   74 22:52:21 -1562545.625000        0.154495
FIRE:   75 22:52:21 -1562545.750000        0.171471
FIRE:   76 22:52:21 -1562545.875000        0.184407
FIRE:   77 22:52:21 -1562545.875000        0.192497
FIRE:   78 22:52:21 -1562546.000000        0.194861
FIRE:   79 22:52:21 -1562546.125000        0.191162
FIRE:   80 22:52:21 -1562546.250000        0.181544
FIRE:   81 22:52:21 -1562546.250000        0.166695
FIRE:   82 22:52:21 -1562546.375000        0.147905
FIRE:   83 22:52:21 -1562546.375000        0.127178
FIRE:   84 22:52:21 -1562546.500000        0.106395
FIRE:   85 22:52:21 -1562546.125000        0.099694
FIRE:   86 22:52:21 -1562546.500000        0.097321
FIRE:   87 22:52:22 -1562546.500000        0.179629
FIRE:   88 22:52:22 -1562546.375000        0.146033
FIRE:   89 22:52:22 -1562546.375000        0.171483
FIRE:   90 22:52:22 -1562546.500000        0.132492
FIRE:   91 22:52:22 -1562546.750000        0.144664
FIRE:   92 22:52:22 -1562546.875000        0.150244
FIRE:   93 22:52:22 -1562547.000000        0.150158
FIRE:   94 22:52:22 -1562547.125000        0.151304
FIRE:   95 22:52:22 -1562547.125000        0.130067
FIRE:   96 22:52:22 -1562547.125000        0.172734
FIRE:   97 22:52:22 -1562547.250000        0.106316
FIRE:   98 22:52:22 -1562547.125000        0.127584
FIRE:   99 22:52:22 -1562547.125000        0.089188
FIRE:  100 22:52:22 -1562547.125000        0.153968
FIRE:  101 22:52:22 -1562547.000000        0.140356
FIRE:  102 22:52:22 -1562547.125000        0.192516
FIRE:  103 22:52:22 -1562547.125000        0.221954
FIRE:  104 22:52:22 -1562547.125000        0.115353
FIRE:  105 22:52:23 -1562547.375000        0.119765
FIRE:  106 22:52:23 -1562547.375000        0.115451
FIRE:  107 22:52:23 -1562547.375000        0.123540
FIRE:  108 22:52:23 -1562547.375000        0.135453
FIRE:  109 22:52:23 -1562547.625000        0.895588
FIRE:  110 22:52:23 -1562547.500000        0.292239
FIRE:  111 22:52:23 -1562547.500000        0.286354
FIRE:  112 22:52:23 -1562547.500000        0.198833
FIRE:  113 22:52:23 -1562547.750000        0.272252
FIRE:  114 22:52:23 -1562547.875000        0.230247
FIRE:  115 22:52:23 -1562547.875000        0.243458
FIRE:  116 22:52:23 -1562547.750000        0.247036
FIRE:  117 22:52:23 -1562548.000000        0.228651
FIRE:  118 22:52:23 -1562548.000000        0.196144
FIRE:  119 22:52:23 -1562548.000000        0.201755
FIRE:  120 22:52:23 -1562547.625000        0.259452
FIRE:  121 22:52:23 -1562547.875000        0.311395
FIRE:  122 22:52:23 -1562547.625000        0.270710
FIRE:  123 22:52:24 -1562547.750000        0.286628
FIRE:  124 22:52:24 -1562547.625000        0.287546
FIRE:  125 22:52:24 -1562547.750000        0.272363
FIRE:  126 22:52:24 -1562547.750000        0.239935
FIRE:  127 22:52:24 -1562548.000000        0.252717
FIRE:  128 22:52:24 -1562547.875000        0.166856
FIRE:  129 22:52:24 -1562547.750000        0.312035
FIRE:  130 22:52:24 -1562548.000000        0.213278
FIRE:  131 22:52:24 -1562548.125000        0.272463
FIRE:  132 22:52:24 -1562547.875000        0.245636
FIRE:  133 22:52:24 -1562547.875000        0.156804
FIRE:  134 22:52:24 -1562548.125000        0.237378
FIRE:  135 22:52:24 -1562548.000000        0.248742
FIRE:  136 22:52:24 -1562548.000000        0.237225
FIRE:  137 22:52:24 -1562548.250000        0.268486
FIRE:  138 22:52:24 -1562548.000000        0.209582
FIRE:  139 22:52:24 -1562548.125000        0.237941
FIRE:  140 22:52:24 -1562548.250000        0.178278
FIRE:  141 22:52:25 -1562548.250000        0.224394
FIRE:  142 22:52:25 -1562548.500000        0.224533
FIRE:  143 22:52:25 -1562548.375000        0.271618
FIRE:  144 22:52:25 -1562548.500000        0.280946
FIRE:  145 22:52:25 -1562548.250000        0.213025
FIRE:  146 22:52:25 -1562548.375000        0.206477
FIRE:  147 22:52:25 -1562548.375000        0.224981
FIRE:  148 22:52:25 -1562548.500000        0.205116
FIRE:  149 22:52:25 -1562548.375000        0.216912
FIRE:  150 22:52:25 -1562548.375000        0.167978
FIRE:  151 22:52:25 -1562548.625000        0.257642
FIRE:  152 22:52:25 -1562548.625000        0.211041
FIRE:  153 22:52:25 -1562548.625000        0.260010
FIRE:  154 22:52:25 -1562548.375000        0.201045
FIRE:  155 22:52:25 -1562548.625000        0.226046
FIRE:  156 22:52:25 -1562548.625000        0.185304
FIRE:  157 22:52:25 -1562548.875000        0.231500
FIRE:  158 22:52:26 -1562548.625000        0.249129
FIRE:  159 22:52:26 -1562548.500000        0.290426
FIRE:  160 22:52:26 -1562548.750000        0.247010
FIRE:  161 22:52:26 -1562548.750000        0.189277
FIRE:  162 22:52:26 -1562548.625000        0.213660
FIRE:  163 22:52:26 -1562548.750000        0.221998
FIRE:  164 22:52:26 -1562549.000000        0.228992
FIRE:  165 22:52:26 -1562548.625000        0.284025
FIRE:  166 22:52:26 -1562548.625000        0.245087
FIRE:  167 22:52:26 -1562548.625000        0.283664
FIRE:  168 22:52:26 -1562549.000000        0.242743
FIRE:  169 22:52:26 -1562548.750000        0.253615
FIRE:  170 22:52:26 -1562548.625000        0.274235
FIRE:  171 22:52:26 -1562549.000000        0.283384
FIRE:  172 22:52:26 -1562549.000000        0.284546
FIRE:  173 22:52:26 -1562548.875000        0.261855
FIRE:  174 22:52:26 -1562548.875000        0.266798
FIRE:  175 22:52:26 -1562548.750000        0.233868
FIRE:  176 22:52:26 -1562549.000000        0.278065
FIRE:  177 22:52:27 -1562549.250000        0.327964
FIRE:  178 22:52:27 -1562549.250000        4.040080
FIRE:  179 22:52:27 -1562548.500000       10.156647
FIRE:  180 22:52:27 -1562549.000000        4.750166
FIRE:  181 22:52:27 -1562549.125000        3.813143
FIRE:  182 22:52:27 -1562549.000000        1.205944
FIRE:  183 22:52:27 -1562549.125000        4.468486
FIRE:  184 22:52:27 -1562549.250000        3.741777
FIRE:  185 22:52:27 -1562549.250000        2.497097
FIRE:  186 22:52:27 -1562549.250000        1.046984
FIRE:  187 22:52:27 -1562548.875000        0.523102
FIRE:  188 22:52:27 -1562549.000000        0.511159
FIRE:  189 22:52:27 -1562549.250000        0.487473
FIRE:  190 22:52:27 -1562549.000000        0.452569
FIRE:  191 22:52:27 -1562549.000000        0.407537
FIRE:  192 22:52:27 -1562549.250000        0.353764
FIRE:  193 22:52:27 -1562549.000000        0.293044
FIRE:  194 22:52:27 -1562549.250000        0.228140
FIRE:  195 22:52:28 -1562549.000000        0.165727
FIRE:  196 22:52:28 -1562549.000000        0.166159
FIRE:  197 22:52:28 -1562549.000000        0.195533
FIRE:  198 22:52:28 -1562549.250000        0.253704
FIRE:  199 22:52:28 -1562549.000000        0.284635
FIRE:  200 22:52:28 -1562549.000000        0.273748
FIRE:  201 22:52:28 -1562549.000000        0.212277
FIRE:  202 22:52:28 -1562549.250000        0.161798
FIRE:  203 22:52:28 -1562549.125000        0.159191
FIRE:  204 22:52:28 -1562549.125000        0.177100
FIRE:  205 22:52:28 -1562549.125000        0.231726
FIRE:  206 22:52:28 -1562549.125000        0.179046
FIRE:  207 22:52:28 -1562549.500000        0.149527
FIRE:  208 22:52:28 -1562549.500000        0.147003
FIRE:  209 22:52:28 -1562549.375000        0.147821
FIRE:  210 22:52:28 -1562549.125000        0.136392
FIRE:  211 22:52:28 -1562549.375000        0.184486
FIRE:  212 22:52:28 -1562549.500000        0.123722
FIRE:  213 22:52:29 -1562549.000000        0.178020
FIRE:  214 22:52:29 -1562549.375000        0.107293
FIRE:  215 22:52:29 -1562549.375000        0.133544
FIRE:  216 22:52:29 -1562549.500000        0.264256
FIRE:  217 22:52:29 -1562549.125000        0.385814
FIRE:  218 22:52:29 -1562549.250000        0.694180
FIRE:  219 22:52:29 -1562549.250000        1.408586
FIRE:  220 22:52:29 -1562549.250000        0.200965
FIRE:  221 22:52:29 -1562549.250000        1.256160
FIRE:  222 22:52:29 -1562549.500000        0.945553
FIRE:  223 22:52:29 -1562549.500000        0.416483
FIRE:  224 22:52:29 -1562549.250000        0.188393
FIRE:  225 22:52:29 -1562549.500000        0.178070
FIRE:  226 22:52:29 -1562549.250000        0.157929
FIRE:  227 22:52:29 -1562549.250000        0.129289
FIRE:  228 22:52:29 -1562549.250000        0.093830
FIRE:  229 22:52:29 -1562549.250000        0.063565
FIRE:  230 22:52:30 -1562549.250000        0.063658
FIRE:  231 22:52:30 -1562549.250000        0.063722
FIRE:  232 22:52:30 -1562549.500000        0.063745
FIRE:  233 22:52:30 -1562549.625000        0.081682
FIRE:  234 22:52:30 -1562549.625000        0.091915
FIRE:  235 22:52:30 -1562549.625000        0.082610
FIRE:  236 22:52:30 -1562549.625000        0.062795
FIRE:  237 22:52:30 -1562549.625000        0.062231
FIRE:  238 22:52:30 -1562549.625000        0.061600
FIRE:  239 22:52:30 -1562549.625000        0.073923
FIRE:  240 22:52:30 -1562549.625000        0.062784
FIRE:  241 22:52:30 -1562549.625000        0.060253
FIRE:  242 22:52:30 -1562549.625000        0.059881
FIRE:  243 22:52:30 -1562549.625000        0.063353
FIRE:  244 22:52:30 -1562549.625000        0.057960
FIRE:  245 22:52:30 -1562549.625000        0.064069
FIRE:  246 22:52:30 -1562549.625000        0.055700
FIRE:  247 22:52:30 -1562549.500000        0.064402
FIRE:  248 22:52:31 -1562549.500000        0.043964
