      Step     Time          Energy          fmax
FIRE:    0 23:00:12  -365048.812500        4.039014
FIRE:    1 23:00:13  -365050.156250        3.272048
FIRE:    2 23:00:15  -365051.781250        2.467777
FIRE:    3 23:00:15  -365052.593750        1.680573
FIRE:    4 23:00:15  -365053.500000        0.972794
FIRE:    5 23:00:15  -365054.031250        1.327865
FIRE:    6 23:00:15  -365054.281250        1.200234
FIRE:    7 23:00:15  -365054.843750        0.882717
FIRE:    8 23:00:16  -365054.937500        1.164848
FIRE:    9 23:00:16  -365055.250000        1.114866
FIRE:   10 23:00:16  -365055.562500        0.756273
FIRE:   11 23:00:16  -365055.875000        0.795307
FIRE:   12 23:00:16  -365056.281250        0.598644
FIRE:   13 23:00:16  -365056.593750        0.760974
FIRE:   14 23:00:16  -365056.906250        0.551458
FIRE:   15 23:00:17  -365057.093750        0.534227
FIRE:   16 23:00:17  -365057.375000        0.475051
FIRE:   17 23:00:17  -365057.625000        0.443875
FIRE:   18 23:00:18  -365057.843750        0.372938
FIRE:   19 23:00:18  -365058.093750        0.377885
FIRE:   20 23:00:18  -365058.312500        0.382804
FIRE:   21 23:00:18  -365058.687500        0.414042
FIRE:   22 23:00:18  -365058.937500        0.323450
FIRE:   23 23:00:18  -365059.125000        0.260536
FIRE:   24 23:00:18  -365059.281250        0.308075
FIRE:   25 23:00:18  -365059.468750        0.261080
FIRE:   26 23:00:18  -365059.625000        0.233505
FIRE:   27 23:00:18  -365059.812500        0.349905
FIRE:   28 23:00:18  -365059.968750        0.264738
FIRE:   29 23:00:18  -365060.125000        0.291332
FIRE:   30 23:00:18  -365060.343750        0.510102
FIRE:   31 23:00:18  -365060.468750        0.741122
FIRE:   32 23:00:18  -365060.562500        0.991882
FIRE:   33 23:00:18  -365060.750000        0.800970
FIRE:   34 23:00:18  -365060.625000        0.503502
FIRE:   35 23:00:18  -365060.906250        0.272950
FIRE:   36 23:00:18  -365060.968750        0.308592
FIRE:   37 23:00:18  -365061.000000        0.563202
FIRE:   38 23:00:18  -365061.250000        0.699056
FIRE:   39 23:00:18  -365061.281250        0.570306
FIRE:   40 23:00:19  -365061.343750        0.291542
FIRE:   41 23:00:19  -365061.625000        0.146186
FIRE:   42 23:00:19  -365061.625000        0.163172
FIRE:   43 23:00:19  -365061.906250        0.305192
FIRE:   44 23:00:19  -365061.812500        0.468676
FIRE:   45 23:00:19  -365062.062500        0.492004
FIRE:   46 23:00:19  -365062.062500        0.351891
FIRE:   47 23:00:19  -365062.250000        0.266388
FIRE:   48 23:00:19  -365062.343750        0.362756
FIRE:   49 23:00:19  -365062.281250        0.529261
FIRE:   50 23:00:19  -365062.562500        0.581785
FIRE:   51 23:00:19  -365062.593750        0.494875
FIRE:   52 23:00:19  -365062.781250        0.319825
FIRE:   53 23:00:19  -365062.562500        0.262579
FIRE:   54 23:00:19  -365062.687500        0.328557
FIRE:   55 23:00:19  -365062.718750        0.410406
FIRE:   56 23:00:19  -365062.812500        0.441555
FIRE:   57 23:00:19  -365063.062500        0.306077
FIRE:   58 23:00:20  -365063.125000        0.268449
FIRE:   59 23:00:20  -365063.031250        0.310340
FIRE:   60 23:00:20  -365063.093750        0.422919
FIRE:   61 23:00:20  -365063.406250        0.404783
FIRE:   62 23:00:20  -365063.343750        0.345537
FIRE:   63 23:00:20  -365063.312500        0.340492
FIRE:   64 23:00:20  -365063.375000        0.473863
FIRE:   65 23:00:20  -365063.562500        0.577105
FIRE:   66 23:00:20  -365063.406250        0.580786
FIRE:   67 23:00:20  -365063.437500        0.456879
FIRE:   68 23:00:20  -365063.500000        0.391544
FIRE:   69 23:00:20  -365063.531250        0.392551
FIRE:   70 23:00:20  -365063.812500        0.466668
FIRE:   71 23:00:20  -365063.625000        0.472537
FIRE:   72 23:00:20  -365063.906250        0.445986
FIRE:   73 23:00:20  -365063.906250        0.395133
FIRE:   74 23:00:20  -365063.750000        0.436377
FIRE:   75 23:00:21  -365064.000000        0.499147
FIRE:   76 23:00:21  -365063.968750        0.572309
FIRE:   77 23:00:21  -365063.906250        0.578315
FIRE:   78 23:00:21  -365064.062500        0.546085
FIRE:   79 23:00:21  -365064.093750        0.556618
FIRE:   80 23:00:21  -365064.125000        0.608349
FIRE:   81 23:00:21  -365064.218750        0.680821
FIRE:   82 23:00:21  -365064.281250        0.728765
FIRE:   83 23:00:21  -365064.156250        0.740458
FIRE:   84 23:00:21  -365062.250000       13.355141
FIRE:   85 23:00:21  -365064.031250        3.310185
FIRE:   86 23:00:21  -365064.125000        2.053401
FIRE:   87 23:00:21  -365064.156250        1.064173
FIRE:   88 23:00:21  -365064.156250        0.394189
FIRE:   89 23:00:21  -365064.156250        0.347582
FIRE:   90 23:00:21  -365064.156250        0.276603
FIRE:   91 23:00:21  -365064.156250        0.184561
FIRE:   92 23:00:22  -365064.156250        0.078238
FIRE:   93 23:00:22  -365064.156250        0.139837
FIRE:   94 23:00:22  -365064.156250        0.225120
FIRE:   95 23:00:22  -365064.156250        0.266531
FIRE:   96 23:00:22  -365064.156250        0.254783
FIRE:   97 23:00:22  -365064.125000        0.181116
FIRE:   98 23:00:22  -365064.156250        0.072394
FIRE:   99 23:00:22  -365064.125000        0.101167
FIRE:  100 23:00:22  -365064.187500        0.199346
FIRE:  101 23:00:22  -365064.125000        0.188757
FIRE:  102 23:00:22  -365064.156250        0.063542
FIRE:  103 23:00:22  -365064.187500        0.127445
FIRE:  104 23:00:22  -365064.281250        0.173853
FIRE:  105 23:00:22  -365064.156250        0.062818
FIRE:  106 23:00:22  -365064.281250        0.169485
FIRE:  107 23:00:22  -365064.187500        0.061704
FIRE:  108 23:00:22  -365064.281250        0.182455
FIRE:  109 23:00:23  -365064.312500        0.069417
FIRE:  110 23:00:23  -365064.187500        0.086278
FIRE:  111 23:00:23  -365064.343750        0.252609
FIRE:  112 23:00:23  -365064.312500        0.463144
FIRE:  113 23:00:23  -365064.343750        0.948273
FIRE:  114 23:00:23  -365064.343750        0.075587
FIRE:  115 23:00:23  -365064.343750        0.782103
FIRE:  116 23:00:23  -365064.343750        0.609425
FIRE:  117 23:00:23  -365064.375000        0.299698
FIRE:  118 23:00:23  -365064.375000        0.079038
FIRE:  119 23:00:23  -365064.343750        0.074699
FIRE:  120 23:00:23  -365064.375000        0.066318
FIRE:  121 23:00:23  -365064.375000        0.054507
FIRE:  122 23:00:23  -365064.375000        0.054455
FIRE:  123 23:00:23  -365064.343750        0.054448
FIRE:  124 23:00:23  -365064.343750        0.054436
FIRE:  125 23:00:23  -365064.375000        0.054421
FIRE:  126 23:00:24  -365064.375000        0.054407
FIRE:  127 23:00:24  -365064.375000        0.054387
FIRE:  128 23:00:24  -365064.375000        0.054359
FIRE:  129 23:00:24  -365064.375000        0.054327
FIRE:  130 23:00:24  -365064.343750        0.054286
FIRE:  131 23:00:24  -365064.375000        0.054235
FIRE:  132 23:00:24  -365064.343750        0.054169
FIRE:  133 23:00:24  -365064.343750        0.054093
FIRE:  134 23:00:24  -365064.343750        0.053992
FIRE:  135 23:00:24  -365064.375000        0.053870
FIRE:  136 23:00:24  -365064.375000        0.053717
FIRE:  137 23:00:24  -365064.343750        0.053527
FIRE:  138 23:00:24  -365064.375000        0.053286
FIRE:  139 23:00:24  -365064.375000        0.052977
FIRE:  140 23:00:24  -365064.406250        0.052598
FIRE:  141 23:00:24  -365064.468750        0.052113
FIRE:  142 23:00:24  -365064.437500        0.051520
FIRE:  143 23:00:25  -365064.312500        0.050787
FIRE:  144 23:00:25  -365064.437500        0.049921
