      Step     Time          Energy          fmax
FIRE:    0 23:31:44  -207570.765625        3.888511
FIRE:    1 23:31:44  -207571.765625        3.399106
FIRE:    2 23:31:47  -207572.750000        2.876575
FIRE:    3 23:31:47  -207573.500000        2.376475
FIRE:    4 23:31:47  -207574.265625        1.706999
FIRE:    5 23:31:47  -207574.656250        2.489413
FIRE:    6 23:31:47  -207575.156250        1.649889
FIRE:    7 23:31:47  -207575.546875        1.342803
FIRE:    8 23:31:47  -207575.921875        1.642994
FIRE:    9 23:31:47  -207576.406250        1.049993
FIRE:   10 23:31:47  -207576.687500        1.074436
FIRE:   11 23:31:47  -207576.937500        1.087653
FIRE:   12 23:31:48  -207577.078125        1.050355
FIRE:   13 23:31:50  -207577.234375        1.021257
FIRE:   14 23:31:50  -207577.375000        0.774135
FIRE:   15 23:31:50  -207577.484375        0.706741
FIRE:   16 23:31:50  -207577.500000        0.826148
FIRE:   17 23:31:50  -207577.484375        0.590781
FIRE:   18 23:31:50  -207577.578125        0.568920
FIRE:   19 23:31:50  -207577.562500        0.537496
FIRE:   20 23:31:50  -207577.593750        0.515606
FIRE:   21 23:31:50  -207577.625000        0.515500
FIRE:   22 23:31:50  -207577.687500        0.419374
FIRE:   23 23:31:51  -207577.687500        0.380531
FIRE:   24 23:31:51  -207577.734375        0.350012
FIRE:   25 23:31:51  -207577.750000        0.385392
FIRE:   26 23:31:51  -207577.828125        0.323567
FIRE:   27 23:31:51  -207577.843750        0.312045
FIRE:   28 23:31:51  -207577.890625        0.303403
FIRE:   29 23:31:51  -207578.203125        0.314838
FIRE:   30 23:31:51  -207578.250000        0.242210
FIRE:   31 23:31:51  -207578.343750        0.410923
FIRE:   32 23:31:51  -207578.453125        0.381443
FIRE:   33 23:31:51  -207578.390625        0.396287
FIRE:   34 23:31:51  -207578.703125        0.904140
FIRE:   35 23:31:51  -207578.875000        1.998033
FIRE:   36 23:31:51  -207578.843750        5.308891
FIRE:   37 23:31:51  -207579.000000        1.235883
FIRE:   38 23:31:51  -207579.015625        0.942879
FIRE:   39 23:31:51  -207579.015625        0.421307
FIRE:   40 23:31:51  -207579.046875        0.404291
FIRE:   41 23:31:51  -207579.078125        0.916310
FIRE:   42 23:31:52  -207579.046875        1.056228
FIRE:   43 23:31:52  -207579.093750        0.800582
FIRE:   44 23:31:52  -207579.078125        0.276188
FIRE:   45 23:31:52  -207579.078125        0.377357
FIRE:   46 23:31:52  -207579.062500        0.729402
FIRE:   47 23:31:52  -207579.109375        0.567798
FIRE:   48 23:31:52  -207579.125000        0.200287
FIRE:   49 23:31:52  -207579.171875        0.731492
FIRE:   50 23:31:52  -207579.156250        0.438494
FIRE:   51 23:31:52  -207579.187500        0.499654
FIRE:   52 23:31:52  -207579.218750        0.381334
FIRE:   53 23:31:52  -207579.281250        0.769775
FIRE:   54 23:31:52  -207579.250000        0.191204
FIRE:   55 23:31:52  -207579.296875        0.422883
FIRE:   56 23:31:52  -207579.218750        1.251796
FIRE:   57 23:31:52  -207579.437500        2.209600
FIRE:   58 23:31:52  -207579.453125        0.527194
FIRE:   59 23:31:52  -207579.453125        1.831003
FIRE:   60 23:31:53  -207579.468750        1.419629
FIRE:   61 23:31:53  -207579.468750        0.715959
FIRE:   62 23:31:53  -207579.468750        0.193211
FIRE:   63 23:31:53  -207579.453125        0.738178
FIRE:   64 23:31:53  -207579.437500        0.700153
FIRE:   65 23:31:53  -207579.421875        0.625921
FIRE:   66 23:31:53  -207579.453125        0.518561
FIRE:   67 23:31:53  -207579.484375        0.388371
FIRE:   68 23:31:53  -207579.484375        0.257069
FIRE:   69 23:31:53  -207579.484375        0.192307
FIRE:   70 23:31:53  -207579.515625        0.192156
FIRE:   71 23:31:53  -207579.562500        0.244460
FIRE:   72 23:31:53  -207579.562500        0.365783
FIRE:   73 23:31:53  -207579.593750        0.434556
FIRE:   74 23:31:53  -207579.593750        0.429388
FIRE:   75 23:31:53  -207579.484375        0.337153
FIRE:   76 23:31:53  -207579.500000        0.190638
FIRE:   77 23:31:54  -207579.578125        0.190045
FIRE:   78 23:31:54  -207579.578125        0.246662
FIRE:   79 23:31:54  -207579.593750        0.290735
FIRE:   80 23:31:54  -207579.625000        0.186973
FIRE:   81 23:31:54  -207579.640625        0.185232
FIRE:   82 23:31:54  -207579.656250        0.304200
FIRE:   83 23:31:54  -207579.546875        0.214088
FIRE:   84 23:31:54  -207579.562500        0.175420
FIRE:   85 23:31:54  -207579.578125        0.232342
FIRE:   86 23:31:54  -207579.703125        0.164633
FIRE:   87 23:31:54  -207579.765625        0.236488
FIRE:   88 23:31:54  -207579.796875        0.248095
FIRE:   89 23:31:54  -207579.828125        0.159035
FIRE:   90 23:31:54  -207579.906250        0.159432
FIRE:   91 23:31:54  -207579.453125        0.163079
FIRE:   92 23:31:54  -207580.000000        0.656954
FIRE:   93 23:31:54  -207580.062500        2.062583
FIRE:   94 23:31:54  -207580.109375        0.125256
FIRE:   95 23:31:55  -207580.093750        2.142390
FIRE:   96 23:31:55  -207580.125000        1.533310
FIRE:   97 23:31:55  -207580.109375        0.541926
FIRE:   98 23:31:55  -207580.093750        0.503803
FIRE:   99 23:31:55  -207580.125000        0.471017
FIRE:  100 23:31:55  -207580.093750        0.407260
FIRE:  101 23:31:55  -207580.093750        0.321729
FIRE:  102 23:31:55  -207580.109375        0.226166
FIRE:  103 23:31:55  -207580.093750        0.124556
FIRE:  104 23:31:55  -207580.125000        0.124639
FIRE:  105 23:31:55  -207580.125000        0.154009
FIRE:  106 23:31:55  -207580.109375        0.245352
FIRE:  107 23:31:55  -207580.156250        0.301141
FIRE:  108 23:31:55  -207580.109375        0.305063
FIRE:  109 23:31:55  -207580.125000        0.246014
FIRE:  110 23:31:55  -207580.109375        0.125746
FIRE:  111 23:31:55  -207580.125000        0.124436
FIRE:  112 23:31:56  -207580.140625        0.169308
FIRE:  113 23:31:56  -207580.125000        0.204719
FIRE:  114 23:31:56  -207580.125000        0.131079
FIRE:  115 23:31:56  -207580.140625        0.124652
FIRE:  116 23:31:56  -207580.171875        0.216012
FIRE:  117 23:31:56  -207580.171875        0.145572
FIRE:  118 23:31:56  -207580.218750        0.125656
FIRE:  119 23:31:56  -207580.203125        0.158652
FIRE:  120 23:31:56  -207580.218750        0.128816
FIRE:  121 23:31:56  -207580.234375        0.148812
FIRE:  122 23:31:56  -207580.250000        0.190149
FIRE:  123 23:31:56  -207580.312500        0.160942
FIRE:  124 23:31:56  -207580.312500        0.125595
FIRE:  125 23:31:56  -207580.390625        0.186708
FIRE:  126 23:31:56  -207580.406250        0.509558
FIRE:  127 23:31:56  -207580.468750        1.782015
FIRE:  128 23:31:56  -207580.500000        0.220344
FIRE:  129 23:31:57  -207580.484375        0.167661
FIRE:  130 23:31:57  -207580.500000        0.104092
FIRE:  131 23:31:57  -207580.500000        0.104203
FIRE:  132 23:31:57  -207580.484375        0.158614
FIRE:  133 23:31:57  -207580.500000        0.185063
FIRE:  134 23:31:57  -207580.515625        0.143591
FIRE:  135 23:31:57  -207580.484375        0.104311
FIRE:  136 23:31:57  -207580.500000        0.104285
FIRE:  137 23:31:57  -207580.546875        0.124417
FIRE:  138 23:31:57  -207580.500000        0.104506
FIRE:  139 23:31:57  -207580.515625        0.104805
FIRE:  140 23:31:57  -207580.562500        0.138753
FIRE:  141 23:31:57  -207580.515625        0.105117
FIRE:  142 23:31:57  -207580.546875        0.109147
FIRE:  143 23:31:57  -207580.562500        0.102645
FIRE:  144 23:31:57  -207580.562500        0.143224
FIRE:  145 23:31:58  -207580.625000        0.109134
FIRE:  146 23:31:58  -207580.625000        0.094956
FIRE:  147 23:31:58  -207580.671875        0.090073
FIRE:  148 23:31:58  -207580.671875        0.191612
FIRE:  149 23:31:58  -207580.718750        0.675714
FIRE:  150 23:31:58  -207580.546875        2.696930
FIRE:  151 23:31:58  -207580.593750        0.622274
FIRE:  152 23:31:58  -207580.578125        0.444283
FIRE:  153 23:31:58  -207580.593750        0.154356
FIRE:  154 23:31:58  -207580.546875        0.214434
FIRE:  155 23:31:58  -207580.546875        0.448151
FIRE:  156 23:31:58  -207580.609375        0.495175
FIRE:  157 23:31:58  -207580.609375        0.355293
FIRE:  158 23:31:58  -207580.593750        0.091124
FIRE:  159 23:31:58  -207580.562500        0.213422
FIRE:  160 23:31:58  -207580.562500        0.363065
FIRE:  161 23:31:58  -207580.609375        0.245659
FIRE:  162 23:31:59  -207580.593750        0.116151
FIRE:  163 23:31:59  -207580.609375        0.351964
FIRE:  164 23:31:59  -207580.640625        0.138271
FIRE:  165 23:31:59  -207580.593750        0.289059
FIRE:  166 23:31:59  -207580.609375        0.120801
FIRE:  167 23:31:59  -207580.609375        0.405721
FIRE:  168 23:31:59  -207580.625000        0.168934
FIRE:  169 23:31:59  -207580.656250        0.077870
FIRE:  170 23:31:59  -207580.671875        0.399079
FIRE:  171 23:31:59  -207580.703125        1.002199
FIRE:  172 23:31:59  -207580.703125        2.753233
FIRE:  173 23:31:59  -207580.750000        0.318398
FIRE:  174 23:31:59  -207580.796875        0.241307
FIRE:  175 23:31:59  -207580.734375        0.111322
FIRE:  176 23:31:59  -207580.734375        0.087986
FIRE:  177 23:31:59  -207580.750000        0.213714
FIRE:  178 23:31:59  -207580.781250        0.257651
FIRE:  179 23:32:00  -207580.750000        0.208126
FIRE:  180 23:32:00  -207580.765625        0.087859
FIRE:  181 23:32:00  -207580.796875        0.073823
FIRE:  182 23:32:00  -207580.796875        0.175134
FIRE:  183 23:32:00  -207580.750000        0.145368
FIRE:  184 23:32:00  -207580.765625        0.074584
FIRE:  185 23:32:00  -207580.812500        0.182888
FIRE:  186 23:32:00  -207580.781250        0.117511
FIRE:  187 23:32:00  -207580.781250        0.122787
FIRE:  188 23:32:00  -207580.828125        0.095254
FIRE:  189 23:32:00  -207580.796875        0.187479
FIRE:  190 23:32:00  -207580.812500        0.072522
FIRE:  191 23:32:00  -207580.828125        0.089141
FIRE:  192 23:32:00  -207580.890625        0.280942
FIRE:  193 23:32:00  -207580.906250        0.625847
FIRE:  194 23:32:00  -207580.968750        1.598487
FIRE:  195 23:32:00  -207580.984375        0.068568
FIRE:  196 23:32:01  -207581.031250        1.273805
FIRE:  197 23:32:01  -207581.062500        0.996413
FIRE:  198 23:32:01  -207580.953125        0.488497
FIRE:  199 23:32:01  -207580.953125        0.151288
FIRE:  200 23:32:01  -207580.921875        0.143433
FIRE:  201 23:32:01  -207580.984375        0.128116
FIRE:  202 23:32:01  -207580.984375        0.106449
FIRE:  203 23:32:01  -207581.062500        0.080192
FIRE:  204 23:32:01  -207581.062500        0.069169
FIRE:  205 23:32:01  -207581.062500        0.068993
FIRE:  206 23:32:01  -207580.984375        0.068843
FIRE:  207 23:32:01  -207580.953125        0.068709
FIRE:  208 23:32:01  -207580.984375        0.068625
FIRE:  209 23:32:01  -207581.062500        0.070183
FIRE:  210 23:32:01  -207581.062500        0.068662
FIRE:  211 23:32:01  -207581.062500        0.068790
FIRE:  212 23:32:01  -207580.937500        0.068990
FIRE:  213 23:32:02  -207581.062500        0.069166
FIRE:  214 23:32:02  -207580.953125        0.069238
FIRE:  215 23:32:02  -207581.062500        0.069100
FIRE:  216 23:32:02  -207581.078125        0.068823
FIRE:  217 23:32:02  -207581.078125        0.068572
FIRE:  218 23:32:02  -207581.078125        0.068614
FIRE:  219 23:32:02  -207581.093750        0.068861
FIRE:  220 23:32:02  -207581.015625        0.068868
FIRE:  221 23:32:02  -207581.015625        0.068302
FIRE:  222 23:32:02  -207581.000000        0.067918
FIRE:  223 23:32:02  -207581.125000        0.068086
FIRE:  224 23:32:02  -207581.140625        0.066945
FIRE:  225 23:32:02  -207581.156250        0.066370
FIRE:  226 23:32:02  -207581.078125        0.135113
FIRE:  227 23:32:02  -207581.203125        0.348748
FIRE:  228 23:32:02  -207581.125000        1.212839
FIRE:  229 23:32:03  -207581.109375        3.319478
FIRE:  230 23:32:03  -207581.140625        0.138649
FIRE:  231 23:32:03  -207581.265625        0.112172
FIRE:  232 23:32:03  -207581.265625        0.066932
FIRE:  233 23:32:03  -207581.140625        0.064080
FIRE:  234 23:32:03  -207581.140625        0.063983
FIRE:  235 23:32:03  -207581.265625        0.063987
FIRE:  236 23:32:03  -207581.250000        0.063891
FIRE:  237 23:32:03  -207581.265625        0.063697
FIRE:  238 23:32:03  -207581.156250        0.063596
FIRE:  239 23:32:03  -207581.140625        0.064049
FIRE:  240 23:32:03  -207581.265625        0.064532
FIRE:  241 23:32:03  -207581.328125        0.065265
FIRE:  242 23:32:03  -207581.281250        0.065937
FIRE:  243 23:32:03  -207581.203125        0.066524
FIRE:  244 23:32:03  -207581.218750        0.067249
FIRE:  245 23:32:03  -207581.296875        0.068379
FIRE:  246 23:32:04  -207581.171875        0.069333
FIRE:  247 23:32:04  -207581.234375        0.070106
FIRE:  248 23:32:04  -207580.921875        0.087020
FIRE:  249 23:32:04  -207581.234375        0.210628
FIRE:  250 23:32:04  -207581.203125        0.510389
FIRE:  251 23:32:04  -207581.218750        1.527577
FIRE:  252 23:32:04  -207581.031250        0.140466
FIRE:  253 23:32:04  -207581.390625        0.109163
FIRE:  254 23:32:04  -207581.031250        0.077281
FIRE:  255 23:32:04  -207581.031250        0.076963
FIRE:  256 23:32:04  -207581.031250        0.102864
FIRE:  257 23:32:04  -207581.281250        0.121645
FIRE:  258 23:32:04  -207581.421875        0.099069
FIRE:  259 23:32:04  -207581.234375        0.076878
FIRE:  260 23:32:04  -207581.296875        0.077301
FIRE:  261 23:32:04  -207581.437500        0.084214
FIRE:  262 23:32:04  -207581.312500        0.078484
FIRE:  263 23:32:05  -207581.046875        0.078881
FIRE:  264 23:32:05  -207581.281250        0.093277
FIRE:  265 23:32:05  -207581.250000        0.080321
FIRE:  266 23:32:05  -207581.421875        0.081250
FIRE:  267 23:32:05  -207581.281250        0.081521
FIRE:  268 23:32:05  -207581.093750        0.097378
FIRE:  269 23:32:05  -207581.468750        0.084340
FIRE:  270 23:32:05  -207581.093750        0.086634
FIRE:  271 23:32:05  -207581.109375        0.089854
FIRE:  272 23:32:05  -207581.140625        0.134848
FIRE:  273 23:32:05  -207581.156250        0.554329
FIRE:  274 23:32:05  -207581.625000        1.765317
FIRE:  275 23:32:05  -207581.625000        0.103899
FIRE:  276 23:32:05  -207581.625000        0.100259
FIRE:  277 23:32:05  -207581.625000        0.100799
FIRE:  278 23:32:05  -207581.625000        0.101532
FIRE:  279 23:32:05  -207581.640625        0.102259
FIRE:  280 23:32:06  -207581.640625        0.102749
FIRE:  281 23:32:06  -207581.625000        0.102847
FIRE:  282 23:32:06  -207581.625000        0.102655
FIRE:  283 23:32:06  -207581.640625        0.102504
FIRE:  284 23:32:06  -207581.640625        0.102849
FIRE:  285 23:32:06  -207581.640625        0.103985
FIRE:  286 23:32:06  -207581.640625        0.105633
FIRE:  287 23:32:06  -207581.640625        0.107023
FIRE:  288 23:32:06  -207581.671875        0.107568
FIRE:  289 23:32:06  -207581.656250        0.108093
FIRE:  290 23:32:06  -207581.687500        0.110268
FIRE:  291 23:32:06  -207581.671875        0.112422
FIRE:  292 23:32:06  -207581.703125        0.112965
FIRE:  293 23:32:06  -207581.703125        0.115866
FIRE:  294 23:32:06  -207581.718750        0.142399
FIRE:  295 23:32:06  -207581.750000        0.298147
FIRE:  296 23:32:07  -207581.765625        1.025755
FIRE:  297 23:32:07  -207581.781250        0.113308
FIRE:  298 23:32:07  -207581.765625        0.113355
FIRE:  299 23:32:07  -207581.765625        0.113489
FIRE:  300 23:32:07  -207581.765625        0.113763
FIRE:  301 23:32:07  -207581.781250        0.114183
FIRE:  302 23:32:07  -207581.781250        0.114657
FIRE:  303 23:32:07  -207581.781250        0.115052
FIRE:  304 23:32:07  -207581.781250        0.115268
FIRE:  305 23:32:07  -207581.796875        0.115231
FIRE:  306 23:32:07  -207581.781250        0.114983
FIRE:  307 23:32:07  -207581.781250        0.114673
FIRE:  308 23:32:07  -207581.781250        0.114508
FIRE:  309 23:32:07  -207581.796875        0.114768
FIRE:  310 23:32:07  -207581.796875        0.115509
FIRE:  311 23:32:07  -207581.828125        0.115837
FIRE:  312 23:32:07  -207581.843750        0.114671
FIRE:  313 23:32:07  -207581.859375        0.113181
FIRE:  314 23:32:08  -207581.859375        0.113137
FIRE:  315 23:32:08  -207581.875000        0.111638
FIRE:  316 23:32:08  -207581.906250        0.106980
FIRE:  317 23:32:08  -207581.906250        0.105095
FIRE:  318 23:32:08  -207581.953125        0.175176
FIRE:  319 23:32:08  -207581.953125        0.613664
FIRE:  320 23:32:08  -207581.906250        2.754608
FIRE:  321 23:32:08  -207582.000000        1.158587
FIRE:  322 23:32:08  -207581.984375        0.792733
FIRE:  323 23:32:08  -207582.015625        0.178755
FIRE:  324 23:32:08  -207582.000000        0.546671
FIRE:  325 23:32:08  -207582.000000        0.499174
FIRE:  326 23:32:08  -207582.000000        0.408793
FIRE:  327 23:32:08  -207582.000000        0.284222
FIRE:  328 23:32:08  -207582.000000        0.151611
FIRE:  329 23:32:08  -207582.000000        0.080700
FIRE:  330 23:32:08  -207582.015625        0.147444
FIRE:  331 23:32:09  -207582.015625        0.144335
FIRE:  332 23:32:09  -207582.000000        0.138243
FIRE:  333 23:32:09  -207582.015625        0.129298
FIRE:  334 23:32:09  -207582.000000        0.117734
FIRE:  335 23:32:09  -207582.000000        0.103803
FIRE:  336 23:32:09  -207582.000000        0.095403
FIRE:  337 23:32:09  -207582.000000        0.087293
FIRE:  338 23:32:09  -207582.000000        0.082167
FIRE:  339 23:32:09  -207582.000000        0.081639
FIRE:  340 23:32:09  -207582.015625        0.081080
FIRE:  341 23:32:09  -207582.015625        0.080540
FIRE:  342 23:32:09  -207582.000000        0.080058
FIRE:  343 23:32:09  -207582.015625        0.079693
FIRE:  344 23:32:09  -207582.000000        0.084548
FIRE:  345 23:32:09  -207582.000000        0.083654
FIRE:  346 23:32:09  -207582.000000        0.080093
FIRE:  347 23:32:09  -207582.015625        0.080843
FIRE:  348 23:32:10  -207582.000000        0.081787
FIRE:  349 23:32:10  -207582.000000        0.082692
FIRE:  350 23:32:10  -207582.031250        0.083180
FIRE:  351 23:32:10  -207582.031250        0.082944
FIRE:  352 23:32:10  -207582.015625        0.082078
FIRE:  353 23:32:10  -207582.015625        0.081179
FIRE:  354 23:32:10  -207582.015625        0.081132
FIRE:  355 23:32:10  -207582.031250        0.082217
FIRE:  356 23:32:10  -207582.031250        0.083260
FIRE:  357 23:32:10  -207582.031250        0.082392
FIRE:  358 23:32:10  -207582.046875        0.080425
FIRE:  359 23:32:10  -207582.046875        0.080603
FIRE:  360 23:32:10  -207582.062500        0.080706
FIRE:  361 23:32:10  -207582.078125        0.078010
FIRE:  362 23:32:10  -207582.093750        0.116853
FIRE:  363 23:32:10  -207582.125000        0.264333
FIRE:  364 23:32:10  -207582.031250        0.709308
FIRE:  365 23:32:11  -207582.031250        2.071596
FIRE:  366 23:32:11  -207582.078125        0.327310
FIRE:  367 23:32:11  -207582.156250        0.239000
FIRE:  368 23:32:11  -207582.156250        0.086023
FIRE:  369 23:32:11  -207582.156250        0.085691
FIRE:  370 23:32:11  -207582.171875        0.208223
FIRE:  371 23:32:11  -207582.171875        0.242252
FIRE:  372 23:32:11  -207582.156250        0.183173
FIRE:  373 23:32:11  -207582.156250        0.061553
FIRE:  374 23:32:11  -207582.156250        0.100467
FIRE:  375 23:32:11  -207582.187500        0.190541
FIRE:  376 23:32:11  -207582.171875        0.145329
FIRE:  377 23:32:11  -207582.171875        0.061319
FIRE:  378 23:32:11  -207582.187500        0.168611
FIRE:  379 23:32:11  -207582.171875        0.080904
FIRE:  380 23:32:11  -207582.187500        0.144670
FIRE:  381 23:32:11  -207582.187500        0.082524
FIRE:  382 23:32:12  -207582.187500        0.187066
FIRE:  383 23:32:12  -207582.203125        0.078543
FIRE:  384 23:32:12  -207582.234375        0.057391
FIRE:  385 23:32:12  -207582.234375        0.216669
FIRE:  386 23:32:12  -207582.171875        0.555217
FIRE:  387 23:32:12  -207582.250000        1.417533
FIRE:  388 23:32:12  -207582.187500        0.048404
