      Step     Time          Energy          fmax
FIRE:    0 16:46:09  -418951.843750        5.875762
FIRE:    1 16:46:10  -418953.156250        3.589472
FIRE:    2 16:46:11  -418954.187500        3.267572
FIRE:    3 16:46:12  -418954.781250        4.361108
FIRE:    4 16:46:12  -418955.437500        2.720766
FIRE:    5 16:46:12  -418956.156250        2.012031
FIRE:    6 16:46:12  -418956.812500        2.157345
FIRE:    7 16:46:13  -418957.375000        2.227071
FIRE:    8 16:46:13  -418957.937500        1.678500
FIRE:    9 16:46:13  -418958.406250        2.510878
FIRE:   10 16:46:13  -418958.968750        2.466761
FIRE:   11 16:46:13  -418959.562500        1.310485
FIRE:   12 16:46:13  -418960.125000        1.310713
FIRE:   13 16:46:13  -418960.625000        1.408396
FIRE:   14 16:46:15  -418961.125000        1.643066
FIRE:   15 16:46:15  -418961.562500        1.701888
FIRE:   16 16:46:15  -418962.000000        1.491594
FIRE:   17 16:46:15  -418962.375000        1.283126
FIRE:   18 16:46:15  -418962.718750        0.835584
FIRE:   19 16:46:15  -418963.000000        0.876406
FIRE:   20 16:46:15  -418963.250000        1.191595
FIRE:   21 16:46:15  -418963.500000        1.222017
FIRE:   22 16:46:15  -418963.718750        0.865309
FIRE:   23 16:46:15  -418964.125000        0.668352
FIRE:   24 16:46:15  -418964.250000        0.784594
FIRE:   25 16:46:15  -418964.531250        0.751023
FIRE:   26 16:46:15  -418964.968750        0.779826
FIRE:   27 16:46:15  -418965.218750        0.596117
FIRE:   28 16:46:15  -418965.375000        0.617231
FIRE:   29 16:46:15  -418965.656250        0.592904
FIRE:   30 16:46:15  -418965.937500        0.550597
FIRE:   31 16:46:15  -418966.250000        0.612567
FIRE:   32 16:46:16  -418966.468750        0.636994
FIRE:   33 16:46:16  -418966.781250        0.636229
FIRE:   34 16:46:16  -418967.000000        0.740015
FIRE:   35 16:46:16  -418967.062500        1.134119
FIRE:   36 16:46:16  -418967.312500        1.082304
FIRE:   37 16:46:16  -418967.500000        0.579478
FIRE:   38 16:46:16  -418967.687500        0.639023
FIRE:   39 16:46:16  -418967.718750        0.852563
FIRE:   40 16:46:16  -418967.968750        1.070107
FIRE:   41 16:46:16  -418968.156250        0.780704
FIRE:   42 16:46:16  -418968.312500        0.633775
FIRE:   43 16:46:16  -418968.375000        0.639984
FIRE:   44 16:46:16  -418968.437500        1.054289
FIRE:   45 16:46:16  -418968.468750        1.381291
FIRE:   46 16:46:16  -418968.593750        1.236234
FIRE:   47 16:46:16  -418968.687500        0.727336
FIRE:   48 16:46:16  -418968.781250        0.917839
FIRE:   49 16:46:16  -418968.843750        1.244583
FIRE:   50 16:46:17  -418968.968750        1.054931
FIRE:   51 16:46:17  -418969.125000        0.511866
FIRE:   52 16:46:17  -418969.250000        0.789725
FIRE:   53 16:46:17  -418969.343750        0.932206
FIRE:   54 16:46:17  -418969.500000        0.739341
FIRE:   55 16:46:17  -418969.562500        0.488203
FIRE:   56 16:46:17  -418969.656250        0.703341
FIRE:   57 16:46:17  -418969.750000        0.660109
FIRE:   58 16:46:17  -418969.812500        0.426323
FIRE:   59 16:46:17  -418969.937500        0.570021
FIRE:   60 16:46:17  -418969.906250        0.781225
FIRE:   61 16:46:17  -418970.093750        0.539069
FIRE:   62 16:46:17  -418970.062500        0.462975
FIRE:   63 16:46:17  -418970.125000        0.453843
FIRE:   64 16:46:17  -418970.375000        0.532993
FIRE:   65 16:46:18  -418970.500000        0.468825
FIRE:   66 16:46:18  -418970.562500        0.369245
FIRE:   67 16:46:18  -418970.625000        0.601659
FIRE:   68 16:46:18  -418970.718750        0.494690
FIRE:   69 16:46:18  -418970.812500        0.471014
FIRE:   70 16:46:18  -418970.937500        0.407559
FIRE:   71 16:46:18  -418971.031250        0.429744
FIRE:   72 16:46:18  -418971.125000        0.334062
FIRE:   73 16:46:18  -418971.250000        0.299619
FIRE:   74 16:46:18  -418971.343750        0.385821
FIRE:   75 16:46:18  -418971.468750        0.466063
FIRE:   76 16:46:18  -418971.500000        0.372612
FIRE:   77 16:46:18  -418971.562500        0.279413
FIRE:   78 16:46:18  -418971.593750        0.436338
FIRE:   79 16:46:18  -418971.687500        0.327433
FIRE:   80 16:46:18  -418971.875000        0.322493
FIRE:   81 16:46:18  -418971.843750        0.509424
FIRE:   82 16:46:18  -418971.875000        0.520979
FIRE:   83 16:46:19  -418971.937500        0.337669
FIRE:   84 16:46:19  -418972.000000        0.354158
FIRE:   85 16:46:19  -418972.062500        0.316768
FIRE:   86 16:46:19  -418972.156250        0.357587
FIRE:   87 16:46:19  -418972.250000        0.411335
FIRE:   88 16:46:19  -418972.312500        0.368095
FIRE:   89 16:46:19  -418972.375000        0.268785
FIRE:   90 16:46:19  -418972.562500        0.253617
FIRE:   91 16:46:19  -418972.625000        0.276455
FIRE:   92 16:46:19  -418972.531250        0.287444
FIRE:   93 16:46:19  -418972.718750        0.269870
FIRE:   94 16:46:19  -418972.781250        0.289492
FIRE:   95 16:46:19  -418972.718750        0.303525
FIRE:   96 16:46:19  -418972.750000        0.297002
FIRE:   97 16:46:19  -418972.812500        0.310058
FIRE:   98 16:46:19  -418972.875000        0.308932
FIRE:   99 16:46:19  -418973.093750        0.307531
FIRE:  100 16:46:20  -418973.000000        0.293962
FIRE:  101 16:46:20  -418973.062500        0.292384
FIRE:  102 16:46:20  -418973.093750        0.329187
FIRE:  103 16:46:20  -418973.156250        0.380884
FIRE:  104 16:46:20  -418973.187500        0.410201
FIRE:  105 16:46:20  -418973.343750        0.394579
FIRE:  106 16:46:20  -418973.281250        0.322650
FIRE:  107 16:46:20  -418973.437500        0.351329
FIRE:  108 16:46:20  -418973.468750        0.304408
FIRE:  109 16:46:20  -418973.500000        0.266962
FIRE:  110 16:46:20  -418973.468750        0.288811
FIRE:  111 16:46:20  -418973.500000        0.326750
FIRE:  112 16:46:20  -418973.531250        0.307252
FIRE:  113 16:46:20  -418973.593750        0.275697
FIRE:  114 16:46:21  -418973.656250        0.295469
FIRE:  115 16:46:21  -418973.718750        0.316161
FIRE:  116 16:46:21  -418973.781250        0.278943
FIRE:  117 16:46:21  -418973.843750        0.246540
FIRE:  118 16:46:21  -418973.906250        0.247056
FIRE:  119 16:46:21  -418973.937500        0.207934
FIRE:  120 16:46:21  -418973.968750        0.257838
FIRE:  121 16:46:21  -418974.000000        0.257093
FIRE:  122 16:46:21  -418974.000000        0.263488
FIRE:  123 16:46:21  -418974.062500        0.265160
FIRE:  124 16:46:21  -418974.062500        0.238917
FIRE:  125 16:46:21  -418974.125000        0.277379
FIRE:  126 16:46:21  -418974.156250        0.303293
FIRE:  127 16:46:21  -418974.187500        0.255625
FIRE:  128 16:46:22  -418974.218750        0.202608
FIRE:  129 16:46:22  -418974.250000        0.238016
FIRE:  130 16:46:22  -418974.218750        0.247874
FIRE:  131 16:46:22  -418974.281250        0.265731
FIRE:  132 16:46:22  -418974.312500        0.278165
FIRE:  133 16:46:22  -418974.343750        0.231281
FIRE:  134 16:46:22  -418974.343750        0.184959
FIRE:  135 16:46:22  -418974.375000        0.183351
FIRE:  136 16:46:22  -418974.375000        0.268913
FIRE:  137 16:46:22  -418974.406250        0.257502
FIRE:  138 16:46:22  -418974.406250        0.234017
FIRE:  139 16:46:22  -418974.437500        0.181534
FIRE:  140 16:46:22  -418974.437500        0.181164
FIRE:  141 16:46:22  -418974.500000        0.161903
FIRE:  142 16:46:23  -418974.531250        0.174509
FIRE:  143 16:46:23  -418974.625000        0.210370
FIRE:  144 16:46:23  -418974.625000        0.255539
FIRE:  145 16:46:23  -418974.718750        0.242286
FIRE:  146 16:46:23  -418974.562500        0.202435
FIRE:  147 16:46:23  -418974.562500        0.177469
FIRE:  148 16:46:23  -418974.718750        0.247357
FIRE:  149 16:46:23  -418974.750000        0.231520
FIRE:  150 16:46:23  -418974.781250        0.186494
FIRE:  151 16:46:23  -418974.687500        0.182406
FIRE:  152 16:46:23  -418974.843750        0.203173
FIRE:  153 16:46:23  -418974.875000        0.221127
FIRE:  154 16:46:23  -418974.750000        0.196684
FIRE:  155 16:46:23  -418974.906250        0.198284
FIRE:  156 16:46:24  -418974.937500        0.170367
FIRE:  157 16:46:24  -418974.968750        0.155272
FIRE:  158 16:46:24  -418974.906250        0.256855
FIRE:  159 16:46:24  -418975.093750        0.264328
FIRE:  160 16:46:24  -418975.062500        0.184490
FIRE:  161 16:46:24  -418975.062500        0.174497
FIRE:  162 16:46:24  -418975.093750        0.162923
FIRE:  163 16:46:24  -418975.156250        0.215987
FIRE:  164 16:46:24  -418975.218750        0.197598
FIRE:  165 16:46:24  -418975.187500        0.145217
FIRE:  166 16:46:24  -418975.218750        0.147523
FIRE:  167 16:46:24  -418975.250000        0.150566
FIRE:  168 16:46:24  -418975.281250        0.179906
FIRE:  169 16:46:25  -418975.281250        0.160357
FIRE:  170 16:46:25  -418975.343750        0.140515
FIRE:  171 16:46:25  -418975.312500        0.137466
FIRE:  172 16:46:25  -418975.343750        0.151552
FIRE:  173 16:46:25  -418975.343750        0.137346
FIRE:  174 16:46:25  -418975.406250        0.163068
FIRE:  175 16:46:25  -418975.406250        0.172685
FIRE:  176 16:46:25  -418975.406250        0.132012
FIRE:  177 16:46:25  -418975.437500        0.122699
FIRE:  178 16:46:25  -418975.468750        0.137928
FIRE:  179 16:46:25  -418975.500000        0.136279
FIRE:  180 16:46:25  -418975.531250        0.131174
FIRE:  181 16:46:25  -418975.562500        0.127582
FIRE:  182 16:46:25  -418975.531250        0.153589
FIRE:  183 16:46:25  -418975.531250        0.149456
FIRE:  184 16:46:26  -418975.531250        0.140305
FIRE:  185 16:46:26  -418975.593750        0.123305
FIRE:  186 16:46:26  -418975.562500        0.132666
FIRE:  187 16:46:26  -418975.593750        0.157235
FIRE:  188 16:46:26  -418975.593750        0.122308
FIRE:  189 16:46:26  -418975.625000        0.146172
FIRE:  190 16:46:26  -418975.625000        0.133431
FIRE:  191 16:46:26  -418975.656250        0.140083
FIRE:  192 16:46:26  -418975.718750        0.141599
FIRE:  193 16:46:26  -418975.687500        0.149751
FIRE:  194 16:46:26  -418975.750000        0.157358
FIRE:  195 16:46:26  -418975.781250        0.124487
FIRE:  196 16:46:26  -418975.750000        0.116385
FIRE:  197 16:46:27  -418975.781250        0.132151
FIRE:  198 16:46:27  -418975.812500        0.146211
FIRE:  199 16:46:27  -418975.843750        0.106481
FIRE:  200 16:46:27  -418975.812500        0.108415
FIRE:  201 16:46:27  -418975.875000        0.132576
FIRE:  202 16:46:27  -418975.906250        0.134839
FIRE:  203 16:46:27  -418975.906250        0.118825
FIRE:  204 16:46:27  -418975.937500        0.109456
FIRE:  205 16:46:27  -418975.968750        0.124250
FIRE:  206 16:46:27  -418975.937500        0.134023
FIRE:  207 16:46:27  -418975.968750        0.832899
FIRE:  208 16:46:27  -418975.406250        3.038618
FIRE:  209 16:46:27  -418975.843750        1.478906
FIRE:  210 16:46:27  -418975.875000        0.782565
FIRE:  211 16:46:28  -418975.875000        0.203006
FIRE:  212 16:46:28  -418975.875000        0.188915
FIRE:  213 16:46:28  -418975.875000        0.172261
FIRE:  214 16:46:28  -418975.875000        0.149700
FIRE:  215 16:46:28  -418975.875000        0.124391
FIRE:  216 16:46:28  -418975.906250        0.100915
FIRE:  217 16:46:28  -418975.906250        0.090184
FIRE:  218 16:46:28  -418975.906250        0.115043
FIRE:  219 16:46:28  -418975.906250        0.115790
FIRE:  220 16:46:28  -418975.906250        0.087422
FIRE:  221 16:46:28  -418975.906250        0.071175
FIRE:  222 16:46:28  -418975.906250        0.067043
FIRE:  223 16:46:28  -418975.906250        0.092037
FIRE:  224 16:46:28  -418975.906250        0.091804
FIRE:  225 16:46:28  -418975.906250        0.093984
FIRE:  226 16:46:29  -418975.875000        0.067058
FIRE:  227 16:46:29  -418975.906250        0.079853
FIRE:  228 16:46:29  -418976.062500        0.063384
FIRE:  229 16:46:29  -418976.062500        0.080436
FIRE:  230 16:46:29  -418976.031250        0.071353
FIRE:  231 16:46:29  -418976.031250        0.080436
FIRE:  232 16:46:29  -418976.031250        0.045704
