      Step     Time          Energy          fmax
FIRE:    0 17:17:55  -470868.375000        6.730204
FIRE:    1 17:17:55  -470870.093750        3.208823
FIRE:    2 17:17:57  -470871.531250        1.942947
FIRE:    3 17:17:57  -470872.343750        1.559385
FIRE:    4 17:17:57  -470873.312500        1.550558
FIRE:    5 17:17:57  -470873.625000        1.374273
FIRE:    6 17:17:58  -470873.906250        1.239847
FIRE:    7 17:17:58  -470874.156250        1.654312
FIRE:    8 17:17:58  -470874.468750        1.701404
FIRE:    9 17:17:58  -470874.875000        1.386703
FIRE:   10 17:17:58  -470875.375000        1.294169
FIRE:   11 17:17:59  -470875.750000        1.310823
FIRE:   12 17:17:59  -470875.906250        0.885423
FIRE:   13 17:17:59  -470876.656250        0.876039
FIRE:   14 17:17:59  -470876.656250        0.830546
FIRE:   15 17:17:59  -470877.062500        0.996004
FIRE:   16 17:17:59  -470877.375000        0.829241
FIRE:   17 17:17:59  -470877.687500        0.742010
FIRE:   18 17:17:59  -470878.093750        0.778021
FIRE:   19 17:18:00  -470878.187500        0.894913
FIRE:   20 17:18:01  -470878.562500        0.842282
FIRE:   21 17:18:01  -470878.562500        0.630293
FIRE:   22 17:18:01  -470878.687500        0.603488
FIRE:   23 17:18:01  -470879.000000        0.610281
FIRE:   24 17:18:01  -470879.156250        0.568162
FIRE:   25 17:18:01  -470879.406250        0.615438
FIRE:   26 17:18:01  -470879.781250        0.551703
FIRE:   27 17:18:01  -470879.968750        0.599704
FIRE:   28 17:18:01  -470880.187500        0.596386
FIRE:   29 17:18:01  -470880.406250        0.556082
FIRE:   30 17:18:01  -470880.593750        0.558088
FIRE:   31 17:18:01  -470880.750000        0.554396
FIRE:   32 17:18:01  -470881.000000        0.435525
FIRE:   33 17:18:01  -470881.187500        0.377011
FIRE:   34 17:18:02  -470881.281250        0.355580
FIRE:   35 17:18:02  -470881.562500        0.451675
FIRE:   36 17:18:02  -470881.718750        0.514962
FIRE:   37 17:18:02  -470881.718750        0.537058
FIRE:   38 17:18:02  -470881.906250        0.614594
FIRE:   39 17:18:02  -470882.000000        0.561967
FIRE:   40 17:18:02  -470882.156250        0.479089
FIRE:   41 17:18:02  -470882.406250        0.750793
FIRE:   42 17:18:02  -470882.406250        0.959558
FIRE:   43 17:18:02  -470882.781250        0.931820
FIRE:   44 17:18:02  -470883.000000        0.990707
FIRE:   45 17:18:02  -470883.218750        0.983544
FIRE:   46 17:18:02  -470883.437500        0.733554
FIRE:   47 17:18:02  -470883.656250        0.660171
FIRE:   48 17:18:02  -470883.843750        0.721179
FIRE:   49 17:18:02  -470884.031250        0.931221
FIRE:   50 17:18:02  -470884.218750        1.159943
FIRE:   51 17:18:02  -470884.437500        1.213685
FIRE:   52 17:18:02  -470884.687500        1.026770
FIRE:   53 17:18:02  -470884.906250        0.860534
FIRE:   54 17:18:03  -470885.187500        0.772739
FIRE:   55 17:18:03  -470885.062500        1.682112
FIRE:   56 17:18:03  -470885.187500        1.873175
FIRE:   57 17:18:03  -470884.781250        2.893820
FIRE:   58 17:18:03  -470885.125000        1.851868
FIRE:   59 17:18:03  -470885.250000        1.113223
FIRE:   60 17:18:03  -470885.312500        0.860911
FIRE:   61 17:18:03  -470885.406250        0.842520
FIRE:   62 17:18:03  -470885.312500        0.805971
FIRE:   63 17:18:03  -470885.343750        0.751838
FIRE:   64 17:18:03  -470885.312500        0.681204
FIRE:   65 17:18:03  -470885.343750        0.596296
FIRE:   66 17:18:03  -470885.343750        0.501241
FIRE:   67 17:18:03  -470885.406250        0.402578
FIRE:   68 17:18:03  -470885.375000        0.366382
FIRE:   69 17:18:03  -470885.375000        0.419986
FIRE:   70 17:18:03  -470885.375000        0.529867
FIRE:   71 17:18:03  -470885.406250        0.605859
FIRE:   72 17:18:04  -470885.375000        0.617858
FIRE:   73 17:18:04  -470885.437500        0.549077
FIRE:   74 17:18:04  -470885.468750        0.406424
FIRE:   75 17:18:04  -470885.843750        0.268058
FIRE:   76 17:18:04  -470885.500000        0.415927
FIRE:   77 17:18:04  -470885.593750        0.474653
FIRE:   78 17:18:04  -470885.937500        0.388372
FIRE:   79 17:18:04  -470886.031250        0.201194
FIRE:   80 17:18:04  -470886.031250        0.371816
FIRE:   81 17:18:04  -470886.093750        0.299882
FIRE:   82 17:18:04  -470885.781250        0.203244
FIRE:   83 17:18:04  -470886.187500        0.292538
FIRE:   84 17:18:04  -470885.937500        0.503342
FIRE:   85 17:18:04  -470885.937500        1.203711
FIRE:   86 17:18:04  -470886.000000        0.187219
FIRE:   87 17:18:04  -470885.968750        1.011364
FIRE:   88 17:18:04  -470885.968750        0.763344
FIRE:   89 17:18:05  -470886.000000        0.356078
FIRE:   90 17:18:05  -470885.968750        0.167073
FIRE:   91 17:18:05  -470885.968750        0.159630
FIRE:   92 17:18:05  -470885.968750        0.147248
FIRE:   93 17:18:05  -470886.000000        0.147126
FIRE:   94 17:18:05  -470885.968750        0.146964
FIRE:   95 17:18:05  -470886.000000        0.146762
FIRE:   96 17:18:05  -470885.968750        0.146520
FIRE:   97 17:18:05  -470885.968750        0.146239
FIRE:   98 17:18:05  -470885.968750        0.145877
FIRE:   99 17:18:05  -470886.000000        0.145427
FIRE:  100 17:18:05  -470886.000000        0.144858
FIRE:  101 17:18:05  -470886.000000        0.144144
FIRE:  102 17:18:05  -470886.000000        0.143235
FIRE:  103 17:18:05  -470886.000000        0.142065
FIRE:  104 17:18:05  -470886.000000        0.140562
FIRE:  105 17:18:05  -470886.000000        0.138666
FIRE:  106 17:18:05  -470886.031250        0.136341
FIRE:  107 17:18:05  -470886.000000        0.133616
FIRE:  108 17:18:06  -470886.031250        0.130639
FIRE:  109 17:18:06  -470886.031250        0.131349
FIRE:  110 17:18:06  -470886.031250        0.132000
FIRE:  111 17:18:06  -470886.093750        0.132721
FIRE:  112 17:18:06  -470886.062500        0.133515
FIRE:  113 17:18:06  -470886.125000        0.133896
FIRE:  114 17:18:06  -470886.093750        0.133412
FIRE:  115 17:18:06  -470886.343750        0.132122
FIRE:  116 17:18:06  -470886.312500        0.129483
FIRE:  117 17:18:06  -470886.437500        0.170252
FIRE:  118 17:18:06  -470886.406250        0.355319
FIRE:  119 17:18:06  -470886.468750        0.927187
FIRE:  120 17:18:06  -470886.468750        0.124401
FIRE:  121 17:18:06  -470886.468750        0.779973
FIRE:  122 17:18:06  -470886.406250        0.581852
FIRE:  123 17:18:06  -470886.500000        0.271434
FIRE:  124 17:18:07  -470886.437500        0.159402
FIRE:  125 17:18:07  -470886.468750        0.152097
FIRE:  126 17:18:07  -470886.500000        0.137911
FIRE:  127 17:18:07  -470886.531250        0.121861
FIRE:  128 17:18:07  -470886.468750        0.121802
FIRE:  129 17:18:07  -470886.500000        0.121715
FIRE:  130 17:18:07  -470886.531250        0.121619
FIRE:  131 17:18:07  -470886.500000        0.121501
FIRE:  132 17:18:07  -470886.468750        0.121333
FIRE:  133 17:18:07  -470886.468750        0.121142
FIRE:  134 17:18:07  -470886.437500        0.120888
FIRE:  135 17:18:07  -470886.500000        0.120584
FIRE:  136 17:18:07  -470886.500000        0.120187
FIRE:  137 17:18:07  -470886.468750        0.119709
FIRE:  138 17:18:07  -470886.468750        0.119124
FIRE:  139 17:18:08  -470886.468750        0.118441
FIRE:  140 17:18:08  -470886.437500        0.117684
FIRE:  141 17:18:08  -470886.500000        0.116872
FIRE:  142 17:18:08  -470886.437500        0.116066
FIRE:  143 17:18:08  -470886.500000        0.115313
FIRE:  144 17:18:08  -470886.500000        0.114683
FIRE:  145 17:18:08  -470886.500000        0.114225
FIRE:  146 17:18:08  -470886.500000        0.114150
FIRE:  147 17:18:08  -470886.500000        0.114538
FIRE:  148 17:18:08  -470886.531250        0.115671
FIRE:  149 17:18:08  -470886.593750        0.117872
FIRE:  150 17:18:08  -470886.593750        0.121312
FIRE:  151 17:18:08  -470886.656250        0.158098
FIRE:  152 17:18:08  -470886.718750        0.311882
FIRE:  153 17:18:08  -470886.718750        0.868925
FIRE:  154 17:18:08  -470886.750000        0.143688
FIRE:  155 17:18:08  -470886.750000        0.747874
FIRE:  156 17:18:08  -470886.750000        0.551424
FIRE:  157 17:18:08  -470886.750000        0.253285
FIRE:  158 17:18:09  -470886.718750        0.180239
FIRE:  159 17:18:09  -470886.781250        0.172033
FIRE:  160 17:18:09  -470886.750000        0.156159
FIRE:  161 17:18:09  -470886.750000        0.142781
FIRE:  162 17:18:09  -470886.750000        0.142830
FIRE:  163 17:18:09  -470886.750000        0.142897
FIRE:  164 17:18:09  -470886.718750        0.142974
FIRE:  165 17:18:09  -470886.781250        0.143056
FIRE:  166 17:18:09  -470886.718750        0.143162
FIRE:  167 17:18:09  -470886.750000        0.143289
FIRE:  168 17:18:09  -470886.750000        0.143442
FIRE:  169 17:18:09  -470886.781250        0.143635
FIRE:  170 17:18:09  -470886.812500        0.143884
FIRE:  171 17:18:09  -470886.812500        0.144215
FIRE:  172 17:18:09  -470886.781250        0.144677
FIRE:  173 17:18:09  -470886.812500        0.145336
FIRE:  174 17:18:10  -470886.781250        0.146284
FIRE:  175 17:18:10  -470886.812500        0.147642
FIRE:  176 17:18:10  -470886.781250        0.149566
FIRE:  177 17:18:10  -470886.781250        0.152071
FIRE:  178 17:18:10  -470886.843750        0.155504
FIRE:  179 17:18:10  -470886.812500        0.160222
FIRE:  180 17:18:10  -470886.843750        0.166619
FIRE:  181 17:18:10  -470886.843750        0.175050
FIRE:  182 17:18:10  -470886.875000        0.184851
FIRE:  183 17:18:10  -470886.875000        0.196864
FIRE:  184 17:18:10  -470886.875000        0.211211
FIRE:  185 17:18:10  -470886.968750        0.228484
FIRE:  186 17:18:10  -470886.968750        0.291775
FIRE:  187 17:18:10  -470887.062500        0.936787
FIRE:  188 17:18:10  -470886.937500        3.092952
FIRE:  189 17:18:11  -470887.125000        0.929263
FIRE:  190 17:18:11  -470887.093750        0.670012
FIRE:  191 17:18:11  -470887.125000        0.294754
FIRE:  192 17:18:11  -470887.125000        0.311478
FIRE:  193 17:18:11  -470887.125000        0.294111
FIRE:  194 17:18:11  -470887.093750        0.294031
FIRE:  195 17:18:11  -470887.125000        0.293903
FIRE:  196 17:18:11  -470887.125000        0.293741
FIRE:  197 17:18:11  -470887.125000        0.293535
FIRE:  198 17:18:11  -470887.125000        0.293297
FIRE:  199 17:18:11  -470887.093750        0.293025
FIRE:  200 17:18:11  -470887.093750        0.292702
FIRE:  201 17:18:11  -470887.125000        0.292320
FIRE:  202 17:18:11  -470887.093750        0.291879
FIRE:  203 17:18:12  -470887.125000        0.291382
FIRE:  204 17:18:12  -470887.187500        0.290834
FIRE:  205 17:18:12  -470887.156250        0.290273
FIRE:  206 17:18:12  -470887.156250        0.289798
FIRE:  207 17:18:12  -470887.187500        0.289587
FIRE:  208 17:18:12  -470887.187500        0.289801
FIRE:  209 17:18:12  -470887.187500        0.290725
FIRE:  210 17:18:12  -470887.218750        0.292252
FIRE:  211 17:18:12  -470887.250000        0.294497
FIRE:  212 17:18:12  -470887.250000        0.297333
FIRE:  213 17:18:12  -470887.281250        0.300114
FIRE:  214 17:18:12  -470887.312500        0.301244
FIRE:  215 17:18:12  -470887.343750        0.297664
FIRE:  216 17:18:12  -470887.250000        0.285184
FIRE:  217 17:18:13  -470887.312500        0.253618
FIRE:  218 17:18:13  -470887.437500        0.211527
FIRE:  219 17:18:13  -470887.500000        0.625589
FIRE:  220 17:18:13  -470887.500000        1.796423
FIRE:  221 17:18:13  -470887.531250        0.358927
FIRE:  222 17:18:13  -470887.531250        0.353955
FIRE:  223 17:18:13  -470887.531250        0.344246
FIRE:  224 17:18:13  -470887.562500        0.330213
FIRE:  225 17:18:13  -470887.562500        0.312627
FIRE:  226 17:18:13  -470887.531250        0.292545
FIRE:  227 17:18:13  -470887.531250        0.271078
FIRE:  228 17:18:13  -470887.562500        0.249239
FIRE:  229 17:18:13  -470887.531250        0.225666
FIRE:  230 17:18:13  -470887.562500        0.201537
FIRE:  231 17:18:14  -470887.562500        0.178233
FIRE:  232 17:18:14  -470887.593750        0.156759
FIRE:  233 17:18:14  -470887.562500        0.136982
FIRE:  234 17:18:14  -470887.593750        0.120075
FIRE:  235 17:18:14  -470887.625000        0.116208
FIRE:  236 17:18:14  -470887.593750        0.117934
FIRE:  237 17:18:14  -470887.656250        0.128505
FIRE:  238 17:18:14  -470887.656250        0.130974
FIRE:  239 17:18:14  -470887.687500        0.141777
FIRE:  240 17:18:14  -470887.687500        0.142588
FIRE:  241 17:18:14  -470887.593750        0.192331
FIRE:  242 17:18:14  -470887.625000        0.586857
FIRE:  243 17:18:14  -470887.625000        1.819713
FIRE:  244 17:18:14  -470887.656250        0.356584
FIRE:  245 17:18:15  -470887.656250        0.267660
FIRE:  246 17:18:15  -470887.687500        0.115582
FIRE:  247 17:18:15  -470887.687500        0.119199
FIRE:  248 17:18:15  -470887.687500        0.221870
FIRE:  249 17:18:15  -470887.656250        0.246349
FIRE:  250 17:18:15  -470887.687500        0.192027
FIRE:  251 17:18:15  -470887.687500        0.087723
FIRE:  252 17:18:15  -470887.656250        0.146287
FIRE:  253 17:18:15  -470887.687500        0.224643
FIRE:  254 17:18:15  -470887.656250        0.171940
FIRE:  255 17:18:15  -470887.687500        0.079861
FIRE:  256 17:18:15  -470887.687500        0.181761
FIRE:  257 17:18:15  -470887.656250        0.096785
FIRE:  258 17:18:15  -470887.718750        0.183361
FIRE:  259 17:18:16  -470887.687500        0.112065
FIRE:  260 17:18:16  -470887.718750        0.207137
FIRE:  261 17:18:16  -470887.718750        0.117057
FIRE:  262 17:18:16  -470887.750000        0.095789
FIRE:  263 17:18:16  -470887.781250        0.234945
FIRE:  264 17:18:16  -470887.750000        0.562394
FIRE:  265 17:18:16  -470887.750000        1.285569
FIRE:  266 17:18:16  -470887.812500        0.124517
FIRE:  267 17:18:16  -470887.843750        0.103953
FIRE:  268 17:18:16  -470887.875000        0.068808
FIRE:  269 17:18:16  -470887.843750        0.067077
FIRE:  270 17:18:16  -470887.812500        0.080233
FIRE:  271 17:18:16  -470887.843750        0.090701
FIRE:  272 17:18:17  -470887.812500        0.081601
FIRE:  273 17:18:17  -470887.812500        0.064974
FIRE:  274 17:18:17  -470888.031250        0.064350
FIRE:  275 17:18:17  -470888.000000        0.084045
FIRE:  276 17:18:17  -470887.812500        0.076789
FIRE:  277 17:18:17  -470887.906250        0.107342
FIRE:  278 17:18:17  -470888.062500        0.074013
FIRE:  279 17:18:17  -470888.031250        0.099971
FIRE:  280 17:18:17  -470888.062500        0.072003
FIRE:  281 17:18:17  -470888.062500        0.089602
FIRE:  282 17:18:17  -470888.031250        0.074754
FIRE:  283 17:18:17  -470888.093750        0.059936
FIRE:  284 17:18:17  -470888.093750        0.059694
FIRE:  285 17:18:17  -470888.062500        0.079811
FIRE:  286 17:18:17  -470888.093750        0.157952
FIRE:  287 17:18:18  -470887.937500        0.367844
FIRE:  288 17:18:18  -470888.093750        1.129608
FIRE:  289 17:18:18  -470888.000000        0.133998
FIRE:  290 17:18:18  -470887.906250        0.105707
FIRE:  291 17:18:18  -470887.937500        0.057784
FIRE:  292 17:18:18  -470887.906250        0.068356
FIRE:  293 17:18:18  -470887.968750        0.105800
FIRE:  294 17:18:18  -470888.156250        0.114022
FIRE:  295 17:18:18  -470888.125000        0.091812
FIRE:  296 17:18:18  -470888.125000        0.055731
FIRE:  297 17:18:18  -470888.156250        0.071497
FIRE:  298 17:18:18  -470888.156250        0.092118
FIRE:  299 17:18:18  -470888.156250        0.071159
FIRE:  300 17:18:18  -470888.187500        0.061258
FIRE:  301 17:18:19  -470888.187500        0.093489
FIRE:  302 17:18:19  -470888.156250        0.053996
FIRE:  303 17:18:19  -470888.156250        0.084389
FIRE:  304 17:18:19  -470888.187500        0.053373
FIRE:  305 17:18:19  -470888.187500        0.097943
FIRE:  306 17:18:19  -470888.218750        0.084353
FIRE:  307 17:18:19  -470888.187500        0.067420
FIRE:  308 17:18:19  -470888.218750        0.059691
FIRE:  309 17:18:19  -470888.250000        0.137504
FIRE:  310 17:18:19  -470888.250000        0.444236
FIRE:  311 17:18:19  -470888.218750        0.052264
FIRE:  312 17:18:19  -470888.250000        0.412581
FIRE:  313 17:18:19  -470888.250000        0.304171
FIRE:  314 17:18:19  -470888.218750        0.117713
FIRE:  315 17:18:20  -470888.218750        0.095581
FIRE:  316 17:18:20  -470888.250000        0.089552
FIRE:  317 17:18:20  -470888.250000        0.078186
FIRE:  318 17:18:20  -470888.250000        0.062259
FIRE:  319 17:18:20  -470888.250000        0.052382
FIRE:  320 17:18:20  -470888.250000        0.052357
FIRE:  321 17:18:20  -470888.218750        0.052362
FIRE:  322 17:18:20  -470888.250000        0.052358
FIRE:  323 17:18:20  -470888.250000        0.052371
FIRE:  324 17:18:20  -470888.250000        0.052358
FIRE:  325 17:18:20  -470888.250000        0.052353
FIRE:  326 17:18:20  -470888.218750        0.052374
FIRE:  327 17:18:20  -470888.250000        0.052364
FIRE:  328 17:18:20  -470888.218750        0.052379
FIRE:  329 17:18:21  -470888.250000        0.052393
FIRE:  330 17:18:21  -470888.250000        0.052441
FIRE:  331 17:18:21  -470888.250000        0.052478
FIRE:  332 17:18:21  -470888.218750        0.052453
FIRE:  333 17:18:21  -470888.218750        0.052156
FIRE:  334 17:18:21  -470888.281250        0.051794
FIRE:  335 17:18:21  -470888.281250        0.051378
FIRE:  336 17:18:21  -470888.250000        0.050950
FIRE:  337 17:18:21  -470888.281250        0.050405
FIRE:  338 17:18:21  -470888.281250        0.049770
