      Step     Time          Energy          fmax
FIRE:    0 10:27:40  -145714.937500        9.406921
FIRE:    1 10:27:41  -145717.203125        6.385056
FIRE:    2 10:27:43  -145717.937500       11.654563
FIRE:    3 10:27:44  -145718.703125        4.110804
FIRE:    4 10:27:44  -145719.000000        5.538898
FIRE:    5 10:27:44  -145719.062500        4.793452
FIRE:    6 10:27:44  -145719.171875        3.470809
FIRE:    7 10:27:44  -145719.250000        1.913785
FIRE:    8 10:27:44  -145719.359375        1.743808
FIRE:    9 10:27:44  -145719.484375        2.041722
FIRE:   10 10:27:44  -145719.625000        2.493849
FIRE:   11 10:27:44  -145719.781250        2.600451
FIRE:   12 10:27:44  -145720.000000        1.985900
FIRE:   13 10:27:44  -145720.218750        1.345409
FIRE:   14 10:27:44  -145720.484375        1.674375
FIRE:   15 10:27:44  -145720.796875        2.825519
FIRE:   16 10:27:44  -145721.140625        2.475105
FIRE:   17 10:27:44  -145721.546875        1.149872
FIRE:   18 10:27:44  -145721.953125        1.613232
FIRE:   19 10:27:44  -145722.359375        1.348749
FIRE:   20 10:27:44  -145722.796875        1.632787
FIRE:   21 10:27:44  -145723.296875        1.834207
FIRE:   22 10:27:46  -145723.718750        1.505651
FIRE:   23 10:27:46  -145724.109375        0.612146
FIRE:   24 10:27:46  -145724.359375        2.304535
FIRE:   25 10:27:46  -145724.781250        0.891993
FIRE:   26 10:27:46  -145725.031250        0.769618
FIRE:   27 10:27:46  -145725.343750        2.035737
FIRE:   28 10:27:46  -145725.750000        1.228335
FIRE:   29 10:27:46  -145726.062500        0.446793
FIRE:   30 10:27:46  -145726.359375        0.832953
FIRE:   31 10:27:46  -145726.609375        1.501330
FIRE:   32 10:27:46  -145726.812500        2.350989
FIRE:   33 10:27:46  -145727.000000        2.185327
FIRE:   34 10:27:48  -145727.234375        2.298787
FIRE:   35 10:27:48  -145727.468750        2.313103
FIRE:   36 10:27:48  -145727.593750        3.514576
FIRE:   37 10:27:48  -145727.734375        4.992087
FIRE:   38 10:27:48  -145726.312500       24.768637
FIRE:   39 10:27:48  -145727.437500        8.458498
FIRE:   40 10:27:48  -145727.578125        6.562135
FIRE:   41 10:27:48  -145727.765625        3.878788
FIRE:   42 10:27:48  -145727.859375        1.904114
FIRE:   43 10:27:48  -145727.875000        1.830861
FIRE:   44 10:27:48  -145727.859375        1.685743
FIRE:   45 10:27:48  -145727.843750        1.472228
FIRE:   46 10:27:48  -145727.890625        1.196530
FIRE:   47 10:27:48  -145727.875000        0.869716
FIRE:   48 10:27:48  -145727.890625        0.776459
FIRE:   49 10:27:48  -145727.921875        0.774052
FIRE:   50 10:27:48  -145727.890625        0.691857
FIRE:   51 10:27:49  -145727.906250        0.799076
FIRE:   52 10:27:49  -145727.921875        0.792629
FIRE:   53 10:27:49  -145727.921875        0.890051
FIRE:   54 10:27:49  -145727.937500        0.833693
FIRE:   55 10:27:49  -145727.937500        0.919432
FIRE:   56 10:27:49  -145727.968750        0.940349
FIRE:   57 10:27:49  -145727.984375        0.573109
FIRE:   58 10:27:49  -145728.000000        0.237688
FIRE:   59 10:27:49  -145728.000000        0.750701
FIRE:   60 10:27:49  -145728.046875        0.892855
FIRE:   61 10:27:49  -145728.140625        0.485939
FIRE:   62 10:27:49  -145728.171875        0.692320
FIRE:   63 10:27:49  -145728.234375        0.436728
FIRE:   64 10:27:49  -145728.234375        0.825784
FIRE:   65 10:27:49  -145728.296875        0.431700
FIRE:   66 10:27:49  -145728.406250        0.388779
FIRE:   67 10:27:49  -145728.437500        0.630697
FIRE:   68 10:27:49  -145728.515625        1.246914
FIRE:   69 10:27:49  -145728.609375        3.023391
FIRE:   70 10:27:50  -145728.562500        8.004423
FIRE:   71 10:27:50  -145728.750000        1.107922
FIRE:   72 10:27:50  -145728.765625        0.933032
FIRE:   73 10:27:50  -145728.781250        0.612611
FIRE:   74 10:27:50  -145728.750000        0.306775
FIRE:   75 10:27:50  -145728.781250        0.521509
FIRE:   76 10:27:50  -145728.765625        0.605800
FIRE:   77 10:27:50  -145728.765625        0.478239
FIRE:   78 10:27:50  -145728.796875        0.382411
FIRE:   79 10:27:50  -145728.796875        0.548943
FIRE:   80 10:27:50  -145728.781250        0.559988
FIRE:   81 10:27:50  -145728.828125        0.340253
FIRE:   82 10:27:50  -145728.843750        0.221683
FIRE:   83 10:27:50  -145728.843750        0.477119
FIRE:   84 10:27:50  -145728.843750        0.353568
FIRE:   85 10:27:50  -145728.875000        0.376197
FIRE:   86 10:27:50  -145728.906250        0.256675
FIRE:   87 10:27:50  -145728.953125        0.470195
FIRE:   88 10:27:50  -145729.000000        0.227910
FIRE:   89 10:27:51  -145729.046875        0.343197
FIRE:   90 10:27:51  -145729.125000        0.612111
FIRE:   91 10:27:51  -145729.218750        1.390333
FIRE:   92 10:27:51  -145729.234375        3.757298
FIRE:   93 10:27:51  -145729.281250        0.187643
FIRE:   94 10:27:51  -145729.250000        3.053865
FIRE:   95 10:27:51  -145729.265625        2.350716
FIRE:   96 10:27:51  -145729.281250        1.090996
FIRE:   97 10:27:51  -145729.296875        0.456166
FIRE:   98 10:27:51  -145729.312500        0.432392
FIRE:   99 10:27:51  -145729.296875        0.386210
FIRE:  100 10:27:51  -145729.281250        0.321249
FIRE:  101 10:27:51  -145729.296875        0.242143
FIRE:  102 10:27:51  -145729.281250        0.187881
FIRE:  103 10:27:51  -145729.296875        0.187852
FIRE:  104 10:27:51  -145729.328125        0.187817
FIRE:  105 10:27:51  -145729.296875        0.187767
FIRE:  106 10:27:51  -145729.296875        0.187696
FIRE:  107 10:27:51  -145729.296875        0.187595
FIRE:  108 10:27:51  -145729.296875        0.187459
FIRE:  109 10:27:52  -145729.296875        0.187280
FIRE:  110 10:27:52  -145729.328125        0.187866
FIRE:  111 10:27:52  -145729.296875        0.188504
FIRE:  112 10:27:52  -145729.328125        0.206231
FIRE:  113 10:27:52  -145729.328125        0.188822
FIRE:  114 10:27:52  -145729.328125        0.187711
FIRE:  115 10:27:52  -145729.359375        0.185518
FIRE:  116 10:27:52  -145729.359375        0.182678
FIRE:  117 10:27:52  -145729.406250        0.179829
FIRE:  118 10:27:52  -145729.406250        0.184550
FIRE:  119 10:27:52  -145729.390625        0.175211
FIRE:  120 10:27:52  -145729.468750        0.173132
FIRE:  121 10:27:52  -145729.468750        0.171166
FIRE:  122 10:27:52  -145729.500000        0.169439
FIRE:  123 10:27:52  -145729.546875        0.166772
FIRE:  124 10:27:52  -145729.656250        0.335327
FIRE:  125 10:27:52  -145729.718750        0.861619
FIRE:  126 10:27:52  -145729.734375        3.018361
FIRE:  127 10:27:52  -145729.593750        8.759701
FIRE:  128 10:27:53  -145729.921875        1.060157
FIRE:  129 10:27:53  -145729.906250        0.786194
FIRE:  130 10:27:53  -145729.859375        0.451512
FIRE:  131 10:27:53  -145729.875000        0.419253
FIRE:  132 10:27:53  -145729.890625        0.570235
FIRE:  133 10:27:53  -145729.937500        0.651406
FIRE:  134 10:27:53  -145729.906250        0.541311
FIRE:  135 10:27:53  -145729.890625        0.452730
FIRE:  136 10:27:53  -145729.906250        0.523631
FIRE:  137 10:27:53  -145729.875000        0.570318
FIRE:  138 10:27:53  -145729.906250        0.326287
FIRE:  139 10:27:53  -145729.937500        0.334787
FIRE:  140 10:27:53  -145729.921875        0.587228
FIRE:  141 10:27:53  -145729.937500        0.317034
FIRE:  142 10:27:53  -145729.968750        0.531757
FIRE:  143 10:27:53  -145729.968750        0.244662
FIRE:  144 10:27:53  -145730.046875        0.489014
FIRE:  145 10:27:53  -145730.046875        0.521217
FIRE:  146 10:27:53  -145730.062500        0.448808
FIRE:  147 10:27:54  -145730.109375        0.349260
FIRE:  148 10:27:54  -145730.203125        0.809257
FIRE:  149 10:27:54  -145730.250000        2.950683
FIRE:  150 10:27:54  -145730.281250        0.307319
FIRE:  151 10:27:54  -145730.265625        0.251872
FIRE:  152 10:27:54  -145730.281250        0.155123
FIRE:  153 10:27:54  -145730.265625        0.145357
FIRE:  154 10:27:54  -145730.281250        0.224394
FIRE:  155 10:27:54  -145730.265625        0.253831
FIRE:  156 10:27:54  -145730.265625        0.197877
FIRE:  157 10:27:54  -145730.281250        0.146396
FIRE:  158 10:27:54  -145730.250000        0.146447
FIRE:  159 10:27:54  -145730.296875        0.160419
FIRE:  160 10:27:54  -145730.250000        0.146384
FIRE:  161 10:27:54  -145730.250000        0.146370
FIRE:  162 10:27:54  -145730.281250        0.202657
FIRE:  163 10:27:54  -145730.328125        0.146073
FIRE:  164 10:27:54  -145730.312500        0.146378
FIRE:  165 10:27:54  -145730.375000        0.145028
FIRE:  166 10:27:55  -145730.343750        0.191041
FIRE:  167 10:27:55  -145730.390625        0.145705
FIRE:  168 10:27:55  -145730.390625        0.191721
FIRE:  169 10:27:55  -145730.484375        0.180306
FIRE:  170 10:27:55  -145730.515625        0.649242
FIRE:  171 10:27:55  -145730.515625        2.002026
FIRE:  172 10:27:55  -145730.437500        6.847429
FIRE:  173 10:27:55  -145730.578125        1.508952
FIRE:  174 10:27:55  -145730.578125        1.071082
FIRE:  175 10:27:55  -145730.593750        0.460648
FIRE:  176 10:27:55  -145730.609375        0.555083
FIRE:  177 10:27:55  -145730.609375        0.517886
FIRE:  178 10:27:55  -145730.656250        0.446567
FIRE:  179 10:27:55  -145730.593750        0.346750
FIRE:  180 10:27:55  -145730.609375        0.227419
FIRE:  181 10:27:55  -145730.593750        0.146985
FIRE:  182 10:27:55  -145730.609375        0.147015
FIRE:  183 10:27:55  -145730.609375        0.174090
FIRE:  184 10:27:55  -145730.609375        0.200647
FIRE:  185 10:27:56  -145730.640625        0.233722
FIRE:  186 10:27:56  -145730.578125        0.210331
FIRE:  187 10:27:56  -145730.656250        0.151531
FIRE:  188 10:27:56  -145730.625000        0.147755
FIRE:  189 10:27:56  -145730.609375        0.160192
FIRE:  190 10:27:56  -145730.609375        0.242782
FIRE:  191 10:27:56  -145730.625000        0.205904
FIRE:  192 10:27:56  -145730.609375        0.148038
FIRE:  193 10:27:56  -145730.625000        0.161042
FIRE:  194 10:27:56  -145730.671875        0.180617
FIRE:  195 10:27:56  -145730.640625        0.147227
FIRE:  196 10:27:56  -145730.640625        0.219669
FIRE:  197 10:27:56  -145730.640625        0.146395
FIRE:  198 10:27:56  -145730.656250        0.155993
FIRE:  199 10:27:56  -145730.671875        0.157311
FIRE:  200 10:27:56  -145730.687500        0.146115
FIRE:  201 10:27:56  -145730.750000        0.165224
FIRE:  202 10:27:56  -145730.781250        0.482557
FIRE:  203 10:27:56  -145730.796875        1.188683
FIRE:  204 10:27:56  -145730.812500        3.343298
FIRE:  205 10:27:57  -145730.859375        0.201033
FIRE:  206 10:27:57  -145730.859375        0.173114
FIRE:  207 10:27:57  -145730.859375        0.141190
FIRE:  208 10:27:57  -145730.859375        0.141446
FIRE:  209 10:27:57  -145730.859375        0.141764
FIRE:  210 10:27:57  -145730.859375        0.142105
FIRE:  211 10:27:57  -145730.843750        0.142423
FIRE:  212 10:27:57  -145730.859375        0.142683
FIRE:  213 10:27:57  -145730.859375        0.142883
FIRE:  214 10:27:57  -145730.890625        0.143008
FIRE:  215 10:27:57  -145730.906250        0.143068
FIRE:  216 10:27:57  -145730.906250        0.143059
FIRE:  217 10:27:57  -145730.890625        0.142928
FIRE:  218 10:27:57  -145730.906250        0.142552
FIRE:  219 10:27:57  -145730.921875        0.141876
FIRE:  220 10:27:57  -145730.937500        0.141098
FIRE:  221 10:27:57  -145730.937500        0.140546
FIRE:  222 10:27:57  -145730.953125        0.140262
FIRE:  223 10:27:57  -145731.000000        0.140047
FIRE:  224 10:27:58  -145731.015625        0.139298
FIRE:  225 10:27:58  -145731.031250        0.141593
FIRE:  226 10:27:58  -145731.093750        0.705256
FIRE:  227 10:27:58  -145731.046875        2.550618
FIRE:  228 10:27:58  -145731.109375        0.241571
FIRE:  229 10:27:58  -145731.093750        0.187340
FIRE:  230 10:27:58  -145731.109375        0.134520
FIRE:  231 10:27:58  -145731.093750        0.134635
FIRE:  232 10:27:58  -145731.093750        0.134802
FIRE:  233 10:27:58  -145731.109375        0.135013
FIRE:  234 10:27:58  -145731.093750        0.135254
FIRE:  235 10:27:58  -145731.125000        0.135492
FIRE:  236 10:27:58  -145731.093750        0.135696
FIRE:  237 10:27:58  -145731.093750        0.146382
FIRE:  238 10:27:58  -145731.109375        0.135717
FIRE:  239 10:27:58  -145731.109375        0.135412
FIRE:  240 10:27:58  -145731.140625        0.134913
FIRE:  241 10:27:58  -145731.140625        0.134247
FIRE:  242 10:27:58  -145731.140625        0.138827
FIRE:  243 10:27:59  -145731.156250        0.132466
FIRE:  244 10:27:59  -145731.187500        0.131728
FIRE:  245 10:27:59  -145731.187500        0.166887
FIRE:  246 10:27:59  -145731.203125        0.163795
FIRE:  247 10:27:59  -145731.234375        0.329866
FIRE:  248 10:27:59  -145731.250000        0.770771
FIRE:  249 10:27:59  -145731.281250        2.445549
FIRE:  250 10:27:59  -145731.328125        0.122165
FIRE:  251 10:27:59  -145731.328125        2.046046
FIRE:  252 10:27:59  -145731.328125        1.541427
FIRE:  253 10:27:59  -145731.312500        0.646662
FIRE:  254 10:27:59  -145731.328125        0.425709
FIRE:  255 10:27:59  -145731.328125        0.401812
FIRE:  256 10:27:59  -145731.328125        0.355967
FIRE:  257 10:27:59  -145731.328125        0.291036
FIRE:  258 10:27:59  -145731.312500        0.212218
FIRE:  259 10:27:59  -145731.328125        0.126490
FIRE:  260 10:27:59  -145731.328125        0.122688
FIRE:  261 10:27:59  -145731.343750        0.122649
FIRE:  262 10:28:00  -145731.328125        0.147252
FIRE:  263 10:28:00  -145731.328125        0.166641
FIRE:  264 10:28:00  -145731.328125        0.166414
FIRE:  265 10:28:00  -145731.343750        0.142080
FIRE:  266 10:28:00  -145731.328125        0.122537
FIRE:  267 10:28:00  -145731.343750        0.122531
FIRE:  268 10:28:00  -145731.359375        0.161724
FIRE:  269 10:28:00  -145731.343750        0.197730
FIRE:  270 10:28:00  -145731.343750        0.142435
FIRE:  271 10:28:00  -145731.343750        0.121827
FIRE:  272 10:28:00  -145731.359375        0.140344
FIRE:  273 10:28:00  -145731.359375        0.122300
FIRE:  274 10:28:00  -145731.359375        0.120363
FIRE:  275 10:28:00  -145731.390625        0.165839
FIRE:  276 10:28:00  -145731.375000        0.118740
FIRE:  277 10:28:00  -145731.390625        0.117764
FIRE:  278 10:28:00  -145731.390625        0.179258
FIRE:  279 10:28:00  -145731.421875        0.115391
FIRE:  280 10:28:00  -145731.453125        0.113860
FIRE:  281 10:28:00  -145731.468750        0.111774
FIRE:  282 10:28:01  -145731.515625        0.110320
FIRE:  283 10:28:01  -145731.515625        0.454360
FIRE:  284 10:28:01  -145731.562500        2.119572
FIRE:  285 10:28:01  -145731.281250       10.825766
FIRE:  286 10:28:01  -145731.484375        6.002994
FIRE:  287 10:28:01  -145731.578125        3.959029
FIRE:  288 10:28:01  -145731.609375        0.918430
FIRE:  289 10:28:01  -145731.593750        3.429976
FIRE:  290 10:28:01  -145731.593750        3.098634
FIRE:  291 10:28:01  -145731.609375        2.474308
FIRE:  292 10:28:01  -145731.625000        1.626284
FIRE:  293 10:28:01  -145731.640625        0.644597
FIRE:  294 10:28:01  -145731.640625        0.459462
FIRE:  295 10:28:01  -145731.625000        0.452082
FIRE:  296 10:28:01  -145731.609375        0.437574
FIRE:  297 10:28:01  -145731.625000        0.416158
FIRE:  298 10:28:01  -145731.625000        0.388377
FIRE:  299 10:28:01  -145731.640625        0.354854
FIRE:  300 10:28:01  -145731.625000        0.316443
FIRE:  301 10:28:02  -145731.625000        0.274141
FIRE:  302 10:28:02  -145731.625000        0.224778
FIRE:  303 10:28:02  -145731.656250        0.169506
FIRE:  304 10:28:02  -145731.656250        0.112571
FIRE:  305 10:28:02  -145731.640625        0.153052
FIRE:  306 10:28:02  -145731.656250        0.208966
FIRE:  307 10:28:02  -145731.656250        0.243721
FIRE:  308 10:28:02  -145731.656250        0.247244
FIRE:  309 10:28:02  -145731.640625        0.212147
FIRE:  310 10:28:02  -145731.656250        0.138025
FIRE:  311 10:28:02  -145731.640625        0.127110
FIRE:  312 10:28:02  -145731.656250        0.169457
FIRE:  313 10:28:02  -145731.625000        0.182181
FIRE:  314 10:28:02  -145731.656250        0.149999
FIRE:  315 10:28:02  -145731.656250        0.096910
FIRE:  316 10:28:02  -145731.656250        0.137150
FIRE:  317 10:28:02  -145731.656250        0.194669
FIRE:  318 10:28:02  -145731.656250        0.102730
FIRE:  319 10:28:02  -145731.656250        0.152319
FIRE:  320 10:28:03  -145731.671875        0.109108
FIRE:  321 10:28:03  -145731.671875        0.130442
FIRE:  322 10:28:03  -145731.703125        0.116985
FIRE:  323 10:28:03  -145731.703125        0.155561
FIRE:  324 10:28:03  -145731.765625        0.152070
FIRE:  325 10:28:03  -145731.781250        0.093686
FIRE:  326 10:28:03  -145731.750000        0.096671
FIRE:  327 10:28:03  -145731.812500        0.084089
FIRE:  328 10:28:03  -145731.812500        0.121182
FIRE:  329 10:28:03  -145731.843750        0.249142
FIRE:  330 10:28:03  -145731.875000        1.552858
FIRE:  331 10:28:03  -145731.625000       10.717754
FIRE:  332 10:28:03  -145731.671875        8.740240
FIRE:  333 10:28:03  -145731.875000        5.222033
FIRE:  334 10:28:03  -145731.984375        0.920177
FIRE:  335 10:28:03  -145731.984375        0.870642
FIRE:  336 10:28:03  -145731.984375        0.774085
FIRE:  337 10:28:03  -145731.984375        0.635549
FIRE:  338 10:28:03  -145731.984375        0.463192
FIRE:  339 10:28:04  -145731.984375        0.377484
FIRE:  340 10:28:04  -145731.984375        0.298159
FIRE:  341 10:28:04  -145731.984375        0.189965
FIRE:  342 10:28:04  -145731.984375        0.278086
FIRE:  343 10:28:04  -145731.984375        0.390390
FIRE:  344 10:28:04  -145731.968750        0.442719
FIRE:  345 10:28:04  -145731.968750        0.433013
FIRE:  346 10:28:04  -145731.984375        0.443735
FIRE:  347 10:28:04  -145731.984375        0.323118
FIRE:  348 10:28:04  -145731.984375        0.126193
FIRE:  349 10:28:04  -145731.984375        0.241791
FIRE:  350 10:28:04  -145732.000000        0.395202
FIRE:  351 10:28:04  -145732.000000        0.332261
FIRE:  352 10:28:04  -145732.015625        0.221671
FIRE:  353 10:28:04  -145732.015625        0.109930
FIRE:  354 10:28:04  -145732.031250        0.396144
FIRE:  355 10:28:04  -145731.984375        0.230591
FIRE:  356 10:28:04  -145732.046875        0.191773
FIRE:  357 10:28:04  -145732.031250        0.439680
FIRE:  358 10:28:04  -145732.078125        0.471322
FIRE:  359 10:28:05  -145732.078125        0.995224
FIRE:  360 10:28:05  -145732.093750        2.688023
FIRE:  361 10:28:05  -145732.109375        0.240037
FIRE:  362 10:28:05  -145732.093750        0.201605
FIRE:  363 10:28:05  -145732.093750        0.136945
FIRE:  364 10:28:05  -145732.109375        0.091093
FIRE:  365 10:28:05  -145732.109375        0.165452
FIRE:  366 10:28:05  -145732.109375        0.188052
FIRE:  367 10:28:05  -145732.109375        0.150983
FIRE:  368 10:28:05  -145732.140625        0.072813
FIRE:  369 10:28:05  -145732.125000        0.108139
FIRE:  370 10:28:05  -145732.125000        0.121477
FIRE:  371 10:28:05  -145732.125000        0.100412
FIRE:  372 10:28:05  -145732.125000        0.072895
FIRE:  373 10:28:05  -145732.125000        0.151502
FIRE:  374 10:28:05  -145732.093750        0.082005
FIRE:  375 10:28:05  -145732.140625        0.127097
FIRE:  376 10:28:05  -145732.140625        0.077303
FIRE:  377 10:28:05  -145732.156250        0.149486
FIRE:  378 10:28:06  -145732.156250        0.109397
FIRE:  379 10:28:06  -145732.171875        0.089232
FIRE:  380 10:28:06  -145732.187500        0.089933
FIRE:  381 10:28:06  -145732.187500        0.077672
FIRE:  382 10:28:06  -145732.203125        0.163520
FIRE:  383 10:28:06  -145732.265625        0.995665
FIRE:  384 10:28:06  -145732.203125        4.319624
FIRE:  385 10:28:06  -145732.265625        1.630412
FIRE:  386 10:28:06  -145732.281250        1.068909
FIRE:  387 10:28:06  -145732.281250        0.157265
FIRE:  388 10:28:06  -145732.281250        0.734837
FIRE:  389 10:28:06  -145732.281250        0.668540
FIRE:  390 10:28:06  -145732.265625        0.541906
FIRE:  391 10:28:06  -145732.281250        0.365577
FIRE:  392 10:28:06  -145732.281250        0.185572
FIRE:  393 10:28:06  -145732.265625        0.075701
FIRE:  394 10:28:06  -145732.265625        0.259659
FIRE:  395 10:28:06  -145732.281250        0.397314
FIRE:  396 10:28:06  -145732.281250        0.474343
FIRE:  397 10:28:06  -145732.281250        0.470499
FIRE:  398 10:28:07  -145732.296875        0.371886
FIRE:  399 10:28:07  -145732.281250        0.181103
FIRE:  400 10:28:07  -145732.265625        0.099670
FIRE:  401 10:28:07  -145732.296875        0.266734
FIRE:  402 10:28:07  -145732.265625        0.312901
FIRE:  403 10:28:07  -145732.265625        0.159997
FIRE:  404 10:28:07  -145732.296875        0.147674
FIRE:  405 10:28:07  -145732.296875        0.337361
FIRE:  406 10:28:07  -145732.281250        0.206866
FIRE:  407 10:28:07  -145732.296875        0.172813
FIRE:  408 10:28:07  -145732.296875        0.208682
FIRE:  409 10:28:07  -145732.250000        0.216548
FIRE:  410 10:28:07  -145732.296875        0.192302
FIRE:  411 10:28:07  -145732.328125        0.309184
FIRE:  412 10:28:07  -145732.328125        0.291391
FIRE:  413 10:28:07  -145732.343750        0.162450
FIRE:  414 10:28:07  -145732.343750        0.367063
FIRE:  415 10:28:07  -145732.359375        1.010687
FIRE:  416 10:28:07  -145732.359375        3.519269
FIRE:  417 10:28:08  -145732.406250        0.757081
FIRE:  418 10:28:08  -145732.406250        0.524566
FIRE:  419 10:28:08  -145732.406250        0.192424
FIRE:  420 10:28:08  -145732.406250        0.308678
FIRE:  421 10:28:08  -145732.406250        0.288035
FIRE:  422 10:28:08  -145732.390625        0.248574
FIRE:  423 10:28:08  -145732.406250        0.193772
FIRE:  424 10:28:08  -145732.390625        0.129084
FIRE:  425 10:28:08  -145732.406250        0.074411
FIRE:  426 10:28:08  -145732.406250        0.095049
FIRE:  427 10:28:08  -145732.390625        0.116265
FIRE:  428 10:28:08  -145732.421875        0.131633
FIRE:  429 10:28:08  -145732.390625        0.134648
FIRE:  430 10:28:08  -145732.406250        0.121522
FIRE:  431 10:28:08  -145732.406250        0.094245
FIRE:  432 10:28:08  -145732.406250        0.069552
FIRE:  433 10:28:08  -145732.406250        0.107510
FIRE:  434 10:28:08  -145732.406250        0.146450
FIRE:  435 10:28:08  -145732.406250        0.119206
FIRE:  436 10:28:08  -145732.406250        0.074811
FIRE:  437 10:28:09  -145732.390625        0.113720
FIRE:  438 10:28:09  -145732.406250        0.112799
FIRE:  439 10:28:09  -145732.406250        0.070753
FIRE:  440 10:28:09  -145732.421875        0.128575
FIRE:  441 10:28:09  -145732.421875        0.075852
FIRE:  442 10:28:09  -145732.421875        0.100528
FIRE:  443 10:28:09  -145732.437500        0.117261
FIRE:  444 10:28:09  -145732.453125        0.084518
FIRE:  445 10:28:09  -145732.453125        0.088287
FIRE:  446 10:28:09  -145732.453125        0.166665
FIRE:  447 10:28:09  -145732.484375        0.450962
FIRE:  448 10:28:09  -145732.500000        1.612973
FIRE:  449 10:28:09  -145732.500000        0.108419
FIRE:  450 10:28:09  -145732.515625        0.099218
FIRE:  451 10:28:09  -145732.515625        0.092522
FIRE:  452 10:28:09  -145732.531250        0.092732
FIRE:  453 10:28:09  -145732.515625        0.092963
FIRE:  454 10:28:09  -145732.515625        0.093225
FIRE:  455 10:28:09  -145732.515625        0.093499
FIRE:  456 10:28:09  -145732.515625        0.093739
FIRE:  457 10:28:10  -145732.500000        0.094004
FIRE:  458 10:28:10  -145732.515625        0.094255
FIRE:  459 10:28:10  -145732.515625        0.094624
FIRE:  460 10:28:10  -145732.500000        0.095126
FIRE:  461 10:28:10  -145732.515625        0.095859
FIRE:  462 10:28:10  -145732.531250        0.096805
FIRE:  463 10:28:10  -145732.515625        0.097542
FIRE:  464 10:28:10  -145732.531250        0.098064
FIRE:  465 10:28:10  -145732.531250        0.098476
FIRE:  466 10:28:10  -145732.531250        0.098996
FIRE:  467 10:28:10  -145732.562500        0.098993
FIRE:  468 10:28:10  -145732.562500        0.098293
FIRE:  469 10:28:10  -145732.578125        0.096291
FIRE:  470 10:28:10  -145732.578125        0.158183
FIRE:  471 10:28:10  -145732.625000        0.708906
FIRE:  472 10:28:10  -145732.609375        3.526141
FIRE:  473 10:28:10  -145732.625000        1.328663
FIRE:  474 10:28:10  -145732.625000        0.880621
FIRE:  475 10:28:10  -145732.625000        0.172162
FIRE:  476 10:28:11  -145732.625000        0.652934
FIRE:  477 10:28:11  -145732.625000        0.598776
FIRE:  478 10:28:11  -145732.640625        0.495787
FIRE:  479 10:28:11  -145732.640625        0.353099
FIRE:  480 10:28:11  -145732.640625        0.184892
FIRE:  481 10:28:11  -145732.625000        0.085965
FIRE:  482 10:28:11  -145732.640625        0.151289
FIRE:  483 10:28:11  -145732.656250        0.264132
FIRE:  484 10:28:11  -145732.640625        0.331011
FIRE:  485 10:28:11  -145732.640625        0.334364
FIRE:  486 10:28:11  -145732.656250        0.262798
FIRE:  487 10:28:11  -145732.656250        0.116559
FIRE:  488 10:28:11  -145732.656250        0.086065
FIRE:  489 10:28:11  -145732.656250        0.248732
FIRE:  490 10:28:11  -145732.656250        0.295976
FIRE:  491 10:28:11  -145732.656250        0.180558
FIRE:  492 10:28:11  -145732.656250        0.095732
FIRE:  493 10:28:11  -145732.656250        0.222149
FIRE:  494 10:28:11  -145732.640625        0.133546
FIRE:  495 10:28:11  -145732.671875        0.168928
FIRE:  496 10:28:12  -145732.656250        0.216669
FIRE:  497 10:28:12  -145732.687500        0.121899
FIRE:  498 10:28:12  -145732.671875        0.124701
FIRE:  499 10:28:12  -145732.687500        0.285708
FIRE:  500 10:28:12  -145732.703125        0.181197
FIRE:  501 10:28:12  -145732.703125        0.166735
FIRE:  502 10:28:12  -145732.718750        0.250118
FIRE:  503 10:28:12  -145732.734375        0.857278
FIRE:  504 10:28:12  -145732.718750        2.691631
FIRE:  505 10:28:12  -145732.734375        0.398046
FIRE:  506 10:28:12  -145732.734375        0.288373
FIRE:  507 10:28:12  -145732.750000        0.103400
FIRE:  508 10:28:12  -145732.750000        0.121855
FIRE:  509 10:28:12  -145732.750000        0.232395
FIRE:  510 10:28:12  -145732.734375        0.257357
FIRE:  511 10:28:12  -145732.750000        0.174462
FIRE:  512 10:28:12  -145732.750000        0.086100
FIRE:  513 10:28:12  -145732.750000        0.155969
FIRE:  514 10:28:12  -145732.781250        0.230016
FIRE:  515 10:28:13  -145732.781250        0.136529
FIRE:  516 10:28:13  -145732.750000        0.104892
FIRE:  517 10:28:13  -145732.765625        0.174304
FIRE:  518 10:28:13  -145732.750000        0.084887
FIRE:  519 10:28:13  -145732.765625        0.205794
FIRE:  520 10:28:13  -145732.765625        0.084247
FIRE:  521 10:28:13  -145732.765625        0.174143
FIRE:  522 10:28:13  -145732.781250        0.226655
FIRE:  523 10:28:13  -145732.796875        0.158550
FIRE:  524 10:28:13  -145732.828125        0.250468
FIRE:  525 10:28:13  -145732.812500        0.591444
FIRE:  526 10:28:13  -145732.812500        1.797299
FIRE:  527 10:28:13  -145732.812500        0.118037
FIRE:  528 10:28:13  -145732.812500        0.100836
FIRE:  529 10:28:13  -145732.812500        0.078338
FIRE:  530 10:28:13  -145732.828125        0.078283
FIRE:  531 10:28:13  -145732.828125        0.083369
FIRE:  532 10:28:13  -145732.828125        0.096776
FIRE:  533 10:28:13  -145732.828125        0.078176
FIRE:  534 10:28:13  -145732.843750        0.078163
FIRE:  535 10:28:14  -145732.843750        0.078118
FIRE:  536 10:28:14  -145732.828125        0.078022
FIRE:  537 10:28:14  -145732.843750        0.077839
FIRE:  538 10:28:14  -145732.843750        0.077595
FIRE:  539 10:28:14  -145732.843750        0.077341
FIRE:  540 10:28:14  -145732.843750        0.077138
FIRE:  541 10:28:14  -145732.843750        0.076920
FIRE:  542 10:28:14  -145732.859375        0.076528
FIRE:  543 10:28:14  -145732.859375        0.076129
FIRE:  544 10:28:14  -145732.812500        0.075863
FIRE:  545 10:28:14  -145732.828125        0.075039
FIRE:  546 10:28:14  -145732.828125        0.074610
FIRE:  547 10:28:14  -145732.843750        0.082797
FIRE:  548 10:28:14  -145732.859375        0.291703
FIRE:  549 10:28:14  -145732.875000        1.395177
FIRE:  550 10:28:14  -145732.843750        5.435716
FIRE:  551 10:28:14  -145732.906250        1.914361
FIRE:  552 10:28:14  -145732.937500        1.255183
FIRE:  553 10:28:14  -145732.953125        0.204486
FIRE:  554 10:28:14  -145732.937500        0.892136
FIRE:  555 10:28:15  -145732.953125        0.815108
FIRE:  556 10:28:15  -145732.921875        0.667432
FIRE:  557 10:28:15  -145732.921875        0.461419
FIRE:  558 10:28:15  -145732.921875        0.215331
FIRE:  559 10:28:15  -145732.937500        0.067489
FIRE:  560 10:28:15  -145732.921875        0.274967
FIRE:  561 10:28:15  -145732.921875        0.269287
FIRE:  562 10:28:15  -145732.953125        0.257877
FIRE:  563 10:28:15  -145732.921875        0.241359
FIRE:  564 10:28:15  -145732.937500        0.219869
FIRE:  565 10:28:15  -145732.921875        0.194075
FIRE:  566 10:28:15  -145732.937500        0.164569
FIRE:  567 10:28:15  -145732.937500        0.132396
FIRE:  568 10:28:15  -145732.921875        0.095187
FIRE:  569 10:28:15  -145732.921875        0.067360
FIRE:  570 10:28:15  -145732.937500        0.067378
FIRE:  571 10:28:15  -145732.937500        0.067663
FIRE:  572 10:28:15  -145732.921875        0.082729
FIRE:  573 10:28:15  -145732.921875        0.105090
FIRE:  574 10:28:15  -145732.921875        0.117339
FIRE:  575 10:28:16  -145732.921875        0.108516
FIRE:  576 10:28:16  -145732.921875        0.075876
FIRE:  577 10:28:16  -145732.937500        0.067058
FIRE:  578 10:28:16  -145732.937500        0.066904
FIRE:  579 10:28:16  -145732.921875        0.094431
FIRE:  580 10:28:16  -145732.921875        0.106598
FIRE:  581 10:28:16  -145732.937500        0.067047
FIRE:  582 10:28:16  -145732.953125        0.066299
FIRE:  583 10:28:16  -145732.968750        0.080346
FIRE:  584 10:28:16  -145732.937500        0.073562
FIRE:  585 10:28:16  -145732.968750        0.065337
FIRE:  586 10:28:16  -145732.937500        0.092606
FIRE:  587 10:28:16  -145732.953125        0.064343
FIRE:  588 10:28:16  -145732.968750        0.075725
FIRE:  589 10:28:16  -145732.984375        0.062581
FIRE:  590 10:28:16  -145732.953125        0.061355
FIRE:  591 10:28:16  -145732.984375        0.101768
FIRE:  592 10:28:16  -145732.984375        0.214939
FIRE:  593 10:28:16  -145733.000000        0.446823
FIRE:  594 10:28:17  -145733.000000        1.121166
FIRE:  595 10:28:17  -145733.000000        2.946796
FIRE:  596 10:28:17  -145733.031250        0.315547
FIRE:  597 10:28:17  -145733.031250        0.230618
FIRE:  598 10:28:17  -145733.031250        0.086161
FIRE:  599 10:28:17  -145733.031250        0.090788
FIRE:  600 10:28:17  -145733.015625        0.182265
FIRE:  601 10:28:17  -145733.031250        0.209530
FIRE:  602 10:28:17  -145733.015625        0.150649
FIRE:  603 10:28:17  -145733.031250        0.070345
FIRE:  604 10:28:17  -145733.015625        0.107619
FIRE:  605 10:28:17  -145733.031250        0.177065
FIRE:  606 10:28:17  -145733.015625        0.115961
FIRE:  607 10:28:17  -145733.015625        0.067915
FIRE:  608 10:28:17  -145733.031250        0.142164
FIRE:  609 10:28:17  -145733.031250        0.067342
FIRE:  610 10:28:17  -145733.031250        0.156798
FIRE:  611 10:28:17  -145733.015625        0.057567
FIRE:  612 10:28:17  -145733.015625        0.158862
FIRE:  613 10:28:17  -145733.000000        0.149344
FIRE:  614 10:28:18  -145733.031250        0.086278
FIRE:  615 10:28:18  -145733.015625        0.075929
FIRE:  616 10:28:18  -145733.015625        0.165277
FIRE:  617 10:28:18  -145733.031250        0.694927
FIRE:  618 10:28:18  -145733.031250        2.507997
FIRE:  619 10:28:18  -145733.062500        0.536709
FIRE:  620 10:28:18  -145733.031250        0.375608
FIRE:  621 10:28:18  -145733.046875        0.104606
FIRE:  622 10:28:18  -145733.062500        0.180580
FIRE:  623 10:28:18  -145733.046875        0.165897
FIRE:  624 10:28:18  -145733.046875        0.138069
FIRE:  625 10:28:18  -145733.046875        0.099360
FIRE:  626 10:28:18  -145733.062500        0.067388
FIRE:  627 10:28:18  -145733.046875        0.064255
FIRE:  628 10:28:18  -145733.046875        0.064233
FIRE:  629 10:28:18  -145733.046875        0.079793
FIRE:  630 10:28:18  -145733.046875        0.105335
FIRE:  631 10:28:18  -145733.031250        0.113272
FIRE:  632 10:28:18  -145733.062500        0.098236
FIRE:  633 10:28:19  -145733.046875        0.064385
FIRE:  634 10:28:19  -145733.062500        0.064480
FIRE:  635 10:28:19  -145733.078125        0.064593
FIRE:  636 10:28:19  -145733.062500        0.075231
FIRE:  637 10:28:19  -145733.062500        0.064767
FIRE:  638 10:28:19  -145733.078125        0.064823
FIRE:  639 10:28:19  -145733.046875        0.079347
FIRE:  640 10:28:19  -145733.062500        0.065089
FIRE:  641 10:28:19  -145733.062500        0.065349
FIRE:  642 10:28:19  -145733.062500        0.065609
FIRE:  643 10:28:19  -145733.078125        0.065820
FIRE:  644 10:28:19  -145733.078125        0.066149
FIRE:  645 10:28:19  -145733.078125        0.067335
FIRE:  646 10:28:19  -145733.078125        0.067053
FIRE:  647 10:28:19  -145733.093750        0.067694
FIRE:  648 10:28:19  -145733.093750        0.069920
FIRE:  649 10:28:19  -145733.125000        0.175269
FIRE:  650 10:28:19  -145733.125000        0.809732
FIRE:  651 10:28:19  -145733.109375        2.983763
FIRE:  652 10:28:20  -145733.140625        0.765831
FIRE:  653 10:28:20  -145733.109375        0.525501
FIRE:  654 10:28:20  -145733.140625        0.124487
FIRE:  655 10:28:20  -145733.156250        0.291786
FIRE:  656 10:28:20  -145733.125000        0.268047
FIRE:  657 10:28:20  -145733.125000        0.222030
FIRE:  658 10:28:20  -145733.140625        0.157971
FIRE:  659 10:28:20  -145733.140625        0.082564
FIRE:  660 10:28:20  -145733.156250        0.076659
FIRE:  661 10:28:20  -145733.140625        0.076634
FIRE:  662 10:28:20  -145733.140625        0.131628
FIRE:  663 10:28:20  -145733.156250        0.169673
FIRE:  664 10:28:20  -145733.156250        0.178055
FIRE:  665 10:28:20  -145733.140625        0.149667
FIRE:  666 10:28:20  -145733.156250        0.083786
FIRE:  667 10:28:20  -145733.156250        0.076984
FIRE:  668 10:28:20  -145733.156250        0.093263
FIRE:  669 10:28:20  -145733.140625        0.124601
FIRE:  670 10:28:20  -145733.140625        0.077360
FIRE:  671 10:28:20  -145733.156250        0.077456
FIRE:  672 10:28:21  -145733.140625        0.123936
FIRE:  673 10:28:21  -145733.140625        0.089499
FIRE:  674 10:28:21  -145733.140625        0.078204
FIRE:  675 10:28:21  -145733.140625        0.091413
FIRE:  676 10:28:21  -145733.156250        0.078963
FIRE:  677 10:28:21  -145733.156250        0.088937
FIRE:  678 10:28:21  -145733.156250        0.113300
FIRE:  679 10:28:21  -145733.140625        0.096816
FIRE:  680 10:28:21  -145733.187500        0.082604
FIRE:  681 10:28:21  -145733.187500        0.110083
FIRE:  682 10:28:21  -145733.187500        0.329171
FIRE:  683 10:28:21  -145733.203125        1.273760
FIRE:  684 10:28:21  -145733.203125        0.116592
FIRE:  685 10:28:21  -145733.203125        0.088090
FIRE:  686 10:28:21  -145733.187500        0.088074
FIRE:  687 10:28:21  -145733.203125        0.088087
FIRE:  688 10:28:21  -145733.203125        0.089685
FIRE:  689 10:28:21  -145733.218750        0.101794
FIRE:  690 10:28:21  -145733.218750        0.088305
FIRE:  691 10:28:22  -145733.203125        0.088421
FIRE:  692 10:28:22  -145733.218750        0.088569
FIRE:  693 10:28:22  -145733.218750        0.088734
FIRE:  694 10:28:22  -145733.203125        0.088910
FIRE:  695 10:28:22  -145733.203125        0.089120
FIRE:  696 10:28:22  -145733.218750        0.089398
FIRE:  697 10:28:22  -145733.203125        0.089762
FIRE:  698 10:28:22  -145733.218750        0.090236
FIRE:  699 10:28:22  -145733.218750        0.090775
FIRE:  700 10:28:22  -145733.234375        0.091469
FIRE:  701 10:28:22  -145733.218750        0.092400
FIRE:  702 10:28:22  -145733.218750        0.093447
FIRE:  703 10:28:22  -145733.250000        0.103350
FIRE:  704 10:28:22  -145733.250000        0.325028
FIRE:  705 10:28:22  -145733.250000        0.984828
FIRE:  706 10:28:22  -145733.250000        3.191486
FIRE:  707 10:28:22  -145733.250000        0.666264
FIRE:  708 10:28:22  -145733.265625        0.466515
FIRE:  709 10:28:22  -145733.281250        0.139385
FIRE:  710 10:28:23  -145733.281250        0.247342
FIRE:  711 10:28:23  -145733.265625        0.229978
FIRE:  712 10:28:23  -145733.281250        0.196609
FIRE:  713 10:28:23  -145733.281250        0.149786
FIRE:  714 10:28:23  -145733.265625        0.101997
FIRE:  715 10:28:23  -145733.281250        0.102033
FIRE:  716 10:28:23  -145733.281250        0.102073
FIRE:  717 10:28:23  -145733.265625        0.102114
FIRE:  718 10:28:23  -145733.265625        0.103386
FIRE:  719 10:28:23  -145733.265625        0.116723
FIRE:  720 10:28:23  -145733.265625        0.103353
FIRE:  721 10:28:23  -145733.281250        0.102311
FIRE:  722 10:28:23  -145733.265625        0.102380
FIRE:  723 10:28:23  -145733.281250        0.102478
FIRE:  724 10:28:23  -145733.265625        0.109319
FIRE:  725 10:28:23  -145733.281250        0.102761
FIRE:  726 10:28:23  -145733.265625        0.102949
FIRE:  727 10:28:23  -145733.281250        0.103189
FIRE:  728 10:28:24  -145733.265625        0.103471
FIRE:  729 10:28:24  -145733.265625        0.103814
FIRE:  730 10:28:24  -145733.281250        0.104250
FIRE:  731 10:28:24  -145733.281250        0.104794
FIRE:  732 10:28:24  -145733.296875        0.105484
FIRE:  733 10:28:24  -145733.281250        0.106311
FIRE:  734 10:28:24  -145733.296875        0.107326
FIRE:  735 10:28:24  -145733.296875        0.108547
FIRE:  736 10:28:24  -145733.312500        0.196992
FIRE:  737 10:28:24  -145733.312500        0.521226
FIRE:  738 10:28:24  -145733.328125        1.502552
FIRE:  739 10:28:24  -145733.312500        0.114035
FIRE:  740 10:28:24  -145733.328125        0.114047
FIRE:  741 10:28:24  -145733.328125        0.114078
FIRE:  742 10:28:24  -145733.343750        0.114130
FIRE:  743 10:28:24  -145733.328125        0.114207
FIRE:  744 10:28:24  -145733.328125        0.114308
FIRE:  745 10:28:24  -145733.328125        0.114425
FIRE:  746 10:28:24  -145733.328125        0.114559
FIRE:  747 10:28:25  -145733.328125        0.114718
FIRE:  748 10:28:25  -145733.343750        0.114905
FIRE:  749 10:28:25  -145733.328125        0.115126
FIRE:  750 10:28:25  -145733.343750        0.115394
FIRE:  751 10:28:25  -145733.312500        0.115709
FIRE:  752 10:28:25  -145733.343750        0.116087
FIRE:  753 10:28:25  -145733.328125        0.116553
FIRE:  754 10:28:25  -145733.359375        0.117146
FIRE:  755 10:28:25  -145733.328125        0.117906
FIRE:  756 10:28:25  -145733.343750        0.118850
FIRE:  757 10:28:25  -145733.359375        0.120044
FIRE:  758 10:28:25  -145733.359375        0.121474
FIRE:  759 10:28:25  -145733.343750        0.122465
FIRE:  760 10:28:25  -145733.375000        0.168475
FIRE:  761 10:28:25  -145733.406250        0.743707
FIRE:  762 10:28:25  -145733.390625        3.305440
FIRE:  763 10:28:25  -145733.390625        1.189632
FIRE:  764 10:28:25  -145733.390625        0.791601
FIRE:  765 10:28:26  -145733.421875        0.146185
FIRE:  766 10:28:26  -145733.406250        0.574776
FIRE:  767 10:28:26  -145733.406250        0.527875
FIRE:  768 10:28:26  -145733.421875        0.437881
FIRE:  769 10:28:26  -145733.421875        0.313138
FIRE:  770 10:28:26  -145733.421875        0.165405
FIRE:  771 10:28:26  -145733.406250        0.125469
FIRE:  772 10:28:26  -145733.406250        0.129559
FIRE:  773 10:28:26  -145733.421875        0.230494
FIRE:  774 10:28:26  -145733.421875        0.291088
FIRE:  775 10:28:26  -145733.406250        0.297131
FIRE:  776 10:28:26  -145733.421875        0.238283
FIRE:  777 10:28:26  -145733.406250        0.125715
FIRE:  778 10:28:26  -145733.406250        0.125845
FIRE:  779 10:28:26  -145733.406250        0.209897
FIRE:  780 10:28:26  -145733.421875        0.262486
FIRE:  781 10:28:26  -145733.406250        0.174394
FIRE:  782 10:28:26  -145733.406250        0.126275
FIRE:  783 10:28:26  -145733.421875        0.189258
FIRE:  784 10:28:27  -145733.406250        0.134020
FIRE:  785 10:28:27  -145733.421875        0.127009
FIRE:  786 10:28:27  -145733.437500        0.203032
FIRE:  787 10:28:27  -145733.421875        0.127685
FIRE:  788 10:28:27  -145733.406250        0.138418
FIRE:  789 10:28:27  -145733.421875        0.214884
FIRE:  790 10:28:27  -145733.453125        0.129738
FIRE:  791 10:28:27  -145733.437500        0.130559
FIRE:  792 10:28:27  -145733.453125        0.131582
FIRE:  793 10:28:27  -145733.468750        0.210155
FIRE:  794 10:28:27  -145733.484375        1.054391
FIRE:  795 10:28:27  -145733.406250        4.165664
FIRE:  796 10:28:27  -145733.484375        1.538749
FIRE:  797 10:28:27  -145733.484375        1.007147
FIRE:  798 10:28:27  -145733.468750        0.139355
FIRE:  799 10:28:27  -145733.484375        0.718607
FIRE:  800 10:28:27  -145733.484375        0.655489
FIRE:  801 10:28:27  -145733.484375        0.534646
FIRE:  802 10:28:28  -145733.500000        0.366446
FIRE:  803 10:28:28  -145733.500000        0.166201
FIRE:  804 10:28:28  -145733.500000        0.131921
FIRE:  805 10:28:28  -145733.500000        0.231447
FIRE:  806 10:28:28  -145733.500000        0.226820
FIRE:  807 10:28:28  -145733.484375        0.217552
FIRE:  808 10:28:28  -145733.484375        0.204107
FIRE:  809 10:28:28  -145733.484375        0.186352
FIRE:  810 10:28:28  -145733.484375        0.165418
FIRE:  811 10:28:28  -145733.500000        0.141360
FIRE:  812 10:28:28  -145733.500000        0.132005
FIRE:  813 10:28:28  -145733.468750        0.131994
FIRE:  814 10:28:28  -145733.500000        0.131984
FIRE:  815 10:28:28  -145733.500000        0.131974
FIRE:  816 10:28:28  -145733.500000        0.131965
FIRE:  817 10:28:28  -145733.468750        0.131962
FIRE:  818 10:28:28  -145733.484375        0.131961
FIRE:  819 10:28:28  -145733.484375        0.131969
FIRE:  820 10:28:28  -145733.500000        0.131987
FIRE:  821 10:28:29  -145733.468750        0.132016
FIRE:  822 10:28:29  -145733.484375        0.132055
FIRE:  823 10:28:29  -145733.500000        0.132091
FIRE:  824 10:28:29  -145733.500000        0.132115
FIRE:  825 10:28:29  -145733.500000        0.132099
FIRE:  826 10:28:29  -145733.515625        0.132018
FIRE:  827 10:28:29  -145733.500000        0.131868
FIRE:  828 10:28:29  -145733.515625        0.131655
FIRE:  829 10:28:29  -145733.515625        0.131385
FIRE:  830 10:28:29  -145733.500000        0.131002
FIRE:  831 10:28:29  -145733.500000        0.130364
FIRE:  832 10:28:29  -145733.500000        0.129292
FIRE:  833 10:28:29  -145733.484375        0.127728
FIRE:  834 10:28:29  -145733.531250        0.125616
FIRE:  835 10:28:29  -145733.515625        0.123040
FIRE:  836 10:28:29  -145733.531250        0.121824
FIRE:  837 10:28:29  -145733.515625        0.185762
FIRE:  838 10:28:29  -145733.515625        0.382992
FIRE:  839 10:28:29  -145733.562500        1.019619
FIRE:  840 10:28:30  -145733.546875        2.700738
FIRE:  841 10:28:30  -145733.562500        0.313521
FIRE:  842 10:28:30  -145733.562500        0.230524
FIRE:  843 10:28:30  -145733.578125        0.128617
FIRE:  844 10:28:30  -145733.578125        0.128601
FIRE:  845 10:28:30  -145733.578125        0.172736
FIRE:  846 10:28:30  -145733.578125        0.198128
FIRE:  847 10:28:30  -145733.578125        0.140289
FIRE:  848 10:28:30  -145733.562500        0.128880
FIRE:  849 10:28:30  -145733.562500        0.129008
FIRE:  850 10:28:30  -145733.578125        0.180397
FIRE:  851 10:28:30  -145733.562500        0.128766
FIRE:  852 10:28:30  -145733.546875        0.128242
FIRE:  853 10:28:30  -145733.562500        0.133313
FIRE:  854 10:28:30  -145733.578125        0.126882
FIRE:  855 10:28:30  -145733.593750        0.159739
FIRE:  856 10:28:30  -145733.578125        0.124092
FIRE:  857 10:28:30  -145733.578125        0.148753
FIRE:  858 10:28:31  -145733.578125        0.151621
FIRE:  859 10:28:31  -145733.609375        0.116981
FIRE:  860 10:28:31  -145733.593750        0.111930
FIRE:  861 10:28:31  -145733.609375        0.150681
FIRE:  862 10:28:31  -145733.625000        0.673903
FIRE:  863 10:28:31  -145733.625000        2.401407
FIRE:  864 10:28:31  -145733.625000        0.531605
FIRE:  865 10:28:31  -145733.640625        0.372851
FIRE:  866 10:28:31  -145733.609375        0.106501
FIRE:  867 10:28:31  -145733.625000        0.175098
FIRE:  868 10:28:31  -145733.625000        0.160637
FIRE:  869 10:28:31  -145733.609375        0.132810
FIRE:  870 10:28:31  -145733.640625        0.094154
FIRE:  871 10:28:31  -145733.625000        0.087196
FIRE:  872 10:28:31  -145733.625000        0.087194
FIRE:  873 10:28:31  -145733.609375        0.087190
FIRE:  874 10:28:31  -145733.640625        0.087172
FIRE:  875 10:28:31  -145733.640625        0.110571
FIRE:  876 10:28:32  -145733.625000        0.118140
FIRE:  877 10:28:32  -145733.640625        0.102980
FIRE:  878 10:28:32  -145733.625000        0.086765
FIRE:  879 10:28:32  -145733.640625        0.086532
FIRE:  880 10:28:32  -145733.640625        0.086265
FIRE:  881 10:28:32  -145733.625000        0.085973
FIRE:  882 10:28:32  -145733.625000        0.085673
FIRE:  883 10:28:32  -145733.625000        0.085349
FIRE:  884 10:28:32  -145733.625000        0.084934
FIRE:  885 10:28:32  -145733.640625        0.084327
FIRE:  886 10:28:32  -145733.625000        0.083544
FIRE:  887 10:28:32  -145733.656250        0.082744
FIRE:  888 10:28:32  -145733.656250        0.082029
FIRE:  889 10:28:32  -145733.640625        0.081201
FIRE:  890 10:28:32  -145733.656250        0.080204
FIRE:  891 10:28:32  -145733.656250        0.078722
FIRE:  892 10:28:32  -145733.656250        0.075799
FIRE:  893 10:28:32  -145733.656250        0.072757
FIRE:  894 10:28:32  -145733.687500        0.131344
FIRE:  895 10:28:33  -145733.671875        0.656795
FIRE:  896 10:28:33  -145733.671875        2.460129
FIRE:  897 10:28:33  -145733.671875        0.654128
FIRE:  898 10:28:33  -145733.687500        0.449738
FIRE:  899 10:28:33  -145733.703125        0.108789
FIRE:  900 10:28:33  -145733.687500        0.245125
FIRE:  901 10:28:33  -145733.687500        0.224545
FIRE:  902 10:28:33  -145733.687500        0.185212
FIRE:  903 10:28:33  -145733.687500        0.130550
FIRE:  904 10:28:33  -145733.687500        0.069185
FIRE:  905 10:28:33  -145733.687500        0.063743
FIRE:  906 10:28:33  -145733.703125        0.068808
FIRE:  907 10:28:33  -145733.687500        0.117663
FIRE:  908 10:28:33  -145733.687500        0.149804
FIRE:  909 10:28:33  -145733.687500        0.156873
FIRE:  910 10:28:33  -145733.703125        0.132479
FIRE:  911 10:28:33  -145733.703125        0.076266
FIRE:  912 10:28:33  -145733.671875        0.063480
FIRE:  913 10:28:34  -145733.687500        0.075662
FIRE:  914 10:28:34  -145733.703125        0.101538
FIRE:  915 10:28:34  -145733.687500        0.063742
FIRE:  916 10:28:34  -145733.687500        0.064372
FIRE:  917 10:28:34  -145733.703125        0.110977
FIRE:  918 10:28:34  -145733.703125        0.080229
FIRE:  919 10:28:34  -145733.687500        0.066412
FIRE:  920 10:28:34  -145733.687500        0.073070
FIRE:  921 10:28:34  -145733.718750        0.066279
FIRE:  922 10:28:34  -145733.703125        0.079892
FIRE:  923 10:28:34  -145733.703125        0.093498
FIRE:  924 10:28:34  -145733.718750        0.090696
FIRE:  925 10:28:34  -145733.718750        0.069989
FIRE:  926 10:28:34  -145733.718750        0.109861
FIRE:  927 10:28:34  -145733.734375        0.309576
FIRE:  928 10:28:34  -145733.750000        1.181363
FIRE:  929 10:28:34  -145733.750000        0.105210
FIRE:  930 10:28:34  -145733.718750        0.074712
FIRE:  931 10:28:34  -145733.718750        0.060330
FIRE:  932 10:28:34  -145733.750000        0.060343
FIRE:  933 10:28:34  -145733.734375        0.088135
FIRE:  934 10:28:35  -145733.750000        0.099497
FIRE:  935 10:28:35  -145733.734375        0.076358
FIRE:  936 10:28:35  -145733.734375        0.060196
FIRE:  937 10:28:35  -145733.750000        0.060072
FIRE:  938 10:28:35  -145733.734375        0.059918
FIRE:  939 10:28:35  -145733.750000        0.059718
FIRE:  940 10:28:35  -145733.750000        0.059451
FIRE:  941 10:28:35  -145733.734375        0.077127
FIRE:  942 10:28:35  -145733.718750        0.058399
FIRE:  943 10:28:35  -145733.734375        0.057593
FIRE:  944 10:28:35  -145733.750000        0.056668
FIRE:  945 10:28:35  -145733.750000        0.074276
FIRE:  946 10:28:35  -145733.734375        0.057023
FIRE:  947 10:28:35  -145733.734375        0.082032
FIRE:  948 10:28:35  -145733.781250        0.090035
FIRE:  949 10:28:35  -145733.765625        0.300409
FIRE:  950 10:28:35  -145733.750000        0.876015
FIRE:  951 10:28:35  -145733.750000        2.833949
FIRE:  952 10:28:35  -145733.796875        0.584038
FIRE:  953 10:28:35  -145733.765625        0.406983
FIRE:  954 10:28:36  -145733.796875        0.122035
FIRE:  955 10:28:36  -145733.796875        0.225544
FIRE:  956 10:28:36  -145733.781250        0.209935
FIRE:  957 10:28:36  -145733.796875        0.179977
FIRE:  958 10:28:36  -145733.796875        0.138311
FIRE:  959 10:28:36  -145733.781250        0.088703
FIRE:  960 10:28:36  -145733.781250        0.044145
