      Step     Time          Energy          fmax
FIRE:    0 09:57:50   -91221.757812        1.375027
FIRE:    1 09:57:51   -91221.968750        1.041165
FIRE:    2 09:57:53   -91222.156250        0.864398
FIRE:    3 09:57:53   -91222.304688        0.903945
FIRE:    4 09:57:53   -91222.500000        0.730293
FIRE:    5 09:57:53   -91222.601562        0.539119
FIRE:    6 09:57:53   -91222.632812        0.458902
FIRE:    7 09:57:53   -91222.656250        0.439918
FIRE:    8 09:57:53   -91222.710938        0.418811
FIRE:    9 09:57:53   -91222.710938        0.395414
FIRE:   10 09:57:53   -91222.742188        0.391063
FIRE:   11 09:57:53   -91222.765625        0.372560
FIRE:   12 09:57:53   -91222.796875        0.353902
FIRE:   13 09:57:53   -91222.859375        0.362954
FIRE:   14 09:57:53   -91222.867188        0.350181
FIRE:   15 09:57:53   -91222.898438        0.373167
FIRE:   16 09:57:53   -91222.945312        0.297627
FIRE:   17 09:57:54   -91223.007812        0.218564
FIRE:   18 09:57:54   -91223.070312        0.314156
FIRE:   19 09:57:54   -91223.164062        0.232880
FIRE:   20 09:57:54   -91223.226562        0.243391
FIRE:   21 09:57:54   -91223.343750        0.221500
FIRE:   22 09:57:54   -91223.398438        0.232723
FIRE:   23 09:57:54   -91223.476562        0.181101
FIRE:   24 09:57:54   -91223.632812        0.292466
FIRE:   25 09:57:54   -91223.703125        0.338585
FIRE:   26 09:57:54   -91223.789062        0.688405
FIRE:   27 09:57:54   -91223.851562        1.639919
FIRE:   28 09:57:54   -91223.890625        0.240920
FIRE:   29 09:57:54   -91223.890625        0.181509
FIRE:   30 09:57:54   -91223.890625        0.103154
FIRE:   31 09:57:54   -91223.890625        0.133903
FIRE:   32 09:57:54   -91223.898438        0.176187
FIRE:   33 09:57:54   -91223.898438        0.174230
FIRE:   34 09:57:54   -91223.914062        0.127585
FIRE:   35 09:57:54   -91223.898438        0.082163
FIRE:   36 09:57:54   -91223.914062        0.131317
FIRE:   37 09:57:55   -91223.914062        0.151158
FIRE:   38 09:57:55   -91223.921875        0.096097
FIRE:   39 09:57:55   -91223.937500        0.126022
FIRE:   40 09:57:55   -91223.960938        0.120041
FIRE:   41 09:57:55   -91223.968750        0.088878
FIRE:   42 09:57:55   -91223.992188        0.124714
FIRE:   43 09:57:55   -91223.992188        0.112552
FIRE:   44 09:57:55   -91224.023438        0.081811
FIRE:   45 09:57:55   -91224.046875        0.191768
FIRE:   46 09:57:55   -91224.062500        0.339156
FIRE:   47 09:57:56   -91224.093750        0.962135
FIRE:   48 09:57:56   -91224.085938        2.627929
FIRE:   49 09:57:56   -91224.140625        0.251750
FIRE:   50 09:57:57   -91224.101562        2.599791
FIRE:   51 09:57:57   -91224.125000        1.848412
FIRE:   52 09:57:57   -91224.132812        0.618622
FIRE:   53 09:57:57   -91224.148438        0.708748
FIRE:   54 09:57:57   -91224.148438        0.664057
FIRE:   55 09:57:57   -91224.148438        0.577459
FIRE:   56 09:57:57   -91224.140625        0.454408
FIRE:   57 09:57:57   -91224.148438        0.303302
FIRE:   58 09:57:57   -91224.148438        0.136082
FIRE:   59 09:57:57   -91224.148438        0.086191
FIRE:   60 09:57:57   -91224.156250        0.181254
FIRE:   61 09:57:57   -91224.148438        0.297669
FIRE:   62 09:57:57   -91224.148438        0.365933
FIRE:   63 09:57:57   -91224.156250        0.368790
FIRE:   64 09:57:57   -91224.156250        0.294564
FIRE:   65 09:57:57   -91224.148438        0.147878
FIRE:   66 09:57:57   -91224.148438        0.090943
FIRE:   67 09:57:57   -91224.156250        0.250361
FIRE:   68 09:57:57   -91224.156250        0.309388
FIRE:   69 09:57:57   -91224.156250        0.208513
FIRE:   70 09:57:58   -91224.164062        0.094124
FIRE:   71 09:57:58   -91224.171875        0.229476
FIRE:   72 09:57:58   -91224.187500        0.194358
FIRE:   73 09:57:58   -91224.171875        0.139321
FIRE:   74 09:57:58   -91224.179688        0.245372
FIRE:   75 09:57:58   -91224.156250        0.102711
FIRE:   76 09:57:58   -91224.203125        0.197870
FIRE:   77 09:57:58   -91224.218750        0.226491
FIRE:   78 09:57:58   -91224.226562        0.091125
FIRE:   79 09:57:58   -91224.250000        0.114185
FIRE:   80 09:57:58   -91224.304688        0.420429
FIRE:   81 09:57:58   -91224.296875        1.081758
FIRE:   82 09:57:58   -91224.296875        2.966597
FIRE:   83 09:57:58   -91224.328125        0.340859
FIRE:   84 09:57:58   -91224.335938        0.268409
FIRE:   85 09:57:58   -91224.328125        0.139534
FIRE:   86 09:57:58   -91224.359375        0.089938
FIRE:   87 09:57:58   -91224.328125        0.215195
FIRE:   88 09:57:58   -91224.335938        0.260907
FIRE:   89 09:57:59   -91224.351562        0.219858
FIRE:   90 09:57:59   -91224.335938        0.116734
FIRE:   91 09:57:59   -91224.335938        0.075092
FIRE:   92 09:57:59   -91224.335938        0.151223
FIRE:   93 09:57:59   -91224.335938        0.167643
FIRE:   94 09:57:59   -91224.351562        0.074515
FIRE:   95 09:57:59   -91224.375000        0.158782
FIRE:   96 09:57:59   -91224.351562        0.151901
FIRE:   97 09:57:59   -91224.351562        0.112324
FIRE:   98 09:57:59   -91224.359375        0.119846
FIRE:   99 09:57:59   -91224.367188        0.152597
FIRE:  100 09:57:59   -91224.375000        0.146116
FIRE:  101 09:57:59   -91224.382812        0.068584
FIRE:  102 09:57:59   -91224.429688        0.088916
FIRE:  103 09:57:59   -91224.445312        0.269898
FIRE:  104 09:57:59   -91224.421875        0.939723
FIRE:  105 09:57:59   -91224.429688        3.047545
FIRE:  106 09:57:59   -91224.445312        0.745611
FIRE:  107 09:57:59   -91224.445312        0.536382
FIRE:  108 09:58:00   -91224.453125        0.173494
FIRE:  109 09:58:00   -91224.460938        0.233496
FIRE:  110 09:58:00   -91224.453125        0.215014
FIRE:  111 09:58:00   -91224.453125        0.179606
FIRE:  112 09:58:00   -91224.476562        0.130289
FIRE:  113 09:58:00   -91224.453125        0.072041
FIRE:  114 09:58:00   -91224.453125        0.043430
