      Step     Time          Energy          fmax
FIRE:    0 10:57:26  -135047.296875        6.261021
FIRE:    1 10:57:26  -135049.312500        6.099016
FIRE:    2 10:57:28  -135051.718750        5.481929
FIRE:    3 10:57:28  -135053.687500        3.949678
FIRE:    4 10:57:28  -135054.875000        1.102255
FIRE:    5 10:57:28  -135054.640625        5.522620
FIRE:    6 10:57:28  -135054.890625        4.351875
FIRE:    7 10:57:28  -135055.187500        2.543723
FIRE:    8 10:57:28  -135055.515625        0.921739
FIRE:    9 10:57:28  -135055.562500        0.942776
FIRE:   10 10:57:28  -135055.640625        1.551148
FIRE:   11 10:57:28  -135055.703125        2.098568
FIRE:   12 10:57:28  -135055.828125        2.308951
FIRE:   13 10:57:28  -135056.140625        2.191301
FIRE:   14 10:57:28  -135056.421875        1.687759
FIRE:   15 10:57:28  -135056.703125        0.651287
FIRE:   16 10:57:28  -135056.921875        1.091887
FIRE:   17 10:57:28  -135057.218750        2.221171
FIRE:   18 10:57:29  -135057.562500        1.655614
FIRE:   19 10:57:30  -135057.921875        0.534308
FIRE:   20 10:57:30  -135058.328125        1.229926
FIRE:   21 10:57:30  -135058.453125        1.447551
FIRE:   22 10:57:30  -135058.812500        0.576379
FIRE:   23 10:57:30  -135059.062500        1.085802
FIRE:   24 10:57:30  -135059.359375        1.247246
FIRE:   25 10:57:30  -135059.593750        0.534109
FIRE:   26 10:57:31  -135060.000000        0.735884
FIRE:   27 10:57:31  -135060.187500        0.904035
FIRE:   28 10:57:31  -135060.312500        0.425858
FIRE:   29 10:57:31  -135060.531250        0.671786
FIRE:   30 10:57:31  -135060.750000        0.745902
FIRE:   31 10:57:31  -135060.875000        0.351394
FIRE:   32 10:57:31  -135061.093750        0.638710
FIRE:   33 10:57:31  -135061.281250        0.278669
FIRE:   34 10:57:31  -135061.343750        0.555256
FIRE:   35 10:57:31  -135061.468750        0.559173
FIRE:   36 10:57:31  -135061.703125        0.447944
FIRE:   37 10:57:31  -135061.875000        0.513718
FIRE:   38 10:57:31  -135062.046875        0.373503
FIRE:   39 10:57:32  -135062.156250        0.599131
FIRE:   40 10:57:32  -135062.265625        0.685086
FIRE:   41 10:57:32  -135062.421875        0.956037
FIRE:   42 10:57:32  -135062.500000        1.259320
FIRE:   43 10:57:32  -135062.671875        1.532558
FIRE:   44 10:57:32  -135062.734375        1.767355
FIRE:   45 10:57:32  -135062.921875        1.470375
FIRE:   46 10:57:32  -135063.031250        0.848915
FIRE:   47 10:57:32  -135063.125000        0.325044
FIRE:   48 10:57:32  -135063.265625        0.243760
FIRE:   49 10:57:32  -135063.406250        0.335292
FIRE:   50 10:57:32  -135063.484375        0.571034
FIRE:   51 10:57:32  -135063.593750        0.619451
FIRE:   52 10:57:32  -135063.656250        0.623707
FIRE:   53 10:57:32  -135063.765625        0.603842
FIRE:   54 10:57:32  -135063.812500        0.648025
FIRE:   55 10:57:32  -135063.796875        0.520396
FIRE:   56 10:57:32  -135063.984375        0.393836
FIRE:   57 10:57:32  -135064.062500        0.272789
FIRE:   58 10:57:32  -135064.156250        0.328894
FIRE:   59 10:57:33  -135064.250000        0.298079
FIRE:   60 10:57:33  -135064.296875        0.272800
FIRE:   61 10:57:33  -135064.375000        0.225085
FIRE:   62 10:57:33  -135064.406250        0.283457
FIRE:   63 10:57:33  -135064.500000        0.397572
FIRE:   64 10:57:33  -135064.562500        0.476389
FIRE:   65 10:57:33  -135064.593750        0.521097
FIRE:   66 10:57:33  -135064.671875        0.528213
FIRE:   67 10:57:33  -135064.734375        0.547176
FIRE:   68 10:57:33  -135064.781250        0.598147
FIRE:   69 10:57:33  -135064.843750        0.551242
FIRE:   70 10:57:33  -135064.906250        0.592650
FIRE:   71 10:57:33  -135064.890625        0.587901
FIRE:   72 10:57:33  -135064.843750        0.690201
FIRE:   73 10:57:33  -135064.859375        0.616366
FIRE:   74 10:57:33  -135065.031250        0.618395
FIRE:   75 10:57:33  -135065.078125        0.558616
FIRE:   76 10:57:33  -135064.890625        0.651539
FIRE:   77 10:57:33  -135064.937500        0.686774
FIRE:   78 10:57:34  -135064.984375        0.788687
FIRE:   79 10:57:34  -135065.140625        0.819448
FIRE:   80 10:57:34  -135065.265625        0.891282
FIRE:   81 10:57:34  -135065.234375        0.873288
FIRE:   82 10:57:34  -135063.375000       14.678275
FIRE:   83 10:57:34  -135065.218750        3.207026
FIRE:   84 10:57:34  -135065.296875        1.855935
FIRE:   85 10:57:34  -135065.234375        1.116020
FIRE:   86 10:57:34  -135065.250000        0.140304
FIRE:   87 10:57:34  -135065.359375        0.133621
FIRE:   88 10:57:34  -135065.375000        0.120771
FIRE:   89 10:57:34  -135065.250000        0.102844
FIRE:   90 10:57:34  -135065.359375        0.081551
FIRE:   91 10:57:34  -135065.375000        0.067559
FIRE:   92 10:57:34  -135065.343750        0.063009
FIRE:   93 10:57:34  -135065.375000        0.072141
FIRE:   94 10:57:34  -135065.250000        0.077333
FIRE:   95 10:57:34  -135065.375000        0.073803
FIRE:   96 10:57:35  -135065.343750        0.076611
FIRE:   97 10:57:35  -135065.359375        0.072699
FIRE:   98 10:57:35  -135065.343750        0.068941
FIRE:   99 10:57:35  -135065.359375        0.070845
FIRE:  100 10:57:35  -135065.375000        0.055368
FIRE:  101 10:57:35  -135065.359375        0.061633
FIRE:  102 10:57:35  -135065.359375        0.083357
FIRE:  103 10:57:35  -135065.281250        0.068101
FIRE:  104 10:57:35  -135065.359375        0.064166
FIRE:  105 10:57:35  -135065.406250        0.052446
FIRE:  106 10:57:35  -135065.406250        0.065282
FIRE:  107 10:57:35  -135065.437500        0.051020
FIRE:  108 10:57:35  -135065.421875        0.052679
FIRE:  109 10:57:35  -135065.437500        0.068063
FIRE:  110 10:57:35  -135065.453125        0.167133
FIRE:  111 10:57:35  -135065.484375        0.435591
FIRE:  112 10:57:35  -135065.500000        1.166301
FIRE:  113 10:57:35  -135065.531250        0.107100
FIRE:  114 10:57:35  -135065.390625        1.131554
FIRE:  115 10:57:36  -135065.500000        0.819779
FIRE:  116 10:57:36  -135065.484375        0.303848
FIRE:  117 10:57:36  -135065.515625        0.255808
FIRE:  118 10:57:36  -135065.500000        0.241126
FIRE:  119 10:57:36  -135065.515625        0.212633
FIRE:  120 10:57:36  -135065.406250        0.172048
FIRE:  121 10:57:36  -135065.515625        0.122109
FIRE:  122 10:57:36  -135065.515625        0.066802
FIRE:  123 10:57:36  -135065.515625        0.057491
FIRE:  124 10:57:36  -135065.531250        0.059556
FIRE:  125 10:57:36  -135065.515625        0.096780
FIRE:  126 10:57:36  -135065.421875        0.121930
FIRE:  127 10:57:36  -135065.484375        0.127907
FIRE:  128 10:57:36  -135065.531250        0.109800
FIRE:  129 10:57:36  -135065.531250        0.067493
FIRE:  130 10:57:36  -135065.515625        0.057995
FIRE:  131 10:57:36  -135065.546875        0.085354
FIRE:  132 10:57:36  -135065.531250        0.113335
FIRE:  133 10:57:37  -135065.546875        0.083701
FIRE:  134 10:57:37  -135065.546875        0.059162
FIRE:  135 10:57:37  -135065.500000        0.085178
FIRE:  136 10:57:37  -135065.531250        0.075564
FIRE:  137 10:57:37  -135065.531250        0.060924
FIRE:  138 10:57:37  -135065.515625        0.094162
FIRE:  139 10:57:37  -135065.531250        0.062934
FIRE:  140 10:57:37  -135065.578125        0.082875
FIRE:  141 10:57:37  -135065.593750        0.078385
FIRE:  142 10:57:37  -135065.609375        0.068280
FIRE:  143 10:57:37  -135065.562500        0.072285
FIRE:  144 10:57:37  -135065.593750        0.180443
FIRE:  145 10:57:37  -135065.609375        0.468767
FIRE:  146 10:57:37  -135065.609375        1.237131
FIRE:  147 10:57:37  -135065.640625        0.075827
FIRE:  148 10:57:37  -135065.671875        1.241103
FIRE:  149 10:57:37  -135065.625000        0.885468
FIRE:  150 10:57:37  -135065.640625        0.304162
FIRE:  151 10:57:37  -135065.687500        0.313895
FIRE:  152 10:57:38  -135065.687500        0.295053
FIRE:  153 10:57:38  -135065.687500        0.258441
FIRE:  154 10:57:38  -135065.640625        0.206322
FIRE:  155 10:57:38  -135065.687500        0.142114
FIRE:  156 10:57:38  -135065.687500        0.074109
FIRE:  157 10:57:38  -135065.687500        0.074394
FIRE:  158 10:57:38  -135065.640625        0.074649
FIRE:  159 10:57:38  -135065.687500        0.120550
FIRE:  160 10:57:38  -135065.640625        0.152350
FIRE:  161 10:57:38  -135065.687500        0.156265
FIRE:  162 10:57:38  -135065.687500        0.127372
FIRE:  163 10:57:38  -135065.640625        0.074244
FIRE:  164 10:57:38  -135065.640625        0.073607
FIRE:  165 10:57:38  -135065.687500        0.109417
FIRE:  166 10:57:38  -135065.687500        0.138125
FIRE:  167 10:57:38  -135065.687500        0.093594
FIRE:  168 10:57:38  -135065.656250        0.072126
FIRE:  169 10:57:38  -135065.703125        0.105373
FIRE:  170 10:57:39  -135065.703125        0.082780
FIRE:  171 10:57:39  -135065.656250        0.070479
FIRE:  172 10:57:39  -135065.687500        0.111023
FIRE:  173 10:57:39  -135065.718750        0.068073
FIRE:  174 10:57:39  -135065.734375        0.090779
FIRE:  175 10:57:39  -135065.703125        0.109304
FIRE:  176 10:57:39  -135065.703125        0.066347
FIRE:  177 10:57:39  -135065.718750        0.067475
FIRE:  178 10:57:39  -135065.796875        0.128633
FIRE:  179 10:57:39  -135065.812500        0.393327
FIRE:  180 10:57:39  -135065.812500        1.177588
FIRE:  181 10:57:39  -135065.796875        0.071153
FIRE:  182 10:57:39  -135065.781250        1.185489
FIRE:  183 10:57:39  -135065.828125        0.835683
FIRE:  184 10:57:39  -135065.796875        0.266602
FIRE:  185 10:57:39  -135065.796875        0.332226
FIRE:  186 10:57:39  -135065.796875        0.311563
FIRE:  187 10:57:39  -135065.843750        0.271488
FIRE:  188 10:57:39  -135065.796875        0.214449
FIRE:  189 10:57:40  -135065.843750        0.144320
FIRE:  190 10:57:40  -135065.796875        0.071569
FIRE:  191 10:57:40  -135065.843750        0.072315
FIRE:  192 10:57:40  -135065.843750        0.086069
FIRE:  193 10:57:40  -135065.843750        0.135326
FIRE:  194 10:57:40  -135065.843750        0.167066
FIRE:  195 10:57:40  -135065.859375        0.166747
FIRE:  196 10:57:40  -135065.796875        0.129734
FIRE:  197 10:57:40  -135065.796875        0.073291
FIRE:  198 10:57:40  -135065.843750        0.072519
FIRE:  199 10:57:40  -135065.796875        0.122643
FIRE:  200 10:57:40  -135065.843750        0.145188
FIRE:  201 10:57:40  -135065.859375        0.089264
FIRE:  202 10:57:40  -135065.812500        0.073503
FIRE:  203 10:57:40  -135065.859375        0.114240
FIRE:  204 10:57:40  -135065.812500        0.077254
FIRE:  205 10:57:40  -135065.859375        0.076493
FIRE:  206 10:57:40  -135065.859375        0.109834
FIRE:  207 10:57:41  -135065.828125        0.073675
FIRE:  208 10:57:41  -135065.890625        0.080581
FIRE:  209 10:57:41  -135065.843750        0.129019
FIRE:  210 10:57:41  -135065.906250        0.075557
FIRE:  211 10:57:41  -135065.906250        0.075224
FIRE:  212 10:57:41  -135065.953125        0.091089
FIRE:  213 10:57:41  -135065.968750        0.287871
FIRE:  214 10:57:41  -135065.937500        1.061985
FIRE:  215 10:57:41  -135065.968750        0.078815
FIRE:  216 10:57:41  -135065.984375        0.079648
FIRE:  217 10:57:41  -135065.984375        0.081144
FIRE:  218 10:57:41  -135065.984375        0.082898
FIRE:  219 10:57:41  -135065.984375        0.084237
FIRE:  220 10:57:41  -135066.000000        0.084458
FIRE:  221 10:57:41  -135065.968750        0.083382
FIRE:  222 10:57:41  -135066.000000        0.081529
FIRE:  223 10:57:41  -135066.000000        0.079624
FIRE:  224 10:57:42  -135066.000000        0.079009
FIRE:  225 10:57:42  -135065.953125        0.080560
FIRE:  226 10:57:42  -135065.953125        0.083854
FIRE:  227 10:57:42  -135066.015625        0.086114
FIRE:  228 10:57:42  -135066.015625        0.084773
FIRE:  229 10:57:42  -135065.968750        0.082525
FIRE:  230 10:57:42  -135065.984375        0.084589
FIRE:  231 10:57:42  -135066.031250        0.086845
FIRE:  232 10:57:42  -135066.000000        0.082448
FIRE:  233 10:57:42  -135066.015625        0.087434
FIRE:  234 10:57:42  -135066.078125        0.082741
FIRE:  235 10:57:42  -135066.046875        0.148876
FIRE:  236 10:57:42  -135066.109375        0.515988
FIRE:  237 10:57:42  -135066.093750        1.786861
FIRE:  238 10:57:42  -135066.109375        0.359290
FIRE:  239 10:57:42  -135066.125000        0.258052
FIRE:  240 10:57:42  -135066.140625        0.083318
FIRE:  241 10:57:43  -135066.125000        0.112256
FIRE:  242 10:57:43  -135066.140625        0.103864
FIRE:  243 10:57:43  -135066.140625        0.089359
FIRE:  244 10:57:43  -135066.156250        0.078928
FIRE:  245 10:57:43  -135066.093750        0.077798
FIRE:  246 10:57:43  -135066.156250        0.076633
FIRE:  247 10:57:43  -135066.140625        0.075543
FIRE:  248 10:57:43  -135066.109375        0.074664
FIRE:  249 10:57:43  -135066.156250        0.073977
FIRE:  250 10:57:43  -135066.156250        0.073636
FIRE:  251 10:57:43  -135066.140625        0.073713
FIRE:  252 10:57:43  -135066.156250        0.074333
FIRE:  253 10:57:43  -135066.109375        0.075434
FIRE:  254 10:57:43  -135066.125000        0.076779
FIRE:  255 10:57:43  -135066.156250        0.077709
FIRE:  256 10:57:43  -135066.125000        0.077623
FIRE:  257 10:57:43  -135066.156250        0.076500
FIRE:  258 10:57:44  -135066.109375        0.075318
FIRE:  259 10:57:44  -135066.171875        0.075373
FIRE:  260 10:57:44  -135066.125000        0.076966
FIRE:  261 10:57:44  -135066.125000        0.078197
FIRE:  262 10:57:44  -135066.187500        0.076418
FIRE:  263 10:57:44  -135066.187500        0.073858
FIRE:  264 10:57:44  -135066.156250        0.075156
FIRE:  265 10:57:44  -135066.203125        0.074224
FIRE:  266 10:57:44  -135066.203125        0.071378
FIRE:  267 10:57:44  -135066.140625        0.094634
FIRE:  268 10:57:44  -135066.265625        0.279303
FIRE:  269 10:57:44  -135066.265625        0.900545
FIRE:  270 10:57:44  -135066.250000        0.067932
FIRE:  271 10:57:44  -135066.265625        0.778783
FIRE:  272 10:57:44  -135066.265625        0.589646
FIRE:  273 10:57:44  -135066.250000        0.253911
FIRE:  274 10:57:45  -135066.250000        0.148685
FIRE:  275 10:57:45  -135066.250000        0.139671
FIRE:  276 10:57:45  -135066.203125        0.122260
FIRE:  277 10:57:45  -135066.281250        0.097623
FIRE:  278 10:57:45  -135066.281250        0.068321
FIRE:  279 10:57:45  -135066.125000        0.066912
FIRE:  280 10:57:45  -135066.078125        0.065615
FIRE:  281 10:57:45  -135066.093750        0.064548
FIRE:  282 10:57:45  -135066.062500        0.063716
FIRE:  283 10:57:45  -135066.062500        0.067961
FIRE:  284 10:57:45  -135066.062500        0.070838
FIRE:  285 10:57:45  -135066.046875        0.063351
FIRE:  286 10:57:45  -135066.046875        0.064229
FIRE:  287 10:57:45  -135066.062500        0.065605
FIRE:  288 10:57:45  -135066.125000        0.067087
FIRE:  289 10:57:45  -135066.046875        0.067763
FIRE:  290 10:57:45  -135066.062500        0.066915
FIRE:  291 10:57:46  -135066.046875        0.065059
FIRE:  292 10:57:46  -135066.140625        0.063583
FIRE:  293 10:57:46  -135066.062500        0.063729
FIRE:  294 10:57:46  -135066.109375        0.065664
FIRE:  295 10:57:46  -135066.078125        0.066720
FIRE:  296 10:57:46  -135066.093750        0.064067
FIRE:  297 10:57:46  -135066.093750        0.062385
FIRE:  298 10:57:46  -135066.109375        0.064855
FIRE:  299 10:57:46  -135066.203125        0.062162
FIRE:  300 10:57:46  -135066.250000        0.059712
FIRE:  301 10:57:46  -135066.281250        0.068978
FIRE:  302 10:57:46  -135066.187500        0.212910
FIRE:  303 10:57:46  -135066.421875        0.819684
FIRE:  304 10:57:46  -135066.203125        3.290348
FIRE:  305 10:57:46  -135066.187500        1.305042
FIRE:  306 10:57:46  -135066.218750        0.942069
FIRE:  307 10:57:47  -135066.203125        0.279129
FIRE:  308 10:57:47  -135066.281250        0.525472
FIRE:  309 10:57:47  -135066.218750        0.481071
FIRE:  310 10:57:47  -135066.203125        0.396610
FIRE:  311 10:57:47  -135066.203125        0.280290
FIRE:  312 10:57:47  -135066.218750        0.143682
FIRE:  313 10:57:47  -135066.234375        0.055067
FIRE:  314 10:57:47  -135066.203125        0.128387
FIRE:  315 10:57:47  -135066.218750        0.222143
FIRE:  316 10:57:47  -135066.250000        0.217905
FIRE:  317 10:57:47  -135066.281250        0.209478
FIRE:  318 10:57:47  -135066.218750        0.197055
FIRE:  319 10:57:47  -135066.218750        0.180916
FIRE:  320 10:57:47  -135066.296875        0.161372
FIRE:  321 10:57:47  -135066.234375        0.138913
FIRE:  322 10:57:47  -135066.250000        0.114137
FIRE:  323 10:57:47  -135066.234375        0.084929
FIRE:  324 10:57:48  -135066.218750        0.054769
FIRE:  325 10:57:48  -135066.250000        0.054800
FIRE:  326 10:57:48  -135066.250000        0.054829
FIRE:  327 10:57:48  -135066.250000        0.061038
FIRE:  328 10:57:48  -135066.218750        0.085363
FIRE:  329 10:57:48  -135066.250000        0.100605
FIRE:  330 10:57:48  -135066.234375        0.099400
FIRE:  331 10:57:48  -135066.250000        0.080264
FIRE:  332 10:57:48  -135066.203125        0.054717
FIRE:  333 10:57:48  -135066.218750        0.054598
FIRE:  334 10:57:48  -135066.281250        0.064032
FIRE:  335 10:57:48  -135066.265625        0.089004
FIRE:  336 10:57:48  -135066.234375        0.073690
FIRE:  337 10:57:48  -135066.265625        0.054226
FIRE:  338 10:57:48  -135066.250000        0.056621
FIRE:  339 10:57:48  -135066.265625        0.071229
FIRE:  340 10:57:48  -135066.218750        0.054303
FIRE:  341 10:57:49  -135066.234375        0.069298
FIRE:  342 10:57:49  -135066.265625        0.054029
FIRE:  343 10:57:49  -135066.281250        0.060170
FIRE:  344 10:57:49  -135066.296875        0.054102
FIRE:  345 10:57:49  -135066.265625        0.085061
FIRE:  346 10:57:49  -135066.312500        0.070731
FIRE:  347 10:57:49  -135066.281250        0.065173
FIRE:  348 10:57:49  -135066.328125        0.090360
FIRE:  349 10:57:49  -135066.359375        0.280927
FIRE:  350 10:57:49  -135066.562500        0.953550
FIRE:  351 10:57:49  -135066.578125        0.089664
FIRE:  352 10:57:49  -135066.593750        0.068036
FIRE:  353 10:57:49  -135066.593750        0.048692
