      Step     Time          Energy          fmax
FIRE:    0 09:26:27  -111020.007812        3.771771
FIRE:    1 09:26:27  -111021.281250        2.668953
FIRE:    2 09:26:29  -111022.726562        1.745704
FIRE:    3 09:26:29  -111023.882812        3.768543
FIRE:    4 09:26:29  -111024.945312        5.601122
FIRE:    5 09:26:29  -111026.085938        5.344053
FIRE:    6 09:26:31  -111027.156250        3.204042
FIRE:    7 09:26:31  -111027.992188        3.405337
FIRE:    8 09:26:31  -111028.562500        3.850166
FIRE:    9 09:26:31  -111029.164062        5.056499
FIRE:   10 09:26:31  -111029.640625        3.534742
FIRE:   11 09:26:31  -111029.562500        5.348358
FIRE:   12 09:26:31  -111029.937500        3.040715
FIRE:   13 09:26:31  -111030.218750        2.440383
FIRE:   14 09:26:31  -111030.445312        2.945840
FIRE:   15 09:26:32  -111030.531250        1.977552
FIRE:   16 09:26:33  -111030.648438        1.580642
FIRE:   17 09:26:33  -111030.734375        2.082136
FIRE:   18 09:26:33  -111030.851562        3.250565
FIRE:   19 09:26:33  -111031.101562        2.868701
FIRE:   20 09:26:33  -111031.437500        0.860850
FIRE:   21 09:26:33  -111031.734375        1.919491
FIRE:   22 09:26:33  -111031.937500        2.316037
FIRE:   23 09:26:33  -111032.210938        2.223770
FIRE:   24 09:26:33  -111032.585938        1.447482
FIRE:   25 09:26:33  -111032.906250        0.591135
FIRE:   26 09:26:33  -111033.093750        1.199211
FIRE:   27 09:26:33  -111033.304688        1.045218
FIRE:   28 09:26:33  -111033.562500        1.118904
FIRE:   29 09:26:33  -111033.828125        0.408878
FIRE:   30 09:26:33  -111034.000000        1.140791
FIRE:   31 09:26:33  -111034.250000        0.770351
FIRE:   32 09:26:33  -111034.390625        0.512476
FIRE:   33 09:26:33  -111034.570312        0.554653
FIRE:   34 09:26:33  -111034.812500        0.679541
FIRE:   35 09:26:33  -111034.984375        0.503385
FIRE:   36 09:26:33  -111035.195312        0.367388
FIRE:   37 09:26:34  -111035.304688        0.637685
FIRE:   38 09:26:34  -111035.476562        0.533459
FIRE:   39 09:26:34  -111035.640625        0.617008
FIRE:   40 09:26:34  -111035.781250        0.720492
FIRE:   41 09:26:34  -111035.890625        0.849458
FIRE:   42 09:26:34  -111036.046875        1.066012
FIRE:   43 09:26:34  -111034.406250        6.613923
FIRE:   44 09:26:34  -111036.046875        2.001846
FIRE:   45 09:26:34  -111036.140625        0.180611
FIRE:   46 09:26:34  -111036.078125        1.893158
FIRE:   47 09:26:34  -111036.117188        1.378288
FIRE:   48 09:26:34  -111036.148438        0.521035
FIRE:   49 09:26:34  -111036.156250        0.419858
FIRE:   50 09:26:34  -111036.156250        0.395326
FIRE:   51 09:26:34  -111036.148438        0.347730
FIRE:   52 09:26:34  -111036.164062        0.280258
FIRE:   53 09:26:34  -111036.156250        0.198001
FIRE:   54 09:26:34  -111036.164062        0.137361
FIRE:   55 09:26:35  -111036.164062        0.137404
FIRE:   56 09:26:35  -111036.164062        0.137462
FIRE:   57 09:26:35  -111036.171875        0.158338
FIRE:   58 09:26:35  -111036.164062        0.200174
FIRE:   59 09:26:35  -111036.179688        0.208259
FIRE:   60 09:26:35  -111036.179688        0.173468
FIRE:   61 09:26:35  -111036.187500        0.138013
FIRE:   62 09:26:35  -111036.203125        0.138153
FIRE:   63 09:26:35  -111036.210938        0.145522
FIRE:   64 09:26:35  -111036.210938        0.180316
FIRE:   65 09:26:35  -111036.226562        0.138287
FIRE:   66 09:26:35  -111036.242188        0.138112
FIRE:   67 09:26:35  -111036.265625        0.148583
FIRE:   68 09:26:35  -111036.289062        0.137257
FIRE:   69 09:26:35  -111036.304688        0.136525
FIRE:   70 09:26:35  -111036.351562        0.144746
FIRE:   71 09:26:35  -111036.390625        0.134283
FIRE:   72 09:26:36  -111036.437500        0.132988
FIRE:   73 09:26:36  -111036.500000        0.163492
FIRE:   74 09:26:36  -111036.570312        0.130349
FIRE:   75 09:26:36  -111036.656250        0.129090
FIRE:   76 09:26:36  -111036.750000        0.127355
FIRE:   77 09:26:36  -111036.882812        0.271300
FIRE:   78 09:26:36  -111036.960938        0.934041
FIRE:   79 09:26:36  -111036.851562        2.239202
FIRE:   80 09:26:36  -111037.070312        0.767787
FIRE:   81 09:26:36  -111037.085938        0.533183
FIRE:   82 09:26:36  -111037.101562        0.131314
FIRE:   83 09:26:36  -111037.101562        0.309667
FIRE:   84 09:26:36  -111037.101562        0.285278
FIRE:   85 09:26:36  -111037.093750        0.238773
FIRE:   86 09:26:36  -111037.093750        0.174695
FIRE:   87 09:26:36  -111037.101562        0.118882
FIRE:   88 09:26:36  -111037.101562        0.118896
FIRE:   89 09:26:37  -111037.101562        0.118920
FIRE:   90 09:26:37  -111037.109375        0.141805
FIRE:   91 09:26:37  -111037.101562        0.178684
FIRE:   92 09:26:37  -111037.101562        0.185158
FIRE:   93 09:26:37  -111037.109375        0.154292
FIRE:   94 09:26:37  -111037.117188        0.119146
FIRE:   95 09:26:37  -111037.117188        0.119199
FIRE:   96 09:26:37  -111037.125000        0.119236
FIRE:   97 09:26:37  -111037.132812        0.146053
FIRE:   98 09:26:37  -111037.140625        0.119164
FIRE:   99 09:26:37  -111037.156250        0.119010
FIRE:  100 09:26:37  -111037.164062        0.129650
FIRE:  101 09:26:37  -111037.171875        0.118395
FIRE:  102 09:26:37  -111037.203125        0.117910
FIRE:  103 09:26:37  -111037.226562        0.117274
FIRE:  104 09:26:37  -111037.250000        0.116500
FIRE:  105 09:26:37  -111037.281250        0.115666
FIRE:  106 09:26:37  -111037.304688        0.138947
FIRE:  107 09:26:38  -111037.320312        0.126923
FIRE:  108 09:26:38  -111037.382812        0.122700
FIRE:  109 09:26:38  -111037.453125        0.248366
FIRE:  110 09:26:38  -111037.546875        0.713376
FIRE:  111 09:26:38  -111037.476562        2.092505
FIRE:  112 09:26:38  -111037.578125        0.140353
FIRE:  113 09:26:38  -111037.593750        0.107823
FIRE:  114 09:26:38  -111037.601562        0.107852
FIRE:  115 09:26:38  -111037.601562        0.107894
FIRE:  116 09:26:38  -111037.593750        0.107937
FIRE:  117 09:26:38  -111037.617188        0.107974
FIRE:  118 09:26:38  -111037.601562        0.107995
FIRE:  119 09:26:38  -111037.617188        0.107997
FIRE:  120 09:26:38  -111037.617188        0.107974
FIRE:  121 09:26:38  -111037.609375        0.107919
FIRE:  122 09:26:38  -111037.625000        0.107824
FIRE:  123 09:26:38  -111037.640625        0.107676
FIRE:  124 09:26:39  -111037.656250        0.107451
FIRE:  125 09:26:39  -111037.718750        0.107106
FIRE:  126 09:26:39  -111037.695312        0.106610
FIRE:  127 09:26:39  -111037.757812        0.105996
FIRE:  128 09:26:39  -111037.789062        0.105336
FIRE:  129 09:26:39  -111037.789062        0.104617
FIRE:  130 09:26:39  -111037.835938        0.108822
FIRE:  131 09:26:39  -111037.875000        0.170817
FIRE:  132 09:26:39  -111037.945312        0.439897
FIRE:  133 09:26:39  -111037.976562        1.209996
FIRE:  134 09:26:39  -111038.000000        0.100402
FIRE:  135 09:26:39  -111038.000000        1.057527
FIRE:  136 09:26:39  -111037.945312        0.808427
FIRE:  137 09:26:39  -111037.960938        0.362520
FIRE:  138 09:26:39  -111037.968750        0.186454
FIRE:  139 09:26:39  -111037.960938        0.175603
FIRE:  140 09:26:39  -111037.968750        0.154640
FIRE:  141 09:26:40  -111037.968750        0.125295
FIRE:  142 09:26:40  -111037.960938        0.100251
FIRE:  143 09:26:40  -111037.968750        0.100247
FIRE:  144 09:26:40  -111037.960938        0.100242
FIRE:  145 09:26:40  -111038.023438        0.100237
FIRE:  146 09:26:40  -111038.015625        0.100230
FIRE:  147 09:26:40  -111038.007812        0.107907
FIRE:  148 09:26:40  -111038.015625        0.111253
FIRE:  149 09:26:40  -111038.015625        0.100183
FIRE:  150 09:26:40  -111038.031250        0.100153
FIRE:  151 09:26:40  -111038.015625        0.100114
FIRE:  152 09:26:40  -111037.976562        0.100061
FIRE:  153 09:26:40  -111037.984375        0.099990
FIRE:  154 09:26:40  -111037.960938        0.099893
FIRE:  155 09:26:40  -111038.054688        0.099766
FIRE:  156 09:26:40  -111038.062500        0.099601
FIRE:  157 09:26:40  -111038.062500        0.099386
FIRE:  158 09:26:41  -111038.000000        0.099112
FIRE:  159 09:26:41  -111038.039062        0.098770
FIRE:  160 09:26:41  -111038.031250        0.098347
FIRE:  161 09:26:41  -111038.054688        0.097854
FIRE:  162 09:26:41  -111038.093750        0.097297
FIRE:  163 09:26:41  -111038.101562        0.096691
FIRE:  164 09:26:41  -111038.203125        0.095999
FIRE:  165 09:26:41  -111038.242188        0.095161
FIRE:  166 09:26:41  -111038.218750        0.126525
FIRE:  167 09:26:41  -111038.304688        0.531717
FIRE:  168 09:26:41  -111038.234375        1.872504
FIRE:  169 09:26:41  -111038.335938        0.446714
FIRE:  170 09:26:41  -111038.367188        0.315133
FIRE:  171 09:26:41  -111038.367188        0.095552
FIRE:  172 09:26:41  -111038.335938        0.174419
FIRE:  173 09:26:41  -111038.367188        0.162749
FIRE:  174 09:26:41  -111038.343750        0.140396
FIRE:  175 09:26:42  -111038.343750        0.109200
FIRE:  176 09:26:42  -111038.351562        0.091015
FIRE:  177 09:26:42  -111038.343750        0.091024
FIRE:  178 09:26:42  -111038.343750        0.091038
FIRE:  179 09:26:42  -111038.382812        0.091052
FIRE:  180 09:26:42  -111038.359375        0.108845
FIRE:  181 09:26:42  -111038.351562        0.115192
FIRE:  182 09:26:42  -111038.382812        0.102103
FIRE:  183 09:26:42  -111038.367188        0.091132
FIRE:  184 09:26:42  -111038.359375        0.091152
FIRE:  185 09:26:42  -111038.382812        0.091164
FIRE:  186 09:26:42  -111038.359375        0.091162
FIRE:  187 09:26:42  -111038.390625        0.091136
FIRE:  188 09:26:42  -111038.367188        0.091075
FIRE:  189 09:26:42  -111038.359375        0.090969
FIRE:  190 09:26:42  -111038.414062        0.090805
FIRE:  191 09:26:42  -111038.414062        0.090576
FIRE:  192 09:26:43  -111038.398438        0.090275
FIRE:  193 09:26:43  -111038.437500        0.089901
FIRE:  194 09:26:43  -111038.421875        0.089466
FIRE:  195 09:26:43  -111038.445312        0.089001
FIRE:  196 09:26:43  -111038.492188        0.088507
FIRE:  197 09:26:43  -111038.554688        0.087954
FIRE:  198 09:26:43  -111038.539062        0.087294
FIRE:  199 09:26:43  -111038.601562        0.181322
FIRE:  200 09:26:43  -111038.625000        0.671592
FIRE:  201 09:26:43  -111038.460938        2.354399
FIRE:  202 09:26:43  -111038.718750        0.546060
FIRE:  203 09:26:43  -111038.726562        0.361239
FIRE:  204 09:26:43  -111038.734375        0.090170
FIRE:  205 09:26:43  -111038.726562        0.253432
FIRE:  206 09:26:43  -111038.750000        0.234191
FIRE:  207 09:26:43  -111038.742188        0.197174
FIRE:  208 09:26:43  -111038.734375        0.145485
FIRE:  209 09:26:44  -111038.750000        0.083837
FIRE:  210 09:26:44  -111038.734375        0.083530
FIRE:  211 09:26:44  -111038.742188        0.083556
FIRE:  212 09:26:44  -111038.742188        0.109297
FIRE:  213 09:26:44  -111038.757812        0.135122
FIRE:  214 09:26:44  -111038.757812        0.140667
FIRE:  215 09:26:44  -111038.742188        0.121206
FIRE:  216 09:26:44  -111038.734375        0.083750
FIRE:  217 09:26:44  -111038.742188        0.083797
FIRE:  218 09:26:44  -111038.765625        0.092785
FIRE:  219 09:26:44  -111038.742188        0.118375
FIRE:  220 09:26:44  -111038.750000        0.083859
FIRE:  221 09:26:44  -111038.757812        0.083811
FIRE:  222 09:26:44  -111038.757812        0.099468
FIRE:  223 09:26:44  -111038.773438        0.083533
FIRE:  224 09:26:44  -111038.765625        0.083290
FIRE:  225 09:26:44  -111038.781250        0.094505
FIRE:  226 09:26:45  -111038.796875        0.082590
FIRE:  227 09:26:45  -111038.796875        0.086532
FIRE:  228 09:26:45  -111038.820312        0.100512
FIRE:  229 09:26:45  -111038.851562        0.081332
FIRE:  230 09:26:45  -111038.875000        0.080889
FIRE:  231 09:26:45  -111038.898438        0.080365
FIRE:  232 09:26:45  -111038.859375        0.254158
FIRE:  233 09:26:45  -111038.890625        0.870294
FIRE:  234 09:26:45  -111038.906250        0.101183
FIRE:  235 09:26:45  -111038.898438        0.078766
FIRE:  236 09:26:45  -111038.953125        0.078322
FIRE:  237 09:26:45  -111038.960938        0.078324
FIRE:  238 09:26:45  -111038.960938        0.078324
FIRE:  239 09:26:45  -111038.968750        0.078320
FIRE:  240 09:26:45  -111038.960938        0.078309
FIRE:  241 09:26:45  -111038.906250        0.078291
FIRE:  242 09:26:45  -111038.968750        0.078263
FIRE:  243 09:26:46  -111038.968750        0.078221
FIRE:  244 09:26:46  -111038.968750        0.078158
FIRE:  245 09:26:46  -111038.960938        0.078071
FIRE:  246 09:26:46  -111038.992188        0.077946
FIRE:  247 09:26:46  -111038.968750        0.077771
FIRE:  248 09:26:46  -111039.000000        0.077543
FIRE:  249 09:26:46  -111039.000000        0.077262
FIRE:  250 09:26:46  -111039.015625        0.076937
FIRE:  251 09:26:46  -111039.039062        0.076567
FIRE:  252 09:26:46  -111039.031250        0.076155
FIRE:  253 09:26:46  -111039.062500        0.116140
FIRE:  254 09:26:46  -111039.062500        0.270825
FIRE:  255 09:26:46  -111039.101562        0.802798
FIRE:  256 09:26:46  -111039.117188        0.074344
FIRE:  257 09:26:46  -111039.078125        0.686445
FIRE:  258 09:26:46  -111039.109375        0.513257
FIRE:  259 09:26:46  -111039.117188        0.225701
FIRE:  260 09:26:47  -111039.117188        0.149371
FIRE:  261 09:26:47  -111039.093750        0.141190
FIRE:  262 09:26:47  -111039.117188        0.125327
FIRE:  263 09:26:47  -111039.117188        0.102979
FIRE:  264 09:26:47  -111039.117188        0.075940
FIRE:  265 09:26:47  -111039.109375        0.074285
FIRE:  266 09:26:47  -111039.117188        0.074283
FIRE:  267 09:26:47  -111039.117188        0.074281
FIRE:  268 09:26:47  -111039.109375        0.074278
FIRE:  269 09:26:47  -111039.109375        0.080356
FIRE:  270 09:26:47  -111039.117188        0.083166
FIRE:  271 09:26:47  -111039.125000        0.074256
FIRE:  272 09:26:47  -111039.125000        0.074242
FIRE:  273 09:26:47  -111039.101562        0.074222
FIRE:  274 09:26:47  -111039.117188        0.074196
FIRE:  275 09:26:47  -111039.101562        0.074161
FIRE:  276 09:26:48  -111039.132812        0.074113
FIRE:  277 09:26:48  -111039.132812        0.074051
FIRE:  278 09:26:48  -111039.132812        0.073969
FIRE:  279 09:26:48  -111039.140625        0.073859
FIRE:  280 09:26:48  -111039.148438        0.073717
FIRE:  281 09:26:48  -111039.156250        0.073538
FIRE:  282 09:26:48  -111039.164062        0.073323
FIRE:  283 09:26:48  -111039.171875        0.073070
FIRE:  284 09:26:48  -111039.179688        0.072776
FIRE:  285 09:26:48  -111039.195312        0.072439
FIRE:  286 09:26:48  -111039.203125        0.072058
FIRE:  287 09:26:48  -111039.210938        0.071613
FIRE:  288 09:26:48  -111039.250000        0.134649
FIRE:  289 09:26:48  -111039.281250        0.514900
FIRE:  290 09:26:48  -111039.242188        1.815383
FIRE:  291 09:26:48  -111039.312500        0.488380
FIRE:  292 09:26:48  -111039.296875        0.343050
FIRE:  293 09:26:49  -111039.312500        0.099082
FIRE:  294 09:26:49  -111039.320312        0.191221
FIRE:  295 09:26:49  -111039.304688        0.177368
FIRE:  296 09:26:49  -111039.320312        0.150807
FIRE:  297 09:26:49  -111039.320312        0.113921
FIRE:  298 09:26:49  -111039.320312        0.070270
FIRE:  299 09:26:49  -111039.296875        0.069337
FIRE:  300 09:26:49  -111039.320312        0.069343
FIRE:  301 09:26:49  -111039.320312        0.083794
FIRE:  302 09:26:49  -111039.312500        0.107351
FIRE:  303 09:26:49  -111039.320312        0.114151
FIRE:  304 09:26:49  -111039.320312        0.099787
FIRE:  305 09:26:49  -111039.328125        0.069391
FIRE:  306 09:26:49  -111039.320312        0.069401
FIRE:  307 09:26:49  -111039.328125        0.069688
FIRE:  308 09:26:49  -111039.320312        0.092068
FIRE:  309 09:26:49  -111039.335938        0.069926
FIRE:  310 09:26:50  -111039.312500        0.069342
FIRE:  311 09:26:50  -111039.328125        0.078078
FIRE:  312 09:26:50  -111039.335938        0.069168
FIRE:  313 09:26:50  -111039.335938        0.069027
FIRE:  314 09:26:50  -111039.359375        0.076584
FIRE:  315 09:26:50  -111039.343750        0.068581
FIRE:  316 09:26:50  -111039.367188        0.070687
FIRE:  317 09:26:50  -111039.367188        0.074647
FIRE:  318 09:26:50  -111039.375000        0.067668
FIRE:  319 09:26:50  -111039.390625        0.067346
FIRE:  320 09:26:50  -111039.406250        0.066909
FIRE:  321 09:26:50  -111039.453125        0.209436
FIRE:  322 09:26:50  -111039.468750        0.698655
FIRE:  323 09:26:50  -111039.476562        0.066991
FIRE:  324 09:26:50  -111039.468750        0.065521
FIRE:  325 09:26:50  -111039.476562        0.065522
FIRE:  326 09:26:50  -111039.476562        0.065522
FIRE:  327 09:26:51  -111039.476562        0.065521
FIRE:  328 09:26:51  -111039.484375        0.065516
FIRE:  329 09:26:51  -111039.484375        0.065507
FIRE:  330 09:26:51  -111039.476562        0.065492
FIRE:  331 09:26:51  -111039.476562        0.065469
FIRE:  332 09:26:51  -111039.476562        0.065434
FIRE:  333 09:26:51  -111039.476562        0.065387
FIRE:  334 09:26:51  -111039.492188        0.065320
FIRE:  335 09:26:51  -111039.484375        0.065228
FIRE:  336 09:26:51  -111039.500000        0.065098
FIRE:  337 09:26:51  -111039.500000        0.064926
FIRE:  338 09:26:51  -111039.500000        0.064717
FIRE:  339 09:26:51  -111039.523438        0.064478
FIRE:  340 09:26:51  -111039.523438        0.064206
FIRE:  341 09:26:51  -111039.546875        0.063897
FIRE:  342 09:26:51  -111039.546875        0.063543
FIRE:  343 09:26:51  -111039.578125        0.096512
FIRE:  344 09:26:52  -111039.578125        0.347876
FIRE:  345 09:26:52  -111039.578125        1.207003
FIRE:  346 09:26:52  -111039.617188        0.225802
FIRE:  347 09:26:52  -111039.625000        0.163575
FIRE:  348 09:26:52  -111039.617188        0.061769
FIRE:  349 09:26:52  -111039.625000        0.077825
FIRE:  350 09:26:52  -111039.625000        0.153259
FIRE:  351 09:26:52  -111039.625000        0.168262
FIRE:  352 09:26:52  -111039.625000        0.122771
FIRE:  353 09:26:52  -111039.625000        0.061834
FIRE:  354 09:26:52  -111039.632812        0.087569
FIRE:  355 09:26:52  -111039.625000        0.134918
FIRE:  356 09:26:52  -111039.625000        0.090933
FIRE:  357 09:26:52  -111039.625000        0.061731
FIRE:  358 09:26:52  -111039.640625        0.120902
FIRE:  359 09:26:52  -111039.632812        0.061523
FIRE:  360 09:26:52  -111039.640625        0.115338
FIRE:  361 09:26:53  -111039.648438        0.061118
FIRE:  362 09:26:53  -111039.656250        0.133869
FIRE:  363 09:26:53  -111039.671875        0.094572
FIRE:  364 09:26:53  -111039.671875        0.060320
FIRE:  365 09:26:53  -111039.695312        0.060027
FIRE:  366 09:26:53  -111039.703125        0.156138
FIRE:  367 09:26:53  -111039.718750        0.565784
FIRE:  368 09:26:53  -111039.664062        1.859606
FIRE:  369 09:26:53  -111039.734375        0.415008
FIRE:  370 09:26:53  -111039.742188        0.281484
FIRE:  371 09:26:53  -111039.742188        0.067198
FIRE:  372 09:26:53  -111039.757812        0.175562
FIRE:  373 09:26:53  -111039.757812        0.162211
FIRE:  374 09:26:53  -111039.750000        0.136550
FIRE:  375 09:26:53  -111039.742188        0.100898
FIRE:  376 09:26:53  -111039.742188        0.058783
FIRE:  377 09:26:54  -111039.750000        0.058380
FIRE:  378 09:26:54  -111039.750000        0.058391
FIRE:  379 09:26:54  -111039.750000        0.067980
FIRE:  380 09:26:54  -111039.742188        0.088987
FIRE:  381 09:26:54  -111039.742188        0.094541
FIRE:  382 09:26:54  -111039.750000        0.080400
FIRE:  383 09:26:54  -111039.742188        0.058461
FIRE:  384 09:26:54  -111039.742188        0.058474
FIRE:  385 09:26:54  -111039.750000        0.060039
FIRE:  386 09:26:54  -111039.750000        0.079427
FIRE:  387 09:26:54  -111039.750000        0.058477
FIRE:  388 09:26:54  -111039.750000        0.058448
FIRE:  389 09:26:54  -111039.750000        0.063694
FIRE:  390 09:26:54  -111039.757812        0.058298
FIRE:  391 09:26:54  -111039.765625        0.058166
FIRE:  392 09:26:54  -111039.765625        0.063568
FIRE:  393 09:26:54  -111039.773438        0.057790
FIRE:  394 09:26:55  -111039.773438        0.057555
FIRE:  395 09:26:55  -111039.789062        0.067801
FIRE:  396 09:26:55  -111039.789062        0.057060
FIRE:  397 09:26:55  -111039.804688        0.056790
FIRE:  398 09:26:55  -111039.820312        0.056454
FIRE:  399 09:26:55  -111039.835938        0.105967
FIRE:  400 09:26:55  -111039.859375        0.442800
FIRE:  401 09:26:55  -111039.804688        1.602388
FIRE:  402 09:26:55  -111039.882812        0.457705
FIRE:  403 09:26:55  -111039.875000        0.308812
FIRE:  404 09:26:55  -111039.875000        0.063022
FIRE:  405 09:26:55  -111039.882812        0.197804
FIRE:  406 09:26:55  -111039.875000        0.181950
FIRE:  407 09:26:55  -111039.882812        0.151593
FIRE:  408 09:26:55  -111039.875000        0.109407
FIRE:  409 09:26:55  -111039.882812        0.060915
FIRE:  410 09:26:55  -111039.875000        0.054358
FIRE:  411 09:26:56  -111039.882812        0.055763
FIRE:  412 09:26:56  -111039.882812        0.091794
FIRE:  413 09:26:56  -111039.890625        0.114737
FIRE:  414 09:26:56  -111039.890625        0.118735
FIRE:  415 09:26:56  -111039.882812        0.099587
FIRE:  416 09:26:56  -111039.890625        0.057380
FIRE:  417 09:26:56  -111039.890625        0.054470
FIRE:  418 09:26:56  -111039.882812        0.068367
FIRE:  419 09:26:56  -111039.890625        0.088689
FIRE:  420 09:26:56  -111039.882812        0.061088
FIRE:  421 09:26:56  -111039.898438        0.054447
FIRE:  422 09:26:56  -111039.898438        0.081786
FIRE:  423 09:26:56  -111039.890625        0.064777
FIRE:  424 09:26:56  -111039.906250        0.054168
FIRE:  425 09:26:56  -111039.898438        0.069587
FIRE:  426 09:26:56  -111039.914062        0.053797
FIRE:  427 09:26:56  -111039.906250        0.066136
FIRE:  428 09:26:57  -111039.921875        0.072607
FIRE:  429 09:26:57  -111039.929688        0.053131
FIRE:  430 09:26:57  -111039.937500        0.052897
FIRE:  431 09:26:57  -111039.953125        0.052608
FIRE:  432 09:26:57  -111039.960938        0.135591
FIRE:  433 09:26:57  -111039.984375        0.491903
FIRE:  434 09:26:57  -111039.992188        0.065473
FIRE:  435 09:26:57  -111039.992188        0.051524
FIRE:  436 09:26:57  -111039.984375        0.051526
FIRE:  437 09:26:57  -111039.984375        0.051528
FIRE:  438 09:26:57  -111039.984375        0.051530
FIRE:  439 09:26:57  -111039.992188        0.051529
FIRE:  440 09:26:57  -111039.992188        0.051525
FIRE:  441 09:26:57  -111039.992188        0.051517
FIRE:  442 09:26:57  -111039.984375        0.051504
FIRE:  443 09:26:57  -111039.984375        0.051481
FIRE:  444 09:26:57  -111039.992188        0.051447
FIRE:  445 09:26:58  -111039.992188        0.051398
FIRE:  446 09:26:58  -111039.992188        0.051329
FIRE:  447 09:26:58  -111040.000000        0.051231
FIRE:  448 09:26:58  -111040.007812        0.051103
FIRE:  449 09:26:58  -111040.015625        0.050945
FIRE:  450 09:26:58  -111040.007812        0.050762
FIRE:  451 09:26:58  -111040.015625        0.050552
FIRE:  452 09:26:58  -111040.031250        0.053348
FIRE:  453 09:26:58  -111040.015625        0.084936
FIRE:  454 09:26:58  -111040.023438        0.193583
FIRE:  455 09:26:58  -111040.054688        0.538074
FIRE:  456 09:26:58  -111040.062500        0.049202
