      Step     Time          Energy          fmax
FIRE:    0 09:34:47  -102746.531250        5.012464
FIRE:    1 09:34:48  -102747.156250        3.536538
FIRE:    2 09:34:50  -102747.773438        2.234894
FIRE:    3 09:34:50  -102748.179688        1.458651
FIRE:    4 09:34:50  -102748.343750        1.065922
FIRE:    5 09:34:52  -102748.359375        1.370413
FIRE:    6 09:34:52  -102748.359375        1.351989
FIRE:    7 09:34:52  -102748.421875        1.316667
FIRE:    8 09:34:52  -102748.460938        1.265067
FIRE:    9 09:34:52  -102748.492188        1.193498
FIRE:   10 09:34:52  -102748.562500        1.095152
FIRE:   11 09:34:52  -102748.625000        0.965387
FIRE:   12 09:34:52  -102748.679688        0.803851
FIRE:   13 09:34:52  -102748.734375        0.589802
FIRE:   14 09:34:52  -102748.789062        0.326407
FIRE:   15 09:34:52  -102748.820312        0.400373
FIRE:   16 09:34:52  -102748.875000        0.453469
FIRE:   17 09:34:52  -102748.882812        0.661724
FIRE:   18 09:34:52  -102748.953125        0.782183
FIRE:   19 09:34:52  -102749.007812        0.718235
FIRE:   20 09:34:52  -102749.117188        0.480132
FIRE:   21 09:34:52  -102749.187500        0.327623
FIRE:   22 09:34:52  -102749.296875        0.249627
FIRE:   23 09:34:52  -102749.343750        0.439261
FIRE:   24 09:34:52  -102749.453125        0.549887
FIRE:   25 09:34:52  -102749.515625        0.449334
FIRE:   26 09:34:53  -102749.601562        0.441934
FIRE:   27 09:34:53  -102749.656250        0.588535
FIRE:   28 09:34:53  -102749.679688        0.237251
FIRE:   29 09:34:53  -102749.656250        0.548983
FIRE:   30 09:34:53  -102749.671875        0.424756
FIRE:   31 09:34:53  -102749.679688        0.239213
FIRE:   32 09:34:53  -102749.687500        0.205598
FIRE:   33 09:34:53  -102749.710938        0.269287
FIRE:   34 09:34:53  -102749.687500        0.253967
FIRE:   35 09:34:53  -102749.695312        0.224324
FIRE:   36 09:34:53  -102749.695312        0.191121
FIRE:   37 09:34:53  -102749.687500        0.189653
FIRE:   38 09:34:53  -102749.710938        0.189025
FIRE:   39 09:34:53  -102749.695312        0.189412
FIRE:   40 09:34:53  -102749.718750        0.190527
FIRE:   41 09:34:53  -102749.703125        0.191758
FIRE:   42 09:34:53  -102749.687500        0.192055
FIRE:   43 09:34:53  -102749.710938        0.190032
FIRE:   44 09:34:53  -102749.718750        0.184482
FIRE:   45 09:34:53  -102749.679688        0.174935
FIRE:   46 09:34:54  -102749.718750        0.162608
FIRE:   47 09:34:54  -102749.726562        0.150655
FIRE:   48 09:34:54  -102749.726562        0.141109
FIRE:   49 09:34:54  -102749.765625        0.132181
FIRE:   50 09:34:54  -102749.742188        0.123047
FIRE:   51 09:34:54  -102749.757812        0.118464
FIRE:   52 09:34:54  -102749.765625        0.114080
FIRE:   53 09:34:54  -102749.789062        0.103250
FIRE:   54 09:34:54  -102749.796875        0.101416
FIRE:   55 09:34:54  -102749.812500        0.095232
FIRE:   56 09:34:54  -102749.835938        0.114254
FIRE:   57 09:34:54  -102749.851562        0.079930
FIRE:   58 09:34:54  -102749.882812        0.096194
FIRE:   59 09:34:54  -102749.929688        0.155075
FIRE:   60 09:34:54  -102749.937500        0.200847
FIRE:   61 09:34:54  -102749.992188        0.406665
FIRE:   62 09:34:54  -102750.007812        0.838342
FIRE:   63 09:34:54  -102750.031250        0.097811
FIRE:   64 09:34:54  -102750.015625        0.779124
FIRE:   65 09:34:55  -102750.000000        0.590889
FIRE:   66 09:34:55  -102750.039062        0.264053
FIRE:   67 09:34:55  -102750.046875        0.146581
FIRE:   68 09:34:55  -102750.039062        0.137561
FIRE:   69 09:34:55  -102750.031250        0.120154
FIRE:   70 09:34:55  -102750.031250        0.095460
FIRE:   71 09:34:55  -102750.023438        0.086858
FIRE:   72 09:34:55  -102750.031250        0.086110
FIRE:   73 09:34:55  -102750.031250        0.085266
FIRE:   74 09:34:55  -102750.007812        0.084367
FIRE:   75 09:34:55  -102750.023438        0.083342
FIRE:   76 09:34:55  -102750.046875        0.082227
FIRE:   77 09:34:55  -102750.070312        0.082653
FIRE:   78 09:34:55  -102750.039062        0.079874
FIRE:   79 09:34:55  -102750.062500        0.078724
FIRE:   80 09:34:55  -102750.046875        0.077631
FIRE:   81 09:34:55  -102750.062500        0.076529
FIRE:   82 09:34:55  -102750.070312        0.075272
FIRE:   83 09:34:55  -102750.039062        0.073677
FIRE:   84 09:34:55  -102750.070312        0.071734
FIRE:   85 09:34:56  -102750.046875        0.069871
FIRE:   86 09:34:56  -102750.070312        0.068783
FIRE:   87 09:34:56  -102750.078125        0.068759
FIRE:   88 09:34:56  -102750.085938        0.068916
FIRE:   89 09:34:56  -102750.117188        0.067595
FIRE:   90 09:34:56  -102750.125000        0.066419
FIRE:   91 09:34:56  -102750.125000        0.065818
FIRE:   92 09:34:56  -102750.132812        0.062970
FIRE:   93 09:34:56  -102750.164062        0.061689
FIRE:   94 09:34:56  -102750.187500        0.114699
FIRE:   95 09:34:56  -102750.210938        0.300150
FIRE:   96 09:34:56  -102750.218750        0.778508
FIRE:   97 09:34:56  -102750.234375        0.052612
FIRE:   98 09:34:56  -102750.242188        0.052457
FIRE:   99 09:34:56  -102750.250000        0.052143
FIRE:  100 09:34:56  -102750.250000        0.051748
FIRE:  101 09:34:56  -102750.265625        0.051359
FIRE:  102 09:34:56  -102750.242188        0.051025
FIRE:  103 09:34:56  -102750.265625        0.050808
FIRE:  104 09:34:57  -102750.250000        0.050724
FIRE:  105 09:34:57  -102750.250000        0.050970
FIRE:  106 09:34:57  -102750.265625        0.051158
FIRE:  107 09:34:57  -102750.289062        0.051327
FIRE:  108 09:34:57  -102750.265625        0.051390
FIRE:  109 09:34:57  -102750.273438        0.051193
FIRE:  110 09:34:57  -102750.289062        0.051270
FIRE:  111 09:34:57  -102750.273438        0.051887
FIRE:  112 09:34:57  -102750.281250        0.051893
FIRE:  113 09:34:57  -102750.289062        0.051432
FIRE:  114 09:34:57  -102750.320312        0.051202
FIRE:  115 09:34:59  -102750.335938        0.051238
FIRE:  116 09:34:59  -102750.335938        0.050082
FIRE:  117 09:34:59  -102750.351562        0.099034
FIRE:  118 09:34:59  -102750.382812        0.390483
FIRE:  119 09:34:59  -102750.351562        1.241267
FIRE:  120 09:34:59  -102750.406250        0.171066
FIRE:  121 09:34:59  -102750.406250        0.122490
FIRE:  122 09:34:59  -102750.398438        0.064533
FIRE:  123 09:34:59  -102750.398438        0.064036
FIRE:  124 09:34:59  -102750.414062        0.105730
FIRE:  125 09:34:59  -102750.406250        0.115813
FIRE:  126 09:34:59  -102750.414062        0.079181
FIRE:  127 09:34:59  -102750.414062        0.061113
FIRE:  128 09:34:59  -102750.406250        0.067346
FIRE:  129 09:34:59  -102750.398438        0.100330
FIRE:  130 09:34:59  -102750.421875        0.062247
FIRE:  131 09:34:59  -102750.414062        0.056427
FIRE:  132 09:35:00  -102750.421875        0.080879
FIRE:  133 09:35:00  -102750.414062        0.055678
FIRE:  134 09:35:00  -102750.414062        0.089253
FIRE:  135 09:35:00  -102750.429688        0.055157
FIRE:  136 09:35:00  -102750.445312        0.086720
FIRE:  137 09:35:00  -102750.453125        0.087113
FIRE:  138 09:35:00  -102750.460938        0.054103
FIRE:  139 09:35:00  -102750.476562        0.055008
FIRE:  140 09:35:00  -102750.492188        0.130597
FIRE:  141 09:35:00  -102750.484375        0.489153
FIRE:  142 09:35:00  -102750.460938        1.603740
FIRE:  143 09:35:00  -102750.523438        0.286313
FIRE:  144 09:35:00  -102750.523438        0.196900
FIRE:  145 09:35:00  -102750.515625        0.050617
FIRE:  146 09:35:00  -102750.515625        0.105266
FIRE:  147 09:35:00  -102750.515625        0.096559
FIRE:  148 09:35:00  -102750.515625        0.079935
FIRE:  149 09:35:00  -102750.515625        0.056757
FIRE:  150 09:35:00  -102750.523438        0.050412
FIRE:  151 09:35:01  -102750.523438        0.050421
FIRE:  152 09:35:01  -102750.523438        0.050426
FIRE:  153 09:35:01  -102750.515625        0.050436
FIRE:  154 09:35:01  -102750.515625        0.061866
FIRE:  155 09:35:01  -102750.515625        0.065245
FIRE:  156 09:35:01  -102750.523438        0.055036
FIRE:  157 09:35:01  -102750.507812        0.050420
FIRE:  158 09:35:01  -102750.523438        0.050404
FIRE:  159 09:35:01  -102750.523438        0.050368
FIRE:  160 09:35:01  -102750.523438        0.050316
FIRE:  161 09:35:01  -102750.523438        0.050235
FIRE:  162 09:35:01  -102750.531250        0.050107
FIRE:  163 09:35:01  -102750.531250        0.049913
