      Step     Time          Energy          fmax
FIRE:    0 11:25:17  -161689.656250        2.136294
FIRE:    1 11:25:17  -161690.109375        1.404072
FIRE:    2 11:25:20  -161689.953125        0.949852
FIRE:    3 11:25:20  -161690.578125        1.025450
FIRE:    4 11:25:21  -161690.718750        0.823054
FIRE:    5 11:25:21  -161690.718750        0.800364
FIRE:    6 11:25:21  -161690.718750        0.926861
FIRE:    7 11:25:21  -161691.265625        0.615162
FIRE:    8 11:25:23  -161691.390625        0.606404
FIRE:    9 11:25:23  -161691.421875        0.905097
FIRE:   10 11:25:23  -161691.640625        0.570884
FIRE:   11 11:25:23  -161691.843750        0.645856
FIRE:   12 11:25:23  -161691.984375        0.442223
FIRE:   13 11:25:23  -161692.171875        0.512797
FIRE:   14 11:25:23  -161692.265625        0.375908
FIRE:   15 11:25:23  -161692.375000        0.393064
FIRE:   16 11:25:23  -161692.500000        0.384393
FIRE:   17 11:25:23  -161692.562500        0.532885
FIRE:   18 11:25:23  -161692.593750        0.356944
FIRE:   19 11:25:23  -161692.609375        0.221552
FIRE:   20 11:25:23  -161692.609375        0.157780
FIRE:   21 11:25:23  -161692.625000        0.280015
FIRE:   22 11:25:23  -161692.625000        0.313475
FIRE:   23 11:25:24  -161692.640625        0.199238
FIRE:   24 11:25:24  -161692.656250        0.167193
FIRE:   25 11:25:24  -161692.671875        0.226644
FIRE:   26 11:25:24  -161692.718750        0.200324
FIRE:   27 11:25:24  -161692.796875        0.150492
FIRE:   28 11:25:24  -161692.812500        0.226917
FIRE:   29 11:25:24  -161692.843750        0.151666
FIRE:   30 11:25:24  -161692.859375        0.212459
FIRE:   31 11:25:24  -161692.890625        0.150040
FIRE:   32 11:25:24  -161692.937500        0.247988
FIRE:   33 11:25:24  -161692.984375        0.218081
FIRE:   34 11:25:24  -161692.937500        0.178650
FIRE:   35 11:25:24  -161693.000000        0.203533
FIRE:   36 11:25:24  -161693.078125        0.453033
FIRE:   37 11:25:24  -161693.078125        1.618400
FIRE:   38 11:25:24  -161693.156250        0.138890
FIRE:   39 11:25:24  -161693.109375        1.683285
FIRE:   40 11:25:24  -161693.140625        1.136783
FIRE:   41 11:25:24  -161693.140625        0.282065
FIRE:   42 11:25:25  -161693.265625        0.559296
FIRE:   43 11:25:25  -161693.171875        0.524552
FIRE:   44 11:25:25  -161693.140625        0.456979
FIRE:   45 11:25:25  -161693.140625        0.360624
FIRE:   46 11:25:25  -161693.140625        0.241949
FIRE:   47 11:25:25  -161693.140625        0.123778
FIRE:   48 11:25:25  -161693.250000        0.117458
FIRE:   49 11:25:25  -161693.140625        0.162209
FIRE:   50 11:25:25  -161693.171875        0.239949
FIRE:   51 11:25:25  -161693.140625        0.281573
FIRE:   52 11:25:25  -161693.187500        0.273196
FIRE:   53 11:25:25  -161693.265625        0.207241
FIRE:   54 11:25:25  -161693.250000        0.119422
FIRE:   55 11:25:25  -161693.187500        0.126712
FIRE:   56 11:25:25  -161693.296875        0.236093
FIRE:   57 11:25:25  -161693.187500        0.246208
FIRE:   58 11:25:25  -161693.171875        0.131391
FIRE:   59 11:25:25  -161693.218750        0.126422
FIRE:   60 11:25:25  -161693.312500        0.203759
FIRE:   61 11:25:25  -161693.218750        0.133293
FIRE:   62 11:25:25  -161693.343750        0.187058
FIRE:   63 11:25:26  -161693.265625        0.158051
FIRE:   64 11:25:26  -161693.312500        0.165076
FIRE:   65 11:25:26  -161693.343750        0.159507
FIRE:   66 11:25:26  -161693.343750        0.250480
FIRE:   67 11:25:26  -161693.515625        0.237205
FIRE:   68 11:25:26  -161693.437500        0.302445
FIRE:   69 11:25:26  -161693.625000        0.513573
FIRE:   70 11:25:26  -161693.656250        1.358093
FIRE:   71 11:25:26  -161693.625000        4.447078
FIRE:   72 11:25:26  -161693.781250        1.382202
FIRE:   73 11:25:26  -161693.781250        1.047675
FIRE:   74 11:25:26  -161693.796875        0.426264
FIRE:   75 11:25:26  -161693.781250        0.359865
FIRE:   76 11:25:26  -161693.796875        0.332261
FIRE:   77 11:25:26  -161693.765625        0.279418
FIRE:   78 11:25:26  -161693.796875        0.206200
FIRE:   79 11:25:26  -161693.781250        0.130911
FIRE:   80 11:25:26  -161693.796875        0.130624
FIRE:   81 11:25:26  -161693.812500        0.130295
FIRE:   82 11:25:26  -161693.781250        0.138247
FIRE:   83 11:25:27  -161693.796875        0.191438
FIRE:   84 11:25:27  -161693.796875        0.215643
FIRE:   85 11:25:27  -161693.781250        0.200652
FIRE:   86 11:25:27  -161693.812500        0.141676
FIRE:   87 11:25:27  -161693.812500        0.126931
FIRE:   88 11:25:27  -161693.828125        0.125833
FIRE:   89 11:25:27  -161693.812500        0.154799
FIRE:   90 11:25:27  -161693.812500        0.136769
FIRE:   91 11:25:27  -161693.828125        0.119629
FIRE:   92 11:25:27  -161693.843750        0.130046
FIRE:   93 11:25:27  -161693.859375        0.149819
FIRE:   94 11:25:27  -161693.875000        0.111412
FIRE:   95 11:25:27  -161693.890625        0.136099
FIRE:   96 11:25:27  -161693.906250        0.108869
FIRE:   97 11:25:27  -161693.906250        0.154352
FIRE:   98 11:25:27  -161693.953125        0.106981
FIRE:   99 11:25:27  -161693.890625        0.104235
FIRE:  100 11:25:27  -161693.859375        0.192294
FIRE:  101 11:25:27  -161693.968750        0.378922
FIRE:  102 11:25:28  -161694.078125        0.922189
FIRE:  103 11:25:28  -161693.984375        2.300623
FIRE:  104 11:25:28  -161694.062500        0.218734
FIRE:  105 11:25:28  -161694.031250        0.170799
FIRE:  106 11:25:28  -161694.031250        0.093285
FIRE:  107 11:25:28  -161694.031250        0.094653
FIRE:  108 11:25:28  -161694.031250        0.110002
FIRE:  109 11:25:28  -161694.046875        0.144349
FIRE:  110 11:25:28  -161693.937500        0.129692
FIRE:  111 11:25:28  -161694.062500        0.096043
FIRE:  112 11:25:28  -161694.046875        0.094933
FIRE:  113 11:25:28  -161694.046875        0.121044
FIRE:  114 11:25:28  -161694.046875        0.117677
FIRE:  115 11:25:28  -161693.968750        0.093342
FIRE:  116 11:25:28  -161694.062500        0.094048
FIRE:  117 11:25:28  -161694.109375        0.093528
FIRE:  118 11:25:28  -161694.078125        0.090956
FIRE:  119 11:25:28  -161694.125000        0.090510
FIRE:  120 11:25:28  -161694.140625        0.089590
FIRE:  121 11:25:29  -161694.156250        0.087412
FIRE:  122 11:25:29  -161694.156250        0.096043
FIRE:  123 11:25:29  -161694.187500        0.176154
FIRE:  124 11:25:29  -161694.234375        0.446594
FIRE:  125 11:25:29  -161694.265625        1.105715
FIRE:  126 11:25:29  -161694.187500        2.582638
FIRE:  127 11:25:29  -161694.250000        0.294871
FIRE:  128 11:25:29  -161694.250000        3.087060
FIRE:  129 11:25:29  -161694.234375        2.030477
FIRE:  130 11:25:29  -161694.250000        0.478313
FIRE:  131 11:25:29  -161694.250000        0.966265
FIRE:  132 11:25:29  -161694.250000        0.909123
FIRE:  133 11:25:29  -161694.312500        0.797150
FIRE:  134 11:25:29  -161694.312500        0.635183
FIRE:  135 11:25:29  -161694.250000        0.431064
FIRE:  136 11:25:29  -161694.250000        0.196876
FIRE:  137 11:25:29  -161694.312500        0.069459
FIRE:  138 11:25:29  -161694.312500        0.267563
FIRE:  139 11:25:29  -161694.250000        0.262847
FIRE:  140 11:25:29  -161694.250000        0.253542
FIRE:  141 11:25:29  -161694.250000        0.239793
FIRE:  142 11:25:30  -161694.234375        0.221921
FIRE:  143 11:25:30  -161694.250000        0.200296
FIRE:  144 11:25:30  -161694.312500        0.175400
FIRE:  145 11:25:30  -161694.250000        0.147868
FIRE:  146 11:25:30  -161694.250000        0.115188
FIRE:  147 11:25:30  -161694.250000        0.078892
FIRE:  148 11:25:30  -161694.312500        0.069371
FIRE:  149 11:25:30  -161694.296875        0.069266
FIRE:  150 11:25:30  -161694.250000        0.069121
FIRE:  151 11:25:30  -161694.312500        0.094373
FIRE:  152 11:25:30  -161694.312500        0.123480
FIRE:  153 11:25:30  -161694.312500        0.137589
FIRE:  154 11:25:30  -161694.312500        0.131771
FIRE:  155 11:25:30  -161694.328125        0.103003
FIRE:  156 11:25:30  -161694.328125        0.068635
FIRE:  157 11:25:30  -161694.265625        0.068798
FIRE:  158 11:25:30  -161694.265625        0.080793
FIRE:  159 11:25:30  -161694.328125        0.100814
FIRE:  160 11:25:30  -161694.265625        0.076297
FIRE:  161 11:25:30  -161694.328125        0.069568
FIRE:  162 11:25:31  -161694.281250        0.087375
FIRE:  163 11:25:31  -161694.343750        0.094418
FIRE:  164 11:25:31  -161694.281250        0.070774
FIRE:  165 11:25:31  -161694.312500        0.084083
FIRE:  166 11:25:31  -161694.343750        0.071949
FIRE:  167 11:25:31  -161694.312500        0.091471
FIRE:  168 11:25:31  -161694.328125        0.073630
FIRE:  169 11:25:31  -161694.343750        0.090403
FIRE:  170 11:25:31  -161694.359375        0.121966
FIRE:  171 11:25:31  -161694.437500        0.120290
FIRE:  172 11:25:31  -161694.390625        0.242155
FIRE:  173 11:25:31  -161694.453125        0.624543
FIRE:  174 11:25:31  -161694.500000        1.650382
FIRE:  175 11:25:31  -161694.500000        0.118151
FIRE:  176 11:25:31  -161694.515625        1.751770
FIRE:  177 11:25:31  -161694.515625        1.214961
FIRE:  178 11:25:31  -161694.515625        0.365982
FIRE:  179 11:25:31  -161694.515625        0.497820
FIRE:  180 11:25:31  -161694.515625        0.467499
FIRE:  181 11:25:31  -161694.421875        0.408467
FIRE:  182 11:25:32  -161694.531250        0.324069
FIRE:  183 11:25:32  -161694.531250        0.219500
FIRE:  184 11:25:32  -161694.515625        0.110710
FIRE:  185 11:25:32  -161694.531250        0.108443
FIRE:  186 11:25:32  -161694.531250        0.122248
FIRE:  187 11:25:32  -161694.531250        0.207171
FIRE:  188 11:25:32  -161694.531250        0.257565
FIRE:  189 11:25:32  -161694.515625        0.259788
FIRE:  190 11:25:32  -161694.515625        0.204672
FIRE:  191 11:25:32  -161694.531250        0.100952
FIRE:  192 11:25:32  -161694.531250        0.086282
FIRE:  193 11:25:32  -161694.531250        0.176840
FIRE:  194 11:25:32  -161694.546875        0.218834
FIRE:  195 11:25:32  -161694.515625        0.145186
FIRE:  196 11:25:32  -161694.406250        0.087694
FIRE:  197 11:25:32  -161694.546875        0.167514
FIRE:  198 11:25:32  -161694.546875        0.125718
FIRE:  199 11:25:32  -161694.578125        0.091031
FIRE:  200 11:25:32  -161694.500000        0.172479
FIRE:  201 11:25:32  -161694.562500        0.092729
FIRE:  202 11:25:33  -161694.578125        0.138877
FIRE:  203 11:25:33  -161694.593750        0.158582
FIRE:  204 11:25:33  -161694.640625        0.099645
FIRE:  205 11:25:33  -161694.625000        0.103210
FIRE:  206 11:25:33  -161694.640625        0.273523
FIRE:  207 11:25:33  -161694.531250        0.773169
FIRE:  208 11:25:33  -161694.656250        1.980499
FIRE:  209 11:25:33  -161694.687500        0.121187
FIRE:  210 11:25:33  -161694.640625        2.237803
FIRE:  211 11:25:33  -161694.671875        1.503484
FIRE:  212 11:25:33  -161694.687500        0.381279
FIRE:  213 11:25:33  -161694.687500        0.711075
FIRE:  214 11:25:33  -161694.671875        0.666946
FIRE:  215 11:25:33  -161694.687500        0.580810
FIRE:  216 11:25:33  -161694.703125        0.457068
FIRE:  217 11:25:33  -161694.703125        0.302676
FIRE:  218 11:25:33  -161694.687500        0.128183
FIRE:  219 11:25:33  -161694.734375        0.122969
FIRE:  220 11:25:33  -161694.734375        0.206818
FIRE:  221 11:25:33  -161694.687500        0.203137
FIRE:  222 11:25:33  -161694.703125        0.195861
FIRE:  223 11:25:33  -161694.703125        0.185140
FIRE:  224 11:25:33  -161694.703125        0.171193
FIRE:  225 11:25:34  -161694.703125        0.154318
FIRE:  226 11:25:34  -161694.640625        0.134942
FIRE:  227 11:25:34  -161694.703125        0.123203
FIRE:  228 11:25:34  -161694.703125        0.123257
FIRE:  229 11:25:34  -161694.703125        0.123329
FIRE:  230 11:25:34  -161694.687500        0.123419
FIRE:  231 11:25:34  -161694.718750        0.123524
FIRE:  232 11:25:34  -161694.703125        0.123651
FIRE:  233 11:25:34  -161694.718750        0.123802
FIRE:  234 11:25:34  -161694.687500        0.123977
FIRE:  235 11:25:34  -161694.703125        0.124169
FIRE:  236 11:25:34  -161694.718750        0.124399
FIRE:  237 11:25:34  -161694.718750        0.124655
FIRE:  238 11:25:34  -161694.703125        0.124955
FIRE:  239 11:25:34  -161694.671875        0.125328
FIRE:  240 11:25:34  -161694.671875        0.125781
FIRE:  241 11:25:34  -161694.562500        0.122416
FIRE:  242 11:25:34  -161694.671875        0.117414
FIRE:  243 11:25:34  -161694.578125        0.112468
FIRE:  244 11:25:34  -161694.578125        0.108268
FIRE:  245 11:25:34  -161694.718750        0.105401
FIRE:  246 11:25:34  -161694.656250        0.104237
FIRE:  247 11:25:35  -161694.812500        0.104946
FIRE:  248 11:25:35  -161694.828125        0.107504
FIRE:  249 11:25:35  -161694.828125        0.111734
FIRE:  250 11:25:35  -161694.843750        0.117160
FIRE:  251 11:25:35  -161694.734375        0.123114
FIRE:  252 11:25:35  -161694.750000        0.128604
FIRE:  253 11:25:35  -161694.796875        0.132846
FIRE:  254 11:25:35  -161694.812500        0.219559
FIRE:  255 11:25:35  -161694.843750        0.574440
FIRE:  256 11:25:35  -161694.828125        1.554331
FIRE:  257 11:25:35  -161694.843750        0.125149
FIRE:  258 11:25:35  -161694.828125        1.649934
FIRE:  259 11:25:35  -161694.843750        1.140953
FIRE:  260 11:25:35  -161694.843750        0.334852
FIRE:  261 11:25:35  -161694.843750        0.485235
FIRE:  262 11:25:35  -161694.843750        0.454900
FIRE:  263 11:25:35  -161694.875000        0.395864
FIRE:  264 11:25:35  -161694.968750        0.311535
FIRE:  265 11:25:35  -161694.843750        0.207204
FIRE:  266 11:25:36  -161694.843750        0.123786
FIRE:  267 11:25:36  -161694.843750        0.124188
FIRE:  268 11:25:36  -161694.750000        0.130701
FIRE:  269 11:25:36  -161694.843750        0.212751
FIRE:  270 11:25:36  -161694.796875        0.259854
FIRE:  271 11:25:36  -161694.890625        0.258924
FIRE:  272 11:25:36  -161694.890625        0.201326
FIRE:  273 11:25:36  -161694.859375        0.122830
FIRE:  274 11:25:36  -161694.765625        0.121704
FIRE:  275 11:25:36  -161694.796875        0.174852
FIRE:  276 11:25:36  -161694.859375        0.211235
FIRE:  277 11:25:36  -161694.890625        0.132874
FIRE:  278 11:25:36  -161694.890625        0.118760
FIRE:  279 11:25:36  -161694.906250        0.171882
FIRE:  280 11:25:36  -161694.906250        0.117825
FIRE:  281 11:25:36  -161694.812500        0.111318
FIRE:  282 11:25:36  -161694.796875        0.161974
FIRE:  283 11:25:36  -161694.906250        0.106401
FIRE:  284 11:25:37  -161694.906250        0.127095
FIRE:  285 11:25:37  -161694.906250        0.173742
FIRE:  286 11:25:37  -161694.953125        0.103615
FIRE:  287 11:25:37  -161694.937500        0.099782
FIRE:  288 11:25:37  -161694.984375        0.098318
FIRE:  289 11:25:37  -161695.015625        0.346856
FIRE:  290 11:25:37  -161695.015625        1.237876
FIRE:  291 11:25:37  -161695.031250        0.070324
FIRE:  292 11:25:37  -161694.968750        0.070068
FIRE:  293 11:25:37  -161695.031250        0.070174
FIRE:  294 11:25:37  -161695.046875        0.070996
FIRE:  295 11:25:37  -161695.031250        0.071908
FIRE:  296 11:25:37  -161695.031250        0.071840
FIRE:  297 11:25:37  -161695.031250        0.070599
FIRE:  298 11:25:37  -161695.031250        0.069122
FIRE:  299 11:25:37  -161695.031250        0.068257
FIRE:  300 11:25:37  -161694.984375        0.067783
FIRE:  301 11:25:37  -161694.984375        0.066895
FIRE:  302 11:25:38  -161694.984375        0.066538
FIRE:  303 11:25:38  -161695.046875        0.066000
FIRE:  304 11:25:38  -161694.984375        0.063423
FIRE:  305 11:25:38  -161694.984375        0.061619
FIRE:  306 11:25:38  -161695.062500        0.059546
FIRE:  307 11:25:38  -161695.062500        0.057690
FIRE:  308 11:25:38  -161695.078125        0.053353
FIRE:  309 11:25:38  -161695.000000        0.053052
FIRE:  310 11:25:38  -161695.093750        0.067844
FIRE:  311 11:25:38  -161695.109375        0.227129
FIRE:  312 11:25:38  -161695.062500        0.739619
FIRE:  313 11:25:38  -161695.125000        0.040841
