      Step     Time          Energy          fmax
FIRE:    0 19:39:53 -2158860.250000       11.761494
FIRE:    1 19:39:54 -2158868.000000        9.759333
FIRE:    2 19:39:56 -2158875.500000        7.972379
FIRE:    3 19:39:56 -2158882.250000        6.420180
FIRE:    4 19:39:56 -2158887.750000        5.128589
FIRE:    5 19:39:56 -2158892.500000        4.232560
FIRE:    6 19:39:56 -2158896.500000        3.724258
FIRE:    7 19:39:56 -2158900.250000        3.347405
FIRE:    8 19:39:56 -2158903.000000        3.047937
FIRE:    9 19:39:56 -2158906.000000        2.801128
FIRE:   10 19:39:56 -2158908.500000        2.552790
FIRE:   11 19:39:56 -2158910.750000        2.344608
FIRE:   12 19:39:56 -2158912.750000        2.388296
FIRE:   13 19:39:56 -2158915.250000        2.355362
FIRE:   14 19:39:56 -2158917.000000        2.240548
FIRE:   15 19:39:56 -2158919.750000        2.065058
FIRE:   16 19:39:58 -2158920.500000        1.854422
FIRE:   17 19:39:58 -2158922.000000        3.009751
FIRE:   18 19:39:58 -2158923.750000        1.593258
FIRE:   19 19:39:58 -2158925.250000        1.496229
FIRE:   20 19:39:58 -2158926.750000        1.452987
FIRE:   21 19:39:58 -2158928.250000        1.398030
FIRE:   22 19:39:58 -2158929.750000        1.330744
FIRE:   23 19:39:58 -2158931.000000        1.251189
FIRE:   24 19:39:58 -2158932.750000        1.160871
FIRE:   25 19:39:58 -2158933.750000        1.077849
FIRE:   26 19:39:58 -2158934.750000        0.999345
FIRE:   27 19:39:58 -2158936.000000        0.913757
FIRE:   28 19:39:58 -2158937.000000        0.830882
FIRE:   29 19:39:58 -2158938.000000        0.776232
FIRE:   30 19:39:58 -2158939.000000        0.727196
FIRE:   31 19:39:58 -2158940.000000        0.756297
FIRE:   32 19:39:59 -2158940.750000        0.713586
FIRE:   33 19:39:59 -2158941.750000        0.631382
FIRE:   34 19:39:59 -2158942.750000        0.633771
FIRE:   35 19:39:59 -2158943.500000        0.624694
FIRE:   36 19:39:59 -2158944.250000        0.606552
FIRE:   37 19:39:59 -2158945.000000        0.583211
FIRE:   38 19:39:59 -2158945.500000        0.554773
FIRE:   39 19:39:59 -2158946.250000        0.528753
FIRE:   40 19:39:59 -2158946.750000        0.558396
FIRE:   41 19:39:59 -2158947.750000        0.612389
FIRE:   42 19:39:59 -2158948.250000        0.669084
FIRE:   43 19:39:59 -2158948.750000        0.701523
FIRE:   44 19:39:59 -2158949.250000        0.696671
FIRE:   45 19:39:59 -2158949.750000        0.660760
FIRE:   46 19:39:59 -2158950.250000        0.612835
FIRE:   47 19:39:59 -2158950.500000        0.572125
FIRE:   48 19:40:00 -2158951.250000        0.633730
FIRE:   49 19:40:00 -2158952.750000        0.752068
FIRE:   50 19:40:00 -2158953.250000        0.916777
FIRE:   51 19:40:00 -2158952.250000        1.131401
FIRE:   52 19:40:00 -2158952.750000        1.364138
FIRE:   53 19:40:00 -2158953.250000        1.537460
FIRE:   54 19:40:00 -2158953.500000        1.589177
FIRE:   55 19:40:00 -2158955.500000        1.533294
FIRE:   56 19:40:00 -2158956.000000        1.226645
FIRE:   57 19:40:00 -2158956.250000        0.991872
FIRE:   58 19:40:00 -2158956.750000        1.681222
FIRE:   59 19:40:00 -2158956.250000        2.372557
FIRE:   60 19:40:00 -2158956.750000        2.690440
FIRE:   61 19:40:00 -2158956.250000        2.931617
FIRE:   62 19:40:00 -2158956.500000        2.604622
FIRE:   63 19:40:01 -2158956.750000        2.606662
FIRE:   64 19:40:02 -2158957.250000        2.634206
FIRE:   65 19:40:02 -2158957.500000        2.073851
FIRE:   66 19:40:02 -2158957.000000        1.153986
FIRE:   67 19:40:02 -2158957.500000        0.969429
FIRE:   68 19:40:02 -2158958.500000        1.081828
FIRE:   69 19:40:02 -2158958.750000        1.328711
FIRE:   70 19:40:02 -2158958.000000        1.581049
FIRE:   71 19:40:02 -2158959.250000        1.683532
FIRE:   72 19:40:02 -2158959.500000        1.739684
FIRE:   73 19:40:02 -2158959.500000        1.783705
FIRE:   74 19:40:02 -2158960.000000        1.783103
FIRE:   75 19:40:03 -2158960.250000        1.750012
FIRE:   76 19:40:03 -2158960.500000        1.641190
FIRE:   77 19:40:03 -2158961.000000        1.429345
FIRE:   78 19:40:03 -2158961.000000        1.273190
FIRE:   79 19:40:03 -2158961.250000        1.122534
FIRE:   80 19:40:03 -2158961.750000        1.020981
FIRE:   81 19:40:03 -2158961.750000        1.421606
FIRE:   82 19:40:03 -2158961.750000        1.983688
FIRE:   83 19:40:03 -2158962.000000        2.187627
FIRE:   84 19:40:03 -2158963.250000        1.907587
FIRE:   85 19:40:03 -2158963.500000        1.658730
FIRE:   86 19:40:03 -2158963.000000        2.440837
FIRE:   87 19:40:03 -2158963.750000        3.364061
FIRE:   88 19:40:03 -2158963.500000        3.841528
FIRE:   89 19:40:03 -2158963.500000        3.511827
FIRE:   90 19:40:03 -2158963.750000        2.564234
FIRE:   91 19:40:04 -2158963.500000        2.388016
FIRE:   92 19:40:04 -2158963.750000        2.801500
FIRE:   93 19:40:04 -2158963.750000        2.948142
FIRE:   94 19:40:04 -2158964.000000        2.770755
FIRE:   95 19:40:04 -2158964.500000        2.416368
FIRE:   96 19:40:04 -2158964.500000        2.128109
FIRE:   97 19:40:04 -2158964.500000        2.126600
FIRE:   98 19:40:04 -2158964.500000        2.306301
FIRE:   99 19:40:04 -2158965.000000        2.320837
FIRE:  100 19:40:04 -2158965.250000        1.966688
FIRE:  101 19:40:04 -2158965.250000        1.225461
FIRE:  102 19:40:04 -2158965.250000        1.122360
FIRE:  103 19:40:04 -2158965.500000        1.183129
FIRE:  104 19:40:04 -2158965.500000        1.311330
FIRE:  105 19:40:04 -2158966.000000        1.489357
FIRE:  106 19:40:05 -2158966.000000        3.198213
FIRE:  107 19:40:05 -2158966.250000        1.681468
FIRE:  108 19:40:05 -2158966.250000        1.665015
FIRE:  109 19:40:05 -2158966.250000        1.690068
FIRE:  110 19:40:05 -2158966.250000        1.793834
FIRE:  111 19:40:05 -2158966.500000        1.940747
FIRE:  112 19:40:05 -2158966.500000        2.075994
FIRE:  113 19:40:05 -2158966.750000        2.152470
FIRE:  114 19:40:05 -2158966.750000        2.121659
FIRE:  115 19:40:05 -2158967.000000        1.896944
FIRE:  116 19:40:05 -2158967.250000        1.257830
FIRE:  117 19:40:05 -2158967.500000        0.940726
FIRE:  118 19:40:05 -2158967.500000        1.864489
FIRE:  119 19:40:05 -2158967.500000        1.706422
FIRE:  120 19:40:05 -2158967.500000        1.408617
FIRE:  121 19:40:05 -2158967.750000        1.016890
FIRE:  122 19:40:06 -2158967.750000        0.636003
FIRE:  123 19:40:06 -2158967.750000        0.539882
FIRE:  124 19:40:06 -2158967.750000        0.686559
FIRE:  125 19:40:06 -2158967.500000        0.847102
FIRE:  126 19:40:06 -2158967.750000        0.905596
FIRE:  127 19:40:06 -2158967.750000        0.863582
FIRE:  128 19:40:06 -2158967.750000        0.748963
FIRE:  129 19:40:06 -2158967.500000        0.601096
FIRE:  130 19:40:06 -2158967.500000        0.508225
FIRE:  131 19:40:06 -2158968.000000        0.732701
FIRE:  132 19:40:06 -2158968.000000        0.729812
FIRE:  133 19:40:06 -2158967.750000        0.374590
FIRE:  134 19:40:06 -2158968.000000        0.586302
FIRE:  135 19:40:06 -2158968.000000        0.830719
FIRE:  136 19:40:06 -2158968.000000        0.309518
FIRE:  137 19:40:07 -2158968.250000        0.551584
FIRE:  138 19:40:07 -2158968.250000        0.568023
FIRE:  139 19:40:07 -2158968.500000        0.505171
FIRE:  140 19:40:07 -2158968.500000        0.362069
FIRE:  141 19:40:07 -2158968.000000        0.374991
FIRE:  142 19:40:07 -2158968.000000        0.388181
FIRE:  143 19:40:07 -2158968.250000        0.689168
FIRE:  144 19:40:07 -2158968.500000        1.299802
FIRE:  145 19:40:07 -2158968.250000        1.956632
FIRE:  146 19:40:07 -2158968.250000        2.164289
FIRE:  147 19:40:07 -2158968.250000        0.944389
FIRE:  148 19:40:07 -2158968.500000        0.660205
FIRE:  149 19:40:07 -2158968.500000        0.575870
FIRE:  150 19:40:07 -2158968.500000        0.416835
FIRE:  151 19:40:07 -2158968.500000        0.204038
FIRE:  152 19:40:07 -2158968.250000        0.152465
FIRE:  153 19:40:08 -2158968.500000        0.248078
FIRE:  154 19:40:08 -2158968.500000        0.392133
FIRE:  155 19:40:08 -2158968.750000        0.446004
FIRE:  156 19:40:08 -2158968.250000        0.395103
FIRE:  157 19:40:08 -2158968.500000        0.231858
FIRE:  158 19:40:08 -2158968.500000        0.138948
FIRE:  159 19:40:08 -2158968.750000        0.237843
FIRE:  160 19:40:08 -2158969.000000        0.318515
FIRE:  161 19:40:08 -2158969.000000        0.185365
FIRE:  162 19:40:08 -2158968.750000        0.176116
FIRE:  163 19:40:08 -2158968.500000        0.313833
FIRE:  164 19:40:08 -2158968.500000        0.199277
FIRE:  165 19:40:08 -2158969.250000        0.212732
FIRE:  166 19:40:08 -2158969.250000        0.190194
FIRE:  167 19:40:08 -2158968.500000        0.283933
FIRE:  168 19:40:09 -2158968.500000        0.190943
FIRE:  169 19:40:09 -2158969.000000        0.308889
FIRE:  170 19:40:09 -2158969.750000        0.505696
FIRE:  171 19:40:09 -2158969.750000        0.696458
FIRE:  172 19:40:09 -2158970.000000        1.402186
FIRE:  173 19:40:09 -2158970.000000        2.608629
FIRE:  174 19:40:09 -2158970.000000        0.223714
FIRE:  175 19:40:09 -2158970.000000        2.688541
FIRE:  176 19:40:09 -2158970.000000        1.919814
FIRE:  177 19:40:09 -2158970.000000        0.684329
FIRE:  178 19:40:09 -2158970.000000        0.624644
FIRE:  179 19:40:09 -2158970.000000        0.585952
FIRE:  180 19:40:09 -2158970.000000        0.510826
FIRE:  181 19:40:09 -2158970.000000        0.403687
FIRE:  182 19:40:09 -2158970.000000        0.271613
FIRE:  183 19:40:09 -2158970.000000        0.157987
FIRE:  184 19:40:10 -2158970.000000        0.157418
FIRE:  185 19:40:10 -2158970.000000        0.167202
FIRE:  186 19:40:10 -2158970.000000        0.280168
FIRE:  187 19:40:10 -2158970.000000        0.352589
FIRE:  188 19:40:10 -2158970.000000        0.364018
FIRE:  189 19:40:10 -2158970.000000        0.300052
FIRE:  190 19:40:10 -2158970.000000        0.160814
FIRE:  191 19:40:10 -2158970.000000        0.148413
FIRE:  192 19:40:10 -2158970.000000        0.193612
FIRE:  193 19:40:10 -2158969.750000        0.255147
FIRE:  194 19:40:10 -2158969.750000        0.164614
FIRE:  195 19:40:10 -2158969.750000        0.144754
FIRE:  196 19:40:10 -2158969.750000        0.245680
FIRE:  197 19:40:10 -2158970.000000        0.185142
FIRE:  198 19:40:10 -2158970.000000        0.153915
FIRE:  199 19:40:11 -2158970.000000        0.197538
FIRE:  200 19:40:11 -2158970.000000        0.157053
FIRE:  201 19:40:11 -2158970.000000        0.203879
FIRE:  202 19:40:11 -2158970.000000        0.206093
FIRE:  203 19:40:11 -2158969.500000        0.158754
FIRE:  204 19:40:11 -2158969.500000        0.158404
FIRE:  205 19:40:11 -2158969.750000        0.159588
FIRE:  206 19:40:11 -2158969.500000        0.638165
FIRE:  207 19:40:11 -2158969.500000        1.810308
FIRE:  208 19:40:11 -2158970.250000        4.107400
FIRE:  209 19:40:11 -2158970.500000        1.398530
FIRE:  210 19:40:11 -2158970.500000        1.001191
FIRE:  211 19:40:11 -2158970.000000        0.305442
FIRE:  212 19:40:11 -2158970.000000        0.542003
FIRE:  213 19:40:11 -2158969.750000        0.499285
FIRE:  214 19:40:11 -2158969.750000        0.417659
FIRE:  215 19:40:12 -2158970.000000        0.304989
FIRE:  216 19:40:12 -2158970.000000        0.231991
FIRE:  217 19:40:12 -2158970.000000        0.231041
FIRE:  218 19:40:12 -2158969.750000        0.229908
FIRE:  219 19:40:12 -2158970.000000        0.228611
FIRE:  220 19:40:12 -2158970.500000        0.257535
FIRE:  221 19:40:12 -2158970.500000        0.272660
FIRE:  222 19:40:12 -2158970.500000        0.226289
FIRE:  223 19:40:12 -2158970.500000        0.219890
FIRE:  224 19:40:12 -2158970.500000        0.216488
FIRE:  225 19:40:12 -2158970.500000        0.212465
FIRE:  226 19:40:12 -2158970.500000        0.243145
FIRE:  227 19:40:12 -2158970.500000        0.202849
FIRE:  228 19:40:12 -2158970.500000        0.197455
FIRE:  229 19:40:12 -2158970.500000        0.191742
FIRE:  230 19:40:13 -2158969.750000        0.185705
FIRE:  231 19:40:13 -2158969.750000        0.183626
FIRE:  232 19:40:13 -2158969.750000        0.183228
FIRE:  233 19:40:13 -2158970.000000        0.181528
FIRE:  234 19:40:13 -2158970.000000        0.178233
FIRE:  235 19:40:13 -2158970.250000        0.239582
FIRE:  236 19:40:13 -2158970.250000        0.178820
FIRE:  237 19:40:13 -2158970.750000        0.203405
FIRE:  238 19:40:13 -2158970.750000        0.343855
FIRE:  239 19:40:13 -2158970.250000        1.097960
FIRE:  240 19:40:13 -2158970.000000        2.893639
FIRE:  241 19:40:13 -2158970.250000        0.153526
FIRE:  242 19:40:13 -2158970.250000        3.129071
FIRE:  243 19:40:13 -2158970.250000        2.143502
FIRE:  244 19:40:13 -2158970.250000        0.615571
FIRE:  245 19:40:13 -2158970.250000        0.934905
FIRE:  246 19:40:14 -2158970.500000        0.874972
FIRE:  247 19:40:14 -2158970.250000        0.758364
FIRE:  248 19:40:14 -2158970.500000        0.591608
FIRE:  249 19:40:14 -2158970.250000        0.384870
FIRE:  250 19:40:14 -2158970.250000        0.155508
FIRE:  251 19:40:14 -2158970.500000        0.133718
FIRE:  252 19:40:14 -2158970.250000        0.297171
FIRE:  253 19:40:14 -2158970.250000        0.292397
FIRE:  254 19:40:14 -2158970.500000        0.282819
FIRE:  255 19:40:14 -2158970.500000        0.268779
FIRE:  256 19:40:14 -2158970.250000        0.250475
FIRE:  257 19:40:14 -2158970.250000        0.228364
FIRE:  258 19:40:14 -2158970.250000        0.202976
FIRE:  259 19:40:14 -2158970.500000        0.174968
FIRE:  260 19:40:14 -2158970.500000        0.142023
FIRE:  261 19:40:15 -2158970.250000        0.133228
FIRE:  262 19:40:15 -2158970.500000        0.133069
FIRE:  263 19:40:15 -2158970.500000        0.132900
FIRE:  264 19:40:15 -2158970.250000        0.132715
FIRE:  265 19:40:15 -2158970.250000        0.132516
FIRE:  266 19:40:15 -2158970.250000        0.132310
FIRE:  267 19:40:15 -2158970.250000        0.132101
FIRE:  268 19:40:15 -2158970.500000        0.131891
FIRE:  269 19:40:15 -2158970.500000        0.131676
FIRE:  270 19:40:15 -2158970.250000        0.131439
FIRE:  271 19:40:15 -2158970.500000        0.131150
FIRE:  272 19:40:15 -2158970.750000        0.130758
FIRE:  273 19:40:15 -2158970.250000        0.130203
FIRE:  274 19:40:15 -2158970.500000        0.129436
FIRE:  275 19:40:15 -2158970.750000        0.128435
FIRE:  276 19:40:15 -2158970.500000        0.127212
FIRE:  277 19:40:16 -2158970.500000        0.125764
FIRE:  278 19:40:16 -2158970.250000        0.123996
FIRE:  279 19:40:16 -2158970.500000        0.121639
FIRE:  280 19:40:16 -2158970.250000        0.118374
FIRE:  281 19:40:16 -2158970.750000        0.114123
FIRE:  282 19:40:16 -2158970.250000        0.109077
FIRE:  283 19:40:16 -2158970.250000        0.102627
FIRE:  284 19:40:16 -2158971.000000        0.121768
FIRE:  285 19:40:16 -2158971.000000        0.210072
FIRE:  286 19:40:16 -2158970.750000        0.395431
FIRE:  287 19:40:16 -2158970.750000        1.060868
FIRE:  288 19:40:16 -2158970.500000        2.626498
FIRE:  289 19:40:16 -2158970.500000        0.128278
FIRE:  290 19:40:16 -2158970.750000        2.801147
FIRE:  291 19:40:16 -2158970.750000        1.939985
FIRE:  292 19:40:17 -2158970.750000        0.584439
FIRE:  293 19:40:17 -2158970.500000        0.815641
FIRE:  294 19:40:17 -2158971.000000        0.763808
FIRE:  295 19:40:17 -2158970.500000        0.663192
FIRE:  296 19:40:17 -2158970.500000        0.519386
FIRE:  297 19:40:17 -2158970.750000        0.341687
FIRE:  298 19:40:17 -2158970.750000        0.146191
FIRE:  299 19:40:17 -2158970.750000        0.097833
FIRE:  300 19:40:17 -2158970.750000        0.248640
FIRE:  301 19:40:17 -2158970.750000        0.386249
FIRE:  302 19:40:17 -2158971.000000        0.465312
FIRE:  303 19:40:17 -2158970.750000        0.464667
FIRE:  304 19:40:17 -2158970.750000        0.370182
FIRE:  305 19:40:17 -2158970.750000        0.183803
FIRE:  306 19:40:17 -2158970.750000        0.123659
FIRE:  307 19:40:17 -2158970.750000        0.278502
FIRE:  308 19:40:17 -2158970.750000        0.353265
FIRE:  309 19:40:17 -2158971.000000        0.241564
FIRE:  310 19:40:18 -2158970.500000        0.086644
FIRE:  311 19:40:18 -2158970.500000        0.299036
FIRE:  312 19:40:18 -2158970.500000        0.251522
FIRE:  313 19:40:18 -2158971.250000        0.104322
FIRE:  314 19:40:18 -2158970.750000        0.278956
FIRE:  315 19:40:18 -2158971.000000        0.090782
FIRE:  316 19:40:18 -2158971.000000        0.284013
FIRE:  317 19:40:18 -2158971.000000        0.190400
FIRE:  318 19:40:18 -2158971.000000        0.097163
FIRE:  319 19:40:18 -2158970.750000        0.273627
FIRE:  320 19:40:18 -2158971.000000        0.640145
FIRE:  321 19:40:18 -2158971.000000        1.500535
FIRE:  322 19:40:18 -2158971.000000        0.121847
FIRE:  323 19:40:18 -2158971.000000        1.219763
FIRE:  324 19:40:18 -2158971.000000        0.957656
FIRE:  325 19:40:18 -2158971.000000        0.480828
FIRE:  326 19:40:18 -2158971.000000        0.134097
FIRE:  327 19:40:18 -2158971.000000        0.129712
FIRE:  328 19:40:19 -2158971.250000        0.127821
FIRE:  329 19:40:19 -2158971.000000        0.125233
FIRE:  330 19:40:19 -2158971.000000        0.122261
FIRE:  331 19:40:19 -2158971.000000        0.119209
FIRE:  332 19:40:19 -2158971.250000        0.116420
FIRE:  333 19:40:19 -2158971.000000        0.114107
FIRE:  334 19:40:19 -2158971.000000        0.112246
FIRE:  335 19:40:19 -2158970.750000        0.110986
FIRE:  336 19:40:19 -2158971.000000        0.110380
FIRE:  337 19:40:19 -2158971.000000        0.110436
FIRE:  338 19:40:19 -2158971.000000        0.111240
FIRE:  339 19:40:19 -2158971.000000        0.112945
FIRE:  340 19:40:19 -2158970.750000        0.115404
FIRE:  341 19:40:19 -2158971.000000        0.117730
FIRE:  342 19:40:19 -2158971.000000        0.118804
FIRE:  343 19:40:19 -2158971.000000        0.118664
FIRE:  344 19:40:19 -2158971.000000        0.118984
FIRE:  345 19:40:20 -2158971.000000        0.121404
FIRE:  346 19:40:20 -2158971.250000        0.126175
FIRE:  347 19:40:20 -2158971.250000        0.128861
FIRE:  348 19:40:20 -2158971.250000        0.158090
FIRE:  349 19:40:20 -2158971.500000        0.141006
FIRE:  350 19:40:20 -2158971.250000        0.129496
FIRE:  351 19:40:20 -2158971.250000        0.139096
FIRE:  352 19:40:20 -2158971.750000        0.137499
FIRE:  353 19:40:20 -2158971.250000        0.153261
FIRE:  354 19:40:20 -2158971.000000        0.369536
FIRE:  355 19:40:20 -2158971.250000        1.140279
FIRE:  356 19:40:20 -2158971.250000        3.326208
FIRE:  357 19:40:20 -2158971.500000        0.194528
FIRE:  358 19:40:20 -2158971.750000        0.178286
FIRE:  359 19:40:20 -2158971.500000        0.151347
FIRE:  360 19:40:20 -2158971.500000        0.132684
FIRE:  361 19:40:20 -2158971.500000        0.129051
FIRE:  362 19:40:21 -2158971.750000        0.122046
FIRE:  363 19:40:21 -2158971.250000        0.118712
FIRE:  364 19:40:21 -2158973.250000        0.137583
FIRE:  365 19:40:21 -2158971.250000        0.158017
FIRE:  366 19:40:21 -2158971.500000        0.146685
FIRE:  367 19:40:21 -2158971.250000        0.112679
FIRE:  368 19:40:21 -2158973.000000        0.119136
FIRE:  369 19:40:21 -2158971.500000        0.130296
FIRE:  370 19:40:21 -2158972.250000        0.133097
FIRE:  371 19:40:21 -2158972.250000        0.104220
FIRE:  372 19:40:21 -2158972.250000        0.096411
FIRE:  373 19:40:21 -2158972.000000        0.078148
FIRE:  374 19:40:21 -2158972.250000        0.103618
FIRE:  375 19:40:21 -2158972.000000        0.177585
FIRE:  376 19:40:21 -2158972.250000        0.338316
FIRE:  377 19:40:21 -2158972.250000        0.874717
FIRE:  378 19:40:21 -2158972.250000        2.235225
FIRE:  379 19:40:22 -2158972.000000        0.282731
FIRE:  380 19:40:22 -2158972.000000        0.235560
FIRE:  381 19:40:22 -2158972.250000        0.187666
FIRE:  382 19:40:22 -2158972.250000        0.190850
FIRE:  383 19:40:22 -2158972.250000        0.204647
FIRE:  384 19:40:22 -2158972.250000        0.230419
FIRE:  385 19:40:22 -2158972.250000        0.216473
FIRE:  386 19:40:22 -2158972.250000        0.203388
FIRE:  387 19:40:22 -2158972.250000        0.224782
FIRE:  388 19:40:22 -2158972.250000        0.278677
FIRE:  389 19:40:22 -2158972.250000        0.294549
FIRE:  390 19:40:22 -2158972.250000        0.305464
FIRE:  391 19:40:22 -2158972.500000        0.387871
FIRE:  392 19:40:22 -2158972.500000        0.521154
FIRE:  393 19:40:22 -2158972.500000        0.740863
FIRE:  394 19:40:22 -2158972.500000        1.070679
FIRE:  395 19:40:23 -2158972.750000        1.265913
FIRE:  396 19:40:23 -2158972.750000        1.125625
FIRE:  397 19:40:23 -2158972.750000        5.463091
FIRE:  398 19:40:23 -2158973.000000        2.418725
FIRE:  399 19:40:23 -2158973.000000        0.870115
FIRE:  400 19:40:23 -2158973.000000        0.806191
FIRE:  401 19:40:23 -2158973.000000        0.694799
FIRE:  402 19:40:23 -2158973.000000        0.567962
FIRE:  403 19:40:23 -2158973.000000        0.468113
FIRE:  404 19:40:23 -2158973.000000        0.484536
FIRE:  405 19:40:23 -2158972.750000        0.631911
FIRE:  406 19:40:23 -2158973.000000        0.684487
FIRE:  407 19:40:23 -2158973.000000        0.628761
FIRE:  408 19:40:23 -2158973.250000        0.455790
FIRE:  409 19:40:23 -2158973.250000        0.433350
FIRE:  410 19:40:23 -2158973.000000        0.508709
FIRE:  411 19:40:23 -2158973.000000        0.512162
FIRE:  412 19:40:23 -2158973.000000        0.379431
FIRE:  413 19:40:24 -2158973.000000        0.308751
FIRE:  414 19:40:24 -2158973.000000        0.430428
FIRE:  415 19:40:24 -2158973.000000        0.207306
FIRE:  416 19:40:24 -2158973.000000        0.287210
FIRE:  417 19:40:24 -2158973.000000        0.192650
FIRE:  418 19:40:24 -2158973.000000        0.389368
FIRE:  419 19:40:24 -2158973.250000        0.197124
FIRE:  420 19:40:24 -2158972.500000        0.145286
FIRE:  421 19:40:24 -2158972.750000        0.454928
FIRE:  422 19:40:24 -2158972.500000        0.797424
FIRE:  423 19:40:24 -2158972.500000        1.246123
FIRE:  424 19:40:24 -2158972.750000        0.313142
FIRE:  425 19:40:24 -2158972.500000        0.972853
FIRE:  426 19:40:24 -2158972.500000        0.766702
FIRE:  427 19:40:24 -2158972.500000        0.406815
FIRE:  428 19:40:24 -2158972.500000        0.081678
FIRE:  429 19:40:24 -2158972.500000        0.080047
FIRE:  430 19:40:24 -2158972.500000        0.077030
FIRE:  431 19:40:25 -2158972.500000        0.073131
FIRE:  432 19:40:25 -2158972.500000        0.069050
FIRE:  433 19:40:25 -2158972.500000        0.065545
FIRE:  434 19:40:25 -2158972.500000        0.063215
FIRE:  435 19:40:25 -2158972.750000        0.062205
FIRE:  436 19:40:25 -2158972.500000        0.062169
FIRE:  437 19:40:25 -2158972.500000        0.062509
FIRE:  438 19:40:25 -2158972.500000        0.062372
FIRE:  439 19:40:25 -2158972.500000        0.061478
FIRE:  440 19:40:25 -2158972.500000        0.060879
FIRE:  441 19:40:25 -2158972.500000        0.062504
FIRE:  442 19:40:25 -2158972.500000        0.066245
FIRE:  443 19:40:25 -2158972.500000        0.068171
FIRE:  444 19:40:25 -2158972.750000        0.064428
FIRE:  445 19:40:25 -2158972.500000        0.057456
FIRE:  446 19:40:25 -2158972.750000        0.056664
FIRE:  447 19:40:26 -2158972.500000        0.056491
FIRE:  448 19:40:26 -2158972.750000        0.055998
FIRE:  449 19:40:26 -2158972.500000        0.055364
FIRE:  450 19:40:26 -2158973.250000        0.053527
FIRE:  451 19:40:26 -2158973.250000        0.051426
FIRE:  452 19:40:26 -2158973.250000        0.048843
