      Step     Time          Energy          fmax
FIRE:    0 19:14:40 -1008614.000000        7.067839
FIRE:    1 19:14:41 -1008620.000000        6.892895
FIRE:    2 19:14:42 -1008625.062500        6.628244
FIRE:    3 19:14:43 -1008629.625000        6.341372
FIRE:    4 19:14:44 -1008633.437500        5.722264
FIRE:    5 19:14:44 -1008637.312500        5.031780
FIRE:    6 19:14:44 -1008639.125000        4.022249
FIRE:    7 19:14:44 -1008640.125000        3.076351
FIRE:    8 19:14:44 -1008639.625000        3.748678
FIRE:    9 19:14:44 -1008640.437500        2.811210
FIRE:   10 19:14:44 -1008640.937500        1.600802
FIRE:   11 19:14:44 -1008640.750000        1.580756
FIRE:   12 19:14:44 -1008640.812500        1.626411
FIRE:   13 19:14:44 -1008640.875000        1.519110
FIRE:   14 19:14:44 -1008641.062500        1.399145
FIRE:   15 19:14:44 -1008640.937500        1.398650
FIRE:   16 19:14:44 -1008641.000000        1.349641
FIRE:   17 19:14:44 -1008641.250000        1.258250
FIRE:   18 19:14:44 -1008641.187500        1.173782
FIRE:   19 19:14:44 -1008641.312500        1.103777
FIRE:   20 19:14:44 -1008641.187500        1.033870
FIRE:   21 19:14:44 -1008641.750000        0.966634
FIRE:   22 19:14:45 -1008641.687500        0.830000
FIRE:   23 19:14:46 -1008641.250000        0.701115
FIRE:   24 19:14:46 -1008641.437500        0.702100
FIRE:   25 19:14:46 -1008641.437500        0.685625
FIRE:   26 19:14:46 -1008641.875000        0.735148
FIRE:   27 19:14:46 -1008642.312500        0.576971
FIRE:   28 19:14:46 -1008642.250000        0.764073
FIRE:   29 19:14:46 -1008642.437500        0.796201
FIRE:   30 19:14:46 -1008642.687500        1.411839
FIRE:   31 19:14:46 -1008642.625000        0.622979
FIRE:   32 19:14:46 -1008642.812500        0.587695
FIRE:   33 19:14:47 -1008643.000000        0.701057
FIRE:   34 19:14:47 -1008643.187500        2.765207
FIRE:   35 19:14:47 -1008643.437500        1.199103
FIRE:   36 19:14:47 -1008643.562500        0.851976
FIRE:   37 19:14:47 -1008643.687500        1.385604
FIRE:   38 19:14:47 -1008643.812500        0.854635
FIRE:   39 19:14:47 -1008643.875000        1.040671
FIRE:   40 19:14:47 -1008644.062500        1.258459
FIRE:   41 19:14:47 -1008644.125000        2.800255
FIRE:   42 19:14:47 -1008644.187500        2.267050
FIRE:   43 19:14:47 -1008644.125000        1.054626
FIRE:   44 19:14:47 -1008644.062500        0.555925
FIRE:   45 19:14:47 -1008644.062500        0.553829
FIRE:   46 19:14:47 -1008644.250000        0.547573
FIRE:   47 19:14:47 -1008644.062500        0.534340
FIRE:   48 19:14:47 -1008644.250000        0.519270
FIRE:   49 19:14:47 -1008644.312500        0.532819
FIRE:   50 19:14:48 -1008644.250000        0.595748
FIRE:   51 19:14:48 -1008644.062500        0.656023
FIRE:   52 19:14:48 -1008644.125000        0.687869
FIRE:   53 19:14:48 -1008644.437500        0.790044
FIRE:   54 19:14:48 -1008644.125000        1.051503
FIRE:   55 19:14:48 -1008644.125000        0.808237
FIRE:   56 19:14:48 -1008644.125000        3.971119
FIRE:   57 19:14:48 -1008644.125000        2.841019
FIRE:   58 19:14:48 -1008644.187500        0.403562
FIRE:   59 19:14:48 -1008644.500000        1.200201
FIRE:   60 19:14:48 -1008644.500000        1.182916
FIRE:   61 19:14:48 -1008644.500000        1.144347
FIRE:   62 19:14:48 -1008644.500000        1.076296
FIRE:   63 19:14:48 -1008644.500000        0.966335
FIRE:   64 19:14:48 -1008644.500000        0.801003
FIRE:   65 19:14:49 -1008644.500000        0.580608
FIRE:   66 19:14:49 -1008644.500000        0.370254
FIRE:   67 19:14:49 -1008644.187500        0.582698
FIRE:   68 19:14:49 -1008644.250000        0.858803
FIRE:   69 19:14:49 -1008644.437500        0.989670
FIRE:   70 19:14:49 -1008644.500000        0.895161
FIRE:   71 19:14:49 -1008644.437500        0.575397
FIRE:   72 19:14:49 -1008644.500000        0.388942
FIRE:   73 19:14:49 -1008644.437500        0.662075
FIRE:   74 19:14:49 -1008644.437500        0.773698
FIRE:   75 19:14:49 -1008644.312500        0.643265
FIRE:   76 19:14:49 -1008644.312500        0.261244
FIRE:   77 19:14:49 -1008644.250000        0.735924
FIRE:   78 19:14:49 -1008644.437500        0.489857
FIRE:   79 19:14:49 -1008644.500000        0.548763
FIRE:   80 19:14:49 -1008644.500000        0.587259
FIRE:   81 19:14:50 -1008644.500000        0.551297
FIRE:   82 19:14:50 -1008644.500000        0.273035
FIRE:   83 19:14:50 -1008644.562500        0.662512
FIRE:   84 19:14:50 -1008644.500000        0.776543
FIRE:   85 19:14:50 -1008644.562500        0.966812
FIRE:   86 19:14:50 -1008644.625000        1.673407
FIRE:   87 19:14:50 -1008644.687500        1.338212
FIRE:   88 19:14:50 -1008644.687500        1.275914
FIRE:   89 19:14:50 -1008644.687500        2.546940
FIRE:   90 19:14:50 -1008644.562500        0.807081
FIRE:   91 19:14:50 -1008644.812500        0.730279
FIRE:   92 19:14:50 -1008644.937500        0.883807
FIRE:   93 19:14:50 -1008645.062500        0.522501
FIRE:   94 19:14:50 -1008645.125000        0.817908
FIRE:   95 19:14:50 -1008645.250000        1.026671
FIRE:   96 19:14:51 -1008645.250000        3.588750
FIRE:   97 19:14:51 -1008645.375000        1.898810
FIRE:   98 19:14:51 -1008645.250000        1.314212
FIRE:   99 19:14:51 -1008645.312500        0.526368
FIRE:  100 19:14:51 -1008645.437500        0.880242
FIRE:  101 19:14:51 -1008645.500000        0.792438
FIRE:  102 19:14:51 -1008645.500000        0.626914
FIRE:  103 19:14:51 -1008645.437500        0.532432
FIRE:  104 19:14:51 -1008645.500000        0.534001
FIRE:  105 19:14:51 -1008645.437500        0.536003
FIRE:  106 19:14:51 -1008645.437500        0.538428
FIRE:  107 19:14:51 -1008645.500000        0.541231
FIRE:  108 19:14:51 -1008645.500000        0.554128
FIRE:  109 19:14:51 -1008645.187500        0.548995
FIRE:  110 19:14:51 -1008645.437500        0.554215
FIRE:  111 19:14:51 -1008645.562500        0.560897
FIRE:  112 19:14:52 -1008645.562500        0.578940
FIRE:  113 19:14:52 -1008645.562500        0.615881
FIRE:  114 19:14:52 -1008645.625000        0.662557
FIRE:  115 19:14:52 -1008645.625000        0.722181
FIRE:  116 19:14:52 -1008645.625000        0.801180
FIRE:  117 19:14:52 -1008645.687500        0.956948
FIRE:  118 19:14:52 -1008645.750000        1.121048
FIRE:  119 19:14:52 -1008645.812500        1.248272
FIRE:  120 19:14:52 -1008646.000000        1.487425
FIRE:  121 19:14:52 -1008646.250000        1.880756
FIRE:  122 19:14:52 -1008646.562500        2.359219
FIRE:  123 19:14:52 -1008647.125000        2.989340
FIRE:  124 19:14:52 -1008647.750000        2.552031
FIRE:  125 19:14:52 -1008648.250000        1.624264
FIRE:  126 19:14:52 -1008648.312500        1.221547
FIRE:  127 19:14:53 -1008648.312500        0.606539
FIRE:  128 19:14:53 -1008648.375000        0.501650
FIRE:  129 19:14:53 -1008648.312500        0.891356
FIRE:  130 19:14:53 -1008648.312500        1.136012
FIRE:  131 19:14:53 -1008648.375000        1.149419
FIRE:  132 19:14:53 -1008648.437500        0.947317
FIRE:  133 19:14:53 -1008648.312500        0.513087
FIRE:  134 19:14:53 -1008648.312500        0.577479
FIRE:  135 19:14:53 -1008648.312500        0.949549
FIRE:  136 19:14:53 -1008648.562500        0.684290
FIRE:  137 19:14:53 -1008648.500000        0.427973
FIRE:  138 19:14:53 -1008648.562500        0.902798
FIRE:  139 19:14:53 -1008648.687500        0.742300
FIRE:  140 19:14:53 -1008648.562500        0.534280
FIRE:  141 19:14:53 -1008648.625000        0.672905
FIRE:  142 19:14:53 -1008648.750000        1.124726
FIRE:  143 19:14:54 -1008649.000000        3.879616
FIRE:  144 19:14:54 -1008649.250000        1.440751
FIRE:  145 19:14:54 -1008649.312500        1.439130
FIRE:  146 19:14:54 -1008649.312500        1.441369
FIRE:  147 19:14:54 -1008649.312500        1.459058
FIRE:  148 19:14:54 -1008649.187500        1.522114
FIRE:  149 19:14:54 -1008649.250000        1.603559
FIRE:  150 19:14:54 -1008649.312500        1.709509
FIRE:  151 19:14:54 -1008649.437500        1.877636
FIRE:  152 19:14:54 -1008649.687500        2.105060
FIRE:  153 19:14:54 -1008650.000000        2.384206
FIRE:  154 19:14:54 -1008650.250000        2.693648
FIRE:  155 19:14:54 -1008650.500000        2.833726
FIRE:  156 19:14:54 -1008650.937500        2.611265
FIRE:  157 19:14:54 -1008651.500000        1.110007
FIRE:  158 19:14:55 -1008651.000000        7.752724
FIRE:  159 19:14:55 -1008651.125000        6.009716
FIRE:  160 19:14:55 -1008651.437500        3.517383
FIRE:  161 19:14:55 -1008651.562500        1.266751
FIRE:  162 19:14:55 -1008651.625000        1.587719
FIRE:  163 19:14:55 -1008651.500000        1.549715
FIRE:  164 19:14:55 -1008651.437500        1.474369
FIRE:  165 19:14:55 -1008651.500000        1.363165
FIRE:  166 19:14:55 -1008651.500000        1.218360
FIRE:  167 19:14:55 -1008651.625000        1.043161
FIRE:  168 19:14:55 -1008651.625000        0.842174
FIRE:  169 19:14:55 -1008651.625000        0.621896
FIRE:  170 19:14:55 -1008651.625000        0.367364
FIRE:  171 19:14:55 -1008651.687500        0.427489
FIRE:  172 19:14:55 -1008651.500000        0.538231
FIRE:  173 19:14:55 -1008651.500000        0.616818
FIRE:  174 19:14:56 -1008651.437500        0.642252
FIRE:  175 19:14:56 -1008651.687500        0.639049
FIRE:  176 19:14:56 -1008651.687500        0.580751
FIRE:  177 19:14:56 -1008651.687500        0.426542
FIRE:  178 19:14:56 -1008651.687500        0.299340
FIRE:  179 19:14:56 -1008651.687500        0.402757
FIRE:  180 19:14:56 -1008651.500000        0.542184
FIRE:  181 19:14:56 -1008651.500000        0.525418
FIRE:  182 19:14:56 -1008651.562500        0.307429
FIRE:  183 19:14:56 -1008651.750000        0.194326
FIRE:  184 19:14:56 -1008651.687500        0.430924
FIRE:  185 19:14:56 -1008651.812500        0.407738
FIRE:  186 19:14:56 -1008651.812500        0.214604
FIRE:  187 19:14:56 -1008651.875000        0.490449
FIRE:  188 19:14:56 -1008651.750000        0.377676
FIRE:  189 19:14:57 -1008651.875000        1.138616
FIRE:  190 19:14:57 -1008651.875000        3.566430
FIRE:  191 19:14:57 -1008651.875000        0.502795
FIRE:  192 19:14:57 -1008651.937500        0.488187
FIRE:  193 19:14:57 -1008652.125000        0.459391
FIRE:  194 19:14:57 -1008652.062500        0.424678
FIRE:  195 19:14:57 -1008651.875000        0.363192
FIRE:  196 19:14:57 -1008652.062500        0.328596
FIRE:  197 19:14:57 -1008651.937500        0.323791
FIRE:  198 19:14:57 -1008651.937500        0.323346
FIRE:  199 19:14:57 -1008652.125000        0.316193
FIRE:  200 19:14:57 -1008652.000000        0.304251
FIRE:  201 19:14:57 -1008652.125000        0.298079
FIRE:  202 19:14:57 -1008652.125000        0.307130
FIRE:  203 19:14:57 -1008652.187500        0.332080
FIRE:  204 19:14:58 -1008652.250000        0.363515
FIRE:  205 19:14:58 -1008652.250000        0.386863
FIRE:  206 19:14:58 -1008652.125000        0.400405
FIRE:  207 19:14:58 -1008652.187500        0.396261
FIRE:  208 19:14:58 -1008652.250000        0.462888
FIRE:  209 19:14:58 -1008652.437500        0.607324
FIRE:  210 19:14:58 -1008652.562500        0.607342
FIRE:  211 19:14:58 -1008652.750000        0.930560
FIRE:  212 19:14:58 -1008652.875000        3.208558
FIRE:  213 19:14:58 -1008652.812500        5.944527
FIRE:  214 19:14:58 -1008653.187500        0.846287
FIRE:  215 19:14:58 -1008653.250000        0.844991
FIRE:  216 19:14:58 -1008653.187500        0.842769
FIRE:  217 19:14:58 -1008653.187500        0.840098
FIRE:  218 19:14:58 -1008653.312500        0.837181
FIRE:  219 19:14:58 -1008653.125000        0.833373
FIRE:  220 19:14:58 -1008653.187500        0.826785
FIRE:  221 19:14:58 -1008653.312500        0.813329
FIRE:  222 19:14:59 -1008653.375000        0.795734
FIRE:  223 19:14:59 -1008653.437500        0.808661
FIRE:  224 19:14:59 -1008653.437500        0.823937
FIRE:  225 19:14:59 -1008653.562500        0.840749
FIRE:  226 19:14:59 -1008653.625000        0.852707
FIRE:  227 19:14:59 -1008653.562500        0.861587
FIRE:  228 19:14:59 -1008653.937500        0.840128
FIRE:  229 19:14:59 -1008654.062500        0.630647
FIRE:  230 19:14:59 -1008654.187500        0.446035
FIRE:  231 19:14:59 -1008654.125000        2.110348
FIRE:  232 19:14:59 -1008654.125000        1.833936
FIRE:  233 19:14:59 -1008654.187500        1.349651
FIRE:  234 19:14:59 -1008654.312500        0.779761
FIRE:  235 19:14:59 -1008654.250000        0.350834
FIRE:  236 19:14:59 -1008654.250000        0.318403
FIRE:  237 19:14:59 -1008654.250000        0.496219
FIRE:  238 19:14:59 -1008654.250000        0.485759
FIRE:  239 19:15:00 -1008654.312500        0.465079
FIRE:  240 19:15:00 -1008654.312500        0.434650
FIRE:  241 19:15:00 -1008654.375000        0.395230
FIRE:  242 19:15:00 -1008654.312500        0.347938
FIRE:  243 19:15:00 -1008654.312500        0.294338
FIRE:  244 19:15:00 -1008654.312500        0.236624
FIRE:  245 19:15:00 -1008654.312500        0.199709
FIRE:  246 19:15:00 -1008654.375000        0.167654
FIRE:  247 19:15:00 -1008654.312500        0.172715
FIRE:  248 19:15:00 -1008654.312500        0.175917
FIRE:  249 19:15:00 -1008654.312500        0.186036
FIRE:  250 19:15:00 -1008654.312500        0.233938
FIRE:  251 19:15:00 -1008654.375000        0.255070
FIRE:  252 19:15:00 -1008654.375000        0.244659
FIRE:  253 19:15:00 -1008654.437500        0.204403
FIRE:  254 19:15:00 -1008654.312500        0.150926
FIRE:  255 19:15:00 -1008654.437500        0.131385
FIRE:  256 19:15:00 -1008654.375000        0.142419
FIRE:  257 19:15:01 -1008654.437500        0.149582
FIRE:  258 19:15:01 -1008654.437500        0.137590
FIRE:  259 19:15:01 -1008654.500000        0.113552
FIRE:  260 19:15:01 -1008654.437500        0.122471
FIRE:  261 19:15:01 -1008654.625000        0.359302
FIRE:  262 19:15:01 -1008654.562500        1.110207
FIRE:  263 19:15:01 -1008654.562500        0.112319
FIRE:  264 19:15:01 -1008654.625000        1.102163
FIRE:  265 19:15:01 -1008654.562500        0.813406
FIRE:  266 19:15:01 -1008654.562500        0.326593
FIRE:  267 19:15:01 -1008654.562500        0.218012
FIRE:  268 19:15:01 -1008654.625000        0.206027
FIRE:  269 19:15:01 -1008654.625000        0.182866
FIRE:  270 19:15:01 -1008654.625000        0.150156
FIRE:  271 19:15:01 -1008654.562500        0.110370
FIRE:  272 19:15:01 -1008654.500000        0.093587
FIRE:  273 19:15:01 -1008654.562500        0.093569
FIRE:  274 19:15:01 -1008654.625000        0.093562
FIRE:  275 19:15:02 -1008654.625000        0.115403
FIRE:  276 19:15:02 -1008654.562500        0.140788
FIRE:  277 19:15:02 -1008654.625000        0.144282
FIRE:  278 19:15:02 -1008654.687500        0.120570
FIRE:  279 19:15:02 -1008654.687500        0.093374
FIRE:  280 19:15:02 -1008654.500000        0.093246
FIRE:  281 19:15:02 -1008654.625000        0.095430
FIRE:  282 19:15:02 -1008654.625000        0.104884
FIRE:  283 19:15:02 -1008654.625000        0.092201
FIRE:  284 19:15:02 -1008654.625000        0.091403
FIRE:  285 19:15:02 -1008654.687500        0.105137
FIRE:  286 19:15:02 -1008654.500000        0.088653
FIRE:  287 19:15:02 -1008654.625000        0.086540
FIRE:  288 19:15:02 -1008654.625000        0.091508
FIRE:  289 19:15:02 -1008654.562500        0.081005
FIRE:  290 19:15:02 -1008654.562500        0.080747
FIRE:  291 19:15:03 -1008654.562500        0.097013
FIRE:  292 19:15:03 -1008654.750000        0.083212
FIRE:  293 19:15:03 -1008654.562500        0.084792
FIRE:  294 19:15:03 -1008654.625000        0.141991
FIRE:  295 19:15:03 -1008654.812500        0.489598
FIRE:  296 19:15:03 -1008654.812500        1.617587
FIRE:  297 19:15:03 -1008654.750000        0.087584
FIRE:  298 19:15:03 -1008654.875000        0.087563
FIRE:  299 19:15:03 -1008654.875000        0.087520
FIRE:  300 19:15:03 -1008654.875000        0.087454
FIRE:  301 19:15:03 -1008654.812500        0.087370
FIRE:  302 19:15:03 -1008654.687500        0.087268
FIRE:  303 19:15:03 -1008654.875000        0.087142
FIRE:  304 19:15:03 -1008654.812500        0.086992
FIRE:  305 19:15:03 -1008654.812500        0.086790
FIRE:  306 19:15:04 -1008654.750000        0.086549
FIRE:  307 19:15:04 -1008654.875000        0.086300
FIRE:  308 19:15:04 -1008654.812500        0.086133
FIRE:  309 19:15:04 -1008654.875000        0.086170
FIRE:  310 19:15:04 -1008654.875000        0.086556
FIRE:  311 19:15:04 -1008654.875000        0.087382
FIRE:  312 19:15:04 -1008654.937500        0.088533
FIRE:  313 19:15:04 -1008654.937500        0.089675
FIRE:  314 19:15:04 -1008654.937500        0.090828
FIRE:  315 19:15:04 -1008654.937500        0.092269
FIRE:  316 19:15:04 -1008655.000000        0.095016
FIRE:  317 19:15:04 -1008654.687500        0.246605
FIRE:  318 19:15:04 -1008655.000000        0.913723
FIRE:  319 19:15:04 -1008655.000000        2.871455
FIRE:  320 19:15:04 -1008655.062500        0.212057
FIRE:  321 19:15:05 -1008655.062500        0.151295
FIRE:  322 19:15:05 -1008655.062500        0.120205
FIRE:  323 19:15:05 -1008655.062500        0.120005
FIRE:  324 19:15:05 -1008655.000000        0.134368
FIRE:  325 19:15:05 -1008655.062500        0.146683
FIRE:  326 19:15:05 -1008655.062500        0.118776
FIRE:  327 19:15:05 -1008654.937500        0.118275
FIRE:  328 19:15:05 -1008654.750000        0.117788
FIRE:  329 19:15:05 -1008655.062500        0.117399
FIRE:  330 19:15:05 -1008655.062500        0.117148
FIRE:  331 19:15:05 -1008655.062500        0.117032
FIRE:  332 19:15:05 -1008655.062500        0.116926
FIRE:  333 19:15:05 -1008654.937500        0.116791
FIRE:  334 19:15:05 -1008655.125000        0.116826
FIRE:  335 19:15:05 -1008655.125000        0.117322
FIRE:  336 19:15:06 -1008654.875000        0.118207
FIRE:  337 19:15:06 -1008655.062500        0.122582
FIRE:  338 19:15:06 -1008655.187500        0.169536
FIRE:  339 19:15:06 -1008655.187500        0.296293
FIRE:  340 19:15:06 -1008655.250000        0.716272
FIRE:  341 19:15:06 -1008655.250000        2.040059
FIRE:  342 19:15:06 -1008655.250000        0.273466
FIRE:  343 19:15:06 -1008655.250000        0.202102
FIRE:  344 19:15:06 -1008655.250000        0.160445
FIRE:  345 19:15:06 -1008655.250000        0.160825
FIRE:  346 19:15:06 -1008655.250000        0.162813
FIRE:  347 19:15:06 -1008655.250000        0.194309
FIRE:  348 19:15:06 -1008655.250000        0.163222
FIRE:  349 19:15:06 -1008655.250000        0.164556
FIRE:  350 19:15:06 -1008655.250000        0.166446
FIRE:  351 19:15:07 -1008655.312500        0.169067
FIRE:  352 19:15:07 -1008655.312500        0.172666
FIRE:  353 19:15:07 -1008655.312500        0.177576
FIRE:  354 19:15:07 -1008655.312500        0.184214
FIRE:  355 19:15:07 -1008655.312500        0.193018
FIRE:  356 19:15:07 -1008655.000000        0.204417
FIRE:  357 19:15:07 -1008655.375000        0.218679
FIRE:  358 19:15:07 -1008655.375000        0.236440
FIRE:  359 19:15:07 -1008655.375000        0.259236
FIRE:  360 19:15:07 -1008655.437500        0.290735
FIRE:  361 19:15:07 -1008655.500000        0.336541
FIRE:  362 19:15:07 -1008655.375000        0.400881
FIRE:  363 19:15:07 -1008655.500000        1.043253
FIRE:  364 19:15:07 -1008655.687500        3.344409
FIRE:  365 19:15:07 -1008655.750000        0.518680
FIRE:  366 19:15:07 -1008655.625000        3.825781
FIRE:  367 19:15:08 -1008655.750000        2.481074
FIRE:  368 19:15:08 -1008655.812500        0.508660
FIRE:  369 19:15:08 -1008655.812500        1.355208
FIRE:  370 19:15:08 -1008655.812500        1.265420
FIRE:  371 19:15:08 -1008655.812500        1.090234
FIRE:  372 19:15:08 -1008655.812500        0.838889
FIRE:  373 19:15:08 -1008655.812500        0.526842
FIRE:  374 19:15:08 -1008655.812500        0.506245
FIRE:  375 19:15:08 -1008655.812500        0.505527
FIRE:  376 19:15:08 -1008655.812500        0.504639
FIRE:  377 19:15:08 -1008655.812500        0.689126
FIRE:  378 19:15:08 -1008655.687500        0.793656
FIRE:  379 19:15:08 -1008655.812500        0.739510
FIRE:  380 19:15:08 -1008655.875000        0.508314
FIRE:  381 19:15:08 -1008655.812500        0.494290
FIRE:  382 19:15:09 -1008655.562500        0.489565
FIRE:  383 19:15:09 -1008655.562500        0.574509
FIRE:  384 19:15:09 -1008655.875000        0.561459
FIRE:  385 19:15:09 -1008655.875000        0.459818
FIRE:  386 19:15:09 -1008655.937500        0.440294
FIRE:  387 19:15:09 -1008655.937500        0.537368
FIRE:  388 19:15:09 -1008656.000000        0.363581
FIRE:  389 19:15:09 -1008656.000000        0.471210
FIRE:  390 19:15:09 -1008656.062500        0.260982
FIRE:  391 19:15:09 -1008656.062500        0.561419
FIRE:  392 19:15:09 -1008656.062500        0.223951
FIRE:  393 19:15:09 -1008656.062500        0.532131
FIRE:  394 19:15:09 -1008656.125000        0.721107
FIRE:  395 19:15:09 -1008656.125000        0.648114
FIRE:  396 19:15:09 -1008656.187500        0.773650
FIRE:  397 19:15:10 -1008656.125000        1.636968
FIRE:  398 19:15:10 -1008656.187500        0.342299
FIRE:  399 19:15:10 -1008655.937500        1.564812
FIRE:  400 19:15:10 -1008656.187500        1.141597
FIRE:  401 19:15:10 -1008656.250000        0.436641
FIRE:  402 19:15:10 -1008655.937500        0.327102
FIRE:  403 19:15:10 -1008655.937500        0.307221
FIRE:  404 19:15:10 -1008655.937500        0.268646
FIRE:  405 19:15:10 -1008656.250000        0.257402
FIRE:  406 19:15:10 -1008656.250000        0.254004
FIRE:  407 19:15:10 -1008656.000000        0.249794
FIRE:  408 19:15:10 -1008656.250000        0.244815
FIRE:  409 19:15:10 -1008656.250000        0.239144
FIRE:  410 19:15:10 -1008656.250000        0.232161
FIRE:  411 19:15:10 -1008655.937500        0.223771
FIRE:  412 19:15:11 -1008656.250000        0.213904
FIRE:  413 19:15:11 -1008656.000000        0.211261
FIRE:  414 19:15:11 -1008655.937500        0.210586
FIRE:  415 19:15:11 -1008656.000000        0.209820
FIRE:  416 19:15:11 -1008656.250000        0.208967
FIRE:  417 19:15:11 -1008656.250000        0.208187
FIRE:  418 19:15:11 -1008656.187500        0.207650
FIRE:  419 19:15:11 -1008656.312500        0.207182
FIRE:  420 19:15:11 -1008656.062500        0.206899
FIRE:  421 19:15:11 -1008656.312500        0.206948
FIRE:  422 19:15:11 -1008656.312500        0.207398
FIRE:  423 19:15:11 -1008656.250000        0.208655
FIRE:  424 19:15:11 -1008656.312500        0.209934
FIRE:  425 19:15:11 -1008656.375000        0.210275
FIRE:  426 19:15:11 -1008656.187500        0.209490
FIRE:  427 19:15:12 -1008656.375000        0.207163
FIRE:  428 19:15:12 -1008656.437500        0.203330
FIRE:  429 19:15:12 -1008656.437500        0.273481
FIRE:  430 19:15:12 -1008655.875000        0.759887
FIRE:  431 19:15:12 -1008656.687500        2.294205
FIRE:  432 19:15:12 -1008656.687500        0.223172
FIRE:  433 19:15:12 -1008656.687500        0.166743
FIRE:  434 19:15:12 -1008656.687500        0.130361
FIRE:  435 19:15:12 -1008656.687500        0.130311
FIRE:  436 19:15:12 -1008656.687500        0.130368
FIRE:  437 19:15:12 -1008656.687500        0.160779
FIRE:  438 19:15:12 -1008656.687500        0.130243
FIRE:  439 19:15:12 -1008656.687500        0.130298
FIRE:  440 19:15:12 -1008656.687500        0.130411
FIRE:  441 19:15:12 -1008656.687500        0.130595
FIRE:  442 19:15:12 -1008656.687500        0.130827
FIRE:  443 19:15:12 -1008656.687500        0.131074
FIRE:  444 19:15:12 -1008656.750000        0.131300
FIRE:  445 19:15:13 -1008656.750000        0.130814
FIRE:  446 19:15:13 -1008656.750000        0.129848
FIRE:  447 19:15:13 -1008656.750000        0.128327
FIRE:  448 19:15:13 -1008656.750000        0.126108
FIRE:  449 19:15:13 -1008656.750000        0.123069
FIRE:  450 19:15:13 -1008656.750000        0.118373
FIRE:  451 19:15:13 -1008656.812500        0.110777
FIRE:  452 19:15:13 -1008656.812500        0.309863
FIRE:  453 19:15:13 -1008656.812500        0.984971
FIRE:  454 19:15:13 -1008656.812500        2.675906
FIRE:  455 19:15:13 -1008656.812500        0.073055
FIRE:  456 19:15:13 -1008656.812500        2.896839
FIRE:  457 19:15:13 -1008656.812500        1.957610
FIRE:  458 19:15:13 -1008656.812500        0.496567
FIRE:  459 19:15:13 -1008656.812500        0.959193
FIRE:  460 19:15:13 -1008656.812500        0.896517
FIRE:  461 19:15:13 -1008656.812500        0.774300
FIRE:  462 19:15:14 -1008656.812500        0.599500
FIRE:  463 19:15:14 -1008656.875000        0.382272
FIRE:  464 19:15:14 -1008656.875000        0.137776
FIRE:  465 19:15:14 -1008656.875000        0.113531
FIRE:  466 19:15:14 -1008656.875000        0.111647
FIRE:  467 19:15:14 -1008656.875000        0.107901
FIRE:  468 19:15:14 -1008656.875000        0.102356
FIRE:  469 19:15:14 -1008656.875000        0.095143
FIRE:  470 19:15:14 -1008656.875000        0.086431
FIRE:  471 19:15:14 -1008656.875000        0.076452
FIRE:  472 19:15:14 -1008656.875000        0.072777
FIRE:  473 19:15:14 -1008656.875000        0.072767
FIRE:  474 19:15:14 -1008656.875000        0.072749
FIRE:  475 19:15:14 -1008656.875000        0.072731
FIRE:  476 19:15:14 -1008656.875000        0.072694
FIRE:  477 19:15:15 -1008656.875000        0.072660
FIRE:  478 19:15:15 -1008656.875000        0.072611
FIRE:  479 19:15:15 -1008656.875000        0.072540
FIRE:  480 19:15:15 -1008656.875000        0.072458
FIRE:  481 19:15:15 -1008656.875000        0.072356
FIRE:  482 19:15:15 -1008656.875000        0.072219
FIRE:  483 19:15:15 -1008656.875000        0.072036
FIRE:  484 19:15:15 -1008656.875000        0.071819
FIRE:  485 19:15:15 -1008656.875000        0.071552
FIRE:  486 19:15:15 -1008656.875000        0.071210
FIRE:  487 19:15:15 -1008656.875000        0.070797
FIRE:  488 19:15:15 -1008656.875000        0.070289
FIRE:  489 19:15:15 -1008656.875000        0.069644
FIRE:  490 19:15:15 -1008656.875000        0.068811
FIRE:  491 19:15:15 -1008656.875000        0.067764
FIRE:  492 19:15:16 -1008656.875000        0.066439
FIRE:  493 19:15:16 -1008656.875000        0.064818
FIRE:  494 19:15:16 -1008656.875000        0.062814
FIRE:  495 19:15:16 -1008656.875000        0.060313
FIRE:  496 19:15:16 -1008656.875000        0.057162
FIRE:  497 19:15:16 -1008656.875000        0.053535
FIRE:  498 19:15:16 -1008656.937500        0.086817
FIRE:  499 19:15:16 -1008656.937500        0.223055
FIRE:  500 19:15:16 -1008656.937500        0.675760
FIRE:  501 19:15:16 -1008656.937500        1.859952
FIRE:  502 19:15:16 -1008656.937500        0.057313
FIRE:  503 19:15:16 -1008656.937500        0.057100
FIRE:  504 19:15:16 -1008656.937500        0.056684
FIRE:  505 19:15:16 -1008656.937500        0.056084
FIRE:  506 19:15:16 -1008656.937500        0.055332
FIRE:  507 19:15:17 -1008656.937500        0.054461
FIRE:  508 19:15:17 -1008656.937500        0.053514
FIRE:  509 19:15:17 -1008656.937500        0.052530
FIRE:  510 19:15:17 -1008656.937500        0.051438
FIRE:  511 19:15:17 -1008656.937500        0.050630
FIRE:  512 19:15:17 -1008656.937500        0.050100
FIRE:  513 19:15:17 -1008656.937500        0.048700
