      Step     Time          Energy          fmax
FIRE:    0 19:43:58  -569660.500000        5.806596
FIRE:    1 19:43:58  -569663.062500        2.576722
FIRE:    2 19:44:00  -569663.750000        5.228033
FIRE:    3 19:44:00  -569664.500000        2.823781
FIRE:    4 19:44:00  -569664.937500        1.938941
FIRE:    5 19:44:00  -569665.062500        2.396180
FIRE:    6 19:44:01  -569665.187500        2.292108
FIRE:    7 19:44:01  -569665.250000        2.107575
FIRE:    8 19:44:01  -569665.437500        1.879652
FIRE:    9 19:44:01  -569665.625000        1.679251
FIRE:   10 19:44:01  -569665.750000        1.587801
FIRE:   11 19:44:01  -569665.875000        1.614927
FIRE:   12 19:44:01  -569666.000000        1.670917
FIRE:   13 19:44:01  -569666.187500        1.657525
FIRE:   14 19:44:01  -569666.437500        1.574542
FIRE:   15 19:44:01  -569666.812500        1.293847
FIRE:   16 19:44:01  -569667.125000        1.171800
FIRE:   17 19:44:01  -569667.500000        1.219484
FIRE:   18 19:44:01  -569667.875000        1.279586
FIRE:   19 19:44:01  -569668.375000        1.120638
FIRE:   20 19:44:01  -569668.937500        1.108549
FIRE:   21 19:44:01  -569669.437500        1.190729
FIRE:   22 19:44:01  -569670.062500        1.314378
FIRE:   23 19:44:01  -569670.687500        1.426278
FIRE:   24 19:44:01  -569671.312500        1.540640
FIRE:   25 19:44:01  -569671.750000        1.690301
FIRE:   26 19:44:02  -569672.500000        1.824637
FIRE:   27 19:44:03  -569672.875000        1.924168
FIRE:   28 19:44:03  -569673.437500        1.911846
FIRE:   29 19:44:03  -569674.187500        1.597745
FIRE:   30 19:44:03  -569674.625000        0.848240
FIRE:   31 19:44:03  -569674.875000        1.124514
FIRE:   32 19:44:03  -569674.812500        3.697675
FIRE:   33 19:44:04  -569675.000000        2.594439
FIRE:   34 19:44:04  -569675.312500        1.220468
FIRE:   35 19:44:05  -569675.312500        1.157462
FIRE:   36 19:44:05  -569675.437500        1.520958
FIRE:   37 19:44:05  -569675.437500        1.299855
FIRE:   38 19:44:05  -569675.562500        1.349554
FIRE:   39 19:44:05  -569675.687500        1.347488
FIRE:   40 19:44:05  -569675.812500        1.134396
FIRE:   41 19:44:05  -569676.000000        0.893994
FIRE:   42 19:44:05  -569676.250000        0.730497
FIRE:   43 19:44:05  -569676.312500        1.101242
FIRE:   44 19:44:05  -569676.625000        1.104107
FIRE:   45 19:44:05  -569676.750000        1.124927
FIRE:   46 19:44:05  -569677.125000        1.325110
FIRE:   47 19:44:05  -569677.250000        0.935610
FIRE:   48 19:44:05  -569677.250000        0.934918
FIRE:   49 19:44:05  -569677.250000        0.933496
FIRE:   50 19:44:05  -569677.250000        0.931243
FIRE:   51 19:44:06  -569677.250000        0.928042
FIRE:   52 19:44:06  -569677.312500        0.923899
FIRE:   53 19:44:06  -569677.312500        0.918799
FIRE:   54 19:44:06  -569677.375000        0.912769
FIRE:   55 19:44:06  -569677.375000        0.905030
FIRE:   56 19:44:06  -569677.437500        0.895075
FIRE:   57 19:44:06  -569677.437500        0.882213
FIRE:   58 19:44:06  -569677.500000        0.865870
FIRE:   59 19:44:06  -569677.687500        0.848887
FIRE:   60 19:44:06  -569677.750000        0.835219
FIRE:   61 19:44:06  -569677.875000        0.807442
FIRE:   62 19:44:06  -569678.000000        0.728200
FIRE:   63 19:44:06  -569678.187500        0.590920
FIRE:   64 19:44:06  -569678.375000        0.419702
FIRE:   65 19:44:06  -569678.437500        0.520528
FIRE:   66 19:44:07  -569678.625000        0.958152
FIRE:   67 19:44:07  -569678.812500        1.258356
FIRE:   68 19:44:07  -569678.875000        2.221155
FIRE:   69 19:44:07  -569679.000000        0.891422
FIRE:   70 19:44:07  -569678.937500        2.255032
FIRE:   71 19:44:07  -569679.000000        1.567588
FIRE:   72 19:44:07  -569679.062500        0.649414
FIRE:   73 19:44:07  -569679.062500        0.656303
FIRE:   74 19:44:07  -569679.062500        0.615736
FIRE:   75 19:44:07  -569679.062500        0.596279
FIRE:   76 19:44:07  -569679.062500        0.586561
FIRE:   77 19:44:07  -569679.000000        0.573670
FIRE:   78 19:44:07  -569679.000000        0.557658
FIRE:   79 19:44:07  -569679.000000        0.538642
FIRE:   80 19:44:08  -569679.000000        0.516963
FIRE:   81 19:44:08  -569679.062500        0.490483
FIRE:   82 19:44:08  -569679.062500        0.460463
FIRE:   83 19:44:08  -569679.125000        0.459772
FIRE:   84 19:44:08  -569679.062500        0.458457
FIRE:   85 19:44:08  -569679.062500        0.456328
FIRE:   86 19:44:08  -569679.062500        0.453177
FIRE:   87 19:44:08  -569679.125000        0.448867
FIRE:   88 19:44:08  -569679.187500        0.443235
FIRE:   89 19:44:08  -569679.187500        0.435798
FIRE:   90 19:44:08  -569679.125000        0.425210
FIRE:   91 19:44:08  -569679.250000        0.409978
FIRE:   92 19:44:08  -569679.187500        0.387968
FIRE:   93 19:44:08  -569679.312500        0.356650
FIRE:   94 19:44:09  -569679.375000        0.315451
FIRE:   95 19:44:09  -569679.375000        0.261170
FIRE:   96 19:44:09  -569679.437500        0.207979
FIRE:   97 19:44:09  -569679.500000        0.239539
FIRE:   98 19:44:09  -569679.562500        0.314461
FIRE:   99 19:44:09  -569679.625000        0.498965
FIRE:  100 19:44:09  -569679.625000        0.898677
FIRE:  101 19:44:09  -569679.750000        2.033496
FIRE:  102 19:44:09  -569679.750000        0.346103
FIRE:  103 19:44:09  -569679.750000        1.801234
FIRE:  104 19:44:09  -569679.750000        1.340303
FIRE:  105 19:44:09  -569679.750000        0.567229
FIRE:  106 19:44:09  -569679.750000        0.288692
FIRE:  107 19:44:09  -569679.812500        0.286077
FIRE:  108 19:44:10  -569679.812500        0.284838
FIRE:  109 19:44:10  -569679.812500        0.282965
FIRE:  110 19:44:10  -569679.812500        0.280508
FIRE:  111 19:44:10  -569679.812500        0.277481
FIRE:  112 19:44:10  -569679.812500        0.273879
FIRE:  113 19:44:10  -569679.812500        0.269777
FIRE:  114 19:44:10  -569679.812500        0.264721
FIRE:  115 19:44:10  -569679.812500        0.258527
FIRE:  116 19:44:10  -569679.812500        0.251098
FIRE:  117 19:44:10  -569679.812500        0.242320
FIRE:  118 19:44:10  -569679.812500        0.232043
FIRE:  119 19:44:10  -569679.812500        0.220209
FIRE:  120 19:44:10  -569679.812500        0.210142
FIRE:  121 19:44:10  -569679.812500        0.198149
FIRE:  122 19:44:10  -569679.812500        0.184189
FIRE:  123 19:44:11  -569679.812500        0.168392
FIRE:  124 19:44:11  -569679.812500        0.152558
FIRE:  125 19:44:11  -569679.812500        0.145530
FIRE:  126 19:44:11  -569679.875000        0.138669
FIRE:  127 19:44:11  -569679.875000        0.132644
FIRE:  128 19:44:11  -569679.937500        0.128159
FIRE:  129 19:44:11  -569679.937500        0.125816
FIRE:  130 19:44:11  -569679.937500        0.125872
FIRE:  131 19:44:11  -569680.000000        0.128547
FIRE:  132 19:44:11  -569680.000000        0.133962
FIRE:  133 19:44:11  -569680.062500        0.206923
FIRE:  134 19:44:11  -569680.062500        0.538132
FIRE:  135 19:44:11  -569680.187500        1.643987
FIRE:  136 19:44:11  -569680.125000        5.394680
FIRE:  137 19:44:12  -569680.250000        1.536272
FIRE:  138 19:44:12  -569680.250000        1.135794
FIRE:  139 19:44:12  -569680.312500        0.414188
FIRE:  140 19:44:12  -569680.312500        0.449050
FIRE:  141 19:44:12  -569680.250000        0.415825
FIRE:  142 19:44:12  -569680.312500        0.352275
FIRE:  143 19:44:12  -569680.312500        0.263938
FIRE:  144 19:44:12  -569680.125000        0.159137
FIRE:  145 19:44:12  -569680.125000        0.138225
FIRE:  146 19:44:12  -569680.125000        0.137790
FIRE:  147 19:44:12  -569680.125000        0.152726
FIRE:  148 19:44:12  -569680.125000        0.218480
FIRE:  149 19:44:12  -569680.125000        0.249085
FIRE:  150 19:44:12  -569680.125000        0.232219
FIRE:  151 19:44:13  -569680.125000        0.162063
FIRE:  152 19:44:13  -569680.125000        0.133018
FIRE:  153 19:44:13  -569680.062500        0.131702
FIRE:  154 19:44:13  -569680.125000        0.185854
FIRE:  155 19:44:13  -569680.125000        0.167714
FIRE:  156 19:44:13  -569680.125000        0.127161
FIRE:  157 19:44:13  -569680.125000        0.149286
FIRE:  158 19:44:13  -569680.125000        0.173501
FIRE:  159 19:44:13  -569680.125000        0.123307
FIRE:  160 19:44:13  -569680.125000        0.158622
FIRE:  161 19:44:13  -569680.250000        0.123196
FIRE:  162 19:44:13  -569680.312500        0.180678
FIRE:  163 19:44:13  -569680.250000        0.126669
FIRE:  164 19:44:13  -569680.375000        0.129919
FIRE:  165 19:44:13  -569680.250000        0.233305
FIRE:  166 19:44:13  -569680.375000        0.446442
FIRE:  167 19:44:13  -569680.500000        1.035150
FIRE:  168 19:44:14  -569680.375000        2.580878
FIRE:  169 19:44:14  -569680.375000        0.166436
FIRE:  170 19:44:14  -569680.375000        0.136527
FIRE:  171 19:44:14  -569680.375000        0.136252
FIRE:  172 19:44:14  -569680.437500        0.135905
FIRE:  173 19:44:14  -569680.437500        0.135528
FIRE:  174 19:44:14  -569680.375000        0.135154
FIRE:  175 19:44:14  -569680.437500        0.134831
FIRE:  176 19:44:14  -569680.437500        0.134540
FIRE:  177 19:44:14  -569680.375000        0.134245
FIRE:  178 19:44:14  -569680.437500        0.133906
FIRE:  179 19:44:14  -569680.562500        0.133488
FIRE:  180 19:44:14  -569680.562500        0.133025
FIRE:  181 19:44:14  -569680.562500        0.132497
FIRE:  182 19:44:14  -569680.562500        0.131896
FIRE:  183 19:44:14  -569680.625000        0.131567
FIRE:  184 19:44:15  -569680.562500        0.131712
FIRE:  185 19:44:15  -569680.625000        0.132345
FIRE:  186 19:44:15  -569680.625000        0.133885
FIRE:  187 19:44:15  -569680.625000        0.135887
FIRE:  188 19:44:15  -569680.625000        0.137892
FIRE:  189 19:44:15  -569680.687500        0.361125
FIRE:  190 19:44:15  -569680.750000        1.090264
FIRE:  191 19:44:15  -569680.750000        2.994467
FIRE:  192 19:44:15  -569680.812500        0.148066
FIRE:  193 19:44:15  -569680.812500        3.279919
FIRE:  194 19:44:15  -569680.875000        2.243354
FIRE:  195 19:44:15  -569680.750000        0.628049
FIRE:  196 19:44:15  -569680.875000        0.979175
FIRE:  197 19:44:15  -569680.875000        0.918064
FIRE:  198 19:44:15  -569680.875000        0.798931
FIRE:  199 19:44:16  -569680.875000        0.628352
FIRE:  200 19:44:16  -569680.750000        0.416248
FIRE:  201 19:44:16  -569680.750000        0.177638
FIRE:  202 19:44:16  -569680.875000        0.139889
FIRE:  203 19:44:16  -569680.875000        0.277837
FIRE:  204 19:44:16  -569680.875000        0.446575
FIRE:  205 19:44:16  -569680.750000        0.543607
FIRE:  206 19:44:16  -569680.750000        0.543929
FIRE:  207 19:44:16  -569680.750000        0.430366
FIRE:  208 19:44:16  -569680.750000        0.205269
FIRE:  209 19:44:16  -569680.875000        0.139901
FIRE:  210 19:44:16  -569680.875000        0.343976
FIRE:  211 19:44:16  -569680.875000        0.436364
FIRE:  212 19:44:16  -569680.875000        0.301888
FIRE:  213 19:44:16  -569680.875000        0.139392
FIRE:  214 19:44:17  -569680.812500        0.338275
FIRE:  215 19:44:17  -569680.875000        0.285843
FIRE:  216 19:44:17  -569680.875000        0.137934
FIRE:  217 19:44:17  -569680.812500        0.343443
FIRE:  218 19:44:17  -569680.812500        0.135941
FIRE:  219 19:44:17  -569680.875000        0.321798
FIRE:  220 19:44:17  -569680.937500        0.243521
FIRE:  221 19:44:17  -569680.937500        0.130225
FIRE:  222 19:44:17  -569680.812500        0.307536
FIRE:  223 19:44:17  -569681.000000        0.764595
FIRE:  224 19:44:17  -569681.000000        1.752775
FIRE:  225 19:44:17  -569681.000000        0.122258
FIRE:  226 19:44:17  -569681.000000        1.404510
FIRE:  227 19:44:17  -569681.000000        1.112180
FIRE:  228 19:44:18  -569681.000000        0.574687
FIRE:  229 19:44:18  -569681.000000        0.122394
FIRE:  230 19:44:18  -569681.000000        0.696648
FIRE:  231 19:44:18  -569681.062500        0.655150
FIRE:  232 19:44:18  -569681.062500        0.574706
FIRE:  233 19:44:18  -569681.062500        0.461225
FIRE:  234 19:44:18  -569681.000000        0.322458
FIRE:  235 19:44:18  -569681.000000        0.169058
FIRE:  236 19:44:18  -569681.000000        0.122361
FIRE:  237 19:44:18  -569681.062500        0.128648
FIRE:  238 19:44:18  -569681.062500        0.249666
FIRE:  239 19:44:18  -569681.000000        0.334531
FIRE:  240 19:44:18  -569681.062500        0.367323
FIRE:  241 19:44:18  -569681.062500        0.334575
FIRE:  242 19:44:18  -569681.062500        0.228882
FIRE:  243 19:44:19  -569681.062500        0.122031
FIRE:  244 19:44:19  -569681.000000        0.136037
FIRE:  245 19:44:19  -569681.062500        0.265211
FIRE:  246 19:44:19  -569681.000000        0.256320
FIRE:  247 19:44:19  -569681.000000        0.121123
FIRE:  248 19:44:19  -569681.062500        0.155305
FIRE:  249 19:44:19  -569681.062500        0.253470
FIRE:  250 19:44:19  -569681.062500        0.118462
FIRE:  251 19:44:19  -569681.062500        0.199648
FIRE:  252 19:44:19  -569681.062500        0.152563
FIRE:  253 19:44:19  -569681.125000        0.208894
FIRE:  254 19:44:19  -569681.062500        0.111173
FIRE:  255 19:44:19  -569681.125000        0.290085
FIRE:  256 19:44:19  -569681.125000        0.296298
FIRE:  257 19:44:20  -569681.187500        0.273706
FIRE:  258 19:44:20  -569681.125000        0.471470
FIRE:  259 19:44:20  -569681.125000        1.269589
FIRE:  260 19:44:20  -569681.062500        3.408794
FIRE:  261 19:44:20  -569681.312500        0.132171
FIRE:  262 19:44:20  -569681.375000        0.097595
FIRE:  263 19:44:20  -569681.125000        0.083720
FIRE:  264 19:44:20  -569681.187500        0.083160
FIRE:  265 19:44:20  -569681.187500        0.099531
FIRE:  266 19:44:20  -569681.375000        0.112526
FIRE:  267 19:44:20  -569681.187500        0.082868
FIRE:  268 19:44:20  -569681.312500        0.082664
FIRE:  269 19:44:20  -569681.187500        0.082989
FIRE:  270 19:44:20  -569681.312500        0.083279
FIRE:  271 19:44:20  -569681.250000        0.083389
FIRE:  272 19:44:21  -569681.250000        0.083344
FIRE:  273 19:44:21  -569681.187500        0.083395
FIRE:  274 19:44:21  -569681.125000        0.083606
FIRE:  275 19:44:21  -569681.312500        0.083415
FIRE:  276 19:44:21  -569681.312500        0.082229
FIRE:  277 19:44:21  -569681.375000        0.081102
FIRE:  278 19:44:21  -569681.375000        0.084899
FIRE:  279 19:44:21  -569681.375000        0.115235
FIRE:  280 19:44:21  -569681.437500        0.184780
FIRE:  281 19:44:21  -569681.437500        0.506631
FIRE:  282 19:44:21  -569681.437500        1.298189
FIRE:  283 19:44:21  -569681.375000        0.070876
FIRE:  284 19:44:21  -569681.375000        1.268619
FIRE:  285 19:44:21  -569681.375000        0.930170
FIRE:  286 19:44:21  -569681.437500        0.360404
FIRE:  287 19:44:21  -569681.437500        0.271728
FIRE:  288 19:44:22  -569681.375000        0.254457
FIRE:  289 19:44:22  -569681.437500        0.220981
FIRE:  290 19:44:22  -569681.375000        0.173323
FIRE:  291 19:44:22  -569681.375000        0.114875
FIRE:  292 19:44:22  -569681.437500        0.070609
FIRE:  293 19:44:22  -569681.437500        0.070234
FIRE:  294 19:44:22  -569681.500000        0.073078
FIRE:  295 19:44:22  -569681.437500        0.121636
FIRE:  296 19:44:22  -569681.500000        0.152407
FIRE:  297 19:44:22  -569681.437500        0.157428
FIRE:  298 19:44:22  -569681.437500        0.130778
FIRE:  299 19:44:22  -569681.437500        0.071856
FIRE:  300 19:44:22  -569681.437500        0.070235
FIRE:  301 19:44:22  -569681.437500        0.081811
FIRE:  302 19:44:22  -569681.437500        0.111850
FIRE:  303 19:44:22  -569681.437500        0.075074
FIRE:  304 19:44:22  -569681.437500        0.069291
FIRE:  305 19:44:23  -569681.437500        0.103040
FIRE:  306 19:44:23  -569681.500000        0.086244
FIRE:  307 19:44:23  -569681.500000        0.068786
FIRE:  308 19:44:23  -569681.375000        0.089796
FIRE:  309 19:44:23  -569681.437500        0.069103
FIRE:  310 19:44:23  -569681.375000        0.094733
FIRE:  311 19:44:23  -569681.437500        0.078155
FIRE:  312 19:44:23  -569681.437500        0.069465
FIRE:  313 19:44:23  -569681.437500        0.069128
FIRE:  314 19:44:23  -569681.437500        0.159070
FIRE:  315 19:44:23  -569681.625000        0.516691
FIRE:  316 19:44:23  -569681.500000        1.416650
FIRE:  317 19:44:23  -569681.500000        0.068396
FIRE:  318 19:44:23  -569681.500000        1.405658
FIRE:  319 19:44:23  -569681.500000        1.018574
FIRE:  320 19:44:23  -569681.500000        0.373002
FIRE:  321 19:44:23  -569681.500000        0.331926
FIRE:  322 19:44:24  -569681.500000        0.310564
FIRE:  323 19:44:24  -569681.625000        0.269150
FIRE:  324 19:44:24  -569681.500000        0.210266
FIRE:  325 19:44:24  -569681.500000        0.137926
FIRE:  326 19:44:24  -569681.500000        0.067872
FIRE:  327 19:44:24  -569681.437500        0.067831
FIRE:  328 19:44:24  -569681.437500        0.093017
FIRE:  329 19:44:24  -569681.437500        0.151327
FIRE:  330 19:44:24  -569681.500000        0.186820
FIRE:  331 19:44:24  -569681.500000        0.189884
FIRE:  332 19:44:24  -569681.500000        0.153853
FIRE:  333 19:44:24  -569681.500000        0.078839
FIRE:  334 19:44:24  -569681.500000        0.067686
FIRE:  335 19:44:24  -569681.500000        0.107378
FIRE:  336 19:44:24  -569681.500000        0.138250
FIRE:  337 19:44:24  -569681.500000        0.086804
FIRE:  338 19:44:24  -569681.500000        0.067581
FIRE:  339 19:44:25  -569681.500000        0.127925
FIRE:  340 19:44:25  -569681.562500        0.096181
FIRE:  341 19:44:25  -569681.562500        0.067769
FIRE:  342 19:44:25  -569681.562500        0.106985
FIRE:  343 19:44:25  -569681.562500        0.067901
FIRE:  344 19:44:25  -569681.562500        0.106351
FIRE:  345 19:44:25  -569681.562500        0.109559
FIRE:  346 19:44:25  -569681.500000        0.067740
FIRE:  347 19:44:25  -569681.625000        0.067493
FIRE:  348 19:44:25  -569681.625000        0.107734
FIRE:  349 19:44:25  -569681.625000        0.401032
FIRE:  350 19:44:25  -569681.625000        1.211428
FIRE:  351 19:44:25  -569681.687500        0.066604
FIRE:  352 19:44:25  -569681.687500        0.066593
FIRE:  353 19:44:25  -569681.687500        0.066568
FIRE:  354 19:44:25  -569681.687500        0.066527
FIRE:  355 19:44:25  -569681.625000        0.066474
FIRE:  356 19:44:26  -569681.687500        0.066421
FIRE:  357 19:44:26  -569681.687500        0.066326
FIRE:  358 19:44:26  -569681.750000        0.066255
FIRE:  359 19:44:26  -569681.687500        0.066194
FIRE:  360 19:44:26  -569681.625000        0.066160
FIRE:  361 19:44:26  -569681.687500        0.066139
FIRE:  362 19:44:26  -569681.687500        0.066101
FIRE:  363 19:44:26  -569681.687500        0.066116
FIRE:  364 19:44:26  -569681.687500        0.066220
FIRE:  365 19:44:26  -569681.687500        0.066327
FIRE:  366 19:44:26  -569681.625000        0.066518
FIRE:  367 19:44:26  -569681.687500        0.066681
FIRE:  368 19:44:26  -569681.750000        0.066779
FIRE:  369 19:44:26  -569681.750000        0.066759
FIRE:  370 19:44:26  -569681.750000        0.066684
FIRE:  371 19:44:26  -569681.750000        0.182783
FIRE:  372 19:44:26  -569681.750000        0.622656
FIRE:  373 19:44:27  -569681.750000        2.098972
FIRE:  374 19:44:27  -569681.812500        0.509927
FIRE:  375 19:44:27  -569681.812500        0.363191
FIRE:  376 19:44:27  -569681.812500        0.109333
FIRE:  377 19:44:27  -569681.812500        0.172629
FIRE:  378 19:44:27  -569681.750000        0.159873
FIRE:  379 19:44:27  -569681.750000        0.135485
FIRE:  380 19:44:27  -569681.812500        0.101598
FIRE:  381 19:44:27  -569681.937500        0.066600
FIRE:  382 19:44:27  -569681.750000        0.066555
FIRE:  383 19:44:27  -569681.750000        0.066522
FIRE:  384 19:44:27  -569681.812500        0.066483
FIRE:  385 19:44:27  -569681.750000        0.081440
FIRE:  386 19:44:27  -569681.812500        0.091457
FIRE:  387 19:44:27  -569681.812500        0.082306
FIRE:  388 19:44:28  -569681.812500        0.066231
FIRE:  389 19:44:28  -569681.812500        0.066155
FIRE:  390 19:44:28  -569681.812500        0.066086
FIRE:  391 19:44:28  -569681.812500        0.070853
FIRE:  392 19:44:28  -569681.812500        0.066012
FIRE:  393 19:44:28  -569681.812500        0.066010
FIRE:  394 19:44:28  -569681.812500        0.066024
FIRE:  395 19:44:28  -569681.812500        0.066093
FIRE:  396 19:44:28  -569681.812500        0.066215
FIRE:  397 19:44:28  -569681.812500        0.066432
FIRE:  398 19:44:28  -569681.750000        0.066684
FIRE:  399 19:44:28  -569681.875000        0.067025
FIRE:  400 19:44:28  -569681.875000        0.067356
FIRE:  401 19:44:28  -569681.875000        0.067621
FIRE:  402 19:44:28  -569681.875000        0.067752
FIRE:  403 19:44:28  -569681.875000        0.146152
FIRE:  404 19:44:28  -569681.875000        0.410145
FIRE:  405 19:44:28  -569681.937500        1.149828
FIRE:  406 19:44:29  -569681.937500        0.068953
FIRE:  407 19:44:29  -569681.937500        0.068916
FIRE:  408 19:44:29  -569681.937500        0.068879
FIRE:  409 19:44:29  -569681.937500        0.068791
FIRE:  410 19:44:29  -569681.937500        0.068703
FIRE:  411 19:44:29  -569681.937500        0.068603
FIRE:  412 19:44:29  -569681.937500        0.068514
FIRE:  413 19:44:29  -569681.937500        0.068430
FIRE:  414 19:44:29  -569681.937500        0.068385
FIRE:  415 19:44:29  -569681.937500        0.068337
FIRE:  416 19:44:29  -569682.062500        0.068347
FIRE:  417 19:44:29  -569681.937500        0.068426
FIRE:  418 19:44:29  -569681.937500        0.068555
FIRE:  419 19:44:29  -569681.937500        0.068797
FIRE:  420 19:44:29  -569681.875000        0.069040
FIRE:  421 19:44:29  -569681.937500        0.069381
FIRE:  422 19:44:30  -569681.937500        0.069793
FIRE:  423 19:44:30  -569682.000000        0.070145
FIRE:  424 19:44:30  -569682.000000        0.070365
FIRE:  425 19:44:30  -569682.000000        0.070511
FIRE:  426 19:44:30  -569681.937500        0.082333
FIRE:  427 19:44:30  -569682.062500        0.309613
FIRE:  428 19:44:30  -569682.250000        1.168539
FIRE:  429 19:44:30  -569682.250000        0.071247
FIRE:  430 19:44:30  -569682.250000        0.071262
FIRE:  431 19:44:30  -569682.187500        0.071292
FIRE:  432 19:44:30  -569682.062500        0.071327
FIRE:  433 19:44:30  -569682.062500        0.071383
FIRE:  434 19:44:30  -569682.062500        0.071399
FIRE:  435 19:44:30  -569682.062500        0.071429
FIRE:  436 19:44:31  -569682.062500        0.071413
FIRE:  437 19:44:31  -569682.062500        0.071320
FIRE:  438 19:44:31  -569682.062500        0.071048
FIRE:  439 19:44:31  -569682.062500        0.070585
FIRE:  440 19:44:31  -569682.250000        0.069776
FIRE:  441 19:44:31  -569682.250000        0.069207
FIRE:  442 19:44:31  -569682.187500        0.069255
FIRE:  443 19:44:31  -569682.250000        0.069329
FIRE:  444 19:44:31  -569682.312500        0.069360
FIRE:  445 19:44:31  -569682.250000        0.069291
FIRE:  446 19:44:31  -569682.312500        0.081134
FIRE:  447 19:44:31  -569682.250000        0.070023
FIRE:  448 19:44:31  -569682.312500        0.090464
FIRE:  449 19:44:31  -569682.125000        0.281711
FIRE:  450 19:44:31  -569682.187500        0.875010
FIRE:  451 19:44:32  -569682.187500        0.117605
FIRE:  452 19:44:32  -569682.187500        0.758914
FIRE:  453 19:44:32  -569682.187500        0.579345
FIRE:  454 19:44:32  -569682.125000        0.257723
FIRE:  455 19:44:32  -569682.187500        0.131363
FIRE:  456 19:44:32  -569682.125000        0.122954
FIRE:  457 19:44:32  -569682.187500        0.115060
FIRE:  458 19:44:32  -569682.187500        0.115079
FIRE:  459 19:44:32  -569682.187500        0.115089
FIRE:  460 19:44:32  -569682.187500        0.115118
FIRE:  461 19:44:32  -569682.125000        0.115145
FIRE:  462 19:44:32  -569682.187500        0.115181
FIRE:  463 19:44:32  -569682.187500        0.115243
FIRE:  464 19:44:32  -569682.187500        0.115340
FIRE:  465 19:44:33  -569682.187500        0.115472
FIRE:  466 19:44:33  -569682.187500        0.115657
FIRE:  467 19:44:33  -569682.187500        0.115943
FIRE:  468 19:44:33  -569682.187500        0.116356
FIRE:  469 19:44:33  -569682.187500        0.116995
FIRE:  470 19:44:33  -569682.187500        0.117897
FIRE:  471 19:44:33  -569682.187500        0.119157
FIRE:  472 19:44:33  -569682.187500        0.120880
FIRE:  473 19:44:33  -569682.187500        0.123133
FIRE:  474 19:44:33  -569682.187500        0.125968
FIRE:  475 19:44:33  -569682.125000        0.129411
FIRE:  476 19:44:33  -569682.187500        0.133419
FIRE:  477 19:44:33  -569682.187500        0.137937
FIRE:  478 19:44:33  -569682.187500        0.143159
FIRE:  479 19:44:34  -569682.250000        0.150207
FIRE:  480 19:44:34  -569682.250000        0.160956
FIRE:  481 19:44:34  -569682.250000        0.206439
FIRE:  482 19:44:34  -569682.312500        0.150591
FIRE:  483 19:44:34  -569682.500000        0.318507
FIRE:  484 19:44:34  -569682.437500        1.116636
FIRE:  485 19:44:34  -569682.437500        0.100188
FIRE:  486 19:44:34  -569682.312500        0.098244
FIRE:  487 19:44:34  -569682.500000        0.094444
FIRE:  488 19:44:34  -569682.437500        0.088987
FIRE:  489 19:44:34  -569682.437500        0.082150
FIRE:  490 19:44:34  -569682.312500        0.074234
FIRE:  491 19:44:34  -569682.312500        0.065723
FIRE:  492 19:44:34  -569682.312500        0.065645
FIRE:  493 19:44:34  -569682.312500        0.065585
FIRE:  494 19:44:35  -569682.437500        0.065537
FIRE:  495 19:44:35  -569682.437500        0.065537
FIRE:  496 19:44:35  -569682.437500        0.065616
FIRE:  497 19:44:35  -569682.312500        0.065797
FIRE:  498 19:44:35  -569682.437500        0.066057
FIRE:  499 19:44:35  -569682.312500        0.066430
FIRE:  500 19:44:35  -569682.500000        0.068041
FIRE:  501 19:44:35  -569682.312500        0.074839
FIRE:  502 19:44:35  -569682.562500        0.073932
FIRE:  503 19:44:35  -569682.500000        0.068582
FIRE:  504 19:44:35  -569682.500000        0.068696
FIRE:  505 19:44:35  -569682.500000        0.068537
FIRE:  506 19:44:35  -569682.375000        0.166362
FIRE:  507 19:44:35  -569682.562500        0.752978
FIRE:  508 19:44:36  -569682.375000        3.311043
FIRE:  509 19:44:36  -569682.562500        1.418843
FIRE:  510 19:44:36  -569682.500000        0.977850
FIRE:  511 19:44:36  -569682.437500        0.200357
FIRE:  512 19:44:36  -569682.562500        0.676523
FIRE:  513 19:44:36  -569682.437500        0.617578
FIRE:  514 19:44:36  -569682.562500        0.505634
FIRE:  515 19:44:36  -569682.500000        0.351751
FIRE:  516 19:44:36  -569682.437500        0.170993
FIRE:  517 19:44:36  -569682.500000        0.076336
FIRE:  518 19:44:36  -569682.562500        0.178899
FIRE:  519 19:44:36  -569682.500000        0.175117
FIRE:  520 19:44:36  -569682.500000        0.167556
FIRE:  521 19:44:36  -569682.500000        0.156460
FIRE:  522 19:44:36  -569682.562500        0.141896
FIRE:  523 19:44:37  -569682.500000        0.124553
FIRE:  524 19:44:37  -569682.500000        0.104644
FIRE:  525 19:44:37  -569682.562500        0.082896
FIRE:  526 19:44:37  -569682.500000        0.075331
FIRE:  527 19:44:37  -569682.500000        0.075154
FIRE:  528 19:44:37  -569682.500000        0.074958
FIRE:  529 19:44:37  -569682.625000        0.074707
FIRE:  530 19:44:37  -569682.500000        0.074414
FIRE:  531 19:44:37  -569682.500000        0.081914
FIRE:  532 19:44:37  -569682.500000        0.091844
FIRE:  533 19:44:37  -569682.562500        0.086928
FIRE:  534 19:44:37  -569682.562500        0.072883
FIRE:  535 19:44:37  -569682.500000        0.072445
FIRE:  536 19:44:37  -569682.562500        0.071996
FIRE:  537 19:44:38  -569682.500000        0.071559
FIRE:  538 19:44:38  -569682.500000        0.071171
FIRE:  539 19:44:38  -569682.500000        0.070865
FIRE:  540 19:44:38  -569682.562500        0.070720
FIRE:  541 19:44:38  -569682.500000        0.070910
FIRE:  542 19:44:38  -569682.500000        0.071614
FIRE:  543 19:44:38  -569682.500000        0.072752
FIRE:  544 19:44:38  -569682.500000        0.074186
FIRE:  545 19:44:38  -569682.562500        0.075740
FIRE:  546 19:44:38  -569682.562500        0.077197
FIRE:  547 19:44:38  -569682.625000        0.078354
FIRE:  548 19:44:38  -569682.625000        0.078955
FIRE:  549 19:44:38  -569682.562500        0.086827
FIRE:  550 19:44:38  -569682.625000        0.129446
FIRE:  551 19:44:38  -569682.562500        0.280483
FIRE:  552 19:44:39  -569682.625000        0.698917
FIRE:  553 19:44:39  -569682.625000        2.004644
FIRE:  554 19:44:39  -569682.625000        0.318149
FIRE:  555 19:44:39  -569682.625000        0.231189
FIRE:  556 19:44:39  -569682.625000        0.091207
FIRE:  557 19:44:39  -569682.625000        0.091074
FIRE:  558 19:44:39  -569682.687500        0.207870
FIRE:  559 19:44:39  -569682.687500        0.240646
FIRE:  560 19:44:39  -569682.625000        0.182168
FIRE:  561 19:44:39  -569682.687500        0.091027
FIRE:  562 19:44:39  -569682.687500        0.094496
FIRE:  563 19:44:39  -569682.687500        0.182544
FIRE:  564 19:44:39  -569682.625000        0.137687
FIRE:  565 19:44:39  -569682.625000        0.091803
FIRE:  566 19:44:39  -569682.625000        0.167128
FIRE:  567 19:44:40  -569682.687500        0.093101
FIRE:  568 19:44:40  -569682.687500        0.139307
FIRE:  569 19:44:40  -569682.687500        0.095296
FIRE:  570 19:44:40  -569682.687500        0.186969
FIRE:  571 19:44:40  -569682.687500        0.106396
FIRE:  572 19:44:40  -569682.750000        0.119611
FIRE:  573 19:44:40  -569682.750000        0.208376
FIRE:  574 19:44:40  -569682.750000        0.522656
FIRE:  575 19:44:40  -569682.687500        1.365904
FIRE:  576 19:44:40  -569682.750000        0.111421
FIRE:  577 19:44:40  -569682.812500        0.111681
FIRE:  578 19:44:40  -569682.812500        0.112201
FIRE:  579 19:44:40  -569682.812500        0.112967
FIRE:  580 19:44:40  -569682.750000        0.113927
FIRE:  581 19:44:40  -569682.812500        0.115048
FIRE:  582 19:44:41  -569682.750000        0.116244
FIRE:  583 19:44:41  -569682.812500        0.117455
FIRE:  584 19:44:41  -569682.750000        0.118712
FIRE:  585 19:44:41  -569682.812500        0.119883
FIRE:  586 19:44:41  -569682.750000        0.120816
FIRE:  587 19:44:41  -569682.812500        0.121358
FIRE:  588 19:44:41  -569682.875000        0.121372
FIRE:  589 19:44:41  -569682.812500        0.120830
FIRE:  590 19:44:41  -569682.812500        0.119934
FIRE:  591 19:44:41  -569682.812500        0.119065
FIRE:  592 19:44:41  -569682.812500        0.118874
FIRE:  593 19:44:41  -569682.812500        0.119966
FIRE:  594 19:44:41  -569682.812500        0.122381
FIRE:  595 19:44:41  -569682.875000        0.125371
FIRE:  596 19:44:41  -569682.875000        0.127204
FIRE:  597 19:44:42  -569682.875000        0.345275
FIRE:  598 19:44:42  -569682.875000        1.277122
FIRE:  599 19:44:42  -569682.937500        0.128954
FIRE:  600 19:44:42  -569682.937500        0.129079
FIRE:  601 19:44:42  -569682.937500        0.129316
FIRE:  602 19:44:42  -569682.937500        0.129676
FIRE:  603 19:44:42  -569682.937500        0.130110
FIRE:  604 19:44:42  -569682.937500        0.130582
FIRE:  605 19:44:42  -569682.937500        0.131061
FIRE:  606 19:44:42  -569682.937500        0.131490
FIRE:  607 19:44:42  -569682.937500        0.131906
FIRE:  608 19:44:42  -569682.937500        0.132243
FIRE:  609 19:44:42  -569682.937500        0.132484
FIRE:  610 19:44:42  -569682.937500        0.132653
FIRE:  611 19:44:43  -569682.937500        0.132786
FIRE:  612 19:44:43  -569682.937500        0.132928
FIRE:  613 19:44:43  -569682.937500        0.133190
FIRE:  614 19:44:43  -569682.937500        0.133689
FIRE:  615 19:44:43  -569682.937500        0.134369
FIRE:  616 19:44:43  -569682.937500        0.135203
FIRE:  617 19:44:43  -569682.937500        0.136351
FIRE:  618 19:44:43  -569683.000000        0.137729
FIRE:  619 19:44:43  -569683.000000        0.170348
FIRE:  620 19:44:43  -569683.000000        0.678786
FIRE:  621 19:44:43  -569683.000000        2.203906
FIRE:  622 19:44:43  -569683.062500        0.277955
FIRE:  623 19:44:43  -569683.062500        0.197047
FIRE:  624 19:44:43  -569683.062500        0.138215
FIRE:  625 19:44:43  -569683.062500        0.138956
FIRE:  626 19:44:44  -569683.062500        0.192353
FIRE:  627 19:44:44  -569683.062500        0.209727
FIRE:  628 19:44:44  -569683.062500        0.144960
FIRE:  629 19:44:44  -569683.062500        0.142164
FIRE:  630 19:44:44  -569683.062500        0.142585
FIRE:  631 19:44:44  -569683.062500        0.161862
FIRE:  632 19:44:44  -569683.062500        0.142793
FIRE:  633 19:44:44  -569683.062500        0.142619
FIRE:  634 19:44:44  -569683.062500        0.150434
FIRE:  635 19:44:44  -569683.062500        0.142111
FIRE:  636 19:44:44  -569683.062500        0.142179
FIRE:  637 19:44:44  -569683.062500        0.143943
FIRE:  638 19:44:44  -569683.062500        0.154452
FIRE:  639 19:44:44  -569683.062500        0.144337
FIRE:  640 19:44:44  -569683.000000        0.142668
FIRE:  641 19:44:45  -569683.187500        0.178822
FIRE:  642 19:44:45  -569683.125000        0.459024
FIRE:  643 19:44:45  -569683.125000        1.445600
FIRE:  644 19:44:45  -569683.125000        0.160156
FIRE:  645 19:44:45  -569683.125000        0.135940
FIRE:  646 19:44:45  -569683.125000        0.136324
FIRE:  647 19:44:45  -569683.125000        0.136883
FIRE:  648 19:44:45  -569683.125000        0.137548
FIRE:  649 19:44:45  -569683.125000        0.138249
FIRE:  650 19:44:45  -569683.125000        0.138891
FIRE:  651 19:44:45  -569683.125000        0.139395
FIRE:  652 19:44:45  -569683.125000        0.139658
FIRE:  653 19:44:45  -569683.125000        0.139558
FIRE:  654 19:44:45  -569683.125000        0.138998
FIRE:  655 19:44:45  -569683.187500        0.137988
FIRE:  656 19:44:46  -569683.125000        0.136650
FIRE:  657 19:44:46  -569683.125000        0.135194
FIRE:  658 19:44:46  -569683.125000        0.133777
FIRE:  659 19:44:46  -569683.125000        0.132228
FIRE:  660 19:44:46  -569683.187500        0.130306
FIRE:  661 19:44:46  -569683.187500        0.127897
FIRE:  662 19:44:46  -569683.187500        0.125100
FIRE:  663 19:44:46  -569683.187500        0.122725
FIRE:  664 19:44:46  -569683.187500        0.119825
FIRE:  665 19:44:46  -569683.250000        0.416620
FIRE:  666 19:44:46  -569683.250000        1.408203
FIRE:  667 19:44:46  -569683.250000        0.280876
FIRE:  668 19:44:46  -569683.375000        0.199072
FIRE:  669 19:44:46  -569683.312500        0.120219
FIRE:  670 19:44:47  -569683.250000        0.120753
FIRE:  671 19:44:47  -569683.250000        0.195827
FIRE:  672 19:44:47  -569683.250000        0.214026
FIRE:  673 19:44:47  -569683.312500        0.148004
FIRE:  674 19:44:47  -569683.312500        0.122425
FIRE:  675 19:44:47  -569683.250000        0.122185
FIRE:  676 19:44:47  -569683.375000        0.162783
FIRE:  677 19:44:47  -569683.312500        0.119989
FIRE:  678 19:44:47  -569683.250000        0.117948
FIRE:  679 19:44:47  -569683.312500        0.152889
FIRE:  680 19:44:47  -569683.312500        0.115154
FIRE:  681 19:44:47  -569683.250000        0.140732
FIRE:  682 19:44:47  -569683.312500        0.112684
FIRE:  683 19:44:47  -569683.312500        0.152635
FIRE:  684 19:44:47  -569683.375000        0.153599
FIRE:  685 19:44:47  -569683.375000        0.120050
FIRE:  686 19:44:47  -569683.375000        0.135579
FIRE:  687 19:44:48  -569683.375000        0.363269
FIRE:  688 19:44:48  -569683.375000        1.043110
FIRE:  689 19:44:48  -569683.437500        0.114827
FIRE:  690 19:44:48  -569683.437500        0.114514
FIRE:  691 19:44:48  -569683.437500        0.113945
FIRE:  692 19:44:48  -569683.437500        0.113170
FIRE:  693 19:44:48  -569683.437500        0.112235
FIRE:  694 19:44:48  -569683.437500        0.111253
FIRE:  695 19:44:48  -569683.437500        0.110359
FIRE:  696 19:44:48  -569683.437500        0.109579
FIRE:  697 19:44:48  -569683.437500        0.108947
FIRE:  698 19:44:48  -569683.437500        0.108603
FIRE:  699 19:44:48  -569683.437500        0.108580
FIRE:  700 19:44:48  -569683.437500        0.108876
FIRE:  701 19:44:48  -569683.250000        0.109405
FIRE:  702 19:44:48  -569683.437500        0.110055
FIRE:  703 19:44:48  -569683.437500        0.110739
FIRE:  704 19:44:49  -569683.437500        0.111464
FIRE:  705 19:44:49  -569683.437500        0.112173
FIRE:  706 19:44:49  -569683.437500        0.112880
FIRE:  707 19:44:49  -569683.437500        0.113533
FIRE:  708 19:44:49  -569683.500000        0.114018
FIRE:  709 19:44:49  -569683.500000        0.114010
FIRE:  710 19:44:49  -569683.500000        0.240978
FIRE:  711 19:44:49  -569683.500000        0.942510
FIRE:  712 19:44:49  -569683.562500        0.118735
FIRE:  713 19:44:49  -569683.562500        0.118510
FIRE:  714 19:44:49  -569683.562500        0.118069
FIRE:  715 19:44:49  -569683.562500        0.117464
FIRE:  716 19:44:49  -569683.562500        0.116761
FIRE:  717 19:44:49  -569683.562500        0.116038
FIRE:  718 19:44:49  -569683.562500        0.115416
FIRE:  719 19:44:49  -569683.562500        0.114947
FIRE:  720 19:44:49  -569683.562500        0.114718
FIRE:  721 19:44:50  -569683.562500        0.114833
FIRE:  722 19:44:50  -569683.562500        0.115359
FIRE:  723 19:44:50  -569683.562500        0.116233
FIRE:  724 19:44:50  -569683.562500        0.117294
FIRE:  725 19:44:50  -569683.562500        0.118302
FIRE:  726 19:44:50  -569683.562500        0.119342
FIRE:  727 19:44:50  -569683.562500        0.120620
FIRE:  728 19:44:50  -569683.562500        0.121992
FIRE:  729 19:44:50  -569683.562500        0.123323
FIRE:  730 19:44:50  -569683.625000        0.124961
FIRE:  731 19:44:50  -569683.625000        0.146323
FIRE:  732 19:44:50  -569683.625000        0.381951
FIRE:  733 19:44:50  -569683.625000        0.966600
FIRE:  734 19:44:50  -569683.625000        0.127112
FIRE:  735 19:44:50  -569683.625000        0.126975
FIRE:  736 19:44:50  -569683.625000        0.126743
FIRE:  737 19:44:50  -569683.562500        0.126455
FIRE:  738 19:44:51  -569683.562500        0.126169
FIRE:  739 19:44:51  -569683.562500        0.125923
FIRE:  740 19:44:51  -569683.562500        0.125794
FIRE:  741 19:44:51  -569683.625000        0.125764
FIRE:  742 19:44:51  -569683.625000        0.125844
FIRE:  743 19:44:51  -569683.562500        0.126034
FIRE:  744 19:44:51  -569683.562500        0.126280
FIRE:  745 19:44:51  -569683.625000        0.126548
FIRE:  746 19:44:51  -569683.625000        0.126522
FIRE:  747 19:44:51  -569683.625000        0.124801
FIRE:  748 19:44:51  -569683.687500        0.122233
FIRE:  749 19:44:51  -569683.625000        0.117987
FIRE:  750 19:44:51  -569683.687500        0.113569
FIRE:  751 19:44:51  -569683.687500        0.111592
FIRE:  752 19:44:51  -569683.687500        0.111931
FIRE:  753 19:44:51  -569683.687500        0.113783
FIRE:  754 19:44:51  -569683.750000        0.113731
FIRE:  755 19:44:52  -569683.687500        0.122442
FIRE:  756 19:44:52  -569683.687500        0.576838
FIRE:  757 19:44:52  -569683.625000        2.469104
FIRE:  758 19:44:52  -569683.750000        0.977822
FIRE:  759 19:44:52  -569683.812500        0.669679
FIRE:  760 19:44:52  -569683.875000        0.136129
FIRE:  761 19:44:52  -569683.875000        0.448743
FIRE:  762 19:44:52  -569683.812500        0.410514
FIRE:  763 19:44:52  -569683.875000        0.337489
FIRE:  764 19:44:52  -569683.875000        0.236723
FIRE:  765 19:44:52  -569683.812500        0.117602
FIRE:  766 19:44:52  -569683.750000        0.113564
FIRE:  767 19:44:52  -569683.750000        0.116850
FIRE:  768 19:44:52  -569683.750000        0.114392
FIRE:  769 19:44:52  -569683.875000        0.113554
FIRE:  770 19:44:52  -569683.812500        0.113533
FIRE:  771 19:44:53  -569683.812500        0.113480
FIRE:  772 19:44:53  -569683.750000        0.113427
FIRE:  773 19:44:53  -569683.812500        0.113371
FIRE:  774 19:44:53  -569683.812500        0.113292
FIRE:  775 19:44:53  -569683.812500        0.113214
FIRE:  776 19:44:53  -569683.812500        0.113119
FIRE:  777 19:44:53  -569683.812500        0.112985
FIRE:  778 19:44:53  -569683.750000        0.112862
FIRE:  779 19:44:53  -569683.812500        0.112705
FIRE:  780 19:44:53  -569683.750000        0.112533
FIRE:  781 19:44:53  -569683.750000        0.112362
FIRE:  782 19:44:53  -569683.750000        0.112172
FIRE:  783 19:44:53  -569683.812500        0.111975
FIRE:  784 19:44:53  -569683.812500        0.111772
FIRE:  785 19:44:53  -569683.750000        0.111550
FIRE:  786 19:44:53  -569683.750000        0.111290
FIRE:  787 19:44:53  -569683.750000        0.110984
FIRE:  788 19:44:54  -569683.812500        0.110619
FIRE:  789 19:44:54  -569683.812500        0.110214
FIRE:  790 19:44:54  -569683.812500        0.109806
FIRE:  791 19:44:54  -569683.750000        0.109513
FIRE:  792 19:44:54  -569683.812500        0.109326
FIRE:  793 19:44:54  -569683.812500        0.109174
FIRE:  794 19:44:54  -569683.750000        0.108821
FIRE:  795 19:44:54  -569683.812500        0.108385
FIRE:  796 19:44:54  -569683.750000        0.108134
FIRE:  797 19:44:54  -569683.750000        0.107832
FIRE:  798 19:44:54  -569683.750000        0.107171
FIRE:  799 19:44:54  -569683.812500        0.106861
FIRE:  800 19:44:54  -569683.875000        0.184296
FIRE:  801 19:44:54  -569683.812500        0.491018
FIRE:  802 19:44:54  -569683.875000        1.383604
FIRE:  803 19:44:54  -569683.812500        0.179734
FIRE:  804 19:44:55  -569683.812500        0.131380
FIRE:  805 19:44:55  -569683.812500        0.098475
FIRE:  806 19:44:55  -569683.875000        0.098101
FIRE:  807 19:44:55  -569683.875000        0.110927
FIRE:  808 19:44:55  -569683.875000        0.129707
FIRE:  809 19:44:55  -569683.812500        0.097742
FIRE:  810 19:44:55  -569683.812500        0.096816
FIRE:  811 19:44:55  -569683.812500        0.096545
FIRE:  812 19:44:55  -569683.812500        0.104022
FIRE:  813 19:44:55  -569683.812500        0.095768
FIRE:  814 19:44:55  -569683.875000        0.095150
FIRE:  815 19:44:55  -569683.812500        0.094360
FIRE:  816 19:44:55  -569683.875000        0.093458
FIRE:  817 19:44:55  -569683.937500        0.092393
FIRE:  818 19:44:56  -569683.937500        0.090952
FIRE:  819 19:44:56  -569683.875000        0.100842
FIRE:  820 19:44:56  -569683.875000        0.087500
FIRE:  821 19:44:56  -569683.875000        0.085221
FIRE:  822 19:44:56  -569683.875000        0.089327
FIRE:  823 19:44:56  -569683.937500        0.244102
FIRE:  824 19:44:56  -569683.937500        0.720632
FIRE:  825 19:44:56  -569683.937500        0.072760
FIRE:  826 19:44:56  -569683.937500        0.610282
FIRE:  827 19:44:56  -569683.875000        0.467381
FIRE:  828 19:44:56  -569683.875000        0.211518
FIRE:  829 19:44:56  -569683.875000        0.099147
FIRE:  830 19:44:56  -569683.937500        0.093453
FIRE:  831 19:44:56  -569683.875000        0.082289
FIRE:  832 19:44:57  -569683.875000        0.072003
FIRE:  833 19:44:57  -569683.875000        0.072004
FIRE:  834 19:44:57  -569683.875000        0.071996
FIRE:  835 19:44:57  -569683.937500        0.071994
FIRE:  836 19:44:57  -569683.937500        0.071981
FIRE:  837 19:44:57  -569683.937500        0.071944
FIRE:  838 19:44:57  -569683.875000        0.071885
FIRE:  839 19:44:57  -569683.875000        0.071782
FIRE:  840 19:44:57  -569683.937500        0.071638
FIRE:  841 19:44:57  -569683.875000        0.071427
FIRE:  842 19:44:57  -569683.875000        0.071163
FIRE:  843 19:44:57  -569683.875000        0.070843
FIRE:  844 19:44:57  -569683.937500        0.070472
FIRE:  845 19:44:57  -569683.937500        0.070067
FIRE:  846 19:44:58  -569683.937500        0.069597
FIRE:  847 19:44:58  -569683.937500        0.069007
FIRE:  848 19:44:58  -569683.937500        0.068219
FIRE:  849 19:44:58  -569683.937500        0.067193
FIRE:  850 19:44:58  -569683.937500        0.065976
FIRE:  851 19:44:58  -569683.937500        0.064615
FIRE:  852 19:44:58  -569683.937500        0.062885
FIRE:  853 19:44:58  -569683.937500        0.060520
FIRE:  854 19:44:58  -569683.937500        0.057691
FIRE:  855 19:44:58  -569684.000000        0.054238
FIRE:  856 19:44:58  -569684.000000        0.050083
FIRE:  857 19:44:58  -569684.000000        0.152853
FIRE:  858 19:44:58  -569684.000000        0.556583
FIRE:  859 19:44:58  -569683.937500        1.708432
FIRE:  860 19:44:59  -569683.937500        0.249751
FIRE:  861 19:44:59  -569684.000000        0.175100
FIRE:  862 19:44:59  -569684.000000        0.050177
FIRE:  863 19:44:59  -569684.000000        0.084110
FIRE:  864 19:44:59  -569684.000000        0.077775
FIRE:  865 19:44:59  -569684.062500        0.065592
FIRE:  866 19:44:59  -569684.062500        0.048618
