      Step     Time          Energy          fmax
FIRE:    0 19:24:28 -2294966.000000       10.624841
FIRE:    1 19:24:29 -2294977.250000        9.481290
FIRE:    2 19:24:31 -2294985.750000        8.386995
FIRE:    3 19:24:31 -2294994.750000        7.361788
FIRE:    4 19:24:31 -2295002.000000        6.402686
FIRE:    5 19:24:31 -2295008.500000        5.506043
FIRE:    6 19:24:31 -2295015.000000        4.663944
FIRE:    7 19:24:31 -2295019.750000        3.994767
FIRE:    8 19:24:32 -2295023.750000        3.796988
FIRE:    9 19:24:32 -2295027.250000        3.729871
FIRE:   10 19:24:32 -2295030.250000        3.706361
FIRE:   11 19:24:32 -2295033.000000        3.638216
FIRE:   12 19:24:34 -2295035.500000        3.475141
FIRE:   13 19:24:34 -2295038.250000        3.211078
FIRE:   14 19:24:34 -2295040.250000        2.864815
FIRE:   15 19:24:34 -2295042.750000        2.479816
FIRE:   16 19:24:34 -2295044.750000        2.096067
FIRE:   17 19:24:34 -2295046.250000        1.936021
FIRE:   18 19:24:34 -2295047.750000        1.937004
FIRE:   19 19:24:34 -2295050.000000        1.937554
FIRE:   20 19:24:34 -2295051.750000        1.924625
FIRE:   21 19:24:34 -2295053.250000        1.895385
FIRE:   22 19:24:34 -2295054.000000        1.851557
FIRE:   23 19:24:34 -2295056.750000        1.800362
FIRE:   24 19:24:34 -2295057.250000        1.732917
FIRE:   25 19:24:34 -2295059.750000        1.656034
FIRE:   26 19:24:35 -2295061.250000        1.575532
FIRE:   27 19:24:35 -2295063.000000        1.491311
FIRE:   28 19:24:35 -2295064.000000        1.403514
FIRE:   29 19:24:35 -2295065.250000        1.310902
FIRE:   30 19:24:35 -2295066.500000        1.211352
FIRE:   31 19:24:35 -2295067.750000        1.120215
FIRE:   32 19:24:35 -2295069.000000        1.036159
FIRE:   33 19:24:35 -2295070.250000        0.959855
FIRE:   34 19:24:35 -2295071.250000        0.909763
FIRE:   35 19:24:35 -2295072.500000        0.856252
FIRE:   36 19:24:35 -2295073.500000        0.797595
FIRE:   37 19:24:35 -2295074.500000        0.767010
FIRE:   38 19:24:35 -2295075.500000        0.737866
FIRE:   39 19:24:35 -2295076.250000        0.711950
FIRE:   40 19:24:35 -2295077.250000        0.688647
FIRE:   41 19:24:36 -2295077.250000        0.667271
FIRE:   42 19:24:36 -2295078.250000        0.647908
FIRE:   43 19:24:36 -2295079.750000        0.631426
FIRE:   44 19:24:36 -2295080.750000        0.618017
FIRE:   45 19:24:36 -2295081.500000        0.605332
FIRE:   46 19:24:36 -2295082.250000        0.591480
FIRE:   47 19:24:36 -2295083.000000        1.573737
FIRE:   48 19:24:36 -2295084.000000        1.024425
FIRE:   49 19:24:36 -2295084.500000        0.706960
FIRE:   50 19:24:36 -2295085.500000        0.736528
FIRE:   51 19:24:36 -2295086.000000        0.702511
FIRE:   52 19:24:36 -2295086.750000        0.598991
FIRE:   53 19:24:36 -2295087.000000        0.577861
FIRE:   54 19:24:36 -2295088.000000        0.576357
FIRE:   55 19:24:36 -2295088.500000        0.578996
FIRE:   56 19:24:37 -2295089.000000        0.586607
FIRE:   57 19:24:37 -2295089.750000        0.599704
FIRE:   58 19:24:37 -2295090.000000        0.673084
FIRE:   59 19:24:37 -2295090.500000        0.757988
FIRE:   60 19:24:37 -2295091.250000        0.787675
FIRE:   61 19:24:37 -2295091.500000        0.780289
FIRE:   62 19:24:37 -2295092.250000        0.830016
FIRE:   63 19:24:37 -2295092.750000        0.823597
FIRE:   64 19:24:37 -2295092.750000        0.841134
FIRE:   65 19:24:37 -2295093.750000        0.826840
FIRE:   66 19:24:37 -2295094.000000        1.042063
FIRE:   67 19:24:37 -2295094.500000        1.111415
FIRE:   68 19:24:37 -2295095.000000        1.145835
FIRE:   69 19:24:37 -2295094.250000        1.164378
FIRE:   70 19:24:37 -2295095.250000        1.235567
FIRE:   71 19:24:38 -2295095.750000        1.347291
FIRE:   72 19:24:38 -2295096.000000        1.283291
FIRE:   73 19:24:38 -2295096.500000        1.341174
FIRE:   74 19:24:38 -2295097.250000        1.319182
FIRE:   75 19:24:38 -2295097.500000        1.167785
FIRE:   76 19:24:38 -2295097.500000        0.811347
FIRE:   77 19:24:38 -2295098.250000        1.272720
FIRE:   78 19:24:38 -2295098.500000        2.424033
FIRE:   79 19:24:38 -2295098.750000        3.809157
FIRE:   80 19:24:38 -2295100.000000        5.034282
FIRE:   81 19:24:38 -2295099.250000        5.635642
FIRE:   82 19:24:38 -2295100.500000        5.318053
FIRE:   83 19:24:38 -2295099.500000        4.122160
FIRE:   84 19:24:38 -2295100.750000        2.500996
FIRE:   85 19:24:38 -2295101.250000        1.685283
FIRE:   86 19:24:38 -2295100.750000        1.557821
FIRE:   87 19:24:39 -2295101.000000        2.305035
FIRE:   88 19:24:39 -2295100.500000        3.300865
FIRE:   89 19:24:39 -2295101.250000        4.030563
FIRE:   90 19:24:39 -2295101.250000        4.396555
FIRE:   91 19:24:39 -2295101.500000        4.349702
FIRE:   92 19:24:39 -2295102.000000        3.917266
FIRE:   93 19:24:39 -2295102.250000        3.205197
FIRE:   94 19:24:39 -2295102.500000        2.346333
FIRE:   95 19:24:39 -2295102.750000        1.414699
FIRE:   96 19:24:39 -2295102.750000        1.555643
FIRE:   97 19:24:39 -2295103.250000        1.908285
FIRE:   98 19:24:39 -2295103.250000        2.183311
FIRE:   99 19:24:39 -2295103.500000        2.276660
FIRE:  100 19:24:39 -2295103.500000        2.197096
FIRE:  101 19:24:39 -2295103.250000        2.102857
FIRE:  102 19:24:40 -2295104.000000        1.753534
FIRE:  103 19:24:40 -2295104.250000        1.666374
FIRE:  104 19:24:40 -2295104.250000        1.830762
FIRE:  105 19:24:40 -2295105.500000        1.629517
FIRE:  106 19:24:40 -2295105.500000        1.383079
FIRE:  107 19:24:40 -2295104.250000        1.653936
FIRE:  108 19:24:40 -2295104.500000        2.172442
FIRE:  109 19:24:40 -2295104.500000        2.261204
FIRE:  110 19:24:40 -2295104.750000        1.925759
FIRE:  111 19:24:40 -2295105.000000        1.463705
FIRE:  112 19:24:40 -2295106.250000        1.413311
FIRE:  113 19:24:40 -2295106.250000        1.364868
FIRE:  114 19:24:40 -2295105.250000        1.372102
FIRE:  115 19:24:40 -2295105.500000        1.628997
FIRE:  116 19:24:40 -2295105.750000        1.508595
FIRE:  117 19:24:41 -2295105.750000        1.739041
FIRE:  118 19:24:41 -2295105.750000        2.460928
FIRE:  119 19:24:41 -2295105.750000        2.695345
FIRE:  120 19:24:41 -2295106.750000        2.178677
FIRE:  121 19:24:41 -2295107.000000        1.257063
FIRE:  122 19:24:41 -2295107.250000        1.154236
FIRE:  123 19:24:41 -2295107.250000        1.491056
FIRE:  124 19:24:41 -2295107.250000        1.503483
FIRE:  125 19:24:41 -2295107.500000        1.507874
FIRE:  126 19:24:41 -2295107.500000        1.506739
FIRE:  127 19:24:41 -2295107.750000        1.389898
FIRE:  128 19:24:41 -2295107.750000        1.587023
FIRE:  129 19:24:41 -2295108.000000        1.876973
FIRE:  130 19:24:41 -2295108.000000        1.805968
FIRE:  131 19:24:41 -2295108.000000        1.323263
FIRE:  132 19:24:42 -2295108.250000        0.756792
FIRE:  133 19:24:42 -2295108.250000        0.874616
FIRE:  134 19:24:42 -2295108.500000        1.287055
FIRE:  135 19:24:42 -2295108.500000        1.498360
FIRE:  136 19:24:42 -2295108.750000        1.430384
FIRE:  137 19:24:42 -2295108.750000        6.582032
FIRE:  138 19:24:42 -2295107.750000       20.422213
FIRE:  139 19:24:42 -2295108.250000        7.185722
FIRE:  140 19:24:42 -2295108.750000        4.910763
FIRE:  141 19:24:42 -2295109.000000        1.261879
FIRE:  142 19:24:42 -2295109.000000        1.105942
FIRE:  143 19:24:42 -2295109.000000        0.836324
FIRE:  144 19:24:42 -2295108.750000        0.706617
FIRE:  145 19:24:42 -2295109.000000        0.542943
FIRE:  146 19:24:42 -2295108.750000        0.475628
FIRE:  147 19:24:43 -2295108.750000        0.581202
FIRE:  148 19:24:43 -2295108.750000        0.644525
FIRE:  149 19:24:43 -2295109.000000        0.564763
FIRE:  150 19:24:43 -2295108.750000        0.374690
FIRE:  151 19:24:43 -2295109.000000        0.623286
FIRE:  152 19:24:43 -2295109.250000        0.780295
FIRE:  153 19:24:43 -2295109.250000        0.586582
FIRE:  154 19:24:43 -2295109.000000        0.303068
FIRE:  155 19:24:43 -2295109.250000        0.537209
FIRE:  156 19:24:43 -2295109.000000        0.323988
FIRE:  157 19:24:43 -2295109.000000        0.385794
FIRE:  158 19:24:43 -2295109.000000        0.308018
FIRE:  159 19:24:43 -2295109.000000        0.480193
FIRE:  160 19:24:43 -2295109.250000        0.295237
FIRE:  161 19:24:43 -2295109.250000        0.503769
FIRE:  162 19:24:44 -2295109.250000        0.732708
FIRE:  163 19:24:44 -2295109.250000        1.172004
FIRE:  164 19:24:44 -2295109.500000        2.025490
FIRE:  165 19:24:44 -2295109.750000        0.523440
FIRE:  166 19:24:44 -2295109.500000        1.551076
FIRE:  167 19:24:44 -2295109.500000        1.195402
FIRE:  168 19:24:44 -2295109.750000        0.604091
FIRE:  169 19:24:44 -2295109.500000        0.181094
FIRE:  170 19:24:44 -2295109.750000        0.749062
FIRE:  171 19:24:44 -2295109.500000        0.713815
FIRE:  172 19:24:44 -2295109.750000        0.644991
FIRE:  173 19:24:44 -2295109.500000        0.545631
FIRE:  174 19:24:44 -2295109.750000        0.420838
FIRE:  175 19:24:44 -2295109.500000        0.277948
FIRE:  176 19:24:44 -2295109.750000        0.127857
FIRE:  177 19:24:45 -2295109.750000        0.136881
FIRE:  178 19:24:45 -2295109.750000        0.246025
FIRE:  179 19:24:45 -2295109.500000        0.341746
FIRE:  180 19:24:45 -2295109.750000        0.394815
FIRE:  181 19:24:45 -2295109.500000        0.385945
FIRE:  182 19:24:45 -2295109.500000        0.304846
FIRE:  183 19:24:45 -2295109.500000        0.162644
FIRE:  184 19:24:45 -2295109.500000        0.133016
FIRE:  185 19:24:45 -2295109.500000        0.289081
FIRE:  186 19:24:45 -2295109.750000        0.326478
FIRE:  187 19:24:45 -2295109.500000        0.201959
FIRE:  188 19:24:45 -2295109.750000        0.134405
FIRE:  189 19:24:45 -2295109.500000        0.280946
FIRE:  190 19:24:45 -2295109.500000        0.192127
FIRE:  191 19:24:45 -2295109.750000        0.196323
FIRE:  192 19:24:46 -2295109.750000        0.259594
FIRE:  193 19:24:46 -2295109.500000        0.179171
FIRE:  194 19:24:46 -2295109.750000        0.218897
FIRE:  195 19:24:46 -2295109.500000        0.315658
FIRE:  196 19:24:46 -2295110.000000        0.207770
FIRE:  197 19:24:46 -2295110.000000        0.121974
FIRE:  198 19:24:46 -2295109.750000        0.134561
FIRE:  199 19:24:46 -2295109.750000        0.292682
FIRE:  200 19:24:46 -2295110.000000        1.167881
FIRE:  201 19:24:46 -2295110.000000        4.210958
FIRE:  202 19:24:46 -2295110.000000        0.323551
FIRE:  203 19:24:46 -2295110.000000        0.233587
FIRE:  204 19:24:46 -2295110.000000        0.103921
FIRE:  205 19:24:46 -2295110.250000        0.161957
FIRE:  206 19:24:46 -2295110.250000        0.265139
FIRE:  207 19:24:47 -2295110.000000        0.267045
FIRE:  208 19:24:47 -2295110.000000        0.174459
FIRE:  209 19:24:47 -2295110.000000        0.117384
FIRE:  210 19:24:47 -2295110.000000        0.224147
FIRE:  211 19:24:47 -2295110.000000        0.225214
FIRE:  212 19:24:47 -2295110.000000        0.101129
FIRE:  213 19:24:47 -2295110.250000        0.201828
FIRE:  214 19:24:47 -2295110.000000        0.161037
FIRE:  215 19:24:47 -2295110.000000        0.158331
FIRE:  216 19:24:47 -2295110.000000        0.157839
FIRE:  217 19:24:47 -2295110.000000        0.215342
FIRE:  218 19:24:47 -2295110.000000        0.118734
FIRE:  219 19:24:47 -2295110.250000        0.142061
FIRE:  220 19:24:47 -2295110.250000        0.294439
FIRE:  221 19:24:47 -2295110.250000        0.685386
FIRE:  222 19:24:48 -2295110.000000        1.753721
FIRE:  223 19:24:48 -2295110.000000        0.240239
FIRE:  224 19:24:48 -2295110.250000        1.609857
FIRE:  225 19:24:48 -2295110.250000        1.174924
FIRE:  226 19:24:48 -2295110.000000        0.485688
FIRE:  227 19:24:48 -2295110.250000        0.343783
FIRE:  228 19:24:48 -2295110.000000        0.325845
FIRE:  229 19:24:48 -2295110.000000        0.290970
FIRE:  230 19:24:48 -2295110.000000        0.241342
FIRE:  231 19:24:48 -2295110.250000        0.180309
FIRE:  232 19:24:48 -2295110.000000        0.112953
FIRE:  233 19:24:48 -2295110.250000        0.084449
FIRE:  234 19:24:48 -2295110.000000        0.116902
FIRE:  235 19:24:48 -2295110.000000        0.159263
FIRE:  236 19:24:48 -2295110.000000        0.191952
FIRE:  237 19:24:49 -2295110.000000        0.202855
FIRE:  238 19:24:49 -2295110.000000        0.184702
FIRE:  239 19:24:49 -2295110.250000        0.138432
FIRE:  240 19:24:49 -2295110.000000        0.087333
FIRE:  241 19:24:49 -2295110.000000        0.125209
FIRE:  242 19:24:49 -2295110.000000        0.167112
FIRE:  243 19:24:49 -2295110.000000        0.138114
FIRE:  244 19:24:49 -2295110.250000        0.088816
FIRE:  245 19:24:49 -2295110.000000        0.151390
FIRE:  246 19:24:49 -2295110.250000        0.150009
FIRE:  247 19:24:49 -2295110.250000        0.085148
FIRE:  248 19:24:49 -2295110.250000        0.145768
FIRE:  249 19:24:49 -2295110.000000        0.090288
FIRE:  250 19:24:49 -2295110.500000        0.159821
FIRE:  251 19:24:49 -2295110.250000        0.109314
FIRE:  252 19:24:50 -2295110.500000        0.086763
FIRE:  253 19:24:50 -2295110.250000        0.165678
FIRE:  254 19:24:50 -2295110.250000        0.316039
FIRE:  255 19:24:50 -2295110.250000        0.725822
FIRE:  256 19:24:50 -2295110.500000        1.858342
FIRE:  257 19:24:50 -2295110.250000        0.195302
FIRE:  258 19:24:50 -2295110.250000        1.792785
FIRE:  259 19:24:50 -2295110.500000        1.287417
FIRE:  260 19:24:50 -2295110.500000        0.492085
FIRE:  261 19:24:50 -2295110.250000        0.438326
FIRE:  262 19:24:50 -2295110.500000        0.414106
FIRE:  263 19:24:50 -2295110.500000        0.367131
FIRE:  264 19:24:50 -2295110.250000        0.300092
FIRE:  265 19:24:50 -2295110.250000        0.217447
FIRE:  266 19:24:50 -2295110.250000        0.125685
FIRE:  267 19:24:51 -2295110.500000        0.098625
FIRE:  268 19:24:51 -2295110.250000        0.146705
FIRE:  269 19:24:51 -2295110.250000        0.203834
FIRE:  270 19:24:51 -2295110.500000        0.244509
FIRE:  271 19:24:51 -2295110.500000        0.254251
FIRE:  272 19:24:51 -2295110.250000        0.224805
FIRE:  273 19:24:51 -2295110.500000        0.158890
FIRE:  274 19:24:51 -2295110.500000        0.094660
FIRE:  275 19:24:51 -2295110.250000        0.160740
FIRE:  276 19:24:51 -2295110.500000        0.209039
FIRE:  277 19:24:51 -2295110.250000        0.163060
FIRE:  278 19:24:51 -2295110.250000        0.102886
FIRE:  279 19:24:51 -2295110.500000        0.186520
FIRE:  280 19:24:51 -2295110.250000        0.175482
FIRE:  281 19:24:51 -2295110.500000        0.091470
FIRE:  282 19:24:52 -2295110.250000        0.177720
FIRE:  283 19:24:52 -2295110.250000        0.102575
FIRE:  284 19:24:52 -2295110.250000        0.187615
FIRE:  285 19:24:52 -2295110.250000        0.139797
FIRE:  286 19:24:52 -2295110.500000        0.092713
FIRE:  287 19:24:52 -2295110.500000        0.179135
FIRE:  288 19:24:52 -2295110.250000        0.373689
FIRE:  289 19:24:52 -2295110.750000        0.814763
FIRE:  290 19:24:52 -2295110.750000        2.037720
FIRE:  291 19:24:52 -2295110.750000        0.160476
FIRE:  292 19:24:52 -2295110.500000        2.049177
FIRE:  293 19:24:52 -2295110.500000        1.444633
FIRE:  294 19:24:52 -2295110.750000        0.498645
FIRE:  295 19:24:52 -2295110.750000        0.562620
FIRE:  296 19:24:52 -2295110.750000        0.530261
FIRE:  297 19:24:53 -2295110.750000        0.467173
FIRE:  298 19:24:53 -2295110.750000        0.377105
FIRE:  299 19:24:53 -2295110.500000        0.265652
FIRE:  300 19:24:53 -2295110.750000        0.141125
FIRE:  301 19:24:53 -2295110.500000        0.099032
FIRE:  302 19:24:53 -2295110.750000        0.176971
FIRE:  303 19:24:53 -2295110.500000        0.256476
FIRE:  304 19:24:53 -2295110.500000        0.308004
FIRE:  305 19:24:53 -2295110.500000        0.315787
FIRE:  306 19:24:53 -2295110.500000        0.270507
FIRE:  307 19:24:53 -2295110.500000        0.175202
FIRE:  308 19:24:53 -2295110.750000        0.085436
FIRE:  309 19:24:53 -2295110.500000        0.208014
FIRE:  310 19:24:53 -2295110.750000        0.265830
FIRE:  311 19:24:53 -2295110.750000        0.200733
FIRE:  312 19:24:54 -2295110.750000        0.102024
FIRE:  313 19:24:54 -2295110.500000        0.223562
FIRE:  314 19:24:54 -2295110.750000        0.214189
FIRE:  315 19:24:54 -2295110.750000        0.091193
FIRE:  316 19:24:54 -2295110.500000        0.229718
FIRE:  317 19:24:54 -2295110.500000        0.090993
FIRE:  318 19:24:54 -2295110.500000        0.235415
FIRE:  319 19:24:54 -2295110.500000        0.143549
FIRE:  320 19:24:54 -2295110.750000        0.105063
FIRE:  321 19:24:54 -2295110.500000        0.270034
FIRE:  322 19:24:54 -2295110.500000        0.534251
FIRE:  323 19:24:54 -2295110.750000        1.007723
FIRE:  324 19:24:54 -2295110.500000        2.375444
FIRE:  325 19:24:54 -2295110.750000        0.140210
FIRE:  326 19:24:54 -2295110.500000        2.512803
FIRE:  327 19:24:55 -2295110.750000        1.730770
FIRE:  328 19:24:55 -2295110.500000        0.514794
FIRE:  329 19:24:55 -2295110.500000        0.761434
FIRE:  330 19:24:55 -2295110.750000        0.715720
FIRE:  331 19:24:55 -2295110.500000        0.626915
FIRE:  332 19:24:55 -2295110.750000        0.499601
FIRE:  333 19:24:55 -2295110.750000        0.341566
FIRE:  334 19:24:55 -2295110.750000        0.163564
FIRE:  335 19:24:55 -2295110.750000        0.103636
FIRE:  336 19:24:55 -2295110.500000        0.231538
FIRE:  337 19:24:55 -2295110.500000        0.228572
FIRE:  338 19:24:55 -2295110.750000        0.222579
FIRE:  339 19:24:55 -2295110.750000        0.213880
FIRE:  340 19:24:55 -2295110.500000        0.202590
FIRE:  341 19:24:55 -2295110.750000        0.189098
FIRE:  342 19:24:56 -2295110.750000        0.173778
FIRE:  343 19:24:56 -2295110.500000        0.157152
FIRE:  344 19:24:56 -2295110.750000        0.138019
FIRE:  345 19:24:56 -2295110.500000        0.117245
FIRE:  346 19:24:56 -2295110.500000        0.096893
FIRE:  347 19:24:56 -2295110.500000        0.080723
FIRE:  348 19:24:56 -2295110.750000        0.075230
FIRE:  349 19:24:56 -2295110.500000        0.093204
FIRE:  350 19:24:56 -2295110.750000        0.116283
FIRE:  351 19:24:56 -2295110.500000        0.128272
FIRE:  352 19:24:56 -2295110.500000        0.125326
FIRE:  353 19:24:56 -2295110.750000        0.104731
FIRE:  354 19:24:56 -2295110.750000        0.073680
FIRE:  355 19:24:56 -2295110.750000        0.088014
FIRE:  356 19:24:56 -2295110.500000        0.114791
FIRE:  357 19:24:56 -2295110.500000        0.128570
FIRE:  358 19:24:57 -2295110.750000        0.113906
FIRE:  359 19:24:57 -2295110.500000        0.081992
FIRE:  360 19:24:57 -2295110.750000        0.088971
FIRE:  361 19:24:57 -2295110.500000        0.095738
FIRE:  362 19:24:57 -2295110.750000        0.079333
FIRE:  363 19:24:57 -2295110.500000        0.114508
FIRE:  364 19:24:57 -2295110.750000        0.092886
FIRE:  365 19:24:57 -2295110.750000        0.092327
FIRE:  366 19:24:57 -2295110.500000        0.076400
FIRE:  367 19:24:57 -2295110.750000        0.119047
FIRE:  368 19:24:57 -2295110.750000        0.112667
FIRE:  369 19:24:57 -2295110.750000        0.126586
FIRE:  370 19:24:57 -2295111.000000        0.179219
FIRE:  371 19:24:57 -2295110.750000        0.435264
FIRE:  372 19:24:57 -2295111.000000        1.343576
FIRE:  373 19:24:57 -2295110.750000        0.095994
FIRE:  374 19:24:58 -2295111.000000        1.264559
FIRE:  375 19:24:58 -2295111.000000        0.900751
FIRE:  376 19:24:58 -2295110.750000        0.347709
FIRE:  377 19:24:58 -2295111.000000        0.356110
FIRE:  378 19:24:58 -2295111.000000        0.335684
FIRE:  379 19:24:58 -2295111.000000        0.295988
FIRE:  380 19:24:58 -2295111.000000        0.239813
FIRE:  381 19:24:58 -2295111.000000        0.170870
FIRE:  382 19:24:58 -2295110.750000        0.100588
FIRE:  383 19:24:58 -2295110.750000        0.106685
FIRE:  384 19:24:58 -2295111.000000        0.143984
FIRE:  385 19:24:58 -2295110.750000        0.185279
FIRE:  386 19:24:58 -2295111.000000        0.212531
FIRE:  387 19:24:58 -2295110.750000        0.214427
FIRE:  388 19:24:58 -2295110.750000        0.185443
FIRE:  389 19:24:59 -2295111.000000        0.132369
FIRE:  390 19:24:59 -2295111.000000        0.095497
FIRE:  391 19:24:59 -2295111.000000        0.146400
FIRE:  392 19:24:59 -2295110.750000        0.169963
FIRE:  393 19:24:59 -2295110.750000        0.113936
FIRE:  394 19:24:59 -2295111.000000        0.116023
FIRE:  395 19:24:59 -2295110.750000        0.171012
FIRE:  396 19:24:59 -2295111.000000        0.137205
FIRE:  397 19:24:59 -2295111.000000        0.103485
FIRE:  398 19:24:59 -2295110.750000        0.133532
FIRE:  399 19:24:59 -2295111.000000        0.127908
FIRE:  400 19:24:59 -2295110.750000        0.139260
FIRE:  401 19:24:59 -2295110.750000        0.159297
FIRE:  402 19:24:59 -2295110.750000        0.140549
FIRE:  403 19:24:59 -2295110.750000        0.093000
FIRE:  404 19:25:00 -2295110.750000        0.126827
FIRE:  405 19:25:00 -2295110.750000        0.267621
FIRE:  406 19:25:00 -2295110.750000        0.972912
FIRE:  407 19:25:00 -2295110.750000        3.333107
FIRE:  408 19:25:00 -2295110.750000        0.458466
FIRE:  409 19:25:00 -2295110.750000        0.306143
FIRE:  410 19:25:00 -2295110.750000        0.101234
FIRE:  411 19:25:00 -2295110.750000        0.194996
FIRE:  412 19:25:00 -2295110.750000        0.180314
FIRE:  413 19:25:00 -2295110.750000        0.152073
FIRE:  414 19:25:00 -2295110.750000        0.112847
FIRE:  415 19:25:00 -2295110.750000        0.081424
FIRE:  416 19:25:00 -2295110.750000        0.081916
FIRE:  417 19:25:00 -2295110.750000        0.082018
FIRE:  418 19:25:00 -2295110.750000        0.083665
FIRE:  419 19:25:01 -2295110.750000        0.106949
FIRE:  420 19:25:01 -2295110.750000        0.113312
FIRE:  421 19:25:01 -2295110.750000        0.097985
FIRE:  422 19:25:01 -2295110.750000        0.072035
FIRE:  423 19:25:01 -2295110.750000        0.069544
FIRE:  424 19:25:01 -2295110.750000        0.090666
FIRE:  425 19:25:01 -2295110.750000        0.104517
FIRE:  426 19:25:01 -2295110.750000        0.067121
FIRE:  427 19:25:01 -2295110.750000        0.065191
FIRE:  428 19:25:01 -2295111.000000        0.095682
FIRE:  429 19:25:01 -2295111.000000        0.064724
FIRE:  430 19:25:01 -2295111.000000        0.071397
FIRE:  431 19:25:01 -2295111.000000        0.069434
FIRE:  432 19:25:01 -2295111.000000        0.073750
FIRE:  433 19:25:01 -2295111.000000        0.063547
FIRE:  434 19:25:02 -2295111.000000        0.100169
FIRE:  435 19:25:02 -2295111.000000        0.111672
FIRE:  436 19:25:02 -2295111.000000        0.155654
FIRE:  437 19:25:02 -2295111.000000        0.301355
FIRE:  438 19:25:02 -2295111.000000        0.811291
FIRE:  439 19:25:02 -2295111.000000        2.300382
FIRE:  440 19:25:02 -2295111.000000        0.436710
FIRE:  441 19:25:02 -2295111.000000        0.324066
FIRE:  442 19:25:02 -2295111.000000        0.127750
FIRE:  443 19:25:02 -2295111.000000        0.125010
FIRE:  444 19:25:02 -2295111.000000        0.269013
FIRE:  445 19:25:02 -2295111.000000        0.251822
FIRE:  446 19:25:02 -2295111.000000        0.218885
FIRE:  447 19:25:02 -2295111.000000        0.173111
FIRE:  448 19:25:02 -2295111.000000        0.119116
FIRE:  449 19:25:03 -2295111.000000        0.065773
FIRE:  450 19:25:03 -2295111.000000        0.061055
FIRE:  451 19:25:03 -2295111.000000        0.100514
FIRE:  452 19:25:03 -2295111.000000        0.141763
FIRE:  453 19:25:03 -2295111.000000        0.162906
FIRE:  454 19:25:03 -2295111.000000        0.156618
FIRE:  455 19:25:03 -2295111.000000        0.118982
FIRE:  456 19:25:03 -2295111.000000        0.059921
FIRE:  457 19:25:03 -2295111.000000        0.077908
FIRE:  458 19:25:03 -2295111.000000        0.125562
FIRE:  459 19:25:03 -2295111.000000        0.127163
FIRE:  460 19:25:03 -2295111.000000        0.072943
FIRE:  461 19:25:03 -2295111.000000        0.079456
FIRE:  462 19:25:03 -2295111.000000        0.120945
FIRE:  463 19:25:03 -2295111.000000        0.060390
FIRE:  464 19:25:04 -2295111.000000        0.106530
FIRE:  465 19:25:04 -2295111.000000        0.083225
FIRE:  466 19:25:04 -2295111.000000        0.108715
FIRE:  467 19:25:04 -2295111.000000        0.061676
FIRE:  468 19:25:04 -2295111.000000        0.126443
FIRE:  469 19:25:04 -2295111.000000        0.167671
FIRE:  470 19:25:04 -2295111.000000        0.205462
FIRE:  471 19:25:04 -2295111.000000        0.396623
FIRE:  472 19:25:04 -2295111.000000        0.905490
FIRE:  473 19:25:04 -2295111.000000        0.060905
FIRE:  474 19:25:04 -2295111.000000        0.791770
FIRE:  475 19:25:04 -2295111.000000        0.619246
FIRE:  476 19:25:04 -2295111.000000        0.307174
FIRE:  477 19:25:04 -2295111.000000        0.116389
FIRE:  478 19:25:04 -2295111.000000        0.111562
FIRE:  479 19:25:05 -2295111.000000        0.102441
FIRE:  480 19:25:05 -2295111.000000        0.089842
FIRE:  481 19:25:05 -2295111.000000        0.075265
FIRE:  482 19:25:05 -2295111.000000        0.061035
FIRE:  483 19:25:05 -2295111.000000        0.059454
FIRE:  484 19:25:05 -2295111.000000        0.058872
FIRE:  485 19:25:05 -2295111.000000        0.058409
FIRE:  486 19:25:05 -2295111.000000        0.065213
FIRE:  487 19:25:05 -2295111.000000        0.069412
FIRE:  488 19:25:05 -2295111.000000        0.063249
FIRE:  489 19:25:05 -2295111.000000        0.058227
FIRE:  490 19:25:05 -2295111.000000        0.058742
FIRE:  491 19:25:05 -2295111.000000        0.064137
FIRE:  492 19:25:05 -2295111.000000        0.073421
FIRE:  493 19:25:05 -2295111.000000        0.067462
FIRE:  494 19:25:05 -2295111.000000        0.059079
FIRE:  495 19:25:06 -2295111.000000        0.058629
FIRE:  496 19:25:06 -2295111.000000        0.058964
FIRE:  497 19:25:06 -2295111.000000        0.060295
FIRE:  498 19:25:06 -2295111.000000        0.071182
FIRE:  499 19:25:06 -2295111.000000        0.060904
FIRE:  500 19:25:06 -2295111.000000        0.060613
FIRE:  501 19:25:06 -2295111.000000        0.065838
FIRE:  502 19:25:06 -2295111.000000        0.062860
FIRE:  503 19:25:06 -2295111.000000        0.062014
FIRE:  504 19:25:06 -2295111.000000        0.108449
FIRE:  505 19:25:06 -2295111.000000        0.272161
FIRE:  506 19:25:06 -2295111.000000        0.814923
FIRE:  507 19:25:06 -2295111.000000        2.449542
FIRE:  508 19:25:06 -2295111.250000        0.177438
FIRE:  509 19:25:06 -2295111.250000        0.136426
FIRE:  510 19:25:07 -2295111.250000        0.076911
FIRE:  511 19:25:07 -2295111.250000        0.073316
FIRE:  512 19:25:07 -2295111.250000        0.133067
FIRE:  513 19:25:07 -2295111.250000        0.144028
FIRE:  514 19:25:07 -2295111.250000        0.105987
FIRE:  515 19:25:07 -2295111.250000        0.062557
FIRE:  516 19:25:07 -2295111.250000        0.112080
FIRE:  517 19:25:07 -2295111.250000        0.131986
FIRE:  518 19:25:07 -2295111.250000        0.089012
FIRE:  519 19:25:07 -2295111.250000        0.085266
FIRE:  520 19:25:07 -2295111.250000        0.106311
FIRE:  521 19:25:07 -2295111.250000        0.071675
FIRE:  522 19:25:07 -2295111.250000        0.113310
FIRE:  523 19:25:07 -2295111.250000        0.068799
FIRE:  524 19:25:07 -2295111.250000        0.077670
FIRE:  525 19:25:08 -2295111.250000        0.136232
FIRE:  526 19:25:08 -2295111.250000        0.185874
FIRE:  527 19:25:08 -2295111.250000        0.300155
FIRE:  528 19:25:08 -2295111.250000        0.694983
FIRE:  529 19:25:08 -2295111.250000        1.751037
FIRE:  530 19:25:08 -2295111.250000        0.240936
FIRE:  531 19:25:08 -2295111.250000        0.185634
FIRE:  532 19:25:08 -2295111.250000        0.091543
FIRE:  533 19:25:08 -2295111.250000        0.092833
FIRE:  534 19:25:08 -2295111.250000        0.150657
FIRE:  535 19:25:08 -2295111.250000        0.175324
FIRE:  536 19:25:08 -2295111.250000        0.146476
FIRE:  537 19:25:08 -2295111.250000        0.092964
FIRE:  538 19:25:08 -2295111.250000        0.092107
FIRE:  539 19:25:08 -2295111.250000        0.148027
FIRE:  540 19:25:09 -2295111.250000        0.123660
FIRE:  541 19:25:09 -2295111.250000        0.091977
FIRE:  542 19:25:09 -2295111.250000        0.133925
FIRE:  543 19:25:09 -2295111.250000        0.095810
FIRE:  544 19:25:09 -2295111.250000        0.116827
FIRE:  545 19:25:09 -2295111.250000        0.103073
FIRE:  546 19:25:09 -2295111.250000        0.137957
FIRE:  547 19:25:09 -2295111.250000        0.118181
FIRE:  548 19:25:09 -2295111.250000        0.137684
FIRE:  549 19:25:09 -2295111.250000        0.163524
FIRE:  550 19:25:09 -2295111.250000        0.375300
FIRE:  551 19:25:09 -2295111.250000        0.927771
FIRE:  552 19:25:09 -2295111.250000        2.549877
FIRE:  553 19:25:09 -2295111.250000        0.241649
FIRE:  554 19:25:09 -2295111.250000        0.241684
FIRE:  555 19:25:10 -2295111.250000        0.241802
FIRE:  556 19:25:10 -2295111.250000        0.242033
FIRE:  557 19:25:10 -2295111.250000        0.242397
FIRE:  558 19:25:10 -2295111.250000        0.242880
FIRE:  559 19:25:10 -2295111.250000        0.243441
FIRE:  560 19:25:10 -2295111.250000        0.243981
FIRE:  561 19:25:10 -2295111.250000        0.244422
FIRE:  562 19:25:10 -2295111.250000        0.244557
FIRE:  563 19:25:10 -2295111.250000        0.244202
FIRE:  564 19:25:10 -2295111.500000        0.243285
FIRE:  565 19:25:10 -2295111.250000        0.241676
FIRE:  566 19:25:10 -2295111.250000        0.251502
FIRE:  567 19:25:10 -2295111.250000        0.264638
FIRE:  568 19:25:10 -2295111.500000        0.279747
FIRE:  569 19:25:10 -2295111.500000        0.297086
FIRE:  570 19:25:10 -2295111.500000        0.316917
FIRE:  571 19:25:11 -2295111.500000        0.338056
FIRE:  572 19:25:11 -2295111.500000        0.361438
FIRE:  573 19:25:11 -2295111.500000        0.383220
FIRE:  574 19:25:11 -2295110.000000        0.913213
FIRE:  575 19:25:11 -2295110.250000        3.096648
FIRE:  576 19:25:11 -2295110.250000        0.378796
FIRE:  577 19:25:11 -2295110.500000        0.378252
FIRE:  578 19:25:11 -2295110.250000        0.377769
FIRE:  579 19:25:11 -2295110.250000        0.378139
FIRE:  580 19:25:11 -2295110.250000        0.380011
FIRE:  581 19:25:11 -2295110.500000        0.383455
FIRE:  582 19:25:11 -2295111.750000        0.388112
FIRE:  583 19:25:11 -2295111.750000        0.395997
FIRE:  584 19:25:11 -2295112.000000        0.408289
FIRE:  585 19:25:11 -2295112.000000        0.426414
FIRE:  586 19:25:12 -2295112.000000        0.449008
FIRE:  587 19:25:12 -2295111.750000        0.471294
FIRE:  588 19:25:12 -2295111.750000        0.483980
FIRE:  589 19:25:12 -2295111.750000        0.474078
FIRE:  590 19:25:12 -2295112.250000        0.422290
FIRE:  591 19:25:12 -2295112.250000        0.327809
FIRE:  592 19:25:12 -2295112.250000        0.315594
FIRE:  593 19:25:12 -2295112.000000        0.313259
FIRE:  594 19:25:12 -2295112.000000        0.283506
FIRE:  595 19:25:12 -2295112.500000        0.663021
FIRE:  596 19:25:12 -2295112.250000        1.849310
FIRE:  597 19:25:12 -2295112.250000        0.428741
FIRE:  598 19:25:12 -2295112.250000        1.638975
FIRE:  599 19:25:12 -2295112.500000        1.222461
FIRE:  600 19:25:12 -2295112.250000        0.525585
FIRE:  601 19:25:12 -2295112.250000        0.329020
FIRE:  602 19:25:13 -2295112.250000        0.815087
FIRE:  603 19:25:13 -2295112.250000        0.771868
FIRE:  604 19:25:13 -2295112.500000        0.687381
FIRE:  605 19:25:13 -2295112.500000        0.565590
FIRE:  606 19:25:13 -2295112.250000        0.413374
FIRE:  607 19:25:13 -2295112.250000        0.288150
FIRE:  608 19:25:13 -2295112.250000        0.282846
FIRE:  609 19:25:13 -2295112.250000        0.276417
FIRE:  610 19:25:13 -2295112.500000        0.273383
FIRE:  611 19:25:13 -2295112.250000        0.387391
FIRE:  612 19:25:13 -2295112.250000        0.435143
FIRE:  613 19:25:13 -2295112.500000        0.396119
FIRE:  614 19:25:13 -2295112.250000        0.261697
FIRE:  615 19:25:13 -2295112.250000        0.182728
FIRE:  616 19:25:13 -2295112.250000        0.185097
FIRE:  617 19:25:13 -2295112.250000        0.326294
FIRE:  618 19:25:13 -2295112.250000        0.299455
FIRE:  619 19:25:13 -2295112.250000        0.133609
FIRE:  620 19:25:13 -2295112.250000        0.215535
FIRE:  621 19:25:14 -2295112.250000        0.299402
FIRE:  622 19:25:14 -2295112.250000        0.132770
FIRE:  623 19:25:14 -2295112.250000        0.259551
FIRE:  624 19:25:14 -2295112.250000        0.138356
FIRE:  625 19:25:14 -2295112.250000        0.307982
FIRE:  626 19:25:14 -2295112.250000        0.175670
FIRE:  627 19:25:14 -2295112.250000        0.317647
FIRE:  628 19:25:14 -2295112.500000        0.377003
FIRE:  629 19:25:14 -2295112.500000        0.322315
FIRE:  630 19:25:14 -2295112.500000        0.542849
FIRE:  631 19:25:14 -2295112.500000        1.255012
FIRE:  632 19:25:14 -2295112.500000        3.979354
FIRE:  633 19:25:14 -2295112.500000        1.030195
FIRE:  634 19:25:14 -2295112.750000        0.754609
FIRE:  635 19:25:14 -2295112.500000        0.274244
FIRE:  636 19:25:14 -2295112.500000        0.320361
FIRE:  637 19:25:14 -2295112.500000        0.297785
FIRE:  638 19:25:14 -2295112.500000        0.254575
FIRE:  639 19:25:15 -2295112.500000        0.194432
FIRE:  640 19:25:15 -2295112.500000        0.122533
FIRE:  641 19:25:15 -2295112.500000        0.114430
FIRE:  642 19:25:15 -2295112.500000        0.114300
FIRE:  643 19:25:15 -2295112.500000        0.114160
FIRE:  644 19:25:15 -2295112.500000        0.142404
FIRE:  645 19:25:15 -2295112.500000        0.159266
FIRE:  646 19:25:15 -2295112.500000        0.146476
FIRE:  647 19:25:15 -2295112.500000        0.113486
FIRE:  648 19:25:15 -2295112.500000        0.113304
FIRE:  649 19:25:15 -2295112.500000        0.113105
FIRE:  650 19:25:15 -2295112.500000        0.130102
FIRE:  651 19:25:15 -2295112.500000        0.116945
FIRE:  652 19:25:15 -2295112.500000        0.112342
FIRE:  653 19:25:15 -2295112.500000        0.111964
FIRE:  654 19:25:15 -2295112.500000        0.112629
FIRE:  655 19:25:15 -2295112.500000        0.110625
FIRE:  656 19:25:15 -2295112.500000        0.121305
FIRE:  657 19:25:16 -2295112.500000        0.106582
FIRE:  658 19:25:16 -2295112.500000        0.116562
FIRE:  659 19:25:16 -2295112.500000        0.096926
FIRE:  660 19:25:16 -2295112.500000        0.089567
FIRE:  661 19:25:16 -2295112.500000        0.161100
FIRE:  662 19:25:16 -2295112.500000        0.329050
FIRE:  663 19:25:16 -2295112.500000        0.662842
FIRE:  664 19:25:16 -2295112.500000        1.582875
FIRE:  665 19:25:16 -2295112.500000        0.063796
FIRE:  666 19:25:16 -2295112.500000        0.054209
FIRE:  667 19:25:16 -2295112.500000        0.054223
FIRE:  668 19:25:16 -2295112.500000        0.054255
FIRE:  669 19:25:16 -2295112.500000        0.054301
FIRE:  670 19:25:16 -2295112.500000        0.054394
FIRE:  671 19:25:16 -2295112.500000        0.054536
FIRE:  672 19:25:16 -2295112.500000        0.054720
FIRE:  673 19:25:17 -2295112.750000        0.055003
FIRE:  674 19:25:17 -2295112.750000        0.055397
FIRE:  675 19:25:17 -2295112.750000        0.055907
FIRE:  676 19:25:17 -2295112.750000        0.056526
FIRE:  677 19:25:17 -2295112.750000        0.057179
FIRE:  678 19:25:17 -2295112.750000        0.057740
FIRE:  679 19:25:17 -2295112.750000        0.058046
FIRE:  680 19:25:17 -2295112.750000        0.057940
FIRE:  681 19:25:17 -2295112.750000        0.057302
FIRE:  682 19:25:17 -2295112.750000        0.056082
FIRE:  683 19:25:17 -2295112.750000        0.054332
FIRE:  684 19:25:17 -2295112.750000        0.052224
FIRE:  685 19:25:17 -2295112.750000        0.120025
FIRE:  686 19:25:17 -2295112.750000        0.438790
FIRE:  687 19:25:17 -2295112.750000        1.332764
FIRE:  688 19:25:17 -2295112.750000        0.044262
