      Step     Time          Energy          fmax
FIRE:    0 20:24:59 -1369512.375000        8.293074
FIRE:    1 20:24:59 -1369515.625000        6.624211
FIRE:    2 20:25:01 -1369518.000000        4.207814
FIRE:    3 20:25:01 -1369520.750000        2.430717
FIRE:    4 20:25:01 -1369519.250000        5.272851
FIRE:    5 20:25:01 -1369519.500000        4.248513
FIRE:    6 20:25:01 -1369519.875000        2.599628
FIRE:    7 20:25:01 -1369520.125000        1.650903
FIRE:    8 20:25:01 -1369520.250000        1.505497
FIRE:    9 20:25:03 -1369522.000000        1.977753
FIRE:   10 20:25:04 -1369520.500000        2.505291
FIRE:   11 20:25:04 -1369520.750000        2.628415
FIRE:   12 20:25:04 -1369521.000000        2.315503
FIRE:   13 20:25:04 -1369521.375000        1.480682
FIRE:   14 20:25:04 -1369521.750000        0.757009
FIRE:   15 20:25:04 -1369522.000000        1.577677
FIRE:   16 20:25:04 -1369522.125000        2.203629
FIRE:   17 20:25:04 -1369522.500000        1.375158
FIRE:   18 20:25:04 -1369522.875000        0.653740
FIRE:   19 20:25:05 -1369523.000000        1.532679
FIRE:   20 20:25:05 -1369524.750000        1.458074
FIRE:   21 20:25:05 -1369525.000000        0.541057
FIRE:   22 20:25:05 -1369525.250000        1.106180
FIRE:   23 20:25:05 -1369525.375000        1.282859
FIRE:   24 20:25:05 -1369524.125000        0.496238
FIRE:   25 20:25:05 -1369524.250000        1.127940
FIRE:   26 20:25:05 -1369531.875000        0.762524
FIRE:   27 20:25:05 -1369524.625000        0.809218
FIRE:   28 20:25:05 -1369524.875000        0.978757
FIRE:   29 20:25:05 -1369525.125000        1.181875
FIRE:   30 20:25:05 -1369525.375000        1.616917
FIRE:   31 20:25:05 -1369531.250000        1.891146
FIRE:   32 20:25:05 -1369531.125000        7.958168
FIRE:   33 20:25:06 -1369532.000000        2.196702
FIRE:   34 20:25:06 -1369531.000000        1.670104
FIRE:   35 20:25:06 -1369532.375000        0.735455
FIRE:   36 20:25:06 -1369532.625000        0.563373
FIRE:   37 20:25:06 -1369532.125000        0.554824
FIRE:   38 20:25:06 -1369531.500000        0.553737
FIRE:   39 20:25:06 -1369531.500000        0.552116
FIRE:   40 20:25:06 -1369531.875000        0.549974
FIRE:   41 20:25:06 -1369531.500000        0.547344
FIRE:   42 20:25:06 -1369532.000000        0.544250
FIRE:   43 20:25:06 -1369532.125000        0.540755
FIRE:   44 20:25:06 -1369531.625000        0.536467
FIRE:   45 20:25:06 -1369531.500000        0.531310
FIRE:   46 20:25:06 -1369531.375000        0.525162
FIRE:   47 20:25:07 -1369531.875000        0.517939
FIRE:   48 20:25:07 -1369531.375000        0.510010
FIRE:   49 20:25:07 -1369531.375000        0.503533
FIRE:   50 20:25:07 -1369531.375000        0.497914
FIRE:   51 20:25:07 -1369529.250000        0.494019
FIRE:   52 20:25:07 -1369532.250000        0.490085
FIRE:   53 20:25:07 -1369532.500000        0.488373
FIRE:   54 20:25:07 -1369531.500000        0.489558
FIRE:   55 20:25:07 -1369531.875000        0.494052
FIRE:   56 20:25:07 -1369525.875000        0.466078
FIRE:   57 20:25:07 -1369526.000000        0.425762
FIRE:   58 20:25:07 -1369526.000000        0.444790
FIRE:   59 20:25:07 -1369526.000000        0.483355
FIRE:   60 20:25:07 -1369526.000000        0.518503
FIRE:   61 20:25:08 -1369526.125000        0.491380
FIRE:   62 20:25:08 -1369526.375000        0.536873
FIRE:   63 20:25:08 -1369526.625000        1.060876
FIRE:   64 20:25:08 -1369526.625000        2.533193
FIRE:   65 20:25:08 -1369526.750000        0.362413
FIRE:   66 20:25:08 -1369526.625000        1.917670
FIRE:   67 20:25:08 -1369526.750000        1.512859
FIRE:   68 20:25:08 -1369526.750000        0.762428
FIRE:   69 20:25:08 -1369526.750000        0.346329
FIRE:   70 20:25:08 -1369526.750000        0.346120
FIRE:   71 20:25:08 -1369526.750000        0.345706
FIRE:   72 20:25:08 -1369526.750000        0.345083
FIRE:   73 20:25:08 -1369526.750000        0.344256
FIRE:   74 20:25:08 -1369526.750000        0.343227
FIRE:   75 20:25:08 -1369526.750000        0.342000
FIRE:   76 20:25:09 -1369526.750000        0.340578
FIRE:   77 20:25:09 -1369526.750000        0.338787
FIRE:   78 20:25:09 -1369526.750000        0.336560
FIRE:   79 20:25:09 -1369526.625000        0.333779
FIRE:   80 20:25:09 -1369526.750000        0.330307
FIRE:   81 20:25:09 -1369526.750000        0.326116
FIRE:   82 20:25:09 -1369526.750000        0.320840
FIRE:   83 20:25:09 -1369526.750000        0.314540
FIRE:   84 20:25:09 -1369533.125000        0.307076
FIRE:   85 20:25:09 -1369526.750000        0.298305
FIRE:   86 20:25:09 -1369526.875000        0.288061
FIRE:   87 20:25:09 -1369526.875000        0.276122
FIRE:   88 20:25:09 -1369526.875000        0.262246
FIRE:   89 20:25:09 -1369526.750000        0.245869
FIRE:   90 20:25:10 -1369533.125000        0.229014
FIRE:   91 20:25:10 -1369532.750000        0.222079
FIRE:   92 20:25:10 -1369532.750000        0.196120
FIRE:   93 20:25:10 -1369532.750000        0.162657
FIRE:   94 20:25:10 -1369532.750000        0.141984
FIRE:   95 20:25:10 -1369532.625000        0.156079
FIRE:   96 20:25:10 -1369533.625000        0.264308
FIRE:   97 20:25:10 -1369534.750000        0.316348
FIRE:   98 20:25:10 -1369534.875000        0.305754
FIRE:   99 20:25:10 -1369534.750000        1.355936
FIRE:  100 20:25:10 -1369534.000000        0.186926
FIRE:  101 20:25:10 -1369531.625000        0.185617
FIRE:  102 20:25:10 -1369534.750000        0.183093
FIRE:  103 20:25:10 -1369531.625000        0.179513
FIRE:  104 20:25:11 -1369534.875000        0.175135
FIRE:  105 20:25:11 -1369534.250000        0.170207
FIRE:  106 20:25:11 -1369534.000000        0.164897
FIRE:  107 20:25:11 -1369534.750000        0.159218
FIRE:  108 20:25:11 -1369535.000000        0.152411
FIRE:  109 20:25:11 -1369529.375000        0.144165
FIRE:  110 20:25:11 -1369529.000000        0.134269
FIRE:  111 20:25:11 -1369529.000000        0.122840
FIRE:  112 20:25:11 -1369534.375000        0.112118
FIRE:  113 20:25:11 -1369534.750000        0.107944
FIRE:  114 20:25:11 -1369534.875000        0.107083
FIRE:  115 20:25:11 -1369534.875000        0.110873
FIRE:  116 20:25:11 -1369531.500000        0.105775
FIRE:  117 20:25:11 -1369529.750000        0.111967
FIRE:  118 20:25:11 -1369529.125000        0.148922
FIRE:  119 20:25:12 -1369529.250000        0.334734
FIRE:  120 20:25:12 -1369529.250000        0.774156
FIRE:  121 20:25:12 -1369529.250000        2.027265
FIRE:  122 20:25:12 -1369529.250000        0.258763
FIRE:  123 20:25:12 -1369529.250000        0.202939
FIRE:  124 20:25:12 -1369529.250000        0.115768
FIRE:  125 20:25:12 -1369529.875000        0.114653
FIRE:  126 20:25:12 -1369529.875000        0.187294
FIRE:  127 20:25:12 -1369529.250000        0.217127
FIRE:  128 20:25:12 -1369529.250000        0.176482
FIRE:  129 20:25:12 -1369529.250000        0.107063
FIRE:  130 20:25:12 -1369529.375000        0.104294
FIRE:  131 20:25:12 -1369529.375000        0.154210
FIRE:  132 20:25:12 -1369529.500000        0.129086
FIRE:  133 20:25:13 -1369530.000000        0.098372
FIRE:  134 20:25:13 -1369529.375000        0.163051
FIRE:  135 20:25:13 -1369529.375000        0.097345
FIRE:  136 20:25:13 -1369529.500000        0.132467
FIRE:  137 20:25:13 -1369530.000000        0.098868
FIRE:  138 20:25:13 -1369529.375000        0.174310
FIRE:  139 20:25:13 -1369529.375000        0.106350
FIRE:  140 20:25:13 -1369530.000000        0.101631
FIRE:  141 20:25:13 -1369529.500000        0.147582
FIRE:  142 20:25:13 -1369529.500000        0.396390
FIRE:  143 20:25:13 -1369529.500000        1.100159
FIRE:  144 20:25:13 -1369529.625000        0.093311
FIRE:  145 20:25:13 -1369529.500000        0.910425
FIRE:  146 20:25:13 -1369529.875000        0.709269
FIRE:  147 20:25:14 -1369529.500000        0.344556
FIRE:  148 20:25:14 -1369529.500000        0.123563
FIRE:  149 20:25:14 -1369530.125000        0.118495
FIRE:  150 20:25:14 -1369529.500000        0.108607
FIRE:  151 20:25:14 -1369529.500000        0.094634
FIRE:  152 20:25:14 -1369529.500000        0.093127
FIRE:  153 20:25:14 -1369530.125000        0.093335
FIRE:  154 20:25:14 -1369529.500000        0.093566
FIRE:  155 20:25:14 -1369529.500000        0.093795
FIRE:  156 20:25:14 -1369529.500000        0.094014
FIRE:  157 20:25:14 -1369529.500000        0.094155
FIRE:  158 20:25:14 -1369529.500000        0.094178
FIRE:  159 20:25:14 -1369529.750000        0.094033
FIRE:  160 20:25:14 -1369529.875000        0.093754
FIRE:  161 20:25:15 -1369529.875000        0.093380
FIRE:  162 20:25:15 -1369529.500000        0.093041
FIRE:  163 20:25:15 -1369529.875000        0.092847
FIRE:  164 20:25:15 -1369530.125000        0.092848
FIRE:  165 20:25:15 -1369529.875000        0.093031
FIRE:  166 20:25:15 -1369530.250000        0.093180
FIRE:  167 20:25:15 -1369529.625000        0.092852
FIRE:  168 20:25:15 -1369529.625000        0.092040
FIRE:  169 20:25:15 -1369529.625000        0.091362
FIRE:  170 20:25:15 -1369529.625000        0.091145
FIRE:  171 20:25:15 -1369529.625000        0.090549
FIRE:  172 20:25:15 -1369529.625000        0.088754
FIRE:  173 20:25:15 -1369530.625000        0.088317
FIRE:  174 20:25:15 -1369529.625000        0.087551
FIRE:  175 20:25:15 -1369529.875000        0.089298
FIRE:  176 20:25:15 -1369529.875000        0.280773
FIRE:  177 20:25:16 -1369529.750000        0.946620
FIRE:  178 20:25:16 -1369529.750000        2.718715
FIRE:  179 20:25:16 -1369530.750000        0.255901
FIRE:  180 20:25:16 -1369529.875000        0.189536
FIRE:  181 20:25:16 -1369529.875000        0.083723
FIRE:  182 20:25:16 -1369529.875000        0.103211
FIRE:  183 20:25:16 -1369529.875000        0.163168
FIRE:  184 20:25:16 -1369529.875000        0.167689
FIRE:  185 20:25:16 -1369531.375000        0.118679
FIRE:  186 20:25:16 -1369529.875000        0.083646
FIRE:  187 20:25:16 -1369529.875000        0.127074
FIRE:  188 20:25:16 -1369529.875000        0.156288
FIRE:  189 20:25:16 -1369530.250000        0.084423
FIRE:  190 20:25:16 -1369529.875000        0.102234
FIRE:  191 20:25:16 -1369531.250000        0.126462
FIRE:  192 20:25:16 -1369531.625000        0.084679
FIRE:  193 20:25:16 -1369531.250000        0.138556
FIRE:  194 20:25:17 -1369529.875000        0.085902
FIRE:  195 20:25:17 -1369531.625000        0.089501
FIRE:  196 20:25:17 -1369531.250000        0.166260
FIRE:  197 20:25:17 -1369529.875000        0.195770
FIRE:  198 20:25:17 -1369531.250000        0.366123
FIRE:  199 20:25:17 -1369531.625000        0.739099
FIRE:  200 20:25:17 -1369530.000000        2.219209
FIRE:  201 20:25:17 -1369530.000000        0.331963
FIRE:  202 20:25:17 -1369530.000000        0.254931
FIRE:  203 20:25:17 -1369531.500000        0.121370
FIRE:  204 20:25:17 -1369530.000000        0.116897
FIRE:  205 20:25:17 -1369530.000000        0.241727
FIRE:  206 20:25:17 -1369532.125000        0.277893
FIRE:  207 20:25:17 -1369530.000000        0.218785
FIRE:  208 20:25:17 -1369531.250000        0.096075
FIRE:  209 20:25:17 -1369531.500000        0.115771
FIRE:  210 20:25:17 -1369531.875000        0.194417
FIRE:  211 20:25:18 -1369531.250000        0.156173
FIRE:  212 20:25:18 -1369530.000000        0.098131
FIRE:  213 20:25:18 -1369531.500000        0.205140
FIRE:  214 20:25:18 -1369530.000000        0.109605
FIRE:  215 20:25:18 -1369531.375000        0.164401
FIRE:  216 20:25:18 -1369530.000000        0.103760
FIRE:  217 20:25:18 -1369531.250000        0.222232
FIRE:  218 20:25:18 -1369530.000000        0.120558
FIRE:  219 20:25:18 -1369530.125000        0.117105
FIRE:  220 20:25:18 -1369533.125000        0.197462
FIRE:  221 20:25:18 -1369528.625000        0.433432
FIRE:  222 20:25:18 -1369530.125000        1.333961
FIRE:  223 20:25:18 -1369530.125000        0.154406
FIRE:  224 20:25:18 -1369530.125000        1.055207
FIRE:  225 20:25:18 -1369530.125000        0.807833
FIRE:  226 20:25:18 -1369530.125000        0.374302
FIRE:  227 20:25:19 -1369532.250000        0.195988
FIRE:  228 20:25:19 -1369531.625000        0.186050
FIRE:  229 20:25:19 -1369531.500000        0.166993
FIRE:  230 20:25:19 -1369530.125000        0.157145
FIRE:  231 20:25:19 -1369530.125000        0.157184
FIRE:  232 20:25:19 -1369531.625000        0.157242
FIRE:  233 20:25:19 -1369531.500000        0.157345
FIRE:  234 20:25:19 -1369530.125000        0.157488
FIRE:  235 20:25:19 -1369530.125000        0.157714
FIRE:  236 20:25:19 -1369530.125000        0.158045
FIRE:  237 20:25:19 -1369530.125000        0.158516
FIRE:  238 20:25:19 -1369530.125000        0.159163
FIRE:  239 20:25:19 -1369530.125000        0.159979
FIRE:  240 20:25:19 -1369530.125000        0.160845
FIRE:  241 20:25:19 -1369531.625000        0.161886
FIRE:  242 20:25:19 -1369530.125000        0.163100
FIRE:  243 20:25:19 -1369530.125000        0.164500
FIRE:  244 20:25:20 -1369530.250000        0.166196
FIRE:  245 20:25:20 -1369530.125000        0.168422
FIRE:  246 20:25:20 -1369530.125000        0.171460
FIRE:  247 20:25:20 -1369532.000000        0.175487
FIRE:  248 20:25:20 -1369532.250000        0.180482
FIRE:  249 20:25:20 -1369530.250000        0.186532
FIRE:  250 20:25:20 -1369530.250000        0.194279
FIRE:  251 20:25:20 -1369532.375000        0.204466
FIRE:  252 20:25:20 -1369530.250000        0.217045
FIRE:  253 20:25:20 -1369531.750000        0.235708
FIRE:  254 20:25:20 -1369530.375000        0.286163
FIRE:  255 20:25:20 -1369530.375000        0.328761
FIRE:  256 20:25:20 -1369530.375000        0.996240
FIRE:  257 20:25:20 -1369530.375000        2.919114
FIRE:  258 20:25:20 -1369530.500000        0.447752
FIRE:  259 20:25:20 -1369532.375000        0.450754
FIRE:  260 20:25:20 -1369530.500000        0.456243
FIRE:  261 20:25:21 -1369530.500000        0.461291
FIRE:  262 20:25:21 -1369530.500000        0.454639
FIRE:  263 20:25:21 -1369530.500000        0.428089
FIRE:  264 20:25:21 -1369532.625000        0.430732
FIRE:  265 20:25:21 -1369530.500000        0.434681
FIRE:  266 20:25:21 -1369530.500000        0.440781
FIRE:  267 20:25:21 -1369530.500000        0.449747
FIRE:  268 20:25:21 -1369530.500000        0.463140
FIRE:  269 20:25:21 -1369530.625000        0.473222
FIRE:  270 20:25:21 -1369532.000000        0.486156
FIRE:  271 20:25:21 -1369532.125000        0.528131
FIRE:  272 20:25:21 -1369530.625000        0.540652
FIRE:  273 20:25:21 -1369530.750000        0.574700
FIRE:  274 20:25:21 -1369530.750000        0.623448
FIRE:  275 20:25:21 -1369530.875000        0.743050
FIRE:  276 20:25:21 -1369531.000000        0.937487
FIRE:  277 20:25:21 -1369531.125000        1.155507
FIRE:  278 20:25:22 -1369531.375000        1.363964
FIRE:  279 20:25:22 -1369531.750000        2.450362
FIRE:  280 20:25:22 -1369533.500000        4.049270
FIRE:  281 20:25:22 -1369531.875000        0.712669
FIRE:  282 20:25:22 -1369533.375000        0.668707
FIRE:  283 20:25:22 -1369531.875000        0.584896
FIRE:  284 20:25:22 -1369531.875000        0.470171
FIRE:  285 20:25:22 -1369531.875000        0.425450
FIRE:  286 20:25:22 -1369531.875000        0.377273
FIRE:  287 20:25:22 -1369531.875000        0.259220
FIRE:  288 20:25:22 -1369531.875000        0.285460
FIRE:  289 20:25:22 -1369531.875000        0.377188
FIRE:  290 20:25:22 -1369531.875000        0.319967
FIRE:  291 20:25:22 -1369532.000000        0.309127
FIRE:  292 20:25:23 -1369532.000000        0.333502
FIRE:  293 20:25:23 -1369532.000000        0.206186
FIRE:  294 20:25:23 -1369532.000000        0.327690
FIRE:  295 20:25:23 -1369533.375000        0.194876
FIRE:  296 20:25:23 -1369533.500000        0.344119
FIRE:  297 20:25:23 -1369532.000000        0.287470
FIRE:  298 20:25:23 -1369534.000000        0.272376
FIRE:  299 20:25:23 -1369533.500000        0.469385
FIRE:  300 20:25:23 -1369530.625000        0.913487
FIRE:  301 20:25:23 -1369530.625000        0.191951
FIRE:  302 20:25:23 -1369530.625000        0.600487
FIRE:  303 20:25:23 -1369530.625000        0.495224
FIRE:  304 20:25:23 -1369530.625000        0.303085
FIRE:  305 20:25:23 -1369530.625000        0.132152
FIRE:  306 20:25:24 -1369530.625000        0.313599
FIRE:  307 20:25:24 -1369530.625000        0.300126
FIRE:  308 20:25:24 -1369530.625000        0.274025
FIRE:  309 20:25:24 -1369530.625000        0.236748
FIRE:  310 20:25:24 -1369530.625000        0.190749
FIRE:  311 20:25:24 -1369530.625000        0.139266
FIRE:  312 20:25:24 -1369530.625000        0.130680
FIRE:  313 20:25:24 -1369530.625000        0.130443
FIRE:  314 20:25:24 -1369530.625000        0.130141
FIRE:  315 20:25:24 -1369530.625000        0.151891
FIRE:  316 20:25:24 -1369530.500000        0.169557
FIRE:  317 20:25:24 -1369530.625000        0.167558
FIRE:  318 20:25:24 -1369530.625000        0.142387
FIRE:  319 20:25:24 -1369530.625000        0.126790
FIRE:  320 20:25:25 -1369530.625000        0.125572
FIRE:  321 20:25:25 -1369533.625000        0.136705
FIRE:  322 20:25:25 -1369534.250000        0.150700
FIRE:  323 20:25:25 -1369534.250000        0.120336
FIRE:  324 20:25:25 -1369533.750000        0.117936
FIRE:  325 20:25:25 -1369530.625000        0.131458
FIRE:  326 20:25:25 -1369532.125000        0.111666
FIRE:  327 20:25:25 -1369530.750000        0.107670
FIRE:  328 20:25:25 -1369530.750000        0.121299
FIRE:  329 20:25:25 -1369530.750000        0.098311
FIRE:  330 20:25:25 -1369530.750000        0.103505
FIRE:  331 20:25:25 -1369530.750000        0.133714
FIRE:  332 20:25:25 -1369530.750000        0.100639
FIRE:  333 20:25:25 -1369530.625000        0.079187
FIRE:  334 20:25:26 -1369530.750000        0.091038
FIRE:  335 20:25:26 -1369530.875000        0.307627
FIRE:  336 20:25:26 -1369532.375000        0.927302
FIRE:  337 20:25:26 -1369532.375000        0.088888
FIRE:  338 20:25:26 -1369532.375000        0.809598
FIRE:  339 20:25:26 -1369532.375000        0.618778
FIRE:  340 20:25:26 -1369532.375000        0.276330
FIRE:  341 20:25:26 -1369532.375000        0.147657
FIRE:  342 20:25:26 -1369532.375000        0.139763
FIRE:  343 20:25:26 -1369532.375000        0.124531
FIRE:  344 20:25:26 -1369532.375000        0.103187
FIRE:  345 20:25:26 -1369532.375000        0.086374
FIRE:  346 20:25:26 -1369532.375000        0.086411
FIRE:  347 20:25:26 -1369532.375000        0.086427
FIRE:  348 20:25:27 -1369532.375000        0.086396
FIRE:  349 20:25:27 -1369532.375000        0.086293
FIRE:  350 20:25:27 -1369532.375000        0.094913
FIRE:  351 20:25:27 -1369532.375000        0.095246
FIRE:  352 20:25:27 -1369532.375000        0.085303
FIRE:  353 20:25:27 -1369532.375000        0.084667
FIRE:  354 20:25:27 -1369532.375000        0.083888
FIRE:  355 20:25:27 -1369532.375000        0.083031
FIRE:  356 20:25:27 -1369532.375000        0.082186
FIRE:  357 20:25:27 -1369532.375000        0.081429
FIRE:  358 20:25:27 -1369532.375000        0.080705
FIRE:  359 20:25:27 -1369532.375000        0.079860
FIRE:  360 20:25:27 -1369532.375000        0.078701
FIRE:  361 20:25:27 -1369532.375000        0.076270
FIRE:  362 20:25:28 -1369532.375000        0.074067
FIRE:  363 20:25:28 -1369532.375000        0.072534
FIRE:  364 20:25:28 -1369532.375000        0.070708
FIRE:  365 20:25:28 -1369532.375000        0.079876
FIRE:  366 20:25:28 -1369532.500000        0.079469
FIRE:  367 20:25:28 -1369532.500000        0.086623
FIRE:  368 20:25:28 -1369532.500000        0.162201
FIRE:  369 20:25:28 -1369532.500000        0.421012
FIRE:  370 20:25:28 -1369532.500000        1.607033
FIRE:  371 20:25:28 -1369532.500000        0.191287
FIRE:  372 20:25:28 -1369532.500000        0.151007
FIRE:  373 20:25:28 -1369532.500000        0.082811
FIRE:  374 20:25:28 -1369532.500000        0.073088
FIRE:  375 20:25:28 -1369532.500000        0.137331
FIRE:  376 20:25:29 -1369533.000000        0.157689
FIRE:  377 20:25:29 -1369532.500000        0.127210
FIRE:  378 20:25:29 -1369532.500000        0.071351
FIRE:  379 20:25:29 -1369532.500000        0.079275
FIRE:  380 20:25:29 -1369532.500000        0.118890
FIRE:  381 20:25:29 -1369532.500000        0.095762
FIRE:  382 20:25:29 -1369532.500000        0.067523
FIRE:  383 20:25:29 -1369532.500000        0.121955
FIRE:  384 20:25:29 -1369532.500000        0.065203
FIRE:  385 20:25:29 -1369532.500000        0.106164
FIRE:  386 20:25:29 -1369532.500000        0.063766
FIRE:  387 20:25:29 -1369532.625000        0.125792
FIRE:  388 20:25:29 -1369532.625000        0.100170
FIRE:  389 20:25:29 -1369532.625000        0.067719
FIRE:  390 20:25:30 -1369532.625000        0.060214
FIRE:  391 20:25:30 -1369532.625000        0.073110
FIRE:  392 20:25:30 -1369532.625000        0.203239
FIRE:  393 20:25:30 -1369531.125000        0.925130
FIRE:  394 20:25:30 -1369536.375000        0.175241
FIRE:  395 20:25:30 -1369536.375000        0.133595
FIRE:  396 20:25:30 -1369536.500000        0.064140
FIRE:  397 20:25:30 -1369534.125000        0.078858
FIRE:  398 20:25:30 -1369534.125000        0.137666
FIRE:  399 20:25:30 -1369536.375000        0.147155
FIRE:  400 20:25:30 -1369534.125000        0.106990
FIRE:  401 20:25:30 -1369534.125000        0.059860
FIRE:  402 20:25:30 -1369532.625000        0.086229
FIRE:  403 20:25:30 -1369534.000000        0.111206
FIRE:  404 20:25:30 -1369531.125000        0.072575
FIRE:  405 20:25:30 -1369531.125000        0.074155
FIRE:  406 20:25:30 -1369531.125000        0.111128
FIRE:  407 20:25:31 -1369531.125000        0.065728
FIRE:  408 20:25:31 -1369531.125000        0.101887
FIRE:  409 20:25:31 -1369531.250000        0.064422
FIRE:  410 20:25:31 -1369531.250000        0.101198
FIRE:  411 20:25:31 -1369531.250000        0.116057
FIRE:  412 20:25:31 -1369531.250000        0.131460
FIRE:  413 20:25:31 -1369531.250000        0.179982
FIRE:  414 20:25:31 -1369532.750000        0.511371
FIRE:  415 20:25:31 -1369532.750000        1.363285
FIRE:  416 20:25:31 -1369532.750000        0.062694
FIRE:  417 20:25:31 -1369532.750000        1.392556
FIRE:  418 20:25:31 -1369532.750000        1.007113
FIRE:  419 20:25:31 -1369532.750000        0.367005
FIRE:  420 20:25:31 -1369532.750000        0.331710
FIRE:  421 20:25:31 -1369532.750000        0.312419
FIRE:  422 20:25:31 -1369532.750000        0.275118
FIRE:  423 20:25:31 -1369532.750000        0.222004
FIRE:  424 20:25:32 -1369532.750000        0.156934
FIRE:  425 20:25:32 -1369532.750000        0.085770
FIRE:  426 20:25:32 -1369532.750000        0.063286
FIRE:  427 20:25:32 -1369532.750000        0.116845
FIRE:  428 20:25:32 -1369532.750000        0.176133
FIRE:  429 20:25:32 -1369532.750000        0.211190
FIRE:  430 20:25:32 -1369532.750000        0.212240
FIRE:  431 20:25:32 -1369532.750000        0.172520
FIRE:  432 20:25:32 -1369532.750000        0.092924
FIRE:  433 20:25:32 -1369532.750000        0.063716
FIRE:  434 20:25:32 -1369532.750000        0.127732
FIRE:  435 20:25:32 -1369532.750000        0.151293
FIRE:  436 20:25:32 -1369532.750000        0.102812
FIRE:  437 20:25:32 -1369532.750000        0.065547
FIRE:  438 20:25:32 -1369532.750000        0.151165
FIRE:  439 20:25:32 -1369532.750000        0.110494
FIRE:  440 20:25:32 -1369532.750000        0.084487
FIRE:  441 20:25:33 -1369532.750000        0.121934
FIRE:  442 20:25:33 -1369532.750000        0.074982
FIRE:  443 20:25:33 -1369532.750000        0.116715
FIRE:  444 20:25:33 -1369532.750000        0.131654
FIRE:  445 20:25:33 -1369534.375000        0.084899
FIRE:  446 20:25:33 -1369537.625000        0.066026
FIRE:  447 20:25:33 -1369532.875000        0.065632
FIRE:  448 20:25:33 -1369535.125000        0.188702
FIRE:  449 20:25:33 -1369532.875000        0.681490
FIRE:  450 20:25:33 -1369534.500000        2.842253
FIRE:  451 20:25:33 -1369532.875000        1.056772
FIRE:  452 20:25:33 -1369534.875000        0.728141
FIRE:  453 20:25:33 -1369534.250000        0.178483
FIRE:  454 20:25:33 -1369532.875000        0.487723
FIRE:  455 20:25:33 -1369534.250000        0.448370
FIRE:  456 20:25:33 -1369534.875000        0.373423
FIRE:  457 20:25:33 -1369534.500000        0.269586
FIRE:  458 20:25:34 -1369534.875000        0.147128
FIRE:  459 20:25:34 -1369534.250000        0.064990
FIRE:  460 20:25:34 -1369534.750000        0.118601
FIRE:  461 20:25:34 -1369534.500000        0.189138
FIRE:  462 20:25:34 -1369532.875000        0.234164
FIRE:  463 20:25:34 -1369532.875000        0.243729
FIRE:  464 20:25:34 -1369532.875000        0.201798
FIRE:  465 20:25:34 -1369533.000000        0.118353
FIRE:  466 20:25:34 -1369534.250000        0.064833
FIRE:  467 20:25:34 -1369534.625000        0.161723
FIRE:  468 20:25:34 -1369534.250000        0.218827
FIRE:  469 20:25:34 -1369537.500000        0.162418
FIRE:  470 20:25:34 -1369532.875000        0.064296
FIRE:  471 20:25:34 -1369534.250000        0.151885
FIRE:  472 20:25:34 -1369534.375000        0.140994
FIRE:  473 20:25:34 -1369535.375000        0.063864
FIRE:  474 20:25:35 -1369532.875000        0.178104
FIRE:  475 20:25:35 -1369532.875000        0.063440
FIRE:  476 20:25:35 -1369534.375000        0.148771
FIRE:  477 20:25:35 -1369532.875000        0.116901
FIRE:  478 20:25:35 -1369533.000000        0.062547
FIRE:  479 20:25:35 -1369533.000000        0.138915
FIRE:  480 20:25:35 -1369533.000000        0.355160
FIRE:  481 20:25:35 -1369533.000000        0.738855
FIRE:  482 20:25:35 -1369534.375000        0.083182
FIRE:  483 20:25:35 -1369535.250000        0.677744
FIRE:  484 20:25:35 -1369534.500000        0.518279
FIRE:  485 20:25:35 -1369534.875000        0.242141
FIRE:  486 20:25:35 -1369535.000000        0.094172
FIRE:  487 20:25:35 -1369534.375000        0.089744
FIRE:  488 20:25:35 -1369535.000000        0.081200
FIRE:  489 20:25:35 -1369535.000000        0.069139
FIRE:  490 20:25:35 -1369533.125000        0.060035
FIRE:  491 20:25:36 -1369535.125000        0.060149
FIRE:  492 20:25:36 -1369533.000000        0.060267
FIRE:  493 20:25:36 -1369532.875000        0.060370
FIRE:  494 20:25:36 -1369533.125000        0.060466
FIRE:  495 20:25:36 -1369533.000000        0.060547
FIRE:  496 20:25:36 -1369533.000000        0.061024
FIRE:  497 20:25:36 -1369534.375000        0.060563
FIRE:  498 20:25:36 -1369533.000000        0.060493
FIRE:  499 20:25:36 -1369534.625000        0.060373
FIRE:  500 20:25:36 -1369534.375000        0.060255
FIRE:  501 20:25:36 -1369533.000000        0.060189
FIRE:  502 20:25:36 -1369533.000000        0.060131
FIRE:  503 20:25:36 -1369533.000000        0.060156
FIRE:  504 20:25:36 -1369534.625000        0.060166
FIRE:  505 20:25:36 -1369533.000000        0.059997
FIRE:  506 20:25:37 -1369533.000000        0.059580
FIRE:  507 20:25:37 -1369534.500000        0.059119
FIRE:  508 20:25:37 -1369535.500000        0.058879
FIRE:  509 20:25:37 -1369535.500000        0.058605
FIRE:  510 20:25:37 -1369535.375000        0.057731
FIRE:  511 20:25:37 -1369535.375000        0.058031
FIRE:  512 20:25:37 -1369535.750000        0.059439
FIRE:  513 20:25:37 -1369534.625000        0.094595
FIRE:  514 20:25:37 -1369535.875000        0.273868
FIRE:  515 20:25:37 -1369535.375000        0.741922
FIRE:  516 20:25:37 -1369533.000000        2.327529
FIRE:  517 20:25:37 -1369534.875000        0.510564
FIRE:  518 20:25:37 -1369534.750000        0.365575
FIRE:  519 20:25:37 -1369535.875000        0.118479
FIRE:  520 20:25:38 -1369534.375000        0.171139
FIRE:  521 20:25:38 -1369533.125000        0.159383
FIRE:  522 20:25:38 -1369534.500000        0.136769
FIRE:  523 20:25:38 -1369535.500000        0.105172
FIRE:  524 20:25:38 -1369535.625000        0.067660
FIRE:  525 20:25:38 -1369535.625000        0.060911
FIRE:  526 20:25:38 -1369533.125000        0.060478
FIRE:  527 20:25:38 -1369535.125000        0.060101
FIRE:  528 20:25:38 -1369535.625000        0.072360
FIRE:  529 20:25:38 -1369536.000000        0.080691
FIRE:  530 20:25:38 -1369533.250000        0.074005
FIRE:  531 20:25:38 -1369535.625000        0.059569
FIRE:  532 20:25:38 -1369535.125000        0.059813
FIRE:  533 20:25:38 -1369535.125000        0.060088
FIRE:  534 20:25:39 -1369535.750000        0.072697
FIRE:  535 20:25:39 -1369533.125000        0.063474
FIRE:  536 20:25:39 -1369535.125000        0.059549
FIRE:  537 20:25:39 -1369536.000000        0.058934
FIRE:  538 20:25:39 -1369535.625000        0.058657
FIRE:  539 20:25:39 -1369534.500000        0.058791
FIRE:  540 20:25:39 -1369533.125000        0.065483
FIRE:  541 20:25:39 -1369534.500000        0.057896
FIRE:  542 20:25:39 -1369535.000000        0.058668
FIRE:  543 20:25:39 -1369533.125000        0.055907
FIRE:  544 20:25:39 -1369535.625000        0.055088
FIRE:  545 20:25:39 -1369535.625000        0.071536
FIRE:  546 20:25:39 -1369535.750000        0.174295
FIRE:  547 20:25:40 -1369534.750000        0.409740
FIRE:  548 20:25:40 -1369533.125000        1.113221
FIRE:  549 20:25:40 -1369535.875000        0.052966
FIRE:  550 20:25:40 -1369533.125000        0.052975
FIRE:  551 20:25:40 -1369534.750000        0.052978
FIRE:  552 20:25:40 -1369533.250000        0.052983
FIRE:  553 20:25:40 -1369533.125000        0.052983
FIRE:  554 20:25:40 -1369534.875000        0.052967
FIRE:  555 20:25:40 -1369535.125000        0.052918
FIRE:  556 20:25:40 -1369533.125000        0.052864
FIRE:  557 20:25:40 -1369535.125000        0.052786
FIRE:  558 20:25:40 -1369534.500000        0.052700
FIRE:  559 20:25:40 -1369535.500000        0.052625
FIRE:  560 20:25:40 -1369536.000000        0.052530
FIRE:  561 20:25:41 -1369535.875000        0.052389
FIRE:  562 20:25:41 -1369535.125000        0.052204
FIRE:  563 20:25:41 -1369533.125000        0.052077
FIRE:  564 20:25:41 -1369535.375000        0.052110
FIRE:  565 20:25:41 -1369534.625000        0.052144
FIRE:  566 20:25:41 -1369534.500000        0.051687
FIRE:  567 20:25:41 -1369534.875000        0.050793
FIRE:  568 20:25:41 -1369533.125000        0.049362
