      Step     Time          Energy          fmax
FIRE:    0 21:19:06 -1004459.187500        6.054920
FIRE:    1 21:19:06 -1004460.375000        5.236153
FIRE:    2 21:19:08 -1004462.687500        3.376563
FIRE:    3 21:19:08 -1004463.437500        1.200059
FIRE:    4 21:19:09 -1004462.687500        4.758451
FIRE:    5 21:19:09 -1004462.875000        3.935986
FIRE:    6 21:19:09 -1004463.062500        2.696732
FIRE:    7 21:19:09 -1004463.312500        1.307171
FIRE:    8 21:19:09 -1004463.437500        1.240030
FIRE:    9 21:19:09 -1004463.437500        1.462690
FIRE:   10 21:19:09 -1004463.437500        1.432422
FIRE:   11 21:19:09 -1004463.937500        1.372284
FIRE:   12 21:19:09 -1004463.750000        1.283046
FIRE:   13 21:19:09 -1004464.125000        1.271786
FIRE:   14 21:19:09 -1004464.062500        1.276405
FIRE:   15 21:19:09 -1004463.812500        1.280340
FIRE:   16 21:19:09 -1004464.187500        1.279366
FIRE:   17 21:19:09 -1004464.250000        1.270682
FIRE:   18 21:19:10 -1004464.187500        1.278165
FIRE:   19 21:19:10 -1004464.375000        1.285773
FIRE:   20 21:19:10 -1004464.437500        1.291865
FIRE:   21 21:19:10 -1004464.500000        1.293896
FIRE:   22 21:19:10 -1004464.562500        1.288882
FIRE:   23 21:19:10 -1004464.187500        1.278313
FIRE:   24 21:19:10 -1004464.875000        1.253438
FIRE:   25 21:19:10 -1004464.625000        1.205285
FIRE:   26 21:19:10 -1004465.062500        1.096007
FIRE:   27 21:19:10 -1004465.375000        0.899707
FIRE:   28 21:19:10 -1004465.562500        0.780007
FIRE:   29 21:19:10 -1004465.375000        0.592064
FIRE:   30 21:19:12 -1004466.250000        0.761043
FIRE:   31 21:19:13 -1004465.062500        1.045345
FIRE:   32 21:19:13 -1004466.437500        0.951003
FIRE:   33 21:19:13 -1004466.687500        0.929321
FIRE:   34 21:19:13 -1004467.000000        1.036419
FIRE:   35 21:19:13 -1004466.187500        1.377533
FIRE:   36 21:19:13 -1004466.562500        2.136457
FIRE:   37 21:19:14 -1004467.125000        3.108662
FIRE:   38 21:19:14 -1004467.750000        2.006684
FIRE:   39 21:19:14 -1004468.375000       11.624993
FIRE:   40 21:19:14 -1004468.750000        4.393049
FIRE:   41 21:19:14 -1004469.062500        3.452659
FIRE:   42 21:19:14 -1004469.000000        2.307923
FIRE:   43 21:19:14 -1004469.250000        1.017898
FIRE:   44 21:19:14 -1004469.250000        3.827468
FIRE:   45 21:19:14 -1004469.187500        3.518171
FIRE:   46 21:19:14 -1004469.312500        2.949655
FIRE:   47 21:19:14 -1004469.125000        2.206449
FIRE:   48 21:19:14 -1004469.187500        1.386821
FIRE:   49 21:19:14 -1004469.375000        0.809406
FIRE:   50 21:19:14 -1004469.187500        1.152071
FIRE:   51 21:19:14 -1004468.375000        1.454731
FIRE:   52 21:19:15 -1004468.375000        1.634640
FIRE:   53 21:19:15 -1004468.437500        1.669175
FIRE:   54 21:19:15 -1004468.437500        1.525410
FIRE:   55 21:19:15 -1004468.562500        1.155288
FIRE:   56 21:19:15 -1004468.437500        0.896717
FIRE:   57 21:19:15 -1004469.437500        1.155747
FIRE:   58 21:19:15 -1004468.500000        1.701380
FIRE:   59 21:19:15 -1004468.562500        1.398813
FIRE:   60 21:19:15 -1004468.750000        0.733649
FIRE:   61 21:19:15 -1004468.937500        0.954504
FIRE:   62 21:19:15 -1004468.937500        1.006351
FIRE:   63 21:19:15 -1004469.125000        0.744084
FIRE:   64 21:19:15 -1004470.312500        1.243379
FIRE:   65 21:19:15 -1004470.562500        0.816511
FIRE:   66 21:19:16 -1004470.625000        1.142561
FIRE:   67 21:19:16 -1004470.875000        0.520537
FIRE:   68 21:19:16 -1004471.000000        0.671323
FIRE:   69 21:19:16 -1004469.687500        1.195262
FIRE:   70 21:19:16 -1004469.750000        0.733120
FIRE:   71 21:19:16 -1004469.812500        0.612198
FIRE:   72 21:19:16 -1004469.750000        1.099603
FIRE:   73 21:19:16 -1004469.750000        0.697130
FIRE:   74 21:19:16 -1004469.812500        0.357738
FIRE:   75 21:19:16 -1004469.812500        0.796397
FIRE:   76 21:19:16 -1004469.875000        0.618897
FIRE:   77 21:19:16 -1004469.875000        0.252175
FIRE:   78 21:19:16 -1004469.937500        0.792377
FIRE:   79 21:19:16 -1004469.875000        0.400573
FIRE:   80 21:19:17 -1004469.937500        0.682608
FIRE:   81 21:19:17 -1004471.125000        0.310988
FIRE:   82 21:19:17 -1004471.125000        0.803194
FIRE:   83 21:19:17 -1004471.187500        0.886374
FIRE:   84 21:19:17 -1004471.250000        0.828969
FIRE:   85 21:19:17 -1004471.125000        1.052179
FIRE:   86 21:19:17 -1004471.312500        3.037049
FIRE:   87 21:19:17 -1004471.375000        0.633069
FIRE:   88 21:19:17 -1004471.375000        0.470302
FIRE:   89 21:19:17 -1004471.437500        0.257599
FIRE:   90 21:19:17 -1004471.437500        0.245421
FIRE:   91 21:19:17 -1004471.437500        0.419633
FIRE:   92 21:19:17 -1004471.437500        0.497910
FIRE:   93 21:19:17 -1004471.437500        0.381821
FIRE:   94 21:19:18 -1004471.437500        0.186722
FIRE:   95 21:19:18 -1004471.437500        0.187720
FIRE:   96 21:19:18 -1004471.437500        0.366742
FIRE:   97 21:19:18 -1004471.312500        0.286191
FIRE:   98 21:19:18 -1004471.437500        0.137176
FIRE:   99 21:19:18 -1004471.437500        0.335162
FIRE:  100 21:19:18 -1004471.500000        0.175728
FIRE:  101 21:19:18 -1004471.500000        0.266403
FIRE:  102 21:19:18 -1004471.500000        0.187011
FIRE:  103 21:19:18 -1004471.562500        0.359406
FIRE:  104 21:19:18 -1004471.562500        0.174649
FIRE:  105 21:19:18 -1004471.812500        0.193834
FIRE:  106 21:19:18 -1004471.875000        0.564841
FIRE:  107 21:19:18 -1004471.937500        1.110831
FIRE:  108 21:19:19 -1004471.875000        2.681458
FIRE:  109 21:19:19 -1004472.000000        0.281227
FIRE:  110 21:19:19 -1004472.000000        0.221331
FIRE:  111 21:19:19 -1004472.000000        0.175550
FIRE:  112 21:19:19 -1004471.937500        0.172281
FIRE:  113 21:19:19 -1004472.000000        0.168523
FIRE:  114 21:19:19 -1004472.000000        0.210551
FIRE:  115 21:19:19 -1004472.000000        0.180924
FIRE:  116 21:19:19 -1004472.062500        0.157015
FIRE:  117 21:19:19 -1004472.062500        0.153302
FIRE:  118 21:19:19 -1004472.062500        0.149636
FIRE:  119 21:19:19 -1004472.062500        0.146010
FIRE:  120 21:19:19 -1004472.062500        0.142381
FIRE:  121 21:19:19 -1004472.000000        0.139049
FIRE:  122 21:19:20 -1004472.062500        0.136354
FIRE:  123 21:19:20 -1004472.000000        0.132328
FIRE:  124 21:19:20 -1004472.125000        0.122957
FIRE:  125 21:19:20 -1004472.062500        0.125674
FIRE:  126 21:19:20 -1004471.375000        0.118662
FIRE:  127 21:19:20 -1004471.937500        0.126610
FIRE:  128 21:19:20 -1004471.937500        0.262235
FIRE:  129 21:19:20 -1004472.000000        0.528015
FIRE:  130 21:19:20 -1004471.562500        1.341358
FIRE:  131 21:19:20 -1004471.500000        2.974904
FIRE:  132 21:19:20 -1004471.687500        0.412646
FIRE:  133 21:19:20 -1004472.000000        3.746184
FIRE:  134 21:19:20 -1004471.562500        2.407731
FIRE:  135 21:19:20 -1004471.625000        0.514819
FIRE:  136 21:19:21 -1004471.437500        1.167155
FIRE:  137 21:19:21 -1004471.687500        1.098120
FIRE:  138 21:19:21 -1004471.625000        0.962335
FIRE:  139 21:19:21 -1004472.125000        0.764976
FIRE:  140 21:19:21 -1004472.125000        0.514496
FIRE:  141 21:19:21 -1004472.125000        0.247432
FIRE:  142 21:19:21 -1004472.125000        0.137285
FIRE:  143 21:19:21 -1004472.125000        0.358112
FIRE:  144 21:19:21 -1004471.687500        0.352209
FIRE:  145 21:19:21 -1004471.687500        0.340397
FIRE:  146 21:19:21 -1004472.375000        0.323080
FIRE:  147 21:19:21 -1004471.625000        0.300467
FIRE:  148 21:19:21 -1004472.125000        0.273167
FIRE:  149 21:19:21 -1004471.687500        0.241824
FIRE:  150 21:19:22 -1004471.750000        0.207118
FIRE:  151 21:19:22 -1004471.437500        0.165979
FIRE:  152 21:19:22 -1004471.437500        0.137579
FIRE:  153 21:19:22 -1004472.125000        0.137571
FIRE:  154 21:19:22 -1004471.687500        0.137575
FIRE:  155 21:19:22 -1004471.687500        0.137593
FIRE:  156 21:19:22 -1004471.687500        0.137646
FIRE:  157 21:19:22 -1004471.625000        0.145587
FIRE:  158 21:19:22 -1004471.687500        0.158146
FIRE:  159 21:19:22 -1004471.687500        0.149246
FIRE:  160 21:19:22 -1004471.625000        0.138340
FIRE:  161 21:19:22 -1004471.687500        0.138687
FIRE:  162 21:19:22 -1004471.687500        0.139109
FIRE:  163 21:19:22 -1004471.187500        0.139592
FIRE:  164 21:19:23 -1004471.687500        0.140094
FIRE:  165 21:19:23 -1004472.125000        0.140621
FIRE:  166 21:19:23 -1004471.687500        0.141194
FIRE:  167 21:19:23 -1004471.750000        0.141941
FIRE:  168 21:19:23 -1004471.625000        0.142958
FIRE:  169 21:19:23 -1004472.187500        0.144272
FIRE:  170 21:19:23 -1004471.750000        0.145781
FIRE:  171 21:19:23 -1004471.750000        0.147189
FIRE:  172 21:19:23 -1004471.750000        0.148792
FIRE:  173 21:19:23 -1004471.750000        0.151312
FIRE:  174 21:19:23 -1004471.875000        0.153561
FIRE:  175 21:19:23 -1004472.250000        0.155091
FIRE:  176 21:19:23 -1004472.312500        0.166222
FIRE:  177 21:19:23 -1004471.187500        0.268246
FIRE:  178 21:19:24 -1004471.250000        0.757952
FIRE:  179 21:19:24 -1004471.250000        1.941038
FIRE:  180 21:19:24 -1004471.312500        0.144235
FIRE:  181 21:19:24 -1004471.250000        2.180746
FIRE:  182 21:19:24 -1004471.375000        1.491388
FIRE:  183 21:19:24 -1004471.375000        0.427748
FIRE:  184 21:19:24 -1004471.312500        0.618789
FIRE:  185 21:19:24 -1004471.312500        0.580033
FIRE:  186 21:19:24 -1004471.312500        0.504450
FIRE:  187 21:19:24 -1004471.312500        0.396064
FIRE:  188 21:19:24 -1004471.312500        0.262103
FIRE:  189 21:19:24 -1004471.375000        0.131866
FIRE:  190 21:19:24 -1004471.375000        0.132797
FIRE:  191 21:19:24 -1004471.375000        0.183288
FIRE:  192 21:19:25 -1004471.312500        0.293819
FIRE:  193 21:19:25 -1004471.375000        0.358880
FIRE:  194 21:19:25 -1004471.312500        0.361064
FIRE:  195 21:19:25 -1004471.312500        0.288636
FIRE:  196 21:19:25 -1004471.312500        0.143510
FIRE:  197 21:19:25 -1004471.375000        0.130258
FIRE:  198 21:19:25 -1004471.437500        0.210201
FIRE:  199 21:19:25 -1004471.312500        0.266742
FIRE:  200 21:19:25 -1004471.437500        0.175289
FIRE:  201 21:19:25 -1004471.375000        0.126801
FIRE:  202 21:19:25 -1004471.437500        0.235992
FIRE:  203 21:19:25 -1004471.375000        0.188463
FIRE:  204 21:19:25 -1004471.375000        0.118502
FIRE:  205 21:19:25 -1004471.375000        0.205929
FIRE:  206 21:19:26 -1004471.375000        0.109318
FIRE:  207 21:19:26 -1004471.375000        0.204428
FIRE:  208 21:19:26 -1004471.437500        0.182002
FIRE:  209 21:19:26 -1004471.562500        0.099498
FIRE:  210 21:19:26 -1004471.625000        0.125304
FIRE:  211 21:19:26 -1004471.625000        0.372734
FIRE:  212 21:19:26 -1004471.500000        1.084949
FIRE:  213 21:19:26 -1004471.500000        2.568805
FIRE:  214 21:19:26 -1004471.562500        0.241464
FIRE:  215 21:19:26 -1004471.500000        3.189620
FIRE:  216 21:19:26 -1004471.562500        2.066369
FIRE:  217 21:19:26 -1004471.562500        0.444338
FIRE:  218 21:19:26 -1004471.687500        1.028521
FIRE:  219 21:19:26 -1004471.687500        0.965940
FIRE:  220 21:19:27 -1004471.687500        0.843112
FIRE:  221 21:19:27 -1004471.562500        0.665128
FIRE:  222 21:19:27 -1004471.562500        0.440217
FIRE:  223 21:19:27 -1004471.562500        0.193888
FIRE:  224 21:19:27 -1004471.625000        0.092543
FIRE:  225 21:19:27 -1004471.562500        0.327185
FIRE:  226 21:19:27 -1004471.562500        0.321640
FIRE:  227 21:19:27 -1004471.625000        0.310522
FIRE:  228 21:19:27 -1004471.687500        0.294125
FIRE:  229 21:19:27 -1004471.687500        0.272823
FIRE:  230 21:19:27 -1004471.687500        0.247076
FIRE:  231 21:19:27 -1004471.625000        0.217445
FIRE:  232 21:19:27 -1004471.687500        0.184674
FIRE:  233 21:19:27 -1004471.687500        0.145803
FIRE:  234 21:19:27 -1004471.687500        0.100944
FIRE:  235 21:19:28 -1004471.687500        0.090392
FIRE:  236 21:19:28 -1004471.687500        0.090462
FIRE:  237 21:19:28 -1004471.687500        0.090533
FIRE:  238 21:19:28 -1004471.562500        0.106666
FIRE:  239 21:19:28 -1004471.687500        0.133563
FIRE:  240 21:19:28 -1004471.687500        0.144466
FIRE:  241 21:19:28 -1004471.562500        0.134675
FIRE:  242 21:19:28 -1004471.625000        0.101586
FIRE:  243 21:19:28 -1004471.687500        0.090290
FIRE:  244 21:19:28 -1004471.687500        0.090078
FIRE:  245 21:19:28 -1004471.687500        0.102129
FIRE:  246 21:19:28 -1004471.687500        0.123203
FIRE:  247 21:19:28 -1004471.687500        0.089643
FIRE:  248 21:19:28 -1004471.625000        0.089649
FIRE:  249 21:19:29 -1004471.750000        0.091584
FIRE:  250 21:19:29 -1004471.687500        0.091788
FIRE:  251 21:19:29 -1004472.937500        0.089254
FIRE:  252 21:19:29 -1004473.000000        0.104050
FIRE:  253 21:19:29 -1004472.937500        0.088789
FIRE:  254 21:19:29 -1004472.937500        0.096620
FIRE:  255 21:19:29 -1004472.937500        0.088759
FIRE:  256 21:19:29 -1004473.062500        0.103216
FIRE:  257 21:19:29 -1004473.000000        0.133718
FIRE:  258 21:19:29 -1004471.687500        0.177139
FIRE:  259 21:19:29 -1004471.750000        0.303593
FIRE:  260 21:19:29 -1004471.750000        0.771875
FIRE:  261 21:19:29 -1004471.875000        1.872591
FIRE:  262 21:19:29 -1004471.937500        0.105337
FIRE:  263 21:19:30 -1004471.937500        2.125407
FIRE:  264 21:19:30 -1004471.875000        1.442442
FIRE:  265 21:19:30 -1004471.937500        0.392135
FIRE:  266 21:19:30 -1004471.812500        0.638439
FIRE:  267 21:19:30 -1004471.937500        0.598247
FIRE:  268 21:19:30 -1004472.000000        0.519769
FIRE:  269 21:19:30 -1004471.937500        0.407153
FIRE:  270 21:19:30 -1004471.937500        0.266727
FIRE:  271 21:19:30 -1004472.000000        0.117431
FIRE:  272 21:19:30 -1004472.000000        0.090090
FIRE:  273 21:19:30 -1004471.937500        0.196252
FIRE:  274 21:19:30 -1004472.000000        0.192985
FIRE:  275 21:19:30 -1004472.000000        0.186569
FIRE:  276 21:19:30 -1004471.937500        0.177065
FIRE:  277 21:19:31 -1004472.000000        0.164698
FIRE:  278 21:19:31 -1004471.875000        0.149773
FIRE:  279 21:19:31 -1004472.000000        0.132581
FIRE:  280 21:19:31 -1004471.937500        0.113608
FIRE:  281 21:19:31 -1004472.000000        0.091005
FIRE:  282 21:19:31 -1004472.000000        0.090103
FIRE:  283 21:19:31 -1004472.000000        0.090121
FIRE:  284 21:19:31 -1004471.937500        0.090143
FIRE:  285 21:19:31 -1004471.875000        0.090169
FIRE:  286 21:19:31 -1004472.000000        0.090199
FIRE:  287 21:19:31 -1004472.000000        0.090223
FIRE:  288 21:19:31 -1004472.000000        0.090247
FIRE:  289 21:19:31 -1004472.000000        0.090272
FIRE:  290 21:19:31 -1004471.937500        0.090303
FIRE:  291 21:19:31 -1004471.937500        0.090324
FIRE:  292 21:19:31 -1004471.812500        0.090365
FIRE:  293 21:19:31 -1004471.937500        0.090414
FIRE:  294 21:19:31 -1004472.000000        0.090501
FIRE:  295 21:19:32 -1004471.875000        0.090624
FIRE:  296 21:19:32 -1004471.937500        0.090793
FIRE:  297 21:19:32 -1004471.875000        0.091006
FIRE:  298 21:19:32 -1004472.000000        0.091259
FIRE:  299 21:19:32 -1004471.875000        0.091564
FIRE:  300 21:19:32 -1004472.000000        0.091808
FIRE:  301 21:19:32 -1004471.937500        0.092145
FIRE:  302 21:19:32 -1004472.000000        0.092639
FIRE:  303 21:19:32 -1004471.937500        0.093267
FIRE:  304 21:19:32 -1004472.000000        0.094017
FIRE:  305 21:19:32 -1004472.000000        0.095011
FIRE:  306 21:19:32 -1004471.875000        0.105953
FIRE:  307 21:19:32 -1004472.000000        0.193845
FIRE:  308 21:19:32 -1004471.937500        0.545981
FIRE:  309 21:19:32 -1004472.062500        1.420897
FIRE:  310 21:19:32 -1004472.062500        0.096260
FIRE:  311 21:19:32 -1004472.000000        1.513409
FIRE:  312 21:19:33 -1004472.000000        1.057341
FIRE:  313 21:19:33 -1004471.937500        0.329474
FIRE:  314 21:19:33 -1004472.000000        0.419665
FIRE:  315 21:19:33 -1004471.937500        0.393015
FIRE:  316 21:19:33 -1004472.000000        0.341151
FIRE:  317 21:19:33 -1004472.000000        0.267043
FIRE:  318 21:19:33 -1004471.937500        0.175411
FIRE:  319 21:19:33 -1004472.000000        0.096230
FIRE:  320 21:19:33 -1004472.000000        0.096240
FIRE:  321 21:19:33 -1004471.937500        0.121568
FIRE:  322 21:19:33 -1004472.000000        0.194255
FIRE:  323 21:19:33 -1004472.062500        0.236585
FIRE:  324 21:19:33 -1004471.937500        0.237411
FIRE:  325 21:19:33 -1004472.000000        0.189264
FIRE:  326 21:19:33 -1004472.000000        0.096232
FIRE:  327 21:19:33 -1004471.937500        0.096205
FIRE:  328 21:19:33 -1004472.062500        0.142386
FIRE:  329 21:19:34 -1004471.937500        0.179649
FIRE:  330 21:19:34 -1004472.000000        0.117009
FIRE:  331 21:19:34 -1004471.937500        0.096146
FIRE:  332 21:19:34 -1004472.062500        0.156132
FIRE:  333 21:19:34 -1004472.062500        0.122781
FIRE:  334 21:19:34 -1004472.125000        0.095922
FIRE:  335 21:19:34 -1004472.125000        0.139311
FIRE:  336 21:19:34 -1004472.125000        0.095611
FIRE:  337 21:19:34 -1004472.625000        0.134330
FIRE:  338 21:19:34 -1004472.125000        0.123775
FIRE:  339 21:19:34 -1004472.062500        0.094296
FIRE:  340 21:19:34 -1004472.062500        0.093175
FIRE:  341 21:19:34 -1004472.187500        0.243459
FIRE:  342 21:19:34 -1004472.062500        0.709337
FIRE:  343 21:19:34 -1004472.250000        1.781608
FIRE:  344 21:19:35 -1004472.187500        0.085566
FIRE:  345 21:19:35 -1004472.187500        2.005661
FIRE:  346 21:19:35 -1004472.250000        1.354773
FIRE:  347 21:19:35 -1004472.187500        0.352932
FIRE:  348 21:19:35 -1004472.250000        0.630389
FIRE:  349 21:19:35 -1004472.125000        0.590110
FIRE:  350 21:19:35 -1004472.250000        0.511603
FIRE:  351 21:19:35 -1004472.250000        0.398935
FIRE:  352 21:19:35 -1004472.187500        0.258590
FIRE:  353 21:19:35 -1004472.250000        0.106287
FIRE:  354 21:19:35 -1004472.187500        0.087640
FIRE:  355 21:19:35 -1004472.187500        0.200716
FIRE:  356 21:19:35 -1004472.187500        0.197306
FIRE:  357 21:19:35 -1004472.187500        0.190557
FIRE:  358 21:19:36 -1004472.125000        0.180578
FIRE:  359 21:19:36 -1004472.250000        0.167548
FIRE:  360 21:19:36 -1004472.187500        0.151851
FIRE:  361 21:19:36 -1004472.187500        0.133741
FIRE:  362 21:19:36 -1004472.187500        0.113742
FIRE:  363 21:19:36 -1004472.250000        0.090009
FIRE:  364 21:19:36 -1004472.125000        0.088192
FIRE:  365 21:19:36 -1004472.187500        0.088276
FIRE:  366 21:19:36 -1004472.250000        0.088384
FIRE:  367 21:19:36 -1004472.250000        0.088526
FIRE:  368 21:19:36 -1004472.187500        0.088705
FIRE:  369 21:19:36 -1004472.187500        0.088926
FIRE:  370 21:19:36 -1004472.250000        0.090358
FIRE:  371 21:19:36 -1004472.250000        0.089529
FIRE:  372 21:19:37 -1004472.187500        0.089922
FIRE:  373 21:19:37 -1004472.250000        0.090379
FIRE:  374 21:19:37 -1004472.187500        0.090888
FIRE:  375 21:19:37 -1004472.250000        0.091404
FIRE:  376 21:19:37 -1004472.125000        0.091828
FIRE:  377 21:19:37 -1004472.250000        0.092047
FIRE:  378 21:19:37 -1004472.187500        0.091951
FIRE:  379 21:19:37 -1004472.250000        0.091479
FIRE:  380 21:19:37 -1004472.187500        0.090641
FIRE:  381 21:19:37 -1004472.250000        0.087632
FIRE:  382 21:19:37 -1004472.250000        0.078344
FIRE:  383 21:19:37 -1004472.312500        0.070969
FIRE:  384 21:19:37 -1004472.312500        0.069946
FIRE:  385 21:19:37 -1004472.125000        0.073972
FIRE:  386 21:19:37 -1004472.312500        0.076533
FIRE:  387 21:19:37 -1004472.312500        0.084457
FIRE:  388 21:19:38 -1004472.312500        0.113789
FIRE:  389 21:19:38 -1004472.375000        0.206716
FIRE:  390 21:19:38 -1004472.312500        0.544196
FIRE:  391 21:19:38 -1004472.375000        1.396092
FIRE:  392 21:19:38 -1004472.312500        0.066704
FIRE:  393 21:19:38 -1004472.375000        1.485488
FIRE:  394 21:19:38 -1004472.375000        1.030438
FIRE:  395 21:19:38 -1004472.375000        0.306425
FIRE:  396 21:19:38 -1004472.312500        0.434151
FIRE:  397 21:19:38 -1004472.312500        0.406178
FIRE:  398 21:19:38 -1004472.312500        0.351815
FIRE:  399 21:19:38 -1004472.375000        0.274173
FIRE:  400 21:19:38 -1004472.375000        0.178163
FIRE:  401 21:19:38 -1004472.187500        0.077617
FIRE:  402 21:19:38 -1004472.312500        0.066761
FIRE:  403 21:19:38 -1004472.750000        0.130948
FIRE:  404 21:19:38 -1004472.312500        0.204716
FIRE:  405 21:19:39 -1004472.187500        0.246173
FIRE:  406 21:19:39 -1004472.375000        0.244284
FIRE:  407 21:19:39 -1004472.312500        0.191685
FIRE:  408 21:19:39 -1004472.312500        0.089783
FIRE:  409 21:19:39 -1004472.312500        0.066510
FIRE:  410 21:19:39 -1004472.312500        0.151710
FIRE:  411 21:19:39 -1004472.312500        0.186546
FIRE:  412 21:19:39 -1004472.312500        0.118126
FIRE:  413 21:19:39 -1004472.312500        0.066646
FIRE:  414 21:19:39 -1004472.375000        0.162240
FIRE:  415 21:19:39 -1004472.312500        0.122809
FIRE:  416 21:19:39 -1004472.312500        0.074023
FIRE:  417 21:19:39 -1004472.375000        0.143302
FIRE:  418 21:19:39 -1004472.375000        0.071156
FIRE:  419 21:19:40 -1004472.375000        0.134636
FIRE:  420 21:19:40 -1004472.375000        0.130782
FIRE:  421 21:19:40 -1004472.375000        0.082494
FIRE:  422 21:19:40 -1004472.375000        0.088059
FIRE:  423 21:19:40 -1004472.437500        0.239180
FIRE:  424 21:19:40 -1004472.437500        0.701551
FIRE:  425 21:19:40 -1004472.500000        1.805287
FIRE:  426 21:19:40 -1004472.500000        0.109140
FIRE:  427 21:19:40 -1004472.437500        2.029594
FIRE:  428 21:19:40 -1004472.437500        1.357590
FIRE:  429 21:19:40 -1004472.500000        0.330376
FIRE:  430 21:19:40 -1004472.500000        0.665678
FIRE:  431 21:19:40 -1004472.500000        0.622652
FIRE:  432 21:19:40 -1004472.500000        0.538700
FIRE:  433 21:19:41 -1004472.437500        0.418227
FIRE:  434 21:19:41 -1004472.500000        0.268237
FIRE:  435 21:19:41 -1004472.500000        0.110240
FIRE:  436 21:19:41 -1004472.500000        0.110301
FIRE:  437 21:19:41 -1004472.500000        0.219785
FIRE:  438 21:19:41 -1004472.437500        0.215941
FIRE:  439 21:19:41 -1004472.500000        0.208415
FIRE:  440 21:19:41 -1004472.500000        0.197228
FIRE:  441 21:19:41 -1004472.500000        0.182672
FIRE:  442 21:19:41 -1004472.437500        0.165122
FIRE:  443 21:19:41 -1004472.437500        0.144841
FIRE:  444 21:19:41 -1004472.500000        0.122548
FIRE:  445 21:19:41 -1004472.562500        0.110530
FIRE:  446 21:19:41 -1004472.500000        0.110559
FIRE:  447 21:19:42 -1004472.437500        0.110603
FIRE:  448 21:19:42 -1004472.437500        0.110663
FIRE:  449 21:19:42 -1004472.437500        0.110744
FIRE:  450 21:19:42 -1004472.437500        0.110846
FIRE:  451 21:19:42 -1004472.500000        0.110968
FIRE:  452 21:19:42 -1004472.437500        0.111106
FIRE:  453 21:19:42 -1004472.437500        0.111262
FIRE:  454 21:19:42 -1004472.437500        0.111441
FIRE:  455 21:19:42 -1004472.375000        0.111657
FIRE:  456 21:19:42 -1004472.500000        0.111925
FIRE:  457 21:19:42 -1004472.437500        0.112257
FIRE:  458 21:19:42 -1004472.437500        0.112650
FIRE:  459 21:19:42 -1004472.500000        0.113115
FIRE:  460 21:19:42 -1004472.500000        0.113687
FIRE:  461 21:19:43 -1004472.437500        0.114369
FIRE:  462 21:19:43 -1004472.500000        0.115098
FIRE:  463 21:19:43 -1004472.375000        0.115832
FIRE:  464 21:19:43 -1004472.500000        0.116625
FIRE:  465 21:19:43 -1004472.500000        0.117606
FIRE:  466 21:19:43 -1004472.562500        0.118599
FIRE:  467 21:19:43 -1004472.500000        0.119026
FIRE:  468 21:19:43 -1004472.500000        0.118998
FIRE:  469 21:19:43 -1004472.500000        0.119221
FIRE:  470 21:19:43 -1004472.625000        0.140471
FIRE:  471 21:19:43 -1004472.437500        0.273658
FIRE:  472 21:19:43 -1004472.625000        0.702815
FIRE:  473 21:19:43 -1004472.625000        1.759454
FIRE:  474 21:19:44 -1004472.562500        0.090471
FIRE:  475 21:19:44 -1004472.562500        1.969859
FIRE:  476 21:19:44 -1004472.562500        1.330646
FIRE:  477 21:19:44 -1004472.687500        0.345609
FIRE:  478 21:19:44 -1004472.687500        0.621496
FIRE:  479 21:19:44 -1004472.625000        0.581730
FIRE:  480 21:19:44 -1004472.625000        0.504288
FIRE:  481 21:19:44 -1004472.687500        0.393104
FIRE:  482 21:19:44 -1004472.687500        0.254776
FIRE:  483 21:19:44 -1004472.625000        0.105152
FIRE:  484 21:19:44 -1004472.500000        0.087709
FIRE:  485 21:19:44 -1004472.625000        0.196982
FIRE:  486 21:19:44 -1004472.625000        0.193643
FIRE:  487 21:19:44 -1004472.625000        0.186978
FIRE:  488 21:19:45 -1004472.687500        0.177069
FIRE:  489 21:19:45 -1004472.625000        0.164269
FIRE:  490 21:19:45 -1004472.625000        0.148802
FIRE:  491 21:19:45 -1004472.625000        0.130966
FIRE:  492 21:19:45 -1004472.562500        0.111263
FIRE:  493 21:19:45 -1004472.687500        0.087933
FIRE:  494 21:19:45 -1004472.687500        0.087188
FIRE:  495 21:19:45 -1004472.625000        0.087275
FIRE:  496 21:19:45 -1004472.625000        0.087357
FIRE:  497 21:19:45 -1004472.625000        0.087419
FIRE:  498 21:19:45 -1004472.687500        0.087423
FIRE:  499 21:19:45 -1004472.687500        0.087346
FIRE:  500 21:19:45 -1004472.625000        0.090929
FIRE:  501 21:19:45 -1004472.687500        0.086749
FIRE:  502 21:19:46 -1004472.687500        0.086177
FIRE:  503 21:19:46 -1004472.625000        0.085427
FIRE:  504 21:19:46 -1004472.625000        0.084546
FIRE:  505 21:19:46 -1004472.625000        0.083622
FIRE:  506 21:19:46 -1004472.687500        0.082703
FIRE:  507 21:19:46 -1004472.562500        0.081820
FIRE:  508 21:19:46 -1004472.687500        0.080925
FIRE:  509 21:19:46 -1004472.625000        0.079776
FIRE:  510 21:19:46 -1004472.625000        0.079836
FIRE:  511 21:19:46 -1004472.500000        0.086837
FIRE:  512 21:19:46 -1004472.625000        0.091176
FIRE:  513 21:19:46 -1004472.687500        0.083150
FIRE:  514 21:19:46 -1004472.750000        0.084997
FIRE:  515 21:19:46 -1004472.625000        0.089410
FIRE:  516 21:19:47 -1004472.750000        0.093378
FIRE:  517 21:19:47 -1004472.687500        0.097059
FIRE:  518 21:19:47 -1004472.687500        0.105914
FIRE:  519 21:19:47 -1004472.750000        0.199650
FIRE:  520 21:19:47 -1004472.812500        0.530221
FIRE:  521 21:19:47 -1004472.750000        1.419030
FIRE:  522 21:19:47 -1004472.750000        0.120064
FIRE:  523 21:19:47 -1004472.750000        1.506012
FIRE:  524 21:19:47 -1004472.687500        1.042228
FIRE:  525 21:19:47 -1004472.812500        0.305741
FIRE:  526 21:19:47 -1004472.812500        0.442888
FIRE:  527 21:19:47 -1004472.812500        0.414485
FIRE:  528 21:19:47 -1004472.750000        0.359187
FIRE:  529 21:19:47 -1004472.812500        0.280342
FIRE:  530 21:19:48 -1004472.750000        0.183027
FIRE:  531 21:19:48 -1004472.812500        0.122365
FIRE:  532 21:19:48 -1004472.750000        0.122713
FIRE:  533 21:19:48 -1004472.750000        0.128936
FIRE:  534 21:19:48 -1004472.750000        0.203996
FIRE:  535 21:19:48 -1004472.625000        0.246047
FIRE:  536 21:19:48 -1004472.812500        0.242862
FIRE:  537 21:19:48 -1004472.750000        0.186619
FIRE:  538 21:19:48 -1004472.750000        0.124866
FIRE:  539 21:19:48 -1004472.812500        0.125298
FIRE:  540 21:19:48 -1004472.750000        0.161934
FIRE:  541 21:19:48 -1004472.750000        0.189376
FIRE:  542 21:19:48 -1004472.812500        0.128157
FIRE:  543 21:19:48 -1004472.812500        0.129888
FIRE:  544 21:19:48 -1004472.812500        0.168061
FIRE:  545 21:19:48 -1004472.875000        0.134245
FIRE:  546 21:19:48 -1004472.875000        0.136757
FIRE:  547 21:19:49 -1004472.812500        0.140969
FIRE:  548 21:19:49 -1004472.812500        0.142898
FIRE:  549 21:19:49 -1004472.812500        0.146959
FIRE:  550 21:19:49 -1004472.750000        0.168892
FIRE:  551 21:19:49 -1004472.812500        0.149337
FIRE:  552 21:19:49 -1004472.812500        0.155524
FIRE:  553 21:19:49 -1004473.937500        0.158022
FIRE:  554 21:19:49 -1004473.937500        0.195381
FIRE:  555 21:19:49 -1004473.312500        0.804958
FIRE:  556 21:19:49 -1004473.500000        3.759782
FIRE:  557 21:19:49 -1004473.812500        1.723921
FIRE:  558 21:19:49 -1004474.000000        1.246875
FIRE:  559 21:19:49 -1004474.062500        0.347547
FIRE:  560 21:19:49 -1004474.062500        0.775512
FIRE:  561 21:19:49 -1004474.062500        0.705621
FIRE:  562 21:19:49 -1004474.062500        0.573715
FIRE:  563 21:19:49 -1004474.125000        0.394377
FIRE:  564 21:19:50 -1004474.125000        0.202593
FIRE:  565 21:19:50 -1004474.125000        0.199288
FIRE:  566 21:19:50 -1004474.125000        0.204719
FIRE:  567 21:19:50 -1004474.125000        0.332420
FIRE:  568 21:19:50 -1004474.125000        0.406134
FIRE:  569 21:19:50 -1004474.125000        0.409865
FIRE:  570 21:19:50 -1004474.125000        0.330723
FIRE:  571 21:19:50 -1004474.125000        0.195322
FIRE:  572 21:19:50 -1004474.125000        0.199074
FIRE:  573 21:19:50 -1004473.187500        0.265781
FIRE:  574 21:19:50 -1004473.187500        0.333403
FIRE:  575 21:19:50 -1004473.125000        0.204748
FIRE:  576 21:19:50 -1004473.187500        0.198654
FIRE:  577 21:19:50 -1004473.125000        0.271908
FIRE:  578 21:19:50 -1004473.125000        0.190027
FIRE:  579 21:19:51 -1004473.250000        0.187892
FIRE:  580 21:19:51 -1004473.187500        0.250000
FIRE:  581 21:19:51 -1004473.125000        0.176671
FIRE:  582 21:19:51 -1004473.312500        0.187822
FIRE:  583 21:19:51 -1004473.250000        0.274607
FIRE:  584 21:19:51 -1004473.375000        0.164158
FIRE:  585 21:19:51 -1004474.187500        0.165055
FIRE:  586 21:19:51 -1004474.375000        0.321990
FIRE:  587 21:19:51 -1004474.437500        0.961289
FIRE:  588 21:19:51 -1004473.437500        2.913393
FIRE:  589 21:19:51 -1004473.375000        0.385010
FIRE:  590 21:19:51 -1004473.562500        0.279699
FIRE:  591 21:19:51 -1004473.562500        0.109581
FIRE:  592 21:19:51 -1004473.562500        0.109453
FIRE:  593 21:19:52 -1004473.562500        0.256890
FIRE:  594 21:19:52 -1004473.500000        0.298837
FIRE:  595 21:19:52 -1004473.500000        0.229473
FIRE:  596 21:19:52 -1004473.500000        0.108540
FIRE:  597 21:19:52 -1004473.500000        0.113558
FIRE:  598 21:19:52 -1004473.375000        0.215059
FIRE:  599 21:19:52 -1004473.500000        0.162595
FIRE:  600 21:19:52 -1004473.500000        0.107505
FIRE:  601 21:19:52 -1004473.562500        0.208243
FIRE:  602 21:19:52 -1004473.562500        0.110019
FIRE:  603 21:19:52 -1004473.562500        0.176687
FIRE:  604 21:19:52 -1004473.562500        0.103375
FIRE:  605 21:19:52 -1004473.625000        0.236334
FIRE:  606 21:19:52 -1004473.562500        0.118879
FIRE:  607 21:19:53 -1004473.687500        0.099959
FIRE:  608 21:19:53 -1004473.625000        0.206606
FIRE:  609 21:19:53 -1004474.875000        0.544643
FIRE:  610 21:19:53 -1004474.875000        1.506781
FIRE:  611 21:19:53 -1004474.937500        0.098389
FIRE:  612 21:19:53 -1004474.937500        0.098330
FIRE:  613 21:19:53 -1004474.875000        0.098148
FIRE:  614 21:19:53 -1004474.937500        0.097900
FIRE:  615 21:19:53 -1004474.937500        0.097610
FIRE:  616 21:19:53 -1004474.875000        0.097226
FIRE:  617 21:19:53 -1004474.875000        0.096765
FIRE:  618 21:19:53 -1004474.875000        0.096281
FIRE:  619 21:19:53 -1004474.937500        0.095719
FIRE:  620 21:19:54 -1004474.875000        0.095218
FIRE:  621 21:19:54 -1004475.000000        0.094695
FIRE:  622 21:19:54 -1004474.937500        0.094264
FIRE:  623 21:19:54 -1004474.937500        0.093685
FIRE:  624 21:19:54 -1004475.000000        0.092904
FIRE:  625 21:19:54 -1004475.000000        0.092268
FIRE:  626 21:19:54 -1004474.937500        0.091922
FIRE:  627 21:19:54 -1004474.937500        0.090981
FIRE:  628 21:19:54 -1004474.937500        0.089756
FIRE:  629 21:19:54 -1004475.000000        0.088153
FIRE:  630 21:19:54 -1004475.062500        0.084346
FIRE:  631 21:19:54 -1004475.062500        0.120062
FIRE:  632 21:19:54 -1004475.062500        0.442812
FIRE:  633 21:19:54 -1004475.062500        1.451593
FIRE:  634 21:19:55 -1004475.125000        0.143980
FIRE:  635 21:19:55 -1004475.062500        0.106570
FIRE:  636 21:19:55 -1004475.125000        0.072902
FIRE:  637 21:19:55 -1004475.125000        0.073580
FIRE:  638 21:19:55 -1004475.187500        0.078249
FIRE:  639 21:19:55 -1004475.187500        0.091964
FIRE:  640 21:19:55 -1004475.125000        0.074455
FIRE:  641 21:19:55 -1004475.187500        0.074309
FIRE:  642 21:19:55 -1004475.125000        0.074104
FIRE:  643 21:19:55 -1004475.187500        0.085303
FIRE:  644 21:19:55 -1004475.125000        0.074901
FIRE:  645 21:19:55 -1004475.187500        0.076010
FIRE:  646 21:19:55 -1004475.187500        0.076956
FIRE:  647 21:19:55 -1004475.187500        0.077232
FIRE:  648 21:19:56 -1004475.187500        0.077677
FIRE:  649 21:19:56 -1004475.125000        0.079256
FIRE:  650 21:19:56 -1004475.187500        0.078872
FIRE:  651 21:19:56 -1004475.125000        0.081097
FIRE:  652 21:19:56 -1004475.187500        0.085553
FIRE:  653 21:19:56 -1004475.000000        0.173744
FIRE:  654 21:19:56 -1004475.000000        0.463071
FIRE:  655 21:19:56 -1004474.937500        1.223961
FIRE:  656 21:19:56 -1004475.062500        0.101280
FIRE:  657 21:19:56 -1004474.937500        1.250765
FIRE:  658 21:19:56 -1004475.000000        0.891469
FIRE:  659 21:19:56 -1004475.062500        0.306396
FIRE:  660 21:19:56 -1004475.062500        0.312631
FIRE:  661 21:19:57 -1004475.000000        0.293491
FIRE:  662 21:19:57 -1004475.000000        0.256258
FIRE:  663 21:19:57 -1004475.062500        0.203226
FIRE:  664 21:19:57 -1004475.062500        0.137782
FIRE:  665 21:19:57 -1004475.062500        0.104882
FIRE:  666 21:19:57 -1004475.000000        0.105139
FIRE:  667 21:19:57 -1004475.062500        0.105441
FIRE:  668 21:19:57 -1004475.062500        0.128335
FIRE:  669 21:19:57 -1004475.062500        0.161836
FIRE:  670 21:19:57 -1004473.937500        0.165777
FIRE:  671 21:19:57 -1004473.937500        0.133925
FIRE:  672 21:19:57 -1004474.000000        0.107773
FIRE:  673 21:19:57 -1004473.937500        0.108441
FIRE:  674 21:19:57 -1004475.000000        0.109212
FIRE:  675 21:19:58 -1004475.062500        0.134939
FIRE:  676 21:19:58 -1004473.937500        0.110952
FIRE:  677 21:19:58 -1004473.937500        0.111906
FIRE:  678 21:19:58 -1004473.937500        0.112932
FIRE:  679 21:19:58 -1004475.062500        0.113983
FIRE:  680 21:19:58 -1004473.937500        0.115201
FIRE:  681 21:19:58 -1004473.937500        0.116523
FIRE:  682 21:19:58 -1004473.937500        0.117827
FIRE:  683 21:19:58 -1004473.937500        0.119384
FIRE:  684 21:19:58 -1004473.937500        0.122370
FIRE:  685 21:19:58 -1004474.000000        0.126400
FIRE:  686 21:19:58 -1004474.000000        0.118034
FIRE:  687 21:19:58 -1004474.062500        0.174535
FIRE:  688 21:19:59 -1004474.000000        0.521135
FIRE:  689 21:19:59 -1004474.000000        1.377925
FIRE:  690 21:19:59 -1004474.062500        0.092942
FIRE:  691 21:19:59 -1004474.000000        1.458586
FIRE:  692 21:19:59 -1004474.000000        1.017687
FIRE:  693 21:19:59 -1004474.062500        0.313223
FIRE:  694 21:19:59 -1004474.062500        0.413221
FIRE:  695 21:19:59 -1004474.062500        0.387237
FIRE:  696 21:19:59 -1004474.062500        0.336691
FIRE:  697 21:19:59 -1004474.062500        0.264522
FIRE:  698 21:19:59 -1004474.062500        0.175127
FIRE:  699 21:19:59 -1004474.125000        0.092732
FIRE:  700 21:19:59 -1004474.125000        0.090780
FIRE:  701 21:19:59 -1004474.062500        0.115253
FIRE:  702 21:20:00 -1004474.062500        0.185283
FIRE:  703 21:20:00 -1004474.062500        0.225854
FIRE:  704 21:20:00 -1004474.125000        0.226985
FIRE:  705 21:20:00 -1004474.187500        0.181605
FIRE:  706 21:20:00 -1004474.062500        0.089895
FIRE:  707 21:20:00 -1004474.125000        0.088981
FIRE:  708 21:20:00 -1004474.187500        0.139393
FIRE:  709 21:20:00 -1004474.187500        0.180574
FIRE:  710 21:20:00 -1004474.187500        0.127300
FIRE:  711 21:20:00 -1004474.062500        0.084192
FIRE:  712 21:20:00 -1004474.187500        0.140271
FIRE:  713 21:20:00 -1004474.187500        0.125225
FIRE:  714 21:20:00 -1004474.187500        0.079167
FIRE:  715 21:20:00 -1004474.187500        0.143005
FIRE:  716 21:20:00 -1004474.062500        0.072672
FIRE:  717 21:20:00 -1004474.062500        0.139399
FIRE:  718 21:20:00 -1004474.187500        0.087757
FIRE:  719 21:20:01 -1004474.125000        0.060476
FIRE:  720 21:20:01 -1004474.062500        0.154227
FIRE:  721 21:20:01 -1004474.062500        0.341433
FIRE:  722 21:20:01 -1004474.250000        0.708423
FIRE:  723 21:20:01 -1004474.250000        0.042802
