      Step     Time          Energy          fmax
FIRE:    0 21:02:47  -954204.812500        4.592344
FIRE:    1 21:02:47  -954205.875000        3.497073
FIRE:    2 21:02:49  -954207.500000        3.703648
FIRE:    3 21:02:49  -954208.812500        1.786833
FIRE:    4 21:02:49  -954208.812500        2.480827
FIRE:    5 21:02:49  -954210.500000        1.228316
FIRE:    6 21:02:49  -954211.125000        2.358107
FIRE:    7 21:02:49  -954211.750000        1.413118
FIRE:    8 21:02:50  -954212.250000        1.464800
FIRE:    9 21:02:50  -954212.687500        1.310526
FIRE:   10 21:02:50  -954213.312500        0.990551
FIRE:   11 21:02:50  -954213.687500        1.162383
FIRE:   12 21:02:50  -954214.125000        1.036467
FIRE:   13 21:02:50  -954214.500000        1.031216
FIRE:   14 21:02:50  -954215.000000        1.182003
FIRE:   15 21:02:50  -954215.437500        0.853207
FIRE:   16 21:02:51  -954215.125000        0.953266
FIRE:   17 21:02:51  -954215.562500        0.685558
FIRE:   18 21:02:52  -954216.562500        0.711452
FIRE:   19 21:02:52  -954216.875000        0.819062
FIRE:   20 21:02:52  -954217.187500        0.709916
FIRE:   21 21:02:52  -954217.562500        0.671749
FIRE:   22 21:02:52  -954217.750000        0.766359
FIRE:   23 21:02:52  -954218.125000        0.593459
FIRE:   24 21:02:52  -954217.500000        0.664954
FIRE:   25 21:02:52  -954217.500000        0.896842
FIRE:   26 21:02:52  -954218.812500        0.951382
FIRE:   27 21:02:52  -954219.187500        1.030064
FIRE:   28 21:02:52  -954219.375000        1.199216
FIRE:   29 21:02:52  -954219.187500        1.297457
FIRE:   30 21:02:52  -954219.625000        1.000523
FIRE:   31 21:02:52  -954220.562500        1.241461
FIRE:   32 21:02:52  -954220.750000        1.274917
FIRE:   33 21:02:53  -954221.062500        0.955924
FIRE:   34 21:02:53  -954220.937500        0.611635
FIRE:   35 21:02:53  -954221.250000        1.016571
FIRE:   36 21:02:53  -954221.500000        1.266267
FIRE:   37 21:02:53  -954222.562500        1.151637
FIRE:   38 21:02:53  -954222.875000        0.888846
FIRE:   39 21:02:53  -954223.125000        1.195977
FIRE:   40 21:02:53  -954223.500000        1.523339
FIRE:   41 21:02:53  -954223.875000        1.601037
FIRE:   42 21:02:53  -954224.125000        1.045737
FIRE:   43 21:02:53  -954224.000000        3.636208
FIRE:   44 21:02:55  -954224.062500        2.654058
FIRE:   45 21:02:55  -954223.562500        8.394931
FIRE:   46 21:02:55  -954222.437500       15.490076
FIRE:   47 21:02:55  -954224.312500        1.857735
FIRE:   48 21:02:55  -954224.312500        1.544322
FIRE:   49 21:02:55  -954224.312500        0.955307
FIRE:   50 21:02:55  -954224.375000        0.480621
FIRE:   51 21:02:55  -954224.375000        0.856896
FIRE:   52 21:02:55  -954224.375000        0.818073
FIRE:   53 21:02:55  -954224.375000        0.743271
FIRE:   54 21:02:55  -954224.375000        0.638424
FIRE:   55 21:02:55  -954224.375000        0.513166
FIRE:   56 21:02:55  -954224.375000        0.456708
FIRE:   57 21:02:56  -954224.375000        0.453427
FIRE:   58 21:02:56  -954224.375000        0.449571
FIRE:   59 21:02:56  -954224.375000        0.444663
FIRE:   60 21:02:56  -954224.375000        0.438556
FIRE:   61 21:02:56  -954224.375000        0.430992
FIRE:   62 21:02:56  -954224.375000        0.421821
FIRE:   63 21:02:56  -954224.375000        0.410841
FIRE:   64 21:02:56  -954224.375000        0.397759
FIRE:   65 21:02:56  -954224.437500        0.382382
FIRE:   66 21:02:56  -954224.375000        0.364639
FIRE:   67 21:02:56  -954224.437500        0.344622
FIRE:   68 21:02:56  -954224.437500        0.322291
FIRE:   69 21:02:56  -954224.500000        0.297921
FIRE:   70 21:02:56  -954224.500000        0.285612
FIRE:   71 21:02:57  -954224.500000        0.264162
FIRE:   72 21:02:57  -954224.500000        0.278462
FIRE:   73 21:02:57  -954223.812500        0.263341
FIRE:   74 21:02:57  -954223.937500        0.277854
FIRE:   75 21:02:57  -954223.875000        0.250391
FIRE:   76 21:02:57  -954224.437500        0.359212
FIRE:   77 21:02:57  -954224.625000        0.482415
FIRE:   78 21:02:57  -954224.687500        0.641679
FIRE:   79 21:02:57  -954224.312500        1.308403
FIRE:   80 21:02:57  -954224.500000        3.495868
FIRE:   81 21:02:57  -954224.312500        8.449512
FIRE:   82 21:02:57  -954224.687500        1.258539
FIRE:   83 21:02:57  -954224.812500       12.453288
FIRE:   84 21:02:57  -954225.062500        6.963300
FIRE:   85 21:02:58  -954225.312500        0.802681
FIRE:   86 21:02:58  -954225.312500        4.605562
FIRE:   87 21:02:58  -954225.312500        4.347470
FIRE:   88 21:02:58  -954225.312500        3.835657
FIRE:   89 21:02:58  -954225.312500        3.082904
FIRE:   90 21:02:58  -954225.375000        2.125738
FIRE:   91 21:02:58  -954225.375000        1.104461
FIRE:   92 21:02:58  -954225.375000        0.933698
FIRE:   93 21:02:58  -954225.375000        1.822720
FIRE:   94 21:02:58  -954225.375000        1.792889
FIRE:   95 21:02:58  -954225.375000        1.734182
FIRE:   96 21:02:58  -954225.375000        1.649170
FIRE:   97 21:02:58  -954225.375000        1.541009
FIRE:   98 21:02:59  -954225.312500        1.414732
FIRE:   99 21:02:59  -954225.250000        1.276687
FIRE:  100 21:02:59  -954225.312500        1.135500
FIRE:  101 21:02:59  -954225.250000        0.988973
FIRE:  102 21:02:59  -954225.187500        0.859542
FIRE:  103 21:02:59  -954225.437500        0.783730
FIRE:  104 21:02:59  -954225.500000        0.792976
FIRE:  105 21:02:59  -954225.437500        0.876666
FIRE:  106 21:02:59  -954225.437500        0.985644
FIRE:  107 21:02:59  -954225.437500        1.067530
FIRE:  108 21:02:59  -954225.437500        1.083405
FIRE:  109 21:02:59  -954225.687500        1.014622
FIRE:  110 21:02:59  -954225.437500        0.881425
FIRE:  111 21:02:59  -954225.437500        0.782359
FIRE:  112 21:03:00  -954225.312500        0.841496
FIRE:  113 21:03:00  -954225.312500        0.966053
FIRE:  114 21:03:00  -954225.437500        0.957229
FIRE:  115 21:03:00  -954224.812500        0.922384
FIRE:  116 21:03:00  -954225.000000        1.007285
FIRE:  117 21:03:00  -954225.937500        1.115589
FIRE:  118 21:03:00  -954226.000000        1.248289
FIRE:  119 21:03:00  -954226.125000        1.414733
FIRE:  120 21:03:00  -954226.437500        1.641128
FIRE:  121 21:03:00  -954226.625000        1.988324
FIRE:  122 21:03:00  -954226.812500        2.514208
FIRE:  123 21:03:00  -954227.187500        3.081544
FIRE:  124 21:03:00  -954227.687500        2.464929
FIRE:  125 21:03:00  -954227.562500        8.969163
FIRE:  126 21:03:01  -954227.812500        5.987105
FIRE:  127 21:03:01  -954228.062500        2.601602
FIRE:  128 21:03:01  -954228.125000        1.704771
FIRE:  129 21:03:01  -954228.125000        1.677681
FIRE:  130 21:03:01  -954228.062500        1.623690
FIRE:  131 21:03:01  -954228.062500        1.543366
FIRE:  132 21:03:01  -954228.187500        1.438224
FIRE:  133 21:03:01  -954228.125000        1.311447
FIRE:  134 21:03:01  -954228.187500        1.169181
FIRE:  135 21:03:01  -954228.187500        1.041794
FIRE:  136 21:03:01  -954228.187500        1.060371
FIRE:  137 21:03:01  -954228.250000        1.221496
FIRE:  138 21:03:01  -954228.250000        1.265314
FIRE:  139 21:03:01  -954228.312500        1.149943
FIRE:  140 21:03:02  -954228.312500        0.913590
FIRE:  141 21:03:02  -954228.375000        0.855591
FIRE:  142 21:03:02  -954228.500000        0.806113
FIRE:  143 21:03:02  -954228.500000        0.825564
FIRE:  144 21:03:02  -954228.625000        0.718757
FIRE:  145 21:03:02  -954228.687500        0.687347
FIRE:  146 21:03:02  -954228.812500        0.880002
FIRE:  147 21:03:02  -954228.812500        0.618499
FIRE:  148 21:03:02  -954228.937500        0.634168
FIRE:  149 21:03:02  -954229.187500        0.600052
FIRE:  150 21:03:02  -954229.250000        0.601561
FIRE:  151 21:03:02  -954229.187500        0.833706
FIRE:  152 21:03:02  -954229.500000        2.555610
FIRE:  153 21:03:02  -954229.437500        7.079905
FIRE:  154 21:03:03  -954229.625000        0.614081
FIRE:  155 21:03:03  -954229.437500        8.506654
FIRE:  156 21:03:03  -954229.500000        5.453185
FIRE:  157 21:03:03  -954229.687500        1.084880
FIRE:  158 21:03:03  -954229.625000        2.816731
FIRE:  159 21:03:03  -954229.625000        2.645427
FIRE:  160 21:03:03  -954229.562500        2.309979
FIRE:  161 21:03:03  -954229.687500        1.824523
FIRE:  162 21:03:03  -954229.437500        1.213355
FIRE:  163 21:03:03  -954229.437500        0.514883
FIRE:  164 21:03:03  -954229.625000        0.472889
FIRE:  165 21:03:03  -954229.687500        0.851193
FIRE:  166 21:03:03  -954229.687500        0.836237
FIRE:  167 21:03:03  -954229.687500        0.806393
FIRE:  168 21:03:04  -954229.625000        0.762659
FIRE:  169 21:03:04  -954229.687500        0.706006
FIRE:  170 21:03:04  -954229.687500        0.637259
FIRE:  171 21:03:04  -954229.687500        0.558658
FIRE:  172 21:03:04  -954229.687500        0.471838
FIRE:  173 21:03:04  -954229.687500        0.449804
FIRE:  174 21:03:04  -954229.625000        0.441930
FIRE:  175 21:03:04  -954229.687500        0.433561
FIRE:  176 21:03:04  -954229.687500        0.427684
FIRE:  177 21:03:04  -954229.687500        0.425797
FIRE:  178 21:03:04  -954229.687500        0.423137
FIRE:  179 21:03:04  -954229.687500        0.419471
FIRE:  180 21:03:04  -954229.687500        0.414544
FIRE:  181 21:03:04  -954229.625000        0.408081
FIRE:  182 21:03:05  -954229.625000        0.399848
FIRE:  183 21:03:05  -954229.625000        0.389693
FIRE:  184 21:03:05  -954229.687500        0.377702
FIRE:  185 21:03:05  -954229.750000        0.364282
FIRE:  186 21:03:05  -954229.750000        0.350083
FIRE:  187 21:03:05  -954229.750000        0.335614
FIRE:  188 21:03:05  -954229.750000        0.320746
FIRE:  189 21:03:05  -954229.812500        0.304494
FIRE:  190 21:03:05  -954229.750000        0.286193
FIRE:  191 21:03:05  -954229.812500        0.267849
FIRE:  192 21:03:05  -954229.875000        0.298933
FIRE:  193 21:03:05  -954229.812500        0.254227
FIRE:  194 21:03:05  -954229.875000        0.263514
FIRE:  195 21:03:05  -954229.937500        0.238788
FIRE:  196 21:03:06  -954230.000000        0.212070
FIRE:  197 21:03:06  -954230.000000        0.339536
FIRE:  198 21:03:06  -954229.437500        0.580163
FIRE:  199 21:03:06  -954229.437500        0.994888
FIRE:  200 21:03:06  -954229.437500        2.444349
FIRE:  201 21:03:06  -954229.750000        5.560809
FIRE:  202 21:03:06  -954229.875000        0.539022
FIRE:  203 21:03:06  -954229.750000        6.455696
FIRE:  204 21:03:06  -954229.875000        4.372067
FIRE:  205 21:03:06  -954229.937500        1.219458
FIRE:  206 21:03:06  -954230.187500        1.829922
FIRE:  207 21:03:06  -954230.187500        1.713963
FIRE:  208 21:03:06  -954229.937500        1.487519
FIRE:  209 21:03:06  -954230.187500        1.162157
FIRE:  210 21:03:07  -954230.187500        0.820241
FIRE:  211 21:03:07  -954230.187500        0.437570
FIRE:  212 21:03:07  -954230.187500        0.203668
FIRE:  213 21:03:07  -954230.187500        0.603665
FIRE:  214 21:03:07  -954230.187500        0.594849
FIRE:  215 21:03:07  -954230.187500        0.576911
FIRE:  216 21:03:07  -954229.875000        0.550784
FIRE:  217 21:03:07  -954230.000000        0.516598
FIRE:  218 21:03:07  -954230.187500        0.475426
FIRE:  219 21:03:07  -954229.937500        0.427940
FIRE:  220 21:03:07  -954230.187500        0.375327
FIRE:  221 21:03:07  -954229.812500        0.313027
FIRE:  222 21:03:07  -954230.187500        0.241172
FIRE:  223 21:03:07  -954230.187500        0.203803
FIRE:  224 21:03:08  -954230.187500        0.203775
FIRE:  225 21:03:08  -954230.187500        0.203758
FIRE:  226 21:03:08  -954230.187500        0.233933
FIRE:  227 21:03:08  -954229.875000        0.272724
FIRE:  228 21:03:08  -954230.187500        0.290290
FIRE:  229 21:03:08  -954229.875000        0.277772
FIRE:  230 21:03:08  -954230.000000        0.231248
FIRE:  231 21:03:08  -954230.250000        0.204259
FIRE:  232 21:03:08  -954229.937500        0.204495
FIRE:  233 21:03:08  -954230.250000        0.204768
FIRE:  234 21:03:08  -954230.062500        0.229985
FIRE:  235 21:03:08  -954229.937500        0.205278
FIRE:  236 21:03:08  -954230.000000        0.205511
FIRE:  237 21:03:08  -954230.250000        0.205802
FIRE:  238 21:03:09  -954229.750000        0.206098
FIRE:  239 21:03:09  -954229.875000        0.206499
FIRE:  240 21:03:09  -954230.250000        0.206911
FIRE:  241 21:03:09  -954230.312500        0.207181
FIRE:  242 21:03:09  -954230.375000        0.207393
FIRE:  243 21:03:09  -954229.937500        0.207796
FIRE:  244 21:03:09  -954230.437500        0.208137
FIRE:  245 21:03:09  -954230.625000        0.229300
FIRE:  246 21:03:09  -954230.062500        0.264303
FIRE:  247 21:03:09  -954230.750000        0.549086
FIRE:  248 21:03:09  -954230.812500        1.465737
FIRE:  249 21:03:09  -954230.812500        4.034399
FIRE:  250 21:03:09  -954230.937500        0.207121
FIRE:  251 21:03:09  -954230.875000        4.221183
FIRE:  252 21:03:10  -954230.812500        2.938414
FIRE:  253 21:03:10  -954230.875000        0.905674
FIRE:  254 21:03:10  -954230.937500        1.180575
FIRE:  255 21:03:10  -954230.875000        1.107498
FIRE:  256 21:03:10  -954230.937500        0.965400
FIRE:  257 21:03:10  -954230.937500        0.762413
FIRE:  258 21:03:10  -954230.937500        0.511760
FIRE:  259 21:03:10  -954230.875000        0.232981
FIRE:  260 21:03:10  -954230.937500        0.199684
FIRE:  261 21:03:10  -954230.875000        0.306246
FIRE:  262 21:03:10  -954230.875000        0.507901
FIRE:  263 21:03:10  -954230.875000        0.627760
FIRE:  264 21:03:10  -954230.875000        0.632768
FIRE:  265 21:03:10  -954230.875000        0.500898
FIRE:  266 21:03:11  -954230.937500        0.235328
FIRE:  267 21:03:11  -954230.937500        0.200213
FIRE:  268 21:03:11  -954230.937500        0.420947
FIRE:  269 21:03:11  -954230.937500        0.525063
FIRE:  270 21:03:11  -954230.875000        0.349343
FIRE:  271 21:03:11  -954230.937500        0.201176
FIRE:  272 21:03:11  -954231.000000        0.411564
FIRE:  273 21:03:11  -954230.937500        0.314167
FIRE:  274 21:03:11  -954230.937500        0.202059
FIRE:  275 21:03:11  -954230.937500        0.404494
FIRE:  276 21:03:11  -954231.062500        0.203145
FIRE:  277 21:03:11  -954231.062500        0.356444
FIRE:  278 21:03:11  -954231.125000        0.368780
FIRE:  279 21:03:11  -954231.125000        0.205270
FIRE:  280 21:03:12  -954231.125000        0.206173
FIRE:  281 21:03:12  -954231.250000        0.654732
FIRE:  282 21:03:12  -954231.312500        1.935795
FIRE:  283 21:03:12  -954230.250000        5.052236
FIRE:  284 21:03:12  -954231.125000        0.232133
FIRE:  285 21:03:12  -954230.562500        5.638781
FIRE:  286 21:03:12  -954230.687500        3.801563
FIRE:  287 21:03:12  -954230.625000        0.996463
FIRE:  288 21:03:12  -954230.500000        1.744880
FIRE:  289 21:03:12  -954231.187500        1.634907
FIRE:  290 21:03:12  -954231.125000        1.420666
FIRE:  291 21:03:12  -954230.812500        1.113411
FIRE:  292 21:03:12  -954230.562500        0.730751
FIRE:  293 21:03:12  -954230.687500        0.298794
FIRE:  294 21:03:13  -954230.562500        0.205599
FIRE:  295 21:03:13  -954230.625000        0.525168
FIRE:  296 21:03:13  -954230.625000        0.516163
FIRE:  297 21:03:13  -954230.687500        0.498489
FIRE:  298 21:03:13  -954231.062500        0.472545
FIRE:  299 21:03:13  -954230.562500        0.438623
FIRE:  300 21:03:13  -954230.625000        0.397670
FIRE:  301 21:03:13  -954230.625000        0.350463
FIRE:  302 21:03:13  -954230.625000        0.298315
FIRE:  303 21:03:13  -954230.625000        0.236399
FIRE:  304 21:03:13  -954231.125000        0.205766
FIRE:  305 21:03:13  -954230.625000        0.205778
FIRE:  306 21:03:13  -954230.687500        0.205799
FIRE:  307 21:03:14  -954231.187500        0.205824
FIRE:  308 21:03:14  -954230.687500        0.205866
FIRE:  309 21:03:14  -954230.625000        0.216314
FIRE:  310 21:03:14  -954230.687500        0.243890
FIRE:  311 21:03:14  -954231.125000        0.233041
FIRE:  312 21:03:14  -954230.750000        0.206211
FIRE:  313 21:03:14  -954230.750000        0.206362
FIRE:  314 21:03:14  -954231.125000        0.206548
FIRE:  315 21:03:14  -954230.750000        0.206761
FIRE:  316 21:03:14  -954230.750000        0.207004
FIRE:  317 21:03:14  -954230.687500        0.207270
FIRE:  318 21:03:14  -954231.250000        0.207559
FIRE:  319 21:03:14  -954231.000000        0.207897
FIRE:  320 21:03:14  -954230.937500        0.208326
FIRE:  321 21:03:15  -954231.000000        0.208821
FIRE:  322 21:03:15  -954231.000000        0.209350
FIRE:  323 21:03:15  -954231.000000        0.209850
FIRE:  324 21:03:15  -954231.312500        0.210318
FIRE:  325 21:03:15  -954230.625000        0.210769
FIRE:  326 21:03:15  -954231.375000        0.210985
FIRE:  327 21:03:15  -954231.437500        0.233806
FIRE:  328 21:03:15  -954231.437500        0.254994
FIRE:  329 21:03:15  -954231.062500        0.523792
FIRE:  330 21:03:15  -954231.187500        1.398906
FIRE:  331 21:03:15  -954231.437500        3.932737
FIRE:  332 21:03:15  -954231.750000        0.205185
FIRE:  333 21:03:15  -954231.312500        4.108298
FIRE:  334 21:03:15  -954231.687500        2.849255
FIRE:  335 21:03:15  -954231.562500        0.854531
FIRE:  336 21:03:15  -954231.500000        1.184713
FIRE:  337 21:03:15  -954231.750000        1.110435
FIRE:  338 21:03:16  -954231.750000        0.966056
FIRE:  339 21:03:16  -954231.000000        0.760100
FIRE:  340 21:03:16  -954231.500000        0.505889
FIRE:  341 21:03:16  -954231.750000        0.223642
FIRE:  342 21:03:16  -954231.375000        0.205308
FIRE:  343 21:03:16  -954231.437500        0.315416
FIRE:  344 21:03:16  -954231.750000        0.516230
FIRE:  345 21:03:16  -954231.500000        0.632364
FIRE:  346 21:03:16  -954231.750000        0.630907
FIRE:  347 21:03:16  -954231.750000        0.490002
FIRE:  348 21:03:16  -954231.750000        0.217481
FIRE:  349 21:03:16  -954231.750000        0.205438
FIRE:  350 21:03:16  -954231.750000        0.438452
FIRE:  351 21:03:16  -954231.500000        0.527445
FIRE:  352 21:03:16  -954231.375000        0.331476
FIRE:  353 21:03:16  -954231.500000        0.208019
FIRE:  354 21:03:16  -954231.437500        0.419384
FIRE:  355 21:03:17  -954231.562500        0.280859
FIRE:  356 21:03:17  -954231.437500        0.249801
FIRE:  357 21:03:17  -954231.812500        0.401266
FIRE:  358 21:03:17  -954231.625000        0.213939
FIRE:  359 21:03:17  -954231.500000        0.306062
FIRE:  360 21:03:17  -954231.937500        0.443628
FIRE:  361 21:03:17  -954231.937500        0.222112
FIRE:  362 21:03:17  -954232.000000        0.225373
FIRE:  363 21:03:17  -954232.062500        0.248229
FIRE:  364 21:03:17  -954232.125000        0.890944
FIRE:  365 21:03:17  -954231.812500        3.290500
FIRE:  366 21:03:17  -954231.437500        0.227450
FIRE:  367 21:03:17  -954231.625000        3.348034
FIRE:  368 21:03:17  -954231.750000        2.313737
FIRE:  369 21:03:17  -954231.875000        0.659313
FIRE:  370 21:03:17  -954231.812500        1.040271
FIRE:  371 21:03:17  -954232.250000        0.973176
FIRE:  372 21:03:17  -954231.750000        0.842837
FIRE:  373 21:03:18  -954232.250000        0.657837
FIRE:  374 21:03:18  -954231.812500        0.430983
FIRE:  375 21:03:18  -954232.250000        0.228108
FIRE:  376 21:03:18  -954231.687500        0.227924
FIRE:  377 21:03:18  -954231.875000        0.288927
FIRE:  378 21:03:18  -954231.500000        0.456963
FIRE:  379 21:03:18  -954232.062500        0.547266
FIRE:  380 21:03:18  -954231.875000        0.530642
FIRE:  381 21:03:18  -954232.000000        0.389961
FIRE:  382 21:03:18  -954232.000000        0.227096
FIRE:  383 21:03:18  -954231.875000        0.226953
FIRE:  384 21:03:18  -954231.937500        0.416976
FIRE:  385 21:03:18  -954232.000000        0.453834
FIRE:  386 21:03:18  -954232.000000        0.236792
FIRE:  387 21:03:18  -954231.937500        0.223942
FIRE:  388 21:03:18  -954232.062500        0.372861
FIRE:  389 21:03:18  -954231.812500        0.220929
FIRE:  390 21:03:19  -954231.875000        0.306504
FIRE:  391 21:03:19  -954232.375000        0.304228
FIRE:  392 21:03:19  -954232.062500        0.260207
FIRE:  393 21:03:19  -954232.125000        0.211745
FIRE:  394 21:03:19  -954232.125000        0.467181
FIRE:  395 21:03:19  -954232.250000        0.397220
FIRE:  396 21:03:19  -954232.250000        0.428670
FIRE:  397 21:03:19  -954232.562500        0.743680
FIRE:  398 21:03:19  -954232.625000        2.066713
FIRE:  399 21:03:19  -954232.562500        6.497420
FIRE:  400 21:03:19  -954232.750000        1.595023
FIRE:  401 21:03:19  -954232.187500        1.173621
FIRE:  402 21:03:19  -954232.750000        0.426763
FIRE:  403 21:03:19  -954232.750000        0.443291
FIRE:  404 21:03:19  -954232.687500        0.411272
FIRE:  405 21:03:19  -954232.750000        0.349760
FIRE:  406 21:03:19  -954232.687500        0.264117
FIRE:  407 21:03:20  -954232.687500        0.162291
FIRE:  408 21:03:20  -954232.750000        0.153317
FIRE:  409 21:03:20  -954232.750000        0.153726
FIRE:  410 21:03:20  -954232.687500        0.154096
FIRE:  411 21:03:20  -954232.625000        0.217190
FIRE:  412 21:03:20  -954232.375000        0.251890
FIRE:  413 21:03:20  -954232.375000        0.239763
FIRE:  414 21:03:20  -954232.312500        0.174015
FIRE:  415 21:03:20  -954232.750000        0.155062
FIRE:  416 21:03:20  -954232.750000        0.154960
FIRE:  417 21:03:20  -954232.375000        0.185828
FIRE:  418 21:03:20  -954232.125000        0.172665
FIRE:  419 21:03:20  -954232.875000        0.154519
FIRE:  420 21:03:20  -954232.437500        0.153885
FIRE:  421 21:03:20  -954232.687500        0.180233
FIRE:  422 21:03:20  -954232.812500        0.149936
FIRE:  423 21:03:20  -954232.062500        0.147307
FIRE:  424 21:03:21  -954232.500000        0.143588
FIRE:  425 21:03:21  -954232.812500        0.184446
FIRE:  426 21:03:21  -954232.625000        0.134663
FIRE:  427 21:03:21  -954232.875000        0.126992
FIRE:  428 21:03:21  -954232.687500        0.249861
FIRE:  429 21:03:21  -954232.937500        0.476399
FIRE:  430 21:03:21  -954232.750000        1.195407
FIRE:  431 21:03:21  -954233.000000        2.997599
FIRE:  432 21:03:21  -954232.187500        0.104996
FIRE:  433 21:03:21  -954232.812500        0.104942
FIRE:  434 21:03:21  -954232.687500        0.104840
FIRE:  435 21:03:21  -954232.812500        0.104688
FIRE:  436 21:03:21  -954233.062500        0.104487
FIRE:  437 21:03:21  -954233.062500        0.104245
FIRE:  438 21:03:21  -954232.250000        0.103962
FIRE:  439 21:03:21  -954232.750000        0.103634
FIRE:  440 21:03:21  -954232.750000        0.103314
FIRE:  441 21:03:21  -954232.312500        0.103111
FIRE:  442 21:03:22  -954232.812500        0.102869
FIRE:  443 21:03:22  -954233.062500        0.102588
FIRE:  444 21:03:22  -954233.062500        0.102255
FIRE:  445 21:03:22  -954233.125000        0.101871
FIRE:  446 21:03:22  -954232.875000        0.101444
FIRE:  447 21:03:22  -954232.750000        0.100998
FIRE:  448 21:03:22  -954233.125000        0.100534
FIRE:  449 21:03:22  -954232.750000        0.100010
FIRE:  450 21:03:22  -954232.750000        0.099333
FIRE:  451 21:03:22  -954233.312500        0.098423
FIRE:  452 21:03:22  -954233.437500        0.197007
FIRE:  453 21:03:22  -954233.375000        0.647568
FIRE:  454 21:03:22  -954233.500000        2.372193
FIRE:  455 21:03:22  -954233.437500        0.092990
FIRE:  456 21:03:22  -954233.500000        2.302858
FIRE:  457 21:03:23  -954233.437500        1.646744
FIRE:  458 21:03:23  -954233.500000        0.560985
FIRE:  459 21:03:23  -954233.500000        0.611008
FIRE:  460 21:03:23  -954233.500000        0.573077
FIRE:  461 21:03:23  -954233.437500        0.499368
FIRE:  462 21:03:23  -954233.437500        0.394621
FIRE:  463 21:03:23  -954233.500000        0.266508
FIRE:  464 21:03:23  -954233.500000        0.125481
FIRE:  465 21:03:23  -954233.500000        0.092337
FIRE:  466 21:03:23  -954233.500000        0.143899
FIRE:  467 21:03:23  -954233.500000        0.240828
FIRE:  468 21:03:23  -954233.500000        0.300699
FIRE:  469 21:03:23  -954233.500000        0.301870
FIRE:  470 21:03:23  -954233.500000        0.232354
FIRE:  471 21:03:24  -954233.437500        0.119954
FIRE:  472 21:03:24  -954233.500000        0.091521
FIRE:  473 21:03:24  -954233.500000        0.228823
FIRE:  474 21:03:24  -954233.562500        0.269705
FIRE:  475 21:03:24  -954233.562500        0.162539
FIRE:  476 21:03:24  -954233.562500        0.090417
FIRE:  477 21:03:24  -954233.562500        0.204703
FIRE:  478 21:03:24  -954233.562500        0.131541
FIRE:  479 21:03:24  -954233.562500        0.151818
FIRE:  480 21:03:24  -954233.562500        0.199399
FIRE:  481 21:03:24  -954233.375000        0.125145
FIRE:  482 21:03:24  -954232.437500        0.138963
FIRE:  483 21:03:24  -954232.500000        0.257681
FIRE:  484 21:03:25  -954233.437500        0.166674
FIRE:  485 21:03:25  -954232.687500        0.149873
FIRE:  486 21:03:25  -954233.437500        0.214702
FIRE:  487 21:03:25  -954232.625000        0.770905
FIRE:  488 21:03:25  -954232.687500        2.686404
FIRE:  489 21:03:25  -954232.687500        0.374579
FIRE:  490 21:03:25  -954232.687500        0.277665
FIRE:  491 21:03:25  -954232.625000        0.110984
FIRE:  492 21:03:25  -954232.625000        0.086863
FIRE:  493 21:03:25  -954232.562500        0.211563
FIRE:  494 21:03:25  -954232.687500        0.250748
FIRE:  495 21:03:25  -954232.562500        0.184788
FIRE:  496 21:03:25  -954232.687500        0.083952
FIRE:  497 21:03:25  -954232.687500        0.128536
FIRE:  498 21:03:26  -954232.687500        0.224143
FIRE:  499 21:03:26  -954232.562500        0.162526
FIRE:  500 21:03:26  -954232.625000        0.083192
FIRE:  501 21:03:26  -954232.625000        0.174563
FIRE:  502 21:03:26  -954232.687500        0.079687
FIRE:  503 21:03:26  -954232.625000        0.185916
FIRE:  504 21:03:26  -954232.750000        0.075199
FIRE:  505 21:03:26  -954232.687500        0.189024
FIRE:  506 21:03:26  -954232.750000        0.173304
FIRE:  507 21:03:26  -954232.812500        0.077483
FIRE:  508 21:03:26  -954232.750000        0.073283
FIRE:  509 21:03:26  -954232.750000        0.072944
FIRE:  510 21:03:26  -954232.937500        0.097182
FIRE:  511 21:03:26  -954232.812500        0.483471
FIRE:  512 21:03:27  -954232.937500        2.854562
FIRE:  513 21:03:27  -954232.875000        1.014178
FIRE:  514 21:03:27  -954232.937500        0.640479
FIRE:  515 21:03:27  -954232.812500        0.075411
FIRE:  516 21:03:27  -954233.000000        0.510459
FIRE:  517 21:03:27  -954233.000000        0.466945
FIRE:  518 21:03:27  -954232.937500        0.383685
FIRE:  519 21:03:27  -954232.937500        0.267995
FIRE:  520 21:03:27  -954233.000000        0.131960
FIRE:  521 21:03:27  -954232.875000        0.075798
FIRE:  522 21:03:27  -954233.000000        0.133490
FIRE:  523 21:03:27  -954232.875000        0.223409
FIRE:  524 21:03:27  -954232.812500        0.272176
FIRE:  525 21:03:27  -954233.000000        0.263205
FIRE:  526 21:03:28  -954233.000000        0.186865
FIRE:  527 21:03:28  -954232.875000        0.077989
FIRE:  528 21:03:28  -954232.937500        0.111625
FIRE:  529 21:03:28  -954232.937500        0.224272
FIRE:  530 21:03:28  -954232.812500        0.222047
FIRE:  531 21:03:28  -954232.937500        0.083681
FIRE:  532 21:03:28  -954233.000000        0.128317
FIRE:  533 21:03:28  -954232.875000        0.180921
FIRE:  534 21:03:28  -954233.000000        0.075269
FIRE:  535 21:03:28  -954232.937500        0.195701
FIRE:  536 21:03:28  -954233.000000        0.086114
FIRE:  537 21:03:28  -954232.937500        0.186476
FIRE:  538 21:03:28  -954233.000000        0.070624
FIRE:  539 21:03:28  -954232.875000        0.161769
FIRE:  540 21:03:29  -954233.062500        0.300174
FIRE:  541 21:03:29  -954233.125000        0.559387
FIRE:  542 21:03:29  -954233.000000        1.081045
FIRE:  543 21:03:29  -954232.937500        2.482363
FIRE:  544 21:03:29  -954233.062500        0.139283
FIRE:  545 21:03:29  -954233.000000        2.410112
FIRE:  546 21:03:29  -954233.062500        1.749106
FIRE:  547 21:03:29  -954233.062500        0.648759
FIRE:  548 21:03:29  -954233.000000        0.558878
FIRE:  549 21:03:29  -954233.062500        0.525131
FIRE:  550 21:03:29  -954233.187500        0.459958
FIRE:  551 21:03:29  -954233.187500        0.366963
FIRE:  552 21:03:29  -954233.062500        0.252620
FIRE:  553 21:03:29  -954233.062500        0.125967
FIRE:  554 21:03:29  -954233.062500        0.072405
FIRE:  555 21:03:30  -954233.000000        0.117239
FIRE:  556 21:03:30  -954233.000000        0.212671
FIRE:  557 21:03:30  -954233.062500        0.273165
FIRE:  558 21:03:30  -954233.125000        0.283227
FIRE:  559 21:03:30  -954233.062500        0.231223
FIRE:  560 21:03:30  -954233.062500        0.127961
FIRE:  561 21:03:30  -954233.187500        0.072630
FIRE:  562 21:03:30  -954233.125000        0.187209
FIRE:  563 21:03:30  -954233.000000        0.248343
FIRE:  564 21:03:30  -954233.125000        0.179562
FIRE:  565 21:03:30  -954233.125000        0.073247
FIRE:  566 21:03:30  -954233.062500        0.173070
FIRE:  567 21:03:30  -954233.062500        0.149301
FIRE:  568 21:03:30  -954233.187500        0.080969
FIRE:  569 21:03:31  -954233.125000        0.203045
FIRE:  570 21:03:31  -954233.125000        0.075987
FIRE:  571 21:03:31  -954233.187500        0.169827
FIRE:  572 21:03:31  -954233.250000        0.159620
FIRE:  573 21:03:31  -954233.187500        0.079249
FIRE:  574 21:03:31  -954233.125000        0.145102
FIRE:  575 21:03:31  -954233.250000        0.430175
FIRE:  576 21:03:31  -954233.250000        1.075276
FIRE:  577 21:03:31  -954233.250000        2.739340
FIRE:  578 21:03:31  -954233.312500        0.083204
FIRE:  579 21:03:31  -954233.187500        2.721747
FIRE:  580 21:03:31  -954233.250000        1.942663
FIRE:  581 21:03:31  -954233.250000        0.662450
FIRE:  582 21:03:31  -954233.125000        0.716086
FIRE:  583 21:03:32  -954233.125000        0.671385
FIRE:  584 21:03:32  -954233.312500        0.584580
FIRE:  585 21:03:32  -954233.250000        0.461328
FIRE:  586 21:03:32  -954233.250000        0.309466
FIRE:  587 21:03:32  -954233.187500        0.140767
FIRE:  588 21:03:32  -954233.312500        0.083494
FIRE:  589 21:03:32  -954233.250000        0.178587
FIRE:  590 21:03:32  -954233.312500        0.298941
FIRE:  591 21:03:32  -954233.250000        0.370426
FIRE:  592 21:03:32  -954233.187500        0.374703
FIRE:  593 21:03:32  -954233.125000        0.298936
FIRE:  594 21:03:32  -954233.312500        0.147549
FIRE:  595 21:03:32  -954233.312500        0.084114
FIRE:  596 21:03:32  -954233.250000        0.249184
FIRE:  597 21:03:32  -954233.250000        0.318259
FIRE:  598 21:03:33  -954233.312500        0.220063
FIRE:  599 21:03:33  -954233.187500        0.085040
FIRE:  600 21:03:33  -954233.250000        0.235632
FIRE:  601 21:03:33  -954233.250000        0.192176
FIRE:  602 21:03:33  -954233.312500        0.109079
FIRE:  603 21:03:33  -954233.250000        0.254092
FIRE:  604 21:03:33  -954233.312500        0.088974
FIRE:  605 21:03:33  -954233.250000        0.217000
FIRE:  606 21:03:33  -954234.187500        0.204813
FIRE:  607 21:03:33  -954234.250000        0.092807
FIRE:  608 21:03:33  -954233.437500        0.168081
FIRE:  609 21:03:33  -954233.250000        0.510198
FIRE:  610 21:03:33  -954233.375000        1.272950
FIRE:  611 21:03:33  -954233.312500        3.232899
FIRE:  612 21:03:34  -954233.375000        0.104565
FIRE:  613 21:03:34  -954233.375000        3.284379
FIRE:  614 21:03:34  -954233.437500        2.295241
FIRE:  615 21:03:34  -954233.437500        0.700789
FIRE:  616 21:03:34  -954233.437500        0.971106
FIRE:  617 21:03:34  -954233.375000        0.908703
FIRE:  618 21:03:34  -954233.437500        0.787423
FIRE:  619 21:03:34  -954233.375000        0.614741
FIRE:  620 21:03:34  -954233.437500        0.401681
FIRE:  621 21:03:34  -954233.437500        0.164217
FIRE:  622 21:03:34  -954233.500000        0.104624
FIRE:  623 21:03:34  -954233.437500        0.280346
FIRE:  624 21:03:34  -954233.500000        0.275487
FIRE:  625 21:03:34  -954233.437500        0.265864
FIRE:  626 21:03:35  -954233.437500        0.251799
FIRE:  627 21:03:35  -954233.375000        0.233372
FIRE:  628 21:03:35  -954233.437500        0.211116
FIRE:  629 21:03:35  -954233.312500        0.185427
FIRE:  630 21:03:35  -954233.437500        0.157158
FIRE:  631 21:03:35  -954233.375000        0.123402
FIRE:  632 21:03:35  -954233.437500        0.104764
FIRE:  633 21:03:35  -954233.375000        0.104801
FIRE:  634 21:03:35  -954233.437500        0.104854
FIRE:  635 21:03:35  -954233.312500        0.104914
FIRE:  636 21:03:35  -954233.437500        0.104978
FIRE:  637 21:03:35  -954233.375000        0.126282
FIRE:  638 21:03:35  -954233.375000        0.141889
FIRE:  639 21:03:35  -954233.375000        0.136266
FIRE:  640 21:03:36  -954233.375000        0.106224
FIRE:  641 21:03:36  -954233.312500        0.105486
FIRE:  642 21:03:36  -954233.312500        0.105653
FIRE:  643 21:03:36  -954233.375000        0.105885
FIRE:  644 21:03:36  -954233.437500        0.106193
FIRE:  645 21:03:36  -954233.437500        0.106583
FIRE:  646 21:03:36  -954233.375000        0.107096
FIRE:  647 21:03:36  -954233.312500        0.107725
FIRE:  648 21:03:36  -954233.437500        0.108450
FIRE:  649 21:03:36  -954233.437500        0.109328
FIRE:  650 21:03:36  -954233.437500        0.110371
FIRE:  651 21:03:36  -954233.437500        0.111628
FIRE:  652 21:03:36  -954233.375000        0.113111
FIRE:  653 21:03:36  -954233.500000        0.114723
FIRE:  654 21:03:36  -954233.500000        0.116535
FIRE:  655 21:03:37  -954233.500000        0.128457
FIRE:  656 21:03:37  -954233.500000        0.138629
FIRE:  657 21:03:37  -954233.562500        0.297021
FIRE:  658 21:03:37  -954233.562500        0.805353
FIRE:  659 21:03:37  -954234.500000        2.328870
FIRE:  660 21:03:37  -954234.500000        0.128762
FIRE:  661 21:03:37  -954234.500000        2.277847
FIRE:  662 21:03:37  -954234.500000        1.625772
FIRE:  663 21:03:37  -954233.562500        0.547565
FIRE:  664 21:03:37  -954233.562500        0.617720
FIRE:  665 21:03:37  -954233.687500        0.578281
FIRE:  666 21:03:37  -954233.562500        0.501969
FIRE:  667 21:03:37  -954233.562500        0.393575
FIRE:  668 21:03:37  -954233.500000        0.260752
FIRE:  669 21:03:38  -954233.687500        0.128509
FIRE:  670 21:03:38  -954233.562500        0.128490
FIRE:  671 21:03:38  -954233.625000        0.160540
FIRE:  672 21:03:38  -954233.562500        0.262659
FIRE:  673 21:03:38  -954233.687500        0.321620
FIRE:  674 21:03:38  -954233.562500        0.320385
FIRE:  675 21:03:38  -954233.625000        0.248181
FIRE:  676 21:03:38  -954234.500000        0.129046
FIRE:  677 21:03:38  -954234.500000        0.129341
FIRE:  678 21:03:38  -954234.500000        0.226780
FIRE:  679 21:03:38  -954234.500000        0.269594
FIRE:  680 21:03:38  -954234.500000        0.162974
FIRE:  681 21:03:38  -954234.500000        0.130758
FIRE:  682 21:03:38  -954234.437500        0.217418
FIRE:  683 21:03:38  -954234.500000        0.136259
FIRE:  684 21:03:39  -954234.500000        0.137754
FIRE:  685 21:03:39  -954234.687500        0.202273
FIRE:  686 21:03:39  -954234.750000        0.134812
FIRE:  687 21:03:39  -954234.750000        0.148264
FIRE:  688 21:03:39  -954234.687500        0.240721
FIRE:  689 21:03:39  -954234.562500        0.135946
FIRE:  690 21:03:39  -954234.625000        0.135438
FIRE:  691 21:03:39  -954234.625000        0.136236
FIRE:  692 21:03:39  -954234.750000        0.136390
FIRE:  693 21:03:39  -954234.875000        0.190923
FIRE:  694 21:03:39  -954234.687500        1.224303
FIRE:  695 21:03:39  -954234.250000        7.474338
FIRE:  696 21:03:39  -954234.437500        5.016587
FIRE:  697 21:03:39  -954234.437500        3.327493
FIRE:  698 21:03:39  -954234.500000        0.331705
FIRE:  699 21:03:39  -954234.500000        3.201731
FIRE:  700 21:03:39  -954234.500000        2.844004
FIRE:  701 21:03:39  -954234.500000        2.182202
FIRE:  702 21:03:40  -954234.500000        1.309904
FIRE:  703 21:03:40  -954234.562500        0.338512
FIRE:  704 21:03:40  -954234.500000        0.601378
FIRE:  705 21:03:40  -954234.750000        0.586505
FIRE:  706 21:03:40  -954234.750000        0.557081
FIRE:  707 21:03:40  -954234.437500        0.513845
FIRE:  708 21:03:40  -954234.562500        0.457955
FIRE:  709 21:03:40  -954234.750000        0.390729
FIRE:  710 21:03:40  -954234.562500        0.314297
FIRE:  711 21:03:40  -954234.500000        0.231255
FIRE:  712 21:03:40  -954234.687500        0.149837
FIRE:  713 21:03:40  -954234.562500        0.132817
FIRE:  714 21:03:40  -954234.750000        0.125237
FIRE:  715 21:03:40  -954234.437500        0.184908
FIRE:  716 21:03:40  -954234.500000        0.263845
FIRE:  717 21:03:40  -954234.750000        0.307089
FIRE:  718 21:03:40  -954234.750000        0.302205
FIRE:  719 21:03:40  -954234.500000        0.240411
FIRE:  720 21:03:41  -954234.500000        0.122503
FIRE:  721 21:03:41  -954234.437500        0.122770
FIRE:  722 21:03:41  -954234.500000        0.182478
FIRE:  723 21:03:41  -954234.500000        0.254679
FIRE:  724 21:03:41  -954234.500000        0.209068
FIRE:  725 21:03:41  -954234.562500        0.123767
FIRE:  726 21:03:41  -954234.625000        0.148411
FIRE:  727 21:03:41  -954234.625000        0.198560
FIRE:  728 21:03:41  -954234.812500        0.124884
FIRE:  729 21:03:41  -954234.562500        0.189346
FIRE:  730 21:03:41  -954234.625000        0.127811
FIRE:  731 21:03:41  -954234.562500        0.169321
FIRE:  732 21:03:41  -954234.812500        0.123206
FIRE:  733 21:03:41  -954234.562500        0.243339
FIRE:  734 21:03:41  -954234.625000        0.204902
FIRE:  735 21:03:41  -954234.625000        0.152985
FIRE:  736 21:03:41  -954234.625000        0.204060
FIRE:  737 21:03:42  -954234.937500        0.645039
FIRE:  738 21:03:42  -954234.687500        2.146701
FIRE:  739 21:03:42  -954234.750000        0.254870
FIRE:  740 21:03:42  -954234.687500        0.188580
FIRE:  741 21:03:42  -954234.687500        0.080582
FIRE:  742 21:03:42  -954234.937500        0.080483
FIRE:  743 21:03:42  -954234.937500        0.145997
FIRE:  744 21:03:42  -954234.687500        0.173267
FIRE:  745 21:03:42  -954234.562500        0.128165
FIRE:  746 21:03:42  -954234.937500        0.080866
FIRE:  747 21:03:42  -954235.062500        0.087163
FIRE:  748 21:03:42  -954234.687500        0.152323
FIRE:  749 21:03:42  -954234.687500        0.108763
FIRE:  750 21:03:42  -954234.687500        0.082375
FIRE:  751 21:03:42  -954234.687500        0.122319
FIRE:  752 21:03:42  -954234.687500        0.083365
FIRE:  753 21:03:43  -954234.750000        0.127963
FIRE:  754 21:03:43  -954234.750000        0.083091
FIRE:  755 21:03:43  -954234.687500        0.127568
FIRE:  756 21:03:43  -954234.750000        0.128703
FIRE:  757 21:03:43  -954235.000000        0.078142
FIRE:  758 21:03:43  -954234.687500        0.078764
FIRE:  759 21:03:43  -954234.812500        0.140317
FIRE:  760 21:03:43  -954235.250000        0.627924
FIRE:  761 21:03:43  -954234.812500        2.557292
FIRE:  762 21:03:43  -954234.875000        0.572256
FIRE:  763 21:03:43  -954234.875000        0.410215
FIRE:  764 21:03:43  -954235.125000        0.131824
FIRE:  765 21:03:43  -954234.937500        0.171451
FIRE:  766 21:03:43  -954234.875000        0.372203
FIRE:  767 21:03:43  -954234.875000        0.407185
FIRE:  768 21:03:43  -954234.875000        0.278717
FIRE:  769 21:03:43  -954234.875000        0.080337
FIRE:  770 21:03:43  -954234.875000        0.222108
FIRE:  771 21:03:44  -954234.875000        0.342992
FIRE:  772 21:03:44  -954234.812500        0.218812
FIRE:  773 21:03:44  -954234.875000        0.107485
FIRE:  774 21:03:44  -954234.937500        0.284538
FIRE:  775 21:03:44  -954234.875000        0.078970
FIRE:  776 21:03:44  -954234.875000        0.290943
FIRE:  777 21:03:44  -954234.875000        0.079570
FIRE:  778 21:03:44  -954234.875000        0.319039
FIRE:  779 21:03:44  -954234.875000        0.247094
FIRE:  780 21:03:44  -954234.750000        0.078040
FIRE:  781 21:03:44  -954234.937500        0.078340
FIRE:  782 21:03:44  -954234.937500        0.288997
FIRE:  783 21:03:44  -954234.875000        1.174905
FIRE:  784 21:03:44  -954234.937500        4.154035
FIRE:  785 21:03:44  -954235.000000        0.750229
FIRE:  786 21:03:44  -954235.000000        0.506911
FIRE:  787 21:03:44  -954235.000000        0.105888
FIRE:  788 21:03:45  -954235.000000        0.300217
FIRE:  789 21:03:45  -954235.062500        0.276889
FIRE:  790 21:03:45  -954235.000000        0.232541
FIRE:  791 21:03:45  -954235.000000        0.170300
FIRE:  792 21:03:45  -954234.875000        0.096736
FIRE:  793 21:03:45  -954235.000000        0.079050
FIRE:  794 21:03:45  -954235.000000        0.078936
FIRE:  795 21:03:45  -954235.000000        0.109392
FIRE:  796 21:03:45  -954235.000000        0.146612
FIRE:  797 21:03:45  -954234.937500        0.154219
FIRE:  798 21:03:45  -954235.000000        0.124541
FIRE:  799 21:03:45  -954235.000000        0.079306
FIRE:  800 21:03:45  -954235.250000        0.079619
FIRE:  801 21:03:45  -954235.000000        0.116217
FIRE:  802 21:03:46  -954235.250000        0.144136
FIRE:  803 21:03:46  -954235.000000        0.092053
FIRE:  804 21:03:46  -954235.000000        0.079552
FIRE:  805 21:03:46  -954235.000000        0.105338
FIRE:  806 21:03:46  -954235.250000        0.079572
FIRE:  807 21:03:46  -954235.000000        0.083001
FIRE:  808 21:03:46  -954235.000000        0.102724
FIRE:  809 21:03:46  -954235.062500        0.080058
FIRE:  810 21:03:46  -954234.937500        0.080290
FIRE:  811 21:03:46  -954235.062500        0.140071
FIRE:  812 21:03:46  -954235.062500        0.113995
FIRE:  813 21:03:46  -954235.062500        0.151828
FIRE:  814 21:03:46  -954235.062500        0.283554
FIRE:  815 21:03:46  -954235.125000        0.890353
FIRE:  816 21:03:47  -954235.187500        2.696768
FIRE:  817 21:03:47  -954235.125000        0.400563
FIRE:  818 21:03:47  -954235.375000        0.295387
FIRE:  819 21:03:47  -954235.125000        0.113834
FIRE:  820 21:03:47  -954235.125000        0.088372
FIRE:  821 21:03:47  -954235.125000        0.233535
FIRE:  822 21:03:47  -954235.125000        0.274134
FIRE:  823 21:03:47  -954235.125000        0.203742
FIRE:  824 21:03:47  -954235.125000        0.083772
FIRE:  825 21:03:47  -954235.125000        0.131773
FIRE:  826 21:03:47  -954235.125000        0.238003
FIRE:  827 21:03:47  -954235.062500        0.180045
FIRE:  828 21:03:47  -954235.125000        0.083699
FIRE:  829 21:03:47  -954235.000000        0.189326
FIRE:  830 21:03:47  -954235.062500        0.083703
FIRE:  831 21:03:48  -954235.187500        0.188237
FIRE:  832 21:03:48  -954235.375000        0.094968
FIRE:  833 21:03:48  -954235.125000        0.211513
FIRE:  834 21:03:48  -954235.437500        0.130206
FIRE:  835 21:03:48  -954235.187500        0.085518
FIRE:  836 21:03:48  -954235.187500        0.175324
FIRE:  837 21:03:48  -954235.312500        0.580580
FIRE:  838 21:03:48  -954235.312500        1.650562
FIRE:  839 21:03:48  -954235.437500        0.087320
FIRE:  840 21:03:48  -954235.375000        1.431216
FIRE:  841 21:03:48  -954235.500000        1.099859
FIRE:  842 21:03:48  -954235.500000        0.504867
FIRE:  843 21:03:48  -954235.375000        0.219412
FIRE:  844 21:03:48  -954235.437500        0.205142
FIRE:  845 21:03:49  -954235.437500        0.177715
FIRE:  846 21:03:49  -954235.375000        0.139024
FIRE:  847 21:03:49  -954235.375000        0.093106
FIRE:  848 21:03:49  -954235.437500        0.087500
FIRE:  849 21:03:49  -954235.437500        0.087647
FIRE:  850 21:03:49  -954235.375000        0.087735
FIRE:  851 21:03:49  -954235.437500        0.097757
FIRE:  852 21:03:49  -954235.437500        0.124176
FIRE:  853 21:03:49  -954235.437500        0.130533
FIRE:  854 21:03:49  -954235.437500        0.111208
FIRE:  855 21:03:49  -954235.500000        0.087936
FIRE:  856 21:03:49  -954235.375000        0.087867
FIRE:  857 21:03:49  -954235.437500        0.087788
FIRE:  858 21:03:49  -954235.375000        0.092900
FIRE:  859 21:03:50  -954235.375000        0.087952
FIRE:  860 21:03:50  -954235.375000        0.088225
FIRE:  861 21:03:50  -954235.437500        0.091618
FIRE:  862 21:03:50  -954235.375000        0.088675
FIRE:  863 21:03:50  -954235.375000        0.088678
FIRE:  864 21:03:50  -954235.500000        0.088781
FIRE:  865 21:03:50  -954235.437500        0.089290
FIRE:  866 21:03:50  -954235.375000        0.089694
FIRE:  867 21:03:50  -954235.500000        0.089644
FIRE:  868 21:03:50  -954235.500000        0.090231
FIRE:  869 21:03:50  -954235.437500        0.090592
FIRE:  870 21:03:50  -954235.562500        0.090822
FIRE:  871 21:03:50  -954235.500000        0.270550
FIRE:  872 21:03:50  -954235.312500        1.039476
FIRE:  873 21:03:51  -954235.187500        3.596877
FIRE:  874 21:03:51  -954235.250000        0.524455
FIRE:  875 21:03:51  -954235.562500        0.359724
FIRE:  876 21:03:51  -954235.562500        0.094877
FIRE:  877 21:03:51  -954235.250000        0.198032
FIRE:  878 21:03:51  -954235.625000        0.371722
FIRE:  879 21:03:51  -954235.250000        0.387507
FIRE:  880 21:03:51  -954235.625000        0.253576
FIRE:  881 21:03:51  -954235.187500        0.095845
FIRE:  882 21:03:51  -954235.187500        0.215429
FIRE:  883 21:03:51  -954235.187500        0.282470
FIRE:  884 21:03:51  -954235.625000        0.134395
FIRE:  885 21:03:51  -954235.625000        0.186627
FIRE:  886 21:03:51  -954235.625000        0.271765
FIRE:  887 21:03:52  -954235.062500        0.096271
FIRE:  888 21:03:52  -954234.750000        0.248862
FIRE:  889 21:03:52  -954234.687500        0.097393
FIRE:  890 21:03:52  -954234.812500        0.219229
FIRE:  891 21:03:52  -954234.875000        0.305148
FIRE:  892 21:03:52  -954234.875000        0.346406
FIRE:  893 21:03:52  -954234.687500        0.468954
FIRE:  894 21:03:52  -954235.687500        1.076745
FIRE:  895 21:03:52  -954235.687500        3.001223
FIRE:  896 21:03:52  -954235.500000        0.520431
FIRE:  897 21:03:52  -954235.750000        0.382459
FIRE:  898 21:03:52  -954235.437500        0.143630
FIRE:  899 21:03:52  -954235.750000        0.122705
FIRE:  900 21:03:52  -954235.750000        0.310168
FIRE:  901 21:03:53  -954235.687500        0.359853
FIRE:  902 21:03:53  -954235.375000        0.267085
FIRE:  903 21:03:53  -954235.750000        0.098231
FIRE:  904 21:03:53  -954235.750000        0.168216
FIRE:  905 21:03:53  -954235.750000        0.306532
FIRE:  906 21:03:53  -954235.687500        0.237688
FIRE:  907 21:03:53  -954235.687500        0.098041
FIRE:  908 21:03:53  -954235.375000        0.242813
FIRE:  909 21:03:53  -954235.250000        0.117499
FIRE:  910 21:03:53  -954235.750000        0.234982
FIRE:  911 21:03:53  -954235.750000        0.147247
FIRE:  912 21:03:53  -954235.375000        0.273605
FIRE:  913 21:03:53  -954236.000000        0.116173
FIRE:  914 21:03:53  -954235.437500        0.130003
FIRE:  915 21:03:54  -954235.750000        0.375930
FIRE:  916 21:03:54  -954236.000000        0.932218
FIRE:  917 21:03:54  -954235.937500        2.213681
FIRE:  918 21:03:54  -954235.937500        0.110771
FIRE:  919 21:03:54  -954236.000000        0.093342
FIRE:  920 21:03:54  -954236.000000        0.093234
FIRE:  921 21:03:54  -954236.000000        0.093100
FIRE:  922 21:03:54  -954236.000000        0.092982
FIRE:  923 21:03:54  -954236.000000        0.092914
FIRE:  924 21:03:54  -954236.000000        0.092871
FIRE:  925 21:03:54  -954236.000000        0.092830
FIRE:  926 21:03:54  -954236.000000        0.092757
FIRE:  927 21:03:54  -954236.062500        0.092613
FIRE:  928 21:03:54  -954236.062500        0.092381
FIRE:  929 21:03:54  -954236.062500        0.091985
FIRE:  930 21:03:55  -954236.062500        0.091657
FIRE:  931 21:03:55  -954236.062500        0.091376
FIRE:  932 21:03:55  -954236.062500        0.091108
FIRE:  933 21:03:55  -954236.062500        0.090488
FIRE:  934 21:03:55  -954236.062500        0.089379
FIRE:  935 21:03:55  -954236.000000        0.088284
FIRE:  936 21:03:55  -954236.000000        0.086924
FIRE:  937 21:03:55  -954236.062500        0.085168
FIRE:  938 21:03:55  -954236.125000        0.198880
FIRE:  939 21:03:55  -954236.062500        0.643400
FIRE:  940 21:03:55  -954236.125000        2.154846
FIRE:  941 21:03:55  -954236.062500        0.084274
FIRE:  942 21:03:55  -954236.125000        0.084272
FIRE:  943 21:03:55  -954236.125000        0.084269
FIRE:  944 21:03:55  -954236.062500        0.084261
FIRE:  945 21:03:56  -954236.062500        0.084251
FIRE:  946 21:03:56  -954236.125000        0.084238
FIRE:  947 21:03:56  -954236.062500        0.084225
FIRE:  948 21:03:56  -954236.125000        0.084205
FIRE:  949 21:03:56  -954236.062500        0.084179
FIRE:  950 21:03:56  -954236.062500        0.084136
FIRE:  951 21:03:56  -954236.125000        0.084070
FIRE:  952 21:03:56  -954236.062500        0.083955
FIRE:  953 21:03:56  -954236.125000        0.083762
FIRE:  954 21:03:56  -954236.187500        0.083444
FIRE:  955 21:03:56  -954236.187500        0.082939
FIRE:  956 21:03:56  -954236.125000        0.082177
FIRE:  957 21:03:56  -954236.125000        0.081109
FIRE:  958 21:03:56  -954236.187500        0.080997
FIRE:  959 21:03:57  -954236.125000        0.081062
FIRE:  960 21:03:57  -954236.000000        0.107700
FIRE:  961 21:03:57  -954235.812500        0.363359
FIRE:  962 21:03:57  -954236.250000        1.176175
FIRE:  963 21:03:57  -954236.187500        3.615369
FIRE:  964 21:03:57  -954236.250000        0.349031
FIRE:  965 21:03:57  -954236.250000        0.243004
FIRE:  966 21:03:57  -954236.250000        0.079975
FIRE:  967 21:03:57  -954236.187500        0.123493
FIRE:  968 21:03:57  -954236.187500        0.246719
FIRE:  969 21:03:57  -954236.250000        0.267245
FIRE:  970 21:03:57  -954236.250000        0.186186
FIRE:  971 21:03:57  -954236.250000        0.079850
FIRE:  972 21:03:57  -954236.250000        0.146951
FIRE:  973 21:03:57  -954236.250000        0.194914
FIRE:  974 21:03:58  -954236.187500        0.108259
FIRE:  975 21:03:58  -954236.250000        0.120247
FIRE:  976 21:03:58  -954236.250000        0.190878
FIRE:  977 21:03:58  -954236.250000        0.079890
FIRE:  978 21:03:58  -954236.250000        0.162433
FIRE:  979 21:03:58  -954236.250000        0.079825
FIRE:  980 21:03:58  -954236.250000        0.169385
FIRE:  981 21:03:58  -954236.250000        0.196989
FIRE:  982 21:03:58  -954236.250000        0.229610
FIRE:  983 21:03:58  -954236.250000        0.307621
FIRE:  984 21:03:58  -954236.312500        0.757100
FIRE:  985 21:03:58  -954236.312500        2.046634
FIRE:  986 21:03:58  -954236.250000        0.238958
FIRE:  987 21:03:58  -954236.312500        0.179997
FIRE:  988 21:03:59  -954236.312500        0.078193
FIRE:  989 21:03:59  -954236.250000        0.078097
FIRE:  990 21:03:59  -954236.312500        0.124410
FIRE:  991 21:03:59  -954236.312500        0.146433
FIRE:  992 21:03:59  -954236.312500        0.116647
FIRE:  993 21:03:59  -954236.312500        0.077812
FIRE:  994 21:03:59  -954236.312500        0.078896
FIRE:  995 21:03:59  -954236.312500        0.140945
FIRE:  996 21:03:59  -954236.312500        0.108808
FIRE:  997 21:03:59  -954236.312500        0.077778
FIRE:  998 21:03:59  -954236.312500        0.107986
FIRE:  999 21:03:59  -954236.250000        0.077729
FIRE:  1000 21:03:59  -954236.250000        0.116417
      Step     Time          Energy          fmax
FIRE:    0 21:04:00  -954204.625000        4.592344
FIRE:    1 21:04:01  -954205.375000        3.497073
FIRE:    2 21:04:02  -954206.375000        3.703648
FIRE:    3 21:04:02  -954207.750000        1.786833
FIRE:    4 21:04:02  -954208.375000        2.480827
FIRE:    5 21:04:02  -954209.312500        1.228316
FIRE:    6 21:04:03  -954209.937500        2.358107
FIRE:    7 21:04:03  -954210.562500        1.413118
FIRE:    8 21:04:03  -954211.125000        1.464800
FIRE:    9 21:04:03  -954211.562500        1.310526
FIRE:   10 21:04:03  -954212.125000        0.990551
FIRE:   11 21:04:03  -954212.500000        1.162383
FIRE:   12 21:04:03  -954213.062500        1.036467
FIRE:   13 21:04:03  -954213.375000        1.031216
FIRE:   14 21:04:03  -954213.937500        1.182003
FIRE:   15 21:04:03  -954215.437500        0.853207
FIRE:   16 21:04:04  -954215.750000        0.953266
FIRE:   17 21:04:04  -954216.187500        0.685558
FIRE:   18 21:04:04  -954216.375000        0.711452
FIRE:   19 21:04:04  -954216.875000        0.819062
FIRE:   20 21:04:04  -954217.187500        0.709916
FIRE:   21 21:04:04  -954217.500000        0.671749
FIRE:   22 21:04:04  -954217.812500        0.766359
FIRE:   23 21:04:04  -954218.125000        0.593459
FIRE:   24 21:04:05  -954218.437500        0.664954
FIRE:   25 21:04:05  -954218.500000        0.896842
FIRE:   26 21:04:05  -954218.750000        0.951382
FIRE:   27 21:04:05  -954219.125000        1.030064
FIRE:   28 21:04:05  -954219.437500        1.199216
FIRE:   29 21:04:05  -954219.812500        1.297457
FIRE:   30 21:04:05  -954219.562500        1.000523
FIRE:   31 21:04:05  -954219.687500        1.241461
FIRE:   32 21:04:05  -954220.000000        1.274917
FIRE:   33 21:04:05  -954220.437500        0.955924
FIRE:   34 21:04:05  -954220.750000        0.611635
FIRE:   35 21:04:05  -954220.937500        1.016571
FIRE:   36 21:04:05  -954221.375000        1.266267
FIRE:   37 21:04:05  -954221.500000        1.151637
FIRE:   38 21:04:05  -954221.875000        0.888846
FIRE:   39 21:04:06  -954222.125000        1.195977
FIRE:   40 21:04:06  -954223.500000        1.523339
FIRE:   41 21:04:06  -954223.875000        1.601037
FIRE:   42 21:04:06  -954224.062500        1.045737
FIRE:   43 21:04:06  -954224.187500        3.636208
FIRE:   44 21:04:07  -954224.125000        2.654058
FIRE:   45 21:04:07  -954223.562500        8.394931
FIRE:   46 21:04:07  -954223.562500       15.490076
FIRE:   47 21:04:07  -954224.437500        1.857735
FIRE:   48 21:04:07  -954224.437500        1.544322
FIRE:   49 21:04:08  -954224.437500        0.955307
FIRE:   50 21:04:08  -954224.562500        0.480621
FIRE:   51 21:04:08  -954224.562500        0.856896
FIRE:   52 21:04:08  -954224.562500        0.818073
FIRE:   53 21:04:08  -954224.500000        0.743271
FIRE:   54 21:04:08  -954224.562500        0.638424
FIRE:   55 21:04:08  -954224.562500        0.513166
FIRE:   56 21:04:08  -954224.500000        0.456708
FIRE:   57 21:04:08  -954224.562500        0.453427
FIRE:   58 21:04:08  -954224.562500        0.449571
FIRE:   59 21:04:08  -954224.500000        0.444663
FIRE:   60 21:04:08  -954224.500000        0.438556
FIRE:   61 21:04:08  -954224.562500        0.430992
FIRE:   62 21:04:08  -954224.500000        0.421821
FIRE:   63 21:04:09  -954224.562500        0.410841
FIRE:   64 21:04:09  -954224.562500        0.397759
FIRE:   65 21:04:09  -954224.562500        0.382382
FIRE:   66 21:04:09  -954224.625000        0.364639
FIRE:   67 21:04:09  -954224.625000        0.344622
FIRE:   68 21:04:09  -954224.625000        0.322291
FIRE:   69 21:04:09  -954224.625000        0.297921
FIRE:   70 21:04:09  -954224.687500        0.285612
FIRE:   71 21:04:09  -954224.750000        0.264162
FIRE:   72 21:04:09  -954224.687500        0.278462
FIRE:   73 21:04:09  -954224.812500        0.263341
FIRE:   74 21:04:09  -954224.875000        0.277854
FIRE:   75 21:04:09  -954224.937500        0.250391
FIRE:   76 21:04:09  -954224.562500        0.359212
FIRE:   77 21:04:09  -954224.687500        0.482415
FIRE:   78 21:04:10  -954224.750000        0.641679
FIRE:   79 21:04:10  -954225.312500        1.308403
FIRE:   80 21:04:10  -954225.437500        3.495868
FIRE:   81 21:04:10  -954225.375000        8.449512
FIRE:   82 21:04:10  -954225.375000        1.258539
FIRE:   83 21:04:10  -954224.875000       12.453288
FIRE:   84 21:04:10  -954225.125000        6.963300
FIRE:   85 21:04:10  -954225.312500        0.802681
FIRE:   86 21:04:10  -954225.312500        4.605562
FIRE:   87 21:04:10  -954225.125000        4.347470
FIRE:   88 21:04:10  -954225.312500        3.835657
FIRE:   89 21:04:10  -954225.312500        3.082904
FIRE:   90 21:04:10  -954225.375000        2.125738
FIRE:   91 21:04:10  -954225.312500        1.104461
FIRE:   92 21:04:11  -954225.250000        0.933698
FIRE:   93 21:04:11  -954225.312500        1.822720
FIRE:   94 21:04:11  -954225.187500        1.792889
FIRE:   95 21:04:11  -954225.375000        1.734182
FIRE:   96 21:04:11  -954225.375000        1.649170
FIRE:   97 21:04:11  -954225.187500        1.541009
FIRE:   98 21:04:11  -954225.375000        1.414732
FIRE:   99 21:04:11  -954225.312500        1.276687
FIRE:  100 21:04:11  -954225.250000        1.135500
FIRE:  101 21:04:11  -954225.375000        0.988973
FIRE:  102 21:04:11  -954225.187500        0.859542
FIRE:  103 21:04:11  -954225.437500        0.783730
FIRE:  104 21:04:11  -954225.437500        0.792976
FIRE:  105 21:04:11  -954225.250000        0.876666
FIRE:  106 21:04:12  -954225.375000        0.985644
FIRE:  107 21:04:12  -954225.375000        1.067530
FIRE:  108 21:04:12  -954225.437500        1.083405
FIRE:  109 21:04:12  -954225.437500        1.014622
FIRE:  110 21:04:12  -954225.375000        0.881425
FIRE:  111 21:04:12  -954225.500000        0.782359
FIRE:  112 21:04:12  -954225.437500        0.841496
FIRE:  113 21:04:12  -954225.312500        0.966053
FIRE:  114 21:04:12  -954225.500000        0.957229
FIRE:  115 21:04:12  -954226.000000        0.922384
FIRE:  116 21:04:12  -954226.000000        1.007285
FIRE:  117 21:04:12  -954226.125000        1.115589
FIRE:  118 21:04:12  -954226.187500        1.248289
FIRE:  119 21:04:12  -954226.312500        1.414733
FIRE:  120 21:04:13  -954226.437500        1.641128
FIRE:  121 21:04:13  -954226.625000        1.988324
FIRE:  122 21:04:13  -954226.812500        2.514208
FIRE:  123 21:04:13  -954227.187500        3.081544
FIRE:  124 21:04:15  -954227.437500        2.464929
FIRE:  125 21:04:15  -954227.375000        8.969163
FIRE:  126 21:04:16  -954227.687500        5.987105
FIRE:  127 21:04:16  -954227.875000        2.601602
FIRE:  128 21:04:16  -954227.937500        1.704771
FIRE:  129 21:04:16  -954227.937500        1.677681
FIRE:  130 21:04:16  -954227.937500        1.623690
FIRE:  131 21:04:16  -954227.937500        1.543366
FIRE:  132 21:04:16  -954228.000000        1.438224
FIRE:  133 21:04:16  -954228.000000        1.311447
FIRE:  134 21:04:16  -954228.000000        1.169181
FIRE:  135 21:04:16  -954228.000000        1.041794
FIRE:  136 21:04:16  -954228.062500        1.060371
FIRE:  137 21:04:16  -954228.062500        1.221496
FIRE:  138 21:04:16  -954228.062500        1.265314
FIRE:  139 21:04:16  -954228.125000        1.149943
FIRE:  140 21:04:17  -954228.187500        0.913590
FIRE:  141 21:04:17  -954228.187500        0.855591
FIRE:  142 21:04:17  -954228.312500        0.806113
FIRE:  143 21:04:17  -954228.375000        0.825564
FIRE:  144 21:04:17  -954228.437500        0.718757
FIRE:  145 21:04:17  -954228.500000        0.687347
FIRE:  146 21:04:17  -954228.625000        0.880002
FIRE:  147 21:04:17  -954228.687500        0.618499
FIRE:  148 21:04:17  -954228.812500        0.634168
FIRE:  149 21:04:17  -954229.000000        0.600052
FIRE:  150 21:04:17  -954229.125000        0.601561
FIRE:  151 21:04:17  -954229.437500        0.833706
FIRE:  152 21:04:17  -954229.437500        2.555610
FIRE:  153 21:04:17  -954229.312500        7.079905
FIRE:  154 21:04:18  -954229.625000        0.614081
FIRE:  155 21:04:18  -954229.375000        8.506654
FIRE:  156 21:04:18  -954229.500000        5.453185
FIRE:  157 21:04:18  -954229.687500        1.084880
FIRE:  158 21:04:18  -954229.500000        2.816731
FIRE:  159 21:04:18  -954229.500000        2.645427
FIRE:  160 21:04:18  -954229.562500        2.309979
FIRE:  161 21:04:18  -954229.562500        1.824523
FIRE:  162 21:04:18  -954229.625000        1.213355
FIRE:  163 21:04:18  -954229.625000        0.514883
FIRE:  164 21:04:18  -954229.562500        0.472889
FIRE:  165 21:04:18  -954229.562500        0.851193
FIRE:  166 21:04:18  -954229.562500        0.836237
FIRE:  167 21:04:18  -954229.625000        0.806393
FIRE:  168 21:04:19  -954229.687500        0.762659
FIRE:  169 21:04:19  -954229.687500        0.706006
FIRE:  170 21:04:19  -954229.687500        0.637259
FIRE:  171 21:04:19  -954229.562500        0.558658
FIRE:  172 21:04:19  -954229.562500        0.471838
FIRE:  173 21:04:19  -954229.687500        0.449804
FIRE:  174 21:04:19  -954229.562500        0.441930
FIRE:  175 21:04:19  -954229.562500        0.433561
FIRE:  176 21:04:19  -954229.625000        0.427684
FIRE:  177 21:04:19  -954229.625000        0.425797
FIRE:  178 21:04:19  -954229.562500        0.423137
FIRE:  179 21:04:19  -954229.687500        0.419471
FIRE:  180 21:04:19  -954229.625000        0.414544
FIRE:  181 21:04:19  -954229.687500        0.408081
FIRE:  182 21:04:20  -954229.437500        0.399848
FIRE:  183 21:04:20  -954229.437500        0.389693
FIRE:  184 21:04:20  -954229.562500        0.377702
FIRE:  185 21:04:20  -954229.562500        0.364282
FIRE:  186 21:04:20  -954229.562500        0.350083
FIRE:  187 21:04:20  -954229.562500        0.335614
FIRE:  188 21:04:20  -954229.562500        0.320746
FIRE:  189 21:04:20  -954229.562500        0.304494
FIRE:  190 21:04:20  -954229.625000        0.286193
FIRE:  191 21:04:20  -954229.625000        0.267849
FIRE:  192 21:04:20  -954229.625000        0.298933
FIRE:  193 21:04:20  -954229.687500        0.254227
FIRE:  194 21:04:20  -954229.750000        0.263514
FIRE:  195 21:04:20  -954229.750000        0.238788
FIRE:  196 21:04:21  -954229.812500        0.212070
FIRE:  197 21:04:21  -954229.875000        0.339536
FIRE:  198 21:04:21  -954230.125000        0.580163
FIRE:  199 21:04:21  -954230.187500        0.994888
FIRE:  200 21:04:21  -954230.187500        2.444349
FIRE:  201 21:04:21  -954229.562500        5.560809
FIRE:  202 21:04:21  -954229.875000        0.539022
FIRE:  203 21:04:21  -954229.750000        6.455696
FIRE:  204 21:04:21  -954229.687500        4.372067
FIRE:  205 21:04:21  -954229.812500        1.219458
FIRE:  206 21:04:21  -954229.750000        1.829922
FIRE:  207 21:04:21  -954229.812500        1.713963
FIRE:  208 21:04:21  -954229.812500        1.487519
FIRE:  209 21:04:21  -954229.812500        1.162157
FIRE:  210 21:04:22  -954229.812500        0.820241
FIRE:  211 21:04:22  -954229.812500        0.437570
FIRE:  212 21:04:22  -954229.750000        0.203668
FIRE:  213 21:04:22  -954229.625000        0.603665
FIRE:  214 21:04:22  -954229.812500        0.594849
FIRE:  215 21:04:22  -954229.812500        0.576911
FIRE:  216 21:04:22  -954229.750000        0.550784
FIRE:  217 21:04:22  -954229.750000        0.516598
FIRE:  218 21:04:22  -954229.812500        0.475426
FIRE:  219 21:04:22  -954229.687500        0.427940
FIRE:  220 21:04:22  -954229.812500        0.375327
FIRE:  221 21:04:22  -954229.687500        0.313027
FIRE:  222 21:04:22  -954229.812500        0.241172
FIRE:  223 21:04:22  -954229.750000        0.203803
FIRE:  224 21:04:23  -954229.875000        0.203775
FIRE:  225 21:04:23  -954229.812500        0.203758
FIRE:  226 21:04:23  -954229.812500        0.233933
FIRE:  227 21:04:23  -954229.875000        0.272724
FIRE:  228 21:04:23  -954229.812500        0.290290
FIRE:  229 21:04:23  -954229.812500        0.277772
FIRE:  230 21:04:23  -954229.875000        0.231248
FIRE:  231 21:04:23  -954229.875000        0.204259
FIRE:  232 21:04:23  -954229.875000        0.204495
FIRE:  233 21:04:23  -954229.812500        0.204768
FIRE:  234 21:04:23  -954229.875000        0.229985
FIRE:  235 21:04:23  -954229.875000        0.205278
FIRE:  236 21:04:23  -954229.875000        0.205511
FIRE:  237 21:04:23  -954229.875000        0.205802
FIRE:  238 21:04:24  -954229.312500        0.206098
FIRE:  239 21:04:24  -954229.437500        0.206499
FIRE:  240 21:04:24  -954229.375000        0.206911
FIRE:  241 21:04:24  -954229.375000        0.207181
FIRE:  242 21:04:24  -954229.562500        0.207393
FIRE:  243 21:04:24  -954229.500000        0.207796
FIRE:  244 21:04:24  -954229.562500        0.208137
FIRE:  245 21:04:24  -954230.375000        0.229300
FIRE:  246 21:04:24  -954229.562500        0.264303
FIRE:  247 21:04:24  -954230.562500        0.549086
FIRE:  248 21:04:24  -954230.625000        1.465737
FIRE:  249 21:04:24  -954230.687500        4.034399
FIRE:  250 21:04:24  -954230.750000        0.207121
FIRE:  251 21:04:24  -954230.687500        4.221183
FIRE:  252 21:04:25  -954230.625000        2.938414
FIRE:  253 21:04:25  -954230.750000        0.905674
FIRE:  254 21:04:25  -954230.750000        1.180575
FIRE:  255 21:04:25  -954230.750000        1.107498
FIRE:  256 21:04:25  -954230.750000        0.965400
FIRE:  257 21:04:25  -954230.750000        0.762413
FIRE:  258 21:04:25  -954230.750000        0.511760
FIRE:  259 21:04:25  -954230.750000        0.232981
FIRE:  260 21:04:25  -954230.750000        0.199684
FIRE:  261 21:04:25  -954230.750000        0.306246
FIRE:  262 21:04:25  -954230.750000        0.507901
FIRE:  263 21:04:25  -954230.750000        0.627760
FIRE:  264 21:04:25  -954230.750000        0.632768
FIRE:  265 21:04:25  -954230.750000        0.500898
FIRE:  266 21:04:26  -954230.750000        0.235328
FIRE:  267 21:04:26  -954230.750000        0.200213
FIRE:  268 21:04:26  -954230.750000        0.420947
FIRE:  269 21:04:26  -954230.750000        0.525063
FIRE:  270 21:04:26  -954230.750000        0.349343
FIRE:  271 21:04:26  -954230.750000        0.201176
FIRE:  272 21:04:26  -954230.812500        0.411564
FIRE:  273 21:04:26  -954230.812500        0.314167
FIRE:  274 21:04:26  -954230.812500        0.202059
FIRE:  275 21:04:26  -954230.812500        0.404494
FIRE:  276 21:04:26  -954230.875000        0.203145
FIRE:  277 21:04:26  -954230.875000        0.356444
FIRE:  278 21:04:26  -954230.937500        0.368780
FIRE:  279 21:04:26  -954230.937500        0.205270
FIRE:  280 21:04:26  -954231.000000        0.206173
FIRE:  281 21:04:27  -954231.062500        0.654732
FIRE:  282 21:04:27  -954231.125000        1.935795
FIRE:  283 21:04:27  -954231.125000        5.052236
FIRE:  284 21:04:27  -954231.312500        0.232133
FIRE:  285 21:04:27  -954231.312500        5.638781
FIRE:  286 21:04:27  -954231.312500        3.801563
FIRE:  287 21:04:27  -954231.312500        0.996463
FIRE:  288 21:04:27  -954231.375000        1.744880
FIRE:  289 21:04:27  -954231.312500        1.634907
FIRE:  290 21:04:27  -954231.375000        1.420666
FIRE:  291 21:04:27  -954231.312500        1.113411
FIRE:  292 21:04:27  -954231.312500        0.730751
FIRE:  293 21:04:27  -954231.375000        0.298794
FIRE:  294 21:04:27  -954231.375000        0.205599
FIRE:  295 21:04:28  -954231.312500        0.525168
FIRE:  296 21:04:28  -954231.312500        0.516163
FIRE:  297 21:04:28  -954231.312500        0.498489
FIRE:  298 21:04:28  -954231.312500        0.472545
FIRE:  299 21:04:28  -954231.375000        0.438623
FIRE:  300 21:04:28  -954231.375000        0.397670
FIRE:  301 21:04:28  -954231.375000        0.350463
FIRE:  302 21:04:28  -954231.375000        0.298315
FIRE:  303 21:04:28  -954231.312500        0.236399
FIRE:  304 21:04:28  -954231.375000        0.205766
FIRE:  305 21:04:28  -954231.375000        0.205778
FIRE:  306 21:04:28  -954231.312500        0.205799
FIRE:  307 21:04:28  -954231.375000        0.205824
FIRE:  308 21:04:28  -954231.375000        0.205866
FIRE:  309 21:04:29  -954231.437500        0.216314
FIRE:  310 21:04:29  -954231.375000        0.243890
FIRE:  311 21:04:29  -954231.437500        0.233041
FIRE:  312 21:04:29  -954231.375000        0.206211
FIRE:  313 21:04:29  -954231.375000        0.206362
FIRE:  314 21:04:29  -954231.437500        0.206548
FIRE:  315 21:04:29  -954231.375000        0.206761
FIRE:  316 21:04:29  -954231.437500        0.207004
FIRE:  317 21:04:29  -954231.375000        0.207270
FIRE:  318 21:04:29  -954231.187500        0.207559
FIRE:  319 21:04:29  -954231.187500        0.207897
FIRE:  320 21:04:29  -954231.250000        0.208326
FIRE:  321 21:04:29  -954231.312500        0.208821
FIRE:  322 21:04:29  -954231.312500        0.209350
FIRE:  323 21:04:29  -954231.312500        0.209850
FIRE:  324 21:04:30  -954231.312500        0.210318
FIRE:  325 21:04:30  -954231.312500        0.210769
FIRE:  326 21:04:30  -954231.375000        0.210985
FIRE:  327 21:04:30  -954231.437500        0.233806
FIRE:  328 21:04:30  -954231.687500        0.254994
FIRE:  329 21:04:30  -954231.687500        0.523792
FIRE:  330 21:04:30  -954231.812500        1.398906
FIRE:  331 21:04:30  -954231.687500        3.932737
FIRE:  332 21:04:30  -954231.750000        0.205185
FIRE:  333 21:04:30  -954231.625000        4.108298
FIRE:  334 21:04:30  -954231.687500        2.849255
FIRE:  335 21:04:30  -954231.687500        0.854531
FIRE:  336 21:04:30  -954231.750000        1.184713
FIRE:  337 21:04:30  -954231.750000        1.110435
FIRE:  338 21:04:31  -954231.750000        0.966056
FIRE:  339 21:04:31  -954231.750000        0.760100
FIRE:  340 21:04:31  -954231.750000        0.505889
FIRE:  341 21:04:31  -954231.750000        0.223642
FIRE:  342 21:04:31  -954231.750000        0.205308
FIRE:  343 21:04:31  -954231.750000        0.315416
FIRE:  344 21:04:31  -954231.687500        0.516230
FIRE:  345 21:04:31  -954231.750000        0.632364
FIRE:  346 21:04:31  -954231.750000        0.630907
FIRE:  347 21:04:31  -954231.687500        0.490002
FIRE:  348 21:04:31  -954231.750000        0.217481
FIRE:  349 21:04:31  -954231.687500        0.205438
FIRE:  350 21:04:31  -954231.750000        0.438452
FIRE:  351 21:04:31  -954231.687500        0.527445
FIRE:  352 21:04:31  -954231.687500        0.331476
FIRE:  353 21:04:32  -954231.687500        0.208019
FIRE:  354 21:04:32  -954231.750000        0.419384
FIRE:  355 21:04:32  -954231.812500        0.280859
FIRE:  356 21:04:32  -954231.750000        0.249801
FIRE:  357 21:04:32  -954231.750000        0.401266
FIRE:  358 21:04:32  -954230.937500        0.213939
FIRE:  359 21:04:32  -954231.812500        0.306062
FIRE:  360 21:04:32  -954231.812500        0.443628
FIRE:  361 21:04:32  -954231.937500        0.222112
FIRE:  362 21:04:32  -954232.000000        0.225373
FIRE:  363 21:04:32  -954232.250000        0.248229
FIRE:  364 21:04:32  -954232.312500        0.890944
FIRE:  365 21:04:32  -954232.375000        3.290500
FIRE:  366 21:04:32  -954232.187500        0.227450
FIRE:  367 21:04:33  -954232.375000        3.348034
FIRE:  368 21:04:33  -954232.375000        2.313737
FIRE:  369 21:04:33  -954232.375000        0.659313
FIRE:  370 21:04:33  -954232.437500        1.040271
FIRE:  371 21:04:33  -954232.437500        0.973176
FIRE:  372 21:04:33  -954232.437500        0.842837
FIRE:  373 21:04:33  -954232.375000        0.657837
FIRE:  374 21:04:33  -954232.437500        0.430983
FIRE:  375 21:04:33  -954232.437500        0.228108
FIRE:  376 21:04:33  -954232.375000        0.227924
FIRE:  377 21:04:33  -954232.375000        0.288927
FIRE:  378 21:04:33  -954232.250000        0.456963
FIRE:  379 21:04:33  -954232.250000        0.547266
FIRE:  380 21:04:33  -954232.250000        0.530642
FIRE:  381 21:04:33  -954232.250000        0.389961
FIRE:  382 21:04:34  -954232.250000        0.227096
FIRE:  383 21:04:34  -954232.250000        0.226953
FIRE:  384 21:04:34  -954232.250000        0.416976
FIRE:  385 21:04:34  -954232.250000        0.453834
FIRE:  386 21:04:34  -954232.250000        0.236792
FIRE:  387 21:04:34  -954232.500000        0.223942
FIRE:  388 21:04:34  -954232.312500        0.372861
FIRE:  389 21:04:34  -954232.500000        0.220929
FIRE:  390 21:04:34  -954232.312500        0.306504
FIRE:  391 21:04:34  -954232.312500        0.304228
FIRE:  392 21:04:34  -954232.375000        0.260207
FIRE:  393 21:04:34  -954232.437500        0.211745
FIRE:  394 21:04:34  -954232.375000        0.467181
FIRE:  395 21:04:34  -954232.500000        0.397220
FIRE:  396 21:04:35  -954232.500000        0.428670
FIRE:  397 21:04:35  -954232.500000        0.743680
FIRE:  398 21:04:35  -954232.562500        2.066713
FIRE:  399 21:04:35  -954232.750000        6.497420
FIRE:  400 21:04:35  -954232.875000        1.595023
FIRE:  401 21:04:35  -954232.937500        1.173621
FIRE:  402 21:04:35  -954232.875000        0.426763
FIRE:  403 21:04:35  -954232.875000        0.443291
FIRE:  404 21:04:35  -954232.937500        0.411272
FIRE:  405 21:04:35  -954232.937500        0.349760
FIRE:  406 21:04:35  -954232.875000        0.264117
FIRE:  407 21:04:35  -954232.875000        0.162291
FIRE:  408 21:04:35  -954232.875000        0.153317
FIRE:  409 21:04:35  -954232.937500        0.153726
FIRE:  410 21:04:36  -954232.937500        0.154096
FIRE:  411 21:04:36  -954232.937500        0.217190
FIRE:  412 21:04:36  -954232.875000        0.251890
FIRE:  413 21:04:36  -954232.937500        0.239763
FIRE:  414 21:04:36  -954232.937500        0.174015
FIRE:  415 21:04:36  -954232.937500        0.155062
FIRE:  416 21:04:36  -954232.937500        0.154960
FIRE:  417 21:04:36  -954232.875000        0.185828
FIRE:  418 21:04:36  -954232.937500        0.172665
FIRE:  419 21:04:36  -954232.937500        0.154519
FIRE:  420 21:04:36  -954232.750000        0.153885
FIRE:  421 21:04:36  -954232.687500        0.180233
FIRE:  422 21:04:36  -954232.812500        0.149936
FIRE:  423 21:04:36  -954232.812500        0.147307
FIRE:  424 21:04:36  -954232.812500        0.143588
FIRE:  425 21:04:37  -954232.812500        0.184446
FIRE:  426 21:04:37  -954232.875000        0.134663
FIRE:  427 21:04:37  -954232.875000        0.126992
FIRE:  428 21:04:37  -954232.937500        0.249861
FIRE:  429 21:04:37  -954232.937500        0.476399
FIRE:  430 21:04:37  -954233.000000        1.195407
FIRE:  431 21:04:37  -954232.937500        2.997599
FIRE:  432 21:04:37  -954233.062500        0.104996
FIRE:  433 21:04:37  -954233.062500        0.104942
FIRE:  434 21:04:37  -954233.062500        0.104840
FIRE:  435 21:04:37  -954233.062500        0.104688
FIRE:  436 21:04:37  -954233.062500        0.104487
FIRE:  437 21:04:37  -954233.062500        0.104245
FIRE:  438 21:04:37  -954233.062500        0.103962
FIRE:  439 21:04:38  -954233.000000        0.103634
FIRE:  440 21:04:38  -954233.062500        0.103314
FIRE:  441 21:04:38  -954233.000000        0.103111
FIRE:  442 21:04:38  -954233.062500        0.102869
FIRE:  443 21:04:38  -954233.062500        0.102588
FIRE:  444 21:04:38  -954233.062500        0.102255
FIRE:  445 21:04:38  -954233.062500        0.101871
FIRE:  446 21:04:38  -954233.062500        0.101444
FIRE:  447 21:04:38  -954233.125000        0.100998
FIRE:  448 21:04:38  -954233.062500        0.100534
FIRE:  449 21:04:38  -954233.125000        0.100010
FIRE:  450 21:04:38  -954233.187500        0.099333
