      Step     Time          Energy          fmax
FIRE:    0 22:20:47  -485403.312500       10.914874
FIRE:    1 22:20:47  -485406.687500        5.456504
FIRE:    2 22:20:49  -485408.125000        3.960002
FIRE:    3 22:20:51  -485408.875000        7.203655
FIRE:    4 22:20:51  -485410.156250        4.374772
FIRE:    5 22:20:51  -485411.125000        2.948656
FIRE:    6 22:20:51  -485411.593750        3.962577
FIRE:    7 22:20:51  -485412.500000        4.755554
FIRE:    8 22:20:51  -485413.218750        3.508813
FIRE:    9 22:20:51  -485414.093750        2.817322
FIRE:   10 22:20:51  -485414.781250        4.906469
FIRE:   11 22:20:51  -485415.062500        3.260344
FIRE:   12 22:20:51  -485415.718750        2.447262
FIRE:   13 22:20:51  -485416.312500        2.640786
FIRE:   14 22:20:51  -485416.625000        2.565610
FIRE:   15 22:20:51  -485417.187500        2.559561
FIRE:   16 22:20:52  -485417.812500        2.462149
FIRE:   17 22:20:52  -485418.343750        2.107542
FIRE:   18 22:20:52  -485418.968750        1.378567
FIRE:   19 22:20:52  -485419.562500        1.714916
FIRE:   20 22:20:52  -485420.593750        1.456697
FIRE:   21 22:20:52  -485420.687500        1.330862
FIRE:   22 22:20:52  -485421.687500        1.269949
FIRE:   23 22:20:54  -485421.656250        1.292068
FIRE:   24 22:20:54  -485422.500000        1.184446
FIRE:   25 22:20:54  -485422.343750        1.264247
FIRE:   26 22:20:54  -485422.687500        1.104634
FIRE:   27 22:20:54  -485423.062500        1.133626
FIRE:   28 22:20:54  -485423.437500        1.147085
FIRE:   29 22:20:54  -485423.812500        0.835493
FIRE:   30 22:20:54  -485424.125000        0.739777
FIRE:   31 22:20:54  -485424.906250        0.612165
FIRE:   32 22:20:54  -485425.156250        0.796115
FIRE:   33 22:20:54  -485424.968750        0.711818
FIRE:   34 22:20:54  -485425.250000        0.961272
FIRE:   35 22:20:54  -485426.000000        0.904163
FIRE:   36 22:20:54  -485425.875000        0.612748
FIRE:   37 22:20:55  -485426.531250        0.453899
FIRE:   38 22:20:55  -485426.750000        0.472821
FIRE:   39 22:20:55  -485426.593750        0.417222
FIRE:   40 22:20:55  -485426.812500        0.431463
FIRE:   41 22:20:55  -485427.406250        0.532788
FIRE:   42 22:20:55  -485427.593750        0.487645
FIRE:   43 22:20:55  -485427.406250        0.389573
FIRE:   44 22:20:55  -485427.593750        0.371783
FIRE:   45 22:20:55  -485428.187500        0.390113
FIRE:   46 22:20:55  -485428.343750        0.334855
FIRE:   47 22:20:55  -485428.125000        0.515277
FIRE:   48 22:20:55  -485428.437500        0.496496
FIRE:   49 22:20:55  -485428.593750        0.323683
FIRE:   50 22:20:56  -485428.750000        0.283141
FIRE:   51 22:20:56  -485428.750000        0.254630
FIRE:   52 22:20:56  -485428.875000        0.349453
FIRE:   53 22:20:56  -485429.000000        0.298838
FIRE:   54 22:20:56  -485429.250000        0.267198
FIRE:   55 22:20:56  -485429.250000        0.316906
FIRE:   56 22:20:56  -485429.781250        0.256925
FIRE:   57 22:20:56  -485429.468750        0.217893
FIRE:   58 22:20:56  -485429.562500        0.248212
FIRE:   59 22:20:56  -485429.656250        0.287552
FIRE:   60 22:20:56  -485429.843750        0.230903
FIRE:   61 22:20:56  -485429.937500        0.259855
FIRE:   62 22:20:56  -485430.062500        0.238896
FIRE:   63 22:20:57  -485430.125000        0.198922
FIRE:   64 22:20:57  -485430.281250        0.227904
FIRE:   65 22:20:57  -485430.625000        0.295994
FIRE:   66 22:20:57  -485430.718750        0.337242
FIRE:   67 22:20:57  -485430.812500        0.267329
FIRE:   68 22:20:57  -485430.906250        0.188517
FIRE:   69 22:20:57  -485430.906250        0.174525
FIRE:   70 22:20:57  -485431.093750        0.214168
FIRE:   71 22:20:57  -485431.187500        0.215992
FIRE:   72 22:20:57  -485431.187500        0.183603
FIRE:   73 22:20:57  -485431.281250        0.156503
FIRE:   74 22:20:57  -485431.375000        0.132444
FIRE:   75 22:20:57  -485431.562500        0.196456
FIRE:   76 22:20:58  -485431.531250        0.216116
FIRE:   77 22:20:58  -485431.718750        0.170015
FIRE:   78 22:20:58  -485431.718750        0.134373
FIRE:   79 22:20:58  -485431.781250        0.140776
FIRE:   80 22:20:58  -485431.750000        0.142278
FIRE:   81 22:20:58  -485431.593750        0.170278
FIRE:   82 22:20:58  -485431.687500        0.157564
FIRE:   83 22:20:58  -485432.093750        0.149901
FIRE:   84 22:20:58  -485432.156250        0.131336
FIRE:   85 22:20:58  -485432.218750        0.124637
FIRE:   86 22:20:58  -485432.281250        0.136414
FIRE:   87 22:20:58  -485432.343750        0.150779
FIRE:   88 22:20:58  -485432.406250        0.142712
FIRE:   89 22:20:59  -485432.468750        0.124818
FIRE:   90 22:20:59  -485432.531250        0.133239
FIRE:   91 22:20:59  -485432.593750        0.147272
FIRE:   92 22:20:59  -485432.625000        0.164844
FIRE:   93 22:20:59  -485432.687500        0.132312
FIRE:   94 22:20:59  -485432.750000        0.153316
FIRE:   95 22:20:59  -485432.781250        0.158177
FIRE:   96 22:20:59  -485432.843750        0.190826
FIRE:   97 22:20:59  -485432.875000        0.174568
FIRE:   98 22:20:59  -485432.906250        0.146201
FIRE:   99 22:20:59  -485432.843750        0.125732
FIRE:  100 22:20:59  -485433.000000        0.127685
FIRE:  101 22:20:59  -485433.031250        0.122916
FIRE:  102 22:21:00  -485433.062500        0.119675
FIRE:  103 22:21:00  -485433.125000        0.119278
FIRE:  104 22:21:00  -485433.000000        0.115738
FIRE:  105 22:21:00  -485433.000000        0.112782
FIRE:  106 22:21:00  -485433.031250        0.116619
FIRE:  107 22:21:00  -485433.062500        0.107874
FIRE:  108 22:21:00  -485433.031250        0.107925
FIRE:  109 22:21:00  -485433.187500        0.126858
FIRE:  110 22:21:00  -485433.156250        0.151213
FIRE:  111 22:21:00  -485433.218750        0.134489
FIRE:  112 22:21:00  -485433.250000        0.133167
FIRE:  113 22:21:00  -485433.468750        0.154952
FIRE:  114 22:21:00  -485433.500000        0.171174
FIRE:  115 22:21:00  -485433.531250        0.215625
FIRE:  116 22:21:01  -485433.562500        0.185553
FIRE:  117 22:21:01  -485433.593750        0.218979
FIRE:  118 22:21:01  -485433.625000        0.236309
FIRE:  119 22:21:01  -485433.750000        0.276795
FIRE:  120 22:21:01  -485433.781250        0.269267
FIRE:  121 22:21:01  -485433.812500        0.164120
FIRE:  122 22:21:01  -485433.843750        0.155510
FIRE:  123 22:21:01  -485433.875000        0.186169
FIRE:  124 22:21:01  -485433.875000        0.182699
FIRE:  125 22:21:01  -485433.906250        0.197479
FIRE:  126 22:21:01  -485433.937500        0.245854
FIRE:  127 22:21:01  -485433.968750        0.208149
FIRE:  128 22:21:01  -485433.968750        0.154903
FIRE:  129 22:21:02  -485433.750000        0.198402
FIRE:  130 22:21:02  -485434.000000        0.222534
FIRE:  131 22:21:02  -485433.437500        2.616415
FIRE:  132 22:21:02  -485432.906250        7.146590
FIRE:  133 22:21:02  -485433.468750        5.750436
FIRE:  134 22:21:02  -485433.687500        3.206698
FIRE:  135 22:21:02  -485433.937500        1.134259
FIRE:  136 22:21:02  -485433.843750        1.006335
FIRE:  137 22:21:02  -485433.843750        0.793557
FIRE:  138 22:21:02  -485433.843750        0.516600
FIRE:  139 22:21:02  -485433.968750        0.241755
FIRE:  140 22:21:02  -485433.843750        0.350778
FIRE:  141 22:21:02  -485433.968750        0.605938
FIRE:  142 22:21:02  -485433.843750        0.586165
FIRE:  143 22:21:03  -485433.843750        0.547535
FIRE:  144 22:21:03  -485433.968750        0.491508
FIRE:  145 22:21:03  -485433.750000        0.420500
FIRE:  146 22:21:03  -485433.656250        0.337691
FIRE:  147 22:21:03  -485433.968750        0.247570
FIRE:  148 22:21:03  -485433.843750        0.157169
FIRE:  149 22:21:03  -485433.843750        0.112110
FIRE:  150 22:21:03  -485433.843750        0.109550
FIRE:  151 22:21:03  -485433.656250        0.180592
FIRE:  152 22:21:03  -485433.656250        0.246510
FIRE:  153 22:21:03  -485433.968750        0.278567
FIRE:  154 22:21:03  -485433.656250        0.265524
FIRE:  155 22:21:03  -485433.687500        0.202164
FIRE:  156 22:21:03  -485433.875000        0.118533
FIRE:  157 22:21:03  -485434.000000        0.090934
FIRE:  158 22:21:03  -485433.687500        0.182048
FIRE:  159 22:21:03  -485433.875000        0.215714
FIRE:  160 22:21:04  -485433.875000        0.146391
FIRE:  161 22:21:04  -485434.000000        0.096116
FIRE:  162 22:21:04  -485433.875000        0.184359
FIRE:  163 22:21:04  -485433.687500        0.130330
FIRE:  164 22:21:04  -485434.031250        0.114770
FIRE:  165 22:21:04  -485433.906250        0.169245
FIRE:  166 22:21:04  -485434.031250        0.063477
FIRE:  167 22:21:04  -485433.718750        0.182780
FIRE:  168 22:21:04  -485434.062500        0.116451
FIRE:  169 22:21:04  -485433.906250        0.066179
FIRE:  170 22:21:04  -485433.968750        0.192733
FIRE:  171 22:21:04  -485433.781250        0.391052
FIRE:  172 22:21:04  -485434.000000        0.805055
FIRE:  173 22:21:04  -485433.906250        1.763153
FIRE:  174 22:21:04  -485434.000000        0.065172
FIRE:  175 22:21:04  -485434.125000        1.588865
FIRE:  176 22:21:04  -485434.000000        1.198931
FIRE:  177 22:21:04  -485434.000000        0.520948
FIRE:  178 22:21:04  -485433.968750        0.276837
FIRE:  179 22:21:04  -485434.000000        0.260090
FIRE:  180 22:21:05  -485433.812500        0.227570
FIRE:  181 22:21:05  -485433.968750        0.181447
FIRE:  182 22:21:05  -485433.968750        0.124812
FIRE:  183 22:21:05  -485434.125000        0.062081
FIRE:  184 22:21:05  -485434.125000        0.038725
