      Step     Time          Energy          fmax
FIRE:    0 21:39:57  -784372.375000        5.517300
FIRE:    1 21:39:57  -784374.750000        3.661239
FIRE:    2 21:39:59  -784375.250000        4.579973
FIRE:    3 21:39:59  -784378.062500        3.993570
FIRE:    4 21:39:59  -784379.000000        3.285599
FIRE:    5 21:39:59  -784380.312500        2.407583
FIRE:    6 21:39:59  -784381.312500        1.611971
FIRE:    7 21:40:00  -784381.812500        2.451003
FIRE:    8 21:40:00  -784382.437500        1.706846
FIRE:    9 21:40:02  -784383.125000        1.802832
FIRE:   10 21:40:02  -784383.750000        1.850330
FIRE:   11 21:40:02  -784384.562500        1.803178
FIRE:   12 21:40:02  -784384.187500        1.785798
FIRE:   13 21:40:02  -784384.812500        1.837612
FIRE:   14 21:40:02  -784385.312500        1.897934
FIRE:   15 21:40:02  -784385.937500        1.901946
FIRE:   16 21:40:02  -784386.750000        1.225028
FIRE:   17 21:40:02  -784387.937500        1.103143
FIRE:   18 21:40:02  -784388.312500        0.964199
FIRE:   19 21:40:02  -784388.625000        2.226000
FIRE:   20 21:40:03  -784388.750000        2.566475
FIRE:   21 21:40:03  -784388.812500        0.919364
FIRE:   22 21:40:03  -784388.812500        0.892411
FIRE:   23 21:40:03  -784388.875000        0.837377
FIRE:   24 21:40:03  -784388.875000        0.798928
FIRE:   25 21:40:03  -784389.062500        0.781993
FIRE:   26 21:40:03  -784389.062500        0.773231
FIRE:   27 21:40:03  -784389.125000        0.763565
FIRE:   28 21:40:03  -784389.187500        0.753099
FIRE:   29 21:40:03  -784389.250000        0.740978
FIRE:   30 21:40:03  -784388.750000        0.727598
FIRE:   31 21:40:03  -784388.812500        0.712115
FIRE:   32 21:40:03  -784388.937500        0.694586
FIRE:   33 21:40:03  -784389.062500        0.674639
FIRE:   34 21:40:04  -784389.562500        0.652174
FIRE:   35 21:40:04  -784389.687500        0.629542
FIRE:   36 21:40:04  -784389.875000        0.597594
FIRE:   37 21:40:04  -784390.062500        0.570938
FIRE:   38 21:40:04  -784390.312500        0.545421
FIRE:   39 21:40:04  -784390.625000        0.521455
FIRE:   40 21:40:04  -784390.500000        0.598865
FIRE:   41 21:40:04  -784390.312500        0.799721
FIRE:   42 21:40:04  -784390.562500        0.800036
FIRE:   43 21:40:04  -784391.687500        0.999315
FIRE:   44 21:40:04  -784392.125000        1.392221
FIRE:   45 21:40:04  -784392.312500        1.447076
FIRE:   46 21:40:04  -784392.562500        1.753811
FIRE:   47 21:40:04  -784392.812500        1.919718
FIRE:   48 21:40:04  -784393.000000        2.422228
FIRE:   49 21:40:05  -784393.125000        2.899825
FIRE:   50 21:40:05  -784392.750000       10.134850
FIRE:   51 21:40:05  -784393.250000        1.664561
FIRE:   52 21:40:05  -784393.250000        1.311631
FIRE:   53 21:40:05  -784393.250000        0.722371
FIRE:   54 21:40:05  -784393.250000        0.313353
FIRE:   55 21:40:05  -784393.250000        0.997938
FIRE:   56 21:40:05  -784393.250000        0.940429
FIRE:   57 21:40:05  -784393.250000        0.829799
FIRE:   58 21:40:05  -784393.250000        0.674370
FIRE:   59 21:40:05  -784393.250000        0.486559
FIRE:   60 21:40:05  -784393.250000        0.308343
FIRE:   61 21:40:05  -784393.250000        0.307364
FIRE:   62 21:40:05  -784393.250000        0.306212
FIRE:   63 21:40:06  -784393.250000        0.360504
FIRE:   64 21:40:06  -784393.250000        0.446291
FIRE:   65 21:40:06  -784393.250000        0.469800
FIRE:   66 21:40:06  -784393.250000        0.414389
FIRE:   67 21:40:06  -784393.312500        0.295563
FIRE:   68 21:40:06  -784393.312500        0.292219
FIRE:   69 21:40:06  -784393.312500        0.288277
FIRE:   70 21:40:06  -784393.312500        0.498440
FIRE:   71 21:40:06  -784393.312500        0.550659
FIRE:   72 21:40:06  -784393.312500        0.523361
FIRE:   73 21:40:06  -784393.375000        0.261769
FIRE:   74 21:40:06  -784393.375000        0.306800
FIRE:   75 21:40:06  -784393.437500        0.239495
FIRE:   76 21:40:06  -784393.437500        0.349904
FIRE:   77 21:40:07  -784393.437500        0.237120
FIRE:   78 21:40:07  -784393.562500        0.329101
FIRE:   79 21:40:07  -784393.562500        0.230467
FIRE:   80 21:40:07  -784393.625000        0.294324
FIRE:   81 21:40:07  -784393.562500        0.476261
FIRE:   82 21:40:07  -784393.687500        0.860384
FIRE:   83 21:40:07  -784393.687500        1.422407
FIRE:   84 21:40:07  -784393.750000        3.492797
FIRE:   85 21:40:07  -784393.812500        0.529378
FIRE:   86 21:40:07  -784393.875000        2.599852
FIRE:   87 21:40:07  -784393.812500        2.057319
FIRE:   88 21:40:07  -784393.875000        1.027591
FIRE:   89 21:40:07  -784393.875000        0.355927
FIRE:   90 21:40:07  -784393.875000        0.337856
FIRE:   91 21:40:07  -784393.875000        0.305881
FIRE:   92 21:40:08  -784393.875000        0.304682
FIRE:   93 21:40:08  -784393.875000        0.303090
FIRE:   94 21:40:08  -784393.937500        0.301111
FIRE:   95 21:40:08  -784393.875000        0.298754
FIRE:   96 21:40:08  -784393.875000        0.296040
FIRE:   97 21:40:08  -784393.875000        0.292632
FIRE:   98 21:40:08  -784393.875000        0.288435
FIRE:   99 21:40:08  -784393.875000        0.283282
FIRE:  100 21:40:08  -784393.875000        0.456917
FIRE:  101 21:40:08  -784393.875000        0.353457
FIRE:  102 21:40:08  -784393.875000        0.482055
FIRE:  103 21:40:08  -784393.875000        0.461725
FIRE:  104 21:40:08  -784393.875000        0.235359
FIRE:  105 21:40:08  -784393.937500        0.218453
FIRE:  106 21:40:09  -784393.937500        0.198322
FIRE:  107 21:40:09  -784393.937500        0.195843
FIRE:  108 21:40:09  -784393.937500        0.194187
FIRE:  109 21:40:09  -784394.000000        0.267642
FIRE:  110 21:40:09  -784394.062500        0.499333
FIRE:  111 21:40:09  -784394.000000        0.310840
FIRE:  112 21:40:09  -784394.062500        0.182527
FIRE:  113 21:40:09  -784393.250000        0.425286
FIRE:  114 21:40:09  -784393.187500        0.234929
FIRE:  115 21:40:09  -784393.312500        0.172004
FIRE:  116 21:40:09  -784393.375000        0.629939
FIRE:  117 21:40:09  -784393.437500        1.200043
FIRE:  118 21:40:09  -784394.000000        3.145569
FIRE:  119 21:40:09  -784394.062500        0.523092
FIRE:  120 21:40:10  -784394.125000        3.123622
FIRE:  121 21:40:10  -784394.000000        2.226136
FIRE:  122 21:40:10  -784394.062500        0.795949
FIRE:  123 21:40:10  -784394.062500        0.683295
FIRE:  124 21:40:10  -784394.062500        0.644585
FIRE:  125 21:40:10  -784394.187500        0.568987
FIRE:  126 21:40:10  -784394.062500        0.460963
FIRE:  127 21:40:10  -784394.125000        0.327289
FIRE:  128 21:40:10  -784394.062500        0.211114
FIRE:  129 21:40:10  -784394.062500        0.210113
FIRE:  130 21:40:10  -784394.187500        0.208954
FIRE:  131 21:40:10  -784394.062500        0.251591
FIRE:  132 21:40:10  -784394.187500        0.339639
FIRE:  133 21:40:10  -784394.187500        0.406522
FIRE:  134 21:40:11  -784394.125000        0.307643
FIRE:  135 21:40:11  -784394.062500        0.328832
FIRE:  136 21:40:11  -784394.187500        0.380100
FIRE:  137 21:40:11  -784394.062500        0.386473
FIRE:  138 21:40:11  -784394.062500        0.189373
FIRE:  139 21:40:11  -784394.250000        0.203801
FIRE:  140 21:40:11  -784394.250000        0.204654
FIRE:  141 21:40:11  -784394.187500        0.204371
FIRE:  142 21:40:11  -784394.250000        0.430907
FIRE:  143 21:40:11  -784394.187500        0.474658
FIRE:  144 21:40:11  -784394.125000        0.406139
FIRE:  145 21:40:11  -784394.250000        0.308618
FIRE:  146 21:40:11  -784394.187500        0.229534
FIRE:  147 21:40:11  -784394.250000        0.484349
FIRE:  148 21:40:11  -784394.250000        0.237236
FIRE:  149 21:40:12  -784394.375000        0.231617
FIRE:  150 21:40:12  -784394.375000        0.764517
FIRE:  151 21:40:12  -784394.500000        1.480542
FIRE:  152 21:40:12  -784394.500000        3.620807
FIRE:  153 21:40:12  -784394.625000        0.588319
FIRE:  154 21:40:12  -784394.750000        4.136167
FIRE:  155 21:40:12  -784395.000000        2.836822
FIRE:  156 21:40:12  -784394.562500        0.850285
FIRE:  157 21:40:12  -784394.500000        1.158993
FIRE:  158 21:40:12  -784394.625000        1.096674
FIRE:  159 21:40:12  -784394.500000        0.976601
FIRE:  160 21:40:12  -784394.625000        0.808676
FIRE:  161 21:40:12  -784394.687500        0.599863
FIRE:  162 21:40:12  -784394.875000        0.323182
FIRE:  163 21:40:12  -784394.875000        0.177245
FIRE:  164 21:40:13  -784394.625000        0.482440
FIRE:  165 21:40:13  -784394.500000        0.494836
FIRE:  166 21:40:13  -784395.062500        0.514867
FIRE:  167 21:40:13  -784394.875000        0.520899
FIRE:  168 21:40:13  -784394.875000        0.462020
FIRE:  169 21:40:13  -784394.875000        0.318638
FIRE:  170 21:40:13  -784395.062500        0.223202
FIRE:  171 21:40:13  -784395.062500        0.188217
FIRE:  172 21:40:13  -784394.500000        0.149443
FIRE:  173 21:40:13  -784395.062500        0.161091
FIRE:  174 21:40:13  -784394.937500        0.190969
FIRE:  175 21:40:13  -784394.812500        0.223232
FIRE:  176 21:40:13  -784394.875000        0.249301
FIRE:  177 21:40:13  -784394.875000        0.261807
FIRE:  178 21:40:13  -784395.062500        0.253743
FIRE:  179 21:40:14  -784394.937500        0.217167
FIRE:  180 21:40:14  -784394.875000        0.128099
FIRE:  181 21:40:14  -784394.875000        0.354405
FIRE:  182 21:40:14  -784394.500000        0.380083
FIRE:  183 21:40:14  -784394.875000        0.128085
FIRE:  184 21:40:14  -784394.937500        0.169715
FIRE:  185 21:40:14  -784394.500000        0.189845
FIRE:  186 21:40:14  -784394.937500        0.167490
FIRE:  187 21:40:14  -784395.062500        0.128061
FIRE:  188 21:40:14  -784395.062500        0.355130
FIRE:  189 21:40:14  -784394.500000        0.246934
FIRE:  190 21:40:14  -784395.000000        0.250854
FIRE:  191 21:40:14  -784394.562500        0.350628
FIRE:  192 21:40:14  -784395.125000        0.225241
FIRE:  193 21:40:14  -784395.125000        0.188093
FIRE:  194 21:40:15  -784395.000000        0.252273
FIRE:  195 21:40:15  -784394.500000        0.283488
FIRE:  196 21:40:15  -784395.000000        0.343098
FIRE:  197 21:40:15  -784394.687500        0.506286
FIRE:  198 21:40:15  -784394.750000        0.695794
FIRE:  199 21:40:15  -784395.375000        0.932533
FIRE:  200 21:40:15  -784395.187500        2.028145
FIRE:  201 21:40:15  -784395.187500        0.437758
FIRE:  202 21:40:15  -784394.812500        2.249900
FIRE:  203 21:40:15  -784395.125000        1.640012
FIRE:  204 21:40:15  -784394.937500        0.643074
FIRE:  205 21:40:15  -784394.875000        0.601441
FIRE:  206 21:40:15  -784394.875000        0.576459
FIRE:  207 21:40:15  -784394.937500        0.528207
FIRE:  208 21:40:15  -784395.000000        0.460350
FIRE:  209 21:40:15  -784394.875000        0.379730
FIRE:  210 21:40:16  -784395.062500        0.299015
FIRE:  211 21:40:16  -784394.937500        0.240083
FIRE:  212 21:40:16  -784394.875000        0.225292
FIRE:  213 21:40:16  -784394.875000        0.267096
FIRE:  214 21:40:16  -784395.000000        0.312048
FIRE:  215 21:40:16  -784394.875000        0.307159
FIRE:  216 21:40:16  -784394.875000        0.478783
FIRE:  217 21:40:16  -784394.875000        0.284502
FIRE:  218 21:40:16  -784394.937500        0.284620
FIRE:  219 21:40:16  -784395.000000        0.434039
FIRE:  220 21:40:16  -784394.937500        0.416841
FIRE:  221 21:40:16  -784394.875000        0.406294
FIRE:  222 21:40:16  -784395.000000        0.232690
FIRE:  223 21:40:16  -784394.937500        0.370703
FIRE:  224 21:40:16  -784394.937500        0.478432
FIRE:  225 21:40:16  -784394.750000        0.316571
FIRE:  226 21:40:16  -784395.000000        0.441836
FIRE:  227 21:40:17  -784394.937500        0.305959
FIRE:  228 21:40:17  -784394.937500        0.238522
FIRE:  229 21:40:17  -784395.000000        0.418285
FIRE:  230 21:40:17  -784395.125000        0.219489
FIRE:  231 21:40:17  -784395.062500        0.325986
FIRE:  232 21:40:17  -784395.062500        0.731117
FIRE:  233 21:40:17  -784395.312500        1.618476
FIRE:  234 21:40:17  -784395.250000        3.183955
FIRE:  235 21:40:17  -784395.312500        0.386468
FIRE:  236 21:40:17  -784395.125000        3.593664
FIRE:  237 21:40:17  -784395.250000        2.471025
FIRE:  238 21:40:17  -784395.250000        0.729732
FIRE:  239 21:40:17  -784395.312500        1.006361
FIRE:  240 21:40:17  -784395.312500        0.952641
FIRE:  241 21:40:17  -784395.375000        0.844102
FIRE:  242 21:40:17  -784395.375000        0.678329
FIRE:  243 21:40:17  -784395.187500        0.459910
FIRE:  244 21:40:18  -784395.312500        0.200527
FIRE:  245 21:40:18  -784395.312500        0.410103
FIRE:  246 21:40:18  -784395.250000        0.428274
FIRE:  247 21:40:18  -784395.375000        0.549544
FIRE:  248 21:40:18  -784395.375000        0.561364
FIRE:  249 21:40:18  -784395.250000        0.561212
FIRE:  250 21:40:18  -784395.312500        0.452562
FIRE:  251 21:40:18  -784395.187500        0.243158
FIRE:  252 21:40:18  -784395.375000        0.250544
FIRE:  253 21:40:18  -784395.250000        0.384880
FIRE:  254 21:40:18  -784395.250000        0.427336
FIRE:  255 21:40:18  -784395.312500        0.231443
FIRE:  256 21:40:18  -784395.250000        0.324982
FIRE:  257 21:40:18  -784395.250000        0.367711
FIRE:  258 21:40:18  -784395.312500        0.177854
FIRE:  259 21:40:18  -784395.312500        0.301292
FIRE:  260 21:40:18  -784395.312500        0.316753
FIRE:  261 21:40:19  -784395.375000        0.192649
FIRE:  262 21:40:19  -784395.437500        0.344319
FIRE:  263 21:40:19  -784395.687500        0.394290
FIRE:  264 21:40:19  -784395.937500        0.282495
FIRE:  265 21:40:19  -784395.562500        0.163295
FIRE:  266 21:40:19  -784395.375000        0.439035
FIRE:  267 21:40:19  -784395.562500        0.208321
FIRE:  268 21:40:19  -784395.562500        1.769519
FIRE:  269 21:40:19  -784396.125000        0.246040
FIRE:  270 21:40:19  -784396.125000        0.244002
FIRE:  271 21:40:19  -784396.125000        0.240009
FIRE:  272 21:40:19  -784396.125000        0.234202
FIRE:  273 21:40:19  -784396.125000        0.226848
FIRE:  274 21:40:19  -784396.125000        0.218259
FIRE:  275 21:40:19  -784396.125000        0.208828
FIRE:  276 21:40:19  -784396.125000        0.209559
FIRE:  277 21:40:19  -784396.187500        0.876820
FIRE:  278 21:40:20  -784396.187500        0.343193
FIRE:  279 21:40:20  -784396.187500        0.210675
FIRE:  280 21:40:20  -784396.187500        0.210762
FIRE:  281 21:40:20  -784396.187500        0.210889
FIRE:  282 21:40:20  -784396.125000        0.211054
FIRE:  283 21:40:20  -784396.125000        0.211256
FIRE:  284 21:40:20  -784396.125000        0.211497
FIRE:  285 21:40:20  -784396.187500        0.211810
FIRE:  286 21:40:20  -784396.187500        0.158863
FIRE:  287 21:40:20  -784396.187500        0.797765
FIRE:  288 21:40:20  -784396.187500        0.194756
FIRE:  289 21:40:20  -784396.187500        0.214017
FIRE:  290 21:40:20  -784396.187500        0.219291
FIRE:  291 21:40:20  -784396.187500        0.222866
FIRE:  292 21:40:20  -784396.187500        0.807354
FIRE:  293 21:40:21  -784396.187500        0.239822
FIRE:  294 21:40:21  -784396.187500        0.250957
FIRE:  295 21:40:21  -784396.187500        0.263592
FIRE:  296 21:40:21  -784396.187500        1.448706
FIRE:  297 21:40:21  -784396.250000        0.310691
FIRE:  298 21:40:21  -784396.250000        0.348381
FIRE:  299 21:40:21  -784396.250000        0.358795
FIRE:  300 21:40:21  -784396.250000        0.340025
FIRE:  301 21:40:21  -784396.312500        0.300079
FIRE:  302 21:40:21  -784396.250000        2.076372
FIRE:  303 21:40:21  -784396.312500        3.977592
FIRE:  304 21:40:21  -784396.312500        0.401964
FIRE:  305 21:40:21  -784396.312500        0.400128
FIRE:  306 21:40:21  -784396.312500        0.396496
FIRE:  307 21:40:22  -784396.312500        0.391134
FIRE:  308 21:40:22  -784396.312500        0.384161
FIRE:  309 21:40:22  -784396.312500        0.375710
FIRE:  310 21:40:22  -784396.312500        0.365961
FIRE:  311 21:40:22  -784396.312500        0.355110
FIRE:  312 21:40:22  -784396.375000        0.342102
FIRE:  313 21:40:22  -784396.375000        0.326827
FIRE:  314 21:40:22  -784396.375000        0.309289
FIRE:  315 21:40:22  -784396.312500        4.106838
FIRE:  316 21:40:22  -784396.375000        3.583854
FIRE:  317 21:40:22  -784396.375000        0.317578
FIRE:  318 21:40:22  -784396.375000        0.317460
FIRE:  319 21:40:22  -784396.375000        0.317220
FIRE:  320 21:40:22  -784396.375000        0.316864
FIRE:  321 21:40:23  -784396.375000        0.316395
FIRE:  322 21:40:23  -784396.375000        0.315802
FIRE:  323 21:40:23  -784396.375000        0.315090
FIRE:  324 21:40:23  -784396.375000        0.314267
FIRE:  325 21:40:23  -784396.375000        0.313221
FIRE:  326 21:40:23  -784396.375000        0.311908
FIRE:  327 21:40:23  -784396.375000        0.702885
FIRE:  328 21:40:23  -784396.375000        0.625766
FIRE:  329 21:40:23  -784396.375000        0.478802
FIRE:  330 21:40:23  -784396.375000        0.282973
FIRE:  331 21:40:23  -784396.375000        0.154731
FIRE:  332 21:40:23  -784396.375000        0.245602
FIRE:  333 21:40:23  -784396.375000        0.312843
FIRE:  334 21:40:23  -784396.375000        0.313157
FIRE:  335 21:40:24  -784396.375000        0.313359
FIRE:  336 21:40:24  -784396.375000        0.313443
FIRE:  337 21:40:24  -784396.375000        0.285463
FIRE:  338 21:40:24  -784396.375000        0.154183
FIRE:  339 21:40:24  -784396.375000        0.294181
FIRE:  340 21:40:24  -784396.375000        0.377676
FIRE:  341 21:40:24  -784396.375000        0.235564
FIRE:  342 21:40:24  -784396.375000        0.186045
FIRE:  343 21:40:24  -784396.375000        0.316816
FIRE:  344 21:40:24  -784396.375000        0.163545
FIRE:  345 21:40:24  -784396.375000        0.315846
FIRE:  346 21:40:24  -784396.375000        0.191235
FIRE:  347 21:40:24  -784396.375000        0.322294
FIRE:  348 21:40:24  -784396.375000        0.150483
FIRE:  349 21:40:25  -784396.375000        0.441674
FIRE:  350 21:40:25  -784396.375000        0.330113
FIRE:  351 21:40:25  -784396.375000        0.332441
FIRE:  352 21:40:25  -784396.375000        1.522257
FIRE:  353 21:40:25  -784396.375000        0.348533
FIRE:  354 21:40:25  -784396.375000        0.360101
FIRE:  355 21:40:25  -784396.375000        0.363786
FIRE:  356 21:40:25  -784396.375000        0.357521
FIRE:  357 21:40:25  -784396.375000        1.956639
FIRE:  358 21:40:25  -784396.437500        0.351001
FIRE:  359 21:40:25  -784396.437500        0.350547
FIRE:  360 21:40:25  -784396.437500        0.349642
FIRE:  361 21:40:25  -784396.437500        0.348296
FIRE:  362 21:40:25  -784396.437500        0.346520
FIRE:  363 21:40:26  -784396.437500        0.212676
FIRE:  364 21:40:26  -784396.437500        0.905764
FIRE:  365 21:40:26  -784396.437500        0.769760
FIRE:  366 21:40:26  -784396.437500        0.520690
FIRE:  367 21:40:26  -784396.437500        0.199788
FIRE:  368 21:40:26  -784396.437500        0.257683
FIRE:  369 21:40:26  -784396.437500        0.344821
FIRE:  370 21:40:26  -784396.437500        0.345134
FIRE:  371 21:40:26  -784396.437500        0.345254
FIRE:  372 21:40:26  -784396.437500        0.345179
FIRE:  373 21:40:26  -784396.437500        0.344854
FIRE:  374 21:40:26  -784396.437500        0.302891
FIRE:  375 21:40:26  -784396.437500        0.210494
FIRE:  376 21:40:26  -784396.437500        0.486440
FIRE:  377 21:40:27  -784396.437500        0.448303
FIRE:  378 21:40:27  -784396.437500        0.146312
FIRE:  379 21:40:27  -784396.437500        0.344248
FIRE:  380 21:40:27  -784396.437500        0.344106
FIRE:  381 21:40:27  -784396.437500        0.187932
FIRE:  382 21:40:27  -784396.437500        0.404240
FIRE:  383 21:40:27  -784396.437500        0.344911
FIRE:  384 21:40:27  -784396.437500        0.146402
FIRE:  385 21:40:27  -784396.437500        0.368888
FIRE:  386 21:40:27  -784396.437500        0.343625
FIRE:  387 21:40:27  -784396.437500        0.273824
FIRE:  388 21:40:27  -784396.437500        1.739284
FIRE:  389 21:40:27  -784396.437500        0.354580
FIRE:  390 21:40:27  -784396.437500        0.365208
FIRE:  391 21:40:27  -784396.437500        0.367656
FIRE:  392 21:40:28  -784396.437500        0.360175
FIRE:  393 21:40:28  -784396.437500        0.341718
FIRE:  394 21:40:28  -784396.437500        4.481864
FIRE:  395 21:40:28  -784396.437500        0.344006
FIRE:  396 21:40:28  -784396.437500        0.343519
FIRE:  397 21:40:28  -784396.437500        0.342540
FIRE:  398 21:40:28  -784396.437500        0.341087
FIRE:  399 21:40:28  -784396.437500        0.339158
FIRE:  400 21:40:28  -784396.437500        0.336769
FIRE:  401 21:40:28  -784396.437500        0.139864
FIRE:  402 21:40:28  -784396.437500        1.365515
FIRE:  403 21:40:28  -784396.437500        1.092540
FIRE:  404 21:40:28  -784396.437500        0.591945
FIRE:  405 21:40:28  -784396.437500        0.139695
FIRE:  406 21:40:28  -784396.437500        0.335684
FIRE:  407 21:40:28  -784396.437500        0.335658
FIRE:  408 21:40:28  -784396.437500        0.335600
FIRE:  409 21:40:28  -784396.437500        0.335512
FIRE:  410 21:40:29  -784396.437500        0.335400
FIRE:  411 21:40:29  -784396.437500        0.335258
FIRE:  412 21:40:29  -784396.437500        0.335087
FIRE:  413 21:40:29  -784396.437500        0.225453
FIRE:  414 21:40:29  -784396.437500        0.139656
FIRE:  415 21:40:29  -784396.437500        0.141069
FIRE:  416 21:40:29  -784396.437500        0.255222
FIRE:  417 21:40:29  -784396.437500        0.330959
FIRE:  418 21:40:29  -784396.375000        0.344427
FIRE:  419 21:40:29  -784396.375000        0.281016
FIRE:  420 21:40:29  -784396.375000        0.145167
FIRE:  421 21:40:29  -784396.437500        0.140703
FIRE:  422 21:40:29  -784396.437500        0.272142
FIRE:  423 21:40:29  -784396.437500        0.272298
FIRE:  424 21:40:29  -784396.437500        0.139317
FIRE:  425 21:40:29  -784396.437500        0.208406
FIRE:  426 21:40:30  -784396.437500        0.256658
FIRE:  427 21:40:30  -784396.500000        0.139040
FIRE:  428 21:40:30  -784396.500000        0.261300
FIRE:  429 21:40:30  -784396.500000        0.138726
FIRE:  430 21:40:30  -784396.500000        0.270927
FIRE:  431 21:40:30  -784396.500000        0.198865
FIRE:  432 21:40:30  -784396.500000        0.138024
FIRE:  433 21:40:30  -784396.500000        0.233615
FIRE:  434 21:40:30  -784396.500000        0.342593
FIRE:  435 21:40:30  -784396.500000        0.467105
FIRE:  436 21:40:30  -784396.500000        0.346139
FIRE:  437 21:40:30  -784396.500000        0.345727
FIRE:  438 21:40:30  -784396.500000        2.698005
FIRE:  439 21:40:30  -784396.500000        0.348182
FIRE:  440 21:40:31  -784396.500000        0.347926
FIRE:  441 21:40:31  -784396.500000        0.347430
FIRE:  442 21:40:31  -784396.500000        0.346681
FIRE:  443 21:40:31  -784396.500000        0.345688
FIRE:  444 21:40:31  -784396.500000        0.285779
FIRE:  445 21:40:31  -784396.500000        0.671362
FIRE:  446 21:40:31  -784396.500000        0.688228
FIRE:  447 21:40:31  -784396.500000        0.306900
FIRE:  448 21:40:31  -784396.500000        0.345378
FIRE:  449 21:40:31  -784396.500000        0.345857
FIRE:  450 21:40:31  -784396.500000        0.345547
FIRE:  451 21:40:31  -784396.500000        0.135185
FIRE:  452 21:40:31  -784396.500000        0.626268
FIRE:  453 21:40:31  -784396.500000        0.135051
FIRE:  454 21:40:32  -784396.500000        0.344581
FIRE:  455 21:40:32  -784396.500000        0.149403
FIRE:  456 21:40:32  -784396.500000        0.334652
FIRE:  457 21:40:32  -784396.500000        0.344372
FIRE:  458 21:40:32  -784396.500000        0.342758
FIRE:  459 21:40:32  -784396.500000        2.255814
FIRE:  460 21:40:32  -784396.500000        0.342295
FIRE:  461 21:40:32  -784396.500000        0.342123
FIRE:  462 21:40:32  -784396.500000        0.315063
FIRE:  463 21:40:32  -784396.500000        0.137632
FIRE:  464 21:40:32  -784396.500000        0.303965
FIRE:  465 21:40:32  -784396.500000        0.403300
FIRE:  466 21:40:32  -784396.500000        0.346341
FIRE:  467 21:40:32  -784396.500000        0.166561
FIRE:  468 21:40:33  -784396.500000        0.208942
FIRE:  469 21:40:33  -784396.500000        0.341904
FIRE:  470 21:40:33  -784396.500000        0.232022
FIRE:  471 21:40:33  -784396.500000        0.195310
FIRE:  472 21:40:33  -784396.500000        0.308318
FIRE:  473 21:40:33  -784396.500000        0.140314
FIRE:  474 21:40:33  -784396.500000        0.306602
FIRE:  475 21:40:33  -784396.500000        0.182250
FIRE:  476 21:40:33  -784396.500000        0.188624
FIRE:  477 21:40:33  -784396.500000        0.341594
FIRE:  478 21:40:33  -784396.500000        0.450068
FIRE:  479 21:40:33  -784396.500000        0.342080
FIRE:  480 21:40:33  -784396.500000        0.246999
FIRE:  481 21:40:33  -784396.500000        1.825563
FIRE:  482 21:40:34  -784396.500000        0.353924
FIRE:  483 21:40:34  -784396.500000        0.364767
FIRE:  484 21:40:34  -784396.562500        0.367158
FIRE:  485 21:40:34  -784396.562500        0.359246
FIRE:  486 21:40:34  -784396.562500        0.339837
FIRE:  487 21:40:34  -784396.562500        4.903665
FIRE:  488 21:40:34  -784396.562500        0.342415
FIRE:  489 21:40:34  -784396.562500        0.341910
FIRE:  490 21:40:34  -784396.562500        0.340906
FIRE:  491 21:40:34  -784396.562500        0.339410
FIRE:  492 21:40:34  -784396.562500        0.337424
FIRE:  493 21:40:34  -784396.562500        0.334969
FIRE:  494 21:40:34  -784396.562500        0.332049
FIRE:  495 21:40:34  -784396.562500        0.328701
FIRE:  496 21:40:35  -784396.562500        0.324512
FIRE:  497 21:40:35  -784396.562500        0.538115
FIRE:  498 21:40:35  -784396.562500        0.346287
FIRE:  499 21:40:35  -784396.562500        0.129549
FIRE:  500 21:40:35  -784396.562500        0.320679
FIRE:  501 21:40:35  -784396.562500        0.320930
FIRE:  502 21:40:35  -784396.562500        0.320953
FIRE:  503 21:40:35  -784396.562500        0.199381
FIRE:  504 21:40:35  -784396.562500        0.152089
FIRE:  505 21:40:35  -784396.562500        0.329234
FIRE:  506 21:40:35  -784396.562500        0.262178
FIRE:  507 21:40:35  -784396.562500        0.128882
FIRE:  508 21:40:35  -784396.562500        0.322764
FIRE:  509 21:40:35  -784396.562500        0.128521
FIRE:  510 21:40:36  -784396.562500        0.311511
FIRE:  511 21:40:36  -784396.562500        0.127935
FIRE:  512 21:40:36  -784396.562500        0.257641
FIRE:  513 21:40:36  -784396.500000        0.413806
FIRE:  514 21:40:36  -784396.562500        0.325904
FIRE:  515 21:40:36  -784396.562500        0.126054
FIRE:  516 21:40:36  -784396.562500        0.307891
FIRE:  517 21:40:36  -784396.562500        0.330979
FIRE:  518 21:40:36  -784396.562500        0.331204
FIRE:  519 21:40:36  -784396.562500        3.010026
FIRE:  520 21:40:36  -784396.562500        0.335007
FIRE:  521 21:40:36  -784396.562500        0.334806
FIRE:  522 21:40:36  -784396.562500        0.334403
FIRE:  523 21:40:36  -784396.562500        0.333812
FIRE:  524 21:40:36  -784396.562500        0.333024
FIRE:  525 21:40:37  -784396.562500        0.207718
FIRE:  526 21:40:37  -784396.562500        0.577146
FIRE:  527 21:40:37  -784396.562500        0.517283
FIRE:  528 21:40:37  -784396.562500        0.406248
FIRE:  529 21:40:37  -784396.562500        0.253615
FIRE:  530 21:40:37  -784396.562500        0.122582
FIRE:  531 21:40:37  -784396.562500        0.165382
FIRE:  532 21:40:37  -784396.562500        0.288752
FIRE:  533 21:40:37  -784396.562500        0.332337
FIRE:  534 21:40:37  -784396.562500        0.332360
FIRE:  535 21:40:37  -784396.562500        0.300282
FIRE:  536 21:40:37  -784396.562500        0.161293
FIRE:  537 21:40:37  -784396.562500        0.122511
FIRE:  538 21:40:37  -784396.562500        0.261964
FIRE:  539 21:40:38  -784396.562500        0.288051
FIRE:  540 21:40:38  -784396.562500        0.151060
FIRE:  541 21:40:38  -784396.562500        0.166858
FIRE:  542 21:40:38  -784396.562500        0.268380
FIRE:  543 21:40:38  -784396.562500        0.122187
FIRE:  544 21:40:38  -784396.562500        0.243079
FIRE:  545 21:40:38  -784396.562500        0.143270
FIRE:  546 21:40:38  -784396.562500        0.275973
FIRE:  547 21:40:38  -784396.562500        0.121743
FIRE:  548 21:40:38  -784396.562500        0.225261
FIRE:  549 21:40:38  -784396.562500        0.333875
FIRE:  550 21:40:38  -784396.562500        0.375515
FIRE:  551 21:40:38  -784396.562500        0.335050
FIRE:  552 21:40:38  -784396.562500        0.206508
FIRE:  553 21:40:39  -784396.625000        0.335615
FIRE:  554 21:40:39  -784396.625000        1.874001
FIRE:  555 21:40:39  -784396.625000        0.353738
FIRE:  556 21:40:39  -784396.625000        0.368014
FIRE:  557 21:40:39  -784396.625000        0.373622
FIRE:  558 21:40:39  -784396.625000        0.368567
FIRE:  559 21:40:39  -784396.625000        0.351560
FIRE:  560 21:40:39  -784396.625000        5.319770
FIRE:  561 21:40:39  -784396.625000        0.361292
FIRE:  562 21:40:39  -784396.625000        0.360708
FIRE:  563 21:40:39  -784396.625000        0.359543
FIRE:  564 21:40:39  -784396.625000        0.357817
FIRE:  565 21:40:39  -784396.625000        0.355525
FIRE:  566 21:40:39  -784396.625000        0.352686
FIRE:  567 21:40:40  -784396.625000        0.349324
FIRE:  568 21:40:40  -784396.625000        0.345477
FIRE:  569 21:40:40  -784396.625000        0.340667
FIRE:  570 21:40:40  -784396.625000        0.334737
FIRE:  571 21:40:40  -784396.625000        4.534977
FIRE:  572 21:40:40  -784396.625000        2.550828
FIRE:  573 21:40:40  -784396.625000        0.336707
FIRE:  574 21:40:40  -784396.625000        0.336657
FIRE:  575 21:40:40  -784396.625000        0.336541
FIRE:  576 21:40:40  -784396.625000        0.336389
FIRE:  577 21:40:40  -784396.625000        0.336177
FIRE:  578 21:40:40  -784396.625000        0.335906
FIRE:  579 21:40:40  -784396.625000        0.335596
FIRE:  580 21:40:40  -784396.625000        0.270391
FIRE:  581 21:40:41  -784396.625000        0.174585
FIRE:  582 21:40:41  -784396.625000        0.501600
FIRE:  583 21:40:41  -784396.625000        0.476314
FIRE:  584 21:40:41  -784396.625000        0.425734
FIRE:  585 21:40:41  -784396.625000        0.354303
FIRE:  586 21:40:41  -784396.625000        0.266600
FIRE:  587 21:40:41  -784396.625000        0.167432
FIRE:  588 21:40:41  -784396.625000        0.113783
FIRE:  589 21:40:41  -784396.625000        0.113738
FIRE:  590 21:40:41  -784396.625000        0.176971
FIRE:  591 21:40:41  -784396.625000        0.244234
FIRE:  592 21:40:41  -784396.625000        0.276233
FIRE:  593 21:40:41  -784396.625000        0.262592
FIRE:  594 21:40:41  -784396.625000        0.197072
FIRE:  595 21:40:42  -784396.625000        0.113651
FIRE:  596 21:40:42  -784396.625000        0.113678
FIRE:  597 21:40:42  -784396.625000        0.201682
FIRE:  598 21:40:42  -784396.625000        0.211615
FIRE:  599 21:40:42  -784396.625000        0.113555
FIRE:  600 21:40:42  -784396.625000        0.113425
FIRE:  601 21:40:42  -784396.625000        0.200753
FIRE:  602 21:40:42  -784396.625000        0.113266
FIRE:  603 21:40:42  -784396.625000        0.148821
FIRE:  604 21:40:42  -784396.562500        0.152462
FIRE:  605 21:40:42  -784396.625000        0.144163
FIRE:  606 21:40:42  -784396.625000        0.113283
FIRE:  607 21:40:42  -784396.625000        0.218571
FIRE:  608 21:40:42  -784396.625000        0.194290
FIRE:  609 21:40:42  -784396.625000        0.174490
FIRE:  610 21:40:43  -784396.625000        0.291999
FIRE:  611 21:40:43  -784396.625000        0.809080
FIRE:  612 21:40:43  -784396.000000        0.349686
FIRE:  613 21:40:43  -784396.000000        0.352570
FIRE:  614 21:40:43  -784396.000000        0.351582
FIRE:  615 21:40:43  -784395.937500        4.276221
FIRE:  616 21:40:43  -784396.000000        0.357156
FIRE:  617 21:40:43  -784395.937500        0.356938
FIRE:  618 21:40:43  -784395.937500        0.356515
FIRE:  619 21:40:43  -784396.000000        0.355868
FIRE:  620 21:40:43  -784395.375000        0.355027
FIRE:  621 21:40:43  -784395.937500        0.353973
FIRE:  622 21:40:43  -784395.937500        0.189362
FIRE:  623 21:40:43  -784395.937500        0.860668
FIRE:  624 21:40:44  -784395.937500        0.759441
FIRE:  625 21:40:44  -784396.000000        0.571671
FIRE:  626 21:40:44  -784396.000000        0.316729
FIRE:  627 21:40:44  -784396.000000        0.109796
FIRE:  628 21:40:44  -784395.937500        0.288663
FIRE:  629 21:40:44  -784395.937500        0.281227
FIRE:  630 21:40:44  -784396.000000        0.265417
FIRE:  631 21:40:44  -784395.937500        0.243111
FIRE:  632 21:40:44  -784395.937500        0.214362
FIRE:  633 21:40:44  -784395.375000        0.179234
FIRE:  634 21:40:44  -784396.125000        0.142508
FIRE:  635 21:40:44  -784395.500000        0.109768
FIRE:  636 21:40:44  -784395.937500        0.109779
FIRE:  637 21:40:44  -784395.937500        0.109790
FIRE:  638 21:40:44  -784396.000000        0.109800
FIRE:  639 21:40:45  -784395.375000        0.131389
FIRE:  640 21:40:45  -784395.375000        0.152279
FIRE:  641 21:40:45  -784396.062500        0.153182
FIRE:  642 21:40:45  -784396.000000        0.133194
FIRE:  643 21:40:45  -784395.937500        0.109774
FIRE:  644 21:40:45  -784396.000000        0.109748
FIRE:  645 21:40:45  -784396.062500        0.109722
FIRE:  646 21:40:45  -784395.375000        0.130708
FIRE:  647 21:40:45  -784395.375000        0.109923
FIRE:  648 21:40:45  -784396.062500        0.109693
FIRE:  649 21:40:45  -784396.000000        0.109694
FIRE:  650 21:40:45  -784396.000000        0.110536
FIRE:  651 21:40:45  -784396.125000        0.109612
FIRE:  652 21:40:45  -784396.000000        0.115476
FIRE:  653 21:40:45  -784396.062500        0.109520
FIRE:  654 21:40:45  -784396.000000        0.115757
FIRE:  655 21:40:45  -784396.000000        0.109399
FIRE:  656 21:40:45  -784395.437500        0.109301
FIRE:  657 21:40:46  -784396.000000        0.155476
FIRE:  658 21:40:46  -784396.125000        0.226724
FIRE:  659 21:40:46  -784396.062500        0.455627
FIRE:  660 21:40:46  -784396.125000        0.356563
FIRE:  661 21:40:46  -784396.000000        0.356379
FIRE:  662 21:40:46  -784396.687500        2.391124
FIRE:  663 21:40:46  -784396.000000        0.357160
FIRE:  664 21:40:46  -784396.000000        0.357020
FIRE:  665 21:40:46  -784396.000000        0.356741
FIRE:  666 21:40:46  -784396.687500        0.108544
FIRE:  667 21:40:46  -784396.687500        0.304776
FIRE:  668 21:40:46  -784396.687500        0.456134
FIRE:  669 21:40:46  -784396.687500        0.407902
FIRE:  670 21:40:46  -784396.687500        0.198995
FIRE:  671 21:40:46  -784396.687500        0.178046
FIRE:  672 21:40:46  -784396.125000        0.356925
FIRE:  673 21:40:46  -784396.687500        0.299643
FIRE:  674 21:40:46  -784396.687500        0.122631
FIRE:  675 21:40:47  -784396.687500        0.346607
FIRE:  676 21:40:47  -784396.687500        0.108482
FIRE:  677 21:40:47  -784396.687500        0.357481
FIRE:  678 21:40:47  -784396.687500        0.108423
FIRE:  679 21:40:47  -784396.687500        0.333664
FIRE:  680 21:40:47  -784395.750000        0.358113
FIRE:  681 21:40:47  -784396.687500        0.195037
FIRE:  682 21:40:47  -784396.687500        0.155140
FIRE:  683 21:40:47  -784396.687500        0.414955
FIRE:  684 21:40:47  -784395.562500        0.361499
FIRE:  685 21:40:47  -784396.687500        0.361228
FIRE:  686 21:40:47  -784396.687500        2.834117
FIRE:  687 21:40:47  -784396.687500        0.363242
FIRE:  688 21:40:47  -784396.687500        0.363047
FIRE:  689 21:40:47  -784396.687500        0.362668
FIRE:  690 21:40:47  -784396.687500        0.362096
FIRE:  691 21:40:48  -784396.687500        0.361349
FIRE:  692 21:40:48  -784396.687500        0.220543
FIRE:  693 21:40:48  -784396.687500        0.732716
FIRE:  694 21:40:48  -784396.687500        0.656417
FIRE:  695 21:40:48  -784396.687500        0.510789
FIRE:  696 21:40:48  -784396.687500        0.312283
FIRE:  697 21:40:48  -784396.687500        0.108677
FIRE:  698 21:40:48  -784396.687500        0.190303
FIRE:  699 21:40:48  -784396.687500        0.361699
FIRE:  700 21:40:48  -784396.062500        0.361267
FIRE:  701 21:40:48  -784396.000000        0.361306
FIRE:  702 21:40:48  -784396.062500        0.361253
FIRE:  703 21:40:48  -784396.687500        0.260905
FIRE:  704 21:40:48  -784396.687500        0.108695
FIRE:  705 21:40:48  -784396.687500        0.260752
FIRE:  706 21:40:48  -784396.687500        0.361950
FIRE:  707 21:40:48  -784396.000000        0.259816
FIRE:  708 21:40:49  -784396.125000        0.108740
FIRE:  709 21:40:49  -784395.437500        0.312164
FIRE:  710 21:40:49  -784396.125000        0.220634
FIRE:  711 21:40:49  -784396.687500        0.201742
FIRE:  712 21:40:49  -784396.687500        0.261609
FIRE:  713 21:40:49  -784396.687500        0.214310
FIRE:  714 21:40:49  -784396.000000        0.164765
FIRE:  715 21:40:49  -784396.062500        0.367636
FIRE:  716 21:40:49  -784396.000000        0.362590
FIRE:  717 21:40:49  -784396.687500        0.371446
FIRE:  718 21:40:49  -784395.562500        0.363710
FIRE:  719 21:40:49  -784396.687500        0.348896
FIRE:  720 21:40:49  -784396.000000        0.365188
FIRE:  721 21:40:49  -784396.187500        0.567466
FIRE:  722 21:40:49  -784395.562500        0.369280
FIRE:  723 21:40:49  -784396.125000        0.369382
FIRE:  724 21:40:49  -784396.125000        3.076791
FIRE:  725 21:40:50  -784396.000000        0.373823
FIRE:  726 21:40:50  -784396.125000        0.373532
FIRE:  727 21:40:50  -784395.437500        0.372939
FIRE:  728 21:40:50  -784395.625000        0.372045
FIRE:  729 21:40:50  -784396.125000        0.370869
FIRE:  730 21:40:50  -784395.562500        0.369396
FIRE:  731 21:40:50  -784396.000000        0.233075
FIRE:  732 21:40:50  -784396.125000        1.293071
FIRE:  733 21:40:50  -784396.000000        1.084848
FIRE:  734 21:40:50  -784396.187500        0.700210
FIRE:  735 21:40:50  -784395.750000        0.198976
FIRE:  736 21:40:50  -784396.000000        0.367908
FIRE:  737 21:40:50  -784395.562500        0.368461
FIRE:  738 21:40:50  -784396.000000        0.330560
FIRE:  739 21:40:50  -784396.125000        0.288455
FIRE:  740 21:40:50  -784395.875000        0.237906
FIRE:  741 21:40:50  -784395.437500        0.179120
FIRE:  742 21:40:51  -784396.062500        0.116126
FIRE:  743 21:40:51  -784396.000000        0.116150
FIRE:  744 21:40:51  -784395.937500        0.116179
FIRE:  745 21:40:51  -784396.000000        0.135966
FIRE:  746 21:40:51  -784396.000000        0.178202
FIRE:  747 21:40:51  -784396.000000        0.199908
FIRE:  748 21:40:51  -784396.000000        0.192361
FIRE:  749 21:40:51  -784396.000000        0.146222
FIRE:  750 21:40:51  -784396.000000        0.116287
FIRE:  751 21:40:51  -784395.437500        0.116296
FIRE:  752 21:40:51  -784395.937500        0.151962
FIRE:  753 21:40:51  -784396.187500        0.164194
FIRE:  754 21:40:51  -784396.000000        0.116451
FIRE:  755 21:40:51  -784396.000000        0.116560
FIRE:  756 21:40:52  -784396.062500        0.150810
FIRE:  757 21:40:52  -784395.937500        0.116762
FIRE:  758 21:40:52  -784395.937500        0.116844
FIRE:  759 21:40:52  -784396.062500        0.130903
FIRE:  760 21:40:52  -784395.437500        0.117187
FIRE:  761 21:40:52  -784396.000000        0.117366
FIRE:  762 21:40:52  -784396.125000        0.154701
FIRE:  763 21:40:52  -784396.187500        0.117660
FIRE:  764 21:40:52  -784396.000000        0.117668
FIRE:  765 21:40:52  -784395.812500        0.117494
FIRE:  766 21:40:52  -784395.437500        0.116912
FIRE:  767 21:40:52  -784395.562500        0.371525
FIRE:  768 21:40:52  -784395.937500        1.663158
FIRE:  769 21:40:52  -784396.125000        0.381968
FIRE:  770 21:40:53  -784396.625000        0.389597
FIRE:  771 21:40:53  -784396.625000        0.391096
FIRE:  772 21:40:53  -784396.750000        0.385037
FIRE:  773 21:40:53  -784396.750000        1.040106
FIRE:  774 21:40:53  -784396.687500        0.374353
FIRE:  775 21:40:53  -784396.687500        0.373975
FIRE:  776 21:40:53  -784396.687500        0.373236
FIRE:  777 21:40:53  -784396.750000        0.372126
FIRE:  778 21:40:53  -784396.687500        0.547590
FIRE:  779 21:40:53  -784396.750000        0.442287
FIRE:  780 21:40:53  -784396.687500        0.252426
FIRE:  781 21:40:53  -784396.687500        0.081559
FIRE:  782 21:40:53  -784396.687500        0.242190
FIRE:  783 21:40:53  -784396.687500        0.372056
FIRE:  784 21:40:54  -784396.750000        0.371727
FIRE:  785 21:40:54  -784396.687500        0.298101
FIRE:  786 21:40:54  -784396.687500        0.123096
FIRE:  787 21:40:54  -784396.687500        0.156812
FIRE:  788 21:40:54  -784396.687500        0.298592
FIRE:  789 21:40:54  -784396.687500        0.264088
FIRE:  790 21:40:54  -784396.687500        0.081196
FIRE:  791 21:40:54  -784396.750000        0.254405
FIRE:  792 21:40:54  -784396.687500        0.222538
FIRE:  793 21:40:54  -784396.750000        0.151272
FIRE:  794 21:40:54  -784396.687500        0.234609
FIRE:  795 21:40:54  -784396.687500        0.183773
FIRE:  796 21:40:54  -784396.750000        0.131460
FIRE:  797 21:40:54  -784396.750000        0.317710
FIRE:  798 21:40:55  -784396.750000        0.370750
FIRE:  799 21:40:55  -784396.687500        0.439545
FIRE:  800 21:40:55  -784396.750000        0.370923
FIRE:  801 21:40:55  -784396.687500        0.083130
FIRE:  802 21:40:55  -784396.750000        0.722030
FIRE:  803 21:40:55  -784396.687500        0.374321
FIRE:  804 21:40:55  -784396.687500        0.375353
FIRE:  805 21:40:55  -784396.687500        0.370655
FIRE:  806 21:40:55  -784396.687500        5.411562
FIRE:  807 21:40:55  -784396.687500        0.378258
FIRE:  808 21:40:55  -784396.687500        0.377935
FIRE:  809 21:40:55  -784396.687500        0.377298
FIRE:  810 21:40:55  -784396.687500        0.376341
FIRE:  811 21:40:55  -784396.687500        0.375072
FIRE:  812 21:40:56  -784396.750000        0.373499
FIRE:  813 21:40:56  -784396.687500        0.371619
FIRE:  814 21:40:56  -784396.687500        0.369453
FIRE:  815 21:40:56  -784396.687500        0.960881
FIRE:  816 21:40:56  -784396.687500        0.761867
FIRE:  817 21:40:56  -784396.687500        0.407245
FIRE:  818 21:40:56  -784396.687500        0.083214
FIRE:  819 21:40:56  -784396.687500        0.368432
FIRE:  820 21:40:56  -784396.750000        0.368405
FIRE:  821 21:40:56  -784396.750000        0.368362
FIRE:  822 21:40:56  -784396.687500        0.369983
FIRE:  823 21:40:56  -784396.687500        0.265559
FIRE:  824 21:40:56  -784396.687500        0.180338
FIRE:  825 21:40:56  -784396.687500        0.094487
FIRE:  826 21:40:57  -784396.687500        0.081725
FIRE:  827 21:40:57  -784396.687500        0.131294
FIRE:  828 21:40:57  -784396.750000        0.199030
FIRE:  829 21:40:57  -784396.750000        0.238874
FIRE:  830 21:40:57  -784396.687500        0.237914
FIRE:  831 21:40:57  -784396.750000        0.190299
FIRE:  832 21:40:57  -784396.750000        0.098759
FIRE:  833 21:40:57  -784396.687500        0.081573
FIRE:  834 21:40:57  -784396.687500        0.170799
FIRE:  835 21:40:57  -784396.687500        0.199621
FIRE:  836 21:40:57  -784396.750000        0.125461
FIRE:  837 21:40:57  -784396.687500        0.081354
FIRE:  838 21:40:57  -784396.687500        0.171786
FIRE:  839 21:40:57  -784396.750000        0.116783
FIRE:  840 21:40:58  -784396.687500        0.118063
FIRE:  841 21:40:58  -784396.750000        0.155621
FIRE:  842 21:40:58  -784396.687500        0.099463
FIRE:  843 21:40:58  -784396.687500        0.124282
FIRE:  844 21:40:58  -784396.687500        0.185341
FIRE:  845 21:40:58  -784396.687500        0.123177
FIRE:  846 21:40:58  -784396.687500        0.083187
FIRE:  847 21:40:58  -784396.750000        0.079611
FIRE:  848 21:40:58  -784396.687500        0.201814
FIRE:  849 21:40:58  -784396.750000        0.825508
FIRE:  850 21:40:58  -784396.687500        0.372901
FIRE:  851 21:40:58  -784396.750000        0.374174
FIRE:  852 21:40:58  -784396.687500        0.370700
FIRE:  853 21:40:58  -784396.687500        4.671644
FIRE:  854 21:40:59  -784396.687500        0.374899
FIRE:  855 21:40:59  -784396.750000        0.374637
FIRE:  856 21:40:59  -784396.750000        0.374123
FIRE:  857 21:40:59  -784396.750000        0.373347
FIRE:  858 21:40:59  -784396.750000        0.372321
FIRE:  859 21:40:59  -784396.750000        0.371040
FIRE:  860 21:40:59  -784396.750000        0.369515
FIRE:  861 21:40:59  -784396.687500        0.425707
FIRE:  862 21:40:59  -784396.750000        0.367033
FIRE:  863 21:40:59  -784396.687500        0.259410
FIRE:  864 21:40:59  -784396.750000        0.118110
FIRE:  865 21:40:59  -784396.687500        0.080588
FIRE:  866 21:40:59  -784396.750000        0.195176
FIRE:  867 21:40:59  -784396.750000        0.267334
FIRE:  868 21:41:00  -784396.750000        0.278140
FIRE:  869 21:41:00  -784396.750000        0.227255
FIRE:  870 21:41:00  -784396.687500        0.111617
FIRE:  871 21:41:00  -784396.687500        0.090277
FIRE:  872 21:41:00  -784396.750000        0.204612
FIRE:  873 21:41:00  -784396.687500        0.209474
FIRE:  874 21:41:00  -784396.687500        0.080762
FIRE:  875 21:41:00  -784396.750000        0.151901
FIRE:  876 21:41:00  -784396.687500        0.196131
FIRE:  877 21:41:00  -784396.687500        0.078108
FIRE:  878 21:41:00  -784396.687500        0.193699
FIRE:  879 21:41:00  -784396.687500        0.078135
FIRE:  880 21:41:00  -784396.687500        0.204804
FIRE:  881 21:41:00  -784396.687500        0.147677
FIRE:  882 21:41:01  -784396.687500        0.078194
FIRE:  883 21:41:01  -784396.750000        0.144118
FIRE:  884 21:41:01  -784396.687500        0.392894
FIRE:  885 21:41:01  -784396.687500        0.369527
FIRE:  886 21:41:01  -784396.750000        0.368736
FIRE:  887 21:41:01  -784396.750000        2.925676
FIRE:  888 21:41:01  -784396.750000        0.369191
FIRE:  889 21:41:01  -784396.750000        0.369039
FIRE:  890 21:41:01  -784396.687500        0.368749
FIRE:  891 21:41:01  -784396.687500        0.175490
FIRE:  892 21:41:01  -784396.687500        0.256931
FIRE:  893 21:41:01  -784396.687500        0.237351
FIRE:  894 21:41:01  -784396.687500        0.197211
FIRE:  895 21:41:01  -784396.687500        0.144513
FIRE:  896 21:41:02  -784396.750000        0.083787
FIRE:  897 21:41:02  -784396.687500        0.078251
FIRE:  898 21:41:02  -784396.750000        0.087100
FIRE:  899 21:41:02  -784396.687500        0.126974
FIRE:  900 21:41:02  -784396.687500        0.151529
FIRE:  901 21:41:02  -784396.750000        0.152476
FIRE:  902 21:41:02  -784396.750000        0.122313
FIRE:  903 21:41:02  -784396.750000        0.078234
FIRE:  904 21:41:02  -784396.750000        0.078229
FIRE:  905 21:41:02  -784396.750000        0.112438
FIRE:  906 21:41:02  -784396.687500        0.116285
FIRE:  907 21:41:02  -784396.687500        0.078202
FIRE:  908 21:41:02  -784396.750000        0.082776
FIRE:  909 21:41:02  -784396.750000        0.118576
FIRE:  910 21:41:02  -784396.750000        0.078161
FIRE:  911 21:41:03  -784396.750000        0.100686
FIRE:  912 21:41:03  -784396.750000        0.078116
FIRE:  913 21:41:03  -784396.687500        0.113036
FIRE:  914 21:41:03  -784396.750000        0.078057
FIRE:  915 21:41:03  -784396.687500        0.097445
FIRE:  916 21:41:03  -784396.687500        0.170630
FIRE:  917 21:41:03  -784396.687500        0.286404
FIRE:  918 21:41:03  -784396.750000        0.368877
FIRE:  919 21:41:03  -784396.750000        0.443733
FIRE:  920 21:41:03  -784396.750000        0.369649
FIRE:  921 21:41:03  -784396.750000        0.177278
FIRE:  922 21:41:03  -784396.750000        2.517157
FIRE:  923 21:41:03  -784396.812500        0.370092
FIRE:  924 21:41:03  -784396.812500        0.369905
FIRE:  925 21:41:04  -784396.812500        0.369538
FIRE:  926 21:41:04  -784396.812500        0.368985
FIRE:  927 21:41:04  -784396.812500        0.169578
FIRE:  928 21:41:04  -784396.750000        0.500209
FIRE:  929 21:41:04  -784396.750000        0.448355
FIRE:  930 21:41:04  -784396.812500        0.352333
FIRE:  931 21:41:04  -784396.812500        0.221906
FIRE:  932 21:41:04  -784396.750000        0.077535
FIRE:  933 21:41:04  -784396.750000        0.114732
FIRE:  934 21:41:04  -784396.750000        0.223874
FIRE:  935 21:41:04  -784396.750000        0.291550
FIRE:  936 21:41:04  -784396.750000        0.306315
FIRE:  937 21:41:04  -784396.812500        0.257142
FIRE:  938 21:41:04  -784396.812500        0.142817
FIRE:  939 21:41:05  -784396.750000        0.077530
FIRE:  940 21:41:05  -784396.812500        0.199282
FIRE:  941 21:41:05  -784396.812500        0.240428
FIRE:  942 21:41:05  -784396.812500        0.143531
FIRE:  943 21:41:05  -784396.750000        0.098410
FIRE:  944 21:41:05  -784396.750000        0.219962
FIRE:  945 21:41:05  -784396.750000        0.123079
FIRE:  946 21:41:05  -784396.750000        0.161872
FIRE:  947 21:41:05  -784396.750000        0.155960
FIRE:  948 21:41:05  -784396.812500        0.177284
FIRE:  949 21:41:05  -784396.812500        0.089600
FIRE:  950 21:41:05  -784396.812500        0.246649
FIRE:  951 21:41:05  -784396.750000        0.293504
FIRE:  952 21:41:05  -784396.750000        0.346294
FIRE:  953 21:41:06  -784396.750000        0.368834
FIRE:  954 21:41:06  -784396.812500        0.398628
FIRE:  955 21:41:06  -784396.750000        0.369468
FIRE:  956 21:41:06  -784396.750000        0.170471
FIRE:  957 21:41:06  -784396.812500        0.254224
FIRE:  958 21:41:06  -784396.812500        2.257014
FIRE:  959 21:41:06  -784396.812500        0.371028
FIRE:  960 21:41:06  -784396.812500        0.370792
FIRE:  961 21:41:06  -784396.812500        0.370328
FIRE:  962 21:41:06  -784396.812500        0.369627
FIRE:  963 21:41:06  -784396.812500        0.368708
FIRE:  964 21:41:06  -784396.812500        0.376707
FIRE:  965 21:41:06  -784396.812500        0.328736
FIRE:  966 21:41:06  -784396.750000        0.239536
FIRE:  967 21:41:07  -784396.750000        0.122356
FIRE:  968 21:41:07  -784396.812500        0.077153
FIRE:  969 21:41:07  -784396.750000        0.149624
FIRE:  970 21:41:07  -784396.812500        0.221022
FIRE:  971 21:41:07  -784396.812500        0.243470
FIRE:  972 21:41:07  -784396.750000        0.215166
FIRE:  973 21:41:07  -784396.750000        0.127925
FIRE:  974 21:41:07  -784396.750000        0.077143
FIRE:  975 21:41:07  -784396.750000        0.153370
FIRE:  976 21:41:07  -784396.812500        0.192421
FIRE:  977 21:41:07  -784396.812500        0.114476
FIRE:  978 21:41:07  -784396.812500        0.088973
FIRE:  979 21:41:07  -784396.750000        0.179357
FIRE:  980 21:41:07  -784396.812500        0.086404
FIRE:  981 21:41:08  -784396.750000        0.144325
FIRE:  982 21:41:08  -784396.812500        0.100678
FIRE:  983 21:41:08  -784396.812500        0.167857
FIRE:  984 21:41:08  -784396.812500        0.077079
FIRE:  985 21:41:08  -784396.812500        0.153560
FIRE:  986 21:41:08  -784396.750000        0.277893
FIRE:  987 21:41:08  -784396.812500        0.460260
FIRE:  988 21:41:08  -784396.750000        0.369195
FIRE:  989 21:41:08  -784396.812500        0.233915
FIRE:  990 21:41:08  -784396.812500        2.056394
FIRE:  991 21:41:08  -784396.812500        0.368631
FIRE:  992 21:41:08  -784396.812500        0.332081
FIRE:  993 21:41:08  -784396.812500        0.128316
FIRE:  994 21:41:08  -784396.812500        0.135398
FIRE:  995 21:41:09  -784396.750000        0.287775
FIRE:  996 21:41:09  -784396.812500        0.315129
FIRE:  997 21:41:09  -784396.750000        0.216290
FIRE:  998 21:41:09  -784396.812500        0.076930
FIRE:  999 21:41:09  -784396.812500        0.191245
FIRE:  1000 21:41:09  -784396.750000        0.260365
      Step     Time          Energy          fmax
FIRE:    0 21:41:10  -784372.500000        5.517300
FIRE:    1 21:41:10  -784374.062500        3.661239
FIRE:    2 21:41:12  -784375.937500        4.579973
FIRE:    3 21:41:12  -784377.875000        3.993570
FIRE:    4 21:41:12  -784377.750000        3.285599
FIRE:    5 21:41:12  -784379.750000        2.407583
FIRE:    6 21:41:12  -784380.250000        1.611971
FIRE:    7 21:41:13  -784380.937500        2.451003
FIRE:    8 21:41:13  -784382.250000        1.706846
FIRE:    9 21:41:15  -784382.250000        1.802832
FIRE:   10 21:41:15  -784382.812500        1.850330
FIRE:   11 21:41:15  -784383.500000        1.803178
FIRE:   12 21:41:15  -784384.312500        1.785798
FIRE:   13 21:41:15  -784385.937500        1.837612
FIRE:   14 21:41:15  -784385.500000        1.897934
FIRE:   15 21:41:15  -784386.312500        1.901946
FIRE:   16 21:41:15  -784387.750000        1.225028
FIRE:   17 21:41:15  -784387.750000        1.103143
FIRE:   18 21:41:15  -784387.437500        0.964199
FIRE:   19 21:41:16  -784388.250000        2.226000
FIRE:   20 21:41:16  -784388.187500        2.566475
FIRE:   21 21:41:16  -784388.437500        0.919364
FIRE:   22 21:41:16  -784388.562500        0.892411
FIRE:   23 21:41:16  -784388.000000        0.837377
FIRE:   24 21:41:16  -784388.000000        0.798928
FIRE:   25 21:41:16  -784388.500000        0.781993
FIRE:   26 21:41:16  -784388.562500        0.773231
FIRE:   27 21:41:16  -784388.250000        0.763565
FIRE:   28 21:41:16  -784388.312500        0.753099
FIRE:   29 21:41:16  -784388.375000        0.740978
FIRE:   30 21:41:16  -784388.750000        0.727598
FIRE:   31 21:41:16  -784389.250000        0.712115
FIRE:   32 21:41:16  -784388.937500        0.694586
FIRE:   33 21:41:17  -784389.625000        0.674639
FIRE:   34 21:41:17  -784389.250000        0.652174
FIRE:   35 21:41:17  -784389.375000        0.629542
FIRE:   36 21:41:17  -784389.562500        0.597594
FIRE:   37 21:41:17  -784390.062500        0.570938
FIRE:   38 21:41:17  -784390.500000        0.545421
FIRE:   39 21:41:17  -784390.125000        0.521455
FIRE:   40 21:41:17  -784390.875000        0.598865
FIRE:   41 21:41:17  -784391.125000        0.799721
FIRE:   42 21:41:17  -784391.375000        0.800036
FIRE:   43 21:41:17  -784391.625000        0.999315
FIRE:   44 21:41:17  -784392.125000        1.392221
FIRE:   45 21:41:17  -784392.312500        1.447076
FIRE:   46 21:41:17  -784392.562500        1.753811
FIRE:   47 21:41:18  -784392.812500        1.919718
FIRE:   48 21:41:18  -784393.000000        2.422228
FIRE:   49 21:41:18  -784393.125000        2.899825
FIRE:   50 21:41:18  -784392.750000       10.134850
FIRE:   51 21:41:18  -784393.250000        1.664561
FIRE:   52 21:41:18  -784393.250000        1.311631
FIRE:   53 21:41:18  -784393.250000        0.722371
FIRE:   54 21:41:18  -784393.250000        0.313353
FIRE:   55 21:41:18  -784393.250000        0.997938
FIRE:   56 21:41:18  -784393.250000        0.940429
FIRE:   57 21:41:18  -784393.250000        0.829799
FIRE:   58 21:41:18  -784393.250000        0.674370
FIRE:   59 21:41:18  -784393.250000        0.486559
FIRE:   60 21:41:18  -784393.250000        0.308343
FIRE:   61 21:41:19  -784393.250000        0.307364
FIRE:   62 21:41:19  -784393.250000        0.306212
FIRE:   63 21:41:19  -784393.250000        0.360504
FIRE:   64 21:41:19  -784393.250000        0.446291
FIRE:   65 21:41:19  -784393.250000        0.469800
FIRE:   66 21:41:19  -784393.250000        0.414389
FIRE:   67 21:41:19  -784393.312500        0.295563
FIRE:   68 21:41:19  -784393.312500        0.292219
FIRE:   69 21:41:19  -784393.312500        0.288277
FIRE:   70 21:41:19  -784393.312500        0.498440
FIRE:   71 21:41:19  -784393.312500        0.550659
FIRE:   72 21:41:19  -784393.312500        0.523361
FIRE:   73 21:41:19  -784393.375000        0.261769
FIRE:   74 21:41:19  -784393.375000        0.306800
FIRE:   75 21:41:20  -784393.437500        0.239495
FIRE:   76 21:41:20  -784393.437500        0.349904
FIRE:   77 21:41:20  -784393.500000        0.237120
FIRE:   78 21:41:20  -784393.562500        0.329101
FIRE:   79 21:41:20  -784393.562500        0.230467
FIRE:   80 21:41:20  -784393.562500        0.294324
FIRE:   81 21:41:20  -784393.750000        0.476261
FIRE:   82 21:41:20  -784393.750000        0.860384
FIRE:   83 21:41:20  -784393.812500        1.422407
FIRE:   84 21:41:20  -784393.875000        3.492797
FIRE:   85 21:41:20  -784394.000000        0.529378
FIRE:   86 21:41:20  -784394.000000        2.599852
FIRE:   87 21:41:20  -784394.000000        2.057319
FIRE:   88 21:41:20  -784394.000000        1.027591
FIRE:   89 21:41:21  -784394.062500        0.355927
FIRE:   90 21:41:21  -784394.062500        0.337856
FIRE:   91 21:41:21  -784394.000000        0.305881
FIRE:   92 21:41:21  -784394.062500        0.304682
FIRE:   93 21:41:21  -784394.000000        0.303090
FIRE:   94 21:41:21  -784394.062500        0.301111
FIRE:   95 21:41:21  -784394.062500        0.298754
FIRE:   96 21:41:21  -784394.000000        0.296040
FIRE:   97 21:41:21  -784394.062500        0.292632
FIRE:   98 21:41:21  -784394.000000        0.288435
FIRE:   99 21:41:21  -784394.062500        0.283282
FIRE:  100 21:41:21  -784394.000000        0.456917
FIRE:  101 21:41:21  -784394.000000        0.353457
FIRE:  102 21:41:21  -784394.062500        0.482055
FIRE:  103 21:41:22  -784394.062500        0.461725
FIRE:  104 21:41:22  -784394.062500        0.235359
FIRE:  105 21:41:22  -784394.125000        0.218453
FIRE:  106 21:41:22  -784394.125000        0.198322
FIRE:  107 21:41:22  -784394.125000        0.195843
FIRE:  108 21:41:22  -784394.062500        0.194187
FIRE:  109 21:41:22  -784394.125000        0.267642
FIRE:  110 21:41:22  -784394.125000        0.499333
FIRE:  111 21:41:22  -784394.187500        0.310840
FIRE:  112 21:41:22  -784394.250000        0.182527
FIRE:  113 21:41:22  -784393.687500        0.425286
FIRE:  114 21:41:22  -784394.125000        0.234929
FIRE:  115 21:41:22  -784394.375000        0.172004
FIRE:  116 21:41:22  -784394.250000        0.629939
FIRE:  117 21:41:23  -784394.500000        1.200043
FIRE:  118 21:41:23  -784394.437500        3.145569
FIRE:  119 21:41:23  -784394.625000        0.523092
FIRE:  120 21:41:23  -784393.937500        3.123622
FIRE:  121 21:41:23  -784393.875000        2.226136
FIRE:  122 21:41:23  -784394.625000        0.795949
FIRE:  123 21:41:23  -784394.437500        0.683295
FIRE:  124 21:41:23  -784394.625000        0.644585
FIRE:  125 21:41:23  -784394.437500        0.568987
FIRE:  126 21:41:23  -784394.500000        0.460963
FIRE:  127 21:41:23  -784394.437500        0.327289
FIRE:  128 21:41:23  -784394.437500        0.211114
FIRE:  129 21:41:23  -784394.000000        0.210113
FIRE:  130 21:41:23  -784394.625000        0.208954
FIRE:  131 21:41:24  -784394.125000        0.251591
FIRE:  132 21:41:24  -784394.625000        0.339639
FIRE:  133 21:41:24  -784394.500000        0.406522
FIRE:  134 21:41:24  -784394.375000        0.307643
FIRE:  135 21:41:24  -784393.875000        0.328832
FIRE:  136 21:41:24  -784394.187500        0.380100
FIRE:  137 21:41:24  -784394.625000        0.386473
FIRE:  138 21:41:24  -784394.625000        0.189373
FIRE:  139 21:41:24  -784394.625000        0.203801
FIRE:  140 21:41:24  -784394.187500        0.204654
FIRE:  141 21:41:24  -784394.500000        0.204371
FIRE:  142 21:41:24  -784394.687500        0.430907
FIRE:  143 21:41:24  -784394.562500        0.474658
FIRE:  144 21:41:24  -784394.125000        0.406139
FIRE:  145 21:41:24  -784394.562500        0.308618
FIRE:  146 21:41:25  -784394.187500        0.229534
FIRE:  147 21:41:25  -784394.625000        0.484349
FIRE:  148 21:41:25  -784394.625000        0.237236
FIRE:  149 21:41:25  -784394.687500        0.231617
FIRE:  150 21:41:25  -784394.312500        0.764517
FIRE:  151 21:41:25  -784394.937500        1.480542
FIRE:  152 21:41:25  -784394.375000        3.620807
FIRE:  153 21:41:25  -784395.062500        0.588319
FIRE:  154 21:41:25  -784393.937500        4.136167
FIRE:  155 21:41:25  -784394.000000        2.836822
FIRE:  156 21:41:25  -784394.812500        0.850285
FIRE:  157 21:41:25  -784394.437500        1.158993
FIRE:  158 21:41:25  -784394.812500        1.096674
FIRE:  159 21:41:25  -784394.875000        0.976601
FIRE:  160 21:41:26  -784394.875000        0.808676
FIRE:  161 21:41:26  -784395.062500        0.599863
FIRE:  162 21:41:26  -784394.000000        0.323182
FIRE:  163 21:41:26  -784394.187500        0.177245
FIRE:  164 21:41:26  -784394.000000        0.482440
FIRE:  165 21:41:26  -784394.062500        0.494836
FIRE:  166 21:41:26  -784394.125000        0.514867
FIRE:  167 21:41:26  -784394.062500        0.520899
FIRE:  168 21:41:26  -784394.062500        0.462020
FIRE:  169 21:41:26  -784394.062500        0.318638
FIRE:  170 21:41:26  -784394.125000        0.223202
FIRE:  171 21:41:26  -784394.062500        0.188217
FIRE:  172 21:41:26  -784394.187500        0.149443
FIRE:  173 21:41:26  -784394.125000        0.161091
FIRE:  174 21:41:27  -784393.937500        0.190969
FIRE:  175 21:41:27  -784394.000000        0.223232
FIRE:  176 21:41:27  -784394.062500        0.249301
FIRE:  177 21:41:27  -784393.937500        0.261807
FIRE:  178 21:41:27  -784393.937500        0.253743
FIRE:  179 21:41:27  -784394.000000        0.217167
FIRE:  180 21:41:27  -784393.937500        0.128099
FIRE:  181 21:41:27  -784394.000000        0.354405
FIRE:  182 21:41:27  -784393.937500        0.380083
FIRE:  183 21:41:27  -784394.062500        0.128085
FIRE:  184 21:41:27  -784394.125000        0.169715
FIRE:  185 21:41:27  -784394.062500        0.189845
FIRE:  186 21:41:27  -784394.000000        0.167490
FIRE:  187 21:41:27  -784394.000000        0.128061
FIRE:  188 21:41:28  -784393.875000        0.355130
FIRE:  189 21:41:28  -784393.875000        0.246934
FIRE:  190 21:41:28  -784393.937500        0.250854
FIRE:  191 21:41:28  -784393.937500        0.350628
FIRE:  192 21:41:28  -784394.125000        0.225241
FIRE:  193 21:41:28  -784393.875000        0.188093
FIRE:  194 21:41:28  -784394.125000        0.252273
FIRE:  195 21:41:28  -784394.000000        0.283488
FIRE:  196 21:41:28  -784394.125000        0.343098
FIRE:  197 21:41:28  -784394.187500        0.506286
FIRE:  198 21:41:28  -784395.125000        0.695794
FIRE:  199 21:41:28  -784394.187500        0.932533
FIRE:  200 21:41:28  -784395.125000        2.028145
FIRE:  201 21:41:28  -784395.062500        0.437758
FIRE:  202 21:41:29  -784395.125000        2.249900
FIRE:  203 21:41:29  -784395.187500        1.640012
FIRE:  204 21:41:29  -784395.187500        0.643074
FIRE:  205 21:41:29  -784395.250000        0.601441
FIRE:  206 21:41:29  -784395.250000        0.576459
FIRE:  207 21:41:29  -784395.250000        0.528207
FIRE:  208 21:41:29  -784395.125000        0.460350
FIRE:  209 21:41:29  -784395.187500        0.379730
FIRE:  210 21:41:29  -784395.187500        0.299015
FIRE:  211 21:41:29  -784395.187500        0.240083
FIRE:  212 21:41:29  -784395.187500        0.225292
FIRE:  213 21:41:29  -784395.187500        0.267096
FIRE:  214 21:41:29  -784395.250000        0.312048
FIRE:  215 21:41:29  -784395.187500        0.307159
FIRE:  216 21:41:30  -784395.125000        0.478783
FIRE:  217 21:41:30  -784395.187500        0.284502
FIRE:  218 21:41:30  -784395.187500        0.284620
FIRE:  219 21:41:30  -784395.250000        0.434039
FIRE:  220 21:41:30  -784395.250000        0.416841
FIRE:  221 21:41:30  -784395.250000        0.406294
FIRE:  222 21:41:30  -784395.250000        0.232690
FIRE:  223 21:41:30  -784395.250000        0.370703
FIRE:  224 21:41:30  -784395.250000        0.478432
FIRE:  225 21:41:30  -784395.312500        0.316571
FIRE:  226 21:41:30  -784395.312500        0.441836
FIRE:  227 21:41:30  -784395.312500        0.305959
FIRE:  228 21:41:30  -784395.312500        0.238522
FIRE:  229 21:41:30  -784395.375000        0.418285
FIRE:  230 21:41:30  -784395.312500        0.219489
FIRE:  231 21:41:31  -784395.375000        0.325986
FIRE:  232 21:41:31  -784395.437500        0.731117
FIRE:  233 21:41:31  -784395.625000        1.618476
FIRE:  234 21:41:31  -784395.687500        3.183955
FIRE:  235 21:41:31  -784395.750000        0.386468
FIRE:  236 21:41:31  -784395.687500        3.593664
FIRE:  237 21:41:31  -784395.750000        2.471025
FIRE:  238 21:41:31  -784395.750000        0.729732
FIRE:  239 21:41:31  -784395.750000        1.006361
FIRE:  240 21:41:31  -784395.750000        0.952641
FIRE:  241 21:41:31  -784395.750000        0.844102
FIRE:  242 21:41:31  -784395.750000        0.678329
FIRE:  243 21:41:31  -784395.750000        0.459910
FIRE:  244 21:41:31  -784395.750000        0.200527
FIRE:  245 21:41:32  -784395.750000        0.410103
FIRE:  246 21:41:32  -784395.750000        0.428274
FIRE:  247 21:41:32  -784395.687500        0.549544
FIRE:  248 21:41:32  -784395.750000        0.561364
FIRE:  249 21:41:32  -784395.750000        0.561212
FIRE:  250 21:41:32  -784395.687500        0.452562
FIRE:  251 21:41:32  -784395.750000        0.243158
FIRE:  252 21:41:32  -784395.687500        0.250544
FIRE:  253 21:41:32  -784395.750000        0.384880
FIRE:  254 21:41:32  -784395.687500        0.427336
FIRE:  255 21:41:32  -784395.812500        0.231443
FIRE:  256 21:41:32  -784395.812500        0.324982
FIRE:  257 21:41:32  -784395.812500        0.367711
FIRE:  258 21:41:32  -784395.812500        0.177854
FIRE:  259 21:41:33  -784395.812500        0.301292
FIRE:  260 21:41:33  -784395.812500        0.316753
FIRE:  261 21:41:33  -784394.625000        0.192649
FIRE:  262 21:41:33  -784394.625000        0.344319
FIRE:  263 21:41:33  -784394.937500        0.394290
FIRE:  264 21:41:33  -784395.500000        0.282495
FIRE:  265 21:41:33  -784395.062500        0.163295
FIRE:  266 21:41:33  -784394.937500        0.439035
FIRE:  267 21:41:33  -784395.000000        0.208321
FIRE:  268 21:41:33  -784395.937500        1.769519
FIRE:  269 21:41:33  -784395.625000        0.246040
FIRE:  270 21:41:33  -784395.625000        0.244002
FIRE:  271 21:41:33  -784395.625000        0.240009
FIRE:  272 21:41:33  -784395.937500        0.234202
FIRE:  273 21:41:34  -784395.937500        0.226848
FIRE:  274 21:41:34  -784395.687500        0.218259
FIRE:  275 21:41:34  -784395.750000        0.208828
FIRE:  276 21:41:34  -784395.625000        0.209559
FIRE:  277 21:41:34  -784395.812500        0.876820
FIRE:  278 21:41:34  -784396.000000        0.343193
FIRE:  279 21:41:34  -784395.687500        0.210675
FIRE:  280 21:41:34  -784396.000000        0.210762
FIRE:  281 21:41:34  -784396.000000        0.210889
FIRE:  282 21:41:34  -784396.000000        0.211054
FIRE:  283 21:41:34  -784395.812500        0.211256
FIRE:  284 21:41:34  -784395.750000        0.211497
FIRE:  285 21:41:34  -784395.812500        0.211810
FIRE:  286 21:41:34  -784395.687500        0.158863
FIRE:  287 21:41:35  -784395.687500        0.797765
FIRE:  288 21:41:35  -784395.687500        0.194756
FIRE:  289 21:41:35  -784395.750000        0.214017
FIRE:  290 21:41:35  -784395.812500        0.219291
FIRE:  291 21:41:35  -784395.687500        0.222866
FIRE:  292 21:41:35  -784395.750000        0.807354
FIRE:  293 21:41:35  -784395.687500        0.239822
FIRE:  294 21:41:35  -784395.687500        0.250957
FIRE:  295 21:41:35  -784396.000000        0.263592
FIRE:  296 21:41:35  -784396.062500        1.448706
FIRE:  297 21:41:35  -784395.875000        0.310691
FIRE:  298 21:41:35  -784395.812500        0.348381
FIRE:  299 21:41:35  -784395.750000        0.358795
FIRE:  300 21:41:35  -784395.750000        0.340025
FIRE:  301 21:41:36  -784395.812500        0.300079
FIRE:  302 21:41:36  -784395.750000        2.076372
FIRE:  303 21:41:36  -784396.125000        3.977592
FIRE:  304 21:41:36  -784395.937500        0.401964
FIRE:  305 21:41:36  -784395.812500        0.400128
FIRE:  306 21:41:36  -784395.812500        0.396496
FIRE:  307 21:41:36  -784395.937500        0.391134
FIRE:  308 21:41:36  -784396.125000        0.384161
FIRE:  309 21:41:36  -784395.937500        0.375710
FIRE:  310 21:41:36  -784395.875000        0.365961
FIRE:  311 21:41:36  -784395.875000        0.355110
FIRE:  312 21:41:36  -784395.937500        0.342102
FIRE:  313 21:41:36  -784396.000000        0.326827
FIRE:  314 21:41:36  -784395.875000        0.309289
FIRE:  315 21:41:36  -784395.812500        4.106838
FIRE:  316 21:41:37  -784395.875000        3.583854
FIRE:  317 21:41:37  -784396.000000        0.317578
FIRE:  318 21:41:37  -784395.937500        0.317460
FIRE:  319 21:41:37  -784396.187500        0.317220
FIRE:  320 21:41:37  -784395.875000        0.316864
FIRE:  321 21:41:37  -784395.937500        0.316395
FIRE:  322 21:41:37  -784396.187500        0.315802
FIRE:  323 21:41:37  -784396.187500        0.315090
FIRE:  324 21:41:37  -784395.937500        0.314267
FIRE:  325 21:41:37  -784396.000000        0.313221
FIRE:  326 21:41:37  -784395.875000        0.311908
FIRE:  327 21:41:37  -784395.875000        0.702885
FIRE:  328 21:41:37  -784395.875000        0.625766
FIRE:  329 21:41:37  -784396.000000        0.478802
FIRE:  330 21:41:38  -784395.875000        0.282973
FIRE:  331 21:41:38  -784395.875000        0.154731
FIRE:  332 21:41:38  -784395.937500        0.245602
FIRE:  333 21:41:38  -784396.000000        0.312843
FIRE:  334 21:41:38  -784395.875000        0.313157
FIRE:  335 21:41:38  -784395.937500        0.313359
FIRE:  336 21:41:38  -784396.187500        0.313443
FIRE:  337 21:41:38  -784396.250000        0.285463
FIRE:  338 21:41:38  -784395.937500        0.154183
FIRE:  339 21:41:38  -784396.187500        0.294181
FIRE:  340 21:41:38  -784395.937500        0.377676
FIRE:  341 21:41:38  -784396.000000        0.235564
FIRE:  342 21:41:38  -784395.875000        0.186045
FIRE:  343 21:41:38  -784395.875000        0.316816
FIRE:  344 21:41:39  -784395.875000        0.163545
FIRE:  345 21:41:39  -784396.000000        0.315846
FIRE:  346 21:41:39  -784396.187500        0.191235
FIRE:  347 21:41:39  -784396.187500        0.322294
FIRE:  348 21:41:39  -784395.937500        0.150483
FIRE:  349 21:41:39  -784395.937500        0.441674
FIRE:  350 21:41:39  -784395.875000        0.330113
FIRE:  351 21:41:39  -784395.875000        0.332441
FIRE:  352 21:41:39  -784395.875000        1.522257
FIRE:  353 21:41:39  -784396.187500        0.348533
FIRE:  354 21:41:39  -784395.875000        0.360101
FIRE:  355 21:41:39  -784396.187500        0.363786
FIRE:  356 21:41:39  -784395.875000        0.357521
FIRE:  357 21:41:39  -784395.875000        1.956639
FIRE:  358 21:41:40  -784395.937500        0.351001
FIRE:  359 21:41:40  -784396.250000        0.350547
FIRE:  360 21:41:40  -784395.875000        0.349642
FIRE:  361 21:41:40  -784396.000000        0.348296
FIRE:  362 21:41:40  -784396.250000        0.346520
FIRE:  363 21:41:40  -784396.000000        0.212676
FIRE:  364 21:41:40  -784396.250000        0.905764
FIRE:  365 21:41:40  -784395.937500        0.769760
FIRE:  366 21:41:40  -784396.250000        0.520690
FIRE:  367 21:41:40  -784396.000000        0.199788
FIRE:  368 21:41:40  -784395.937500        0.257683
FIRE:  369 21:41:40  -784395.937500        0.344821
FIRE:  370 21:41:40  -784396.000000        0.345134
FIRE:  371 21:41:40  -784395.937500        0.345254
FIRE:  372 21:41:41  -784396.062500        0.345179
FIRE:  373 21:41:41  -784396.000000        0.344854
FIRE:  374 21:41:41  -784396.250000        0.302891
FIRE:  375 21:41:41  -784396.000000        0.210494
FIRE:  376 21:41:41  -784395.937500        0.486440
FIRE:  377 21:41:41  -784395.937500        0.448303
FIRE:  378 21:41:41  -784395.937500        0.146312
FIRE:  379 21:41:41  -784396.000000        0.344248
FIRE:  380 21:41:41  -784396.062500        0.344106
FIRE:  381 21:41:41  -784395.937500        0.187932
FIRE:  382 21:41:41  -784395.937500        0.404240
FIRE:  383 21:41:41  -784396.000000        0.344911
FIRE:  384 21:41:41  -784396.250000        0.146402
FIRE:  385 21:41:41  -784396.000000        0.368888
FIRE:  386 21:41:42  -784396.250000        0.343625
FIRE:  387 21:41:42  -784395.937500        0.273824
FIRE:  388 21:41:42  -784396.250000        1.739284
FIRE:  389 21:41:42  -784396.250000        0.354580
FIRE:  390 21:41:42  -784396.250000        0.365208
FIRE:  391 21:41:42  -784396.250000        0.367656
FIRE:  392 21:41:42  -784396.250000        0.360175
FIRE:  393 21:41:42  -784396.250000        0.341718
FIRE:  394 21:41:42  -784396.250000        4.481864
FIRE:  395 21:41:42  -784396.250000        0.344006
FIRE:  396 21:41:42  -784396.250000        0.343519
FIRE:  397 21:41:42  -784396.250000        0.342540
FIRE:  398 21:41:42  -784396.250000        0.341087
FIRE:  399 21:41:42  -784396.250000        0.339158
FIRE:  400 21:41:42  -784396.250000        0.336769
FIRE:  401 21:41:43  -784396.250000        0.139864
FIRE:  402 21:41:43  -784396.250000        1.365515
FIRE:  403 21:41:43  -784396.250000        1.092540
FIRE:  404 21:41:43  -784396.250000        0.591945
FIRE:  405 21:41:43  -784396.250000        0.139695
FIRE:  406 21:41:43  -784396.250000        0.335684
FIRE:  407 21:41:43  -784396.250000        0.335658
FIRE:  408 21:41:43  -784396.250000        0.335600
FIRE:  409 21:41:43  -784396.187500        0.335512
FIRE:  410 21:41:43  -784396.250000        0.335400
FIRE:  411 21:41:43  -784396.250000        0.335258
FIRE:  412 21:41:43  -784396.250000        0.335087
FIRE:  413 21:41:43  -784396.250000        0.225453
FIRE:  414 21:41:43  -784396.250000        0.139656
FIRE:  415 21:41:44  -784396.250000        0.141069
FIRE:  416 21:41:44  -784396.250000        0.255222
FIRE:  417 21:41:44  -784396.250000        0.330959
FIRE:  418 21:41:44  -784396.250000        0.344427
FIRE:  419 21:41:44  -784396.250000        0.281016
FIRE:  420 21:41:44  -784396.250000        0.145167
FIRE:  421 21:41:44  -784396.250000        0.140703
FIRE:  422 21:41:44  -784396.250000        0.272142
FIRE:  423 21:41:44  -784396.187500        0.272298
FIRE:  424 21:41:44  -784396.250000        0.139317
FIRE:  425 21:41:44  -784396.250000        0.208406
FIRE:  426 21:41:44  -784396.250000        0.256658
FIRE:  427 21:41:44  -784396.312500        0.139040
FIRE:  428 21:41:44  -784396.312500        0.261300
FIRE:  429 21:41:45  -784396.312500        0.138726
FIRE:  430 21:41:45  -784396.312500        0.270927
FIRE:  431 21:41:45  -784396.312500        0.198865
FIRE:  432 21:41:45  -784396.312500        0.138024
FIRE:  433 21:41:45  -784396.312500        0.233615
FIRE:  434 21:41:45  -784396.312500        0.342593
FIRE:  435 21:41:45  -784396.312500        0.467105
FIRE:  436 21:41:45  -784396.312500        0.346139
FIRE:  437 21:41:45  -784396.312500        0.345727
FIRE:  438 21:41:45  -784396.312500        2.698005
FIRE:  439 21:41:45  -784396.312500        0.348182
FIRE:  440 21:41:45  -784396.312500        0.347926
FIRE:  441 21:41:45  -784396.187500        0.347430
FIRE:  442 21:41:45  -784396.312500        0.346681
FIRE:  443 21:41:46  -784396.312500        0.345688
FIRE:  444 21:41:46  -784396.312500        0.285779
FIRE:  445 21:41:46  -784396.312500        0.671362
FIRE:  446 21:41:46  -784396.312500        0.688228
FIRE:  447 21:41:46  -784396.312500        0.306900
FIRE:  448 21:41:46  -784396.312500        0.345378
FIRE:  449 21:41:46  -784396.312500        0.345857
FIRE:  450 21:41:46  -784396.312500        0.345547
FIRE:  451 21:41:46  -784396.312500        0.135185
FIRE:  452 21:41:46  -784396.312500        0.626268
FIRE:  453 21:41:46  -784396.312500        0.135051
FIRE:  454 21:41:46  -784396.312500        0.344581
FIRE:  455 21:41:46  -784396.312500        0.149403
FIRE:  456 21:41:46  -784396.312500        0.334652
FIRE:  457 21:41:46  -784396.312500        0.344372
FIRE:  458 21:41:47  -784396.250000        0.342758
FIRE:  459 21:41:47  -784396.312500        2.255814
FIRE:  460 21:41:47  -784396.312500        0.342295
FIRE:  461 21:41:47  -784396.312500        0.342123
FIRE:  462 21:41:47  -784396.312500        0.315063
FIRE:  463 21:41:47  -784396.312500        0.137632
FIRE:  464 21:41:47  -784396.312500        0.303965
FIRE:  465 21:41:47  -784396.312500        0.403300
FIRE:  466 21:41:47  -784396.312500        0.346341
FIRE:  467 21:41:47  -784396.312500        0.166561
FIRE:  468 21:41:47  -784396.312500        0.208942
FIRE:  469 21:41:47  -784396.250000        0.341904
FIRE:  470 21:41:47  -784396.250000        0.232022
FIRE:  471 21:41:47  -784396.312500        0.195310
FIRE:  472 21:41:48  -784396.312500        0.308318
FIRE:  473 21:41:48  -784396.312500        0.140314
FIRE:  474 21:41:48  -784396.312500        0.306602
FIRE:  475 21:41:48  -784396.312500        0.182250
FIRE:  476 21:41:48  -784396.250000        0.188624
FIRE:  477 21:41:48  -784396.312500        0.341594
FIRE:  478 21:41:48  -784396.312500        0.450068
FIRE:  479 21:41:48  -784396.312500        0.342080
FIRE:  480 21:41:48  -784396.312500        0.246999
FIRE:  481 21:41:48  -784396.312500        1.825563
FIRE:  482 21:41:48  -784396.312500        0.353924
FIRE:  483 21:41:48  -784396.312500        0.364767
FIRE:  484 21:41:48  -784396.312500        0.367158
FIRE:  485 21:41:48  -784396.375000        0.359246
FIRE:  486 21:41:49  -784396.375000        0.339837
FIRE:  487 21:41:49  -784396.375000        4.903665
FIRE:  488 21:41:49  -784396.375000        0.342415
FIRE:  489 21:41:49  -784396.375000        0.341910
FIRE:  490 21:41:49  -784396.375000        0.340906
FIRE:  491 21:41:49  -784396.375000        0.339410
FIRE:  492 21:41:49  -784396.375000        0.337424
FIRE:  493 21:41:49  -784396.375000        0.334969
FIRE:  494 21:41:49  -784396.375000        0.332049
FIRE:  495 21:41:49  -784396.375000        0.328701
FIRE:  496 21:41:49  -784396.312500        0.324512
FIRE:  497 21:41:49  -784396.312500        0.538115
FIRE:  498 21:41:49  -784396.312500        0.346287
FIRE:  499 21:41:49  -784396.375000        0.129549
FIRE:  500 21:41:50  -784396.375000        0.320679
FIRE:  501 21:41:50  -784396.375000        0.320930
FIRE:  502 21:41:50  -784396.375000        0.320953
FIRE:  503 21:41:50  -784396.375000        0.199381
FIRE:  504 21:41:50  -784396.375000        0.152089
FIRE:  505 21:41:50  -784396.375000        0.329234
FIRE:  506 21:41:50  -784396.375000        0.262178
FIRE:  507 21:41:50  -784396.375000        0.128882
FIRE:  508 21:41:50  -784396.375000        0.322764
FIRE:  509 21:41:50  -784396.375000        0.128521
FIRE:  510 21:41:50  -784396.375000        0.311511
FIRE:  511 21:41:50  -784396.250000        0.127935
FIRE:  512 21:41:50  -784396.375000        0.257641
FIRE:  513 21:41:50  -784396.375000        0.413806
FIRE:  514 21:41:50  -784396.375000        0.325904
FIRE:  515 21:41:51  -784396.375000        0.126054
FIRE:  516 21:41:51  -784396.375000        0.307891
FIRE:  517 21:41:51  -784396.375000        0.330979
FIRE:  518 21:41:51  -784396.375000        0.331204
FIRE:  519 21:41:51  -784396.375000        3.010026
FIRE:  520 21:41:51  -784396.375000        0.335007
FIRE:  521 21:41:51  -784396.375000        0.334806
FIRE:  522 21:41:51  -784396.375000        0.334403
FIRE:  523 21:41:51  -784396.375000        0.333812
FIRE:  524 21:41:51  -784396.375000        0.333024
FIRE:  525 21:41:51  -784396.375000        0.207718
FIRE:  526 21:41:51  -784396.375000        0.577146
FIRE:  527 21:41:51  -784396.312500        0.517283
FIRE:  528 21:41:51  -784396.375000        0.406248
FIRE:  529 21:41:52  -784396.375000        0.253615
FIRE:  530 21:41:52  -784396.375000        0.122582
FIRE:  531 21:41:52  -784396.375000        0.165382
FIRE:  532 21:41:52  -784396.375000        0.288752
FIRE:  533 21:41:52  -784396.312500        0.332337
FIRE:  534 21:41:52  -784396.375000        0.332360
FIRE:  535 21:41:52  -784396.375000        0.300282
FIRE:  536 21:41:52  -784396.375000        0.161293
FIRE:  537 21:41:52  -784396.375000        0.122511
FIRE:  538 21:41:52  -784396.375000        0.261964
FIRE:  539 21:41:52  -784396.375000        0.288051
FIRE:  540 21:41:52  -784396.375000        0.151060
FIRE:  541 21:41:52  -784396.375000        0.166858
FIRE:  542 21:41:52  -784396.375000        0.268380
FIRE:  543 21:41:53  -784396.375000        0.122187
FIRE:  544 21:41:53  -784396.312500        0.243079
FIRE:  545 21:41:53  -784396.375000        0.143270
FIRE:  546 21:41:53  -784396.375000        0.275973
FIRE:  547 21:41:53  -784396.375000        0.121743
FIRE:  548 21:41:53  -784396.375000        0.225261
FIRE:  549 21:41:53  -784396.375000        0.333875
FIRE:  550 21:41:53  -784396.375000        0.375515
FIRE:  551 21:41:53  -784396.375000        0.335050
FIRE:  552 21:41:53  -784396.375000        0.206508
FIRE:  553 21:41:53  -784396.312500        0.335615
FIRE:  554 21:41:53  -784396.437500        1.874001
FIRE:  555 21:41:53  -784396.437500        0.353738
FIRE:  556 21:41:53  -784396.437500        0.368014
FIRE:  557 21:41:54  -784396.437500        0.373622
FIRE:  558 21:41:54  -784396.437500        0.368567
FIRE:  559 21:41:54  -784396.437500        0.351560
FIRE:  560 21:41:54  -784396.437500        5.319770
FIRE:  561 21:41:54  -784396.437500        0.361292
FIRE:  562 21:41:54  -784396.437500        0.360708
FIRE:  563 21:41:54  -784396.437500        0.359543
FIRE:  564 21:41:54  -784396.437500        0.357817
FIRE:  565 21:41:54  -784396.437500        0.355525
FIRE:  566 21:41:54  -784396.437500        0.352686
FIRE:  567 21:41:54  -784396.437500        0.349324
FIRE:  568 21:41:54  -784396.437500        0.345477
FIRE:  569 21:41:54  -784396.375000        0.340667
FIRE:  570 21:41:54  -784396.437500        0.334737
FIRE:  571 21:41:55  -784396.437500        4.534977
FIRE:  572 21:41:55  -784396.437500        2.550828
FIRE:  573 21:41:55  -784396.437500        0.336707
FIRE:  574 21:41:55  -784396.437500        0.336657
FIRE:  575 21:41:55  -784396.437500        0.336541
FIRE:  576 21:41:55  -784396.437500        0.336389
FIRE:  577 21:41:55  -784396.437500        0.336177
FIRE:  578 21:41:55  -784396.437500        0.335906
FIRE:  579 21:41:55  -784396.437500        0.335596
FIRE:  580 21:41:55  -784396.437500        0.270391
FIRE:  581 21:41:55  -784396.437500        0.174585
FIRE:  582 21:41:55  -784396.437500        0.501600
FIRE:  583 21:41:55  -784396.437500        0.476314
FIRE:  584 21:41:55  -784396.437500        0.425734
FIRE:  585 21:41:55  -784396.437500        0.354303
FIRE:  586 21:41:56  -784396.375000        0.266600
FIRE:  587 21:41:56  -784396.437500        0.167432
FIRE:  588 21:41:56  -784396.437500        0.113783
FIRE:  589 21:41:56  -784396.437500        0.113738
FIRE:  590 21:41:56  -784396.437500        0.176971
FIRE:  591 21:41:56  -784396.437500        0.244234
FIRE:  592 21:41:56  -784396.437500        0.276233
FIRE:  593 21:41:56  -784396.437500        0.262592
FIRE:  594 21:41:56  -784396.437500        0.197072
FIRE:  595 21:41:56  -784396.437500        0.113651
FIRE:  596 21:41:56  -784396.437500        0.113678
FIRE:  597 21:41:56  -784396.437500        0.201682
FIRE:  598 21:41:56  -784396.437500        0.211615
FIRE:  599 21:41:56  -784396.437500        0.113555
FIRE:  600 21:41:57  -784396.437500        0.113425
FIRE:  601 21:41:57  -784396.437500        0.200753
FIRE:  602 21:41:57  -784396.375000        0.113266
FIRE:  603 21:41:57  -784396.437500        0.148821
FIRE:  604 21:41:57  -784396.437500        0.152462
FIRE:  605 21:41:57  -784396.375000        0.144163
FIRE:  606 21:41:57  -784396.437500        0.113283
FIRE:  607 21:41:57  -784396.437500        0.218571
FIRE:  608 21:41:57  -784396.437500        0.194290
FIRE:  609 21:41:57  -784396.437500        0.174490
FIRE:  610 21:41:57  -784396.437500        0.291999
FIRE:  611 21:41:57  -784396.437500        0.809080
FIRE:  612 21:41:57  -784396.437500        0.349686
FIRE:  613 21:41:57  -784396.437500        0.352570
FIRE:  614 21:41:58  -784396.437500        0.351582
FIRE:  615 21:41:58  -784396.437500        4.276221
FIRE:  616 21:41:58  -784396.437500        0.357156
FIRE:  617 21:41:58  -784396.437500        0.356938
FIRE:  618 21:41:58  -784396.437500        0.356515
FIRE:  619 21:41:58  -784396.437500        0.355868
FIRE:  620 21:41:58  -784396.437500        0.355027
FIRE:  621 21:41:58  -784396.437500        0.353973
FIRE:  622 21:41:58  -784396.437500        0.189362
FIRE:  623 21:41:58  -784396.437500        0.860668
FIRE:  624 21:41:58  -784396.437500        0.759441
FIRE:  625 21:41:58  -784396.437500        0.571671
FIRE:  626 21:41:58  -784396.437500        0.316729
FIRE:  627 21:41:58  -784396.437500        0.109796
FIRE:  628 21:41:58  -784396.500000        0.288663
FIRE:  629 21:41:59  -784396.437500        0.281227
FIRE:  630 21:41:59  -784396.437500        0.265417
FIRE:  631 21:41:59  -784396.437500        0.243111
FIRE:  632 21:41:59  -784396.437500        0.214362
FIRE:  633 21:41:59  -784396.437500        0.179234
FIRE:  634 21:41:59  -784396.437500        0.142508
FIRE:  635 21:41:59  -784396.437500        0.109768
FIRE:  636 21:41:59  -784396.500000        0.109779
FIRE:  637 21:41:59  -784396.437500        0.109790
FIRE:  638 21:41:59  -784396.437500        0.109800
FIRE:  639 21:41:59  -784396.437500        0.131389
FIRE:  640 21:41:59  -784396.437500        0.152279
FIRE:  641 21:41:59  -784396.437500        0.153182
FIRE:  642 21:41:59  -784396.437500        0.133194
FIRE:  643 21:41:59  -784396.500000        0.109774
FIRE:  644 21:41:59  -784396.437500        0.109748
FIRE:  645 21:41:59  -784396.500000        0.109722
FIRE:  646 21:42:00  -784396.437500        0.130708
FIRE:  647 21:42:00  -784396.437500        0.109923
FIRE:  648 21:42:00  -784396.437500        0.109693
FIRE:  649 21:42:00  -784396.437500        0.109694
FIRE:  650 21:42:00  -784396.437500        0.110536
FIRE:  651 21:42:00  -784396.437500        0.109612
FIRE:  652 21:42:00  -784396.437500        0.115476
FIRE:  653 21:42:00  -784396.437500        0.109520
FIRE:  654 21:42:00  -784396.437500        0.115757
FIRE:  655 21:42:00  -784396.500000        0.109399
FIRE:  656 21:42:00  -784396.500000        0.109301
FIRE:  657 21:42:00  -784396.500000        0.155476
FIRE:  658 21:42:00  -784396.500000        0.226724
FIRE:  659 21:42:00  -784396.500000        0.455627
FIRE:  660 21:42:00  -784396.500000        0.356563
FIRE:  661 21:42:00  -784396.500000        0.356379
FIRE:  662 21:42:00  -784396.500000        2.391124
FIRE:  663 21:42:01  -784396.500000        0.357160
FIRE:  664 21:42:01  -784396.500000        0.357020
FIRE:  665 21:42:01  -784396.500000        0.356741
FIRE:  666 21:42:01  -784396.500000        0.108544
FIRE:  667 21:42:01  -784396.500000        0.304776
FIRE:  668 21:42:01  -784396.500000        0.456134
FIRE:  669 21:42:01  -784396.500000        0.407902
FIRE:  670 21:42:01  -784396.500000        0.198995
FIRE:  671 21:42:01  -784396.500000        0.178046
FIRE:  672 21:42:01  -784396.562500        0.356925
FIRE:  673 21:42:01  -784396.500000        0.299643
FIRE:  674 21:42:01  -784396.500000        0.122631
FIRE:  675 21:42:01  -784396.500000        0.346607
FIRE:  676 21:42:01  -784396.500000        0.108482
FIRE:  677 21:42:01  -784396.500000        0.357481
FIRE:  678 21:42:01  -784396.500000        0.108423
FIRE:  679 21:42:01  -784396.500000        0.333664
FIRE:  680 21:42:02  -784396.500000        0.358113
FIRE:  681 21:42:02  -784396.437500        0.195037
FIRE:  682 21:42:02  -784396.500000        0.155140
FIRE:  683 21:42:02  -784396.500000        0.414955
FIRE:  684 21:42:02  -784396.500000        0.361499
FIRE:  685 21:42:02  -784396.500000        0.361228
FIRE:  686 21:42:02  -784396.500000        2.834117
FIRE:  687 21:42:02  -784396.500000        0.363242
FIRE:  688 21:42:02  -784396.500000        0.363047
FIRE:  689 21:42:02  -784396.500000        0.362668
FIRE:  690 21:42:02  -784396.500000        0.362096
FIRE:  691 21:42:02  -784396.500000        0.361349
FIRE:  692 21:42:02  -784396.500000        0.220543
FIRE:  693 21:42:02  -784396.500000        0.732716
FIRE:  694 21:42:02  -784396.500000        0.656417
FIRE:  695 21:42:02  -784396.500000        0.510789
FIRE:  696 21:42:02  -784396.500000        0.312283
FIRE:  697 21:42:03  -784396.500000        0.108677
FIRE:  698 21:42:03  -784396.500000        0.190303
FIRE:  699 21:42:03  -784396.500000        0.361699
FIRE:  700 21:42:03  -784396.500000        0.361267
FIRE:  701 21:42:03  -784396.562500        0.361306
FIRE:  702 21:42:03  -784396.500000        0.361253
FIRE:  703 21:42:03  -784396.500000        0.260905
FIRE:  704 21:42:03  -784396.500000        0.108695
FIRE:  705 21:42:03  -784396.500000        0.260752
FIRE:  706 21:42:03  -784396.437500        0.361950
FIRE:  707 21:42:03  -784396.500000        0.259816
FIRE:  708 21:42:03  -784396.500000        0.108740
FIRE:  709 21:42:03  -784396.562500        0.312164
FIRE:  710 21:42:03  -784396.500000        0.220634
FIRE:  711 21:42:03  -784396.437500        0.201742
FIRE:  712 21:42:03  -784396.500000        0.261609
FIRE:  713 21:42:03  -784396.500000        0.214310
FIRE:  714 21:42:04  -784396.500000        0.164765
FIRE:  715 21:42:04  -784396.500000        0.367636
FIRE:  716 21:42:04  -784396.500000        0.362590
FIRE:  717 21:42:04  -784396.500000        0.371446
FIRE:  718 21:42:04  -784396.500000        0.363710
FIRE:  719 21:42:04  -784396.437500        0.348896
FIRE:  720 21:42:04  -784396.500000        0.365188
FIRE:  721 21:42:04  -784396.500000        0.567466
FIRE:  722 21:42:04  -784396.500000        0.369280
FIRE:  723 21:42:04  -784396.562500        0.369382
FIRE:  724 21:42:04  -784396.500000        3.076791
FIRE:  725 21:42:04  -784396.500000        0.373823
FIRE:  726 21:42:04  -784396.500000        0.373532
FIRE:  727 21:42:04  -784396.500000        0.372939
FIRE:  728 21:42:04  -784396.500000        0.372045
FIRE:  729 21:42:04  -784396.562500        0.370869
FIRE:  730 21:42:04  -784396.500000        0.369396
FIRE:  731 21:42:05  -784396.500000        0.233075
FIRE:  732 21:42:05  -784396.500000        1.293071
FIRE:  733 21:42:05  -784396.500000        1.084848
FIRE:  734 21:42:05  -784396.500000        0.700210
FIRE:  735 21:42:05  -784396.500000        0.198976
FIRE:  736 21:42:05  -784396.500000        0.367908
FIRE:  737 21:42:05  -784396.500000        0.368461
FIRE:  738 21:42:05  -784396.500000        0.330560
FIRE:  739 21:42:05  -784396.500000        0.288455
FIRE:  740 21:42:05  -784396.500000        0.237906
FIRE:  741 21:42:05  -784396.562500        0.179120
FIRE:  742 21:42:05  -784396.500000        0.116126
FIRE:  743 21:42:05  -784396.500000        0.116150
FIRE:  744 21:42:05  -784396.500000        0.116179
FIRE:  745 21:42:05  -784396.500000        0.135966
FIRE:  746 21:42:05  -784396.500000        0.178202
FIRE:  747 21:42:05  -784396.500000        0.199908
FIRE:  748 21:42:06  -784396.500000        0.192361
FIRE:  749 21:42:06  -784396.500000        0.146222
FIRE:  750 21:42:06  -784396.500000        0.116287
FIRE:  751 21:42:06  -784396.500000        0.116296
FIRE:  752 21:42:06  -784396.500000        0.151962
FIRE:  753 21:42:06  -784396.500000        0.164194
FIRE:  754 21:42:06  -784396.500000        0.116451
FIRE:  755 21:42:06  -784396.500000        0.116560
FIRE:  756 21:42:06  -784396.500000        0.150810
FIRE:  757 21:42:06  -784396.500000        0.116762
FIRE:  758 21:42:06  -784396.500000        0.116844
FIRE:  759 21:42:06  -784396.500000        0.130903
FIRE:  760 21:42:06  -784396.500000        0.117187
FIRE:  761 21:42:06  -784396.500000        0.117366
FIRE:  762 21:42:06  -784396.500000        0.154701
FIRE:  763 21:42:06  -784396.500000        0.117660
FIRE:  764 21:42:06  -784396.500000        0.117668
FIRE:  765 21:42:07  -784396.500000        0.117494
FIRE:  766 21:42:07  -784396.500000        0.116912
FIRE:  767 21:42:07  -784396.687500        0.371525
FIRE:  768 21:42:07  -784396.500000        1.663158
FIRE:  769 21:42:07  -784396.562500        0.381968
FIRE:  770 21:42:07  -784396.187500        0.389597
FIRE:  771 21:42:07  -784395.437500        0.391096
FIRE:  772 21:42:07  -784395.500000        0.385037
FIRE:  773 21:42:07  -784395.500000        1.040106
FIRE:  774 21:42:07  -784395.500000        0.374353
FIRE:  775 21:42:07  -784395.500000        0.373975
FIRE:  776 21:42:07  -784395.500000        0.373236
FIRE:  777 21:42:07  -784395.500000        0.372126
FIRE:  778 21:42:07  -784395.500000        0.547590
FIRE:  779 21:42:07  -784395.500000        0.442287
FIRE:  780 21:42:07  -784395.500000        0.252426
FIRE:  781 21:42:08  -784395.500000        0.081559
