      Step     Time          Energy          fmax
FIRE:    0 15:48:40  -122726.734375        2.092461
FIRE:    1 15:48:41  -122727.156250        1.523878
FIRE:    2 15:48:44  -122727.476562        1.475869
FIRE:    3 15:48:44  -122727.820312        1.604910
FIRE:    4 15:48:44  -122728.093750        1.729091
FIRE:    5 15:48:45  -122728.351562        1.001989
FIRE:    6 15:48:45  -122728.578125        0.883001
FIRE:    7 15:48:45  -122728.773438        1.249606
FIRE:    8 15:48:45  -122729.046875        1.142115
FIRE:    9 15:48:45  -122729.328125        0.813580
FIRE:   10 15:48:45  -122729.500000        1.019699
FIRE:   11 15:48:45  -122729.703125        0.985638
FIRE:   12 15:48:45  -122729.945312        0.459122
FIRE:   13 15:48:46  -122730.148438        0.886378
FIRE:   14 15:48:46  -122730.281250        0.673556
FIRE:   15 15:48:46  -122730.507812        0.508011
FIRE:   16 15:48:46  -122730.625000        0.547102
FIRE:   17 15:48:46  -122730.859375        0.464018
FIRE:   18 15:48:47  -122730.945312        0.671251
FIRE:   19 15:48:47  -122731.054688        0.918285
FIRE:   20 15:48:47  -122731.156250        1.355675
FIRE:   21 15:48:47  -122730.906250        3.217531
FIRE:   22 15:48:47  -122731.281250        0.616018
FIRE:   23 15:48:47  -122731.007812        3.115780
FIRE:   24 15:48:47  -122731.125000        2.311792
FIRE:   25 15:48:48  -122731.250000        0.992193
FIRE:   26 15:48:48  -122731.265625        0.494774
FIRE:   27 15:48:48  -122731.312500        0.469819
FIRE:   28 15:48:48  -122731.257812        0.421172
FIRE:   29 15:48:48  -122731.281250        0.351556
FIRE:   30 15:48:48  -122731.273438        0.295071
FIRE:   31 15:48:48  -122731.273438        0.290621
FIRE:   32 15:48:48  -122731.281250        0.286000
FIRE:   33 15:48:48  -122731.281250        0.281609
FIRE:   34 15:48:48  -122731.273438        0.277501
FIRE:   35 15:48:48  -122731.281250        0.274203
FIRE:   36 15:48:48  -122731.296875        0.274090
FIRE:   37 15:48:48  -122731.343750        0.271859
FIRE:   38 15:48:48  -122731.304688        0.273593
FIRE:   39 15:48:48  -122731.320312        0.277028
FIRE:   40 15:48:48  -122731.328125        0.280721
FIRE:   41 15:48:48  -122731.328125        0.282221
FIRE:   42 15:48:48  -122731.335938        0.278824
FIRE:   43 15:48:48  -122731.359375        0.269574
FIRE:   44 15:48:49  -122731.375000        0.257196
FIRE:   45 15:48:49  -122731.406250        0.247276
FIRE:   46 15:48:49  -122731.429688        0.242256
FIRE:   47 15:48:49  -122731.453125        0.235161
FIRE:   48 15:48:49  -122731.492188        0.215240
FIRE:   49 15:48:49  -122731.531250        0.186404
FIRE:   50 15:48:49  -122731.585938        0.167150
FIRE:   51 15:48:49  -122731.640625        0.194007
FIRE:   52 15:48:49  -122731.703125        0.262523
FIRE:   53 15:48:49  -122731.757812        0.344449
FIRE:   54 15:48:49  -122731.843750        0.613283
FIRE:   55 15:48:49  -122731.890625        1.343132
FIRE:   56 15:48:49  -122731.945312        0.164303
FIRE:   57 15:48:49  -122731.914062        1.226005
FIRE:   58 15:48:49  -122731.921875        0.927133
FIRE:   59 15:48:49  -122731.937500        0.416561
FIRE:   60 15:48:49  -122731.937500        0.206596
FIRE:   61 15:48:50  -122731.937500        0.196270
FIRE:   62 15:48:50  -122731.945312        0.176333
FIRE:   63 15:48:50  -122731.953125        0.148310
FIRE:   64 15:48:50  -122731.953125        0.114839
FIRE:   65 15:48:50  -122731.953125        0.081186
FIRE:   66 15:48:50  -122731.937500        0.081121
FIRE:   67 15:48:50  -122731.953125        0.081044
FIRE:   68 15:48:50  -122731.953125        0.088346
FIRE:   69 15:48:50  -122731.960938        0.109036
FIRE:   70 15:48:50  -122731.953125        0.116893
FIRE:   71 15:48:50  -122732.000000        0.106510
FIRE:   72 15:48:50  -122731.945312        0.080350
FIRE:   73 15:48:50  -122731.960938        0.080106
FIRE:   74 15:48:50  -122731.960938        0.079798
FIRE:   75 15:48:50  -122731.968750        0.096665
FIRE:   76 15:48:50  -122731.968750        0.084021
FIRE:   77 15:48:50  -122731.976562        0.078254
FIRE:   78 15:48:51  -122732.007812        0.077458
FIRE:   79 15:48:51  -122732.054688        0.076481
FIRE:   80 15:48:51  -122732.070312        0.075303
FIRE:   81 15:48:51  -122732.101562        0.082944
FIRE:   82 15:48:51  -122732.125000        0.072425
FIRE:   83 15:48:51  -122732.148438        0.078836
FIRE:   84 15:48:51  -122732.156250        0.071232
FIRE:   85 15:48:51  -122732.203125        0.070370
FIRE:   86 15:48:51  -122732.250000        0.084892
FIRE:   87 15:48:51  -122732.289062        0.185339
FIRE:   88 15:48:51  -122732.343750        0.468802
FIRE:   89 15:48:51  -122732.359375        1.145323
FIRE:   90 15:48:51  -122732.320312        0.143743
FIRE:   91 15:48:51  -122732.273438        1.061140
FIRE:   92 15:48:51  -122732.296875        0.793907
FIRE:   93 15:48:51  -122732.320312        0.337236
FIRE:   94 15:48:51  -122732.304688        0.280129
FIRE:   95 15:48:52  -122732.328125        0.261273
FIRE:   96 15:48:52  -122732.312500        0.225091
FIRE:   97 15:48:52  -122732.320312        0.174176
FIRE:   98 15:48:52  -122732.390625        0.113031
FIRE:   99 15:48:52  -122732.320312        0.064679
FIRE:  100 15:48:52  -122732.320312        0.064685
FIRE:  101 15:48:52  -122732.328125        0.100170
FIRE:  102 15:48:52  -122732.328125        0.142099
FIRE:  103 15:48:52  -122732.335938        0.163498
FIRE:  104 15:48:52  -122732.320312        0.157145
FIRE:  105 15:48:52  -122732.320312        0.119253
FIRE:  106 15:48:52  -122732.429688        0.067527
FIRE:  107 15:48:52  -122732.437500        0.064696
FIRE:  108 15:48:52  -122732.437500        0.113871
FIRE:  109 15:48:52  -122732.445312        0.117405
FIRE:  110 15:48:52  -122732.445312        0.078229
FIRE:  111 15:48:53  -122732.453125        0.071497
FIRE:  112 15:48:53  -122732.429688        0.117240
FIRE:  113 15:48:53  -122732.445312        0.078160
FIRE:  114 15:48:53  -122732.476562        0.089279
FIRE:  115 15:48:53  -122732.453125        0.083287
FIRE:  116 15:48:53  -122732.476562        0.097882
FIRE:  117 15:48:53  -122732.500000        0.083845
FIRE:  118 15:48:53  -122732.500000        0.109694
FIRE:  119 15:48:53  -122732.539062        0.151975
FIRE:  120 15:48:53  -122732.523438        0.207714
FIRE:  121 15:48:53  -122732.617188        0.415849
FIRE:  122 15:48:53  -122732.601562        0.992130
FIRE:  123 15:48:53  -122732.656250        0.060571
FIRE:  124 15:48:53  -122732.648438        0.850728
FIRE:  125 15:48:53  -122732.625000        0.659907
FIRE:  126 15:48:53  -122732.656250        0.319833
FIRE:  127 15:48:53  -122732.601562        0.116431
FIRE:  128 15:48:53  -122732.640625        0.110156
FIRE:  129 15:48:54  -122732.664062        0.098024
FIRE:  130 15:48:54  -122732.601562        0.080967
FIRE:  131 15:48:54  -122732.664062        0.060376
FIRE:  132 15:48:54  -122732.664062        0.058830
FIRE:  133 15:48:54  -122732.625000        0.058818
FIRE:  134 15:48:54  -122732.625000        0.058806
FIRE:  135 15:48:54  -122732.664062        0.058793
FIRE:  136 15:48:54  -122732.601562        0.068849
FIRE:  137 15:48:54  -122732.640625        0.073450
FIRE:  138 15:48:54  -122732.664062        0.066522
FIRE:  139 15:48:54  -122732.625000        0.058729
FIRE:  140 15:48:54  -122732.601562        0.058706
FIRE:  141 15:48:54  -122732.671875        0.058674
FIRE:  142 15:48:54  -122732.632812        0.058626
FIRE:  143 15:48:54  -122732.648438        0.058553
FIRE:  144 15:48:54  -122732.640625        0.058429
FIRE:  145 15:48:54  -122732.617188        0.058269
FIRE:  146 15:48:55  -122732.625000        0.058074
FIRE:  147 15:48:55  -122732.695312        0.057847
FIRE:  148 15:48:55  -122732.703125        0.057606
FIRE:  149 15:48:55  -122732.664062        0.057355
FIRE:  150 15:48:55  -122732.695312        0.057069
FIRE:  151 15:48:55  -122732.687500        0.056767
FIRE:  152 15:48:55  -122732.703125        0.056375
FIRE:  153 15:48:55  -122732.687500        0.055855
FIRE:  154 15:48:55  -122732.750000        0.106252
FIRE:  155 15:48:55  -122732.796875        0.313464
FIRE:  156 15:48:55  -122732.757812        0.969233
FIRE:  157 15:48:55  -122732.703125        2.831574
FIRE:  158 15:48:55  -122732.796875        0.399254
FIRE:  159 15:48:55  -122732.796875        0.282815
FIRE:  160 15:48:55  -122732.843750        0.087385
FIRE:  161 15:48:55  -122732.843750        0.153902
FIRE:  162 15:48:55  -122732.804688        0.144034
FIRE:  163 15:48:56  -122732.843750        0.125218
FIRE:  164 15:48:56  -122732.843750        0.098902
FIRE:  165 15:48:56  -122732.796875        0.067492
FIRE:  166 15:48:56  -122732.843750        0.052249
FIRE:  167 15:48:56  -122732.843750        0.052262
FIRE:  168 15:48:56  -122732.843750        0.052275
FIRE:  169 15:48:56  -122732.843750        0.071785
FIRE:  170 15:48:56  -122732.796875        0.081116
FIRE:  171 15:48:56  -122732.843750        0.075480
FIRE:  172 15:48:56  -122732.843750        0.054132
FIRE:  173 15:48:56  -122732.851562        0.052321
FIRE:  174 15:48:56  -122732.851562        0.052315
FIRE:  175 15:48:56  -122732.804688        0.069397
FIRE:  176 15:48:56  -122732.851562        0.058389
FIRE:  177 15:48:56  -122732.820312        0.052236
FIRE:  178 15:48:56  -122732.859375        0.053104
FIRE:  179 15:48:56  -122732.867188        0.052061
FIRE:  180 15:48:56  -122732.828125        0.051907
FIRE:  181 15:48:56  -122732.875000        0.062242
FIRE:  182 15:48:57  -122732.882812        0.051466
FIRE:  183 15:48:57  -122732.890625        0.057368
FIRE:  184 15:48:57  -122732.898438        0.054487
FIRE:  185 15:48:57  -122732.875000        0.050541
FIRE:  186 15:48:57  -122732.929688        0.050189
FIRE:  187 15:48:57  -122732.945312        0.108056
FIRE:  188 15:48:57  -122732.968750        0.310141
FIRE:  189 15:48:57  -122732.984375        0.925392
FIRE:  190 15:48:57  -122732.992188        0.048566
