      Step     Time          Energy          fmax
FIRE:    0 15:18:37  -165838.187500        4.677262
FIRE:    1 15:18:38  -165839.937500        3.649546
FIRE:    2 15:18:40  -165840.281250        2.095154
FIRE:    3 15:18:40  -165840.578125        1.764975
FIRE:    4 15:18:40  -165840.796875        2.278724
FIRE:    5 15:18:40  -165841.093750        2.139691
FIRE:    6 15:18:40  -165841.531250        1.342431
FIRE:    7 15:18:40  -165841.890625        1.296742
FIRE:    8 15:18:40  -165842.171875        1.684047
FIRE:    9 15:18:40  -165842.546875        1.221322
FIRE:   10 15:18:41  -165842.953125        0.937510
FIRE:   11 15:18:42  -165843.265625        1.455537
FIRE:   12 15:18:42  -165843.718750        0.897011
FIRE:   13 15:18:42  -165844.109375        1.548541
FIRE:   14 15:18:42  -165844.625000        0.758261
FIRE:   15 15:18:43  -165844.921875        1.122115
FIRE:   16 15:18:43  -165845.312500        0.753968
FIRE:   17 15:18:43  -165845.625000        1.112911
FIRE:   18 15:18:43  -165846.000000        0.868545
FIRE:   19 15:18:43  -165846.218750        0.916732
FIRE:   20 15:18:43  -165846.500000        0.806215
FIRE:   21 15:18:44  -165846.750000        0.849516
FIRE:   22 15:18:44  -165847.031250        0.961904
FIRE:   23 15:18:44  -165847.265625        0.695408
FIRE:   24 15:18:44  -165847.468750        0.780572
FIRE:   25 15:18:44  -165847.703125        1.191750
FIRE:   26 15:18:44  -165847.890625        1.427486
FIRE:   27 15:18:44  -165848.046875        1.792983
FIRE:   28 15:18:44  -165847.718750        4.680505
FIRE:   29 15:18:44  -165848.156250        0.723475
FIRE:   30 15:18:44  -165847.796875        5.642365
FIRE:   31 15:18:44  -165847.984375        3.767880
FIRE:   32 15:18:44  -165848.062500        1.018467
FIRE:   33 15:18:44  -165848.078125        1.563989
FIRE:   34 15:18:44  -165848.078125        1.471017
FIRE:   35 15:18:44  -165848.093750        1.288855
FIRE:   36 15:18:44  -165848.078125        1.025749
FIRE:   37 15:18:44  -165848.171875        0.709137
FIRE:   38 15:18:44  -165848.171875        0.400403
FIRE:   39 15:18:44  -165848.203125        0.209445
FIRE:   40 15:18:44  -165848.203125        0.473523
FIRE:   41 15:18:45  -165848.187500        0.758972
FIRE:   42 15:18:45  -165848.218750        0.937648
FIRE:   43 15:18:45  -165848.203125        0.961746
FIRE:   44 15:18:45  -165848.218750        0.799503
FIRE:   45 15:18:45  -165848.156250        0.453185
FIRE:   46 15:18:45  -165848.171875        0.203816
FIRE:   47 15:18:45  -165848.265625        0.508234
FIRE:   48 15:18:45  -165848.203125        0.694837
FIRE:   49 15:18:45  -165848.218750        0.524360
FIRE:   50 15:18:45  -165848.250000        0.196488
FIRE:   51 15:18:45  -165848.359375        0.570240
FIRE:   52 15:18:45  -165848.296875        0.589823
FIRE:   53 15:18:45  -165848.343750        0.199545
FIRE:   54 15:18:45  -165848.359375        0.547569
FIRE:   55 15:18:45  -165848.437500        0.206073
FIRE:   56 15:18:45  -165848.546875        0.662473
FIRE:   57 15:18:45  -165848.640625        0.247197
FIRE:   58 15:18:45  -165848.734375        0.374682
FIRE:   59 15:18:45  -165848.765625        0.878953
FIRE:   60 15:18:45  -165848.937500        1.240598
FIRE:   61 15:18:46  -165849.046875        2.309075
FIRE:   62 15:18:46  -165849.093750        0.169647
FIRE:   63 15:18:46  -165849.062500        1.768179
FIRE:   64 15:18:46  -165849.078125        1.413935
FIRE:   65 15:18:46  -165849.093750        0.754750
FIRE:   66 15:18:46  -165849.109375        0.140676
FIRE:   67 15:18:46  -165849.093750        0.866700
FIRE:   68 15:18:46  -165849.093750        0.816564
FIRE:   69 15:18:46  -165849.093750        0.719591
FIRE:   70 15:18:46  -165849.125000        0.587578
FIRE:   71 15:18:46  -165849.109375        0.431939
FIRE:   72 15:18:46  -165849.109375        0.262629
FIRE:   73 15:18:46  -165849.109375        0.139836
FIRE:   74 15:18:46  -165849.125000        0.179248
FIRE:   75 15:18:46  -165849.109375        0.284667
FIRE:   76 15:18:46  -165849.125000        0.386025
FIRE:   77 15:18:46  -165849.140625        0.430927
FIRE:   78 15:18:46  -165849.140625        0.397576
FIRE:   79 15:18:46  -165849.125000        0.288445
FIRE:   80 15:18:47  -165849.140625        0.151873
FIRE:   81 15:18:47  -165849.140625        0.189526
FIRE:   82 15:18:47  -165849.140625        0.343846
FIRE:   83 15:18:47  -165849.156250        0.353748
FIRE:   84 15:18:47  -165849.171875        0.184533
FIRE:   85 15:18:47  -165849.171875        0.191700
FIRE:   86 15:18:47  -165849.203125        0.298853
FIRE:   87 15:18:47  -165849.234375        0.178955
FIRE:   88 15:18:47  -165849.265625        0.258880
FIRE:   89 15:18:47  -165849.296875        0.255328
FIRE:   90 15:18:47  -165849.328125        0.232367
FIRE:   91 15:18:47  -165849.375000        0.183637
FIRE:   92 15:18:47  -165849.437500        0.377371
FIRE:   93 15:18:47  -165849.500000        0.327768
FIRE:   94 15:18:47  -165849.593750        0.330407
FIRE:   95 15:18:47  -165849.656250        0.590927
FIRE:   96 15:18:47  -165849.812500        1.748159
FIRE:   97 15:18:47  -165849.718750        4.544010
FIRE:   98 15:18:48  -165849.906250        0.314463
FIRE:   99 15:18:48  -165849.750000        5.681014
FIRE:  100 15:18:48  -165849.859375        3.630040
FIRE:  101 15:18:48  -165849.953125        0.691195
FIRE:  102 15:18:48  -165849.937500        1.907373
FIRE:  103 15:18:48  -165849.937500        1.789281
FIRE:  104 15:18:48  -165849.953125        1.557534
FIRE:  105 15:18:48  -165849.953125        1.221768
FIRE:  106 15:18:48  -165849.953125        0.797398
FIRE:  107 15:18:48  -165849.953125        0.324646
FIRE:  108 15:18:48  -165849.968750        0.203445
FIRE:  109 15:18:48  -165849.953125        0.640852
FIRE:  110 15:18:48  -165849.937500        0.629565
FIRE:  111 15:18:48  -165849.937500        0.607384
FIRE:  112 15:18:48  -165849.968750        0.574530
FIRE:  113 15:18:48  -165849.968750        0.532013
FIRE:  114 15:18:48  -165849.968750        0.480641
FIRE:  115 15:18:48  -165849.937500        0.421633
FIRE:  116 15:18:49  -165849.968750        0.356480
FIRE:  117 15:18:49  -165849.984375        0.279411
FIRE:  118 15:18:49  -165849.968750        0.191158
FIRE:  119 15:18:49  -165849.937500        0.132821
FIRE:  120 15:18:49  -165849.984375        0.132695
FIRE:  121 15:18:49  -165850.000000        0.132561
FIRE:  122 15:18:49  -165849.984375        0.199860
FIRE:  123 15:18:49  -165849.968750        0.256127
FIRE:  124 15:18:49  -165849.984375        0.279829
FIRE:  125 15:18:49  -165849.984375        0.257266
FIRE:  126 15:18:49  -165849.968750        0.183229
FIRE:  127 15:18:49  -165850.000000        0.131896
FIRE:  128 15:18:49  -165850.000000        0.131796
FIRE:  129 15:18:49  -165850.015625        0.199517
FIRE:  130 15:18:49  -165850.015625        0.228458
FIRE:  131 15:18:49  -165850.015625        0.139641
FIRE:  132 15:18:49  -165850.015625        0.130228
FIRE:  133 15:18:50  -165850.000000        0.187301
FIRE:  134 15:18:50  -165850.031250        0.161555
FIRE:  135 15:18:50  -165850.031250        0.128177
FIRE:  136 15:18:50  -165850.109375        0.197299
FIRE:  137 15:18:50  -165850.062500        0.126258
FIRE:  138 15:18:50  -165850.140625        0.189276
FIRE:  139 15:18:50  -165850.171875        0.124229
FIRE:  140 15:18:50  -165850.218750        0.160939
FIRE:  141 15:18:50  -165850.234375        0.270014
FIRE:  142 15:18:50  -165850.328125        0.415795
FIRE:  143 15:18:50  -165850.390625        0.784685
FIRE:  144 15:18:50  -165850.453125        1.929710
FIRE:  145 15:18:50  -165850.421875        4.542452
FIRE:  146 15:18:50  -165850.562500        0.392274
FIRE:  147 15:18:50  -165850.406250        5.636438
FIRE:  148 15:18:50  -165850.500000        3.638443
FIRE:  149 15:18:50  -165850.531250        0.754123
FIRE:  150 15:18:50  -165850.546875        1.835801
FIRE:  151 15:18:51  -165850.546875        1.723669
FIRE:  152 15:18:51  -165850.515625        1.503865
FIRE:  153 15:18:51  -165850.546875        1.185265
FIRE:  154 15:18:51  -165850.546875        0.782645
FIRE:  155 15:18:51  -165850.562500        0.329567
FIRE:  156 15:18:51  -165850.562500        0.169129
FIRE:  157 15:18:51  -165850.562500        0.590158
FIRE:  158 15:18:51  -165850.593750        0.580003
FIRE:  159 15:18:51  -165850.593750        0.559835
FIRE:  160 15:18:51  -165850.562500        0.530282
FIRE:  161 15:18:51  -165850.593750        0.491790
FIRE:  162 15:18:51  -165850.593750        0.445250
FIRE:  163 15:18:51  -165850.562500        0.391767
FIRE:  164 15:18:51  -165850.593750        0.332566
FIRE:  165 15:18:51  -165850.546875        0.262376
FIRE:  166 15:18:51  -165850.546875        0.181714
FIRE:  167 15:18:51  -165850.578125        0.114155
FIRE:  168 15:18:51  -165850.562500        0.114054
FIRE:  169 15:18:51  -165850.578125        0.115312
FIRE:  170 15:18:52  -165850.562500        0.178947
FIRE:  171 15:18:52  -165850.593750        0.233800
FIRE:  172 15:18:52  -165850.593750        0.259125
FIRE:  173 15:18:52  -165850.546875        0.242393
FIRE:  174 15:18:52  -165850.578125        0.178079
FIRE:  175 15:18:52  -165850.578125        0.113560
FIRE:  176 15:18:52  -165850.593750        0.113521
FIRE:  177 15:18:52  -165850.578125        0.174429
FIRE:  178 15:18:52  -165850.593750        0.209446
FIRE:  179 15:18:52  -165850.593750        0.136903
FIRE:  180 15:18:52  -165850.625000        0.112310
FIRE:  181 15:18:52  -165850.578125        0.168327
FIRE:  182 15:18:52  -165850.562500        0.161724
FIRE:  183 15:18:52  -165850.578125        0.110104
FIRE:  184 15:18:52  -165850.609375        0.177228
FIRE:  185 15:18:52  -165850.656250        0.107680
FIRE:  186 15:18:52  -165850.671875        0.175560
FIRE:  187 15:18:52  -165850.687500        0.104551
FIRE:  188 15:18:52  -165850.734375        0.175366
FIRE:  189 15:18:53  -165850.781250        0.248366
FIRE:  190 15:18:53  -165850.781250        0.322878
FIRE:  191 15:18:53  -165850.875000        0.593997
FIRE:  192 15:18:53  -165850.906250        1.495713
FIRE:  193 15:18:53  -165850.906250        3.671114
FIRE:  194 15:18:53  -165851.000000        0.242375
FIRE:  195 15:18:53  -165850.937500        4.240215
FIRE:  196 15:18:53  -165850.953125        2.840345
FIRE:  197 15:18:53  -165851.000000        0.720047
FIRE:  198 15:18:53  -165851.000000        1.309074
FIRE:  199 15:18:53  -165850.984375        1.227793
FIRE:  200 15:18:53  -165851.000000        1.069102
FIRE:  201 15:18:53  -165851.015625        0.840701
FIRE:  202 15:18:53  -165851.015625        0.554775
FIRE:  203 15:18:53  -165851.000000        0.230112
FIRE:  204 15:18:53  -165851.015625        0.105892
FIRE:  205 15:18:53  -165851.000000        0.395717
FIRE:  206 15:18:53  -165851.015625        0.389060
FIRE:  207 15:18:54  -165851.000000        0.375851
FIRE:  208 15:18:54  -165851.000000        0.356285
FIRE:  209 15:18:54  -165851.000000        0.330921
FIRE:  210 15:18:54  -165851.000000        0.300203
FIRE:  211 15:18:54  -165851.000000        0.264947
FIRE:  212 15:18:54  -165851.015625        0.225880
FIRE:  213 15:18:54  -165851.000000        0.179725
FIRE:  214 15:18:54  -165851.015625        0.126513
FIRE:  215 15:18:54  -165851.000000        0.100656
FIRE:  216 15:18:54  -165851.015625        0.100614
FIRE:  217 15:18:54  -165850.984375        0.100567
FIRE:  218 15:18:54  -165851.000000        0.116053
FIRE:  219 15:18:54  -165851.015625        0.157504
FIRE:  220 15:18:54  -165851.015625        0.177659
FIRE:  221 15:18:54  -165851.015625        0.169386
FIRE:  222 15:18:54  -165851.015625        0.128592
FIRE:  223 15:18:54  -165851.031250        0.100277
FIRE:  224 15:18:54  -165851.015625        0.100217
FIRE:  225 15:18:54  -165851.015625        0.111081
FIRE:  226 15:18:55  -165851.046875        0.139205
FIRE:  227 15:18:55  -165851.046875        0.099770
FIRE:  228 15:18:55  -165851.031250        0.099496
FIRE:  229 15:18:55  -165851.046875        0.113902
FIRE:  230 15:18:55  -165851.046875        0.115849
FIRE:  231 15:18:55  -165851.062500        0.098525
FIRE:  232 15:18:55  -165851.093750        0.116480
FIRE:  233 15:18:55  -165851.093750        0.097850
FIRE:  234 15:18:55  -165851.109375        0.119478
FIRE:  235 15:18:55  -165851.140625        0.097667
FIRE:  236 15:18:55  -165851.156250        0.120739
FIRE:  237 15:18:55  -165851.171875        0.167587
FIRE:  238 15:18:55  -165851.218750        0.215941
FIRE:  239 15:18:55  -165851.281250        0.427723
FIRE:  240 15:18:55  -165851.328125        1.165843
FIRE:  241 15:18:55  -165851.312500        3.013885
FIRE:  242 15:18:55  -165851.375000        0.170434
FIRE:  243 15:18:55  -165851.359375        3.298740
FIRE:  244 15:18:56  -165851.343750        2.269402
FIRE:  245 15:18:56  -165851.406250        0.658235
FIRE:  246 15:18:56  -165851.375000        0.953770
FIRE:  247 15:18:56  -165851.390625        0.894144
FIRE:  248 15:18:56  -165851.406250        0.778125
FIRE:  249 15:18:56  -165851.406250        0.611861
FIRE:  250 15:18:56  -165851.390625        0.405407
FIRE:  251 15:18:56  -165851.390625        0.173313
FIRE:  252 15:18:56  -165851.390625        0.104272
FIRE:  253 15:18:56  -165851.390625        0.271470
FIRE:  254 15:18:56  -165851.406250        0.437739
FIRE:  255 15:18:56  -165851.406250        0.534642
FIRE:  256 15:18:56  -165851.390625        0.536965
FIRE:  257 15:18:56  -165851.406250        0.427240
FIRE:  258 15:18:56  -165851.406250        0.207692
FIRE:  259 15:18:56  -165851.437500        0.103904
FIRE:  260 15:18:56  -165851.390625        0.331248
FIRE:  261 15:18:56  -165851.390625        0.421591
FIRE:  262 15:18:57  -165851.406250        0.287848
FIRE:  263 15:18:57  -165851.437500        0.103082
FIRE:  264 15:18:57  -165851.421875        0.339506
FIRE:  265 15:18:57  -165851.421875        0.281071
FIRE:  266 15:18:57  -165851.453125        0.134277
FIRE:  267 15:18:57  -165851.453125        0.332053
FIRE:  268 15:18:57  -165851.468750        0.099771
FIRE:  269 15:18:57  -165851.500000        0.314978
FIRE:  270 15:18:57  -165851.531250        0.256264
FIRE:  271 15:18:57  -165851.515625        0.102464
FIRE:  272 15:18:57  -165851.578125        0.265332
FIRE:  273 15:18:57  -165851.609375        0.717639
FIRE:  274 15:18:57  -165851.640625        1.778880
FIRE:  275 15:18:57  -165851.593750        4.163419
FIRE:  276 15:18:57  -165851.703125        0.287621
FIRE:  277 15:18:57  -165851.593750        5.031453
FIRE:  278 15:18:57  -165851.656250        3.286387
FIRE:  279 15:18:57  -165851.718750        0.718802
FIRE:  280 15:18:58  -165851.718750        1.654036
FIRE:  281 15:18:58  -165851.703125        1.552002
FIRE:  282 15:18:58  -165851.703125        1.352201
FIRE:  283 15:18:58  -165851.734375        1.063310
FIRE:  284 15:18:58  -165851.718750        0.699692
FIRE:  285 15:18:58  -165851.703125        0.282591
FIRE:  286 15:18:58  -165851.718750        0.154161
FIRE:  287 15:18:58  -165851.718750        0.527419
FIRE:  288 15:18:58  -165851.718750        0.518205
FIRE:  289 15:18:58  -165851.703125        0.500098
FIRE:  290 15:18:58  -165851.718750        0.473427
FIRE:  291 15:18:58  -165851.718750        0.438647
FIRE:  292 15:18:58  -165851.703125        0.396550
FIRE:  293 15:18:58  -165851.718750        0.348248
FIRE:  294 15:18:58  -165851.687500        0.294615
FIRE:  295 15:18:58  -165851.718750        0.231021
FIRE:  296 15:18:58  -165851.718750        0.157871
FIRE:  297 15:18:58  -165851.718750        0.115285
FIRE:  298 15:18:58  -165851.718750        0.114969
FIRE:  299 15:18:59  -165851.718750        0.114876
FIRE:  300 15:18:59  -165851.718750        0.167059
FIRE:  301 15:18:59  -165851.718750        0.219163
FIRE:  302 15:18:59  -165851.671875        0.241855
FIRE:  303 15:18:59  -165851.687500        0.226292
FIRE:  304 15:18:59  -165851.671875        0.167791
FIRE:  305 15:18:59  -165851.671875        0.115636
FIRE:  306 15:18:59  -165851.656250        0.116314
FIRE:  307 15:18:59  -165851.671875        0.153616
FIRE:  308 15:18:59  -165851.687500        0.185916
FIRE:  309 15:18:59  -165851.687500        0.121198
FIRE:  310 15:18:59  -165851.703125        0.117099
FIRE:  311 15:18:59  -165851.687500        0.156708
FIRE:  312 15:18:59  -165851.703125        0.152999
FIRE:  313 15:18:59  -165851.703125        0.118605
FIRE:  314 15:18:59  -165851.703125        0.156236
FIRE:  315 15:18:59  -165851.718750        0.119624
FIRE:  316 15:18:59  -165851.750000        0.163001
FIRE:  317 15:18:59  -165851.781250        0.119895
FIRE:  318 15:18:59  -165851.765625        0.161694
FIRE:  319 15:19:00  -165851.796875        0.222677
FIRE:  320 15:19:00  -165851.843750        0.259853
FIRE:  321 15:19:00  -165851.859375        0.471045
FIRE:  322 15:19:00  -165851.921875        1.190305
FIRE:  323 15:19:00  -165851.953125        3.039344
FIRE:  324 15:19:00  -165852.000000        0.122497
FIRE:  325 15:19:00  -165851.984375        3.349857
FIRE:  326 15:19:00  -165851.984375        2.284260
FIRE:  327 15:19:00  -165852.000000        0.625379
FIRE:  328 15:19:00  -165852.015625        1.021107
FIRE:  329 15:19:00  -165852.000000        0.956651
FIRE:  330 15:19:00  -165852.031250        0.831169
FIRE:  331 15:19:00  -165852.046875        0.651149
FIRE:  332 15:19:00  -165852.046875        0.427397
FIRE:  333 15:19:00  -165851.953125        0.175576
FIRE:  334 15:19:00  -165851.984375        0.117578
FIRE:  335 15:19:00  -165852.000000        0.303938
FIRE:  336 15:19:00  -165851.968750        0.478939
FIRE:  337 15:19:00  -165851.953125        0.577970
FIRE:  338 15:19:00  -165851.968750        0.574979
FIRE:  339 15:19:00  -165851.968750        0.452828
FIRE:  340 15:19:00  -165851.984375        0.214524
FIRE:  341 15:19:01  -165851.968750        0.117584
FIRE:  342 15:19:01  -165851.984375        0.360908
FIRE:  343 15:19:01  -165851.984375        0.453892
FIRE:  344 15:19:01  -165851.984375        0.309746
FIRE:  345 15:19:01  -165852.015625        0.118490
FIRE:  346 15:19:01  -165852.000000        0.361270
FIRE:  347 15:19:01  -165852.000000        0.302704
FIRE:  348 15:19:01  -165852.015625        0.137618
FIRE:  349 15:19:01  -165852.015625        0.355302
FIRE:  350 15:19:01  -165852.046875        0.117428
FIRE:  351 15:19:01  -165852.062500        0.338641
FIRE:  352 15:19:01  -165852.078125        0.252160
FIRE:  353 15:19:01  -165852.140625        0.117653
FIRE:  354 15:19:01  -165852.125000        0.323642
FIRE:  355 15:19:01  -165852.187500        0.806341
FIRE:  356 15:19:01  -165852.218750        1.858952
FIRE:  357 15:19:01  -165852.265625        0.118520
FIRE:  358 15:19:01  -165852.265625        1.495914
FIRE:  359 15:19:01  -165852.281250        1.182659
FIRE:  360 15:19:01  -165852.218750        0.605224
FIRE:  361 15:19:01  -165852.265625        0.129106
FIRE:  362 15:19:01  -165852.281250        0.121492
FIRE:  363 15:19:02  -165852.281250        0.118915
FIRE:  364 15:19:02  -165852.250000        0.118792
FIRE:  365 15:19:02  -165852.281250        0.118652
FIRE:  366 15:19:02  -165852.250000        0.118517
FIRE:  367 15:19:02  -165852.250000        0.118424
FIRE:  368 15:19:02  -165852.218750        0.118337
FIRE:  369 15:19:02  -165852.281250        0.118297
FIRE:  370 15:19:02  -165852.296875        0.118274
FIRE:  371 15:19:02  -165852.234375        0.118286
FIRE:  372 15:19:02  -165852.265625        0.118312
FIRE:  373 15:19:02  -165852.234375        0.118393
FIRE:  374 15:19:02  -165852.265625        0.118523
FIRE:  375 15:19:02  -165852.281250        0.118709
FIRE:  376 15:19:02  -165852.234375        0.118857
FIRE:  377 15:19:02  -165852.296875        0.118806
FIRE:  378 15:19:02  -165852.296875        0.118578
FIRE:  379 15:19:02  -165852.250000        0.118314
FIRE:  380 15:19:02  -165852.281250        0.118124
FIRE:  381 15:19:02  -165852.328125        0.118450
FIRE:  382 15:19:02  -165852.328125        0.119362
FIRE:  383 15:19:02  -165852.296875        0.119876
FIRE:  384 15:19:02  -165852.359375        0.120313
FIRE:  385 15:19:03  -165852.359375        0.120974
FIRE:  386 15:19:03  -165852.375000        0.120868
FIRE:  387 15:19:03  -165852.375000        0.119704
FIRE:  388 15:19:03  -165852.390625        0.127876
FIRE:  389 15:19:03  -165852.437500        0.396231
FIRE:  390 15:19:03  -165852.453125        1.328515
FIRE:  391 15:19:03  -165852.437500        3.776744
FIRE:  392 15:19:03  -165852.515625        0.113120
FIRE:  393 15:19:03  -165852.406250        4.376597
FIRE:  394 15:19:03  -165852.484375        2.825793
FIRE:  395 15:19:03  -165852.531250        0.530904
FIRE:  396 15:19:03  -165852.500000        1.595225
FIRE:  397 15:19:03  -165852.515625        1.491484
FIRE:  398 15:19:03  -165852.515625        1.288475
FIRE:  399 15:19:03  -165852.515625        0.995915
FIRE:  400 15:19:03  -165852.515625        0.629101
FIRE:  401 15:19:03  -165852.531250        0.210829
FIRE:  402 15:19:03  -165852.500000        0.218069
FIRE:  403 15:19:03  -165852.546875        0.214025
FIRE:  404 15:19:03  -165852.500000        0.206210
FIRE:  405 15:19:03  -165852.531250        0.194484
FIRE:  406 15:19:04  -165852.531250        0.179377
FIRE:  407 15:19:04  -165852.531250        0.161082
FIRE:  408 15:19:04  -165852.515625        0.140155
FIRE:  409 15:19:04  -165852.531250        0.117100
FIRE:  410 15:19:04  -165852.500000        0.109089
FIRE:  411 15:19:04  -165852.500000        0.108994
FIRE:  412 15:19:04  -165852.546875        0.108894
FIRE:  413 15:19:04  -165852.531250        0.108816
FIRE:  414 15:19:04  -165852.531250        0.108756
FIRE:  415 15:19:04  -165852.500000        0.108708
FIRE:  416 15:19:04  -165852.515625        0.108677
FIRE:  417 15:19:04  -165852.531250        0.108652
FIRE:  418 15:19:04  -165852.546875        0.108622
FIRE:  419 15:19:04  -165852.515625        0.108625
FIRE:  420 15:19:04  -165852.500000        0.108657
FIRE:  421 15:19:04  -165852.531250        0.108730
FIRE:  422 15:19:04  -165852.531250        0.108779
FIRE:  423 15:19:04  -165852.500000        0.108680
FIRE:  424 15:19:04  -165852.546875        0.108349
FIRE:  425 15:19:04  -165852.546875        0.107860
FIRE:  426 15:19:04  -165852.531250        0.107338
FIRE:  427 15:19:04  -165852.546875        0.106867
FIRE:  428 15:19:05  -165852.562500        0.106521
FIRE:  429 15:19:05  -165852.562500        0.106070
FIRE:  430 15:19:05  -165852.546875        0.105259
FIRE:  431 15:19:05  -165852.546875        0.104873
FIRE:  432 15:19:05  -165852.562500        0.105807
FIRE:  433 15:19:05  -165852.609375        0.106471
FIRE:  434 15:19:05  -165852.640625        0.105449
FIRE:  435 15:19:05  -165852.656250        0.116746
FIRE:  436 15:19:05  -165852.656250        0.353013
FIRE:  437 15:19:05  -165852.703125        1.177173
FIRE:  438 15:19:05  -165852.671875        3.282796
FIRE:  439 15:19:05  -165852.734375        0.099055
FIRE:  440 15:19:05  -165852.718750        3.630687
FIRE:  441 15:19:05  -165852.703125        2.406551
FIRE:  442 15:19:05  -165852.765625        0.540796
FIRE:  443 15:19:05  -165852.718750        1.258105
FIRE:  444 15:19:05  -165852.750000        1.175272
FIRE:  445 15:19:06  -165852.750000        1.013803
FIRE:  446 15:19:06  -165852.750000        0.782146
FIRE:  447 15:19:06  -165852.750000        0.493729
FIRE:  448 15:19:06  -165852.750000        0.168693
FIRE:  449 15:19:06  -165852.781250        0.159470
FIRE:  450 15:19:06  -165852.765625        0.156493
FIRE:  451 15:19:06  -165852.765625        0.150614
FIRE:  452 15:19:06  -165852.781250        0.141893
FIRE:  453 15:19:06  -165852.781250        0.130732
FIRE:  454 15:19:06  -165852.781250        0.117097
FIRE:  455 15:19:06  -165852.781250        0.101511
FIRE:  456 15:19:06  -165852.765625        0.096780
FIRE:  457 15:19:06  -165852.734375        0.096749
FIRE:  458 15:19:06  -165852.750000        0.096713
FIRE:  459 15:19:06  -165852.765625        0.096672
FIRE:  460 15:19:06  -165852.781250        0.096635
FIRE:  461 15:19:06  -165852.765625        0.096623
FIRE:  462 15:19:06  -165852.765625        0.096595
FIRE:  463 15:19:06  -165852.750000        0.096589
FIRE:  464 15:19:06  -165852.765625        0.096579
FIRE:  465 15:19:06  -165852.781250        0.096573
FIRE:  466 15:19:07  -165852.796875        0.096585
FIRE:  467 15:19:07  -165852.765625        0.096601
FIRE:  468 15:19:07  -165852.781250        0.096623
FIRE:  469 15:19:07  -165852.750000        0.096654
FIRE:  470 15:19:07  -165852.750000        0.096613
FIRE:  471 15:19:07  -165852.796875        0.096442
FIRE:  472 15:19:07  -165852.781250        0.096164
FIRE:  473 15:19:07  -165852.703125        0.095828
FIRE:  474 15:19:07  -165852.765625        0.095456
FIRE:  475 15:19:07  -165852.796875        0.095051
FIRE:  476 15:19:07  -165852.796875        0.094497
FIRE:  477 15:19:07  -165852.796875        0.093544
FIRE:  478 15:19:07  -165852.781250        0.092249
FIRE:  479 15:19:07  -165852.796875        0.090824
FIRE:  480 15:19:07  -165852.828125        0.089076
FIRE:  481 15:19:07  -165852.875000        0.086311
FIRE:  482 15:19:07  -165852.875000        0.095040
FIRE:  483 15:19:07  -165852.906250        0.275194
FIRE:  484 15:19:07  -165852.906250        0.931905
FIRE:  485 15:19:08  -165852.953125        2.684862
FIRE:  486 15:19:08  -165852.937500        0.075074
FIRE:  487 15:19:08  -165852.921875        0.071327
FIRE:  488 15:19:08  -165852.984375        0.070761
FIRE:  489 15:19:08  -165852.953125        0.070304
FIRE:  490 15:19:08  -165852.968750        0.071904
FIRE:  491 15:19:08  -165852.953125        0.073669
FIRE:  492 15:19:08  -165852.968750        0.070513
FIRE:  493 15:19:08  -165852.984375        0.070602
FIRE:  494 15:19:08  -165852.968750        0.071217
FIRE:  495 15:19:08  -165852.984375        0.071615
FIRE:  496 15:19:08  -165853.000000        0.071232
FIRE:  497 15:19:08  -165852.968750        0.070266
FIRE:  498 15:19:08  -165852.984375        0.071719
FIRE:  499 15:19:08  -165852.984375        0.069387
FIRE:  500 15:19:08  -165853.015625        0.069433
FIRE:  501 15:19:08  -165853.031250        0.068581
FIRE:  502 15:19:08  -165853.000000        0.072061
FIRE:  503 15:19:08  -165853.015625        0.072494
FIRE:  504 15:19:09  -165853.031250        0.079563
FIRE:  505 15:19:09  -165853.031250        0.094580
FIRE:  506 15:19:09  -165853.062500        0.247608
FIRE:  507 15:19:09  -165853.062500        0.852547
FIRE:  508 15:19:09  -165853.046875        2.910268
FIRE:  509 15:19:09  -165853.093750        0.811091
FIRE:  510 15:19:09  -165853.093750        0.581174
FIRE:  511 15:19:09  -165853.109375        0.182286
FIRE:  512 15:19:09  -165853.109375        0.279351
FIRE:  513 15:19:09  -165853.093750        0.258597
FIRE:  514 15:19:09  -165853.109375        0.219022
FIRE:  515 15:19:09  -165853.125000        0.164442
FIRE:  516 15:19:09  -165853.125000        0.106700
FIRE:  517 15:19:09  -165853.125000        0.075130
FIRE:  518 15:19:09  -165853.109375        0.081060
FIRE:  519 15:19:09  -165853.109375        0.108890
FIRE:  520 15:19:09  -165853.125000        0.145085
FIRE:  521 15:19:09  -165853.109375        0.159372
FIRE:  522 15:19:09  -165853.109375        0.143960
FIRE:  523 15:19:09  -165853.109375        0.097580
FIRE:  524 15:19:10  -165853.140625        0.073030
FIRE:  525 15:19:10  -165853.125000        0.101233
FIRE:  526 15:19:10  -165853.125000        0.129289
FIRE:  527 15:19:10  -165853.140625        0.112567
FIRE:  528 15:19:10  -165853.140625        0.073622
FIRE:  529 15:19:10  -165853.125000        0.105631
FIRE:  530 15:19:10  -165853.125000        0.104139
FIRE:  531 15:19:10  -165853.140625        0.076963
FIRE:  532 15:19:10  -165853.140625        0.114740
FIRE:  533 15:19:10  -165853.156250        0.071785
FIRE:  534 15:19:10  -165853.140625        0.111616
FIRE:  535 15:19:10  -165853.187500        0.096515
FIRE:  536 15:19:10  -165853.187500        0.070680
FIRE:  537 15:19:10  -165853.187500        0.097635
FIRE:  538 15:19:10  -165853.187500        0.223070
FIRE:  539 15:19:10  -165853.234375        0.642768
FIRE:  540 15:19:10  -165853.234375        1.827613
FIRE:  541 15:19:11  -165853.234375        0.151600
FIRE:  542 15:19:11  -165853.234375        0.117935
FIRE:  543 15:19:11  -165853.265625        0.079015
FIRE:  544 15:19:11  -165853.234375        0.074775
FIRE:  545 15:19:11  -165853.234375        0.100883
FIRE:  546 15:19:11  -165853.250000        0.114893
FIRE:  547 15:19:11  -165853.265625        0.103229
FIRE:  548 15:19:11  -165853.281250        0.078361
FIRE:  549 15:19:11  -165853.265625        0.074007
FIRE:  550 15:19:11  -165853.265625        0.095348
FIRE:  551 15:19:11  -165853.265625        0.084568
FIRE:  552 15:19:11  -165853.265625        0.072708
FIRE:  553 15:19:11  -165853.265625        0.097468
FIRE:  554 15:19:11  -165853.296875        0.080065
FIRE:  555 15:19:11  -165853.281250        0.083728
FIRE:  556 15:19:11  -165853.296875        0.075015
FIRE:  557 15:19:11  -165853.312500        0.100082
FIRE:  558 15:19:11  -165853.312500        0.076412
FIRE:  559 15:19:11  -165853.312500        0.071991
FIRE:  560 15:19:12  -165853.328125        0.093883
FIRE:  561 15:19:12  -165853.328125        0.213584
FIRE:  562 15:19:12  -165853.359375        0.723374
FIRE:  563 15:19:12  -165853.312500        2.222233
FIRE:  564 15:19:12  -165853.343750        0.084645
FIRE:  565 15:19:12  -165853.343750        0.079516
FIRE:  566 15:19:12  -165853.359375        0.074243
FIRE:  567 15:19:12  -165853.312500        0.073986
FIRE:  568 15:19:12  -165853.343750        0.076995
FIRE:  569 15:19:12  -165853.328125        0.077542
FIRE:  570 15:19:12  -165853.328125        0.074584
FIRE:  571 15:19:12  -165853.343750        0.073300
FIRE:  572 15:19:12  -165853.343750        0.077548
FIRE:  573 15:19:12  -165853.375000        0.081081
FIRE:  574 15:19:12  -165853.359375        0.076510
FIRE:  575 15:19:12  -165853.359375        0.073075
FIRE:  576 15:19:12  -165853.421875        0.074522
FIRE:  577 15:19:13  -165853.328125        0.073406
FIRE:  578 15:19:13  -165853.406250        0.078526
FIRE:  579 15:19:13  -165853.421875        0.073293
FIRE:  580 15:19:13  -165853.421875        0.074146
FIRE:  581 15:19:13  -165853.453125        0.081951
FIRE:  582 15:19:13  -165853.453125        0.081341
FIRE:  583 15:19:13  -165853.421875        0.115427
FIRE:  584 15:19:13  -165853.437500        0.312826
FIRE:  585 15:19:13  -165853.437500        0.997911
FIRE:  586 15:19:13  -165853.468750        0.075938
FIRE:  587 15:19:13  -165853.453125        0.868826
FIRE:  588 15:19:13  -165853.453125        0.665698
FIRE:  589 15:19:13  -165853.437500        0.302088
FIRE:  590 15:19:13  -165853.453125        0.153469
FIRE:  591 15:19:13  -165853.484375        0.146464
FIRE:  592 15:19:13  -165853.484375        0.133217
FIRE:  593 15:19:13  -165853.468750        0.115555
FIRE:  594 15:19:13  -165853.437500        0.096540
FIRE:  595 15:19:13  -165853.468750        0.080898
FIRE:  596 15:19:14  -165853.468750        0.073835
FIRE:  597 15:19:14  -165853.453125        0.076611
FIRE:  598 15:19:14  -165853.437500        0.085147
FIRE:  599 15:19:14  -165853.468750        0.093077
FIRE:  600 15:19:14  -165853.453125        0.095935
FIRE:  601 15:19:14  -165853.484375        0.087315
FIRE:  602 15:19:14  -165853.468750        0.076420
FIRE:  603 15:19:14  -165853.453125        0.075569
FIRE:  604 15:19:14  -165853.468750        0.088537
FIRE:  605 15:19:14  -165853.453125        0.095912
FIRE:  606 15:19:14  -165853.484375        0.084903
FIRE:  607 15:19:14  -165853.484375        0.073900
FIRE:  608 15:19:14  -165853.468750        0.082454
FIRE:  609 15:19:14  -165853.484375        0.077574
FIRE:  610 15:19:14  -165853.453125        0.080233
FIRE:  611 15:19:14  -165853.484375        0.089037
FIRE:  612 15:19:14  -165853.468750        0.075033
FIRE:  613 15:19:14  -165853.468750        0.079302
FIRE:  614 15:19:14  -165853.500000        0.091299
FIRE:  615 15:19:14  -165853.515625        0.076533
FIRE:  616 15:19:15  -165853.531250        0.076926
FIRE:  617 15:19:15  -165853.546875        0.079841
FIRE:  618 15:19:15  -165853.562500        0.122627
FIRE:  619 15:19:15  -165853.578125        0.521487
FIRE:  620 15:19:15  -165853.578125        2.051674
FIRE:  621 15:19:15  -165853.609375        0.413886
FIRE:  622 15:19:15  -165853.609375        0.288117
FIRE:  623 15:19:15  -165853.609375        0.086627
FIRE:  624 15:19:15  -165853.625000        0.162794
FIRE:  625 15:19:15  -165853.609375        0.150639
FIRE:  626 15:19:15  -165853.609375        0.127362
FIRE:  627 15:19:15  -165853.593750        0.094913
FIRE:  628 15:19:15  -165853.609375        0.083371
FIRE:  629 15:19:15  -165853.609375        0.083396
FIRE:  630 15:19:15  -165853.609375        0.085056
FIRE:  631 15:19:15  -165853.593750        0.087460
FIRE:  632 15:19:15  -165853.609375        0.089674
FIRE:  633 15:19:15  -165853.625000        0.094579
FIRE:  634 15:19:15  -165853.593750        0.088890
FIRE:  635 15:19:15  -165853.593750        0.085984
FIRE:  636 15:19:16  -165853.671875        0.083705
FIRE:  637 15:19:16  -165853.671875        0.083506
FIRE:  638 15:19:16  -165853.687500        0.083846
FIRE:  639 15:19:16  -165853.687500        0.083387
FIRE:  640 15:19:16  -165853.687500        0.085064
FIRE:  641 15:19:16  -165853.687500        0.088353
FIRE:  642 15:19:16  -165853.718750        0.086071
FIRE:  643 15:19:16  -165853.718750        0.082732
FIRE:  644 15:19:16  -165853.703125        0.082420
FIRE:  645 15:19:16  -165853.734375        0.084671
FIRE:  646 15:19:16  -165853.625000        0.084019
FIRE:  647 15:19:16  -165853.640625        0.081417
FIRE:  648 15:19:16  -165853.687500        0.085261
FIRE:  649 15:19:16  -165853.687500        0.080130
FIRE:  650 15:19:16  -165853.687500        0.157527
FIRE:  651 15:19:16  -165853.812500        0.458943
FIRE:  652 15:19:16  -165853.687500        1.365108
FIRE:  653 15:19:16  -165853.828125        0.178351
FIRE:  654 15:19:16  -165853.796875        0.132551
FIRE:  655 15:19:16  -165853.750000        0.075982
FIRE:  656 15:19:16  -165853.734375        0.078249
FIRE:  657 15:19:17  -165853.734375        0.099925
FIRE:  658 15:19:17  -165853.750000        0.117924
FIRE:  659 15:19:17  -165853.718750        0.089919
FIRE:  660 15:19:17  -165853.734375        0.077780
FIRE:  661 15:19:17  -165853.750000        0.075756
FIRE:  662 15:19:17  -165853.734375        0.106658
FIRE:  663 15:19:17  -165853.734375        0.075644
FIRE:  664 15:19:17  -165853.718750        0.077652
FIRE:  665 15:19:17  -165853.734375        0.087473
FIRE:  666 15:19:17  -165853.750000        0.077286
FIRE:  667 15:19:17  -165853.750000        0.091771
FIRE:  668 15:19:17  -165853.734375        0.075138
FIRE:  669 15:19:17  -165853.781250        0.089822
FIRE:  670 15:19:17  -165853.750000        0.094863
FIRE:  671 15:19:17  -165853.796875        0.076485
FIRE:  672 15:19:17  -165853.765625        0.074482
FIRE:  673 15:19:17  -165853.781250        0.174257
FIRE:  674 15:19:17  -165853.890625        0.652418
FIRE:  675 15:19:17  -165853.906250        2.305747
FIRE:  676 15:19:17  -165853.937500        0.578818
FIRE:  677 15:19:17  -165853.906250        0.414634
FIRE:  678 15:19:17  -165853.906250        0.129949
FIRE:  679 15:19:18  -165853.953125        0.187128
FIRE:  680 15:19:18  -165853.921875        0.172989
FIRE:  681 15:19:18  -165853.953125        0.145798
FIRE:  682 15:19:18  -165853.906250        0.107940
FIRE:  683 15:19:18  -165853.921875        0.072417
FIRE:  684 15:19:18  -165853.906250        0.071663
FIRE:  685 15:19:18  -165853.921875        0.071144
FIRE:  686 15:19:18  -165853.906250        0.070834
FIRE:  687 15:19:18  -165853.937500        0.096193
FIRE:  688 15:19:18  -165853.906250        0.107298
FIRE:  689 15:19:18  -165853.953125        0.097112
FIRE:  690 15:19:18  -165853.937500        0.070859
FIRE:  691 15:19:18  -165853.906250        0.071386
FIRE:  692 15:19:18  -165853.828125        0.072205
FIRE:  693 15:19:18  -165853.859375        0.078958
FIRE:  694 15:19:18  -165853.843750        0.072365
FIRE:  695 15:19:18  -165853.859375        0.071281
FIRE:  696 15:19:18  -165853.843750        0.070491
FIRE:  697 15:19:18  -165853.859375        0.070372
FIRE:  698 15:19:18  -165853.859375        0.071140
FIRE:  699 15:19:18  -165853.859375        0.071788
FIRE:  700 15:19:18  -165853.859375        0.070209
FIRE:  701 15:19:19  -165853.875000        0.072870
FIRE:  702 15:19:19  -165853.843750        0.070361
FIRE:  703 15:19:19  -165853.906250        0.068762
FIRE:  704 15:19:19  -165853.890625        0.067694
FIRE:  705 15:19:19  -165853.875000        0.134811
FIRE:  706 15:19:19  -165853.921875        0.432905
FIRE:  707 15:19:19  -165853.937500        1.303382
FIRE:  708 15:19:19  -165853.937500        0.071411
FIRE:  709 15:19:19  -165853.937500        0.063919
FIRE:  710 15:19:19  -165853.906250        0.064002
FIRE:  711 15:19:19  -165853.921875        0.064131
FIRE:  712 15:19:19  -165853.937500        0.064223
FIRE:  713 15:19:19  -165853.906250        0.064260
FIRE:  714 15:19:19  -165853.937500        0.064241
FIRE:  715 15:19:19  -165853.937500        0.064165
FIRE:  716 15:19:19  -165853.937500        0.064044
FIRE:  717 15:19:19  -165853.937500        0.063931
FIRE:  718 15:19:19  -165853.937500        0.063879
FIRE:  719 15:19:19  -165853.937500        0.063886
FIRE:  720 15:19:20  -165853.968750        0.063856
FIRE:  721 15:19:20  -165853.968750        0.063606
FIRE:  722 15:19:20  -165853.968750        0.063129
FIRE:  723 15:19:20  -165853.953125        0.062746
FIRE:  724 15:19:20  -165853.953125        0.062495
FIRE:  725 15:19:20  -165853.968750        0.062198
FIRE:  726 15:19:20  -165853.968750        0.061765
FIRE:  727 15:19:20  -165853.984375        0.061531
FIRE:  728 15:19:20  -165854.015625        0.098474
FIRE:  729 15:19:20  -165854.031250        0.365500
FIRE:  730 15:19:20  -165854.078125        1.333163
FIRE:  731 15:19:20  -165854.093750        0.057363
FIRE:  732 15:19:20  -165854.140625        0.054015
FIRE:  733 15:19:20  -165854.125000        0.053656
FIRE:  734 15:19:20  -165854.109375        0.053330
FIRE:  735 15:19:20  -165854.125000        0.053135
FIRE:  736 15:19:20  -165854.093750        0.053126
FIRE:  737 15:19:20  -165854.093750        0.053256
FIRE:  738 15:19:21  -165854.125000        0.053544
FIRE:  739 15:19:21  -165854.093750        0.053923
FIRE:  740 15:19:21  -165854.109375        0.054141
FIRE:  741 15:19:21  -165854.140625        0.053886
FIRE:  742 15:19:21  -165854.140625        0.053300
FIRE:  743 15:19:21  -165854.093750        0.052953
FIRE:  744 15:19:21  -165854.093750        0.053059
FIRE:  745 15:19:21  -165854.156250        0.053201
FIRE:  746 15:19:21  -165854.109375        0.052320
FIRE:  747 15:19:21  -165854.109375        0.051593
FIRE:  748 15:19:21  -165854.125000        0.052108
FIRE:  749 15:19:21  -165854.125000        0.053203
FIRE:  750 15:19:21  -165854.140625        0.095370
FIRE:  751 15:19:21  -165854.171875        0.299921
FIRE:  752 15:19:21  -165854.156250        0.978557
FIRE:  753 15:19:21  -165854.156250        0.048657
