      Step     Time          Energy          fmax
FIRE:    0 17:12:36  -112426.773438        4.135873
FIRE:    1 17:12:36  -112427.390625        2.723820
FIRE:    2 17:12:38  -112427.671875        1.763393
FIRE:    3 17:12:40  -112427.968750        3.950193
FIRE:    4 17:12:40  -112428.078125        3.135296
FIRE:    5 17:12:40  -112428.218750        1.871830
FIRE:    6 17:12:40  -112428.328125        0.777427
FIRE:    7 17:12:40  -112428.375000        1.252941
FIRE:    8 17:12:40  -112428.414062        1.797623
FIRE:    9 17:12:40  -112428.476562        2.022306
FIRE:   10 17:12:40  -112428.570312        1.952596
FIRE:   11 17:12:40  -112428.710938        1.558469
FIRE:   12 17:12:40  -112428.859375        0.784086
FIRE:   13 17:12:40  -112428.968750        0.745350
FIRE:   14 17:12:40  -112429.078125        1.601651
FIRE:   15 17:12:40  -112429.195312        1.498462
FIRE:   16 17:12:40  -112429.226562        0.388463
FIRE:   17 17:12:41  -112429.476562        0.948356
FIRE:   18 17:12:41  -112429.460938        1.139389
FIRE:   19 17:12:41  -112429.773438        0.471872
FIRE:   20 17:12:41  -112429.781250        1.174445
FIRE:   21 17:12:41  -112429.890625        0.713933
FIRE:   22 17:12:41  -112430.156250        0.836697
FIRE:   23 17:12:41  -112430.296875        0.937150
FIRE:   24 17:12:41  -112430.289062        0.547531
FIRE:   25 17:12:41  -112430.578125        0.877113
FIRE:   26 17:12:41  -112430.695312        0.588812
FIRE:   27 17:12:41  -112430.804688        1.281942
FIRE:   28 17:12:41  -112430.835938        3.011252
FIRE:   29 17:12:41  -112430.687500        4.416632
FIRE:   30 17:12:41  -112430.929688        1.819463
FIRE:   31 17:12:41  -112430.914062        2.137756
FIRE:   32 17:12:41  -112430.929688        1.779979
FIRE:   33 17:12:41  -112430.968750        1.134366
FIRE:   34 17:12:41  -112430.992188        0.343631
FIRE:   35 17:12:41  -112431.000000        0.522563
FIRE:   36 17:12:41  -112430.984375        0.503062
FIRE:   37 17:12:42  -112430.984375        0.464878
FIRE:   38 17:12:42  -112430.992188        0.409458
FIRE:   39 17:12:42  -112430.992188        0.339207
FIRE:   40 17:12:42  -112430.906250        0.257326
FIRE:   41 17:12:42  -112431.000000        0.194641
FIRE:   42 17:12:42  -112430.984375        0.193717
FIRE:   43 17:12:42  -112431.000000        0.192511
FIRE:   44 17:12:42  -112430.906250        0.190948
FIRE:   45 17:12:42  -112431.007812        0.197077
FIRE:   46 17:12:42  -112430.929688        0.241752
FIRE:   47 17:12:42  -112431.015625        0.244507
FIRE:   48 17:12:42  -112431.015625        0.196769
FIRE:   49 17:12:42  -112431.031250        0.175693
FIRE:   50 17:12:42  -112431.046875        0.173812
FIRE:   51 17:12:42  -112431.046875        0.171901
FIRE:   52 17:12:42  -112431.046875        0.199399
FIRE:   53 17:12:42  -112431.054688        0.167206
FIRE:   54 17:12:42  -112431.070312        0.166963
FIRE:   55 17:12:42  -112431.085938        0.166793
FIRE:   56 17:12:42  -112431.101562        0.166751
FIRE:   57 17:12:43  -112431.054688        0.205801
FIRE:   58 17:12:43  -112431.171875        0.216098
FIRE:   59 17:12:43  -112431.203125        0.201125
FIRE:   60 17:12:43  -112431.257812        0.222999
FIRE:   61 17:12:43  -112431.273438        0.204480
FIRE:   62 17:12:43  -112431.242188        0.171491
FIRE:   63 17:12:43  -112431.421875        0.173606
FIRE:   64 17:12:43  -112431.484375        0.394695
FIRE:   65 17:12:43  -112431.546875        1.014922
FIRE:   66 17:12:43  -112431.570312        2.416671
FIRE:   67 17:12:43  -112431.648438        0.180995
FIRE:   68 17:12:43  -112431.593750        2.294604
FIRE:   69 17:12:43  -112431.539062        1.701872
FIRE:   70 17:12:43  -112431.640625        0.698200
FIRE:   71 17:12:43  -112431.664062        0.449341
FIRE:   72 17:12:43  -112431.664062        0.423526
FIRE:   73 17:12:43  -112431.664062        0.373284
FIRE:   74 17:12:43  -112431.656250        0.301817
FIRE:   75 17:12:43  -112431.656250        0.213981
FIRE:   76 17:12:44  -112431.664062        0.179670
FIRE:   77 17:12:44  -112431.664062        0.179614
FIRE:   78 17:12:44  -112431.570312        0.179549
FIRE:   79 17:12:44  -112431.671875        0.179467
FIRE:   80 17:12:44  -112431.664062        0.219494
FIRE:   81 17:12:44  -112431.671875        0.233881
FIRE:   82 17:12:44  -112431.679688        0.200641
FIRE:   83 17:12:44  -112431.671875        0.178918
FIRE:   84 17:12:44  -112431.671875        0.178692
FIRE:   85 17:12:44  -112431.687500        0.178405
FIRE:   86 17:12:44  -112431.695312        0.186395
FIRE:   87 17:12:44  -112431.695312        0.177583
FIRE:   88 17:12:44  -112431.710938        0.177005
FIRE:   89 17:12:44  -112431.726562        0.176297
FIRE:   90 17:12:44  -112431.718750        0.175406
FIRE:   91 17:12:44  -112431.742188        0.174262
FIRE:   92 17:12:44  -112431.765625        0.172741
FIRE:   93 17:12:44  -112431.781250        0.170726
FIRE:   94 17:12:44  -112431.796875        0.167974
FIRE:   95 17:12:45  -112431.734375        0.164445
FIRE:   96 17:12:45  -112431.867188        0.161067
FIRE:   97 17:12:45  -112431.898438        0.174384
FIRE:   98 17:12:45  -112431.960938        0.314017
FIRE:   99 17:12:45  -112432.007812        0.863886
FIRE:  100 17:12:45  -112432.000000        2.240902
FIRE:  101 17:12:45  -112432.085938        0.240034
FIRE:  102 17:12:45  -112432.039062        2.141713
FIRE:  103 17:12:45  -112432.070312        1.569569
FIRE:  104 17:12:45  -112432.093750        0.604882
FIRE:  105 17:12:45  -112432.085938        0.489881
FIRE:  106 17:12:45  -112432.093750        0.460447
FIRE:  107 17:12:45  -112431.992188        0.403367
FIRE:  108 17:12:45  -112432.085938        0.322281
FIRE:  109 17:12:45  -112432.101562        0.244572
FIRE:  110 17:12:45  -112432.085938        0.244899
FIRE:  111 17:12:45  -112432.101562        0.245303
FIRE:  112 17:12:45  -112432.101562        0.245784
FIRE:  113 17:12:45  -112432.101562        0.246397
FIRE:  114 17:12:45  -112432.085938        0.248842
FIRE:  115 17:12:46  -112432.085938        0.257032
FIRE:  116 17:12:46  -112432.101562        0.249209
FIRE:  117 17:12:46  -112432.101562        0.250587
FIRE:  118 17:12:46  -112432.023438        0.252286
FIRE:  119 17:12:46  -112432.117188        0.254386
FIRE:  120 17:12:46  -112432.046875        0.256947
FIRE:  121 17:12:46  -112432.117188        0.260046
FIRE:  122 17:12:46  -112432.132812        0.263824
FIRE:  123 17:12:46  -112432.148438        0.268428
FIRE:  124 17:12:46  -112432.156250        0.273901
FIRE:  125 17:12:46  -112432.164062        0.280139
FIRE:  126 17:12:46  -112432.187500        0.287276
FIRE:  127 17:12:46  -112432.210938        0.295136
FIRE:  128 17:12:46  -112432.226562        0.303342
FIRE:  129 17:12:46  -112432.257812        0.310561
FIRE:  130 17:12:46  -112432.312500        0.314085
FIRE:  131 17:12:46  -112432.195312        0.308341
FIRE:  132 17:12:46  -112432.398438        0.284925
FIRE:  133 17:12:47  -112432.335938        0.626679
FIRE:  134 17:12:47  -112432.507812        2.008534
FIRE:  135 17:12:47  -112432.554688        0.128642
FIRE:  136 17:12:47  -112432.453125        0.128188
FIRE:  137 17:12:47  -112432.546875        0.128361
FIRE:  138 17:12:47  -112432.554688        0.130315
FIRE:  139 17:12:47  -112432.554688        0.133881
FIRE:  140 17:12:47  -112432.554688        0.137262
FIRE:  141 17:12:47  -112432.554688        0.138293
FIRE:  142 17:12:47  -112432.554688        0.135953
FIRE:  143 17:12:47  -112432.562500        0.130298
FIRE:  144 17:12:47  -112432.562500        0.123247
FIRE:  145 17:12:47  -112432.562500        0.117324
FIRE:  146 17:12:47  -112432.570312        0.114225
FIRE:  147 17:12:47  -112432.585938        0.114646
FIRE:  148 17:12:47  -112432.585938        0.113563
FIRE:  149 17:12:47  -112432.609375        0.101186
FIRE:  150 17:12:47  -112432.625000        0.094243
FIRE:  151 17:12:47  -112432.632812        0.093074
FIRE:  152 17:12:48  -112432.648438        0.091739
FIRE:  153 17:12:48  -112432.679688        0.089259
FIRE:  154 17:12:48  -112432.703125        0.092751
FIRE:  155 17:12:48  -112432.742188        0.272222
FIRE:  156 17:12:48  -112432.781250        0.970841
FIRE:  157 17:12:48  -112432.742188        2.990130
FIRE:  158 17:12:48  -112432.812500        0.360327
FIRE:  159 17:12:48  -112432.828125        0.257179
FIRE:  160 17:12:48  -112432.843750        0.085884
FIRE:  161 17:12:48  -112432.859375        0.132526
FIRE:  162 17:12:48  -112432.835938        0.253989
FIRE:  163 17:12:48  -112432.843750        0.274830
FIRE:  164 17:12:48  -112432.742188        0.194894
FIRE:  165 17:12:50  -112432.765625        0.083369
FIRE:  166 17:12:50  -112432.804688        0.161644
FIRE:  167 17:12:50  -112432.828125        0.224881
FIRE:  168 17:12:50  -112432.820312        0.130753
FIRE:  169 17:12:50  -112432.843750        0.111221
FIRE:  170 17:12:50  -112432.789062        0.209152
FIRE:  171 17:12:50  -112432.859375        0.082399
FIRE:  172 17:12:50  -112432.835938        0.202419
FIRE:  173 17:12:50  -112432.882812        0.080744
FIRE:  174 17:12:50  -112432.890625        0.218692
FIRE:  175 17:12:50  -112432.812500        0.181393
FIRE:  176 17:12:50  -112432.890625        0.100173
FIRE:  177 17:12:50  -112432.960938        0.091105
FIRE:  178 17:12:50  -112432.984375        0.224700
FIRE:  179 17:12:50  -112433.000000        0.831100
FIRE:  180 17:12:50  -112432.945312        2.806763
FIRE:  181 17:12:50  -112433.039062        0.641686
FIRE:  182 17:12:51  -112432.976562        0.438111
FIRE:  183 17:12:51  -112433.039062        0.102135
FIRE:  184 17:12:51  -112433.046875        0.276228
FIRE:  185 17:12:51  -112433.054688        0.255791
FIRE:  186 17:12:51  -112433.046875        0.216354
FIRE:  187 17:12:51  -112433.054688        0.161350
FIRE:  188 17:12:51  -112433.054688        0.095729
FIRE:  189 17:12:51  -112433.023438        0.069736
FIRE:  190 17:12:51  -112432.984375        0.069770
FIRE:  191 17:12:51  -112433.046875        0.107728
FIRE:  192 17:12:51  -112433.039062        0.141848
FIRE:  193 17:12:51  -112433.023438        0.151456
FIRE:  194 17:12:51  -112433.054688        0.130123
FIRE:  195 17:12:51  -112433.039062        0.076998
FIRE:  196 17:12:51  -112433.054688        0.069827
FIRE:  197 17:12:51  -112433.054688        0.092411
FIRE:  198 17:12:52  -112433.062500        0.123028
FIRE:  199 17:12:52  -112433.039062        0.087419
FIRE:  200 17:12:52  -112433.070312        0.069333
FIRE:  201 17:12:52  -112433.070312        0.102358
FIRE:  202 17:12:52  -112433.085938        0.080700
FIRE:  203 17:12:52  -112433.078125        0.068150
FIRE:  204 17:12:52  -112433.085938        0.099433
FIRE:  205 17:12:52  -112433.093750        0.066413
FIRE:  206 17:12:52  -112433.078125        0.083891
FIRE:  207 17:12:52  -112433.125000        0.107295
FIRE:  208 17:12:52  -112433.140625        0.063919
FIRE:  209 17:12:52  -112433.148438        0.062792
FIRE:  210 17:12:52  -112433.171875        0.061058
FIRE:  211 17:12:52  -112433.210938        0.192626
FIRE:  212 17:12:52  -112433.234375        0.824814
FIRE:  213 17:12:52  -112433.156250        3.393302
FIRE:  214 17:12:52  -112433.265625        1.179900
FIRE:  215 17:12:52  -112433.257812        0.812290
FIRE:  216 17:12:52  -112433.265625        0.191524
FIRE:  217 17:12:53  -112433.265625        0.506874
FIRE:  218 17:12:53  -112433.265625        0.464661
FIRE:  219 17:12:53  -112433.265625        0.383878
FIRE:  220 17:12:53  -112433.273438        0.271903
FIRE:  221 17:12:53  -112433.265625        0.139510
FIRE:  222 17:12:53  -112433.273438        0.053789
FIRE:  223 17:12:53  -112433.289062        0.128569
FIRE:  224 17:12:53  -112433.273438        0.220366
FIRE:  225 17:12:53  -112433.273438        0.276656
FIRE:  226 17:12:53  -112433.281250        0.284537
FIRE:  227 17:12:53  -112433.281250        0.234280
FIRE:  228 17:12:53  -112433.273438        0.123916
FIRE:  229 17:12:53  -112433.281250        0.053976
FIRE:  230 17:12:53  -112433.273438        0.173849
FIRE:  231 17:12:53  -112433.265625        0.231241
FIRE:  232 17:12:53  -112433.289062        0.161824
FIRE:  233 17:12:53  -112433.281250        0.053962
FIRE:  234 17:12:53  -112433.289062        0.178976
FIRE:  235 17:12:53  -112433.296875        0.151411
FIRE:  236 17:12:53  -112433.296875        0.072877
FIRE:  237 17:12:53  -112433.296875        0.180856
FIRE:  238 17:12:54  -112433.304688        0.053481
FIRE:  239 17:12:54  -112433.312500        0.160219
FIRE:  240 17:12:54  -112433.320312        0.147100
FIRE:  241 17:12:54  -112433.359375        0.053122
FIRE:  242 17:12:54  -112433.359375        0.086353
FIRE:  243 17:12:54  -112433.367188        0.294761
FIRE:  244 17:12:54  -112433.390625        0.794113
FIRE:  245 17:12:54  -112433.367188        2.300172
FIRE:  246 17:12:54  -112433.406250        0.355963
FIRE:  247 17:12:54  -112433.414062        0.259740
FIRE:  248 17:12:54  -112433.421875        0.095974
FIRE:  249 17:12:54  -112433.421875        0.097953
FIRE:  250 17:12:54  -112433.414062        0.223918
FIRE:  251 17:12:54  -112433.414062        0.257705
FIRE:  252 17:12:54  -112433.421875        0.196931
FIRE:  253 17:12:54  -112433.414062        0.069297
FIRE:  254 17:12:54  -112433.406250        0.102483
FIRE:  255 17:12:54  -112433.421875        0.191745
FIRE:  256 17:12:54  -112433.421875        0.143090
FIRE:  257 17:12:54  -112433.429688        0.052077
FIRE:  258 17:12:55  -112433.421875        0.174659
FIRE:  259 17:12:55  -112433.429688        0.083120
FIRE:  260 17:12:55  -112433.437500        0.148857
FIRE:  261 17:12:55  -112433.437500        0.077181
FIRE:  262 17:12:55  -112433.445312        0.200302
FIRE:  263 17:12:55  -112433.453125        0.077249
FIRE:  264 17:12:55  -112433.468750        0.064420
FIRE:  265 17:12:55  -112433.476562        0.255255
FIRE:  266 17:12:55  -112433.492188        0.605473
FIRE:  267 17:12:55  -112433.492188        1.477699
FIRE:  268 17:12:55  -112433.507812        0.058898
FIRE:  269 17:12:55  -112433.500000        0.050633
FIRE:  270 17:12:55  -112433.500000        0.050646
FIRE:  271 17:12:55  -112433.507812        0.050662
FIRE:  272 17:12:55  -112433.507812        0.050677
FIRE:  273 17:12:55  -112433.507812        0.050689
FIRE:  274 17:12:55  -112433.507812        0.050695
FIRE:  275 17:12:55  -112433.515625        0.050695
FIRE:  276 17:12:55  -112433.515625        0.050689
FIRE:  277 17:12:55  -112433.515625        0.050677
FIRE:  278 17:12:55  -112433.515625        0.050661
FIRE:  279 17:12:56  -112433.507812        0.050634
FIRE:  280 17:12:56  -112433.523438        0.050591
FIRE:  281 17:12:56  -112433.523438        0.050525
FIRE:  282 17:12:56  -112433.531250        0.050446
FIRE:  283 17:12:56  -112433.523438        0.050371
FIRE:  284 17:12:56  -112433.539062        0.050277
FIRE:  285 17:12:56  -112433.539062        0.050141
FIRE:  286 17:12:56  -112433.546875        0.050046
FIRE:  287 17:12:56  -112433.562500        0.049899
