      Step     Time          Energy          fmax
FIRE:    0 17:08:48  -123532.328125        3.539913
FIRE:    1 17:08:50  -123533.132812        1.925640
FIRE:    2 17:08:52  -123533.742188        2.431081
FIRE:    3 17:08:52  -123534.437500        2.062589
FIRE:    4 17:08:52  -123535.000000        1.859967
FIRE:    5 17:08:54  -123535.375000        1.365975
FIRE:    6 17:08:54  -123535.890625        0.996082
FIRE:    7 17:08:54  -123536.164062        1.298894
FIRE:    8 17:08:54  -123536.562500        1.179358
FIRE:    9 17:08:54  -123536.882812        0.995542
FIRE:   10 17:08:54  -123537.093750        0.913343
FIRE:   11 17:08:54  -123537.296875        1.014692
FIRE:   12 17:08:54  -123537.539062        0.904322
FIRE:   13 17:08:54  -123537.718750        0.769814
FIRE:   14 17:08:54  -123537.828125        0.456262
FIRE:   15 17:08:54  -123537.843750        0.617865
FIRE:   16 17:08:54  -123537.906250        0.583923
FIRE:   17 17:08:54  -123537.929688        0.387769
FIRE:   18 17:08:54  -123537.984375        0.558539
FIRE:   19 17:08:54  -123538.101562        0.419728
FIRE:   20 17:08:54  -123538.156250        0.362169
FIRE:   21 17:08:54  -123538.195312        0.512426
FIRE:   22 17:08:56  -123538.234375        0.282577
FIRE:   23 17:08:56  -123538.328125        0.566128
FIRE:   24 17:08:56  -123538.476562        0.485662
FIRE:   25 17:08:56  -123538.585938        0.391570
FIRE:   26 17:08:57  -123538.703125        0.832766
FIRE:   27 17:08:57  -123538.757812        1.832941
FIRE:   28 17:08:57  -123538.867188        0.289779
FIRE:   29 17:08:57  -123538.812500        2.031157
FIRE:   30 17:08:57  -123538.835938        1.411736
FIRE:   31 17:08:57  -123538.867188        0.511675
FIRE:   32 17:08:57  -123538.867188        0.614906
FIRE:   33 17:08:57  -123538.875000        0.577779
FIRE:   34 17:08:57  -123538.875000        0.505733
FIRE:   35 17:08:57  -123538.882812        0.403628
FIRE:   36 17:08:57  -123538.882812        0.279386
FIRE:   37 17:08:57  -123538.875000        0.147307
FIRE:   38 17:08:57  -123538.890625        0.137703
FIRE:   39 17:08:57  -123538.890625        0.258235
FIRE:   40 17:08:57  -123538.890625        0.353163
FIRE:   41 17:08:57  -123538.890625        0.395306
FIRE:   42 17:08:57  -123538.890625        0.365619
FIRE:   43 17:08:57  -123538.898438        0.255760
FIRE:   44 17:08:57  -123538.898438        0.132217
FIRE:   45 17:08:57  -123538.906250        0.148369
FIRE:   46 17:08:58  -123538.921875        0.253958
FIRE:   47 17:08:58  -123538.929688        0.239246
FIRE:   48 17:08:58  -123538.945312        0.132104
FIRE:   49 17:08:58  -123538.953125        0.172648
FIRE:   50 17:08:58  -123538.976562        0.226147
FIRE:   51 17:08:58  -123539.000000        0.131427
FIRE:   52 17:08:58  -123539.015625        0.240149
FIRE:   53 17:08:58  -123539.046875        0.129844
FIRE:   54 17:08:58  -123539.093750        0.238044
FIRE:   55 17:08:58  -123539.125000        0.128232
FIRE:   56 17:08:58  -123539.171875        0.179263
FIRE:   57 17:08:58  -123539.234375        0.359542
FIRE:   58 17:08:58  -123539.289062        0.584084
FIRE:   59 17:08:58  -123539.359375        1.149636
FIRE:   60 17:08:58  -123539.328125        2.470775
FIRE:   61 17:08:58  -123539.500000        0.283062
FIRE:   62 17:08:58  -123539.453125        2.532244
FIRE:   63 17:08:58  -123539.468750        1.820881
FIRE:   64 17:08:58  -123539.453125        0.668622
FIRE:   65 17:08:59  -123539.484375        0.547627
FIRE:   66 17:08:59  -123539.437500        0.515025
FIRE:   67 17:08:59  -123539.476562        0.451582
FIRE:   68 17:08:59  -123539.500000        0.361054
FIRE:   69 17:08:59  -123539.507812        0.249351
FIRE:   70 17:08:59  -123539.507812        0.134270
FIRE:   71 17:08:59  -123539.406250        0.119253
FIRE:   72 17:08:59  -123539.507812        0.124624
FIRE:   73 17:08:59  -123539.507812        0.222684
FIRE:   74 17:08:59  -123539.515625        0.288108
FIRE:   75 17:08:59  -123539.476562        0.303317
FIRE:   76 17:08:59  -123539.500000        0.255673
FIRE:   77 17:08:59  -123539.507812        0.144550
FIRE:   78 17:08:59  -123539.476562        0.119118
FIRE:   79 17:08:59  -123539.492188        0.173571
FIRE:   80 17:08:59  -123539.492188        0.241893
FIRE:   81 17:08:59  -123539.500000        0.182264
FIRE:   82 17:09:00  -123539.500000        0.118703
FIRE:   83 17:09:00  -123539.515625        0.180652
FIRE:   84 17:09:00  -123539.523438        0.167471
FIRE:   85 17:09:00  -123539.531250        0.117661
FIRE:   86 17:09:00  -123539.546875        0.201729
FIRE:   87 17:09:00  -123539.578125        0.116751
FIRE:   88 17:09:00  -123539.585938        0.187686
FIRE:   89 17:09:00  -123539.625000        0.147232
FIRE:   90 17:09:00  -123539.656250        0.114178
FIRE:   91 17:09:00  -123539.687500        0.176564
FIRE:   92 17:09:00  -123539.750000        0.450092
FIRE:   93 17:09:00  -123539.812500        1.127900
FIRE:   94 17:09:00  -123539.828125        2.630664
FIRE:   95 17:09:00  -123539.882812        0.227884
FIRE:   96 17:09:00  -123539.835938        2.805522
FIRE:   97 17:09:00  -123539.867188        1.975690
FIRE:   98 17:09:00  -123539.890625        0.653562
FIRE:   99 17:09:00  -123539.882812        0.708455
FIRE:  100 17:09:00  -123539.890625        0.665361
FIRE:  101 17:09:01  -123539.890625        0.581415
FIRE:  102 17:09:01  -123539.890625        0.461324
FIRE:  103 17:09:01  -123539.890625        0.312417
FIRE:  104 17:09:01  -123539.890625        0.145402
FIRE:  105 17:09:01  -123539.890625        0.108387
FIRE:  106 17:09:01  -123539.890625        0.178469
FIRE:  107 17:09:01  -123539.890625        0.304178
FIRE:  108 17:09:01  -123539.890625        0.382245
FIRE:  109 17:09:01  -123539.890625        0.393218
FIRE:  110 17:09:01  -123539.898438        0.323154
FIRE:  111 17:09:01  -123539.906250        0.171473
FIRE:  112 17:09:01  -123539.898438        0.108180
FIRE:  113 17:09:01  -123539.906250        0.231111
FIRE:  114 17:09:01  -123539.906250        0.312711
FIRE:  115 17:09:01  -123539.914062        0.230229
FIRE:  116 17:09:01  -123539.914062        0.107918
FIRE:  117 17:09:01  -123539.921875        0.236731
FIRE:  118 17:09:02  -123539.929688        0.221409
FIRE:  119 17:09:02  -123539.937500        0.107156
FIRE:  120 17:09:02  -123539.960938        0.253801
FIRE:  121 17:09:02  -123539.968750        0.106604
FIRE:  122 17:09:02  -123539.984375        0.247914
FIRE:  123 17:09:02  -123540.000000        0.155797
FIRE:  124 17:09:02  -123540.039062        0.104822
FIRE:  125 17:09:02  -123540.062500        0.279211
FIRE:  126 17:09:02  -123540.093750        0.613890
FIRE:  127 17:09:02  -123540.125000        1.299848
FIRE:  128 17:09:02  -123540.117188        2.914811
FIRE:  129 17:09:02  -123540.179688        0.186593
FIRE:  130 17:09:02  -123540.125000        3.236586
FIRE:  131 17:09:02  -123540.156250        2.222413
FIRE:  132 17:09:02  -123540.171875        0.643001
FIRE:  133 17:09:02  -123540.187500        0.933521
FIRE:  134 17:09:02  -123540.187500        0.875822
FIRE:  135 17:09:02  -123540.187500        0.763252
FIRE:  136 17:09:02  -123540.187500        0.601926
FIRE:  137 17:09:03  -123540.195312        0.400976
FIRE:  138 17:09:03  -123540.195312        0.173914
FIRE:  139 17:09:03  -123540.187500        0.100644
FIRE:  140 17:09:03  -123540.195312        0.261804
FIRE:  141 17:09:03  -123540.195312        0.257431
FIRE:  142 17:09:03  -123540.195312        0.248712
FIRE:  143 17:09:03  -123540.195312        0.235785
FIRE:  144 17:09:03  -123540.195312        0.219074
FIRE:  145 17:09:03  -123540.179688        0.198821
FIRE:  146 17:09:03  -123540.195312        0.175495
FIRE:  147 17:09:03  -123540.195312        0.149679
FIRE:  148 17:09:03  -123540.164062        0.119046
FIRE:  149 17:09:03  -123540.187500        0.100694
FIRE:  150 17:09:03  -123540.203125        0.100607
FIRE:  151 17:09:03  -123540.187500        0.100513
FIRE:  152 17:09:03  -123540.195312        0.100419
FIRE:  153 17:09:03  -123540.195312        0.100332
FIRE:  154 17:09:04  -123540.203125        0.111311
FIRE:  155 17:09:04  -123540.195312        0.126741
FIRE:  156 17:09:04  -123540.203125        0.123359
FIRE:  157 17:09:04  -123540.203125        0.100250
FIRE:  158 17:09:04  -123540.203125        0.100327
FIRE:  159 17:09:04  -123540.195312        0.100423
FIRE:  160 17:09:04  -123540.195312        0.100496
FIRE:  161 17:09:04  -123540.210938        0.100491
FIRE:  162 17:09:04  -123540.203125        0.100363
FIRE:  163 17:09:04  -123540.210938        0.100117
FIRE:  164 17:09:04  -123540.210938        0.099837
FIRE:  165 17:09:04  -123540.218750        0.099656
FIRE:  166 17:09:04  -123540.226562        0.099620
FIRE:  167 17:09:04  -123540.242188        0.099561
FIRE:  168 17:09:04  -123540.257812        0.099196
FIRE:  169 17:09:04  -123540.242188        0.098618
FIRE:  170 17:09:04  -123540.281250        0.098340
FIRE:  171 17:09:05  -123540.210938        0.098106
FIRE:  172 17:09:05  -123540.234375        0.110507
FIRE:  173 17:09:05  -123540.250000        0.114750
FIRE:  174 17:09:05  -123540.289062        0.237877
FIRE:  175 17:09:05  -123540.312500        0.676332
FIRE:  176 17:09:05  -123540.335938        1.941402
FIRE:  177 17:09:05  -123540.359375        0.093495
FIRE:  178 17:09:05  -123540.359375        1.970166
FIRE:  179 17:09:05  -123540.351562        1.398406
FIRE:  180 17:09:05  -123540.359375        0.466267
FIRE:  181 17:09:05  -123540.351562        0.519852
FIRE:  182 17:09:05  -123540.359375        0.487483
FIRE:  183 17:09:05  -123540.359375        0.424730
FIRE:  184 17:09:05  -123540.367188        0.335317
FIRE:  185 17:09:05  -123540.367188        0.225215
FIRE:  186 17:09:05  -123540.367188        0.103102
FIRE:  187 17:09:05  -123540.375000        0.093607
FIRE:  188 17:09:05  -123540.375000        0.128810
FIRE:  189 17:09:06  -123540.367188        0.217325
FIRE:  190 17:09:06  -123540.367188        0.270293
FIRE:  191 17:09:06  -123540.382812        0.272977
FIRE:  192 17:09:06  -123540.367188        0.215591
FIRE:  193 17:09:06  -123540.375000        0.099488
FIRE:  194 17:09:06  -123540.375000        0.093412
FIRE:  195 17:09:06  -123540.382812        0.185082
FIRE:  196 17:09:06  -123540.382812        0.227904
FIRE:  197 17:09:06  -123540.390625        0.145963
FIRE:  198 17:09:06  -123540.390625        0.093369
FIRE:  199 17:09:06  -123540.359375        0.181225
FIRE:  200 17:09:06  -123540.406250        0.126439
FIRE:  201 17:09:06  -123540.406250        0.102375
FIRE:  202 17:09:06  -123540.406250        0.176727
FIRE:  203 17:09:06  -123540.421875        0.092655
FIRE:  204 17:09:06  -123540.429688        0.138952
FIRE:  205 17:09:06  -123540.445312        0.189936
FIRE:  206 17:09:06  -123540.460938        0.091479
FIRE:  207 17:09:06  -123540.484375        0.090814
FIRE:  208 17:09:07  -123540.601562        0.109499
FIRE:  209 17:09:07  -123540.632812        0.399136
FIRE:  210 17:09:07  -123540.648438        1.477457
FIRE:  211 17:09:07  -123540.679688        0.088393
FIRE:  212 17:09:07  -123540.656250        1.459420
FIRE:  213 17:09:07  -123540.664062        1.030987
FIRE:  214 17:09:07  -123540.679688        0.326245
FIRE:  215 17:09:07  -123540.671875        0.422383
FIRE:  216 17:09:07  -123540.679688        0.395152
FIRE:  217 17:09:07  -123540.671875        0.342424
FIRE:  218 17:09:07  -123540.664062        0.267603
FIRE:  219 17:09:07  -123540.679688        0.176134
FIRE:  220 17:09:07  -123540.664062        0.088144
FIRE:  221 17:09:07  -123540.664062        0.088352
FIRE:  222 17:09:07  -123540.671875        0.111182
FIRE:  223 17:09:07  -123540.679688        0.179658
FIRE:  224 17:09:07  -123540.679688        0.217605
FIRE:  225 17:09:07  -123540.671875        0.212974
FIRE:  226 17:09:07  -123540.687500        0.158535
FIRE:  227 17:09:08  -123540.679688        0.088380
FIRE:  228 17:09:08  -123540.679688        0.088093
FIRE:  229 17:09:08  -123540.679688        0.164190
FIRE:  230 17:09:08  -123540.687500        0.181215
FIRE:  231 17:09:08  -123540.695312        0.094713
FIRE:  232 17:09:08  -123540.695312        0.088137
FIRE:  233 17:09:08  -123540.695312        0.150352
FIRE:  234 17:09:08  -123540.703125        0.087949
FIRE:  235 17:09:08  -123540.703125        0.119898
FIRE:  236 17:09:08  -123540.710938        0.121455
FIRE:  237 17:09:08  -123540.726562        0.103856
FIRE:  238 17:09:08  -123540.734375        0.087091
FIRE:  239 17:09:08  -123540.742188        0.184818
FIRE:  240 17:09:08  -123540.757812        0.165277
FIRE:  241 17:09:08  -123540.781250        0.187774
FIRE:  242 17:09:08  -123540.804688        0.345153
FIRE:  243 17:09:08  -123540.820312        0.956716
FIRE:  244 17:09:08  -123540.812500        2.936798
FIRE:  245 17:09:08  -123540.867188        0.605270
FIRE:  246 17:09:09  -123540.867188        0.443141
FIRE:  247 17:09:09  -123540.859375        0.159064
FIRE:  248 17:09:09  -123540.859375        0.163558
FIRE:  249 17:09:09  -123540.859375        0.151751
FIRE:  250 17:09:09  -123540.859375        0.129137
FIRE:  251 17:09:09  -123540.859375        0.097533
FIRE:  252 17:09:09  -123540.867188        0.083730
FIRE:  253 17:09:09  -123540.859375        0.083666
FIRE:  254 17:09:09  -123540.867188        0.083606
FIRE:  255 17:09:09  -123540.867188        0.083553
FIRE:  256 17:09:09  -123540.859375        0.083513
FIRE:  257 17:09:09  -123540.859375        0.093820
FIRE:  258 17:09:09  -123540.859375        0.089824
FIRE:  259 17:09:09  -123540.867188        0.083532
FIRE:  260 17:09:09  -123540.867188        0.083592
FIRE:  261 17:09:09  -123540.875000        0.083653
FIRE:  262 17:09:09  -123540.867188        0.083680
FIRE:  263 17:09:09  -123540.867188        0.083637
FIRE:  264 17:09:09  -123540.875000        0.083514
FIRE:  265 17:09:10  -123540.875000        0.083354
FIRE:  266 17:09:10  -123540.875000        0.083243
FIRE:  267 17:09:10  -123540.882812        0.083221
FIRE:  268 17:09:10  -123540.890625        0.083177
FIRE:  269 17:09:10  -123540.890625        0.082938
FIRE:  270 17:09:10  -123540.906250        0.082611
FIRE:  271 17:09:10  -123540.914062        0.082497
FIRE:  272 17:09:10  -123540.921875        0.082242
FIRE:  273 17:09:10  -123540.937500        0.094734
FIRE:  274 17:09:10  -123540.945312        0.179401
FIRE:  275 17:09:10  -123540.984375        0.492386
FIRE:  276 17:09:10  -123540.984375        1.344827
FIRE:  277 17:09:10  -123541.000000        0.080288
FIRE:  278 17:09:10  -123540.992188        1.127255
FIRE:  279 17:09:10  -123540.992188        0.877646
FIRE:  280 17:09:10  -123541.007812        0.423255
FIRE:  281 17:09:10  -123541.000000        0.141637
FIRE:  282 17:09:10  -123541.000000        0.132777
FIRE:  283 17:09:11  -123540.992188        0.115658
FIRE:  284 17:09:11  -123541.000000        0.091495
FIRE:  285 17:09:11  -123540.992188        0.080356
FIRE:  286 17:09:11  -123541.000000        0.080303
FIRE:  287 17:09:11  -123541.000000        0.080248
FIRE:  288 17:09:11  -123541.007812        0.080198
FIRE:  289 17:09:11  -123541.000000        0.080152
FIRE:  290 17:09:11  -123541.000000        0.080117
FIRE:  291 17:09:11  -123541.000000        0.082827
FIRE:  292 17:09:11  -123541.007812        0.080107
FIRE:  293 17:09:11  -123541.000000        0.080138
FIRE:  294 17:09:11  -123541.007812        0.080183
FIRE:  295 17:09:11  -123541.015625        0.080221
FIRE:  296 17:09:11  -123541.007812        0.080220
FIRE:  297 17:09:11  -123541.007812        0.080154
FIRE:  298 17:09:11  -123541.007812        0.080026
FIRE:  299 17:09:11  -123541.015625        0.079889
FIRE:  300 17:09:11  -123541.023438        0.079816
FIRE:  301 17:09:12  -123541.023438        0.079806
FIRE:  302 17:09:12  -123541.023438        0.079738
FIRE:  303 17:09:12  -123541.039062        0.079493
FIRE:  304 17:09:12  -123541.039062        0.079245
FIRE:  305 17:09:12  -123541.046875        0.079170
FIRE:  306 17:09:12  -123541.062500        0.078834
FIRE:  307 17:09:12  -123541.070312        0.078476
FIRE:  308 17:09:12  -123541.085938        0.087706
FIRE:  309 17:09:12  -123541.093750        0.316236
FIRE:  310 17:09:12  -123541.117188        1.082241
FIRE:  311 17:09:12  -123541.085938        3.184350
FIRE:  312 17:09:12  -123541.156250        0.209400
FIRE:  313 17:09:12  -123541.148438        0.147358
FIRE:  314 17:09:12  -123541.156250        0.076170
FIRE:  315 17:09:12  -123541.156250        0.076010
FIRE:  316 17:09:12  -123541.156250        0.138563
FIRE:  317 17:09:12  -123541.156250        0.149775
FIRE:  318 17:09:12  -123541.156250        0.101267
FIRE:  319 17:09:12  -123541.164062        0.076176
FIRE:  320 17:09:12  -123541.156250        0.094234
FIRE:  321 17:09:12  -123541.156250        0.110560
FIRE:  322 17:09:13  -123541.171875        0.076140
FIRE:  323 17:09:13  -123541.164062        0.080686
FIRE:  324 17:09:13  -123541.156250        0.096188
FIRE:  325 17:09:13  -123541.179688        0.075866
FIRE:  326 17:09:13  -123541.171875        0.088619
FIRE:  327 17:09:13  -123541.187500        0.075441
FIRE:  328 17:09:13  -123541.187500        0.075276
FIRE:  329 17:09:13  -123541.187500        0.116258
FIRE:  330 17:09:13  -123541.210938        0.212127
FIRE:  331 17:09:13  -123541.210938        0.393957
FIRE:  332 17:09:13  -123541.234375        0.889601
FIRE:  333 17:09:13  -123541.164062        2.367694
FIRE:  334 17:09:13  -123541.195312        0.376046
FIRE:  335 17:09:13  -123541.187500        0.277768
FIRE:  336 17:09:13  -123541.203125        0.106640
FIRE:  337 17:09:13  -123541.195312        0.087059
FIRE:  338 17:09:13  -123541.203125        0.226641
FIRE:  339 17:09:13  -123541.210938        0.268630
FIRE:  340 17:09:13  -123541.203125        0.207849
FIRE:  341 17:09:13  -123541.203125        0.077376
FIRE:  342 17:09:13  -123541.195312        0.106444
FIRE:  343 17:09:13  -123541.203125        0.216454
FIRE:  344 17:09:14  -123541.218750        0.181624
FIRE:  345 17:09:14  -123541.195312        0.073788
FIRE:  346 17:09:14  -123541.226562        0.177203
FIRE:  347 17:09:14  -123541.218750        0.112051
FIRE:  348 17:09:14  -123541.210938        0.146678
FIRE:  349 17:09:14  -123541.234375        0.130296
FIRE:  350 17:09:14  -123541.218750        0.183461
FIRE:  351 17:09:14  -123541.218750        0.073091
FIRE:  352 17:09:14  -123541.234375        0.153706
FIRE:  353 17:09:14  -123541.242188        0.342907
FIRE:  354 17:09:14  -123541.257812        0.670607
FIRE:  355 17:09:14  -123541.265625        1.444878
FIRE:  356 17:09:14  -123541.289062        0.072025
FIRE:  357 17:09:14  -123541.281250        0.072036
FIRE:  358 17:09:14  -123541.289062        0.072054
FIRE:  359 17:09:14  -123541.265625        0.072074
FIRE:  360 17:09:14  -123541.265625        0.072089
FIRE:  361 17:09:14  -123541.296875        0.072092
FIRE:  362 17:09:14  -123541.289062        0.072079
FIRE:  363 17:09:14  -123541.289062        0.072054
FIRE:  364 17:09:14  -123541.273438        0.072018
FIRE:  365 17:09:14  -123541.289062        0.071981
FIRE:  366 17:09:15  -123541.273438        0.071953
FIRE:  367 17:09:15  -123541.289062        0.071935
FIRE:  368 17:09:15  -123541.296875        0.071906
FIRE:  369 17:09:15  -123541.289062        0.071834
FIRE:  370 17:09:15  -123541.281250        0.071725
FIRE:  371 17:09:15  -123541.289062        0.071629
FIRE:  372 17:09:15  -123541.304688        0.071540
FIRE:  373 17:09:15  -123541.312500        0.071357
FIRE:  374 17:09:15  -123541.281250        0.071168
FIRE:  375 17:09:15  -123541.281250        0.070997
FIRE:  376 17:09:15  -123541.289062        0.086131
FIRE:  377 17:09:15  -123541.289062        0.290875
FIRE:  378 17:09:15  -123541.281250        1.081955
FIRE:  379 17:09:15  -123541.335938        0.069971
FIRE:  380 17:09:15  -123541.312500        1.037657
FIRE:  381 17:09:15  -123541.320312        0.743379
FIRE:  382 17:09:15  -123541.296875        0.250997
FIRE:  383 17:09:15  -123541.296875        0.285869
FIRE:  384 17:09:16  -123541.335938        0.267644
FIRE:  385 17:09:16  -123541.328125        0.232306
FIRE:  386 17:09:16  -123541.335938        0.182312
FIRE:  387 17:09:16  -123541.312500        0.121264
FIRE:  388 17:09:16  -123541.304688        0.069853
FIRE:  389 17:09:16  -123541.328125        0.069943
FIRE:  390 17:09:16  -123541.312500        0.070700
FIRE:  391 17:09:16  -123541.335938        0.116865
FIRE:  392 17:09:16  -123541.414062        0.143066
FIRE:  393 17:09:16  -123541.328125        0.141401
FIRE:  394 17:09:16  -123541.296875        0.106755
FIRE:  395 17:09:16  -123541.296875        0.069953
FIRE:  396 17:09:16  -123541.328125        0.069827
FIRE:  397 17:09:16  -123541.328125        0.109217
FIRE:  398 17:09:16  -123541.335938        0.123591
FIRE:  399 17:09:16  -123541.320312        0.069735
FIRE:  400 17:09:17  -123541.335938        0.069844
FIRE:  401 17:09:17  -123541.421875        0.098592
FIRE:  402 17:09:17  -123541.343750        0.069763
FIRE:  403 17:09:17  -123541.429688        0.077346
FIRE:  404 17:09:17  -123541.437500        0.087147
FIRE:  405 17:09:17  -123541.445312        0.069548
FIRE:  406 17:09:17  -123541.445312        0.069403
FIRE:  407 17:09:17  -123541.429688        0.123880
FIRE:  408 17:09:17  -123541.460938        0.096201
FIRE:  409 17:09:17  -123541.468750        0.102910
FIRE:  410 17:09:17  -123541.476562        0.176730
FIRE:  411 17:09:17  -123541.484375        0.538212
FIRE:  412 17:09:17  -123541.484375        1.662763
FIRE:  413 17:09:17  -123541.492188        0.264259
FIRE:  414 17:09:17  -123541.492188        0.193897
FIRE:  415 17:09:17  -123541.367188        0.072479
FIRE:  416 17:09:18  -123541.500000        0.067998
FIRE:  417 17:09:18  -123541.406250        0.158805
FIRE:  418 17:09:18  -123541.500000        0.184405
FIRE:  419 17:09:18  -123541.500000        0.136527
FIRE:  420 17:09:18  -123541.500000        0.067961
FIRE:  421 17:09:18  -123541.390625        0.087601
FIRE:  422 17:09:18  -123541.507812        0.156106
FIRE:  423 17:09:18  -123541.515625        0.116519
FIRE:  424 17:09:18  -123541.507812        0.067864
FIRE:  425 17:09:18  -123541.515625        0.127506
FIRE:  426 17:09:18  -123541.507812        0.067810
FIRE:  427 17:09:18  -123541.515625        0.124362
FIRE:  428 17:09:18  -123541.492188        0.067489
FIRE:  429 17:09:18  -123541.531250        0.144504
FIRE:  430 17:09:18  -123541.500000        0.081919
FIRE:  431 17:09:18  -123541.531250        0.067180
FIRE:  432 17:09:18  -123541.539062        0.127901
FIRE:  433 17:09:19  -123541.546875        0.402525
FIRE:  434 17:09:19  -123541.554688        1.105810
FIRE:  435 17:09:19  -123541.562500        0.066478
FIRE:  436 17:09:19  -123541.562500        0.066491
FIRE:  437 17:09:19  -123541.546875        0.066512
FIRE:  438 17:09:19  -123541.562500        0.066535
FIRE:  439 17:09:19  -123541.445312        0.066552
FIRE:  440 17:09:19  -123541.398438        0.066556
FIRE:  441 17:09:19  -123541.445312        0.066544
FIRE:  442 17:09:19  -123541.445312        0.066518
FIRE:  443 17:09:19  -123541.414062        0.066482
FIRE:  444 17:09:19  -123541.562500        0.066448
FIRE:  445 17:09:19  -123541.570312        0.066429
FIRE:  446 17:09:19  -123541.562500        0.066423
FIRE:  447 17:09:19  -123541.562500        0.066408
FIRE:  448 17:09:19  -123541.570312        0.066350
FIRE:  449 17:09:20  -123541.570312        0.066258
FIRE:  450 17:09:20  -123541.570312        0.066192
FIRE:  451 17:09:20  -123541.585938        0.066142
FIRE:  452 17:09:20  -123541.421875        0.065993
FIRE:  453 17:09:20  -123541.421875        0.065861
FIRE:  454 17:09:20  -123541.460938        0.065740
FIRE:  455 17:09:20  -123541.453125        0.070519
FIRE:  456 17:09:20  -123541.453125        0.244723
FIRE:  457 17:09:20  -123541.484375        0.950875
FIRE:  458 17:09:20  -123541.492188        0.065023
FIRE:  459 17:09:20  -123541.476562        0.065005
FIRE:  460 17:09:20  -123541.453125        0.064975
FIRE:  461 17:09:20  -123541.468750        0.064941
FIRE:  462 17:09:20  -123541.500000        0.064917
FIRE:  463 17:09:20  -123541.476562        0.064908
FIRE:  464 17:09:20  -123541.609375        0.064918
FIRE:  465 17:09:21  -123541.617188        0.064939
FIRE:  466 17:09:21  -123541.625000        0.064960
FIRE:  467 17:09:21  -123541.617188        0.064961
FIRE:  468 17:09:21  -123541.617188        0.064927
FIRE:  469 17:09:21  -123541.617188        0.064861
FIRE:  470 17:09:21  -123541.625000        0.064804
FIRE:  471 17:09:21  -123541.625000        0.064787
FIRE:  472 17:09:21  -123541.625000        0.064763
FIRE:  473 17:09:21  -123541.632812        0.064651
FIRE:  474 17:09:21  -123541.632812        0.064528
FIRE:  475 17:09:21  -123541.640625        0.064489
FIRE:  476 17:09:21  -123541.640625        0.064272
FIRE:  477 17:09:21  -123541.648438        0.064251
FIRE:  478 17:09:21  -123541.656250        0.184661
FIRE:  479 17:09:21  -123541.664062        0.639666
FIRE:  480 17:09:21  -123541.656250        1.995383
FIRE:  481 17:09:21  -123541.679688        0.202492
FIRE:  482 17:09:22  -123541.679688        0.141523
FIRE:  483 17:09:22  -123541.679688        0.063497
FIRE:  484 17:09:22  -123541.679688        0.069279
FIRE:  485 17:09:22  -123541.687500        0.139594
FIRE:  486 17:09:22  -123541.679688        0.150742
FIRE:  487 17:09:22  -123541.679688        0.103548
FIRE:  488 17:09:22  -123541.687500        0.063454
FIRE:  489 17:09:22  -123541.679688        0.079891
FIRE:  490 17:09:22  -123541.679688        0.109441
FIRE:  491 17:09:22  -123541.679688        0.063512
FIRE:  492 17:09:22  -123541.679688        0.066537
FIRE:  493 17:09:22  -123541.687500        0.105010
FIRE:  494 17:09:22  -123541.687500        0.063325
FIRE:  495 17:09:22  -123541.687500        0.097162
FIRE:  496 17:09:22  -123541.695312        0.063145
FIRE:  497 17:09:22  -123541.703125        0.087199
FIRE:  498 17:09:23  -123541.695312        0.121877
FIRE:  499 17:09:23  -123541.710938        0.146248
FIRE:  500 17:09:23  -123541.710938        0.213555
FIRE:  501 17:09:23  -123541.718750        0.497856
FIRE:  502 17:09:23  -123541.718750        1.345112
FIRE:  503 17:09:23  -123541.734375        0.153800
FIRE:  504 17:09:23  -123541.726562        0.114435
FIRE:  505 17:09:23  -123541.726562        0.062198
FIRE:  506 17:09:23  -123541.726562        0.062316
FIRE:  507 17:09:23  -123541.726562        0.085663
FIRE:  508 17:09:23  -123541.734375        0.103023
FIRE:  509 17:09:23  -123541.726562        0.078265
FIRE:  510 17:09:23  -123541.726562        0.062298
FIRE:  511 17:09:23  -123541.726562        0.062182
FIRE:  512 17:09:23  -123541.726562        0.090398
FIRE:  513 17:09:23  -123541.726562        0.069112
FIRE:  514 17:09:24  -123541.726562        0.062213
FIRE:  515 17:09:24  -123541.734375        0.071592
FIRE:  516 17:09:24  -123541.734375        0.062163
FIRE:  517 17:09:24  -123541.734375        0.073226
FIRE:  518 17:09:24  -123541.742188        0.061963
FIRE:  519 17:09:24  -123541.742188        0.078632
FIRE:  520 17:09:24  -123541.750000        0.061755
FIRE:  521 17:09:24  -123541.750000        0.061735
FIRE:  522 17:09:24  -123541.750000        0.061666
FIRE:  523 17:09:24  -123541.765625        0.153009
FIRE:  524 17:09:24  -123541.773438        0.527967
FIRE:  525 17:09:24  -123541.757812        1.656454
FIRE:  526 17:09:24  -123541.781250        0.158400
FIRE:  527 17:09:24  -123541.781250        0.111190
FIRE:  528 17:09:24  -123541.773438        0.061038
FIRE:  529 17:09:24  -123541.773438        0.060913
FIRE:  530 17:09:25  -123541.773438        0.109858
FIRE:  531 17:09:25  -123541.781250        0.120151
FIRE:  532 17:09:25  -123541.789062        0.084088
FIRE:  533 17:09:25  -123541.781250        0.060984
FIRE:  534 17:09:25  -123541.781250        0.062134
FIRE:  535 17:09:25  -123541.781250        0.085720
FIRE:  536 17:09:25  -123541.781250        0.061028
FIRE:  537 17:09:25  -123541.781250        0.060857
FIRE:  538 17:09:25  -123541.781250        0.084749
FIRE:  539 17:09:25  -123541.781250        0.060859
FIRE:  540 17:09:25  -123541.789062        0.076194
FIRE:  541 17:09:25  -123541.789062        0.060702
FIRE:  542 17:09:25  -123541.796875        0.071185
FIRE:  543 17:09:25  -123541.796875        0.096564
FIRE:  544 17:09:25  -123541.796875        0.121870
FIRE:  545 17:09:25  -123541.812500        0.182477
FIRE:  546 17:09:26  -123541.812500        0.437274
FIRE:  547 17:09:26  -123541.812500        1.169330
FIRE:  548 17:09:26  -123541.820312        0.108107
FIRE:  549 17:09:26  -123541.820312        0.081342
FIRE:  550 17:09:26  -123541.820312        0.059850
FIRE:  551 17:09:26  -123541.828125        0.059928
FIRE:  552 17:09:26  -123541.820312        0.059985
FIRE:  553 17:09:26  -123541.820312        0.069261
FIRE:  554 17:09:26  -123541.820312        0.059966
FIRE:  555 17:09:26  -123541.820312        0.059897
FIRE:  556 17:09:26  -123541.828125        0.059807
FIRE:  557 17:09:26  -123541.820312        0.064457
FIRE:  558 17:09:26  -123541.820312        0.059729
FIRE:  559 17:09:26  -123541.828125        0.059773
FIRE:  560 17:09:26  -123541.820312        0.059787
FIRE:  561 17:09:26  -123541.828125        0.059676
FIRE:  562 17:09:26  -123541.828125        0.059498
FIRE:  563 17:09:26  -123541.835938        0.059454
FIRE:  564 17:09:27  -123541.835938        0.059471
FIRE:  565 17:09:27  -123541.835938        0.059222
FIRE:  566 17:09:27  -123541.843750        0.059188
FIRE:  567 17:09:27  -123541.851562        0.059109
FIRE:  568 17:09:27  -123541.859375        0.092978
FIRE:  569 17:09:27  -123541.867188        0.341985
FIRE:  570 17:09:27  -123541.867188        1.203150
FIRE:  571 17:09:27  -123541.875000        0.112638
FIRE:  572 17:09:27  -123541.875000        0.079150
FIRE:  573 17:09:27  -123541.867188        0.058700
FIRE:  574 17:09:27  -123541.875000        0.058608
FIRE:  575 17:09:27  -123541.875000        0.080234
FIRE:  576 17:09:27  -123541.875000        0.088630
FIRE:  577 17:09:27  -123541.882812        0.063027
FIRE:  578 17:09:27  -123541.875000        0.058636
FIRE:  579 17:09:27  -123541.875000        0.058706
FIRE:  580 17:09:27  -123541.875000        0.062801
FIRE:  581 17:09:27  -123541.875000        0.058645
FIRE:  582 17:09:28  -123541.875000        0.058510
FIRE:  583 17:09:28  -123541.867188        0.063528
FIRE:  584 17:09:28  -123541.890625        0.058481
FIRE:  585 17:09:28  -123541.882812        0.058508
FIRE:  586 17:09:28  -123541.882812        0.058326
FIRE:  587 17:09:28  -123541.890625        0.058203
FIRE:  588 17:09:28  -123541.867188        0.070207
FIRE:  589 17:09:28  -123541.835938        0.100087
FIRE:  590 17:09:28  -123541.898438        0.158943
FIRE:  591 17:09:28  -123541.906250        0.397808
FIRE:  592 17:09:28  -123541.851562        1.053413
FIRE:  593 17:09:28  -123541.890625        0.076328
FIRE:  594 17:09:28  -123541.859375        0.058319
FIRE:  595 17:09:28  -123541.859375        0.057690
FIRE:  596 17:09:28  -123541.906250        0.057745
FIRE:  597 17:09:28  -123541.875000        0.057788
FIRE:  598 17:09:28  -123541.875000        0.057803
FIRE:  599 17:09:28  -123541.882812        0.057788
FIRE:  600 17:09:29  -123541.882812        0.057746
FIRE:  601 17:09:29  -123541.875000        0.057692
FIRE:  602 17:09:29  -123541.851562        0.057653
FIRE:  603 17:09:29  -123541.875000        0.057656
FIRE:  604 17:09:29  -123541.914062        0.057698
FIRE:  605 17:09:29  -123541.914062        0.057723
FIRE:  606 17:09:29  -123541.914062        0.057666
FIRE:  607 17:09:29  -123541.867188        0.057563
FIRE:  608 17:09:29  -123541.898438        0.057549
FIRE:  609 17:09:29  -123541.906250        0.057576
FIRE:  610 17:09:29  -123541.867188        0.057413
FIRE:  611 17:09:29  -123541.890625        0.057381
FIRE:  612 17:09:29  -123541.890625        0.057305
FIRE:  613 17:09:29  -123541.882812        0.065804
FIRE:  614 17:09:29  -123541.906250        0.236837
FIRE:  615 17:09:29  -123541.921875        0.912740
FIRE:  616 17:09:29  -123541.890625        0.077064
FIRE:  617 17:09:29  -123541.914062        0.056881
FIRE:  618 17:09:30  -123541.929688        0.056821
FIRE:  619 17:09:30  -123541.914062        0.056756
FIRE:  620 17:09:30  -123541.921875        0.057803
FIRE:  621 17:09:30  -123541.914062        0.064491
FIRE:  622 17:09:30  -123541.921875        0.056726
FIRE:  623 17:09:30  -123541.906250        0.056774
FIRE:  624 17:09:30  -123541.921875        0.056826
FIRE:  625 17:09:30  -123541.914062        0.056840
FIRE:  626 17:09:30  -123541.914062        0.056790
FIRE:  627 17:09:30  -123541.914062        0.056696
FIRE:  628 17:09:30  -123541.921875        0.056640
FIRE:  629 17:09:30  -123541.921875        0.056672
FIRE:  630 17:09:30  -123541.921875        0.056689
FIRE:  631 17:09:30  -123541.906250        0.056554
FIRE:  632 17:09:30  -123541.906250        0.056453
FIRE:  633 17:09:30  -123541.937500        0.056513
FIRE:  634 17:09:31  -123541.929688        0.074352
FIRE:  635 17:09:31  -123541.929688        0.120638
FIRE:  636 17:09:31  -123541.937500        0.330311
FIRE:  637 17:09:31  -123541.929688        0.900102
FIRE:  638 17:09:31  -123541.945312        0.055868
FIRE:  639 17:09:31  -123541.929688        0.055884
FIRE:  640 17:09:31  -123541.929688        0.055912
FIRE:  641 17:09:31  -123541.945312        0.055943
FIRE:  642 17:09:31  -123541.945312        0.055967
FIRE:  643 17:09:31  -123541.929688        0.055975
FIRE:  644 17:09:31  -123541.960938        0.055963
FIRE:  645 17:09:31  -123541.945312        0.055937
FIRE:  646 17:09:31  -123541.929688        0.055902
FIRE:  647 17:09:31  -123541.968750        0.055874
FIRE:  648 17:09:31  -123541.929688        0.055868
FIRE:  649 17:09:31  -123541.945312        0.055883
FIRE:  650 17:09:31  -123541.937500        0.055887
FIRE:  651 17:09:32  -123541.960938        0.055841
FIRE:  652 17:09:32  -123541.968750        0.055763
FIRE:  653 17:09:32  -123541.953125        0.055731
FIRE:  654 17:09:32  -123541.945312        0.055721
FIRE:  655 17:09:32  -123541.953125        0.055597
FIRE:  656 17:09:32  -123541.945312        0.055536
FIRE:  657 17:09:32  -123541.984375        0.055459
FIRE:  658 17:09:32  -123541.992188        0.055244
FIRE:  659 17:09:32  -123541.960938        0.186984
FIRE:  660 17:09:32  -123541.984375        0.759793
FIRE:  661 17:09:32  -123541.984375        0.055049
FIRE:  662 17:09:32  -123541.953125        0.055024
FIRE:  663 17:09:32  -123542.007812        0.054981
FIRE:  664 17:09:32  -123541.992188        0.054934
FIRE:  665 17:09:32  -123541.968750        0.054900
FIRE:  666 17:09:32  -123541.984375        0.054891
FIRE:  667 17:09:33  -123541.960938        0.054908
FIRE:  668 17:09:33  -123541.984375        0.054941
FIRE:  669 17:09:33  -123541.992188        0.054977
FIRE:  670 17:09:33  -123541.992188        0.054986
FIRE:  671 17:09:33  -123541.992188        0.054949
FIRE:  672 17:09:33  -123541.984375        0.054877
FIRE:  673 17:09:33  -123541.968750        0.054829
FIRE:  674 17:09:33  -123542.000000        0.054842
FIRE:  675 17:09:33  -123541.976562        0.054848
FIRE:  676 17:09:33  -123541.992188        0.054740
FIRE:  677 17:09:33  -123541.992188        0.054645
FIRE:  678 17:09:33  -123542.000000        0.054671
FIRE:  679 17:09:33  -123542.023438        0.054448
FIRE:  680 17:09:33  -123542.000000        0.083128
FIRE:  681 17:09:33  -123541.992188        0.252880
FIRE:  682 17:09:33  -123542.015625        0.731970
FIRE:  683 17:09:34  -123541.992188        0.054079
FIRE:  684 17:09:34  -123542.023438        0.644043
FIRE:  685 17:09:34  -123542.000000        0.490949
FIRE:  686 17:09:34  -123542.023438        0.217689
FIRE:  687 17:09:34  -123542.015625        0.111499
FIRE:  688 17:09:34  -123542.007812        0.104246
FIRE:  689 17:09:34  -123542.015625        0.090114
FIRE:  690 17:09:34  -123541.992188        0.070211
FIRE:  691 17:09:34  -123542.015625        0.054173
FIRE:  692 17:09:34  -123541.992188        0.054131
FIRE:  693 17:09:34  -123542.023438        0.054088
FIRE:  694 17:09:34  -123542.000000        0.054050
FIRE:  695 17:09:34  -123541.992188        0.054018
FIRE:  696 17:09:34  -123541.992188        0.064304
FIRE:  697 17:09:34  -123542.015625        0.066564
FIRE:  698 17:09:34  -123542.007812        0.055817
FIRE:  699 17:09:34  -123542.039062        0.054037
FIRE:  700 17:09:35  -123542.000000        0.054083
FIRE:  701 17:09:35  -123542.015625        0.054122
FIRE:  702 17:09:35  -123542.023438        0.054130
FIRE:  703 17:09:35  -123542.015625        0.054090
FIRE:  704 17:09:35  -123542.007812        0.054011
FIRE:  705 17:09:35  -123542.046875        0.053942
FIRE:  706 17:09:35  -123542.000000        0.053936
FIRE:  707 17:09:35  -123542.031250        0.053984
FIRE:  708 17:09:35  -123542.007812        0.053973
FIRE:  709 17:09:35  -123542.007812        0.053841
FIRE:  710 17:09:35  -123542.023438        0.053760
FIRE:  711 17:09:35  -123542.039062        0.053811
FIRE:  712 17:09:35  -123542.039062        0.053628
FIRE:  713 17:09:35  -123542.039062        0.053579
FIRE:  714 17:09:35  -123542.039062        0.053460
FIRE:  715 17:09:35  -123542.054688        0.053261
FIRE:  716 17:09:36  -123542.054688        0.144951
FIRE:  717 17:09:36  -123542.023438        0.751453
FIRE:  718 17:09:36  -123542.054688        0.161437
FIRE:  719 17:09:36  -123542.046875        0.108848
FIRE:  720 17:09:36  -123542.046875        0.052956
FIRE:  721 17:09:36  -123542.046875        0.068914
FIRE:  722 17:09:36  -123542.039062        0.122471
FIRE:  723 17:09:36  -123542.031250        0.123713
FIRE:  724 17:09:36  -123542.054688        0.075889
FIRE:  725 17:09:36  -123542.062500        0.052924
FIRE:  726 17:09:36  -123542.054688        0.073374
FIRE:  727 17:09:36  -123542.046875        0.087409
FIRE:  728 17:09:36  -123542.062500        0.052926
FIRE:  729 17:09:36  -123542.054688        0.072885
FIRE:  730 17:09:36  -123542.046875        0.081894
FIRE:  731 17:09:36  -123542.039062        0.052856
FIRE:  732 17:09:37  -123542.054688        0.070249
FIRE:  733 17:09:37  -123542.039062        0.061825
FIRE:  734 17:09:37  -123542.046875        0.052616
FIRE:  735 17:09:37  -123542.054688        0.092970
FIRE:  736 17:09:37  -123542.062500        0.171126
FIRE:  737 17:09:37  -123542.062500        0.281978
FIRE:  738 17:09:37  -123542.070312        0.609175
FIRE:  739 17:09:37  -123542.085938        0.060838
FIRE:  740 17:09:37  -123542.062500        0.529635
FIRE:  741 17:09:37  -123542.085938        0.400823
FIRE:  742 17:09:37  -123542.062500        0.177055
FIRE:  743 17:09:37  -123542.054688        0.084004
FIRE:  744 17:09:37  -123542.070312        0.079539
FIRE:  745 17:09:37  -123542.062500        0.070884
FIRE:  746 17:09:37  -123542.078125        0.058600
FIRE:  747 17:09:37  -123542.070312        0.052209
FIRE:  748 17:09:37  -123542.085938        0.052235
FIRE:  749 17:09:37  -123542.085938        0.052260
FIRE:  750 17:09:38  -123542.078125        0.052283
FIRE:  751 17:09:38  -123542.070312        0.052303
FIRE:  752 17:09:38  -123542.078125        0.052317
FIRE:  753 17:09:38  -123542.078125        0.052320
FIRE:  754 17:09:38  -123542.070312        0.052310
FIRE:  755 17:09:38  -123542.062500        0.052285
FIRE:  756 17:09:38  -123542.078125        0.052249
FIRE:  757 17:09:38  -123542.062500        0.052210
FIRE:  758 17:09:38  -123542.062500        0.052185
FIRE:  759 17:09:38  -123542.085938        0.052184
FIRE:  760 17:09:38  -123542.078125        0.052207
FIRE:  761 17:09:38  -123542.062500        0.052230
FIRE:  762 17:09:38  -123542.070312        0.052210
FIRE:  763 17:09:38  -123542.078125        0.052141
FIRE:  764 17:09:38  -123542.078125        0.052075
FIRE:  765 17:09:38  -123542.085938        0.052077
FIRE:  766 17:09:38  -123542.085938        0.052075
FIRE:  767 17:09:39  -123542.078125        0.051951
FIRE:  768 17:09:39  -123542.093750        0.051894
FIRE:  769 17:09:39  -123542.078125        0.051878
FIRE:  770 17:09:39  -123542.085938        0.082878
FIRE:  771 17:09:39  -123542.101562        0.204541
FIRE:  772 17:09:39  -123542.101562        0.597042
FIRE:  773 17:09:39  -123542.101562        0.051410
FIRE:  774 17:09:39  -123542.093750        0.530979
FIRE:  775 17:09:39  -123542.109375        0.397174
FIRE:  776 17:09:39  -123542.109375        0.165929
FIRE:  777 17:09:39  -123542.093750        0.100841
FIRE:  778 17:09:39  -123542.101562        0.095238
FIRE:  779 17:09:39  -123542.101562        0.084330
FIRE:  780 17:09:39  -123542.093750        0.068938
FIRE:  781 17:09:39  -123542.101562        0.051386
FIRE:  782 17:09:39  -123542.109375        0.051419
FIRE:  783 17:09:39  -123542.093750        0.051451
FIRE:  784 17:09:40  -123542.109375        0.051480
FIRE:  785 17:09:40  -123542.101562        0.051505
FIRE:  786 17:09:40  -123542.109375        0.051521
FIRE:  787 17:09:40  -123542.101562        0.051525
FIRE:  788 17:09:40  -123542.085938        0.051511
FIRE:  789 17:09:40  -123542.109375        0.051479
FIRE:  790 17:09:40  -123542.117188        0.051434
FIRE:  791 17:09:40  -123542.109375        0.051391
FIRE:  792 17:09:40  -123542.093750        0.051365
FIRE:  793 17:09:40  -123542.109375        0.051373
FIRE:  794 17:09:40  -123542.093750        0.051408
FIRE:  795 17:09:40  -123542.109375        0.051437
FIRE:  796 17:09:40  -123542.085938        0.051411
FIRE:  797 17:09:40  -123542.101562        0.051327
FIRE:  798 17:09:40  -123542.109375        0.051264
FIRE:  799 17:09:40  -123542.117188        0.051287
FIRE:  800 17:09:40  -123542.101562        0.051282
FIRE:  801 17:09:40  -123542.109375        0.051139
FIRE:  802 17:09:40  -123542.125000        0.051126
FIRE:  803 17:09:41  -123542.125000        0.051078
FIRE:  804 17:09:41  -123542.101562        0.069367
FIRE:  805 17:09:41  -123542.125000        0.190198
FIRE:  806 17:09:41  -123542.132812        0.613199
FIRE:  807 17:09:41  -123542.132812        0.050695
FIRE:  808 17:09:41  -123542.125000        0.556428
FIRE:  809 17:09:41  -123542.125000        0.410957
FIRE:  810 17:09:41  -123542.125000        0.161294
FIRE:  811 17:09:41  -123542.132812        0.123276
FIRE:  812 17:09:41  -123542.132812        0.116111
FIRE:  813 17:09:41  -123542.132812        0.102154
FIRE:  814 17:09:41  -123542.132812        0.082451
FIRE:  815 17:09:41  -123542.109375        0.058425
FIRE:  816 17:09:41  -123542.148438        0.050674
FIRE:  817 17:09:41  -123542.132812        0.050715
FIRE:  818 17:09:41  -123542.117188        0.050751
FIRE:  819 17:09:41  -123542.140625        0.050782
FIRE:  820 17:09:42  -123542.140625        0.056751
FIRE:  821 17:09:42  -123542.132812        0.058765
FIRE:  822 17:09:42  -123542.132812        0.050786
FIRE:  823 17:09:42  -123542.140625        0.050745
FIRE:  824 17:09:42  -123542.125000        0.050692
FIRE:  825 17:09:42  -123542.132812        0.050643
FIRE:  826 17:09:42  -123542.140625        0.056013
FIRE:  827 17:09:42  -123542.132812        0.050641
FIRE:  828 17:09:42  -123542.140625        0.050694
FIRE:  829 17:09:42  -123542.125000        0.050732
FIRE:  830 17:09:42  -123542.125000        0.050698
FIRE:  831 17:09:42  -123542.132812        0.050603
FIRE:  832 17:09:42  -123542.140625        0.050554
FIRE:  833 17:09:42  -123542.148438        0.050607
FIRE:  834 17:09:42  -123542.148438        0.050596
FIRE:  835 17:09:42  -123542.132812        0.050437
FIRE:  836 17:09:42  -123542.132812        0.050485
FIRE:  837 17:09:43  -123542.164062        0.050382
FIRE:  838 17:09:43  -123542.148438        0.050287
FIRE:  839 17:09:43  -123542.156250        0.053459
FIRE:  840 17:09:43  -123542.171875        0.253939
FIRE:  841 17:09:43  -123542.171875        1.062774
FIRE:  842 17:09:43  -123542.171875        0.311704
FIRE:  843 17:09:43  -123542.164062        0.218736
FIRE:  844 17:09:43  -123542.164062        0.060813
FIRE:  845 17:09:43  -123542.164062        0.107924
FIRE:  846 17:09:43  -123542.171875        0.098895
FIRE:  847 17:09:43  -123542.156250        0.084248
FIRE:  848 17:09:43  -123542.171875        0.063946
FIRE:  849 17:09:43  -123542.164062        0.049796
