      Step     Time          Energy          fmax
FIRE:    0 16:45:05  -164044.859375        7.010354
FIRE:    1 16:45:06  -164047.781250        6.393097
FIRE:    2 16:45:07  -164049.921875        5.169960
FIRE:    3 16:45:08  -164051.750000        2.987645
FIRE:    4 16:45:08  -164052.875000        1.713969
FIRE:    5 16:45:08  -164053.140625        4.971984
FIRE:    6 16:45:08  -164053.421875        4.157071
FIRE:    7 16:45:08  -164053.812500        2.829442
FIRE:    8 16:45:08  -164054.109375        1.430177
FIRE:    9 16:45:08  -164054.265625        1.324080
FIRE:   10 16:45:08  -164054.593750        2.147218
FIRE:   11 16:45:08  -164054.765625        2.675817
FIRE:   12 16:45:08  -164055.031250        2.834042
FIRE:   13 16:45:08  -164055.390625        2.604233
FIRE:   14 16:45:08  -164055.875000        1.891599
FIRE:   15 16:45:08  -164056.359375        1.319078
FIRE:   16 16:45:08  -164056.781250        1.446527
FIRE:   17 16:45:08  -164057.203125        1.867989
FIRE:   18 16:45:09  -164057.640625        2.302791
FIRE:   19 16:45:09  -164058.140625        1.087758
FIRE:   20 16:45:09  -164058.500000        0.945070
FIRE:   21 16:45:09  -164058.765625        1.677890
FIRE:   22 16:45:10  -164059.140625        1.315443
FIRE:   23 16:45:10  -164059.593750        0.729706
FIRE:   24 16:45:10  -164059.890625        1.094904
FIRE:   25 16:45:10  -164060.218750        1.187608
FIRE:   26 16:45:10  -164060.468750        0.896530
FIRE:   27 16:45:10  -164060.781250        0.488420
FIRE:   28 16:45:10  -164060.921875        0.988321
FIRE:   29 16:45:10  -164061.296875        0.728107
FIRE:   30 16:45:10  -164061.546875        0.535676
FIRE:   31 16:45:10  -164061.750000        0.582339
FIRE:   32 16:45:10  -164061.968750        0.576037
FIRE:   33 16:45:10  -164062.171875        0.418341
FIRE:   34 16:45:10  -164062.343750        0.596804
FIRE:   35 16:45:10  -164062.546875        0.423201
FIRE:   36 16:45:10  -164062.734375        0.605994
FIRE:   37 16:45:10  -164062.921875        0.775541
FIRE:   38 16:45:10  -164063.078125        1.019068
FIRE:   39 16:45:10  -164063.250000        1.305702
FIRE:   40 16:45:10  -164063.390625        1.620221
FIRE:   41 16:45:10  -164061.625000        6.708761
FIRE:   42 16:45:10  -164063.406250        1.660699
FIRE:   43 16:45:11  -164063.468750        0.550813
FIRE:   44 16:45:11  -164063.515625        0.398379
FIRE:   45 16:45:11  -164063.484375        0.334258
FIRE:   46 16:45:11  -164063.531250        0.334152
FIRE:   47 16:45:11  -164063.531250        0.416719
FIRE:   48 16:45:11  -164063.531250        0.399203
FIRE:   49 16:45:11  -164063.546875        0.334379
FIRE:   50 16:45:11  -164063.562500        0.333299
FIRE:   51 16:45:11  -164063.578125        0.328390
FIRE:   52 16:45:11  -164063.609375        0.321636
FIRE:   53 16:45:11  -164063.625000        0.314573
FIRE:   54 16:45:11  -164063.671875        0.308217
FIRE:   55 16:45:11  -164063.687500        0.302319
FIRE:   56 16:45:11  -164063.671875        0.296299
FIRE:   57 16:45:11  -164063.625000        0.317274
FIRE:   58 16:45:11  -164063.765625        0.361198
FIRE:   59 16:45:11  -164063.750000        0.411425
FIRE:   60 16:45:11  -164063.843750        0.434033
FIRE:   61 16:45:11  -164064.031250        0.454083
FIRE:   62 16:45:11  -164064.156250        0.764866
FIRE:   63 16:45:12  -164064.265625        1.874980
FIRE:   64 16:45:12  -164064.203125        0.548497
FIRE:   65 16:45:12  -164064.281250        1.480095
FIRE:   66 16:45:12  -164064.296875        1.152627
FIRE:   67 16:45:12  -164064.359375        0.548782
FIRE:   68 16:45:12  -164064.375000        0.242034
FIRE:   69 16:45:12  -164064.218750        0.242017
FIRE:   70 16:45:12  -164064.359375        0.241996
FIRE:   71 16:45:12  -164064.218750        0.241974
FIRE:   72 16:45:12  -164064.328125        0.241969
FIRE:   73 16:45:12  -164064.250000        0.241989
FIRE:   74 16:45:12  -164064.359375        0.242048
FIRE:   75 16:45:12  -164064.375000        0.242150
FIRE:   76 16:45:12  -164064.296875        0.242305
FIRE:   77 16:45:12  -164064.265625        0.242514
FIRE:   78 16:45:12  -164064.390625        0.242760
FIRE:   79 16:45:12  -164064.265625        0.243001
FIRE:   80 16:45:12  -164064.343750        0.243179
FIRE:   81 16:45:12  -164064.250000        0.243216
FIRE:   82 16:45:13  -164064.375000        0.243009
FIRE:   83 16:45:13  -164064.390625        0.242460
FIRE:   84 16:45:13  -164064.406250        0.242122
FIRE:   85 16:45:13  -164064.437500        0.241804
FIRE:   86 16:45:13  -164064.359375        0.240894
FIRE:   87 16:45:13  -164064.453125        0.239075
FIRE:   88 16:45:13  -164064.500000        0.236353
FIRE:   89 16:45:13  -164064.546875        0.232706
FIRE:   90 16:45:13  -164064.578125        0.227272
FIRE:   91 16:45:13  -164064.515625        0.219269
FIRE:   92 16:45:13  -164064.562500        0.207488
FIRE:   93 16:45:13  -164064.578125        0.191429
FIRE:   94 16:45:13  -164064.656250        0.168822
FIRE:   95 16:45:13  -164064.734375        0.137893
FIRE:   96 16:45:13  -164064.843750        0.310486
FIRE:   97 16:45:13  -164065.125000        1.133239
FIRE:   98 16:45:13  -164065.031250        2.732450
FIRE:   99 16:45:13  -164065.296875        0.241505
FIRE:  100 16:45:13  -164065.296875        0.179944
FIRE:  101 16:45:14  -164065.234375        0.098516
FIRE:  102 16:45:14  -164065.265625        0.099753
FIRE:  103 16:45:14  -164065.281250        0.156445
FIRE:  104 16:45:14  -164065.312500        0.170955
FIRE:  105 16:45:14  -164065.281250        0.133334
FIRE:  106 16:45:14  -164065.312500        0.095302
FIRE:  107 16:45:14  -164065.312500        0.106355
FIRE:  108 16:45:14  -164065.312500        0.150117
FIRE:  109 16:45:14  -164065.265625        0.095593
FIRE:  110 16:45:14  -164065.312500        0.096444
FIRE:  111 16:45:14  -164065.328125        0.126818
FIRE:  112 16:45:14  -164065.328125        0.094782
FIRE:  113 16:45:14  -164065.406250        0.127822
FIRE:  114 16:45:14  -164065.375000        0.094000
FIRE:  115 16:45:14  -164065.453125        0.119214
FIRE:  116 16:45:14  -164065.406250        0.151602
FIRE:  117 16:45:14  -164065.484375        0.168286
FIRE:  118 16:45:14  -164065.578125        0.300801
FIRE:  119 16:45:14  -164065.593750        0.674234
FIRE:  120 16:45:14  -164065.562500        1.894013
FIRE:  121 16:45:15  -164065.640625        0.257261
FIRE:  122 16:45:15  -164065.625000        0.196855
FIRE:  123 16:45:15  -164065.656250        0.099480
FIRE:  124 16:45:16  -164065.703125        0.091515
FIRE:  125 16:45:16  -164065.718750        0.170984
FIRE:  126 16:45:16  -164065.718750        0.199257
FIRE:  127 16:45:16  -164065.718750        0.152915
FIRE:  128 16:45:16  -164065.718750        0.091626
FIRE:  129 16:45:16  -164065.718750        0.094859
FIRE:  130 16:45:16  -164065.703125        0.149074
FIRE:  131 16:45:16  -164065.734375        0.117658
FIRE:  132 16:45:16  -164065.750000        0.091211
FIRE:  133 16:45:16  -164065.656250        0.142483
FIRE:  134 16:45:16  -164065.531250        0.091133
FIRE:  135 16:45:16  -164065.531250        0.131380
FIRE:  136 16:45:16  -164065.546875        0.089898
FIRE:  137 16:45:16  -164065.812500        0.152582
FIRE:  138 16:45:17  -164065.609375        0.113497
FIRE:  139 16:45:17  -164065.765625        0.089157
FIRE:  140 16:45:17  -164065.906250        0.100758
FIRE:  141 16:45:17  -164065.953125        0.257728
FIRE:  142 16:45:17  -164065.937500        0.875813
FIRE:  143 16:45:17  -164065.656250        2.377676
FIRE:  144 16:45:17  -164066.015625        0.166594
FIRE:  145 16:45:17  -164066.031250        0.123830
FIRE:  146 16:45:17  -164066.062500        0.086530
FIRE:  147 16:45:17  -164066.031250        0.085948
FIRE:  148 16:45:17  -164066.062500        0.111911
FIRE:  149 16:45:17  -164066.046875        0.115141
FIRE:  150 16:45:17  -164066.062500        0.086265
FIRE:  151 16:45:17  -164066.078125        0.086531
FIRE:  152 16:45:17  -164066.078125        0.088551
FIRE:  153 16:45:17  -164066.078125        0.102276
FIRE:  154 16:45:17  -164066.093750        0.086910
FIRE:  155 16:45:17  -164066.109375        0.086052
FIRE:  156 16:45:17  -164066.109375        0.094521
FIRE:  157 16:45:17  -164066.062500        0.086126
FIRE:  158 16:45:18  -164066.125000        0.094699
FIRE:  159 16:45:18  -164066.140625        0.085644
FIRE:  160 16:45:18  -164066.156250        0.084979
FIRE:  161 16:45:18  -164066.156250        0.107751
FIRE:  162 16:45:18  -164066.218750        0.131222
FIRE:  163 16:45:18  -164066.218750        0.226355
FIRE:  164 16:45:18  -164066.234375        0.538250
FIRE:  165 16:45:18  -164066.093750        1.392133
FIRE:  166 16:45:18  -164066.093750        0.144556
FIRE:  167 16:45:18  -164066.093750        0.115046
FIRE:  168 16:45:18  -164066.093750        0.082872
FIRE:  169 16:45:18  -164066.078125        0.083288
FIRE:  170 16:45:18  -164066.109375        0.094640
FIRE:  171 16:45:18  -164066.140625        0.111525
FIRE:  172 16:45:18  -164066.078125        0.090089
FIRE:  173 16:45:18  -164066.140625        0.083367
FIRE:  174 16:45:18  -164066.109375        0.083003
FIRE:  175 16:45:18  -164066.093750        0.090285
FIRE:  176 16:45:18  -164066.109375        0.082817
FIRE:  177 16:45:18  -164066.109375        0.083163
FIRE:  178 16:45:19  -164066.109375        0.083717
FIRE:  179 16:45:19  -164066.109375        0.083034
FIRE:  180 16:45:19  -164066.140625        0.082375
FIRE:  181 16:45:19  -164066.140625        0.082404
FIRE:  182 16:45:19  -164066.171875        0.087305
FIRE:  183 16:45:19  -164066.171875        0.081819
FIRE:  184 16:45:19  -164066.187500        0.081874
FIRE:  185 16:45:19  -164066.234375        0.081346
FIRE:  186 16:45:19  -164066.281250        0.160991
FIRE:  187 16:45:19  -164066.328125        0.593974
FIRE:  188 16:45:19  -164066.312500        2.544811
FIRE:  189 16:45:19  -164066.343750        0.631775
FIRE:  190 16:45:19  -164066.343750        0.448179
FIRE:  191 16:45:19  -164066.343750        0.153647
FIRE:  192 16:45:19  -164066.484375        0.227701
FIRE:  193 16:45:19  -164066.359375        0.463073
FIRE:  194 16:45:19  -164066.390625        0.503686
FIRE:  195 16:45:19  -164066.343750        0.353185
FIRE:  196 16:45:19  -164066.343750        0.079477
FIRE:  197 16:45:19  -164066.375000        0.226133
FIRE:  198 16:45:20  -164066.375000        0.367655
FIRE:  199 16:45:20  -164066.375000        0.236572
FIRE:  200 16:45:20  -164066.375000        0.134068
FIRE:  201 16:45:20  -164066.375000        0.356631
FIRE:  202 16:45:20  -164066.390625        0.116890
FIRE:  203 16:45:20  -164066.593750        0.300840
FIRE:  204 16:45:20  -164066.578125        0.112223
FIRE:  205 16:45:20  -164066.593750        0.414418
FIRE:  206 16:45:20  -164066.656250        0.211374
FIRE:  207 16:45:20  -164066.687500        0.078435
FIRE:  208 16:45:20  -164066.718750        0.291953
FIRE:  209 16:45:20  -164066.734375        0.814241
FIRE:  210 16:45:20  -164066.703125        2.451612
FIRE:  211 16:45:20  -164066.671875        0.333435
FIRE:  212 16:45:20  -164066.687500        0.252953
FIRE:  213 16:45:20  -164066.578125        0.112526
FIRE:  214 16:45:20  -164066.578125        0.096925
FIRE:  215 16:45:20  -164066.687500        0.226587
FIRE:  216 16:45:20  -164066.656250        0.267795
FIRE:  217 16:45:21  -164066.781250        0.211130
FIRE:  218 16:45:21  -164066.750000        0.082189
FIRE:  219 16:45:21  -164066.781250        0.096032
FIRE:  220 16:45:21  -164066.781250        0.184407
FIRE:  221 16:45:21  -164066.750000        0.149691
FIRE:  222 16:45:21  -164066.765625        0.076761
FIRE:  223 16:45:21  -164066.750000        0.191590
FIRE:  224 16:45:21  -164066.765625        0.103007
FIRE:  225 16:45:21  -164066.781250        0.149102
FIRE:  226 16:45:21  -164066.828125        0.091356
FIRE:  227 16:45:21  -164066.796875        0.208521
FIRE:  228 16:45:21  -164066.843750        0.097296
FIRE:  229 16:45:21  -164066.859375        0.075529
FIRE:  230 16:45:21  -164066.859375        0.208683
FIRE:  231 16:45:21  -164066.875000        0.537396
FIRE:  232 16:45:21  -164066.687500        1.607436
FIRE:  233 16:45:21  -164066.812500        0.074210
FIRE:  234 16:45:21  -164066.796875        1.281505
FIRE:  235 16:45:21  -164066.687500        0.995882
FIRE:  236 16:45:22  -164066.859375        0.472353
FIRE:  237 16:45:22  -164066.843750        0.185044
FIRE:  238 16:45:22  -164066.843750        0.175023
FIRE:  239 16:45:22  -164066.796875        0.155619
FIRE:  240 16:45:22  -164066.796875        0.128267
FIRE:  241 16:45:22  -164066.890625        0.095127
FIRE:  242 16:45:22  -164066.812500        0.074282
FIRE:  243 16:45:22  -164066.843750        0.074223
FIRE:  244 16:45:22  -164066.812500        0.074171
FIRE:  245 16:45:22  -164066.859375        0.074123
FIRE:  246 16:45:22  -164066.859375        0.089101
FIRE:  247 16:45:22  -164066.812500        0.093690
FIRE:  248 16:45:22  -164066.781250        0.082455
FIRE:  249 16:45:22  -164066.859375        0.074126
FIRE:  250 16:45:22  -164066.859375        0.074183
FIRE:  251 16:45:22  -164066.812500        0.074233
FIRE:  252 16:45:22  -164066.828125        0.083228
FIRE:  253 16:45:22  -164066.859375        0.074176
FIRE:  254 16:45:22  -164066.812500        0.074044
FIRE:  255 16:45:22  -164066.875000        0.073904
FIRE:  256 16:45:22  -164066.812500        0.073833
FIRE:  257 16:45:23  -164066.859375        0.073840
FIRE:  258 16:45:23  -164066.812500        0.073783
FIRE:  259 16:45:23  -164066.890625        0.073538
FIRE:  260 16:45:23  -164067.000000        0.073290
FIRE:  261 16:45:23  -164067.015625        0.073241
FIRE:  262 16:45:23  -164067.015625        0.072915
FIRE:  263 16:45:23  -164066.984375        0.072544
FIRE:  264 16:45:23  -164067.046875        0.117996
FIRE:  265 16:45:23  -164067.000000        0.314454
FIRE:  266 16:45:23  -164067.031250        1.244013
FIRE:  267 16:45:23  -164066.937500        3.579069
FIRE:  268 16:45:23  -164067.125000        0.177461
FIRE:  269 16:45:23  -164066.968750        0.134598
FIRE:  270 16:45:23  -164067.046875        0.070573
FIRE:  271 16:45:23  -164067.046875        0.070564
FIRE:  272 16:45:23  -164067.015625        0.102602
FIRE:  273 16:45:23  -164066.937500        0.099228
FIRE:  274 16:45:23  -164067.015625        0.070714
FIRE:  275 16:45:23  -164066.968750        0.070791
FIRE:  276 16:45:23  -164066.968750        0.074816
FIRE:  277 16:45:24  -164067.109375        0.086901
FIRE:  278 16:45:24  -164066.984375        0.070709
FIRE:  279 16:45:24  -164067.062500        0.071320
FIRE:  280 16:45:24  -164067.046875        0.075708
FIRE:  281 16:45:24  -164067.093750        0.070478
FIRE:  282 16:45:24  -164067.000000        0.079659
FIRE:  283 16:45:24  -164067.156250        0.070068
FIRE:  284 16:45:24  -164067.046875        0.069989
FIRE:  285 16:45:24  -164067.000000        0.089266
FIRE:  286 16:45:24  -164067.015625        0.149790
FIRE:  287 16:45:24  -164067.078125        0.375356
FIRE:  288 16:45:24  -164067.093750        0.907204
FIRE:  289 16:45:24  -164067.093750        2.714802
FIRE:  290 16:45:24  -164067.265625        0.436842
FIRE:  291 16:45:24  -164067.078125        0.329005
FIRE:  292 16:45:24  -164067.140625        0.139856
FIRE:  293 16:45:24  -164067.109375        0.133688
FIRE:  294 16:45:24  -164067.093750        0.305179
FIRE:  295 16:45:24  -164067.140625        0.356247
FIRE:  296 16:45:24  -164067.140625        0.279304
FIRE:  297 16:45:25  -164067.093750        0.108850
FIRE:  298 16:45:25  -164067.140625        0.121465
FIRE:  299 16:45:25  -164067.109375        0.241238
FIRE:  300 16:45:25  -164067.140625        0.201783
FIRE:  301 16:45:25  -164067.140625        0.068333
FIRE:  302 16:45:25  -164067.296875        0.245997
FIRE:  303 16:45:25  -164067.156250        0.154707
FIRE:  304 16:45:25  -164067.125000        0.178312
FIRE:  305 16:45:25  -164067.187500        0.142356
FIRE:  306 16:45:25  -164067.328125        0.260981
FIRE:  307 16:45:25  -164067.328125        0.067665
FIRE:  308 16:45:25  -164067.296875        0.152673
FIRE:  309 16:45:25  -164067.421875        0.425031
FIRE:  310 16:45:25  -164067.437500        0.818393
FIRE:  311 16:45:25  -164067.453125        1.936033
FIRE:  312 16:45:25  -164067.468750        0.097365
FIRE:  313 16:45:25  -164067.453125        0.079330
FIRE:  314 16:45:25  -164067.453125        0.066694
FIRE:  315 16:45:25  -164067.468750        0.066767
FIRE:  316 16:45:25  -164067.453125        0.066831
FIRE:  317 16:45:25  -164067.453125        0.074160
FIRE:  318 16:45:26  -164067.468750        0.066863
FIRE:  319 16:45:26  -164067.453125        0.066830
FIRE:  320 16:45:26  -164067.468750        0.066775
FIRE:  321 16:45:26  -164067.484375        0.066725
FIRE:  322 16:45:26  -164067.484375        0.066712
FIRE:  323 16:45:26  -164067.484375        0.066735
FIRE:  324 16:45:26  -164067.484375        0.066741
FIRE:  325 16:45:26  -164067.484375        0.066651
FIRE:  326 16:45:26  -164067.484375        0.066476
FIRE:  327 16:45:26  -164067.500000        0.066374
FIRE:  328 16:45:26  -164067.500000        0.066363
FIRE:  329 16:45:26  -164067.515625        0.066174
FIRE:  330 16:45:26  -164067.531250        0.065999
FIRE:  331 16:45:26  -164067.546875        0.083502
FIRE:  332 16:45:26  -164067.531250        0.181227
FIRE:  333 16:45:26  -164067.578125        0.649994
FIRE:  334 16:45:26  -164067.578125        1.862176
FIRE:  335 16:45:26  -164067.609375        0.064814
FIRE:  336 16:45:26  -164067.593750        1.951839
FIRE:  337 16:45:26  -164067.609375        1.375845
FIRE:  338 16:45:27  -164067.609375        0.443004
FIRE:  339 16:45:27  -164067.578125        0.534369
FIRE:  340 16:45:27  -164067.609375        0.498858
FIRE:  341 16:45:27  -164067.609375        0.429869
FIRE:  342 16:45:27  -164067.593750        0.334589
FIRE:  343 16:45:27  -164067.609375        0.226634
FIRE:  344 16:45:27  -164067.625000        0.106384
FIRE:  345 16:45:27  -164067.625000        0.064956
FIRE:  346 16:45:27  -164067.625000        0.175799
FIRE:  347 16:45:27  -164067.625000        0.268433
FIRE:  348 16:45:27  -164067.625000        0.320844
FIRE:  349 16:45:27  -164067.625000        0.318635
FIRE:  350 16:45:27  -164067.625000        0.252380
FIRE:  351 16:45:27  -164067.625000        0.123803
FIRE:  352 16:45:27  -164067.625000        0.066553
FIRE:  353 16:45:27  -164067.625000        0.187690
FIRE:  354 16:45:27  -164067.609375        0.225300
FIRE:  355 16:45:27  -164067.625000        0.146189
FIRE:  356 16:45:27  -164067.625000        0.067102
FIRE:  357 16:45:27  -164067.640625        0.219008
FIRE:  358 16:45:28  -164067.640625        0.160470
FIRE:  359 16:45:28  -164067.625000        0.107852
FIRE:  360 16:45:28  -164067.625000        0.178588
FIRE:  361 16:45:28  -164067.656250        0.086510
FIRE:  362 16:45:28  -164067.656250        0.172603
FIRE:  363 16:45:28  -164067.671875        0.181769
FIRE:  364 16:45:28  -164067.687500        0.085773
FIRE:  365 16:45:28  -164067.687500        0.063947
FIRE:  366 16:45:28  -164067.687500        0.174523
FIRE:  367 16:45:28  -164067.703125        0.655489
FIRE:  368 16:45:28  -164067.734375        1.907764
FIRE:  369 16:45:28  -164067.734375        0.071821
FIRE:  370 16:45:28  -164067.765625        0.062996
FIRE:  371 16:45:28  -164067.750000        0.062988
FIRE:  372 16:45:28  -164067.765625        0.062983
FIRE:  373 16:45:28  -164067.765625        0.062988
FIRE:  374 16:45:28  -164067.765625        0.063005
FIRE:  375 16:45:28  -164067.765625        0.063032
FIRE:  376 16:45:28  -164067.750000        0.063061
FIRE:  377 16:45:28  -164067.750000        0.063080
FIRE:  378 16:45:29  -164067.703125        0.063074
FIRE:  379 16:45:29  -164067.734375        0.063033
FIRE:  380 16:45:29  -164067.765625        0.062972
FIRE:  381 16:45:29  -164067.765625        0.062924
FIRE:  382 16:45:29  -164067.750000        0.062899
FIRE:  383 16:45:29  -164067.750000        0.062839
FIRE:  384 16:45:29  -164067.765625        0.062697
FIRE:  385 16:45:29  -164067.765625        0.062601
FIRE:  386 16:45:29  -164067.781250        0.062543
FIRE:  387 16:45:29  -164067.796875        0.062263
FIRE:  388 16:45:29  -164067.812500        0.112969
FIRE:  389 16:45:29  -164067.718750        0.287354
FIRE:  390 16:45:29  -164067.734375        1.096821
FIRE:  391 16:45:29  -164067.687500        3.163952
FIRE:  392 16:45:29  -164067.750000        0.243927
FIRE:  393 16:45:29  -164067.750000        0.177790
FIRE:  394 16:45:29  -164067.734375        0.067928
FIRE:  395 16:45:29  -164067.718750        0.089998
FIRE:  396 16:45:29  -164067.718750        0.146515
FIRE:  397 16:45:29  -164067.734375        0.146429
FIRE:  398 16:45:30  -164067.734375        0.092654
FIRE:  399 16:45:30  -164067.750000        0.061409
FIRE:  400 16:45:30  -164067.765625        0.105902
FIRE:  401 16:45:30  -164067.750000        0.131846
FIRE:  402 16:45:30  -164067.750000        0.061421
FIRE:  403 16:45:30  -164067.781250        0.087884
FIRE:  404 16:45:30  -164067.765625        0.109733
FIRE:  405 16:45:30  -164067.734375        0.061296
FIRE:  406 16:45:30  -164067.765625        0.119888
FIRE:  407 16:45:30  -164067.765625        0.065367
FIRE:  408 16:45:30  -164067.781250        0.064009
FIRE:  409 16:45:30  -164067.812500        0.149557
FIRE:  410 16:45:30  -164067.796875        0.192419
FIRE:  411 16:45:30  -164067.812500        0.368088
FIRE:  412 16:45:30  -164067.828125        0.758549
FIRE:  413 16:45:30  -164067.796875        2.149730
FIRE:  414 16:45:30  -164067.828125        0.324453
FIRE:  415 16:45:30  -164067.843750        0.244093
FIRE:  416 16:45:30  -164067.843750        0.104040
FIRE:  417 16:45:30  -164067.828125        0.102910
FIRE:  418 16:45:30  -164067.843750        0.227890
FIRE:  419 16:45:31  -164067.875000        0.263724
FIRE:  420 16:45:31  -164067.843750        0.205324
FIRE:  421 16:45:31  -164067.843750        0.078565
FIRE:  422 16:45:31  -164067.859375        0.096969
FIRE:  423 16:45:31  -164067.875000        0.181644
FIRE:  424 16:45:31  -164067.859375        0.147223
FIRE:  425 16:45:31  -164067.750000        0.060245
FIRE:  426 16:45:31  -164067.750000        0.186234
FIRE:  427 16:45:31  -164067.750000        0.105607
FIRE:  428 16:45:31  -164067.765625        0.142488
FIRE:  429 16:45:31  -164067.781250        0.096491
FIRE:  430 16:45:31  -164067.781250        0.203380
FIRE:  431 16:45:31  -164067.796875        0.072979
FIRE:  432 16:45:31  -164067.781250        0.085108
FIRE:  433 16:45:31  -164067.812500        0.272028
FIRE:  434 16:45:31  -164067.828125        0.586227
FIRE:  435 16:45:31  -164067.843750        1.489143
FIRE:  436 16:45:31  -164067.843750        0.063175
FIRE:  437 16:45:31  -164067.843750        0.059244
FIRE:  438 16:45:31  -164067.828125        0.059273
FIRE:  439 16:45:32  -164067.843750        0.059307
FIRE:  440 16:45:32  -164067.843750        0.059337
FIRE:  441 16:45:32  -164067.828125        0.059355
FIRE:  442 16:45:32  -164067.843750        0.059357
FIRE:  443 16:45:32  -164067.859375        0.059345
FIRE:  444 16:45:32  -164067.828125        0.059322
FIRE:  445 16:45:32  -164067.843750        0.059299
FIRE:  446 16:45:32  -164067.859375        0.059288
FIRE:  447 16:45:32  -164067.859375        0.059288
FIRE:  448 16:45:32  -164067.859375        0.059274
FIRE:  449 16:45:32  -164067.859375        0.059216
FIRE:  450 16:45:32  -164067.875000        0.059122
FIRE:  451 16:45:32  -164067.968750        0.059060
FIRE:  452 16:45:32  -164067.890625        0.059030
FIRE:  453 16:45:32  -164067.984375        0.058920
FIRE:  454 16:45:32  -164068.000000        0.058827
FIRE:  455 16:45:32  -164067.984375        0.058735
FIRE:  456 16:45:32  -164068.015625        0.107568
FIRE:  457 16:45:32  -164068.031250        0.396042
FIRE:  458 16:45:32  -164068.031250        1.283207
FIRE:  459 16:45:33  -164068.046875        0.058100
FIRE:  460 16:45:33  -164068.046875        1.298331
FIRE:  461 16:45:33  -164068.062500        0.928439
FIRE:  462 16:45:33  -164068.062500        0.316313
FIRE:  463 16:45:33  -164068.046875        0.340991
FIRE:  464 16:45:33  -164068.046875        0.317659
FIRE:  465 16:45:33  -164068.046875        0.275427
FIRE:  466 16:45:33  -164068.031250        0.218348
FIRE:  467 16:45:33  -164068.046875        0.148470
FIRE:  468 16:45:33  -164068.031250        0.071708
FIRE:  469 16:45:33  -164068.031250        0.058147
FIRE:  470 16:45:33  -164068.078125        0.116505
FIRE:  471 16:45:33  -164068.062500        0.175464
FIRE:  472 16:45:33  -164068.062500        0.208383
FIRE:  473 16:45:33  -164068.046875        0.205418
FIRE:  474 16:45:33  -164068.046875        0.160140
FIRE:  475 16:45:33  -164068.046875        0.074875
FIRE:  476 16:45:33  -164068.062500        0.058046
FIRE:  477 16:45:33  -164068.046875        0.131061
FIRE:  478 16:45:34  -164068.046875        0.147508
FIRE:  479 16:45:34  -164068.046875        0.086093
FIRE:  480 16:45:34  -164068.062500        0.066937
FIRE:  481 16:45:34  -164068.046875        0.149551
FIRE:  482 16:45:34  -164068.062500        0.087048
FIRE:  483 16:45:34  -164068.062500        0.094940
FIRE:  484 16:45:34  -164068.093750        0.108680
FIRE:  485 16:45:34  -164068.062500        0.097778
FIRE:  486 16:45:34  -164068.093750        0.087584
FIRE:  487 16:45:34  -164068.078125        0.147228
FIRE:  488 16:45:34  -164068.125000        0.134426
FIRE:  489 16:45:34  -164068.234375        0.105056
FIRE:  490 16:45:34  -164068.281250        0.196981
FIRE:  491 16:45:34  -164068.156250        0.535766
FIRE:  492 16:45:34  -164068.156250        1.852057
FIRE:  493 16:45:34  -164068.281250        0.299802
FIRE:  494 16:45:34  -164068.281250        0.223556
FIRE:  495 16:45:34  -164068.281250        0.091719
FIRE:  496 16:45:35  -164068.281250        0.100225
FIRE:  497 16:45:35  -164068.312500        0.215923
FIRE:  498 16:45:35  -164068.281250        0.245591
FIRE:  499 16:45:35  -164068.281250        0.185559
FIRE:  500 16:45:35  -164068.281250        0.062174
FIRE:  501 16:45:35  -164068.328125        0.101855
FIRE:  502 16:45:35  -164068.296875        0.173370
FIRE:  503 16:45:35  -164068.296875        0.129110
FIRE:  504 16:45:35  -164068.296875        0.057776
FIRE:  505 16:45:35  -164068.328125        0.177391
FIRE:  506 16:45:35  -164068.328125        0.076607
FIRE:  507 16:45:35  -164068.296875        0.145870
FIRE:  508 16:45:35  -164068.312500        0.068335
FIRE:  509 16:45:35  -164068.187500        0.197976
FIRE:  510 16:45:35  -164068.218750        0.107885
FIRE:  511 16:45:35  -164068.234375        0.056174
FIRE:  512 16:45:35  -164068.218750        0.134550
FIRE:  513 16:45:35  -164068.265625        0.381067
FIRE:  514 16:45:36  -164068.234375        1.247345
FIRE:  515 16:45:36  -164068.250000        0.066831
FIRE:  516 16:45:36  -164068.250000        0.055592
FIRE:  517 16:45:36  -164068.250000        0.055628
FIRE:  518 16:45:36  -164068.265625        0.055668
FIRE:  519 16:45:36  -164068.265625        0.055700
FIRE:  520 16:45:36  -164068.250000        0.055716
FIRE:  521 16:45:36  -164068.250000        0.055709
FIRE:  522 16:45:36  -164068.250000        0.055683
FIRE:  523 16:45:36  -164068.234375        0.055644
FIRE:  524 16:45:36  -164068.265625        0.055612
FIRE:  525 16:45:36  -164068.250000        0.055602
FIRE:  526 16:45:36  -164068.265625        0.055611
FIRE:  527 16:45:36  -164068.265625        0.055606
FIRE:  528 16:45:36  -164068.265625        0.055540
FIRE:  529 16:45:36  -164068.265625        0.055433
FIRE:  530 16:45:36  -164068.281250        0.055375
FIRE:  531 16:45:36  -164068.281250        0.055347
FIRE:  532 16:45:37  -164068.281250        0.055192
FIRE:  533 16:45:37  -164068.203125        0.055089
FIRE:  534 16:45:37  -164068.312500        0.054958
FIRE:  535 16:45:37  -164068.218750        0.093559
FIRE:  536 16:45:37  -164068.234375        0.358122
FIRE:  537 16:45:37  -164068.265625        1.239152
FIRE:  538 16:45:37  -164068.250000        0.071698
FIRE:  539 16:45:37  -164068.234375        0.056544
FIRE:  540 16:45:37  -164068.250000        0.056538
FIRE:  541 16:45:37  -164068.250000        0.056531
FIRE:  542 16:45:37  -164068.234375        0.056522
FIRE:  543 16:45:37  -164068.250000        0.056523
FIRE:  544 16:45:37  -164068.234375        0.056529
FIRE:  545 16:45:37  -164068.250000        0.056554
FIRE:  546 16:45:37  -164068.250000        0.056594
FIRE:  547 16:45:37  -164068.265625        0.056659
FIRE:  548 16:45:37  -164068.265625        0.056751
FIRE:  549 16:45:37  -164068.250000        0.056867
FIRE:  550 16:45:38  -164068.265625        0.056983
FIRE:  551 16:45:38  -164068.250000        0.057097
FIRE:  552 16:45:38  -164068.250000        0.057246
FIRE:  553 16:45:38  -164068.265625        0.057507
FIRE:  554 16:45:38  -164068.265625        0.057925
FIRE:  555 16:45:38  -164068.281250        0.058405
FIRE:  556 16:45:38  -164068.296875        0.059017
FIRE:  557 16:45:38  -164068.296875        0.095113
FIRE:  558 16:45:38  -164068.328125        0.233369
FIRE:  559 16:45:38  -164068.359375        0.903000
FIRE:  560 16:45:38  -164068.312500        2.671770
FIRE:  561 16:45:38  -164068.390625        0.236823
FIRE:  562 16:45:38  -164068.375000        0.171836
FIRE:  563 16:45:38  -164068.375000        0.065417
FIRE:  564 16:45:38  -164068.375000        0.083057
FIRE:  565 16:45:38  -164068.359375        0.142603
FIRE:  566 16:45:38  -164068.375000        0.145723
FIRE:  567 16:45:39  -164068.375000        0.094144
FIRE:  568 16:45:39  -164068.375000        0.065691
FIRE:  569 16:45:39  -164068.375000        0.103664
FIRE:  570 16:45:39  -164068.375000        0.131592
FIRE:  571 16:45:39  -164068.390625        0.066224
FIRE:  572 16:45:39  -164068.375000        0.083794
FIRE:  573 16:45:39  -164068.390625        0.106921
FIRE:  574 16:45:39  -164068.390625        0.067369
FIRE:  575 16:45:39  -164068.390625        0.118268
FIRE:  576 16:45:39  -164068.390625        0.068507
FIRE:  577 16:45:39  -164068.437500        0.068716
FIRE:  578 16:45:39  -164068.468750        0.150837
FIRE:  579 16:45:39  -164068.421875        0.198912
FIRE:  580 16:45:39  -164068.453125        0.389712
FIRE:  581 16:45:39  -164068.453125        0.810026
FIRE:  582 16:45:39  -164068.453125        2.252307
FIRE:  583 16:45:39  -164068.484375        0.321554
FIRE:  584 16:45:39  -164068.468750        0.242189
FIRE:  585 16:45:40  -164068.468750        0.103726
FIRE:  586 16:45:40  -164068.515625        0.097399
FIRE:  587 16:45:40  -164068.453125        0.222481
FIRE:  588 16:45:40  -164068.468750        0.260259
FIRE:  589 16:45:40  -164068.515625        0.204768
FIRE:  590 16:45:40  -164068.484375        0.080628
FIRE:  591 16:45:40  -164068.484375        0.090008
FIRE:  592 16:45:40  -164068.515625        0.177428
FIRE:  593 16:45:40  -164068.500000        0.147787
FIRE:  594 16:45:40  -164068.500000        0.070047
FIRE:  595 16:45:40  -164068.515625        0.181661
FIRE:  596 16:45:40  -164068.500000        0.110880
FIRE:  597 16:45:40  -164068.484375        0.134605
FIRE:  598 16:45:40  -164068.484375        0.101628
FIRE:  599 16:45:40  -164068.515625        0.194395
FIRE:  600 16:45:40  -164068.531250        0.071760
FIRE:  601 16:45:40  -164068.531250        0.101728
FIRE:  602 16:45:40  -164068.531250        0.297305
FIRE:  603 16:45:41  -164068.656250        0.610448
FIRE:  604 16:45:41  -164068.562500        1.487748
FIRE:  605 16:45:41  -164068.671875        0.072517
FIRE:  606 16:45:41  -164068.671875        0.072514
FIRE:  607 16:45:41  -164068.671875        0.072514
FIRE:  608 16:45:41  -164068.671875        0.072509
FIRE:  609 16:45:41  -164068.671875        0.072498
FIRE:  610 16:45:41  -164068.687500        0.072488
FIRE:  611 16:45:41  -164068.734375        0.072470
FIRE:  612 16:45:41  -164068.765625        0.072449
FIRE:  613 16:45:41  -164068.750000        0.072421
FIRE:  614 16:45:41  -164068.765625        0.072381
FIRE:  615 16:45:41  -164068.750000        0.072324
FIRE:  616 16:45:41  -164068.734375        0.072239
FIRE:  617 16:45:41  -164068.750000        0.072110
FIRE:  618 16:45:41  -164068.781250        0.072004
FIRE:  619 16:45:41  -164068.781250        0.071991
FIRE:  620 16:45:41  -164068.781250        0.071994
FIRE:  621 16:45:41  -164068.796875        0.072047
FIRE:  622 16:45:42  -164068.796875        0.072110
FIRE:  623 16:45:42  -164068.812500        0.072097
FIRE:  624 16:45:42  -164068.796875        0.072068
FIRE:  625 16:45:42  -164068.828125        0.083583
FIRE:  626 16:45:42  -164068.843750        0.306527
FIRE:  627 16:45:42  -164068.843750        1.081246
FIRE:  628 16:45:42  -164068.765625        4.386237
FIRE:  629 16:45:42  -164068.875000        1.698490
FIRE:  630 16:45:42  -164068.875000        1.205370
FIRE:  631 16:45:42  -164068.859375        0.335502
FIRE:  632 16:45:42  -164068.875000        0.735395
FIRE:  633 16:45:42  -164068.859375        0.675147
FIRE:  634 16:45:42  -164068.890625        0.560544
FIRE:  635 16:45:42  -164068.875000        0.402379
FIRE:  636 16:45:42  -164068.890625        0.215793
FIRE:  637 16:45:42  -164068.859375        0.070660
FIRE:  638 16:45:42  -164068.875000        0.173039
FIRE:  639 16:45:42  -164068.859375        0.169987
FIRE:  640 16:45:43  -164068.859375        0.163892
FIRE:  641 16:45:43  -164068.890625        0.154936
FIRE:  642 16:45:43  -164068.890625        0.143314
FIRE:  643 16:45:43  -164068.859375        0.129340
FIRE:  644 16:45:43  -164068.890625        0.113264
FIRE:  645 16:45:43  -164068.859375        0.095668
FIRE:  646 16:45:43  -164068.859375        0.074942
FIRE:  647 16:45:43  -164068.875000        0.070654
FIRE:  648 16:45:43  -164068.859375        0.070659
FIRE:  649 16:45:43  -164068.890625        0.070671
FIRE:  650 16:45:43  -164068.859375        0.070678
FIRE:  651 16:45:43  -164068.875000        0.083699
FIRE:  652 16:45:43  -164068.875000        0.095295
FIRE:  653 16:45:43  -164068.890625        0.093956
FIRE:  654 16:45:43  -164068.875000        0.077100
FIRE:  655 16:45:43  -164068.921875        0.070677
FIRE:  656 16:45:43  -164068.859375        0.070668
FIRE:  657 16:45:43  -164068.890625        0.070653
FIRE:  658 16:45:43  -164068.859375        0.070643
FIRE:  659 16:45:43  -164068.890625        0.070641
FIRE:  660 16:45:44  -164068.875000        0.070644
FIRE:  661 16:45:44  -164068.875000        0.070645
FIRE:  662 16:45:44  -164068.906250        0.070625
FIRE:  663 16:45:44  -164068.906250        0.070581
FIRE:  664 16:45:44  -164068.906250        0.070514
FIRE:  665 16:45:44  -164068.921875        0.070542
FIRE:  666 16:45:44  -164068.906250        0.070501
FIRE:  667 16:45:44  -164068.890625        0.070277
FIRE:  668 16:45:44  -164068.937500        0.069965
FIRE:  669 16:45:44  -164068.937500        0.081331
FIRE:  670 16:45:44  -164068.953125        0.084639
FIRE:  671 16:45:44  -164068.937500        0.169631
FIRE:  672 16:45:44  -164068.890625        0.441815
FIRE:  673 16:45:44  -164068.828125        1.443360
FIRE:  674 16:45:44  -164068.828125        0.134915
FIRE:  675 16:45:44  -164068.890625        0.103654
FIRE:  676 16:45:44  -164068.921875        0.066425
FIRE:  677 16:45:44  -164068.906250        0.066420
FIRE:  678 16:45:44  -164068.812500        0.091132
FIRE:  679 16:45:45  -164068.812500        0.108102
FIRE:  680 16:45:45  -164068.796875        0.086788
FIRE:  681 16:45:45  -164068.796875        0.066325
FIRE:  682 16:45:45  -164068.812500        0.066271
FIRE:  683 16:45:45  -164068.828125        0.078182
FIRE:  684 16:45:45  -164068.921875        0.066152
FIRE:  685 16:45:45  -164068.937500        0.066076
FIRE:  686 16:45:45  -164068.937500        0.080773
FIRE:  687 16:45:45  -164068.906250        0.065772
FIRE:  688 16:45:45  -164068.812500        0.066566
FIRE:  689 16:45:45  -164068.843750        0.065178
FIRE:  690 16:45:45  -164068.937500        0.084718
FIRE:  691 16:45:45  -164069.000000        0.064383
FIRE:  692 16:45:45  -164069.031250        0.063935
FIRE:  693 16:45:45  -164069.031250        0.063347
FIRE:  694 16:45:45  -164069.062500        0.062931
FIRE:  695 16:45:45  -164069.062500        0.264472
FIRE:  696 16:45:45  -164069.093750        1.083331
FIRE:  697 16:45:45  -164069.015625        5.001990
FIRE:  698 16:45:45  -164068.937500        2.394376
FIRE:  699 16:45:46  -164069.078125        1.685224
FIRE:  700 16:45:46  -164069.125000        0.398457
FIRE:  701 16:45:46  -164069.093750        1.202606
FIRE:  702 16:45:46  -164069.125000        1.092568
FIRE:  703 16:45:46  -164069.093750        0.884979
FIRE:  704 16:45:46  -164069.125000        0.602518
FIRE:  705 16:45:46  -164068.984375        0.274864
FIRE:  706 16:45:46  -164068.937500        0.096028
FIRE:  707 16:45:46  -164068.968750        0.094403
FIRE:  708 16:45:46  -164068.953125        0.091169
FIRE:  709 16:45:46  -164068.984375        0.086393
FIRE:  710 16:45:46  -164068.984375        0.080287
FIRE:  711 16:45:46  -164068.953125        0.072836
FIRE:  712 16:45:46  -164068.968750        0.064483
FIRE:  713 16:45:46  -164068.984375        0.057974
FIRE:  714 16:45:46  -164068.984375        0.057969
FIRE:  715 16:45:46  -164068.968750        0.057965
FIRE:  716 16:45:46  -164068.968750        0.057960
FIRE:  717 16:45:46  -164068.968750        0.057951
FIRE:  718 16:45:47  -164068.968750        0.057941
FIRE:  719 16:45:47  -164068.968750        0.057925
FIRE:  720 16:45:47  -164068.984375        0.057905
FIRE:  721 16:45:47  -164068.968750        0.057876
FIRE:  722 16:45:47  -164068.984375        0.057840
FIRE:  723 16:45:47  -164068.953125        0.057793
FIRE:  724 16:45:47  -164068.953125        0.057737
FIRE:  725 16:45:47  -164068.968750        0.057669
FIRE:  726 16:45:47  -164068.953125        0.057588
FIRE:  727 16:45:47  -164068.984375        0.057496
FIRE:  728 16:45:47  -164069.015625        0.057386
FIRE:  729 16:45:47  -164068.984375        0.057248
FIRE:  730 16:45:47  -164069.000000        0.057067
FIRE:  731 16:45:47  -164068.984375        0.056837
FIRE:  732 16:45:47  -164068.953125        0.056568
FIRE:  733 16:45:47  -164069.000000        0.056253
FIRE:  734 16:45:47  -164069.000000        0.055862
FIRE:  735 16:45:47  -164069.125000        0.055346
FIRE:  736 16:45:47  -164069.031250        0.055355
FIRE:  737 16:45:48  -164069.171875        0.055395
FIRE:  738 16:45:48  -164069.187500        0.071148
FIRE:  739 16:45:48  -164069.203125        0.197817
FIRE:  740 16:45:48  -164069.171875        0.597787
FIRE:  741 16:45:48  -164069.156250        2.002821
FIRE:  742 16:45:48  -164069.203125        0.364935
FIRE:  743 16:45:48  -164069.234375        0.261931
FIRE:  744 16:45:48  -164069.218750        0.096818
FIRE:  745 16:45:48  -164069.218750        0.115803
FIRE:  746 16:45:48  -164069.218750        0.253564
FIRE:  747 16:45:48  -164069.218750        0.287561
FIRE:  748 16:45:48  -164069.203125        0.215925
FIRE:  749 16:45:48  -164069.218750        0.069747
FIRE:  750 16:45:48  -164069.234375        0.110491
FIRE:  751 16:45:48  -164069.187500        0.206598
FIRE:  752 16:45:48  -164069.203125        0.153226
FIRE:  753 16:45:48  -164069.203125        0.056549
FIRE:  754 16:45:48  -164069.218750        0.200767
FIRE:  755 16:45:48  -164069.203125        0.103005
FIRE:  756 16:45:49  -164069.234375        0.155219
FIRE:  757 16:45:49  -164069.218750        0.096770
FIRE:  758 16:45:49  -164069.234375        0.224983
FIRE:  759 16:45:49  -164069.234375        0.069874
FIRE:  760 16:45:49  -164069.234375        0.093068
FIRE:  761 16:45:49  -164069.250000        0.314313
FIRE:  762 16:45:49  -164069.265625        0.670257
FIRE:  763 16:45:49  -164069.250000        1.642928
FIRE:  764 16:45:49  -164069.296875        0.113608
FIRE:  765 16:45:49  -164069.296875        0.088085
FIRE:  766 16:45:49  -164069.296875        0.057120
FIRE:  767 16:45:49  -164069.281250        0.057158
FIRE:  768 16:45:49  -164069.296875        0.072817
FIRE:  769 16:45:49  -164069.265625        0.088616
FIRE:  770 16:45:49  -164069.296875        0.073391
FIRE:  771 16:45:49  -164069.265625        0.057341
FIRE:  772 16:45:49  -164069.281250        0.057371
FIRE:  773 16:45:49  -164069.265625        0.061835
FIRE:  774 16:45:49  -164069.250000        0.057412
FIRE:  775 16:45:50  -164069.281250        0.057408
FIRE:  776 16:45:50  -164069.312500        0.064128
FIRE:  777 16:45:50  -164069.296875        0.057355
FIRE:  778 16:45:50  -164069.312500        0.057313
FIRE:  779 16:45:50  -164069.296875        0.057284
FIRE:  780 16:45:50  -164069.312500        0.066991
FIRE:  781 16:45:50  -164069.296875        0.057241
FIRE:  782 16:45:50  -164069.343750        0.057194
FIRE:  783 16:45:50  -164069.296875        0.072326
FIRE:  784 16:45:50  -164069.375000        0.182609
FIRE:  785 16:45:50  -164069.375000        0.639154
FIRE:  786 16:45:50  -164069.359375        1.806364
FIRE:  787 16:45:50  -164069.375000        0.071914
FIRE:  788 16:45:50  -164069.328125        0.057306
FIRE:  789 16:45:50  -164069.390625        0.057245
FIRE:  790 16:45:50  -164069.390625        0.057146
FIRE:  791 16:45:50  -164069.343750        0.057070
FIRE:  792 16:45:51  -164069.390625        0.057014
FIRE:  793 16:45:51  -164069.312500        0.056988
FIRE:  794 16:45:51  -164069.375000        0.056988
FIRE:  795 16:45:51  -164069.328125        0.057004
FIRE:  796 16:45:51  -164069.406250        0.057037
FIRE:  797 16:45:51  -164069.359375        0.057046
FIRE:  798 16:45:51  -164069.390625        0.057045
FIRE:  799 16:45:51  -164069.328125        0.057054
FIRE:  800 16:45:51  -164069.343750        0.057112
FIRE:  801 16:45:51  -164069.343750        0.057256
FIRE:  802 16:45:51  -164069.390625        0.057515
FIRE:  803 16:45:51  -164069.421875        0.057903
FIRE:  804 16:45:51  -164069.359375        0.058295
FIRE:  805 16:45:51  -164069.375000        0.058530
FIRE:  806 16:45:51  -164069.375000        0.112824
FIRE:  807 16:45:51  -164069.375000        0.306386
FIRE:  808 16:45:51  -164069.453125        1.021980
FIRE:  809 16:45:51  -164069.421875        0.060024
FIRE:  810 16:45:52  -164069.437500        0.060014
FIRE:  811 16:45:52  -164069.468750        0.059969
FIRE:  812 16:45:52  -164069.453125        0.059923
FIRE:  813 16:45:52  -164069.453125        0.059868
FIRE:  814 16:45:52  -164069.421875        0.059805
FIRE:  815 16:45:52  -164069.421875        0.059753
FIRE:  816 16:45:52  -164069.421875        0.059707
FIRE:  817 16:45:52  -164069.390625        0.059693
FIRE:  818 16:45:52  -164069.468750        0.059662
FIRE:  819 16:45:52  -164069.453125        0.059650
FIRE:  820 16:45:52  -164069.453125        0.059635
FIRE:  821 16:45:52  -164069.406250        0.059591
FIRE:  822 16:45:52  -164069.421875        0.059531
FIRE:  823 16:45:52  -164069.406250        0.059483
FIRE:  824 16:45:52  -164069.468750        0.059543
FIRE:  825 16:45:52  -164069.468750        0.059670
FIRE:  826 16:45:52  -164069.484375        0.059790
FIRE:  827 16:45:52  -164069.500000        0.059944
FIRE:  828 16:45:52  -164069.437500        0.060165
FIRE:  829 16:45:52  -164069.468750        0.060306
FIRE:  830 16:45:52  -164069.453125        0.242352
FIRE:  831 16:45:53  -164069.500000        0.932425
FIRE:  832 16:45:53  -164069.468750        3.880082
FIRE:  833 16:45:53  -164069.500000        1.592836
FIRE:  834 16:45:53  -164069.484375        1.115646
FIRE:  835 16:45:53  -164069.531250        0.269734
FIRE:  836 16:45:53  -164069.500000        0.728273
FIRE:  837 16:45:53  -164069.515625        0.666347
FIRE:  838 16:45:53  -164069.531250        0.548672
FIRE:  839 16:45:53  -164069.515625        0.386533
FIRE:  840 16:45:53  -164069.500000        0.195766
FIRE:  841 16:45:53  -164069.484375        0.060610
FIRE:  842 16:45:53  -164069.531250        0.179526
FIRE:  843 16:45:53  -164069.515625        0.176086
FIRE:  844 16:45:53  -164069.500000        0.169284
FIRE:  845 16:45:53  -164069.500000        0.159259
FIRE:  846 16:45:53  -164069.531250        0.146294
FIRE:  847 16:45:53  -164069.515625        0.130554
FIRE:  848 16:45:53  -164069.515625        0.112564
FIRE:  849 16:45:53  -164069.515625        0.092800
FIRE:  850 16:45:53  -164069.500000        0.069626
FIRE:  851 16:45:54  -164069.515625        0.060535
FIRE:  852 16:45:54  -164069.500000        0.060531
FIRE:  853 16:45:54  -164069.515625        0.060523
FIRE:  854 16:45:54  -164069.500000        0.064423
FIRE:  855 16:45:54  -164069.515625        0.086414
FIRE:  856 16:45:54  -164069.500000        0.097745
FIRE:  857 16:45:54  -164069.546875        0.094261
FIRE:  858 16:45:54  -164069.531250        0.073696
FIRE:  859 16:45:54  -164069.515625        0.060360
FIRE:  860 16:45:54  -164069.500000        0.060287
FIRE:  861 16:45:54  -164069.531250        0.060218
FIRE:  862 16:45:54  -164069.531250        0.068706
FIRE:  863 16:45:54  -164069.531250        0.060092
FIRE:  864 16:45:54  -164069.515625        0.060059
FIRE:  865 16:45:54  -164069.500000        0.060022
FIRE:  866 16:45:54  -164069.562500        0.062623
FIRE:  867 16:45:54  -164069.515625        0.059876
FIRE:  868 16:45:54  -164069.500000        0.059821
FIRE:  869 16:45:54  -164069.484375        0.059836
FIRE:  870 16:45:55  -164069.500000        0.064732
FIRE:  871 16:45:55  -164069.578125        0.059909
FIRE:  872 16:45:55  -164069.500000        0.059953
FIRE:  873 16:45:55  -164069.531250        0.089182
FIRE:  874 16:45:55  -164069.531250        0.102721
FIRE:  875 16:45:55  -164069.609375        0.217158
FIRE:  876 16:45:55  -164069.531250        0.536482
FIRE:  877 16:45:55  -164069.593750        1.559614
FIRE:  878 16:45:55  -164069.562500        0.186731
FIRE:  879 16:45:55  -164069.625000        0.135659
FIRE:  880 16:45:55  -164069.625000        0.059696
FIRE:  881 16:45:55  -164069.562500        0.059670
FIRE:  882 16:45:55  -164069.609375        0.123137
FIRE:  883 16:45:55  -164069.562500        0.145017
FIRE:  884 16:45:55  -164069.578125        0.112192
FIRE:  885 16:45:55  -164069.562500        0.059275
FIRE:  886 16:45:55  -164069.593750        0.059138
FIRE:  887 16:45:55  -164069.593750        0.104502
FIRE:  888 16:45:55  -164069.578125        0.077500
FIRE:  889 16:45:55  -164069.609375        0.058859
FIRE:  890 16:45:55  -164069.609375        0.103744
FIRE:  891 16:45:56  -164069.609375        0.058503
FIRE:  892 16:45:56  -164069.609375        0.082991
FIRE:  893 16:45:56  -164069.593750        0.058120
FIRE:  894 16:45:56  -164069.640625        0.113225
FIRE:  895 16:45:56  -164069.625000        0.061574
FIRE:  896 16:45:56  -164069.625000        0.057619
FIRE:  897 16:45:56  -164069.656250        0.072051
FIRE:  898 16:45:56  -164069.625000        0.223571
FIRE:  899 16:45:56  -164069.671875        0.764628
FIRE:  900 16:45:56  -164069.656250        2.205921
FIRE:  901 16:45:56  -164069.656250        0.183178
FIRE:  902 16:45:56  -164069.656250        0.131601
FIRE:  903 16:45:56  -164069.671875        0.058022
FIRE:  904 16:45:56  -164069.671875        0.058022
FIRE:  905 16:45:56  -164069.656250        0.108448
FIRE:  906 16:45:56  -164069.656250        0.118887
FIRE:  907 16:45:56  -164069.656250        0.078520
FIRE:  908 16:45:56  -164069.687500        0.058186
FIRE:  909 16:45:57  -164069.671875        0.073303
FIRE:  910 16:45:57  -164069.687500        0.100920
FIRE:  911 16:45:57  -164069.671875        0.058592
FIRE:  912 16:45:57  -164069.687500        0.058796
FIRE:  913 16:45:57  -164069.687500        0.082007
FIRE:  914 16:45:57  -164069.671875        0.059346
FIRE:  915 16:45:57  -164069.671875        0.091339
FIRE:  916 16:45:57  -164069.671875        0.060041
FIRE:  917 16:45:57  -164069.703125        0.060566
FIRE:  918 16:45:57  -164069.703125        0.116677
FIRE:  919 16:45:57  -164069.687500        0.144735
FIRE:  920 16:45:57  -164069.703125        0.257333
FIRE:  921 16:45:57  -164069.703125        0.566488
FIRE:  922 16:45:57  -164069.703125        1.538992
FIRE:  923 16:45:57  -164069.750000        0.157882
FIRE:  924 16:45:57  -164069.750000        0.115765
FIRE:  925 16:45:57  -164069.734375        0.066478
FIRE:  926 16:45:57  -164069.734375        0.066503
FIRE:  927 16:45:58  -164069.734375        0.101772
FIRE:  928 16:45:58  -164069.734375        0.121521
FIRE:  929 16:45:58  -164069.734375        0.095320
FIRE:  930 16:45:58  -164069.718750        0.066762
FIRE:  931 16:45:58  -164069.718750        0.066899
FIRE:  932 16:45:58  -164069.718750        0.088944
FIRE:  933 16:45:58  -164069.734375        0.067919
FIRE:  934 16:45:58  -164069.718750        0.067634
FIRE:  935 16:45:58  -164069.718750        0.086612
FIRE:  936 16:45:58  -164069.734375        0.068406
FIRE:  937 16:45:58  -164069.750000        0.068936
FIRE:  938 16:45:58  -164069.734375        0.069570
FIRE:  939 16:45:58  -164069.765625        0.093803
FIRE:  940 16:45:58  -164069.734375        0.071338
FIRE:  941 16:45:58  -164069.765625        0.072468
FIRE:  942 16:45:58  -164069.765625        0.073934
FIRE:  943 16:45:58  -164069.750000        0.212826
FIRE:  944 16:45:58  -164069.765625        0.707736
FIRE:  945 16:45:59  -164069.750000        2.020556
FIRE:  946 16:45:59  -164069.812500        0.146293
FIRE:  947 16:45:59  -164069.796875        0.105830
FIRE:  948 16:45:59  -164069.796875        0.081037
FIRE:  949 16:45:59  -164069.781250        0.081060
FIRE:  950 16:45:59  -164069.796875        0.085348
FIRE:  951 16:45:59  -164069.812500        0.095130
FIRE:  952 16:45:59  -164069.812500        0.081320
FIRE:  953 16:45:59  -164069.781250        0.081492
FIRE:  954 16:45:59  -164069.796875        0.081723
FIRE:  955 16:45:59  -164069.796875        0.082010
FIRE:  956 16:45:59  -164069.781250        0.082353
FIRE:  957 16:45:59  -164069.796875        0.082757
FIRE:  958 16:45:59  -164069.781250        0.083264
FIRE:  959 16:45:59  -164069.796875        0.083930
FIRE:  960 16:45:59  -164069.796875        0.084779
FIRE:  961 16:46:00  -164069.828125        0.085785
FIRE:  962 16:46:00  -164069.812500        0.086840
FIRE:  963 16:46:00  -164069.812500        0.093754
FIRE:  964 16:46:00  -164069.828125        0.117726
FIRE:  965 16:46:00  -164069.828125        0.218234
FIRE:  966 16:46:00  -164069.828125        0.508328
FIRE:  967 16:46:00  -164069.843750        1.398671
FIRE:  968 16:46:00  -164069.859375        0.115013
FIRE:  969 16:46:00  -164069.875000        0.094272
FIRE:  970 16:46:00  -164069.859375        0.094292
FIRE:  971 16:46:00  -164069.843750        0.094324
FIRE:  972 16:46:00  -164069.859375        0.094364
FIRE:  973 16:46:00  -164069.828125        0.094414
FIRE:  974 16:46:00  -164069.859375        0.094480
FIRE:  975 16:46:00  -164069.859375        0.094555
FIRE:  976 16:46:00  -164069.843750        0.094661
FIRE:  977 16:46:00  -164069.828125        0.094809
FIRE:  978 16:46:00  -164069.843750        0.095010
FIRE:  979 16:46:00  -164069.859375        0.095261
FIRE:  980 16:46:00  -164069.843750        0.095557
FIRE:  981 16:46:01  -164069.859375        0.095885
FIRE:  982 16:46:01  -164069.875000        0.096286
FIRE:  983 16:46:01  -164069.875000        0.096790
FIRE:  984 16:46:01  -164069.875000        0.097374
FIRE:  985 16:46:01  -164069.875000        0.097943
FIRE:  986 16:46:01  -164069.890625        0.098511
FIRE:  987 16:46:01  -164069.875000        0.098968
FIRE:  988 16:46:01  -164069.890625        0.127320
FIRE:  989 16:46:01  -164069.906250        0.488574
FIRE:  990 16:46:01  -164069.875000        1.558388
FIRE:  991 16:46:01  -164069.890625        0.114844
FIRE:  992 16:46:01  -164069.921875        0.097383
FIRE:  993 16:46:01  -164069.890625        0.097359
FIRE:  994 16:46:01  -164069.906250        0.097334
FIRE:  995 16:46:01  -164069.875000        0.097315
FIRE:  996 16:46:01  -164069.921875        0.097313
FIRE:  997 16:46:01  -164069.906250        0.097325
FIRE:  998 16:46:01  -164069.906250        0.097342
FIRE:  999 16:46:01  -164069.890625        0.097360
FIRE:  1000 16:46:01  -164069.906250        0.097357
      Step     Time          Energy          fmax
FIRE:    0 16:46:02  -164044.984375        7.010354
FIRE:    1 16:46:03  -164047.578125        6.393097
FIRE:    2 16:46:05  -164050.015625        5.169960
FIRE:    3 16:46:05  -164051.843750        2.987645
FIRE:    4 16:46:05  -164052.656250        1.713969
FIRE:    5 16:46:05  -164052.953125        4.971984
FIRE:    6 16:46:05  -164053.234375        4.157071
FIRE:    7 16:46:05  -164053.609375        2.829442
FIRE:    8 16:46:05  -164053.921875        1.430177
FIRE:    9 16:46:05  -164054.390625        1.324080
FIRE:   10 16:46:05  -164054.390625        2.147218
FIRE:   11 16:46:05  -164054.609375        2.675817
FIRE:   12 16:46:05  -164054.843750        2.834042
FIRE:   13 16:46:06  -164055.218750        2.604233
FIRE:   14 16:46:06  -164055.687500        1.891599
FIRE:   15 16:46:06  -164056.218750        1.319078
FIRE:   16 16:46:06  -164056.609375        1.446527
FIRE:   17 16:46:06  -164057.171875        1.867989
FIRE:   18 16:46:07  -164057.609375        2.302791
FIRE:   19 16:46:07  -164058.109375        1.087758
FIRE:   20 16:46:07  -164058.484375        0.945070
FIRE:   21 16:46:07  -164058.812500        1.677890
FIRE:   22 16:46:07  -164059.203125        1.315443
FIRE:   23 16:46:07  -164059.390625        0.729706
FIRE:   24 16:46:07  -164059.906250        1.094904
FIRE:   25 16:46:08  -164060.187500        1.187608
FIRE:   26 16:46:08  -164060.343750        0.896530
FIRE:   27 16:46:08  -164060.593750        0.488420
FIRE:   28 16:46:08  -164061.015625        0.988321
FIRE:   29 16:46:08  -164061.078125        0.728107
FIRE:   30 16:46:08  -164061.328125        0.535676
FIRE:   31 16:46:08  -164061.562500        0.582339
FIRE:   32 16:46:08  -164061.765625        0.576037
FIRE:   33 16:46:08  -164061.968750        0.418341
FIRE:   34 16:46:08  -164062.171875        0.596804
FIRE:   35 16:46:08  -164062.578125        0.423201
FIRE:   36 16:46:08  -164062.625000        0.605994
FIRE:   37 16:46:08  -164062.812500        0.775541
FIRE:   38 16:46:08  -164063.093750        1.019068
FIRE:   39 16:46:08  -164063.218750        1.305702
FIRE:   40 16:46:08  -164063.421875        1.620221
FIRE:   41 16:46:09  -164061.656250        6.708761
FIRE:   42 16:46:09  -164063.375000        1.660699
FIRE:   43 16:46:09  -164063.500000        0.550813
FIRE:   44 16:46:09  -164063.484375        0.398379
FIRE:   45 16:46:09  -164063.515625        0.334258
FIRE:   46 16:46:09  -164063.531250        0.334152
FIRE:   47 16:46:09  -164063.515625        0.416719
FIRE:   48 16:46:09  -164063.578125        0.399203
FIRE:   49 16:46:09  -164063.515625        0.334379
FIRE:   50 16:46:09  -164063.515625        0.333299
FIRE:   51 16:46:09  -164063.578125        0.328390
FIRE:   52 16:46:09  -164063.593750        0.321636
FIRE:   53 16:46:09  -164063.593750        0.314573
FIRE:   54 16:46:09  -164063.687500        0.308217
FIRE:   55 16:46:09  -164063.625000        0.302319
FIRE:   56 16:46:09  -164063.531250        0.296299
FIRE:   57 16:46:09  -164063.562500        0.317274
FIRE:   58 16:46:09  -164063.640625        0.361198
FIRE:   59 16:46:10  -164063.703125        0.411425
FIRE:   60 16:46:10  -164063.812500        0.434033
FIRE:   61 16:46:10  -164063.906250        0.454083
FIRE:   62 16:46:10  -164064.046875        0.764866
FIRE:   63 16:46:10  -164064.125000        1.874980
FIRE:   64 16:46:10  -164064.218750        0.548497
FIRE:   65 16:46:10  -164064.171875        1.480095
FIRE:   66 16:46:10  -164064.187500        1.152627
FIRE:   67 16:46:10  -164064.203125        0.548782
FIRE:   68 16:46:10  -164064.234375        0.242034
FIRE:   69 16:46:10  -164064.218750        0.242017
FIRE:   70 16:46:10  -164064.218750        0.241996
FIRE:   71 16:46:10  -164064.234375        0.241974
FIRE:   72 16:46:10  -164064.234375        0.241969
FIRE:   73 16:46:10  -164064.234375        0.241989
FIRE:   74 16:46:10  -164064.234375        0.242048
FIRE:   75 16:46:10  -164064.218750        0.242150
FIRE:   76 16:46:10  -164064.250000        0.242305
FIRE:   77 16:46:10  -164064.234375        0.242514
FIRE:   78 16:46:11  -164064.234375        0.242760
FIRE:   79 16:46:11  -164064.234375        0.243001
FIRE:   80 16:46:11  -164064.265625        0.243179
FIRE:   81 16:46:11  -164064.234375        0.243216
FIRE:   82 16:46:11  -164064.250000        0.243009
FIRE:   83 16:46:11  -164064.281250        0.242460
FIRE:   84 16:46:11  -164064.281250        0.242122
FIRE:   85 16:46:11  -164064.281250        0.241804
FIRE:   86 16:46:11  -164064.328125        0.240894
FIRE:   87 16:46:11  -164064.312500        0.239075
FIRE:   88 16:46:11  -164064.359375        0.236353
FIRE:   89 16:46:11  -164064.375000        0.232706
FIRE:   90 16:46:11  -164064.437500        0.227272
FIRE:   91 16:46:11  -164064.687500        0.219269
FIRE:   92 16:46:11  -164064.734375        0.207488
FIRE:   93 16:46:12  -164064.796875        0.191429
FIRE:   94 16:46:12  -164064.875000        0.168822
FIRE:   95 16:46:12  -164064.937500        0.137893
FIRE:   96 16:46:12  -164065.062500        0.310486
FIRE:   97 16:46:12  -164065.093750        1.133239
FIRE:   98 16:46:12  -164064.984375        2.732450
FIRE:   99 16:46:12  -164065.234375        0.241505
FIRE:  100 16:46:12  -164065.234375        0.179944
FIRE:  101 16:46:12  -164065.234375        0.098516
