      Step     Time          Energy          fmax
FIRE:    0 17:42:52  -539059.000000        7.729297
FIRE:    1 17:42:53  -539061.812500        6.337160
FIRE:    2 17:42:55  -539063.437500        3.670371
FIRE:    3 17:42:56  -539064.500000        2.266006
FIRE:    4 17:42:56  -539064.437500        5.265683
FIRE:    5 17:42:56  -539064.750000        4.142870
FIRE:    6 17:42:56  -539065.062500        2.949008
FIRE:    7 17:42:56  -539065.437500        1.625931
FIRE:    8 17:42:56  -539065.625000        1.534205
FIRE:    9 17:42:56  -539065.750000        2.364709
FIRE:   10 17:42:56  -539065.812500        2.739305
FIRE:   11 17:42:56  -539066.000000        2.709051
FIRE:   12 17:42:56  -539066.250000        2.263727
FIRE:   13 17:42:56  -539066.687500        1.617218
FIRE:   14 17:42:56  -539067.562500        1.104498
FIRE:   15 17:42:56  -539067.875000        1.632514
FIRE:   16 17:42:56  -539068.187500        2.770757
FIRE:   17 17:42:56  -539068.750000        1.824337
FIRE:   18 17:42:56  -539068.875000        0.629767
FIRE:   19 17:42:58  -539069.625000        1.483969
FIRE:   20 17:42:58  -539069.562500        1.505230
FIRE:   21 17:42:58  -539070.375000        0.937510
FIRE:   22 17:42:58  -539070.750000        0.565509
FIRE:   23 17:42:58  -539071.062500        1.273103
FIRE:   24 17:42:58  -539071.375000        0.822598
FIRE:   25 17:42:58  -539071.250000        0.443387
FIRE:   26 17:42:58  -539071.500000        0.941485
FIRE:   27 17:42:58  -539071.812500        0.677847
FIRE:   28 17:42:58  -539072.062500        0.357874
FIRE:   29 17:42:58  -539072.312500        0.785837
FIRE:   30 17:42:59  -539072.562500        0.349516
FIRE:   31 17:42:59  -539072.937500        0.545893
FIRE:   32 17:42:59  -539073.000000        0.554138
FIRE:   33 17:43:00  -539073.312500        0.243234
FIRE:   34 17:43:00  -539073.562500        0.602793
FIRE:   35 17:43:00  -539074.062500        0.356776
FIRE:   36 17:43:00  -539074.250000        0.394050
FIRE:   37 17:43:00  -539074.062500        0.445453
FIRE:   38 17:43:00  -539074.562500        0.209959
FIRE:   39 17:43:01  -539074.437500        0.402784
FIRE:   40 17:43:01  -539074.437500        0.212897
FIRE:   41 17:43:01  -539074.750000        0.308714
FIRE:   42 17:43:01  -539074.875000        0.407341
FIRE:   43 17:43:01  -539075.250000        0.787777
FIRE:   44 17:43:01  -539075.062500        1.019941
FIRE:   45 17:43:01  -539075.687500        0.793251
FIRE:   46 17:43:01  -539075.812500        0.413590
FIRE:   47 17:43:01  -539075.937500        0.175168
FIRE:   48 17:43:01  -539076.125000        0.249955
FIRE:   49 17:43:01  -539076.250000        0.324072
FIRE:   50 17:43:01  -539076.312500        0.586404
FIRE:   51 17:43:01  -539076.437500        0.649898
FIRE:   52 17:43:01  -539076.562500        0.416671
FIRE:   53 17:43:01  -539076.687500        0.210584
FIRE:   54 17:43:01  -539076.812500        0.281802
FIRE:   55 17:43:01  -539076.937500        0.299318
FIRE:   56 17:43:01  -539077.062500        0.277037
FIRE:   57 17:43:01  -539077.125000        0.328437
FIRE:   58 17:43:02  -539077.187500        0.340732
FIRE:   59 17:43:02  -539077.062500        0.284272
FIRE:   60 17:43:02  -539077.062500        0.327019
FIRE:   61 17:43:02  -539077.187500        0.302808
FIRE:   62 17:43:02  -539077.312500        0.191063
FIRE:   63 17:43:02  -539077.687500        0.163164
FIRE:   64 17:43:02  -539077.500000        0.165910
FIRE:   65 17:43:02  -539077.875000        0.167033
FIRE:   66 17:43:02  -539077.562500        0.216629
FIRE:   67 17:43:02  -539077.625000        0.255679
FIRE:   68 17:43:02  -539077.750000        0.203701
FIRE:   69 17:43:02  -539078.000000        0.148399
FIRE:   70 17:43:02  -539078.062500        0.146710
FIRE:   71 17:43:02  -539078.187500        0.143104
FIRE:   72 17:43:02  -539078.500000        0.134069
FIRE:   73 17:43:02  -539078.687500        0.170506
FIRE:   74 17:43:03  -539078.750000        0.196738
FIRE:   75 17:43:03  -539078.812500        0.204697
FIRE:   76 17:43:03  -539078.875000        0.179910
FIRE:   77 17:43:03  -539078.562500        0.179195
FIRE:   78 17:43:03  -539078.937500        0.178765
FIRE:   79 17:43:03  -539079.000000        0.160814
FIRE:   80 17:43:03  -539079.062500        0.160607
FIRE:   81 17:43:03  -539079.187500        0.160140
FIRE:   82 17:43:03  -539079.250000        0.192549
FIRE:   83 17:43:03  -539079.312500        0.209740
FIRE:   84 17:43:03  -539079.062500        0.224485
FIRE:   85 17:43:03  -539079.375000        0.174970
FIRE:   86 17:43:03  -539079.375000        0.137132
FIRE:   87 17:43:03  -539079.500000        0.132475
FIRE:   88 17:43:03  -539079.562500        0.145307
FIRE:   89 17:43:03  -539079.625000        0.155783
FIRE:   90 17:43:04  -539079.250000        0.162806
FIRE:   91 17:43:04  -539079.687500        0.179382
FIRE:   92 17:43:04  -539079.750000        0.233128
FIRE:   93 17:43:04  -539079.375000        0.253921
FIRE:   94 17:43:04  -539079.875000        0.236273
FIRE:   95 17:43:04  -539079.875000        0.180979
FIRE:   96 17:43:04  -539079.562500        0.148693
FIRE:   97 17:43:04  -539079.437500        0.143438
FIRE:   98 17:43:04  -539079.750000        0.171209
FIRE:   99 17:43:04  -539079.750000        0.213910
FIRE:  100 17:43:04  -539080.062500        0.258974
FIRE:  101 17:43:04  -539080.062500        0.273212
FIRE:  102 17:43:04  -539080.125000        0.268414
FIRE:  103 17:43:04  -539080.187500        0.248301
FIRE:  104 17:43:04  -539080.187500        0.230203
FIRE:  105 17:43:04  -539079.812500        0.221354
FIRE:  106 17:43:04  -539079.812500        0.228600
FIRE:  107 17:43:05  -539080.062500        0.255531
FIRE:  108 17:43:05  -539080.125000        0.273832
FIRE:  109 17:43:05  -539080.125000        0.288374
FIRE:  110 17:43:05  -539080.125000        0.268528
FIRE:  111 17:43:05  -539080.437500        0.246760
FIRE:  112 17:43:05  -539080.500000        0.227044
FIRE:  113 17:43:05  -539080.500000        0.248181
FIRE:  114 17:43:05  -539080.500000        0.285672
FIRE:  115 17:43:05  -539080.562500        0.347607
FIRE:  116 17:43:05  -539080.312500        0.374881
FIRE:  117 17:43:05  -539080.312500        0.382529
FIRE:  118 17:43:05  -539080.312500        0.358620
FIRE:  119 17:43:05  -539080.187500        0.364464
FIRE:  120 17:43:05  -539080.250000        0.378465
FIRE:  121 17:43:05  -539080.250000        0.439306
FIRE:  122 17:43:05  -539080.250000        0.479367
FIRE:  123 17:43:06  -539080.687500        0.531124
FIRE:  124 17:43:06  -539080.750000        0.542964
FIRE:  125 17:43:06  -539080.687500        0.577894
FIRE:  126 17:43:06  -539080.750000        0.600576
FIRE:  127 17:43:06  -539080.812500        0.675408
FIRE:  128 17:43:06  -539080.875000        0.740672
FIRE:  129 17:43:06  -539080.875000        0.841667
FIRE:  130 17:43:06  -539080.937500        0.891642
FIRE:  131 17:43:06  -539080.937500        0.936730
FIRE:  132 17:43:06  -539078.812500       13.783967
FIRE:  133 17:43:06  -539080.937500        1.862283
FIRE:  134 17:43:06  -539080.937500        1.322865
FIRE:  135 17:43:06  -539081.000000        0.721456
FIRE:  136 17:43:06  -539081.000000        0.451609
FIRE:  137 17:43:06  -539081.000000        0.398432
FIRE:  138 17:43:06  -539081.000000        0.299034
FIRE:  139 17:43:07  -539081.000000        0.167716
FIRE:  140 17:43:07  -539081.000000        0.109914
FIRE:  141 17:43:07  -539081.000000        0.179609
FIRE:  142 17:43:07  -539081.000000        0.249371
FIRE:  143 17:43:07  -539081.000000        0.264977
FIRE:  144 17:43:07  -539081.000000        0.217236
FIRE:  145 17:43:07  -539081.000000        0.124044
FIRE:  146 17:43:07  -539081.000000        0.104793
FIRE:  147 17:43:07  -539081.000000        0.185631
FIRE:  148 17:43:07  -539081.000000        0.215774
FIRE:  149 17:43:07  -539081.000000        0.111879
FIRE:  150 17:43:07  -539081.000000        0.097799
FIRE:  151 17:43:07  -539081.062500        0.177496
FIRE:  152 17:43:07  -539081.062500        0.091946
FIRE:  153 17:43:07  -539081.062500        0.166276
FIRE:  154 17:43:07  -539081.062500        0.095804
FIRE:  155 17:43:08  -539081.062500        0.192717
FIRE:  156 17:43:08  -539081.062500        0.085087
FIRE:  157 17:43:08  -539081.125000        0.187683
FIRE:  158 17:43:08  -539081.125000        0.309169
FIRE:  159 17:43:08  -539081.125000        0.479411
FIRE:  160 17:43:08  -539081.187500        0.912835
FIRE:  161 17:43:08  -539081.187500        0.109023
FIRE:  162 17:43:08  -539081.187500        0.788056
FIRE:  163 17:43:08  -539081.187500        0.609560
FIRE:  164 17:43:08  -539081.187500        0.295846
FIRE:  165 17:43:08  -539081.187500        0.089530
FIRE:  166 17:43:08  -539081.187500        0.089531
FIRE:  167 17:43:08  -539081.187500        0.089531
FIRE:  168 17:43:08  -539081.187500        0.089530
FIRE:  169 17:43:08  -539081.187500        0.089525
FIRE:  170 17:43:08  -539081.187500        0.089519
FIRE:  171 17:43:09  -539081.187500        0.089519
FIRE:  172 17:43:09  -539081.125000        0.089517
FIRE:  173 17:43:09  -539081.187500        0.089523
FIRE:  174 17:43:09  -539081.187500        0.089524
FIRE:  175 17:43:09  -539081.187500        0.089532
FIRE:  176 17:43:09  -539081.187500        0.089535
FIRE:  177 17:43:09  -539081.187500        0.089549
FIRE:  178 17:43:09  -539081.187500        0.089563
FIRE:  179 17:43:09  -539081.125000        0.089600
FIRE:  180 17:43:09  -539081.187500        0.089629
FIRE:  181 17:43:09  -539081.187500        0.089683
FIRE:  182 17:43:09  -539081.187500        0.089749
FIRE:  183 17:43:09  -539081.125000        0.089848
FIRE:  184 17:43:09  -539081.187500        0.089978
FIRE:  185 17:43:09  -539081.125000        0.090146
FIRE:  186 17:43:09  -539081.187500        0.090367
FIRE:  187 17:43:09  -539081.187500        0.090610
FIRE:  188 17:43:10  -539081.125000        0.090856
FIRE:  189 17:43:10  -539081.125000        0.091006
FIRE:  190 17:43:10  -539081.250000        0.090980
FIRE:  191 17:43:10  -539081.250000        0.090649
FIRE:  192 17:43:10  -539081.250000        0.090425
FIRE:  193 17:43:10  -539081.250000        0.235577
FIRE:  194 17:43:10  -539081.250000        0.665127
FIRE:  195 17:43:10  -539081.250000        1.915729
FIRE:  196 17:43:10  -539081.312500        0.255684
FIRE:  197 17:43:10  -539081.312500        0.189015
FIRE:  198 17:43:10  -539081.250000        0.083063
FIRE:  199 17:43:10  -539081.312500        0.082679
FIRE:  200 17:43:10  -539081.312500        0.157496
FIRE:  201 17:43:10  -539081.312500        0.184403
FIRE:  202 17:43:10  -539081.312500        0.143386
FIRE:  203 17:43:10  -539081.312500        0.081749
FIRE:  204 17:43:11  -539081.312500        0.081793
FIRE:  205 17:43:11  -539081.250000        0.138633
FIRE:  206 17:43:11  -539081.312500        0.108495
FIRE:  207 17:43:11  -539081.312500        0.082385
FIRE:  208 17:43:11  -539081.312500        0.122894
FIRE:  209 17:43:11  -539081.312500        0.082160
FIRE:  210 17:43:11  -539081.312500        0.106390
FIRE:  211 17:43:11  -539081.312500        0.080615
FIRE:  212 17:43:11  -539081.312500        0.140336
FIRE:  213 17:43:11  -539081.312500        0.078680
FIRE:  214 17:43:11  -539081.312500        0.077508
FIRE:  215 17:43:11  -539081.312500        0.181338
FIRE:  216 17:43:11  -539081.312500        0.434976
FIRE:  217 17:43:11  -539081.312500        1.055355
FIRE:  218 17:43:11  -539081.375000        0.070086
FIRE:  219 17:43:11  -539081.375000        0.921921
FIRE:  220 17:43:11  -539081.375000        0.696295
FIRE:  221 17:43:11  -539081.375000        0.297062
FIRE:  222 17:43:12  -539081.375000        0.179163
FIRE:  223 17:43:12  -539081.375000        0.167989
FIRE:  224 17:43:12  -539081.375000        0.146372
FIRE:  225 17:43:12  -539081.375000        0.115870
FIRE:  226 17:43:12  -539081.375000        0.078560
FIRE:  227 17:43:12  -539081.375000        0.069768
FIRE:  228 17:43:12  -539081.375000        0.069774
FIRE:  229 17:43:12  -539081.312500        0.069772
FIRE:  230 17:43:12  -539081.375000        0.073987
FIRE:  231 17:43:12  -539081.375000        0.092367
FIRE:  232 17:43:12  -539081.375000        0.095168
FIRE:  233 17:43:12  -539081.375000        0.078853
FIRE:  234 17:43:12  -539081.375000        0.069738
FIRE:  235 17:43:12  -539081.375000        0.069714
FIRE:  236 17:43:12  -539081.375000        0.069671
FIRE:  237 17:43:12  -539081.375000        0.076990
FIRE:  238 17:43:12  -539081.375000        0.069506
FIRE:  239 17:43:13  -539081.312500        0.069375
FIRE:  240 17:43:13  -539081.375000        0.069172
FIRE:  241 17:43:13  -539081.375000        0.068887
FIRE:  242 17:43:13  -539081.375000        0.068495
FIRE:  243 17:43:13  -539081.375000        0.067935
FIRE:  244 17:43:13  -539081.375000        0.067172
FIRE:  245 17:43:13  -539081.375000        0.066131
FIRE:  246 17:43:13  -539081.375000        0.064780
FIRE:  247 17:43:13  -539081.375000        0.063027
FIRE:  248 17:43:13  -539081.375000        0.060882
FIRE:  249 17:43:13  -539081.375000        0.083953
FIRE:  250 17:43:13  -539081.375000        0.268442
FIRE:  251 17:43:13  -539081.375000        0.826254
FIRE:  252 17:43:13  -539081.437500        0.051419
FIRE:  253 17:43:13  -539081.437500        0.051405
FIRE:  254 17:43:13  -539081.437500        0.051377
FIRE:  255 17:43:13  -539081.437500        0.051352
FIRE:  256 17:43:13  -539081.437500        0.051320
FIRE:  257 17:43:14  -539081.437500        0.051304
FIRE:  258 17:43:14  -539081.437500        0.051282
FIRE:  259 17:43:14  -539081.437500        0.051257
FIRE:  260 17:43:14  -539081.437500        0.051216
FIRE:  261 17:43:14  -539081.437500        0.051139
FIRE:  262 17:43:14  -539081.437500        0.051017
FIRE:  263 17:43:14  -539081.437500        0.050820
FIRE:  264 17:43:14  -539081.437500        0.050526
FIRE:  265 17:43:14  -539081.437500        0.050108
FIRE:  266 17:43:14  -539081.500000        0.049530
