      Step     Time          Energy          fmax
FIRE:    0 22:41:06 -1708183.875000        9.837601
FIRE:    1 22:41:07 -1708179.250000        4.035824
FIRE:    2 22:41:09 -1708183.250000        4.249093
FIRE:    3 22:41:09 -1708186.000000        3.304444
FIRE:    4 22:41:09 -1708184.500000        4.764800
FIRE:    5 22:41:09 -1708186.375000        3.583381
FIRE:    6 22:41:09 -1708187.375000        3.133379
FIRE:    7 22:41:09 -1708187.250000        2.306436
FIRE:    8 22:41:10 -1708192.750000        2.594775
FIRE:    9 22:41:10 -1708192.375000        3.039630
FIRE:   10 22:41:10 -1708193.375000        1.762455
FIRE:   11 22:41:10 -1708194.125000        2.434079
FIRE:   12 22:41:11 -1708194.375000        1.508544
FIRE:   13 22:41:11 -1708194.375000        2.285361
FIRE:   14 22:41:11 -1708195.000000        1.688971
FIRE:   15 22:41:11 -1708195.250000        2.001175
FIRE:   16 22:41:11 -1708190.750000        2.147318
FIRE:   17 22:41:11 -1708195.875000        1.268958
FIRE:   18 22:41:11 -1708196.125000        1.630977
FIRE:   19 22:41:11 -1708196.250000        1.493421
FIRE:   20 22:41:11 -1708196.500000        1.231767
FIRE:   21 22:41:11 -1708195.750000        1.260936
FIRE:   22 22:41:11 -1708190.875000        1.699774
FIRE:   23 22:41:11 -1708189.750000        2.038144
FIRE:   24 22:41:11 -1708189.875000        2.316460
FIRE:   25 22:41:11 -1708191.500000        2.622497
FIRE:   26 22:41:11 -1708188.500000       14.778826
FIRE:   27 22:41:12 -1708189.875000        4.477613
FIRE:   28 22:41:12 -1708190.125000        2.344329
FIRE:   29 22:41:12 -1708190.125000        3.204648
FIRE:   30 22:41:12 -1708190.250000        2.527399
FIRE:   31 22:41:12 -1708190.250000        1.382732
FIRE:   32 22:41:12 -1708190.250000        0.313989
FIRE:   33 22:41:12 -1708190.250000        1.059050
FIRE:   34 22:41:12 -1708190.250000        1.007433
FIRE:   35 22:41:12 -1708190.250000        0.927501
FIRE:   36 22:41:12 -1708190.250000        0.816018
FIRE:   37 22:41:12 -1708190.250000        0.675261
FIRE:   38 22:41:12 -1708190.250000        0.514102
FIRE:   39 22:41:12 -1708190.250000        0.348694
FIRE:   40 22:41:12 -1708190.250000        0.260223
FIRE:   41 22:41:13 -1708190.250000        0.364315
FIRE:   42 22:41:13 -1708190.250000        0.554958
FIRE:   43 22:41:13 -1708190.250000        0.680050
FIRE:   44 22:41:13 -1708190.250000        0.703098
FIRE:   45 22:41:13 -1708190.250000        0.597658
FIRE:   46 22:41:13 -1708190.250000        0.360859
FIRE:   47 22:41:13 -1708190.250000        0.267334
FIRE:   48 22:41:13 -1708190.250000        0.340452
FIRE:   49 22:41:13 -1708190.375000        0.435494
FIRE:   50 22:41:13 -1708190.375000        0.352897
FIRE:   51 22:41:13 -1708190.375000        0.267445
FIRE:   52 22:41:13 -1708190.375000        0.415111
FIRE:   53 22:41:13 -1708190.375000        0.416767
FIRE:   54 22:41:13 -1708192.875000        0.239825
FIRE:   55 22:41:13 -1708193.000000        0.380161
FIRE:   56 22:41:14 -1708192.875000        0.208786
FIRE:   57 22:41:14 -1708193.000000        0.431044
FIRE:   58 22:41:14 -1708193.000000        0.192661
FIRE:   59 22:41:14 -1708192.875000        0.209450
FIRE:   60 22:41:14 -1708193.250000        0.571592
FIRE:   61 22:41:14 -1708193.250000        1.068413
FIRE:   62 22:41:14 -1708193.500000        2.128200
FIRE:   63 22:41:14 -1708193.250000        4.376428
FIRE:   64 22:41:14 -1708193.250000        0.760761
FIRE:   65 22:41:14 -1708193.500000        4.613897
FIRE:   66 22:41:14 -1708193.750000        3.228424
FIRE:   67 22:41:14 -1708193.750000        1.082828
FIRE:   68 22:41:14 -1708193.750000        1.082433
FIRE:   69 22:41:14 -1708193.375000        1.021011
FIRE:   70 22:41:15 -1708193.875000        0.901097
FIRE:   71 22:41:15 -1708193.625000        0.728995
FIRE:   72 22:41:15 -1708193.625000        0.515026
FIRE:   73 22:41:15 -1708193.750000        0.276151
FIRE:   74 22:41:15 -1708193.375000        0.158768
FIRE:   75 22:41:15 -1708193.000000        0.230740
FIRE:   76 22:41:15 -1708193.750000        0.424949
FIRE:   77 22:41:15 -1708193.500000        0.557579
FIRE:   78 22:41:15 -1708193.625000        0.591449
FIRE:   79 22:41:15 -1708193.750000        0.500333
FIRE:   80 22:41:15 -1708193.750000        0.279970
FIRE:   81 22:41:15 -1708192.625000        0.155433
FIRE:   82 22:41:15 -1708191.500000        0.336665
FIRE:   83 22:41:17 -1708192.625000        0.482507
FIRE:   84 22:41:17 -1708192.750000        0.381093
FIRE:   85 22:41:17 -1708192.750000        0.152770
FIRE:   86 22:41:17 -1708194.125000        0.342588
FIRE:   87 22:41:17 -1708194.000000        0.348471
FIRE:   88 22:41:17 -1708194.250000        0.161664
FIRE:   89 22:41:17 -1708194.125000        0.417229
FIRE:   90 22:41:17 -1708193.875000        0.176132
FIRE:   91 22:41:17 -1708194.500000        0.375138
FIRE:   92 22:41:17 -1708193.000000        0.237113
FIRE:   93 22:41:18 -1708191.625000        0.240248
FIRE:   94 22:41:18 -1708193.125000        0.501832
FIRE:   95 22:41:18 -1708195.250000        1.028969
FIRE:   96 22:41:18 -1708194.500000        2.112463
FIRE:   97 22:41:18 -1708194.625000        4.603364
FIRE:   98 22:41:18 -1708195.000000        0.676320
FIRE:   99 22:41:18 -1708194.750000        5.034893
FIRE:  100 22:41:18 -1708195.125000        3.439190
FIRE:  101 22:41:18 -1708194.125000        1.025168
FIRE:  102 22:41:18 -1708194.000000        1.351933
FIRE:  103 22:41:18 -1708193.500000        1.274171
FIRE:  104 22:41:18 -1708193.500000        1.122432
FIRE:  105 22:41:18 -1708194.125000        0.904622
FIRE:  106 22:41:18 -1708194.125000        0.634436
FIRE:  107 22:41:18 -1708193.500000        0.587493
FIRE:  108 22:41:19 -1708194.250000        0.595206
FIRE:  109 22:41:19 -1708193.500000        0.603994
FIRE:  110 22:41:19 -1708193.500000        0.614554
FIRE:  111 22:41:19 -1708194.750000        0.706463
FIRE:  112 22:41:19 -1708195.000000        0.730369
FIRE:  113 22:41:19 -1708194.625000        0.657297
FIRE:  114 22:41:19 -1708194.750000        0.677225
FIRE:  115 22:41:19 -1708195.500000        0.703053
FIRE:  116 22:41:19 -1708194.125000        0.738875
FIRE:  117 22:41:19 -1708193.625000        0.790269
FIRE:  118 22:41:19 -1708194.125000        0.856776
FIRE:  119 22:41:19 -1708194.125000        0.898389
FIRE:  120 22:41:19 -1708193.750000        0.861085
FIRE:  121 22:41:19 -1708193.750000        0.823364
FIRE:  122 22:41:20 -1708193.875000        0.850031
FIRE:  123 22:41:20 -1708194.375000        0.887661
FIRE:  124 22:41:20 -1708194.500000        0.914976
FIRE:  125 22:41:20 -1708194.125000        0.899682
FIRE:  126 22:41:20 -1708194.750000        0.869981
FIRE:  127 22:41:20 -1708194.500000        0.668813
FIRE:  128 22:41:20 -1708194.625000        0.547788
FIRE:  129 22:41:20 -1708194.750000        1.457200
FIRE:  130 22:41:20 -1708195.375000        1.188230
FIRE:  131 22:41:20 -1708195.250000        0.874647
FIRE:  132 22:41:20 -1708195.375000        1.219452
FIRE:  133 22:41:20 -1708194.875000        0.372144
FIRE:  134 22:41:20 -1708197.125000        0.801686
FIRE:  135 22:41:20 -1708197.000000        0.987242
FIRE:  136 22:41:21 -1708196.625000        0.482623
FIRE:  137 22:41:21 -1708195.375000        0.918339
FIRE:  138 22:41:21 -1708197.500000        0.633908
FIRE:  139 22:41:21 -1708197.500000        0.799983
FIRE:  140 22:41:21 -1708195.000000        0.465686
FIRE:  141 22:41:21 -1708195.125000        1.220236
FIRE:  142 22:41:21 -1708193.750000        0.780039
FIRE:  143 22:41:21 -1708195.250000        0.341489
FIRE:  144 22:41:21 -1708193.875000        0.331883
FIRE:  145 22:41:21 -1708195.375000        1.218935
FIRE:  146 22:41:21 -1708195.250000        4.090200
FIRE:  147 22:41:21 -1708195.500000        0.968116
FIRE:  148 22:41:21 -1708195.500000        0.685395
FIRE:  149 22:41:21 -1708195.500000        0.315834
FIRE:  150 22:41:22 -1708195.500000        0.376926
FIRE:  151 22:41:22 -1708195.625000        0.717590
FIRE:  152 22:41:22 -1708195.500000        0.742479
FIRE:  153 22:41:22 -1708195.500000        0.461005
FIRE:  154 22:41:22 -1708195.500000        0.174093
FIRE:  155 22:41:22 -1708195.500000        0.434407
FIRE:  156 22:41:22 -1708195.500000        0.556979
FIRE:  157 22:41:22 -1708195.500000        0.245343
FIRE:  158 22:41:22 -1708195.500000        0.341243
FIRE:  159 22:41:22 -1708195.500000        0.518661
FIRE:  160 22:41:22 -1708195.500000        0.129977
FIRE:  161 22:41:22 -1708195.500000        0.492854
FIRE:  162 22:41:22 -1708195.625000        0.124351
FIRE:  163 22:41:22 -1708195.625000        0.477207
FIRE:  164 22:41:23 -1708195.625000        0.502650
FIRE:  165 22:41:23 -1708195.625000        0.337906
FIRE:  166 22:41:23 -1708195.750000        0.339207
FIRE:  167 22:41:23 -1708200.750000        0.921583
FIRE:  168 22:41:23 -1708195.750000        2.829046
FIRE:  169 22:41:23 -1708195.750000        0.130790
FIRE:  170 22:41:23 -1708195.750000        2.943172
FIRE:  171 22:41:23 -1708195.750000        2.014239
FIRE:  172 22:41:23 -1708195.750000        0.546585
FIRE:  173 22:41:23 -1708195.750000        0.942980
FIRE:  174 22:41:23 -1708195.750000        0.882371
FIRE:  175 22:41:23 -1708195.750000        0.764450
FIRE:  176 22:41:23 -1708195.875000        0.596311
FIRE:  177 22:41:23 -1708195.875000        0.388805
FIRE:  178 22:41:23 -1708195.875000        0.159155
FIRE:  179 22:41:24 -1708195.875000        0.087114
FIRE:  180 22:41:24 -1708195.875000        0.276287
FIRE:  181 22:41:24 -1708195.875000        0.428811
FIRE:  182 22:41:24 -1708195.875000        0.510019
FIRE:  183 22:41:24 -1708195.875000        0.496229
FIRE:  184 22:41:24 -1708195.875000        0.372691
FIRE:  185 22:41:24 -1708195.875000        0.149457
FIRE:  186 22:41:24 -1708195.875000        0.141626
FIRE:  187 22:41:24 -1708196.000000        0.361803
FIRE:  188 22:41:24 -1708195.875000        0.413672
FIRE:  189 22:41:24 -1708195.875000        0.242792
FIRE:  190 22:41:24 -1708195.875000        0.104950
FIRE:  191 22:41:24 -1708195.875000        0.340267
FIRE:  192 22:41:24 -1708195.875000        0.212042
FIRE:  193 22:41:25 -1708194.500000        0.213935
FIRE:  194 22:41:25 -1708194.500000        0.309822
FIRE:  195 22:41:25 -1708194.500000        0.141314
FIRE:  196 22:41:25 -1708194.500000        0.220986
FIRE:  197 22:41:25 -1708194.500000        0.353446
FIRE:  198 22:41:25 -1708196.000000        0.155715
FIRE:  199 22:41:25 -1708194.625000        0.083764
FIRE:  200 22:41:25 -1708194.625000        0.240625
FIRE:  201 22:41:25 -1708194.625000        0.774378
FIRE:  202 22:41:25 -1708194.625000        2.405943
FIRE:  203 22:41:25 -1708194.750000        0.174904
FIRE:  204 22:41:25 -1708194.750000        0.135854
FIRE:  205 22:41:25 -1708194.750000        0.080379
FIRE:  206 22:41:25 -1708194.750000        0.079370
FIRE:  207 22:41:26 -1708194.750000        0.107811
FIRE:  208 22:41:26 -1708194.750000        0.134449
FIRE:  209 22:41:26 -1708194.750000        0.114853
FIRE:  210 22:41:26 -1708194.750000        0.082259
FIRE:  211 22:41:26 -1708194.750000        0.082677
FIRE:  212 22:41:26 -1708194.750000        0.089340
FIRE:  213 22:41:26 -1708194.750000        0.082050
FIRE:  214 22:41:26 -1708194.750000        0.080694
FIRE:  215 22:41:26 -1708194.750000        0.084499
FIRE:  216 22:41:26 -1708194.750000        0.080724
FIRE:  217 22:41:26 -1708194.750000        0.093713
FIRE:  218 22:41:26 -1708196.125000        0.082338
FIRE:  219 22:41:26 -1708194.750000        0.089881
FIRE:  220 22:41:26 -1708196.125000        0.088980
FIRE:  221 22:41:26 -1708196.250000        0.121923
FIRE:  222 22:41:27 -1708202.375000        0.215145
FIRE:  223 22:41:27 -1708202.375000        0.654028
FIRE:  224 22:41:27 -1708201.125000        2.064942
FIRE:  225 22:41:27 -1708202.375000        0.175163
FIRE:  226 22:41:27 -1708202.250000        0.140813
FIRE:  227 22:41:27 -1708201.750000        0.140240
FIRE:  228 22:41:27 -1708201.750000        0.139531
FIRE:  229 22:41:27 -1708201.250000        0.138798
FIRE:  230 22:41:27 -1708201.750000        0.138152
FIRE:  231 22:41:27 -1708201.375000        0.137614
FIRE:  232 22:41:27 -1708201.375000        0.137169
FIRE:  233 22:41:27 -1708201.625000        0.136627
FIRE:  234 22:41:27 -1708201.500000        0.135699
FIRE:  235 22:41:27 -1708201.875000        0.134035
FIRE:  236 22:41:28 -1708201.500000        0.131581
FIRE:  237 22:41:28 -1708201.875000        0.128840
FIRE:  238 22:41:28 -1708201.375000        0.126447
FIRE:  239 22:41:28 -1708201.375000        0.124056
FIRE:  240 22:41:28 -1708201.625000        0.120039
FIRE:  241 22:41:28 -1708202.500000        0.114561
FIRE:  242 22:41:28 -1708201.375000        0.109271
FIRE:  243 22:41:28 -1708196.375000        0.101346
FIRE:  244 22:41:28 -1708201.375000        0.092193
FIRE:  245 22:41:28 -1708196.500000        0.156713
FIRE:  246 22:41:28 -1708202.125000        0.648493
FIRE:  247 22:41:28 -1708196.625000        2.278711
FIRE:  248 22:41:28 -1708196.500000        0.108574
FIRE:  249 22:41:28 -1708196.500000        0.105451
FIRE:  250 22:41:28 -1708196.625000        0.105816
FIRE:  251 22:41:29 -1708196.750000        0.106259
FIRE:  252 22:41:29 -1708196.625000        0.106675
FIRE:  253 22:41:29 -1708196.625000        0.106965
FIRE:  254 22:41:29 -1708196.625000        0.107091
FIRE:  255 22:41:29 -1708196.625000        0.107086
FIRE:  256 22:41:29 -1708196.625000        0.107034
FIRE:  257 22:41:29 -1708196.625000        0.107060
FIRE:  258 22:41:29 -1708196.625000        0.107254
FIRE:  259 22:41:29 -1708196.625000        0.107540
FIRE:  260 22:41:29 -1708195.250000        0.107576
FIRE:  261 22:41:29 -1708196.625000        0.107279
FIRE:  262 22:41:29 -1708195.250000        0.106996
FIRE:  263 22:41:29 -1708195.250000        0.105809
FIRE:  264 22:41:29 -1708195.250000        0.109650
FIRE:  265 22:41:30 -1708196.625000        0.111995
FIRE:  266 22:41:30 -1708196.625000        0.121968
FIRE:  267 22:41:30 -1708197.250000        0.175869
FIRE:  268 22:41:30 -1708196.750000        0.541231
FIRE:  269 22:41:30 -1708196.750000        1.853977
FIRE:  270 22:41:30 -1708196.750000        0.128026
FIRE:  271 22:41:30 -1708196.750000        0.128241
FIRE:  272 22:41:30 -1708196.750000        0.128674
FIRE:  273 22:41:30 -1708196.750000        0.129305
FIRE:  274 22:41:30 -1708196.750000        0.130131
FIRE:  275 22:41:30 -1708196.750000        0.131140
FIRE:  276 22:41:30 -1708196.750000        0.132313
FIRE:  277 22:41:30 -1708196.750000        0.133650
FIRE:  278 22:41:30 -1708196.750000        0.135301
FIRE:  279 22:41:30 -1708197.250000        0.137300
FIRE:  280 22:41:31 -1708196.750000        0.139610
FIRE:  281 22:41:31 -1708196.875000        0.142194
FIRE:  282 22:41:31 -1708196.875000        0.144955
FIRE:  283 22:41:31 -1708196.875000        0.147805
FIRE:  284 22:41:31 -1708196.875000        0.150737
FIRE:  285 22:41:31 -1708196.875000        0.153920
FIRE:  286 22:41:31 -1708196.875000        0.157506
FIRE:  287 22:41:31 -1708196.875000        0.161489
FIRE:  288 22:41:31 -1708196.875000        0.166625
FIRE:  289 22:41:31 -1708197.125000        0.175822
FIRE:  290 22:41:31 -1708202.500000        0.191253
FIRE:  291 22:41:31 -1708203.000000        0.685115
FIRE:  292 22:41:31 -1708201.750000        2.322483
FIRE:  293 22:41:31 -1708198.750000        0.234073
FIRE:  294 22:41:31 -1708202.625000        2.428531
FIRE:  295 22:41:32 -1708201.875000        1.682519
FIRE:  296 22:41:32 -1708201.875000        0.488991
FIRE:  297 22:41:32 -1708202.000000        0.728938
FIRE:  298 22:41:32 -1708202.000000        0.680521
FIRE:  299 22:41:32 -1708202.375000        0.586533
FIRE:  300 22:41:32 -1708202.500000        0.453078
FIRE:  301 22:41:32 -1708201.875000        0.289572
FIRE:  302 22:41:32 -1708202.250000        0.234231
FIRE:  303 22:41:32 -1708201.875000        0.234421
FIRE:  304 22:41:32 -1708201.750000        0.234661
FIRE:  305 22:41:32 -1708202.625000        0.347688
FIRE:  306 22:41:32 -1708202.750000        0.412723
FIRE:  307 22:41:32 -1708203.125000        0.399291
FIRE:  308 22:41:32 -1708202.750000        0.294962
FIRE:  309 22:41:33 -1708202.125000        0.237533
FIRE:  310 22:41:33 -1708201.875000        0.238682
FIRE:  311 22:41:33 -1708202.125000        0.280637
FIRE:  312 22:41:33 -1708202.375000        0.299720
FIRE:  313 22:41:33 -1708202.625000        0.244447
FIRE:  314 22:41:33 -1708202.375000        0.247645
FIRE:  315 22:41:33 -1708202.125000        0.291815
FIRE:  316 22:41:33 -1708202.500000        0.257562
FIRE:  317 22:41:33 -1708202.500000        0.263672
FIRE:  318 22:41:33 -1708203.375000        0.271743
FIRE:  319 22:41:33 -1708202.000000        0.282379
FIRE:  320 22:41:33 -1708202.625000        0.296387
FIRE:  321 22:41:33 -1708203.000000        0.314467
FIRE:  322 22:41:33 -1708203.000000        0.338340
FIRE:  323 22:41:33 -1708202.500000        0.369225
FIRE:  324 22:41:34 -1708202.500000        0.489368
FIRE:  325 22:41:34 -1708202.625000        1.321454
FIRE:  326 22:41:34 -1708203.500000        4.862593
FIRE:  327 22:41:34 -1708202.750000        1.175889
FIRE:  328 22:41:34 -1708202.625000        0.859123
FIRE:  329 22:41:34 -1708203.375000        0.409696
FIRE:  330 22:41:34 -1708203.500000        0.407003
FIRE:  331 22:41:34 -1708203.125000        0.826529
FIRE:  332 22:41:34 -1708202.875000        0.943052
FIRE:  333 22:41:34 -1708203.125000        0.691655
FIRE:  334 22:41:34 -1708203.125000        0.401844
FIRE:  335 22:41:34 -1708203.125000        0.402180
FIRE:  336 22:41:34 -1708203.125000        0.692315
FIRE:  337 22:41:34 -1708203.125000        0.491033
FIRE:  338 22:41:34 -1708203.375000        0.400873
FIRE:  339 22:41:35 -1708203.625000        0.664548
FIRE:  340 22:41:35 -1708203.250000        0.393190
FIRE:  341 22:41:35 -1708203.500000        0.551547
FIRE:  342 22:41:35 -1708203.625000        0.363602
FIRE:  343 22:41:35 -1708203.125000        0.768519
FIRE:  344 22:41:35 -1708203.000000        0.388710
FIRE:  345 22:41:35 -1708203.625000        0.173484
FIRE:  346 22:41:35 -1708204.250000        0.477178
FIRE:  347 22:41:35 -1708203.000000        1.570573
FIRE:  348 22:41:35 -1708202.750000        4.563986
FIRE:  349 22:41:35 -1708204.000000        0.610087
FIRE:  350 22:41:35 -1708203.625000        0.460711
FIRE:  351 22:41:35 -1708204.000000        0.291952
FIRE:  352 22:41:35 -1708204.125000        0.277219
FIRE:  353 22:41:35 -1708203.125000        0.354038
FIRE:  354 22:41:36 -1708203.625000        0.444973
FIRE:  355 22:41:36 -1708203.000000        0.363712
FIRE:  356 22:41:36 -1708203.625000        0.193449
FIRE:  357 22:41:36 -1708202.875000        0.171381
FIRE:  358 22:41:36 -1708203.625000        0.339084
FIRE:  359 22:41:36 -1708203.625000        0.289437
FIRE:  360 22:41:36 -1708203.875000        0.102449
FIRE:  361 22:41:36 -1708203.250000        0.316777
FIRE:  362 22:41:36 -1708203.625000        0.210533
FIRE:  363 22:41:36 -1708203.625000        0.220880
FIRE:  364 22:41:36 -1708203.375000        0.183319
FIRE:  365 22:41:36 -1708203.625000        0.329517
FIRE:  366 22:41:36 -1708204.125000        0.103048
FIRE:  367 22:41:36 -1708203.250000        0.256381
FIRE:  368 22:41:37 -1708203.500000        0.563414
FIRE:  369 22:41:37 -1708204.250000        0.892525
FIRE:  370 22:41:37 -1708202.250000        1.779790
FIRE:  371 22:41:37 -1708202.500000        0.105368
FIRE:  372 22:41:37 -1708202.250000        1.421971
FIRE:  373 22:41:37 -1708202.250000        1.120043
FIRE:  374 22:41:37 -1708202.125000        0.566246
FIRE:  375 22:41:37 -1708201.500000        0.136455
FIRE:  376 22:41:37 -1708202.000000        0.129406
FIRE:  377 22:41:37 -1708201.500000        0.115799
FIRE:  378 22:41:37 -1708202.250000        0.102947
FIRE:  379 22:41:37 -1708202.250000        0.102827
FIRE:  380 22:41:37 -1708202.250000        0.102678
FIRE:  381 22:41:37 -1708201.625000        0.102495
FIRE:  382 22:41:37 -1708201.875000        0.102288
FIRE:  383 22:41:38 -1708204.250000        0.102021
FIRE:  384 22:41:38 -1708204.000000        0.101691
FIRE:  385 22:41:38 -1708204.125000        0.101292
FIRE:  386 22:41:38 -1708204.125000        0.100802
FIRE:  387 22:41:38 -1708204.125000        0.100209
FIRE:  388 22:41:38 -1708204.375000        0.099497
FIRE:  389 22:41:38 -1708203.500000        0.098658
FIRE:  390 22:41:38 -1708204.250000        0.097679
FIRE:  391 22:41:38 -1708204.250000        0.096550
FIRE:  392 22:41:38 -1708204.125000        0.095282
FIRE:  393 22:41:38 -1708204.125000        0.093899
FIRE:  394 22:41:38 -1708204.250000        0.092443
FIRE:  395 22:41:38 -1708204.250000        0.091003
FIRE:  396 22:41:38 -1708204.125000        0.089647
FIRE:  397 22:41:38 -1708204.125000        0.085120
FIRE:  398 22:41:39 -1708203.500000        0.082641
FIRE:  399 22:41:39 -1708204.125000        0.082039
FIRE:  400 22:41:39 -1708204.250000        0.081282
FIRE:  401 22:41:39 -1708204.625000        0.080288
FIRE:  402 22:41:39 -1708197.250000        0.131703
FIRE:  403 22:41:39 -1708199.000000        0.383440
FIRE:  404 22:41:39 -1708197.375000        1.252886
FIRE:  405 22:41:39 -1708199.250000        3.444573
FIRE:  406 22:41:39 -1708199.375000        0.114366
FIRE:  407 22:41:39 -1708199.500000        0.105576
FIRE:  408 22:41:39 -1708202.500000        0.094452
FIRE:  409 22:41:39 -1708199.250000        0.089344
FIRE:  410 22:41:39 -1708199.375000        0.090416
FIRE:  411 22:41:39 -1708199.375000        0.090611
FIRE:  412 22:41:39 -1708199.375000        0.087905
FIRE:  413 22:41:40 -1708199.375000        0.087996
FIRE:  414 22:41:40 -1708199.375000        0.094420
FIRE:  415 22:41:40 -1708199.250000        0.098203
FIRE:  416 22:41:40 -1708199.375000        0.090287
FIRE:  417 22:41:40 -1708199.375000        0.082953
FIRE:  418 22:41:40 -1708197.375000        0.082040
FIRE:  419 22:41:40 -1708202.250000        0.080438
FIRE:  420 22:41:40 -1708199.375000        0.087378
FIRE:  421 22:41:40 -1708199.375000        0.076256
FIRE:  422 22:41:40 -1708199.375000        0.075368
FIRE:  423 22:41:40 -1708199.500000        0.081826
FIRE:  424 22:41:40 -1708202.625000        0.089849
FIRE:  425 22:41:40 -1708199.125000        0.195787
FIRE:  426 22:41:40 -1708202.500000        0.573891
FIRE:  427 22:41:40 -1708199.500000        1.670994
FIRE:  428 22:41:41 -1708199.625000        0.139339
FIRE:  429 22:41:41 -1708199.500000        0.104791
FIRE:  430 22:41:41 -1708202.625000        0.062069
FIRE:  431 22:41:41 -1708199.500000        0.062055
FIRE:  432 22:41:41 -1708199.500000        0.078844
FIRE:  433 22:41:41 -1708199.125000        0.096210
FIRE:  434 22:41:41 -1708197.500000        0.075180
FIRE:  435 22:41:41 -1708202.625000        0.061999
FIRE:  436 22:41:41 -1708199.500000        0.061983
FIRE:  437 22:41:41 -1708199.000000        0.081340
FIRE:  438 22:41:41 -1708199.375000        0.064455
FIRE:  439 22:41:41 -1708199.625000        0.061896
FIRE:  440 22:41:41 -1708199.500000        0.070178
FIRE:  441 22:41:41 -1708199.500000        0.061895
FIRE:  442 22:41:42 -1708199.625000        0.064503
FIRE:  443 22:41:42 -1708199.500000        0.061917
FIRE:  444 22:41:42 -1708199.625000        0.072522
FIRE:  445 22:41:42 -1708199.500000        0.061309
FIRE:  446 22:41:42 -1708199.000000        0.060441
FIRE:  447 22:41:42 -1708199.625000        0.059046
FIRE:  448 22:41:42 -1708199.625000        0.119818
FIRE:  449 22:41:42 -1708202.125000        0.460304
FIRE:  450 22:41:42 -1708199.625000        1.626868
FIRE:  451 22:41:42 -1708199.625000        0.119492
FIRE:  452 22:41:42 -1708199.500000        0.086566
FIRE:  453 22:41:42 -1708199.625000        0.053488
FIRE:  454 22:41:42 -1708199.750000        0.053594
FIRE:  455 22:41:42 -1708199.250000        0.080037
FIRE:  456 22:41:42 -1708199.625000        0.089245
FIRE:  457 22:41:43 -1708199.625000        0.064001
FIRE:  458 22:41:43 -1708202.750000        0.054195
FIRE:  459 22:41:43 -1708199.875000        0.054390
FIRE:  460 22:41:43 -1708199.625000        0.065781
FIRE:  461 22:41:43 -1708199.625000        0.054855
FIRE:  462 22:41:43 -1708199.625000        0.055107
FIRE:  463 22:41:43 -1708199.625000        0.065914
FIRE:  464 22:41:43 -1708199.500000        0.055488
FIRE:  465 22:41:43 -1708199.500000        0.057253
FIRE:  466 22:41:43 -1708197.625000        0.055506
FIRE:  467 22:41:43 -1708197.625000        0.055499
FIRE:  468 22:41:43 -1708197.625000        0.075729
FIRE:  469 22:41:43 -1708199.625000        0.110246
FIRE:  470 22:41:43 -1708199.750000        0.196765
FIRE:  471 22:41:43 -1708197.625000        0.526397
FIRE:  472 22:41:44 -1708202.375000        1.459600
FIRE:  473 22:41:44 -1708199.750000        0.090295
FIRE:  474 22:41:44 -1708199.875000        0.069926
FIRE:  475 22:41:44 -1708199.750000        0.053076
FIRE:  476 22:41:44 -1708202.750000        0.053069
FIRE:  477 22:41:44 -1708199.750000        0.053052
FIRE:  478 22:41:44 -1708199.750000        0.057175
FIRE:  479 22:41:44 -1708202.750000        0.053030
FIRE:  480 22:41:44 -1708199.625000        0.053020
FIRE:  481 22:41:44 -1708199.750000        0.053015
FIRE:  482 22:41:44 -1708197.750000        0.054145
FIRE:  483 22:41:44 -1708197.750000        0.053005
FIRE:  484 22:41:44 -1708197.750000        0.053007
FIRE:  485 22:41:44 -1708197.750000        0.053024
FIRE:  486 22:41:44 -1708197.750000        0.053064
FIRE:  487 22:41:45 -1708197.750000        0.053118
FIRE:  488 22:41:45 -1708197.750000        0.053161
FIRE:  489 22:41:45 -1708197.750000        0.053179
FIRE:  490 22:41:45 -1708197.750000        0.053167
FIRE:  491 22:41:45 -1708197.750000        0.053115
FIRE:  492 22:41:45 -1708199.750000        0.053056
FIRE:  493 22:41:45 -1708199.625000        0.123956
FIRE:  494 22:41:45 -1708202.750000        0.432086
FIRE:  495 22:41:45 -1708199.750000        1.508506
FIRE:  496 22:41:45 -1708199.750000        0.078388
FIRE:  497 22:41:45 -1708199.375000        0.057582
FIRE:  498 22:41:45 -1708202.375000        0.053720
FIRE:  499 22:41:45 -1708199.750000        0.053712
FIRE:  500 22:41:45 -1708197.750000        0.057807
FIRE:  501 22:41:46 -1708199.500000        0.064780
FIRE:  502 22:41:46 -1708202.875000        0.053667
FIRE:  503 22:41:46 -1708199.750000        0.053647
FIRE:  504 22:41:46 -1708202.875000        0.053624
FIRE:  505 22:41:46 -1708202.875000        0.053609
FIRE:  506 22:41:46 -1708199.750000        0.053611
FIRE:  507 22:41:46 -1708197.750000        0.053626
FIRE:  508 22:41:46 -1708199.750000        0.053657
FIRE:  509 22:41:46 -1708197.750000        0.053707
FIRE:  510 22:41:46 -1708197.875000        0.053780
FIRE:  511 22:41:46 -1708199.500000        0.053890
FIRE:  512 22:41:46 -1708199.500000        0.054026
FIRE:  513 22:41:46 -1708197.875000        0.054176
FIRE:  514 22:41:46 -1708199.500000        0.073594
FIRE:  515 22:41:46 -1708199.875000        0.119030
FIRE:  516 22:41:46 -1708199.500000        0.369698
FIRE:  517 22:41:46 -1708197.875000        1.143754
FIRE:  518 22:41:46 -1708199.500000        0.055928
FIRE:  519 22:41:47 -1708197.875000        0.991366
FIRE:  520 22:41:47 -1708197.875000        0.759113
FIRE:  521 22:41:47 -1708199.500000        0.342118
FIRE:  522 22:41:47 -1708199.500000        0.165954
FIRE:  523 22:41:47 -1708202.875000        0.155264
FIRE:  524 22:41:47 -1708201.375000        0.134627
FIRE:  525 22:41:47 -1708197.875000        0.105641
FIRE:  526 22:41:47 -1708199.500000        0.071059
FIRE:  527 22:41:47 -1708199.500000        0.056003
FIRE:  528 22:41:47 -1708199.500000        0.056016
FIRE:  529 22:41:47 -1708199.500000        0.056025
FIRE:  530 22:41:47 -1708197.875000        0.074955
FIRE:  531 22:41:47 -1708199.500000        0.093488
FIRE:  532 22:41:47 -1708199.500000        0.096943
FIRE:  533 22:41:47 -1708199.500000        0.081433
FIRE:  534 22:41:47 -1708199.500000        0.056119
FIRE:  535 22:41:47 -1708199.500000        0.056148
FIRE:  536 22:41:47 -1708199.500000        0.057632
FIRE:  537 22:41:48 -1708197.875000        0.068641
FIRE:  538 22:41:48 -1708199.500000        0.056305
FIRE:  539 22:41:48 -1708199.500000        0.056392
FIRE:  540 22:41:48 -1708199.500000        0.070258
FIRE:  541 22:41:48 -1708199.500000        0.056625
FIRE:  542 22:41:48 -1708197.875000        0.056688
FIRE:  543 22:41:48 -1708199.500000        0.057423
FIRE:  544 22:41:48 -1708199.500000        0.056770
FIRE:  545 22:41:48 -1708199.500000        0.058326
FIRE:  546 22:41:48 -1708199.500000        0.062883
FIRE:  547 22:41:48 -1708197.875000        0.056682
FIRE:  548 22:41:48 -1708199.500000        0.056516
FIRE:  549 22:41:48 -1708199.625000        0.056222
FIRE:  550 22:41:48 -1708198.000000        0.056193
FIRE:  551 22:41:48 -1708199.625000        0.056277
FIRE:  552 22:41:48 -1708199.625000        0.126855
FIRE:  553 22:41:48 -1708201.625000        0.890021
FIRE:  554 22:41:48 -1708204.000000        4.885518
FIRE:  555 22:41:49 -1708204.375000        3.362280
FIRE:  556 22:41:49 -1708204.500000        1.625434
FIRE:  557 22:41:49 -1708203.625000        0.690297
FIRE:  558 22:41:49 -1708203.750000        0.615769
FIRE:  559 22:41:49 -1708204.875000        0.474125
FIRE:  560 22:41:49 -1708204.500000        0.280760
FIRE:  561 22:41:49 -1708198.125000        0.079037
FIRE:  562 22:41:49 -1708198.125000        0.174088
FIRE:  563 22:41:49 -1708199.750000        0.169061
FIRE:  564 22:41:49 -1708199.750000        0.159354
FIRE:  565 22:41:49 -1708199.750000        0.145230
FIRE:  566 22:41:49 -1708198.125000        0.127097
FIRE:  567 22:41:49 -1708199.750000        0.105789
FIRE:  568 22:41:49 -1708202.500000        0.082356
FIRE:  569 22:41:49 -1708199.750000        0.058055
FIRE:  570 22:41:49 -1708199.750000        0.057963
FIRE:  571 22:41:49 -1708199.750000        0.057895
FIRE:  572 22:41:49 -1708198.125000        0.057823
FIRE:  573 22:41:50 -1708199.750000        0.066673
FIRE:  574 22:41:50 -1708199.625000        0.084824
FIRE:  575 22:41:50 -1708198.125000        0.091959
FIRE:  576 22:41:50 -1708199.750000        0.084328
FIRE:  577 22:41:50 -1708199.625000        0.061003
FIRE:  578 22:41:50 -1708202.000000        0.057480
FIRE:  579 22:41:50 -1708199.750000        0.057397
FIRE:  580 22:41:50 -1708199.750000        0.075823
FIRE:  581 22:41:50 -1708199.750000        0.071835
FIRE:  582 22:41:50 -1708202.000000        0.056656
FIRE:  583 22:41:50 -1708199.750000        0.056317
FIRE:  584 22:41:50 -1708199.750000        0.073162
FIRE:  585 22:41:50 -1708199.750000        0.056189
FIRE:  586 22:41:50 -1708199.750000        0.056612
FIRE:  587 22:41:50 -1708202.500000        0.057106
FIRE:  588 22:41:50 -1708198.125000        0.057650
FIRE:  589 22:41:50 -1708198.125000        0.058204
FIRE:  590 22:41:50 -1708199.750000        0.063363
FIRE:  591 22:41:51 -1708199.750000        0.059345
FIRE:  592 22:41:51 -1708199.750000        0.060563
FIRE:  593 22:41:51 -1708198.125000        0.063135
FIRE:  594 22:41:51 -1708200.125000        0.066865
FIRE:  595 22:41:51 -1708205.625000        0.148312
FIRE:  596 22:41:51 -1708199.625000        0.709321
FIRE:  597 22:41:51 -1708205.625000        3.145381
FIRE:  598 22:41:51 -1708205.125000        1.193523
FIRE:  599 22:41:51 -1708205.750000        0.725082
FIRE:  600 22:41:51 -1708205.750000        0.096220
FIRE:  601 22:41:51 -1708205.750000        0.639538
FIRE:  602 22:41:51 -1708204.625000        0.583575
FIRE:  603 22:41:51 -1708204.625000        0.476136
FIRE:  604 22:41:51 -1708204.625000        0.326491
FIRE:  605 22:41:51 -1708204.750000        0.148872
FIRE:  606 22:41:52 -1708204.500000        0.089070
FIRE:  607 22:41:52 -1708205.750000        0.195751
FIRE:  608 22:41:52 -1708204.625000        0.190867
FIRE:  609 22:41:52 -1708204.625000        0.181227
FIRE:  610 22:41:52 -1708204.625000        0.167035
FIRE:  611 22:41:52 -1708205.125000        0.148888
FIRE:  612 22:41:52 -1708205.250000        0.127180
FIRE:  613 22:41:52 -1708204.625000        0.103399
FIRE:  614 22:41:52 -1708204.625000        0.088349
FIRE:  615 22:41:52 -1708204.625000        0.088182
FIRE:  616 22:41:52 -1708204.625000        0.087968
FIRE:  617 22:41:52 -1708205.250000        0.087719
FIRE:  618 22:41:52 -1708204.625000        0.087427
FIRE:  619 22:41:52 -1708205.625000        0.089667
FIRE:  620 22:41:52 -1708205.750000        0.108945
FIRE:  621 22:41:53 -1708205.750000        0.114132
FIRE:  622 22:41:53 -1708205.750000        0.101706
FIRE:  623 22:41:53 -1708205.750000        0.085195
FIRE:  624 22:41:53 -1708205.750000        0.084504
FIRE:  625 22:41:53 -1708205.750000        0.083666
FIRE:  626 22:41:53 -1708199.625000        0.082620
FIRE:  627 22:41:53 -1708199.750000        0.081323
FIRE:  628 22:41:53 -1708199.625000        0.079785
FIRE:  629 22:41:53 -1708205.125000        0.078131
FIRE:  630 22:41:53 -1708204.625000        0.088619
FIRE:  631 22:41:53 -1708204.750000        0.075666
FIRE:  632 22:41:53 -1708205.750000        0.075240
FIRE:  633 22:41:53 -1708204.500000        0.075506
FIRE:  634 22:41:53 -1708204.625000        0.076923
FIRE:  635 22:41:53 -1708205.625000        0.080438
FIRE:  636 22:41:53 -1708205.750000        0.086372
FIRE:  637 22:41:53 -1708204.625000        0.093599
FIRE:  638 22:41:53 -1708204.625000        0.101742
FIRE:  639 22:41:54 -1708205.750000        0.111095
FIRE:  640 22:41:54 -1708201.375000        0.180772
FIRE:  641 22:41:54 -1708199.750000        0.578131
FIRE:  642 22:41:54 -1708199.750000        1.754713
FIRE:  643 22:41:54 -1708199.875000        0.238841
FIRE:  644 22:41:54 -1708199.875000        0.171230
FIRE:  645 22:41:54 -1708199.875000        0.130802
FIRE:  646 22:41:54 -1708199.875000        0.129951
FIRE:  647 22:41:54 -1708199.875000        0.184912
FIRE:  648 22:41:54 -1708199.875000        0.193585
FIRE:  649 22:41:54 -1708199.875000        0.133389
FIRE:  650 22:41:54 -1708199.875000        0.128445
FIRE:  651 22:41:54 -1708199.875000        0.127908
FIRE:  652 22:41:54 -1708199.875000        0.139608
FIRE:  653 22:41:54 -1708198.500000        0.124875
FIRE:  654 22:41:54 -1708201.500000        0.123222
FIRE:  655 22:41:55 -1708199.875000        0.134027
FIRE:  656 22:41:55 -1708199.875000        0.123239
FIRE:  657 22:41:55 -1708200.000000        0.133231
FIRE:  658 22:41:55 -1708200.250000        0.116824
FIRE:  659 22:41:55 -1708200.000000        0.124267
FIRE:  660 22:41:55 -1708199.875000        0.148931
FIRE:  661 22:41:55 -1708200.000000        0.231077
FIRE:  662 22:41:55 -1708198.625000        0.395799
FIRE:  663 22:41:55 -1708200.000000        1.055265
FIRE:  664 22:41:55 -1708200.000000        3.033232
FIRE:  665 22:41:55 -1708200.000000        0.525534
FIRE:  666 22:41:55 -1708200.000000        0.391741
FIRE:  667 22:41:55 -1708200.000000        0.159421
FIRE:  668 22:41:55 -1708200.000000        0.112659
FIRE:  669 22:41:55 -1708200.000000        0.302160
FIRE:  670 22:41:55 -1708200.000000        0.358370
FIRE:  671 22:41:56 -1708200.000000        0.270934
FIRE:  672 22:41:56 -1708200.000000        0.119320
FIRE:  673 22:41:56 -1708200.000000        0.165243
FIRE:  674 22:41:56 -1708200.000000        0.310743
FIRE:  675 22:41:56 -1708200.000000        0.252198
FIRE:  676 22:41:56 -1708200.000000        0.087899
FIRE:  677 22:41:56 -1708200.000000        0.241777
FIRE:  678 22:41:56 -1708200.125000        0.129787
FIRE:  679 22:41:56 -1708200.125000        0.228365
FIRE:  680 22:41:56 -1708200.250000        0.169275
FIRE:  681 22:41:56 -1708200.125000        0.262205
FIRE:  682 22:41:56 -1708200.250000        0.100247
FIRE:  683 22:41:56 -1708200.125000        0.157223
FIRE:  684 22:41:56 -1708200.125000        0.406736
FIRE:  685 22:41:57 -1708200.125000        0.954378
FIRE:  686 22:41:57 -1708200.125000        2.183302
FIRE:  687 22:41:57 -1708200.250000        0.111741
FIRE:  688 22:41:57 -1708200.250000        0.089874
FIRE:  689 22:41:57 -1708200.250000        0.078803
FIRE:  690 22:41:57 -1708205.250000        0.078692
FIRE:  691 22:41:57 -1708206.000000        0.078543
FIRE:  692 22:41:57 -1708205.250000        0.084011
FIRE:  693 22:41:57 -1708205.375000        0.079993
FIRE:  694 22:41:57 -1708205.250000        0.077919
FIRE:  695 22:41:57 -1708200.250000        0.077629
FIRE:  696 22:41:57 -1708200.250000        0.077329
FIRE:  697 22:41:57 -1708200.250000        0.076977
FIRE:  698 22:41:57 -1708200.250000        0.076593
FIRE:  699 22:41:58 -1708200.250000        0.076168
FIRE:  700 22:41:58 -1708200.250000        0.075704
FIRE:  701 22:41:58 -1708200.250000        0.075186
FIRE:  702 22:41:58 -1708200.250000        0.074616
FIRE:  703 22:41:58 -1708200.250000        0.073948
FIRE:  704 22:41:58 -1708200.250000        0.073108
FIRE:  705 22:41:58 -1708200.250000        0.072071
FIRE:  706 22:41:58 -1708198.875000        0.079959
FIRE:  707 22:41:58 -1708200.250000        0.220315
FIRE:  708 22:41:58 -1708198.875000        0.695613
FIRE:  709 22:41:58 -1708205.500000        2.087519
FIRE:  710 22:41:58 -1708205.125000        0.065976
FIRE:  711 22:41:58 -1708206.375000        2.106230
FIRE:  712 22:41:58 -1708205.875000        1.480569
FIRE:  713 22:41:59 -1708205.625000        0.462933
FIRE:  714 22:41:59 -1708205.375000        0.612164
FIRE:  715 22:41:59 -1708205.625000        0.573290
FIRE:  716 22:41:59 -1708206.125000        0.497848
FIRE:  717 22:41:59 -1708206.375000        0.390468
FIRE:  718 22:41:59 -1708205.500000        0.258127
FIRE:  719 22:41:59 -1708206.125000        0.111306
FIRE:  720 22:41:59 -1708206.375000        0.065330
FIRE:  721 22:41:59 -1708205.250000        0.165591
FIRE:  722 22:41:59 -1708206.500000        0.265963
FIRE:  723 22:41:59 -1708205.750000        0.322661
FIRE:  724 22:41:59 -1708205.625000        0.320640
FIRE:  725 22:41:59 -1708205.625000        0.249574
FIRE:  726 22:41:59 -1708206.125000        0.113780
FIRE:  727 22:42:00 -1708205.375000        0.070571
FIRE:  728 22:42:00 -1708205.750000        0.221170
FIRE:  729 22:42:00 -1708205.500000        0.270131
FIRE:  730 22:42:00 -1708206.125000        0.176327
FIRE:  731 22:42:00 -1708206.375000        0.064038
FIRE:  732 22:42:00 -1708206.125000        0.209332
FIRE:  733 22:42:00 -1708205.625000        0.156569
FIRE:  734 22:42:00 -1708206.375000        0.108349
FIRE:  735 22:42:00 -1708206.375000        0.212129
FIRE:  736 22:42:00 -1708205.875000        0.064470
FIRE:  737 22:42:00 -1708206.375000        0.173306
FIRE:  738 22:42:00 -1708205.250000        0.190362
FIRE:  739 22:42:00 -1708205.000000        0.061642
FIRE:  740 22:42:01 -1708205.375000        0.083750
FIRE:  741 22:42:01 -1708205.375000        0.328119
FIRE:  742 22:42:01 -1708200.750000        0.938775
FIRE:  743 22:42:01 -1708203.625000        2.521337
FIRE:  744 22:42:01 -1708199.125000        0.061831
FIRE:  745 22:42:01 -1708199.125000        0.061662
FIRE:  746 22:42:01 -1708202.750000        0.061609
FIRE:  747 22:42:01 -1708203.625000        0.061533
FIRE:  748 22:42:01 -1708199.125000        0.061441
FIRE:  749 22:42:01 -1708202.625000        0.061335
FIRE:  750 22:42:01 -1708202.750000        0.061217
FIRE:  751 22:42:01 -1708202.625000        0.061104
FIRE:  752 22:42:01 -1708202.500000        0.060964
FIRE:  753 22:42:01 -1708202.750000        0.060811
FIRE:  754 22:42:02 -1708202.250000        0.060641
FIRE:  755 22:42:02 -1708202.625000        0.060476
FIRE:  756 22:42:02 -1708202.750000        0.060339
FIRE:  757 22:42:02 -1708202.750000        0.060260
FIRE:  758 22:42:02 -1708203.000000        0.060251
FIRE:  759 22:42:02 -1708199.125000        0.060312
FIRE:  760 22:42:02 -1708199.125000        0.060473
FIRE:  761 22:42:02 -1708202.500000        0.060794
FIRE:  762 22:42:02 -1708202.625000        0.061241
FIRE:  763 22:42:02 -1708202.750000        0.100047
FIRE:  764 22:42:02 -1708202.750000        0.336961
FIRE:  765 22:42:02 -1708200.750000        1.116924
FIRE:  766 22:42:02 -1708200.875000        0.059014
FIRE:  767 22:42:02 -1708202.750000        0.966940
FIRE:  768 22:42:03 -1708199.250000        0.738545
FIRE:  769 22:42:03 -1708202.750000        0.329022
FIRE:  770 22:42:03 -1708202.750000        0.166916
FIRE:  771 22:42:03 -1708202.750000        0.156111
FIRE:  772 22:42:03 -1708200.875000        0.135346
FIRE:  773 22:42:03 -1708202.750000        0.106051
FIRE:  774 22:42:03 -1708199.250000        0.070601
FIRE:  775 22:42:03 -1708202.750000        0.058390
FIRE:  776 22:42:03 -1708199.250000        0.058347
FIRE:  777 22:42:03 -1708202.750000        0.058304
FIRE:  778 22:42:03 -1708200.875000        0.070699
FIRE:  779 22:42:03 -1708202.875000        0.089485
FIRE:  780 22:42:03 -1708203.750000        0.092813
FIRE:  781 22:42:03 -1708202.875000        0.076790
FIRE:  782 22:42:03 -1708199.250000        0.057815
FIRE:  783 22:42:03 -1708202.625000        0.057644
FIRE:  784 22:42:04 -1708202.500000        0.057454
FIRE:  785 22:42:04 -1708203.625000        0.065117
FIRE:  786 22:42:04 -1708199.250000        0.056998
FIRE:  787 22:42:04 -1708203.125000        0.056731
FIRE:  788 22:42:04 -1708203.375000        0.065301
FIRE:  789 22:42:04 -1708202.750000        0.056159
FIRE:  790 22:42:04 -1708202.750000        0.055882
FIRE:  791 22:42:04 -1708203.000000        0.055621
FIRE:  792 22:42:04 -1708199.250000        0.055357
FIRE:  793 22:42:04 -1708202.875000        0.055107
FIRE:  794 22:42:04 -1708202.750000        0.059565
FIRE:  795 22:42:04 -1708203.625000        0.054404
FIRE:  796 22:42:04 -1708200.875000        0.053693
FIRE:  797 22:42:04 -1708202.875000        0.052519
FIRE:  798 22:42:04 -1708199.250000        0.084690
FIRE:  799 22:42:04 -1708206.125000        0.415929
FIRE:  800 22:42:04 -1708205.625000        1.825688
FIRE:  801 22:42:04 -1708206.875000        0.544348
FIRE:  802 22:42:05 -1708203.125000        0.380697
FIRE:  803 22:42:05 -1708206.875000        0.100475
FIRE:  804 22:42:05 -1708205.750000        0.200666
FIRE:  805 22:42:05 -1708206.250000        0.184460
FIRE:  806 22:42:05 -1708206.875000        0.153528
FIRE:  807 22:42:05 -1708206.875000        0.110563
FIRE:  808 22:42:05 -1708206.875000        0.059922
FIRE:  809 22:42:05 -1708205.875000        0.045904
