      Step     Time          Energy          fmax
FIRE:    0 22:40:36 -1683862.625000        8.245542
FIRE:    1 22:40:37 -1683863.000000        4.982531
FIRE:    2 22:40:39 -1683862.875000        4.762776
FIRE:    3 22:40:39 -1683866.500000        3.964093
FIRE:    4 22:40:39 -1683867.500000        4.774414
FIRE:    5 22:40:39 -1683868.750000        2.774350
FIRE:    6 22:40:39 -1683869.375000        2.758078
FIRE:    7 22:40:39 -1683869.875000        2.957071
FIRE:    8 22:40:39 -1683867.750000        2.288617
FIRE:    9 22:40:41 -1683870.125000        2.671832
FIRE:   10 22:40:41 -1683866.750000        2.086925
FIRE:   11 22:40:41 -1683868.500000        2.414242
FIRE:   12 22:40:41 -1683871.125000        2.977374
FIRE:   13 22:40:41 -1683870.625000        2.509345
FIRE:   14 22:40:41 -1683871.750000        1.535938
FIRE:   15 22:40:41 -1683873.375000        1.759147
FIRE:   16 22:40:41 -1683873.625000        1.776386
FIRE:   17 22:40:41 -1683873.750000        1.471240
FIRE:   18 22:40:41 -1683871.875000        1.571468
FIRE:   19 22:40:41 -1683874.125000        1.532370
FIRE:   20 22:40:41 -1683873.750000        1.139830
FIRE:   21 22:40:41 -1683873.875000        1.003110
FIRE:   22 22:40:41 -1683871.750000        1.272641
FIRE:   23 22:40:42 -1683873.500000        1.314651
FIRE:   24 22:40:42 -1683875.500000        1.155372
FIRE:   25 22:40:42 -1683874.875000        1.048948
FIRE:   26 22:40:42 -1683873.500000        1.231025
FIRE:   27 22:40:42 -1683874.000000        2.070803
FIRE:   28 22:40:42 -1683871.625000       24.821792
FIRE:   29 22:40:42 -1683873.625000        5.483868
FIRE:   30 22:40:42 -1683873.750000        1.274534
FIRE:   31 22:40:42 -1683874.250000        6.798009
FIRE:   32 22:40:42 -1683874.125000        4.424905
FIRE:   33 22:40:42 -1683873.875000        1.072397
FIRE:   34 22:40:42 -1683874.375000        1.912114
FIRE:   35 22:40:42 -1683873.750000        1.799334
FIRE:   36 22:40:42 -1683873.750000        1.577630
FIRE:   37 22:40:42 -1683873.750000        1.255265
FIRE:   38 22:40:43 -1683873.750000        0.879607
FIRE:   39 22:40:43 -1683875.125000        0.519354
FIRE:   40 22:40:43 -1683874.375000        0.254330
FIRE:   41 22:40:43 -1683873.875000        0.592213
FIRE:   42 22:40:43 -1683874.250000        0.970015
FIRE:   43 22:40:43 -1683873.875000        0.951115
FIRE:   44 22:40:43 -1683873.750000        0.913845
FIRE:   45 22:40:43 -1683875.250000        0.859135
FIRE:   46 22:40:43 -1683873.625000        0.788369
FIRE:   47 22:40:43 -1683873.875000        0.703465
FIRE:   48 22:40:43 -1683873.625000        0.606931
FIRE:   49 22:40:43 -1683873.750000        0.501702
FIRE:   50 22:40:43 -1683873.750000        0.379453
FIRE:   51 22:40:43 -1683873.625000        0.249923
FIRE:   52 22:40:44 -1683874.500000        0.249146
FIRE:   53 22:40:44 -1683875.625000        0.248168
FIRE:   54 22:40:44 -1683875.250000        0.312419
FIRE:   55 22:40:44 -1683873.750000        0.376235
FIRE:   56 22:40:44 -1683874.250000        0.409414
FIRE:   57 22:40:44 -1683874.250000        0.398837
FIRE:   58 22:40:44 -1683873.875000        0.337634
FIRE:   59 22:40:44 -1683875.125000        0.235959
FIRE:   60 22:40:44 -1683873.625000        0.232338
FIRE:   61 22:40:44 -1683874.125000        0.278687
FIRE:   62 22:40:44 -1683876.000000        0.373881
FIRE:   63 22:40:44 -1683875.500000        0.305654
FIRE:   64 22:40:44 -1683874.875000        0.209218
FIRE:   65 22:40:44 -1683873.750000        0.244378
FIRE:   66 22:40:45 -1683874.250000        0.281879
FIRE:   67 22:40:45 -1683874.375000        0.179067
FIRE:   68 22:40:45 -1683874.125000        0.298964
FIRE:   69 22:40:45 -1683874.500000        0.199230
FIRE:   70 22:40:45 -1683874.375000        0.271125
FIRE:   71 22:40:45 -1683875.125000        0.182588
FIRE:   72 22:40:45 -1683874.250000        0.377084
FIRE:   73 22:40:45 -1683874.500000        0.309538
FIRE:   74 22:40:45 -1683876.500000        0.293269
FIRE:   75 22:40:45 -1683876.625000        0.348979
FIRE:   76 22:40:45 -1683876.000000        1.078503
FIRE:   77 22:40:45 -1683876.000000        2.802048
FIRE:   78 22:40:45 -1683876.125000        0.270540
FIRE:   79 22:40:45 -1683876.000000        3.011275
FIRE:   80 22:40:46 -1683876.125000        2.127250
FIRE:   81 22:40:46 -1683876.750000        0.722639
FIRE:   82 22:40:46 -1683876.750000        0.739387
FIRE:   83 22:40:46 -1683876.125000        0.693473
FIRE:   84 22:40:46 -1683876.750000        0.604225
FIRE:   85 22:40:46 -1683876.750000        0.477032
FIRE:   86 22:40:46 -1683876.125000        0.324709
FIRE:   87 22:40:46 -1683876.125000        0.203622
FIRE:   88 22:40:46 -1683876.750000        0.167504
FIRE:   89 22:40:46 -1683876.125000        0.226561
FIRE:   90 22:40:46 -1683876.750000        0.356023
FIRE:   91 22:40:46 -1683876.750000        0.438098
FIRE:   92 22:40:46 -1683876.750000        0.448344
FIRE:   93 22:40:46 -1683876.750000        0.370723
FIRE:   94 22:40:47 -1683876.125000        0.207118
FIRE:   95 22:40:47 -1683876.750000        0.168264
FIRE:   96 22:40:47 -1683876.125000        0.234975
FIRE:   97 22:40:47 -1683876.750000        0.310567
FIRE:   98 22:40:47 -1683876.750000        0.223815
FIRE:   99 22:40:47 -1683876.625000        0.167486
FIRE:  100 22:40:47 -1683876.250000        0.303926
FIRE:  101 22:40:47 -1683876.875000        0.257481
FIRE:  102 22:40:47 -1683876.875000        0.163192
FIRE:  103 22:40:47 -1683876.750000        0.245279
FIRE:  104 22:40:47 -1683876.750000        0.161832
FIRE:  105 22:40:47 -1683876.875000        0.280836
FIRE:  106 22:40:47 -1683868.375000        0.226808
FIRE:  107 22:40:47 -1683877.000000        0.165283
FIRE:  108 22:40:47 -1683876.875000        0.202437
FIRE:  109 22:40:48 -1683868.500000        0.455964
FIRE:  110 22:40:48 -1683868.625000        1.423327
FIRE:  111 22:40:48 -1683868.625000        3.276042
FIRE:  112 22:40:48 -1683868.625000        0.323701
FIRE:  113 22:40:48 -1683868.625000        3.751417
FIRE:  114 22:40:48 -1683868.625000        2.587344
FIRE:  115 22:40:48 -1683868.625000        0.790463
FIRE:  116 22:40:48 -1683868.625000        1.001103
FIRE:  117 22:40:48 -1683868.625000        0.937390
FIRE:  118 22:40:48 -1683868.625000        0.813027
FIRE:  119 22:40:48 -1683868.625000        0.634717
FIRE:  120 22:40:48 -1683868.625000        0.433507
FIRE:  121 22:40:48 -1683868.625000        0.242769
FIRE:  122 22:40:48 -1683868.625000        0.145529
FIRE:  123 22:40:49 -1683868.625000        0.338849
FIRE:  124 22:40:49 -1683868.625000        0.522631
FIRE:  125 22:40:49 -1683868.625000        0.633331
FIRE:  126 22:40:49 -1683868.750000        0.642369
FIRE:  127 22:40:49 -1683868.750000        0.530152
FIRE:  128 22:40:49 -1683868.750000        0.297101
FIRE:  129 22:40:49 -1683868.750000        0.146412
FIRE:  130 22:40:49 -1683868.750000        0.304691
FIRE:  131 22:40:49 -1683868.750000        0.420267
FIRE:  132 22:40:49 -1683868.750000        0.303691
FIRE:  133 22:40:49 -1683868.750000        0.144365
FIRE:  134 22:40:49 -1683868.750000        0.407160
FIRE:  135 22:40:49 -1683868.750000        0.389975
FIRE:  136 22:40:49 -1683868.750000        0.140063
FIRE:  137 22:40:50 -1683868.750000        0.335704
FIRE:  138 22:40:50 -1683868.750000        0.137388
FIRE:  139 22:40:50 -1683868.750000        0.429401
FIRE:  140 22:40:50 -1683868.875000        0.173722
FIRE:  141 22:40:50 -1683868.875000        0.211711
FIRE:  142 22:40:50 -1683868.875000        0.575751
FIRE:  143 22:40:50 -1683868.875000        0.863121
FIRE:  144 22:40:50 -1683869.000000        1.797517
FIRE:  145 22:40:50 -1683869.000000        0.167691
FIRE:  146 22:40:50 -1683869.000000        1.327184
FIRE:  147 22:40:50 -1683869.000000        1.047825
FIRE:  148 22:40:50 -1683869.000000        0.534518
FIRE:  149 22:40:50 -1683869.000000        0.149468
FIRE:  150 22:40:50 -1683869.000000        0.702146
FIRE:  151 22:40:51 -1683869.000000        0.664155
FIRE:  152 22:40:51 -1683869.000000        0.590748
FIRE:  153 22:40:51 -1683869.000000        0.486986
FIRE:  154 22:40:51 -1683869.000000        0.360437
FIRE:  155 22:40:51 -1683869.000000        0.221679
FIRE:  156 22:40:51 -1683869.000000        0.148340
FIRE:  157 22:40:51 -1683869.000000        0.148328
FIRE:  158 22:40:51 -1683869.000000        0.221432
FIRE:  159 22:40:51 -1683869.000000        0.279825
FIRE:  160 22:40:51 -1683869.000000        0.304979
FIRE:  161 22:40:51 -1683869.000000        0.284039
FIRE:  162 22:40:51 -1683869.000000        0.214786
FIRE:  163 22:40:51 -1683869.000000        0.145046
FIRE:  164 22:40:51 -1683869.000000        0.167214
FIRE:  165 22:40:52 -1683869.000000        0.289338
FIRE:  166 22:40:52 -1683869.000000        0.287001
FIRE:  167 22:40:52 -1683869.000000        0.156626
FIRE:  168 22:40:52 -1683869.000000        0.166030
FIRE:  169 22:40:52 -1683869.000000        0.222690
FIRE:  170 22:40:52 -1683869.000000        0.172825
FIRE:  171 22:40:52 -1683869.000000        0.226145
FIRE:  172 22:40:52 -1683869.125000        0.189279
FIRE:  173 22:40:52 -1683869.125000        0.189623
FIRE:  174 22:40:52 -1683869.125000        0.193649
FIRE:  175 22:40:52 -1683869.125000        0.309101
FIRE:  176 22:40:52 -1683869.125000        0.249401
FIRE:  177 22:40:52 -1683869.250000        0.302558
FIRE:  178 22:40:52 -1683869.250000        0.434837
FIRE:  179 22:40:52 -1683869.250000        1.267545
FIRE:  180 22:40:53 -1683869.250000        3.184964
FIRE:  181 22:40:53 -1683869.375000        0.221705
FIRE:  182 22:40:53 -1683869.250000        3.639639
FIRE:  183 22:40:53 -1683869.375000        2.454755
FIRE:  184 22:40:53 -1683869.375000        0.646737
FIRE:  185 22:40:53 -1683869.375000        1.121205
FIRE:  186 22:40:53 -1683869.375000        1.048463
FIRE:  187 22:40:53 -1683869.375000        0.906538
FIRE:  188 22:40:53 -1683869.375000        0.702995
FIRE:  189 22:40:53 -1683869.375000        0.450009
FIRE:  190 22:40:53 -1683869.375000        0.221898
FIRE:  191 22:40:53 -1683869.375000        0.217150
FIRE:  192 22:40:53 -1683869.375000        0.390692
FIRE:  193 22:40:53 -1683869.375000        0.384513
FIRE:  194 22:40:54 -1683869.375000        0.372280
FIRE:  195 22:40:54 -1683869.375000        0.354312
FIRE:  196 22:40:54 -1683869.375000        0.330877
FIRE:  197 22:40:54 -1683869.375000        0.302644
FIRE:  198 22:40:54 -1683869.375000        0.270218
FIRE:  199 22:40:54 -1683869.375000        0.234542
FIRE:  200 22:40:54 -1683869.375000        0.216210
FIRE:  201 22:40:54 -1683869.375000        0.216959
FIRE:  202 22:40:54 -1683869.375000        0.217803
FIRE:  203 22:40:54 -1683869.375000        0.218718
FIRE:  204 22:40:54 -1683869.375000        0.219635
FIRE:  205 22:40:54 -1683869.375000        0.220451
FIRE:  206 22:40:54 -1683869.375000        0.221057
FIRE:  207 22:40:54 -1683869.375000        0.221296
FIRE:  208 22:40:55 -1683869.375000        0.221048
FIRE:  209 22:40:55 -1683869.375000        0.220214
FIRE:  210 22:40:55 -1683869.375000        0.218836
FIRE:  211 22:40:55 -1683869.375000        0.217123
FIRE:  212 22:40:55 -1683869.375000        0.215508
FIRE:  213 22:40:55 -1683869.375000        0.214481
FIRE:  214 22:40:55 -1683869.375000        0.214358
FIRE:  215 22:40:55 -1683869.375000        0.214887
FIRE:  216 22:40:55 -1683869.375000        0.214787
FIRE:  217 22:40:55 -1683871.500000        0.212174
FIRE:  218 22:40:55 -1683871.125000        0.206342
FIRE:  219 22:40:55 -1683871.125000        0.199445
FIRE:  220 22:40:55 -1683871.125000        0.194074
FIRE:  221 22:40:55 -1683871.125000        0.186963
FIRE:  222 22:40:55 -1683871.500000        0.170708
FIRE:  223 22:40:56 -1683871.125000        0.152670
FIRE:  224 22:40:56 -1683871.375000        0.151674
FIRE:  225 22:40:56 -1683871.250000        0.278954
FIRE:  226 22:40:56 -1683872.250000        0.483883
FIRE:  227 22:40:56 -1683871.250000        1.262455
FIRE:  228 22:40:56 -1683871.500000        2.905814
FIRE:  229 22:40:56 -1683871.375000        0.240435
FIRE:  230 22:40:56 -1683872.000000        3.232603
FIRE:  231 22:40:56 -1683871.375000        2.225351
FIRE:  232 22:40:56 -1683871.375000        0.655903
FIRE:  233 22:40:56 -1683871.375000        0.936162
FIRE:  234 22:40:56 -1683871.375000        0.876600
FIRE:  235 22:40:56 -1683871.750000        0.760629
FIRE:  236 22:40:56 -1683871.625000        0.594607
FIRE:  237 22:40:57 -1683871.375000        0.388762
FIRE:  238 22:40:57 -1683871.375000        0.169574
FIRE:  239 22:40:57 -1683871.375000        0.113826
FIRE:  240 22:40:57 -1683871.625000        0.307457
FIRE:  241 22:40:57 -1683871.375000        0.302728
FIRE:  242 22:40:57 -1683871.375000        0.293345
FIRE:  243 22:40:57 -1683871.375000        0.279498
FIRE:  244 22:40:57 -1683872.125000        0.261507
FIRE:  245 22:40:57 -1683871.375000        0.239795
FIRE:  246 22:40:57 -1683871.750000        0.214846
FIRE:  247 22:40:57 -1683871.375000        0.187364
FIRE:  248 22:40:57 -1683871.375000        0.155054
FIRE:  249 22:40:57 -1683871.375000        0.118700
FIRE:  250 22:40:57 -1683871.625000        0.089490
FIRE:  251 22:40:58 -1683871.375000        0.089946
FIRE:  252 22:40:58 -1683871.375000        0.089620
FIRE:  253 22:40:58 -1683871.375000        0.099864
FIRE:  254 22:40:58 -1683871.500000        0.117605
FIRE:  255 22:40:58 -1683871.375000        0.125655
FIRE:  256 22:40:58 -1683871.375000        0.119878
FIRE:  257 22:40:58 -1683871.375000        0.098929
FIRE:  258 22:40:58 -1683871.375000        0.087179
FIRE:  259 22:40:58 -1683871.375000        0.087117
FIRE:  260 22:40:58 -1683871.625000        0.106356
FIRE:  261 22:40:58 -1683871.375000        0.127749
FIRE:  262 22:40:58 -1683871.875000        0.100531
FIRE:  263 22:40:58 -1683871.500000        0.087546
FIRE:  264 22:40:58 -1683871.375000        0.087963
FIRE:  265 22:40:58 -1683871.750000        0.088335
FIRE:  266 22:40:58 -1683873.250000        0.088551
FIRE:  267 22:40:59 -1683871.875000        0.103273
FIRE:  268 22:40:59 -1683871.375000        0.089150
FIRE:  269 22:40:59 -1683871.500000        0.096085
FIRE:  270 22:40:59 -1683871.500000        0.097859
FIRE:  271 22:40:59 -1683872.000000        0.111601
FIRE:  272 22:40:59 -1683871.500000        0.115952
FIRE:  273 22:40:59 -1683877.125000        0.191840
FIRE:  274 22:40:59 -1683877.375000        0.354102
FIRE:  275 22:40:59 -1683877.125000        0.952689
FIRE:  276 22:40:59 -1683877.125000        2.496283
FIRE:  277 22:41:01 -1683877.625000        0.236061
FIRE:  278 22:41:01 -1683877.500000        0.181258
FIRE:  279 22:41:01 -1683877.750000        0.094892
FIRE:  280 22:41:01 -1683877.750000        0.092894
FIRE:  281 22:41:01 -1683878.000000        0.115456
FIRE:  282 22:41:01 -1683877.500000        0.141552
FIRE:  283 22:41:01 -1683877.375000        0.125334
FIRE:  284 22:41:01 -1683878.375000        0.089055
FIRE:  285 22:41:01 -1683878.500000        0.108296
FIRE:  286 22:41:01 -1683878.500000        0.154129
FIRE:  287 22:41:01 -1683877.750000        0.119649
FIRE:  288 22:41:01 -1683877.750000        0.084141
FIRE:  289 22:41:01 -1683878.000000        0.095846
FIRE:  290 22:41:01 -1683877.875000        0.080503
FIRE:  291 22:41:01 -1683878.000000        0.131937
FIRE:  292 22:41:01 -1683877.750000        0.091212
FIRE:  293 22:41:01 -1683878.500000        0.100823
FIRE:  294 22:41:01 -1683878.500000        0.123870
FIRE:  295 22:41:01 -1683877.625000        0.173619
FIRE:  296 22:41:01 -1683878.625000        0.163076
FIRE:  297 22:41:01 -1683878.625000        0.539204
FIRE:  298 22:41:01 -1683878.000000        1.617440
FIRE:  299 22:41:02 -1683878.500000        0.153170
FIRE:  300 22:41:02 -1683878.625000        0.118747
FIRE:  301 22:41:02 -1683878.625000        0.068349
FIRE:  302 22:41:02 -1683878.625000        0.068763
FIRE:  303 22:41:02 -1683878.500000        0.076173
FIRE:  304 22:41:02 -1683878.625000        0.088893
FIRE:  305 22:41:02 -1683877.750000        0.079119
FIRE:  306 22:41:02 -1683878.000000        0.067335
FIRE:  307 22:41:02 -1683878.000000        0.067028
FIRE:  308 22:41:02 -1683878.625000        0.099198
FIRE:  309 22:41:02 -1683877.875000        0.077083
FIRE:  310 22:41:02 -1683878.625000        0.063471
FIRE:  311 22:41:02 -1683878.625000        0.066530
FIRE:  312 22:41:02 -1683878.625000        0.061113
FIRE:  313 22:41:02 -1683878.000000        0.084940
FIRE:  314 22:41:02 -1683878.625000        0.056402
FIRE:  315 22:41:02 -1683878.625000        0.077405
FIRE:  316 22:41:03 -1683878.500000        0.086186
FIRE:  317 22:41:03 -1683878.125000        0.052476
FIRE:  318 22:41:03 -1683878.625000        0.068433
FIRE:  319 22:41:03 -1683878.500000        0.100024
FIRE:  320 22:41:03 -1683878.750000        0.462735
FIRE:  321 22:41:03 -1683878.750000        1.629846
FIRE:  322 22:41:03 -1683878.625000        0.285559
FIRE:  323 22:41:03 -1683878.000000        0.208917
FIRE:  324 22:41:03 -1683878.750000        0.079422
FIRE:  325 22:41:03 -1683878.125000        0.072136
FIRE:  326 22:41:03 -1683878.000000        0.165808
FIRE:  327 22:41:03 -1683878.750000        0.184970
FIRE:  328 22:41:03 -1683878.750000        0.125988
FIRE:  329 22:41:03 -1683878.750000        0.058552
FIRE:  330 22:41:03 -1683878.000000        0.121559
FIRE:  331 22:41:03 -1683878.000000        0.175280
FIRE:  332 22:41:03 -1683878.750000        0.109666
FIRE:  333 22:41:04 -1683878.750000        0.067854
FIRE:  334 22:41:04 -1683878.750000        0.127668
FIRE:  335 22:41:04 -1683878.750000        0.051032
FIRE:  336 22:41:04 -1683878.125000        0.155462
FIRE:  337 22:41:04 -1683878.750000        0.056026
FIRE:  338 22:41:04 -1683878.750000        0.125855
FIRE:  339 22:41:04 -1683878.125000        0.170652
FIRE:  340 22:41:04 -1683878.000000        0.109796
FIRE:  341 22:41:04 -1683878.125000        0.185416
FIRE:  342 22:41:04 -1683878.750000        0.415030
FIRE:  343 22:41:04 -1683878.125000        1.291682
FIRE:  344 22:41:04 -1683878.750000        0.050678
FIRE:  345 22:41:04 -1683878.750000        1.183977
FIRE:  346 22:41:04 -1683878.750000        0.860070
FIRE:  347 22:41:04 -1683878.750000        0.309965
FIRE:  348 22:41:05 -1683878.125000        0.309366
FIRE:  349 22:41:05 -1683878.750000        0.290821
FIRE:  350 22:41:05 -1683878.000000        0.254978
FIRE:  351 22:41:05 -1683878.125000        0.204336
FIRE:  352 22:41:05 -1683878.750000        0.142922
FIRE:  353 22:41:05 -1683878.000000        0.076892
FIRE:  354 22:41:05 -1683878.000000        0.047528
