      Step     Time          Energy          fmax
FIRE:    0 23:12:20 -1852018.625000        5.540911
FIRE:    1 23:12:21 -1852019.875000        3.534399
FIRE:    2 23:12:23 -1852021.125000        3.757254
FIRE:    3 23:12:23 -1852022.000000        3.895824
FIRE:    4 23:12:23 -1852021.250000        5.601585
FIRE:    5 23:12:24 -1852029.250000        4.354430
FIRE:    6 23:12:24 -1852025.750000        6.950777
FIRE:    7 23:12:24 -1852026.125000        5.116518
FIRE:    8 23:12:25 -1852026.125000        2.557520
FIRE:    9 23:12:25 -1852026.125000        1.914914
FIRE:   10 23:12:25 -1852026.875000        2.777308
FIRE:   11 23:12:25 -1852026.625000        3.382215
FIRE:   12 23:12:25 -1852029.750000        3.557728
FIRE:   13 23:12:25 -1852027.125000        3.345781
FIRE:   14 23:12:25 -1852027.125000        2.607802
FIRE:   15 23:12:25 -1852027.375000        1.590554
FIRE:   16 23:12:25 -1852027.500000        2.085875
FIRE:   17 23:12:25 -1852028.000000        3.090500
FIRE:   18 23:12:25 -1852028.000000        1.811387
FIRE:   19 23:12:25 -1852028.250000        1.742956
FIRE:   20 23:12:25 -1852033.125000        2.377627
FIRE:   21 23:12:25 -1852032.750000        2.284917
FIRE:   22 23:12:25 -1852032.750000        1.657606
FIRE:   23 23:12:25 -1852029.500000        2.018701
FIRE:   24 23:12:27 -1852031.250000        3.041610
FIRE:   25 23:12:27 -1852031.875000        6.646998
FIRE:   26 23:12:27 -1852032.000000        4.213159
FIRE:   27 23:12:27 -1852030.875000        2.446192
FIRE:   28 23:12:27 -1852032.000000        1.094419
FIRE:   29 23:12:27 -1852032.500000        2.770156
FIRE:   30 23:12:27 -1852031.625000        2.497227
FIRE:   31 23:12:27 -1852031.875000        1.982951
FIRE:   32 23:12:27 -1852031.250000        1.293947
FIRE:   33 23:12:27 -1852031.250000        1.039466
FIRE:   34 23:12:27 -1852032.125000        1.028794
FIRE:   35 23:12:27 -1852031.000000        1.027838
FIRE:   36 23:12:27 -1852030.875000        1.391133
FIRE:   37 23:12:27 -1852032.000000        1.472737
FIRE:   38 23:12:27 -1852031.875000        1.190704
FIRE:   39 23:12:27 -1852031.250000        0.897041
FIRE:   40 23:12:27 -1852031.250000        0.835172
FIRE:   41 23:12:28 -1852032.125000        1.150728
FIRE:   42 23:12:28 -1852031.375000        1.287035
FIRE:   43 23:12:28 -1852031.250000        0.625044
FIRE:   44 23:12:28 -1852031.375000        0.517182
FIRE:   45 23:12:28 -1852031.000000        0.976061
FIRE:   46 23:12:28 -1852031.750000        0.838127
FIRE:   47 23:12:28 -1852031.500000        1.037175
FIRE:   48 23:12:28 -1852031.625000        0.769922
FIRE:   49 23:12:28 -1852032.375000        0.856580
FIRE:   50 23:12:28 -1852031.750000        0.604020
FIRE:   51 23:12:28 -1852031.625000        1.333533
FIRE:   52 23:12:28 -1852032.750000        1.102569
FIRE:   53 23:12:28 -1852032.000000        1.032377
FIRE:   54 23:12:28 -1852032.500000        1.421040
FIRE:   55 23:12:28 -1852032.625000        4.215941
FIRE:   56 23:12:28 -1852032.500000       11.855844
FIRE:   57 23:12:28 -1852032.750000        2.423758
FIRE:   58 23:12:28 -1852032.875000        1.776295
FIRE:   59 23:12:29 -1852032.750000        0.847112
FIRE:   60 23:12:29 -1852032.500000        0.775162
FIRE:   61 23:12:29 -1852033.250000        1.526907
FIRE:   62 23:12:29 -1852033.250000        1.724533
FIRE:   63 23:12:29 -1852032.750000        1.177505
FIRE:   64 23:12:29 -1852033.000000        0.751089
FIRE:   65 23:12:29 -1852032.625000        1.062527
FIRE:   66 23:12:29 -1852032.625000        1.539588
FIRE:   67 23:12:29 -1852032.875000        0.890195
FIRE:   68 23:12:29 -1852033.000000        0.747027
FIRE:   69 23:12:29 -1852033.625000        1.176373
FIRE:   70 23:12:29 -1852033.250000        0.764432
FIRE:   71 23:12:29 -1852033.250000        1.275794
FIRE:   72 23:12:29 -1852036.375000        0.732320
FIRE:   73 23:12:29 -1852033.375000        1.341362
FIRE:   74 23:12:30 -1852033.250000        1.162169
FIRE:   75 23:12:30 -1852034.125000        0.827187
FIRE:   76 23:12:30 -1852033.500000        0.997977
FIRE:   77 23:12:30 -1852034.500000        1.144169
FIRE:   78 23:12:30 -1852034.375000        3.131531
FIRE:   79 23:12:30 -1852034.750000        9.015591
FIRE:   80 23:12:30 -1852034.875000        2.153697
FIRE:   81 23:12:30 -1852035.000000        1.477533
FIRE:   82 23:12:30 -1852035.000000        1.451562
FIRE:   83 23:12:30 -1852035.125000        1.456675
FIRE:   84 23:12:30 -1852035.000000        1.672734
FIRE:   85 23:12:30 -1852035.000000        1.706630
FIRE:   86 23:12:30 -1852035.500000        1.464111
FIRE:   87 23:12:30 -1852035.000000        1.453194
FIRE:   88 23:12:31 -1852035.500000        1.426137
FIRE:   89 23:12:31 -1852035.250000        1.374788
FIRE:   90 23:12:31 -1852034.875000        1.286768
FIRE:   91 23:12:31 -1852035.250000        1.138196
FIRE:   92 23:12:31 -1852035.125000        0.933943
FIRE:   93 23:12:31 -1852035.250000        0.711016
FIRE:   94 23:12:31 -1852035.875000        0.677847
FIRE:   95 23:12:31 -1852035.875000        1.471972
FIRE:   96 23:12:31 -1852035.625000        1.404143
FIRE:   97 23:12:31 -1852036.000000        1.274593
FIRE:   98 23:12:31 -1852035.625000        1.095185
FIRE:   99 23:12:31 -1852036.000000        0.946537
FIRE:  100 23:12:31 -1852036.000000        0.693387
FIRE:  101 23:12:31 -1852036.000000        0.475854
FIRE:  102 23:12:32 -1852035.375000        0.612131
FIRE:  103 23:12:32 -1852035.625000        0.825627
FIRE:  104 23:12:32 -1852035.625000        0.524280
FIRE:  105 23:12:32 -1852035.750000        0.572206
FIRE:  106 23:12:32 -1852036.250000        0.608332
FIRE:  107 23:12:32 -1852038.625000        0.522900
FIRE:  108 23:12:32 -1852035.875000        0.714982
FIRE:  109 23:12:32 -1852036.000000        0.345030
FIRE:  110 23:12:32 -1852036.375000        0.376416
FIRE:  111 23:12:32 -1852036.000000        0.918974
FIRE:  112 23:12:32 -1852036.125000        1.088207
FIRE:  113 23:12:32 -1852036.250000        1.717404
FIRE:  114 23:12:32 -1852036.250000        3.460894
FIRE:  115 23:12:32 -1852036.375000        0.351868
FIRE:  116 23:12:33 -1852036.125000        2.972583
FIRE:  117 23:12:33 -1852036.125000        2.302230
FIRE:  118 23:12:33 -1852036.250000        1.121107
FIRE:  119 23:12:33 -1852036.125000        0.300872
FIRE:  120 23:12:33 -1852036.125000        0.288046
FIRE:  121 23:12:33 -1852036.125000        0.287245
FIRE:  122 23:12:33 -1852036.125000        0.286067
FIRE:  123 23:12:33 -1852036.625000        0.284505
FIRE:  124 23:12:33 -1852036.250000        0.282597
FIRE:  125 23:12:33 -1852036.625000        0.280380
FIRE:  126 23:12:33 -1852036.250000        0.277855
FIRE:  127 23:12:33 -1852035.875000        0.274785
FIRE:  128 23:12:33 -1852036.375000        0.271124
FIRE:  129 23:12:33 -1852036.875000        0.266787
FIRE:  130 23:12:33 -1852036.375000        0.261767
FIRE:  131 23:12:34 -1852038.625000        0.255999
FIRE:  132 23:12:34 -1852036.000000        0.249481
FIRE:  133 23:12:34 -1852036.250000        0.242183
FIRE:  134 23:12:34 -1852036.375000        0.235504
FIRE:  135 23:12:34 -1852036.375000        0.238422
FIRE:  136 23:12:34 -1852036.500000        0.241380
FIRE:  137 23:12:34 -1852037.250000        0.244433
FIRE:  138 23:12:34 -1852036.375000        0.247444
FIRE:  139 23:12:34 -1852036.250000        0.249952
FIRE:  140 23:12:34 -1852036.125000        0.250139
FIRE:  141 23:12:34 -1852036.500000        0.245396
FIRE:  142 23:12:34 -1852036.125000        0.234280
FIRE:  143 23:12:34 -1852036.500000        0.218202
FIRE:  144 23:12:34 -1852036.875000        0.198456
FIRE:  145 23:12:34 -1852036.750000        0.185413
FIRE:  146 23:12:34 -1852035.875000        0.314804
FIRE:  147 23:12:34 -1852032.875000        1.015662
FIRE:  148 23:12:35 -1852032.875000        2.956670
FIRE:  149 23:12:35 -1852032.750000        8.768891
FIRE:  150 23:12:35 -1852033.000000        1.189228
FIRE:  151 23:12:35 -1852033.000000        0.866085
FIRE:  152 23:12:35 -1852033.000000        0.503568
FIRE:  153 23:12:35 -1852033.000000        0.363700
FIRE:  154 23:12:35 -1852033.000000        0.807123
FIRE:  155 23:12:35 -1852033.000000        0.919012
FIRE:  156 23:12:35 -1852033.000000        0.683830
FIRE:  157 23:12:35 -1852033.000000        0.355327
FIRE:  158 23:12:35 -1852033.000000        0.523950
FIRE:  159 23:12:35 -1852033.000000        0.688526
FIRE:  160 23:12:35 -1852033.000000        0.482350
FIRE:  161 23:12:35 -1852033.000000        0.192940
FIRE:  162 23:12:35 -1852033.000000        0.638117
FIRE:  163 23:12:35 -1852033.000000        0.341264
FIRE:  164 23:12:36 -1852033.000000        0.496846
FIRE:  165 23:12:36 -1852033.125000        0.292494
FIRE:  166 23:12:36 -1852033.125000        0.729780
FIRE:  167 23:12:36 -1852033.125000        0.219201
FIRE:  168 23:12:36 -1852033.125000        0.342302
FIRE:  169 23:12:36 -1852033.125000        0.974960
FIRE:  170 23:12:36 -1852033.250000        2.085071
FIRE:  171 23:12:36 -1852033.250000        5.090052
FIRE:  172 23:12:36 -1852033.250000        0.215617
FIRE:  173 23:12:36 -1852033.250000        0.186181
FIRE:  174 23:12:36 -1852033.250000        0.152867
FIRE:  175 23:12:36 -1852033.250000        0.151458
FIRE:  176 23:12:36 -1852033.250000        0.154236
FIRE:  177 23:12:36 -1852033.250000        0.179359
FIRE:  178 23:12:37 -1852033.250000        0.152500
FIRE:  179 23:12:37 -1852033.250000        0.147556
FIRE:  180 23:12:37 -1852033.250000        0.147624
FIRE:  181 23:12:37 -1852033.250000        0.148086
FIRE:  182 23:12:37 -1852033.250000        0.148725
FIRE:  183 23:12:37 -1852033.250000        0.149132
FIRE:  184 23:12:37 -1852033.250000        0.149003
FIRE:  185 23:12:37 -1852033.375000        0.148471
FIRE:  186 23:12:37 -1852033.375000        0.147711
FIRE:  187 23:12:37 -1852033.375000        0.147296
FIRE:  188 23:12:37 -1852033.375000        0.147433
FIRE:  189 23:12:37 -1852033.375000        0.146815
FIRE:  190 23:12:37 -1852033.375000        0.142043
FIRE:  191 23:12:37 -1852033.500000        0.138882
FIRE:  192 23:12:38 -1852033.500000        0.141852
FIRE:  193 23:12:38 -1852033.500000        0.214601
FIRE:  194 23:12:38 -1852033.625000        0.968339
FIRE:  195 23:12:38 -1852033.625000        5.213047
FIRE:  196 23:12:38 -1852033.625000        1.856450
FIRE:  197 23:12:38 -1852033.625000        1.221176
FIRE:  198 23:12:38 -1852033.625000        0.241570
FIRE:  199 23:12:38 -1852033.625000        0.895365
FIRE:  200 23:12:38 -1852033.625000        0.822443
FIRE:  201 23:12:38 -1852033.625000        0.682701
FIRE:  202 23:12:38 -1852033.625000        0.489572
FIRE:  203 23:12:38 -1852033.625000        0.263034
FIRE:  204 23:12:38 -1852033.625000        0.138137
FIRE:  205 23:12:38 -1852033.625000        0.202565
FIRE:  206 23:12:39 -1852033.625000        0.357354
FIRE:  207 23:12:39 -1852033.625000        0.449756
FIRE:  208 23:12:39 -1852033.625000        0.452239
FIRE:  209 23:12:39 -1852033.625000        0.346856
FIRE:  210 23:12:39 -1852033.625000        0.141063
FIRE:  211 23:12:39 -1852033.625000        0.152403
FIRE:  212 23:12:39 -1852033.625000        0.364899
FIRE:  213 23:12:39 -1852033.750000        0.408055
FIRE:  214 23:12:39 -1852033.750000        0.222727
FIRE:  215 23:12:39 -1852033.750000        0.137508
FIRE:  216 23:12:39 -1852033.750000        0.314302
FIRE:  217 23:12:39 -1852033.750000        0.143532
FIRE:  218 23:12:39 -1852033.750000        0.289842
FIRE:  219 23:12:39 -1852033.750000        0.264395
FIRE:  220 23:12:39 -1852033.750000        0.245357
FIRE:  221 23:12:40 -1852033.750000        0.135352
FIRE:  222 23:12:40 -1852033.750000        0.422068
FIRE:  223 23:12:40 -1852033.750000        0.424803
FIRE:  224 23:12:40 -1852033.875000        0.556065
FIRE:  225 23:12:40 -1852033.875000        0.949851
FIRE:  226 23:12:40 -1852033.875000        2.458997
FIRE:  227 23:12:40 -1852033.875000        0.127215
FIRE:  228 23:12:40 -1852033.875000        2.123012
FIRE:  229 23:12:40 -1852033.875000        1.603010
FIRE:  230 23:12:40 -1852033.875000        0.694191
FIRE:  231 23:12:40 -1852033.875000        0.380377
FIRE:  232 23:12:40 -1852033.875000        0.359467
FIRE:  233 23:12:40 -1852033.875000        0.319289
FIRE:  234 23:12:40 -1852033.875000        0.262956
FIRE:  235 23:12:40 -1852033.875000        0.194562
FIRE:  236 23:12:41 -1852033.875000        0.124725
FIRE:  237 23:12:41 -1852033.875000        0.124803
FIRE:  238 23:12:41 -1852033.875000        0.124870
FIRE:  239 23:12:41 -1852033.875000        0.124900
FIRE:  240 23:12:41 -1852033.875000        0.149072
FIRE:  241 23:12:41 -1852033.875000        0.160523
FIRE:  242 23:12:41 -1852033.875000        0.135389
FIRE:  243 23:12:41 -1852033.875000        0.124734
FIRE:  244 23:12:41 -1852033.875000        0.124563
FIRE:  245 23:12:41 -1852033.875000        0.137392
FIRE:  246 23:12:41 -1852033.875000        0.178205
FIRE:  247 23:12:41 -1852033.875000        0.139893
FIRE:  248 23:12:41 -1852034.000000        0.124302
FIRE:  249 23:12:41 -1852034.000000        0.124265
FIRE:  250 23:12:41 -1852034.000000        0.124034
FIRE:  251 23:12:41 -1852034.000000        0.123600
FIRE:  252 23:12:41 -1852034.000000        0.154505
FIRE:  253 23:12:41 -1852034.000000        0.122571
FIRE:  254 23:12:42 -1852034.000000        0.121643
FIRE:  255 23:12:42 -1852034.000000        0.138972
FIRE:  256 23:12:42 -1852034.000000        0.118322
FIRE:  257 23:12:42 -1852034.000000        0.116733
FIRE:  258 23:12:42 -1852034.125000        0.248787
FIRE:  259 23:12:42 -1852034.125000        0.689494
FIRE:  260 23:12:42 -1852034.125000        2.374675
FIRE:  261 23:12:42 -1852034.125000        0.114708
FIRE:  262 23:12:42 -1852034.125000        2.084225
FIRE:  263 23:12:42 -1852034.125000        1.555624
FIRE:  264 23:12:42 -1852034.125000        0.636072
FIRE:  265 23:12:42 -1852034.125000        0.439475
FIRE:  266 23:12:42 -1852034.125000        0.414105
FIRE:  267 23:12:42 -1852034.125000        0.365390
FIRE:  268 23:12:42 -1852034.125000        0.296333
FIRE:  269 23:12:42 -1852034.125000        0.212859
FIRE:  270 23:12:42 -1852034.125000        0.123856
FIRE:  271 23:12:43 -1852034.125000        0.113876
FIRE:  272 23:12:43 -1852034.125000        0.113881
FIRE:  273 23:12:43 -1852034.125000        0.139271
FIRE:  274 23:12:43 -1852034.125000        0.182958
FIRE:  275 23:12:43 -1852034.125000        0.190840
FIRE:  276 23:12:43 -1852034.125000        0.153869
FIRE:  277 23:12:43 -1852034.125000        0.113632
FIRE:  278 23:12:43 -1852034.125000        0.113504
FIRE:  279 23:12:43 -1852034.125000        0.164587
FIRE:  280 23:12:43 -1852034.125000        0.202251
FIRE:  281 23:12:43 -1852034.125000        0.142831
FIRE:  282 23:12:43 -1852034.125000        0.112988
FIRE:  283 23:12:43 -1852034.125000        0.124351
FIRE:  284 23:12:43 -1852034.250000        0.112621
FIRE:  285 23:12:43 -1852034.250000        0.112372
FIRE:  286 23:12:43 -1852034.250000        0.166176
FIRE:  287 23:12:44 -1852034.250000        0.111994
FIRE:  288 23:12:44 -1852034.250000        0.111841
FIRE:  289 23:12:44 -1852034.250000        0.182420
FIRE:  290 23:12:44 -1852034.250000        0.111453
FIRE:  291 23:12:44 -1852034.250000        0.111288
FIRE:  292 23:12:44 -1852034.250000        0.111186
FIRE:  293 23:12:44 -1852034.375000        0.111219
FIRE:  294 23:12:44 -1852037.000000        0.233666
FIRE:  295 23:12:44 -1852034.375000        1.235879
FIRE:  296 23:12:44 -1852042.125000        6.695070
FIRE:  297 23:12:44 -1852042.125000        3.375896
FIRE:  298 23:12:44 -1852042.250000        2.104322
FIRE:  299 23:12:44 -1852042.125000        0.279947
FIRE:  300 23:12:44 -1852042.250000        1.885568
FIRE:  301 23:12:44 -1852042.125000        1.710981
FIRE:  302 23:12:44 -1852042.250000        1.378606
FIRE:  303 23:12:45 -1852042.250000        0.920374
FIRE:  304 23:12:45 -1852042.250000        0.381760
FIRE:  305 23:12:45 -1852042.250000        0.186075
FIRE:  306 23:12:45 -1852042.250000        0.183401
FIRE:  307 23:12:45 -1852042.250000        0.178014
FIRE:  308 23:12:45 -1852042.250000        0.170063
FIRE:  309 23:12:45 -1852042.250000        0.159920
FIRE:  310 23:12:45 -1852042.250000        0.147775
FIRE:  311 23:12:45 -1852042.125000        0.134107
FIRE:  312 23:12:45 -1852042.250000        0.119348
FIRE:  313 23:12:45 -1852042.250000        0.110135
FIRE:  314 23:12:45 -1852042.250000        0.110103
FIRE:  315 23:12:45 -1852042.250000        0.110070
FIRE:  316 23:12:45 -1852042.250000        0.110031
FIRE:  317 23:12:45 -1852042.250000        0.109973
FIRE:  318 23:12:45 -1852042.250000        0.127846
FIRE:  319 23:12:45 -1852042.250000        0.132169
FIRE:  320 23:12:46 -1852042.250000        0.119080
FIRE:  321 23:12:46 -1852042.250000        0.109699
FIRE:  322 23:12:46 -1852042.125000        0.109621
FIRE:  323 23:12:46 -1852042.250000        0.109515
FIRE:  324 23:12:46 -1852042.250000        0.109415
FIRE:  325 23:12:46 -1852042.250000        0.109282
FIRE:  326 23:12:46 -1852042.250000        0.109138
FIRE:  327 23:12:46 -1852042.250000        0.108963
FIRE:  328 23:12:46 -1852042.125000        0.108791
FIRE:  329 23:12:46 -1852042.125000        0.108597
FIRE:  330 23:12:46 -1852042.250000        0.108383
FIRE:  331 23:12:46 -1852042.250000        0.108095
FIRE:  332 23:12:46 -1852042.250000        0.107774
FIRE:  333 23:12:46 -1852042.250000        0.107413
FIRE:  334 23:12:46 -1852042.250000        0.106983
FIRE:  335 23:12:46 -1852042.125000        0.106383
FIRE:  336 23:12:46 -1852042.250000        0.105520
FIRE:  337 23:12:47 -1852042.250000        0.140979
FIRE:  338 23:12:47 -1852042.375000        0.321967
FIRE:  339 23:12:47 -1852042.375000        1.392677
FIRE:  340 23:12:47 -1852038.875000        4.842477
FIRE:  341 23:12:47 -1852039.500000        1.170434
FIRE:  342 23:12:47 -1852039.250000        0.823626
FIRE:  343 23:12:47 -1852040.250000        0.237703
FIRE:  344 23:12:47 -1852038.875000        0.394603
FIRE:  345 23:12:47 -1852039.500000        0.362717
FIRE:  346 23:12:47 -1852039.500000        0.301636
FIRE:  347 23:12:47 -1852039.375000        0.216591
FIRE:  348 23:12:47 -1852039.500000        0.137855
FIRE:  349 23:12:47 -1852039.625000        0.107453
FIRE:  350 23:12:47 -1852038.875000        0.107447
FIRE:  351 23:12:48 -1852038.750000        0.184553
FIRE:  352 23:12:48 -1852039.250000        0.240956
FIRE:  353 23:12:48 -1852039.625000        0.259366
FIRE:  354 23:12:48 -1852039.500000        0.228490
FIRE:  355 23:12:48 -1852039.500000        0.146183
FIRE:  356 23:12:48 -1852038.875000        0.107129
FIRE:  357 23:12:48 -1852039.875000        0.122051
FIRE:  358 23:12:48 -1852039.125000        0.157675
FIRE:  359 23:12:48 -1852038.875000        0.110810
FIRE:  360 23:12:48 -1852039.250000        0.106208
FIRE:  361 23:12:48 -1852039.375000        0.177940
FIRE:  362 23:12:48 -1852039.625000        0.151947
FIRE:  363 23:12:48 -1852038.625000        0.104848
FIRE:  364 23:12:48 -1852038.750000        0.123811
FIRE:  365 23:12:48 -1852039.000000        0.103550
FIRE:  366 23:12:49 -1852039.750000        0.160950
FIRE:  367 23:12:49 -1852039.125000        0.127343
FIRE:  368 23:12:49 -1852039.875000        0.103497
FIRE:  369 23:12:49 -1852039.000000        0.099247
FIRE:  370 23:12:49 -1852039.625000        0.097563
FIRE:  371 23:12:49 -1852038.750000        0.297526
FIRE:  372 23:12:49 -1852039.750000        1.172949
FIRE:  373 23:12:49 -1852039.000000        4.654556
FIRE:  374 23:12:49 -1852039.500000        1.233285
FIRE:  375 23:12:49 -1852039.875000        0.837561
FIRE:  376 23:12:49 -1852039.875000        0.211367
FIRE:  377 23:12:49 -1852038.875000        0.531400
FIRE:  378 23:12:49 -1852039.125000        0.491449
FIRE:  379 23:12:49 -1852039.125000        0.415132
FIRE:  380 23:12:50 -1852040.250000        0.309060
FIRE:  381 23:12:50 -1852040.125000        0.183288
FIRE:  382 23:12:50 -1852039.000000        0.094294
FIRE:  383 23:12:50 -1852039.125000        0.103147
FIRE:  384 23:12:50 -1852039.125000        0.177475
FIRE:  385 23:12:50 -1852039.125000        0.240367
FIRE:  386 23:12:50 -1852039.875000        0.255425
FIRE:  387 23:12:50 -1852039.500000        0.210508
FIRE:  388 23:12:50 -1852039.500000        0.113189
FIRE:  389 23:12:50 -1852039.875000        0.094421
FIRE:  390 23:12:50 -1852039.375000        0.194698
FIRE:  391 23:12:50 -1852039.375000        0.249382
FIRE:  392 23:12:50 -1852040.375000        0.175419
FIRE:  393 23:12:50 -1852039.250000        0.094262
FIRE:  394 23:12:51 -1852040.125000        0.162806
FIRE:  395 23:12:51 -1852039.125000        0.116060
FIRE:  396 23:12:51 -1852039.875000        0.124547
FIRE:  397 23:12:51 -1852039.125000        0.198905
FIRE:  398 23:12:51 -1852039.000000        0.093856
FIRE:  399 23:12:51 -1852040.125000        0.118576
FIRE:  400 23:12:51 -1852039.500000        0.223440
FIRE:  401 23:12:51 -1852039.125000        0.104829
FIRE:  402 23:12:51 -1852036.375000        0.093151
FIRE:  403 23:12:51 -1852038.000000        0.093578
FIRE:  404 23:12:51 -1852038.000000        0.255812
FIRE:  405 23:12:51 -1852038.125000        1.041249
FIRE:  406 23:12:51 -1852038.000000        4.421839
FIRE:  407 23:12:51 -1852036.500000        1.369686
FIRE:  408 23:12:52 -1852036.500000        0.915184
FIRE:  409 23:12:52 -1852039.375000        0.193474
FIRE:  410 23:12:52 -1852036.500000        0.631407
FIRE:  411 23:12:52 -1852038.125000        0.581694
FIRE:  412 23:12:52 -1852038.250000        0.486780
FIRE:  413 23:12:52 -1852036.500000        0.354916
FIRE:  414 23:12:52 -1852036.500000        0.198762
FIRE:  415 23:12:52 -1852038.125000        0.095441
FIRE:  416 23:12:52 -1852036.500000        0.123811
FIRE:  417 23:12:52 -1852038.500000        0.234731
FIRE:  418 23:12:52 -1852036.500000        0.304809
FIRE:  419 23:12:52 -1852036.500000        0.314965
FIRE:  420 23:12:52 -1852038.875000        0.252704
FIRE:  421 23:12:52 -1852038.125000        0.118153
FIRE:  422 23:12:53 -1852036.500000        0.095536
FIRE:  423 23:12:53 -1852038.250000        0.238793
FIRE:  424 23:12:53 -1852039.625000        0.293970
FIRE:  425 23:12:53 -1852036.500000        0.193060
FIRE:  426 23:12:53 -1852036.500000        0.095446
FIRE:  427 23:12:53 -1852036.500000        0.205846
FIRE:  428 23:12:53 -1852036.500000        0.131161
FIRE:  429 23:12:53 -1852038.250000        0.156979
FIRE:  430 23:12:53 -1852038.250000        0.224317
FIRE:  431 23:12:53 -1852036.500000        0.098763
FIRE:  432 23:12:53 -1852036.500000        0.128917
FIRE:  433 23:12:53 -1852038.125000        0.273299
FIRE:  434 23:12:53 -1852038.125000        0.145372
FIRE:  435 23:12:53 -1852038.625000        0.139909
FIRE:  436 23:12:54 -1852038.250000        0.158389
FIRE:  437 23:12:54 -1852038.375000        0.641199
FIRE:  438 23:12:54 -1852038.375000        2.187917
FIRE:  439 23:12:54 -1852036.625000        0.307431
FIRE:  440 23:12:54 -1852036.625000        0.229391
FIRE:  441 23:12:54 -1852038.250000        0.098535
FIRE:  442 23:12:54 -1852038.375000        0.097501
FIRE:  443 23:12:54 -1852038.250000        0.155386
FIRE:  444 23:12:54 -1852038.250000        0.177456
FIRE:  445 23:12:54 -1852038.250000        0.118883
FIRE:  446 23:12:54 -1852038.125000        0.097964
FIRE:  447 23:12:54 -1852038.250000        0.132642
FIRE:  448 23:12:54 -1852038.500000        0.189680
FIRE:  449 23:12:54 -1852038.250000        0.120619
FIRE:  450 23:12:54 -1852038.625000        0.097934
FIRE:  451 23:12:55 -1852038.250000        0.121428
FIRE:  452 23:12:55 -1852038.250000        0.097938
FIRE:  453 23:12:55 -1852038.750000        0.170393
FIRE:  454 23:12:55 -1852038.250000        0.098300
FIRE:  455 23:12:55 -1852038.250000        0.110608
FIRE:  456 23:12:55 -1852036.625000        0.199955
FIRE:  457 23:12:55 -1852038.250000        0.151982
FIRE:  458 23:12:55 -1852038.375000        0.302727
FIRE:  459 23:12:55 -1852038.250000        0.677786
FIRE:  460 23:12:55 -1852038.250000        2.023523
FIRE:  461 23:12:55 -1852038.375000        0.098623
FIRE:  462 23:12:55 -1852038.375000        1.777215
FIRE:  463 23:12:55 -1852038.375000        1.318648
FIRE:  464 23:12:55 -1852038.375000        0.521300
FIRE:  465 23:12:56 -1852038.375000        0.407308
FIRE:  466 23:12:56 -1852038.375000        0.383323
FIRE:  467 23:12:56 -1852038.500000        0.336786
FIRE:  468 23:12:56 -1852038.375000        0.271217
FIRE:  469 23:12:56 -1852038.375000        0.191618
FIRE:  470 23:12:56 -1852038.375000        0.105812
FIRE:  471 23:12:56 -1852038.375000        0.099034
FIRE:  472 23:12:56 -1852038.375000        0.099025
FIRE:  473 23:12:56 -1852038.500000        0.130840
FIRE:  474 23:12:56 -1852038.375000        0.170348
FIRE:  475 23:12:56 -1852038.375000        0.174993
FIRE:  476 23:12:56 -1852038.500000        0.137037
FIRE:  477 23:12:56 -1852038.375000        0.099051
FIRE:  478 23:12:56 -1852038.875000        0.099062
FIRE:  479 23:12:56 -1852038.500000        0.154280
FIRE:  480 23:12:57 -1852038.500000        0.186164
FIRE:  481 23:12:57 -1852038.375000        0.126075
FIRE:  482 23:12:57 -1852038.625000        0.099172
FIRE:  483 23:12:57 -1852038.375000        0.113226
FIRE:  484 23:12:57 -1852038.750000        0.099228
FIRE:  485 23:12:57 -1852038.750000        0.102349
FIRE:  486 23:12:57 -1852038.375000        0.149540
FIRE:  487 23:12:57 -1852038.375000        0.099339
FIRE:  488 23:12:57 -1852038.375000        0.099387
FIRE:  489 23:12:57 -1852038.500000        0.168605
FIRE:  490 23:12:57 -1852036.875000        0.099467
FIRE:  491 23:12:57 -1852038.375000        0.099482
FIRE:  492 23:12:57 -1852038.375000        0.099580
FIRE:  493 23:12:57 -1852038.500000        0.099789
FIRE:  494 23:12:57 -1852035.375000        0.099696
FIRE:  495 23:12:58 -1852035.375000        0.121041
FIRE:  496 23:12:58 -1852035.375000        0.760192
FIRE:  497 23:12:58 -1852035.375000        5.774779
FIRE:  498 23:12:58 -1852035.375000        4.941140
FIRE:  499 23:12:58 -1852035.375000        2.622613
FIRE:  500 23:12:58 -1852035.375000        0.864899
FIRE:  501 23:12:58 -1852035.375000        0.768861
FIRE:  502 23:12:58 -1852035.375000        0.587731
FIRE:  503 23:12:58 -1852035.375000        0.342896
FIRE:  504 23:12:58 -1852035.375000        0.136708
FIRE:  505 23:12:58 -1852035.375000        0.217266
FIRE:  506 23:12:58 -1852035.375000        0.385811
FIRE:  507 23:12:58 -1852035.375000        0.374027
FIRE:  508 23:12:58 -1852035.375000        0.350774
FIRE:  509 23:12:59 -1852035.375000        0.316701
FIRE:  510 23:12:59 -1852035.375000        0.273113
FIRE:  511 23:12:59 -1852035.375000        0.221582
FIRE:  512 23:12:59 -1852035.375000        0.163965
FIRE:  513 23:12:59 -1852035.375000        0.117800
FIRE:  514 23:12:59 -1852035.375000        0.101161
FIRE:  515 23:12:59 -1852035.375000        0.101185
FIRE:  516 23:12:59 -1852035.375000        0.115647
FIRE:  517 23:12:59 -1852035.375000        0.175162
FIRE:  518 23:12:59 -1852035.375000        0.214779
FIRE:  519 23:12:59 -1852035.375000        0.225655
FIRE:  520 23:12:59 -1852035.375000        0.199825
FIRE:  521 23:12:59 -1852035.375000        0.135370
FIRE:  522 23:12:59 -1852040.750000        0.101482
FIRE:  523 23:12:59 -1852040.375000        0.101556
FIRE:  524 23:13:00 -1852040.000000        0.129591
FIRE:  525 23:13:00 -1852035.375000        0.119833
FIRE:  526 23:13:00 -1852040.250000        0.101775
FIRE:  527 23:13:00 -1852040.875000        0.107671
FIRE:  528 23:13:00 -1852039.625000        0.164086
FIRE:  529 23:13:00 -1852040.250000        0.102005
FIRE:  530 23:13:00 -1852040.250000        0.102071
FIRE:  531 23:13:00 -1852035.375000        0.102141
FIRE:  532 23:13:00 -1852040.375000        0.117998
FIRE:  533 23:13:00 -1852039.750000        0.102341
FIRE:  534 23:13:00 -1852040.125000        0.128336
FIRE:  535 23:13:00 -1852038.625000        0.130512
FIRE:  536 23:13:00 -1852037.000000        0.102551
FIRE:  537 23:13:00 -1852037.000000        0.104472
FIRE:  538 23:13:00 -1852038.750000        0.113413
FIRE:  539 23:13:01 -1852038.625000        0.620318
FIRE:  540 23:13:01 -1852037.000000        2.591525
FIRE:  541 23:13:01 -1852037.000000        0.682616
FIRE:  542 23:13:01 -1852037.000000        0.476924
FIRE:  543 23:13:01 -1852038.625000        0.131809
FIRE:  544 23:13:01 -1852038.625000        0.229339
FIRE:  545 23:13:01 -1852037.000000        0.444372
FIRE:  546 23:13:01 -1852037.000000        0.454258
FIRE:  547 23:13:01 -1852038.500000        0.273649
FIRE:  548 23:13:01 -1852037.000000        0.108397
FIRE:  549 23:13:01 -1852038.625000        0.316276
FIRE:  550 23:13:01 -1852037.000000        0.405366
FIRE:  551 23:13:01 -1852037.125000        0.195435
FIRE:  552 23:13:01 -1852037.125000        0.197649
FIRE:  553 23:13:01 -1852037.125000        0.309745
FIRE:  554 23:13:02 -1852037.375000        0.107640
FIRE:  555 23:13:02 -1852037.125000        0.351972
FIRE:  556 23:13:02 -1852037.125000        0.106200
FIRE:  557 23:13:02 -1852037.125000        0.244906
FIRE:  558 23:13:02 -1852042.500000        0.414281
FIRE:  559 23:13:02 -1852043.375000        0.356921
FIRE:  560 23:13:02 -1852037.125000        0.538287
FIRE:  561 23:13:02 -1852037.125000        1.157994
FIRE:  562 23:13:02 -1852037.125000        3.355298
FIRE:  563 23:13:02 -1852037.125000        0.404291
FIRE:  564 23:13:02 -1852037.125000        0.285633
FIRE:  565 23:13:02 -1852037.125000        0.121450
FIRE:  566 23:13:02 -1852037.125000        0.139252
FIRE:  567 23:13:02 -1852037.125000        0.291674
FIRE:  568 23:13:02 -1852037.125000        0.327629
FIRE:  569 23:13:03 -1852037.125000        0.242291
FIRE:  570 23:13:03 -1852041.625000        0.102560
FIRE:  571 23:13:03 -1852041.875000        0.134794
FIRE:  572 23:13:03 -1852043.375000        0.223729
FIRE:  573 23:13:03 -1852042.750000        0.135855
FIRE:  574 23:13:03 -1852042.000000        0.104709
FIRE:  575 23:13:03 -1852038.750000        0.239035
FIRE:  576 23:13:03 -1852039.000000        0.102530
FIRE:  577 23:13:03 -1852037.125000        0.188622
FIRE:  578 23:13:03 -1852043.000000        0.102621
FIRE:  579 23:13:03 -1852042.000000        0.255162
FIRE:  580 23:13:03 -1852042.625000        0.177517
FIRE:  581 23:13:03 -1852037.250000        0.122792
FIRE:  582 23:13:03 -1852037.250000        0.101840
FIRE:  583 23:13:03 -1852037.250000        0.203057
FIRE:  584 23:13:04 -1852043.500000        0.745977
FIRE:  585 23:13:04 -1852043.500000        3.079759
FIRE:  586 23:13:04 -1852042.375000        0.667198
FIRE:  587 23:13:04 -1852041.875000        0.457637
FIRE:  588 23:13:04 -1852041.875000        0.132637
FIRE:  589 23:13:04 -1852041.625000        0.271090
FIRE:  590 23:13:04 -1852041.875000        0.252158
FIRE:  591 23:13:04 -1852042.250000        0.215794
FIRE:  592 23:13:04 -1852042.625000        0.165337
FIRE:  593 23:13:04 -1852042.375000        0.105630
FIRE:  594 23:13:04 -1852042.625000        0.099923
FIRE:  595 23:13:04 -1852041.875000        0.099943
FIRE:  596 23:13:04 -1852042.875000        0.099967
FIRE:  597 23:13:04 -1852042.375000        0.102107
FIRE:  598 23:13:04 -1852042.500000        0.113146
FIRE:  599 23:13:05 -1852043.500000        0.100046
FIRE:  600 23:13:05 -1852042.250000        0.100084
FIRE:  601 23:13:05 -1852041.875000        0.100092
FIRE:  602 23:13:05 -1852043.000000        0.100503
FIRE:  603 23:13:05 -1852042.375000        0.131243
FIRE:  604 23:13:05 -1852042.250000        0.100073
FIRE:  605 23:13:05 -1852043.500000        0.100006
FIRE:  606 23:13:05 -1852042.500000        0.099935
FIRE:  607 23:13:05 -1852042.625000        0.099818
FIRE:  608 23:13:05 -1852041.875000        0.099695
FIRE:  609 23:13:05 -1852042.250000        0.114241
FIRE:  610 23:13:05 -1852042.125000        0.099256
FIRE:  611 23:13:05 -1852041.375000        0.098874
FIRE:  612 23:13:05 -1852042.750000        0.131948
FIRE:  613 23:13:05 -1852043.375000        0.097580
FIRE:  614 23:13:06 -1852042.000000        0.096627
FIRE:  615 23:13:06 -1852042.125000        0.095378
FIRE:  616 23:13:06 -1852042.500000        0.191517
FIRE:  617 23:13:06 -1852042.375000        0.717243
FIRE:  618 23:13:06 -1852042.750000        3.240792
FIRE:  619 23:13:06 -1852043.375000        0.849999
FIRE:  620 23:13:06 -1852042.125000        0.573240
FIRE:  621 23:13:06 -1852042.625000        0.135010
FIRE:  622 23:13:06 -1852042.750000        0.374801
FIRE:  623 23:13:06 -1852042.375000        0.347430
FIRE:  624 23:13:06 -1852042.500000        0.294566
FIRE:  625 23:13:06 -1852042.250000        0.221085
FIRE:  626 23:13:06 -1852042.625000        0.134676
FIRE:  627 23:13:06 -1852042.375000        0.088210
FIRE:  628 23:13:06 -1852042.000000        0.088187
FIRE:  629 23:13:07 -1852043.625000        0.111723
FIRE:  630 23:13:07 -1852041.750000        0.155392
FIRE:  631 23:13:07 -1852043.000000        0.165699
FIRE:  632 23:13:07 -1852042.375000        0.133481
FIRE:  633 23:13:07 -1852042.000000        0.088138
FIRE:  634 23:13:07 -1852042.375000        0.088129
FIRE:  635 23:13:07 -1852043.625000        0.144445
FIRE:  636 23:13:07 -1852042.625000        0.177780
FIRE:  637 23:13:07 -1852042.375000        0.119739
FIRE:  638 23:13:07 -1852042.125000        0.087831
FIRE:  639 23:13:07 -1852042.875000        0.107218
FIRE:  640 23:13:07 -1852042.875000        0.087419
FIRE:  641 23:13:07 -1852042.500000        0.105622
FIRE:  642 23:13:07 -1852042.875000        0.135189
FIRE:  643 23:13:08 -1852042.375000        0.086782
FIRE:  644 23:13:08 -1852042.250000        0.086556
FIRE:  645 23:13:08 -1852042.000000        0.172989
FIRE:  646 23:13:08 -1852039.125000        0.110580
FIRE:  647 23:13:08 -1852042.750000        0.160237
FIRE:  648 23:13:08 -1852037.500000        0.255862
FIRE:  649 23:13:08 -1852037.500000        0.872440
FIRE:  650 23:13:08 -1852037.500000        2.585022
FIRE:  651 23:13:08 -1852037.500000        0.252839
FIRE:  652 23:13:08 -1852037.500000        0.190391
FIRE:  653 23:13:08 -1852037.500000        0.085225
FIRE:  654 23:13:08 -1852037.500000        0.085127
FIRE:  655 23:13:08 -1852037.500000        0.121373
FIRE:  656 23:13:08 -1852037.500000        0.145077
FIRE:  657 23:13:08 -1852039.375000        0.102196
FIRE:  658 23:13:09 -1852037.500000        0.084575
FIRE:  659 23:13:09 -1852039.375000        0.097655
FIRE:  660 23:13:09 -1852037.500000        0.153950
FIRE:  661 23:13:09 -1852039.375000        0.107353
FIRE:  662 23:13:09 -1852037.500000        0.084159
FIRE:  663 23:13:09 -1852037.500000        0.100057
FIRE:  664 23:13:09 -1852039.125000        0.083697
FIRE:  665 23:13:09 -1852039.500000        0.135163
FIRE:  666 23:13:09 -1852043.125000        0.082773
FIRE:  667 23:13:09 -1852043.375000        0.101121
FIRE:  668 23:13:09 -1852039.250000        0.143939
FIRE:  669 23:13:09 -1852042.375000        0.086371
FIRE:  670 23:13:09 -1852042.625000        0.145677
FIRE:  671 23:13:09 -1852043.500000        0.322979
FIRE:  672 23:13:09 -1852043.250000        1.210733
FIRE:  673 23:13:10 -1852042.375000        3.906565
FIRE:  674 23:13:10 -1852042.625000        0.758332
FIRE:  675 23:13:10 -1852043.000000        0.540989
FIRE:  676 23:13:10 -1852043.000000        0.171174
FIRE:  677 23:13:10 -1852043.250000        0.227287
FIRE:  678 23:13:10 -1852043.250000        0.209184
FIRE:  679 23:13:10 -1852043.625000        0.174289
FIRE:  680 23:13:10 -1852040.750000        0.125674
FIRE:  681 23:13:10 -1852043.250000        0.091885
FIRE:  682 23:13:10 -1852043.875000        0.075586
FIRE:  683 23:13:10 -1852042.875000        0.075563
FIRE:  684 23:13:10 -1852043.875000        0.102311
FIRE:  685 23:13:10 -1852043.875000        0.137872
FIRE:  686 23:13:10 -1852043.250000        0.152064
FIRE:  687 23:13:10 -1852043.250000        0.137721
FIRE:  688 23:13:11 -1852043.375000        0.092645
FIRE:  689 23:13:11 -1852043.000000        0.075365
FIRE:  690 23:13:11 -1852043.000000        0.075317
FIRE:  691 23:13:11 -1852042.875000        0.088902
FIRE:  692 23:13:11 -1852042.625000        0.075181
FIRE:  693 23:13:11 -1852042.875000        0.075084
FIRE:  694 23:13:11 -1852043.375000        0.100459
FIRE:  695 23:13:11 -1852042.500000        0.095860
FIRE:  696 23:13:11 -1852042.875000        0.074624
FIRE:  697 23:13:11 -1852042.500000        0.074375
FIRE:  698 23:13:11 -1852043.875000        0.074052
FIRE:  699 23:13:11 -1852043.000000        0.103691
FIRE:  700 23:13:11 -1852043.250000        0.073134
FIRE:  701 23:13:11 -1852043.125000        0.072466
FIRE:  702 23:13:11 -1852043.125000        0.071611
FIRE:  703 23:13:12 -1852043.625000        0.127667
FIRE:  704 23:13:12 -1852037.750000        0.511333
FIRE:  705 23:13:12 -1852037.750000        1.600792
FIRE:  706 23:13:12 -1852037.750000        0.067454
FIRE:  707 23:13:12 -1852037.750000        1.482867
FIRE:  708 23:13:12 -1852037.750000        1.111075
FIRE:  709 23:13:12 -1852037.750000        0.463228
FIRE:  710 23:13:12 -1852037.750000        0.288688
FIRE:  711 23:13:12 -1852037.750000        0.269035
FIRE:  712 23:13:12 -1852039.375000        0.231479
FIRE:  713 23:13:12 -1852039.375000        0.178455
FIRE:  714 23:13:12 -1852039.375000        0.113928
FIRE:  715 23:13:12 -1852037.750000        0.067315
FIRE:  716 23:13:12 -1852037.750000        0.067305
FIRE:  717 23:13:12 -1852039.750000        0.089993
FIRE:  718 23:13:13 -1852037.750000        0.142092
FIRE:  719 23:13:13 -1852037.750000        0.174687
FIRE:  720 23:13:13 -1852037.750000        0.178681
FIRE:  721 23:13:13 -1852037.750000        0.147316
FIRE:  722 23:13:13 -1852039.375000        0.081247
FIRE:  723 23:13:13 -1852039.500000        0.067079
FIRE:  724 23:13:13 -1852037.750000        0.083175
FIRE:  725 23:13:13 -1852037.750000        0.108280
FIRE:  726 23:13:13 -1852037.750000        0.066820
FIRE:  727 23:13:13 -1852037.750000        0.066695
FIRE:  728 23:13:13 -1852037.750000        0.128789
FIRE:  729 23:13:13 -1852037.750000        0.090157
FIRE:  730 23:13:13 -1852037.750000        0.066081
FIRE:  731 23:13:13 -1852037.750000        0.077110
FIRE:  732 23:13:13 -1852039.375000        0.072774
FIRE:  733 23:13:13 -1852039.375000        0.096571
FIRE:  734 23:13:14 -1852037.750000        0.098368
FIRE:  735 23:13:14 -1852039.375000        0.098989
FIRE:  736 23:13:14 -1852039.625000        0.062692
FIRE:  737 23:13:14 -1852039.625000        0.094274
FIRE:  738 23:13:14 -1852039.750000        0.232382
FIRE:  739 23:13:14 -1852039.875000        1.076909
FIRE:  740 23:13:14 -1852037.875000        3.955169
FIRE:  741 23:13:14 -1852039.500000        1.109991
FIRE:  742 23:13:14 -1852037.875000        0.765625
FIRE:  743 23:13:14 -1852039.500000        0.186400
FIRE:  744 23:13:14 -1852037.875000        0.423461
FIRE:  745 23:13:14 -1852039.500000        0.388435
FIRE:  746 23:13:14 -1852039.500000        0.321289
FIRE:  747 23:13:14 -1852037.875000        0.227907
FIRE:  748 23:13:15 -1852039.375000        0.116604
FIRE:  749 23:13:15 -1852039.500000        0.057875
FIRE:  750 23:13:15 -1852039.625000        0.110619
FIRE:  751 23:13:15 -1852039.500000        0.194834
FIRE:  752 23:13:15 -1852039.875000        0.250589
FIRE:  753 23:13:15 -1852037.875000        0.263999
FIRE:  754 23:13:15 -1852037.875000        0.225166
FIRE:  755 23:13:15 -1852039.500000        0.131748
FIRE:  756 23:13:15 -1852039.625000        0.057778
FIRE:  757 23:13:15 -1852039.750000        0.124096
FIRE:  758 23:13:15 -1852039.750000        0.174860
FIRE:  759 23:13:15 -1852037.875000        0.113150
FIRE:  760 23:13:15 -1852039.625000        0.057626
FIRE:  761 23:13:15 -1852039.625000        0.178446
FIRE:  762 23:13:15 -1852040.125000        0.142445
FIRE:  763 23:13:16 -1852039.500000        0.066957
FIRE:  764 23:13:16 -1852039.750000        0.133485
FIRE:  765 23:13:16 -1852039.500000        0.075945
FIRE:  766 23:13:16 -1852037.875000        0.148493
FIRE:  767 23:13:16 -1852039.625000        0.142234
FIRE:  768 23:13:16 -1852037.875000        0.096769
FIRE:  769 23:13:16 -1852039.500000        0.056978
FIRE:  770 23:13:16 -1852039.500000        0.057091
FIRE:  771 23:13:16 -1852039.375000        0.223157
FIRE:  772 23:13:16 -1852040.000000        0.929656
FIRE:  773 23:13:16 -1852040.125000        3.815188
FIRE:  774 23:13:16 -1852038.125000        1.189083
FIRE:  775 23:13:16 -1852040.375000        0.795474
FIRE:  776 23:13:16 -1852038.375000        0.151771
FIRE:  777 23:13:17 -1852041.250000        0.543509
FIRE:  778 23:13:17 -1852038.125000        0.500224
FIRE:  779 23:13:17 -1852038.000000        0.417445
FIRE:  780 23:13:17 -1852040.250000        0.302374
FIRE:  781 23:13:17 -1852038.125000        0.165450
FIRE:  782 23:13:17 -1852038.000000        0.057181
FIRE:  783 23:13:17 -1852041.375000        0.110670
FIRE:  784 23:13:17 -1852041.125000        0.208637
FIRE:  785 23:13:17 -1852038.125000        0.269725
FIRE:  786 23:13:17 -1852038.000000        0.278914
FIRE:  787 23:13:17 -1852041.250000        0.225189
FIRE:  788 23:13:17 -1852041.375000        0.107887
FIRE:  789 23:13:17 -1852040.375000        0.057106
FIRE:  790 23:13:17 -1852040.500000        0.198489
FIRE:  791 23:13:17 -1852036.500000        0.249821
FIRE:  792 23:13:17 -1852038.000000        0.166267
FIRE:  793 23:13:17 -1852040.375000        0.056999
FIRE:  794 23:13:18 -1852038.250000        0.180103
FIRE:  795 23:13:18 -1852038.500000        0.123924
FIRE:  796 23:13:18 -1852040.375000        0.119366
FIRE:  797 23:13:18 -1852040.375000        0.192731
FIRE:  798 23:13:18 -1852040.375000        0.068335
FIRE:  799 23:13:18 -1852042.875000        0.125451
FIRE:  800 23:13:18 -1852043.000000        0.217378
FIRE:  801 23:13:18 -1852038.250000        0.099120
FIRE:  802 23:13:18 -1852038.125000        0.066462
FIRE:  803 23:13:18 -1852041.125000        0.056242
FIRE:  804 23:13:18 -1852043.000000        0.150822
FIRE:  805 23:13:18 -1852042.875000        0.657422
FIRE:  806 23:13:18 -1852043.000000        3.086230
FIRE:  807 23:13:18 -1852043.250000        1.101019
FIRE:  808 23:13:18 -1852043.375000        0.722574
FIRE:  809 23:13:18 -1852043.250000        0.110262
FIRE:  810 23:13:18 -1852043.875000        0.537226
FIRE:  811 23:13:19 -1852043.000000        0.492767
FIRE:  812 23:13:19 -1852043.875000        0.408149
FIRE:  813 23:13:19 -1852043.375000        0.290861
FIRE:  814 23:13:19 -1852042.875000        0.151984
FIRE:  815 23:13:19 -1852043.375000        0.054205
FIRE:  816 23:13:19 -1852043.000000        0.124338
FIRE:  817 23:13:19 -1852043.000000        0.218412
FIRE:  818 23:13:19 -1852043.375000        0.273686
FIRE:  819 23:13:19 -1852043.500000        0.275417
FIRE:  820 23:13:19 -1852043.375000        0.213664
FIRE:  821 23:13:19 -1852042.875000        0.089492
FIRE:  822 23:13:19 -1852043.375000        0.077353
FIRE:  823 23:13:19 -1852042.625000        0.210738
FIRE:  824 23:13:19 -1852042.875000        0.245108
FIRE:  825 23:13:19 -1852042.750000        0.143289
FIRE:  826 23:13:19 -1852042.750000        0.060738
FIRE:  827 23:13:20 -1852042.875000        0.186614
FIRE:  828 23:13:20 -1852043.375000        0.096841
FIRE:  829 23:13:20 -1852043.375000        0.151441
FIRE:  830 23:13:20 -1852043.500000        0.173182
FIRE:  831 23:13:20 -1852043.000000        0.116372
FIRE:  832 23:13:20 -1852042.875000        0.085975
FIRE:  833 23:13:20 -1852043.375000        0.247925
FIRE:  834 23:13:20 -1852043.125000        0.183763
FIRE:  835 23:13:20 -1852043.125000        0.193192
FIRE:  836 23:13:20 -1852043.500000        0.310143
FIRE:  837 23:13:20 -1852043.125000        0.949724
FIRE:  838 23:13:20 -1852043.000000        2.853298
FIRE:  839 23:13:20 -1852042.875000        0.493697
FIRE:  840 23:13:20 -1852043.750000        0.355240
FIRE:  841 23:13:20 -1852043.125000        0.120068
FIRE:  842 23:13:20 -1852042.875000        0.135611
FIRE:  843 23:13:20 -1852043.500000        0.301751
FIRE:  844 23:13:21 -1852042.875000        0.332334
FIRE:  845 23:13:21 -1852043.000000        0.229713
FIRE:  846 23:13:21 -1852044.375000        0.075967
FIRE:  847 23:13:21 -1852043.250000        0.187712
FIRE:  848 23:13:21 -1852044.375000        0.294549
FIRE:  849 23:13:21 -1852044.375000        0.197329
FIRE:  850 23:13:21 -1852043.375000        0.073127
FIRE:  851 23:13:21 -1852040.375000        0.228912
FIRE:  852 23:13:21 -1852043.500000        0.080700
FIRE:  853 23:13:21 -1852043.375000        0.247913
FIRE:  854 23:13:21 -1852043.750000        0.091766
FIRE:  855 23:13:21 -1852042.750000        0.266546
FIRE:  856 23:13:21 -1852044.375000        0.176849
FIRE:  857 23:13:21 -1852043.375000        0.050345
FIRE:  858 23:13:22 -1852043.000000        0.163078
FIRE:  859 23:13:22 -1852043.500000        0.620147
FIRE:  860 23:13:22 -1852043.000000        1.754374
FIRE:  861 23:13:22 -1852043.125000        0.107722
FIRE:  862 23:13:22 -1852044.375000        0.084109
FIRE:  863 23:13:22 -1852043.375000        0.049170
