      Step     Time          Energy          fmax
FIRE:    0 00:40:25 -1966506.750000        6.118780
FIRE:    1 00:40:26 -1966506.750000        2.890937
FIRE:    2 00:40:28 -1966509.875000        4.640600
FIRE:    3 00:40:28 -1966509.125000        2.732644
FIRE:    4 00:40:28 -1966513.750000        2.544435
FIRE:    5 00:40:28 -1966513.500000        2.839113
FIRE:    6 00:40:28 -1966514.000000        2.618737
FIRE:    7 00:40:28 -1966514.125000        2.265950
FIRE:    8 00:40:28 -1966514.250000        2.231801
FIRE:    9 00:40:28 -1966514.500000        2.182198
FIRE:   10 00:40:28 -1966514.625000        2.113199
FIRE:   11 00:40:28 -1966511.750000        2.021912
FIRE:   12 00:40:30 -1966514.375000        2.009265
FIRE:   13 00:40:30 -1966512.250000        1.934973
FIRE:   14 00:40:30 -1966509.250000        1.635285
FIRE:   15 00:40:30 -1966512.750000        1.689232
FIRE:   16 00:40:30 -1966513.000000        1.743902
FIRE:   17 00:40:30 -1966513.500000        1.808518
FIRE:   18 00:40:30 -1966510.625000        1.894312
FIRE:   19 00:40:30 -1966517.250000        2.004342
FIRE:   20 00:40:30 -1966511.625000        2.147960
FIRE:   21 00:40:30 -1966512.250000        2.331625
FIRE:   22 00:40:30 -1966513.000000        2.688614
FIRE:   23 00:40:31 -1966515.125000        2.842333
FIRE:   24 00:40:32 -1966515.875000        2.876657
FIRE:   25 00:40:32 -1966515.375000        2.622227
FIRE:   26 00:40:32 -1966517.250000        1.675633
FIRE:   27 00:40:32 -1966522.125000        2.706969
FIRE:   28 00:40:32 -1966522.000000        4.278230
FIRE:   29 00:40:32 -1966522.375000        3.663455
FIRE:   30 00:40:32 -1966521.750000        1.621549
FIRE:   31 00:40:32 -1966518.125000        1.759799
FIRE:   32 00:40:33 -1966518.375000        2.355456
FIRE:   33 00:40:33 -1966519.875000        1.917884
FIRE:   34 00:40:33 -1966522.250000        1.440011
FIRE:   35 00:40:33 -1966523.000000        1.000772
FIRE:   36 00:40:33 -1966522.750000        1.804467
FIRE:   37 00:40:33 -1966520.375000        1.878669
FIRE:   38 00:40:33 -1966520.750000        1.383345
FIRE:   39 00:40:33 -1966525.000000        1.364446
FIRE:   40 00:40:33 -1966525.875000        1.176936
FIRE:   41 00:40:33 -1966525.750000        1.220210
FIRE:   42 00:40:33 -1966525.750000        2.044027
FIRE:   43 00:40:33 -1966522.375000        3.153475
FIRE:   44 00:40:33 -1966522.875000        1.787200
FIRE:   45 00:40:33 -1966528.500000        5.134541
FIRE:   46 00:40:34 -1966528.625000        4.267238
FIRE:   47 00:40:34 -1966529.000000        2.272737
FIRE:   48 00:40:34 -1966529.000000        1.095528
FIRE:   49 00:40:34 -1966528.250000        2.043436
FIRE:   50 00:40:34 -1966528.750000        1.543578
FIRE:   51 00:40:34 -1966529.125000        0.852614
FIRE:   52 00:40:34 -1966528.500000        0.787229
FIRE:   53 00:40:34 -1966528.625000        0.783390
FIRE:   54 00:40:34 -1966528.375000        0.775720
FIRE:   55 00:40:34 -1966529.000000        0.764290
FIRE:   56 00:40:34 -1966529.000000        0.749198
FIRE:   57 00:40:34 -1966529.250000        0.730513
FIRE:   58 00:40:34 -1966528.625000        0.708497
FIRE:   59 00:40:34 -1966528.500000        0.683428
FIRE:   60 00:40:35 -1966529.000000        0.652637
FIRE:   61 00:40:35 -1966529.375000        0.615531
FIRE:   62 00:40:35 -1966529.375000        0.571848
FIRE:   63 00:40:35 -1966528.500000        0.521673
FIRE:   64 00:40:35 -1966528.500000        0.465722
FIRE:   65 00:40:35 -1966528.500000        0.405525
FIRE:   66 00:40:35 -1966528.750000        0.394541
FIRE:   67 00:40:35 -1966527.250000        0.356664
FIRE:   68 00:40:35 -1966523.750000        0.305593
FIRE:   69 00:40:35 -1966523.875000        0.263360
FIRE:   70 00:40:35 -1966523.875000        0.441644
FIRE:   71 00:40:35 -1966523.875000        0.317027
FIRE:   72 00:40:35 -1966529.375000        0.210609
FIRE:   73 00:40:35 -1966529.750000        0.229656
FIRE:   74 00:40:36 -1966525.375000        0.274872
FIRE:   75 00:40:36 -1966530.000000        0.305045
FIRE:   76 00:40:36 -1966529.250000        0.315114
FIRE:   77 00:40:36 -1966525.625000        0.282408
FIRE:   78 00:40:36 -1966524.500000        0.229996
FIRE:   79 00:40:36 -1966525.875000        0.251713
FIRE:   80 00:40:36 -1966526.000000        0.707390
FIRE:   81 00:40:36 -1966524.875000        1.593294
FIRE:   82 00:40:36 -1966526.125000        0.212403
FIRE:   83 00:40:36 -1966526.125000        1.479946
FIRE:   84 00:40:36 -1966526.125000        1.115530
FIRE:   85 00:40:36 -1966526.125000        0.501949
FIRE:   86 00:40:36 -1966526.625000        0.285201
FIRE:   87 00:40:36 -1966526.125000        0.272560
FIRE:   88 00:40:37 -1966526.875000        0.248025
FIRE:   89 00:40:37 -1966527.625000        0.213265
FIRE:   90 00:40:37 -1966528.000000        0.192910
FIRE:   91 00:40:37 -1966526.250000        0.191676
FIRE:   92 00:40:37 -1966526.250000        0.190228
FIRE:   93 00:40:37 -1966527.875000        0.188585
FIRE:   94 00:40:37 -1966527.625000        0.186576
FIRE:   95 00:40:37 -1966526.625000        0.193035
FIRE:   96 00:40:37 -1966530.000000        0.201387
FIRE:   97 00:40:37 -1966530.000000        0.182284
FIRE:   98 00:40:37 -1966527.625000        0.173980
FIRE:   99 00:40:37 -1966526.625000        0.169325
FIRE:  100 00:40:37 -1966526.625000        0.163852
FIRE:  101 00:40:37 -1966526.500000        0.157501
FIRE:  102 00:40:38 -1966526.250000        0.150333
FIRE:  103 00:40:38 -1966530.000000        0.147094
FIRE:  104 00:40:38 -1966527.750000        0.149472
FIRE:  105 00:40:38 -1966527.750000        0.151817
FIRE:  106 00:40:38 -1966528.500000        0.153899
FIRE:  107 00:40:38 -1966528.750000        0.155403
FIRE:  108 00:40:38 -1966527.750000        0.157036
FIRE:  109 00:40:38 -1966528.000000        0.166462
FIRE:  110 00:40:38 -1966527.750000        0.179203
FIRE:  111 00:40:38 -1966528.625000        0.186386
FIRE:  112 00:40:38 -1966531.000000        0.171691
FIRE:  113 00:40:38 -1966525.500000        0.228414
FIRE:  114 00:40:38 -1966527.125000        0.576686
FIRE:  115 00:40:38 -1966526.875000        1.536996
FIRE:  116 00:40:39 -1966525.750000        0.160123
FIRE:  117 00:40:39 -1966527.000000        1.456171
FIRE:  118 00:40:39 -1966526.875000        1.073121
FIRE:  119 00:40:39 -1966525.750000        0.444333
FIRE:  120 00:40:39 -1966525.750000        0.314378
FIRE:  121 00:40:39 -1966525.750000        0.300230
FIRE:  122 00:40:39 -1966525.750000        0.272906
FIRE:  123 00:40:39 -1966525.750000        0.234542
FIRE:  124 00:40:39 -1966525.750000        0.188681
FIRE:  125 00:40:39 -1966525.750000        0.140934
FIRE:  126 00:40:39 -1966526.875000        0.139201
FIRE:  127 00:40:39 -1966526.875000        0.138918
FIRE:  128 00:40:39 -1966525.750000        0.175750
FIRE:  129 00:40:39 -1966525.750000        0.207831
FIRE:  130 00:40:40 -1966527.000000        0.214816
FIRE:  131 00:40:40 -1966526.875000        0.190527
FIRE:  132 00:40:40 -1966525.750000        0.136530
FIRE:  133 00:40:40 -1966525.750000        0.136867
FIRE:  134 00:40:40 -1966525.750000        0.155149
FIRE:  135 00:40:40 -1966525.750000        0.177317
FIRE:  136 00:40:40 -1966526.875000        0.147608
FIRE:  137 00:40:40 -1966525.750000        0.138085
FIRE:  138 00:40:40 -1966527.000000        0.172477
FIRE:  139 00:40:40 -1966525.875000        0.151218
FIRE:  140 00:40:40 -1966527.125000        0.137042
FIRE:  141 00:40:40 -1966527.000000        0.159892
FIRE:  142 00:40:40 -1966527.125000        0.134162
FIRE:  143 00:40:40 -1966527.375000        0.153542
FIRE:  144 00:40:41 -1966531.375000        0.160028
FIRE:  145 00:40:41 -1966531.000000        0.126700
FIRE:  146 00:40:41 -1966527.375000        0.128769
FIRE:  147 00:40:41 -1966527.250000        0.217658
FIRE:  148 00:40:41 -1966527.500000        0.617104
FIRE:  149 00:40:41 -1966527.500000        1.636460
FIRE:  150 00:40:41 -1966529.375000        0.148722
FIRE:  151 00:40:41 -1966527.500000        1.590891
FIRE:  152 00:40:41 -1966527.625000        1.156066
FIRE:  153 00:40:41 -1966527.625000        0.472790
FIRE:  154 00:40:41 -1966529.125000        0.358902
FIRE:  155 00:40:41 -1966527.625000        0.337645
FIRE:  156 00:40:41 -1966527.625000        0.296371
FIRE:  157 00:40:42 -1966527.625000        0.237678
FIRE:  158 00:40:42 -1966527.625000        0.181615
FIRE:  159 00:40:42 -1966527.625000        0.123610
FIRE:  160 00:40:42 -1966527.500000        0.116398
FIRE:  161 00:40:42 -1966527.625000        0.124091
FIRE:  162 00:40:42 -1966527.500000        0.179550
FIRE:  163 00:40:42 -1966527.500000        0.215953
FIRE:  164 00:40:42 -1966527.625000        0.223536
FIRE:  165 00:40:42 -1966527.625000        0.195268
FIRE:  166 00:40:42 -1966527.625000        0.130597
FIRE:  167 00:40:42 -1966527.500000        0.117030
FIRE:  168 00:40:42 -1966527.625000        0.140652
FIRE:  169 00:40:42 -1966527.625000        0.169608
FIRE:  170 00:40:42 -1966527.625000        0.138582
FIRE:  171 00:40:42 -1966527.625000        0.116918
FIRE:  172 00:40:43 -1966527.625000        0.162235
FIRE:  173 00:40:43 -1966527.625000        0.147472
FIRE:  174 00:40:43 -1966527.750000        0.115029
FIRE:  175 00:40:43 -1966527.750000        0.152345
FIRE:  176 00:40:43 -1966527.750000        0.112295
FIRE:  177 00:40:43 -1966527.750000        0.159222
FIRE:  178 00:40:43 -1966527.750000        0.137305
FIRE:  179 00:40:43 -1966527.875000        0.119948
FIRE:  180 00:40:43 -1966527.875000        0.160218
FIRE:  181 00:40:43 -1966527.875000        0.238390
FIRE:  182 00:40:43 -1966528.750000        0.721193
FIRE:  183 00:40:43 -1966526.750000        1.806049
FIRE:  184 00:40:43 -1966528.125000        0.177367
FIRE:  185 00:40:43 -1966526.875000        1.909736
FIRE:  186 00:40:44 -1966526.875000        1.385460
FIRE:  187 00:40:44 -1966526.875000        0.523635
FIRE:  188 00:40:44 -1966526.875000        0.437788
FIRE:  189 00:40:44 -1966526.875000        0.412357
FIRE:  190 00:40:44 -1966526.875000        0.367385
FIRE:  191 00:40:44 -1966526.875000        0.303349
FIRE:  192 00:40:44 -1966526.875000        0.224973
FIRE:  193 00:40:44 -1966526.875000        0.177857
FIRE:  194 00:40:44 -1966526.875000        0.177950
FIRE:  195 00:40:44 -1966526.875000        0.178092
FIRE:  196 00:40:44 -1966526.875000        0.238835
FIRE:  197 00:40:44 -1966526.875000        0.287303
FIRE:  198 00:40:44 -1966526.875000        0.293103
FIRE:  199 00:40:44 -1966526.875000        0.246753
FIRE:  200 00:40:45 -1966526.875000        0.180668
FIRE:  201 00:40:45 -1966526.875000        0.181790
FIRE:  202 00:40:45 -1966526.875000        0.183601
FIRE:  203 00:40:45 -1966526.875000        0.211078
FIRE:  204 00:40:45 -1966526.875000        0.188624
FIRE:  205 00:40:45 -1966526.875000        0.191792
FIRE:  206 00:40:45 -1966526.875000        0.209761
FIRE:  207 00:40:45 -1966527.000000        0.200375
FIRE:  208 00:40:45 -1966527.000000        0.205919
FIRE:  209 00:40:45 -1966527.000000        0.211945
FIRE:  210 00:40:45 -1966527.000000        0.204175
FIRE:  211 00:40:45 -1966527.000000        0.187229
FIRE:  212 00:40:45 -1966527.125000        0.181180
FIRE:  213 00:40:45 -1966527.125000        0.158187
FIRE:  214 00:40:46 -1966527.125000        0.152890
FIRE:  215 00:40:46 -1966528.500000        0.197486
FIRE:  216 00:40:46 -1966530.375000        0.637372
FIRE:  217 00:40:46 -1966530.875000        1.751265
FIRE:  218 00:40:46 -1966528.625000        0.279000
FIRE:  219 00:40:46 -1966532.625000        0.280787
FIRE:  220 00:40:46 -1966530.250000        0.284548
FIRE:  221 00:40:46 -1966530.625000        0.290657
FIRE:  222 00:40:46 -1966528.625000        0.297162
FIRE:  223 00:40:46 -1966530.875000        0.305378
FIRE:  224 00:40:46 -1966527.375000        0.316394
FIRE:  225 00:40:46 -1966527.375000        0.330576
FIRE:  226 00:40:46 -1966527.375000        0.350391
FIRE:  227 00:40:46 -1966527.375000        0.360947
FIRE:  228 00:40:47 -1966527.375000        0.375268
FIRE:  229 00:40:47 -1966527.375000        0.364429
FIRE:  230 00:40:47 -1966527.500000        0.337575
FIRE:  231 00:40:47 -1966527.500000        0.308525
FIRE:  232 00:40:47 -1966530.625000        0.275761
FIRE:  233 00:40:47 -1966527.500000        0.235375
FIRE:  234 00:40:47 -1966530.625000        0.182754
FIRE:  235 00:40:47 -1966528.750000        0.179377
FIRE:  236 00:40:47 -1966528.875000        0.187106
FIRE:  237 00:40:47 -1966533.250000        0.397713
FIRE:  238 00:40:47 -1966530.875000        1.090234
FIRE:  239 00:40:47 -1966529.000000        2.911125
FIRE:  240 00:40:47 -1966530.875000        0.330540
FIRE:  241 00:40:47 -1966531.125000        3.007312
FIRE:  242 00:40:48 -1966530.750000        2.122834
FIRE:  243 00:40:48 -1966531.375000        0.712505
FIRE:  244 00:40:48 -1966531.000000        0.740721
FIRE:  245 00:40:48 -1966531.000000        0.697235
FIRE:  246 00:40:48 -1966531.000000        0.612608
FIRE:  247 00:40:48 -1966531.250000        0.491550
FIRE:  248 00:40:48 -1966529.125000        0.341876
FIRE:  249 00:40:48 -1966530.750000        0.175094
FIRE:  250 00:40:48 -1966529.125000        0.149047
FIRE:  251 00:40:48 -1966533.500000        0.158122
FIRE:  252 00:40:48 -1966530.875000        0.287741
FIRE:  253 00:40:48 -1966531.375000        0.371831
FIRE:  254 00:40:48 -1966531.000000        0.387331
FIRE:  255 00:40:48 -1966531.375000        0.318291
FIRE:  256 00:40:49 -1966531.375000        0.174181
FIRE:  257 00:40:49 -1966530.875000        0.113816
FIRE:  258 00:40:49 -1966529.125000        0.249509
FIRE:  259 00:40:49 -1966531.000000        0.330694
FIRE:  260 00:40:49 -1966531.375000        0.240180
FIRE:  261 00:40:49 -1966529.125000        0.107955
FIRE:  262 00:40:49 -1966530.875000        0.240209
FIRE:  263 00:40:49 -1966531.000000        0.205056
FIRE:  264 00:40:49 -1966531.375000        0.116145
FIRE:  265 00:40:49 -1966529.125000        0.264808
FIRE:  266 00:40:49 -1966530.625000        0.098005
FIRE:  267 00:40:49 -1966533.750000        0.283944
FIRE:  268 00:40:49 -1966533.250000        0.308891
FIRE:  269 00:40:49 -1966531.250000        0.295611
FIRE:  270 00:40:50 -1966531.125000        0.433638
FIRE:  271 00:40:50 -1966534.125000        0.521516
FIRE:  272 00:40:50 -1966533.875000        1.003508
FIRE:  273 00:40:50 -1966533.875000        2.277916
FIRE:  274 00:40:50 -1966534.125000        0.148288
FIRE:  275 00:40:50 -1966534.250000        2.345411
FIRE:  276 00:40:50 -1966534.250000        1.655853
FIRE:  277 00:40:50 -1966534.250000        0.541337
FIRE:  278 00:40:50 -1966533.875000        0.621138
FIRE:  279 00:40:50 -1966533.875000        0.583081
FIRE:  280 00:40:50 -1966533.750000        0.508988
FIRE:  281 00:40:50 -1966534.125000        0.403231
FIRE:  282 00:40:50 -1966533.500000        0.272600
FIRE:  283 00:40:50 -1966533.875000        0.126929
FIRE:  284 00:40:50 -1966534.000000        0.086289
FIRE:  285 00:40:51 -1966534.000000        0.152203
FIRE:  286 00:40:51 -1966533.750000        0.258274
FIRE:  287 00:40:51 -1966533.625000        0.322068
FIRE:  288 00:40:51 -1966533.500000        0.327245
FIRE:  289 00:40:51 -1966533.750000        0.262219
FIRE:  290 00:40:51 -1966533.750000        0.131751
FIRE:  291 00:40:51 -1966533.875000        0.084127
FIRE:  292 00:40:51 -1966534.250000        0.214298
FIRE:  293 00:40:51 -1966529.375000        0.275429
FIRE:  294 00:40:51 -1966533.125000        0.193434
FIRE:  295 00:40:51 -1966534.125000        0.083421
FIRE:  296 00:40:51 -1966533.875000        0.201179
FIRE:  297 00:40:51 -1966533.750000        0.168097
FIRE:  298 00:40:51 -1966533.750000        0.094766
FIRE:  299 00:40:52 -1966534.375000        0.220165
FIRE:  300 00:40:52 -1966533.875000        0.073073
FIRE:  301 00:40:52 -1966531.375000        0.187580
FIRE:  302 00:40:52 -1966531.250000        0.174605
FIRE:  303 00:40:52 -1966531.625000        0.069294
FIRE:  304 00:40:52 -1966531.250000        0.144227
FIRE:  305 00:40:52 -1966529.500000        0.424865
FIRE:  306 00:40:52 -1966529.500000        1.027172
FIRE:  307 00:40:52 -1966531.250000        2.548102
FIRE:  308 00:40:52 -1966529.625000        0.104895
FIRE:  309 00:40:52 -1966531.500000        2.707912
FIRE:  310 00:40:52 -1966529.625000        1.871110
FIRE:  311 00:40:52 -1966531.125000        0.545588
FIRE:  312 00:40:52 -1966529.625000        0.799658
FIRE:  313 00:40:53 -1966531.125000        0.749334
FIRE:  314 00:40:53 -1966531.625000        0.651437
FIRE:  315 00:40:53 -1966529.500000        0.511462
FIRE:  316 00:40:53 -1966531.375000        0.338159
FIRE:  317 00:40:53 -1966531.750000        0.144126
FIRE:  318 00:40:53 -1966529.625000        0.085322
FIRE:  319 00:40:53 -1966529.625000        0.224235
FIRE:  320 00:40:53 -1966529.500000        0.358321
FIRE:  321 00:40:53 -1966531.500000        0.434093
FIRE:  322 00:40:53 -1966529.625000        0.432098
FIRE:  323 00:40:53 -1966529.625000        0.339450
FIRE:  324 00:40:53 -1966531.125000        0.158672
FIRE:  325 00:40:53 -1966529.500000        0.110089
FIRE:  326 00:40:53 -1966529.625000        0.281925
FIRE:  327 00:40:54 -1966529.500000        0.353516
FIRE:  328 00:40:54 -1966529.625000        0.243982
FIRE:  329 00:40:54 -1966531.625000        0.110380
FIRE:  330 00:40:54 -1966531.125000        0.264667
FIRE:  331 00:40:54 -1966531.250000        0.221712
FIRE:  332 00:40:54 -1966531.500000        0.108579
FIRE:  333 00:40:54 -1966529.625000        0.280669
FIRE:  334 00:40:54 -1966529.625000        0.161736
FIRE:  335 00:40:54 -1966531.125000        0.256784
FIRE:  336 00:40:54 -1966531.250000        0.175940
FIRE:  337 00:40:54 -1966532.125000        0.159543
FIRE:  338 00:40:54 -1966531.000000        0.266374
FIRE:  339 00:40:54 -1966531.750000        0.597930
FIRE:  340 00:40:54 -1966533.750000        1.271109
FIRE:  341 00:40:55 -1966534.375000        0.142495
FIRE:  342 00:40:55 -1966533.875000        1.049139
FIRE:  343 00:40:55 -1966534.250000        0.826585
FIRE:  344 00:40:55 -1966534.125000        0.421501
FIRE:  345 00:40:55 -1966534.250000        0.094313
FIRE:  346 00:40:55 -1966533.875000        0.511996
FIRE:  347 00:40:55 -1966534.125000        0.481206
FIRE:  348 00:40:55 -1966534.125000        0.421522
FIRE:  349 00:40:55 -1966534.250000        0.337191
FIRE:  350 00:40:55 -1966534.500000        0.233943
FIRE:  351 00:40:55 -1966533.750000        0.123858
FIRE:  352 00:40:55 -1966534.125000        0.089042
FIRE:  353 00:40:55 -1966534.125000        0.103756
FIRE:  354 00:40:55 -1966534.000000        0.194713
FIRE:  355 00:40:56 -1966534.000000        0.258718
FIRE:  356 00:40:56 -1966534.125000        0.283142
FIRE:  357 00:40:56 -1966534.250000        0.257422
FIRE:  358 00:40:56 -1966534.250000        0.176204
FIRE:  359 00:40:56 -1966534.500000        0.089950
FIRE:  360 00:40:56 -1966534.250000        0.109681
FIRE:  361 00:40:56 -1966533.500000        0.192313
FIRE:  362 00:40:56 -1966534.250000        0.180527
FIRE:  363 00:40:56 -1966533.500000        0.091423
FIRE:  364 00:40:56 -1966529.625000        0.132191
FIRE:  365 00:40:56 -1966531.375000        0.197064
FIRE:  366 00:40:56 -1966531.125000        0.093621
FIRE:  367 00:40:56 -1966531.375000        0.150428
FIRE:  368 00:40:56 -1966531.375000        0.104161
FIRE:  369 00:40:57 -1966529.750000        0.175600
FIRE:  370 00:40:57 -1966534.625000        0.100159
FIRE:  371 00:40:57 -1966531.875000        0.199842
FIRE:  372 00:40:57 -1966531.625000        0.256359
FIRE:  373 00:40:57 -1966528.625000        0.256955
FIRE:  374 00:40:57 -1966528.625000        0.489247
FIRE:  375 00:40:57 -1966529.875000        1.229570
FIRE:  376 00:40:57 -1966529.875000        3.272292
FIRE:  377 00:40:57 -1966534.250000        0.135159
FIRE:  378 00:40:57 -1966530.000000        0.135324
FIRE:  379 00:40:57 -1966530.000000        0.135658
FIRE:  380 00:40:57 -1966530.250000        0.136146
FIRE:  381 00:40:57 -1966530.000000        0.136764
FIRE:  382 00:40:57 -1966530.000000        0.137477
FIRE:  383 00:40:57 -1966530.000000        0.138243
FIRE:  384 00:40:58 -1966530.125000        0.139033
FIRE:  385 00:40:58 -1966531.875000        0.139960
FIRE:  386 00:40:58 -1966529.875000        0.141089
FIRE:  387 00:40:58 -1966530.000000        0.142560
FIRE:  388 00:40:58 -1966534.375000        0.144515
FIRE:  389 00:40:58 -1966534.875000        0.147069
FIRE:  390 00:40:58 -1966534.125000        0.150320
FIRE:  391 00:40:58 -1966534.375000        0.154483
FIRE:  392 00:40:58 -1966534.875000        0.160169
FIRE:  393 00:40:58 -1966530.000000        0.168679
FIRE:  394 00:40:58 -1966530.000000        0.171362
FIRE:  395 00:40:58 -1966530.000000        0.169620
FIRE:  396 00:40:58 -1966530.125000        0.164816
FIRE:  397 00:40:58 -1966530.250000        0.358365
FIRE:  398 00:40:58 -1966530.125000        1.073161
FIRE:  399 00:40:58 -1966528.875000        0.139034
FIRE:  400 00:40:58 -1966528.875000        0.139137
FIRE:  401 00:40:58 -1966528.875000        0.139372
FIRE:  402 00:40:59 -1966528.875000        0.139744
FIRE:  403 00:40:59 -1966528.875000        0.140206
FIRE:  404 00:40:59 -1966528.875000        0.140588
FIRE:  405 00:40:59 -1966528.875000        0.140703
FIRE:  406 00:40:59 -1966528.875000        0.140349
FIRE:  407 00:40:59 -1966528.875000        0.139370
FIRE:  408 00:40:59 -1966528.875000        0.137745
FIRE:  409 00:40:59 -1966528.875000        0.135689
FIRE:  410 00:40:59 -1966528.875000        0.133489
FIRE:  411 00:40:59 -1966528.875000        0.131408
FIRE:  412 00:40:59 -1966528.875000        0.129464
FIRE:  413 00:40:59 -1966528.875000        0.127008
FIRE:  414 00:40:59 -1966528.875000        0.122532
FIRE:  415 00:40:59 -1966528.875000        0.115581
FIRE:  416 00:40:59 -1966529.000000        0.107827
FIRE:  417 00:40:59 -1966529.000000        0.100146
FIRE:  418 00:40:59 -1966529.000000        0.090177
FIRE:  419 00:41:00 -1966529.000000        0.087176
FIRE:  420 00:41:00 -1966529.000000        0.236497
FIRE:  421 00:41:00 -1966529.000000        0.982899
FIRE:  422 00:41:00 -1966529.000000        4.297075
FIRE:  423 00:41:00 -1966529.125000        1.885699
FIRE:  424 00:41:00 -1966529.125000        1.316916
FIRE:  425 00:41:00 -1966529.125000        0.295696
FIRE:  426 00:41:00 -1966529.125000        0.898282
FIRE:  427 00:41:00 -1966529.125000        0.819833
FIRE:  428 00:41:00 -1966529.125000        0.670858
FIRE:  429 00:41:00 -1966529.125000        0.466625
FIRE:  430 00:41:00 -1966529.125000        0.227416
FIRE:  431 00:41:00 -1966529.125000        0.069649
FIRE:  432 00:41:00 -1966529.125000        0.234820
FIRE:  433 00:41:00 -1966529.125000        0.229853
FIRE:  434 00:41:00 -1966529.125000        0.219884
FIRE:  435 00:41:00 -1966529.125000        0.205150
FIRE:  436 00:41:00 -1966529.125000        0.186153
FIRE:  437 00:41:01 -1966529.125000        0.163130
FIRE:  438 00:41:01 -1966529.125000        0.138518
FIRE:  439 00:41:01 -1966529.125000        0.113800
FIRE:  440 00:41:01 -1966529.125000        0.084832
FIRE:  441 00:41:01 -1966532.750000        0.069221
FIRE:  442 00:41:01 -1966529.125000        0.069154
FIRE:  443 00:41:01 -1966529.125000        0.069055
FIRE:  444 00:41:01 -1966529.125000        0.085639
FIRE:  445 00:41:01 -1966529.125000        0.113399
FIRE:  446 00:41:01 -1966529.125000        0.126499
FIRE:  447 00:41:01 -1966529.125000        0.120139
FIRE:  448 00:41:01 -1966529.125000        0.091308
FIRE:  449 00:41:01 -1966529.125000        0.067524
FIRE:  450 00:41:01 -1966529.125000        0.066993
FIRE:  451 00:41:01 -1966529.125000        0.072623
FIRE:  452 00:41:01 -1966529.125000        0.091233
FIRE:  453 00:41:01 -1966529.125000        0.064530
FIRE:  454 00:41:02 -1966529.125000        0.064377
FIRE:  455 00:41:02 -1966529.125000        0.076365
FIRE:  456 00:41:02 -1966529.125000        0.074141
FIRE:  457 00:41:02 -1966529.125000        0.064258
FIRE:  458 00:41:02 -1966529.125000        0.074606
FIRE:  459 00:41:02 -1966529.125000        0.065189
FIRE:  460 00:41:02 -1966529.125000        0.084714
FIRE:  461 00:41:02 -1966529.125000        0.067679
FIRE:  462 00:41:02 -1966529.125000        0.068709
FIRE:  463 00:41:02 -1966529.250000        0.118583
FIRE:  464 00:41:02 -1966529.250000        0.153151
FIRE:  465 00:41:02 -1966529.250000        0.287293
FIRE:  466 00:41:02 -1966529.250000        0.652788
FIRE:  467 00:41:02 -1966529.250000        1.818204
FIRE:  468 00:41:02 -1966529.250000        0.284920
FIRE:  469 00:41:02 -1966529.250000        0.209757
FIRE:  470 00:41:03 -1966529.250000        0.079969
FIRE:  471 00:41:03 -1966529.250000        0.077902
FIRE:  472 00:41:03 -1966529.250000        0.179821
FIRE:  473 00:41:03 -1966529.250000        0.208716
FIRE:  474 00:41:03 -1966529.250000        0.160416
FIRE:  475 00:41:03 -1966529.250000        0.070038
FIRE:  476 00:41:03 -1966529.250000        0.093379
FIRE:  477 00:41:03 -1966529.250000        0.167747
FIRE:  478 00:41:03 -1966529.250000        0.130318
FIRE:  479 00:41:03 -1966529.250000        0.069979
FIRE:  480 00:41:03 -1966529.250000        0.143573
FIRE:  481 00:41:03 -1966529.250000        0.083403
FIRE:  482 00:41:03 -1966529.250000        0.128082
FIRE:  483 00:41:03 -1966529.250000        0.081500
FIRE:  484 00:41:03 -1966529.250000        0.155729
FIRE:  485 00:41:03 -1966529.375000        0.068994
FIRE:  486 00:41:03 -1966529.375000        0.148129
FIRE:  487 00:41:04 -1966529.375000        0.239744
FIRE:  488 00:41:04 -1966529.375000        0.483154
FIRE:  489 00:41:04 -1966529.375000        1.129808
FIRE:  490 00:41:04 -1966529.375000        0.137370
FIRE:  491 00:41:04 -1966529.375000        0.073238
FIRE:  492 00:41:04 -1966529.375000        0.073230
FIRE:  493 00:41:04 -1966529.375000        0.073213
FIRE:  494 00:41:04 -1966529.375000        0.073170
FIRE:  495 00:41:04 -1966529.375000        0.073101
FIRE:  496 00:41:04 -1966529.375000        0.073018
FIRE:  497 00:41:04 -1966529.375000        0.083505
FIRE:  498 00:41:04 -1966529.375000        0.072854
FIRE:  499 00:41:04 -1966529.375000        0.072797
FIRE:  500 00:41:04 -1966529.375000        0.072772
FIRE:  501 00:41:04 -1966529.375000        0.083105
FIRE:  502 00:41:04 -1966529.375000        0.072828
FIRE:  503 00:41:04 -1966529.375000        0.072932
FIRE:  504 00:41:05 -1966529.375000        0.106814
FIRE:  505 00:41:05 -1966529.375000        0.086818
FIRE:  506 00:41:05 -1966529.375000        0.074186
FIRE:  507 00:41:05 -1966529.375000        0.074828
FIRE:  508 00:41:05 -1966529.375000        0.102701
FIRE:  509 00:41:05 -1966532.125000        0.154583
FIRE:  510 00:41:05 -1966532.000000        0.238502
FIRE:  511 00:41:05 -1966530.750000        0.587618
FIRE:  512 00:41:05 -1966530.750000        1.621311
FIRE:  513 00:41:05 -1966534.750000        0.140605
FIRE:  514 00:41:05 -1966530.625000        0.105519
FIRE:  515 00:41:05 -1966532.625000        0.065088
FIRE:  516 00:41:05 -1966530.750000        0.065464
FIRE:  517 00:41:05 -1966532.625000        0.077594
FIRE:  518 00:41:05 -1966534.750000        0.095510
FIRE:  519 00:41:05 -1966532.375000        0.078327
FIRE:  520 00:41:05 -1966530.750000        0.066949
FIRE:  521 00:41:05 -1966530.750000        0.067355
FIRE:  522 00:41:06 -1966530.750000        0.086150
FIRE:  523 00:41:06 -1966532.375000        0.068165
FIRE:  524 00:41:06 -1966532.000000        0.069087
FIRE:  525 00:41:06 -1966532.375000        0.070158
FIRE:  526 00:41:06 -1966532.125000        0.071025
FIRE:  527 00:41:06 -1966532.500000        0.071771
FIRE:  528 00:41:06 -1966532.375000        0.072110
FIRE:  529 00:41:06 -1966531.875000        0.076525
FIRE:  530 00:41:06 -1966530.750000        0.071832
FIRE:  531 00:41:06 -1966530.750000        0.071299
FIRE:  532 00:41:06 -1966530.750000        0.070610
FIRE:  533 00:41:06 -1966532.125000        0.101887
FIRE:  534 00:41:06 -1966530.750000        0.375220
FIRE:  535 00:41:06 -1966530.750000        1.328331
FIRE:  536 00:41:06 -1966532.875000        0.175001
FIRE:  537 00:41:06 -1966530.875000        0.123290
FIRE:  538 00:41:07 -1966532.625000        0.071454
FIRE:  539 00:41:07 -1966530.750000        0.081654
FIRE:  540 00:41:07 -1966532.125000        0.136741
FIRE:  541 00:41:07 -1966532.500000        0.140806
FIRE:  542 00:41:07 -1966532.125000        0.096130
FIRE:  543 00:41:07 -1966532.875000        0.081953
FIRE:  544 00:41:07 -1966530.875000        0.088045
FIRE:  545 00:41:07 -1966532.375000        0.104812
FIRE:  546 00:41:07 -1966530.875000        0.096723
FIRE:  547 00:41:07 -1966532.500000        0.104321
FIRE:  548 00:41:07 -1966532.125000        0.112348
FIRE:  549 00:41:07 -1966532.000000        0.118744
FIRE:  550 00:41:07 -1966532.500000        0.112058
FIRE:  551 00:41:07 -1966532.250000        0.070908
FIRE:  552 00:41:08 -1966532.500000        0.137149
FIRE:  553 00:41:08 -1966532.500000        0.102917
FIRE:  554 00:41:08 -1966533.000000        0.143826
FIRE:  555 00:41:08 -1966532.625000        0.211559
FIRE:  556 00:41:08 -1966530.875000        0.587536
FIRE:  557 00:41:08 -1966532.500000        1.526803
FIRE:  558 00:41:08 -1966532.500000        0.104001
FIRE:  559 00:41:08 -1966535.250000        0.077904
FIRE:  560 00:41:08 -1966533.125000        0.070146
FIRE:  561 00:41:08 -1966533.250000        0.069976
FIRE:  562 00:41:08 -1966530.875000        0.069897
FIRE:  563 00:41:08 -1966532.500000        0.069867
FIRE:  564 00:41:08 -1966532.500000        0.069880
FIRE:  565 00:41:08 -1966532.500000        0.069971
FIRE:  566 00:41:09 -1966532.500000        0.070145
FIRE:  567 00:41:09 -1966532.375000        0.070276
FIRE:  568 00:41:09 -1966531.000000        0.070229
FIRE:  569 00:41:09 -1966531.000000        0.070069
FIRE:  570 00:41:09 -1966532.250000        0.070047
FIRE:  571 00:41:09 -1966532.250000        0.070250
FIRE:  572 00:41:09 -1966530.875000        0.070643
FIRE:  573 00:41:09 -1966532.125000        0.070675
FIRE:  574 00:41:09 -1966532.250000        0.070763
FIRE:  575 00:41:09 -1966532.750000        0.071570
FIRE:  576 00:41:09 -1966531.000000        0.071710
FIRE:  577 00:41:09 -1966531.000000        0.097607
FIRE:  578 00:41:09 -1966532.625000        0.212036
FIRE:  579 00:41:09 -1966530.875000        0.835765
FIRE:  580 00:41:10 -1966531.000000        2.502862
FIRE:  581 00:41:10 -1966531.000000        0.282793
FIRE:  582 00:41:10 -1966532.125000        0.206244
FIRE:  583 00:41:10 -1966531.000000        0.079191
FIRE:  584 00:41:10 -1966532.625000        0.101194
FIRE:  585 00:41:10 -1966532.375000        0.168344
FIRE:  586 00:41:10 -1966532.125000        0.173365
FIRE:  587 00:41:10 -1966530.875000        0.119020
FIRE:  588 00:41:10 -1966532.250000        0.072724
FIRE:  589 00:41:10 -1966532.375000        0.120647
FIRE:  590 00:41:10 -1966531.000000        0.162684
FIRE:  591 00:41:10 -1966531.000000        0.091699
FIRE:  592 00:41:10 -1966531.000000        0.086468
FIRE:  593 00:41:11 -1966531.000000        0.130309
FIRE:  594 00:41:11 -1966532.375000        0.073061
FIRE:  595 00:41:11 -1966532.750000        0.146859
FIRE:  596 00:41:11 -1966531.000000        0.072712
FIRE:  597 00:41:11 -1966532.625000        0.111198
FIRE:  598 00:41:11 -1966531.125000        0.167198
FIRE:  599 00:41:11 -1966532.625000        0.149591
FIRE:  600 00:41:11 -1966531.125000        0.248131
FIRE:  601 00:41:11 -1966533.750000        0.546285
FIRE:  602 00:41:11 -1966532.250000        1.728713
FIRE:  603 00:41:11 -1966531.125000        0.212200
FIRE:  604 00:41:11 -1966531.125000        0.163493
FIRE:  605 00:41:11 -1966531.125000        0.080965
FIRE:  606 00:41:11 -1966532.750000        0.077074
FIRE:  607 00:41:12 -1966531.125000        0.156361
FIRE:  608 00:41:12 -1966531.000000        0.180303
FIRE:  609 00:41:12 -1966532.500000        0.142574
FIRE:  610 00:41:12 -1966531.125000        0.067102
FIRE:  611 00:41:12 -1966532.250000        0.080742
FIRE:  612 00:41:12 -1966532.625000        0.128672
FIRE:  613 00:41:12 -1966531.125000        0.102335
FIRE:  614 00:41:12 -1966532.750000        0.067020
FIRE:  615 00:41:12 -1966531.125000        0.136987
FIRE:  616 00:41:12 -1966531.125000        0.068414
FIRE:  617 00:41:12 -1966531.125000        0.112084
FIRE:  618 00:41:12 -1966532.250000        0.159702
FIRE:  619 00:41:12 -1966532.250000        0.135986
FIRE:  620 00:41:13 -1966531.125000        0.143618
FIRE:  621 00:41:13 -1966532.250000        0.276492
FIRE:  622 00:41:13 -1966531.125000        0.347431
FIRE:  623 00:41:13 -1966531.125000        0.370778
FIRE:  624 00:41:13 -1966532.875000        0.616314
FIRE:  625 00:41:13 -1966532.250000        1.669475
FIRE:  626 00:41:13 -1966532.375000        0.236706
FIRE:  627 00:41:13 -1966531.250000        0.164598
FIRE:  628 00:41:13 -1966531.250000        0.109662
FIRE:  629 00:41:13 -1966532.875000        0.109988
FIRE:  630 00:41:13 -1966532.500000        0.144651
FIRE:  631 00:41:13 -1966532.750000        0.144067
FIRE:  632 00:41:13 -1966531.125000        0.124862
FIRE:  633 00:41:13 -1966532.875000        0.160207
FIRE:  634 00:41:14 -1966531.250000        0.110823
FIRE:  635 00:41:14 -1966532.875000        0.136567
FIRE:  636 00:41:14 -1966531.250000        0.080985
FIRE:  637 00:41:14 -1966532.750000        0.079411
FIRE:  638 00:41:14 -1966531.250000        0.113303
FIRE:  639 00:41:14 -1966532.375000        0.151456
FIRE:  640 00:41:14 -1966532.875000        0.127722
FIRE:  641 00:41:14 -1966532.750000        0.075089
FIRE:  642 00:41:14 -1966531.250000        0.194948
FIRE:  643 00:41:14 -1966531.250000        0.229391
FIRE:  644 00:41:14 -1966532.375000        0.156231
FIRE:  645 00:41:14 -1966532.375000        0.206139
FIRE:  646 00:41:14 -1966532.375000        0.360126
FIRE:  647 00:41:15 -1966532.500000        1.087599
FIRE:  648 00:41:15 -1966531.250000        0.101257
FIRE:  649 00:41:15 -1966531.250000        0.946052
FIRE:  650 00:41:15 -1966532.875000        0.707103
FIRE:  651 00:41:15 -1966532.375000        0.302085
FIRE:  652 00:41:15 -1966531.250000        0.170834
FIRE:  653 00:41:15 -1966532.875000        0.162356
FIRE:  654 00:41:15 -1966531.250000        0.145975
FIRE:  655 00:41:15 -1966532.375000        0.122611
FIRE:  656 00:41:15 -1966532.750000        0.094013
FIRE:  657 00:41:15 -1966532.750000        0.076439
FIRE:  658 00:41:15 -1966532.625000        0.076368
FIRE:  659 00:41:15 -1966532.625000        0.076261
FIRE:  660 00:41:15 -1966532.375000        0.076155
FIRE:  661 00:41:16 -1966532.375000        0.082923
FIRE:  662 00:41:16 -1966531.125000        0.086189
FIRE:  663 00:41:16 -1966532.750000        0.077292
FIRE:  664 00:41:16 -1966533.000000        0.075544
FIRE:  665 00:41:16 -1966532.875000        0.094334
FIRE:  666 00:41:16 -1966531.125000        0.124586
FIRE:  667 00:41:16 -1966531.250000        0.075346
FIRE:  668 00:41:16 -1966531.250000        0.075380
FIRE:  669 00:41:16 -1966532.500000        0.075333
FIRE:  670 00:41:16 -1966535.250000        0.075171
FIRE:  671 00:41:16 -1966531.250000        0.075024
FIRE:  672 00:41:16 -1966535.000000        0.135069
FIRE:  673 00:41:16 -1966535.375000        0.093739
FIRE:  674 00:41:16 -1966535.125000        0.076451
FIRE:  675 00:41:17 -1966535.125000        0.131399
FIRE:  676 00:41:17 -1966532.875000        0.117340
FIRE:  677 00:41:17 -1966535.000000        0.074600
FIRE:  678 00:41:17 -1966535.125000        0.194533
FIRE:  679 00:41:17 -1966531.375000        0.396071
FIRE:  680 00:41:17 -1966531.375000        0.875386
FIRE:  681 00:41:17 -1966530.125000        1.754619
FIRE:  682 00:41:17 -1966530.125000        0.076336
FIRE:  683 00:41:17 -1966530.125000        0.076148
FIRE:  684 00:41:17 -1966530.125000        0.075855
FIRE:  685 00:41:17 -1966530.125000        0.075431
FIRE:  686 00:41:17 -1966530.125000        0.074973
FIRE:  687 00:41:17 -1966530.125000        0.074510
FIRE:  688 00:41:17 -1966530.125000        0.074103
FIRE:  689 00:41:18 -1966530.125000        0.073791
FIRE:  690 00:41:18 -1966530.125000        0.073621
FIRE:  691 00:41:18 -1966530.125000        0.073623
FIRE:  692 00:41:18 -1966530.125000        0.073829
FIRE:  693 00:41:18 -1966530.125000        0.074251
FIRE:  694 00:41:18 -1966530.125000        0.074739
FIRE:  695 00:41:18 -1966530.125000        0.074918
FIRE:  696 00:41:18 -1966530.125000        0.074698
FIRE:  697 00:41:18 -1966530.125000        0.074388
FIRE:  698 00:41:18 -1966530.125000        0.074513
FIRE:  699 00:41:18 -1966530.125000        0.116872
FIRE:  700 00:41:18 -1966530.250000        0.163629
FIRE:  701 00:41:18 -1966530.250000        0.254429
FIRE:  702 00:41:18 -1966530.250000        0.377677
FIRE:  703 00:41:19 -1966530.250000        0.788249
FIRE:  704 00:41:19 -1966530.250000        2.300943
FIRE:  705 00:41:19 -1966530.250000        0.335893
FIRE:  706 00:41:19 -1966530.250000        0.254378
FIRE:  707 00:41:19 -1966530.250000        0.112604
FIRE:  708 00:41:19 -1966530.250000        0.083396
FIRE:  709 00:41:19 -1966530.250000        0.170903
FIRE:  710 00:41:19 -1966530.250000        0.214496
FIRE:  711 00:41:19 -1966530.250000        0.172537
FIRE:  712 00:41:19 -1966530.250000        0.074147
FIRE:  713 00:41:19 -1966530.250000        0.077185
FIRE:  714 00:41:19 -1966530.250000        0.168498
FIRE:  715 00:41:19 -1966530.250000        0.143614
FIRE:  716 00:41:19 -1966530.250000        0.077244
FIRE:  717 00:41:20 -1966530.250000        0.144325
FIRE:  718 00:41:20 -1966530.250000        0.089016
FIRE:  719 00:41:20 -1966530.250000        0.122299
FIRE:  720 00:41:20 -1966530.250000        0.102560
FIRE:  721 00:41:20 -1966530.250000        0.153802
FIRE:  722 00:41:20 -1966530.250000        0.074539
FIRE:  723 00:41:20 -1966530.250000        0.120502
FIRE:  724 00:41:20 -1966530.250000        0.252555
FIRE:  725 00:41:20 -1966530.375000        0.530184
FIRE:  726 00:41:20 -1966530.375000        1.184308
FIRE:  727 00:41:20 -1966530.375000        0.103285
FIRE:  728 00:41:20 -1966530.375000        0.991456
FIRE:  729 00:41:20 -1966530.375000        0.772478
FIRE:  730 00:41:20 -1966530.375000        0.375317
FIRE:  731 00:41:21 -1966530.375000        0.165302
FIRE:  732 00:41:21 -1966530.375000        0.157174
FIRE:  733 00:41:21 -1966530.375000        0.141558
FIRE:  734 00:41:21 -1966530.375000        0.119622
FIRE:  735 00:41:21 -1966530.375000        0.093415
FIRE:  736 00:41:21 -1966530.375000        0.085179
FIRE:  737 00:41:21 -1966530.375000        0.085690
FIRE:  738 00:41:21 -1966530.375000        0.097815
FIRE:  739 00:41:21 -1966530.375000        0.109680
FIRE:  740 00:41:21 -1966530.375000        0.117249
FIRE:  741 00:41:21 -1966530.375000        0.117030
FIRE:  742 00:41:21 -1966530.375000        0.107723
FIRE:  743 00:41:21 -1966530.375000        0.092016
FIRE:  744 00:41:21 -1966530.375000        0.082502
FIRE:  745 00:41:22 -1966530.375000        0.085864
FIRE:  746 00:41:22 -1966530.375000        0.090944
FIRE:  747 00:41:22 -1966530.375000        0.080180
FIRE:  748 00:41:22 -1966530.375000        0.094440
FIRE:  749 00:41:22 -1966530.375000        0.108991
FIRE:  750 00:41:22 -1966530.375000        0.097042
FIRE:  751 00:41:22 -1966530.375000        0.083094
FIRE:  752 00:41:22 -1966530.375000        0.086331
FIRE:  753 00:41:22 -1966530.375000        0.111807
FIRE:  754 00:41:22 -1966530.375000        0.110314
FIRE:  755 00:41:22 -1966530.375000        0.113549
FIRE:  756 00:41:22 -1966535.500000        0.141148
FIRE:  757 00:41:22 -1966531.625000        0.132304
FIRE:  758 00:41:22 -1966533.500000        0.194325
FIRE:  759 00:41:23 -1966533.250000        0.351385
FIRE:  760 00:41:23 -1966533.500000        0.883336
FIRE:  761 00:41:23 -1966533.500000        0.198647
FIRE:  762 00:41:23 -1966533.125000        0.200065
FIRE:  763 00:41:23 -1966533.250000        0.203333
FIRE:  764 00:41:23 -1966531.750000        0.208110
FIRE:  765 00:41:23 -1966531.750000        0.212474
FIRE:  766 00:41:23 -1966531.750000        0.214289
FIRE:  767 00:41:23 -1966533.500000        0.213126
FIRE:  768 00:41:23 -1966531.750000        0.210697
FIRE:  769 00:41:23 -1966533.375000        0.209371
FIRE:  770 00:41:23 -1966533.250000        0.211032
FIRE:  771 00:41:23 -1966531.750000        0.216458
FIRE:  772 00:41:23 -1966531.750000        0.226277
FIRE:  773 00:41:24 -1966534.000000        0.235744
FIRE:  774 00:41:24 -1966531.750000        0.239612
FIRE:  775 00:41:24 -1966531.750000        0.244824
FIRE:  776 00:41:24 -1966533.625000        0.258076
FIRE:  777 00:41:24 -1966531.875000        0.272041
FIRE:  778 00:41:24 -1966531.875000        0.267164
FIRE:  779 00:41:24 -1966531.875000        0.262086
FIRE:  780 00:41:24 -1966531.875000        0.222290
FIRE:  781 00:41:24 -1966532.000000        0.166877
FIRE:  782 00:41:24 -1966532.000000        0.351210
FIRE:  783 00:41:24 -1966532.000000        1.930145
FIRE:  784 00:41:24 -1966532.000000        0.421873
FIRE:  785 00:41:24 -1966532.000000        0.298951
FIRE:  786 00:41:24 -1966532.000000        0.150559
FIRE:  787 00:41:25 -1966532.000000        0.166398
FIRE:  788 00:41:25 -1966532.000000        0.326628
FIRE:  789 00:41:25 -1966532.000000        0.351906
FIRE:  790 00:41:25 -1966533.500000        0.242591
FIRE:  791 00:41:25 -1966532.000000        0.105899
FIRE:  792 00:41:25 -1966533.500000        0.174278
FIRE:  793 00:41:25 -1966532.000000        0.241389
FIRE:  794 00:41:25 -1966532.000000        0.139409
FIRE:  795 00:41:25 -1966532.000000        0.151194
FIRE:  796 00:41:25 -1966532.000000        0.253601
FIRE:  797 00:41:25 -1966532.125000        0.110331
FIRE:  798 00:41:25 -1966536.750000        0.215516
FIRE:  799 00:41:25 -1966535.750000        0.103736
FIRE:  800 00:41:25 -1966532.125000        0.231128
FIRE:  801 00:41:26 -1966533.875000        0.242987
FIRE:  802 00:41:26 -1966536.375000        0.235823
FIRE:  803 00:41:26 -1966536.125000        0.250144
FIRE:  804 00:41:26 -1966536.250000        0.658695
FIRE:  805 00:41:26 -1966536.375000        1.679201
FIRE:  806 00:41:26 -1966536.500000        0.075374
FIRE:  807 00:41:26 -1966536.250000        0.075498
FIRE:  808 00:41:26 -1966536.375000        0.075728
FIRE:  809 00:41:26 -1966535.875000        0.076081
FIRE:  810 00:41:26 -1966533.750000        0.076565
FIRE:  811 00:41:26 -1966536.000000        0.077154
FIRE:  812 00:41:26 -1966533.750000        0.077871
FIRE:  813 00:41:26 -1966536.000000        0.078671
FIRE:  814 00:41:26 -1966536.125000        0.079671
FIRE:  815 00:41:27 -1966535.750000        0.080882
FIRE:  816 00:41:27 -1966535.875000        0.082320
FIRE:  817 00:41:27 -1966536.375000        0.083966
FIRE:  818 00:41:27 -1966536.125000        0.085836
FIRE:  819 00:41:27 -1966535.750000        0.087809
FIRE:  820 00:41:27 -1966535.875000        0.089617
FIRE:  821 00:41:27 -1966536.250000        0.090839
FIRE:  822 00:41:27 -1966536.500000        0.090762
FIRE:  823 00:41:27 -1966536.000000        0.088172
FIRE:  824 00:41:27 -1966536.375000        0.127604
FIRE:  825 00:41:27 -1966536.875000        0.225910
FIRE:  826 00:41:27 -1966536.500000        0.523222
FIRE:  827 00:41:27 -1966536.750000        1.136142
FIRE:  828 00:41:27 -1966536.375000        0.228956
FIRE:  829 00:41:28 -1966536.375000        0.197035
FIRE:  830 00:41:28 -1966536.125000        0.124667
FIRE:  831 00:41:28 -1966536.375000        0.069978
FIRE:  832 00:41:28 -1966536.375000        0.179336
FIRE:  833 00:41:28 -1966536.375000        0.250995
FIRE:  834 00:41:28 -1966536.000000        0.194316
FIRE:  835 00:41:28 -1966536.375000        0.072347
FIRE:  836 00:41:28 -1966536.375000        0.070383
FIRE:  837 00:41:28 -1966536.375000        0.121933
FIRE:  838 00:41:28 -1966536.375000        0.128154
FIRE:  839 00:41:28 -1966536.500000        0.079476
FIRE:  840 00:41:28 -1966536.750000        0.081354
FIRE:  841 00:41:28 -1966536.875000        0.161333
FIRE:  842 00:41:28 -1966536.375000        0.070337
FIRE:  843 00:41:29 -1966536.875000        0.099972
FIRE:  844 00:41:29 -1966536.000000        0.068553
FIRE:  845 00:41:29 -1966536.500000        0.127706
FIRE:  846 00:41:29 -1966531.000000        0.071223
FIRE:  847 00:41:29 -1966531.000000        0.076199
FIRE:  848 00:41:29 -1966531.125000        0.298429
FIRE:  849 00:41:29 -1966531.125000        0.544121
FIRE:  850 00:41:29 -1966531.125000        1.409110
FIRE:  851 00:41:29 -1966531.125000        0.126286
FIRE:  852 00:41:29 -1966531.125000        1.299963
FIRE:  853 00:41:29 -1966531.125000        0.957767
FIRE:  854 00:41:29 -1966531.125000        0.380235
FIRE:  855 00:41:29 -1966531.125000        0.264525
FIRE:  856 00:41:29 -1966531.125000        0.249139
FIRE:  857 00:41:30 -1966531.125000        0.219393
FIRE:  858 00:41:30 -1966531.125000        0.177026
FIRE:  859 00:41:30 -1966531.125000        0.125056
FIRE:  860 00:41:30 -1966531.125000        0.067488
FIRE:  861 00:41:30 -1966531.125000        0.056295
FIRE:  862 00:41:30 -1966531.125000        0.071275
FIRE:  863 00:41:30 -1966531.125000        0.100230
FIRE:  864 00:41:30 -1966531.125000        0.121946
FIRE:  865 00:41:30 -1966531.125000        0.129138
FIRE:  866 00:41:30 -1966531.125000        0.110169
FIRE:  867 00:41:30 -1966531.125000        0.072443
FIRE:  868 00:41:30 -1966531.125000        0.056911
FIRE:  869 00:41:30 -1966531.125000        0.080150
FIRE:  870 00:41:30 -1966531.125000        0.139949
FIRE:  871 00:41:31 -1966531.125000        0.175667
FIRE:  872 00:41:31 -1966531.125000        0.074592
FIRE:  873 00:41:31 -1966533.750000        0.131188
FIRE:  874 00:41:31 -1966531.125000        0.108363
FIRE:  875 00:41:31 -1966531.125000        0.068430
FIRE:  876 00:41:31 -1966531.125000        0.148853
FIRE:  877 00:41:31 -1966531.125000        0.059231
FIRE:  878 00:41:31 -1966536.125000        0.110878
FIRE:  879 00:41:31 -1966536.125000        0.090702
FIRE:  880 00:41:31 -1966536.125000        0.074068
FIRE:  881 00:41:31 -1966536.750000        0.064092
FIRE:  882 00:41:31 -1966536.750000        0.240122
FIRE:  883 00:41:31 -1966536.625000        0.476872
FIRE:  884 00:41:31 -1966536.625000        1.394466
FIRE:  885 00:41:32 -1966536.625000        0.082929
FIRE:  886 00:41:32 -1966536.750000        1.318883
FIRE:  887 00:41:32 -1966536.625000        0.958745
FIRE:  888 00:41:32 -1966536.625000        0.355122
FIRE:  889 00:41:32 -1966536.375000        0.310180
FIRE:  890 00:41:32 -1966536.625000        0.291741
FIRE:  891 00:41:32 -1966536.125000        0.255926
FIRE:  892 00:41:32 -1966536.125000        0.205010
FIRE:  893 00:41:32 -1966536.625000        0.142498
FIRE:  894 00:41:32 -1966536.250000        0.073241
FIRE:  895 00:41:32 -1966536.500000        0.061621
FIRE:  896 00:41:32 -1966536.750000        0.086809
FIRE:  897 00:41:32 -1966536.500000        0.121199
FIRE:  898 00:41:32 -1966536.750000        0.145439
FIRE:  899 00:41:33 -1966536.500000        0.152776
FIRE:  900 00:41:33 -1966536.250000        0.130362
FIRE:  901 00:41:33 -1966536.750000        0.132648
FIRE:  902 00:41:33 -1966536.625000        0.090335
FIRE:  903 00:41:33 -1966536.625000        0.061694
FIRE:  904 00:41:33 -1966536.375000        0.094327
FIRE:  905 00:41:33 -1966536.750000        0.091566
FIRE:  906 00:41:33 -1966536.625000        0.069817
FIRE:  907 00:41:33 -1966536.625000        0.061451
FIRE:  908 00:41:33 -1966536.875000        0.140126
FIRE:  909 00:41:33 -1966536.875000        0.061068
FIRE:  910 00:41:33 -1966531.250000        0.066651
FIRE:  911 00:41:33 -1966531.250000        0.081672
FIRE:  912 00:41:33 -1966531.250000        0.060306
FIRE:  913 00:41:34 -1966531.250000        0.087156
FIRE:  914 00:41:34 -1966531.250000        0.074925
FIRE:  915 00:41:34 -1966531.250000        0.061956
FIRE:  916 00:41:34 -1966531.250000        0.214541
FIRE:  917 00:41:34 -1966531.250000        0.266181
FIRE:  918 00:41:34 -1966531.250000        0.857686
FIRE:  919 00:41:34 -1966531.250000        0.124641
FIRE:  920 00:41:34 -1966531.250000        0.093543
FIRE:  921 00:41:34 -1966531.250000        0.077973
FIRE:  922 00:41:34 -1966531.250000        0.073381
FIRE:  923 00:41:34 -1966531.250000        0.076483
FIRE:  924 00:41:34 -1966531.250000        0.083370
FIRE:  925 00:41:34 -1966531.250000        0.060898
FIRE:  926 00:41:34 -1966531.250000        0.115990
FIRE:  927 00:41:35 -1966531.250000        0.190476
FIRE:  928 00:41:35 -1966531.250000        0.136087
FIRE:  929 00:41:35 -1966531.250000        0.115026
FIRE:  930 00:41:35 -1966536.000000        0.086348
FIRE:  931 00:41:35 -1966531.250000        0.076844
FIRE:  932 00:41:35 -1966531.250000        0.088956
FIRE:  933 00:41:35 -1966531.250000        0.096250
FIRE:  934 00:41:35 -1966531.250000        0.153018
FIRE:  935 00:41:35 -1966536.250000        0.103310
FIRE:  936 00:41:35 -1966531.250000        0.069327
FIRE:  937 00:41:35 -1966531.250000        0.135926
FIRE:  938 00:41:35 -1966536.250000        0.129965
FIRE:  939 00:41:35 -1966531.375000        0.092325
FIRE:  940 00:41:35 -1966531.375000        0.237654
FIRE:  941 00:41:35 -1966531.375000        0.931374
FIRE:  942 00:41:36 -1966531.375000        0.265659
FIRE:  943 00:41:36 -1966531.375000        0.188898
FIRE:  944 00:41:36 -1966531.375000        0.114501
FIRE:  945 00:41:36 -1966531.375000        0.109406
FIRE:  946 00:41:36 -1966531.375000        0.167701
FIRE:  947 00:41:36 -1966531.375000        0.171396
FIRE:  948 00:41:36 -1966531.375000        0.203046
FIRE:  949 00:41:36 -1966531.375000        0.208005
FIRE:  950 00:41:36 -1966531.375000        0.147361
FIRE:  951 00:41:36 -1966531.375000        0.159423
FIRE:  952 00:41:36 -1966531.375000        0.110779
FIRE:  953 00:41:36 -1966531.375000        0.109761
FIRE:  954 00:41:36 -1966531.375000        0.125907
FIRE:  955 00:41:36 -1966531.375000        0.207474
FIRE:  956 00:41:37 -1966531.375000        0.142678
FIRE:  957 00:41:37 -1966536.250000        0.116018
FIRE:  958 00:41:37 -1966536.250000        0.191910
FIRE:  959 00:41:37 -1966536.125000        0.137817
FIRE:  960 00:41:37 -1966536.500000        0.259032
FIRE:  961 00:41:37 -1966531.375000        0.535446
FIRE:  962 00:41:37 -1966536.250000        0.944975
FIRE:  963 00:41:37 -1966536.250000        0.159646
FIRE:  964 00:41:37 -1966536.375000        0.767114
FIRE:  965 00:41:37 -1966536.875000        0.615145
FIRE:  966 00:41:37 -1966536.625000        0.338468
FIRE:  967 00:41:37 -1966536.750000        0.084700
FIRE:  968 00:41:37 -1966536.375000        0.319190
FIRE:  969 00:41:37 -1966536.250000        0.301446
FIRE:  970 00:41:38 -1966536.625000        0.266990
FIRE:  971 00:41:38 -1966536.375000        0.217890
FIRE:  972 00:41:38 -1966536.250000        0.163227
FIRE:  973 00:41:38 -1966536.125000        0.089374
FIRE:  974 00:41:38 -1966536.375000        0.059164
FIRE:  975 00:41:38 -1966536.375000        0.124046
FIRE:  976 00:41:38 -1966536.125000        0.172859
FIRE:  977 00:41:38 -1966536.750000        0.187861
FIRE:  978 00:41:38 -1966536.375000        0.160985
FIRE:  979 00:41:38 -1966536.250000        0.140774
FIRE:  980 00:41:38 -1966533.875000        0.099280
FIRE:  981 00:41:38 -1966536.250000        0.091469
FIRE:  982 00:41:38 -1966536.375000        0.101642
FIRE:  983 00:41:38 -1966531.375000        0.109923
FIRE:  984 00:41:39 -1966531.375000        0.098268
FIRE:  985 00:41:39 -1966531.375000        0.144331
FIRE:  986 00:41:39 -1966531.375000        0.046395
