      Step     Time          Energy          fmax
FIRE:    0 00:33:47 -2025889.500000       12.492831
FIRE:    1 00:33:48 -2025895.875000       12.652124
FIRE:    2 00:33:49 -2025902.625000       12.139875
FIRE:    3 00:33:49 -2025908.750000       10.016327
FIRE:    4 00:33:50 -2025913.250000        6.367282
FIRE:    5 00:33:50 -2025915.875000        4.304527
FIRE:    6 00:33:50 -2025915.250000        5.664799
FIRE:    7 00:33:50 -2025917.500000        4.114978
FIRE:    8 00:33:50 -2025917.125000        4.105305
FIRE:    9 00:33:50 -2025919.500000        4.063663
FIRE:   10 00:33:50 -2025920.375000        3.915722
FIRE:   11 00:33:50 -2025920.125000        4.122668
FIRE:   12 00:33:50 -2025921.625000        3.865107
FIRE:   13 00:33:50 -2025923.375000        3.353193
FIRE:   14 00:33:50 -2025926.250000        3.144889
FIRE:   15 00:33:50 -2025927.500000        2.774742
FIRE:   16 00:33:50 -2025928.625000        2.317708
FIRE:   17 00:33:50 -2025929.875000        2.207740
FIRE:   18 00:33:50 -2025935.375000        1.546202
FIRE:   19 00:33:51 -2025936.375000        1.701820
FIRE:   20 00:33:51 -2025936.625000        1.847272
FIRE:   21 00:33:51 -2025930.750000        1.902481
FIRE:   22 00:33:52 -2025931.625000        1.694817
FIRE:   23 00:33:52 -2025932.375000        1.308311
FIRE:   24 00:33:52 -2025933.125000        1.279418
FIRE:   25 00:33:52 -2025935.125000        1.203862
FIRE:   26 00:33:52 -2025941.000000        1.857853
FIRE:   27 00:33:52 -2025941.625000        1.896986
FIRE:   28 00:33:52 -2025942.500000        1.240251
FIRE:   29 00:33:53 -2025943.500000        1.509376
FIRE:   30 00:33:53 -2025944.125000        1.560575
FIRE:   31 00:33:53 -2025944.750000        1.287293
FIRE:   32 00:33:53 -2025944.750000        1.042578
FIRE:   33 00:33:53 -2025945.875000        0.913479
FIRE:   34 00:33:53 -2025946.000000        0.917097
FIRE:   35 00:33:53 -2025946.750000        0.906989
FIRE:   36 00:33:53 -2025946.750000        0.712081
FIRE:   37 00:33:53 -2025947.125000        0.955676
FIRE:   38 00:33:53 -2025947.625000        1.108627
FIRE:   39 00:33:53 -2025947.875000        0.804584
FIRE:   40 00:33:53 -2025948.875000        0.599544
FIRE:   41 00:33:53 -2025942.000000        0.524703
FIRE:   42 00:33:53 -2025942.375000        0.649400
FIRE:   43 00:33:53 -2025942.750000        0.510893
FIRE:   44 00:33:53 -2025943.000000        0.424523
FIRE:   45 00:33:53 -2025943.375000        0.470540
FIRE:   46 00:33:53 -2025943.750000        0.326077
FIRE:   47 00:33:53 -2025944.000000        0.341370
FIRE:   48 00:33:54 -2025944.250000        0.377468
FIRE:   49 00:33:54 -2025944.625000        0.381573
FIRE:   50 00:33:54 -2025944.875000        0.368933
FIRE:   51 00:33:54 -2025945.125000        0.373318
FIRE:   52 00:33:54 -2025945.375000        0.380640
FIRE:   53 00:33:54 -2025952.875000        0.392443
FIRE:   54 00:33:54 -2025952.750000        0.380775
FIRE:   55 00:33:54 -2025947.500000        0.361888
FIRE:   56 00:33:55 -2025947.750000        0.337985
FIRE:   57 00:33:56 -2025953.875000        0.330469
FIRE:   58 00:33:56 -2025948.250000        0.325432
FIRE:   59 00:33:56 -2025947.125000        0.317296
FIRE:   60 00:33:56 -2025951.875000        0.313805
FIRE:   61 00:33:56 -2025951.500000        0.312771
FIRE:   62 00:33:56 -2025950.625000        0.306466
FIRE:   63 00:33:56 -2025950.875000        0.291165
FIRE:   64 00:33:56 -2025950.875000        0.273073
FIRE:   65 00:33:56 -2025951.625000        0.258103
FIRE:   66 00:33:56 -2025955.500000        0.242573
FIRE:   67 00:33:56 -2025955.375000        0.214673
FIRE:   68 00:33:56 -2025953.375000        0.204886
FIRE:   69 00:33:56 -2025955.000000        0.195018
FIRE:   70 00:33:56 -2025955.250000        0.199258
FIRE:   71 00:33:56 -2025953.750000        0.207599
FIRE:   72 00:33:56 -2025955.375000        0.185199
FIRE:   73 00:33:56 -2025950.875000        0.193769
FIRE:   74 00:33:56 -2025955.875000        0.206535
FIRE:   75 00:33:56 -2025956.000000        0.235987
FIRE:   76 00:33:56 -2025955.875000        0.232185
FIRE:   77 00:33:57 -2025956.125000        0.231988
FIRE:   78 00:33:57 -2025951.500000        0.223882
FIRE:   79 00:33:57 -2025951.625000        0.214953
FIRE:   80 00:33:57 -2025956.875000        0.228880
FIRE:   81 00:33:57 -2025954.875000        0.281967
FIRE:   82 00:33:57 -2025955.000000        0.337166
FIRE:   83 00:33:57 -2025954.875000        0.379137
FIRE:   84 00:33:57 -2025955.625000        0.424257
FIRE:   85 00:33:57 -2025955.000000        0.472768
FIRE:   86 00:33:57 -2025955.750000        0.502894
FIRE:   87 00:33:57 -2025951.125000        0.453293
FIRE:   88 00:33:57 -2025955.250000        0.315397
FIRE:   89 00:33:57 -2025954.875000        0.362013
FIRE:   90 00:33:57 -2025954.625000        0.415278
FIRE:   91 00:33:57 -2025954.625000        0.401291
FIRE:   92 00:33:57 -2025953.000000        0.348408
FIRE:   93 00:33:57 -2025959.000000        0.358049
FIRE:   94 00:33:57 -2025958.500000        0.395052
FIRE:   95 00:33:57 -2025959.125000        0.411448
FIRE:   96 00:33:58 -2025954.875000        0.388973
FIRE:   97 00:33:58 -2025955.125000        0.326153
FIRE:   98 00:33:58 -2025955.250000        0.319453
FIRE:   99 00:33:58 -2025955.375000        0.335758
FIRE:  100 00:33:58 -2025955.625000        0.305605
FIRE:  101 00:33:58 -2025955.500000        0.294674
FIRE:  102 00:33:58 -2025959.625000        0.302241
FIRE:  103 00:33:58 -2025956.500000        0.360518
FIRE:  104 00:33:58 -2025956.250000        0.430782
FIRE:  105 00:33:58 -2025956.125000        0.422817
FIRE:  106 00:33:58 -2025959.250000        0.357785
FIRE:  107 00:33:58 -2025959.375000        0.287139
FIRE:  108 00:33:58 -2025959.500000        0.323475
FIRE:  109 00:33:58 -2025954.875000        0.288107
FIRE:  110 00:33:58 -2025954.375000        0.233548
FIRE:  111 00:33:58 -2025954.875000        0.285426
FIRE:  112 00:33:58 -2025954.625000        0.298238
FIRE:  113 00:33:58 -2025959.750000        0.344602
FIRE:  114 00:33:58 -2025960.375000        0.351448
FIRE:  115 00:33:59 -2025960.375000        0.285046
FIRE:  116 00:33:59 -2025960.375000        0.218421
FIRE:  117 00:33:59 -2025960.625000        0.245325
FIRE:  118 00:33:59 -2025960.500000        0.326630
FIRE:  119 00:33:59 -2025956.375000        0.372828
FIRE:  120 00:33:59 -2025953.500000        0.316291
FIRE:  121 00:33:59 -2025956.125000        0.216462
FIRE:  122 00:33:59 -2025955.625000        0.270083
FIRE:  123 00:33:59 -2025955.250000        0.270083
FIRE:  124 00:33:59 -2025956.375000        0.350132
FIRE:  125 00:33:59 -2025955.125000        0.314880
FIRE:  126 00:33:59 -2025955.750000        0.239137
FIRE:  127 00:33:59 -2025955.500000        0.264757
FIRE:  128 00:33:59 -2025955.250000        0.284576
FIRE:  129 00:33:59 -2025955.625000        0.250772
FIRE:  130 00:33:59 -2025955.875000        0.262024
FIRE:  131 00:34:00 -2025955.625000        0.196404
FIRE:  132 00:34:00 -2025955.750000        0.335351
FIRE:  133 00:34:00 -2025955.375000        0.378645
FIRE:  134 00:34:00 -2025956.125000        0.284423
FIRE:  135 00:34:00 -2025955.500000        0.233385
FIRE:  136 00:34:00 -2025961.375000        0.264371
FIRE:  137 00:34:00 -2025961.125000        0.306188
FIRE:  138 00:34:00 -2025961.000000        0.307096
FIRE:  139 00:34:00 -2025961.500000        0.284547
FIRE:  140 00:34:00 -2025955.750000        0.205774
FIRE:  141 00:34:00 -2025955.750000        0.231538
FIRE:  142 00:34:00 -2025956.250000        0.301671
FIRE:  143 00:34:00 -2025955.750000        0.311127
FIRE:  144 00:34:00 -2025956.875000        0.272914
FIRE:  145 00:34:00 -2025955.875000        0.186230
FIRE:  146 00:34:00 -2025957.625000        0.173103
FIRE:  147 00:34:00 -2025957.625000        0.209962
FIRE:  148 00:34:00 -2025961.500000        0.229391
FIRE:  149 00:34:00 -2025961.125000        0.203878
FIRE:  150 00:34:01 -2025961.125000        0.241332
FIRE:  151 00:34:01 -2025961.125000        0.250557
FIRE:  152 00:34:01 -2025961.875000        0.254452
FIRE:  153 00:34:01 -2025961.500000        0.298042
FIRE:  154 00:34:01 -2025957.625000        0.317705
FIRE:  155 00:34:01 -2025957.750000        0.234903
FIRE:  156 00:34:01 -2025957.750000        0.265978
FIRE:  157 00:34:01 -2025957.750000        0.248912
FIRE:  158 00:34:01 -2025958.375000        0.155987
FIRE:  159 00:34:01 -2025958.125000        0.162274
FIRE:  160 00:34:01 -2025960.875000        0.215783
FIRE:  161 00:34:01 -2025958.000000        0.254145
FIRE:  162 00:34:01 -2025958.250000        0.206301
FIRE:  163 00:34:01 -2025958.250000        0.192427
FIRE:  164 00:34:01 -2025961.000000        0.189180
FIRE:  165 00:34:01 -2025958.500000        0.208251
FIRE:  166 00:34:01 -2025957.000000        0.230687
FIRE:  167 00:34:01 -2025957.500000        0.227605
FIRE:  168 00:34:01 -2025962.750000        0.256955
FIRE:  169 00:34:02 -2025956.875000        0.303007
FIRE:  170 00:34:02 -2025955.625000        0.303805
FIRE:  171 00:34:02 -2025955.625000        0.244022
FIRE:  172 00:34:02 -2025955.625000        0.198332
FIRE:  173 00:34:02 -2025963.000000        0.217767
FIRE:  174 00:34:02 -2025958.000000        0.244036
FIRE:  175 00:34:02 -2025963.000000        0.248645
FIRE:  176 00:34:02 -2025958.125000        0.243407
FIRE:  177 00:34:02 -2025957.250000        0.235265
FIRE:  178 00:34:02 -2025955.875000        0.207694
FIRE:  179 00:34:02 -2025956.000000        0.195107
FIRE:  180 00:34:02 -2025956.000000        0.219463
FIRE:  181 00:34:02 -2025956.000000        0.176885
FIRE:  182 00:34:02 -2025956.000000        0.178357
FIRE:  183 00:34:02 -2025956.000000        0.145243
FIRE:  184 00:34:02 -2025956.125000        0.185173
FIRE:  185 00:34:02 -2025956.125000        0.187804
FIRE:  186 00:34:03 -2025956.125000        0.188018
FIRE:  187 00:34:03 -2025956.125000        0.192888
FIRE:  188 00:34:03 -2025956.125000        0.283143
FIRE:  189 00:34:03 -2025959.000000        0.306214
FIRE:  190 00:34:03 -2025958.125000        0.209359
FIRE:  191 00:34:03 -2025958.750000        0.206332
FIRE:  192 00:34:03 -2025958.875000        0.187937
FIRE:  193 00:34:03 -2025958.875000        0.243744
FIRE:  194 00:34:03 -2025958.750000        0.213033
FIRE:  195 00:34:03 -2025958.250000        0.227884
FIRE:  196 00:34:03 -2025958.125000        1.081814
FIRE:  197 00:34:03 -2025958.875000        2.957909
FIRE:  198 00:34:03 -2025959.125000        1.555057
FIRE:  199 00:34:03 -2025958.750000        0.901995
FIRE:  200 00:34:03 -2025959.250000        0.342582
FIRE:  201 00:34:03 -2025959.250000        0.926493
FIRE:  202 00:34:04 -2025959.500000        0.831200
FIRE:  203 00:34:04 -2025958.625000        0.649872
FIRE:  204 00:34:04 -2025959.250000        0.400654
FIRE:  205 00:34:04 -2025959.125000        0.135531
FIRE:  206 00:34:04 -2025959.250000        0.182480
FIRE:  207 00:34:04 -2025958.875000        0.177880
FIRE:  208 00:34:04 -2025959.250000        0.168783
FIRE:  209 00:34:04 -2025958.875000        0.155483
FIRE:  210 00:34:04 -2025959.250000        0.138454
FIRE:  211 00:34:04 -2025959.125000        0.118295
FIRE:  212 00:34:04 -2025959.125000        0.105736
FIRE:  213 00:34:04 -2025959.375000        0.105930
FIRE:  214 00:34:04 -2025958.625000        0.106207
FIRE:  215 00:34:04 -2025959.500000        0.106571
FIRE:  216 00:34:04 -2025959.500000        0.107000
FIRE:  217 00:34:04 -2025959.125000        0.107414
FIRE:  218 00:34:05 -2025959.250000        0.107702
FIRE:  219 00:34:05 -2025959.250000        0.107691
FIRE:  220 00:34:05 -2025958.875000        0.107192
FIRE:  221 00:34:05 -2025959.500000        0.106114
FIRE:  222 00:34:05 -2025959.625000        0.104497
FIRE:  223 00:34:05 -2025959.375000        0.102604
FIRE:  224 00:34:05 -2025959.375000        0.100762
FIRE:  225 00:34:05 -2025959.250000        0.099104
FIRE:  226 00:34:05 -2025959.375000        0.097590
FIRE:  227 00:34:05 -2025959.125000        0.096351
FIRE:  228 00:34:05 -2025959.250000        0.095037
FIRE:  229 00:34:05 -2025959.000000        0.092291
FIRE:  230 00:34:05 -2025959.125000        0.087576
FIRE:  231 00:34:05 -2025959.250000        0.083101
FIRE:  232 00:34:05 -2025958.750000        0.080412
FIRE:  233 00:34:05 -2025959.125000        0.077075
FIRE:  234 00:34:06 -2025959.375000        0.073231
FIRE:  235 00:34:06 -2025959.000000        0.069053
FIRE:  236 00:34:06 -2025959.125000        0.063759
FIRE:  237 00:34:06 -2025959.125000        0.109469
FIRE:  238 00:34:06 -2025959.125000        0.318734
FIRE:  239 00:34:06 -2025959.250000        0.844431
FIRE:  240 00:34:06 -2025958.375000        0.061817
FIRE:  241 00:34:06 -2025959.000000        0.768432
FIRE:  242 00:34:06 -2025959.125000        0.582042
FIRE:  243 00:34:06 -2025959.125000        0.256586
FIRE:  244 00:34:06 -2025959.000000        0.124434
FIRE:  245 00:34:06 -2025959.250000        0.116740
FIRE:  246 00:34:06 -2025959.250000        0.101864
FIRE:  247 00:34:06 -2025958.750000        0.080966
FIRE:  248 00:34:06 -2025959.125000        0.055732
FIRE:  249 00:34:06 -2025959.125000        0.045243
