      Step     Time          Energy          fmax
FIRE:    0 01:00:39 -2145980.250000       13.822806
FIRE:    1 01:00:40 -2145987.250000       13.696827
FIRE:    2 01:00:43 -2145997.750000       12.755054
FIRE:    3 01:00:44 -2145999.750000       10.089900
FIRE:    4 01:00:44 -2146005.250000        6.602236
FIRE:    5 01:00:44 -2146011.750000        4.050118
FIRE:    6 01:00:44 -2146012.000000        5.447386
FIRE:    7 01:00:44 -2146012.750000        4.012962
FIRE:    8 01:00:44 -2146013.750000        3.622575
FIRE:    9 01:00:45 -2146013.000000        3.501331
FIRE:   10 01:00:45 -2146013.250000        3.834246
FIRE:   11 01:00:45 -2146014.250000        4.092425
FIRE:   12 01:00:45 -2146017.250000        3.469842
FIRE:   13 01:00:45 -2146018.750000        3.424704
FIRE:   14 01:00:45 -2146020.000000        3.244395
FIRE:   15 01:00:45 -2146021.000000        2.796811
FIRE:   16 01:00:45 -2146018.000000        2.392591
FIRE:   17 01:00:45 -2146019.750000        1.994575
FIRE:   18 01:00:45 -2146021.250000        1.885653
FIRE:   19 01:00:45 -2146021.500000        2.337126
FIRE:   20 01:00:45 -2146021.500000        2.900194
FIRE:   21 01:00:45 -2146021.250000        3.065566
FIRE:   22 01:00:45 -2146021.000000        2.590741
FIRE:   23 01:00:46 -2146022.250000        1.957647
FIRE:   24 01:00:46 -2146021.750000        1.599500
FIRE:   25 01:00:46 -2146022.250000        1.339274
FIRE:   26 01:00:46 -2146023.000000        1.787281
FIRE:   27 01:00:46 -2146023.500000        2.207139
FIRE:   28 01:00:46 -2146024.000000        2.148497
FIRE:   29 01:00:46 -2146024.500000        1.836830
FIRE:   30 01:00:46 -2146024.750000        1.150544
FIRE:   31 01:00:48 -2146028.500000        1.039263
FIRE:   32 01:00:48 -2146028.750000        1.024392
FIRE:   33 01:00:48 -2146026.000000        1.030188
FIRE:   34 01:00:48 -2146026.250000        0.980829
FIRE:   35 01:00:48 -2146029.500000        1.099251
FIRE:   36 01:00:48 -2146030.000000        1.389541
FIRE:   37 01:00:48 -2146030.250000        1.422246
FIRE:   38 01:00:48 -2146030.500000        1.734849
FIRE:   39 01:00:48 -2146031.000000        2.110820
FIRE:   40 01:00:48 -2146031.500000        2.199329
FIRE:   41 01:00:48 -2146032.000000        1.445606
FIRE:   42 01:00:48 -2146032.000000        1.560883
FIRE:   43 01:00:48 -2146032.000000        2.721468
FIRE:   44 01:00:49 -2146031.750000        6.175054
FIRE:   45 01:00:49 -2146032.250000        0.980415
FIRE:   46 01:00:49 -2146032.000000        5.540160
FIRE:   47 01:00:49 -2146032.000000        4.102437
FIRE:   48 01:00:49 -2146032.250000        1.706150
FIRE:   49 01:00:49 -2146032.250000        1.174262
FIRE:   50 01:00:49 -2146032.250000        1.101198
FIRE:   51 01:00:49 -2146032.250000        0.959586
FIRE:   52 01:00:49 -2146032.250000        0.758641
FIRE:   53 01:00:49 -2146032.250000        0.643612
FIRE:   54 01:00:49 -2146032.500000        0.703279
FIRE:   55 01:00:49 -2146032.500000        0.721395
FIRE:   56 01:00:49 -2146032.500000        0.714224
FIRE:   57 01:00:49 -2146032.500000        0.705269
FIRE:   58 01:00:50 -2146032.500000        0.694698
FIRE:   59 01:00:50 -2146032.500000        0.682744
FIRE:   60 01:00:50 -2146032.500000        0.669719
FIRE:   61 01:00:50 -2146032.500000        0.656031
FIRE:   62 01:00:50 -2146032.500000        0.642203
FIRE:   63 01:00:50 -2146032.500000        0.625105
FIRE:   64 01:00:50 -2146032.500000        0.600679
FIRE:   65 01:00:50 -2146032.500000        0.571477
FIRE:   66 01:00:50 -2146032.500000        0.541183
FIRE:   67 01:00:50 -2146032.750000        0.511318
FIRE:   68 01:00:50 -2146029.750000        0.461287
FIRE:   69 01:00:50 -2146028.750000        0.345593
FIRE:   70 01:00:50 -2146029.500000        0.303435
FIRE:   71 01:00:50 -2146029.500000        0.377511
FIRE:   72 01:00:51 -2146030.250000        0.614749
FIRE:   73 01:00:51 -2146029.000000        0.653061
FIRE:   74 01:00:51 -2146029.250000        0.712973
FIRE:   75 01:00:51 -2146029.000000        0.679709
FIRE:   76 01:00:51 -2146030.250000        0.979768
FIRE:   77 01:00:51 -2146029.500000        1.042346
FIRE:   78 01:00:51 -2146031.750000        0.736127
FIRE:   79 01:00:51 -2146031.250000        0.597935
FIRE:   80 01:00:51 -2146030.500000        0.734504
FIRE:   81 01:00:51 -2146030.500000        1.315922
FIRE:   82 01:00:51 -2146031.000000        0.906815
FIRE:   83 01:00:51 -2146032.250000        0.429358
FIRE:   84 01:00:51 -2146032.250000        0.609486
FIRE:   85 01:00:51 -2146032.250000        0.471781
FIRE:   86 01:00:52 -2146032.250000        0.436337
FIRE:   87 01:00:52 -2146032.250000        0.538497
FIRE:   88 01:00:52 -2146032.500000        0.452510
FIRE:   89 01:00:52 -2146032.500000        0.519214
FIRE:   90 01:00:52 -2146032.500000        0.889144
FIRE:   91 01:00:52 -2146034.750000        1.750164
FIRE:   92 01:00:52 -2146031.000000        0.300058
FIRE:   93 01:00:52 -2146032.750000        1.399506
FIRE:   94 01:00:52 -2146031.250000        1.098714
FIRE:   95 01:00:52 -2146032.750000        0.558956
FIRE:   96 01:00:52 -2146032.750000        0.334352
FIRE:   97 01:00:52 -2146032.750000        0.671327
FIRE:   98 01:00:52 -2146032.750000        0.633596
FIRE:   99 01:00:52 -2146035.000000        0.560560
FIRE:  100 01:00:53 -2146032.750000        0.456926
FIRE:  101 01:00:53 -2146032.750000        0.334390
FIRE:  102 01:00:53 -2146032.750000        0.331903
FIRE:  103 01:00:53 -2146032.750000        0.329229
FIRE:  104 01:00:53 -2146031.250000        0.326538
FIRE:  105 01:00:53 -2146032.750000        0.323691
FIRE:  106 01:00:53 -2146032.750000        0.320804
FIRE:  107 01:00:53 -2146031.000000        0.343649
FIRE:  108 01:00:53 -2146032.750000        0.316770
FIRE:  109 01:00:53 -2146035.000000        0.310400
FIRE:  110 01:00:53 -2146032.750000        0.303196
FIRE:  111 01:00:53 -2146031.250000        0.298913
FIRE:  112 01:00:53 -2146032.750000        0.283768
FIRE:  113 01:00:53 -2146032.750000        0.258955
FIRE:  114 01:00:53 -2146032.750000        0.249962
FIRE:  115 01:00:53 -2146031.000000        0.321528
FIRE:  116 01:00:53 -2146032.750000        0.355898
FIRE:  117 01:00:54 -2146032.750000        0.388740
FIRE:  118 01:00:54 -2146035.000000        0.423673
FIRE:  119 01:00:54 -2146031.500000        0.444673
FIRE:  120 01:00:54 -2146033.000000        0.436601
FIRE:  121 01:00:54 -2146033.000000        0.469874
FIRE:  122 01:00:54 -2146031.500000        0.531712
FIRE:  123 01:00:54 -2146031.750000        0.606351
FIRE:  124 01:00:54 -2146033.500000        0.785277
FIRE:  125 01:00:54 -2146033.500000        0.775079
FIRE:  126 01:00:54 -2146032.000000        0.594000
FIRE:  127 01:00:54 -2146032.500000        0.596654
FIRE:  128 01:00:54 -2146034.250000        0.467789
FIRE:  129 01:00:54 -2146033.000000        0.788525
FIRE:  130 01:00:54 -2146034.500000        1.115051
FIRE:  131 01:00:54 -2146034.500000        1.113933
FIRE:  132 01:00:54 -2146034.500000        1.645442
FIRE:  133 01:00:54 -2146034.500000        2.834344
FIRE:  134 01:00:55 -2146034.750000        1.119497
FIRE:  135 01:00:55 -2146034.750000        1.700643
FIRE:  136 01:00:55 -2146034.750000        1.361479
FIRE:  137 01:00:55 -2146034.750000        0.770689
FIRE:  138 01:00:55 -2146033.250000        0.401684
FIRE:  139 01:00:55 -2146033.250000        0.564543
FIRE:  140 01:00:55 -2146034.750000        0.541534
FIRE:  141 01:00:55 -2146033.000000        0.496453
FIRE:  142 01:00:55 -2146034.750000        0.431448
FIRE:  143 01:00:55 -2146034.750000        0.367278
FIRE:  144 01:00:55 -2146034.750000        0.361121
FIRE:  145 01:00:55 -2146034.750000        0.353778
FIRE:  146 01:00:55 -2146034.750000        0.345304
FIRE:  147 01:00:55 -2146034.750000        0.334702
FIRE:  148 01:00:55 -2146034.750000        0.321649
FIRE:  149 01:00:55 -2146034.750000        0.305853
FIRE:  150 01:00:55 -2146034.750000        0.287052
FIRE:  151 01:00:56 -2146034.750000        0.265076
FIRE:  152 01:00:56 -2146034.750000        0.239905
FIRE:  153 01:00:56 -2146034.750000        0.235473
FIRE:  154 01:00:56 -2146034.750000        0.229687
FIRE:  155 01:00:56 -2146034.750000        0.246785
FIRE:  156 01:00:56 -2146034.750000        0.219919
FIRE:  157 01:00:56 -2146034.750000        0.192415
FIRE:  158 01:00:56 -2146035.000000        0.201080
FIRE:  159 01:00:56 -2146035.000000        0.211391
FIRE:  160 01:00:56 -2146033.250000        0.202710
FIRE:  161 01:00:56 -2146035.000000        0.241042
FIRE:  162 01:00:56 -2146035.000000        0.272863
FIRE:  163 01:00:56 -2146035.250000        0.294123
FIRE:  164 01:00:56 -2146033.500000        0.299848
FIRE:  165 01:00:56 -2146033.500000        0.276368
FIRE:  166 01:00:56 -2146035.250000        0.257171
FIRE:  167 01:00:57 -2146037.500000        0.445241
FIRE:  168 01:00:57 -2146035.750000        0.770571
FIRE:  169 01:00:57 -2146035.500000        1.685676
FIRE:  170 01:00:57 -2146037.750000        0.318457
FIRE:  171 01:00:57 -2146034.250000        1.448643
FIRE:  172 01:00:57 -2146033.750000        1.088103
FIRE:  173 01:00:57 -2146035.500000        0.477524
FIRE:  174 01:00:57 -2146034.250000        0.216380
FIRE:  175 01:00:57 -2146035.500000        0.206172
FIRE:  176 01:00:57 -2146035.250000        0.186469
FIRE:  177 01:00:57 -2146035.500000        0.158535
FIRE:  178 01:00:57 -2146035.500000        0.142048
FIRE:  179 01:00:57 -2146035.500000        0.140326
FIRE:  180 01:00:57 -2146035.500000        0.138275
FIRE:  181 01:00:57 -2146035.500000        0.135926
FIRE:  182 01:00:57 -2146035.500000        0.133050
FIRE:  183 01:00:57 -2146034.000000        0.131397
FIRE:  184 01:00:58 -2146035.500000        0.137524
FIRE:  185 01:00:58 -2146034.500000        0.133506
FIRE:  186 01:00:58 -2146035.500000        0.119018
FIRE:  187 01:00:58 -2146035.500000        0.112004
FIRE:  188 01:00:58 -2146035.500000        0.110761
FIRE:  189 01:00:58 -2146034.000000        0.109318
FIRE:  190 01:00:58 -2146035.500000        0.107668
FIRE:  191 01:00:58 -2146035.500000        0.105795
FIRE:  192 01:00:58 -2146034.000000        0.105469
FIRE:  193 01:00:58 -2146034.250000        0.114811
FIRE:  194 01:00:58 -2146035.500000        0.122853
FIRE:  195 01:00:58 -2146035.500000        0.128067
FIRE:  196 01:00:58 -2146037.750000        0.128856
FIRE:  197 01:00:58 -2146038.000000        0.123844
FIRE:  198 01:00:58 -2146034.000000        0.117201
FIRE:  199 01:00:58 -2146035.500000        0.110541
FIRE:  200 01:00:59 -2146035.000000        0.105689
FIRE:  201 01:00:59 -2146034.750000        0.230175
FIRE:  202 01:00:59 -2146032.750000        0.552455
FIRE:  203 01:00:59 -2146035.750000        1.395580
FIRE:  204 01:00:59 -2146034.500000        0.182876
FIRE:  205 01:00:59 -2146035.000000        1.279327
FIRE:  206 01:00:59 -2146035.750000        0.956205
FIRE:  207 01:00:59 -2146035.750000        0.408203
FIRE:  208 01:00:59 -2146034.000000        0.211378
FIRE:  209 01:00:59 -2146034.750000        0.199830
FIRE:  210 01:00:59 -2146034.500000        0.177390
FIRE:  211 01:00:59 -2146034.250000        0.145605
FIRE:  212 01:00:59 -2146034.750000        0.106676
FIRE:  213 01:00:59 -2146035.750000        0.085446
FIRE:  214 01:00:59 -2146034.250000        0.085322
FIRE:  215 01:00:59 -2146034.500000        0.085168
FIRE:  216 01:00:59 -2146034.750000        0.084976
FIRE:  217 01:01:00 -2146036.000000        0.090971
FIRE:  218 01:01:00 -2146034.500000        0.100424
FIRE:  219 01:01:00 -2146034.250000        0.088375
FIRE:  220 01:01:00 -2146034.000000        0.083616
FIRE:  221 01:01:00 -2146035.000000        0.083048
FIRE:  222 01:01:00 -2146035.750000        0.082375
FIRE:  223 01:01:00 -2146035.750000        0.094701
FIRE:  224 01:01:00 -2146035.750000        0.080618
FIRE:  225 01:01:00 -2146034.500000        0.079532
FIRE:  226 01:01:00 -2146035.750000        0.080060
FIRE:  227 01:01:00 -2146035.750000        0.083607
FIRE:  228 01:01:00 -2146036.000000        0.087371
FIRE:  229 01:01:00 -2146036.000000        0.090865
FIRE:  230 01:01:00 -2146036.000000        0.092812
FIRE:  231 01:01:00 -2146036.000000        0.094135
FIRE:  232 01:01:00 -2146036.000000        0.094740
FIRE:  233 01:01:00 -2146036.000000        0.095054
FIRE:  234 01:01:01 -2146036.000000        0.095553
FIRE:  235 01:01:01 -2146038.250000        0.216810
FIRE:  236 01:01:01 -2146038.250000        0.501169
FIRE:  237 01:01:01 -2146035.000000        1.219440
FIRE:  238 01:01:01 -2146033.750000        0.110549
FIRE:  239 01:01:01 -2146033.750000        1.142005
FIRE:  240 01:01:01 -2146034.500000        0.845779
FIRE:  241 01:01:01 -2146034.000000        0.344232
FIRE:  242 01:01:01 -2146035.000000        0.219145
FIRE:  243 01:01:01 -2146035.000000        0.206569
FIRE:  244 01:01:01 -2146034.500000        0.182176
FIRE:  245 01:01:01 -2146034.500000        0.147549
FIRE:  246 01:01:01 -2146034.000000        0.105174
FIRE:  247 01:01:01 -2146035.000000        0.102043
FIRE:  248 01:01:01 -2146034.750000        0.102161
FIRE:  249 01:01:02 -2146034.750000        0.102290
FIRE:  250 01:01:02 -2146035.000000        0.102429
FIRE:  251 01:01:02 -2146034.500000        0.102584
FIRE:  252 01:01:02 -2146034.500000        0.107092
FIRE:  253 01:01:02 -2146035.000000        0.102912
FIRE:  254 01:01:02 -2146034.500000        0.103100
FIRE:  255 01:01:02 -2146034.750000        0.103320
FIRE:  256 01:01:02 -2146035.000000        0.103607
FIRE:  257 01:01:02 -2146034.500000        0.103993
FIRE:  258 01:01:02 -2146034.750000        0.104490
FIRE:  259 01:01:02 -2146034.750000        0.105098
FIRE:  260 01:01:02 -2146034.500000        0.105787
FIRE:  261 01:01:02 -2146035.000000        0.106471
FIRE:  262 01:01:03 -2146034.750000        0.107146
FIRE:  263 01:01:03 -2146035.000000        0.107904
FIRE:  264 01:01:03 -2146034.750000        0.108784
FIRE:  265 01:01:03 -2146034.500000        0.109664
FIRE:  266 01:01:03 -2146034.500000        0.110298
FIRE:  267 01:01:03 -2146035.000000        0.110864
FIRE:  268 01:01:03 -2146035.000000        0.115562
FIRE:  269 01:01:03 -2146034.750000        0.192395
FIRE:  270 01:01:03 -2146038.500000        0.490761
FIRE:  271 01:01:03 -2146035.000000        1.287375
FIRE:  272 01:01:03 -2146034.500000        0.133614
FIRE:  273 01:01:03 -2146035.000000        1.234115
FIRE:  274 01:01:03 -2146035.250000        0.901652
FIRE:  275 01:01:03 -2146035.250000        0.343630
FIRE:  276 01:01:04 -2146035.250000        0.271985
FIRE:  277 01:01:04 -2146034.750000        0.255647
FIRE:  278 01:01:04 -2146034.750000        0.224023
FIRE:  279 01:01:04 -2146034.750000        0.179053
FIRE:  280 01:01:04 -2146035.000000        0.133017
FIRE:  281 01:01:04 -2146034.750000        0.133064
FIRE:  282 01:01:04 -2146034.750000        0.133103
FIRE:  283 01:01:04 -2146035.250000        0.133127
FIRE:  284 01:01:04 -2146034.500000        0.133121
FIRE:  285 01:01:04 -2146034.750000        0.133086
FIRE:  286 01:01:04 -2146034.750000        0.137086
FIRE:  287 01:01:04 -2146035.250000        0.132840
FIRE:  288 01:01:04 -2146034.750000        0.132614
FIRE:  289 01:01:05 -2146035.250000        0.132316
FIRE:  290 01:01:05 -2146034.750000        0.131975
FIRE:  291 01:01:05 -2146035.250000        0.131572
FIRE:  292 01:01:05 -2146035.000000        0.131099
FIRE:  293 01:01:05 -2146035.250000        0.130486
FIRE:  294 01:01:05 -2146035.250000        0.129601
FIRE:  295 01:01:05 -2146035.250000        0.128286
FIRE:  296 01:01:05 -2146035.250000        0.126467
FIRE:  297 01:01:05 -2146035.000000        0.124201
FIRE:  298 01:01:05 -2146034.750000        0.121481
FIRE:  299 01:01:05 -2146036.250000        0.120318
FIRE:  300 01:01:05 -2146036.250000        0.111770
FIRE:  301 01:01:05 -2146036.250000        0.107704
FIRE:  302 01:01:05 -2146034.750000        0.095280
FIRE:  303 01:01:06 -2146036.250000        0.126603
FIRE:  304 01:01:06 -2146036.500000        0.410920
FIRE:  305 01:01:06 -2146036.500000        1.347739
FIRE:  306 01:01:06 -2146035.250000        0.100819
FIRE:  307 01:01:06 -2146034.750000        1.309608
FIRE:  308 01:01:06 -2146036.500000        0.943797
FIRE:  309 01:01:06 -2146036.500000        0.334828
FIRE:  310 01:01:06 -2146035.000000        0.326272
FIRE:  311 01:01:06 -2146036.500000        0.306069
FIRE:  312 01:01:06 -2146036.500000        0.266853
FIRE:  313 01:01:06 -2146036.500000        0.211267
FIRE:  314 01:01:06 -2146035.250000        0.143225
FIRE:  315 01:01:06 -2146036.500000        0.098754
FIRE:  316 01:01:06 -2146036.500000        0.098628
FIRE:  317 01:01:07 -2146035.000000        0.098477
FIRE:  318 01:01:07 -2146036.500000        0.129059
FIRE:  319 01:01:07 -2146036.500000        0.162643
FIRE:  320 01:01:07 -2146036.500000        0.165028
FIRE:  321 01:01:07 -2146036.500000        0.129646
FIRE:  322 01:01:07 -2146036.500000        0.096950
FIRE:  323 01:01:07 -2146036.500000        0.096428
FIRE:  324 01:01:07 -2146036.500000        0.117071
FIRE:  325 01:01:07 -2146034.750000        0.140708
FIRE:  326 01:01:07 -2146036.500000        0.095140
FIRE:  327 01:01:07 -2146036.500000        0.099287
FIRE:  328 01:01:07 -2146035.250000        0.112701
FIRE:  329 01:01:07 -2146036.500000        0.103790
FIRE:  330 01:01:07 -2146036.500000        0.104745
FIRE:  331 01:01:08 -2146034.750000        0.107370
FIRE:  332 01:01:08 -2146036.500000        0.091429
FIRE:  333 01:01:08 -2146036.500000        0.089100
FIRE:  334 01:01:08 -2146036.500000        0.130354
FIRE:  335 01:01:08 -2146036.500000        0.090260
FIRE:  336 01:01:08 -2146038.750000        0.090841
FIRE:  337 01:01:08 -2146035.250000        0.089949
FIRE:  338 01:01:08 -2146035.500000        0.269375
FIRE:  339 01:01:08 -2146035.500000        1.010347
FIRE:  340 01:01:08 -2146036.000000        0.116809
FIRE:  341 01:01:08 -2146035.750000        0.086822
FIRE:  342 01:01:08 -2146035.750000        0.073836
FIRE:  343 01:01:08 -2146035.500000        0.073928
FIRE:  344 01:01:08 -2146035.750000        0.074027
FIRE:  345 01:01:09 -2146035.250000        0.077782
FIRE:  346 01:01:09 -2146035.750000        0.074151
FIRE:  347 01:01:09 -2146035.500000        0.074133
FIRE:  348 01:01:09 -2146035.750000        0.074014
FIRE:  349 01:01:09 -2146035.500000        0.073762
FIRE:  350 01:01:09 -2146035.750000        0.073339
FIRE:  351 01:01:09 -2146036.000000        0.072612
FIRE:  352 01:01:09 -2146035.750000        0.071688
FIRE:  353 01:01:09 -2146036.500000        0.071725
FIRE:  354 01:01:09 -2146038.500000        0.071520
FIRE:  355 01:01:09 -2146038.500000        0.070987
FIRE:  356 01:01:09 -2146036.500000        0.070136
FIRE:  357 01:01:09 -2146038.500000        0.068956
FIRE:  358 01:01:09 -2146036.500000        0.065448
FIRE:  359 01:01:10 -2146038.500000        0.094054
FIRE:  360 01:01:10 -2146036.500000        0.259667
FIRE:  361 01:01:10 -2146038.500000        0.826332
FIRE:  362 01:01:10 -2146038.500000        0.052867
FIRE:  363 01:01:10 -2146036.500000        0.740901
FIRE:  364 01:01:10 -2146036.500000        0.556301
FIRE:  365 01:01:10 -2146036.500000        0.235863
FIRE:  366 01:01:10 -2146038.500000        0.136716
FIRE:  367 01:01:10 -2146036.500000        0.128645
FIRE:  368 01:01:10 -2146038.500000        0.112854
FIRE:  369 01:01:10 -2146036.500000        0.090660
FIRE:  370 01:01:10 -2146036.500000        0.063543
FIRE:  371 01:01:10 -2146036.500000        0.052572
FIRE:  372 01:01:11 -2146036.500000        0.052525
FIRE:  373 01:01:11 -2146036.500000        0.052494
FIRE:  374 01:01:11 -2146036.500000        0.052431
FIRE:  375 01:01:11 -2146036.500000        0.063981
FIRE:  376 01:01:11 -2146036.500000        0.067891
FIRE:  377 01:01:11 -2146038.500000        0.056858
FIRE:  378 01:01:11 -2146036.500000        0.052035
FIRE:  379 01:01:11 -2146038.500000        0.051846
FIRE:  380 01:01:11 -2146036.500000        0.051642
FIRE:  381 01:01:11 -2146038.500000        0.058150
FIRE:  382 01:01:11 -2146038.500000        0.051187
FIRE:  383 01:01:11 -2146038.500000        0.051449
FIRE:  384 01:01:11 -2146036.500000        0.051647
FIRE:  385 01:01:11 -2146038.500000        0.051727
FIRE:  386 01:01:11 -2146036.500000        0.051613
FIRE:  387 01:01:12 -2146038.500000        0.051204
FIRE:  388 01:01:12 -2146038.500000        0.050446
FIRE:  389 01:01:12 -2146038.750000        0.049144
