      Step     Time          Energy          fmax
FIRE:    0 23:43:41 -1999175.000000        3.401123
FIRE:    1 23:43:41 -1999170.250000        2.641623
FIRE:    2 23:43:43 -1999178.750000        2.438757
FIRE:    3 23:43:43 -1999173.875000        2.222105
FIRE:    4 23:43:44 -1999177.125000        2.089384
FIRE:    5 23:43:45 -1999178.750000        2.076030
FIRE:    6 23:43:45 -1999180.125000        2.002094
FIRE:    7 23:43:45 -1999181.625000        1.847120
FIRE:    8 23:43:45 -1999183.000000        1.624676
FIRE:    9 23:43:45 -1999184.375000        1.384315
FIRE:   10 23:43:45 -1999185.625000        1.344761
FIRE:   11 23:43:45 -1999186.875000        1.366228
FIRE:   12 23:43:45 -1999188.000000        1.403714
FIRE:   13 23:43:45 -1999189.000000        1.424377
FIRE:   14 23:43:45 -1999188.875000        1.398963
FIRE:   15 23:43:45 -1999193.250000        1.393776
FIRE:   16 23:43:45 -1999192.000000        1.411054
FIRE:   17 23:43:47 -1999193.125000        1.374755
FIRE:   18 23:43:47 -1999193.750000        1.426279
FIRE:   19 23:43:47 -1999196.250000        1.473465
FIRE:   20 23:43:47 -1999194.000000        1.467074
FIRE:   21 23:43:47 -1999194.750000        1.444876
FIRE:   22 23:43:47 -1999195.500000        1.353961
FIRE:   23 23:43:47 -1999196.250000        1.172873
FIRE:   24 23:43:47 -1999196.875000        0.856503
FIRE:   25 23:43:47 -1999201.875000        0.774514
FIRE:   26 23:43:47 -1999202.375000        0.672870
FIRE:   27 23:43:47 -1999201.375000        0.633021
FIRE:   28 23:43:47 -1999200.500000        0.668120
FIRE:   29 23:43:48 -1999202.500000        0.692266
FIRE:   30 23:43:48 -1999203.750000        0.691411
FIRE:   31 23:43:48 -1999204.500000        0.668044
FIRE:   32 23:43:48 -1999202.500000        0.631294
FIRE:   33 23:43:48 -1999203.000000        0.581829
FIRE:   34 23:43:48 -1999202.125000        0.529783
FIRE:   35 23:43:48 -1999202.500000        0.554482
FIRE:   36 23:43:48 -1999203.000000        0.569972
FIRE:   37 23:43:48 -1999203.375000        0.571899
FIRE:   38 23:43:48 -1999205.000000        0.560896
FIRE:   39 23:43:48 -1999204.125000        0.543629
FIRE:   40 23:43:48 -1999205.750000        0.527870
FIRE:   41 23:43:48 -1999204.875000        0.516299
FIRE:   42 23:43:48 -1999206.375000        0.502784
FIRE:   43 23:43:48 -1999205.500000        0.480627
FIRE:   44 23:43:48 -1999207.125000        0.446474
FIRE:   45 23:43:48 -1999208.875000        0.404192
FIRE:   46 23:43:48 -1999207.750000        0.404862
FIRE:   47 23:43:49 -1999208.000000        0.396204
FIRE:   48 23:43:49 -1999208.250000        0.372164
FIRE:   49 23:43:49 -1999208.625000        0.350592
FIRE:   50 23:43:49 -1999210.375000        0.344157
FIRE:   51 23:43:49 -1999209.250000        0.320049
FIRE:   52 23:43:49 -1999211.000000        0.307285
FIRE:   53 23:43:49 -1999211.250000        0.294863
FIRE:   54 23:43:49 -1999210.000000        0.303401
FIRE:   55 23:43:49 -1999210.250000        0.308577
FIRE:   56 23:43:49 -1999209.250000        0.318986
FIRE:   57 23:43:49 -1999210.750000        0.327081
FIRE:   58 23:43:49 -1999209.625000        0.362162
FIRE:   59 23:43:49 -1999209.875000        0.382191
FIRE:   60 23:43:49 -1999211.375000        0.380894
FIRE:   61 23:43:49 -1999210.250000        0.362513
FIRE:   62 23:43:49 -1999214.875000        0.371050
FIRE:   63 23:43:49 -1999210.625000        0.362980
FIRE:   64 23:43:49 -1999210.875000        0.337848
FIRE:   65 23:43:49 -1999211.000000        0.303173
FIRE:   66 23:43:49 -1999215.500000        0.304912
FIRE:   67 23:43:50 -1999211.375000        0.304410
FIRE:   68 23:43:50 -1999211.500000        0.318161
FIRE:   69 23:43:50 -1999211.625000        0.324946
FIRE:   70 23:43:50 -1999211.750000        0.338024
FIRE:   71 23:43:50 -1999216.000000        0.353237
FIRE:   72 23:43:50 -1999216.500000        0.358330
FIRE:   73 23:43:50 -1999216.000000        0.355972
FIRE:   74 23:43:50 -1999216.750000        0.345238
FIRE:   75 23:43:50 -1999216.375000        0.321134
FIRE:   76 23:43:50 -1999213.875000        0.298223
FIRE:   77 23:43:50 -1999216.750000        0.279338
FIRE:   78 23:43:50 -1999217.250000        0.259276
FIRE:   79 23:43:50 -1999216.750000        0.236299
FIRE:   80 23:43:50 -1999216.875000        0.220112
FIRE:   81 23:43:50 -1999217.000000        0.235412
FIRE:   82 23:43:50 -1999217.000000        0.259060
FIRE:   83 23:43:50 -1999217.125000        0.291036
FIRE:   84 23:43:50 -1999217.875000        0.316728
FIRE:   85 23:43:50 -1999213.625000        0.335281
FIRE:   86 23:43:50 -1999213.750000        0.346336
FIRE:   87 23:43:50 -1999218.750000        0.348808
FIRE:   88 23:43:51 -1999218.875000        0.340917
FIRE:   89 23:43:51 -1999217.625000        0.321587
FIRE:   90 23:43:51 -1999218.750000        0.291097
FIRE:   91 23:43:51 -1999218.000000        0.272641
FIRE:   92 23:43:51 -1999219.375000        0.282110
FIRE:   93 23:43:51 -1999218.875000        0.296670
FIRE:   94 23:43:51 -1999219.500000        0.302922
FIRE:   95 23:43:51 -1999218.875000        0.301372
FIRE:   96 23:43:51 -1999216.000000        0.294542
FIRE:   97 23:43:51 -1999221.250000        0.281677
FIRE:   98 23:43:51 -1999215.000000        0.258045
FIRE:   99 23:43:51 -1999215.000000        0.255272
FIRE:  100 23:43:51 -1999215.125000        0.266810
FIRE:  101 23:43:51 -1999216.500000        0.269862
FIRE:  102 23:43:51 -1999218.375000        0.266163
FIRE:  103 23:43:51 -1999215.375000        0.254544
FIRE:  104 23:43:51 -1999215.500000        0.251973
FIRE:  105 23:43:51 -1999215.625000        0.260317
FIRE:  106 23:43:52 -1999221.875000        0.260094
FIRE:  107 23:43:52 -1999222.500000        0.251237
FIRE:  108 23:43:52 -1999222.000000        0.270534
FIRE:  109 23:43:52 -1999222.625000        0.297139
FIRE:  110 23:43:52 -1999222.625000        0.318140
FIRE:  111 23:43:52 -1999222.750000        0.331156
FIRE:  112 23:43:52 -1999222.750000        0.336993
FIRE:  113 23:43:52 -1999222.875000        0.336032
FIRE:  114 23:43:52 -1999222.375000        0.328265
FIRE:  115 23:43:52 -1999222.375000        0.313583
FIRE:  116 23:43:52 -1999216.500000        0.294132
FIRE:  117 23:43:52 -1999216.375000        0.275334
FIRE:  118 23:43:52 -1999216.500000        0.253823
FIRE:  119 23:43:52 -1999216.500000        0.233411
FIRE:  120 23:43:52 -1999216.625000        0.261032
FIRE:  121 23:43:52 -1999223.375000        0.279670
FIRE:  122 23:43:52 -1999223.500000        0.290862
FIRE:  123 23:43:53 -1999223.500000        0.294015
FIRE:  124 23:43:53 -1999223.500000        0.286512
FIRE:  125 23:43:53 -1999223.375000        0.266728
FIRE:  126 23:43:53 -1999223.375000        0.236757
FIRE:  127 23:43:53 -1999217.000000        0.240693
FIRE:  128 23:43:53 -1999217.125000        0.245410
FIRE:  129 23:43:53 -1999217.000000        0.243647
FIRE:  130 23:43:53 -1999217.000000        0.236890
FIRE:  131 23:43:53 -1999218.375000        0.227366
FIRE:  132 23:43:53 -1999217.125000        0.216308
FIRE:  133 23:43:53 -1999217.250000        0.210200
FIRE:  134 23:43:53 -1999217.250000        0.218028
FIRE:  135 23:43:53 -1999218.500000        0.217652
FIRE:  136 23:43:53 -1999218.625000        0.209794
FIRE:  137 23:43:54 -1999218.625000        0.204263
FIRE:  138 23:43:54 -1999218.625000        0.193546
FIRE:  139 23:43:54 -1999220.250000        0.192157
FIRE:  140 23:43:54 -1999218.750000        0.233596
FIRE:  141 23:43:54 -1999219.625000        0.268765
FIRE:  142 23:43:54 -1999223.875000        0.292802
FIRE:  143 23:43:54 -1999224.000000        0.307405
FIRE:  144 23:43:54 -1999218.875000        0.314282
FIRE:  145 23:43:54 -1999221.625000        0.311104
FIRE:  146 23:43:54 -1999224.125000        0.294269
FIRE:  147 23:43:54 -1999224.500000        0.280775
FIRE:  148 23:43:54 -1999217.875000        0.286193
FIRE:  149 23:43:54 -1999217.875000        0.280228
FIRE:  150 23:43:54 -1999218.000000        0.263105
FIRE:  151 23:43:55 -1999218.000000        0.267999
FIRE:  152 23:43:55 -1999218.000000        0.284652
FIRE:  153 23:43:55 -1999218.125000        0.269838
FIRE:  154 23:43:55 -1999224.250000        0.232744
FIRE:  155 23:43:55 -1999220.875000        0.225033
FIRE:  156 23:43:55 -1999220.125000        0.220954
FIRE:  157 23:43:55 -1999224.375000        0.223024
FIRE:  158 23:43:55 -1999220.000000        0.202130
FIRE:  159 23:43:55 -1999218.375000        0.176713
FIRE:  160 23:43:55 -1999221.500000        0.167123
FIRE:  161 23:43:55 -1999218.500000        0.167488
FIRE:  162 23:43:55 -1999222.375000        0.179115
FIRE:  163 23:43:55 -1999221.500000        0.188035
FIRE:  164 23:43:55 -1999221.750000        0.199584
FIRE:  165 23:43:55 -1999218.625000        0.193434
FIRE:  166 23:43:55 -1999218.625000        0.172391
FIRE:  167 23:43:56 -1999218.625000        0.172468
FIRE:  168 23:43:56 -1999220.000000        0.174075
FIRE:  169 23:43:56 -1999220.000000        0.171881
FIRE:  170 23:43:56 -1999218.750000        0.190217
FIRE:  171 23:43:56 -1999218.750000        0.191652
FIRE:  172 23:43:56 -1999218.875000        0.173361
FIRE:  173 23:43:56 -1999219.000000        0.180123
FIRE:  174 23:43:56 -1999218.875000        0.194950
FIRE:  175 23:43:56 -1999218.875000        0.202293
FIRE:  176 23:43:56 -1999218.875000        0.199469
FIRE:  177 23:43:56 -1999222.750000        0.191392
FIRE:  178 23:43:56 -1999224.250000        0.208260
FIRE:  179 23:43:56 -1999224.625000        0.224591
FIRE:  180 23:43:57 -1999224.000000        0.230775
FIRE:  181 23:43:57 -1999224.375000        0.227978
FIRE:  182 23:43:57 -1999222.125000        0.215168
FIRE:  183 23:43:57 -1999219.250000        0.190908
FIRE:  184 23:43:57 -1999219.250000        0.156014
FIRE:  185 23:43:57 -1999219.250000        0.164166
FIRE:  186 23:43:57 -1999220.500000        0.176815
FIRE:  187 23:43:57 -1999220.500000        0.185809
FIRE:  188 23:43:57 -1999220.500000        0.188507
FIRE:  189 23:43:57 -1999220.500000        0.194089
FIRE:  190 23:43:57 -1999221.000000        0.206371
FIRE:  191 23:43:57 -1999221.250000        0.214246
FIRE:  192 23:43:57 -1999221.500000        0.215578
FIRE:  193 23:43:57 -1999224.250000        0.209821
FIRE:  194 23:43:58 -1999221.500000        0.208389
FIRE:  195 23:43:58 -1999220.625000        0.211051
FIRE:  196 23:43:58 -1999220.750000        0.202196
FIRE:  197 23:43:58 -1999220.750000        0.188521
FIRE:  198 23:43:58 -1999221.500000        0.198004
FIRE:  199 23:43:58 -1999220.750000        0.190404
FIRE:  200 23:43:58 -1999219.625000        0.166343
FIRE:  201 23:43:58 -1999219.750000        0.193939
FIRE:  202 23:43:58 -1999219.625000        0.215211
FIRE:  203 23:43:58 -1999219.625000        0.228505
FIRE:  204 23:43:58 -1999219.875000        0.233256
FIRE:  205 23:43:58 -1999219.750000        0.229353
FIRE:  206 23:43:58 -1999226.500000        0.216168
FIRE:  207 23:43:58 -1999219.750000        0.194902
FIRE:  208 23:43:59 -1999220.000000        0.768786
FIRE:  209 23:43:59 -1999220.500000        3.032993
FIRE:  210 23:43:59 -1999219.750000        2.140180
FIRE:  211 23:43:59 -1999219.875000        1.468618
FIRE:  212 23:43:59 -1999220.125000        0.851993
FIRE:  213 23:43:59 -1999220.000000        0.160286
FIRE:  214 23:43:59 -1999220.000000        0.145578
FIRE:  215 23:43:59 -1999220.125000        0.121078
FIRE:  216 23:43:59 -1999220.125000        0.120245
FIRE:  217 23:43:59 -1999220.125000        0.119509
FIRE:  218 23:43:59 -1999220.125000        0.118925
FIRE:  219 23:43:59 -1999220.125000        0.118411
FIRE:  220 23:43:59 -1999220.000000        0.117774
FIRE:  221 23:43:59 -1999220.000000        0.116729
FIRE:  222 23:44:03 -1999222.750000        0.115129
FIRE:  223 23:44:03 -1999226.750000        0.113038
FIRE:  224 23:44:03 -1999223.875000        0.110663
FIRE:  225 23:44:03 -1999226.750000        0.107987
FIRE:  226 23:44:03 -1999226.750000        0.104708
FIRE:  227 23:44:03 -1999226.750000        0.100820
FIRE:  228 23:44:03 -1999226.750000        0.096481
FIRE:  229 23:44:03 -1999226.750000        0.090585
FIRE:  230 23:44:03 -1999224.625000        0.082575
FIRE:  231 23:44:03 -1999226.875000        0.073596
FIRE:  232 23:44:03 -1999226.875000        0.076628
FIRE:  233 23:44:04 -1999226.250000        0.082340
FIRE:  234 23:44:04 -1999226.875000        0.074809
FIRE:  235 23:44:04 -1999226.875000        0.084744
FIRE:  236 23:44:04 -1999226.875000        0.134668
FIRE:  237 23:44:04 -1999227.000000        0.420670
FIRE:  238 23:44:04 -1999224.375000        1.105993
FIRE:  239 23:44:04 -1999222.250000        0.161873
FIRE:  240 23:44:04 -1999225.000000        0.938088
FIRE:  241 23:44:04 -1999221.750000        0.727721
FIRE:  242 23:44:04 -1999222.250000        0.360179
FIRE:  243 23:44:04 -1999224.875000        0.074382
FIRE:  244 23:44:04 -1999224.375000        0.070807
FIRE:  245 23:44:04 -1999224.375000        0.064580
FIRE:  246 23:44:05 -1999222.375000        0.055738
FIRE:  247 23:44:05 -1999224.750000        0.049610
