      Step     Time          Energy          fmax
FIRE:    0 00:52:45 -2397144.500000        7.235296
FIRE:    1 00:52:45 -2397151.000000        6.660534
FIRE:    2 00:52:47 -2397154.750000        5.687378
FIRE:    3 00:52:48 -2397160.000000        4.300297
FIRE:    4 00:52:48 -2397161.000000        3.290625
FIRE:    5 00:52:48 -2397159.250000        3.383549
FIRE:    6 00:52:48 -2397162.250000        4.510440
FIRE:    7 00:52:48 -2397162.750000        3.508457
FIRE:    8 00:52:48 -2397163.000000        1.947249
FIRE:    9 00:52:48 -2397163.500000        1.515649
FIRE:   10 00:52:48 -2397165.250000        1.804972
FIRE:   11 00:52:48 -2397164.000000        2.563462
FIRE:   12 00:52:48 -2397164.250000        2.658052
FIRE:   13 00:52:48 -2397164.750000        2.070222
FIRE:   14 00:52:48 -2397165.000000        1.561406
FIRE:   15 00:52:50 -2397159.500000        1.367958
FIRE:   16 00:52:50 -2397166.250000        2.101878
FIRE:   17 00:52:50 -2397168.500000        1.664006
FIRE:   18 00:52:50 -2397169.000000        1.319889
FIRE:   19 00:52:50 -2397167.500000        1.492039
FIRE:   20 00:52:50 -2397168.250000        1.416978
FIRE:   21 00:52:50 -2397169.000000        1.516563
FIRE:   22 00:52:50 -2397169.500000        1.748847
FIRE:   23 00:52:50 -2397170.000000        2.025446
FIRE:   24 00:52:50 -2397170.750000        2.292126
FIRE:   25 00:52:50 -2397171.500000        2.436042
FIRE:   26 00:52:50 -2397172.000000        2.189231
FIRE:   27 00:52:50 -2397172.750000        1.154105
FIRE:   28 00:52:50 -2397174.500000        2.761098
FIRE:   29 00:52:50 -2397173.000000        5.272604
FIRE:   30 00:52:50 -2397173.500000        1.436784
FIRE:   31 00:52:51 -2397173.750000        1.583227
FIRE:   32 00:52:51 -2397173.750000        1.505632
FIRE:   33 00:52:51 -2397173.750000        1.350678
FIRE:   34 00:52:51 -2397174.000000        1.125283
FIRE:   35 00:52:51 -2397174.000000        0.941103
FIRE:   36 00:52:51 -2397174.000000        0.901328
FIRE:   37 00:52:51 -2397174.250000        0.839995
FIRE:   38 00:52:51 -2397174.250000        0.934594
FIRE:   39 00:52:51 -2397174.500000        1.030120
FIRE:   40 00:52:51 -2397174.500000        0.876958
FIRE:   41 00:52:51 -2397173.000000        0.737466
FIRE:   42 00:52:51 -2397173.250000        0.863286
FIRE:   43 00:52:51 -2397175.250000        0.971677
FIRE:   44 00:52:51 -2397173.750000        0.989284
FIRE:   45 00:52:51 -2397174.000000        0.842027
FIRE:   46 00:52:51 -2397174.500000        0.662817
FIRE:   47 00:52:52 -2397176.500000        0.678385
FIRE:   48 00:52:52 -2397178.500000        0.816881
FIRE:   49 00:52:52 -2397178.500000        1.014377
FIRE:   50 00:52:52 -2397178.750000        1.096617
FIRE:   51 00:52:53 -2397177.250000        0.591205
FIRE:   52 00:52:53 -2397171.750000        0.778434
FIRE:   53 00:52:53 -2397178.000000        1.539431
FIRE:   54 00:52:53 -2397178.000000        2.708965
FIRE:   55 00:52:53 -2397179.750000        3.691668
FIRE:   56 00:52:54 -2397179.000000       12.408417
FIRE:   57 00:52:54 -2397179.500000        2.152044
FIRE:   58 00:52:54 -2397179.750000        1.738537
FIRE:   59 00:52:54 -2397179.500000        0.984561
FIRE:   60 00:52:54 -2397179.750000        0.206942
FIRE:   61 00:52:54 -2397179.750000        1.080665
FIRE:   62 00:52:54 -2397179.500000        1.016168
FIRE:   63 00:52:54 -2397180.000000        0.891837
FIRE:   64 00:52:54 -2397179.750000        0.717412
FIRE:   65 00:52:54 -2397180.000000        0.507056
FIRE:   66 00:52:54 -2397179.750000        0.299730
FIRE:   67 00:52:54 -2397179.750000        0.195014
FIRE:   68 00:52:54 -2397179.750000        0.254543
FIRE:   69 00:52:54 -2397180.000000        0.379612
FIRE:   70 00:52:54 -2397180.000000        0.498156
FIRE:   71 00:52:54 -2397179.750000        0.551662
FIRE:   72 00:52:54 -2397180.000000        0.505511
FIRE:   73 00:52:55 -2397180.000000        0.348629
FIRE:   74 00:52:55 -2397180.000000        0.197575
FIRE:   75 00:52:55 -2397180.000000        0.308246
FIRE:   76 00:52:55 -2397180.000000        0.454172
FIRE:   77 00:52:55 -2397178.250000        0.419841
FIRE:   78 00:52:55 -2397180.000000        0.222515
FIRE:   79 00:52:55 -2397178.250000        0.303206
FIRE:   80 00:52:55 -2397180.000000        0.389104
FIRE:   81 00:52:55 -2397178.500000        0.196606
FIRE:   82 00:52:55 -2397178.250000        0.388256
FIRE:   83 00:52:55 -2397173.500000        0.243743
FIRE:   84 00:52:55 -2397173.750000        0.390095
FIRE:   85 00:52:55 -2397173.250000        0.198385
FIRE:   86 00:52:55 -2397178.500000        0.384052
FIRE:   87 00:52:55 -2397180.250000        0.596104
FIRE:   88 00:52:55 -2397180.500000        0.814625
FIRE:   89 00:52:56 -2397179.000000        1.560115
FIRE:   90 00:52:56 -2397173.750000        3.717158
FIRE:   91 00:52:56 -2397173.750000        0.253982
FIRE:   92 00:52:56 -2397173.500000        0.228945
FIRE:   93 00:52:56 -2397173.500000        0.196844
FIRE:   94 00:52:56 -2397174.250000        0.187879
FIRE:   95 00:52:56 -2397174.750000        0.208054
FIRE:   96 00:52:56 -2397173.750000        0.228094
FIRE:   97 00:52:56 -2397175.000000        0.226189
FIRE:   98 00:52:56 -2397175.000000        0.206549
FIRE:   99 00:52:56 -2397175.000000        0.190680
FIRE:  100 00:52:56 -2397175.000000        0.195370
FIRE:  101 00:52:56 -2397173.250000        0.196566
FIRE:  102 00:52:56 -2397173.500000        0.190112
FIRE:  103 00:52:56 -2397175.000000        0.210220
FIRE:  104 00:52:56 -2397173.250000        0.207064
FIRE:  105 00:52:57 -2397173.500000        0.186766
FIRE:  106 00:52:57 -2397175.250000        0.190637
FIRE:  107 00:52:57 -2397173.500000        0.201778
FIRE:  108 00:52:57 -2397174.500000        0.190929
FIRE:  109 00:52:57 -2397173.750000        0.198716
FIRE:  110 00:52:57 -2397174.750000        0.259075
FIRE:  111 00:52:57 -2397175.250000        0.444753
FIRE:  112 00:52:57 -2397174.750000        1.303547
FIRE:  113 00:52:57 -2397174.250000        3.612305
FIRE:  114 00:52:57 -2397176.000000        0.504600
FIRE:  115 00:52:57 -2397175.500000        3.955033
FIRE:  116 00:52:57 -2397173.750000        2.717978
FIRE:  117 00:52:57 -2397174.250000        0.819841
FIRE:  118 00:52:57 -2397174.250000        1.046671
FIRE:  119 00:52:57 -2397174.750000        0.985807
FIRE:  120 00:52:58 -2397175.250000        0.867019
FIRE:  121 00:52:58 -2397175.000000        0.696448
FIRE:  122 00:52:58 -2397174.000000        0.484311
FIRE:  123 00:52:58 -2397175.750000        0.277984
FIRE:  124 00:52:58 -2397175.750000        0.183741
FIRE:  125 00:52:58 -2397174.250000        0.291036
FIRE:  126 00:52:58 -2397174.250000        0.444058
FIRE:  127 00:52:58 -2397175.500000        0.552091
FIRE:  128 00:52:58 -2397176.000000        0.574787
FIRE:  129 00:52:58 -2397174.000000        0.490893
FIRE:  130 00:52:58 -2397174.250000        0.311999
FIRE:  131 00:52:58 -2397175.500000        0.185919
FIRE:  132 00:52:58 -2397175.750000        0.362163
FIRE:  133 00:52:58 -2397174.250000        0.474804
FIRE:  134 00:52:58 -2397174.250000        0.343250
FIRE:  135 00:52:58 -2397175.500000        0.191940
FIRE:  136 00:52:59 -2397175.250000        0.397914
FIRE:  137 00:52:59 -2397174.250000        0.351024
FIRE:  138 00:52:59 -2397176.250000        0.206345
FIRE:  139 00:52:59 -2397175.250000        0.387933
FIRE:  140 00:52:59 -2397174.500000        0.194380
FIRE:  141 00:52:59 -2397175.750000        0.386482
FIRE:  142 00:52:59 -2397176.000000        0.316456
FIRE:  143 00:52:59 -2397174.500000        0.181768
FIRE:  144 00:52:59 -2397174.750000        0.330350
FIRE:  145 00:52:59 -2397176.250000        0.813161
FIRE:  146 00:52:59 -2397176.500000        2.069914
FIRE:  147 00:52:59 -2397174.500000        4.697513
FIRE:  148 00:52:59 -2397174.750000        0.785329
FIRE:  149 00:52:59 -2397176.500000        5.614486
FIRE:  150 00:52:59 -2397176.500000        3.679658
FIRE:  151 00:53:00 -2397176.750000        0.890578
FIRE:  152 00:53:00 -2397175.000000        1.656774
FIRE:  153 00:53:00 -2397175.000000        1.561652
FIRE:  154 00:53:00 -2397175.000000        1.374836
FIRE:  155 00:53:00 -2397176.000000        1.104048
FIRE:  156 00:53:00 -2397176.000000        0.762173
FIRE:  157 00:53:00 -2397174.750000        0.376354
FIRE:  158 00:53:00 -2397175.000000        0.159409
FIRE:  159 00:53:00 -2397176.750000        0.429735
FIRE:  160 00:53:00 -2397176.500000        0.738073
FIRE:  161 00:53:00 -2397174.750000        0.722708
FIRE:  162 00:53:00 -2397175.250000        0.692373
FIRE:  163 00:53:00 -2397176.750000        0.647807
FIRE:  164 00:53:00 -2397174.750000        0.590163
FIRE:  165 00:53:00 -2397176.000000        0.520985
FIRE:  166 00:53:00 -2397176.000000        0.442269
FIRE:  167 00:53:01 -2397175.000000        0.368386
FIRE:  168 00:53:01 -2397176.500000        0.288580
FIRE:  169 00:53:01 -2397176.250000        0.209835
FIRE:  170 00:53:01 -2397175.000000        0.158694
FIRE:  171 00:53:01 -2397175.750000        0.173696
FIRE:  172 00:53:01 -2397176.250000        0.235083
FIRE:  173 00:53:01 -2397176.500000        0.307926
FIRE:  174 00:53:01 -2397175.000000        0.357167
FIRE:  175 00:53:01 -2397175.000000        0.355682
FIRE:  176 00:53:01 -2397176.250000        0.293400
FIRE:  177 00:53:01 -2397176.000000        0.194346
FIRE:  178 00:53:01 -2397175.000000        0.160514
FIRE:  179 00:53:01 -2397176.500000        0.245168
FIRE:  180 00:53:01 -2397176.500000        0.312163
FIRE:  181 00:53:01 -2397174.750000        0.276447
FIRE:  182 00:53:02 -2397176.750000        0.173362
FIRE:  183 00:53:02 -2397176.250000        0.205382
FIRE:  184 00:53:02 -2397176.750000        0.266286
FIRE:  185 00:53:02 -2397175.000000        0.172523
FIRE:  186 00:53:02 -2397175.000000        0.253408
FIRE:  187 00:53:02 -2397177.000000        0.223100
FIRE:  188 00:53:02 -2397176.750000        0.205904
FIRE:  189 00:53:02 -2397175.250000        0.176900
FIRE:  190 00:53:02 -2397175.250000        0.289224
FIRE:  191 00:53:02 -2397177.000000        0.213792
FIRE:  192 00:53:02 -2397176.750000        0.167308
FIRE:  193 00:53:02 -2397176.750000        0.173276
FIRE:  194 00:53:02 -2397176.500000        0.207416
FIRE:  195 00:53:02 -2397179.750000        0.837723
FIRE:  196 00:53:02 -2397181.500000        3.567552
FIRE:  197 00:53:02 -2397179.750000        1.152465
FIRE:  198 00:53:03 -2397179.750000        0.822980
FIRE:  199 00:53:03 -2397180.000000        0.254040
FIRE:  200 00:53:03 -2397179.500000        0.419195
FIRE:  201 00:53:03 -2397181.750000        0.387039
FIRE:  202 00:53:03 -2397180.000000        0.325531
FIRE:  203 00:53:03 -2397180.000000        0.240950
FIRE:  204 00:53:03 -2397180.000000        0.220716
FIRE:  205 00:53:03 -2397181.750000        0.221212
FIRE:  206 00:53:03 -2397181.750000        0.221761
FIRE:  207 00:53:03 -2397181.750000        0.222336
FIRE:  208 00:53:03 -2397183.500000        0.222988
FIRE:  209 00:53:03 -2397181.750000        0.223724
FIRE:  210 00:53:03 -2397181.750000        0.224554
FIRE:  211 00:53:03 -2397183.500000        0.225540
FIRE:  212 00:53:03 -2397183.500000        0.226796
FIRE:  213 00:53:03 -2397183.500000        0.228509
FIRE:  214 00:53:04 -2397183.250000        0.230901
FIRE:  215 00:53:04 -2397183.500000        0.234167
FIRE:  216 00:53:04 -2397183.500000        0.238412
FIRE:  217 00:53:04 -2397183.500000        0.243506
FIRE:  218 00:53:04 -2397183.250000        0.249157
FIRE:  219 00:53:04 -2397183.500000        0.255319
FIRE:  220 00:53:04 -2397183.250000        0.262309
FIRE:  221 00:53:04 -2397183.250000        0.270123
FIRE:  222 00:53:04 -2397183.750000        0.278412
FIRE:  223 00:53:04 -2397182.000000        0.289593
FIRE:  224 00:53:04 -2397183.750000        0.305589
FIRE:  225 00:53:04 -2397183.750000        0.332284
FIRE:  226 00:53:04 -2397184.000000        0.356489
FIRE:  227 00:53:04 -2397183.750000        0.372177
FIRE:  228 00:53:04 -2397184.250000        1.244315
FIRE:  229 00:53:05 -2397182.500000        3.565538
FIRE:  230 00:53:05 -2397184.000000        1.119512
FIRE:  231 00:53:05 -2397184.250000        0.790466
FIRE:  232 00:53:05 -2397182.500000        0.323146
FIRE:  233 00:53:05 -2397182.500000        0.428710
FIRE:  234 00:53:05 -2397184.000000        0.828289
FIRE:  235 00:53:05 -2397184.000000        0.844753
FIRE:  236 00:53:05 -2397184.250000        0.504227
FIRE:  237 00:53:05 -2397182.500000        0.312857
FIRE:  238 00:53:05 -2397184.000000        0.523576
FIRE:  239 00:53:05 -2397184.250000        0.661215
FIRE:  240 00:53:05 -2397184.250000        0.307786
FIRE:  241 00:53:05 -2397184.000000        0.386052
FIRE:  242 00:53:05 -2397184.250000        0.573209
FIRE:  243 00:53:05 -2397182.750000        0.295637
FIRE:  244 00:53:05 -2397182.750000        0.562984
FIRE:  245 00:53:05 -2397184.250000        0.265213
FIRE:  246 00:53:06 -2397182.750000        0.418795
FIRE:  247 00:53:06 -2397182.750000        0.695829
FIRE:  248 00:53:06 -2397183.000000        0.677797
FIRE:  249 00:53:06 -2397183.000000        0.962671
FIRE:  250 00:53:06 -2397181.500000        2.208355
FIRE:  251 00:53:06 -2397181.250000        0.172584
FIRE:  252 00:53:06 -2397181.000000        1.759276
FIRE:  253 00:53:06 -2397181.250000        1.393442
FIRE:  254 00:53:06 -2397181.250000        0.713135
FIRE:  255 00:53:06 -2397180.500000        0.174408
FIRE:  256 00:53:06 -2397181.000000        0.920859
FIRE:  257 00:53:06 -2397181.000000        0.863110
FIRE:  258 00:53:06 -2397181.250000        0.751972
FIRE:  259 00:53:06 -2397181.250000        0.595741
FIRE:  260 00:53:06 -2397181.250000        0.406561
FIRE:  261 00:53:06 -2397181.500000        0.201826
FIRE:  262 00:53:06 -2397181.500000        0.177032
FIRE:  263 00:53:06 -2397181.500000        0.195296
FIRE:  264 00:53:07 -2397181.000000        0.348006
FIRE:  265 00:53:07 -2397181.000000        0.450703
FIRE:  266 00:53:07 -2397181.500000        0.482150
FIRE:  267 00:53:07 -2397181.250000        0.425023
FIRE:  268 00:53:07 -2397181.250000        0.271345
FIRE:  269 00:53:07 -2397180.250000        0.182171
FIRE:  270 00:53:07 -2397181.250000        0.219610
FIRE:  271 00:53:07 -2397180.500000        0.365214
FIRE:  272 00:53:07 -2397177.500000        0.316820
FIRE:  273 00:53:07 -2397178.250000        0.188005
FIRE:  274 00:53:07 -2397178.000000        0.241487
FIRE:  275 00:53:07 -2397178.500000        0.309822
FIRE:  276 00:53:07 -2397178.750000        0.196515
FIRE:  277 00:53:07 -2397181.500000        0.305140
FIRE:  278 00:53:07 -2397181.500000        0.205160
FIRE:  279 00:53:07 -2397178.000000        0.329948
FIRE:  280 00:53:07 -2397178.750000        0.221312
FIRE:  281 00:53:07 -2397178.750000        0.321958
FIRE:  282 00:53:08 -2397181.500000        0.498945
FIRE:  283 00:53:08 -2397181.750000        0.633509
FIRE:  284 00:53:08 -2397181.750000        1.095318
FIRE:  285 00:53:08 -2397183.500000        2.699629
FIRE:  286 00:53:08 -2397183.500000        0.336186
FIRE:  287 00:53:08 -2397183.500000        0.336650
FIRE:  288 00:53:08 -2397183.500000        0.337631
FIRE:  289 00:53:08 -2397183.500000        0.339203
FIRE:  290 00:53:08 -2397181.750000        0.341401
FIRE:  291 00:53:08 -2397181.750000        0.344148
FIRE:  292 00:53:08 -2397183.500000        0.347267
FIRE:  293 00:53:08 -2397183.500000        0.350536
FIRE:  294 00:53:08 -2397183.500000        0.354125
FIRE:  295 00:53:08 -2397181.750000        0.358102
FIRE:  296 00:53:08 -2397183.500000        0.362932
FIRE:  297 00:53:08 -2397182.000000        0.369536
FIRE:  298 00:53:08 -2397179.000000        0.379007
FIRE:  299 00:53:08 -2397179.250000        0.392365
FIRE:  300 00:53:09 -2397179.000000        0.409706
FIRE:  301 00:53:09 -2397179.250000        0.428378
FIRE:  302 00:53:09 -2397178.750000        0.444104
FIRE:  303 00:53:09 -2397179.000000        0.457610
FIRE:  304 00:53:09 -2397179.500000        0.491532
FIRE:  305 00:53:09 -2397179.250000        0.495559
FIRE:  306 00:53:09 -2397179.000000        0.614621
FIRE:  307 00:53:09 -2397179.500000        1.117976
FIRE:  308 00:53:09 -2397182.500000        3.153302
FIRE:  309 00:53:09 -2397184.250000        0.693910
FIRE:  310 00:53:09 -2397182.500000        3.530725
FIRE:  311 00:53:09 -2397182.500000        2.409660
FIRE:  312 00:53:09 -2397182.500000        0.705507
FIRE:  313 00:53:09 -2397182.500000        0.969270
FIRE:  314 00:53:09 -2397184.250000        0.916089
FIRE:  315 00:53:09 -2397182.500000        0.812932
FIRE:  316 00:53:09 -2397184.250000        0.731844
FIRE:  317 00:53:10 -2397184.250000        0.729955
FIRE:  318 00:53:10 -2397184.250000        0.728165
FIRE:  319 00:53:10 -2397184.250000        0.726859
FIRE:  320 00:53:10 -2397184.250000        0.726442
FIRE:  321 00:53:10 -2397182.750000        0.727413
FIRE:  322 00:53:10 -2397184.500000        0.730459
FIRE:  323 00:53:10 -2397182.250000        0.736359
FIRE:  324 00:53:10 -2397182.750000        0.745946
FIRE:  325 00:53:10 -2397184.500000        0.759899
FIRE:  326 00:53:10 -2397182.750000        0.778234
FIRE:  327 00:53:10 -2397184.500000        0.800117
FIRE:  328 00:53:10 -2397184.500000        0.824601
FIRE:  329 00:53:10 -2397184.500000        0.852304
FIRE:  330 00:53:10 -2397182.250000        0.888699
FIRE:  331 00:53:10 -2397184.500000        0.948876
FIRE:  332 00:53:11 -2397183.000000        1.055560
FIRE:  333 00:53:11 -2397183.250000        1.236366
FIRE:  334 00:53:11 -2397182.750000        1.508221
FIRE:  335 00:53:11 -2397185.000000        1.883808
FIRE:  336 00:53:11 -2397185.250000        1.791470
FIRE:  337 00:53:11 -2397183.750000        3.190621
FIRE:  338 00:53:11 -2397185.500000        2.515389
FIRE:  339 00:53:11 -2397184.000000        1.506495
FIRE:  340 00:53:11 -2397185.500000        1.466309
FIRE:  341 00:53:11 -2397185.750000        1.410287
FIRE:  342 00:53:11 -2397185.750000        1.629559
FIRE:  343 00:53:11 -2397184.250000        1.674150
FIRE:  344 00:53:11 -2397180.750000        1.438616
FIRE:  345 00:53:11 -2397181.500000        1.083552
FIRE:  346 00:53:11 -2397180.000000        1.364357
FIRE:  347 00:53:11 -2397181.500000        2.013291
FIRE:  348 00:53:12 -2397181.500000        1.239428
FIRE:  349 00:53:12 -2397180.750000        1.056091
FIRE:  350 00:53:12 -2397180.500000        1.008292
FIRE:  351 00:53:12 -2397181.500000        0.917933
FIRE:  352 00:53:12 -2397180.750000        0.795108
FIRE:  353 00:53:12 -2397181.750000        0.653328
FIRE:  354 00:53:12 -2397181.750000        0.509122
FIRE:  355 00:53:12 -2397181.750000        0.542800
FIRE:  356 00:53:12 -2397181.500000        0.511064
FIRE:  357 00:53:12 -2397181.500000        0.477520
FIRE:  358 00:53:12 -2397181.250000        0.347093
FIRE:  359 00:53:12 -2397181.250000        0.394280
FIRE:  360 00:53:12 -2397181.000000        0.532304
FIRE:  361 00:53:12 -2397181.500000        0.592237
FIRE:  362 00:53:12 -2397181.000000        0.534396
FIRE:  363 00:53:12 -2397181.250000        0.420953
FIRE:  364 00:53:12 -2397181.750000        0.401151
FIRE:  365 00:53:13 -2397181.500000        0.363399
FIRE:  366 00:53:13 -2397182.000000        0.319495
FIRE:  367 00:53:13 -2397182.250000        0.439381
FIRE:  368 00:53:13 -2397181.250000        0.222271
FIRE:  369 00:53:13 -2397181.250000        0.252514
FIRE:  370 00:53:13 -2397181.250000        0.520440
FIRE:  371 00:53:13 -2397186.750000        0.990356
FIRE:  372 00:53:13 -2397186.750000        2.944050
FIRE:  373 00:53:13 -2397186.750000        1.458895
FIRE:  374 00:53:13 -2397185.250000        0.996778
FIRE:  375 00:53:13 -2397186.750000        0.185764
FIRE:  376 00:53:13 -2397186.750000        0.693664
FIRE:  377 00:53:13 -2397186.750000        0.629721
FIRE:  378 00:53:13 -2397186.750000        0.508444
FIRE:  379 00:53:13 -2397186.750000        0.343262
FIRE:  380 00:53:13 -2397186.750000        0.172325
FIRE:  381 00:53:13 -2397186.750000        0.172198
FIRE:  382 00:53:13 -2397186.750000        0.205954
FIRE:  383 00:53:14 -2397186.750000        0.322447
FIRE:  384 00:53:14 -2397186.750000        0.385067
FIRE:  385 00:53:14 -2397186.750000        0.375490
FIRE:  386 00:53:14 -2397186.750000        0.282106
FIRE:  387 00:53:14 -2397186.750000        0.171621
FIRE:  388 00:53:14 -2397186.750000        0.171447
FIRE:  389 00:53:14 -2397186.750000        0.280477
FIRE:  390 00:53:14 -2397186.750000        0.289549
FIRE:  391 00:53:14 -2397186.750000        0.171658
FIRE:  392 00:53:14 -2397186.750000        0.186416
FIRE:  393 00:53:14 -2397186.000000        0.296193
FIRE:  394 00:53:14 -2397186.000000        0.169518
FIRE:  395 00:53:14 -2397186.250000        0.253870
FIRE:  396 00:53:14 -2397186.250000        0.180554
FIRE:  397 00:53:14 -2397186.500000        0.283482
FIRE:  398 00:53:14 -2397186.250000        0.171007
FIRE:  399 00:53:15 -2397187.000000        0.289868
FIRE:  400 00:53:15 -2397187.000000        0.427437
FIRE:  401 00:53:15 -2397186.750000        0.523970
FIRE:  402 00:53:15 -2397187.000000        0.940403
FIRE:  403 00:53:15 -2397187.000000        2.201758
FIRE:  404 00:53:15 -2397187.000000        0.201319
FIRE:  405 00:53:15 -2397187.000000        0.163000
FIRE:  406 00:53:15 -2397187.000000        0.112333
FIRE:  407 00:53:15 -2397187.000000        0.113138
FIRE:  408 00:53:15 -2397187.000000        0.124100
FIRE:  409 00:53:15 -2397187.250000        0.144321
FIRE:  410 00:53:15 -2397187.250000        0.127398
FIRE:  411 00:53:15 -2397187.250000        0.116225
FIRE:  412 00:53:15 -2397187.250000        0.116437
FIRE:  413 00:53:15 -2397187.250000        0.116247
FIRE:  414 00:53:16 -2397187.250000        0.115727
FIRE:  415 00:53:16 -2397187.250000        0.115023
FIRE:  416 00:53:16 -2397187.250000        0.114121
FIRE:  417 00:53:16 -2397187.250000        0.112997
FIRE:  418 00:53:16 -2397187.250000        0.111083
FIRE:  419 00:53:16 -2397187.250000        0.108319
FIRE:  420 00:53:16 -2397187.250000        0.111715
FIRE:  421 00:53:16 -2397187.250000        0.102463
FIRE:  422 00:53:16 -2397187.250000        0.102756
FIRE:  423 00:53:16 -2397187.500000        0.179436
FIRE:  424 00:53:16 -2397187.250000        0.403000
FIRE:  425 00:53:16 -2397187.250000        1.246194
FIRE:  426 00:53:16 -2397187.250000        3.248257
FIRE:  427 00:53:16 -2397189.250000        0.200899
FIRE:  428 00:53:16 -2397188.750000        3.771040
FIRE:  429 00:53:17 -2397188.750000        2.510092
FIRE:  430 00:53:17 -2397189.000000        0.608916
FIRE:  431 00:53:17 -2397189.000000        1.210272
FIRE:  432 00:53:17 -2397189.000000        1.135802
FIRE:  433 00:53:17 -2397189.250000        0.990226
FIRE:  434 00:53:17 -2397189.000000        0.780563
FIRE:  435 00:53:17 -2397189.250000        0.518190
FIRE:  436 00:53:17 -2397189.000000        0.219687
FIRE:  437 00:53:17 -2397189.250000        0.097281
FIRE:  438 00:53:17 -2397189.250000        0.356954
FIRE:  439 00:53:17 -2397189.250000        0.350678
FIRE:  440 00:53:17 -2397189.250000        0.338121
FIRE:  441 00:53:17 -2397189.250000        0.319642
FIRE:  442 00:53:17 -2397189.000000        0.295528
FIRE:  443 00:53:18 -2397189.250000        0.266443
FIRE:  444 00:53:18 -2397189.250000        0.232863
FIRE:  445 00:53:18 -2397189.250000        0.195839
FIRE:  446 00:53:18 -2397189.000000        0.154084
FIRE:  447 00:53:18 -2397189.250000        0.110831
FIRE:  448 00:53:18 -2397189.000000        0.094614
FIRE:  449 00:53:18 -2397189.000000        0.094321
FIRE:  450 00:53:18 -2397189.000000        0.094054
FIRE:  451 00:53:18 -2397189.000000        0.129867
FIRE:  452 00:53:18 -2397189.000000        0.167894
FIRE:  453 00:53:18 -2397187.500000        0.185402
FIRE:  454 00:53:18 -2397187.500000        0.176133
FIRE:  455 00:53:18 -2397187.500000        0.136416
FIRE:  456 00:53:18 -2397187.500000        0.095274
FIRE:  457 00:53:19 -2397187.500000        0.096153
FIRE:  458 00:53:19 -2397187.500000        0.123923
FIRE:  459 00:53:19 -2397187.500000        0.147977
FIRE:  460 00:53:19 -2397187.500000        0.111735
FIRE:  461 00:53:19 -2397187.500000        0.098491
FIRE:  462 00:53:19 -2397187.500000        0.128903
FIRE:  463 00:53:19 -2397187.500000        0.130147
FIRE:  464 00:53:19 -2397187.500000        0.101612
FIRE:  465 00:53:19 -2397187.500000        0.127324
FIRE:  466 00:53:19 -2397187.500000        0.104402
FIRE:  467 00:53:19 -2397187.500000        0.131802
FIRE:  468 00:53:19 -2397187.500000        0.107176
FIRE:  469 00:53:19 -2397187.500000        0.124644
FIRE:  470 00:53:19 -2397187.500000        0.174595
FIRE:  471 00:53:19 -2397189.250000        0.192128
FIRE:  472 00:53:20 -2397187.500000        0.369992
FIRE:  473 00:53:20 -2397187.500000        0.904765
FIRE:  474 00:53:20 -2397187.500000        2.364999
FIRE:  475 00:53:20 -2397187.500000        0.111096
FIRE:  476 00:53:20 -2397187.500000        2.516970
FIRE:  477 00:53:20 -2397187.500000        1.736534
FIRE:  478 00:53:20 -2397187.500000        0.501794
FIRE:  479 00:53:20 -2397187.500000        0.754586
FIRE:  480 00:53:20 -2397187.500000        0.707556
FIRE:  481 00:53:20 -2397187.500000        0.615967
FIRE:  482 00:53:20 -2397187.500000        0.485076
FIRE:  483 00:53:20 -2397187.500000        0.322980
FIRE:  484 00:53:20 -2397187.500000        0.141925
FIRE:  485 00:53:20 -2397187.500000        0.111984
FIRE:  486 00:53:20 -2397187.500000        0.204902
FIRE:  487 00:53:21 -2397187.500000        0.331115
FIRE:  488 00:53:21 -2397187.500000        0.403300
FIRE:  489 00:53:21 -2397187.500000        0.402332
FIRE:  490 00:53:21 -2397187.500000        0.315685
FIRE:  491 00:53:21 -2397187.500000        0.158699
FIRE:  492 00:53:21 -2397187.500000        0.111064
FIRE:  493 00:53:21 -2397187.500000        0.270655
FIRE:  494 00:53:21 -2397187.500000        0.337591
FIRE:  495 00:53:21 -2397187.500000        0.231409
FIRE:  496 00:53:21 -2397187.750000        0.112400
FIRE:  497 00:53:21 -2397187.750000        0.256317
FIRE:  498 00:53:21 -2397187.750000        0.212428
FIRE:  499 00:53:21 -2397187.750000        0.119573
FIRE:  500 00:53:21 -2397187.750000        0.268297
FIRE:  501 00:53:22 -2397187.750000        0.112066
FIRE:  502 00:53:22 -2397187.750000        0.232140
FIRE:  503 00:53:22 -2397187.750000        0.207714
FIRE:  504 00:53:22 -2397187.750000        0.111342
FIRE:  505 00:53:22 -2397187.750000        0.197821
FIRE:  506 00:53:22 -2397187.750000        0.555129
FIRE:  507 00:53:22 -2397187.750000        1.330253
FIRE:  508 00:53:22 -2397187.750000        0.111767
FIRE:  509 00:53:22 -2397187.750000        1.093622
FIRE:  510 00:53:22 -2397187.750000        0.863856
FIRE:  511 00:53:22 -2397187.750000        0.443592
FIRE:  512 00:53:22 -2397187.750000        0.112453
FIRE:  513 00:53:22 -2397187.750000        0.112404
FIRE:  514 00:53:22 -2397187.750000        0.112339
FIRE:  515 00:53:22 -2397187.750000        0.112247
FIRE:  516 00:53:23 -2397187.750000        0.112144
FIRE:  517 00:53:23 -2397187.750000        0.112020
FIRE:  518 00:53:23 -2397187.750000        0.111911
FIRE:  519 00:53:23 -2397187.750000        0.111804
FIRE:  520 00:53:23 -2397187.750000        0.111746
FIRE:  521 00:53:23 -2397187.750000        0.111709
FIRE:  522 00:53:23 -2397187.750000        0.111760
FIRE:  523 00:53:23 -2397187.750000        0.111872
FIRE:  524 00:53:23 -2397187.750000        0.112114
FIRE:  525 00:53:23 -2397187.750000        0.112409
FIRE:  526 00:53:23 -2397187.750000        0.112798
FIRE:  527 00:53:23 -2397187.750000        0.113147
FIRE:  528 00:53:23 -2397187.750000        0.113353
FIRE:  529 00:53:23 -2397187.750000        0.113432
FIRE:  530 00:53:23 -2397187.750000        0.113496
FIRE:  531 00:53:24 -2397187.750000        0.113696
FIRE:  532 00:53:24 -2397187.750000        0.114146
FIRE:  533 00:53:24 -2397187.750000        0.114598
FIRE:  534 00:53:24 -2397187.750000        0.114698
FIRE:  535 00:53:24 -2397187.750000        0.114581
FIRE:  536 00:53:24 -2397187.750000        0.114764
FIRE:  537 00:53:24 -2397187.750000        0.114132
FIRE:  538 00:53:24 -2397187.750000        0.112351
FIRE:  539 00:53:24 -2397188.000000        0.110882
FIRE:  540 00:53:24 -2397188.000000        0.297096
FIRE:  541 00:53:24 -2397188.000000        0.982059
FIRE:  542 00:53:24 -2397188.000000        2.872032
FIRE:  543 00:53:24 -2397188.000000        0.105327
FIRE:  544 00:53:24 -2397188.000000        0.105583
FIRE:  545 00:53:25 -2397188.000000        0.106054
FIRE:  546 00:53:25 -2397188.000000        0.106618
FIRE:  547 00:53:25 -2397188.000000        0.107048
FIRE:  548 00:53:25 -2397188.000000        0.107246
FIRE:  549 00:53:25 -2397188.000000        0.107071
FIRE:  550 00:53:25 -2397188.000000        0.106559
FIRE:  551 00:53:25 -2397188.000000        0.105810
FIRE:  552 00:53:25 -2397188.000000        0.105034
FIRE:  553 00:53:25 -2397188.000000        0.104551
FIRE:  554 00:53:25 -2397188.000000        0.104484
FIRE:  555 00:53:25 -2397188.000000        0.104639
FIRE:  556 00:53:25 -2397188.000000        0.104565
FIRE:  557 00:53:25 -2397188.000000        0.104214
FIRE:  558 00:53:25 -2397189.500000        0.103531
FIRE:  559 00:53:26 -2397188.000000        0.102339
FIRE:  560 00:53:26 -2397189.500000        0.101185
FIRE:  561 00:53:26 -2397189.500000        0.100491
FIRE:  562 00:53:26 -2397189.500000        0.154470
FIRE:  563 00:53:26 -2397189.750000        0.504365
FIRE:  564 00:53:26 -2397189.500000        1.611273
FIRE:  565 00:53:26 -2397189.500000        0.151949
FIRE:  566 00:53:26 -2397189.500000        0.116081
FIRE:  567 00:53:26 -2397189.750000        0.092243
FIRE:  568 00:53:26 -2397189.500000        0.091830
FIRE:  569 00:53:26 -2397189.500000        0.091485
FIRE:  570 00:53:26 -2397188.000000        0.106466
FIRE:  571 00:53:26 -2397189.500000        0.091220
FIRE:  572 00:53:26 -2397189.750000        0.091230
FIRE:  573 00:53:26 -2397188.000000        0.091210
FIRE:  574 00:53:27 -2397188.250000        0.091310
FIRE:  575 00:53:27 -2397189.750000        0.090285
FIRE:  576 00:53:27 -2397189.750000        0.089313
FIRE:  577 00:53:27 -2397190.000000        0.088482
FIRE:  578 00:53:27 -2397183.500000        0.088083
FIRE:  579 00:53:27 -2397184.250000        0.087824
FIRE:  580 00:53:27 -2397184.000000        0.086489
FIRE:  581 00:53:27 -2397184.250000        0.085345
FIRE:  582 00:53:27 -2397183.750000        0.083143
FIRE:  583 00:53:27 -2397183.250000        0.080771
FIRE:  584 00:53:27 -2397184.250000        0.078069
FIRE:  585 00:53:27 -2397184.250000        0.118284
FIRE:  586 00:53:27 -2397184.000000        0.518101
FIRE:  587 00:53:27 -2397183.250000        1.831273
FIRE:  588 00:53:28 -2397184.250000        0.114525
FIRE:  589 00:53:28 -2397184.000000        0.083220
FIRE:  590 00:53:28 -2397184.250000        0.064362
FIRE:  591 00:53:28 -2397189.750000        0.064406
FIRE:  592 00:53:28 -2397189.750000        0.067915
FIRE:  593 00:53:28 -2397190.000000        0.076300
FIRE:  594 00:53:28 -2397190.000000        0.063767
FIRE:  595 00:53:28 -2397190.000000        0.063268
FIRE:  596 00:53:28 -2397190.000000        0.062680
FIRE:  597 00:53:28 -2397189.750000        0.063544
FIRE:  598 00:53:28 -2397189.750000        0.061596
FIRE:  599 00:53:28 -2397188.250000        0.061076
FIRE:  600 00:53:28 -2397188.250000        0.060314
FIRE:  601 00:53:28 -2397188.250000        0.059179
FIRE:  602 00:53:28 -2397188.250000        0.063730
FIRE:  603 00:53:29 -2397190.000000        0.057006
FIRE:  604 00:53:29 -2397189.750000        0.055681
FIRE:  605 00:53:29 -2397190.000000        0.074669
FIRE:  606 00:53:29 -2397189.750000        0.122008
FIRE:  607 00:53:29 -2397190.000000        0.252819
FIRE:  608 00:53:29 -2397189.750000        0.643008
FIRE:  609 00:53:29 -2397189.750000        1.721448
FIRE:  610 00:53:29 -2397189.750000        0.155914
FIRE:  611 00:53:29 -2397189.750000        0.116928
FIRE:  612 00:53:29 -2397189.750000        0.054759
FIRE:  613 00:53:29 -2397190.000000        0.054763
FIRE:  614 00:53:29 -2397189.750000        0.091488
FIRE:  615 00:53:29 -2397189.750000        0.110991
FIRE:  616 00:53:29 -2397190.000000        0.089783
FIRE:  617 00:53:30 -2397189.750000        0.054869
FIRE:  618 00:53:30 -2397189.750000        0.054917
FIRE:  619 00:53:30 -2397189.750000        0.090478
FIRE:  620 00:53:30 -2397189.750000        0.071888
FIRE:  621 00:53:30 -2397189.750000        0.055124
FIRE:  622 00:53:30 -2397189.750000        0.081369
FIRE:  623 00:53:30 -2397190.000000        0.055267
FIRE:  624 00:53:30 -2397189.750000        0.072172
FIRE:  625 00:53:30 -2397190.000000        0.055383
FIRE:  626 00:53:30 -2397188.250000        0.085809
FIRE:  627 00:53:30 -2397188.250000        0.055652
FIRE:  628 00:53:30 -2397188.500000        0.055453
FIRE:  629 00:53:30 -2397188.500000        0.055451
FIRE:  630 00:53:30 -2397188.500000        0.143701
FIRE:  631 00:53:30 -2397190.250000        0.519488
FIRE:  632 00:53:31 -2397188.500000        1.671341
FIRE:  633 00:53:31 -2397188.500000        0.082877
FIRE:  634 00:53:31 -2397188.500000        0.061010
FIRE:  635 00:53:31 -2397188.500000        0.055575
FIRE:  636 00:53:31 -2397188.500000        0.055582
FIRE:  637 00:53:31 -2397188.500000        0.055591
FIRE:  638 00:53:31 -2397188.500000        0.056974
FIRE:  639 00:53:31 -2397188.500000        0.055624
FIRE:  640 00:53:31 -2397188.500000        0.055632
FIRE:  641 00:53:31 -2397188.500000        0.055655
FIRE:  642 00:53:31 -2397188.500000        0.055668
FIRE:  643 00:53:31 -2397188.500000        0.055683
FIRE:  644 00:53:31 -2397188.500000        0.055693
FIRE:  645 00:53:31 -2397188.500000        0.055692
FIRE:  646 00:53:32 -2397186.750000        0.055668
FIRE:  647 00:53:32 -2397186.500000        0.055626
FIRE:  648 00:53:32 -2397186.750000        0.055581
FIRE:  649 00:53:32 -2397188.500000        0.055530
FIRE:  650 00:53:32 -2397188.500000        0.055474
FIRE:  651 00:53:32 -2397186.250000        0.080701
FIRE:  652 00:53:32 -2397186.750000        0.159566
FIRE:  653 00:53:32 -2397188.500000        0.453315
FIRE:  654 00:53:32 -2397188.500000        1.314269
FIRE:  655 00:53:32 -2397188.500000        0.086051
FIRE:  656 00:53:32 -2397188.500000        0.065372
FIRE:  657 00:53:32 -2397188.500000        0.055390
FIRE:  658 00:53:32 -2397188.500000        0.055403
FIRE:  659 00:53:32 -2397188.500000        0.055429
FIRE:  660 00:53:32 -2397188.500000        0.063027
FIRE:  661 00:53:33 -2397188.500000        0.055487
FIRE:  662 00:53:33 -2397188.500000        0.055523
FIRE:  663 00:53:33 -2397190.250000        0.055563
FIRE:  664 00:53:33 -2397190.250000        0.055601
FIRE:  665 00:53:33 -2397190.000000        0.055633
FIRE:  666 00:53:33 -2397190.000000        0.055663
FIRE:  667 00:53:33 -2397190.000000        0.055674
FIRE:  668 00:53:33 -2397190.000000        0.055669
FIRE:  669 00:53:33 -2397190.000000        0.055651
FIRE:  670 00:53:33 -2397190.250000        0.055617
FIRE:  671 00:53:33 -2397190.000000        0.055547
FIRE:  672 00:53:33 -2397188.500000        0.055469
FIRE:  673 00:53:33 -2397190.250000        0.055376
FIRE:  674 00:53:33 -2397188.500000        0.055283
FIRE:  675 00:53:34 -2397190.000000        0.094615
FIRE:  676 00:53:34 -2397188.500000        0.354656
FIRE:  677 00:53:34 -2397188.500000        1.287908
FIRE:  678 00:53:34 -2397188.500000        0.062807
FIRE:  679 00:53:34 -2397188.500000        0.054923
FIRE:  680 00:53:34 -2397188.500000        0.054933
FIRE:  681 00:53:34 -2397188.500000        0.054945
FIRE:  682 00:53:34 -2397188.500000        0.054969
FIRE:  683 00:53:34 -2397188.500000        0.054993
FIRE:  684 00:53:34 -2397188.500000        0.055024
FIRE:  685 00:53:34 -2397188.500000        0.055049
FIRE:  686 00:53:34 -2397188.500000        0.055071
FIRE:  687 00:53:34 -2397188.500000        0.055079
FIRE:  688 00:53:34 -2397188.500000        0.055068
FIRE:  689 00:53:34 -2397188.500000        0.055036
FIRE:  690 00:53:35 -2397188.500000        0.054973
FIRE:  691 00:53:35 -2397188.500000        0.054882
FIRE:  692 00:53:35 -2397188.500000        0.054759
FIRE:  693 00:53:35 -2397188.750000        0.054616
FIRE:  694 00:53:35 -2397188.750000        0.054458
FIRE:  695 00:53:35 -2397188.750000        0.054265
FIRE:  696 00:53:35 -2397188.750000        0.058213
FIRE:  697 00:53:35 -2397188.750000        0.109883
FIRE:  698 00:53:35 -2397188.750000        0.331301
FIRE:  699 00:53:35 -2397188.750000        1.055160
FIRE:  700 00:53:35 -2397188.750000        0.053244
FIRE:  701 00:53:35 -2397188.750000        0.053250
FIRE:  702 00:53:35 -2397188.750000        0.053258
FIRE:  703 00:53:35 -2397188.750000        0.053271
FIRE:  704 00:53:35 -2397188.750000        0.053293
FIRE:  705 00:53:35 -2397188.750000        0.053318
FIRE:  706 00:53:35 -2397188.750000        0.053335
FIRE:  707 00:53:36 -2397188.750000        0.053359
FIRE:  708 00:53:36 -2397188.750000        0.053369
FIRE:  709 00:53:36 -2397188.750000        0.053356
FIRE:  710 00:53:36 -2397188.750000        0.053332
FIRE:  711 00:53:36 -2397188.750000        0.053275
FIRE:  712 00:53:36 -2397188.750000        0.053181
FIRE:  713 00:53:36 -2397188.750000        0.053061
FIRE:  714 00:53:36 -2397188.750000        0.052894
FIRE:  715 00:53:36 -2397188.750000        0.052692
FIRE:  716 00:53:36 -2397188.750000        0.052464
FIRE:  717 00:53:36 -2397188.750000        0.052191
FIRE:  718 00:53:36 -2397188.750000        0.052184
FIRE:  719 00:53:36 -2397188.750000        0.053049
FIRE:  720 00:53:36 -2397188.750000        0.080810
FIRE:  721 00:53:36 -2397188.750000        0.289304
FIRE:  722 00:53:36 -2397188.750000        1.107608
FIRE:  723 00:53:36 -2397188.750000        0.056606
FIRE:  724 00:53:36 -2397188.500000        0.056607
FIRE:  725 00:53:37 -2397188.750000        0.056607
FIRE:  726 00:53:37 -2397188.750000        0.056604
FIRE:  727 00:53:37 -2397188.750000        0.056604
FIRE:  728 00:53:37 -2397188.750000        0.056615
FIRE:  729 00:53:37 -2397188.750000        0.056635
FIRE:  730 00:53:37 -2397188.750000        0.056668
FIRE:  731 00:53:37 -2397188.750000        0.056732
FIRE:  732 00:53:37 -2397188.750000        0.056821
FIRE:  733 00:53:37 -2397188.750000        0.056958
FIRE:  734 00:53:37 -2397188.750000        0.057148
FIRE:  735 00:53:37 -2397188.750000        0.057414
FIRE:  736 00:53:37 -2397188.750000        0.057750
FIRE:  737 00:53:37 -2397188.750000        0.058173
FIRE:  738 00:53:37 -2397188.750000        0.058654
FIRE:  739 00:53:37 -2397188.750000        0.059232
FIRE:  740 00:53:37 -2397190.500000        0.059904
FIRE:  741 00:53:37 -2397190.250000        0.060658
FIRE:  742 00:53:37 -2397190.500000        0.061599
FIRE:  743 00:53:38 -2397190.500000        0.169979
FIRE:  744 00:53:38 -2397190.250000        0.646860
FIRE:  745 00:53:38 -2397187.000000        2.138378
FIRE:  746 00:53:38 -2397187.500000        0.185284
FIRE:  747 00:53:38 -2397187.000000        0.132227
FIRE:  748 00:53:38 -2397187.250000        0.065350
FIRE:  749 00:53:38 -2397187.500000        0.065290
FIRE:  750 00:53:38 -2397187.500000        0.117900
FIRE:  751 00:53:38 -2397187.250000        0.127759
FIRE:  752 00:53:38 -2397190.500000        0.085613
FIRE:  753 00:53:38 -2397190.750000        0.065190
FIRE:  754 00:53:38 -2397190.500000        0.082524
FIRE:  755 00:53:38 -2397190.750000        0.104506
FIRE:  756 00:53:38 -2397190.500000        0.065359
FIRE:  757 00:53:38 -2397190.750000        0.070200
FIRE:  758 00:53:38 -2397190.500000        0.091588
FIRE:  759 00:53:38 -2397190.500000        0.066050
FIRE:  760 00:53:38 -2397190.500000        0.088726
FIRE:  761 00:53:39 -2397190.750000        0.066866
FIRE:  762 00:53:39 -2397190.750000        0.067416
FIRE:  763 00:53:39 -2397190.500000        0.113723
FIRE:  764 00:53:39 -2397190.500000        0.179821
FIRE:  765 00:53:39 -2397190.500000        0.320778
FIRE:  766 00:53:39 -2397190.500000        0.734537
FIRE:  767 00:53:39 -2397190.500000        1.938316
FIRE:  768 00:53:39 -2397190.750000        0.249882
FIRE:  769 00:53:39 -2397190.750000        0.184983
FIRE:  770 00:53:39 -2397190.500000        0.075456
FIRE:  771 00:53:39 -2397190.500000        0.071539
FIRE:  772 00:53:39 -2397190.750000        0.152406
FIRE:  773 00:53:39 -2397190.750000        0.182175
FIRE:  774 00:53:39 -2397190.750000        0.142455
FIRE:  775 00:53:39 -2397190.750000        0.071258
FIRE:  776 00:53:39 -2397190.500000        0.072686
FIRE:  777 00:53:39 -2397190.500000        0.145681
FIRE:  778 00:53:40 -2397189.000000        0.119192
FIRE:  779 00:53:40 -2397190.500000        0.071237
FIRE:  780 00:53:40 -2397190.500000        0.123223
FIRE:  781 00:53:40 -2397190.750000        0.072488
FIRE:  782 00:53:40 -2397189.000000        0.109132
FIRE:  783 00:53:40 -2397190.500000        0.073958
FIRE:  784 00:53:40 -2397189.000000        0.136774
FIRE:  785 00:53:40 -2397189.000000        0.072447
FIRE:  786 00:53:40 -2397189.000000        0.072717
FIRE:  787 00:53:40 -2397189.000000        0.175031
FIRE:  788 00:53:40 -2397189.000000        0.460491
FIRE:  789 00:53:40 -2397189.000000        1.152181
FIRE:  790 00:53:40 -2397189.000000        0.073160
FIRE:  791 00:53:40 -2397189.000000        0.966365
FIRE:  792 00:53:40 -2397189.000000        0.751282
FIRE:  793 00:53:40 -2397189.000000        0.360739
FIRE:  794 00:53:41 -2397189.000000        0.126129
FIRE:  795 00:53:41 -2397189.000000        0.118685
FIRE:  796 00:53:41 -2397189.000000        0.104321
FIRE:  797 00:53:41 -2397189.000000        0.084104
FIRE:  798 00:53:41 -2397189.000000        0.072770
FIRE:  799 00:53:41 -2397189.000000        0.072757
FIRE:  800 00:53:41 -2397189.000000        0.072740
FIRE:  801 00:53:41 -2397189.000000        0.072721
FIRE:  802 00:53:41 -2397189.000000        0.072698
FIRE:  803 00:53:41 -2397189.000000        0.072673
FIRE:  804 00:53:41 -2397189.000000        0.072638
FIRE:  805 00:53:41 -2397189.000000        0.072605
FIRE:  806 00:53:41 -2397189.000000        0.072568
FIRE:  807 00:53:41 -2397189.000000        0.072517
FIRE:  808 00:53:41 -2397189.000000        0.072469
FIRE:  809 00:53:42 -2397189.000000        0.072408
FIRE:  810 00:53:42 -2397189.000000        0.072343
FIRE:  811 00:53:42 -2397189.000000        0.072270
FIRE:  812 00:53:42 -2397189.000000        0.072196
FIRE:  813 00:53:42 -2397189.000000        0.072137
FIRE:  814 00:53:42 -2397189.000000        0.072090
FIRE:  815 00:53:42 -2397189.000000        0.072032
FIRE:  816 00:53:42 -2397189.000000        0.071951
FIRE:  817 00:53:42 -2397189.000000        0.071738
FIRE:  818 00:53:42 -2397189.000000        0.071473
FIRE:  819 00:53:42 -2397189.000000        0.071097
FIRE:  820 00:53:42 -2397189.000000        0.070578
FIRE:  821 00:53:42 -2397189.000000        0.088299
FIRE:  822 00:53:42 -2397189.000000        0.281763
FIRE:  823 00:53:43 -2397189.000000        0.913189
FIRE:  824 00:53:43 -2397189.000000        2.658907
FIRE:  825 00:53:43 -2397189.250000        0.208354
FIRE:  826 00:53:43 -2397189.250000        0.148151
FIRE:  827 00:53:43 -2397189.250000        0.065833
FIRE:  828 00:53:43 -2397189.250000        0.071937
FIRE:  829 00:53:43 -2397189.250000        0.132768
FIRE:  830 00:53:43 -2397189.250000        0.142986
FIRE:  831 00:53:43 -2397189.250000        0.096342
FIRE:  832 00:53:43 -2397189.250000        0.064846
FIRE:  833 00:53:43 -2397189.250000        0.090337
FIRE:  834 00:53:43 -2397189.250000        0.114949
FIRE:  835 00:53:43 -2397189.250000        0.064129
FIRE:  836 00:53:43 -2397189.250000        0.076459
FIRE:  837 00:53:43 -2397189.250000        0.103480
FIRE:  838 00:53:44 -2397189.250000        0.063276
FIRE:  839 00:53:44 -2397189.250000        0.098356
FIRE:  840 00:53:44 -2397189.250000        0.062487
FIRE:  841 00:53:44 -2397189.250000        0.067001
FIRE:  842 00:53:44 -2397189.250000        0.128477
FIRE:  843 00:53:44 -2397189.250000        0.175270
FIRE:  844 00:53:44 -2397189.250000        0.279267
FIRE:  845 00:53:44 -2397189.250000        0.622423
FIRE:  846 00:53:44 -2397189.250000        1.648073
FIRE:  847 00:53:44 -2397189.250000        0.225933
FIRE:  848 00:53:44 -2397189.250000        0.166723
FIRE:  849 00:53:44 -2397189.250000        0.065839
FIRE:  850 00:53:44 -2397189.250000        0.057916
FIRE:  851 00:53:44 -2397189.250000        0.139166
FIRE:  852 00:53:44 -2397189.250000        0.163974
FIRE:  853 00:53:45 -2397189.250000        0.126662
FIRE:  854 00:53:45 -2397189.250000        0.055895
FIRE:  855 00:53:45 -2397189.250000        0.070142
FIRE:  856 00:53:45 -2397189.250000        0.132593
FIRE:  857 00:53:45 -2397191.000000        0.106362
FIRE:  858 00:53:45 -2397190.750000        0.055298
FIRE:  859 00:53:45 -2397190.750000        0.111160
FIRE:  860 00:53:45 -2397190.750000        0.063553
FIRE:  861 00:53:45 -2397191.000000        0.101290
FIRE:  862 00:53:45 -2397190.750000        0.066286
FIRE:  863 00:53:45 -2397190.750000        0.125466
FIRE:  864 00:53:45 -2397191.000000        0.054376
FIRE:  865 00:53:45 -2397190.750000        0.052478
FIRE:  866 00:53:45 -2397191.000000        0.156114
FIRE:  867 00:53:46 -2397191.000000        0.408171
FIRE:  868 00:53:46 -2397190.750000        1.004511
FIRE:  869 00:53:46 -2397191.000000        0.049547
