      Step     Time          Energy          fmax
FIRE:    0 18:21:35 -2410660.750000       12.637448
FIRE:    1 18:21:36 -2410671.500000       11.233696
FIRE:    2 18:21:39 -2410682.000000        9.496299
FIRE:    3 18:21:39 -2410690.750000        7.524791
FIRE:    4 18:21:39 -2410699.000000        6.272317
FIRE:    5 18:21:39 -2410705.500000        5.311929
FIRE:    6 18:21:39 -2410711.000000        4.754826
FIRE:    7 18:21:40 -2410716.500000        4.249533
FIRE:    8 18:21:40 -2410720.500000        3.760745
FIRE:    9 18:21:40 -2410724.750000        3.567147
FIRE:   10 18:21:40 -2410728.250000        3.022583
FIRE:   11 18:21:40 -2410732.000000        3.059572
FIRE:   12 18:21:40 -2410734.000000        2.979930
FIRE:   13 18:21:40 -2410737.750000        2.759051
FIRE:   14 18:21:40 -2410740.250000        2.435536
FIRE:   15 18:21:42 -2410742.750000        2.062614
FIRE:   16 18:21:42 -2410744.250000        1.830890
FIRE:   17 18:21:42 -2410746.250000        1.644718
FIRE:   18 18:21:42 -2410749.000000        1.573296
FIRE:   19 18:21:42 -2410749.250000        1.542195
FIRE:   20 18:21:42 -2410751.500000        1.598292
FIRE:   21 18:21:42 -2410754.500000        1.578264
FIRE:   22 18:21:42 -2410755.500000        1.507126
FIRE:   23 18:21:42 -2410758.000000        1.430696
FIRE:   24 18:21:43 -2410759.750000        1.331091
FIRE:   25 18:21:43 -2410761.250000        1.225034
FIRE:   26 18:21:43 -2410761.250000        1.170110
FIRE:   27 18:21:43 -2410762.750000        1.147544
FIRE:   28 18:21:43 -2410764.750000        1.141525
FIRE:   29 18:21:43 -2410765.750000        1.128288
FIRE:   30 18:21:43 -2410767.250000        1.119074
FIRE:   31 18:21:43 -2410768.250000        1.112534
FIRE:   32 18:21:43 -2410770.250000        1.098709
FIRE:   33 18:21:43 -2410771.250000        1.076418
FIRE:   34 18:21:43 -2410772.500000        1.046246
FIRE:   35 18:21:43 -2410774.750000        1.010155
FIRE:   36 18:21:43 -2410775.500000        0.970929
FIRE:   37 18:21:43 -2410777.000000        0.930202
FIRE:   38 18:21:43 -2410777.750000        0.889254
FIRE:   39 18:21:43 -2410779.000000        0.853537
FIRE:   40 18:21:43 -2410779.250000        0.823922
FIRE:   41 18:21:43 -2410781.000000        0.795155
FIRE:   42 18:21:43 -2410780.500000        0.767519
FIRE:   43 18:21:43 -2410781.500000        0.741255
FIRE:   44 18:21:43 -2410782.750000        0.716517
FIRE:   45 18:21:44 -2410783.500000        0.693327
FIRE:   46 18:21:44 -2410784.500000        0.671580
FIRE:   47 18:21:44 -2410785.250000        0.651043
FIRE:   48 18:21:44 -2410786.500000        0.631243
FIRE:   49 18:21:44 -2410787.500000        0.615827
FIRE:   50 18:21:44 -2410787.750000        0.643670
FIRE:   51 18:21:44 -2410788.500000        0.660393
FIRE:   52 18:21:44 -2410789.250000        0.671730
FIRE:   53 18:21:44 -2410789.750000        0.683806
FIRE:   54 18:21:44 -2410790.750000        0.690326
FIRE:   55 18:21:44 -2410791.000000        0.687852
FIRE:   56 18:21:44 -2410791.750000        0.670494
FIRE:   57 18:21:44 -2410792.250000        0.634068
FIRE:   58 18:21:44 -2410793.000000        0.584093
FIRE:   59 18:21:44 -2410793.250000        0.579038
FIRE:   60 18:21:44 -2410793.500000        0.627943
FIRE:   61 18:21:44 -2410793.250000        0.658839
FIRE:   62 18:21:44 -2410794.000000        0.691114
FIRE:   63 18:21:44 -2410795.250000        0.723906
FIRE:   64 18:21:45 -2410795.250000        0.754274
FIRE:   65 18:21:45 -2410796.000000        0.768020
FIRE:   66 18:21:45 -2410796.250000        0.762095
FIRE:   67 18:21:45 -2410796.250000        0.753294
FIRE:   68 18:21:45 -2410796.750000        0.738880
FIRE:   69 18:21:45 -2410797.250000        0.723625
FIRE:   70 18:21:45 -2410797.250000        0.685684
FIRE:   71 18:21:45 -2410797.750000        0.618050
FIRE:   72 18:21:45 -2410798.250000        1.092608
FIRE:   73 18:21:45 -2410799.000000        1.386485
FIRE:   74 18:21:45 -2410800.250000        0.981096
FIRE:   75 18:21:45 -2410800.500000        0.544204
FIRE:   76 18:21:45 -2410801.000000        0.441697
FIRE:   77 18:21:45 -2410801.250000        0.483307
FIRE:   78 18:21:45 -2410801.250000        0.503934
FIRE:   79 18:21:45 -2410800.500000        0.520342
FIRE:   80 18:21:45 -2410802.000000        0.529787
FIRE:   81 18:21:45 -2410801.250000        0.528054
FIRE:   82 18:21:46 -2410801.000000        0.514772
FIRE:   83 18:21:46 -2410802.750000        0.491436
FIRE:   84 18:21:46 -2410801.500000        0.459164
FIRE:   85 18:21:46 -2410802.250000        0.420835
FIRE:   86 18:21:46 -2410802.500000        0.389893
FIRE:   87 18:21:46 -2410802.750000        0.347242
FIRE:   88 18:21:46 -2410803.000000        0.296703
FIRE:   89 18:21:46 -2410803.500000        0.247841
FIRE:   90 18:21:46 -2410803.500000        0.347725
FIRE:   91 18:21:46 -2410804.000000        0.304983
FIRE:   92 18:21:46 -2410804.250000        0.294786
FIRE:   93 18:21:46 -2410804.250000        0.325568
FIRE:   94 18:21:46 -2410804.250000        0.336689
FIRE:   95 18:21:46 -2410804.500000        0.330835
FIRE:   96 18:21:46 -2410805.500000        0.311726
FIRE:   97 18:21:46 -2410805.750000        0.279632
FIRE:   98 18:21:46 -2410805.000000        0.257887
FIRE:   99 18:21:46 -2410805.500000        0.287734
FIRE:  100 18:21:47 -2410805.500000        0.328610
FIRE:  101 18:21:47 -2410805.500000        0.475439
FIRE:  102 18:21:47 -2410805.750000        0.520479
FIRE:  103 18:21:47 -2410806.750000        0.538720
FIRE:  104 18:21:47 -2410807.000000        0.633923
FIRE:  105 18:21:47 -2410806.500000        0.716907
FIRE:  106 18:21:47 -2410807.000000        0.774373
FIRE:  107 18:21:47 -2410806.750000        0.844094
FIRE:  108 18:21:47 -2410806.500000        0.994161
FIRE:  109 18:21:47 -2410806.750000        1.136947
FIRE:  110 18:21:47 -2410807.000000        1.123294
FIRE:  111 18:21:47 -2410807.000000        0.911122
FIRE:  112 18:21:47 -2410807.000000        0.485669
FIRE:  113 18:21:47 -2410808.750000        1.250164
FIRE:  114 18:21:47 -2410808.500000        4.022964
FIRE:  115 18:21:47 -2410808.250000        9.759310
FIRE:  116 18:21:47 -2410808.500000        8.081318
FIRE:  117 18:21:47 -2410808.500000        4.493132
FIRE:  118 18:21:48 -2410809.000000        0.992391
FIRE:  119 18:21:48 -2410809.000000        0.899778
FIRE:  120 18:21:48 -2410808.750000        0.724695
FIRE:  121 18:21:48 -2410809.000000        0.599764
FIRE:  122 18:21:48 -2410808.750000        0.501043
FIRE:  123 18:21:48 -2410808.750000        0.395298
FIRE:  124 18:21:48 -2410809.000000        0.336235
FIRE:  125 18:21:48 -2410808.750000        0.465272
FIRE:  126 18:21:48 -2410809.000000        0.496502
FIRE:  127 18:21:48 -2410808.750000        0.400323
FIRE:  128 18:21:48 -2410808.750000        0.248151
FIRE:  129 18:21:48 -2410808.750000        0.341246
FIRE:  130 18:21:48 -2410809.000000        0.404694
FIRE:  131 18:21:48 -2410808.750000        0.314937
FIRE:  132 18:21:48 -2410809.250000        0.224310
FIRE:  133 18:21:48 -2410807.750000        0.325398
FIRE:  134 18:21:48 -2410808.000000        0.282869
FIRE:  135 18:21:48 -2410807.750000        0.235162
FIRE:  136 18:21:48 -2410807.750000        0.369518
FIRE:  137 18:21:49 -2410808.000000        0.256489
FIRE:  138 18:21:49 -2410808.000000        0.300666
FIRE:  139 18:21:49 -2410807.750000        0.352553
FIRE:  140 18:21:49 -2410807.750000        0.381896
FIRE:  141 18:21:49 -2410808.250000        0.334754
FIRE:  142 18:21:49 -2410809.000000        1.003574
FIRE:  143 18:21:49 -2410809.500000        4.616241
FIRE:  144 18:21:49 -2410809.500000        1.586990
FIRE:  145 18:21:49 -2410809.500000        1.092468
FIRE:  146 18:21:49 -2410809.500000        0.260178
FIRE:  147 18:21:49 -2410808.750000        0.629286
FIRE:  148 18:21:49 -2410808.750000        0.577617
FIRE:  149 18:21:49 -2410808.750000        0.478605
FIRE:  150 18:21:49 -2410808.500000        0.340997
FIRE:  151 18:21:49 -2410808.500000        0.178299
FIRE:  152 18:21:49 -2410808.750000        0.130037
FIRE:  153 18:21:49 -2410808.750000        0.150359
FIRE:  154 18:21:49 -2410808.750000        0.271143
FIRE:  155 18:21:50 -2410808.500000        0.349193
FIRE:  156 18:21:50 -2410808.500000        0.363160
FIRE:  157 18:21:50 -2410808.500000        0.297525
FIRE:  158 18:21:50 -2410808.750000        0.151653
FIRE:  159 18:21:50 -2410808.750000        0.129955
FIRE:  160 18:21:50 -2410808.750000        0.216543
FIRE:  161 18:21:50 -2410808.750000        0.269879
FIRE:  162 18:21:50 -2410809.000000        0.153193
FIRE:  163 18:21:50 -2410809.000000        0.129835
FIRE:  164 18:21:50 -2410808.750000        0.257003
FIRE:  165 18:21:50 -2410809.000000        0.149153
FIRE:  166 18:21:50 -2410809.000000        0.160051
FIRE:  167 18:21:50 -2410809.000000        0.182509
FIRE:  168 18:21:50 -2410808.750000        0.174843
FIRE:  169 18:21:50 -2410808.750000        0.126011
FIRE:  170 18:21:50 -2410809.000000        0.271048
FIRE:  171 18:21:50 -2410809.750000        0.298236
FIRE:  172 18:21:50 -2410809.000000        0.315165
FIRE:  173 18:21:51 -2410809.500000        0.671375
FIRE:  174 18:21:51 -2410809.500000        1.663658
FIRE:  175 18:21:51 -2410809.500000        4.849709
FIRE:  176 18:21:51 -2410809.500000        0.643819
FIRE:  177 18:21:51 -2410809.500000        0.483890
FIRE:  178 18:21:51 -2410809.250000        0.235218
FIRE:  179 18:21:51 -2410809.500000        0.165293
FIRE:  180 18:21:51 -2410809.500000        0.395366
FIRE:  181 18:21:51 -2410809.500000        0.488741
FIRE:  182 18:21:51 -2410809.500000        0.412638
FIRE:  183 18:21:51 -2410809.250000        0.230478
FIRE:  184 18:21:51 -2410809.500000        0.180934
FIRE:  185 18:21:51 -2410809.500000        0.312322
FIRE:  186 18:21:51 -2410809.250000        0.295911
FIRE:  187 18:21:51 -2410809.500000        0.231899
FIRE:  188 18:21:51 -2410809.500000        0.379678
FIRE:  189 18:21:51 -2410809.500000        0.220633
FIRE:  190 18:21:51 -2410809.500000        0.290277
FIRE:  191 18:21:51 -2410809.750000        0.153563
FIRE:  192 18:21:51 -2410809.750000        0.352510
FIRE:  193 18:21:52 -2410809.750000        0.169803
FIRE:  194 18:21:52 -2410809.750000        0.483520
FIRE:  195 18:21:52 -2410809.750000        0.279569
FIRE:  196 18:21:52 -2410809.750000        0.635196
FIRE:  197 18:21:52 -2410809.750000        1.998729
FIRE:  198 18:21:52 -2410809.750000        6.405219
FIRE:  199 18:21:52 -2410810.000000        1.489107
FIRE:  200 18:21:52 -2410810.000000        1.097617
FIRE:  201 18:21:52 -2410810.000000        0.416156
FIRE:  202 18:21:52 -2410809.750000        0.437621
FIRE:  203 18:21:52 -2410809.750000        0.403584
FIRE:  204 18:21:52 -2410810.000000        0.338365
FIRE:  205 18:21:52 -2410810.000000        0.247565
FIRE:  206 18:21:52 -2410810.000000        0.140124
FIRE:  207 18:21:52 -2410809.750000        0.110946
FIRE:  208 18:21:52 -2410810.000000        0.111033
FIRE:  209 18:21:52 -2410809.750000        0.176913
FIRE:  210 18:21:52 -2410809.750000        0.238438
FIRE:  211 18:21:52 -2410810.000000        0.259582
FIRE:  212 18:21:52 -2410809.750000        0.227904
FIRE:  213 18:21:53 -2410810.000000        0.139954
FIRE:  214 18:21:53 -2410810.000000        0.111982
FIRE:  215 18:21:53 -2410810.000000        0.118971
FIRE:  216 18:21:53 -2410809.750000        0.179127
FIRE:  217 18:21:53 -2410810.000000        0.126023
FIRE:  218 18:21:53 -2410810.000000        0.112765
FIRE:  219 18:21:53 -2410810.000000        0.173550
FIRE:  220 18:21:53 -2410810.000000        0.295909
FIRE:  221 18:21:53 -2410810.000000        0.173112
FIRE:  222 18:21:53 -2410810.000000        0.141105
FIRE:  223 18:21:53 -2410810.500000        0.149034
FIRE:  224 18:21:53 -2410810.500000        0.162098
FIRE:  225 18:21:53 -2410810.500000        0.118095
FIRE:  226 18:21:53 -2410810.250000        0.393589
FIRE:  227 18:21:53 -2410810.500000        0.110621
FIRE:  228 18:21:53 -2410810.750000        0.272368
FIRE:  229 18:21:53 -2410810.500000        0.908930
FIRE:  230 18:21:53 -2410810.750000        2.656282
FIRE:  231 18:21:53 -2410810.750000        0.165216
FIRE:  232 18:21:54 -2410810.750000        0.131921
FIRE:  233 18:21:54 -2410810.750000        0.101943
FIRE:  234 18:21:54 -2410810.750000        0.102164
FIRE:  235 18:21:54 -2410810.750000        0.102439
FIRE:  236 18:21:54 -2410810.750000        0.102757
FIRE:  237 18:21:54 -2410810.750000        0.103088
FIRE:  238 18:21:54 -2410811.000000        0.103428
FIRE:  239 18:21:54 -2410810.750000        0.103802
FIRE:  240 18:21:54 -2410810.750000        0.104157
FIRE:  241 18:21:54 -2410810.500000        0.104513
FIRE:  242 18:21:54 -2410810.750000        0.104871
FIRE:  243 18:21:54 -2410810.750000        0.128862
FIRE:  244 18:21:54 -2410811.000000        0.155822
FIRE:  245 18:21:54 -2410810.750000        0.106568
FIRE:  246 18:21:54 -2410810.750000        0.113768
FIRE:  247 18:21:54 -2410810.750000        0.110409
FIRE:  248 18:21:54 -2410810.250000        0.160012
FIRE:  249 18:21:54 -2410810.250000        0.266328
FIRE:  250 18:21:55 -2410810.000000        0.149637
FIRE:  251 18:21:55 -2410810.500000        0.123006
FIRE:  252 18:21:55 -2410811.000000        0.316114
FIRE:  253 18:21:55 -2410811.000000        1.474295
FIRE:  254 18:21:55 -2410810.250000        5.974098
FIRE:  255 18:21:55 -2410810.500000        2.125843
FIRE:  256 18:21:55 -2410810.250000        1.474531
FIRE:  257 18:21:55 -2410810.500000        0.380738
FIRE:  258 18:21:55 -2410810.500000        0.918350
FIRE:  259 18:21:55 -2410810.500000        0.837600
FIRE:  260 18:21:55 -2410810.500000        0.683389
FIRE:  261 18:21:55 -2410810.500000        0.469978
FIRE:  262 18:21:55 -2410810.500000        0.219037
FIRE:  263 18:21:55 -2410810.250000        0.105379
FIRE:  264 18:21:55 -2410810.500000        0.278029
FIRE:  265 18:21:55 -2410810.500000        0.443716
FIRE:  266 18:21:55 -2410810.500000        0.538299
FIRE:  267 18:21:55 -2410810.250000        0.537974
FIRE:  268 18:21:55 -2410810.500000        0.426640
FIRE:  269 18:21:56 -2410810.500000        0.207094
FIRE:  270 18:21:56 -2410810.500000        0.107490
FIRE:  271 18:21:56 -2410810.500000        0.328206
FIRE:  272 18:21:56 -2410810.500000        0.389762
FIRE:  273 18:21:56 -2410810.500000        0.213363
FIRE:  274 18:21:56 -2410810.500000        0.145598
FIRE:  275 18:21:56 -2410810.250000        0.375672
FIRE:  276 18:21:56 -2410810.500000        0.234234
FIRE:  277 18:21:56 -2410810.500000        0.205037
FIRE:  278 18:21:56 -2410810.500000        0.271724
FIRE:  279 18:21:56 -2410810.500000        0.218143
FIRE:  280 18:21:56 -2410810.750000        0.225075
FIRE:  281 18:21:56 -2410811.500000        0.366061
FIRE:  282 18:21:56 -2410811.250000        0.281499
FIRE:  283 18:21:56 -2410811.000000        0.160493
FIRE:  284 18:21:56 -2410811.000000        0.320881
FIRE:  285 18:21:56 -2410811.250000        0.821758
FIRE:  286 18:21:56 -2410810.750000        2.962067
FIRE:  287 18:21:57 -2410810.750000        0.526060
FIRE:  288 18:21:57 -2410810.750000        0.373904
FIRE:  289 18:21:57 -2410810.500000        0.129373
FIRE:  290 18:21:57 -2410810.750000        0.184396
FIRE:  291 18:21:57 -2410810.750000        0.373711
FIRE:  292 18:21:57 -2410810.500000        0.409086
FIRE:  293 18:21:57 -2410810.750000        0.288798
FIRE:  294 18:21:57 -2410810.750000        0.085003
FIRE:  295 18:21:57 -2410810.750000        0.193091
FIRE:  296 18:21:57 -2410810.750000        0.287787
FIRE:  297 18:21:57 -2410810.750000        0.174384
FIRE:  298 18:21:57 -2410810.750000        0.183986
FIRE:  299 18:21:57 -2410810.750000        0.283267
FIRE:  300 18:21:57 -2410810.750000        0.178434
FIRE:  301 18:21:57 -2410811.250000        0.246059
FIRE:  302 18:21:57 -2410810.750000        0.080387
FIRE:  303 18:21:57 -2410811.250000        0.271219
FIRE:  304 18:21:58 -2410811.250000        0.268333
FIRE:  305 18:21:58 -2410811.500000        0.238849
FIRE:  306 18:21:58 -2410810.750000        0.240348
FIRE:  307 18:21:58 -2410810.750000        0.639827
FIRE:  308 18:21:58 -2410810.750000        1.874151
FIRE:  309 18:21:58 -2410811.000000        0.157009
FIRE:  310 18:21:58 -2410810.750000        0.126376
FIRE:  311 18:21:58 -2410810.750000        0.076987
FIRE:  312 18:21:58 -2410810.750000        0.077038
FIRE:  313 18:21:58 -2410811.000000        0.077080
FIRE:  314 18:21:58 -2410810.750000        0.095762
FIRE:  315 18:21:58 -2410811.000000        0.093090
FIRE:  316 18:21:58 -2410811.000000        0.077000
FIRE:  317 18:21:58 -2410810.750000        0.076881
FIRE:  318 18:21:58 -2410810.750000        0.079934
FIRE:  319 18:21:58 -2410811.000000        0.084619
FIRE:  320 18:21:58 -2410811.000000        0.076413
FIRE:  321 18:21:58 -2410811.000000        0.108680
FIRE:  322 18:21:58 -2410811.000000        0.120649
FIRE:  323 18:21:59 -2410811.000000        0.076038
FIRE:  324 18:21:59 -2410811.000000        0.075625
FIRE:  325 18:21:59 -2410811.000000        0.075250
FIRE:  326 18:21:59 -2410810.750000        0.074833
FIRE:  327 18:21:59 -2410811.000000        0.212059
FIRE:  328 18:21:59 -2410810.750000        0.076741
FIRE:  329 18:21:59 -2410811.000000        0.096588
FIRE:  330 18:21:59 -2410811.000000        0.269024
FIRE:  331 18:21:59 -2410811.000000        1.073099
FIRE:  332 18:21:59 -2410810.750000        4.363938
FIRE:  333 18:21:59 -2410811.000000        1.492348
FIRE:  334 18:21:59 -2410811.000000        0.999767
FIRE:  335 18:21:59 -2410811.000000        0.207310
FIRE:  336 18:21:59 -2410811.000000        0.734184
FIRE:  337 18:21:59 -2410811.250000        0.670719
FIRE:  338 18:21:59 -2410811.250000        0.549801
FIRE:  339 18:21:59 -2410811.250000        0.382664
FIRE:  340 18:21:59 -2410811.250000        0.186339
FIRE:  341 18:21:59 -2410811.250000        0.071819
FIRE:  342 18:22:00 -2410811.250000        0.195122
FIRE:  343 18:22:00 -2410811.000000        0.319746
FIRE:  344 18:22:00 -2410811.000000        0.388233
FIRE:  345 18:22:00 -2410811.000000        0.382741
FIRE:  346 18:22:00 -2410811.250000        0.291668
FIRE:  347 18:22:00 -2410811.000000        0.119775
FIRE:  348 18:22:00 -2410811.250000        0.119212
FIRE:  349 18:22:00 -2410811.250000        0.292812
FIRE:  350 18:22:00 -2410811.000000        0.329172
FIRE:  351 18:22:00 -2410811.000000        0.180316
FIRE:  352 18:22:00 -2410811.000000        0.105228
FIRE:  353 18:22:00 -2410811.250000        0.261519
FIRE:  354 18:22:00 -2410811.000000        0.129431
FIRE:  355 18:22:00 -2410811.000000        0.213103
FIRE:  356 18:22:00 -2410811.250000        0.225912
FIRE:  357 18:22:00 -2410811.250000        0.170934
FIRE:  358 18:22:00 -2410811.250000        0.112866
FIRE:  359 18:22:00 -2410811.250000        0.339063
FIRE:  360 18:22:00 -2410811.250000        0.248994
FIRE:  361 18:22:01 -2410811.250000        0.238994
FIRE:  362 18:22:01 -2410811.250000        0.364121
FIRE:  363 18:22:01 -2410811.000000        1.119512
FIRE:  364 18:22:01 -2410811.000000        3.462832
FIRE:  365 18:22:01 -2410811.000000        0.719793
FIRE:  366 18:22:01 -2410811.250000        0.520523
FIRE:  367 18:22:01 -2410811.000000        0.182171
FIRE:  368 18:22:01 -2410811.250000        0.210342
FIRE:  369 18:22:01 -2410811.250000        0.193177
FIRE:  370 18:22:01 -2410811.250000        0.160242
FIRE:  371 18:22:01 -2410811.000000        0.114480
FIRE:  372 18:22:01 -2410811.000000        0.071351
FIRE:  373 18:22:01 -2410811.250000        0.067210
FIRE:  374 18:22:01 -2410811.250000        0.067219
FIRE:  375 18:22:01 -2410811.000000        0.100193
FIRE:  376 18:22:01 -2410811.250000        0.132211
FIRE:  377 18:22:01 -2410811.000000        0.144088
FIRE:  378 18:22:01 -2410811.250000        0.129207
FIRE:  379 18:22:02 -2410811.000000        0.085872
FIRE:  380 18:22:02 -2410811.250000        0.067676
FIRE:  381 18:22:02 -2410811.000000        0.067743
FIRE:  382 18:22:02 -2410811.000000        0.084819
FIRE:  383 18:22:02 -2410811.000000        0.072982
FIRE:  384 18:22:02 -2410811.000000        0.067263
FIRE:  385 18:22:02 -2410811.250000        0.099444
FIRE:  386 18:22:02 -2410811.000000        0.090587
FIRE:  387 18:22:02 -2410811.250000        0.067408
FIRE:  388 18:22:02 -2410811.000000        0.069663
FIRE:  389 18:22:02 -2410811.250000        0.066643
FIRE:  390 18:22:02 -2410811.000000        0.095781
FIRE:  391 18:22:02 -2410811.250000        0.069852
FIRE:  392 18:22:02 -2410811.500000        0.065759
FIRE:  393 18:22:02 -2410811.250000        0.065573
FIRE:  394 18:22:02 -2410811.500000        0.077874
FIRE:  395 18:22:02 -2410811.500000        0.360100
FIRE:  396 18:22:02 -2410811.250000        1.216112
FIRE:  397 18:22:03 -2410811.250000        4.257328
FIRE:  398 18:22:03 -2410811.250000        1.082788
FIRE:  399 18:22:03 -2410811.250000        0.761038
FIRE:  400 18:22:03 -2410811.250000        0.224765
FIRE:  401 18:22:03 -2410811.500000        0.426885
FIRE:  402 18:22:03 -2410811.500000        0.395176
FIRE:  403 18:22:03 -2410811.250000        0.334239
FIRE:  404 18:22:03 -2410811.500000        0.249421
FIRE:  405 18:22:03 -2410811.250000        0.148288
FIRE:  406 18:22:03 -2410811.250000        0.063056
FIRE:  407 18:22:03 -2410811.500000        0.075550
FIRE:  408 18:22:03 -2410811.500000        0.137453
FIRE:  409 18:22:03 -2410811.500000        0.189970
FIRE:  410 18:22:03 -2410811.500000        0.205070
FIRE:  411 18:22:03 -2410811.500000        0.173326
FIRE:  412 18:22:03 -2410811.500000        0.092816
FIRE:  413 18:22:03 -2410811.500000        0.063197
FIRE:  414 18:22:03 -2410811.500000        0.144004
FIRE:  415 18:22:03 -2410811.250000        0.196265
FIRE:  416 18:22:04 -2410811.250000        0.148038
FIRE:  417 18:22:04 -2410811.500000        0.063113
FIRE:  418 18:22:04 -2410811.500000        0.122568
FIRE:  419 18:22:04 -2410811.500000        0.104790
FIRE:  420 18:22:04 -2410811.500000        0.076005
FIRE:  421 18:22:04 -2410811.250000        0.163299
FIRE:  422 18:22:04 -2410811.250000        0.062449
FIRE:  423 18:22:04 -2410811.500000        0.112802
FIRE:  424 18:22:04 -2410811.500000        0.145926
FIRE:  425 18:22:04 -2410811.500000        0.061668
FIRE:  426 18:22:04 -2410811.500000        0.064146
FIRE:  427 18:22:04 -2410811.500000        0.236654
FIRE:  428 18:22:04 -2410811.250000        0.661766
FIRE:  429 18:22:04 -2410811.500000        2.019507
FIRE:  430 18:22:04 -2410811.500000        0.145724
FIRE:  431 18:22:04 -2410811.500000        0.114882
FIRE:  432 18:22:04 -2410811.500000        0.068174
FIRE:  433 18:22:04 -2410811.250000        0.059315
FIRE:  434 18:22:05 -2410811.250000        0.107257
FIRE:  435 18:22:05 -2410811.250000        0.127004
FIRE:  436 18:22:05 -2410811.500000        0.104426
FIRE:  437 18:22:05 -2410811.500000        0.059358
FIRE:  438 18:22:05 -2410811.250000        0.061873
FIRE:  439 18:22:05 -2410811.500000        0.073419
FIRE:  440 18:22:05 -2410811.500000        0.070793
FIRE:  441 18:22:05 -2410811.500000        0.063623
FIRE:  442 18:22:05 -2410811.250000        0.096123
FIRE:  443 18:22:05 -2410811.250000        0.058858
FIRE:  444 18:22:05 -2410811.500000        0.077763
FIRE:  445 18:22:05 -2410811.500000        0.058393
FIRE:  446 18:22:05 -2410811.250000        0.105579
FIRE:  447 18:22:05 -2410811.500000        0.079349
FIRE:  448 18:22:05 -2410811.500000        0.067646
FIRE:  449 18:22:05 -2410811.750000        0.072859
FIRE:  450 18:22:05 -2410811.750000        0.153830
FIRE:  451 18:22:05 -2410811.750000        0.475692
FIRE:  452 18:22:06 -2410811.750000        1.910999
FIRE:  453 18:22:06 -2410811.500000        0.321178
FIRE:  454 18:22:06 -2410811.750000        0.222010
FIRE:  455 18:22:06 -2410811.750000        0.077080
FIRE:  456 18:22:06 -2410811.750000        0.130131
FIRE:  457 18:22:06 -2410811.750000        0.249674
FIRE:  458 18:22:06 -2410811.750000        0.270512
FIRE:  459 18:22:06 -2410811.750000        0.192716
FIRE:  460 18:22:06 -2410811.500000        0.056060
FIRE:  461 18:22:06 -2410811.750000        0.109024
FIRE:  462 18:22:06 -2410811.500000        0.177943
FIRE:  463 18:22:06 -2410811.750000        0.096329
FIRE:  464 18:22:06 -2410811.500000        0.107862
FIRE:  465 18:22:06 -2410811.750000        0.197466
FIRE:  466 18:22:06 -2410811.500000        0.055739
FIRE:  467 18:22:06 -2410811.750000        0.152557
FIRE:  468 18:22:06 -2410811.750000        0.055416
FIRE:  469 18:22:06 -2410811.500000        0.197240
FIRE:  470 18:22:06 -2410811.750000        0.162435
FIRE:  471 18:22:07 -2410811.500000        0.150566
FIRE:  472 18:22:07 -2410811.500000        0.140952
FIRE:  473 18:22:07 -2410811.750000        0.443230
FIRE:  474 18:22:07 -2410811.750000        1.310496
FIRE:  475 18:22:07 -2410811.750000        0.091556
FIRE:  476 18:22:07 -2410811.750000        0.074730
FIRE:  477 18:22:07 -2410811.750000        0.053535
FIRE:  478 18:22:07 -2410811.500000        0.053628
FIRE:  479 18:22:07 -2410811.750000        0.054093
FIRE:  480 18:22:07 -2410811.500000        0.060550
FIRE:  481 18:22:07 -2410811.750000        0.057806
FIRE:  482 18:22:07 -2410811.750000        0.055675
FIRE:  483 18:22:07 -2410811.500000        0.056177
FIRE:  484 18:22:07 -2410811.750000        0.057055
FIRE:  485 18:22:07 -2410811.500000        0.056790
FIRE:  486 18:22:07 -2410811.500000        0.056704
FIRE:  487 18:22:07 -2410811.750000        0.056242
FIRE:  488 18:22:07 -2410811.750000        0.055312
FIRE:  489 18:22:08 -2410811.500000        0.053838
FIRE:  490 18:22:08 -2410811.750000        0.052911
FIRE:  491 18:22:08 -2410811.500000        0.052749
FIRE:  492 18:22:08 -2410811.750000        0.052597
FIRE:  493 18:22:08 -2410811.500000        0.052317
FIRE:  494 18:22:08 -2410811.750000        0.054626
FIRE:  495 18:22:08 -2410811.500000        0.079933
FIRE:  496 18:22:08 -2410811.750000        0.317176
FIRE:  497 18:22:08 -2410811.750000        1.258061
FIRE:  498 18:22:08 -2410811.750000        0.212883
FIRE:  499 18:22:08 -2410811.750000        0.158031
FIRE:  500 18:22:08 -2410811.750000        0.065520
FIRE:  501 18:22:08 -2410811.500000        0.058427
FIRE:  502 18:22:08 -2410811.500000        0.104104
FIRE:  503 18:22:08 -2410811.500000        0.117127
FIRE:  504 18:22:08 -2410811.500000        0.075649
FIRE:  505 18:22:08 -2410811.500000        0.050979
FIRE:  506 18:22:08 -2410811.750000        0.095373
FIRE:  507 18:22:08 -2410811.750000        0.130739
FIRE:  508 18:22:08 -2410811.750000        0.077803
FIRE:  509 18:22:09 -2410811.500000        0.056057
FIRE:  510 18:22:09 -2410811.500000        0.077426
FIRE:  511 18:22:09 -2410811.750000        0.050697
FIRE:  512 18:22:09 -2410811.500000        0.117255
FIRE:  513 18:22:09 -2410811.500000        0.050464
FIRE:  514 18:22:09 -2410811.750000        0.067633
FIRE:  515 18:22:09 -2410812.000000        0.144311
FIRE:  516 18:22:09 -2410812.000000        0.127378
FIRE:  517 18:22:09 -2410812.000000        0.266083
FIRE:  518 18:22:09 -2410812.000000        0.560210
FIRE:  519 18:22:09 -2410812.000000        1.554498
FIRE:  520 18:22:09 -2410812.000000        0.080251
FIRE:  521 18:22:09 -2410812.000000        0.069050
FIRE:  522 18:22:09 -2410812.000000        0.051176
FIRE:  523 18:22:09 -2410811.750000        0.048635
