      Step     Time          Energy          fmax
FIRE:    0 18:23:32  -602268.500000        7.270627
FIRE:    1 18:23:33  -602271.125000        4.851834
FIRE:    2 18:23:35  -602272.187500        3.582019
FIRE:    3 18:23:35  -602273.562500        2.665310
FIRE:    4 18:23:35  -602274.562500        3.205324
FIRE:    5 18:23:35  -602275.562500        2.023684
FIRE:    6 18:23:35  -602276.500000        2.028611
FIRE:    7 18:23:35  -602277.187500        1.978922
FIRE:    8 18:23:35  -602277.875000        1.427369
FIRE:    9 18:23:35  -602278.375000        1.877801
FIRE:   10 18:23:35  -602278.937500        1.643160
FIRE:   11 18:23:35  -602279.437500        1.646400
FIRE:   12 18:23:35  -602279.812500        1.123387
FIRE:   13 18:23:35  -602280.250000        1.582424
FIRE:   14 18:23:35  -602280.750000        1.248702
FIRE:   15 18:23:35  -602281.125000        1.586806
FIRE:   16 18:23:35  -602281.500000        0.905150
FIRE:   17 18:23:36  -602281.875000        1.008328
FIRE:   18 18:23:36  -602282.187500        0.973982
FIRE:   19 18:23:36  -602282.500000        0.689661
FIRE:   20 18:23:36  -602282.750000        0.928602
FIRE:   21 18:23:36  -602283.062500        0.533821
FIRE:   22 18:23:36  -602283.250000        0.600816
FIRE:   23 18:23:36  -602283.437500        0.961930
FIRE:   24 18:23:36  -602283.687500        0.845956
FIRE:   25 18:23:36  -602284.000000        0.685093
FIRE:   26 18:23:36  -602284.187500        0.492267
FIRE:   27 18:23:36  -602284.375000        0.555914
FIRE:   28 18:23:36  -602284.750000        0.748722
FIRE:   29 18:23:36  -602284.937500        1.100735
FIRE:   30 18:23:36  -602285.125000        1.605585
FIRE:   31 18:23:36  -602285.062500        2.366564
FIRE:   32 18:23:36  -602283.500000        8.600291
FIRE:   33 18:23:36  -602285.312500        2.846055
FIRE:   34 18:23:36  -602284.812500        4.132516
FIRE:   35 18:23:36  -602285.375000        1.218392
FIRE:   36 18:23:37  -602285.125000        1.834123
FIRE:   37 18:23:37  -602285.312500        1.591198
FIRE:   38 18:23:37  -602285.187500        1.124389
FIRE:   39 18:23:37  -602285.187500        0.487754
FIRE:   40 18:23:37  -602285.562500        0.277788
FIRE:   41 18:23:37  -602285.375000        0.268342
FIRE:   42 18:23:37  -602285.562500        0.250963
FIRE:   43 18:23:37  -602285.625000        0.250548
FIRE:   44 18:23:37  -602285.437500        0.250003
FIRE:   45 18:23:37  -602285.437500        0.249317
FIRE:   46 18:23:37  -602285.625000        0.248496
FIRE:   47 18:23:37  -602285.625000        0.247537
FIRE:   48 18:23:37  -602285.437500        0.246320
FIRE:   49 18:23:37  -602285.625000        0.244799
FIRE:   50 18:23:37  -602285.437500        0.242917
FIRE:   51 18:23:37  -602285.250000        0.240611
FIRE:   52 18:23:37  -602285.250000        0.237809
FIRE:   53 18:23:37  -602285.187500        0.234432
FIRE:   54 18:23:38  -602285.250000        0.230366
FIRE:   55 18:23:38  -602285.250000        0.225480
FIRE:   56 18:23:38  -602285.250000        0.219654
FIRE:   57 18:23:38  -602285.312500        0.212776
FIRE:   58 18:23:38  -602285.312500        0.204788
FIRE:   59 18:23:38  -602285.312500        0.195630
FIRE:   60 18:23:38  -602285.375000        0.185302
FIRE:   61 18:23:38  -602285.375000        0.184264
FIRE:   62 18:23:38  -602285.375000        0.184275
FIRE:   63 18:23:38  -602285.375000        0.186918
FIRE:   64 18:23:38  -602285.500000        0.191109
FIRE:   65 18:23:38  -602285.750000        0.195999
FIRE:   66 18:23:38  -602285.625000        0.201255
FIRE:   67 18:23:38  -602285.937500        0.207074
FIRE:   68 18:23:40  -602285.812500        0.213430
FIRE:   69 18:23:40  -602285.937500        0.243132
FIRE:   70 18:23:40  -602286.062500        0.477277
FIRE:   71 18:23:40  -602286.187500        1.225100
FIRE:   72 18:23:40  -602286.187500        2.135978
FIRE:   73 18:23:41  -602286.312500        0.441002
FIRE:   74 18:23:41  -602286.375000        0.326858
FIRE:   75 18:23:42  -602286.312500        0.225657
FIRE:   76 18:23:42  -602286.375000        0.226225
FIRE:   77 18:23:42  -602286.312500        0.269786
FIRE:   78 18:23:42  -602286.375000        0.303359
FIRE:   79 18:23:42  -602286.375000        0.228611
FIRE:   80 18:23:42  -602286.375000        0.229118
FIRE:   81 18:23:42  -602286.437500        0.229197
FIRE:   82 18:23:42  -602286.375000        0.269729
FIRE:   83 18:23:42  -602286.437500        0.227465
FIRE:   84 18:23:42  -602286.375000        0.225585
FIRE:   85 18:23:42  -602286.500000        0.223267
FIRE:   86 18:23:42  -602286.500000        0.220549
FIRE:   87 18:23:42  -602286.562500        0.236369
FIRE:   88 18:23:42  -602286.625000        0.216635
FIRE:   89 18:23:42  -602286.687500        0.217045
FIRE:   90 18:23:42  -602286.687500        0.274043
FIRE:   91 18:23:42  -602286.812500        0.274642
FIRE:   92 18:23:42  -602286.875000        0.403149
FIRE:   93 18:23:42  -602287.000000        1.100923
FIRE:   94 18:23:42  -602287.000000        2.721511
FIRE:   95 18:23:42  -602287.125000        0.299609
FIRE:   96 18:23:42  -602287.062500        3.064009
FIRE:   97 18:23:43  -602287.000000        2.147529
FIRE:   98 18:23:43  -602287.125000        0.707963
FIRE:   99 18:23:43  -602287.125000        0.793719
FIRE:  100 18:23:43  -602287.125000        0.749802
FIRE:  101 18:23:43  -602287.125000        0.664262
FIRE:  102 18:23:43  -602287.125000        0.541604
FIRE:  103 18:23:43  -602287.125000        0.389491
FIRE:  104 18:23:43  -602287.125000        0.220162
FIRE:  105 18:23:43  -602287.125000        0.217509
FIRE:  106 18:23:43  -602287.062500        0.256193
FIRE:  107 18:23:43  -602287.125000        0.397513
FIRE:  108 18:23:43  -602287.125000        0.484231
FIRE:  109 18:23:43  -602287.062500        0.492489
FIRE:  110 18:23:43  -602287.125000        0.406065
FIRE:  111 18:23:43  -602287.187500        0.227148
FIRE:  112 18:23:43  -602287.187500        0.217000
FIRE:  113 18:23:43  -602287.187500        0.295950
FIRE:  114 18:23:43  -602287.187500        0.361701
FIRE:  115 18:23:44  -602287.187500        0.257576
FIRE:  116 18:23:44  -602287.187500        0.214400
FIRE:  117 18:23:44  -602287.250000        0.339190
FIRE:  118 18:23:44  -602287.250000        0.267551
FIRE:  119 18:23:44  -602287.250000        0.209652
FIRE:  120 18:23:44  -602287.312500        0.298051
FIRE:  121 18:23:44  -602287.312500        0.203455
FIRE:  122 18:23:44  -602287.375000        0.288317
FIRE:  123 18:23:44  -602287.437500        0.291736
FIRE:  124 18:23:44  -602287.500000        0.179335
FIRE:  125 18:23:44  -602287.562500        0.168124
FIRE:  126 18:23:44  -602288.062500        0.356401
FIRE:  127 18:23:44  -602288.187500        1.079900
FIRE:  128 18:23:44  -602288.187500        2.702306
FIRE:  129 18:23:44  -602288.312500        0.230664
FIRE:  130 18:23:44  -602288.187500        3.065892
FIRE:  131 18:23:44  -602288.250000        2.122033
FIRE:  132 18:23:44  -602288.312500        0.649215
FIRE:  133 18:23:44  -602288.312500        0.852223
FIRE:  134 18:23:45  -602288.312500        0.801242
FIRE:  135 18:23:45  -602288.312500        0.701813
FIRE:  136 18:23:45  -602288.312500        0.564184
FIRE:  137 18:23:45  -602288.312500        0.396548
FIRE:  138 18:23:45  -602288.312500        0.210116
FIRE:  139 18:23:45  -602288.312500        0.152312
FIRE:  140 18:23:45  -602288.312500        0.283468
FIRE:  141 18:23:45  -602288.312500        0.434282
FIRE:  142 18:23:45  -602288.312500        0.522760
FIRE:  143 18:23:45  -602288.312500        0.526061
FIRE:  144 18:23:45  -602288.312500        0.428556
FIRE:  145 18:23:45  -602288.312500        0.232154
FIRE:  146 18:23:45  -602288.312500        0.154125
FIRE:  147 18:23:45  -602288.375000        0.307966
FIRE:  148 18:23:45  -602288.375000        0.390459
FIRE:  149 18:23:45  -602288.375000        0.281520
FIRE:  150 18:23:45  -602288.375000        0.149657
FIRE:  151 18:23:46  -602288.375000        0.347871
FIRE:  152 18:23:46  -602288.375000        0.299663
FIRE:  153 18:23:46  -602288.437500        0.158656
FIRE:  154 18:23:46  -602288.437500        0.317790
FIRE:  155 18:23:46  -602288.500000        0.146366
FIRE:  156 18:23:46  -602288.500000        0.330141
FIRE:  157 18:23:46  -602288.562500        0.245828
FIRE:  158 18:23:46  -602288.437500        0.143383
FIRE:  159 18:23:46  -602288.687500        0.301762
FIRE:  160 18:23:46  -602288.750000        0.704162
FIRE:  161 18:23:46  -602288.812500        1.539239
FIRE:  162 18:23:46  -602288.812500        0.134032
FIRE:  163 18:23:46  -602288.812500        1.253541
FIRE:  164 18:23:46  -602288.812500        1.000842
FIRE:  165 18:23:46  -602288.812500        0.535427
FIRE:  166 18:23:46  -602288.812500        0.133017
FIRE:  167 18:23:46  -602288.812500        0.613798
FIRE:  168 18:23:46  -602288.812500        0.580656
FIRE:  169 18:23:47  -602288.812500        0.516646
FIRE:  170 18:23:47  -602288.812500        0.426020
FIRE:  171 18:23:47  -602288.812500        0.315077
FIRE:  172 18:23:47  -602288.812500        0.192112
FIRE:  173 18:23:47  -602288.812500        0.132690
FIRE:  174 18:23:47  -602288.812500        0.145582
FIRE:  175 18:23:47  -602288.812500        0.228490
FIRE:  176 18:23:47  -602288.812500        0.301415
FIRE:  177 18:23:47  -602288.375000        0.333072
FIRE:  178 18:23:47  -602288.375000        0.308786
FIRE:  179 18:23:47  -602288.812500        0.223101
FIRE:  180 18:23:47  -602288.375000        0.131983
FIRE:  181 18:23:47  -602288.437500        0.149282
FIRE:  182 18:23:47  -602288.437500        0.257992
FIRE:  183 18:23:47  -602288.437500        0.257049
FIRE:  184 18:23:47  -602288.437500        0.131182
FIRE:  185 18:23:47  -602288.437500        0.161226
FIRE:  186 18:23:47  -602288.875000        0.236811
FIRE:  187 18:23:48  -602288.937500        0.131368
FIRE:  188 18:23:48  -602288.937500        0.201110
FIRE:  189 18:23:48  -602288.500000        0.175985
FIRE:  190 18:23:48  -602289.000000        0.197640
FIRE:  191 18:23:48  -602289.000000        0.135505
FIRE:  192 18:23:48  -602288.875000        0.275500
FIRE:  193 18:23:48  -602288.875000        0.264744
FIRE:  194 18:23:48  -602288.937500        0.245962
FIRE:  195 18:23:48  -602289.000000        0.434300
FIRE:  196 18:23:48  -602289.062500        1.145402
FIRE:  197 18:23:48  -602289.250000        3.114040
FIRE:  198 18:23:48  -602289.375000        0.121793
FIRE:  199 18:23:48  -602289.250000        3.531385
FIRE:  200 18:23:48  -602289.312500        2.330979
FIRE:  201 18:23:48  -602289.375000        0.522411
FIRE:  202 18:23:48  -602289.375000        1.198327
FIRE:  203 18:23:48  -602289.375000        1.122619
FIRE:  204 18:23:48  -602289.375000        0.974748
FIRE:  205 18:23:49  -602289.375000        0.762175
FIRE:  206 18:23:49  -602289.375000        0.496668
FIRE:  207 18:23:49  -602289.375000        0.195679
FIRE:  208 18:23:49  -602289.375000        0.137418
FIRE:  209 18:23:49  -602289.375000        0.371231
FIRE:  210 18:23:49  -602289.375000        0.364351
FIRE:  211 18:23:49  -602289.375000        0.350686
FIRE:  212 18:23:49  -602289.375000        0.330554
FIRE:  213 18:23:49  -602289.375000        0.304392
FIRE:  214 18:23:49  -602289.375000        0.272781
FIRE:  215 18:23:49  -602289.375000        0.236452
FIRE:  216 18:23:49  -602289.375000        0.203427
FIRE:  217 18:23:49  -602289.375000        0.167208
FIRE:  218 18:23:49  -602289.375000        0.125761
FIRE:  219 18:23:49  -602289.375000        0.103652
FIRE:  220 18:23:49  -602289.375000        0.103596
FIRE:  221 18:23:49  -602289.375000        0.125855
FIRE:  222 18:23:49  -602289.375000        0.154270
FIRE:  223 18:23:49  -602289.375000        0.182426
FIRE:  224 18:23:50  -602289.375000        0.197439
FIRE:  225 18:23:50  -602289.375000        0.183108
FIRE:  226 18:23:50  -602289.375000        0.147954
FIRE:  227 18:23:50  -602289.375000        0.109035
FIRE:  228 18:23:50  -602289.375000        0.102280
FIRE:  229 18:23:50  -602289.437500        0.130671
FIRE:  230 18:23:50  -602289.437500        0.147455
FIRE:  231 18:23:50  -602289.437500        0.106095
FIRE:  232 18:23:50  -602289.437500        0.103123
FIRE:  233 18:23:50  -602289.437500        0.144789
FIRE:  234 18:23:50  -602289.437500        0.139247
FIRE:  235 18:23:50  -602289.437500        0.103876
FIRE:  236 18:23:50  -602289.500000        0.129879
FIRE:  237 18:23:50  -602289.500000        0.104096
FIRE:  238 18:23:50  -602289.312500        0.150111
FIRE:  239 18:23:50  -602289.375000        0.103862
FIRE:  240 18:23:50  -602289.375000        0.115950
FIRE:  241 18:23:50  -602289.437500        0.187281
FIRE:  242 18:23:51  -602289.500000        0.246329
FIRE:  243 18:23:51  -602289.562500        0.522611
FIRE:  244 18:23:51  -602289.562500        1.264046
FIRE:  245 18:23:51  -602289.562500        3.143558
FIRE:  246 18:23:51  -602289.687500        0.155864
FIRE:  247 18:23:51  -602289.562500        3.597831
FIRE:  248 18:23:51  -602289.625000        2.398356
FIRE:  249 18:23:51  -602289.687500        0.581776
FIRE:  250 18:23:51  -602289.687500        1.153375
FIRE:  251 18:23:51  -602289.687500        1.081676
FIRE:  252 18:23:51  -602289.687500        0.941651
FIRE:  253 18:23:51  -602289.687500        0.740246
FIRE:  254 18:23:51  -602289.687500        0.488481
FIRE:  255 18:23:51  -602289.687500        0.202832
FIRE:  256 18:23:51  -602289.687500        0.113449
FIRE:  257 18:23:51  -602289.687500        0.341300
FIRE:  258 18:23:51  -602289.687500        0.335198
FIRE:  259 18:23:51  -602289.687500        0.323042
FIRE:  260 18:23:52  -602289.687500        0.305158
FIRE:  261 18:23:52  -602289.687500        0.281870
FIRE:  262 18:23:52  -602289.687500        0.253742
FIRE:  263 18:23:52  -602289.687500        0.221409
FIRE:  264 18:23:52  -602289.687500        0.185621
FIRE:  265 18:23:52  -602289.687500        0.144859
FIRE:  266 18:23:52  -602289.687500        0.114281
FIRE:  267 18:23:52  -602289.687500        0.112527
FIRE:  268 18:23:52  -602289.687500        0.117937
FIRE:  269 18:23:52  -602289.687500        0.129634
FIRE:  270 18:23:52  -602289.687500        0.144087
FIRE:  271 18:23:52  -602289.687500        0.159385
FIRE:  272 18:23:52  -602289.687500        0.175904
FIRE:  273 18:23:52  -602289.687500        0.166174
FIRE:  274 18:23:52  -602289.687500        0.145141
FIRE:  275 18:23:52  -602289.687500        0.125950
FIRE:  276 18:23:52  -602289.687500        0.113420
FIRE:  277 18:23:53  -602289.687500        0.115078
FIRE:  278 18:23:53  -602289.750000        0.132892
FIRE:  279 18:23:53  -602289.750000        0.114341
FIRE:  280 18:23:53  -602289.750000        0.118400
FIRE:  281 18:23:53  -602289.750000        0.140100
FIRE:  282 18:23:53  -602289.750000        0.141787
FIRE:  283 18:23:53  -602289.750000        0.118548
FIRE:  284 18:23:53  -602289.750000        0.118304
FIRE:  285 18:23:53  -602289.812500        0.117384
FIRE:  286 18:23:53  -602289.812500        0.146112
FIRE:  287 18:23:53  -602289.812500        0.124340
FIRE:  288 18:23:53  -602290.062500        0.129195
FIRE:  289 18:23:53  -602289.875000        0.168924
FIRE:  290 18:23:53  -602290.125000        0.197555
FIRE:  291 18:23:53  -602290.187500        0.416292
FIRE:  292 18:23:53  -602290.250000        1.080308
FIRE:  293 18:23:53  -602290.250000        2.791445
FIRE:  294 18:23:53  -602290.312500        0.152087
FIRE:  295 18:23:53  -602290.250000        3.079630
FIRE:  296 18:23:54  -602290.312500        2.099518
FIRE:  297 18:23:54  -602290.312500        0.579275
FIRE:  298 18:23:54  -602290.312500        0.920338
FIRE:  299 18:23:54  -602290.312500        0.863299
FIRE:  300 18:23:54  -602290.312500        0.752069
FIRE:  301 18:23:54  -602290.312500        0.592569
FIRE:  302 18:23:54  -602290.312500        0.394165
FIRE:  303 18:23:54  -602290.312500        0.170736
FIRE:  304 18:23:54  -602290.312500        0.144943
FIRE:  305 18:23:54  -602290.312500        0.254732
FIRE:  306 18:23:54  -602290.312500        0.413172
FIRE:  307 18:23:54  -602290.312500        0.504284
FIRE:  308 18:23:54  -602290.312500        0.503752
FIRE:  309 18:23:54  -602290.375000        0.395448
FIRE:  310 18:23:54  -602290.375000        0.186847
FIRE:  311 18:23:54  -602290.375000        0.152798
FIRE:  312 18:23:54  -602290.375000        0.330045
FIRE:  313 18:23:55  -602290.375000        0.410480
FIRE:  314 18:23:55  -602290.375000        0.276038
FIRE:  315 18:23:55  -602290.375000        0.147355
FIRE:  316 18:23:55  -602290.375000        0.321752
FIRE:  317 18:23:55  -602290.375000        0.255314
FIRE:  318 18:23:55  -602290.375000        0.158240
FIRE:  319 18:23:55  -602290.437500        0.321178
FIRE:  320 18:23:55  -602290.437500        0.148736
FIRE:  321 18:23:55  -602290.437500        0.284390
FIRE:  322 18:23:55  -602290.500000        0.266988
FIRE:  323 18:23:55  -602290.500000        0.155833
FIRE:  324 18:23:55  -602290.562500        0.209880
FIRE:  325 18:23:55  -602290.625000        0.628734
FIRE:  326 18:23:55  -602290.625000        1.614436
FIRE:  327 18:23:55  -602290.625000        3.834723
FIRE:  328 18:23:55  -602290.750000        0.281938
FIRE:  329 18:23:55  -602290.625000        4.713931
FIRE:  330 18:23:56  -602290.687500        3.046098
FIRE:  331 18:23:56  -602290.750000        0.627805
FIRE:  332 18:23:56  -602290.687500        1.562765
FIRE:  333 18:23:56  -602290.687500        1.466903
FIRE:  334 18:23:56  -602290.750000        1.279045
FIRE:  335 18:23:56  -602290.750000        1.007187
FIRE:  336 18:23:56  -602290.750000        0.664382
FIRE:  337 18:23:56  -602290.750000        0.270691
FIRE:  338 18:23:56  -602290.750000        0.158142
FIRE:  339 18:23:56  -602290.750000        0.494919
FIRE:  340 18:23:56  -602290.750000        0.486167
FIRE:  341 18:23:56  -602290.750000        0.468765
FIRE:  342 18:23:56  -602290.750000        0.443094
FIRE:  343 18:23:56  -602290.750000        0.409659
FIRE:  344 18:23:56  -602290.750000        0.369312
FIRE:  345 18:23:56  -602290.750000        0.322975
FIRE:  346 18:23:56  -602290.750000        0.271667
FIRE:  347 18:23:56  -602290.750000        0.210889
FIRE:  348 18:23:57  -602290.750000        0.158137
FIRE:  349 18:23:57  -602290.750000        0.157890
FIRE:  350 18:23:57  -602290.750000        0.160591
FIRE:  351 18:23:57  -602290.750000        0.166063
FIRE:  352 18:23:57  -602290.750000        0.173000
FIRE:  353 18:23:57  -602290.750000        0.214778
FIRE:  354 18:23:57  -602290.750000        0.235051
FIRE:  355 18:23:57  -602290.750000        0.218735
FIRE:  356 18:23:57  -602290.750000        0.173536
FIRE:  357 18:23:57  -602290.750000        0.164167
FIRE:  358 18:23:57  -602290.750000        0.157815
FIRE:  359 18:23:57  -602290.750000        0.157434
FIRE:  360 18:23:57  -602290.750000        0.174329
FIRE:  361 18:23:57  -602290.750000        0.156958
FIRE:  362 18:23:57  -602290.750000        0.158959
FIRE:  363 18:23:57  -602290.750000        0.169436
FIRE:  364 18:23:57  -602290.812500        0.171301
FIRE:  365 18:23:58  -602290.812500        0.159015
FIRE:  366 18:23:58  -602290.812500        0.155651
FIRE:  367 18:23:58  -602290.812500        0.155105
FIRE:  368 18:23:58  -602290.812500        0.169464
FIRE:  369 18:23:58  -602290.875000        0.157989
FIRE:  370 18:23:58  -602290.875000        0.151281
FIRE:  371 18:23:58  -602290.937500        0.221404
FIRE:  372 18:23:58  -602290.937500        0.278241
FIRE:  373 18:23:58  -602291.000000        0.520525
FIRE:  374 18:23:58  -602291.062500        1.304398
FIRE:  375 18:23:58  -602291.062500        3.206761
FIRE:  376 18:23:58  -602291.125000        0.191361
FIRE:  377 18:23:58  -602291.062500        3.698560
FIRE:  378 18:23:58  -602291.125000        2.472368
FIRE:  379 18:23:58  -602291.125000        0.617589
FIRE:  380 18:23:58  -602291.125000        1.157431
FIRE:  381 18:23:58  -602291.125000        1.085385
FIRE:  382 18:23:59  -602291.125000        0.944678
FIRE:  383 18:23:59  -602291.125000        0.742307
FIRE:  384 18:23:59  -602291.125000        0.489192
FIRE:  385 18:23:59  -602291.125000        0.202160
FIRE:  386 18:23:59  -602291.125000        0.139644
FIRE:  387 18:23:59  -602291.125000        0.349876
FIRE:  388 18:23:59  -602291.125000        0.343891
FIRE:  389 18:23:59  -602291.125000        0.331974
FIRE:  390 18:23:59  -602291.125000        0.314400
FIRE:  391 18:23:59  -602291.125000        0.291556
FIRE:  392 18:23:59  -602291.125000        0.263928
FIRE:  393 18:23:59  -602291.125000        0.232201
FIRE:  394 18:23:59  -602291.125000        0.197117
FIRE:  395 18:23:59  -602291.125000        0.155536
FIRE:  396 18:23:59  -602291.125000        0.139770
FIRE:  397 18:23:59  -602291.125000        0.139635
FIRE:  398 18:23:59  -602291.125000        0.139502
FIRE:  399 18:23:59  -602291.125000        0.139358
FIRE:  400 18:24:00  -602291.125000        0.139262
FIRE:  401 18:24:00  -602291.125000        0.144951
FIRE:  402 18:24:00  -602291.125000        0.162196
FIRE:  403 18:24:00  -602291.125000        0.153700
FIRE:  404 18:24:00  -602291.125000        0.139649
FIRE:  405 18:24:00  -602291.125000        0.140012
FIRE:  406 18:24:00  -602291.125000        0.140454
FIRE:  407 18:24:00  -602291.125000        0.140901
FIRE:  408 18:24:00  -602291.187500        0.141257
FIRE:  409 18:24:00  -602291.187500        0.141464
FIRE:  410 18:24:00  -602291.187500        0.141551
FIRE:  411 18:24:00  -602291.187500        0.141724
FIRE:  412 18:24:00  -602291.187500        0.142187
FIRE:  413 18:24:00  -602290.937500        0.143010
FIRE:  414 18:24:00  -602291.000000        0.143810
FIRE:  415 18:24:00  -602291.000000        0.144096
FIRE:  416 18:24:00  -602291.000000        0.144332
FIRE:  417 18:24:00  -602291.062500        0.145440
FIRE:  418 18:24:01  -602291.125000        0.146733
FIRE:  419 18:24:01  -602291.125000        0.153706
FIRE:  420 18:24:01  -602291.187500        0.198161
FIRE:  421 18:24:01  -602291.187500        0.390285
FIRE:  422 18:24:01  -602291.250000        1.049449
FIRE:  423 18:24:01  -602291.250000        2.687870
FIRE:  424 18:24:01  -602291.312500        0.153076
FIRE:  425 18:24:01  -602291.250000        2.951409
FIRE:  426 18:24:01  -602291.312500        2.024180
FIRE:  427 18:24:01  -602291.312500        0.577677
FIRE:  428 18:24:01  -602291.312500        0.863084
FIRE:  429 18:24:01  -602291.312500        0.809126
FIRE:  430 18:24:01  -602291.312500        0.703919
FIRE:  431 18:24:01  -602291.312500        0.553163
FIRE:  432 18:24:01  -602291.312500        0.365951
FIRE:  433 18:24:01  -602291.312500        0.155802
FIRE:  434 18:24:01  -602291.312500        0.153131
FIRE:  435 18:24:01  -602291.312500        0.247294
FIRE:  436 18:24:02  -602291.312500        0.396866
FIRE:  437 18:24:02  -602291.312500        0.483382
FIRE:  438 18:24:02  -602291.312500        0.483700
FIRE:  439 18:24:02  -602291.312500        0.382299
FIRE:  440 18:24:02  -602291.312500        0.181466
FIRE:  441 18:24:02  -602291.312500        0.153611
FIRE:  442 18:24:02  -602291.312500        0.303210
FIRE:  443 18:24:02  -602291.312500        0.380761
FIRE:  444 18:24:02  -602291.375000        0.254727
FIRE:  445 18:24:02  -602291.375000        0.155198
FIRE:  446 18:24:02  -602291.375000        0.312074
FIRE:  447 18:24:02  -602291.375000        0.250429
FIRE:  448 18:24:02  -602291.375000        0.156123
FIRE:  449 18:24:02  -602291.375000        0.298671
FIRE:  450 18:24:02  -602291.375000        0.157344
FIRE:  451 18:24:02  -602291.437500        0.278149
FIRE:  452 18:24:02  -602291.437500        0.248479
FIRE:  453 18:24:02  -602291.500000        0.156712
FIRE:  454 18:24:03  -602291.500000        0.213295
FIRE:  455 18:24:03  -602291.562500        0.605512
FIRE:  456 18:24:03  -602291.562500        1.571116
FIRE:  457 18:24:03  -602291.562500        3.717060
FIRE:  458 18:24:03  -602291.562500        0.264218
FIRE:  459 18:24:03  -602291.500000        4.532983
FIRE:  460 18:24:03  -602291.625000        2.945586
FIRE:  461 18:24:03  -602291.625000        0.627310
FIRE:  462 18:24:03  -602291.625000        1.499375
FIRE:  463 18:24:03  -602291.625000        1.406959
FIRE:  464 18:24:03  -602291.562500        1.225868
FIRE:  465 18:24:03  -602291.625000        0.964120
FIRE:  466 18:24:03  -602291.562500        0.634409
FIRE:  467 18:24:03  -602291.625000        0.256466
FIRE:  468 18:24:03  -602291.687500        0.142816
FIRE:  469 18:24:03  -602291.687500        0.479539
FIRE:  470 18:24:03  -602291.687500        0.471156
FIRE:  471 18:24:03  -602291.687500        0.454429
FIRE:  472 18:24:04  -602291.625000        0.429878
FIRE:  473 18:24:04  -602291.687500        0.397887
FIRE:  474 18:24:04  -602291.687500        0.359235
FIRE:  475 18:24:04  -602291.625000        0.314794
FIRE:  476 18:24:04  -602291.625000        0.265685
FIRE:  477 18:24:04  -602291.687500        0.207372
FIRE:  478 18:24:04  -602291.687500        0.140807
FIRE:  479 18:24:04  -602291.687500        0.140738
FIRE:  480 18:24:04  -602291.687500        0.140660
FIRE:  481 18:24:04  -602291.687500        0.140599
FIRE:  482 18:24:04  -602291.687500        0.156707
FIRE:  483 18:24:04  -602291.625000        0.203572
FIRE:  484 18:24:04  -602291.687500        0.223181
FIRE:  485 18:24:04  -602291.687500        0.207734
FIRE:  486 18:24:04  -602291.687500        0.152647
FIRE:  487 18:24:04  -602291.687500        0.141042
FIRE:  488 18:24:04  -602291.687500        0.141292
FIRE:  489 18:24:04  -602291.687500        0.142107
FIRE:  490 18:24:04  -602291.687500        0.170690
FIRE:  491 18:24:05  -602291.687500        0.141718
FIRE:  492 18:24:05  -602291.687500        0.141630
FIRE:  493 18:24:05  -602291.687500        0.142873
FIRE:  494 18:24:05  -602291.687500        0.141395
FIRE:  495 18:24:05  -602291.687500        0.141288
FIRE:  496 18:24:05  -602291.687500        0.145023
FIRE:  497 18:24:05  -602291.750000        0.139779
FIRE:  498 18:24:05  -602291.750000        0.151304
FIRE:  499 18:24:05  -602291.750000        0.135596
FIRE:  500 18:24:05  -602291.812500        0.139332
FIRE:  501 18:24:05  -602291.812500        0.211881
FIRE:  502 18:24:05  -602291.875000        0.259534
FIRE:  503 18:24:05  -602291.875000        0.476241
FIRE:  504 18:24:05  -602291.937500        1.172319
FIRE:  505 18:24:05  -602291.937500        2.896112
FIRE:  506 18:24:05  -602292.000000        0.131479
FIRE:  507 18:24:05  -602291.937500        3.267246
FIRE:  508 18:24:06  -602291.937500        2.205124
FIRE:  509 18:24:06  -602292.000000        0.574071
FIRE:  510 18:24:06  -602292.000000        1.019521
FIRE:  511 18:24:06  -602292.000000        0.955554
FIRE:  512 18:24:06  -602292.000000        0.830850
FIRE:  513 18:24:06  -602292.000000        0.651744
FIRE:  514 18:24:06  -602292.000000        0.428445
FIRE:  515 18:24:06  -602292.000000        0.176307
FIRE:  516 18:24:06  -602292.000000        0.089487
FIRE:  517 18:24:06  -602292.000000        0.307664
FIRE:  518 18:24:06  -602292.000000        0.302418
FIRE:  519 18:24:06  -602292.000000        0.291871
FIRE:  520 18:24:06  -602292.000000        0.276393
FIRE:  521 18:24:06  -602292.000000        0.256237
FIRE:  522 18:24:06  -602292.000000        0.231804
FIRE:  523 18:24:06  -602292.000000        0.203743
FIRE:  524 18:24:06  -602292.000000        0.172867
FIRE:  525 18:24:06  -602292.000000        0.136119
FIRE:  526 18:24:07  -602292.000000        0.094140
FIRE:  527 18:24:07  -602292.000000        0.089437
FIRE:  528 18:24:07  -602292.000000        0.089471
FIRE:  529 18:24:07  -602292.000000        0.089527
FIRE:  530 18:24:07  -602292.000000        0.100215
FIRE:  531 18:24:07  -602292.000000        0.132304
FIRE:  532 18:24:07  -602292.000000        0.147333
FIRE:  533 18:24:07  -602292.000000        0.139639
FIRE:  534 18:24:07  -602292.000000        0.105955
FIRE:  535 18:24:07  -602292.000000        0.089282
FIRE:  536 18:24:07  -602292.000000        0.089126
FIRE:  537 18:24:07  -602292.000000        0.095086
FIRE:  538 18:24:07  -602292.000000        0.113848
FIRE:  539 18:24:07  -602292.000000        0.089645
FIRE:  540 18:24:07  -602292.000000        0.090313
FIRE:  541 18:24:07  -602292.000000        0.094511
FIRE:  542 18:24:07  -602292.062500        0.093539
FIRE:  543 18:24:07  -602292.062500        0.092145
FIRE:  544 18:24:07  -602292.062500        0.095558
FIRE:  545 18:24:08  -602292.062500        0.092119
FIRE:  546 18:24:08  -602292.062500        0.101243
FIRE:  547 18:24:08  -602292.062500        0.090185
FIRE:  548 18:24:08  -602292.125000        0.095603
FIRE:  549 18:24:08  -602292.125000        0.142980
FIRE:  550 18:24:08  -602292.187500        0.181195
FIRE:  551 18:24:08  -602292.187500        0.366764
FIRE:  552 18:24:08  -602292.250000        0.916353
FIRE:  553 18:24:08  -602292.250000        2.286927
FIRE:  554 18:24:08  -602292.250000        0.101030
FIRE:  555 18:24:08  -602292.250000        2.444871
FIRE:  556 18:24:08  -602292.250000        1.694423
FIRE:  557 18:24:08  -602292.250000        0.502805
FIRE:  558 18:24:08  -602292.250000        0.716390
FIRE:  559 18:24:08  -602292.250000        0.671390
FIRE:  560 18:24:08  -602292.250000        0.583876
FIRE:  561 18:24:08  -602292.250000        0.458756
FIRE:  562 18:24:08  -602292.250000        0.303592
FIRE:  563 18:24:08  -602292.250000        0.130020
FIRE:  564 18:24:09  -602292.250000        0.101209
FIRE:  565 18:24:09  -602292.062500        0.202933
FIRE:  566 18:24:09  -602292.062500        0.324171
FIRE:  567 18:24:09  -602292.000000        0.394280
FIRE:  568 18:24:09  -602292.062500        0.395239
FIRE:  569 18:24:09  -602292.125000        0.314642
FIRE:  570 18:24:09  -602292.125000        0.154960
FIRE:  571 18:24:09  -602292.125000        0.100963
FIRE:  572 18:24:09  -602292.125000        0.249379
FIRE:  573 18:24:09  -602292.125000        0.320594
FIRE:  574 18:24:09  -602292.125000        0.226632
FIRE:  575 18:24:09  -602292.125000        0.099999
FIRE:  576 18:24:09  -602292.125000        0.246348
FIRE:  577 18:24:09  -602292.125000        0.219117
FIRE:  578 18:24:09  -602292.125000        0.099229
FIRE:  579 18:24:09  -602292.125000        0.258391
FIRE:  580 18:24:09  -602292.125000        0.098616
FIRE:  581 18:24:09  -602292.375000        0.247231
FIRE:  582 18:24:10  -602292.375000        0.168544
FIRE:  583 18:24:10  -602292.375000        0.098972
FIRE:  584 18:24:10  -602292.375000        0.286888
FIRE:  585 18:24:10  -602292.437500        0.675279
FIRE:  586 18:24:10  -602292.437500        1.502492
FIRE:  587 18:24:10  -602292.437500        0.100294
FIRE:  588 18:24:10  -602292.437500        1.211637
FIRE:  589 18:24:10  -602292.437500        0.958898
FIRE:  590 18:24:10  -602292.437500        0.494314
FIRE:  591 18:24:10  -602292.437500        0.100592
FIRE:  592 18:24:10  -602292.437500        0.100583
FIRE:  593 18:24:10  -602292.437500        0.100579
FIRE:  594 18:24:10  -602292.437500        0.100577
FIRE:  595 18:24:10  -602292.437500        0.100569
FIRE:  596 18:24:10  -602292.437500        0.100575
FIRE:  597 18:24:10  -602292.437500        0.100579
FIRE:  598 18:24:10  -602292.437500        0.100585
FIRE:  599 18:24:10  -602292.437500        0.100600
FIRE:  600 18:24:11  -602292.437500        0.100606
FIRE:  601 18:24:11  -602292.437500        0.100602
FIRE:  602 18:24:11  -602292.500000        0.100565
FIRE:  603 18:24:11  -602292.500000        0.100486
FIRE:  604 18:24:11  -602292.500000        0.100384
FIRE:  605 18:24:11  -602292.500000        0.100277
FIRE:  606 18:24:11  -602292.500000        0.100155
FIRE:  607 18:24:11  -602292.500000        0.099990
FIRE:  608 18:24:11  -602292.500000        0.099785
FIRE:  609 18:24:11  -602292.500000        0.099564
FIRE:  610 18:24:11  -602292.500000        0.099272
FIRE:  611 18:24:11  -602292.500000        0.098910
FIRE:  612 18:24:11  -602292.500000        0.098519
FIRE:  613 18:24:11  -602292.500000        0.098099
FIRE:  614 18:24:11  -602292.500000        0.097655
FIRE:  615 18:24:11  -602292.562500        0.096733
FIRE:  616 18:24:11  -602292.562500        0.094587
FIRE:  617 18:24:11  -602292.562500        0.091790
FIRE:  618 18:24:11  -602292.562500        0.108324
FIRE:  619 18:24:12  -602292.625000        0.315530
FIRE:  620 18:24:12  -602292.625000        1.041846
FIRE:  621 18:24:12  -602292.625000        2.964455
FIRE:  622 18:24:12  -602292.687500        0.100884
FIRE:  623 18:24:12  -602292.687500        0.078330
FIRE:  624 18:24:12  -602292.687500        0.078534
FIRE:  625 18:24:12  -602292.687500        0.078771
FIRE:  626 18:24:12  -602292.687500        0.078973
FIRE:  627 18:24:12  -602292.687500        0.079087
FIRE:  628 18:24:12  -602292.687500        0.079094
FIRE:  629 18:24:12  -602292.687500        0.079022
FIRE:  630 18:24:12  -602292.687500        0.078922
FIRE:  631 18:24:12  -602292.687500        0.078883
FIRE:  632 18:24:12  -602292.687500        0.079010
FIRE:  633 18:24:12  -602292.687500        0.079261
FIRE:  634 18:24:12  -602292.625000        0.079472
FIRE:  635 18:24:12  -602292.687500        0.079511
FIRE:  636 18:24:13  -602292.750000        0.079567
FIRE:  637 18:24:13  -602292.750000        0.080005
FIRE:  638 18:24:13  -602292.750000        0.080460
FIRE:  639 18:24:13  -602292.750000        0.080377
FIRE:  640 18:24:13  -602292.750000        0.113850
FIRE:  641 18:24:13  -602292.812500        0.261468
FIRE:  642 18:24:13  -602292.812500        0.720537
FIRE:  643 18:24:13  -602292.625000        2.068754
FIRE:  644 18:24:13  -602292.625000        0.258227
FIRE:  645 18:24:13  -602292.625000        0.192723
FIRE:  646 18:24:13  -602292.625000        0.082074
FIRE:  647 18:24:13  -602292.625000        0.082120
FIRE:  648 18:24:13  -602292.625000        0.146358
FIRE:  649 18:24:13  -602292.625000        0.178670
FIRE:  650 18:24:13  -602292.875000        0.139010
FIRE:  651 18:24:13  -602292.875000        0.082455
FIRE:  652 18:24:13  -602292.875000        0.082577
FIRE:  653 18:24:14  -602292.875000        0.149817
FIRE:  654 18:24:14  -602292.875000        0.121107
FIRE:  655 18:24:14  -602292.875000        0.083065
FIRE:  656 18:24:14  -602292.875000        0.122115
FIRE:  657 18:24:14  -602292.875000        0.083590
FIRE:  658 18:24:14  -602292.875000        0.112831
FIRE:  659 18:24:14  -602292.875000        0.084395
FIRE:  660 18:24:14  -602292.875000        0.137688
FIRE:  661 18:24:14  -602292.875000        0.085095
FIRE:  662 18:24:14  -602292.750000        0.085311
FIRE:  663 18:24:14  -602292.937500        0.115291
FIRE:  664 18:24:14  -602292.937500        0.367967
FIRE:  665 18:24:14  -602292.937500        1.138490
FIRE:  666 18:24:14  -602292.875000        3.091000
FIRE:  667 18:24:14  -602293.000000        0.085316
FIRE:  668 18:24:14  -602293.000000        0.085337
FIRE:  669 18:24:14  -602293.000000        0.085401
FIRE:  670 18:24:14  -602292.937500        0.085463
FIRE:  671 18:24:14  -602293.000000        0.085530
FIRE:  672 18:24:15  -602293.000000        0.085586
FIRE:  673 18:24:15  -602293.000000        0.085615
FIRE:  674 18:24:15  -602293.000000        0.085623
FIRE:  675 18:24:15  -602293.000000        0.085608
FIRE:  676 18:24:15  -602293.000000        0.085567
FIRE:  677 18:24:15  -602293.000000        0.085505
FIRE:  678 18:24:15  -602293.000000        0.085447
FIRE:  679 18:24:15  -602293.000000        0.085371
FIRE:  680 18:24:15  -602293.000000        0.085221
FIRE:  681 18:24:15  -602293.000000        0.084962
FIRE:  682 18:24:15  -602293.000000        0.084518
FIRE:  683 18:24:15  -602293.062500        0.083837
FIRE:  684 18:24:15  -602293.062500        0.082773
FIRE:  685 18:24:15  -602293.062500        0.081419
FIRE:  686 18:24:15  -602293.062500        0.137281
FIRE:  687 18:24:15  -602292.875000        0.432553
FIRE:  688 18:24:15  -602292.937500        1.373588
FIRE:  689 18:24:15  -602292.937500        0.116264
FIRE:  690 18:24:16  -602292.937500        0.086821
FIRE:  691 18:24:16  -602292.937500        0.074389
FIRE:  692 18:24:16  -602292.937500        0.074481
FIRE:  693 18:24:16  -602292.937500        0.074611
FIRE:  694 18:24:16  -602292.937500        0.081047
FIRE:  695 18:24:16  -602292.937500        0.074964
FIRE:  696 18:24:16  -602292.937500        0.075176
FIRE:  697 18:24:16  -602292.937500        0.075433
FIRE:  698 18:24:16  -602292.937500        0.075735
FIRE:  699 18:24:16  -602292.937500        0.076117
FIRE:  700 18:24:16  -602292.937500        0.076615
FIRE:  701 18:24:16  -602292.937500        0.077327
FIRE:  702 18:24:16  -602292.937500        0.078403
FIRE:  703 18:24:16  -602292.937500        0.080007
FIRE:  704 18:24:16  -602293.125000        0.082367
FIRE:  705 18:24:16  -602293.125000        0.085980
FIRE:  706 18:24:16  -602293.187500        0.090905
FIRE:  707 18:24:16  -602293.187500        0.093939
FIRE:  708 18:24:17  -602293.187500        0.087542
FIRE:  709 18:24:17  -602293.187500        0.087118
FIRE:  710 18:24:17  -602293.187500        0.296744
FIRE:  711 18:24:17  -602293.250000        1.141953
FIRE:  712 18:24:17  -602293.250000        0.080797
FIRE:  713 18:24:17  -602293.250000        0.074122
FIRE:  714 18:24:17  -602293.250000        0.074152
FIRE:  715 18:24:17  -602293.187500        0.074197
FIRE:  716 18:24:17  -602293.187500        0.074290
FIRE:  717 18:24:17  -602293.250000        0.074457
FIRE:  718 18:24:17  -602293.250000        0.074768
FIRE:  719 18:24:17  -602293.250000        0.075326
FIRE:  720 18:24:17  -602293.250000        0.076425
FIRE:  721 18:24:17  -602293.250000        0.078571
FIRE:  722 18:24:17  -602293.187500        0.082736
FIRE:  723 18:24:17  -602293.250000        0.090660
FIRE:  724 18:24:17  -602293.250000        0.104990
FIRE:  725 18:24:17  -602293.250000        0.122891
FIRE:  726 18:24:17  -602293.250000        0.067357
FIRE:  727 18:24:17  -602293.250000        0.060669
FIRE:  728 18:24:18  -602293.250000        0.060154
FIRE:  729 18:24:18  -602293.250000        0.061054
FIRE:  730 18:24:18  -602293.312500        0.077638
FIRE:  731 18:24:18  -602293.312500        0.165490
FIRE:  732 18:24:18  -602293.312500        0.451770
FIRE:  733 18:24:18  -602293.312500        1.318703
FIRE:  734 18:24:18  -602293.312500        0.083838
FIRE:  735 18:24:18  -602293.312500        0.063663
FIRE:  736 18:24:18  -602293.312500        0.041813
