      Step     Time          Energy          fmax
FIRE:    0 18:36:54  -626550.687500       10.340684
FIRE:    1 18:36:54  -626553.812500        6.894682
FIRE:    2 18:36:56  -626557.062500        4.700240
FIRE:    3 18:36:56  -626558.750000        3.660560
FIRE:    4 18:36:56  -626559.625000        2.918731
FIRE:    5 18:36:56  -626559.875000        4.887279
FIRE:    6 18:36:56  -626560.000000        3.992929
FIRE:    7 18:36:56  -626560.250000        2.580654
FIRE:    8 18:36:57  -626560.562500        2.349257
FIRE:    9 18:36:57  -626560.687500        2.302726
FIRE:   10 18:36:57  -626560.812500        2.234923
FIRE:   11 18:36:57  -626560.937500        2.143478
FIRE:   12 18:36:57  -626561.125000        2.226492
FIRE:   13 18:36:57  -626561.375000        2.352608
FIRE:   14 18:36:57  -626561.750000        2.182568
FIRE:   15 18:36:57  -626562.062500        1.618178
FIRE:   16 18:36:57  -626562.437500        1.443569
FIRE:   17 18:36:57  -626562.625000        1.415668
FIRE:   18 18:36:57  -626562.875000        1.845879
FIRE:   19 18:36:57  -626563.187500        1.130758
FIRE:   20 18:36:57  -626563.125000        2.194645
FIRE:   21 18:36:57  -626563.250000        2.026334
FIRE:   22 18:36:57  -626563.250000        1.740575
FIRE:   23 18:36:57  -626563.375000        1.418093
FIRE:   24 18:36:57  -626563.375000        1.076364
FIRE:   25 18:36:57  -626563.437500        0.904810
FIRE:   26 18:36:57  -626563.500000        0.626646
FIRE:   27 18:36:57  -626563.500000        0.643716
FIRE:   28 18:36:57  -626563.500000        0.600606
FIRE:   29 18:36:58  -626563.250000        0.612835
FIRE:   30 18:36:58  -626563.250000        0.606318
FIRE:   31 18:36:58  -626563.312500        0.655389
FIRE:   32 18:36:58  -626563.375000        0.734967
FIRE:   33 18:36:58  -626563.750000        0.615565
FIRE:   34 18:36:58  -626563.750000        0.536511
FIRE:   35 18:36:58  -626563.937500        0.577450
FIRE:   36 18:36:58  -626563.937500        0.640552
FIRE:   37 18:36:58  -626564.062500        0.805084
FIRE:   38 18:36:58  -626564.125000        0.742635
FIRE:   39 18:36:58  -626564.250000        0.644395
FIRE:   40 18:36:58  -626564.250000        0.735495
FIRE:   41 18:36:58  -626564.062500        1.547158
FIRE:   42 18:36:58  -626564.125000        0.504880
FIRE:   43 18:36:58  -626564.125000        1.386817
FIRE:   44 18:36:58  -626564.125000        1.062852
FIRE:   45 18:36:58  -626564.125000        0.494852
FIRE:   46 18:36:58  -626564.125000        0.336928
FIRE:   47 18:36:59  -626564.125000        0.709878
FIRE:   48 18:36:59  -626564.125000        0.663472
FIRE:   49 18:36:59  -626564.125000        0.573926
FIRE:   50 18:36:59  -626564.125000        0.447751
FIRE:   51 18:36:59  -626564.125000        0.354113
FIRE:   52 18:36:59  -626564.125000        0.330823
FIRE:   53 18:36:59  -626564.062500        0.315582
FIRE:   54 18:36:59  -626564.125000        0.310099
FIRE:   55 18:36:59  -626564.125000        0.312942
FIRE:   56 18:36:59  -626564.125000        0.392279
FIRE:   57 18:36:59  -626564.125000        0.408643
FIRE:   58 18:36:59  -626564.125000        0.348573
FIRE:   59 18:36:59  -626564.125000        0.266943
FIRE:   60 18:36:59  -626564.187500        0.245309
FIRE:   61 18:36:59  -626564.187500        0.247896
FIRE:   62 18:36:59  -626564.187500        0.281615
FIRE:   63 18:36:59  -626564.187500        0.250149
FIRE:   64 18:36:59  -626564.437500        0.214205
FIRE:   65 18:37:00  -626564.437500        0.246244
FIRE:   66 18:37:00  -626564.250000        0.224765
FIRE:   67 18:37:00  -626563.750000        0.206952
FIRE:   68 18:37:00  -626564.562500        0.224811
FIRE:   69 18:37:00  -626564.625000        0.216291
FIRE:   70 18:37:00  -626564.562500        0.207840
FIRE:   71 18:37:00  -626564.687500        0.250638
FIRE:   72 18:37:00  -626564.750000        0.234802
FIRE:   73 18:37:00  -626564.750000        0.262747
FIRE:   74 18:37:00  -626564.750000        0.433349
FIRE:   75 18:37:00  -626564.875000        1.105573
FIRE:   76 18:37:00  -626564.812500        2.749643
FIRE:   77 18:37:00  -626564.937500        0.224812
FIRE:   78 18:37:00  -626564.875000        0.180567
FIRE:   79 18:37:00  -626564.875000        0.151602
FIRE:   80 18:37:00  -626564.875000        0.155462
FIRE:   81 18:37:00  -626564.937500        0.156571
FIRE:   82 18:37:00  -626564.875000        0.153728
FIRE:   83 18:37:00  -626564.937500        0.147638
FIRE:   84 18:37:01  -626564.937500        0.140446
FIRE:   85 18:37:01  -626564.937500        0.137200
FIRE:   86 18:37:01  -626564.875000        0.136420
FIRE:   87 18:37:01  -626565.000000        0.135124
FIRE:   88 18:37:01  -626565.000000        0.133368
FIRE:   89 18:37:01  -626565.000000        0.143810
FIRE:   90 18:37:01  -626564.937500        0.137108
FIRE:   91 18:37:01  -626565.000000        0.128027
FIRE:   92 18:37:01  -626564.937500        0.135308
FIRE:   93 18:37:01  -626564.937500        0.136516
FIRE:   94 18:37:01  -626565.000000        0.140762
FIRE:   95 18:37:01  -626565.000000        0.147144
FIRE:   96 18:37:01  -626565.000000        0.153133
FIRE:   97 18:37:01  -626565.062500        0.208130
FIRE:   98 18:37:01  -626565.062500        0.609479
FIRE:   99 18:37:01  -626565.125000        1.959664
FIRE:  100 18:37:03  -626565.437500        0.150381
FIRE:  101 18:37:03  -626565.437500        0.150455
FIRE:  102 18:37:03  -626565.437500        0.150597
FIRE:  103 18:37:03  -626565.437500        0.150787
FIRE:  104 18:37:03  -626565.437500        0.151010
FIRE:  105 18:37:03  -626565.125000        0.151250
FIRE:  106 18:37:03  -626565.437500        0.151510
FIRE:  107 18:37:03  -626565.437500        0.151815
FIRE:  108 18:37:03  -626565.437500        0.152265
FIRE:  109 18:37:03  -626565.437500        0.153000
FIRE:  110 18:37:03  -626565.437500        0.154227
FIRE:  111 18:37:03  -626565.437500        0.156222
FIRE:  112 18:37:03  -626565.437500        0.159308
FIRE:  113 18:37:03  -626565.500000        0.163961
FIRE:  114 18:37:03  -626565.500000        0.171110
FIRE:  115 18:37:03  -626565.187500        0.177046
FIRE:  116 18:37:03  -626565.187500        0.178625
FIRE:  117 18:37:03  -626565.187500        0.181479
FIRE:  118 18:37:04  -626565.562500        0.186036
FIRE:  119 18:37:04  -626565.562500        0.186641
FIRE:  120 18:37:04  -626565.625000        0.383137
FIRE:  121 18:37:04  -626564.562500        1.484548
FIRE:  122 18:37:04  -626564.625000        0.159678
FIRE:  123 18:37:04  -626564.562500        0.159726
FIRE:  124 18:37:04  -626564.687500        0.159818
FIRE:  125 18:37:04  -626564.437500        0.159950
FIRE:  126 18:37:04  -626564.562500        0.160117
FIRE:  127 18:37:04  -626564.625000        0.160328
FIRE:  128 18:37:04  -626564.750000        0.160591
FIRE:  129 18:37:04  -626564.750000        0.160934
FIRE:  130 18:37:04  -626564.812500        0.161447
FIRE:  131 18:37:04  -626564.625000        0.162213
FIRE:  132 18:37:04  -626564.750000        0.163326
FIRE:  133 18:37:04  -626564.750000        0.164883
FIRE:  134 18:37:04  -626564.625000        0.167021
FIRE:  135 18:37:04  -626564.750000        0.170064
FIRE:  136 18:37:05  -626564.750000        0.174624
FIRE:  137 18:37:05  -626564.687500        0.180721
FIRE:  138 18:37:05  -626564.625000        0.188023
FIRE:  139 18:37:05  -626564.750000        0.196457
FIRE:  140 18:37:05  -626564.750000        0.209363
FIRE:  141 18:37:05  -626564.875000        0.228259
FIRE:  142 18:37:05  -626564.875000        0.241394
FIRE:  143 18:37:05  -626564.750000        0.495814
FIRE:  144 18:37:05  -626564.937500        1.702319
FIRE:  145 18:37:05  -626564.812500        6.718831
FIRE:  146 18:37:05  -626565.000000        3.015548
FIRE:  147 18:37:05  -626564.875000        2.175158
FIRE:  148 18:37:05  -626564.875000        0.618429
FIRE:  149 18:37:05  -626565.125000        1.417421
FIRE:  150 18:37:05  -626565.062500        1.293615
FIRE:  151 18:37:05  -626565.000000        1.059813
FIRE:  152 18:37:05  -626565.125000        0.741579
FIRE:  153 18:37:05  -626565.000000        0.373935
FIRE:  154 18:37:06  -626565.125000        0.196699
FIRE:  155 18:37:06  -626565.062500        0.340448
FIRE:  156 18:37:06  -626565.000000        0.332770
FIRE:  157 18:37:06  -626565.062500        0.321000
FIRE:  158 18:37:06  -626565.187500        0.305277
FIRE:  159 18:37:06  -626565.000000        0.284881
FIRE:  160 18:37:06  -626565.000000        0.260317
FIRE:  161 18:37:06  -626565.125000        0.232289
FIRE:  162 18:37:06  -626564.875000        0.201718
FIRE:  163 18:37:06  -626565.062500        0.201126
FIRE:  164 18:37:06  -626565.062500        0.202317
FIRE:  165 18:37:06  -626565.000000        0.203780
FIRE:  166 18:37:06  -626565.125000        0.205553
FIRE:  167 18:37:06  -626564.937500        0.207662
FIRE:  168 18:37:06  -626565.062500        0.215067
FIRE:  169 18:37:06  -626564.937500        0.235061
FIRE:  170 18:37:06  -626564.875000        0.225199
FIRE:  171 18:37:06  -626565.125000        0.220534
FIRE:  172 18:37:07  -626564.875000        0.227120
FIRE:  173 18:37:07  -626564.937500        0.240786
FIRE:  174 18:37:07  -626565.125000        0.271919
FIRE:  175 18:37:07  -626565.125000        0.289719
FIRE:  176 18:37:07  -626565.250000        0.288155
FIRE:  177 18:37:07  -626565.250000        0.286002
FIRE:  178 18:37:07  -626565.250000        0.282584
FIRE:  179 18:37:07  -626565.312500        0.276994
FIRE:  180 18:37:07  -626565.125000        0.268518
FIRE:  181 18:37:07  -626565.000000        0.257024
FIRE:  182 18:37:07  -626565.250000        0.242587
FIRE:  183 18:37:07  -626565.125000        0.224305
FIRE:  184 18:37:07  -626565.312500        0.203089
FIRE:  185 18:37:07  -626565.187500        0.192893
FIRE:  186 18:37:07  -626565.250000        0.205427
FIRE:  187 18:37:07  -626565.375000        0.327686
FIRE:  188 18:37:07  -626566.375000        0.703033
FIRE:  189 18:37:07  -626565.312500        1.583743
FIRE:  190 18:37:07  -626565.312500        0.212512
FIRE:  191 18:37:08  -626565.375000        1.436965
FIRE:  192 18:37:08  -626565.437500        1.077136
FIRE:  193 18:37:08  -626565.437500        0.466361
FIRE:  194 18:37:08  -626565.375000        0.226643
FIRE:  195 18:37:08  -626565.312500        0.214086
FIRE:  196 18:37:08  -626565.312500        0.189742
FIRE:  197 18:37:08  -626565.437500        0.175499
FIRE:  198 18:37:08  -626565.187500        0.174548
FIRE:  199 18:37:08  -626565.187500        0.173383
FIRE:  200 18:37:08  -626565.187500        0.172017
FIRE:  201 18:37:08  -626565.187500        0.170480
FIRE:  202 18:37:08  -626565.375000        0.168611
FIRE:  203 18:37:08  -626565.500000        0.166394
FIRE:  204 18:37:08  -626565.375000        0.163813
FIRE:  205 18:37:08  -626565.312500        0.160858
FIRE:  206 18:37:08  -626565.250000        0.157520
FIRE:  207 18:37:08  -626565.250000        0.153804
FIRE:  208 18:37:08  -626565.375000        0.149740
FIRE:  209 18:37:09  -626565.375000        0.145460
FIRE:  210 18:37:09  -626565.625000        0.141201
FIRE:  211 18:37:09  -626565.250000        0.137316
FIRE:  212 18:37:09  -626565.375000        0.134218
FIRE:  213 18:37:09  -626565.562500        0.132267
FIRE:  214 18:37:09  -626565.375000        0.131620
FIRE:  215 18:37:09  -626565.375000        0.132296
FIRE:  216 18:37:09  -626565.562500        0.134078
FIRE:  217 18:37:09  -626566.437500        0.135713
FIRE:  218 18:37:09  -626566.437500        0.135255
FIRE:  219 18:37:09  -626566.500000        0.131999
FIRE:  220 18:37:09  -626566.500000        0.124870
FIRE:  221 18:37:09  -626566.500000        0.206793
FIRE:  222 18:37:09  -626566.500000        0.530132
FIRE:  223 18:37:09  -626566.500000        1.311602
FIRE:  224 18:37:09  -626566.562500        0.116840
FIRE:  225 18:37:09  -626566.562500        1.227541
FIRE:  226 18:37:09  -626566.562500        0.911280
FIRE:  227 18:37:09  -626566.562500        0.374178
FIRE:  228 18:37:09  -626566.562500        0.233800
FIRE:  229 18:37:09  -626566.562500        0.220358
FIRE:  230 18:37:10  -626566.562500        0.194278
FIRE:  231 18:37:10  -626566.562500        0.157193
FIRE:  232 18:37:10  -626566.562500        0.111710
FIRE:  233 18:37:10  -626566.562500        0.097629
FIRE:  234 18:37:10  -626566.562500        0.097592
FIRE:  235 18:37:10  -626566.562500        0.097533
FIRE:  236 18:37:10  -626566.562500        0.097439
FIRE:  237 18:37:10  -626566.562500        0.107339
FIRE:  238 18:37:10  -626566.562500        0.115124
FIRE:  239 18:37:10  -626566.562500        0.098089
FIRE:  240 18:37:10  -626566.562500        0.096346
FIRE:  241 18:37:10  -626566.562500        0.095769
FIRE:  242 18:37:10  -626566.562500        0.095019
FIRE:  243 18:37:10  -626566.562500        0.100594
FIRE:  244 18:37:10  -626566.562500        0.092983
FIRE:  245 18:37:10  -626566.562500        0.091675
FIRE:  246 18:37:10  -626566.562500        0.090107
FIRE:  247 18:37:10  -626566.562500        0.088247
FIRE:  248 18:37:10  -626566.562500        0.086078
FIRE:  249 18:37:10  -626566.562500        0.084689
FIRE:  250 18:37:10  -626566.562500        0.081458
FIRE:  251 18:37:11  -626566.562500        0.078711
FIRE:  252 18:37:11  -626566.562500        0.074962
FIRE:  253 18:37:11  -626566.562500        0.070552
FIRE:  254 18:37:11  -626566.562500        0.073964
FIRE:  255 18:37:11  -626566.625000        0.206124
FIRE:  256 18:37:11  -626566.625000        0.480526
FIRE:  257 18:37:11  -626566.625000        1.151520
FIRE:  258 18:37:11  -626566.625000        0.056537
FIRE:  259 18:37:11  -626566.625000        1.096822
FIRE:  260 18:37:11  -626566.312500        0.805761
FIRE:  261 18:37:11  -626566.625000        0.312562
FIRE:  262 18:37:11  -626566.625000        0.242974
FIRE:  263 18:37:11  -626566.312500        0.228451
FIRE:  264 18:37:11  -626566.312500        0.200279
FIRE:  265 18:37:11  -626566.312500        0.160246
FIRE:  266 18:37:11  -626566.625000        0.111117
FIRE:  267 18:37:11  -626566.625000        0.057075
FIRE:  268 18:37:11  -626566.625000        0.042871
