      Step     Time          Energy          fmax
FIRE:    0 01:48:06  -812369.562500        4.429948
FIRE:    1 01:48:07  -812370.125000        3.581445
FIRE:    2 01:48:09  -812370.437500        3.515617
FIRE:    3 01:48:10  -812371.312500        3.273820
FIRE:    4 01:48:10  -812372.375000        2.571359
FIRE:    5 01:48:10  -812372.937500        2.257866
FIRE:    6 01:48:10  -812373.562500        3.058357
FIRE:    7 01:48:12  -812373.500000        2.721921
FIRE:    8 01:48:12  -812373.750000        2.137001
FIRE:    9 01:48:12  -812373.625000        1.516509
FIRE:   10 01:48:12  -812374.000000        1.689700
FIRE:   11 01:48:12  -812373.875000        1.709698
FIRE:   12 01:48:12  -812373.937500        1.413950
FIRE:   13 01:48:12  -812374.062500        1.225617
FIRE:   14 01:48:12  -812374.187500        1.327696
FIRE:   15 01:48:12  -812374.312500        1.271871
FIRE:   16 01:48:12  -812374.625000        1.160224
FIRE:   17 01:48:13  -812375.000000        1.008103
FIRE:   18 01:48:13  -812375.062500        1.055367
FIRE:   19 01:48:13  -812375.562500        1.059170
FIRE:   20 01:48:13  -812375.937500        1.206139
FIRE:   21 01:48:13  -812376.312500        1.234321
FIRE:   22 01:48:13  -812376.687500        1.366730
FIRE:   23 01:48:13  -812377.000000        1.489576
FIRE:   24 01:48:13  -812377.500000        1.639111
FIRE:   25 01:48:13  -812377.937500        1.765453
FIRE:   26 01:48:13  -812378.187500        1.778844
FIRE:   27 01:48:13  -812377.750000        1.752071
FIRE:   28 01:48:13  -812378.812500        1.337153
FIRE:   29 01:48:13  -812379.000000        0.999297
FIRE:   30 01:48:13  -812379.437500        1.591419
FIRE:   31 01:48:13  -812380.062500        1.972775
FIRE:   32 01:48:14  -812380.500000        1.488906
FIRE:   33 01:48:14  -812380.812500        1.286556
FIRE:   34 01:48:14  -812381.125000        1.284529
FIRE:   35 01:48:14  -812381.437500        1.412204
FIRE:   36 01:48:14  -812381.750000        1.491192
FIRE:   37 01:48:14  -812382.875000        1.547176
FIRE:   38 01:48:14  -812383.375000        1.531226
FIRE:   39 01:48:14  -812383.875000        1.539628
FIRE:   40 01:48:14  -812384.312500        1.484323
FIRE:   41 01:48:14  -812384.687500        1.434742
FIRE:   42 01:48:14  -812385.000000        1.680304
FIRE:   43 01:48:14  -812385.125000        1.111195
FIRE:   44 01:48:14  -812385.312500        1.318340
FIRE:   45 01:48:14  -812385.250000        1.431375
FIRE:   46 01:48:14  -812385.687500        2.029628
FIRE:   47 01:48:14  -812385.250000        5.308801
FIRE:   48 01:48:14  -812385.750000        3.033156
FIRE:   49 01:48:14  -812385.812500        1.441264
FIRE:   50 01:48:15  -812385.812500        0.869843
FIRE:   51 01:48:15  -812385.875000        0.769088
FIRE:   52 01:48:15  -812385.875000        0.578426
FIRE:   53 01:48:15  -812385.937500        0.575141
FIRE:   54 01:48:15  -812385.937500        0.575044
FIRE:   55 01:48:15  -812385.937500        0.575808
FIRE:   56 01:48:15  -812385.937500        0.577917
FIRE:   57 01:48:15  -812385.812500        0.581731
FIRE:   58 01:48:15  -812385.937500        0.588177
FIRE:   59 01:48:15  -812386.000000        0.598261
FIRE:   60 01:48:15  -812385.875000        0.612364
FIRE:   61 01:48:15  -812386.000000        0.629254
FIRE:   62 01:48:15  -812386.062500        0.647079
FIRE:   63 01:48:15  -812385.937500        0.664659
FIRE:   64 01:48:15  -812386.000000        0.683315
FIRE:   65 01:48:15  -812386.187500        0.707231
FIRE:   66 01:48:15  -812386.250000        0.738841
FIRE:   67 01:48:15  -812386.187500        0.770890
FIRE:   68 01:48:16  -812386.312500        0.789651
FIRE:   69 01:48:16  -812385.562500        0.779925
FIRE:   70 01:48:16  -812386.687500        0.722859
FIRE:   71 01:48:16  -812386.875000        0.609638
FIRE:   72 01:48:16  -812387.000000        0.576711
FIRE:   73 01:48:16  -812387.187500        0.830350
FIRE:   74 01:48:16  -812387.312500        1.180945
FIRE:   75 01:48:16  -812387.375000        1.720350
FIRE:   76 01:48:16  -812387.500000        2.494657
FIRE:   77 01:48:16  -812387.562500        0.660796
FIRE:   78 01:48:16  -812387.562500        0.644288
FIRE:   79 01:48:16  -812387.562500        0.612847
FIRE:   80 01:48:16  -812387.562500        0.568218
FIRE:   81 01:48:16  -812387.562500        0.511282
FIRE:   82 01:48:16  -812387.562500        0.457546
FIRE:   83 01:48:16  -812387.625000        0.371424
FIRE:   84 01:48:16  -812387.500000        0.338391
FIRE:   85 01:48:17  -812387.625000        0.314544
FIRE:   86 01:48:17  -812387.500000        0.350934
FIRE:   87 01:48:17  -812386.625000        0.263873
FIRE:   88 01:48:17  -812386.562500        0.286905
FIRE:   89 01:48:17  -812386.625000        0.253108
FIRE:   90 01:48:17  -812386.625000        0.213845
FIRE:   91 01:48:17  -812386.687500        0.242460
FIRE:   92 01:48:17  -812386.687500        0.306703
FIRE:   93 01:48:17  -812386.750000        0.237566
FIRE:   94 01:48:17  -812386.812500        0.263166
FIRE:   95 01:48:17  -812386.937500        0.592910
FIRE:   96 01:48:17  -812386.937500        1.156863
FIRE:   97 01:48:17  -812387.000000        2.617539
FIRE:   98 01:48:17  -812387.062500        0.164041
FIRE:   99 01:48:18  -812387.000000        1.965988
FIRE:  100 01:48:18  -812387.062500        1.570610
FIRE:  101 01:48:18  -812387.062500        0.835993
FIRE:  102 01:48:18  -812387.125000        0.158827
FIRE:  103 01:48:18  -812387.062500        0.973714
FIRE:  104 01:48:18  -812387.062500        0.918513
FIRE:  105 01:48:18  -812387.062500        0.811871
FIRE:  106 01:48:18  -812387.062500        0.661115
FIRE:  107 01:48:18  -812387.062500        0.476963
FIRE:  108 01:48:18  -812387.062500        0.273241
FIRE:  109 01:48:18  -812387.062500        0.155593
FIRE:  110 01:48:18  -812387.062500        0.196673
FIRE:  111 01:48:18  -812387.062500        0.293552
FIRE:  112 01:48:18  -812387.062500        0.413334
FIRE:  113 01:48:19  -812387.062500        0.465313
FIRE:  114 01:48:19  -812387.062500        0.430529
FIRE:  115 01:48:19  -812387.062500        0.297658
FIRE:  116 01:48:19  -812387.062500        0.164306
FIRE:  117 01:48:19  -812387.062500        0.190373
FIRE:  118 01:48:19  -812387.062500        0.375621
FIRE:  119 01:48:19  -812387.125000        0.380232
FIRE:  120 01:48:19  -812387.125000        0.167126
FIRE:  121 01:48:19  -812387.125000        0.199787
FIRE:  122 01:48:19  -812387.125000        0.317679
FIRE:  123 01:48:19  -812387.125000        0.173230
FIRE:  124 01:48:19  -812387.312500        0.283351
FIRE:  125 01:48:19  -812387.312500        0.255634
FIRE:  126 01:48:19  -812387.250000        0.233004
FIRE:  127 01:48:20  -812387.250000        0.169368
FIRE:  128 01:48:20  -812387.312500        0.428342
FIRE:  129 01:48:20  -812387.312500        0.322449
FIRE:  130 01:48:20  -812387.562500        0.321759
FIRE:  131 01:48:20  -812387.500000        0.426624
FIRE:  132 01:48:20  -812387.625000        1.427608
FIRE:  133 01:48:20  -812387.500000        3.706338
FIRE:  134 01:48:20  -812387.562500        0.251578
FIRE:  135 01:48:20  -812387.500000        4.332683
FIRE:  136 01:48:20  -812387.687500        2.899157
FIRE:  137 01:48:20  -812387.687500        0.734819
FIRE:  138 01:48:20  -812387.687500        1.341075
FIRE:  139 01:48:20  -812387.750000        1.251461
FIRE:  140 01:48:20  -812387.625000        1.076608
FIRE:  141 01:48:21  -812387.625000        0.825486
FIRE:  142 01:48:21  -812387.687500        0.512205
FIRE:  143 01:48:21  -812387.562500        0.273320
FIRE:  144 01:48:21  -812387.687500        0.248894
FIRE:  145 01:48:21  -812387.562500        0.512146
FIRE:  146 01:48:21  -812387.750000        0.504221
FIRE:  147 01:48:21  -812387.625000        0.488525
FIRE:  148 01:48:21  -812387.562500        0.465414
FIRE:  149 01:48:21  -812387.562500        0.435305
FIRE:  150 01:48:21  -812387.687500        0.398879
FIRE:  151 01:48:21  -812387.625000        0.357122
FIRE:  152 01:48:21  -812387.625000        0.311030
FIRE:  153 01:48:21  -812387.750000        0.256363
FIRE:  154 01:48:21  -812387.687500        0.249783
FIRE:  155 01:48:22  -812387.812500        0.250045
FIRE:  156 01:48:22  -812387.750000        0.250393
FIRE:  157 01:48:22  -812387.625000        0.250846
FIRE:  158 01:48:22  -812387.625000        0.251405
FIRE:  159 01:48:22  -812387.750000        0.252023
FIRE:  160 01:48:22  -812387.625000        0.252690
FIRE:  161 01:48:22  -812387.687500        0.253384
FIRE:  162 01:48:22  -812387.625000        0.254123
FIRE:  163 01:48:22  -812387.625000        0.254929
FIRE:  164 01:48:22  -812387.625000        0.255818
FIRE:  165 01:48:22  -812387.625000        0.256587
FIRE:  166 01:48:22  -812387.625000        0.256590
FIRE:  167 01:48:22  -812387.750000        0.254481
FIRE:  168 01:48:22  -812387.750000        0.248133
FIRE:  169 01:48:23  -812387.625000        0.246626
FIRE:  170 01:48:23  -812387.750000        0.251823
FIRE:  171 01:48:23  -812387.750000        0.258307
FIRE:  172 01:48:23  -812387.812500        0.265713
FIRE:  173 01:48:23  -812387.687500        0.274428
FIRE:  174 01:48:23  -812387.875000        0.283373
FIRE:  175 01:48:23  -812387.875000        0.290105
FIRE:  176 01:48:23  -812387.812500        0.295890
FIRE:  177 01:48:23  -812387.875000        0.304279
FIRE:  178 01:48:23  -812387.937500        0.330528
FIRE:  179 01:48:23  -812388.000000        0.409465
FIRE:  180 01:48:23  -812388.125000        1.325508
FIRE:  181 01:48:23  -812388.125000        3.212835
FIRE:  182 01:48:23  -812388.375000        0.356567
FIRE:  183 01:48:24  -812388.187500        3.644130
FIRE:  184 01:48:24  -812388.187500        2.526103
FIRE:  185 01:48:24  -812388.250000        0.788936
FIRE:  186 01:48:24  -812388.437500        0.947776
FIRE:  187 01:48:24  -812388.375000        0.883971
FIRE:  188 01:48:24  -812388.250000        0.759611
FIRE:  189 01:48:24  -812388.250000        0.581711
FIRE:  190 01:48:24  -812388.375000        0.429331
FIRE:  191 01:48:24  -812388.375000        0.355792
FIRE:  192 01:48:24  -812388.250000        0.351969
FIRE:  193 01:48:24  -812388.312500        0.365032
FIRE:  194 01:48:24  -812388.312500        0.543479
FIRE:  195 01:48:24  -812388.312500        0.647391
FIRE:  196 01:48:25  -812388.375000        0.645882
FIRE:  197 01:48:25  -812388.312500        0.518962
FIRE:  198 01:48:25  -812388.250000        0.348593
FIRE:  199 01:48:25  -812388.375000        0.351965
FIRE:  200 01:48:25  -812388.437500        0.354280
FIRE:  201 01:48:25  -812388.312500        0.375685
FIRE:  202 01:48:25  -812388.312500        0.343327
FIRE:  203 01:48:25  -812388.375000        0.331684
FIRE:  204 01:48:25  -812388.312500        0.463529
FIRE:  205 01:48:25  -812388.625000        0.319106
FIRE:  206 01:48:25  -812388.500000        0.306098
FIRE:  207 01:48:25  -812389.500000        0.286494
FIRE:  208 01:48:25  -812389.375000        0.250047
FIRE:  209 01:48:25  -812389.437500        0.289291
FIRE:  210 01:48:26  -812389.625000        0.386080
FIRE:  211 01:48:26  -812389.687500        0.314177
FIRE:  212 01:48:26  -812389.687500        0.222997
FIRE:  213 01:48:26  -812389.750000        0.458442
FIRE:  214 01:48:26  -812389.750000        1.328908
FIRE:  215 01:48:26  -812389.812500        0.182151
FIRE:  216 01:48:26  -812389.812500        1.154495
FIRE:  217 01:48:26  -812389.812500        0.871365
FIRE:  218 01:48:26  -812389.812500        0.390083
FIRE:  219 01:48:26  -812389.812500        0.207944
FIRE:  220 01:48:26  -812389.812500        0.199119
FIRE:  221 01:48:26  -812389.812500        0.182336
FIRE:  222 01:48:26  -812389.812500        0.159492
FIRE:  223 01:48:26  -812389.812500        0.150679
FIRE:  224 01:48:27  -812389.812500        0.146899
FIRE:  225 01:48:27  -812389.812500        0.143143
FIRE:  226 01:48:27  -812389.812500        0.139532
FIRE:  227 01:48:27  -812389.812500        0.135793
FIRE:  228 01:48:27  -812389.812500        0.131850
FIRE:  229 01:48:27  -812389.812500        0.127627
FIRE:  230 01:48:27  -812389.812500        0.123109
FIRE:  231 01:48:27  -812389.812500        0.118489
FIRE:  232 01:48:27  -812389.812500        0.113896
FIRE:  233 01:48:27  -812389.750000        0.108444
FIRE:  234 01:48:27  -812389.812500        0.099492
FIRE:  235 01:48:27  -812389.812500        0.098096
FIRE:  236 01:48:27  -812389.812500        0.097332
FIRE:  237 01:48:27  -812389.812500        0.096498
FIRE:  238 01:48:28  -812389.875000        0.095723
FIRE:  239 01:48:28  -812389.875000        0.095009
FIRE:  240 01:48:28  -812389.875000        0.094156
FIRE:  241 01:48:28  -812389.875000        0.092967
FIRE:  242 01:48:28  -812389.687500        0.092672
FIRE:  243 01:48:28  -812388.937500        0.093582
FIRE:  244 01:48:28  -812389.750000        0.093663
FIRE:  245 01:48:28  -812389.812500        0.095134
FIRE:  246 01:48:28  -812390.000000        0.114993
FIRE:  247 01:48:28  -812390.000000        0.332470
FIRE:  248 01:48:28  -812389.125000        0.929729
FIRE:  249 01:48:28  -812388.937500        3.354064
FIRE:  250 01:48:28  -812389.000000        0.713983
FIRE:  251 01:48:28  -812389.000000        0.503744
FIRE:  252 01:48:29  -812389.000000        0.204013
FIRE:  253 01:48:29  -812389.000000        0.278041
FIRE:  254 01:48:29  -812389.000000        0.261037
FIRE:  255 01:48:29  -812389.000000        0.228372
FIRE:  256 01:48:29  -812389.000000        0.182828
FIRE:  257 01:48:29  -812389.000000        0.128586
FIRE:  258 01:48:29  -812389.000000        0.107171
FIRE:  259 01:48:29  -812389.125000        0.107112
FIRE:  260 01:48:29  -812389.000000        0.107010
FIRE:  261 01:48:29  -812389.125000        0.120425
FIRE:  262 01:48:29  -812389.000000        0.126687
FIRE:  263 01:48:29  -812389.000000        0.116660
FIRE:  264 01:48:29  -812389.000000        0.105785
FIRE:  265 01:48:29  -812389.000000        0.105292
FIRE:  266 01:48:30  -812389.062500        0.104860
FIRE:  267 01:48:30  -812389.187500        0.132431
FIRE:  268 01:48:30  -812389.062500        0.115909
FIRE:  269 01:48:30  -812389.062500        0.105151
FIRE:  270 01:48:30  -812389.062500        0.105869
FIRE:  271 01:48:30  -812389.187500        0.106538
FIRE:  272 01:48:30  -812389.062500        0.106941
FIRE:  273 01:48:30  -812389.125000        0.116526
FIRE:  274 01:48:30  -812389.062500        0.106817
FIRE:  275 01:48:30  -812389.125000        0.105215
FIRE:  276 01:48:30  -812389.125000        0.102342
FIRE:  277 01:48:30  -812389.125000        0.101057
FIRE:  278 01:48:30  -812389.187500        0.101580
FIRE:  279 01:48:30  -812389.187500        0.220366
FIRE:  280 01:48:30  -812389.250000        0.548127
FIRE:  281 01:48:31  -812389.312500        1.717466
FIRE:  282 01:48:31  -812389.312500        0.110573
FIRE:  283 01:48:31  -812389.312500        0.110229
FIRE:  284 01:48:31  -812389.437500        0.109552
FIRE:  285 01:48:31  -812389.375000        0.108579
FIRE:  286 01:48:31  -812389.312500        0.107358
FIRE:  287 01:48:31  -812389.312500        0.105934
FIRE:  288 01:48:31  -812389.312500        0.104376
FIRE:  289 01:48:31  -812389.312500        0.102714
FIRE:  290 01:48:31  -812389.312500        0.100804
FIRE:  291 01:48:31  -812389.312500        0.098657
FIRE:  292 01:48:31  -812389.312500        0.096291
FIRE:  293 01:48:31  -812389.375000        0.094066
FIRE:  294 01:48:31  -812389.437500        0.094399
FIRE:  295 01:48:32  -812389.312500        0.094695
FIRE:  296 01:48:32  -812389.375000        0.094602
FIRE:  297 01:48:32  -812389.375000        0.093683
FIRE:  298 01:48:32  -812389.500000        0.091385
FIRE:  299 01:48:32  -812389.500000        0.097357
FIRE:  300 01:48:32  -812389.437500        0.103543
FIRE:  301 01:48:32  -812389.437500        0.104705
FIRE:  302 01:48:32  -812390.625000        0.101491
FIRE:  303 01:48:32  -812389.625000        0.362951
FIRE:  304 01:48:32  -812389.625000        1.312682
FIRE:  305 01:48:32  -812389.375000        5.420874
FIRE:  306 01:48:32  -812389.562500        2.053745
FIRE:  307 01:48:32  -812389.562500        1.456393
FIRE:  308 01:48:32  -812389.625000        0.399830
FIRE:  309 01:48:32  -812389.562500        0.899623
FIRE:  310 01:48:32  -812389.562500        0.827429
FIRE:  311 01:48:32  -812389.562500        0.689742
FIRE:  312 01:48:33  -812389.562500        0.499381
FIRE:  313 01:48:33  -812389.687500        0.273894
FIRE:  314 01:48:33  -812389.562500        0.067750
FIRE:  315 01:48:33  -812389.687500        0.184713
FIRE:  316 01:48:33  -812389.562500        0.181909
FIRE:  317 01:48:33  -812389.625000        0.176367
FIRE:  318 01:48:33  -812389.562500        0.168182
FIRE:  319 01:48:33  -812389.687500        0.157563
FIRE:  320 01:48:33  -812389.687500        0.144754
FIRE:  321 01:48:33  -812389.562500        0.130079
FIRE:  322 01:48:33  -812389.625000        0.113961
FIRE:  323 01:48:33  -812389.562500        0.095092
FIRE:  324 01:48:33  -812389.625000        0.073925
FIRE:  325 01:48:33  -812389.562500        0.067314
FIRE:  326 01:48:33  -812389.562500        0.067217
FIRE:  327 01:48:33  -812389.625000        0.087549
FIRE:  328 01:48:33  -812389.562500        0.112624
FIRE:  329 01:48:33  -812389.562500        0.126250
FIRE:  330 01:48:34  -812389.687500        0.123931
FIRE:  331 01:48:34  -812389.562500        0.102811
FIRE:  332 01:48:34  -812389.562500        0.066268
FIRE:  333 01:48:34  -812389.750000        0.066029
FIRE:  334 01:48:34  -812389.625000        0.065752
FIRE:  335 01:48:34  -812389.750000        0.073219
FIRE:  336 01:48:34  -812389.625000        0.064961
FIRE:  337 01:48:34  -812389.687500        0.064390
FIRE:  338 01:48:34  -812389.750000        0.078766
FIRE:  339 01:48:34  -812389.625000        0.088556
FIRE:  340 01:48:34  -812389.750000        0.061649
FIRE:  341 01:48:34  -812389.625000        0.070060
FIRE:  342 01:48:34  -812389.625000        0.064677
FIRE:  343 01:48:34  -812389.750000        0.085683
FIRE:  344 01:48:34  -812389.750000        0.064594
FIRE:  345 01:48:34  -812389.937500        0.070189
FIRE:  346 01:48:34  -812389.937500        0.111998
FIRE:  347 01:48:35  -812389.812500        0.102010
FIRE:  348 01:48:35  -812390.000000        0.240948
FIRE:  349 01:48:35  -812389.875000        0.533847
FIRE:  350 01:48:35  -812389.750000        1.468480
FIRE:  351 01:48:35  -812389.750000        0.172975
FIRE:  352 01:48:35  -812389.750000        0.130358
FIRE:  353 01:48:35  -812389.750000        0.056841
FIRE:  354 01:48:35  -812389.875000        0.044636
