      Step     Time          Energy          fmax
FIRE:    0 03:55:47 -2384914.500000        6.958663
FIRE:    1 03:55:48 -2384915.250000        6.098613
FIRE:    2 03:55:50 -2384919.750000        5.372603
FIRE:    3 03:55:50 -2384924.500000        4.650872
FIRE:    4 03:55:50 -2384925.750000        3.534445
FIRE:    5 03:55:50 -2384928.750000        3.645852
FIRE:    6 03:55:50 -2384929.250000        4.535643
FIRE:    7 03:55:50 -2384927.500000        4.114001
FIRE:    8 03:55:50 -2384936.250000        4.520818
FIRE:    9 03:55:50 -2384937.250000        4.632424
FIRE:   10 03:55:51 -2384932.500000        3.798790
FIRE:   11 03:55:51 -2384939.250000        2.847804
FIRE:   12 03:55:51 -2384940.000000        2.044704
FIRE:   13 03:55:51 -2384940.250000        2.586919
FIRE:   14 03:55:51 -2384940.750000        2.818852
FIRE:   15 03:55:51 -2384941.500000        2.624953
FIRE:   16 03:55:51 -2384942.250000        2.075687
FIRE:   17 03:55:51 -2384942.750000        1.939419
FIRE:   18 03:55:51 -2384943.250000        2.206443
FIRE:   19 03:55:51 -2384943.500000        2.427282
FIRE:   20 03:55:51 -2384943.750000        2.821799
FIRE:   21 03:55:51 -2384944.250000        1.999174
FIRE:   22 03:55:51 -2384944.750000        1.174771
FIRE:   23 03:55:53 -2384947.000000        1.551208
FIRE:   24 03:55:53 -2384938.750000        1.477158
FIRE:   25 03:55:54 -2384947.750000        1.577434
FIRE:   26 03:55:54 -2384942.000000        1.317890
FIRE:   27 03:55:54 -2384946.750000        1.528715
FIRE:   28 03:55:54 -2384947.000000        2.680232
FIRE:   29 03:55:54 -2384947.750000        1.621698
FIRE:   30 03:55:54 -2384949.750000        2.745520
FIRE:   31 03:55:54 -2384949.750000        3.223894
FIRE:   32 03:55:55 -2384949.500000        6.251893
FIRE:   33 03:55:55 -2384950.000000        2.840120
FIRE:   34 03:55:55 -2384950.250000        1.963098
FIRE:   35 03:55:55 -2384950.250000        0.594816
FIRE:   36 03:55:55 -2384950.250000        1.407324
FIRE:   37 03:55:55 -2384950.250000        1.289469
FIRE:   38 03:55:55 -2384950.250000        1.066998
FIRE:   39 03:55:55 -2384950.250000        0.765340
FIRE:   40 03:55:55 -2384950.250000        0.438269
FIRE:   41 03:55:55 -2384950.250000        0.437663
FIRE:   42 03:55:55 -2384950.250000        0.436912
FIRE:   43 03:55:55 -2384950.250000        0.570067
FIRE:   44 03:55:55 -2384950.250000        0.643711
FIRE:   45 03:55:55 -2384950.250000        0.645099
FIRE:   46 03:55:56 -2384950.250000        0.500006
FIRE:   47 03:55:56 -2384950.500000        0.434608
FIRE:   48 03:55:56 -2384950.500000        0.436180
FIRE:   49 03:55:56 -2384950.500000        0.589364
FIRE:   50 03:55:56 -2384950.500000        0.614582
FIRE:   51 03:55:56 -2384950.500000        0.446770
FIRE:   52 03:55:56 -2384950.750000        0.451620
FIRE:   53 03:55:56 -2384950.750000        0.463440
FIRE:   54 03:55:56 -2384951.000000        0.469991
FIRE:   55 03:55:56 -2384951.000000        0.507987
FIRE:   56 03:55:56 -2384951.250000        0.503643
FIRE:   57 03:55:56 -2384951.500000        0.526754
FIRE:   58 03:55:56 -2384943.250000        0.568099
FIRE:   59 03:55:56 -2384952.000000        0.613772
FIRE:   60 03:55:57 -2384952.250000        0.695833
FIRE:   61 03:55:57 -2384952.500000        0.791015
FIRE:   62 03:55:57 -2384952.750000        0.856678
FIRE:   63 03:55:57 -2384953.000000        0.918472
FIRE:   64 03:55:57 -2384953.500000        0.915881
FIRE:   65 03:55:57 -2384953.750000        0.852162
FIRE:   66 03:55:57 -2384954.000000        0.745039
FIRE:   67 03:55:57 -2384947.000000        0.595034
FIRE:   68 03:55:57 -2384954.500000        0.671124
FIRE:   69 03:55:57 -2384954.750000        1.086004
FIRE:   70 03:55:57 -2384955.000000        1.158359
FIRE:   71 03:55:57 -2384953.250000        0.791998
FIRE:   72 03:55:57 -2384953.500000        0.531289
FIRE:   73 03:55:57 -2384953.750000        0.770039
FIRE:   74 03:55:57 -2384954.000000        1.125655
FIRE:   75 03:55:58 -2384956.250000        1.267073
FIRE:   76 03:55:58 -2384956.500000        1.041591
FIRE:   77 03:55:58 -2384956.750000        0.946562
FIRE:   78 03:55:58 -2384957.000000        1.350660
FIRE:   79 03:55:58 -2384957.250000        1.481055
FIRE:   80 03:55:58 -2384957.500000        1.486420
FIRE:   81 03:55:58 -2384958.000000        1.336804
FIRE:   82 03:55:58 -2384958.250000        0.859115
FIRE:   83 03:55:58 -2384949.000000        1.069246
FIRE:   84 03:55:58 -2384948.250000        1.372193
FIRE:   85 03:55:58 -2384956.000000        4.840065
FIRE:   86 03:55:58 -2384948.750000        2.495431
FIRE:   87 03:55:58 -2384949.000000        1.532151
FIRE:   88 03:55:58 -2384956.500000        0.422067
FIRE:   89 03:55:59 -2384956.500000        1.633800
FIRE:   90 03:55:59 -2384956.500000        1.429573
FIRE:   91 03:55:59 -2384956.500000        1.051916
FIRE:   92 03:55:59 -2384956.500000        0.556662
FIRE:   93 03:55:59 -2384956.500000        0.325848
FIRE:   94 03:55:59 -2384956.500000        0.477659
FIRE:   95 03:55:59 -2384949.750000        0.466041
FIRE:   96 03:55:59 -2384948.750000        0.442985
FIRE:   97 03:55:59 -2384949.500000        0.409368
FIRE:   98 03:55:59 -2384949.750000        0.366143
FIRE:   99 03:55:59 -2384956.500000        0.316159
FIRE:  100 03:55:59 -2384956.500000        0.312693
FIRE:  101 03:55:59 -2384956.500000        0.308787
FIRE:  102 03:56:00 -2384956.500000        0.304027
FIRE:  103 03:56:00 -2384956.500000        0.298353
FIRE:  104 03:56:00 -2384956.500000        0.291767
FIRE:  105 03:56:00 -2384956.500000        0.284378
FIRE:  106 03:56:00 -2384956.500000        0.276363
FIRE:  107 03:56:00 -2384956.500000        0.267856
FIRE:  108 03:56:00 -2384956.500000        0.259052
FIRE:  109 03:56:00 -2384956.500000        0.250019
FIRE:  110 03:56:00 -2384956.500000        0.240613
FIRE:  111 03:56:00 -2384956.500000        0.230284
FIRE:  112 03:56:00 -2384956.500000        0.218088
FIRE:  113 03:56:00 -2384956.750000        0.204186
FIRE:  114 03:56:00 -2384956.750000        0.200790
FIRE:  115 03:56:00 -2384956.750000        0.195111
FIRE:  116 03:56:01 -2384956.750000        0.188667
FIRE:  117 03:56:01 -2384950.500000        0.182708
FIRE:  118 03:56:01 -2384950.250000        0.175682
FIRE:  119 03:56:01 -2384956.750000        0.162020
FIRE:  120 03:56:01 -2384956.750000        0.149563
FIRE:  121 03:56:01 -2384957.000000        0.226727
FIRE:  122 03:56:01 -2384957.000000        0.289905
FIRE:  123 03:56:01 -2384957.000000        0.504500
FIRE:  124 03:56:01 -2384957.000000        0.728986
FIRE:  125 03:56:01 -2384957.250000        1.205162
FIRE:  126 03:56:01 -2384957.000000        2.415345
FIRE:  127 03:56:01 -2384957.250000        0.474622
FIRE:  128 03:56:01 -2384957.250000        1.927622
FIRE:  129 03:56:01 -2384957.500000        1.465687
FIRE:  130 03:56:01 -2384957.250000        0.670160
FIRE:  131 03:56:02 -2384957.250000        0.255397
FIRE:  132 03:56:02 -2384957.250000        0.988922
FIRE:  133 03:56:02 -2384957.250000        0.940842
FIRE:  134 03:56:02 -2384957.250000        0.847560
FIRE:  135 03:56:02 -2384957.250000        0.715168
FIRE:  136 03:56:02 -2384957.250000        0.552602
FIRE:  137 03:56:02 -2384957.250000        0.371654
FIRE:  138 03:56:02 -2384957.250000        0.189826
FIRE:  139 03:56:02 -2384957.250000        0.243318
FIRE:  140 03:56:02 -2384957.250000        0.293304
FIRE:  141 03:56:02 -2384957.000000        0.300001
FIRE:  142 03:56:02 -2384957.250000        0.365689
FIRE:  143 03:56:02 -2384957.000000        0.358783
FIRE:  144 03:56:02 -2384957.000000        0.269473
FIRE:  145 03:56:03 -2384957.000000        0.207371
FIRE:  146 03:56:03 -2384957.250000        0.212253
FIRE:  147 03:56:03 -2384957.500000        0.245340
FIRE:  148 03:56:03 -2384957.500000        0.266611
FIRE:  149 03:56:03 -2384957.500000        0.279971
FIRE:  150 03:56:03 -2384957.500000        0.247257
FIRE:  151 03:56:03 -2384957.250000        0.216601
FIRE:  152 03:56:03 -2384957.750000        0.164386
FIRE:  153 03:56:03 -2384957.500000        0.146831
FIRE:  154 03:56:03 -2384957.500000        0.295251
FIRE:  155 03:56:03 -2384957.500000        0.156254
FIRE:  156 03:56:03 -2384957.500000        0.188431
FIRE:  157 03:56:03 -2384957.500000        0.254287
FIRE:  158 03:56:03 -2384957.750000        0.439870
FIRE:  159 03:56:04 -2384957.750000        0.825582
FIRE:  160 03:56:04 -2384957.750000        1.397161
FIRE:  161 03:56:04 -2384959.750000        2.106741
FIRE:  162 03:56:04 -2384960.000000        0.228427
FIRE:  163 03:56:04 -2384959.750000        1.899145
FIRE:  164 03:56:04 -2384960.000000        1.521848
FIRE:  165 03:56:04 -2384960.000000        0.849277
FIRE:  166 03:56:04 -2384960.000000        0.172496
FIRE:  167 03:56:04 -2384960.000000        0.734680
FIRE:  168 03:56:04 -2384960.000000        0.687459
FIRE:  169 03:56:04 -2384960.000000        0.595966
FIRE:  170 03:56:04 -2384960.000000        0.473567
FIRE:  171 03:56:04 -2384960.000000        0.372791
FIRE:  172 03:56:04 -2384960.000000        0.262200
FIRE:  173 03:56:05 -2384960.000000        0.153552
FIRE:  174 03:56:05 -2384960.000000        0.236455
FIRE:  175 03:56:05 -2384960.000000        0.386154
FIRE:  176 03:56:05 -2384960.000000        0.495530
FIRE:  177 03:56:05 -2384960.000000        0.544544
FIRE:  178 03:56:05 -2384960.000000        0.516654
FIRE:  179 03:56:05 -2384960.000000        0.397867
FIRE:  180 03:56:05 -2384960.000000        0.197916
FIRE:  181 03:56:05 -2384960.000000        0.185291
FIRE:  182 03:56:05 -2384960.000000        0.303350
FIRE:  183 03:56:05 -2384960.000000        0.317307
FIRE:  184 03:56:05 -2384960.000000        0.210676
FIRE:  185 03:56:05 -2384960.000000        0.225419
FIRE:  186 03:56:05 -2384960.000000        0.369457
FIRE:  187 03:56:06 -2384960.000000        0.195282
FIRE:  188 03:56:06 -2384960.000000        0.278660
FIRE:  189 03:56:06 -2384960.000000        0.250426
FIRE:  190 03:56:06 -2384960.000000        0.352875
FIRE:  191 03:56:06 -2384960.000000        0.147655
FIRE:  192 03:56:06 -2384960.250000        0.350476
FIRE:  193 03:56:06 -2384958.250000        0.550764
FIRE:  194 03:56:06 -2384960.250000        0.431692
FIRE:  195 03:56:06 -2384960.250000        0.853868
FIRE:  196 03:56:06 -2384960.500000        1.619729
FIRE:  197 03:56:06 -2384960.250000        4.874740
FIRE:  198 03:56:06 -2384960.500000        0.929634
FIRE:  199 03:56:06 -2384960.500000        0.677846
FIRE:  200 03:56:06 -2384960.500000        0.269073
FIRE:  201 03:56:06 -2384960.500000        0.284826
FIRE:  202 03:56:07 -2384960.500000        0.648471
FIRE:  203 03:56:07 -2384960.500000        0.603415
FIRE:  204 03:56:07 -2384960.500000        0.517069
FIRE:  205 03:56:07 -2384960.500000        0.396690
FIRE:  206 03:56:07 -2384960.500000        0.253085
FIRE:  207 03:56:07 -2384960.500000        0.101008
FIRE:  208 03:56:07 -2384960.500000        0.107147
FIRE:  209 03:56:07 -2384960.500000        0.183093
FIRE:  210 03:56:07 -2384960.500000        0.257699
FIRE:  211 03:56:07 -2384958.500000        0.300141
FIRE:  212 03:56:07 -2384958.500000        0.281664
FIRE:  213 03:56:07 -2384958.500000        0.204654
FIRE:  214 03:56:07 -2384958.500000        0.106082
FIRE:  215 03:56:07 -2384956.750000        0.183564
FIRE:  216 03:56:07 -2384958.500000        0.280957
FIRE:  217 03:56:07 -2384958.500000        0.260137
FIRE:  218 03:56:07 -2384958.500000        0.125393
FIRE:  219 03:56:07 -2384958.500000        0.139253
FIRE:  220 03:56:07 -2384958.500000        0.196023
FIRE:  221 03:56:08 -2384958.500000        0.113284
FIRE:  222 03:56:08 -2384958.500000        0.201352
FIRE:  223 03:56:08 -2384958.500000        0.199524
FIRE:  224 03:56:08 -2384958.750000        0.155932
FIRE:  225 03:56:08 -2384958.750000        0.097444
FIRE:  226 03:56:08 -2384958.750000        0.211182
FIRE:  227 03:56:08 -2384958.750000        0.238788
FIRE:  228 03:56:08 -2384958.750000        0.373094
FIRE:  229 03:56:08 -2384958.750000        0.923061
FIRE:  230 03:56:08 -2384958.750000        2.456610
FIRE:  231 03:56:08 -2384959.000000        0.196111
FIRE:  232 03:56:08 -2384958.750000        2.215278
FIRE:  233 03:56:08 -2384959.000000        1.635057
FIRE:  234 03:56:08 -2384959.000000        0.649138
FIRE:  235 03:56:08 -2384959.000000        0.473943
FIRE:  236 03:56:08 -2384959.000000        0.448859
FIRE:  237 03:56:08 -2384959.000000        0.400286
FIRE:  238 03:56:09 -2384959.000000        0.331317
FIRE:  239 03:56:09 -2384959.000000        0.246884
FIRE:  240 03:56:09 -2384959.000000        0.153628
FIRE:  241 03:56:09 -2384959.000000        0.090495
FIRE:  242 03:56:09 -2384959.000000        0.090523
FIRE:  243 03:56:09 -2384959.000000        0.126875
FIRE:  244 03:56:09 -2384959.000000        0.157236
FIRE:  245 03:56:09 -2384959.000000        0.174317
FIRE:  246 03:56:09 -2384959.000000        0.149855
FIRE:  247 03:56:09 -2384959.000000        0.106892
FIRE:  248 03:56:09 -2384959.000000        0.090676
FIRE:  249 03:56:09 -2384959.000000        0.146647
FIRE:  250 03:56:09 -2384959.000000        0.196841
FIRE:  251 03:56:09 -2384959.000000        0.154488
FIRE:  252 03:56:09 -2384959.000000        0.091086
FIRE:  253 03:56:09 -2384959.000000        0.193210
FIRE:  254 03:56:09 -2384957.500000        0.091409
FIRE:  255 03:56:10 -2384959.000000        0.097635
FIRE:  256 03:56:10 -2384959.000000        0.134725
FIRE:  257 03:56:10 -2384959.000000        0.092142
FIRE:  258 03:56:10 -2384959.000000        0.153808
FIRE:  259 03:56:10 -2384959.000000        0.200530
FIRE:  260 03:56:10 -2384959.000000        0.115418
FIRE:  261 03:56:10 -2384959.000000        0.095598
FIRE:  262 03:56:10 -2384958.500000        0.241655
FIRE:  263 03:56:10 -2384959.250000        0.351169
FIRE:  264 03:56:10 -2384959.250000        1.416500
FIRE:  265 03:56:10 -2384961.250000        4.514847
FIRE:  266 03:56:10 -2384961.250000        0.670901
FIRE:  267 03:56:10 -2384961.250000        0.471466
FIRE:  268 03:56:10 -2384961.250000        0.145316
FIRE:  269 03:56:10 -2384961.250000        0.261008
FIRE:  270 03:56:10 -2384961.250000        0.501708
FIRE:  271 03:56:10 -2384961.250000        0.531552
FIRE:  272 03:56:11 -2384961.250000        0.356385
FIRE:  273 03:56:11 -2384961.250000        0.104099
FIRE:  274 03:56:11 -2384961.250000        0.254293
FIRE:  275 03:56:11 -2384961.500000        0.373234
FIRE:  276 03:56:11 -2384961.500000        0.219345
FIRE:  277 03:56:11 -2384961.500000        0.223508
FIRE:  278 03:56:11 -2384961.500000        0.363042
FIRE:  279 03:56:11 -2384961.500000        0.129937
FIRE:  280 03:56:11 -2384961.500000        0.287626
FIRE:  281 03:56:11 -2384961.500000        0.171299
FIRE:  282 03:56:11 -2384961.500000        0.311449
FIRE:  283 03:56:11 -2384961.500000        0.298081
FIRE:  284 03:56:11 -2384961.500000        0.416076
FIRE:  285 03:56:11 -2384961.500000        0.675980
FIRE:  286 03:56:11 -2384959.750000        1.412182
FIRE:  287 03:56:11 -2384956.250000        0.223509
FIRE:  288 03:56:11 -2384959.500000        1.191283
FIRE:  289 03:56:12 -2384959.500000        0.893078
FIRE:  290 03:56:12 -2384959.500000        0.381324
FIRE:  291 03:56:12 -2384959.500000        0.200402
FIRE:  292 03:56:12 -2384959.500000        0.189832
FIRE:  293 03:56:12 -2384959.750000        0.169208
FIRE:  294 03:56:12 -2384957.500000        0.140093
FIRE:  295 03:56:12 -2384957.500000        0.104429
FIRE:  296 03:56:12 -2384957.750000        0.088676
FIRE:  297 03:56:12 -2384957.250000        0.088632
FIRE:  298 03:56:12 -2384959.500000        0.088584
FIRE:  299 03:56:12 -2384959.750000        0.088518
FIRE:  300 03:56:12 -2384959.500000        0.088442
FIRE:  301 03:56:12 -2384959.500000        0.088995
FIRE:  302 03:56:12 -2384959.750000        0.088239
FIRE:  303 03:56:12 -2384957.500000        0.088119
FIRE:  304 03:56:12 -2384957.500000        0.087984
FIRE:  305 03:56:12 -2384959.500000        0.087831
FIRE:  306 03:56:12 -2384959.500000        0.100405
FIRE:  307 03:56:13 -2384957.500000        0.092757
FIRE:  308 03:56:13 -2384959.750000        0.087213
FIRE:  309 03:56:13 -2384957.000000        0.086889
FIRE:  310 03:56:13 -2384958.000000        0.086486
FIRE:  311 03:56:13 -2384959.750000        0.086077
FIRE:  312 03:56:13 -2384959.750000        0.085809
FIRE:  313 03:56:13 -2384956.500000        0.085755
FIRE:  314 03:56:13 -2384959.750000        0.085165
FIRE:  315 03:56:13 -2384959.750000        0.083753
FIRE:  316 03:56:13 -2384959.750000        0.082326
FIRE:  317 03:56:13 -2384961.750000        0.081152
FIRE:  318 03:56:13 -2384960.000000        0.216189
FIRE:  319 03:56:13 -2384956.500000        0.516427
FIRE:  320 03:56:13 -2384959.750000        1.598753
FIRE:  321 03:56:13 -2384960.250000        0.163695
FIRE:  322 03:56:13 -2384959.750000        1.414694
FIRE:  323 03:56:14 -2384957.500000        1.067374
FIRE:  324 03:56:14 -2384960.500000        0.466104
FIRE:  325 03:56:14 -2384960.000000        0.231317
FIRE:  326 03:56:14 -2384960.000000        0.218209
FIRE:  327 03:56:14 -2384960.000000        0.192904
FIRE:  328 03:56:14 -2384958.000000        0.157152
FIRE:  329 03:56:14 -2384960.000000        0.113453
FIRE:  330 03:56:14 -2384960.000000        0.075401
FIRE:  331 03:56:14 -2384960.000000        0.075421
FIRE:  332 03:56:14 -2384962.000000        0.075440
FIRE:  333 03:56:14 -2384957.500000        0.075453
FIRE:  334 03:56:14 -2384960.000000        0.093342
FIRE:  335 03:56:14 -2384960.250000        0.100928
FIRE:  336 03:56:14 -2384960.000000        0.089731
FIRE:  337 03:56:14 -2384960.250000        0.075423
FIRE:  338 03:56:15 -2384958.000000        0.075381
FIRE:  339 03:56:15 -2384960.250000        0.082974
FIRE:  340 03:56:15 -2384960.000000        0.114807
FIRE:  341 03:56:15 -2384958.250000        0.097198
FIRE:  342 03:56:15 -2384960.250000        0.075307
FIRE:  343 03:56:15 -2384960.250000        0.075342
FIRE:  344 03:56:15 -2384960.250000        0.075415
FIRE:  345 03:56:15 -2384958.000000        0.075578
FIRE:  346 03:56:15 -2384960.000000        0.084375
FIRE:  347 03:56:15 -2384960.000000        0.076255
FIRE:  348 03:56:15 -2384956.750000        0.076411
FIRE:  349 03:56:15 -2384962.000000        0.076448
FIRE:  350 03:56:15 -2384962.000000        0.076490
FIRE:  351 03:56:15 -2384962.000000        0.077155
FIRE:  352 03:56:15 -2384962.000000        0.227781
FIRE:  353 03:56:16 -2384962.000000        0.573044
FIRE:  354 03:56:16 -2384962.250000        1.738641
FIRE:  355 03:56:16 -2384962.250000        0.107847
FIRE:  356 03:56:16 -2384960.250000        1.559861
FIRE:  357 03:56:16 -2384960.250000        1.159622
FIRE:  358 03:56:16 -2384960.250000        0.473723
FIRE:  359 03:56:16 -2384958.250000        0.316272
FIRE:  360 03:56:16 -2384960.250000        0.298046
FIRE:  361 03:56:16 -2384960.250000        0.262667
FIRE:  362 03:56:16 -2384960.250000        0.212527
FIRE:  363 03:56:16 -2384960.250000        0.151248
FIRE:  364 03:56:16 -2384958.250000        0.083895
FIRE:  365 03:56:16 -2384958.000000        0.081048
FIRE:  366 03:56:16 -2384960.250000        0.081068
FIRE:  367 03:56:17 -2384960.250000        0.098449
FIRE:  368 03:56:17 -2384960.250000        0.133510
FIRE:  369 03:56:17 -2384962.250000        0.141607
FIRE:  370 03:56:17 -2384960.250000        0.115618
FIRE:  371 03:56:17 -2384960.250000        0.080987
FIRE:  372 03:56:17 -2384958.250000        0.080957
FIRE:  373 03:56:17 -2384960.250000        0.109580
FIRE:  374 03:56:17 -2384958.500000        0.144872
FIRE:  375 03:56:17 -2384960.250000        0.108435
FIRE:  376 03:56:17 -2384958.000000        0.080643
FIRE:  377 03:56:17 -2384960.250000        0.085262
FIRE:  378 03:56:17 -2384958.000000        0.080950
FIRE:  379 03:56:17 -2384960.250000        0.082100
FIRE:  380 03:56:17 -2384958.500000        0.110847
FIRE:  381 03:56:18 -2384962.250000        0.083607
FIRE:  382 03:56:18 -2384960.250000        0.121737
FIRE:  383 03:56:18 -2384958.000000        0.105869
FIRE:  384 03:56:18 -2384960.250000        0.076407
FIRE:  385 03:56:18 -2384962.250000        0.075842
FIRE:  386 03:56:18 -2384962.250000        0.105635
FIRE:  387 03:56:18 -2384959.000000        0.369583
FIRE:  388 03:56:18 -2384958.000000        1.415034
FIRE:  389 03:56:18 -2384958.250000        4.147945
FIRE:  390 03:56:18 -2384958.750000        0.288389
FIRE:  391 03:56:18 -2384958.750000        0.220894
FIRE:  392 03:56:18 -2384958.750000        0.108729
FIRE:  393 03:56:18 -2384958.750000        0.103931
FIRE:  394 03:56:18 -2384958.000000        0.196016
FIRE:  395 03:56:18 -2384958.500000        0.205766
FIRE:  396 03:56:19 -2384958.000000        0.133243
FIRE:  397 03:56:19 -2384958.250000        0.108937
FIRE:  398 03:56:19 -2384959.000000        0.124110
FIRE:  399 03:56:19 -2384958.000000        0.182442
FIRE:  400 03:56:19 -2384958.750000        0.117139
FIRE:  401 03:56:19 -2384958.750000        0.106677
FIRE:  402 03:56:19 -2384958.500000        0.160768
FIRE:  403 03:56:19 -2384957.250000        0.103599
FIRE:  404 03:56:19 -2384952.750000        0.117681
FIRE:  405 03:56:19 -2384952.500000        0.106214
FIRE:  406 03:56:19 -2384952.750000        0.124459
FIRE:  407 03:56:19 -2384960.750000        0.165812
FIRE:  408 03:56:19 -2384952.750000        0.196036
FIRE:  409 03:56:19 -2384961.000000        0.315607
FIRE:  410 03:56:20 -2384954.250000        0.915886
FIRE:  411 03:56:20 -2384953.000000        2.508934
FIRE:  412 03:56:20 -2384954.000000        0.212573
FIRE:  413 03:56:20 -2384953.750000        2.714157
FIRE:  414 03:56:20 -2384952.750000        1.888756
FIRE:  415 03:56:20 -2384953.000000        0.588890
FIRE:  416 03:56:20 -2384954.250000        0.773861
FIRE:  417 03:56:20 -2384953.000000        0.722259
FIRE:  418 03:56:20 -2384954.000000        0.621772
FIRE:  419 03:56:20 -2384953.000000        0.478357
FIRE:  420 03:56:20 -2384953.250000        0.330608
FIRE:  421 03:56:20 -2384953.500000        0.161878
FIRE:  422 03:56:20 -2384953.000000        0.098400
FIRE:  423 03:56:20 -2384953.750000        0.262680
FIRE:  424 03:56:21 -2384954.250000        0.389114
FIRE:  425 03:56:21 -2384953.000000        0.452321
FIRE:  426 03:56:21 -2384953.000000        0.433441
FIRE:  427 03:56:21 -2384953.250000        0.321003
FIRE:  428 03:56:21 -2384953.750000        0.122632
FIRE:  429 03:56:21 -2384954.250000        0.126137
FIRE:  430 03:56:21 -2384953.000000        0.300648
FIRE:  431 03:56:21 -2384953.750000        0.329233
FIRE:  432 03:56:21 -2384953.750000        0.208743
FIRE:  433 03:56:21 -2384954.000000        0.118030
FIRE:  434 03:56:21 -2384953.000000        0.262216
FIRE:  435 03:56:21 -2384953.750000        0.161327
FIRE:  436 03:56:21 -2384953.250000        0.194885
FIRE:  437 03:56:21 -2384953.000000        0.203019
FIRE:  438 03:56:22 -2384952.750000        0.175293
FIRE:  439 03:56:22 -2384954.000000        0.140839
FIRE:  440 03:56:22 -2384961.000000        0.276895
FIRE:  441 03:56:22 -2384953.750000        0.279082
FIRE:  442 03:56:22 -2384954.250000        0.279536
FIRE:  443 03:56:22 -2384954.000000        0.521896
FIRE:  444 03:56:22 -2384961.250000        1.320979
FIRE:  445 03:56:22 -2384954.250000        3.838458
FIRE:  446 03:56:22 -2384961.000000        0.635236
FIRE:  447 03:56:22 -2384961.000000        0.458366
FIRE:  448 03:56:22 -2384961.000000        0.154128
FIRE:  449 03:56:22 -2384961.000000        0.229994
FIRE:  450 03:56:22 -2384952.250000        0.413103
FIRE:  451 03:56:22 -2384953.250000        0.457004
FIRE:  452 03:56:22 -2384961.000000        0.323699
FIRE:  453 03:56:23 -2384961.000000        0.117651
FIRE:  454 03:56:23 -2384961.000000        0.229336
FIRE:  455 03:56:23 -2384961.000000        0.334627
FIRE:  456 03:56:23 -2384961.000000        0.219778
FIRE:  457 03:56:23 -2384961.000000        0.139997
FIRE:  458 03:56:23 -2384954.250000        0.311271
FIRE:  459 03:56:23 -2384954.250000        0.126748
FIRE:  460 03:56:23 -2384953.500000        0.292216
FIRE:  461 03:56:23 -2384953.000000        0.137262
FIRE:  462 03:56:23 -2384953.000000        0.311329
FIRE:  463 03:56:23 -2384954.750000        0.273046
FIRE:  464 03:56:23 -2384961.250000        0.186289
FIRE:  465 03:56:23 -2384954.500000        0.228456
FIRE:  466 03:56:23 -2384961.250000        0.549888
FIRE:  467 03:56:23 -2384954.250000        1.733923
FIRE:  468 03:56:24 -2384961.500000        4.944997
FIRE:  469 03:56:24 -2384954.500000        0.648679
FIRE:  470 03:56:24 -2384953.750000        0.488608
FIRE:  471 03:56:24 -2384954.750000        0.220125
FIRE:  472 03:56:24 -2384955.000000        0.245258
FIRE:  473 03:56:24 -2384954.500000        0.484359
FIRE:  474 03:56:24 -2384954.750000        0.507015
FIRE:  475 03:56:24 -2384953.750000        0.322295
FIRE:  476 03:56:24 -2384953.500000        0.221860
FIRE:  477 03:56:24 -2384955.000000        0.291618
FIRE:  478 03:56:24 -2384961.500000        0.387353
FIRE:  479 03:56:24 -2384961.500000        0.223794
FIRE:  480 03:56:24 -2384961.750000        0.334404
FIRE:  481 03:56:24 -2384963.500000        0.457833
FIRE:  482 03:56:25 -2384963.500000        0.224227
FIRE:  483 03:56:25 -2384961.500000        0.320455
FIRE:  484 03:56:25 -2384961.500000        0.232529
FIRE:  485 03:56:25 -2384961.500000        0.205553
FIRE:  486 03:56:25 -2384961.500000        0.408536
FIRE:  487 03:56:25 -2384961.750000        0.578351
FIRE:  488 03:56:25 -2384955.000000        0.928607
FIRE:  489 03:56:25 -2384961.750000        1.946423
FIRE:  490 03:56:25 -2384961.750000        0.190377
FIRE:  491 03:56:25 -2384961.750000        1.607434
FIRE:  492 03:56:25 -2384961.750000        1.251312
FIRE:  493 03:56:25 -2384961.750000        0.613498
FIRE:  494 03:56:25 -2384961.750000        0.188123
FIRE:  495 03:56:25 -2384961.750000        0.188110
FIRE:  496 03:56:25 -2384961.750000        0.188079
FIRE:  497 03:56:26 -2384961.750000        0.188031
FIRE:  498 03:56:26 -2384961.750000        0.187968
FIRE:  499 03:56:26 -2384961.750000        0.187892
FIRE:  500 03:56:26 -2384961.750000        0.187797
FIRE:  501 03:56:26 -2384961.750000        0.187678
FIRE:  502 03:56:26 -2384961.750000        0.187524
FIRE:  503 03:56:26 -2384963.750000        0.187335
FIRE:  504 03:56:26 -2384963.750000        0.187095
FIRE:  505 03:56:26 -2384963.750000        0.186788
FIRE:  506 03:56:26 -2384963.750000        0.186399
FIRE:  507 03:56:26 -2384963.750000        0.185934
FIRE:  508 03:56:26 -2384963.750000        0.185410
FIRE:  509 03:56:26 -2384963.750000        0.184813
FIRE:  510 03:56:26 -2384963.750000        0.184144
FIRE:  511 03:56:26 -2384963.750000        0.183360
FIRE:  512 03:56:27 -2384963.750000        0.182422
FIRE:  513 03:56:27 -2384963.750000        0.181226
FIRE:  514 03:56:27 -2384963.750000        0.179692
FIRE:  515 03:56:27 -2384964.000000        0.177718
FIRE:  516 03:56:27 -2384962.000000        0.263952
FIRE:  517 03:56:27 -2384962.000000        0.171782
FIRE:  518 03:56:27 -2384962.000000        0.168309
FIRE:  519 03:56:27 -2384962.000000        0.165290
FIRE:  520 03:56:27 -2384964.000000        0.172288
FIRE:  521 03:56:27 -2384964.000000        0.359394
FIRE:  522 03:56:27 -2384962.250000        0.915182
FIRE:  523 03:56:27 -2384962.250000        2.271348
FIRE:  524 03:56:27 -2384962.250000        0.140574
FIRE:  525 03:56:27 -2384962.250000        1.855295
FIRE:  526 03:56:27 -2384964.250000        1.442904
FIRE:  527 03:56:28 -2384964.250000        0.700776
FIRE:  528 03:56:28 -2384964.250000        0.247652
FIRE:  529 03:56:28 -2384964.250000        0.233603
FIRE:  530 03:56:28 -2384964.250000        0.206286
FIRE:  531 03:56:28 -2384964.250000        0.167765
FIRE:  532 03:56:28 -2384964.250000        0.137964
FIRE:  533 03:56:28 -2384964.250000        0.137899
FIRE:  534 03:56:28 -2384964.250000        0.137812
FIRE:  535 03:56:28 -2384964.250000        0.137700
FIRE:  536 03:56:28 -2384964.250000        0.137569
FIRE:  537 03:56:28 -2384962.250000        0.137370
FIRE:  538 03:56:28 -2384964.250000        0.137118
FIRE:  539 03:56:28 -2384964.250000        0.136818
FIRE:  540 03:56:28 -2384962.250000        0.136445
FIRE:  541 03:56:29 -2384962.000000        0.135977
FIRE:  542 03:56:29 -2384962.250000        0.135473
FIRE:  543 03:56:29 -2384962.250000        0.134904
FIRE:  544 03:56:29 -2384962.250000        0.134304
FIRE:  545 03:56:29 -2384962.250000        0.238155
FIRE:  546 03:56:29 -2384962.250000        0.133026
FIRE:  547 03:56:29 -2384962.250000        0.132312
FIRE:  548 03:56:29 -2384962.250000        0.131507
FIRE:  549 03:56:29 -2384962.250000        0.130677
FIRE:  550 03:56:29 -2384962.250000        0.129745
FIRE:  551 03:56:29 -2384962.250000        0.128205
FIRE:  552 03:56:29 -2384962.250000        0.336902
FIRE:  553 03:56:29 -2384962.250000        0.196728
FIRE:  554 03:56:29 -2384962.250000        0.187396
FIRE:  555 03:56:29 -2384962.500000        0.205952
FIRE:  556 03:56:30 -2384962.500000        0.658056
FIRE:  557 03:56:30 -2384962.500000        1.364816
FIRE:  558 03:56:30 -2384962.250000        0.251468
FIRE:  559 03:56:30 -2384962.500000        1.291905
FIRE:  560 03:56:30 -2384962.500000        0.961811
FIRE:  561 03:56:30 -2384962.500000        0.403403
FIRE:  562 03:56:30 -2384962.500000        0.244342
FIRE:  563 03:56:30 -2384962.500000        0.234301
FIRE:  564 03:56:30 -2384962.500000        0.214872
FIRE:  565 03:56:30 -2384962.500000        0.187417
FIRE:  566 03:56:30 -2384962.500000        0.154355
FIRE:  567 03:56:30 -2384962.500000        0.119887
FIRE:  568 03:56:30 -2384962.500000        0.092138
FIRE:  569 03:56:30 -2384962.500000        0.091950
FIRE:  570 03:56:30 -2384962.500000        0.112517
FIRE:  571 03:56:31 -2384962.500000        0.140649
FIRE:  572 03:56:31 -2384962.500000        0.145930
FIRE:  573 03:56:31 -2384962.500000        0.121561
FIRE:  574 03:56:31 -2384962.500000        0.090546
FIRE:  575 03:56:31 -2384962.500000        0.090137
FIRE:  576 03:56:31 -2384962.500000        0.089650
FIRE:  577 03:56:31 -2384962.500000        0.118224
FIRE:  578 03:56:31 -2384962.500000        0.254030
FIRE:  579 03:56:31 -2384962.500000        0.087512
FIRE:  580 03:56:31 -2384962.500000        0.086593
FIRE:  581 03:56:31 -2384962.500000        0.085628
FIRE:  582 03:56:31 -2384962.500000        0.084642
FIRE:  583 03:56:31 -2384962.500000        0.083528
FIRE:  584 03:56:31 -2384962.500000        0.082130
FIRE:  585 03:56:32 -2384962.500000        0.323655
FIRE:  586 03:56:32 -2384962.500000        0.148111
FIRE:  587 03:56:32 -2384962.500000        0.106589
FIRE:  588 03:56:32 -2384962.500000        0.087831
FIRE:  589 03:56:32 -2384962.500000        0.129772
FIRE:  590 03:56:32 -2384962.500000        0.341042
FIRE:  591 03:56:32 -2384962.500000        0.997204
FIRE:  592 03:56:32 -2384962.500000        0.124310
FIRE:  593 03:56:32 -2384962.500000        0.942473
FIRE:  594 03:56:32 -2384962.500000        0.692751
FIRE:  595 03:56:32 -2384962.500000        0.269604
FIRE:  596 03:56:32 -2384962.500000        0.199217
FIRE:  597 03:56:32 -2384962.500000        0.186436
FIRE:  598 03:56:32 -2384962.500000        0.161625
FIRE:  599 03:56:32 -2384962.500000        0.129896
FIRE:  600 03:56:33 -2384962.500000        0.095400
FIRE:  601 03:56:33 -2384962.500000        0.059586
FIRE:  602 03:56:33 -2384962.500000        0.059498
FIRE:  603 03:56:33 -2384962.750000        0.059413
FIRE:  604 03:56:33 -2384962.750000        0.091570
FIRE:  605 03:56:33 -2384962.750000        0.112992
FIRE:  606 03:56:33 -2384962.500000        0.114307
FIRE:  607 03:56:33 -2384962.750000        0.090651
FIRE:  608 03:56:33 -2384962.750000        0.058735
FIRE:  609 03:56:33 -2384962.750000        0.058554
FIRE:  610 03:56:33 -2384962.750000        0.077785
FIRE:  611 03:56:33 -2384962.750000        0.096737
FIRE:  612 03:56:33 -2384962.750000        0.063708
FIRE:  613 03:56:33 -2384962.750000        0.057228
FIRE:  614 03:56:33 -2384962.750000        0.070393
FIRE:  615 03:56:34 -2384962.750000        0.056233
FIRE:  616 03:56:34 -2384962.750000        0.055695
FIRE:  617 03:56:34 -2384962.750000        0.061247
FIRE:  618 03:56:34 -2384964.750000        0.054159
FIRE:  619 03:56:34 -2384964.750000        0.053122
FIRE:  620 03:56:34 -2384964.750000        0.084604
FIRE:  621 03:56:34 -2384964.750000        0.083476
FIRE:  622 03:56:34 -2384964.750000        0.101932
FIRE:  623 03:56:34 -2384964.750000        0.224643
FIRE:  624 03:56:34 -2384962.750000        0.636788
FIRE:  625 03:56:34 -2384964.750000        1.791535
FIRE:  626 03:56:34 -2384962.750000        0.119106
FIRE:  627 03:56:34 -2384964.750000        0.091569
FIRE:  628 03:56:34 -2384964.750000        0.048901
