      Step     Time          Energy          fmax
FIRE:    0 03:51:02  -958592.062500        6.961050
FIRE:    1 03:51:03  -958594.375000        4.591599
FIRE:    2 03:51:05  -958596.062500        3.497308
FIRE:    3 03:51:05  -958597.375000        2.160653
FIRE:    4 03:51:05  -958597.875000        2.114058
FIRE:    5 03:51:05  -958598.687500        2.101859
FIRE:    6 03:51:05  -958600.000000        2.097014
FIRE:    7 03:51:05  -958600.875000        2.104724
FIRE:    8 03:51:05  -958601.500000        2.140341
FIRE:    9 03:51:05  -958602.187500        2.008833
FIRE:   10 03:51:06  -958602.812500        1.742682
FIRE:   11 03:51:06  -958602.875000        1.214393
FIRE:   12 03:51:06  -958603.375000        1.404685
FIRE:   13 03:51:06  -958604.125000        1.186965
FIRE:   14 03:51:06  -958604.625000        1.437868
FIRE:   15 03:51:07  -958605.125000        1.930604
FIRE:   16 03:51:07  -958605.125000        1.464068
FIRE:   17 03:51:07  -958605.625000        1.207923
FIRE:   18 03:51:07  -958606.250000        1.211763
FIRE:   19 03:51:07  -958606.312500        1.098862
FIRE:   20 03:51:07  -958606.625000        1.376828
FIRE:   21 03:51:09  -958607.375000        1.039932
FIRE:   22 03:51:09  -958607.687500        1.026995
FIRE:   23 03:51:09  -958607.937500        0.909991
FIRE:   24 03:51:09  -958608.312500        0.721609
FIRE:   25 03:51:09  -958608.625000        0.919546
FIRE:   26 03:51:09  -958608.500000        0.693267
FIRE:   27 03:51:09  -958608.687500        0.738262
FIRE:   28 03:51:10  -958609.312500        0.749248
FIRE:   29 03:51:10  -958609.562500        0.794529
FIRE:   30 03:51:10  -958609.937500        0.769774
FIRE:   31 03:51:10  -958610.062500        0.792448
FIRE:   32 03:51:10  -958610.250000        0.573369
FIRE:   33 03:51:10  -958610.500000        0.528588
FIRE:   34 03:51:10  -958610.687500        0.721105
FIRE:   35 03:51:10  -958610.875000        0.564139
FIRE:   36 03:51:10  -958610.625000        0.359538
FIRE:   37 03:51:10  -958611.125000        0.458273
FIRE:   38 03:51:10  -958611.312500        0.514089
FIRE:   39 03:51:10  -958611.500000        0.401880
FIRE:   40 03:51:10  -958611.312500        0.428224
FIRE:   41 03:51:10  -958611.312500        0.483906
FIRE:   42 03:51:10  -958611.750000        0.569522
FIRE:   43 03:51:11  -958611.937500        0.291107
FIRE:   44 03:51:11  -958612.062500        0.297566
FIRE:   45 03:51:11  -958612.250000        0.561501
FIRE:   46 03:51:11  -958612.312500        0.315436
FIRE:   47 03:51:11  -958612.125000        0.302978
FIRE:   48 03:51:11  -958612.250000        0.278316
FIRE:   49 03:51:11  -958612.250000        0.369119
FIRE:   50 03:51:11  -958612.375000        0.293064
FIRE:   51 03:51:11  -958612.562500        0.311344
FIRE:   52 03:51:11  -958612.562500        0.320979
FIRE:   53 03:51:11  -958612.750000        0.345534
FIRE:   54 03:51:11  -958612.812500        0.279381
FIRE:   55 03:51:11  -958613.375000        0.235622
FIRE:   56 03:51:11  -958613.562500        0.354840
FIRE:   57 03:51:11  -958613.625000        0.243809
FIRE:   58 03:51:12  -958613.375000        0.287167
FIRE:   59 03:51:12  -958613.312500        0.339929
FIRE:   60 03:51:12  -958613.437500        0.337821
FIRE:   61 03:51:12  -958614.062500        0.292020
FIRE:   62 03:51:12  -958614.187500        0.312583
FIRE:   63 03:51:12  -958614.187500        0.310474
FIRE:   64 03:51:12  -958614.312500        0.285990
FIRE:   65 03:51:12  -958614.500000        0.405873
FIRE:   66 03:51:12  -958614.562500        0.486395
FIRE:   67 03:51:12  -958614.687500        0.468026
FIRE:   68 03:51:12  -958614.812500        0.438133
FIRE:   69 03:51:12  -958614.937500        0.462017
FIRE:   70 03:51:12  -958615.062500        0.545213
FIRE:   71 03:51:12  -958615.187500        0.655809
FIRE:   72 03:51:13  -958615.312500        0.806544
FIRE:   73 03:51:13  -958615.562500        0.940986
FIRE:   74 03:51:13  -958615.687500        1.055371
FIRE:   75 03:51:13  -958615.625000        1.196872
FIRE:   76 03:51:13  -958615.937500        1.225343
FIRE:   77 03:51:13  -958616.125000        0.857966
FIRE:   78 03:51:13  -958616.625000        0.681288
FIRE:   79 03:51:13  -958616.687500        1.313483
FIRE:   80 03:51:13  -958616.437500        4.187179
FIRE:   81 03:51:13  -958615.750000       14.156850
FIRE:   82 03:51:13  -958616.437500        5.493343
FIRE:   83 03:51:13  -958616.625000        4.177052
FIRE:   84 03:51:13  -958616.812500        1.256627
FIRE:   85 03:51:13  -958616.750000        4.856423
FIRE:   86 03:51:13  -958616.750000        4.040150
FIRE:   87 03:51:14  -958616.812500        2.642330
FIRE:   88 03:51:14  -958616.875000        1.031988
FIRE:   89 03:51:14  -958616.875000        0.731665
FIRE:   90 03:51:14  -958616.875000        0.707089
FIRE:   91 03:51:14  -958616.875000        0.658642
FIRE:   92 03:51:14  -958616.875000        0.588397
FIRE:   93 03:51:14  -958616.875000        0.499137
FIRE:   94 03:51:14  -958616.875000        0.395334
FIRE:   95 03:51:14  -958616.875000        0.318131
FIRE:   96 03:51:14  -958616.875000        0.250648
FIRE:   97 03:51:14  -958616.875000        0.254495
FIRE:   98 03:51:14  -958616.875000        0.271637
FIRE:   99 03:51:14  -958616.875000        0.294814
FIRE:  100 03:51:14  -958616.875000        0.366838
FIRE:  101 03:51:15  -958616.875000        0.405205
FIRE:  102 03:51:15  -958616.875000        0.379044
FIRE:  103 03:51:15  -958616.875000        0.279759
FIRE:  104 03:51:15  -958616.875000        0.240746
FIRE:  105 03:51:15  -958616.875000        0.259852
FIRE:  106 03:51:15  -958616.875000        0.309277
FIRE:  107 03:51:15  -958616.937500        0.330079
FIRE:  108 03:51:15  -958616.937500        0.293356
FIRE:  109 03:51:15  -958616.937500        0.243270
FIRE:  110 03:51:15  -958616.937500        0.268713
FIRE:  111 03:51:15  -958616.937500        0.234922
FIRE:  112 03:51:15  -958617.000000        0.219998
FIRE:  113 03:51:15  -958617.000000        0.227413
FIRE:  114 03:51:15  -958617.000000        0.188214
FIRE:  115 03:51:15  -958617.062500        0.233072
FIRE:  116 03:51:16  -958617.062500        0.252533
FIRE:  117 03:51:16  -958617.125000        0.144838
FIRE:  118 03:51:16  -958617.187500        0.319589
FIRE:  119 03:51:16  -958617.000000        0.891846
FIRE:  120 03:51:16  -958617.187500        2.221306
FIRE:  121 03:51:16  -958617.062500        0.224090
FIRE:  122 03:51:16  -958617.062500        2.095945
FIRE:  123 03:51:16  -958617.062500        1.559873
FIRE:  124 03:51:16  -958617.187500        0.655375
FIRE:  125 03:51:16  -958617.125000        0.357530
FIRE:  126 03:51:16  -958617.125000        0.336263
FIRE:  127 03:51:16  -958617.125000        0.294827
FIRE:  128 03:51:16  -958617.187500        0.236009
FIRE:  129 03:51:16  -958617.187500        0.163652
FIRE:  130 03:51:16  -958617.000000        0.109589
FIRE:  131 03:51:16  -958617.125000        0.109178
FIRE:  132 03:51:16  -958617.125000        0.108734
FIRE:  133 03:51:17  -958617.125000        0.139233
FIRE:  134 03:51:17  -958617.125000        0.185266
FIRE:  135 03:51:17  -958617.062500        0.200007
FIRE:  136 03:51:17  -958617.187500        0.174007
FIRE:  137 03:51:17  -958617.187500        0.105148
FIRE:  138 03:51:17  -958617.250000        0.103212
FIRE:  139 03:51:17  -958617.250000        0.101610
FIRE:  140 03:51:17  -958617.187500        0.143958
FIRE:  141 03:51:17  -958617.250000        0.108703
FIRE:  142 03:51:17  -958617.250000        0.096760
FIRE:  143 03:51:17  -958617.187500        0.124857
FIRE:  144 03:51:17  -958617.250000        0.123499
FIRE:  145 03:51:17  -958617.312500        0.094816
FIRE:  146 03:51:17  -958617.250000        0.117031
FIRE:  147 03:51:17  -958617.250000        0.096798
FIRE:  148 03:51:17  -958617.375000        0.138298
FIRE:  149 03:51:17  -958617.125000        0.102073
FIRE:  150 03:51:17  -958617.062500        0.104177
FIRE:  151 03:51:18  -958617.062500        0.140261
FIRE:  152 03:51:18  -958617.062500        0.308654
FIRE:  153 03:51:18  -958617.625000        0.895484
FIRE:  154 03:51:18  -958617.500000        2.241964
FIRE:  155 03:51:18  -958617.500000        0.151402
FIRE:  156 03:51:18  -958617.500000        2.195238
FIRE:  157 03:51:18  -958617.500000        1.613047
FIRE:  158 03:51:18  -958617.562500        0.638637
FIRE:  159 03:51:18  -958617.562500        0.440485
FIRE:  160 03:51:18  -958617.500000        0.413044
FIRE:  161 03:51:18  -958617.562500        0.359798
FIRE:  162 03:51:18  -958617.562500        0.284174
FIRE:  163 03:51:18  -958617.562500        0.191100
FIRE:  164 03:51:18  -958617.687500        0.100717
FIRE:  165 03:51:18  -958617.500000        0.100628
FIRE:  166 03:51:18  -958617.437500        0.111787
FIRE:  167 03:51:18  -958617.562500        0.191911
FIRE:  168 03:51:19  -958617.562500        0.244706
FIRE:  169 03:51:19  -958617.562500        0.256169
FIRE:  170 03:51:19  -958617.500000        0.216029
FIRE:  171 03:51:19  -958617.500000        0.123002
FIRE:  172 03:51:19  -958617.562500        0.099419
FIRE:  173 03:51:19  -958617.562500        0.126131
FIRE:  174 03:51:19  -958617.562500        0.178438
FIRE:  175 03:51:19  -958617.500000        0.122869
FIRE:  176 03:51:19  -958617.562500        0.096615
FIRE:  177 03:51:19  -958617.562500        0.167727
FIRE:  178 03:51:19  -958617.687500        0.146274
FIRE:  179 03:51:19  -958617.562500        0.092557
FIRE:  180 03:51:19  -958617.562500        0.144177
FIRE:  181 03:51:19  -958617.562500        0.089222
FIRE:  182 03:51:19  -958617.625000        0.162301
FIRE:  183 03:51:19  -958617.625000        0.115264
FIRE:  184 03:51:19  -958617.625000        0.086012
FIRE:  185 03:51:20  -958617.687500        0.125892
FIRE:  186 03:51:20  -958617.687500        0.312216
FIRE:  187 03:51:20  -958617.750000        0.935919
FIRE:  188 03:51:20  -958617.875000        2.413651
FIRE:  189 03:51:20  -958617.812500        0.108532
FIRE:  190 03:51:20  -958617.687500        2.413612
FIRE:  191 03:51:20  -958617.625000        1.744478
FIRE:  192 03:51:20  -958617.750000        0.636847
FIRE:  193 03:51:20  -958617.812500        0.569499
FIRE:  194 03:51:20  -958617.687500        0.533292
FIRE:  195 03:51:20  -958617.687500        0.463016
FIRE:  196 03:51:20  -958617.812500        0.363029
FIRE:  197 03:51:20  -958617.937500        0.240053
FIRE:  198 03:51:20  -958617.812500        0.107680
FIRE:  199 03:51:20  -958617.812500        0.074186
FIRE:  200 03:51:20  -958617.937500        0.156494
FIRE:  201 03:51:21  -958617.937500        0.256814
FIRE:  202 03:51:21  -958617.812500        0.318357
FIRE:  203 03:51:21  -958617.812500        0.324984
FIRE:  204 03:51:21  -958617.812500        0.264884
FIRE:  205 03:51:21  -958617.812500        0.138209
FIRE:  206 03:51:21  -958617.687500        0.073251
FIRE:  207 03:51:21  -958617.812500        0.181527
FIRE:  208 03:51:21  -958617.812500        0.237312
FIRE:  209 03:51:21  -958617.812500        0.153908
FIRE:  210 03:51:21  -958617.812500        0.072059
FIRE:  211 03:51:21  -958617.750000        0.216801
FIRE:  212 03:51:21  -958617.812500        0.171341
FIRE:  213 03:51:21  -958617.812500        0.079294
FIRE:  214 03:51:21  -958617.812500        0.186025
FIRE:  215 03:51:21  -958617.812500        0.070101
FIRE:  216 03:51:21  -958617.875000        0.188575
FIRE:  217 03:51:21  -958617.812500        0.171264
FIRE:  218 03:51:22  -958617.875000        0.068030
FIRE:  219 03:51:22  -958617.937500        0.091306
FIRE:  220 03:51:22  -958617.937500        0.282056
FIRE:  221 03:51:22  -958617.750000        0.928191
FIRE:  222 03:51:22  -958617.875000        2.543099
FIRE:  223 03:51:22  -958617.875000        0.067258
FIRE:  224 03:51:22  -958617.937500        2.553504
FIRE:  225 03:51:22  -958617.937500        1.816144
FIRE:  226 03:51:22  -958617.937500        0.607257
FIRE:  227 03:51:22  -958617.750000        0.690413
FIRE:  228 03:51:22  -958617.937500        0.645500
FIRE:  229 03:51:22  -958617.937500        0.558295
FIRE:  230 03:51:22  -958617.875000        0.434186
FIRE:  231 03:51:22  -958617.937500        0.281515
FIRE:  232 03:51:22  -958618.000000        0.112209
FIRE:  233 03:51:22  -958617.937500        0.062885
FIRE:  234 03:51:23  -958618.000000        0.205812
FIRE:  235 03:51:23  -958617.937500        0.322679
FIRE:  236 03:51:23  -958618.000000        0.389625
FIRE:  237 03:51:23  -958618.000000        0.388774
FIRE:  238 03:51:23  -958617.937500        0.307910
FIRE:  239 03:51:23  -958617.937500        0.148306
FIRE:  240 03:51:23  -958618.000000        0.063171
FIRE:  241 03:51:23  -958617.937500        0.235890
FIRE:  242 03:51:23  -958618.000000        0.292693
FIRE:  243 03:51:23  -958617.937500        0.183324
FIRE:  244 03:51:23  -958617.937500        0.067772
FIRE:  245 03:51:23  -958617.937500        0.260739
FIRE:  246 03:51:23  -958618.000000        0.196367
FIRE:  247 03:51:23  -958618.000000        0.109420
FIRE:  248 03:51:23  -958618.062500        0.225133
FIRE:  249 03:51:23  -958618.062500        0.084177
FIRE:  250 03:51:23  -958618.062500        0.213309
FIRE:  251 03:51:23  -958618.062500        0.211548
FIRE:  252 03:51:24  -958618.125000        0.071476
FIRE:  253 03:51:24  -958618.125000        0.093310
FIRE:  254 03:51:24  -958618.000000        0.315013
FIRE:  255 03:51:24  -958618.062500        1.015310
FIRE:  256 03:51:24  -958618.000000        2.800737
FIRE:  257 03:51:24  -958618.062500        0.141968
FIRE:  258 03:51:24  -958618.125000        0.110374
FIRE:  259 03:51:24  -958618.000000        0.081259
FIRE:  260 03:51:24  -958617.750000        0.081462
FIRE:  261 03:51:24  -958618.000000        0.081732
FIRE:  262 03:51:24  -958618.125000        0.082069
FIRE:  263 03:51:24  -958618.125000        0.082462
FIRE:  264 03:51:24  -958618.062500        0.082921
FIRE:  265 03:51:24  -958618.062500        0.083496
FIRE:  266 03:51:24  -958618.187500        0.084231
FIRE:  267 03:51:25  -958618.000000        0.085153
FIRE:  268 03:51:25  -958618.062500        0.086310
FIRE:  269 03:51:25  -958618.125000        0.087757
FIRE:  270 03:51:25  -958618.187500        0.089549
FIRE:  271 03:51:25  -958618.125000        0.091769
FIRE:  272 03:51:25  -958618.187500        0.094568
FIRE:  273 03:51:25  -958618.125000        0.098142
FIRE:  274 03:51:25  -958618.250000        0.102687
FIRE:  275 03:51:25  -958618.187500        0.108204
FIRE:  276 03:51:25  -958618.250000        0.148538
FIRE:  277 03:51:25  -958618.187500        0.403630
FIRE:  278 03:51:25  -958618.250000        1.418101
FIRE:  279 03:51:25  -958618.250000        4.268263
FIRE:  280 03:51:25  -958618.375000        0.517747
FIRE:  281 03:51:26  -958618.375000        0.378325
FIRE:  282 03:51:26  -958618.437500        0.149467
FIRE:  283 03:51:26  -958618.375000        0.149876
FIRE:  284 03:51:26  -958618.375000        0.306462
FIRE:  285 03:51:26  -958618.375000        0.342100
FIRE:  286 03:51:26  -958618.375000        0.241427
FIRE:  287 03:51:26  -958618.375000        0.152534
FIRE:  288 03:51:26  -958618.375000        0.201611
FIRE:  289 03:51:26  -958618.375000        0.284399
FIRE:  290 03:51:26  -958618.437500        0.186831
FIRE:  291 03:51:26  -958618.375000        0.158316
FIRE:  292 03:51:26  -958618.437500        0.217115
FIRE:  293 03:51:26  -958618.375000        0.164003
FIRE:  294 03:51:26  -958618.437500        0.233046
FIRE:  295 03:51:26  -958618.437500        0.172610
FIRE:  296 03:51:27  -958618.437500        0.178928
FIRE:  297 03:51:27  -958618.437500        0.313103
FIRE:  298 03:51:27  -958618.500000        0.305391
FIRE:  299 03:51:27  -958618.437500        0.456597
FIRE:  300 03:51:27  -958618.562500        1.057814
FIRE:  301 03:51:27  -958618.562500        3.099529
FIRE:  302 03:51:27  -958618.625000        0.413885
FIRE:  303 03:51:27  -958618.687500        0.307650
FIRE:  304 03:51:27  -958618.625000        0.270699
FIRE:  305 03:51:27  -958618.625000        0.271162
FIRE:  306 03:51:27  -958618.687500        0.272056
FIRE:  307 03:51:27  -958618.625000        0.301311
FIRE:  308 03:51:27  -958618.625000        0.275496
FIRE:  309 03:51:27  -958618.625000        0.278113
FIRE:  310 03:51:28  -958618.625000        0.281681
FIRE:  311 03:51:28  -958618.687500        0.285800
FIRE:  312 03:51:28  -958618.625000        0.290175
FIRE:  313 03:51:28  -958618.687500        0.294230
FIRE:  314 03:51:28  -958618.750000        0.297101
FIRE:  315 03:51:28  -958618.687500        0.298157
FIRE:  316 03:51:28  -958618.625000        0.297331
FIRE:  317 03:51:28  -958618.750000        0.294847
FIRE:  318 03:51:28  -958618.687500        0.291411
FIRE:  319 03:51:28  -958618.875000        0.295869
FIRE:  320 03:51:28  -958618.812500        0.308553
FIRE:  321 03:51:28  -958618.875000        0.306076
FIRE:  322 03:51:28  -958619.062500        0.298404
FIRE:  323 03:51:28  -958619.062500        0.322899
FIRE:  324 03:51:29  -958619.062500        1.144975
FIRE:  325 03:51:29  -958619.125000        4.462422
FIRE:  326 03:51:29  -958619.250000        1.064226
FIRE:  327 03:51:29  -958619.250000        0.701387
FIRE:  328 03:51:29  -958619.250000        0.270394
FIRE:  329 03:51:29  -958619.250000        0.468494
FIRE:  330 03:51:29  -958619.250000        0.428040
FIRE:  331 03:51:29  -958619.250000        0.350588
FIRE:  332 03:51:29  -958619.312500        0.248241
FIRE:  333 03:51:29  -958619.312500        0.243977
FIRE:  334 03:51:29  -958619.312500        0.238621
FIRE:  335 03:51:29  -958619.312500        0.232228
FIRE:  336 03:51:29  -958619.250000        0.224908
FIRE:  337 03:51:29  -958619.312500        0.264505
FIRE:  338 03:51:30  -958619.250000        0.253940
FIRE:  339 03:51:30  -958619.250000        0.192034
FIRE:  340 03:51:30  -958619.187500        0.176678
FIRE:  341 03:51:30  -958619.187500        0.158742
FIRE:  342 03:51:30  -958619.312500        0.201258
FIRE:  343 03:51:30  -958619.250000        0.184838
FIRE:  344 03:51:30  -958619.312500        0.146421
FIRE:  345 03:51:30  -958619.375000        0.152162
FIRE:  346 03:51:30  -958619.312500        0.168597
FIRE:  347 03:51:30  -958619.312500        0.161646
FIRE:  348 03:51:30  -958619.250000        0.171477
FIRE:  349 03:51:30  -958618.937500        0.164147
FIRE:  350 03:51:30  -958619.437500        0.182763
FIRE:  351 03:51:30  -958619.375000        0.155093
FIRE:  352 03:51:31  -958619.000000        0.146546
FIRE:  353 03:51:31  -958619.500000        0.145104
FIRE:  354 03:51:31  -958619.062500        0.380875
FIRE:  355 03:51:31  -958619.125000        1.086944
FIRE:  356 03:51:31  -958619.125000        2.795227
FIRE:  357 03:51:31  -958619.187500        0.154865
FIRE:  358 03:51:31  -958619.125000        2.737587
FIRE:  359 03:51:31  -958619.125000        1.993831
FIRE:  360 03:51:31  -958619.187500        0.759750
FIRE:  361 03:51:31  -958619.187500        0.609720
FIRE:  362 03:51:31  -958619.187500        0.571764
FIRE:  363 03:51:31  -958619.187500        0.498249
FIRE:  364 03:51:31  -958619.187500        0.393621
FIRE:  365 03:51:31  -958619.187500        0.265115
FIRE:  366 03:51:32  -958619.187500        0.123650
FIRE:  367 03:51:32  -958619.187500        0.097957
FIRE:  368 03:51:32  -958619.187500        0.156680
FIRE:  369 03:51:32  -958619.187500        0.263176
FIRE:  370 03:51:32  -958619.187500        0.330600
FIRE:  371 03:51:32  -958619.187500        0.340608
FIRE:  372 03:51:32  -958619.187500        0.280362
FIRE:  373 03:51:32  -958619.250000        0.149207
FIRE:  374 03:51:32  -958619.187500        0.098224
FIRE:  375 03:51:32  -958619.187500        0.191728
FIRE:  376 03:51:32  -958619.187500        0.255965
FIRE:  377 03:51:32  -958619.187500        0.175802
FIRE:  378 03:51:32  -958619.187500        0.100391
FIRE:  379 03:51:32  -958619.187500        0.224851
FIRE:  380 03:51:32  -958619.187500        0.184513
FIRE:  381 03:51:33  -958619.187500        0.103164
FIRE:  382 03:51:33  -958619.250000        0.198887
FIRE:  383 03:51:33  -958619.562500        0.102195
FIRE:  384 03:51:33  -958619.687500        0.206524
FIRE:  385 03:51:33  -958619.687500        0.168155
FIRE:  386 03:51:33  -958619.750000        0.096242
FIRE:  387 03:51:33  -958619.687500        0.128797
FIRE:  388 03:51:33  -958619.687500        0.347407
FIRE:  389 03:51:33  -958619.750000        1.067600
FIRE:  390 03:51:33  -958619.812500        2.788227
FIRE:  391 03:51:33  -958619.750000        0.108938
FIRE:  392 03:51:33  -958619.812500        2.768308
FIRE:  393 03:51:33  -958619.812500        1.986361
FIRE:  394 03:51:33  -958619.875000        0.699210
FIRE:  395 03:51:34  -958619.812500        0.706850
FIRE:  396 03:51:34  -958619.875000        0.661438
FIRE:  397 03:51:34  -958619.812500        0.573259
FIRE:  398 03:51:34  -958619.937500        0.447894
FIRE:  399 03:51:34  -958619.875000        0.293695
FIRE:  400 03:51:34  -958619.750000        0.123256
FIRE:  401 03:51:34  -958619.875000        0.087124
FIRE:  402 03:51:34  -958619.812500        0.204829
FIRE:  403 03:51:34  -958619.750000        0.325677
FIRE:  404 03:51:34  -958619.875000        0.396912
FIRE:  405 03:51:34  -958619.812500        0.399955
FIRE:  406 03:51:34  -958619.812500        0.321823
FIRE:  407 03:51:34  -958619.812500        0.162623
FIRE:  408 03:51:34  -958619.875000        0.086266
FIRE:  409 03:51:35  -958619.812500        0.232756
FIRE:  410 03:51:35  -958619.875000        0.299203
FIRE:  411 03:51:35  -958619.812500        0.197783
FIRE:  412 03:51:35  -958619.812500        0.088417
FIRE:  413 03:51:35  -958619.812500        0.261950
FIRE:  414 03:51:35  -958619.875000        0.211839
FIRE:  415 03:51:35  -958619.812500        0.095552
FIRE:  416 03:51:35  -958619.937500        0.234255
FIRE:  417 03:51:35  -958619.937500        0.091947
FIRE:  418 03:51:35  -958620.000000        0.230418
FIRE:  419 03:51:35  -958619.937500        0.195969
FIRE:  420 03:51:35  -958619.937500        0.090725
FIRE:  421 03:51:35  -958620.062500        0.152923
FIRE:  422 03:51:35  -958620.062500        0.448246
FIRE:  423 03:51:36  -958620.000000        1.216440
FIRE:  424 03:51:36  -958620.000000        3.110640
FIRE:  425 03:51:36  -958620.000000        0.156115
FIRE:  426 03:51:36  -958620.062500        0.127821
FIRE:  427 03:51:36  -958620.125000        0.084943
FIRE:  428 03:51:36  -958620.062500        0.085153
FIRE:  429 03:51:36  -958620.062500        0.085349
FIRE:  430 03:51:36  -958620.062500        0.099422
FIRE:  431 03:51:36  -958620.062500        0.093303
FIRE:  432 03:51:36  -958620.000000        0.085643
FIRE:  433 03:51:36  -958620.125000        0.085584
FIRE:  434 03:51:36  -958620.062500        0.085406
FIRE:  435 03:51:36  -958620.125000        0.085171
FIRE:  436 03:51:36  -958620.062500        0.085252
FIRE:  437 03:51:36  -958620.125000        0.086119
FIRE:  438 03:51:37  -958620.000000        0.087061
FIRE:  439 03:51:37  -958620.062500        0.087880
FIRE:  440 03:51:37  -958620.125000        0.088261
FIRE:  441 03:51:37  -958620.062500        0.088219
FIRE:  442 03:51:37  -958620.125000        0.087885
FIRE:  443 03:51:37  -958620.125000        0.087265
FIRE:  444 03:51:37  -958620.187500        0.094453
FIRE:  445 03:51:37  -958620.250000        0.275421
FIRE:  446 03:51:37  -958620.187500        1.045599
FIRE:  447 03:51:37  -958620.125000        3.380004
FIRE:  448 03:51:37  -958620.250000        0.457207
FIRE:  449 03:51:37  -958620.187500        0.329506
FIRE:  450 03:51:37  -958620.312500        0.114226
FIRE:  451 03:51:37  -958620.187500        0.131265
FIRE:  452 03:51:38  -958620.312500        0.288521
FIRE:  453 03:51:38  -958620.187500        0.321293
FIRE:  454 03:51:38  -958620.250000        0.228988
FIRE:  455 03:51:38  -958620.250000        0.089171
FIRE:  456 03:51:38  -958620.250000        0.171097
FIRE:  457 03:51:38  -958620.250000        0.255419
FIRE:  458 03:51:38  -958620.312500        0.162993
FIRE:  459 03:51:38  -958620.312500        0.119069
FIRE:  460 03:51:38  -958620.250000        0.212965
FIRE:  461 03:51:38  -958620.000000        0.099291
FIRE:  462 03:51:38  -958619.937500        0.215129
FIRE:  463 03:51:38  -958620.125000        0.099281
FIRE:  464 03:51:38  -958620.375000        0.194300
FIRE:  465 03:51:38  -958620.375000        0.264823
FIRE:  466 03:51:39  -958620.375000        0.219270
FIRE:  467 03:51:39  -958620.375000        0.291880
FIRE:  468 03:51:39  -958620.437500        0.714246
FIRE:  469 03:51:39  -958620.187500        2.132757
FIRE:  470 03:51:39  -958620.000000        0.210794
FIRE:  471 03:51:39  -958620.062500        0.155383
FIRE:  472 03:51:39  -958620.437500        0.084903
FIRE:  473 03:51:39  -958620.437500        0.084935
FIRE:  474 03:51:39  -958620.437500        0.130894
FIRE:  475 03:51:39  -958620.437500        0.158376
FIRE:  476 03:51:39  -958620.437500        0.125904
FIRE:  477 03:51:39  -958620.437500        0.085158
FIRE:  478 03:51:39  -958620.437500        0.085228
FIRE:  479 03:51:39  -958620.437500        0.115721
FIRE:  480 03:51:40  -958620.437500        0.088628
FIRE:  481 03:51:40  -958620.437500        0.085376
FIRE:  482 03:51:40  -958620.500000        0.110448
FIRE:  483 03:51:40  -958620.187500        0.085127
FIRE:  484 03:51:40  -958620.500000        0.092925
FIRE:  485 03:51:40  -958620.500000        0.084092
FIRE:  486 03:51:40  -958620.500000        0.115459
FIRE:  487 03:51:40  -958620.500000        0.094991
FIRE:  488 03:51:40  -958620.500000        0.080969
FIRE:  489 03:51:40  -958620.562500        0.080138
FIRE:  490 03:51:40  -958620.562500        0.079769
FIRE:  491 03:51:40  -958620.562500        0.275775
FIRE:  492 03:51:40  -958620.625000        1.323927
FIRE:  493 03:51:40  -958620.500000        4.877506
FIRE:  494 03:51:40  -958620.625000        1.345209
FIRE:  495 03:51:41  -958620.625000        0.878181
FIRE:  496 03:51:41  -958620.625000        0.159361
FIRE:  497 03:51:41  -958620.625000        0.633655
FIRE:  498 03:51:41  -958620.625000        0.578383
FIRE:  499 03:51:41  -958620.625000        0.472458
FIRE:  500 03:51:41  -958620.625000        0.325163
FIRE:  501 03:51:41  -958620.625000        0.150185
FIRE:  502 03:51:41  -958620.625000        0.077377
FIRE:  503 03:51:41  -958620.625000        0.194353
FIRE:  504 03:51:41  -958620.625000        0.309474
FIRE:  505 03:51:41  -958620.625000        0.373126
FIRE:  506 03:51:41  -958620.625000        0.368069
FIRE:  507 03:51:41  -958620.625000        0.282860
FIRE:  508 03:51:41  -958620.625000        0.121241
FIRE:  509 03:51:41  -958620.625000        0.089513
FIRE:  510 03:51:42  -958620.625000        0.247455
FIRE:  511 03:51:42  -958620.625000        0.278173
FIRE:  512 03:51:42  -958620.625000        0.141123
FIRE:  513 03:51:42  -958620.687500        0.114385
FIRE:  514 03:51:42  -958620.687500        0.260042
FIRE:  515 03:51:42  -958620.687500        0.130955
FIRE:  516 03:51:42  -958620.687500        0.175567
FIRE:  517 03:51:42  -958620.687500        0.180738
FIRE:  518 03:51:42  -958620.750000        0.188324
FIRE:  519 03:51:42  -958620.687500        0.114945
FIRE:  520 03:51:42  -958620.687500        0.290740
FIRE:  521 03:51:42  -958620.687500        0.272945
FIRE:  522 03:51:42  -958620.750000        0.227634
FIRE:  523 03:51:42  -958620.750000        0.426296
FIRE:  524 03:51:43  -958620.375000        1.147323
FIRE:  525 03:51:43  -958620.750000        3.739302
FIRE:  526 03:51:43  -958620.812500        0.941266
FIRE:  527 03:51:43  -958620.812500        0.670394
FIRE:  528 03:51:43  -958620.812500        0.200598
FIRE:  529 03:51:43  -958620.812500        0.335825
FIRE:  530 03:51:43  -958620.812500        0.311063
FIRE:  531 03:51:43  -958620.812500        0.263502
FIRE:  532 03:51:43  -958620.812500        0.197160
FIRE:  533 03:51:43  -958620.812500        0.118283
FIRE:  534 03:51:43  -958620.812500        0.071309
FIRE:  535 03:51:43  -958620.812500        0.071266
FIRE:  536 03:51:43  -958620.812500        0.107999
FIRE:  537 03:51:43  -958620.812500        0.153193
FIRE:  538 03:51:44  -958620.812500        0.169964
FIRE:  539 03:51:44  -958620.812500        0.149757
FIRE:  540 03:51:44  -958620.812500        0.089856
FIRE:  541 03:51:44  -958620.812500        0.070814
FIRE:  542 03:51:44  -958620.812500        0.096969
FIRE:  543 03:51:44  -958620.812500        0.145010
FIRE:  544 03:51:44  -958620.812500        0.113710
FIRE:  545 03:51:44  -958620.812500        0.070137
FIRE:  546 03:51:44  -958620.812500        0.099674
FIRE:  547 03:51:44  -958620.812500        0.095000
FIRE:  548 03:51:44  -958620.812500        0.069259
FIRE:  549 03:51:44  -958620.812500        0.123320
FIRE:  550 03:51:44  -958620.812500        0.068269
FIRE:  551 03:51:44  -958620.812500        0.106407
FIRE:  552 03:51:44  -958620.812500        0.096531
FIRE:  553 03:51:45  -958620.875000        0.065500
FIRE:  554 03:51:45  -958620.875000        0.079175
FIRE:  555 03:51:45  -958620.875000        0.254152
FIRE:  556 03:51:45  -958620.875000        0.683100
FIRE:  557 03:51:45  -958620.875000        1.940728
FIRE:  558 03:51:45  -958620.937500        0.118498
FIRE:  559 03:51:45  -958620.937500        0.095086
FIRE:  560 03:51:45  -958620.937500        0.078003
FIRE:  561 03:51:45  -958620.937500        0.078069
FIRE:  562 03:51:45  -958620.937500        0.078202
FIRE:  563 03:51:45  -958620.937500        0.096189
FIRE:  564 03:51:45  -958620.937500        0.081080
FIRE:  565 03:51:45  -958620.937500        0.078971
FIRE:  566 03:51:45  -958620.937500        0.079379
FIRE:  567 03:51:46  -958620.937500        0.079867
FIRE:  568 03:51:46  -958620.937500        0.080424
FIRE:  569 03:51:46  -958620.937500        0.081035
FIRE:  570 03:51:46  -958620.937500        0.081760
FIRE:  571 03:51:46  -958620.937500        0.082686
FIRE:  572 03:51:46  -958620.937500        0.084030
FIRE:  573 03:51:46  -958620.937500        0.085725
FIRE:  574 03:51:46  -958620.937500        0.087760
FIRE:  575 03:51:46  -958620.937500        0.090214
FIRE:  576 03:51:46  -958621.000000        0.093163
FIRE:  577 03:51:46  -958621.000000        0.096818
FIRE:  578 03:51:46  -958621.000000        0.101334
FIRE:  579 03:51:46  -958621.062500        0.410954
FIRE:  580 03:51:46  -958621.062500        1.567183
FIRE:  581 03:51:46  -958621.062500        0.180978
FIRE:  582 03:51:47  -958621.062500        0.132824
FIRE:  583 03:51:47  -958621.062500        0.112709
FIRE:  584 03:51:47  -958621.062500        0.112848
FIRE:  585 03:51:47  -958621.062500        0.113025
FIRE:  586 03:51:47  -958621.062500        0.113231
FIRE:  587 03:51:47  -958621.062500        0.113456
FIRE:  588 03:51:47  -958621.062500        0.113709
FIRE:  589 03:51:47  -958621.062500        0.114031
FIRE:  590 03:51:47  -958621.062500        0.114457
FIRE:  591 03:51:47  -958621.062500        0.114998
FIRE:  592 03:51:47  -958621.062500        0.115678
FIRE:  593 03:51:47  -958621.062500        0.116508
FIRE:  594 03:51:47  -958621.062500        0.117552
FIRE:  595 03:51:47  -958621.062500        0.119002
FIRE:  596 03:51:48  -958621.125000        0.121023
FIRE:  597 03:51:48  -958621.125000        0.123613
FIRE:  598 03:51:48  -958621.125000        0.127029
FIRE:  599 03:51:48  -958620.875000        0.132587
FIRE:  600 03:51:48  -958621.187500        0.243688
FIRE:  601 03:51:48  -958621.187500        0.605514
FIRE:  602 03:51:48  -958621.187500        1.820747
FIRE:  603 03:51:48  -958621.187500        0.152500
FIRE:  604 03:51:48  -958621.187500        0.152538
FIRE:  605 03:51:48  -958621.187500        0.152621
FIRE:  606 03:51:48  -958621.187500        0.152760
FIRE:  607 03:51:48  -958621.187500        0.152956
FIRE:  608 03:51:48  -958621.187500        0.153218
FIRE:  609 03:51:48  -958621.187500        0.153545
FIRE:  610 03:51:48  -958621.187500        0.153925
FIRE:  611 03:51:49  -958621.250000        0.154384
FIRE:  612 03:51:49  -958621.250000        0.154915
FIRE:  613 03:51:49  -958621.250000        0.155488
FIRE:  614 03:51:49  -958621.250000        0.156119
FIRE:  615 03:51:49  -958621.250000        0.156839
FIRE:  616 03:51:49  -958621.250000        0.157769
FIRE:  617 03:51:49  -958621.250000        0.159011
FIRE:  618 03:51:49  -958621.250000        0.160538
FIRE:  619 03:51:49  -958621.250000        0.162269
FIRE:  620 03:51:49  -958621.312500        0.164367
FIRE:  621 03:51:49  -958621.312500        0.167264
FIRE:  622 03:51:49  -958621.312500        0.171742
FIRE:  623 03:51:49  -958621.375000        0.177960
FIRE:  624 03:51:49  -958621.375000        0.406124
FIRE:  625 03:51:50  -958621.437500        1.623909
FIRE:  626 03:51:50  -958621.312500        6.692662
FIRE:  627 03:51:50  -958621.437500        2.618541
FIRE:  628 03:51:50  -958621.500000        1.856603
FIRE:  629 03:51:50  -958621.500000        0.505501
FIRE:  630 03:51:50  -958621.500000        1.146695
FIRE:  631 03:51:50  -958621.500000        1.049005
FIRE:  632 03:51:50  -958621.500000        0.863197
FIRE:  633 03:51:50  -958621.500000        0.607410
FIRE:  634 03:51:50  -958621.500000        0.307423
FIRE:  635 03:51:50  -958621.500000        0.194047
FIRE:  636 03:51:50  -958621.500000        0.281502
FIRE:  637 03:51:50  -958621.500000        0.480013
FIRE:  638 03:51:50  -958621.500000        0.598303
FIRE:  639 03:51:50  -958621.500000        0.610411
FIRE:  640 03:51:51  -958621.500000        0.496727
FIRE:  641 03:51:51  -958621.500000        0.254955
FIRE:  642 03:51:51  -958621.500000        0.200432
FIRE:  643 03:51:51  -958621.500000        0.395923
FIRE:  644 03:51:51  -958621.500000        0.503626
FIRE:  645 03:51:51  -958621.500000        0.332790
FIRE:  646 03:51:51  -958621.500000        0.206104
FIRE:  647 03:51:51  -958621.500000        0.390944
FIRE:  648 03:51:51  -958621.562500        0.302581
FIRE:  649 03:51:51  -958621.562500        0.208025
FIRE:  650 03:51:51  -958621.562500        0.390210
FIRE:  651 03:51:51  -958621.562500        0.207050
FIRE:  652 03:51:51  -958621.562500        0.325273
FIRE:  653 03:51:51  -958621.625000        0.346142
FIRE:  654 03:51:52  -958621.625000        0.202959
FIRE:  655 03:51:52  -958621.687500        0.201322
FIRE:  656 03:51:52  -958621.687500        0.631455
FIRE:  657 03:51:52  -958621.750000        1.695186
FIRE:  658 03:51:52  -958621.687500        5.132635
FIRE:  659 03:51:52  -958621.812500        1.083182
FIRE:  660 03:51:52  -958621.812500        0.793068
FIRE:  661 03:51:52  -958621.812500        0.314319
FIRE:  662 03:51:52  -958621.812500        0.326135
FIRE:  663 03:51:52  -958621.812500        0.304003
FIRE:  664 03:51:52  -958621.812500        0.261598
FIRE:  665 03:51:52  -958621.812500        0.224122
FIRE:  666 03:51:52  -958621.812500        0.224241
FIRE:  667 03:51:52  -958621.812500        0.224369
FIRE:  668 03:51:52  -958621.812500        0.224493
FIRE:  669 03:51:53  -958621.812500        0.224591
FIRE:  670 03:51:53  -958621.812500        0.224645
FIRE:  671 03:51:53  -958621.812500        0.224601
FIRE:  672 03:51:53  -958621.812500        0.224399
FIRE:  673 03:51:53  -958621.812500        0.223883
FIRE:  674 03:51:53  -958621.812500        0.222920
FIRE:  675 03:51:53  -958621.812500        0.221259
FIRE:  676 03:51:53  -958621.812500        0.218630
FIRE:  677 03:51:53  -958621.812500        0.214694
FIRE:  678 03:51:53  -958621.812500        0.209122
FIRE:  679 03:51:53  -958621.875000        0.201594
FIRE:  680 03:51:53  -958621.875000        0.191845
FIRE:  681 03:51:53  -958621.875000        0.179779
FIRE:  682 03:51:53  -958621.875000        0.165699
FIRE:  683 03:51:54  -958621.875000        0.151015
FIRE:  684 03:51:54  -958621.875000        0.156586
FIRE:  685 03:51:54  -958621.937500        0.162056
FIRE:  686 03:51:54  -958621.937500        0.166156
FIRE:  687 03:51:54  -958622.000000        0.166342
FIRE:  688 03:51:54  -958622.000000        0.318418
FIRE:  689 03:51:54  -958622.062500        0.833667
FIRE:  690 03:51:54  -958622.062500        2.402982
FIRE:  691 03:51:54  -958622.125000        0.161629
FIRE:  692 03:51:54  -958622.062500        2.001876
FIRE:  693 03:51:54  -958622.062500        1.529293
FIRE:  694 03:51:54  -958622.125000        0.683289
FIRE:  695 03:51:54  -958622.125000        0.350298
FIRE:  696 03:51:54  -958622.125000        0.330039
FIRE:  697 03:51:55  -958622.125000        0.290711
FIRE:  698 03:51:55  -958622.125000        0.235161
FIRE:  699 03:51:55  -958622.125000        0.167522
FIRE:  700 03:51:55  -958622.125000        0.152466
FIRE:  701 03:51:55  -958622.125000        0.151910
FIRE:  702 03:51:55  -958622.125000        0.151263
FIRE:  703 03:51:55  -958622.125000        0.150453
FIRE:  704 03:51:55  -958622.125000        0.149462
FIRE:  705 03:51:55  -958622.125000        0.152193
FIRE:  706 03:51:55  -958622.125000        0.146852
FIRE:  707 03:51:55  -958622.125000        0.145182
FIRE:  708 03:51:55  -958622.125000        0.143245
FIRE:  709 03:51:55  -958622.125000        0.141023
FIRE:  710 03:51:55  -958622.125000        0.154071
FIRE:  711 03:51:55  -958622.125000        0.135900
FIRE:  712 03:51:56  -958622.125000        0.133152
FIRE:  713 03:51:56  -958622.125000        0.130451
FIRE:  714 03:51:56  -958622.125000        0.127995
FIRE:  715 03:51:56  -958622.125000        0.126010
FIRE:  716 03:51:56  -958622.125000        0.126677
FIRE:  717 03:51:56  -958622.187500        0.123940
FIRE:  718 03:51:56  -958622.187500        0.123905
FIRE:  719 03:51:56  -958622.187500        0.127726
FIRE:  720 03:51:56  -958622.187500        0.126981
FIRE:  721 03:51:56  -958622.250000        0.127073
FIRE:  722 03:51:56  -958622.250000        0.135707
FIRE:  723 03:51:56  -958622.312500        0.424033
FIRE:  724 03:51:56  -958622.312500        1.604252
FIRE:  725 03:51:56  -958622.250000        4.904474
FIRE:  726 03:51:57  -958622.375000        0.760785
FIRE:  727 03:51:57  -958622.375000        0.553254
FIRE:  728 03:51:57  -958622.375000        0.201029
FIRE:  729 03:51:57  -958622.375000        0.219055
FIRE:  730 03:51:57  -958622.375000        0.201434
FIRE:  731 03:51:57  -958622.375000        0.167591
FIRE:  732 03:51:57  -958622.375000        0.120183
FIRE:  733 03:51:57  -958622.375000        0.104362
FIRE:  734 03:51:57  -958622.375000        0.103957
FIRE:  735 03:51:57  -958622.375000        0.103478
FIRE:  736 03:51:57  -958622.375000        0.102935
FIRE:  737 03:51:57  -958622.375000        0.129603
FIRE:  738 03:51:57  -958622.375000        0.140811
FIRE:  739 03:51:57  -958622.375000        0.124775
FIRE:  740 03:51:57  -958622.375000        0.099379
FIRE:  741 03:51:58  -958622.375000        0.098072
FIRE:  742 03:51:58  -958622.375000        0.096567
FIRE:  743 03:51:58  -958622.375000        0.094873
FIRE:  744 03:51:58  -958622.375000        0.092988
FIRE:  745 03:51:58  -958622.375000        0.090928
FIRE:  746 03:51:58  -958622.375000        0.095769
FIRE:  747 03:51:58  -958622.375000        0.086322
FIRE:  748 03:51:58  -958622.375000        0.083794
FIRE:  749 03:51:58  -958622.375000        0.082763
FIRE:  750 03:51:58  -958622.375000        0.082300
FIRE:  751 03:51:58  -958622.375000        0.081350
FIRE:  752 03:51:58  -958622.437500        0.083026
FIRE:  753 03:51:58  -958622.437500        0.084574
FIRE:  754 03:51:58  -958622.375000        0.072940
FIRE:  755 03:51:59  -958622.375000        0.120970
FIRE:  756 03:51:59  -958622.500000        0.343416
FIRE:  757 03:51:59  -958622.437500        1.355180
FIRE:  758 03:51:59  -958622.312500        4.408250
FIRE:  759 03:51:59  -958622.500000        0.951823
FIRE:  760 03:51:59  -958622.500000        0.669453
FIRE:  761 03:51:59  -958622.437500        0.198877
FIRE:  762 03:51:59  -958622.500000        0.334077
FIRE:  763 03:51:59  -958622.437500        0.306490
FIRE:  764 03:51:59  -958622.437500        0.253749
FIRE:  765 03:51:59  -958622.500000        0.179991
FIRE:  766 03:51:59  -958622.437500        0.095597
FIRE:  767 03:51:59  -958622.500000        0.067152
FIRE:  768 03:51:59  -958622.500000        0.086827
FIRE:  769 03:51:59  -958622.500000        0.154271
FIRE:  770 03:52:00  -958622.500000        0.199254
FIRE:  771 03:52:00  -958622.437500        0.210330
FIRE:  772 03:52:00  -958622.437500        0.179593
FIRE:  773 03:52:00  -958622.500000        0.106766
FIRE:  774 03:52:00  -958622.500000        0.067164
FIRE:  775 03:52:00  -958622.500000        0.103297
FIRE:  776 03:52:00  -958622.437500        0.139114
FIRE:  777 03:52:00  -958622.500000        0.086407
FIRE:  778 03:52:00  -958622.500000        0.067141
FIRE:  779 03:52:00  -958622.562500        0.143428
FIRE:  780 03:52:00  -958622.562500        0.109451
FIRE:  781 03:52:00  -958622.500000        0.067383
FIRE:  782 03:52:00  -958622.437500        0.102527
FIRE:  783 03:52:00  -958622.500000        0.072172
FIRE:  784 03:52:01  -958622.437500        0.109493
FIRE:  785 03:52:01  -958622.500000        0.126820
FIRE:  786 03:52:01  -958622.500000        0.101874
FIRE:  787 03:52:01  -958622.500000        0.078179
FIRE:  788 03:52:01  -958622.562500        0.110220
FIRE:  789 03:52:01  -958622.562500        0.232579
FIRE:  790 03:52:01  -958622.562500        1.048033
FIRE:  791 03:52:01  -958622.500000        3.791267
FIRE:  792 03:52:01  -958622.625000        1.027233
FIRE:  793 03:52:01  -958622.625000        0.701151
FIRE:  794 03:52:01  -958622.562500        0.165287
FIRE:  795 03:52:01  -958622.562500        0.412607
FIRE:  796 03:52:01  -958622.562500        0.378114
FIRE:  797 03:52:01  -958622.625000        0.311876
FIRE:  798 03:52:01  -958622.625000        0.219493
FIRE:  799 03:52:02  -958622.625000        0.118647
FIRE:  800 03:52:02  -958622.625000        0.118346
FIRE:  801 03:52:02  -958622.562500        0.118006
FIRE:  802 03:52:02  -958622.562500        0.191602
FIRE:  803 03:52:02  -958622.625000        0.242026
FIRE:  804 03:52:02  -958622.562500        0.249663
FIRE:  805 03:52:02  -958622.625000        0.205255
FIRE:  806 03:52:02  -958622.687500        0.115937
FIRE:  807 03:52:02  -958622.500000        0.115499
FIRE:  808 03:52:02  -958622.625000        0.139607
FIRE:  809 03:52:02  -958622.562500        0.175503
FIRE:  810 03:52:02  -958622.562500        0.114481
FIRE:  811 03:52:02  -958622.562500        0.114501
FIRE:  812 03:52:02  -958622.562500        0.173742
FIRE:  813 03:52:03  -958622.625000        0.116395
FIRE:  814 03:52:03  -958622.562500        0.118763
FIRE:  815 03:52:03  -958622.625000        0.124054
FIRE:  816 03:52:03  -958622.625000        0.127265
FIRE:  817 03:52:03  -958622.625000        0.134301
FIRE:  818 03:52:03  -958622.687500        0.164238
FIRE:  819 03:52:03  -958622.625000        0.156969
FIRE:  820 03:52:03  -958622.750000        0.178234
FIRE:  821 03:52:03  -958622.625000        0.214174
FIRE:  822 03:52:03  -958622.750000        0.270584
FIRE:  823 03:52:03  -958622.875000        1.070785
FIRE:  824 03:52:03  -958622.687500        4.132310
FIRE:  825 03:52:03  -958622.875000        1.277037
FIRE:  826 03:52:03  -958622.812500        0.856655
FIRE:  827 03:52:04  -958622.812500        0.396470
FIRE:  828 03:52:04  -958622.937500        0.540639
FIRE:  829 03:52:04  -958622.875000        0.494318
FIRE:  830 03:52:04  -958622.875000        0.405619
FIRE:  831 03:52:04  -958622.812500        0.399963
FIRE:  832 03:52:04  -958622.875000        0.400583
FIRE:  833 03:52:04  -958622.812500        0.401398
FIRE:  834 03:52:04  -958622.812500        0.402407
FIRE:  835 03:52:04  -958622.812500        0.403622
FIRE:  836 03:52:04  -958622.750000        0.405179
FIRE:  837 03:52:04  -958622.812500        0.407167
FIRE:  838 03:52:04  -958622.812500        0.409664
FIRE:  839 03:52:04  -958622.812500        0.412810
FIRE:  840 03:52:04  -958622.937500        0.416746
FIRE:  841 03:52:04  -958622.812500        0.421581
FIRE:  842 03:52:05  -958622.875000        0.427390
FIRE:  843 03:52:05  -958622.875000        0.434163
FIRE:  844 03:52:05  -958622.875000        0.441764
FIRE:  845 03:52:05  -958622.875000        0.449347
FIRE:  846 03:52:05  -958622.875000        0.454455
FIRE:  847 03:52:05  -958622.937500        0.451522
FIRE:  848 03:52:05  -958622.937500        0.431858
FIRE:  849 03:52:05  -958623.000000        0.389887
FIRE:  850 03:52:05  -958623.000000        0.323116
FIRE:  851 03:52:05  -958623.187500        0.259028
FIRE:  852 03:52:05  -958623.062500        0.406721
FIRE:  853 03:52:05  -958623.250000        0.708912
FIRE:  854 03:52:05  -958623.187500        1.379883
FIRE:  855 03:52:05  -958623.250000        0.494879
FIRE:  856 03:52:06  -958623.187500        0.949436
FIRE:  857 03:52:06  -958623.187500        0.764519
FIRE:  858 03:52:06  -958623.187500        0.428939
FIRE:  859 03:52:06  -958623.187500        0.389680
FIRE:  860 03:52:06  -958623.250000        0.379057
FIRE:  861 03:52:06  -958623.187500        0.621394
FIRE:  862 03:52:06  -958623.187500        0.669192
FIRE:  863 03:52:06  -958623.250000        0.527053
FIRE:  864 03:52:06  -958623.312500        0.229284
FIRE:  865 03:52:06  -958623.250000        0.213401
FIRE:  866 03:52:06  -958623.187500        0.482916
FIRE:  867 03:52:06  -958623.312500        0.437746
FIRE:  868 03:52:06  -958623.312500        0.112743
FIRE:  869 03:52:06  -958623.250000        0.416252
FIRE:  870 03:52:06  -958623.250000        0.405837
FIRE:  871 03:52:07  -958623.312500        0.143531
FIRE:  872 03:52:07  -958623.125000        0.402734
FIRE:  873 03:52:07  -958623.250000        0.149050
FIRE:  874 03:52:07  -958623.250000        0.353477
FIRE:  875 03:52:07  -958623.250000        0.389848
FIRE:  876 03:52:07  -958623.250000        0.192009
FIRE:  877 03:52:07  -958623.375000        0.134655
FIRE:  878 03:52:07  -958623.375000        0.114666
FIRE:  879 03:52:07  -958623.312500        0.179430
FIRE:  880 03:52:07  -958623.437500        0.954117
FIRE:  881 03:52:07  -958623.375000        4.602569
FIRE:  882 03:52:07  -958623.312500        2.359521
FIRE:  883 03:52:07  -958623.375000        1.509566
FIRE:  884 03:52:07  -958623.375000        0.234279
FIRE:  885 03:52:08  -958623.375000        1.248213
FIRE:  886 03:52:08  -958623.500000        1.129990
FIRE:  887 03:52:08  -958623.437500        0.904622
FIRE:  888 03:52:08  -958623.437500        0.593398
FIRE:  889 03:52:08  -958623.500000        0.227436
FIRE:  890 03:52:08  -958623.375000        0.158315
FIRE:  891 03:52:08  -958623.437500        0.154747
FIRE:  892 03:52:08  -958623.375000        0.147695
FIRE:  893 03:52:08  -958623.375000        0.137416
FIRE:  894 03:52:08  -958623.437500        0.124189
FIRE:  895 03:52:08  -958623.375000        0.108319
FIRE:  896 03:52:08  -958623.375000        0.094005
FIRE:  897 03:52:08  -958623.437500        0.093835
FIRE:  898 03:52:08  -958623.437500        0.093613
FIRE:  899 03:52:09  -958623.437500        0.093330
FIRE:  900 03:52:09  -958623.437500        0.092983
FIRE:  901 03:52:09  -958623.375000        0.092547
FIRE:  902 03:52:09  -958623.375000        0.092017
FIRE:  903 03:52:09  -958623.375000        0.091375
FIRE:  904 03:52:09  -958623.437500        0.090598
FIRE:  905 03:52:09  -958623.437500        0.089675
FIRE:  906 03:52:09  -958623.500000        0.088564
FIRE:  907 03:52:09  -958623.500000        0.087270
FIRE:  908 03:52:09  -958623.437500        0.085764
FIRE:  909 03:52:09  -958623.437500        0.084051
FIRE:  910 03:52:09  -958623.437500        0.082122
FIRE:  911 03:52:09  -958623.375000        0.080010
FIRE:  912 03:52:09  -958623.437500        0.077751
FIRE:  913 03:52:09  -958623.375000        0.075390
FIRE:  914 03:52:10  -958623.375000        0.073014
FIRE:  915 03:52:10  -958623.312500        0.070726
FIRE:  916 03:52:10  -958623.375000        0.068739
FIRE:  917 03:52:10  -958623.312500        0.067934
FIRE:  918 03:52:10  -958623.375000        0.067572
FIRE:  919 03:52:10  -958623.375000        0.067081
FIRE:  920 03:52:10  -958623.437500        0.066475
FIRE:  921 03:52:10  -958623.500000        0.074706
FIRE:  922 03:52:10  -958623.562500        0.129481
FIRE:  923 03:52:10  -958623.562500        0.426247
FIRE:  924 03:52:10  -958623.437500        1.266908
FIRE:  925 03:52:10  -958623.437500        0.062217
FIRE:  926 03:52:10  -958623.562500        1.204060
FIRE:  927 03:52:10  -958623.500000        0.885070
FIRE:  928 03:52:10  -958623.562500        0.341022
FIRE:  929 03:52:10  -958623.437500        0.273233
FIRE:  930 03:52:10  -958623.500000        0.255445
FIRE:  931 03:52:11  -958623.437500        0.220788
FIRE:  932 03:52:11  -958623.562500        0.171807
FIRE:  933 03:52:11  -958623.500000        0.111969
FIRE:  934 03:52:11  -958623.437500        0.061286
FIRE:  935 03:52:11  -958623.500000        0.061287
FIRE:  936 03:52:11  -958623.500000        0.077338
FIRE:  937 03:52:11  -958623.562500        0.124628
FIRE:  938 03:52:11  -958623.437500        0.153220
FIRE:  939 03:52:11  -958623.437500        0.155134
FIRE:  940 03:52:11  -958623.500000        0.124643
FIRE:  941 03:52:11  -958623.500000        0.062442
FIRE:  942 03:52:11  -958623.500000        0.061072
FIRE:  943 03:52:11  -958623.375000        0.088688
FIRE:  944 03:52:11  -958623.437500        0.110496
FIRE:  945 03:52:11  -958623.500000        0.063735
FIRE:  946 03:52:11  -958623.437500        0.060647
FIRE:  947 03:52:11  -958623.562500        0.108827
FIRE:  948 03:52:12  -958623.437500        0.072855
FIRE:  949 03:52:12  -958623.562500        0.060207
FIRE:  950 03:52:12  -958623.562500        0.081676
FIRE:  951 03:52:12  -958623.625000        0.059613
FIRE:  952 03:52:12  -958623.625000        0.077938
FIRE:  953 03:52:12  -958623.625000        0.100352
FIRE:  954 03:52:12  -958623.625000        0.075502
FIRE:  955 03:52:12  -958623.625000        0.057111
FIRE:  956 03:52:12  -958623.625000        0.056153
FIRE:  957 03:52:12  -958623.625000        0.139426
FIRE:  958 03:52:12  -958623.625000        0.667413
FIRE:  959 03:52:12  -958623.625000        2.497381
FIRE:  960 03:52:12  -958623.687500        0.632280
FIRE:  961 03:52:12  -958623.687500        0.431084
FIRE:  962 03:52:12  -958623.687500        0.098260
FIRE:  963 03:52:12  -958623.687500        0.249391
FIRE:  964 03:52:12  -958623.687500        0.228841
FIRE:  965 03:52:13  -958623.687500        0.189428
FIRE:  966 03:52:13  -958623.687500        0.134371
FIRE:  967 03:52:13  -958623.687500        0.069123
FIRE:  968 03:52:13  -958623.687500        0.050846
FIRE:  969 03:52:13  -958623.687500        0.062702
FIRE:  970 03:52:13  -958623.687500        0.111599
FIRE:  971 03:52:13  -958623.687500        0.143308
FIRE:  972 03:52:13  -958623.687500        0.149399
FIRE:  973 03:52:13  -958623.687500        0.123965
FIRE:  974 03:52:13  -958623.687500        0.066770
FIRE:  975 03:52:13  -958623.687500        0.050604
FIRE:  976 03:52:13  -958623.687500        0.081907
FIRE:  977 03:52:13  -958623.687500        0.105437
FIRE:  978 03:52:13  -958623.687500        0.061616
FIRE:  979 03:52:13  -958623.250000        0.050237
FIRE:  980 03:52:13  -958623.687500        0.104123
FIRE:  981 03:52:14  -958623.687500        0.068351
FIRE:  982 03:52:14  -958623.687500        0.052058
FIRE:  983 03:52:14  -958623.687500        0.074059
FIRE:  984 03:52:14  -958623.812500        0.062234
FIRE:  985 03:52:14  -958623.687500        0.064968
FIRE:  986 03:52:14  -958623.687500        0.102694
FIRE:  987 03:52:14  -958623.687500        0.099027
FIRE:  988 03:52:14  -958623.812500        0.080291
FIRE:  989 03:52:14  -958623.687500        0.174858
FIRE:  990 03:52:14  -958623.750000        0.498796
FIRE:  991 03:52:14  -958623.750000        1.591489
FIRE:  992 03:52:14  -958623.750000        0.201024
FIRE:  993 03:52:14  -958623.750000        0.144538
FIRE:  994 03:52:14  -958623.750000        0.052949
FIRE:  995 03:52:15  -958623.750000        0.060496
FIRE:  996 03:52:15  -958623.750000        0.136409
FIRE:  997 03:52:15  -958623.750000        0.156415
FIRE:  998 03:52:15  -958623.750000        0.117292
FIRE:  999 03:52:15  -958623.750000        0.053661
FIRE:  1000 03:52:15  -958623.750000        0.061190
      Step     Time          Energy          fmax
FIRE:    0 03:52:16  -958592.312500        6.961050
FIRE:    1 03:52:17  -958594.500000        4.591599
FIRE:    2 03:52:19  -958596.062500        3.497308
FIRE:    3 03:52:19  -958597.312500        2.160653
FIRE:    4 03:52:19  -958598.437500        2.114058
FIRE:    5 03:52:19  -958599.250000        2.101859
FIRE:    6 03:52:19  -958600.000000        2.097014
FIRE:    7 03:52:19  -958600.625000        2.104724
FIRE:    8 03:52:19  -958601.437500        2.140341
FIRE:    9 03:52:19  -958602.187500        2.008833
FIRE:   10 03:52:19  -958602.750000        1.742682
FIRE:   11 03:52:19  -958603.312500        1.214393
FIRE:   12 03:52:19  -958603.937500        1.404685
FIRE:   13 03:52:19  -958604.250000        1.186965
FIRE:   14 03:52:20  -958604.687500        1.437868
FIRE:   15 03:52:21  -958604.625000        1.930604
FIRE:   16 03:52:21  -958605.125000        1.464068
FIRE:   17 03:52:21  -958606.062500        1.207923
FIRE:   18 03:52:21  -958606.437500        1.211763
FIRE:   19 03:52:21  -958606.812500        1.098862
FIRE:   20 03:52:21  -958607.062500        1.376828
FIRE:   21 03:52:23  -958607.000000        1.039932
FIRE:   22 03:52:23  -958607.375000        1.026995
FIRE:   23 03:52:23  -958607.625000        0.909991
FIRE:   24 03:52:23  -958607.937500        0.721609
FIRE:   25 03:52:23  -958608.250000        0.919546
FIRE:   26 03:52:23  -958608.625000        0.693267
FIRE:   27 03:52:23  -958608.750000        0.738262
FIRE:   28 03:52:23  -958608.937500        0.749248
FIRE:   29 03:52:23  -958609.562500        0.794529
FIRE:   30 03:52:23  -958609.937500        0.769774
FIRE:   31 03:52:24  -958610.062500        0.792448
FIRE:   32 03:52:24  -958610.375000        0.573369
FIRE:   33 03:52:24  -958610.500000        0.528588
FIRE:   34 03:52:24  -958610.812500        0.721105
FIRE:   35 03:52:24  -958611.000000        0.564139
FIRE:   36 03:52:24  -958611.000000        0.359538
FIRE:   37 03:52:24  -958611.187500        0.458273
FIRE:   38 03:52:24  -958611.312500        0.514089
FIRE:   39 03:52:24  -958611.500000        0.401880
FIRE:   40 03:52:24  -958611.625000        0.428224
FIRE:   41 03:52:24  -958611.750000        0.483906
FIRE:   42 03:52:24  -958611.875000        0.569522
FIRE:   43 03:52:24  -958611.937500        0.291107
FIRE:   44 03:52:24  -958612.125000        0.297566
FIRE:   45 03:52:25  -958612.250000        0.561501
FIRE:   46 03:52:25  -958612.375000        0.315436
FIRE:   47 03:52:25  -958612.500000        0.302978
FIRE:   48 03:52:25  -958612.562500        0.278316
FIRE:   49 03:52:25  -958612.250000        0.369119
FIRE:   50 03:52:25  -958612.312500        0.293064
FIRE:   51 03:52:25  -958612.437500        0.311344
FIRE:   52 03:52:25  -958612.562500        0.320979
FIRE:   53 03:52:25  -958612.875000        0.345534
FIRE:   54 03:52:25  -958613.312500        0.279381
FIRE:   55 03:52:25  -958612.875000        0.235622
FIRE:   56 03:52:25  -958613.000000        0.354840
FIRE:   57 03:52:25  -958613.125000        0.243809
FIRE:   58 03:52:25  -958613.750000        0.287167
FIRE:   59 03:52:26  -958613.812500        0.339929
FIRE:   60 03:52:26  -958614.062500        0.337821
FIRE:   61 03:52:26  -958613.562500        0.292020
FIRE:   62 03:52:26  -958613.687500        0.312583
FIRE:   63 03:52:26  -958614.187500        0.310474
FIRE:   64 03:52:26  -958613.875000        0.285990
FIRE:   65 03:52:26  -958614.500000        0.405873
FIRE:   66 03:52:26  -958614.562500        0.486395
FIRE:   67 03:52:26  -958614.687500        0.468026
FIRE:   68 03:52:26  -958614.812500        0.438133
FIRE:   69 03:52:26  -958614.937500        0.462017
FIRE:   70 03:52:26  -958615.062500        0.545213
FIRE:   71 03:52:26  -958615.187500        0.655809
FIRE:   72 03:52:26  -958615.375000        0.806544
FIRE:   73 03:52:27  -958615.562500        0.940986
FIRE:   74 03:52:27  -958615.750000        1.055371
FIRE:   75 03:52:27  -958616.000000        1.196872
FIRE:   76 03:52:27  -958616.250000        1.225343
FIRE:   77 03:52:27  -958616.437500        0.857966
FIRE:   78 03:52:27  -958616.625000        0.681288
FIRE:   79 03:52:27  -958616.687500        1.313483
FIRE:   80 03:52:27  -958616.187500        4.187179
FIRE:   81 03:52:27  -958615.750000       14.156850
FIRE:   82 03:52:27  -958616.437500        5.493343
FIRE:   83 03:52:27  -958616.625000        4.177052
FIRE:   84 03:52:27  -958616.812500        1.256627
FIRE:   85 03:52:27  -958616.750000        4.856423
FIRE:   86 03:52:27  -958616.750000        4.040150
FIRE:   87 03:52:28  -958616.812500        2.642330
FIRE:   88 03:52:28  -958616.875000        1.031988
FIRE:   89 03:52:28  -958616.875000        0.731665
FIRE:   90 03:52:28  -958616.875000        0.707089
FIRE:   91 03:52:28  -958616.875000        0.658642
FIRE:   92 03:52:28  -958616.875000        0.588397
FIRE:   93 03:52:28  -958616.875000        0.499137
FIRE:   94 03:52:28  -958616.875000        0.395334
FIRE:   95 03:52:28  -958616.875000        0.318131
FIRE:   96 03:52:28  -958616.875000        0.250648
FIRE:   97 03:52:28  -958616.875000        0.254495
FIRE:   98 03:52:28  -958616.875000        0.271637
FIRE:   99 03:52:28  -958616.875000        0.294814
FIRE:  100 03:52:28  -958616.875000        0.366838
FIRE:  101 03:52:29  -958616.875000        0.405205
FIRE:  102 03:52:29  -958616.875000        0.379044
FIRE:  103 03:52:29  -958616.875000        0.279759
FIRE:  104 03:52:29  -958616.875000        0.240746
FIRE:  105 03:52:29  -958616.875000        0.259852
FIRE:  106 03:52:29  -958616.875000        0.309277
FIRE:  107 03:52:29  -958616.937500        0.330079
FIRE:  108 03:52:29  -958616.937500        0.293356
FIRE:  109 03:52:29  -958616.937500        0.243270
FIRE:  110 03:52:29  -958616.937500        0.268713
FIRE:  111 03:52:29  -958616.937500        0.234922
FIRE:  112 03:52:29  -958617.000000        0.219998
FIRE:  113 03:52:29  -958617.000000        0.227413
FIRE:  114 03:52:29  -958617.000000        0.188214
FIRE:  115 03:52:30  -958617.062500        0.233072
FIRE:  116 03:52:30  -958617.062500        0.252533
FIRE:  117 03:52:30  -958617.125000        0.144838
FIRE:  118 03:52:30  -958617.187500        0.319589
FIRE:  119 03:52:30  -958617.125000        0.891846
FIRE:  120 03:52:30  -958616.812500        2.221306
FIRE:  121 03:52:30  -958617.187500        0.224090
FIRE:  122 03:52:30  -958617.125000        2.095945
FIRE:  123 03:52:30  -958617.187500        1.559873
FIRE:  124 03:52:30  -958617.187500        0.655375
FIRE:  125 03:52:30  -958617.250000        0.357530
FIRE:  126 03:52:30  -958616.750000        0.336263
FIRE:  127 03:52:30  -958617.062500        0.294827
FIRE:  128 03:52:30  -958617.250000        0.236009
FIRE:  129 03:52:31  -958617.125000        0.163652
FIRE:  130 03:52:31  -958617.250000        0.109589
FIRE:  131 03:52:31  -958617.187500        0.109178
FIRE:  132 03:52:31  -958617.125000        0.108734
FIRE:  133 03:52:31  -958617.000000        0.139233
FIRE:  134 03:52:31  -958617.125000        0.185266
FIRE:  135 03:52:31  -958617.062500        0.200007
FIRE:  136 03:52:31  -958617.062500        0.174007
FIRE:  137 03:52:31  -958616.812500        0.105148
FIRE:  138 03:52:31  -958617.125000        0.103212
FIRE:  139 03:52:31  -958617.250000        0.101610
FIRE:  140 03:52:31  -958616.875000        0.143958
FIRE:  141 03:52:31  -958617.187500        0.108703
FIRE:  142 03:52:31  -958617.250000        0.096760
