      Step     Time          Energy          fmax
FIRE:    0 03:35:02 -2122067.750000        2.817344
FIRE:    1 03:35:02 -2122068.500000        2.765231
FIRE:    2 03:35:04 -2122068.750000        3.046009
FIRE:    3 03:35:04 -2122070.750000        3.357291
FIRE:    4 03:35:04 -2122069.750000        3.471890
FIRE:    5 03:35:05 -2122071.500000        2.557116
FIRE:    6 03:35:05 -2122072.500000        2.880432
FIRE:    7 03:35:05 -2122072.750000        5.781535
FIRE:    8 03:35:05 -2122073.000000        4.791374
FIRE:    9 03:35:05 -2122071.750000        3.306142
FIRE:   10 03:35:05 -2122073.500000        2.332238
FIRE:   11 03:35:05 -2122072.500000        2.156919
FIRE:   12 03:35:05 -2122072.500000        2.452054
FIRE:   13 03:35:05 -2122074.000000        2.660970
FIRE:   14 03:35:05 -2122072.750000        2.765312
FIRE:   15 03:35:05 -2122074.250000        2.714867
FIRE:   16 03:35:05 -2122073.250000        2.480682
FIRE:   17 03:35:05 -2122074.750000        2.013383
FIRE:   18 03:35:05 -2122073.750000        1.332399
FIRE:   19 03:35:05 -2122075.000000        1.605057
FIRE:   20 03:35:06 -2122073.750000        1.509716
FIRE:   21 03:35:06 -2122075.250000        1.340682
FIRE:   22 03:35:06 -2122075.250000        1.138866
FIRE:   23 03:35:06 -2122073.500000        0.952296
FIRE:   24 03:35:06 -2122074.000000        0.807687
FIRE:   25 03:35:06 -2122074.000000        0.702062
FIRE:   26 03:35:06 -2122074.000000        0.695451
FIRE:   27 03:35:06 -2122073.750000        0.733864
FIRE:   28 03:35:06 -2122075.500000        0.786554
FIRE:   29 03:35:06 -2122075.500000        0.834858
FIRE:   30 03:35:06 -2122075.750000        0.844757
FIRE:   31 03:35:06 -2122079.250000        0.822492
FIRE:   32 03:35:08 -2122079.250000        0.787984
FIRE:   33 03:35:08 -2122079.000000        0.767707
FIRE:   34 03:35:08 -2122079.000000        0.744166
FIRE:   35 03:35:08 -2122079.250000        0.732781
FIRE:   36 03:35:08 -2122079.750000        0.744208
FIRE:   37 03:35:08 -2122079.750000        0.828161
FIRE:   38 03:35:08 -2122079.500000        0.873390
FIRE:   39 03:35:08 -2122080.000000        0.707644
FIRE:   40 03:35:08 -2122079.000000        0.847879
FIRE:   41 03:35:08 -2122080.000000        0.905522
FIRE:   42 03:35:08 -2122079.250000        1.084504
FIRE:   43 03:35:08 -2122081.000000        2.020312
FIRE:   44 03:35:08 -2122081.250000        2.597932
FIRE:   45 03:35:09 -2122081.500000        2.440083
FIRE:   46 03:35:09 -2122080.250000        1.459716
FIRE:   47 03:35:09 -2122081.500000        2.059410
FIRE:   48 03:35:09 -2122080.500000        1.743228
FIRE:   49 03:35:09 -2122080.500000        0.446299
FIRE:   50 03:35:09 -2122080.500000        1.300310
FIRE:   51 03:35:09 -2122080.500000        1.059217
FIRE:   52 03:35:09 -2122080.500000        0.628483
FIRE:   53 03:35:09 -2122080.500000        0.295626
FIRE:   54 03:35:09 -2122080.500000        0.443139
FIRE:   55 03:35:09 -2122080.500000        0.423960
FIRE:   56 03:35:09 -2122080.500000        0.386658
FIRE:   57 03:35:09 -2122080.500000        0.333702
FIRE:   58 03:35:09 -2122080.500000        0.269004
FIRE:   59 03:35:10 -2122080.500000        0.245979
FIRE:   60 03:35:10 -2122080.500000        0.240780
FIRE:   61 03:35:10 -2122080.500000        0.234718
FIRE:   62 03:35:10 -2122080.500000        0.227027
FIRE:   63 03:35:10 -2122080.500000        0.249679
FIRE:   64 03:35:10 -2122080.500000        0.294112
FIRE:   65 03:35:10 -2122080.500000        0.301850
FIRE:   66 03:35:10 -2122080.500000        0.263274
FIRE:   67 03:35:10 -2122080.500000        0.180279
FIRE:   68 03:35:10 -2122080.500000        0.174279
FIRE:   69 03:35:10 -2122080.500000        0.178029
FIRE:   70 03:35:10 -2122080.500000        0.186175
FIRE:   71 03:35:10 -2122080.500000        0.193115
FIRE:   72 03:35:10 -2122080.500000        0.196319
FIRE:   73 03:35:10 -2122080.500000        0.212457
FIRE:   74 03:35:11 -2122080.500000        0.197461
FIRE:   75 03:35:11 -2122080.500000        0.191722
FIRE:   76 03:35:11 -2122080.500000        0.207041
FIRE:   77 03:35:11 -2122080.500000        0.216883
FIRE:   78 03:35:11 -2122080.500000        0.231074
FIRE:   79 03:35:11 -2122080.750000        0.235108
FIRE:   80 03:35:11 -2122080.750000        0.222079
FIRE:   81 03:35:11 -2122080.750000        0.237118
FIRE:   82 03:35:11 -2122080.750000        0.356030
FIRE:   83 03:35:11 -2122080.750000        0.900292
FIRE:   84 03:35:11 -2122080.750000        1.917828
FIRE:   85 03:35:11 -2122080.750000        0.185519
FIRE:   86 03:35:11 -2122080.750000        1.803332
FIRE:   87 03:35:11 -2122080.750000        1.374530
FIRE:   88 03:35:12 -2122080.750000        0.628808
FIRE:   89 03:35:12 -2122080.750000        0.262563
FIRE:   90 03:35:12 -2122080.750000        0.248745
FIRE:   91 03:35:12 -2122080.750000        0.225565
FIRE:   92 03:35:12 -2122080.750000        0.198160
FIRE:   93 03:35:12 -2122080.750000        0.164636
FIRE:   94 03:35:12 -2122080.750000        0.138080
FIRE:   95 03:35:12 -2122080.750000        0.141944
FIRE:   96 03:35:12 -2122080.750000        0.146975
FIRE:   97 03:35:12 -2122080.750000        0.162864
FIRE:   98 03:35:12 -2122080.750000        0.197543
FIRE:   99 03:35:12 -2122080.750000        0.208635
FIRE:  100 03:35:12 -2122080.750000        0.189512
FIRE:  101 03:35:12 -2122080.750000        0.141319
FIRE:  102 03:35:13 -2122080.750000        0.135793
FIRE:  103 03:35:13 -2122080.750000        0.135479
FIRE:  104 03:35:13 -2122080.750000        0.136502
FIRE:  105 03:35:13 -2122080.750000        0.134721
FIRE:  106 03:35:13 -2122080.750000        0.135606
FIRE:  107 03:35:13 -2122080.750000        0.141298
FIRE:  108 03:35:13 -2122080.750000        0.139429
FIRE:  109 03:35:13 -2122080.750000        0.131167
FIRE:  110 03:35:13 -2122080.750000        0.130510
FIRE:  111 03:35:13 -2122081.000000        0.125013
FIRE:  112 03:35:13 -2122081.000000        0.140245
FIRE:  113 03:35:13 -2122081.500000        0.108528
FIRE:  114 03:35:13 -2122081.000000        0.107970
FIRE:  115 03:35:13 -2122081.000000        0.113068
FIRE:  116 03:35:13 -2122081.000000        0.179083
FIRE:  117 03:35:14 -2122081.000000        0.645907
FIRE:  118 03:35:14 -2122082.000000        1.570891
FIRE:  119 03:35:14 -2122077.500000        0.127603
FIRE:  120 03:35:14 -2122081.750000        1.486313
FIRE:  121 03:35:14 -2122081.500000        1.122995
FIRE:  122 03:35:14 -2122082.250000        0.491099
FIRE:  123 03:35:14 -2122082.000000        0.246398
FIRE:  124 03:35:14 -2122081.500000        0.229186
FIRE:  125 03:35:14 -2122082.250000        0.195810
FIRE:  126 03:35:14 -2122081.250000        0.150689
FIRE:  127 03:35:14 -2122082.250000        0.127146
FIRE:  128 03:35:14 -2122081.500000        0.126716
FIRE:  129 03:35:14 -2122081.750000        0.126329
FIRE:  130 03:35:14 -2122081.500000        0.126029
FIRE:  131 03:35:14 -2122082.000000        0.143665
FIRE:  132 03:35:14 -2122081.250000        0.174962
FIRE:  133 03:35:14 -2122082.250000        0.181023
FIRE:  134 03:35:14 -2122082.250000        0.155750
FIRE:  135 03:35:15 -2122082.250000        0.126637
FIRE:  136 03:35:15 -2122081.750000        0.127278
FIRE:  137 03:35:15 -2122081.250000        0.128042
FIRE:  138 03:35:15 -2122082.000000        0.128875
FIRE:  139 03:35:15 -2122082.000000        0.129860
FIRE:  140 03:35:15 -2122081.500000        0.131159
FIRE:  141 03:35:16 -2122078.000000        0.131721
FIRE:  142 03:35:16 -2122077.250000        0.131925
FIRE:  143 03:35:16 -2122077.500000        0.131598
FIRE:  144 03:35:16 -2122077.250000        0.131693
FIRE:  145 03:35:16 -2122077.250000        0.132754
FIRE:  146 03:35:16 -2122077.250000        0.134011
FIRE:  147 03:35:17 -2122078.000000        0.135969
FIRE:  148 03:35:17 -2122077.750000        0.146130
FIRE:  149 03:35:17 -2122077.500000        0.172350
FIRE:  150 03:35:17 -2122078.000000        0.165239
FIRE:  151 03:35:17 -2122078.250000        0.352276
FIRE:  152 03:35:17 -2122077.750000        1.031733
FIRE:  153 03:35:17 -2122077.500000        3.466578
FIRE:  154 03:35:17 -2122078.000000        0.896957
FIRE:  155 03:35:17 -2122077.500000        0.630612
FIRE:  156 03:35:17 -2122078.250000        0.209804
FIRE:  157 03:35:17 -2122078.250000        0.373259
FIRE:  158 03:35:17 -2122078.000000        0.346971
FIRE:  159 03:35:17 -2122078.000000        0.296829
FIRE:  160 03:35:17 -2122077.500000        0.227495
FIRE:  161 03:35:17 -2122078.250000        0.146969
FIRE:  162 03:35:17 -2122077.750000        0.134034
FIRE:  163 03:35:17 -2122077.750000        0.133651
FIRE:  164 03:35:17 -2122077.500000        0.133419
FIRE:  165 03:35:17 -2122078.000000        0.156058
FIRE:  166 03:35:17 -2122077.750000        0.169369
FIRE:  167 03:35:17 -2122078.250000        0.146241
FIRE:  168 03:35:18 -2122078.000000        0.134578
FIRE:  169 03:35:18 -2122078.250000        0.135509
FIRE:  170 03:35:18 -2122078.250000        0.136504
FIRE:  171 03:35:18 -2122077.500000        0.177213
FIRE:  172 03:35:18 -2122077.750000        0.141521
FIRE:  173 03:35:18 -2122078.000000        0.137773
FIRE:  174 03:35:18 -2122081.500000        0.138168
FIRE:  175 03:35:18 -2122077.500000        0.139501
FIRE:  176 03:35:18 -2122081.750000        0.141684
FIRE:  177 03:35:18 -2122081.750000        0.145541
FIRE:  178 03:35:18 -2122082.000000        0.144062
FIRE:  179 03:35:18 -2122081.750000        0.145569
FIRE:  180 03:35:18 -2122078.000000        0.149998
FIRE:  181 03:35:18 -2122078.250000        0.156615
FIRE:  182 03:35:18 -2122077.750000        0.169313
FIRE:  183 03:35:18 -2122077.250000        0.167469
FIRE:  184 03:35:18 -2122078.000000        0.473569
FIRE:  185 03:35:18 -2122077.750000        1.450300
FIRE:  186 03:35:19 -2122077.750000        0.140056
FIRE:  187 03:35:19 -2122078.500000        0.140091
FIRE:  188 03:35:19 -2122077.750000        0.140152
FIRE:  189 03:35:19 -2122077.500000        0.140244
FIRE:  190 03:35:19 -2122078.250000        0.140346
FIRE:  191 03:35:19 -2122077.500000        0.140458
FIRE:  192 03:35:19 -2122078.000000        0.140582
FIRE:  193 03:35:19 -2122078.000000        0.140739
FIRE:  194 03:35:19 -2122077.250000        0.141052
FIRE:  195 03:35:19 -2122077.500000        0.141609
FIRE:  196 03:35:19 -2122077.500000        0.142489
FIRE:  197 03:35:19 -2122077.750000        0.143670
FIRE:  198 03:35:19 -2122077.750000        0.145037
FIRE:  199 03:35:19 -2122077.500000        0.146619
FIRE:  200 03:35:19 -2122077.500000        0.148877
FIRE:  201 03:35:19 -2122078.250000        0.152261
FIRE:  202 03:35:19 -2122077.500000        0.156842
FIRE:  203 03:35:20 -2122078.000000        0.171367
FIRE:  204 03:35:20 -2122077.500000        0.171046
FIRE:  205 03:35:20 -2122077.250000        0.169501
FIRE:  206 03:35:20 -2122078.000000        0.174915
FIRE:  207 03:35:20 -2122077.750000        0.213365
FIRE:  208 03:35:20 -2122078.500000        0.938878
FIRE:  209 03:35:20 -2122077.500000        3.957212
FIRE:  210 03:35:20 -2122078.000000        1.430600
FIRE:  211 03:35:20 -2122078.250000        0.965854
FIRE:  212 03:35:20 -2122077.500000        0.218066
FIRE:  213 03:35:20 -2122077.750000        0.675824
FIRE:  214 03:35:20 -2122078.000000        0.618176
FIRE:  215 03:35:20 -2122077.750000        0.508115
FIRE:  216 03:35:20 -2122077.750000        0.355584
FIRE:  217 03:35:20 -2122077.750000        0.188785
FIRE:  218 03:35:20 -2122077.500000        0.187920
FIRE:  219 03:35:20 -2122078.250000        0.186986
FIRE:  220 03:35:21 -2122077.750000        0.300932
FIRE:  221 03:35:21 -2122078.500000        0.294384
FIRE:  222 03:35:21 -2122077.750000        0.281462
FIRE:  223 03:35:21 -2122078.500000        0.262372
FIRE:  224 03:35:21 -2122078.000000        0.237611
FIRE:  225 03:35:21 -2122077.500000        0.207937
FIRE:  226 03:35:21 -2122078.500000        0.185971
FIRE:  227 03:35:21 -2122077.500000        0.185921
FIRE:  228 03:35:21 -2122077.750000        0.185847
FIRE:  229 03:35:21 -2122078.500000        0.185736
FIRE:  230 03:35:21 -2122078.250000        0.185572
FIRE:  231 03:35:21 -2122078.500000        0.185333
FIRE:  232 03:35:21 -2122078.500000        0.184984
FIRE:  233 03:35:21 -2122077.750000        0.184503
FIRE:  234 03:35:21 -2122077.250000        0.183862
FIRE:  235 03:35:22 -2122077.500000        0.183006
FIRE:  236 03:35:22 -2122078.250000        0.181914
FIRE:  237 03:35:22 -2122077.500000        0.180532
FIRE:  238 03:35:22 -2122077.750000        0.178828
FIRE:  239 03:35:22 -2122078.250000        0.176803
FIRE:  240 03:35:22 -2122078.500000        0.174455
FIRE:  241 03:35:22 -2122077.500000        0.171746
FIRE:  242 03:35:22 -2122077.500000        0.168545
FIRE:  243 03:35:22 -2122078.500000        0.164602
FIRE:  244 03:35:22 -2122077.500000        0.159709
FIRE:  245 03:35:22 -2122078.500000        0.153849
FIRE:  246 03:35:22 -2122077.500000        0.147395
FIRE:  247 03:35:22 -2122077.500000        0.140770
FIRE:  248 03:35:23 -2122078.250000        0.133596
FIRE:  249 03:35:23 -2122078.000000        0.125269
FIRE:  250 03:35:23 -2122078.500000        0.115882
FIRE:  251 03:35:23 -2122078.500000        0.133604
FIRE:  252 03:35:23 -2122078.250000        0.245687
FIRE:  253 03:35:23 -2122078.750000        0.495628
FIRE:  254 03:35:23 -2122081.750000        1.056319
FIRE:  255 03:35:23 -2122081.750000        0.084229
FIRE:  256 03:35:23 -2122081.750000        0.917537
FIRE:  257 03:35:23 -2122081.750000        0.706022
FIRE:  258 03:35:23 -2122081.750000        0.332737
FIRE:  259 03:35:23 -2122081.750000        0.114483
FIRE:  260 03:35:23 -2122081.750000        0.107914
FIRE:  261 03:35:23 -2122081.750000        0.095250
FIRE:  262 03:35:23 -2122081.750000        0.077457
FIRE:  263 03:35:24 -2122081.750000        0.055945
FIRE:  264 03:35:24 -2122081.750000        0.046728
