      Step     Time          Energy          fmax
FIRE:    0 04:48:28 -2289889.000000        7.344422
FIRE:    1 04:48:29 -2289894.000000        6.979782
FIRE:    2 04:48:32 -2289890.750000        6.164526
FIRE:    3 04:48:32 -2289896.750000        4.712423
FIRE:    4 04:48:33 -2289903.750000        3.433684
FIRE:    5 04:48:33 -2289905.250000        3.971252
FIRE:    6 04:48:33 -2289902.000000        4.814433
FIRE:    7 04:48:34 -2289906.000000        3.536402
FIRE:    8 04:48:34 -2289906.500000        1.793977
FIRE:    9 04:48:34 -2289902.500000        1.442876
FIRE:   10 04:48:34 -2289902.000000        2.296461
FIRE:   11 04:48:35 -2289902.250000        2.907407
FIRE:   12 04:48:35 -2289903.500000        2.990843
FIRE:   13 04:48:35 -2289903.250000        2.633663
FIRE:   14 04:48:35 -2289903.250000        1.811544
FIRE:   15 04:48:36 -2289901.750000        2.162266
FIRE:   16 04:48:36 -2289905.000000        1.809615
FIRE:   17 04:48:36 -2289903.750000        2.240458
FIRE:   18 04:48:36 -2289904.000000        1.906494
FIRE:   19 04:48:36 -2289904.500000        0.963212
FIRE:   20 04:48:36 -2289911.750000        1.635574
FIRE:   21 04:48:36 -2289912.250000        1.725321
FIRE:   22 04:48:36 -2289911.250000        0.717578
FIRE:   23 04:48:36 -2289909.750000        1.114638
FIRE:   24 04:48:36 -2289910.250000        0.950364
FIRE:   25 04:48:36 -2289913.750000        0.942025
FIRE:   26 04:48:36 -2289912.250000        0.900823
FIRE:   27 04:48:36 -2289913.000000        1.009761
FIRE:   28 04:48:36 -2289914.750000        0.933253
FIRE:   29 04:48:37 -2289909.500000        1.014298
FIRE:   30 04:48:37 -2289915.500000        1.189019
FIRE:   31 04:48:37 -2289915.750000        1.494135
FIRE:   32 04:48:37 -2289916.250000        1.605854
FIRE:   33 04:48:37 -2289915.250000        1.956530
FIRE:   34 04:48:37 -2289917.000000        2.298210
FIRE:   35 04:48:37 -2289916.250000        2.718558
FIRE:   36 04:48:37 -2289918.250000        2.498218
FIRE:   37 04:48:37 -2289918.750000        1.089304
FIRE:   38 04:48:37 -2289917.250000        3.635728
FIRE:   39 04:48:37 -2289915.500000        1.816711
FIRE:   40 04:48:37 -2289915.500000        1.656566
FIRE:   41 04:48:37 -2289919.250000        1.081835
FIRE:   42 04:48:37 -2289916.000000        1.081359
FIRE:   43 04:48:38 -2289916.000000        0.936358
FIRE:   44 04:48:38 -2289919.250000        0.916252
FIRE:   45 04:48:38 -2289915.750000        0.885189
FIRE:   46 04:48:38 -2289917.750000        0.841754
FIRE:   47 04:48:38 -2289916.000000        0.839613
FIRE:   48 04:48:38 -2289916.000000        0.835337
FIRE:   49 04:48:38 -2289916.250000        0.828948
FIRE:   50 04:48:38 -2289916.000000        0.820501
FIRE:   51 04:48:38 -2289917.750000        0.810040
FIRE:   52 04:48:38 -2289919.250000        0.797651
FIRE:   53 04:48:38 -2289919.250000        0.783470
FIRE:   54 04:48:38 -2289919.250000        0.765962
FIRE:   55 04:48:38 -2289917.750000        0.744849
FIRE:   56 04:48:38 -2289917.750000        0.720017
FIRE:   57 04:48:39 -2289916.250000        0.691413
FIRE:   58 04:48:39 -2289919.250000        0.659085
FIRE:   59 04:48:39 -2289917.750000        0.623198
FIRE:   60 04:48:39 -2289917.750000        0.583984
FIRE:   61 04:48:39 -2289917.750000        0.541430
FIRE:   62 04:48:39 -2289919.250000        0.496734
FIRE:   63 04:48:39 -2289918.000000        0.450912
FIRE:   64 04:48:39 -2289918.000000        0.463135
FIRE:   65 04:48:39 -2289916.000000        0.466741
FIRE:   66 04:48:39 -2289918.000000        0.448569
FIRE:   67 04:48:39 -2289918.000000        0.409474
FIRE:   68 04:48:39 -2289916.750000        0.435123
FIRE:   69 04:48:39 -2289918.250000        0.487240
FIRE:   70 04:48:39 -2289918.250000        0.530889
FIRE:   71 04:48:40 -2289920.000000        0.521522
FIRE:   72 04:48:40 -2289920.250000        0.476219
FIRE:   73 04:48:40 -2289920.250000        0.511801
FIRE:   74 04:48:40 -2289920.500000        0.628470
FIRE:   75 04:48:40 -2289920.750000        0.735049
FIRE:   76 04:48:40 -2289917.000000        0.922108
FIRE:   77 04:48:40 -2289917.750000        1.138430
FIRE:   78 04:48:40 -2289918.250000        1.101585
FIRE:   79 04:48:40 -2289918.750000        1.109684
FIRE:   80 04:48:40 -2289918.000000        1.205429
FIRE:   81 04:48:40 -2289915.000000        1.397162
FIRE:   82 04:48:40 -2289914.750000        0.739184
FIRE:   83 04:48:40 -2289914.750000        0.625378
FIRE:   84 04:48:40 -2289914.000000        0.615818
FIRE:   85 04:48:41 -2289914.000000        0.596862
FIRE:   86 04:48:41 -2289915.000000        0.568798
FIRE:   87 04:48:41 -2289914.500000        0.532138
FIRE:   88 04:48:41 -2289914.500000        0.488096
FIRE:   89 04:48:41 -2289914.750000        0.439109
FIRE:   90 04:48:41 -2289914.750000        0.388289
FIRE:   91 04:48:41 -2289915.000000        0.358884
FIRE:   92 04:48:41 -2289914.750000        0.353210
FIRE:   93 04:48:41 -2289914.750000        0.346495
FIRE:   94 04:48:41 -2289914.250000        0.338271
FIRE:   95 04:48:41 -2289914.500000        0.328321
FIRE:   96 04:48:41 -2289915.000000        0.316537
FIRE:   97 04:48:41 -2289915.000000        0.303212
FIRE:   98 04:48:41 -2289914.000000        0.289388
FIRE:   99 04:48:42 -2289915.000000        0.276503
FIRE:  100 04:48:42 -2289914.250000        0.265803
FIRE:  101 04:48:42 -2289914.250000        0.255202
FIRE:  102 04:48:42 -2289913.750000        0.240410
FIRE:  103 04:48:42 -2289915.750000        0.221082
FIRE:  104 04:48:42 -2289914.750000        0.197456
FIRE:  105 04:48:42 -2289915.500000        0.297238
FIRE:  106 04:48:42 -2289915.250000        0.625917
FIRE:  107 04:48:42 -2289922.750000        1.338520
FIRE:  108 04:48:42 -2289922.750000        3.001754
FIRE:  109 04:48:42 -2289923.000000        0.253436
FIRE:  110 04:48:42 -2289922.750000        3.311651
FIRE:  111 04:48:42 -2289922.750000        2.293399
FIRE:  112 04:48:42 -2289923.000000        0.701605
FIRE:  113 04:48:43 -2289923.000000        0.893309
FIRE:  114 04:48:43 -2289923.000000        0.838427
FIRE:  115 04:48:43 -2289923.000000        0.731481
FIRE:  116 04:48:43 -2289923.000000        0.578192
FIRE:  117 04:48:43 -2289923.000000        0.387275
FIRE:  118 04:48:43 -2289923.000000        0.171620
FIRE:  119 04:48:43 -2289923.000000        0.145960
FIRE:  120 04:48:43 -2289921.500000        0.245735
FIRE:  121 04:48:43 -2289921.500000        0.404124
FIRE:  122 04:48:43 -2289923.000000        0.396108
FIRE:  123 04:48:43 -2289923.000000        0.380338
FIRE:  124 04:48:43 -2289923.000000        0.357102
FIRE:  125 04:48:43 -2289923.000000        0.326976
FIRE:  126 04:48:43 -2289923.000000        0.290702
FIRE:  127 04:48:44 -2289921.500000        0.249230
FIRE:  128 04:48:44 -2289921.500000        0.203755
FIRE:  129 04:48:44 -2289923.000000        0.150445
FIRE:  130 04:48:44 -2289923.000000        0.145481
FIRE:  131 04:48:44 -2289923.000000        0.143521
FIRE:  132 04:48:44 -2289923.000000        0.144131
FIRE:  133 04:48:44 -2289923.000000        0.147008
FIRE:  134 04:48:44 -2289923.000000        0.153855
FIRE:  135 04:48:44 -2289923.000000        0.182174
FIRE:  136 04:48:44 -2289923.000000        0.182786
FIRE:  137 04:48:44 -2289923.000000        0.150164
FIRE:  138 04:48:44 -2289923.000000        0.144793
FIRE:  139 04:48:44 -2289923.000000        0.142874
FIRE:  140 04:48:44 -2289923.000000        0.145435
FIRE:  141 04:48:44 -2289923.000000        0.147943
FIRE:  142 04:48:44 -2289923.000000        0.145406
FIRE:  143 04:48:44 -2289923.000000        0.141984
FIRE:  144 04:48:44 -2289923.000000        0.145553
FIRE:  145 04:48:45 -2289923.000000        0.147047
FIRE:  146 04:48:45 -2289923.000000        0.141155
FIRE:  147 04:48:45 -2289923.000000        0.143354
FIRE:  148 04:48:45 -2289923.000000        0.140537
FIRE:  149 04:48:45 -2289923.000000        0.144373
FIRE:  150 04:48:45 -2289923.250000        0.140628
FIRE:  151 04:48:45 -2289923.250000        0.142883
FIRE:  152 04:48:45 -2289923.250000        0.140316
FIRE:  153 04:48:45 -2289923.250000        0.136999
FIRE:  154 04:48:45 -2289923.250000        0.155124
FIRE:  155 04:48:45 -2289923.500000        0.373009
FIRE:  156 04:48:45 -2289917.250000        1.436445
FIRE:  157 04:48:45 -2289915.750000        4.423686
FIRE:  158 04:48:45 -2289917.500000        1.166449
FIRE:  159 04:48:45 -2289917.500000        0.832157
FIRE:  160 04:48:45 -2289917.500000        0.242063
FIRE:  161 04:48:45 -2289917.750000        0.424471
FIRE:  162 04:48:46 -2289918.000000        0.391517
FIRE:  163 04:48:46 -2289917.500000        0.328500
FIRE:  164 04:48:46 -2289917.500000        0.241236
FIRE:  165 04:48:46 -2289917.500000        0.138340
FIRE:  166 04:48:46 -2289917.500000        0.118926
FIRE:  167 04:48:46 -2289917.500000        0.118789
FIRE:  168 04:48:46 -2289917.500000        0.149320
FIRE:  169 04:48:46 -2289917.750000        0.204919
FIRE:  170 04:48:46 -2289917.500000        0.222947
FIRE:  171 04:48:46 -2289918.000000        0.192894
FIRE:  172 04:48:46 -2289916.750000        0.117538
FIRE:  173 04:48:46 -2289917.500000        0.117222
FIRE:  174 04:48:46 -2289917.750000        0.123540
FIRE:  175 04:48:46 -2289917.500000        0.176028
FIRE:  176 04:48:46 -2289917.750000        0.121902
FIRE:  177 04:48:46 -2289917.750000        0.116445
FIRE:  178 04:48:46 -2289917.500000        0.148406
FIRE:  179 04:48:47 -2289922.250000        0.117439
FIRE:  180 04:48:47 -2289921.750000        0.116830
FIRE:  181 04:48:47 -2289921.750000        0.141947
FIRE:  182 04:48:47 -2289922.250000        0.116658
FIRE:  183 04:48:47 -2289922.250000        0.123535
FIRE:  184 04:48:47 -2289922.250000        0.152464
FIRE:  185 04:48:47 -2289918.000000        0.115798
FIRE:  186 04:48:47 -2289917.750000        0.116057
FIRE:  187 04:48:47 -2289918.000000        0.127444
FIRE:  188 04:48:47 -2289917.750000        0.328853
FIRE:  189 04:48:47 -2289918.000000        1.258416
FIRE:  190 04:48:47 -2289917.750000        4.025760
FIRE:  191 04:48:47 -2289918.250000        1.172430
FIRE:  192 04:48:47 -2289918.000000        0.823126
FIRE:  193 04:48:47 -2289918.250000        0.223363
FIRE:  194 04:48:47 -2289918.500000        0.488893
FIRE:  195 04:48:48 -2289918.250000        0.451015
FIRE:  196 04:48:48 -2289918.000000        0.378422
FIRE:  197 04:48:48 -2289917.750000        0.278123
FIRE:  198 04:48:48 -2289918.000000        0.159363
FIRE:  199 04:48:48 -2289918.500000        0.104790
FIRE:  200 04:48:48 -2289918.000000        0.104259
FIRE:  201 04:48:48 -2289918.250000        0.175722
FIRE:  202 04:48:48 -2289918.000000        0.224675
FIRE:  203 04:48:48 -2289918.750000        0.240096
FIRE:  204 04:48:48 -2289918.250000        0.203113
FIRE:  205 04:48:48 -2289918.500000        0.119834
FIRE:  206 04:48:48 -2289918.000000        0.103098
FIRE:  207 04:48:48 -2289917.750000        0.154617
FIRE:  208 04:48:48 -2289918.000000        0.213476
FIRE:  209 04:48:48 -2289918.000000        0.156102
FIRE:  210 04:48:48 -2289918.000000        0.102011
FIRE:  211 04:48:48 -2289917.000000        0.149355
FIRE:  212 04:48:48 -2289917.250000        0.131013
FIRE:  213 04:48:49 -2289918.000000        0.104533
FIRE:  214 04:48:49 -2289917.750000        0.175739
FIRE:  215 04:48:49 -2289918.000000        0.100360
FIRE:  216 04:48:49 -2289918.250000        0.140093
FIRE:  217 04:48:49 -2289924.250000        0.151483
FIRE:  218 04:48:49 -2289924.250000        0.102954
FIRE:  219 04:48:49 -2289924.250000        0.118417
FIRE:  220 04:48:49 -2289924.250000        0.274812
FIRE:  221 04:48:49 -2289924.500000        0.621181
FIRE:  222 04:48:49 -2289922.500000        1.686751
FIRE:  223 04:48:49 -2289922.250000        0.193683
FIRE:  224 04:48:49 -2289922.500000        0.146542
FIRE:  225 04:48:49 -2289923.000000        0.090794
FIRE:  226 04:48:49 -2289922.500000        0.085910
FIRE:  227 04:48:49 -2289921.500000        0.138565
FIRE:  228 04:48:49 -2289922.250000        0.161418
FIRE:  229 04:48:49 -2289922.250000        0.125175
FIRE:  230 04:48:50 -2289922.500000        0.085926
FIRE:  231 04:48:50 -2289922.250000        0.091658
FIRE:  232 04:48:50 -2289922.500000        0.112563
FIRE:  233 04:48:50 -2289922.500000        0.094304
FIRE:  234 04:48:50 -2289922.500000        0.087452
FIRE:  235 04:48:50 -2289921.750000        0.118663
FIRE:  236 04:48:50 -2289922.000000        0.087296
FIRE:  237 04:48:50 -2289922.000000        0.098486
FIRE:  238 04:48:50 -2289922.250000        0.086563
FIRE:  239 04:48:50 -2289922.000000        0.125173
FIRE:  240 04:48:50 -2289922.000000        0.093774
FIRE:  241 04:48:50 -2289922.500000        0.082933
FIRE:  242 04:48:50 -2289923.000000        0.117937
FIRE:  243 04:48:50 -2289922.750000        0.237439
FIRE:  244 04:48:50 -2289922.750000        0.848862
FIRE:  245 04:48:50 -2289922.250000        2.264344
FIRE:  246 04:48:50 -2289922.750000        0.346578
FIRE:  247 04:48:51 -2289922.750000        0.244049
FIRE:  248 04:48:51 -2289923.000000        0.100090
FIRE:  249 04:48:51 -2289922.250000        0.136224
FIRE:  250 04:48:51 -2289923.000000        0.255405
FIRE:  251 04:48:51 -2289922.250000        0.268560
FIRE:  252 04:48:51 -2289923.000000        0.177139
FIRE:  253 04:48:51 -2289923.000000        0.068399
FIRE:  254 04:48:51 -2289922.500000        0.154023
FIRE:  255 04:48:51 -2289923.000000        0.201612
FIRE:  256 04:48:51 -2289922.250000        0.109241
FIRE:  257 04:48:51 -2289922.750000        0.131214
FIRE:  258 04:48:51 -2289922.250000        0.185424
FIRE:  259 04:48:51 -2289922.750000        0.075311
FIRE:  260 04:48:51 -2289924.750000        0.171507
FIRE:  261 04:48:51 -2289924.750000        0.083137
FIRE:  262 04:48:52 -2289924.750000        0.135282
FIRE:  263 04:48:52 -2289924.750000        0.214324
FIRE:  264 04:48:52 -2289925.000000        0.286301
FIRE:  265 04:48:52 -2289925.000000        0.455404
FIRE:  266 04:48:52 -2289925.000000        1.133755
FIRE:  267 04:48:52 -2289923.250000        2.825880
FIRE:  268 04:48:52 -2289925.000000        0.106081
FIRE:  269 04:48:52 -2289925.000000        3.106419
FIRE:  270 04:48:52 -2289925.000000        2.126794
FIRE:  271 04:48:52 -2289925.000000        0.595474
FIRE:  272 04:48:52 -2289925.000000        0.931884
FIRE:  273 04:48:52 -2289925.000000        0.871696
FIRE:  274 04:48:52 -2289925.000000        0.754408
FIRE:  275 04:48:52 -2289925.000000        0.586678
FIRE:  276 04:48:53 -2289925.000000        0.378690
FIRE:  277 04:48:53 -2289925.000000        0.170312
FIRE:  278 04:48:53 -2289925.000000        0.100348
FIRE:  279 04:48:53 -2289925.000000        0.301005
FIRE:  280 04:48:53 -2289925.000000        0.296098
FIRE:  281 04:48:53 -2289925.000000        0.286506
FIRE:  282 04:48:53 -2289925.000000        0.272366
FIRE:  283 04:48:53 -2289925.000000        0.254054
FIRE:  284 04:48:53 -2289925.000000        0.231898
FIRE:  285 04:48:53 -2289925.000000        0.206375
FIRE:  286 04:48:53 -2289925.000000        0.178431
FIRE:  287 04:48:53 -2289925.000000        0.145442
FIRE:  288 04:48:53 -2289925.000000        0.108001
FIRE:  289 04:48:53 -2289925.000000        0.078508
FIRE:  290 04:48:54 -2289925.000000        0.078603
FIRE:  291 04:48:54 -2289925.000000        0.079330
FIRE:  292 04:48:54 -2289925.000000        0.106294
FIRE:  293 04:48:54 -2289925.000000        0.128133
FIRE:  294 04:48:54 -2289925.000000        0.138155
FIRE:  295 04:48:54 -2289925.000000        0.131587
FIRE:  296 04:48:54 -2289925.000000        0.106757
FIRE:  297 04:48:54 -2289925.000000        0.079157
FIRE:  298 04:48:54 -2289925.000000        0.079199
FIRE:  299 04:48:54 -2289925.000000        0.100118
FIRE:  300 04:48:54 -2289925.000000        0.118739
FIRE:  301 04:48:54 -2289925.000000        0.087014
FIRE:  302 04:48:54 -2289925.000000        0.080228
FIRE:  303 04:48:54 -2289925.000000        0.094711
FIRE:  304 04:48:55 -2289925.000000        0.094872
FIRE:  305 04:48:55 -2289925.000000        0.081746
FIRE:  306 04:48:55 -2289925.000000        0.102807
FIRE:  307 04:48:55 -2289925.000000        0.083484
FIRE:  308 04:48:55 -2289925.000000        0.099979
FIRE:  309 04:48:55 -2289925.000000        0.085862
FIRE:  310 04:48:55 -2289925.000000        0.102113
FIRE:  311 04:48:55 -2289925.000000        0.128365
FIRE:  312 04:48:55 -2289923.500000        0.180704
FIRE:  313 04:48:55 -2289923.750000        0.322564
FIRE:  314 04:48:55 -2289923.500000        0.949016
FIRE:  315 04:48:55 -2289923.500000        2.484120
FIRE:  316 04:48:55 -2289923.500000        0.096535
FIRE:  317 04:48:55 -2289923.500000        2.662610
FIRE:  318 04:48:55 -2289923.750000        1.854177
FIRE:  319 04:48:56 -2289923.750000        0.567057
FIRE:  320 04:48:56 -2289923.750000        0.749251
FIRE:  321 04:48:56 -2289923.750000        0.700640
FIRE:  322 04:48:56 -2289923.750000        0.606057
FIRE:  323 04:48:56 -2289923.500000        0.471095
FIRE:  324 04:48:56 -2289923.750000        0.304190
FIRE:  325 04:48:56 -2289923.750000        0.145775
FIRE:  326 04:48:56 -2289923.750000        0.096500
FIRE:  327 04:48:56 -2289923.750000        0.235960
FIRE:  328 04:48:56 -2289923.750000        0.366356
FIRE:  329 04:48:56 -2289923.750000        0.440945
FIRE:  330 04:48:56 -2289923.750000        0.439430
FIRE:  331 04:48:56 -2289923.750000        0.348516
FIRE:  332 04:48:56 -2289923.750000        0.171040
FIRE:  333 04:48:57 -2289923.750000        0.097146
FIRE:  334 04:48:57 -2289923.750000        0.256867
FIRE:  335 04:48:57 -2289923.750000        0.319535
FIRE:  336 04:48:57 -2289923.750000        0.200249
FIRE:  337 04:48:57 -2289923.750000        0.097898
FIRE:  338 04:48:57 -2289923.750000        0.293867
FIRE:  339 04:48:57 -2289923.750000        0.222785
FIRE:  340 04:48:57 -2289923.750000        0.131855
FIRE:  341 04:48:57 -2289923.750000        0.243560
FIRE:  342 04:48:57 -2289923.750000        0.100532
FIRE:  343 04:48:57 -2289923.750000        0.245388
FIRE:  344 04:48:57 -2289919.250000        0.227870
FIRE:  345 04:48:57 -2289919.750000        0.103090
FIRE:  346 04:48:57 -2289919.000000        0.121209
FIRE:  347 04:48:58 -2289920.000000        0.359729
FIRE:  348 04:48:58 -2289920.000000        1.167397
FIRE:  349 04:48:58 -2289920.000000        3.057470
FIRE:  350 04:48:58 -2289919.750000        0.104919
FIRE:  351 04:48:58 -2289920.000000        3.421195
FIRE:  352 04:48:58 -2289920.000000        2.309092
FIRE:  353 04:48:58 -2289920.000000        0.593387
FIRE:  354 04:48:58 -2289919.250000        1.083280
FIRE:  355 04:48:58 -2289918.750000        1.012336
FIRE:  356 04:48:58 -2289920.000000        0.874078
FIRE:  357 04:48:58 -2289919.750000        0.676026
FIRE:  358 04:48:58 -2289919.750000        0.429600
FIRE:  359 04:48:58 -2289919.750000        0.181901
FIRE:  360 04:48:58 -2289919.000000        0.130230
FIRE:  361 04:48:59 -2289919.000000        0.369709
FIRE:  362 04:48:59 -2289919.750000        0.363631
FIRE:  363 04:48:59 -2289919.250000        0.351469
FIRE:  364 04:48:59 -2289919.750000        0.333552
FIRE:  365 04:48:59 -2289920.000000        0.310330
FIRE:  366 04:48:59 -2289920.000000        0.282200
FIRE:  367 04:48:59 -2289919.750000        0.249848
FIRE:  368 04:48:59 -2289920.000000        0.214096
FIRE:  369 04:48:59 -2289918.750000        0.171692
FIRE:  370 04:48:59 -2289920.000000        0.123039
FIRE:  371 04:48:59 -2289919.000000        0.104830
FIRE:  372 04:48:59 -2289920.000000        0.104888
FIRE:  373 04:48:59 -2289918.750000        0.104943
FIRE:  374 04:48:59 -2289920.000000        0.120122
FIRE:  375 04:49:00 -2289919.750000        0.148518
FIRE:  376 04:49:00 -2289920.000000        0.159865
FIRE:  377 04:49:00 -2289918.750000        0.148766
FIRE:  378 04:49:00 -2289920.000000        0.112701
FIRE:  379 04:49:00 -2289920.000000        0.105065
FIRE:  380 04:49:00 -2289920.000000        0.105041
FIRE:  381 04:49:00 -2289920.000000        0.122654
FIRE:  382 04:49:00 -2289920.000000        0.141895
FIRE:  383 04:49:00 -2289919.250000        0.105118
FIRE:  384 04:49:00 -2289919.250000        0.105210
FIRE:  385 04:49:00 -2289919.250000        0.105267
FIRE:  386 04:49:00 -2289919.750000        0.105216
FIRE:  387 04:49:00 -2289919.250000        0.105031
FIRE:  388 04:49:00 -2289920.000000        0.123600
FIRE:  389 04:49:01 -2289919.000000        0.104633
FIRE:  390 04:49:01 -2289920.000000        0.110368
FIRE:  391 04:49:01 -2289920.000000        0.103693
FIRE:  392 04:49:01 -2289919.250000        0.110380
FIRE:  393 04:49:01 -2289920.000000        0.149000
FIRE:  394 04:49:01 -2289920.000000        0.235387
FIRE:  395 04:49:01 -2289919.250000        0.419573
FIRE:  396 04:49:01 -2289920.000000        1.168132
FIRE:  397 04:49:01 -2289919.000000        2.942063
FIRE:  398 04:49:01 -2289919.000000        0.131145
FIRE:  399 04:49:01 -2289920.000000        3.263317
FIRE:  400 04:49:01 -2289920.250000        2.228111
FIRE:  401 04:49:01 -2289919.750000        0.615564
FIRE:  402 04:49:01 -2289920.250000        0.982431
FIRE:  403 04:49:01 -2289920.250000        0.918546
FIRE:  404 04:49:02 -2289919.500000        0.794078
FIRE:  405 04:49:02 -2289919.750000        0.615847
FIRE:  406 04:49:02 -2289920.250000        0.394474
FIRE:  407 04:49:02 -2289920.250000        0.177039
FIRE:  408 04:49:02 -2289920.250000        0.132811
FIRE:  409 04:49:02 -2289920.000000        0.323827
FIRE:  410 04:49:02 -2289919.250000        0.494610
FIRE:  411 04:49:02 -2289919.000000        0.589522
FIRE:  412 04:49:02 -2289919.000000        0.583196
FIRE:  413 04:49:02 -2289920.250000        0.458833
FIRE:  414 04:49:02 -2289919.250000        0.220187
FIRE:  415 04:49:02 -2289920.250000        0.134602
FIRE:  416 04:49:02 -2289920.000000        0.340825
FIRE:  417 04:49:02 -2289920.250000        0.423640
FIRE:  418 04:49:03 -2289920.250000        0.271017
FIRE:  419 04:49:03 -2289920.250000        0.137320
FIRE:  420 04:49:03 -2289919.750000        0.382708
FIRE:  421 04:49:03 -2289920.250000        0.304295
FIRE:  422 04:49:03 -2289920.250000        0.149671
FIRE:  423 04:49:03 -2289925.750000        0.324108
FIRE:  424 04:49:03 -2289925.750000        0.144966
FIRE:  425 04:49:03 -2289926.000000        0.337903
FIRE:  426 04:49:03 -2289926.000000        0.258273
FIRE:  427 04:49:03 -2289926.000000        0.156492
FIRE:  428 04:49:03 -2289926.000000        0.269080
FIRE:  429 04:49:03 -2289926.000000        0.670607
FIRE:  430 04:49:03 -2289926.000000        1.790289
FIRE:  431 04:49:03 -2289926.000000        4.278838
FIRE:  432 04:49:04 -2289926.000000        0.236833
FIRE:  433 04:49:04 -2289926.000000        5.268724
FIRE:  434 04:49:04 -2289926.000000        3.390079
FIRE:  435 04:49:04 -2289926.000000        0.665729
FIRE:  436 04:49:04 -2289924.500000        1.790474
FIRE:  437 04:49:04 -2289924.500000        1.676908
FIRE:  438 04:49:04 -2289926.000000        1.454566
FIRE:  439 04:49:04 -2289926.000000        1.133134
FIRE:  440 04:49:04 -2289926.000000        0.728453
FIRE:  441 04:49:04 -2289924.500000        0.306297
FIRE:  442 04:49:04 -2289926.000000        0.218031
FIRE:  443 04:49:04 -2289926.000000        0.214719
FIRE:  444 04:49:04 -2289926.000000        0.208253
FIRE:  445 04:49:04 -2289926.000000        0.198680
FIRE:  446 04:49:05 -2289926.000000        0.192760
FIRE:  447 04:49:05 -2289926.000000        0.192777
FIRE:  448 04:49:05 -2289926.000000        0.192788
FIRE:  449 04:49:05 -2289924.500000        0.192807
FIRE:  450 04:49:05 -2289926.000000        0.192831
FIRE:  451 04:49:05 -2289926.000000        0.192857
FIRE:  452 04:49:05 -2289926.000000        0.192889
FIRE:  453 04:49:05 -2289924.500000        0.192933
FIRE:  454 04:49:05 -2289926.000000        0.192991
FIRE:  455 04:49:05 -2289924.500000        0.193052
FIRE:  456 04:49:05 -2289926.000000        0.193130
FIRE:  457 04:49:05 -2289926.000000        0.193213
FIRE:  458 04:49:05 -2289926.000000        0.193320
FIRE:  459 04:49:05 -2289924.500000        0.193437
FIRE:  460 04:49:06 -2289924.500000        0.193567
FIRE:  461 04:49:06 -2289926.000000        0.193704
FIRE:  462 04:49:06 -2289926.250000        0.193845
FIRE:  463 04:49:06 -2289926.250000        0.193980
FIRE:  464 04:49:06 -2289926.250000        0.194087
FIRE:  465 04:49:06 -2289926.250000        0.194132
FIRE:  466 04:49:06 -2289926.250000        0.194289
FIRE:  467 04:49:06 -2289924.750000        0.194429
FIRE:  468 04:49:06 -2289926.250000        0.194345
FIRE:  469 04:49:06 -2289926.250000        0.193954
FIRE:  470 04:49:06 -2289926.250000        0.193111
FIRE:  471 04:49:06 -2289926.250000        0.191554
FIRE:  472 04:49:06 -2289926.250000        0.196792
FIRE:  473 04:49:06 -2289926.250000        0.222289
FIRE:  474 04:49:06 -2289926.250000        0.226350
FIRE:  475 04:49:07 -2289926.250000        0.237702
FIRE:  476 04:49:07 -2289926.500000        0.274837
FIRE:  477 04:49:07 -2289926.500000        0.989155
FIRE:  478 04:49:07 -2289926.500000        3.001709
FIRE:  479 04:49:07 -2289926.500000        0.197750
FIRE:  480 04:49:07 -2289926.500000        3.329515
FIRE:  481 04:49:07 -2289926.500000        2.252471
FIRE:  482 04:49:07 -2289926.500000        0.585480
FIRE:  483 04:49:07 -2289926.500000        1.042241
FIRE:  484 04:49:07 -2289926.500000        0.973509
FIRE:  485 04:49:07 -2289926.500000        0.839713
FIRE:  486 04:49:07 -2289926.500000        0.648113
FIRE:  487 04:49:07 -2289926.500000        0.410570
FIRE:  488 04:49:07 -2289926.500000        0.199673
FIRE:  489 04:49:07 -2289926.500000        0.199384
FIRE:  490 04:49:07 -2289926.500000        0.352701
FIRE:  491 04:49:07 -2289926.500000        0.531799
FIRE:  492 04:49:07 -2289926.500000        0.627271
FIRE:  493 04:49:08 -2289926.500000        0.610659
FIRE:  494 04:49:08 -2289926.500000        0.464858
FIRE:  495 04:49:08 -2289926.500000        0.198010
FIRE:  496 04:49:08 -2289926.500000        0.194340
FIRE:  497 04:49:08 -2289926.500000        0.384680
FIRE:  498 04:49:08 -2289926.500000        0.441962
FIRE:  499 04:49:08 -2289926.750000        0.241631
FIRE:  500 04:49:08 -2289926.750000        0.189790
FIRE:  501 04:49:08 -2289926.750000        0.427029
FIRE:  502 04:49:08 -2289926.750000        0.263456
FIRE:  503 04:49:08 -2289926.750000        0.230762
FIRE:  504 04:49:08 -2289926.750000        0.314371
FIRE:  505 04:49:08 -2289926.750000        0.223115
FIRE:  506 04:49:08 -2289926.750000        0.273114
FIRE:  507 04:49:08 -2289926.750000        0.399938
FIRE:  508 04:49:08 -2289926.750000        0.259676
FIRE:  509 04:49:08 -2289926.750000        0.167779
FIRE:  510 04:49:09 -2289926.750000        0.163042
FIRE:  511 04:49:09 -2289925.500000        0.531994
FIRE:  512 04:49:09 -2289927.000000        1.868487
FIRE:  513 04:49:09 -2289927.000000        0.244819
FIRE:  514 04:49:09 -2289927.000000        0.182510
FIRE:  515 04:49:09 -2289927.000000        0.137559
FIRE:  516 04:49:09 -2289927.000000        0.137067
FIRE:  517 04:49:09 -2289927.000000        0.190210
FIRE:  518 04:49:09 -2289925.500000        0.208334
FIRE:  519 04:49:09 -2289925.500000        0.147386
FIRE:  520 04:49:09 -2289927.000000        0.133588
FIRE:  521 04:49:09 -2289927.000000        0.132461
FIRE:  522 04:49:09 -2289927.000000        0.147345
FIRE:  523 04:49:09 -2289927.000000        0.130186
FIRE:  524 04:49:09 -2289927.000000        0.129001
FIRE:  525 04:49:09 -2289927.000000        0.152430
FIRE:  526 04:49:09 -2289927.000000        0.125778
FIRE:  527 04:49:09 -2289927.000000        0.133499
FIRE:  528 04:49:10 -2289927.000000        0.123631
FIRE:  529 04:49:10 -2289927.000000        0.123980
FIRE:  530 04:49:10 -2289927.000000        0.167568
FIRE:  531 04:49:10 -2289927.000000        0.236565
FIRE:  532 04:49:10 -2289927.000000        0.351772
FIRE:  533 04:49:10 -2289927.000000        0.925422
FIRE:  534 04:49:10 -2289927.000000        2.214573
FIRE:  535 04:49:10 -2289927.000000        0.132328
FIRE:  536 04:49:10 -2289927.000000        2.341645
FIRE:  537 04:49:10 -2289927.000000        1.667764
FIRE:  538 04:49:10 -2289927.000000        0.575099
FIRE:  539 04:49:10 -2289927.250000        0.572652
FIRE:  540 04:49:10 -2289927.250000        0.535590
FIRE:  541 04:49:10 -2289927.250000        0.463629
FIRE:  542 04:49:10 -2289927.250000        0.360717
FIRE:  543 04:49:11 -2289927.250000        0.251953
FIRE:  544 04:49:11 -2289927.250000        0.131408
FIRE:  545 04:49:11 -2289922.500000        0.119182
FIRE:  546 04:49:11 -2289927.250000        0.178483
FIRE:  547 04:49:11 -2289927.250000        0.282268
FIRE:  548 04:49:11 -2289927.250000        0.345214
FIRE:  549 04:49:11 -2289927.250000        0.351343
FIRE:  550 04:49:11 -2289927.250000        0.289229
FIRE:  551 04:49:11 -2289927.250000        0.158715
FIRE:  552 04:49:11 -2289927.250000        0.116327
FIRE:  553 04:49:11 -2289927.250000        0.185551
FIRE:  554 04:49:11 -2289927.250000        0.237400
FIRE:  555 04:49:11 -2289927.250000        0.171932
FIRE:  556 04:49:11 -2289927.250000        0.111509
FIRE:  557 04:49:11 -2289927.250000        0.229127
FIRE:  558 04:49:11 -2289927.250000        0.199489
FIRE:  559 04:49:11 -2289927.250000        0.103155
FIRE:  560 04:49:11 -2289927.250000        0.198653
FIRE:  561 04:49:12 -2289927.250000        0.097172
FIRE:  562 04:49:12 -2289927.250000        0.221868
FIRE:  563 04:49:12 -2289927.250000        0.156882
FIRE:  564 04:49:12 -2289927.250000        0.091012
FIRE:  565 04:49:12 -2289927.250000        1.778744
FIRE:  566 04:49:12 -2289927.250000        0.802035
FIRE:  567 04:49:12 -2289927.250000        0.508169
FIRE:  568 04:49:12 -2289927.250000        1.125349
FIRE:  569 04:49:12 -2289927.250000        0.624861
FIRE:  570 04:49:12 -2289927.250000        0.830397
FIRE:  571 04:49:12 -2289927.250000        0.605425
FIRE:  572 04:49:12 -2289927.250000        0.313040
FIRE:  573 04:49:12 -2289927.250000        0.262001
FIRE:  574 04:49:12 -2289927.250000        0.458415
FIRE:  575 04:49:12 -2289927.250000        0.540586
FIRE:  576 04:49:12 -2289927.250000        0.425029
FIRE:  577 04:49:12 -2289927.250000        0.199005
FIRE:  578 04:49:13 -2289927.250000        0.210759
FIRE:  579 04:49:13 -2289927.250000        0.455142
FIRE:  580 04:49:13 -2289927.250000        0.396741
FIRE:  581 04:49:13 -2289927.250000        0.102346
FIRE:  582 04:49:13 -2289927.250000        0.339993
FIRE:  583 04:49:13 -2289927.250000        0.271704
FIRE:  584 04:49:13 -2289927.250000        0.236548
FIRE:  585 04:49:13 -2289927.250000        0.340167
FIRE:  586 04:49:13 -2289927.250000        0.228950
FIRE:  587 04:49:13 -2289927.250000        0.165641
FIRE:  588 04:49:13 -2289927.500000        0.475510
FIRE:  589 04:49:13 -2289927.500000        0.459394
FIRE:  590 04:49:13 -2289927.500000        0.586476
FIRE:  591 04:49:13 -2289927.500000        1.052449
FIRE:  592 04:49:13 -2289927.500000        0.101427
FIRE:  593 04:49:13 -2289927.500000        1.013308
FIRE:  594 04:49:13 -2289927.500000        0.762243
FIRE:  595 04:49:14 -2289927.500000        0.333687
FIRE:  596 04:49:14 -2289927.500000        0.176809
FIRE:  597 04:49:14 -2289927.500000        0.168071
FIRE:  598 04:49:14 -2289927.500000        0.151251
FIRE:  599 04:49:14 -2289927.500000        0.127557
FIRE:  600 04:49:14 -2289927.500000        0.098840
FIRE:  601 04:49:14 -2289927.500000        0.076027
FIRE:  602 04:49:14 -2289927.500000        0.076025
FIRE:  603 04:49:14 -2289927.500000        0.076011
FIRE:  604 04:49:14 -2289927.500000        0.087892
FIRE:  605 04:49:14 -2289927.500000        0.109130
FIRE:  606 04:49:14 -2289927.500000        0.115347
FIRE:  607 04:49:14 -2289927.500000        0.101983
FIRE:  608 04:49:14 -2289927.500000        0.075620
FIRE:  609 04:49:15 -2289927.500000        0.075433
FIRE:  610 04:49:15 -2289927.500000        0.075210
FIRE:  611 04:49:15 -2289927.500000        0.088638
FIRE:  612 04:49:15 -2289927.500000        0.074723
FIRE:  613 04:49:15 -2289927.500000        0.074473
FIRE:  614 04:49:15 -2289927.500000        0.082088
FIRE:  615 04:49:15 -2289927.500000        0.073952
FIRE:  616 04:49:15 -2289927.500000        0.073315
FIRE:  617 04:49:15 -2289927.500000        0.079467
FIRE:  618 04:49:15 -2289927.500000        0.072367
FIRE:  619 04:49:15 -2289927.500000        0.081373
FIRE:  620 04:49:15 -2289927.500000        0.074784
FIRE:  621 04:49:15 -2289927.500000        0.070775
FIRE:  622 04:49:16 -2289927.500000        0.070030
FIRE:  623 04:49:16 -2289927.500000        0.113339
FIRE:  624 04:49:16 -2289922.750000        0.356647
FIRE:  625 04:49:16 -2289923.750000        1.077761
FIRE:  626 04:49:16 -2289924.000000        3.889675
FIRE:  627 04:49:16 -2289924.000000        1.144309
FIRE:  628 04:49:16 -2289924.000000        0.814827
FIRE:  629 04:49:16 -2289924.000000        0.266964
FIRE:  630 04:49:16 -2289924.000000        0.441681
FIRE:  631 04:49:16 -2289924.250000        0.409921
FIRE:  632 04:49:16 -2289923.500000        0.349231
FIRE:  633 04:49:16 -2289923.750000        0.264712
FIRE:  634 04:49:16 -2289924.000000        0.164415
FIRE:  635 04:49:17 -2289924.000000        0.064062
FIRE:  636 04:49:17 -2289924.250000        0.095876
FIRE:  637 04:49:17 -2289924.250000        0.158877
FIRE:  638 04:49:17 -2289924.250000        0.203153
FIRE:  639 04:49:17 -2289924.000000        0.217983
FIRE:  640 04:49:17 -2289924.250000        0.195291
FIRE:  641 04:49:17 -2289924.000000        0.132363
FIRE:  642 04:49:17 -2289924.250000        0.063377
FIRE:  643 04:49:17 -2289924.500000        0.130748
FIRE:  644 04:49:17 -2289924.250000        0.195482
FIRE:  645 04:49:17 -2289924.250000        0.164239
FIRE:  646 04:49:17 -2289923.500000        0.078549
FIRE:  647 04:49:17 -2289923.750000        0.132515
FIRE:  648 04:49:17 -2289923.750000        0.144210
FIRE:  649 04:49:18 -2289923.750000        0.061881
FIRE:  650 04:49:18 -2289924.000000        0.171089
FIRE:  651 04:49:18 -2289924.250000        0.061067
FIRE:  652 04:49:18 -2289924.500000        0.154427
FIRE:  653 04:49:18 -2289924.500000        0.095055
FIRE:  654 04:49:18 -2289923.000000        0.086543
FIRE:  655 04:49:18 -2289924.500000        0.190367
FIRE:  656 04:49:18 -2289924.000000        0.426243
FIRE:  657 04:49:18 -2289924.250000        0.828849
FIRE:  658 04:49:18 -2289924.500000        2.126902
FIRE:  659 04:49:18 -2289924.250000        0.198996
FIRE:  660 04:49:18 -2289924.250000        0.157373
FIRE:  661 04:49:18 -2289923.250000        0.086937
FIRE:  662 04:49:18 -2289923.000000        0.064585
FIRE:  663 04:49:19 -2289924.750000        0.137585
FIRE:  664 04:49:19 -2289924.000000        0.164244
FIRE:  665 04:49:19 -2289924.250000        0.136920
FIRE:  666 04:49:19 -2289924.250000        0.069544
FIRE:  667 04:49:19 -2289924.500000        0.069429
FIRE:  668 04:49:19 -2289924.500000        0.116308
FIRE:  669 04:49:19 -2289927.750000        0.102524
FIRE:  670 04:49:19 -2289927.750000        0.066841
FIRE:  671 04:49:19 -2289927.750000        0.119730
FIRE:  672 04:49:19 -2289927.750000        0.078082
FIRE:  673 04:49:19 -2289927.750000        0.096916
FIRE:  674 04:49:19 -2289927.750000        0.076659
FIRE:  675 04:49:19 -2289927.750000        0.126783
FIRE:  676 04:49:20 -2289927.750000        0.068945
FIRE:  677 04:49:20 -2289927.750000        0.064215
FIRE:  678 04:49:20 -2289927.750000        0.146878
FIRE:  679 04:49:20 -2289927.750000        0.322977
FIRE:  680 04:49:20 -2289927.750000        1.039685
FIRE:  681 04:49:20 -2289927.750000        2.692041
FIRE:  682 04:49:20 -2289927.750000        0.068582
FIRE:  683 04:49:20 -2289927.750000        0.058244
FIRE:  684 04:49:20 -2289927.750000        0.058050
FIRE:  685 04:49:20 -2289927.750000        0.057958
FIRE:  686 04:49:20 -2289927.750000        0.060857
FIRE:  687 04:49:20 -2289927.750000        0.059690
FIRE:  688 04:49:20 -2289927.750000        0.057789
FIRE:  689 04:49:20 -2289927.750000        0.057781
FIRE:  690 04:49:21 -2289927.750000        0.057776
FIRE:  691 04:49:21 -2289927.750000        0.057750
FIRE:  692 04:49:21 -2289927.750000        0.057690
FIRE:  693 04:49:21 -2289927.750000        0.057602
FIRE:  694 04:49:21 -2289927.750000        0.057548
FIRE:  695 04:49:21 -2289927.750000        0.057614
FIRE:  696 04:49:21 -2289927.750000        0.057804
FIRE:  697 04:49:21 -2289927.750000        0.058013
FIRE:  698 04:49:21 -2289927.750000        0.058227
FIRE:  699 04:49:21 -2289928.000000        0.058672
FIRE:  700 04:49:21 -2289928.000000        0.071264
FIRE:  701 04:49:21 -2289928.000000        0.111819
FIRE:  702 04:49:21 -2289928.000000        0.257724
FIRE:  703 04:49:21 -2289928.000000        1.032731
FIRE:  704 04:49:22 -2289928.000000        3.086317
FIRE:  705 04:49:22 -2289928.000000        0.351934
FIRE:  706 04:49:22 -2289928.000000        0.252209
FIRE:  707 04:49:22 -2289928.000000        0.086870
FIRE:  708 04:49:22 -2289928.000000        0.136892
FIRE:  709 04:49:22 -2289928.000000        0.214587
FIRE:  710 04:49:22 -2289928.000000        0.221435
FIRE:  711 04:49:22 -2289928.000000        0.146294
FIRE:  712 04:49:22 -2289928.000000        0.061643
FIRE:  713 04:49:22 -2289928.000000        0.152934
FIRE:  714 04:49:22 -2289928.000000        0.201843
FIRE:  715 04:49:22 -2289928.000000        0.112811
FIRE:  716 04:49:22 -2289928.000000        0.107480
FIRE:  717 04:49:23 -2289928.000000        0.162360
FIRE:  718 04:49:23 -2289928.000000        0.060813
FIRE:  719 04:49:23 -2289928.000000        0.183228
FIRE:  720 04:49:23 -2289928.000000        0.060550
FIRE:  721 04:49:23 -2289928.000000        0.164309
FIRE:  722 04:49:23 -2289928.000000        0.183018
FIRE:  723 04:49:23 -2289928.000000        0.135134
FIRE:  724 04:49:23 -2289928.000000        0.195462
FIRE:  725 04:49:23 -2289928.000000        0.437818
FIRE:  726 04:49:23 -2289928.000000        1.481222
FIRE:  727 04:49:23 -2289928.000000        0.198235
FIRE:  728 04:49:23 -2289928.000000        0.154003
FIRE:  729 04:49:23 -2289928.000000        0.081093
FIRE:  730 04:49:23 -2289928.000000        0.075432
FIRE:  731 04:49:24 -2289928.000000        0.147611
FIRE:  732 04:49:24 -2289928.000000        0.167578
FIRE:  733 04:49:24 -2289928.000000        0.130531
FIRE:  734 04:49:24 -2289928.000000        0.059632
FIRE:  735 04:49:24 -2289928.000000        0.086468
FIRE:  736 04:49:24 -2289928.000000        0.124251
FIRE:  737 04:49:24 -2289928.000000        0.094190
FIRE:  738 04:49:24 -2289928.000000        0.063051
FIRE:  739 04:49:24 -2289928.000000        0.126587
FIRE:  740 04:49:24 -2289928.000000        0.058419
FIRE:  741 04:49:24 -2289926.500000        0.112271
FIRE:  742 04:49:24 -2289926.500000        0.057896
FIRE:  743 04:49:24 -2289926.500000        0.129677
FIRE:  744 04:49:25 -2289926.500000        0.116034
FIRE:  745 04:49:25 -2289926.500000        0.096726
FIRE:  746 04:49:25 -2289926.750000        0.103480
FIRE:  747 04:49:25 -2289926.250000        0.256868
FIRE:  748 04:49:25 -2289928.250000        0.751293
FIRE:  749 04:49:25 -2289924.750000        2.710096
FIRE:  750 04:49:25 -2289928.250000        0.712536
FIRE:  751 04:49:25 -2289928.250000        0.501348
FIRE:  752 04:49:25 -2289924.750000        0.169995
FIRE:  753 04:49:25 -2289924.500000        0.279767
FIRE:  754 04:49:25 -2289925.250000        0.260523
FIRE:  755 04:49:25 -2289924.750000        0.223788
FIRE:  756 04:49:25 -2289924.500000        0.172735
FIRE:  757 04:49:25 -2289925.000000        0.112578
FIRE:  758 04:49:26 -2289925.000000        0.059143
FIRE:  759 04:49:26 -2289923.750000        0.070912
FIRE:  760 04:49:26 -2289924.500000        0.107130
FIRE:  761 04:49:26 -2289925.000000        0.134219
FIRE:  762 04:49:26 -2289924.750000        0.143961
FIRE:  763 04:49:26 -2289924.750000        0.130437
FIRE:  764 04:49:26 -2289924.750000        0.092786
FIRE:  765 04:49:26 -2289925.000000        0.058414
FIRE:  766 04:49:26 -2289924.750000        0.093423
FIRE:  767 04:49:26 -2289924.750000        0.129855
FIRE:  768 04:49:26 -2289925.000000        0.106228
FIRE:  769 04:49:26 -2289924.250000        0.057838
FIRE:  770 04:49:26 -2289924.750000        0.098632
FIRE:  771 04:49:27 -2289924.750000        0.096736
FIRE:  772 04:49:27 -2289924.750000        0.057867
FIRE:  773 04:49:27 -2289924.750000        0.114352
FIRE:  774 04:49:27 -2289924.750000        0.058409
FIRE:  775 04:49:27 -2289924.750000        0.102563
FIRE:  776 04:49:27 -2289925.000000        0.093581
FIRE:  777 04:49:27 -2289925.000000        0.061636
FIRE:  778 04:49:27 -2289924.000000        0.086334
FIRE:  779 04:49:27 -2289924.500000        0.211405
FIRE:  780 04:49:27 -2289924.750000        0.522191
FIRE:  781 04:49:27 -2289924.500000        1.588001
FIRE:  782 04:49:27 -2289924.750000        0.123068
FIRE:  783 04:49:27 -2289925.000000        0.100456
FIRE:  784 04:49:27 -2289924.750000        0.073783
FIRE:  785 04:49:28 -2289924.250000        0.073718
FIRE:  786 04:49:28 -2289924.750000        0.086341
FIRE:  787 04:49:28 -2289925.000000        0.101575
FIRE:  788 04:49:28 -2289925.000000        0.086683
FIRE:  789 04:49:28 -2289924.750000        0.073111
FIRE:  790 04:49:28 -2289925.000000        0.072841
FIRE:  791 04:49:28 -2289925.000000        0.078503
FIRE:  792 04:49:28 -2289924.500000        0.072187
FIRE:  793 04:49:28 -2289925.000000        0.071824
FIRE:  794 04:49:28 -2289925.000000        0.077818
FIRE:  795 04:49:28 -2289924.500000        0.070919
FIRE:  796 04:49:28 -2289924.750000        0.071654
FIRE:  797 04:49:28 -2289924.750000        0.072777
FIRE:  798 04:49:29 -2289924.750000        0.081417
FIRE:  799 04:49:29 -2289925.000000        0.074593
FIRE:  800 04:49:29 -2289924.750000        0.074473
FIRE:  801 04:49:29 -2289924.750000        0.079438
FIRE:  802 04:49:29 -2289924.500000        0.164856
FIRE:  803 04:49:29 -2289925.000000        0.627852
FIRE:  804 04:49:29 -2289925.000000        1.921306
FIRE:  805 04:49:29 -2289925.250000        0.087850
FIRE:  806 04:49:29 -2289925.000000        0.075451
FIRE:  807 04:49:29 -2289925.250000        0.075516
FIRE:  808 04:49:29 -2289925.000000        0.075602
FIRE:  809 04:49:29 -2289925.000000        0.075689
FIRE:  810 04:49:29 -2289925.250000        0.075763
FIRE:  811 04:49:29 -2289925.000000        0.075802
FIRE:  812 04:49:30 -2289925.000000        0.075792
FIRE:  813 04:49:30 -2289925.250000        0.075701
FIRE:  814 04:49:30 -2289925.500000        0.075484
FIRE:  815 04:49:30 -2289925.250000        0.075106
FIRE:  816 04:49:30 -2289924.750000        0.074502
FIRE:  817 04:49:30 -2289925.000000        0.073633
FIRE:  818 04:49:30 -2289925.000000        0.072451
FIRE:  819 04:49:30 -2289924.750000        0.070914
FIRE:  820 04:49:30 -2289925.250000        0.069006
FIRE:  821 04:49:30 -2289925.000000        0.068008
FIRE:  822 04:49:30 -2289925.250000        0.067573
FIRE:  823 04:49:30 -2289924.500000        0.082899
FIRE:  824 04:49:30 -2289925.000000        0.159137
FIRE:  825 04:49:30 -2289925.250000        0.407324
FIRE:  826 04:49:31 -2289924.500000        1.379177
FIRE:  827 04:49:31 -2289924.750000        0.080505
FIRE:  828 04:49:31 -2289924.750000        0.069811
FIRE:  829 04:49:31 -2289925.000000        0.065374
FIRE:  830 04:49:31 -2289925.000000        0.065294
FIRE:  831 04:49:31 -2289925.250000        0.065178
FIRE:  832 04:49:31 -2289925.250000        0.065302
FIRE:  833 04:49:31 -2289925.250000        0.064887
FIRE:  834 04:49:31 -2289925.250000        0.064716
FIRE:  835 04:49:31 -2289925.000000        0.064500
FIRE:  836 04:49:31 -2289925.000000        0.064244
FIRE:  837 04:49:31 -2289925.000000        0.063936
FIRE:  838 04:49:31 -2289925.000000        0.063563
FIRE:  839 04:49:31 -2289925.250000        0.063113
FIRE:  840 04:49:32 -2289928.500000        0.062571
FIRE:  841 04:49:32 -2289928.500000        0.061975
FIRE:  842 04:49:32 -2289928.500000        0.061542
FIRE:  843 04:49:32 -2289928.500000        0.063177
FIRE:  844 04:49:32 -2289928.500000        0.065232
FIRE:  845 04:49:32 -2289928.500000        0.067778
FIRE:  846 04:49:32 -2289928.500000        0.069441
FIRE:  847 04:49:32 -2289928.500000        0.108086
FIRE:  848 04:49:32 -2289928.500000        0.391604
FIRE:  849 04:49:32 -2289928.750000        1.304989
FIRE:  850 04:49:32 -2289927.250000        0.068380
FIRE:  851 04:49:32 -2289927.250000        0.065070
FIRE:  852 04:49:32 -2289927.250000        0.065038
FIRE:  853 04:49:33 -2289927.250000        0.064991
FIRE:  854 04:49:33 -2289927.250000        0.064944
FIRE:  855 04:49:33 -2289927.250000        0.064917
FIRE:  856 04:49:33 -2289927.250000        0.064908
FIRE:  857 04:49:33 -2289927.250000        0.064914
FIRE:  858 04:49:33 -2289927.250000        0.064932
FIRE:  859 04:49:33 -2289927.250000        0.064957
FIRE:  860 04:49:33 -2289927.250000        0.064941
FIRE:  861 04:49:33 -2289927.250000        0.064861
FIRE:  862 04:49:33 -2289927.250000        0.064688
FIRE:  863 04:49:33 -2289927.250000        0.064436
FIRE:  864 04:49:33 -2289927.250000        0.064074
FIRE:  865 04:49:33 -2289927.250000        0.063553
FIRE:  866 04:49:33 -2289927.250000        0.062767
FIRE:  867 04:49:34 -2289927.250000        0.061592
FIRE:  868 04:49:34 -2289927.250000        0.061277
FIRE:  869 04:49:34 -2289927.250000        0.083470
FIRE:  870 04:49:34 -2289927.250000        0.180582
FIRE:  871 04:49:34 -2289927.250000        0.746720
FIRE:  872 04:49:34 -2289927.250000        2.328746
FIRE:  873 04:49:34 -2289927.250000        0.247372
FIRE:  874 04:49:34 -2289927.250000        0.180109
FIRE:  875 04:49:34 -2289927.250000        0.068949
FIRE:  876 04:49:34 -2289927.250000        0.093318
FIRE:  877 04:49:34 -2289927.250000        0.149727
FIRE:  878 04:49:34 -2289927.250000        0.154543
FIRE:  879 04:49:34 -2289927.250000        0.108092
FIRE:  880 04:49:34 -2289927.250000        0.058493
FIRE:  881 04:49:35 -2289927.250000        0.112305
FIRE:  882 04:49:35 -2289927.250000        0.144495
FIRE:  883 04:49:35 -2289926.500000        0.075857
FIRE:  884 04:49:35 -2289927.250000        0.088173
FIRE:  885 04:49:35 -2289926.750000        0.117115
FIRE:  886 04:49:35 -2289927.250000        0.059010
FIRE:  887 04:49:35 -2289927.250000        0.130832
FIRE:  888 04:49:35 -2289927.250000        0.064304
FIRE:  889 04:49:35 -2289927.250000        0.089637
FIRE:  890 04:49:35 -2289927.250000        0.161452
FIRE:  891 04:49:35 -2289927.250000        0.177276
FIRE:  892 04:49:35 -2289927.250000        0.326548
FIRE:  893 04:49:35 -2289927.000000        0.682345
FIRE:  894 04:49:35 -2289927.250000        1.927640
FIRE:  895 04:49:35 -2289927.250000        0.228388
FIRE:  896 04:49:36 -2289927.250000        0.176127
FIRE:  897 04:49:36 -2289927.250000        0.088076
FIRE:  898 04:49:36 -2289926.750000        0.076257
FIRE:  899 04:49:36 -2289926.250000        0.165090
FIRE:  900 04:49:36 -2289926.250000        0.193400
FIRE:  901 04:49:36 -2289927.250000        0.154442
FIRE:  902 04:49:36 -2289926.750000        0.068502
FIRE:  903 04:49:36 -2289926.750000        0.080079
FIRE:  904 04:49:36 -2289927.250000        0.133496
FIRE:  905 04:49:36 -2289927.250000        0.109497
FIRE:  906 04:49:36 -2289926.250000        0.057510
FIRE:  907 04:49:36 -2289927.250000        0.140436
FIRE:  908 04:49:36 -2289926.750000        0.074958
FIRE:  909 04:49:36 -2289927.250000        0.112998
FIRE:  910 04:49:36 -2289927.250000        0.071272
FIRE:  911 04:49:36 -2289926.750000        0.153232
FIRE:  912 04:49:36 -2289927.500000        0.086786
FIRE:  913 04:49:36 -2289927.500000        0.057591
FIRE:  914 04:49:37 -2289927.500000        0.119240
FIRE:  915 04:49:37 -2289927.500000        0.307012
FIRE:  916 04:49:37 -2289926.750000        1.024756
FIRE:  917 04:49:37 -2289920.500000        2.797101
FIRE:  918 04:49:37 -2289926.750000        0.157347
FIRE:  919 04:49:37 -2289927.500000        0.118440
FIRE:  920 04:49:37 -2289926.500000        0.072462
FIRE:  921 04:49:37 -2289927.250000        0.072243
FIRE:  922 04:49:37 -2289927.500000        0.098338
FIRE:  923 04:49:37 -2289927.500000        0.100063
FIRE:  924 04:49:37 -2289927.000000        0.072533
FIRE:  925 04:49:37 -2289927.000000        0.070141
FIRE:  926 04:49:37 -2289927.000000        0.072750
FIRE:  927 04:49:37 -2289927.500000        0.089726
FIRE:  928 04:49:37 -2289926.500000        0.066900
FIRE:  929 04:49:37 -2289927.500000        0.065515
FIRE:  930 04:49:37 -2289926.750000        0.079495
FIRE:  931 04:49:38 -2289927.000000        0.062560
FIRE:  932 04:49:38 -2289926.750000        0.084422
FIRE:  933 04:49:38 -2289926.750000        0.062465
FIRE:  934 04:49:38 -2289927.500000        0.062516
FIRE:  935 04:49:38 -2289927.000000        0.103033
FIRE:  936 04:49:38 -2289927.000000        0.139361
FIRE:  937 04:49:38 -2289927.500000        0.299553
FIRE:  938 04:49:38 -2289927.000000        0.675379
FIRE:  939 04:49:38 -2289927.500000        1.882278
FIRE:  940 04:49:38 -2289927.500000        0.186331
FIRE:  941 04:49:38 -2289927.000000        0.145503
FIRE:  942 04:49:38 -2289927.000000        0.077669
FIRE:  943 04:49:38 -2289927.500000        0.064549
FIRE:  944 04:49:38 -2289927.500000        0.131076
FIRE:  945 04:49:38 -2289927.000000        0.155913
FIRE:  946 04:49:38 -2289927.000000        0.127395
FIRE:  947 04:49:38 -2289927.500000        0.065052
FIRE:  948 04:49:39 -2289926.750000        0.066324
FIRE:  949 04:49:39 -2289927.500000        0.109272
FIRE:  950 04:49:39 -2289927.500000        0.093279
FIRE:  951 04:49:39 -2289927.500000        0.066004
FIRE:  952 04:49:39 -2289926.750000        0.113154
FIRE:  953 04:49:39 -2289926.250000        0.066475
FIRE:  954 04:49:39 -2289926.750000        0.092148
FIRE:  955 04:49:39 -2289926.500000        0.066988
FIRE:  956 04:49:39 -2289926.500000        0.122009
FIRE:  957 04:49:39 -2289927.500000        0.070248
FIRE:  958 04:49:39 -2289927.000000        0.066999
FIRE:  959 04:49:39 -2289927.000000        0.112184
FIRE:  960 04:49:39 -2289926.750000        0.279064
FIRE:  961 04:49:39 -2289927.000000        0.916602
FIRE:  962 04:49:39 -2289926.500000        2.483182
FIRE:  963 04:49:39 -2289927.250000        0.114503
FIRE:  964 04:49:40 -2289927.500000        0.088069
FIRE:  965 04:49:40 -2289926.750000        0.060311
FIRE:  966 04:49:40 -2289927.250000        0.060312
FIRE:  967 04:49:40 -2289927.000000        0.076626
FIRE:  968 04:49:40 -2289927.250000        0.078166
FIRE:  969 04:49:40 -2289927.250000        0.060999
FIRE:  970 04:49:40 -2289927.750000        0.060437
FIRE:  971 04:49:40 -2289927.750000        0.060512
FIRE:  972 04:49:40 -2289927.750000        0.067926
FIRE:  973 04:49:40 -2289927.250000        0.061278
FIRE:  974 04:49:40 -2289927.750000        0.061642
FIRE:  975 04:49:40 -2289927.750000        0.065557
FIRE:  976 04:49:40 -2289927.250000        0.062539
FIRE:  977 04:49:40 -2289927.250000        0.065450
FIRE:  978 04:49:40 -2289927.750000        0.064085
FIRE:  979 04:49:40 -2289927.000000        0.065194
FIRE:  980 04:49:40 -2289927.500000        0.077332
FIRE:  981 04:49:40 -2289927.250000        0.100814
FIRE:  982 04:49:41 -2289927.750000        0.205247
FIRE:  983 04:49:41 -2289927.250000        0.496793
FIRE:  984 04:49:41 -2289927.750000        1.448919
FIRE:  985 04:49:41 -2289927.750000        0.108503
FIRE:  986 04:49:41 -2289926.750000        0.088948
FIRE:  987 04:49:41 -2289926.500000        0.060958
FIRE:  988 04:49:41 -2289926.750000        0.059453
FIRE:  989 04:49:41 -2289927.000000        0.076332
FIRE:  990 04:49:41 -2289926.750000        0.090456
FIRE:  991 04:49:41 -2289926.750000        0.077850
FIRE:  992 04:49:41 -2289927.000000        0.060186
FIRE:  993 04:49:41 -2289926.750000        0.060482
FIRE:  994 04:49:41 -2289926.750000        0.074881
FIRE:  995 04:49:41 -2289926.750000        0.068455
FIRE:  996 04:49:41 -2289927.250000        0.061731
FIRE:  997 04:49:41 -2289927.000000        0.072803
FIRE:  998 04:49:42 -2289927.000000        0.062834
FIRE:  999 04:49:42 -2289927.250000        0.069558
FIRE:  1000 04:49:42 -2289927.000000        0.064039
      Step     Time          Energy          fmax
FIRE:    0 04:49:43 -2289887.500000        7.344422
FIRE:    1 04:49:44 -2289889.000000        6.979782
FIRE:    2 04:49:46 -2289894.250000        6.164526
FIRE:    3 04:49:46 -2289899.000000        4.712423
FIRE:    4 04:49:48 -2289902.250000        3.433684
FIRE:    5 04:49:48 -2289905.250000        3.971252
FIRE:    6 04:49:48 -2289900.750000        4.814433
FIRE:    7 04:49:48 -2289906.000000        3.536402
FIRE:    8 04:49:48 -2289906.500000        1.793977
FIRE:    9 04:49:48 -2289902.000000        1.442876
FIRE:   10 04:49:48 -2289905.500000        2.296461
FIRE:   11 04:49:50 -2289905.250000        2.907407
FIRE:   12 04:49:50 -2289906.250000        2.990843
FIRE:   13 04:49:50 -2289906.000000        2.633663
FIRE:   14 04:49:50 -2289906.500000        1.811544
FIRE:   15 04:49:50 -2289909.250000        2.162266
FIRE:   16 04:49:50 -2289909.500000        1.809615
FIRE:   17 04:49:50 -2289910.250000        2.240458
FIRE:   18 04:49:50 -2289910.750000        1.906494
FIRE:   19 04:49:50 -2289911.250000        0.963212
FIRE:   20 04:49:50 -2289911.750000        1.635574
FIRE:   21 04:49:50 -2289912.250000        1.725321
FIRE:   22 04:49:51 -2289912.750000        0.717578
FIRE:   23 04:49:51 -2289908.500000        1.114638
FIRE:   24 04:49:51 -2289906.000000        0.950364
FIRE:   25 04:49:51 -2289906.000000        0.942025
FIRE:   26 04:49:51 -2289912.750000        0.900823
FIRE:   27 04:49:51 -2289907.750000        1.009761
FIRE:   28 04:49:51 -2289914.750000        0.933253
FIRE:   29 04:49:51 -2289915.250000        1.014298
FIRE:   30 04:49:51 -2289912.500000        1.189019
FIRE:   31 04:49:51 -2289912.500000        1.494135
FIRE:   32 04:49:51 -2289916.250000        1.605854
FIRE:   33 04:49:51 -2289910.000000        1.956530
FIRE:   34 04:49:51 -2289910.250000        2.298210
FIRE:   35 04:49:51 -2289916.250000        2.718558
FIRE:   36 04:49:51 -2289911.250000        2.498218
FIRE:   37 04:49:51 -2289911.250000        1.089304
FIRE:   38 04:49:51 -2289917.250000        3.635728
FIRE:   39 04:49:51 -2289915.500000        1.816711
FIRE:   40 04:49:51 -2289915.500000        1.656566
FIRE:   41 04:49:52 -2289915.750000        1.081835
FIRE:   42 04:49:52 -2289917.750000        1.081359
FIRE:   43 04:49:52 -2289917.750000        0.936358
FIRE:   44 04:49:52 -2289915.750000        0.916252
FIRE:   45 04:49:52 -2289917.750000        0.885189
FIRE:   46 04:49:52 -2289915.750000        0.841754
FIRE:   47 04:49:52 -2289915.750000        0.839613
FIRE:   48 04:49:52 -2289915.750000        0.835337
FIRE:   49 04:49:52 -2289915.750000        0.828948
FIRE:   50 04:49:52 -2289915.750000        0.820501
FIRE:   51 04:49:52 -2289917.750000        0.810040
FIRE:   52 04:49:52 -2289915.250000        0.797651
FIRE:   53 04:49:52 -2289915.500000        0.783470
FIRE:   54 04:49:52 -2289917.750000        0.765962
FIRE:   55 04:49:52 -2289917.750000        0.744849
FIRE:   56 04:49:52 -2289917.750000        0.720017
FIRE:   57 04:49:52 -2289915.750000        0.691413
FIRE:   58 04:49:52 -2289915.750000        0.659085
FIRE:   59 04:49:53 -2289917.750000        0.623198
FIRE:   60 04:49:53 -2289916.000000        0.583984
FIRE:   61 04:49:53 -2289915.500000        0.541430
FIRE:   62 04:49:53 -2289917.750000        0.496734
FIRE:   63 04:49:53 -2289918.000000        0.450912
FIRE:   64 04:49:53 -2289915.500000        0.463135
FIRE:   65 04:49:53 -2289915.750000        0.466741
FIRE:   66 04:49:53 -2289918.000000        0.448569
FIRE:   67 04:49:53 -2289918.000000        0.409474
FIRE:   68 04:49:53 -2289916.250000        0.435123
FIRE:   69 04:49:53 -2289918.250000        0.487240
FIRE:   70 04:49:53 -2289918.250000        0.530889
FIRE:   71 04:49:53 -2289920.000000        0.521522
FIRE:   72 04:49:53 -2289920.250000        0.476219
FIRE:   73 04:49:53 -2289920.250000        0.511801
FIRE:   74 04:49:53 -2289920.500000        0.628470
FIRE:   75 04:49:53 -2289920.750000        0.735049
FIRE:   76 04:49:54 -2289913.000000        0.922108
FIRE:   77 04:49:54 -2289914.250000        1.138430
FIRE:   78 04:49:54 -2289914.500000        1.101585
FIRE:   79 04:49:54 -2289913.500000        1.109684
FIRE:   80 04:49:54 -2289915.000000        1.205429
FIRE:   81 04:49:54 -2289920.500000        1.397162
FIRE:   82 04:49:54 -2289920.500000        0.739184
FIRE:   83 04:49:54 -2289920.500000        0.625378
FIRE:   84 04:49:54 -2289920.500000        0.615818
FIRE:   85 04:49:54 -2289920.500000        0.596862
FIRE:   86 04:49:54 -2289919.750000        0.568798
FIRE:   87 04:49:54 -2289920.500000        0.532138
FIRE:   88 04:49:54 -2289920.500000        0.488096
FIRE:   89 04:49:54 -2289920.500000        0.439109
FIRE:   90 04:49:54 -2289920.500000        0.388289
FIRE:   91 04:49:55 -2289920.500000        0.358884
FIRE:   92 04:49:55 -2289920.500000        0.353210
FIRE:   93 04:49:55 -2289920.500000        0.346495
FIRE:   94 04:49:55 -2289920.500000        0.338271
FIRE:   95 04:49:55 -2289917.250000        0.328321
FIRE:   96 04:49:55 -2289917.500000        0.316537
FIRE:   97 04:49:55 -2289917.250000        0.303212
FIRE:   98 04:49:55 -2289917.250000        0.289388
FIRE:   99 04:49:55 -2289918.250000        0.276503
FIRE:  100 04:49:55 -2289918.250000        0.265803
FIRE:  101 04:49:55 -2289918.500000        0.255202
FIRE:  102 04:49:55 -2289918.250000        0.240410
FIRE:  103 04:49:55 -2289918.500000        0.221082
FIRE:  104 04:49:55 -2289918.750000        0.197456
FIRE:  105 04:49:55 -2289918.500000        0.297238
FIRE:  106 04:49:55 -2289921.000000        0.625917
FIRE:  107 04:49:56 -2289919.250000        1.338520
FIRE:  108 04:49:56 -2289919.250000        3.001754
FIRE:  109 04:49:56 -2289919.750000        0.253436
FIRE:  110 04:49:56 -2289918.750000        3.311651
FIRE:  111 04:49:56 -2289919.250000        2.293399
FIRE:  112 04:49:56 -2289919.000000        0.701605
FIRE:  113 04:49:56 -2289919.500000        0.893309
FIRE:  114 04:49:56 -2289919.500000        0.838427
FIRE:  115 04:49:56 -2289919.750000        0.731481
FIRE:  116 04:49:56 -2289919.750000        0.578192
FIRE:  117 04:49:56 -2289919.750000        0.387275
FIRE:  118 04:49:56 -2289919.750000        0.171620
FIRE:  119 04:49:56 -2289919.500000        0.145960
FIRE:  120 04:49:56 -2289919.500000        0.245735
FIRE:  121 04:49:56 -2289919.500000        0.404124
FIRE:  122 04:49:56 -2289919.500000        0.396108
FIRE:  123 04:49:56 -2289919.500000        0.380338
FIRE:  124 04:49:57 -2289919.500000        0.357102
FIRE:  125 04:49:57 -2289919.750000        0.326976
FIRE:  126 04:49:57 -2289919.500000        0.290702
FIRE:  127 04:49:57 -2289919.750000        0.249230
FIRE:  128 04:49:57 -2289919.500000        0.203755
FIRE:  129 04:49:57 -2289919.750000        0.150445
FIRE:  130 04:49:57 -2289919.000000        0.145481
FIRE:  131 04:49:57 -2289919.500000        0.143521
FIRE:  132 04:49:57 -2289919.000000        0.144131
FIRE:  133 04:49:57 -2289919.500000        0.147008
FIRE:  134 04:49:57 -2289919.750000        0.153855
FIRE:  135 04:49:57 -2289919.250000        0.182174
FIRE:  136 04:49:57 -2289919.500000        0.182786
FIRE:  137 04:49:57 -2289919.500000        0.150164
FIRE:  138 04:49:57 -2289919.500000        0.144793
FIRE:  139 04:49:57 -2289919.500000        0.142874
FIRE:  140 04:49:57 -2289919.750000        0.145435
FIRE:  141 04:49:58 -2289919.750000        0.147943
FIRE:  142 04:49:58 -2289923.000000        0.145406
FIRE:  143 04:49:58 -2289923.000000        0.141984
FIRE:  144 04:49:58 -2289919.500000        0.145553
FIRE:  145 04:49:58 -2289919.750000        0.147047
FIRE:  146 04:49:58 -2289919.500000        0.141155
FIRE:  147 04:49:58 -2289919.500000        0.143354
FIRE:  148 04:49:58 -2289919.750000        0.140537
FIRE:  149 04:49:58 -2289919.750000        0.144373
FIRE:  150 04:49:58 -2289919.750000        0.140628
FIRE:  151 04:49:58 -2289920.000000        0.142883
FIRE:  152 04:49:58 -2289919.750000        0.140316
FIRE:  153 04:49:58 -2289920.000000        0.136999
FIRE:  154 04:49:58 -2289919.750000        0.155124
FIRE:  155 04:49:58 -2289920.250000        0.373009
FIRE:  156 04:49:58 -2289920.000000        1.436445
FIRE:  157 04:49:59 -2289919.500000        4.423686
FIRE:  158 04:49:59 -2289919.250000        1.166449
FIRE:  159 04:49:59 -2289919.750000        0.832157
FIRE:  160 04:49:59 -2289919.000000        0.242063
FIRE:  161 04:49:59 -2289920.500000        0.424471
FIRE:  162 04:49:59 -2289916.750000        0.391517
FIRE:  163 04:49:59 -2289916.750000        0.328500
FIRE:  164 04:49:59 -2289919.000000        0.241236
FIRE:  165 04:49:59 -2289919.000000        0.138340
FIRE:  166 04:49:59 -2289919.000000        0.118926
FIRE:  167 04:49:59 -2289919.750000        0.118789
FIRE:  168 04:49:59 -2289920.500000        0.149320
FIRE:  169 04:49:59 -2289920.500000        0.204919
FIRE:  170 04:49:59 -2289919.000000        0.222947
FIRE:  171 04:49:59 -2289920.250000        0.192894
FIRE:  172 04:50:00 -2289919.000000        0.117538
FIRE:  173 04:50:00 -2289919.250000        0.117222
FIRE:  174 04:50:00 -2289919.750000        0.123540
FIRE:  175 04:50:00 -2289920.250000        0.176028
FIRE:  176 04:50:00 -2289919.750000        0.121902
FIRE:  177 04:50:00 -2289916.750000        0.116445
FIRE:  178 04:50:00 -2289919.250000        0.148406
FIRE:  179 04:50:00 -2289916.250000        0.117439
FIRE:  180 04:50:00 -2289916.000000        0.116830
FIRE:  181 04:50:00 -2289917.000000        0.141947
FIRE:  182 04:50:00 -2289917.000000        0.116658
FIRE:  183 04:50:00 -2289916.500000        0.123535
FIRE:  184 04:50:00 -2289917.000000        0.152464
FIRE:  185 04:50:00 -2289919.750000        0.115798
FIRE:  186 04:50:01 -2289919.500000        0.116057
FIRE:  187 04:50:01 -2289920.000000        0.127444
FIRE:  188 04:50:01 -2289919.250000        0.328853
FIRE:  189 04:50:01 -2289920.000000        1.258416
FIRE:  190 04:50:01 -2289920.000000        4.025760
FIRE:  191 04:50:01 -2289920.000000        1.172430
FIRE:  192 04:50:01 -2289919.500000        0.823126
FIRE:  193 04:50:01 -2289920.500000        0.223363
FIRE:  194 04:50:01 -2289920.250000        0.488893
FIRE:  195 04:50:01 -2289919.500000        0.451015
FIRE:  196 04:50:01 -2289920.500000        0.378422
FIRE:  197 04:50:01 -2289920.500000        0.278123
FIRE:  198 04:50:01 -2289920.250000        0.159363
FIRE:  199 04:50:01 -2289920.250000        0.104790
FIRE:  200 04:50:02 -2289920.500000        0.104259
FIRE:  201 04:50:02 -2289920.000000        0.175722
FIRE:  202 04:50:02 -2289920.500000        0.224675
FIRE:  203 04:50:02 -2289920.500000        0.240096
FIRE:  204 04:50:02 -2289920.000000        0.203113
FIRE:  205 04:50:02 -2289920.500000        0.119834
FIRE:  206 04:50:02 -2289920.250000        0.103098
FIRE:  207 04:50:02 -2289920.500000        0.154617
FIRE:  208 04:50:02 -2289920.500000        0.213476
FIRE:  209 04:50:02 -2289920.000000        0.156102
FIRE:  210 04:50:02 -2289919.500000        0.102011
FIRE:  211 04:50:02 -2289920.500000        0.149355
FIRE:  212 04:50:02 -2289920.250000        0.131013
FIRE:  213 04:50:02 -2289920.250000        0.104533
FIRE:  214 04:50:03 -2289920.000000        0.175739
FIRE:  215 04:50:03 -2289920.500000        0.100360
FIRE:  216 04:50:03 -2289920.500000        0.140093
FIRE:  217 04:50:03 -2289920.750000        0.151483
FIRE:  218 04:50:03 -2289921.000000        0.102954
FIRE:  219 04:50:03 -2289920.750000        0.118417
FIRE:  220 04:50:03 -2289920.500000        0.274812
FIRE:  221 04:50:03 -2289921.250000        0.621181
FIRE:  222 04:50:03 -2289920.500000        1.686751
FIRE:  223 04:50:03 -2289919.750000        0.193683
FIRE:  224 04:50:03 -2289920.500000        0.146542
FIRE:  225 04:50:03 -2289920.500000        0.090794
