      Step     Time          Energy          fmax
FIRE:    0 05:09:46  -750254.375000        3.829847
FIRE:    1 05:09:47  -750255.312500        3.092543
FIRE:    2 05:09:49  -750256.250000        4.038526
FIRE:    3 05:09:49  -750257.875000        3.734766
FIRE:    4 05:09:49  -750258.500000        3.696267
FIRE:    5 05:09:50  -750258.625000        3.382385
FIRE:    6 05:09:51  -750259.437500        2.742867
FIRE:    7 05:09:51  -750260.062500        1.845737
FIRE:    8 05:09:51  -750260.062500        4.103923
FIRE:    9 05:09:51  -750260.250000        3.366158
FIRE:   10 05:09:51  -750260.437500        2.155208
FIRE:   11 05:09:51  -750260.562500        1.108020
FIRE:   12 05:09:51  -750260.687500        1.151891
FIRE:   13 05:09:51  -750260.750000        1.623388
FIRE:   14 05:09:51  -750260.812500        1.919569
FIRE:   15 05:09:51  -750260.875000        2.001022
FIRE:   16 05:09:51  -750262.187500        1.863180
FIRE:   17 05:09:53  -750262.250000        1.496780
FIRE:   18 05:09:53  -750262.437500        1.077036
FIRE:   19 05:09:53  -750262.562500        1.004868
FIRE:   20 05:09:53  -750262.812500        1.554275
FIRE:   21 05:09:53  -750263.062500        1.398315
FIRE:   22 05:09:53  -750262.937500        0.780610
FIRE:   23 05:09:53  -750263.750000        0.911589
FIRE:   24 05:09:53  -750264.000000        0.958429
FIRE:   25 05:09:53  -750263.500000        0.939015
FIRE:   26 05:09:53  -750264.750000        0.977296
FIRE:   27 05:09:53  -750265.062500        1.136639
FIRE:   28 05:09:53  -750265.375000        0.707969
FIRE:   29 05:09:53  -750265.562500        0.752377
FIRE:   30 05:09:53  -750264.687500        1.390373
FIRE:   31 05:09:53  -750265.687500        1.410355
FIRE:   32 05:09:53  -750264.750000        1.032599
FIRE:   33 05:09:53  -750265.062500        1.260678
FIRE:   34 05:09:53  -750266.062500        1.454612
FIRE:   35 05:09:53  -750266.187500        2.288689
FIRE:   36 05:09:54  -750264.750000        9.817595
FIRE:   37 05:09:54  -750266.000000        4.417456
FIRE:   38 05:09:54  -750266.187500        3.371596
FIRE:   39 05:09:54  -750266.312500        1.269444
FIRE:   40 05:09:54  -750265.500000        1.718360
FIRE:   41 05:09:54  -750266.312500        1.570138
FIRE:   42 05:09:54  -750266.312500        1.290618
FIRE:   43 05:09:54  -750265.562500        0.910845
FIRE:   44 05:09:54  -750266.375000        0.474864
FIRE:   45 05:09:54  -750266.375000        0.469456
FIRE:   46 05:09:54  -750266.375000        0.461917
FIRE:   47 05:09:54  -750266.375000        0.461631
FIRE:   48 05:09:54  -750266.375000        0.461044
FIRE:   49 05:09:54  -750266.375000        0.460176
FIRE:   50 05:09:54  -750266.375000        0.459027
FIRE:   51 05:09:54  -750266.375000        0.457587
FIRE:   52 05:09:54  -750266.375000        0.455865
FIRE:   53 05:09:54  -750266.375000        0.453856
FIRE:   54 05:09:54  -750266.375000        0.451309
FIRE:   55 05:09:55  -750266.375000        0.448117
FIRE:   56 05:09:55  -750266.375000        0.444136
FIRE:   57 05:09:55  -750266.375000        0.439242
FIRE:   58 05:09:55  -750266.375000        0.433307
FIRE:   59 05:09:55  -750266.375000        0.426229
FIRE:   60 05:09:55  -750266.375000        0.417876
FIRE:   61 05:09:55  -750266.375000        0.408133
FIRE:   62 05:09:55  -750265.625000        0.396684
FIRE:   63 05:09:55  -750265.500000        0.383324
FIRE:   64 05:09:55  -750265.687500        0.367877
FIRE:   65 05:09:55  -750265.625000        0.350154
FIRE:   66 05:09:55  -750265.687500        0.330195
FIRE:   67 05:09:55  -750265.687500        0.308229
FIRE:   68 05:09:55  -750265.687500        0.284699
FIRE:   69 05:09:55  -750265.687500        0.259863
FIRE:   70 05:09:55  -750265.750000        0.233656
FIRE:   71 05:09:55  -750265.687500        0.227152
FIRE:   72 05:09:55  -750265.750000        0.240843
FIRE:   73 05:09:56  -750265.687500        0.250563
FIRE:   74 05:09:56  -750265.750000        0.251151
FIRE:   75 05:09:56  -750265.812500        0.240554
FIRE:   76 05:09:56  -750265.875000        0.234234
FIRE:   77 05:09:56  -750266.062500        0.224339
FIRE:   78 05:09:56  -750266.125000        0.298171
FIRE:   79 05:09:56  -750266.187500        0.505066
FIRE:   80 05:09:56  -750266.375000        1.424306
FIRE:   81 05:09:56  -750266.375000        4.031421
FIRE:   82 05:09:56  -750266.500000        0.827392
FIRE:   83 05:09:56  -750266.437500        0.622028
FIRE:   84 05:09:56  -750266.375000        0.330681
FIRE:   85 05:09:56  -750266.437500        0.327263
FIRE:   86 05:09:56  -750266.437500        0.474103
FIRE:   87 05:09:56  -750266.500000        0.569699
FIRE:   88 05:09:56  -750266.437500        0.445841
FIRE:   89 05:09:56  -750266.562500        0.306593
FIRE:   90 05:09:57  -750266.500000        0.293978
FIRE:   91 05:09:57  -750266.500000        0.498138
FIRE:   92 05:09:57  -750266.562500        0.400524
FIRE:   93 05:09:57  -750266.500000        0.268934
FIRE:   94 05:09:57  -750266.625000        0.386733
FIRE:   95 05:09:57  -750266.562500        0.287155
FIRE:   96 05:09:57  -750266.625000        0.371566
FIRE:   97 05:09:57  -750266.625000        0.259466
FIRE:   98 05:09:57  -750267.500000        0.428323
FIRE:   99 05:09:57  -750267.437500        0.215296
FIRE:  100 05:09:57  -750266.812500        0.213127
FIRE:  101 05:09:57  -750266.812500        0.548782
FIRE:  102 05:09:57  -750267.750000        1.427142
FIRE:  103 05:09:57  -750267.000000        3.462787
FIRE:  104 05:09:57  -750266.937500        0.303071
FIRE:  105 05:09:57  -750267.000000        0.238040
FIRE:  106 05:09:58  -750267.000000        0.149301
FIRE:  107 05:09:58  -750267.000000        0.148706
FIRE:  108 05:09:58  -750266.937500        0.158977
FIRE:  109 05:09:58  -750267.000000        0.205576
FIRE:  110 05:09:58  -750267.062500        0.187122
FIRE:  111 05:09:58  -750267.000000        0.137939
FIRE:  112 05:09:58  -750267.062500        0.133328
FIRE:  113 05:09:58  -750267.000000        0.185731
FIRE:  114 05:09:58  -750267.125000        0.176040
FIRE:  115 05:09:58  -750267.000000        0.125893
FIRE:  116 05:09:58  -750267.000000        0.144490
FIRE:  117 05:09:58  -750267.062500        0.119581
FIRE:  118 05:09:58  -750267.062500        0.124647
FIRE:  119 05:09:58  -750267.125000        0.137018
FIRE:  120 05:09:58  -750267.187500        0.148759
FIRE:  121 05:09:58  -750267.125000        0.109585
FIRE:  122 05:09:58  -750267.250000        0.143799
FIRE:  123 05:09:58  -750267.187500        0.255758
FIRE:  124 05:09:58  -750268.062500        0.644166
FIRE:  125 05:09:59  -750267.625000        1.528511
FIRE:  126 05:09:59  -750268.062500        3.695593
FIRE:  127 05:09:59  -750267.562500        0.385992
FIRE:  128 05:09:59  -750268.062500        4.219132
FIRE:  129 05:09:59  -750268.125000        2.826246
FIRE:  130 05:09:59  -750268.187500        0.727763
FIRE:  131 05:09:59  -750268.187500        1.291913
FIRE:  132 05:09:59  -750268.187500        1.215455
FIRE:  133 05:09:59  -750268.187500        1.065737
FIRE:  134 05:09:59  -750268.187500        0.850072
FIRE:  135 05:09:59  -750268.187500        0.579479
FIRE:  136 05:09:59  -750268.187500        0.270742
FIRE:  137 05:09:59  -750268.187500        0.127060
FIRE:  138 05:09:59  -750268.187500        0.331770
FIRE:  139 05:10:00  -750268.187500        0.325702
FIRE:  140 05:10:00  -750268.187500        0.313650
FIRE:  141 05:10:00  -750268.187500        0.295976
FIRE:  142 05:10:00  -750268.187500        0.275503
FIRE:  143 05:10:00  -750268.187500        0.252385
FIRE:  144 05:10:00  -750268.187500        0.225679
FIRE:  145 05:10:00  -750268.187500        0.196358
FIRE:  146 05:10:00  -750268.187500        0.161577
FIRE:  147 05:10:00  -750268.187500        0.126509
FIRE:  148 05:10:00  -750268.187500        0.126428
FIRE:  149 05:10:00  -750268.187500        0.126331
FIRE:  150 05:10:00  -750268.187500        0.126198
FIRE:  151 05:10:00  -750268.187500        0.137226
FIRE:  152 05:10:00  -750268.187500        0.177149
FIRE:  153 05:10:01  -750268.187500        0.197942
FIRE:  154 05:10:01  -750268.187500        0.192859
FIRE:  155 05:10:01  -750268.187500        0.157743
FIRE:  156 05:10:01  -750268.187500        0.124336
FIRE:  157 05:10:01  -750268.187500        0.123736
FIRE:  158 05:10:01  -750267.562500        0.128936
FIRE:  159 05:10:01  -750267.687500        0.156313
FIRE:  160 05:10:01  -750267.687500        0.127406
FIRE:  161 05:10:01  -750267.687500        0.121032
FIRE:  162 05:10:01  -750268.187500        0.131510
FIRE:  163 05:10:01  -750267.687500        0.143942
FIRE:  164 05:10:01  -750267.687500        0.129885
FIRE:  165 05:10:01  -750267.687500        0.134506
FIRE:  166 05:10:01  -750267.562500        0.138389
FIRE:  167 05:10:02  -750267.750000        0.140218
FIRE:  168 05:10:02  -750267.625000        0.138531
FIRE:  169 05:10:02  -750267.750000        0.144268
FIRE:  170 05:10:02  -750267.875000        0.171526
FIRE:  171 05:10:02  -750268.375000        0.160016
FIRE:  172 05:10:02  -750267.875000        0.287180
FIRE:  173 05:10:02  -750267.875000        0.679901
FIRE:  174 05:10:02  -750268.000000        2.043799
FIRE:  175 05:10:02  -750268.000000        0.114572
FIRE:  176 05:10:02  -750267.875000        2.024109
FIRE:  177 05:10:02  -750267.500000        1.427677
FIRE:  178 05:10:02  -750268.000000        0.457139
FIRE:  179 05:10:02  -750268.000000        0.566913
FIRE:  180 05:10:03  -750268.062500        0.533388
FIRE:  181 05:10:03  -750268.000000        0.468403
FIRE:  182 05:10:03  -750268.000000        0.375681
FIRE:  183 05:10:03  -750267.875000        0.261471
FIRE:  184 05:10:03  -750268.000000        0.134566
FIRE:  185 05:10:03  -750267.812500        0.110232
FIRE:  186 05:10:03  -750267.812500        0.149037
FIRE:  187 05:10:03  -750267.937500        0.228979
FIRE:  188 05:10:03  -750267.937500        0.278240
FIRE:  189 05:10:03  -750267.937500        0.283201
FIRE:  190 05:10:03  -750268.000000        0.234562
FIRE:  191 05:10:03  -750267.937500        0.133933
FIRE:  192 05:10:03  -750268.000000        0.108642
FIRE:  193 05:10:03  -750267.937500        0.219576
FIRE:  194 05:10:04  -750267.812500        0.264472
FIRE:  195 05:10:04  -750268.000000        0.179318
FIRE:  196 05:10:04  -750267.937500        0.106996
FIRE:  197 05:10:04  -750268.062500        0.203072
FIRE:  198 05:10:04  -750267.875000        0.153482
FIRE:  199 05:10:04  -750268.000000        0.133992
FIRE:  200 05:10:04  -750268.000000        0.210882
FIRE:  201 05:10:04  -750267.937500        0.105178
FIRE:  202 05:10:04  -750268.125000        0.166363
FIRE:  203 05:10:04  -750268.062500        0.223381
FIRE:  204 05:10:04  -750268.062500        0.106568
FIRE:  205 05:10:04  -750268.125000        0.103955
FIRE:  206 05:10:04  -750268.125000        0.162361
FIRE:  207 05:10:04  -750268.187500        0.460180
FIRE:  208 05:10:05  -750268.062500        1.724988
FIRE:  209 05:10:05  -750268.250000        0.098969
FIRE:  210 05:10:05  -750268.687500        1.679457
FIRE:  211 05:10:05  -750268.687500        1.177149
FIRE:  212 05:10:05  -750268.687500        0.356132
FIRE:  213 05:10:05  -750268.687500        0.510281
FIRE:  214 05:10:05  -750268.687500        0.479165
FIRE:  215 05:10:05  -750268.687500        0.418965
FIRE:  216 05:10:05  -750268.687500        0.333258
FIRE:  217 05:10:05  -750268.687500        0.228230
FIRE:  218 05:10:05  -750268.687500        0.112375
FIRE:  219 05:10:05  -750268.687500        0.097407
FIRE:  220 05:10:05  -750268.687500        0.144456
FIRE:  221 05:10:05  -750268.687500        0.213488
FIRE:  222 05:10:06  -750268.687500        0.253266
FIRE:  223 05:10:06  -750268.687500        0.251760
FIRE:  224 05:10:06  -750268.687500        0.201353
FIRE:  225 05:10:06  -750268.687500        0.105597
FIRE:  226 05:10:06  -750268.750000        0.096535
FIRE:  227 05:10:06  -750268.750000        0.210056
FIRE:  228 05:10:06  -750268.750000        0.234403
FIRE:  229 05:10:06  -750268.750000        0.139337
FIRE:  230 05:10:06  -750268.750000        0.096765
FIRE:  231 05:10:06  -750268.750000        0.188240
FIRE:  232 05:10:06  -750268.750000        0.114557
FIRE:  233 05:10:06  -750268.750000        0.153363
FIRE:  234 05:10:06  -750268.750000        0.171276
FIRE:  235 05:10:06  -750268.750000        0.132580
FIRE:  236 05:10:07  -750268.750000        0.115064
FIRE:  237 05:10:07  -750268.812500        0.232654
FIRE:  238 05:10:07  -750268.812500        0.175845
FIRE:  239 05:10:07  -750268.812500        0.179496
FIRE:  240 05:10:07  -750268.875000        0.265015
FIRE:  241 05:10:07  -750268.875000        0.828352
FIRE:  242 05:10:07  -750268.875000        2.562970
FIRE:  243 05:10:07  -750268.937500        0.507336
FIRE:  244 05:10:07  -750268.937500        0.378102
FIRE:  245 05:10:07  -750268.937500        0.152706
FIRE:  246 05:10:07  -750268.937500        0.132997
FIRE:  247 05:10:07  -750268.937500        0.290968
FIRE:  248 05:10:07  -750268.937500        0.337516
FIRE:  249 05:10:07  -750268.937500        0.266098
FIRE:  250 05:10:08  -750268.937500        0.110713
FIRE:  251 05:10:08  -750268.937500        0.176768
FIRE:  252 05:10:08  -750268.937500        0.308172
FIRE:  253 05:10:08  -750268.937500        0.243232
FIRE:  254 05:10:08  -750268.937500        0.082697
FIRE:  255 05:10:08  -750268.937500        0.238496
FIRE:  256 05:10:08  -750268.937500        0.134458
FIRE:  257 05:10:08  -750268.937500        0.236367
FIRE:  258 05:10:08  -750268.937500        0.160845
FIRE:  259 05:10:08  -750269.000000        0.266047
FIRE:  260 05:10:08  -750269.000000        0.114830
FIRE:  261 05:10:08  -750269.000000        0.151653
FIRE:  262 05:10:08  -750269.000000        0.368540
FIRE:  263 05:10:08  -750268.125000        0.906802
FIRE:  264 05:10:09  -750269.062500        2.084497
FIRE:  265 05:10:09  -750269.062500        0.155012
FIRE:  266 05:10:09  -750269.062500        0.122740
FIRE:  267 05:10:09  -750269.062500        0.075098
FIRE:  268 05:10:09  -750269.062500        0.073569
FIRE:  269 05:10:09  -750269.062500        0.089677
FIRE:  270 05:10:09  -750269.062500        0.109177
FIRE:  271 05:10:09  -750269.062500        0.098082
FIRE:  272 05:10:09  -750269.062500        0.069450
FIRE:  273 05:10:09  -750269.062500        0.069227
FIRE:  274 05:10:09  -750269.062500        0.099830
FIRE:  275 05:10:09  -750269.062500        0.090500
FIRE:  276 05:10:09  -750269.062500        0.070749
FIRE:  277 05:10:10  -750269.062500        0.082160
FIRE:  278 05:10:10  -750269.062500        0.072468
FIRE:  279 05:10:10  -750269.125000        0.074797
FIRE:  280 05:10:10  -750269.125000        0.070313
FIRE:  281 05:10:10  -750269.125000        0.086076
FIRE:  282 05:10:10  -750268.625000        0.070732
FIRE:  283 05:10:10  -750268.687500        0.072947
FIRE:  284 05:10:10  -750268.687500        0.111331
FIRE:  285 05:10:10  -750268.812500        0.296678
FIRE:  286 05:10:10  -750268.687500        0.833727
FIRE:  287 05:10:10  -750268.812500        2.382239
FIRE:  288 05:10:10  -750268.750000        0.069309
FIRE:  289 05:10:10  -750268.812500        2.483462
FIRE:  290 05:10:10  -750268.750000        1.708814
FIRE:  291 05:10:11  -750268.812500        0.478416
FIRE:  292 05:10:11  -750268.687500        0.780136
FIRE:  293 05:10:11  -750268.750000        0.731391
FIRE:  294 05:10:11  -750268.875000        0.636620
FIRE:  295 05:10:11  -750268.750000        0.501316
FIRE:  296 05:10:11  -750268.875000        0.333648
FIRE:  297 05:10:11  -750268.875000        0.145826
FIRE:  298 05:10:11  -750268.875000        0.074864
FIRE:  299 05:10:11  -750268.750000        0.212501
FIRE:  300 05:10:11  -750268.875000        0.209253
FIRE:  301 05:10:11  -750268.812500        0.202832
FIRE:  302 05:10:11  -750268.812500        0.193316
FIRE:  303 05:10:11  -750268.750000        0.180950
FIRE:  304 05:10:11  -750268.750000        0.165947
FIRE:  305 05:10:12  -750268.875000        0.148863
FIRE:  306 05:10:12  -750268.812500        0.129999
FIRE:  307 05:10:12  -750268.750000        0.107708
FIRE:  308 05:10:12  -750268.812500        0.082329
FIRE:  309 05:10:12  -750268.875000        0.069072
FIRE:  310 05:10:12  -750268.812500        0.069051
FIRE:  311 05:10:12  -750268.875000        0.069014
FIRE:  312 05:10:12  -750268.875000        0.093711
FIRE:  313 05:10:12  -750268.875000        0.118261
FIRE:  314 05:10:12  -750268.875000        0.129989
FIRE:  315 05:10:12  -750268.812500        0.124665
FIRE:  316 05:10:12  -750268.812500        0.099814
FIRE:  317 05:10:12  -750268.812500        0.068830
FIRE:  318 05:10:12  -750268.812500        0.068795
FIRE:  319 05:10:13  -750268.812500        0.086424
FIRE:  320 05:10:13  -750268.750000        0.100197
FIRE:  321 05:10:13  -750268.875000        0.078080
FIRE:  322 05:10:13  -750268.812500        0.068471
FIRE:  323 05:10:13  -750268.750000        0.089643
FIRE:  324 05:10:13  -750268.875000        0.089070
FIRE:  325 05:10:13  -750268.750000        0.068058
FIRE:  326 05:10:13  -750268.750000        0.085839
FIRE:  327 05:10:13  -750268.875000        0.067556
FIRE:  328 05:10:13  -750268.750000        0.093967
FIRE:  329 05:10:13  -750268.937500        0.067499
FIRE:  330 05:10:13  -750268.812500        0.084528
FIRE:  331 05:10:13  -750269.000000        0.122245
FIRE:  332 05:10:13  -750268.875000        0.137695
FIRE:  333 05:10:14  -750268.875000        0.291616
FIRE:  334 05:10:14  -750269.000000        0.710047
FIRE:  335 05:10:14  -750269.000000        1.965604
FIRE:  336 05:10:14  -750268.937500        0.086667
FIRE:  337 05:10:14  -750269.000000        1.974965
FIRE:  338 05:10:14  -750269.000000        1.384547
FIRE:  339 05:10:14  -750268.875000        0.426455
FIRE:  340 05:10:14  -750268.937500        0.581117
FIRE:  341 05:10:14  -750269.000000        0.545304
FIRE:  342 05:10:14  -750269.000000        0.475771
FIRE:  343 05:10:14  -750269.000000        0.376792
FIRE:  344 05:10:14  -750268.937500        0.254739
FIRE:  345 05:10:14  -750268.875000        0.118862
FIRE:  346 05:10:14  -750268.937500        0.085862
FIRE:  347 05:10:15  -750269.000000        0.153682
FIRE:  348 05:10:15  -750269.000000        0.234967
FIRE:  349 05:10:15  -750269.062500        0.284498
FIRE:  350 05:10:15  -750268.937500        0.283889
FIRE:  351 05:10:15  -750269.062500        0.230321
FIRE:  352 05:10:15  -750269.062500        0.123541
FIRE:  353 05:10:15  -750269.000000        0.085880
FIRE:  354 05:10:15  -750268.937500        0.219998
FIRE:  355 05:10:15  -750269.000000        0.265383
FIRE:  356 05:10:15  -750268.937500        0.177021
FIRE:  357 05:10:15  -750269.000000        0.087262
FIRE:  358 05:10:15  -750268.937500        0.196266
FIRE:  359 05:10:15  -750269.062500        0.150704
FIRE:  360 05:10:16  -750268.937500        0.118597
FIRE:  361 05:10:16  -750269.062500        0.209762
FIRE:  362 05:10:16  -750269.000000        0.090567
FIRE:  363 05:10:16  -750269.062500        0.165438
FIRE:  364 05:10:16  -750269.000000        0.201954
FIRE:  365 05:10:16  -750269.062500        0.094877
FIRE:  366 05:10:16  -750269.000000        0.097641
FIRE:  367 05:10:16  -750269.062500        0.276038
FIRE:  368 05:10:16  -750269.625000        0.789159
FIRE:  369 05:10:16  -750269.625000        2.257881
FIRE:  370 05:10:16  -750269.687500        0.109425
FIRE:  371 05:10:16  -750269.687500        2.327282
FIRE:  372 05:10:16  -750269.687500        1.598773
FIRE:  373 05:10:16  -750269.687500        0.438860
FIRE:  374 05:10:17  -750269.687500        0.748610
FIRE:  375 05:10:17  -750269.125000        0.701023
FIRE:  376 05:10:17  -750269.125000        0.608559
FIRE:  377 05:10:17  -750269.125000        0.476496
FIRE:  378 05:10:17  -750269.062500        0.313334
FIRE:  379 05:10:17  -750269.125000        0.131115
FIRE:  380 05:10:17  -750269.125000        0.107065
FIRE:  381 05:10:17  -750269.187500        0.207559
FIRE:  382 05:10:17  -750269.125000        0.204161
FIRE:  383 05:10:17  -750269.125000        0.197727
FIRE:  384 05:10:17  -750269.062500        0.188197
FIRE:  385 05:10:17  -750269.187500        0.175836
FIRE:  386 05:10:17  -750269.062500        0.160882
FIRE:  387 05:10:17  -750269.062500        0.143753
FIRE:  388 05:10:18  -750269.062500        0.124852
FIRE:  389 05:10:18  -750269.187500        0.107189
FIRE:  390 05:10:18  -750269.187500        0.106982
FIRE:  391 05:10:18  -750269.000000        0.106780
FIRE:  392 05:10:18  -750269.125000        0.106528
FIRE:  393 05:10:18  -750269.187500        0.106327
FIRE:  394 05:10:18  -750269.062500        0.106130
FIRE:  395 05:10:18  -750269.187500        0.115138
FIRE:  396 05:10:18  -750269.187500        0.125880
FIRE:  397 05:10:18  -750269.125000        0.119527
FIRE:  398 05:10:18  -750269.187500        0.106129
FIRE:  399 05:10:18  -750269.187500        0.106429
FIRE:  400 05:10:18  -750269.125000        0.106809
FIRE:  401 05:10:18  -750269.062500        0.107150
FIRE:  402 05:10:19  -750269.125000        0.107274
FIRE:  403 05:10:19  -750269.062500        0.107058
FIRE:  404 05:10:19  -750269.062500        0.106553
FIRE:  405 05:10:19  -750269.687500        0.105910
FIRE:  406 05:10:19  -750269.687500        0.105359
FIRE:  407 05:10:19  -750269.687500        0.104767
FIRE:  408 05:10:19  -750269.750000        0.103614
FIRE:  409 05:10:19  -750269.750000        0.104814
FIRE:  410 05:10:19  -750269.750000        0.106484
FIRE:  411 05:10:19  -750269.750000        0.109543
FIRE:  412 05:10:19  -750269.750000        0.113561
FIRE:  413 05:10:19  -750269.750000        0.119493
FIRE:  414 05:10:19  -750269.812500        0.142662
FIRE:  415 05:10:20  -750269.812500        0.315362
FIRE:  416 05:10:20  -750269.812500        0.780584
FIRE:  417 05:10:20  -750269.812500        2.121217
FIRE:  418 05:10:20  -750269.875000        0.140370
FIRE:  419 05:10:20  -750269.812500        2.170650
FIRE:  420 05:10:20  -750269.875000        1.509330
FIRE:  421 05:10:20  -750269.875000        0.445864
FIRE:  422 05:10:20  -750269.875000        0.658390
FIRE:  423 05:10:20  -750269.875000        0.617034
FIRE:  424 05:10:20  -750269.875000        0.536743
FIRE:  425 05:10:20  -750269.875000        0.422125
FIRE:  426 05:10:20  -750269.875000        0.280717
FIRE:  427 05:10:20  -750269.875000        0.137408
FIRE:  428 05:10:20  -750269.875000        0.138072
FIRE:  429 05:10:21  -750269.875000        0.173277
FIRE:  430 05:10:21  -750269.875000        0.279138
FIRE:  431 05:10:21  -750269.875000        0.338966
FIRE:  432 05:10:21  -750269.875000        0.335360
FIRE:  433 05:10:21  -750269.875000        0.257637
FIRE:  434 05:10:21  -750269.875000        0.138819
FIRE:  435 05:10:21  -750269.875000        0.138325
FIRE:  436 05:10:21  -750269.875000        0.247370
FIRE:  437 05:10:21  -750269.875000        0.297609
FIRE:  438 05:10:21  -750269.875000        0.195395
FIRE:  439 05:10:21  -750269.875000        0.141382
FIRE:  440 05:10:21  -750269.875000        0.216603
FIRE:  441 05:10:21  -750269.875000        0.165053
FIRE:  442 05:10:21  -750269.875000        0.144783
FIRE:  443 05:10:21  -750269.875000        0.233084
FIRE:  444 05:10:21  -750269.875000        0.150978
FIRE:  445 05:10:21  -750269.937500        0.182900
FIRE:  446 05:10:21  -750269.937500        0.214439
FIRE:  447 05:10:21  -750269.937500        0.161672
FIRE:  448 05:10:22  -750269.937500        0.163471
FIRE:  449 05:10:22  -750270.000000        0.362470
FIRE:  450 05:10:22  -750270.000000        0.990543
FIRE:  451 05:10:22  -750270.000000        2.670016
FIRE:  452 05:10:22  -750270.000000        0.178404
FIRE:  453 05:10:22  -750270.000000        2.853758
FIRE:  454 05:10:22  -750270.000000        1.927543
FIRE:  455 05:10:22  -750270.062500        0.484102
FIRE:  456 05:10:22  -750269.812500        0.953915
FIRE:  457 05:10:22  -750270.000000        0.892796
FIRE:  458 05:10:22  -750270.062500        0.773734
FIRE:  459 05:10:22  -750269.875000        0.603484
FIRE:  460 05:10:22  -750270.062500        0.392110
FIRE:  461 05:10:22  -750270.062500        0.172909
FIRE:  462 05:10:22  -750269.875000        0.174258
FIRE:  463 05:10:22  -750270.062500        0.287386
FIRE:  464 05:10:22  -750270.062500        0.281963
FIRE:  465 05:10:22  -750269.875000        0.271407
FIRE:  466 05:10:23  -750270.062500        0.255803
FIRE:  467 05:10:23  -750270.062500        0.235474
FIRE:  468 05:10:23  -750269.875000        0.210919
FIRE:  469 05:10:23  -750270.062500        0.182674
FIRE:  470 05:10:23  -750270.062500        0.174840
FIRE:  471 05:10:23  -750269.875000        0.174663
FIRE:  472 05:10:23  -750270.062500        0.174471
FIRE:  473 05:10:23  -750270.062500        0.174272
FIRE:  474 05:10:23  -750270.062500        0.174056
FIRE:  475 05:10:23  -750270.062500        0.173884
FIRE:  476 05:10:23  -750270.062500        0.173775
FIRE:  477 05:10:23  -750269.875000        0.173724
FIRE:  478 05:10:23  -750270.062500        0.173802
FIRE:  479 05:10:23  -750270.062500        0.174042
FIRE:  480 05:10:23  -750270.062500        0.174440
FIRE:  481 05:10:23  -750270.062500        0.175051
FIRE:  482 05:10:23  -750270.062500        0.175790
FIRE:  483 05:10:23  -750270.062500        0.176608
FIRE:  484 05:10:24  -750270.062500        0.177325
FIRE:  485 05:10:24  -750270.062500        0.177906
FIRE:  486 05:10:24  -750270.062500        0.178417
FIRE:  487 05:10:24  -750270.062500        0.179190
FIRE:  488 05:10:24  -750270.062500        0.180687
FIRE:  489 05:10:24  -750270.062500        0.183049
FIRE:  490 05:10:24  -750270.062500        0.185805
FIRE:  491 05:10:24  -750270.062500        0.188284
FIRE:  492 05:10:24  -750269.562500        0.191012
FIRE:  493 05:10:24  -750269.625000        0.220494
FIRE:  494 05:10:24  -750269.625000        0.217304
FIRE:  495 05:10:24  -750269.562500        0.215878
FIRE:  496 05:10:24  -750269.625000        0.223665
FIRE:  497 05:10:24  -750269.687500        0.233957
FIRE:  498 05:10:24  -750270.250000        0.455385
FIRE:  499 05:10:25  -750270.250000        1.641239
FIRE:  500 05:10:25  -750270.125000        6.776939
FIRE:  501 05:10:25  -750270.250000        3.090668
FIRE:  502 05:10:25  -750270.312500        2.264614
FIRE:  503 05:10:25  -750270.312500        0.697810
FIRE:  504 05:10:25  -750270.125000        1.305835
FIRE:  505 05:10:25  -750270.312500        1.188662
FIRE:  506 05:10:25  -750270.312500        0.967237
FIRE:  507 05:10:25  -750270.312500        0.664915
FIRE:  508 05:10:25  -750270.375000        0.313781
FIRE:  509 05:10:25  -750270.375000        0.279884
FIRE:  510 05:10:25  -750270.375000        0.361088
FIRE:  511 05:10:25  -750270.375000        0.354194
FIRE:  512 05:10:25  -750270.375000        0.340381
FIRE:  513 05:10:25  -750270.375000        0.320194
FIRE:  514 05:10:26  -750270.375000        0.293854
FIRE:  515 05:10:26  -750270.375000        0.279450
FIRE:  516 05:10:26  -750270.375000        0.279507
FIRE:  517 05:10:26  -750270.375000        0.279585
FIRE:  518 05:10:26  -750270.375000        0.279676
FIRE:  519 05:10:26  -750270.375000        0.279758
FIRE:  520 05:10:26  -750270.375000        0.279870
FIRE:  521 05:10:26  -750270.375000        0.279975
FIRE:  522 05:10:26  -750270.375000        0.280074
FIRE:  523 05:10:26  -750270.375000        0.280175
FIRE:  524 05:10:26  -750270.187500        0.280272
FIRE:  525 05:10:26  -750270.375000        0.280333
FIRE:  526 05:10:26  -750270.375000        0.280381
FIRE:  527 05:10:26  -750270.375000        0.280444
FIRE:  528 05:10:26  -750270.375000        0.280548
FIRE:  529 05:10:26  -750270.375000        0.280764
FIRE:  530 05:10:26  -750270.375000        0.281167
FIRE:  531 05:10:26  -750270.375000        0.281776
FIRE:  532 05:10:27  -750270.187500        0.282584
FIRE:  533 05:10:27  -750270.375000        0.283489
FIRE:  534 05:10:27  -750270.187500        0.284458
FIRE:  535 05:10:27  -750270.375000        0.286201
FIRE:  536 05:10:27  -750270.437500        0.291011
FIRE:  537 05:10:27  -750270.437500        0.296651
FIRE:  538 05:10:27  -750270.437500        0.301939
FIRE:  539 05:10:27  -750270.437500        0.307656
FIRE:  540 05:10:27  -750270.500000        0.313643
FIRE:  541 05:10:27  -750270.500000        0.320479
FIRE:  542 05:10:27  -750270.562500        0.326465
FIRE:  543 05:10:27  -750270.625000        0.345422
FIRE:  544 05:10:27  -750270.625000        0.988815
FIRE:  545 05:10:27  -750270.687500        3.038058
FIRE:  546 05:10:27  -750270.750000        0.518714
FIRE:  547 05:10:27  -750270.750000        0.386310
FIRE:  548 05:10:28  -750270.750000        0.313592
FIRE:  549 05:10:28  -750270.750000        0.310938
FIRE:  550 05:10:28  -750270.750000        0.308207
FIRE:  551 05:10:28  -750270.750000        0.361708
FIRE:  552 05:10:28  -750270.750000        0.303831
FIRE:  553 05:10:28  -750270.750000        0.302298
FIRE:  554 05:10:28  -750270.750000        0.301080
FIRE:  555 05:10:28  -750270.750000        0.310084
FIRE:  556 05:10:28  -750270.562500        0.299947
FIRE:  557 05:10:28  -750270.750000        0.299668
FIRE:  558 05:10:28  -750270.750000        0.298258
FIRE:  559 05:10:28  -750270.812500        0.294407
FIRE:  560 05:10:28  -750270.812500        0.286602
FIRE:  561 05:10:28  -750270.812500        0.275623
FIRE:  562 05:10:28  -750270.625000        0.281867
FIRE:  563 05:10:29  -750270.875000        0.237834
FIRE:  564 05:10:29  -750270.875000        0.212575
FIRE:  565 05:10:29  -750270.937500        0.186604
FIRE:  566 05:10:29  -750270.937500        0.631814
FIRE:  567 05:10:29  -750271.000000        1.952178
FIRE:  568 05:10:29  -750271.000000        0.126313
FIRE:  569 05:10:29  -750271.000000        0.126537
FIRE:  570 05:10:29  -750271.000000        0.126972
FIRE:  571 05:10:29  -750271.000000        0.127603
FIRE:  572 05:10:29  -750271.000000        0.128403
FIRE:  573 05:10:29  -750271.000000        0.129361
FIRE:  574 05:10:29  -750271.000000        0.130501
FIRE:  575 05:10:29  -750271.000000        0.131866
FIRE:  576 05:10:29  -750271.000000        0.133741
FIRE:  577 05:10:30  -750271.000000        0.136413
FIRE:  578 05:10:30  -750271.000000        0.140244
FIRE:  579 05:10:30  -750271.000000        0.145624
FIRE:  580 05:10:30  -750271.000000        0.152844
FIRE:  581 05:10:30  -750271.000000        0.162046
FIRE:  582 05:10:30  -750271.062500        0.173343
FIRE:  583 05:10:30  -750271.062500        0.185281
FIRE:  584 05:10:30  -750271.062500        0.197892
FIRE:  585 05:10:30  -750271.062500        0.209369
FIRE:  586 05:10:30  -750271.125000        0.217710
FIRE:  587 05:10:30  -750271.125000        0.222340
FIRE:  588 05:10:30  -750271.187500        0.317324
FIRE:  589 05:10:30  -750270.937500        0.398496
FIRE:  590 05:10:30  -750271.250000        1.426232
FIRE:  591 05:10:31  -750271.187500        5.785421
FIRE:  592 05:10:31  -750271.312500        2.375056
FIRE:  593 05:10:31  -750271.312500        1.725000
FIRE:  594 05:10:31  -750271.312500        0.525735
FIRE:  595 05:10:31  -750271.312500        0.938563
FIRE:  596 05:10:31  -750271.312500        0.858856
FIRE:  597 05:10:31  -750271.312500        0.707252
FIRE:  598 05:10:31  -750271.312500        0.499161
FIRE:  599 05:10:31  -750271.312500        0.397886
FIRE:  600 05:10:31  -750271.312500        0.399379
FIRE:  601 05:10:31  -750271.312500        0.401340
FIRE:  602 05:10:31  -750271.312500        0.403783
FIRE:  603 05:10:31  -750271.312500        0.500792
FIRE:  604 05:10:31  -750271.312500        0.523988
FIRE:  605 05:10:31  -750271.375000        0.443846
FIRE:  606 05:10:31  -750271.375000        0.424884
FIRE:  607 05:10:31  -750271.375000        0.435692
FIRE:  608 05:10:31  -750271.375000        0.450792
FIRE:  609 05:10:32  -750271.375000        0.471372
FIRE:  610 05:10:32  -750271.375000        0.498867
FIRE:  611 05:10:32  -750271.375000        0.528814
FIRE:  612 05:10:32  -750271.375000        0.543051
FIRE:  613 05:10:32  -750271.437500        0.560239
FIRE:  614 05:10:32  -750271.437500        0.580282
FIRE:  615 05:10:32  -750271.500000        0.602804
FIRE:  616 05:10:32  -750271.500000        0.616314
FIRE:  617 05:10:32  -750271.562500        0.626344
FIRE:  618 05:10:32  -750271.625000        0.611320
FIRE:  619 05:10:32  -750271.687500        0.753866
FIRE:  620 05:10:32  -750271.812500        0.845707
FIRE:  621 05:10:32  -750271.937500        0.764706
FIRE:  622 05:10:32  -750271.562500        1.699560
FIRE:  623 05:10:32  -750271.375000        5.157433
FIRE:  624 05:10:32  -750271.625000        1.158591
FIRE:  625 05:10:32  -750271.625000        0.863800
FIRE:  626 05:10:33  -750271.687500        0.394499
FIRE:  627 05:10:33  -750271.625000        0.366388
FIRE:  628 05:10:33  -750271.625000        0.755337
FIRE:  629 05:10:33  -750271.687500        0.701705
FIRE:  630 05:10:33  -750271.687500        0.598821
FIRE:  631 05:10:33  -750271.687500        0.455466
FIRE:  632 05:10:33  -750271.625000        0.321401
FIRE:  633 05:10:33  -750271.687500        0.315541
FIRE:  634 05:10:33  -750271.687500        0.308289
FIRE:  635 05:10:33  -750271.625000        0.299715
FIRE:  636 05:10:33  -750271.750000        0.332620
FIRE:  637 05:10:33  -750271.687500        0.389639
FIRE:  638 05:10:33  -750271.562500        0.373418
FIRE:  639 05:10:33  -750271.687500        0.272262
FIRE:  640 05:10:33  -750271.687500        0.225078
FIRE:  641 05:10:34  -750271.687500        0.206157
FIRE:  642 05:10:34  -750271.750000        0.282512
FIRE:  643 05:10:34  -750271.750000        0.282391
FIRE:  644 05:10:34  -750271.750000        0.174020
FIRE:  645 05:10:34  -750271.750000        0.176174
FIRE:  646 05:10:34  -750271.750000        0.274508
FIRE:  647 05:10:34  -750271.687500        0.185591
FIRE:  648 05:10:34  -750271.750000        0.229424
FIRE:  649 05:10:34  -750271.750000        0.169472
FIRE:  650 05:10:34  -750271.812500        0.242611
FIRE:  651 05:10:34  -750271.750000        0.125778
FIRE:  652 05:10:34  -750271.625000        0.326164
FIRE:  653 05:10:34  -750271.812500        0.350060
FIRE:  654 05:10:34  -750271.875000        0.318402
FIRE:  655 05:10:35  -750271.875000        0.481993
FIRE:  656 05:10:35  -750271.875000        1.212371
FIRE:  657 05:10:35  -750271.875000        3.086025
FIRE:  658 05:10:35  -750271.937500        0.090414
FIRE:  659 05:10:35  -750271.875000        3.477388
FIRE:  660 05:10:35  -750271.937500        2.318155
FIRE:  661 05:10:35  -750271.875000        0.549922
FIRE:  662 05:10:35  -750271.875000        1.165880
FIRE:  663 05:10:35  -750271.875000        1.089944
FIRE:  664 05:10:35  -750271.937500        0.941907
FIRE:  665 05:10:35  -750271.875000        0.729305
FIRE:  666 05:10:35  -750271.937500        0.464056
FIRE:  667 05:10:35  -750271.937500        0.173605
FIRE:  668 05:10:35  -750271.937500        0.144087
FIRE:  669 05:10:35  -750271.937500        0.141747
FIRE:  670 05:10:36  -750271.937500        0.137102
FIRE:  671 05:10:36  -750271.937500        0.130246
FIRE:  672 05:10:36  -750271.937500        0.121233
FIRE:  673 05:10:36  -750271.937500        0.110496
FIRE:  674 05:10:36  -750271.937500        0.098117
FIRE:  675 05:10:36  -750271.937500        0.084557
FIRE:  676 05:10:36  -750271.937500        0.081882
FIRE:  677 05:10:36  -750271.937500        0.081960
FIRE:  678 05:10:36  -750271.937500        0.082053
FIRE:  679 05:10:36  -750271.875000        0.082158
FIRE:  680 05:10:36  -750271.937500        0.082268
FIRE:  681 05:10:36  -750271.875000        0.082369
FIRE:  682 05:10:36  -750271.812500        0.082458
FIRE:  683 05:10:36  -750271.875000        0.082507
FIRE:  684 05:10:37  -750271.937500        0.082509
FIRE:  685 05:10:37  -750271.937500        0.082455
FIRE:  686 05:10:37  -750271.812500        0.082315
FIRE:  687 05:10:37  -750271.937500        0.082084
FIRE:  688 05:10:37  -750271.937500        0.081777
FIRE:  689 05:10:37  -750271.937500        0.081353
FIRE:  690 05:10:37  -750271.937500        0.080803
FIRE:  691 05:10:37  -750271.875000        0.080034
FIRE:  692 05:10:37  -750271.937500        0.078913
FIRE:  693 05:10:37  -750271.812500        0.079359
FIRE:  694 05:10:37  -750271.937500        0.079625
FIRE:  695 05:10:37  -750272.000000        0.080377
FIRE:  696 05:10:37  -750272.062500        0.086830
FIRE:  697 05:10:37  -750272.000000        0.095101
FIRE:  698 05:10:38  -750272.000000        0.104209
FIRE:  699 05:10:38  -750271.937500        0.102980
FIRE:  700 05:10:38  -750272.000000        0.087348
FIRE:  701 05:10:38  -750272.062500        0.107585
FIRE:  702 05:10:38  -750272.062500        0.270891
FIRE:  703 05:10:38  -750272.125000        0.825845
FIRE:  704 05:10:38  -750272.062500        2.231660
FIRE:  705 05:10:38  -750272.000000        0.066618
FIRE:  706 05:10:38  -750272.062500        0.066607
FIRE:  707 05:10:38  -750272.125000        0.066615
FIRE:  708 05:10:38  -750272.062500        0.066634
FIRE:  709 05:10:38  -750272.125000        0.066646
FIRE:  710 05:10:38  -750272.062500        0.066668
FIRE:  711 05:10:38  -750272.125000        0.066683
FIRE:  712 05:10:38  -750272.062500        0.066623
FIRE:  713 05:10:39  -750272.125000        0.066401
FIRE:  714 05:10:39  -750272.000000        0.065900
FIRE:  715 05:10:39  -750272.125000        0.064917
FIRE:  716 05:10:39  -750272.125000        0.063270
FIRE:  717 05:10:39  -750272.187500        0.060874
FIRE:  718 05:10:39  -750272.125000        0.058225
FIRE:  719 05:10:39  -750272.000000        0.057046
FIRE:  720 05:10:39  -750272.062500        0.055788
FIRE:  721 05:10:39  -750272.062500        0.054625
FIRE:  722 05:10:39  -750272.125000        0.053494
FIRE:  723 05:10:39  -750272.125000        0.052722
FIRE:  724 05:10:39  -750272.125000        0.074784
FIRE:  725 05:10:39  -750272.125000        0.233646
FIRE:  726 05:10:39  -750272.187500        0.772851
FIRE:  727 05:10:40  -750272.187500        0.056330
FIRE:  728 05:10:40  -750272.125000        0.667482
FIRE:  729 05:10:40  -750272.187500        0.507283
FIRE:  730 05:10:40  -750272.250000        0.221266
FIRE:  731 05:10:40  -750272.250000        0.123509
FIRE:  732 05:10:40  -750272.125000        0.115959
FIRE:  733 05:10:40  -750272.062500        0.101203
FIRE:  734 05:10:40  -750272.187500        0.080609
FIRE:  735 05:10:40  -750272.250000        0.056533
FIRE:  736 05:10:40  -750272.125000        0.056360
FIRE:  737 05:10:40  -750272.187500        0.056183
FIRE:  738 05:10:40  -750272.187500        0.056021
FIRE:  739 05:10:40  -750272.187500        0.055867
FIRE:  740 05:10:40  -750272.250000        0.059850
FIRE:  741 05:10:41  -750272.125000        0.062378
FIRE:  742 05:10:41  -750272.187500        0.055624
FIRE:  743 05:10:41  -750272.187500        0.055637
FIRE:  744 05:10:41  -750272.187500        0.055674
FIRE:  745 05:10:41  -750272.187500        0.055663
FIRE:  746 05:10:41  -750272.250000        0.055493
FIRE:  747 05:10:41  -750272.125000        0.055065
FIRE:  748 05:10:41  -750272.187500        0.054402
FIRE:  749 05:10:41  -750272.187500        0.053654
FIRE:  750 05:10:41  -750272.187500        0.052990
FIRE:  751 05:10:41  -750272.187500        0.052375
FIRE:  752 05:10:41  -750272.187500        0.051334
FIRE:  753 05:10:41  -750272.187500        0.049598
