      Step     Time          Energy          fmax
FIRE:    0 05:05:52 -2211157.000000        9.315186
FIRE:    1 05:05:53 -2211165.500000        7.944739
FIRE:    2 05:05:55 -2211171.750000        6.743357
FIRE:    3 05:05:55 -2211176.750000        5.689315
FIRE:    4 05:05:55 -2211182.250000        4.727918
FIRE:    5 05:05:55 -2211186.250000        3.849221
FIRE:    6 05:05:55 -2211189.500000        3.098921
FIRE:    7 05:05:55 -2211192.000000        2.843866
FIRE:    8 05:05:55 -2211193.500000        2.940901
FIRE:    9 05:05:55 -2211195.750000        3.007736
FIRE:   10 05:05:55 -2211197.250000        3.808300
FIRE:   11 05:05:55 -2211198.750000        4.566459
FIRE:   12 05:05:56 -2211200.500000        4.628120
FIRE:   13 05:05:56 -2211201.500000        4.051892
FIRE:   14 05:05:56 -2211204.250000        3.298702
FIRE:   15 05:05:56 -2211205.500000        3.186495
FIRE:   16 05:05:56 -2211207.000000        2.939750
FIRE:   17 05:05:56 -2211208.000000        2.342069
FIRE:   18 05:05:56 -2211208.750000        2.272414
FIRE:   19 05:05:56 -2211210.250000        2.415817
FIRE:   20 05:05:56 -2211211.250000        2.626360
FIRE:   21 05:05:56 -2211212.250000        4.414846
FIRE:   22 05:05:56 -2211213.250000        4.730118
FIRE:   23 05:05:56 -2211214.250000        3.497642
FIRE:   24 05:05:56 -2211215.750000        3.072588
FIRE:   25 05:05:56 -2211216.000000        3.778066
FIRE:   26 05:05:56 -2211217.500000        3.905216
FIRE:   27 05:05:57 -2211218.500000        4.223341
FIRE:   28 05:05:57 -2211219.250000        4.568785
FIRE:   29 05:05:57 -2211220.500000        4.589871
FIRE:   30 05:05:57 -2211222.750000        3.734574
FIRE:   31 05:05:58 -2211222.750000        1.509699
FIRE:   32 05:05:58 -2211223.250000        5.950527
FIRE:   33 05:05:58 -2211223.750000        2.704146
FIRE:   34 05:05:58 -2211223.750000        5.956698
FIRE:   35 05:05:58 -2211224.750000        5.434776
FIRE:   36 05:05:58 -2211224.750000        3.266149
FIRE:   37 05:05:58 -2211225.500000        1.089735
FIRE:   38 05:05:58 -2211225.000000        4.294415
FIRE:   39 05:05:59 -2211225.000000        3.700761
FIRE:   40 05:05:59 -2211225.000000        2.634791
FIRE:   41 05:05:59 -2211225.000000        1.303407
FIRE:   42 05:05:59 -2211225.000000        0.964630
FIRE:   43 05:05:59 -2211225.500000        1.243296
FIRE:   44 05:05:59 -2211225.250000        2.011509
FIRE:   45 05:05:59 -2211225.500000        2.342027
FIRE:   46 05:05:59 -2211225.500000        2.192371
FIRE:   47 05:05:59 -2211226.000000        1.488707
FIRE:   48 05:05:59 -2211225.250000        0.789014
FIRE:   49 05:05:59 -2211226.000000        1.195502
FIRE:   50 05:05:59 -2211226.250000        2.008886
FIRE:   51 05:05:59 -2211226.250000        1.544002
FIRE:   52 05:05:59 -2211226.750000        0.675700
FIRE:   53 05:05:59 -2211227.000000        1.500722
FIRE:   54 05:05:59 -2211227.500000        1.208318
FIRE:   55 05:06:00 -2211228.000000        0.818509
FIRE:   56 05:06:00 -2211228.250000        1.550378
FIRE:   57 05:06:00 -2211228.250000        0.684618
FIRE:   58 05:06:00 -2211228.500000        1.106279
FIRE:   59 05:06:00 -2211229.750000        0.887874
FIRE:   60 05:06:00 -2211230.250000        1.031265
FIRE:   61 05:06:00 -2211229.250000        1.084657
FIRE:   62 05:06:01 -2211229.750000        1.220058
FIRE:   63 05:06:01 -2211230.500000        1.376322
FIRE:   64 05:06:01 -2211231.000000        1.552568
FIRE:   65 05:06:02 -2211232.000000        1.748340
FIRE:   66 05:06:02 -2211232.000000        1.976037
FIRE:   67 05:06:02 -2211232.250000        2.192030
FIRE:   68 05:06:02 -2211233.000000        2.119736
FIRE:   69 05:06:02 -2211234.000000        1.503747
FIRE:   70 05:06:02 -2211234.250000        1.913546
FIRE:   71 05:06:02 -2211234.500000        4.111176
FIRE:   72 05:06:02 -2211235.000000        3.568281
FIRE:   73 05:06:02 -2211235.000000        1.687029
FIRE:   74 05:06:02 -2211236.000000        1.601531
FIRE:   75 05:06:02 -2211236.250000        1.177187
FIRE:   76 05:06:02 -2211236.000000        1.012086
FIRE:   77 05:06:02 -2211236.250000        2.386026
FIRE:   78 05:06:02 -2211236.250000        2.402208
FIRE:   79 05:06:02 -2211236.500000        3.329480
FIRE:   80 05:06:02 -2211236.250000        0.893009
FIRE:   81 05:06:02 -2211237.000000        2.157426
FIRE:   82 05:06:03 -2211236.750000        1.816805
FIRE:   83 05:06:03 -2211236.250000        1.190121
FIRE:   84 05:06:03 -2211236.500000        0.488559
FIRE:   85 05:06:03 -2211236.500000        0.497529
FIRE:   86 05:06:03 -2211236.250000        1.023126
FIRE:   87 05:06:03 -2211236.250000        1.262476
FIRE:   88 05:06:03 -2211236.500000        1.137758
FIRE:   89 05:06:03 -2211236.000000        0.634997
FIRE:   90 05:06:03 -2211236.750000        0.310295
FIRE:   91 05:06:03 -2211236.500000        0.940982
FIRE:   92 05:06:03 -2211237.250000        1.203864
FIRE:   93 05:06:03 -2211237.250000        0.741899
FIRE:   94 05:06:03 -2211237.000000        0.317231
FIRE:   95 05:06:03 -2211237.250000        0.939111
FIRE:   96 05:06:03 -2211237.500000        0.383795
FIRE:   97 05:06:03 -2211237.500000        0.890443
FIRE:   98 05:06:04 -2211237.250000        0.665327
FIRE:   99 05:06:04 -2211237.750000        0.923093
FIRE:  100 05:06:04 -2211238.000000        0.515691
FIRE:  101 05:06:04 -2211238.000000        1.343799
FIRE:  102 05:06:04 -2211238.250000        1.493287
FIRE:  103 05:06:04 -2211238.500000        0.752586
FIRE:  104 05:06:04 -2211238.500000        1.338599
FIRE:  105 05:06:04 -2211238.750000        2.226397
FIRE:  106 05:06:04 -2211238.750000        3.170127
FIRE:  107 05:06:04 -2211238.750000        1.750057
FIRE:  108 05:06:04 -2211238.750000        1.020415
FIRE:  109 05:06:04 -2211239.000000        0.190454
FIRE:  110 05:06:04 -2211239.000000        1.053767
FIRE:  111 05:06:04 -2211239.000000        0.951517
FIRE:  112 05:06:04 -2211239.000000        0.757029
FIRE:  113 05:06:05 -2211238.750000        0.490508
FIRE:  114 05:06:05 -2211239.000000        0.185380
FIRE:  115 05:06:05 -2211239.000000        0.185254
FIRE:  116 05:06:05 -2211239.000000        0.382847
FIRE:  117 05:06:05 -2211238.750000        0.543530
FIRE:  118 05:06:05 -2211239.000000        0.597189
FIRE:  119 05:06:05 -2211239.000000        0.513333
FIRE:  120 05:06:05 -2211239.000000        0.285541
FIRE:  121 05:06:05 -2211239.000000        0.181668
FIRE:  122 05:06:05 -2211239.000000        0.372109
FIRE:  123 05:06:05 -2211239.000000        0.501146
FIRE:  124 05:06:05 -2211238.750000        0.342926
FIRE:  125 05:06:05 -2211238.750000        0.183530
FIRE:  126 05:06:05 -2211239.000000        0.391644
FIRE:  127 05:06:05 -2211239.000000        0.262779
FIRE:  128 05:06:06 -2211239.000000        0.258521
FIRE:  129 05:06:06 -2211239.000000        0.370016
FIRE:  130 05:06:06 -2211239.000000        0.234558
FIRE:  131 05:06:06 -2211239.500000        0.261257
FIRE:  132 05:06:06 -2211239.000000        0.476154
FIRE:  133 05:06:06 -2211239.500000        0.357336
FIRE:  134 05:06:06 -2211239.500000        0.425685
FIRE:  135 05:06:06 -2211239.750000        0.521479
FIRE:  136 05:06:06 -2211239.750000        1.250333
FIRE:  137 05:06:06 -2211240.000000        2.560251
FIRE:  138 05:06:06 -2211240.500000        3.595619
FIRE:  139 05:06:06 -2211240.250000        1.121272
FIRE:  140 05:06:06 -2211240.500000        0.736473
FIRE:  141 05:06:06 -2211240.250000        0.595535
FIRE:  142 05:06:06 -2211240.250000        0.585955
FIRE:  143 05:06:06 -2211240.250000        0.822431
FIRE:  144 05:06:07 -2211240.500000        0.741399
FIRE:  145 05:06:07 -2211240.250000        0.538227
FIRE:  146 05:06:07 -2211240.500000        0.514229
FIRE:  147 05:06:07 -2211240.750000        0.629360
FIRE:  148 05:06:07 -2211240.750000        0.514047
FIRE:  149 05:06:07 -2211240.500000        0.355970
FIRE:  150 05:06:07 -2211240.500000        0.579339
FIRE:  151 05:06:07 -2211240.500000        0.217647
FIRE:  152 05:06:07 -2211240.500000        0.577014
FIRE:  153 05:06:07 -2211240.750000        0.297648
FIRE:  154 05:06:07 -2211240.750000        0.641245
FIRE:  155 05:06:07 -2211240.750000        0.493613
FIRE:  156 05:06:07 -2211240.750000        0.361134
FIRE:  157 05:06:07 -2211240.750000        0.337279
FIRE:  158 05:06:07 -2211240.500000        0.881203
FIRE:  159 05:06:08 -2211240.250000        2.607910
FIRE:  160 05:06:08 -2211240.500000        0.382967
FIRE:  161 05:06:08 -2211241.000000        2.133910
FIRE:  162 05:06:08 -2211240.500000        1.650057
FIRE:  163 05:06:08 -2211241.000000        0.782169
FIRE:  164 05:06:08 -2211240.500000        0.371056
FIRE:  165 05:06:08 -2211241.000000        0.348198
FIRE:  166 05:06:08 -2211241.000000        0.303997
FIRE:  167 05:06:08 -2211241.000000        0.241700
FIRE:  168 05:06:08 -2211240.500000        0.214130
FIRE:  169 05:06:08 -2211240.500000        0.209993
FIRE:  170 05:06:08 -2211240.500000        0.204975
FIRE:  171 05:06:08 -2211240.250000        0.199101
FIRE:  172 05:06:08 -2211241.000000        0.191629
FIRE:  173 05:06:08 -2211240.250000        0.182305
FIRE:  174 05:06:09 -2211240.500000        0.173683
FIRE:  175 05:06:09 -2211240.500000        0.165643
FIRE:  176 05:06:09 -2211240.500000        0.153472
FIRE:  177 05:06:09 -2211240.250000        0.138743
FIRE:  178 05:06:09 -2211240.500000        0.145288
FIRE:  179 05:06:09 -2211240.500000        0.157415
FIRE:  180 05:06:09 -2211240.500000        0.109933
FIRE:  181 05:06:09 -2211241.000000        0.102857
FIRE:  182 05:06:09 -2211240.250000        0.122524
FIRE:  183 05:06:09 -2211240.500000        0.126055
FIRE:  184 05:06:09 -2211241.000000        0.125329
FIRE:  185 05:06:09 -2211240.750000        0.110689
FIRE:  186 05:06:09 -2211240.750000        0.104724
FIRE:  187 05:06:09 -2211240.750000        0.077943
FIRE:  188 05:06:09 -2211241.250000        0.144561
FIRE:  189 05:06:09 -2211240.500000        0.187122
FIRE:  190 05:06:10 -2211240.750000        0.307913
FIRE:  191 05:06:10 -2211240.750000        0.605828
FIRE:  192 05:06:10 -2211241.250000        1.493504
FIRE:  193 05:06:10 -2211240.750000        4.033909
FIRE:  194 05:06:10 -2211241.000000        0.621387
FIRE:  195 05:06:10 -2211241.250000        0.466560
FIRE:  196 05:06:10 -2211241.250000        0.194409
FIRE:  197 05:06:10 -2211241.000000        0.122700
FIRE:  198 05:06:10 -2211241.500000        0.357156
FIRE:  199 05:06:10 -2211241.000000        0.437443
FIRE:  200 05:06:10 -2211241.000000        0.349034
FIRE:  201 05:06:10 -2211241.000000        0.152129
FIRE:  202 05:06:10 -2211241.000000        0.161893
FIRE:  203 05:06:10 -2211241.000000        0.354958
FIRE:  204 05:06:10 -2211241.500000        0.325026
FIRE:  205 05:06:11 -2211240.750000        0.089128
FIRE:  206 05:06:11 -2211240.750000        0.270530
FIRE:  207 05:06:11 -2211241.000000        0.210035
FIRE:  208 05:06:11 -2211240.750000        0.216804
FIRE:  209 05:06:11 -2211241.000000        0.239650
FIRE:  210 05:06:11 -2211241.000000        0.260538
FIRE:  211 05:06:11 -2211240.750000        0.130045
FIRE:  212 05:06:11 -2211241.500000        0.270147
FIRE:  213 05:06:11 -2211241.500000        0.466142
FIRE:  214 05:06:11 -2211241.250000        0.947220
FIRE:  215 05:06:11 -2211241.750000        2.122129
FIRE:  216 05:06:11 -2211241.250000        0.079142
FIRE:  217 05:06:11 -2211241.250000        1.798589
FIRE:  218 05:06:11 -2211241.250000        1.392066
FIRE:  219 05:06:11 -2211241.750000        0.659693
FIRE:  220 05:06:11 -2211241.000000        0.250614
FIRE:  221 05:06:12 -2211241.000000        0.235005
FIRE:  222 05:06:12 -2211241.250000        0.204753
FIRE:  223 05:06:12 -2211241.750000        0.162079
FIRE:  224 05:06:12 -2211241.250000        0.110311
FIRE:  225 05:06:12 -2211241.000000        0.068250
FIRE:  226 05:06:12 -2211241.250000        0.068050
FIRE:  227 05:06:12 -2211241.750000        0.067807
FIRE:  228 05:06:12 -2211241.750000        0.105196
FIRE:  229 05:06:12 -2211241.750000        0.135920
FIRE:  230 05:06:12 -2211241.750000        0.144563
FIRE:  231 05:06:12 -2211241.250000        0.124786
FIRE:  232 05:06:12 -2211241.250000        0.075607
FIRE:  233 05:06:12 -2211241.250000        0.063804
FIRE:  234 05:06:12 -2211241.000000        0.073495
FIRE:  235 05:06:12 -2211241.250000        0.096766
FIRE:  236 05:06:12 -2211241.250000        0.069580
FIRE:  237 05:06:13 -2211241.250000        0.114387
FIRE:  238 05:06:13 -2211241.000000        0.114974
FIRE:  239 05:06:13 -2211241.000000        0.086312
FIRE:  240 05:06:13 -2211241.250000        0.060463
FIRE:  241 05:06:13 -2211241.250000        0.080469
FIRE:  242 05:06:13 -2211241.750000        0.059469
FIRE:  243 05:06:13 -2211241.250000        0.095698
FIRE:  244 05:06:13 -2211241.250000        0.072967
FIRE:  245 05:06:13 -2211241.000000        0.058397
FIRE:  246 05:06:13 -2211241.250000        0.059376
FIRE:  247 05:06:13 -2211241.000000        0.137947
FIRE:  248 05:06:13 -2211242.000000        0.481965
FIRE:  249 05:06:13 -2211242.000000        1.558921
FIRE:  250 05:06:13 -2211241.500000        0.079643
FIRE:  251 05:06:13 -2211241.500000        1.369895
FIRE:  252 05:06:14 -2211241.250000        1.040544
FIRE:  253 05:06:14 -2211241.500000        0.456095
FIRE:  254 05:06:14 -2211242.000000        0.245038
FIRE:  255 05:06:14 -2211242.000000        0.229386
FIRE:  256 05:06:14 -2211241.250000        0.199138
FIRE:  257 05:06:14 -2211241.000000        0.156412
FIRE:  258 05:06:14 -2211241.500000        0.104724
FIRE:  259 05:06:14 -2211241.500000        0.061431
FIRE:  260 05:06:14 -2211241.500000        0.061137
FIRE:  261 05:06:14 -2211241.500000        0.061289
FIRE:  262 05:06:14 -2211241.500000        0.103468
FIRE:  263 05:06:14 -2211241.500000        0.130912
FIRE:  264 05:06:14 -2211241.500000        0.135755
FIRE:  265 05:06:14 -2211241.500000        0.112237
FIRE:  266 05:06:14 -2211241.500000        0.060322
FIRE:  267 05:06:14 -2211241.500000        0.055366
FIRE:  268 05:06:14 -2211242.000000        0.074133
FIRE:  269 05:06:15 -2211242.000000        0.097190
FIRE:  270 05:06:15 -2211241.500000        0.060435
FIRE:  271 05:06:15 -2211242.000000        0.054602
FIRE:  272 05:06:15 -2211242.000000        0.094952
FIRE:  273 05:06:15 -2211241.250000        0.066249
FIRE:  274 05:06:15 -2211241.500000        0.054245
FIRE:  275 05:06:15 -2211241.500000        0.073751
FIRE:  276 05:06:15 -2211241.500000        0.053174
FIRE:  277 05:06:15 -2211241.250000        0.087449
FIRE:  278 05:06:15 -2211241.500000        0.083236
FIRE:  279 05:06:15 -2211241.500000        0.068883
FIRE:  280 05:06:15 -2211241.500000        0.088911
FIRE:  281 05:06:15 -2211241.500000        0.057441
FIRE:  282 05:06:15 -2211241.500000        0.126099
FIRE:  283 05:06:15 -2211241.750000        0.600921
FIRE:  284 05:06:15 -2211241.750000        2.575029
FIRE:  285 05:06:15 -2211241.750000        0.795850
FIRE:  286 05:06:15 -2211242.250000        0.558515
FIRE:  287 05:06:15 -2211242.250000        0.150048
FIRE:  288 05:06:16 -2211241.500000        0.298598
FIRE:  289 05:06:16 -2211242.250000        0.274663
FIRE:  290 05:06:16 -2211241.750000        0.228784
FIRE:  291 05:06:16 -2211241.750000        0.165072
FIRE:  292 05:06:16 -2211241.750000        0.089634
FIRE:  293 05:06:16 -2211241.750000        0.049297
