      Step     Time          Energy          fmax
FIRE:    0 20:14:50 -1524375.750000        9.646773
FIRE:    1 20:14:51 -1524383.375000        7.908849
FIRE:    2 20:14:53 -1524390.000000        6.362955
FIRE:    3 20:14:53 -1524395.000000        5.041595
FIRE:    4 20:14:53 -1524399.500000        3.904115
FIRE:    5 20:14:54 -1524402.875000        3.257236
FIRE:    6 20:14:56 -1524405.500000        3.495296
FIRE:    7 20:14:56 -1524408.125000        3.599256
FIRE:    8 20:14:56 -1524410.250000        3.384111
FIRE:    9 20:14:56 -1524412.250000        2.924897
FIRE:   10 20:14:56 -1524413.875000        2.402387
FIRE:   11 20:14:56 -1524415.625000        1.967280
FIRE:   12 20:14:56 -1524417.250000        1.682029
FIRE:   13 20:14:56 -1524418.375000        1.776100
FIRE:   14 20:14:56 -1524419.750000        1.826994
FIRE:   15 20:14:56 -1524420.875000        1.684740
FIRE:   16 20:14:56 -1524422.125000        1.386272
FIRE:   17 20:14:56 -1524423.375000        1.369394
FIRE:   18 20:14:56 -1524424.500000        1.392079
FIRE:   19 20:14:56 -1524425.750000        1.333248
FIRE:   20 20:14:56 -1524426.875000        1.202389
FIRE:   21 20:14:56 -1524427.875000        1.017192
FIRE:   22 20:14:56 -1524428.875000        0.810683
FIRE:   23 20:14:56 -1524429.750000        0.734280
FIRE:   24 20:14:56 -1524430.625000        0.756407
FIRE:   25 20:14:56 -1524431.375000        0.771254
FIRE:   26 20:14:56 -1524432.250000        0.773681
FIRE:   27 20:14:56 -1524433.125000        0.759631
FIRE:   28 20:14:56 -1524433.750000        0.730118
FIRE:   29 20:14:56 -1524434.500000        0.851662
FIRE:   30 20:14:56 -1524435.375000        0.636577
FIRE:   31 20:14:56 -1524436.000000        0.570458
FIRE:   32 20:14:56 -1524436.625000        0.567851
FIRE:   33 20:14:57 -1524437.125000        0.519988
FIRE:   34 20:14:57 -1524437.875000        0.494473
FIRE:   35 20:14:57 -1524438.500000        0.506153
FIRE:   36 20:14:57 -1524439.125000        0.499464
FIRE:   37 20:14:57 -1524439.500000        0.467983
FIRE:   38 20:14:57 -1524440.125000        0.454106
FIRE:   39 20:14:57 -1524440.500000        0.445335
FIRE:   40 20:14:57 -1524441.000000        0.439225
FIRE:   41 20:14:57 -1524441.625000        0.434501
FIRE:   42 20:14:57 -1524441.625000        0.438371
FIRE:   43 20:14:57 -1524442.250000        0.447493
FIRE:   44 20:14:57 -1524442.500000        0.434987
FIRE:   45 20:14:57 -1524442.875000        0.424866
FIRE:   46 20:14:57 -1524443.375000        0.419632
FIRE:   47 20:14:57 -1524443.750000        0.410752
FIRE:   48 20:14:57 -1524444.125000        0.397536
FIRE:   49 20:14:57 -1524444.625000        0.390593
FIRE:   50 20:14:57 -1524445.000000        0.383942
FIRE:   51 20:14:57 -1524445.000000        0.372290
FIRE:   52 20:14:57 -1524445.500000        0.354858
FIRE:   53 20:14:57 -1524445.875000        0.336315
FIRE:   54 20:14:57 -1524446.000000        0.317607
FIRE:   55 20:14:57 -1524446.375000        0.299042
FIRE:   56 20:14:57 -1524446.625000        0.275689
FIRE:   57 20:14:58 -1524447.000000        0.274554
FIRE:   58 20:14:58 -1524447.250000        0.277709
FIRE:   59 20:14:58 -1524447.500000        0.277687
FIRE:   60 20:14:58 -1524447.750000        0.273775
FIRE:   61 20:14:58 -1524448.000000        0.263119
FIRE:   62 20:14:58 -1524448.000000        0.249657
FIRE:   63 20:14:58 -1524448.500000        0.243120
FIRE:   64 20:14:58 -1524448.750000        0.241155
FIRE:   65 20:14:58 -1524448.875000        0.235388
FIRE:   66 20:14:58 -1524449.125000        0.226018
FIRE:   67 20:14:58 -1524449.250000        0.213665
FIRE:   68 20:14:58 -1524449.500000        0.219688
FIRE:   69 20:14:58 -1524449.625000        0.222653
FIRE:   70 20:14:58 -1524449.625000        0.220517
FIRE:   71 20:14:58 -1524449.750000        0.213984
FIRE:   72 20:14:58 -1524449.875000        0.205054
FIRE:   73 20:14:58 -1524450.000000        0.195351
FIRE:   74 20:14:58 -1524450.125000        0.190473
FIRE:   75 20:14:58 -1524450.375000        0.179276
FIRE:   76 20:14:59 -1524450.625000        0.162286
FIRE:   77 20:14:59 -1524450.625000        0.146775
FIRE:   78 20:14:59 -1524450.750000        0.134040
FIRE:   79 20:14:59 -1524450.875000        0.132958
FIRE:   80 20:14:59 -1524451.000000        0.134610
FIRE:   81 20:14:59 -1524451.375000        0.133557
FIRE:   82 20:14:59 -1524451.500000        0.128134
FIRE:   83 20:14:59 -1524451.375000        0.118417
FIRE:   84 20:14:59 -1524451.375000        0.118452
FIRE:   85 20:14:59 -1524451.500000        0.124886
FIRE:   86 20:14:59 -1524451.625000        0.132278
FIRE:   87 20:14:59 -1524451.750000        0.138790
FIRE:   88 20:14:59 -1524451.750000        0.141908
FIRE:   89 20:14:59 -1524451.625000        0.140341
FIRE:   90 20:14:59 -1524452.000000        0.132316
FIRE:   91 20:14:59 -1524452.000000        0.134070
FIRE:   92 20:14:59 -1524452.000000        0.136794
FIRE:   93 20:14:59 -1524452.250000        0.139507
FIRE:   94 20:14:59 -1524452.250000        0.140935
FIRE:   95 20:15:00 -1524452.375000        0.138925
FIRE:   96 20:15:00 -1524452.500000        0.134313
FIRE:   97 20:15:00 -1524452.250000        0.128909
FIRE:   98 20:15:00 -1524452.375000        0.127368
FIRE:   99 20:15:00 -1524452.750000        0.127896
FIRE:  100 20:15:00 -1524452.875000        0.128314
FIRE:  101 20:15:00 -1524452.875000        0.144745
FIRE:  102 20:15:00 -1524453.000000        0.157920
FIRE:  103 20:15:00 -1524453.000000        0.166734
FIRE:  104 20:15:00 -1524453.125000        0.181545
FIRE:  105 20:15:00 -1524453.125000        0.208587
FIRE:  106 20:15:00 -1524453.250000        0.225733
FIRE:  107 20:15:00 -1524453.000000        0.230712
FIRE:  108 20:15:00 -1524453.250000        0.224389
FIRE:  109 20:15:00 -1524453.250000        0.209214
FIRE:  110 20:15:00 -1524453.500000        0.186632
FIRE:  111 20:15:00 -1524453.500000        0.166734
FIRE:  112 20:15:00 -1524453.375000        0.169915
FIRE:  113 20:15:00 -1524453.375000        0.188923
FIRE:  114 20:15:01 -1524453.500000        0.215890
FIRE:  115 20:15:01 -1524453.625000        0.243273
FIRE:  116 20:15:01 -1524453.750000        0.266033
FIRE:  117 20:15:01 -1524453.625000        0.281686
FIRE:  118 20:15:01 -1524453.875000        0.288922
FIRE:  119 20:15:01 -1524453.750000        0.285091
FIRE:  120 20:15:01 -1524453.875000        0.270231
FIRE:  121 20:15:01 -1524453.875000        0.244902
FIRE:  122 20:15:01 -1524453.875000        0.212012
FIRE:  123 20:15:01 -1524454.000000        0.171071
FIRE:  124 20:15:01 -1524454.000000        0.131024
FIRE:  125 20:15:01 -1524454.125000        0.182902
FIRE:  126 20:15:01 -1524454.000000        0.149335
FIRE:  127 20:15:01 -1524454.125000        0.211300
FIRE:  128 20:15:01 -1524454.125000        0.275877
FIRE:  129 20:15:01 -1524454.250000        0.331168
FIRE:  130 20:15:01 -1524454.375000        0.367921
FIRE:  131 20:15:01 -1524454.250000        0.371746
FIRE:  132 20:15:01 -1524454.250000        0.348193
FIRE:  133 20:15:01 -1524454.250000        0.300586
FIRE:  134 20:15:01 -1524454.250000        0.235874
FIRE:  135 20:15:02 -1524454.250000        0.259600
FIRE:  136 20:15:02 -1524454.250000        0.288206
FIRE:  137 20:15:02 -1524454.500000        0.307326
FIRE:  138 20:15:02 -1524454.375000        0.314569
FIRE:  139 20:15:02 -1524454.375000        0.309157
FIRE:  140 20:15:02 -1524454.250000        0.290573
FIRE:  141 20:15:02 -1524454.375000        0.292042
FIRE:  142 20:15:02 -1524454.250000        0.319273
FIRE:  143 20:15:02 -1524454.375000        0.420139
FIRE:  144 20:15:02 -1524454.500000        0.407225
FIRE:  145 20:15:02 -1524454.375000        0.379470
FIRE:  146 20:15:02 -1524454.375000        0.343839
FIRE:  147 20:15:02 -1524454.625000        0.299453
FIRE:  148 20:15:02 -1524454.625000        0.232865
FIRE:  149 20:15:02 -1524454.750000        0.175893
FIRE:  150 20:15:02 -1524454.375000        0.162381
FIRE:  151 20:15:02 -1524454.500000        0.196467
FIRE:  152 20:15:02 -1524454.500000        0.298593
FIRE:  153 20:15:02 -1524454.625000        0.538225
FIRE:  154 20:15:02 -1524454.375000        2.463891
FIRE:  155 20:15:03 -1524454.750000        2.261245
FIRE:  156 20:15:03 -1524454.625000        1.180109
FIRE:  157 20:15:03 -1524454.750000        0.608828
FIRE:  158 20:15:03 -1524454.750000        0.526531
FIRE:  159 20:15:03 -1524454.750000        0.373558
FIRE:  160 20:15:03 -1524454.750000        0.189341
FIRE:  161 20:15:03 -1524454.625000        0.105267
FIRE:  162 20:15:03 -1524454.625000        0.240771
FIRE:  163 20:15:03 -1524454.750000        0.361947
FIRE:  164 20:15:03 -1524454.625000        0.399927
FIRE:  165 20:15:03 -1524454.625000        0.345703
FIRE:  166 20:15:03 -1524454.750000        0.195720
FIRE:  167 20:15:03 -1524454.625000        0.103842
FIRE:  168 20:15:03 -1524454.625000        0.227614
FIRE:  169 20:15:03 -1524454.875000        0.293133
FIRE:  170 20:15:03 -1524454.625000        0.211905
FIRE:  171 20:15:03 -1524454.875000        0.113369
FIRE:  172 20:15:03 -1524454.750000        0.267100
FIRE:  173 20:15:03 -1524454.750000        0.166638
FIRE:  174 20:15:03 -1524454.750000        0.182864
FIRE:  175 20:15:04 -1524454.750000        0.212749
FIRE:  176 20:15:04 -1524454.750000        0.213516
FIRE:  177 20:15:04 -1524454.750000        0.176546
FIRE:  178 20:15:04 -1524454.750000        0.252533
FIRE:  179 20:15:04 -1524454.750000        0.370754
FIRE:  180 20:15:04 -1524454.875000        0.535663
FIRE:  181 20:15:04 -1524454.875000        1.023229
FIRE:  182 20:15:04 -1524455.125000        2.385013
FIRE:  183 20:15:04 -1524455.250000        0.144188
FIRE:  184 20:15:04 -1524455.000000        0.117373
FIRE:  185 20:15:04 -1524455.125000        0.070343
FIRE:  186 20:15:04 -1524455.125000        0.053581
FIRE:  187 20:15:04 -1524455.125000        0.093994
FIRE:  188 20:15:04 -1524455.125000        0.116490
FIRE:  189 20:15:04 -1524455.125000        0.098171
FIRE:  190 20:15:04 -1524455.250000        0.053032
FIRE:  191 20:15:04 -1524455.125000        0.063398
FIRE:  192 20:15:04 -1524455.250000        0.076246
FIRE:  193 20:15:04 -1524455.000000        0.057769
FIRE:  194 20:15:04 -1524455.125000        0.051551
FIRE:  195 20:15:04 -1524455.125000        0.084651
FIRE:  196 20:15:05 -1524455.125000        0.050837
FIRE:  197 20:15:05 -1524455.125000        0.055108
FIRE:  198 20:15:05 -1524455.125000        0.054554
FIRE:  199 20:15:05 -1524455.000000        0.088844
FIRE:  200 20:15:05 -1524455.250000        0.049420
