      Step     Time          Energy          fmax
FIRE:    0 22:48:28  -586457.625000        6.093269
FIRE:    1 22:48:30  -586459.750000        5.138520
FIRE:    2 22:48:33  -586461.375000        3.091466
FIRE:    3 22:48:33  -586462.500000        1.881835
FIRE:    4 22:48:34  -586462.312500        1.448020
FIRE:    5 22:48:34  -586462.375000        1.333835
FIRE:    6 22:48:34  -586462.937500        1.399295
FIRE:    7 22:48:34  -586463.000000        1.280391
FIRE:    8 22:48:34  -586463.125000        1.187865
FIRE:    9 22:48:34  -586462.937500        1.336575
FIRE:   10 22:48:34  -586463.375000        1.409165
FIRE:   11 22:48:34  -586463.625000        1.164117
FIRE:   12 22:48:34  -586463.812500        0.882124
FIRE:   13 22:48:34  -586464.000000        1.066807
FIRE:   14 22:48:34  -586464.187500        0.783942
FIRE:   15 22:48:34  -586464.437500        0.762699
FIRE:   16 22:48:34  -586464.625000        0.759183
FIRE:   17 22:48:34  -586464.875000        0.698345
FIRE:   18 22:48:34  -586464.812500        0.738195
FIRE:   19 22:48:34  -586465.000000        0.821491
FIRE:   20 22:48:35  -586465.187500        0.889680
FIRE:   21 22:48:35  -586465.437500        0.972651
FIRE:   22 22:48:35  -586465.687500        1.262853
FIRE:   23 22:48:35  -586465.937500        1.270726
FIRE:   24 22:48:35  -586466.250000        1.368610
FIRE:   25 22:48:35  -586466.625000        1.489758
FIRE:   26 22:48:35  -586466.937500        1.577933
FIRE:   27 22:48:35  -586467.312500        1.916472
FIRE:   28 22:48:35  -586467.687500        1.929895
FIRE:   29 22:48:35  -586468.187500        1.497485
FIRE:   30 22:48:35  -586468.500000        1.042933
FIRE:   31 22:48:35  -586468.125000        4.125650
FIRE:   32 22:48:35  -586468.500000        1.289705
FIRE:   33 22:48:35  -586468.500000        0.603664
FIRE:   34 22:48:35  -586468.625000        0.551545
FIRE:   35 22:48:35  -586468.625000        0.489444
FIRE:   36 22:48:35  -586468.625000        0.479245
FIRE:   37 22:48:35  -586468.625000        0.464707
FIRE:   38 22:48:35  -586468.625000        0.447150
FIRE:   39 22:48:36  -586468.562500        0.428507
FIRE:   40 22:48:36  -586468.562500        0.445336
FIRE:   41 22:48:36  -586468.687500        0.414904
FIRE:   42 22:48:36  -586468.687500        0.422758
FIRE:   43 22:48:36  -586468.625000        0.430269
FIRE:   44 22:48:36  -586468.750000        0.437135
FIRE:   45 22:48:36  -586468.750000        0.444840
FIRE:   46 22:48:36  -586468.812500        0.454429
FIRE:   47 22:48:36  -586468.812500        0.461515
FIRE:   48 22:48:36  -586468.875000        0.487387
FIRE:   49 22:48:36  -586469.000000        0.608544
FIRE:   50 22:48:36  -586469.125000        0.593977
FIRE:   51 22:48:36  -586469.125000        0.645137
FIRE:   52 22:48:36  -586469.375000        0.701107
FIRE:   53 22:48:36  -586469.500000        0.816470
FIRE:   54 22:48:36  -586469.750000        2.199801
FIRE:   55 22:48:36  -586470.250000        3.780064
FIRE:   56 22:48:36  -586470.062500        0.758610
FIRE:   57 22:48:37  -586470.000000        0.760671
FIRE:   58 22:48:37  -586470.000000        0.764680
FIRE:   59 22:48:37  -586470.062500        0.770391
FIRE:   60 22:48:37  -586470.000000        0.781171
FIRE:   61 22:48:37  -586470.062500        0.793247
FIRE:   62 22:48:37  -586470.062500        0.805715
FIRE:   63 22:48:37  -586470.125000        0.817746
FIRE:   64 22:48:37  -586470.125000        0.829758
FIRE:   65 22:48:37  -586470.187500        0.841192
FIRE:   66 22:48:37  -586470.125000        0.851340
FIRE:   67 22:48:37  -586470.250000        0.862160
FIRE:   68 22:48:37  -586470.312500        0.880151
FIRE:   69 22:48:37  -586470.375000        0.917190
FIRE:   70 22:48:37  -586470.437500        0.945684
FIRE:   71 22:48:37  -586470.562500        0.976927
FIRE:   72 22:48:39  -586470.687500        0.964418
FIRE:   73 22:48:39  -586470.875000        0.781436
FIRE:   74 22:48:39  -586471.312500        0.524139
FIRE:   75 22:48:39  -586471.000000        0.933186
FIRE:   76 22:48:39  -586471.187500        0.834180
FIRE:   77 22:48:39  -586471.187500        0.661901
FIRE:   78 22:48:39  -586471.250000        0.558043
FIRE:   79 22:48:39  -586471.250000        0.391894
FIRE:   80 22:48:39  -586471.062500        0.386417
FIRE:   81 22:48:39  -586471.312500        0.451608
FIRE:   82 22:48:40  -586471.312500        0.464081
FIRE:   83 22:48:40  -586471.312500        0.504390
FIRE:   84 22:48:40  -586471.312500        0.533274
FIRE:   85 22:48:40  -586471.375000        0.538685
FIRE:   86 22:48:40  -586471.250000        0.516138
FIRE:   87 22:48:40  -586471.437500        0.561501
FIRE:   88 22:48:40  -586471.625000        0.497735
FIRE:   89 22:48:40  -586471.312500        0.441422
FIRE:   90 22:48:40  -586471.375000        0.497977
FIRE:   91 22:48:40  -586471.437500        1.285478
FIRE:   92 22:48:40  -586471.312500        3.875379
FIRE:   93 22:48:40  -586471.750000        0.902951
FIRE:   94 22:48:40  -586471.750000        0.629888
FIRE:   95 22:48:40  -586471.937500        0.608567
FIRE:   96 22:48:40  -586471.562500        0.609550
FIRE:   97 22:48:40  -586471.750000        0.681554
FIRE:   98 22:48:40  -586471.750000        0.690671
FIRE:   99 22:48:40  -586471.750000        0.613227
FIRE:  100 22:48:40  -586472.000000        0.615136
FIRE:  101 22:48:40  -586471.812500        0.618447
FIRE:  102 22:48:41  -586471.625000        0.623831
FIRE:  103 22:48:41  -586471.625000        0.631871
FIRE:  104 22:48:41  -586471.812500        0.643100
FIRE:  105 22:48:41  -586471.875000        0.657105
FIRE:  106 22:48:41  -586471.875000        0.673754
FIRE:  107 22:48:41  -586472.125000        0.695909
FIRE:  108 22:48:41  -586472.187500        0.718525
FIRE:  109 22:48:41  -586471.875000        0.742385
FIRE:  110 22:48:41  -586472.125000        0.755556
FIRE:  111 22:48:41  -586472.187500        0.763722
FIRE:  112 22:48:41  -586472.312500        0.722598
FIRE:  113 22:48:41  -586472.437500        1.809543
FIRE:  114 22:48:41  -586472.312500        4.702459
FIRE:  115 22:48:41  -586472.500000        0.404885
FIRE:  116 22:48:41  -586472.125000        6.164394
FIRE:  117 22:48:41  -586472.187500        3.804294
FIRE:  118 22:48:41  -586472.500000        0.568741
FIRE:  119 22:48:42  -586472.687500        2.128546
FIRE:  120 22:48:42  -586472.500000        1.997647
FIRE:  121 22:48:42  -586472.500000        1.739940
FIRE:  122 22:48:42  -586472.500000        1.364368
FIRE:  123 22:48:42  -586472.500000        0.886246
FIRE:  124 22:48:42  -586472.500000        0.369608
FIRE:  125 22:48:42  -586472.312500        0.282541
FIRE:  126 22:48:42  -586472.500000        0.282418
FIRE:  127 22:48:42  -586472.687500        0.282175
FIRE:  128 22:48:42  -586472.687500        0.281811
FIRE:  129 22:48:42  -586472.500000        0.281324
FIRE:  130 22:48:42  -586472.500000        0.280715
FIRE:  131 22:48:42  -586472.500000        0.279988
FIRE:  132 22:48:42  -586472.687500        0.279136
FIRE:  133 22:48:42  -586472.500000        0.278055
FIRE:  134 22:48:42  -586472.500000        0.276689
FIRE:  135 22:48:42  -586472.500000        0.274979
FIRE:  136 22:48:43  -586472.375000        0.272859
FIRE:  137 22:48:43  -586472.500000        0.270250
FIRE:  138 22:48:43  -586472.500000        0.267076
FIRE:  139 22:48:43  -586472.562500        0.263253
FIRE:  140 22:48:43  -586472.562500        0.258698
FIRE:  141 22:48:43  -586472.750000        0.253345
FIRE:  142 22:48:43  -586472.750000        0.247125
FIRE:  143 22:48:43  -586472.562500        0.240012
FIRE:  144 22:48:43  -586472.562500        0.232041
FIRE:  145 22:48:43  -586472.562500        0.223371
FIRE:  146 22:48:43  -586472.562500        0.214340
FIRE:  147 22:48:43  -586472.375000        0.205485
FIRE:  148 22:48:43  -586472.375000        0.197554
FIRE:  149 22:48:43  -586472.375000        0.191182
FIRE:  150 22:48:43  -586472.312500        0.187354
FIRE:  151 22:48:43  -586472.375000        0.185781
FIRE:  152 22:48:43  -586472.375000        0.184483
FIRE:  153 22:48:43  -586472.437500        0.180081
FIRE:  154 22:48:44  -586472.437500        0.168585
FIRE:  155 22:48:44  -586472.375000        0.146473
FIRE:  156 22:48:44  -586472.437500        0.112934
FIRE:  157 22:48:44  -586472.500000        0.079477
FIRE:  158 22:48:44  -586472.562500        0.103552
FIRE:  159 22:48:44  -586472.500000        0.278909
FIRE:  160 22:48:44  -586472.375000        0.909044
FIRE:  161 22:48:44  -586472.375000        2.442789
FIRE:  162 22:48:44  -586472.437500        0.139790
FIRE:  163 22:48:44  -586472.437500        0.101012
FIRE:  164 22:48:44  -586472.562500        0.077488
FIRE:  165 22:48:44  -586472.437500        0.076080
FIRE:  166 22:48:44  -586472.437500        0.093522
FIRE:  167 22:48:44  -586472.437500        0.106418
FIRE:  168 22:48:44  -586472.437500        0.077614
FIRE:  169 22:48:44  -586472.437500        0.072270
FIRE:  170 22:48:44  -586472.500000        0.074144
FIRE:  171 22:48:45  -586472.437500        0.081053
FIRE:  172 22:48:45  -586472.437500        0.070568
FIRE:  173 22:48:45  -586472.437500        0.066393
FIRE:  174 22:48:45  -586472.437500        0.078351
FIRE:  175 22:48:45  -586472.437500        0.065645
FIRE:  176 22:48:45  -586472.500000        0.070101
FIRE:  177 22:48:45  -586472.500000        0.061597
FIRE:  178 22:48:45  -586472.500000        0.074093
FIRE:  179 22:48:45  -586472.500000        0.083733
FIRE:  180 22:48:45  -586472.500000        0.083628
FIRE:  181 22:48:45  -586472.500000        0.118522
FIRE:  182 22:48:45  -586472.562500        0.307071
FIRE:  183 22:48:45  -586472.562500        0.835135
FIRE:  184 22:48:45  -586472.562500        0.064803
FIRE:  185 22:48:45  -586472.562500        0.790386
FIRE:  186 22:48:45  -586472.562500        0.584649
FIRE:  187 22:48:45  -586472.625000        0.234066
FIRE:  188 22:48:46  -586472.562500        0.162182
FIRE:  189 22:48:46  -586472.562500        0.152137
FIRE:  190 22:48:46  -586472.562500        0.132710
FIRE:  191 22:48:46  -586472.562500        0.105223
FIRE:  192 22:48:46  -586472.562500        0.071732
FIRE:  193 22:48:46  -586472.562500        0.063192
FIRE:  194 22:48:46  -586472.562500        0.063208
FIRE:  195 22:48:46  -586472.562500        0.063205
FIRE:  196 22:48:46  -586472.562500        0.067204
FIRE:  197 22:48:46  -586472.562500        0.085257
FIRE:  198 22:48:46  -586472.750000        0.088535
FIRE:  199 22:48:46  -586472.562500        0.073359
FIRE:  200 22:48:46  -586472.562500        0.062959
FIRE:  201 22:48:46  -586472.562500        0.062829
FIRE:  202 22:48:46  -586472.562500        0.062691
FIRE:  203 22:48:46  -586472.562500        0.068408
FIRE:  204 22:48:46  -586472.562500        0.062427
FIRE:  205 22:48:46  -586472.562500        0.062308
FIRE:  206 22:48:47  -586472.625000        0.062148
FIRE:  207 22:48:47  -586472.562500        0.061906
FIRE:  208 22:48:47  -586472.562500        0.061618
FIRE:  209 22:48:47  -586472.562500        0.061348
FIRE:  210 22:48:47  -586472.625000        0.061401
FIRE:  211 22:48:47  -586472.750000        0.061523
FIRE:  212 22:48:47  -586472.812500        0.061611
FIRE:  213 22:48:47  -586472.625000        0.061818
FIRE:  214 22:48:47  -586472.625000        0.061743
FIRE:  215 22:48:47  -586472.750000        0.093568
FIRE:  216 22:48:47  -586472.687500        0.269824
FIRE:  217 22:48:47  -586472.687500        1.030913
FIRE:  218 22:48:47  -586472.750000        0.060706
FIRE:  219 22:48:47  -586472.812500        0.060715
FIRE:  220 22:48:47  -586472.687500        0.060726
FIRE:  221 22:48:47  -586472.687500        0.060726
FIRE:  222 22:48:47  -586472.687500        0.060697
FIRE:  223 22:48:48  -586472.750000        0.060625
FIRE:  224 22:48:48  -586472.687500        0.060511
FIRE:  225 22:48:48  -586472.750000        0.060356
FIRE:  226 22:48:48  -586472.687500        0.060161
FIRE:  227 22:48:48  -586472.750000        0.059945
FIRE:  228 22:48:48  -586472.875000        0.059722
FIRE:  229 22:48:48  -586472.750000        0.059481
FIRE:  230 22:48:48  -586472.687500        0.059164
FIRE:  231 22:48:48  -586472.750000        0.058724
FIRE:  232 22:48:48  -586472.687500        0.058194
FIRE:  233 22:48:48  -586472.687500        0.057658
FIRE:  234 22:48:48  -586472.750000        0.056999
FIRE:  235 22:48:48  -586473.000000        0.056075
FIRE:  236 22:48:48  -586472.875000        0.055177
FIRE:  237 22:48:48  -586473.062500        0.066597
FIRE:  238 22:48:48  -586473.062500        0.182369
FIRE:  239 22:48:48  -586473.062500        0.668490
FIRE:  240 22:48:49  -586473.062500        2.196918
FIRE:  241 22:48:49  -586472.937500        0.198109
FIRE:  242 22:48:49  -586472.875000        0.138349
FIRE:  243 22:48:49  -586473.062500        0.048230
