      Step     Time          Energy          fmax
FIRE:    0 22:26:47  -228128.312500        7.200591
FIRE:    1 22:26:48  -228130.718750        6.320105
FIRE:    2 22:26:50  -228132.875000        4.234504
FIRE:    3 22:26:50  -228134.125000        1.946547
FIRE:    4 22:26:50  -228134.375000        4.059527
FIRE:    5 22:26:50  -228134.562500        3.194126
FIRE:    6 22:26:50  -228134.593750        2.045675
FIRE:    7 22:26:50  -228134.796875        1.859867
FIRE:    8 22:26:50  -228134.937500        1.526143
FIRE:    9 22:26:50  -228135.093750        1.736647
FIRE:   10 22:26:51  -228135.265625        1.975545
FIRE:   11 22:26:51  -228135.484375        1.993142
FIRE:   12 22:26:51  -228135.703125        1.852382
FIRE:   13 22:26:51  -228136.171875        1.413939
FIRE:   14 22:26:51  -228136.468750        1.703765
FIRE:   15 22:26:51  -228136.703125        1.234833
FIRE:   16 22:26:51  -228136.734375        1.409344
FIRE:   17 22:26:51  -228136.890625        2.090553
FIRE:   18 22:26:51  -228137.203125        1.183013
FIRE:   19 22:26:51  -228137.468750        1.106778
FIRE:   20 22:26:51  -228137.625000        1.604309
FIRE:   21 22:26:51  -228138.078125        0.943655
FIRE:   22 22:26:51  -228138.234375        1.265263
FIRE:   23 22:26:51  -228138.375000        1.176614
FIRE:   24 22:26:51  -228138.562500        1.121260
FIRE:   25 22:26:51  -228138.531250        0.975696
FIRE:   26 22:26:53  -228138.625000        1.080125
FIRE:   27 22:26:53  -228138.718750        1.512356
FIRE:   28 22:26:53  -228138.734375        1.553897
FIRE:   29 22:26:53  -228138.812500        0.827429
FIRE:   30 22:26:53  -228138.812500        0.754027
FIRE:   31 22:26:53  -228138.812500        1.121293
FIRE:   32 22:26:53  -228138.828125        1.067128
FIRE:   33 22:26:53  -228138.875000        0.428101
FIRE:   34 22:26:53  -228138.906250        0.605528
FIRE:   35 22:26:53  -228138.921875        1.005358
FIRE:   36 22:26:53  -228138.968750        0.504133
FIRE:   37 22:26:53  -228138.968750        0.543882
FIRE:   38 22:26:53  -228138.984375        0.802646
FIRE:   39 22:26:53  -228139.078125        0.342074
FIRE:   40 22:26:53  -228139.078125        0.819356
FIRE:   41 22:26:53  -228139.109375        0.281232
FIRE:   42 22:26:53  -228139.171875        0.562356
FIRE:   43 22:26:53  -228139.218750        0.904421
FIRE:   44 22:26:54  -228139.265625        0.978199
FIRE:   45 22:26:54  -228139.031250        1.389568
FIRE:   46 22:26:55  -228139.000000        0.251930
FIRE:   47 22:26:55  -228139.062500        1.041408
FIRE:   48 22:26:55  -228139.031250        0.831336
FIRE:   49 22:26:55  -228139.062500        0.446152
FIRE:   50 22:26:55  -228139.359375        0.219678
FIRE:   51 22:26:55  -228139.062500        0.484008
FIRE:   52 22:26:56  -228139.062500        0.457833
FIRE:   53 22:26:56  -228139.046875        0.407191
FIRE:   54 22:26:56  -228139.062500        0.335454
FIRE:   55 22:26:56  -228139.031250        0.247493
FIRE:   56 22:26:56  -228139.093750        0.205720
FIRE:   57 22:26:56  -228139.062500        0.203247
FIRE:   58 22:26:56  -228139.093750        0.200363
FIRE:   59 22:26:56  -228139.093750        0.196741
FIRE:   60 22:26:56  -228139.265625        0.200824
FIRE:   61 22:26:56  -228139.093750        0.232712
FIRE:   62 22:26:56  -228139.078125        0.220657
FIRE:   63 22:26:56  -228139.046875        0.173330
FIRE:   64 22:26:56  -228139.140625        0.164779
FIRE:   65 22:26:56  -228139.390625        0.154933
FIRE:   66 22:26:56  -228139.125000        0.181586
FIRE:   67 22:26:56  -228139.562500        0.188151
FIRE:   68 22:26:56  -228139.171875        0.119439
FIRE:   69 22:26:56  -228139.531250        0.107033
FIRE:   70 22:26:56  -228139.593750        0.159830
FIRE:   71 22:26:56  -228139.593750        0.100787
FIRE:   72 22:26:56  -228139.593750        0.140146
FIRE:   73 22:26:57  -228139.578125        0.118146
FIRE:   74 22:26:57  -228139.640625        0.125806
FIRE:   75 22:26:57  -228139.640625        0.111397
FIRE:   76 22:26:57  -228139.687500        0.198561
FIRE:   77 22:26:57  -228139.750000        0.203456
FIRE:   78 22:26:57  -228139.796875        0.245069
FIRE:   79 22:26:57  -228139.843750        0.444933
FIRE:   80 22:26:57  -228139.843750        1.201811
FIRE:   81 22:26:57  -228139.859375        2.987046
FIRE:   82 22:26:57  -228139.921875        0.154218
FIRE:   83 22:26:57  -228139.843750        3.403566
FIRE:   84 22:26:57  -228139.921875        2.305745
FIRE:   85 22:26:57  -228139.890625        0.619694
FIRE:   86 22:26:57  -228139.921875        1.030130
FIRE:   87 22:26:57  -228139.953125        0.964830
FIRE:   88 22:26:57  -228139.921875        0.837469
FIRE:   89 22:26:57  -228139.921875        0.654628
FIRE:   90 22:26:57  -228139.921875        0.426478
FIRE:   91 22:26:58  -228139.500000        0.179856
FIRE:   92 22:26:58  -228139.468750        0.096983
FIRE:   93 22:26:58  -228139.937500        0.324754
FIRE:   94 22:26:58  -228139.968750        0.319317
FIRE:   95 22:26:58  -228139.968750        0.308620
FIRE:   96 22:26:58  -228139.953125        0.292907
FIRE:   97 22:26:58  -228139.906250        0.272375
FIRE:   98 22:26:58  -228139.937500        0.247496
FIRE:   99 22:26:58  -228139.937500        0.218938
FIRE:  100 22:26:58  -228139.921875        0.187264
FIRE:  101 22:26:58  -228139.953125        0.149673
FIRE:  102 22:26:58  -228139.921875        0.106250
FIRE:  103 22:26:58  -228139.921875        0.091759
FIRE:  104 22:26:58  -228139.921875        0.091923
FIRE:  105 22:26:58  -228139.906250        0.092073
FIRE:  106 22:26:58  -228139.968750        0.096663
FIRE:  107 22:26:58  -228139.921875        0.123863
FIRE:  108 22:26:59  -228139.968750        0.139015
FIRE:  109 22:26:59  -228139.937500        0.131716
FIRE:  110 22:26:59  -228139.906250        0.098066
FIRE:  111 22:26:59  -228139.421875        0.091220
FIRE:  112 22:26:59  -228139.437500        0.090708
FIRE:  113 22:26:59  -228139.453125        0.097878
FIRE:  114 22:26:59  -228139.515625        0.120950
FIRE:  115 22:26:59  -228139.484375        0.089577
FIRE:  116 22:26:59  -228139.968750        0.089395
FIRE:  117 22:26:59  -228140.000000        0.089025
FIRE:  118 22:26:59  -228140.000000        0.088165
FIRE:  119 22:26:59  -228139.500000        0.086726
FIRE:  120 22:26:59  -228140.015625        0.103045
FIRE:  121 22:26:59  -228140.015625        0.083282
FIRE:  122 22:26:59  -228140.015625        0.089749
FIRE:  123 22:26:59  -228140.062500        0.077844
FIRE:  124 22:27:00  -228140.078125        0.105187
FIRE:  125 22:27:00  -228140.109375        0.129052
FIRE:  126 22:27:00  -228140.093750        0.184417
FIRE:  127 22:27:00  -228140.125000        0.327778
FIRE:  128 22:27:00  -228140.156250        0.855748
FIRE:  129 22:27:00  -228140.171875        2.109493
FIRE:  130 22:27:00  -228140.218750        0.075758
FIRE:  131 22:27:00  -228140.171875        2.232680
FIRE:  132 22:27:00  -228140.156250        1.568173
FIRE:  133 22:27:00  -228140.234375        0.499748
FIRE:  134 22:27:00  -228140.187500        0.612231
FIRE:  135 22:27:00  -228140.203125        0.572861
FIRE:  136 22:27:00  -228140.250000        0.496356
FIRE:  137 22:27:00  -228140.250000        0.387150
FIRE:  138 22:27:00  -228140.250000        0.251994
FIRE:  139 22:27:00  -228140.234375        0.112986
FIRE:  140 22:27:00  -228140.203125        0.069207
FIRE:  141 22:27:01  -228140.234375        0.185259
FIRE:  142 22:27:01  -228140.218750        0.291004
FIRE:  143 22:27:01  -228140.187500        0.352442
FIRE:  144 22:27:01  -228140.218750        0.354121
FIRE:  145 22:27:01  -228140.203125        0.285193
FIRE:  146 22:27:01  -228140.218750        0.145998
FIRE:  147 22:27:01  -228140.203125        0.071347
FIRE:  148 22:27:01  -228140.218750        0.203324
FIRE:  149 22:27:01  -228140.250000        0.265092
FIRE:  150 22:27:01  -228140.265625        0.182430
FIRE:  151 22:27:01  -228140.250000        0.067524
FIRE:  152 22:27:01  -228140.265625        0.225040
FIRE:  153 22:27:01  -228140.234375        0.198911
FIRE:  154 22:27:01  -228140.234375        0.090522
FIRE:  155 22:27:01  -228140.296875        0.209806
FIRE:  156 22:27:01  -228140.140625        0.068636
FIRE:  157 22:27:01  -228140.140625        0.221014
FIRE:  158 22:27:02  -228140.171875        0.134612
FIRE:  159 22:27:02  -228140.187500        0.068281
FIRE:  160 22:27:02  -228140.171875        0.238426
FIRE:  161 22:27:02  -228140.234375        0.535034
FIRE:  162 22:27:02  -228140.406250        1.223667
FIRE:  163 22:27:02  -228140.421875        0.076496
FIRE:  164 22:27:02  -228140.421875        0.973827
FIRE:  165 22:27:02  -228140.406250        0.766410
FIRE:  166 22:27:02  -228140.421875        0.387909
FIRE:  167 22:27:02  -228140.437500        0.086336
FIRE:  168 22:27:02  -228140.421875        0.081879
FIRE:  169 22:27:02  -228140.421875        0.074943
FIRE:  170 22:27:02  -228140.437500        0.066802
FIRE:  171 22:27:02  -228140.421875        0.065886
FIRE:  172 22:27:02  -228140.421875        0.065898
FIRE:  173 22:27:02  -228140.421875        0.065914
FIRE:  174 22:27:02  -228140.437500        0.065928
FIRE:  175 22:27:02  -228140.421875        0.065938
FIRE:  176 22:27:03  -228140.421875        0.065942
FIRE:  177 22:27:03  -228140.437500        0.065935
FIRE:  178 22:27:03  -228140.421875        0.065913
FIRE:  179 22:27:03  -228140.437500        0.065876
FIRE:  180 22:27:03  -228140.437500        0.065823
FIRE:  181 22:27:03  -228140.421875        0.065766
FIRE:  182 22:27:03  -228140.421875        0.065709
FIRE:  183 22:27:03  -228140.421875        0.065664
FIRE:  184 22:27:03  -228140.437500        0.065634
FIRE:  185 22:27:03  -228140.453125        0.065603
FIRE:  186 22:27:03  -228140.437500        0.065548
FIRE:  187 22:27:03  -228140.453125        0.065461
FIRE:  188 22:27:03  -228140.468750        0.065379
FIRE:  189 22:27:03  -228140.453125        0.065356
FIRE:  190 22:27:03  -228140.484375        0.065376
FIRE:  191 22:27:03  -228140.484375        0.065367
FIRE:  192 22:27:03  -228140.500000        0.065477
FIRE:  193 22:27:04  -228140.515625        0.065766
FIRE:  194 22:27:04  -228140.546875        0.087011
FIRE:  195 22:27:04  -228140.578125        0.220048
FIRE:  196 22:27:04  -228140.593750        0.762544
FIRE:  197 22:27:04  -228140.578125        2.180717
FIRE:  198 22:27:04  -228140.625000        0.155184
FIRE:  199 22:27:04  -228140.625000        0.119401
FIRE:  200 22:27:04  -228140.625000        0.077656
FIRE:  201 22:27:04  -228140.640625        0.077812
FIRE:  202 22:27:04  -228140.625000        0.101030
FIRE:  203 22:27:04  -228140.640625        0.106327
FIRE:  204 22:27:04  -228140.640625        0.082654
FIRE:  205 22:27:04  -228140.640625        0.078819
FIRE:  206 22:27:04  -228140.625000        0.079196
FIRE:  207 22:27:04  -228140.625000        0.095926
FIRE:  208 22:27:04  -228140.640625        0.080402
FIRE:  209 22:27:04  -228140.656250        0.081309
FIRE:  210 22:27:05  -228140.640625        0.086346
FIRE:  211 22:27:05  -228140.656250        0.083172
FIRE:  212 22:27:05  -228140.656250        0.089251
FIRE:  213 22:27:05  -228140.671875        0.084410
FIRE:  214 22:27:05  -228140.671875        0.084446
FIRE:  215 22:27:05  -228140.687500        0.108094
FIRE:  216 22:27:05  -228140.703125        0.128299
FIRE:  217 22:27:05  -228140.718750        0.248835
FIRE:  218 22:27:05  -228140.750000        0.559020
FIRE:  219 22:27:05  -228140.765625        1.707685
FIRE:  220 22:27:05  -228140.796875        0.148001
FIRE:  221 22:27:05  -228140.796875        0.119884
FIRE:  222 22:27:05  -228140.796875        0.113587
FIRE:  223 22:27:05  -228140.796875        0.113714
FIRE:  224 22:27:05  -228140.781250        0.113973
FIRE:  225 22:27:05  -228140.781250        0.120036
FIRE:  226 22:27:05  -228140.781250        0.114996
FIRE:  227 22:27:06  -228140.781250        0.115769
FIRE:  228 22:27:06  -228140.781250        0.116771
FIRE:  229 22:27:06  -228140.796875        0.117974
FIRE:  230 22:27:06  -228140.812500        0.119365
FIRE:  231 22:27:06  -228140.812500        0.121025
FIRE:  232 22:27:06  -228140.796875        0.123198
FIRE:  233 22:27:06  -228140.812500        0.126204
FIRE:  234 22:27:06  -228140.828125        0.130192
FIRE:  235 22:27:06  -228140.828125        0.135090
FIRE:  236 22:27:06  -228140.859375        0.141400
FIRE:  237 22:27:06  -228140.875000        0.150379
FIRE:  238 22:27:06  -228140.890625        0.162280
FIRE:  239 22:27:06  -228140.906250        0.177459
FIRE:  240 22:27:06  -228140.937500        0.200363
FIRE:  241 22:27:06  -228140.953125        0.705395
FIRE:  242 22:27:06  -228140.968750        2.141739
FIRE:  243 22:27:06  -228141.015625        0.282456
FIRE:  244 22:27:06  -228141.031250        0.283103
FIRE:  245 22:27:07  -228141.015625        0.284373
FIRE:  246 22:27:07  -228141.031250        0.286223
FIRE:  247 22:27:07  -228141.015625        0.288602
FIRE:  248 22:27:07  -228141.015625        0.291483
FIRE:  249 22:27:07  -228141.031250        0.294881
FIRE:  250 22:27:07  -228141.046875        0.298858
FIRE:  251 22:27:07  -228141.031250        0.303960
FIRE:  252 22:27:07  -228141.031250        0.310604
FIRE:  253 22:27:07  -228141.046875        0.319333
FIRE:  254 22:27:07  -228141.062500        0.330576
FIRE:  255 22:27:07  -228141.062500        0.344649
FIRE:  256 22:27:07  -228141.078125        0.361945
FIRE:  257 22:27:07  -228141.093750        0.383289
FIRE:  258 22:27:07  -228141.140625        0.410982
FIRE:  259 22:27:07  -228141.156250        0.449955
FIRE:  260 22:27:07  -228141.203125        0.504614
FIRE:  261 22:27:07  -228141.265625        0.566769
FIRE:  262 22:27:08  -228141.343750        0.633124
FIRE:  263 22:27:08  -228141.468750        0.682452
FIRE:  264 22:27:08  -228141.625000        0.641418
FIRE:  265 22:27:08  -228141.781250        0.558185
FIRE:  266 22:27:08  -228141.781250        2.869680
FIRE:  267 22:27:08  -228141.828125        1.451252
FIRE:  268 22:27:08  -228141.875000        0.960127
FIRE:  269 22:27:08  -228141.843750        0.484268
FIRE:  270 22:27:08  -228141.843750        0.780375
FIRE:  271 22:27:08  -228141.890625        0.708517
FIRE:  272 22:27:08  -228141.859375        0.572829
FIRE:  273 22:27:08  -228141.890625        0.411339
FIRE:  274 22:27:08  -228141.875000        0.398569
FIRE:  275 22:27:08  -228141.859375        0.382751
FIRE:  276 22:27:08  -228141.890625        0.364199
FIRE:  277 22:27:08  -228141.890625        0.343505
FIRE:  278 22:27:08  -228141.875000        0.388887
FIRE:  279 22:27:09  -228141.906250        0.360955
FIRE:  280 22:27:09  -228141.890625        0.262587
FIRE:  281 22:27:09  -228141.890625        0.256796
FIRE:  282 22:27:09  -228141.906250        0.250232
FIRE:  283 22:27:09  -228141.890625        0.345722
FIRE:  284 22:27:09  -228141.937500        0.279763
FIRE:  285 22:27:09  -228141.953125        0.228369
FIRE:  286 22:27:09  -228141.921875        0.240364
FIRE:  287 22:27:09  -228141.968750        0.228761
FIRE:  288 22:27:09  -228141.984375        0.217003
FIRE:  289 22:27:09  -228141.968750        0.298335
FIRE:  290 22:27:09  -228142.015625        0.229216
FIRE:  291 22:27:09  -228142.031250        0.248619
FIRE:  292 22:27:09  -228142.078125        0.251344
FIRE:  293 22:27:09  -228142.078125        0.259477
FIRE:  294 22:27:09  -228142.156250        0.263403
FIRE:  295 22:27:09  -228142.187500        0.624950
FIRE:  296 22:27:09  -228142.234375        1.297009
FIRE:  297 22:27:10  -228142.234375        3.387422
FIRE:  298 22:27:10  -228142.312500        0.413095
FIRE:  299 22:27:10  -228142.296875        0.319692
FIRE:  300 22:27:10  -228142.312500        0.238851
FIRE:  301 22:27:10  -228142.296875        0.238178
FIRE:  302 22:27:10  -228142.296875        0.276372
FIRE:  303 22:27:10  -228142.328125        0.335555
FIRE:  304 22:27:10  -228142.312500        0.274507
FIRE:  305 22:27:10  -228142.328125        0.233903
FIRE:  306 22:27:10  -228142.312500        0.232567
FIRE:  307 22:27:10  -228142.312500        0.231147
FIRE:  308 22:27:10  -228142.343750        0.229702
FIRE:  309 22:27:10  -228142.343750        0.228233
FIRE:  310 22:27:10  -228142.359375        0.233365
FIRE:  311 22:27:10  -228142.343750        0.224701
FIRE:  312 22:27:10  -228142.359375        0.222193
FIRE:  313 22:27:10  -228142.390625        0.218408
FIRE:  314 22:27:11  -228142.390625        0.235812
FIRE:  315 22:27:11  -228142.406250        0.204513
FIRE:  316 22:27:11  -228142.437500        0.192952
FIRE:  317 22:27:11  -228142.468750        0.403200
FIRE:  318 22:27:11  -228142.500000        0.805219
FIRE:  319 22:27:11  -228142.531250        1.937244
FIRE:  320 22:27:11  -228142.531250        0.131123
FIRE:  321 22:27:11  -228142.515625        1.506700
FIRE:  322 22:27:11  -228142.531250        1.186797
FIRE:  323 22:27:11  -228142.531250        0.595584
FIRE:  324 22:27:11  -228142.546875        0.160487
FIRE:  325 22:27:11  -228142.546875        0.152629
FIRE:  326 22:27:11  -228142.531250        0.137397
FIRE:  327 22:27:11  -228142.531250        0.129512
FIRE:  328 22:27:11  -228142.531250        0.129426
FIRE:  329 22:27:11  -228142.531250        0.129315
FIRE:  330 22:27:11  -228142.531250        0.129183
FIRE:  331 22:27:12  -228142.546875        0.129029
FIRE:  332 22:27:12  -228142.546875        0.128834
FIRE:  333 22:27:12  -228142.546875        0.128586
FIRE:  334 22:27:12  -228142.546875        0.128278
FIRE:  335 22:27:12  -228142.546875        0.127893
FIRE:  336 22:27:12  -228142.546875        0.127416
FIRE:  337 22:27:12  -228142.546875        0.126818
FIRE:  338 22:27:12  -228142.546875        0.126073
FIRE:  339 22:27:12  -228142.546875        0.125144
FIRE:  340 22:27:12  -228142.546875        0.123986
FIRE:  341 22:27:12  -228142.562500        0.122543
FIRE:  342 22:27:12  -228142.562500        0.120746
FIRE:  343 22:27:12  -228142.578125        0.118500
FIRE:  344 22:27:12  -228142.578125        0.115682
FIRE:  345 22:27:12  -228142.593750        0.112112
FIRE:  346 22:27:12  -228142.593750        0.107541
FIRE:  347 22:27:12  -228142.609375        0.101663
FIRE:  348 22:27:12  -228142.625000        0.094110
FIRE:  349 22:27:13  -228142.640625        0.085653
FIRE:  350 22:27:13  -228142.656250        0.075576
FIRE:  351 22:27:13  -228142.703125        0.154824
FIRE:  352 22:27:13  -228142.546875        0.384570
FIRE:  353 22:27:13  -228142.750000        1.358240
FIRE:  354 22:27:13  -228142.500000        3.624977
FIRE:  355 22:27:13  -228142.609375        0.080588
FIRE:  356 22:27:13  -228142.453125        4.320984
FIRE:  357 22:27:13  -228142.578125        2.781973
FIRE:  358 22:27:13  -228142.625000        0.529134
FIRE:  359 22:27:13  -228142.546875        1.547336
FIRE:  360 22:27:13  -228142.593750        1.445830
FIRE:  361 22:27:13  -228142.750000        1.247164
FIRE:  362 22:27:13  -228142.609375        0.960524
FIRE:  363 22:27:13  -228142.609375        0.600733
FIRE:  364 22:27:13  -228142.640625        0.229212
FIRE:  365 22:27:13  -228142.734375        0.237204
FIRE:  366 22:27:14  -228142.734375        0.233422
FIRE:  367 22:27:14  -228142.765625        0.225907
FIRE:  368 22:27:14  -228142.640625        0.214853
FIRE:  369 22:27:14  -228142.593750        0.200503
FIRE:  370 22:27:14  -228142.531250        0.183183
FIRE:  371 22:27:14  -228142.734375        0.163328
FIRE:  372 22:27:14  -228142.625000        0.141525
FIRE:  373 22:27:14  -228142.765625        0.115824
FIRE:  374 22:27:14  -228142.609375        0.086593
FIRE:  375 22:27:14  -228142.625000        0.064745
FIRE:  376 22:27:14  -228142.734375        0.064921
FIRE:  377 22:27:14  -228142.625000        0.070562
FIRE:  378 22:27:14  -228142.625000        0.090416
FIRE:  379 22:27:14  -228142.593750        0.103869
FIRE:  380 22:27:14  -228142.718750        0.106932
FIRE:  381 22:27:14  -228142.750000        0.096788
FIRE:  382 22:27:14  -228142.718750        0.073124
FIRE:  383 22:27:15  -228142.734375        0.065540
FIRE:  384 22:27:15  -228142.734375        0.065520
FIRE:  385 22:27:15  -228142.750000        0.085015
FIRE:  386 22:27:15  -228142.734375        0.088837
FIRE:  387 22:27:15  -228142.718750        0.066475
FIRE:  388 22:27:15  -228142.734375        0.067298
FIRE:  389 22:27:15  -228142.734375        0.079596
FIRE:  390 22:27:15  -228142.750000        0.069399
FIRE:  391 22:27:15  -228142.750000        0.070626
FIRE:  392 22:27:15  -228142.750000        0.081712
FIRE:  393 22:27:15  -228142.765625        0.069596
FIRE:  394 22:27:15  -228142.656250        0.075813
FIRE:  395 22:27:15  -228142.718750        0.067524
FIRE:  396 22:27:15  -228142.671875        0.066333
FIRE:  397 22:27:15  -228142.828125        0.081047
FIRE:  398 22:27:15  -228142.828125        0.168529
FIRE:  399 22:27:16  -228142.734375        0.382416
FIRE:  400 22:27:16  -228142.796875        1.180737
FIRE:  401 22:27:16  -228142.703125        3.019962
FIRE:  402 22:27:16  -228142.796875        0.053195
FIRE:  403 22:27:16  -228142.765625        3.416069
FIRE:  404 22:27:16  -228142.796875        2.272662
FIRE:  405 22:27:16  -228142.796875        0.532321
FIRE:  406 22:27:16  -228142.812500        1.153869
FIRE:  407 22:27:16  -228142.781250        1.077302
FIRE:  408 22:27:16  -228142.796875        0.927936
FIRE:  409 22:27:16  -228142.828125        0.713567
FIRE:  410 22:27:16  -228142.796875        0.446402
FIRE:  411 22:27:16  -228142.843750        0.177178
FIRE:  412 22:27:16  -228142.781250        0.167783
FIRE:  413 22:27:16  -228142.765625        0.165243
FIRE:  414 22:27:16  -228142.750000        0.160255
FIRE:  415 22:27:16  -228142.828125        0.152877
FIRE:  416 22:27:17  -228142.781250        0.143269
FIRE:  417 22:27:17  -228142.828125        0.131731
FIRE:  418 22:27:17  -228142.812500        0.118487
FIRE:  419 22:27:17  -228142.765625        0.103917
FIRE:  420 22:27:17  -228142.828125        0.086806
FIRE:  421 22:27:17  -228142.796875        0.067336
FIRE:  422 22:27:17  -228142.703125        0.052484
FIRE:  423 22:27:17  -228142.796875        0.052507
FIRE:  424 22:27:17  -228142.796875        0.053610
FIRE:  425 22:27:17  -228142.828125        0.067022
FIRE:  426 22:27:17  -228142.828125        0.076623
FIRE:  427 22:27:17  -228142.796875        0.079629
FIRE:  428 22:27:17  -228142.812500        0.073877
FIRE:  429 22:27:17  -228142.875000        0.059060
FIRE:  430 22:27:17  -228142.828125        0.052115
FIRE:  431 22:27:17  -228142.828125        0.051924
FIRE:  432 22:27:17  -228142.828125        0.062038
FIRE:  433 22:27:18  -228142.843750        0.067202
FIRE:  434 22:27:18  -228142.781250        0.051383
FIRE:  435 22:27:18  -228142.812500        0.051217
FIRE:  436 22:27:18  -228142.812500        0.060175
FIRE:  437 22:27:18  -228142.812500        0.052654
FIRE:  438 22:27:18  -228142.828125        0.050232
FIRE:  439 22:27:18  -228142.890625        0.062784
FIRE:  440 22:27:18  -228142.828125        0.049354
