      Step     Time          Energy          fmax
FIRE:    0 07:08:12 -2366710.000000        4.990917
FIRE:    1 07:08:13 -2366714.250000        3.253586
FIRE:    2 07:08:15 -2366711.000000        3.157091
FIRE:    3 07:08:15 -2366717.500000        2.012686
FIRE:    4 07:08:17 -2366713.500000        2.322790
FIRE:    5 07:08:17 -2366715.750000        1.977107
FIRE:    6 07:08:19 -2366718.750000        1.935082
FIRE:    7 07:08:19 -2366719.750000        1.967585
FIRE:    8 07:08:19 -2366721.250000        1.647675
FIRE:    9 07:08:19 -2366721.500000        1.359860
FIRE:   10 07:08:19 -2366724.500000        1.417582
FIRE:   11 07:08:19 -2366720.750000        1.060915
FIRE:   12 07:08:19 -2366721.500000        1.396260
FIRE:   13 07:08:19 -2366721.250000        1.441104
FIRE:   14 07:08:19 -2366722.750000        1.186729
FIRE:   15 07:08:19 -2366727.500000        1.008364
FIRE:   16 07:08:19 -2366728.000000        1.067412
FIRE:   17 07:08:19 -2366728.500000        1.074750
FIRE:   18 07:08:20 -2366727.250000        0.891317
FIRE:   19 07:08:20 -2366727.250000        0.735567
FIRE:   20 07:08:20 -2366730.000000        0.695007
FIRE:   21 07:08:20 -2366730.500000        0.742785
FIRE:   22 07:08:20 -2366723.250000        0.798899
FIRE:   23 07:08:20 -2366723.000000        0.718791
FIRE:   24 07:08:20 -2366723.500000        0.582841
FIRE:   25 07:08:20 -2366724.750000        0.917361
FIRE:   26 07:08:20 -2366724.500000        0.479107
FIRE:   27 07:08:20 -2366730.500000        0.560306
FIRE:   28 07:08:20 -2366733.000000        0.563801
FIRE:   29 07:08:20 -2366733.250000        0.502964
FIRE:   30 07:08:20 -2366733.750000        0.438007
FIRE:   31 07:08:20 -2366734.000000        0.537189
FIRE:   32 07:08:20 -2366734.250000        0.564270
FIRE:   33 07:08:21 -2366734.500000        0.473403
FIRE:   34 07:08:21 -2366734.750000        0.314218
FIRE:   35 07:08:21 -2366735.000000        0.270520
FIRE:   36 07:08:21 -2366735.250000        0.399145
FIRE:   37 07:08:21 -2366726.750000        0.395700
FIRE:   38 07:08:21 -2366727.000000        0.534079
FIRE:   39 07:08:21 -2366727.250000        0.589117
FIRE:   40 07:08:21 -2366736.250000        0.555397
FIRE:   41 07:08:21 -2366736.500000        0.478992
FIRE:   42 07:08:21 -2366736.750000        0.380064
FIRE:   43 07:08:21 -2366737.000000        0.281301
FIRE:   44 07:08:21 -2366737.000000        0.244135
FIRE:   45 07:08:21 -2366737.250000        0.253394
FIRE:   46 07:08:21 -2366737.500000        0.247412
FIRE:   47 07:08:22 -2366730.000000        0.224764
FIRE:   48 07:08:22 -2366730.000000        0.224900
FIRE:   49 07:08:22 -2366736.250000        0.210786
FIRE:   50 07:08:22 -2366736.000000        0.218963
FIRE:   51 07:08:22 -2366736.500000        0.210716
FIRE:   52 07:08:22 -2366735.000000        0.229349
FIRE:   53 07:08:22 -2366734.000000        0.198316
FIRE:   54 07:08:22 -2366731.250000        0.203177
FIRE:   55 07:08:22 -2366731.500000        0.187246
FIRE:   56 07:08:22 -2366733.500000        0.168614
FIRE:   57 07:08:22 -2366734.250000        0.154622
FIRE:   58 07:08:22 -2366735.250000        0.153984
FIRE:   59 07:08:22 -2366735.250000        0.163420
FIRE:   60 07:08:22 -2366732.000000        0.159741
FIRE:   61 07:08:23 -2366735.000000        0.149800
FIRE:   62 07:08:23 -2366731.000000        0.160188
FIRE:   63 07:08:23 -2366735.000000        0.163486
FIRE:   64 07:08:23 -2366735.500000        0.154770
FIRE:   65 07:08:23 -2366735.500000        0.160298
FIRE:   66 07:08:23 -2366735.500000        0.145525
FIRE:   67 07:08:23 -2366732.500000        0.143859
FIRE:   68 07:08:23 -2366731.750000        0.144934
FIRE:   69 07:08:23 -2366732.500000        0.143878
FIRE:   70 07:08:23 -2366732.000000        0.128083
FIRE:   71 07:08:23 -2366732.750000        0.116163
FIRE:   72 07:08:23 -2366733.000000        0.125729
FIRE:   73 07:08:23 -2366733.250000        0.158948
FIRE:   74 07:08:23 -2366732.750000        0.185864
FIRE:   75 07:08:23 -2366732.500000        0.511736
FIRE:   76 07:08:24 -2366732.500000        0.197508
FIRE:   77 07:08:24 -2366733.500000        0.191560
FIRE:   78 07:08:24 -2366741.500000        0.184520
FIRE:   79 07:08:24 -2366732.750000        0.165693
FIRE:   80 07:08:24 -2366732.750000        0.282551
FIRE:   81 07:08:24 -2366733.000000        0.170444
FIRE:   82 07:08:24 -2366733.000000        0.276228
FIRE:   83 07:08:24 -2366733.250000        0.281104
FIRE:   84 07:08:24 -2366733.750000        0.192189
FIRE:   85 07:08:24 -2366740.000000        0.129229
FIRE:   86 07:08:24 -2366737.750000        0.179677
FIRE:   87 07:08:24 -2366740.500000        0.360371
FIRE:   88 07:08:24 -2366733.500000        0.140034
FIRE:   89 07:08:24 -2366733.500000        0.135517
FIRE:   90 07:08:25 -2366736.250000        0.176134
FIRE:   91 07:08:25 -2366738.250000        0.192204
FIRE:   92 07:08:25 -2366737.750000        0.167789
FIRE:   93 07:08:25 -2366737.750000        0.121282
FIRE:   94 07:08:25 -2366736.500000        0.126677
FIRE:   95 07:08:25 -2366738.250000        0.240122
FIRE:   96 07:08:25 -2366736.750000        0.178506
FIRE:   97 07:08:25 -2366738.250000        0.195000
FIRE:   98 07:08:25 -2366739.750000        0.180567
FIRE:   99 07:08:25 -2366740.000000        0.127384
FIRE:  100 07:08:25 -2366740.000000        0.117526
FIRE:  101 07:08:25 -2366741.250000        0.129904
FIRE:  102 07:08:25 -2366741.250000        0.130354
FIRE:  103 07:08:25 -2366741.250000        0.133021
FIRE:  104 07:08:26 -2366741.250000        0.219685
FIRE:  105 07:08:26 -2366741.500000        0.215467
FIRE:  106 07:08:26 -2366741.250000        0.149246
FIRE:  107 07:08:26 -2366741.250000        0.157688
FIRE:  108 07:08:26 -2366742.000000        0.396369
FIRE:  109 07:08:26 -2366741.500000        0.182442
FIRE:  110 07:08:26 -2366740.750000        0.192584
FIRE:  111 07:08:26 -2366741.750000        0.198514
FIRE:  112 07:08:26 -2366741.750000        0.203311
FIRE:  113 07:08:26 -2366742.000000        0.203829
FIRE:  114 07:08:26 -2366740.750000        0.199196
FIRE:  115 07:08:26 -2366736.750000        0.190922
FIRE:  116 07:08:26 -2366737.000000        0.179220
FIRE:  117 07:08:26 -2366737.000000        0.166567
FIRE:  118 07:08:27 -2366737.500000        0.160272
FIRE:  119 07:08:27 -2366742.000000        0.185488
FIRE:  120 07:08:27 -2366741.750000        0.251055
FIRE:  121 07:08:27 -2366742.750000        0.328533
FIRE:  122 07:08:27 -2366742.000000        0.395719
FIRE:  123 07:08:27 -2366742.250000        0.444383
FIRE:  124 07:08:27 -2366741.250000        0.469615
FIRE:  125 07:08:27 -2366741.750000        0.465168
FIRE:  126 07:08:27 -2366742.500000        0.428660
FIRE:  127 07:08:27 -2366742.750000        0.365282
FIRE:  128 07:08:27 -2366742.750000        0.301037
FIRE:  129 07:08:27 -2366743.000000        0.338805
FIRE:  130 07:08:27 -2366737.500000        0.360260
FIRE:  131 07:08:27 -2366742.000000        0.386916
FIRE:  132 07:08:27 -2366742.250000        0.389952
FIRE:  133 07:08:28 -2366737.750000        0.360903
FIRE:  134 07:08:28 -2366738.000000        0.291403
FIRE:  135 07:08:28 -2366742.000000        0.251357
FIRE:  136 07:08:28 -2366742.500000        0.378433
FIRE:  137 07:08:28 -2366742.250000        0.751796
FIRE:  138 07:08:28 -2366742.250000        1.217915
FIRE:  139 07:08:28 -2366742.250000        1.547955
FIRE:  140 07:08:28 -2366742.750000        1.316882
FIRE:  141 07:08:28 -2366736.750000        4.526821
FIRE:  142 07:08:28 -2366742.250000        3.832411
FIRE:  143 07:08:28 -2366738.250000        1.913210
FIRE:  144 07:08:28 -2366737.750000        1.565598
FIRE:  145 07:08:28 -2366738.000000        1.345865
FIRE:  146 07:08:28 -2366739.000000        0.926719
FIRE:  147 07:08:29 -2366738.250000        0.382042
FIRE:  148 07:08:29 -2366738.000000        0.316989
FIRE:  149 07:08:29 -2366738.500000        0.306650
FIRE:  150 07:08:29 -2366738.000000        0.286380
FIRE:  151 07:08:29 -2366738.750000        0.263005
FIRE:  152 07:08:29 -2366737.500000        0.255392
FIRE:  153 07:08:29 -2366738.500000        0.245990
FIRE:  154 07:08:29 -2366738.500000        0.234701
FIRE:  155 07:08:29 -2366738.750000        0.221625
FIRE:  156 07:08:29 -2366738.500000        0.205219
FIRE:  157 07:08:29 -2366738.500000        0.185182
FIRE:  158 07:08:29 -2366738.750000        0.161418
FIRE:  159 07:08:29 -2366738.500000        0.171369
FIRE:  160 07:08:29 -2366739.000000        0.171486
FIRE:  161 07:08:29 -2366738.500000        0.147248
FIRE:  162 07:08:30 -2366738.500000        0.123332
FIRE:  163 07:08:30 -2366738.250000        0.123772
FIRE:  164 07:08:30 -2366738.750000        0.134548
FIRE:  165 07:08:30 -2366738.500000        0.155389
FIRE:  166 07:08:30 -2366738.250000        0.126598
FIRE:  167 07:08:30 -2366738.750000        0.128451
FIRE:  168 07:08:30 -2366738.500000        0.130945
FIRE:  169 07:08:30 -2366738.750000        0.134488
FIRE:  170 07:08:30 -2366738.500000        0.140577
FIRE:  171 07:08:30 -2366741.250000        0.146125
FIRE:  172 07:08:30 -2366740.500000        0.145748
FIRE:  173 07:08:30 -2366740.750000        0.148500
FIRE:  174 07:08:30 -2366740.500000        0.151166
FIRE:  175 07:08:30 -2366738.500000        0.153556
FIRE:  176 07:08:31 -2366737.750000        0.158082
FIRE:  177 07:08:31 -2366737.750000        0.241957
FIRE:  178 07:08:31 -2366738.500000        0.463425
FIRE:  179 07:08:31 -2366738.750000        1.140585
FIRE:  180 07:08:31 -2366738.750000        0.184402
FIRE:  181 07:08:31 -2366738.750000        0.955164
FIRE:  182 07:08:31 -2366738.750000        0.741828
FIRE:  183 07:08:31 -2366739.500000        0.354350
FIRE:  184 07:08:31 -2366738.750000        0.189046
FIRE:  185 07:08:31 -2366738.750000        0.184347
FIRE:  186 07:08:31 -2366739.250000        0.184349
FIRE:  187 07:08:31 -2366739.000000        0.184349
FIRE:  188 07:08:31 -2366738.750000        0.184347
FIRE:  189 07:08:31 -2366739.250000        0.184353
FIRE:  190 07:08:31 -2366739.000000        0.184364
FIRE:  191 07:08:32 -2366738.750000        0.184383
FIRE:  192 07:08:32 -2366738.500000        0.184410
FIRE:  193 07:08:32 -2366739.000000        0.184469
FIRE:  194 07:08:32 -2366738.750000        0.184545
FIRE:  195 07:08:32 -2366739.000000        0.184662
FIRE:  196 07:08:32 -2366738.500000        0.184817
FIRE:  197 07:08:32 -2366738.750000        0.185022
FIRE:  198 07:08:32 -2366738.750000        0.185283
FIRE:  199 07:08:32 -2366738.750000        0.185598
FIRE:  200 07:08:32 -2366739.000000        0.196630
FIRE:  201 07:08:32 -2366738.750000        0.204771
FIRE:  202 07:08:32 -2366738.500000        0.203313
FIRE:  203 07:08:32 -2366738.750000        0.202823
FIRE:  204 07:08:32 -2366739.000000        0.203931
FIRE:  205 07:08:33 -2366738.750000        0.204758
FIRE:  206 07:08:33 -2366739.250000        0.206380
FIRE:  207 07:08:33 -2366739.000000        0.211462
FIRE:  208 07:08:33 -2366739.000000        0.218992
FIRE:  209 07:08:33 -2366739.000000        0.236354
FIRE:  210 07:08:33 -2366739.250000        0.234120
FIRE:  211 07:08:33 -2366738.750000        0.230551
FIRE:  212 07:08:33 -2366739.250000        0.329851
FIRE:  213 07:08:33 -2366739.500000        1.017418
FIRE:  214 07:08:33 -2366739.250000        3.274412
FIRE:  215 07:08:33 -2366739.750000        0.979359
FIRE:  216 07:08:33 -2366739.500000        0.711091
FIRE:  217 07:08:33 -2366739.250000        0.244226
FIRE:  218 07:08:33 -2366739.750000        0.309019
FIRE:  219 07:08:33 -2366739.250000        0.287348
FIRE:  220 07:08:34 -2366739.250000        0.245927
FIRE:  221 07:08:34 -2366739.250000        0.243868
FIRE:  222 07:08:34 -2366739.000000        0.244046
FIRE:  223 07:08:34 -2366739.500000        0.244251
FIRE:  224 07:08:34 -2366739.500000        0.244462
FIRE:  225 07:08:34 -2366739.500000        0.244668
FIRE:  226 07:08:34 -2366739.000000        0.244879
FIRE:  227 07:08:34 -2366739.250000        0.245082
FIRE:  228 07:08:34 -2366739.250000        0.245254
FIRE:  229 07:08:34 -2366739.250000        0.245413
FIRE:  230 07:08:34 -2366739.250000        0.245575
FIRE:  231 07:08:34 -2366739.500000        0.245762
FIRE:  232 07:08:34 -2366739.500000        0.246036
FIRE:  233 07:08:34 -2366739.250000        0.246381
FIRE:  234 07:08:34 -2366739.500000        0.246716
FIRE:  235 07:08:35 -2366739.250000        0.246770
FIRE:  236 07:08:35 -2366739.250000        0.246116
FIRE:  237 07:08:35 -2366738.250000        0.244247
FIRE:  238 07:08:35 -2366738.250000        0.240582
FIRE:  239 07:08:35 -2366739.250000        0.234070
FIRE:  240 07:08:35 -2366740.000000        0.222448
FIRE:  241 07:08:35 -2366739.750000        0.202429
FIRE:  242 07:08:35 -2366740.000000        0.168528
FIRE:  243 07:08:35 -2366745.000000        0.122904
FIRE:  244 07:08:35 -2366744.250000        0.263618
FIRE:  245 07:08:35 -2366745.000000        0.791289
FIRE:  246 07:08:35 -2366745.000000        2.180109
FIRE:  247 07:08:35 -2366745.000000        0.221310
FIRE:  248 07:08:35 -2366745.250000        0.219048
FIRE:  249 07:08:36 -2366744.750000        0.214548
FIRE:  250 07:08:36 -2366745.000000        0.207928
FIRE:  251 07:08:36 -2366745.000000        0.199330
FIRE:  252 07:08:36 -2366744.750000        0.189029
FIRE:  253 07:08:36 -2366745.500000        0.177338
FIRE:  254 07:08:36 -2366745.750000        0.164547
FIRE:  255 07:08:36 -2366745.250000        0.149499
FIRE:  256 07:08:36 -2366745.000000        0.132287
FIRE:  257 07:08:36 -2366745.500000        0.113287
FIRE:  258 07:08:36 -2366745.000000        0.093257
FIRE:  259 07:08:36 -2366745.250000        0.076039
FIRE:  260 07:08:36 -2366745.000000        0.076098
FIRE:  261 07:08:36 -2366745.750000        0.084539
FIRE:  262 07:08:36 -2366745.250000        0.093640
FIRE:  263 07:08:36 -2366745.000000        0.101770
FIRE:  264 07:08:37 -2366738.750000        0.106736
FIRE:  265 07:08:37 -2366739.500000        0.105468
FIRE:  266 07:08:37 -2366744.000000        0.097989
FIRE:  267 07:08:37 -2366744.250000        0.235963
FIRE:  268 07:08:37 -2366740.750000        0.787002
FIRE:  269 07:08:37 -2366740.750000        2.317003
FIRE:  270 07:08:37 -2366740.750000        0.066003
FIRE:  271 07:08:37 -2366744.250000        2.471528
FIRE:  272 07:08:37 -2366743.500000        1.703238
FIRE:  273 07:08:37 -2366744.250000        0.488222
FIRE:  274 07:08:37 -2366743.750000        0.746353
FIRE:  275 07:08:37 -2366744.250000        0.699187
FIRE:  276 07:08:37 -2366744.250000        0.607290
FIRE:  277 07:08:37 -2366744.250000        0.476132
FIRE:  278 07:08:38 -2366743.750000        0.313603
FIRE:  279 07:08:38 -2366744.250000        0.131391
FIRE:  280 07:08:38 -2366744.250000        0.068871
FIRE:  281 07:08:38 -2366744.000000        0.212308
FIRE:  282 07:08:38 -2366744.250000        0.337069
FIRE:  283 07:08:38 -2366744.250000        0.407222
FIRE:  284 07:08:38 -2366744.250000        0.404364
FIRE:  285 07:08:38 -2366744.250000        0.316391
FIRE:  286 07:08:38 -2366743.750000        0.147244
FIRE:  287 07:08:38 -2366744.250000        0.081133
FIRE:  288 07:08:38 -2366744.250000        0.267631
FIRE:  289 07:08:38 -2366744.000000        0.331924
FIRE:  290 07:08:38 -2366744.250000        0.223945
FIRE:  291 07:08:38 -2366744.250000        0.072011
FIRE:  292 07:08:38 -2366743.750000        0.257028
FIRE:  293 07:08:38 -2366744.250000        0.208571
FIRE:  294 07:08:38 -2366744.250000        0.110850
FIRE:  295 07:08:38 -2366744.250000        0.259056
FIRE:  296 07:08:39 -2366744.250000        0.071309
FIRE:  297 07:08:39 -2366744.500000        0.229274
FIRE:  298 07:08:39 -2366744.250000        0.198235
FIRE:  299 07:08:39 -2366744.500000        0.068659
FIRE:  300 07:08:39 -2366744.500000        0.190453
FIRE:  301 07:08:39 -2366744.250000        0.525329
FIRE:  302 07:08:39 -2366744.250000        1.236670
FIRE:  303 07:08:39 -2366744.500000        0.065615
FIRE:  304 07:08:39 -2366744.500000        1.015096
FIRE:  305 07:08:39 -2366744.000000        0.798982
FIRE:  306 07:08:39 -2366744.500000        0.404474
FIRE:  307 07:08:39 -2366744.500000        0.090379
FIRE:  308 07:08:39 -2366742.750000        0.084947
FIRE:  309 07:08:39 -2366744.500000        0.074523
FIRE:  310 07:08:39 -2366743.750000        0.065001
FIRE:  311 07:08:39 -2366744.250000        0.064876
FIRE:  312 07:08:40 -2366739.750000        0.064720
FIRE:  313 07:08:40 -2366744.500000        0.064584
FIRE:  314 07:08:40 -2366744.250000        0.064473
FIRE:  315 07:08:40 -2366744.500000        0.064360
FIRE:  316 07:08:40 -2366744.000000        0.064269
FIRE:  317 07:08:40 -2366744.500000        0.064216
FIRE:  318 07:08:40 -2366744.250000        0.064195
FIRE:  319 07:08:40 -2366744.500000        0.064235
FIRE:  320 07:08:40 -2366743.750000        0.064298
FIRE:  321 07:08:40 -2366743.750000        0.064390
FIRE:  322 07:08:40 -2366744.500000        0.064409
FIRE:  323 07:08:40 -2366744.000000        0.064275
FIRE:  324 07:08:40 -2366744.000000        0.064003
FIRE:  325 07:08:40 -2366744.500000        0.063676
FIRE:  326 07:08:40 -2366744.500000        0.063456
FIRE:  327 07:08:40 -2366744.500000        0.063380
FIRE:  328 07:08:41 -2366744.500000        0.063311
FIRE:  329 07:08:41 -2366744.500000        0.062853
FIRE:  330 07:08:41 -2366744.500000        0.062222
FIRE:  331 07:08:41 -2366744.500000        0.061968
FIRE:  332 07:08:41 -2366744.000000        0.061478
FIRE:  333 07:08:41 -2366744.250000        0.060420
FIRE:  334 07:08:41 -2366744.500000        0.092899
FIRE:  335 07:08:41 -2366744.500000        0.290733
FIRE:  336 07:08:41 -2366744.500000        0.934672
FIRE:  337 07:08:41 -2366744.500000        2.640788
FIRE:  338 07:08:41 -2366744.750000        0.112447
FIRE:  339 07:08:41 -2366743.750000        0.079272
FIRE:  340 07:08:41 -2366744.500000        0.055500
FIRE:  341 07:08:41 -2366744.750000        0.055563
FIRE:  342 07:08:42 -2366744.750000        0.077050
FIRE:  343 07:08:42 -2366744.500000        0.082766
FIRE:  344 07:08:42 -2366744.250000        0.055846
FIRE:  345 07:08:42 -2366744.750000        0.055942
FIRE:  346 07:08:42 -2366744.250000        0.056046
FIRE:  347 07:08:42 -2366744.750000        0.063696
FIRE:  348 07:08:42 -2366744.250000        0.056225
FIRE:  349 07:08:42 -2366744.500000        0.056274
FIRE:  350 07:08:42 -2366744.500000        0.056219
FIRE:  351 07:08:42 -2366744.250000        0.056032
FIRE:  352 07:08:42 -2366744.750000        0.055752
FIRE:  353 07:08:42 -2366744.750000        0.055379
FIRE:  354 07:08:42 -2366744.750000        0.054930
FIRE:  355 07:08:42 -2366744.750000        0.070728
FIRE:  356 07:08:42 -2366744.750000        0.117360
FIRE:  357 07:08:43 -2366744.500000        0.228677
FIRE:  358 07:08:43 -2366744.250000        0.561136
FIRE:  359 07:08:43 -2366744.000000        1.402878
FIRE:  360 07:08:43 -2366744.000000        0.138630
FIRE:  361 07:08:43 -2366744.750000        0.103429
FIRE:  362 07:08:43 -2366743.750000        0.049186
