      Step     Time          Energy          fmax
FIRE:    0 06:05:40 -3545477.750000        7.353763
FIRE:    1 06:05:41 -3545484.250000        6.387531
FIRE:    2 06:05:43 -3545485.500000        5.003281
FIRE:    3 06:05:43 -3545487.500000        3.480763
FIRE:    4 06:05:43 -3545491.750000        3.300187
FIRE:    5 06:05:44 -3545492.000000        4.558389
FIRE:    6 06:05:44 -3545492.250000        3.491537
FIRE:    7 06:05:44 -3545492.750000        1.948606
FIRE:    8 06:05:44 -3545493.000000        2.000958
FIRE:    9 06:05:44 -3545493.250000        3.173123
FIRE:   10 06:05:44 -3545493.500000        3.190306
FIRE:   11 06:05:44 -3545489.750000        2.269197
FIRE:   12 06:05:44 -3545494.000000        1.548483
FIRE:   13 06:05:44 -3545494.250000        1.355185
FIRE:   14 06:05:44 -3545494.750000        2.248301
FIRE:   15 06:05:44 -3545495.250000        2.024365
FIRE:   16 06:05:44 -3545495.500000        1.553768
FIRE:   17 06:05:44 -3545497.250000        2.119077
FIRE:   18 06:05:45 -3545493.750000        1.680200
FIRE:   19 06:05:45 -3545497.000000        1.237734
FIRE:   20 06:05:45 -3545497.250000        1.710544
FIRE:   21 06:05:45 -3545497.750000        0.988017
FIRE:   22 06:05:45 -3545498.250000        1.111950
FIRE:   23 06:05:45 -3545498.750000        1.023086
FIRE:   24 06:05:45 -3545499.000000        0.957296
FIRE:   25 06:05:45 -3545499.500000        1.029837
FIRE:   26 06:05:45 -3545500.000000        0.941828
FIRE:   27 06:05:45 -3545500.500000        1.064923
FIRE:   28 06:05:45 -3545500.750000        1.223915
FIRE:   29 06:05:45 -3545501.250000        1.424907
FIRE:   30 06:05:45 -3545501.750000        1.553941
FIRE:   31 06:05:45 -3545502.250000        1.860920
FIRE:   32 06:05:45 -3545502.750000        1.879867
FIRE:   33 06:05:45 -3545503.250000        1.672633
FIRE:   34 06:05:45 -3545504.000000        1.303714
FIRE:   35 06:05:45 -3545505.750000        1.141520
FIRE:   36 06:05:45 -3545504.500000        1.830181
FIRE:   37 06:05:46 -3545504.750000        2.837988
FIRE:   38 06:05:46 -3545505.250000        2.525384
FIRE:   39 06:05:46 -3545505.750000        1.639471
FIRE:   40 06:05:46 -3545506.250000        1.620784
FIRE:   41 06:05:46 -3545506.500000        1.028076
FIRE:   42 06:05:46 -3545506.750000        1.335493
FIRE:   43 06:05:46 -3545506.750000        2.238731
FIRE:   44 06:05:46 -3545507.000000        1.649230
FIRE:   45 06:05:46 -3545507.000000        3.432363
FIRE:   46 06:05:46 -3545507.250000        1.131068
FIRE:   47 06:05:46 -3545507.500000        0.924985
FIRE:   48 06:05:46 -3545507.500000        0.642745
FIRE:   49 06:05:46 -3545507.500000        0.732441
FIRE:   50 06:05:46 -3545507.500000        0.851354
FIRE:   51 06:05:46 -3545507.500000        0.752205
FIRE:   52 06:05:46 -3545507.500000        0.615169
FIRE:   53 06:05:46 -3545507.750000        0.669062
FIRE:   54 06:05:46 -3545507.750000        0.685121
FIRE:   55 06:05:47 -3545509.250000        0.511582
FIRE:   56 06:05:47 -3545509.500000        0.629528
FIRE:   57 06:05:47 -3545508.000000        0.697731
FIRE:   58 06:05:47 -3545508.250000        0.411715
FIRE:   59 06:05:47 -3545508.250000        0.533491
FIRE:   60 06:05:47 -3545508.500000        0.657022
FIRE:   61 06:05:47 -3545508.750000        0.563479
FIRE:   62 06:05:47 -3545508.750000        0.568765
FIRE:   63 06:05:47 -3545509.000000        0.510538
FIRE:   64 06:05:47 -3545509.250000        0.567656
FIRE:   65 06:05:47 -3545509.250000        0.644651
FIRE:   66 06:05:47 -3545509.500000        0.741629
FIRE:   67 06:05:47 -3545509.750000        0.781646
FIRE:   68 06:05:49 -3545507.750000        0.770750
FIRE:   69 06:05:49 -3545508.000000        1.017946
FIRE:   70 06:05:49 -3545507.000000        1.277295
FIRE:   71 06:05:49 -3545507.500000        1.672289
FIRE:   72 06:05:49 -3545508.500000        1.712135
FIRE:   73 06:05:49 -3545503.500000        1.903221
FIRE:   74 06:05:49 -3545507.750000        2.108407
FIRE:   75 06:05:49 -3545506.750000       12.623919
FIRE:   76 06:05:50 -3545507.500000        5.443484
FIRE:   77 06:05:50 -3545508.750000        4.143237
FIRE:   78 06:05:50 -3545508.250000        1.489299
FIRE:   79 06:05:50 -3545508.750000        2.321500
FIRE:   80 06:05:50 -3545508.250000        2.104441
FIRE:   81 06:05:50 -3545508.750000        1.697692
FIRE:   82 06:05:50 -3545509.000000        1.150532
FIRE:   83 06:05:50 -3545509.000000        0.526911
FIRE:   84 06:05:50 -3545508.500000        0.287637
FIRE:   85 06:05:50 -3545509.000000        0.621779
FIRE:   86 06:05:50 -3545509.000000        0.608195
FIRE:   87 06:05:50 -3545509.000000        0.581298
FIRE:   88 06:05:50 -3545509.000000        0.541634
FIRE:   89 06:05:50 -3545508.500000        0.490078
FIRE:   90 06:05:50 -3545508.000000        0.427876
FIRE:   91 06:05:51 -3545509.000000        0.356656
FIRE:   92 06:05:51 -3545509.000000        0.297985
FIRE:   93 06:05:51 -3545509.000000        0.284952
FIRE:   94 06:05:51 -3545508.500000        0.284489
FIRE:   95 06:05:51 -3545509.000000        0.283903
FIRE:   96 06:05:51 -3545508.500000        0.283174
FIRE:   97 06:05:51 -3545508.750000        0.282250
FIRE:   98 06:05:51 -3545509.000000        0.320810
FIRE:   99 06:05:51 -3545509.000000        0.352540
FIRE:  100 06:05:51 -3545509.000000        0.327754
FIRE:  101 06:05:51 -3545508.500000        0.275810
FIRE:  102 06:05:51 -3545509.000000        0.273140
FIRE:  103 06:05:51 -3545509.000000        0.269825
FIRE:  104 06:05:52 -3545509.000000        0.265744
FIRE:  105 06:05:52 -3545509.000000        0.260792
FIRE:  106 06:05:52 -3545509.000000        0.254871
FIRE:  107 06:05:52 -3545509.000000        0.247856
FIRE:  108 06:05:52 -3545509.000000        0.239536
FIRE:  109 06:05:52 -3545505.500000        0.229549
FIRE:  110 06:05:52 -3545509.000000        0.217458
FIRE:  111 06:05:52 -3545503.500000        0.210438
FIRE:  112 06:05:52 -3545509.250000        0.187663
FIRE:  113 06:05:52 -3545509.250000        0.199384
FIRE:  114 06:05:52 -3545509.250000        0.225981
FIRE:  115 06:05:52 -3545509.500000        0.229257
FIRE:  116 06:05:52 -3545509.000000        0.245521
FIRE:  117 06:05:52 -3545509.500000        0.541311
FIRE:  118 06:05:53 -3545509.750000        1.148273
FIRE:  119 06:05:53 -3545509.750000        1.966698
FIRE:  120 06:05:53 -3545513.500000        2.689303
FIRE:  121 06:05:53 -3545513.500000        0.479818
FIRE:  122 06:05:53 -3545513.500000        0.352188
FIRE:  123 06:05:53 -3545513.500000        0.243230
FIRE:  124 06:05:53 -3545513.500000        0.222909
FIRE:  125 06:05:53 -3545513.500000        0.292105
FIRE:  126 06:05:53 -3545513.500000        0.335349
FIRE:  127 06:05:53 -3545513.500000        0.233639
FIRE:  128 06:05:53 -3545513.500000        0.155191
FIRE:  129 06:05:53 -3545513.500000        0.187094
FIRE:  130 06:05:53 -3545513.500000        0.284029
FIRE:  131 06:05:53 -3545513.500000        0.165905
FIRE:  132 06:05:53 -3545513.500000        0.152415
FIRE:  133 06:05:54 -3545513.500000        0.240164
FIRE:  134 06:05:54 -3545513.750000        0.170631
FIRE:  135 06:05:54 -3545513.750000        0.245526
FIRE:  136 06:05:54 -3545513.750000        0.211915
FIRE:  137 06:05:54 -3545513.750000        0.275400
FIRE:  138 06:05:54 -3545513.750000        0.330208
FIRE:  139 06:05:54 -3545514.000000        0.290186
FIRE:  140 06:05:54 -3545514.000000        0.544930
FIRE:  141 06:05:54 -3545506.750000        0.864500
FIRE:  142 06:05:54 -3545507.000000        2.890329
FIRE:  143 06:05:54 -3545506.500000        0.394869
FIRE:  144 06:05:54 -3545506.750000        0.294986
FIRE:  145 06:05:54 -3545505.500000        0.269614
FIRE:  146 06:05:54 -3545507.000000        0.234717
FIRE:  147 06:05:55 -3545507.000000        0.246590
FIRE:  148 06:05:55 -3545506.750000        0.293494
FIRE:  149 06:05:55 -3545505.750000        0.222530
FIRE:  150 06:05:55 -3545506.750000        0.160688
FIRE:  151 06:05:55 -3545505.750000        0.182589
FIRE:  152 06:05:55 -3545505.750000        0.228116
FIRE:  153 06:05:55 -3545506.750000        0.190287
FIRE:  154 06:05:55 -3545505.750000        0.139593
FIRE:  155 06:05:55 -3545506.250000        0.248041
FIRE:  156 06:05:55 -3545506.750000        0.134796
FIRE:  157 06:05:55 -3545506.500000        0.236439
FIRE:  158 06:05:55 -3545506.750000        0.145529
FIRE:  159 06:05:55 -3545507.250000        0.238917
FIRE:  160 06:05:55 -3545509.750000        0.173592
FIRE:  161 06:05:56 -3545511.000000        0.208505
FIRE:  162 06:05:56 -3545511.000000        0.273651
FIRE:  163 06:05:56 -3545511.000000        0.632645
FIRE:  164 06:05:56 -3545511.250000        1.873817
FIRE:  165 06:05:56 -3545513.000000        5.254061
FIRE:  166 06:05:56 -3545513.250000        0.940179
FIRE:  167 06:05:56 -3545513.250000        0.683134
FIRE:  168 06:05:56 -3545513.250000        0.283705
FIRE:  169 06:05:56 -3545513.250000        0.306799
FIRE:  170 06:05:56 -3545513.250000        0.675613
FIRE:  171 06:05:56 -3545513.250000        0.629103
FIRE:  172 06:05:56 -3545513.250000        0.539964
FIRE:  173 06:05:56 -3545513.250000        0.416136
FIRE:  174 06:05:56 -3545513.250000        0.269536
FIRE:  175 06:05:57 -3545513.250000        0.119801
FIRE:  176 06:05:57 -3545513.250000        0.124127
FIRE:  177 06:05:57 -3545513.250000        0.199718
FIRE:  178 06:05:57 -3545513.250000        0.269060
FIRE:  179 06:05:57 -3545513.250000        0.312701
FIRE:  180 06:05:57 -3545513.250000        0.294259
FIRE:  181 06:05:57 -3545513.250000        0.208783
FIRE:  182 06:05:57 -3545513.250000        0.112341
FIRE:  183 06:05:57 -3545513.250000        0.161254
FIRE:  184 06:05:57 -3545513.250000        0.277680
FIRE:  185 06:05:57 -3545513.250000        0.272931
FIRE:  186 06:05:57 -3545513.250000        0.137061
FIRE:  187 06:05:57 -3545513.250000        0.159269
FIRE:  188 06:05:57 -3545513.250000        0.209300
FIRE:  189 06:05:57 -3545513.500000        0.114456
FIRE:  190 06:05:58 -3545513.500000        0.221964
FIRE:  191 06:05:58 -3545511.500000        0.168793
FIRE:  192 06:05:58 -3545513.500000        0.186729
FIRE:  193 06:05:58 -3545513.500000        0.148163
FIRE:  194 06:05:58 -3545513.500000        0.217181
FIRE:  195 06:05:58 -3545513.500000        0.230616
FIRE:  196 06:05:58 -3545513.500000        0.477104
FIRE:  197 06:05:58 -3545513.750000        1.074896
FIRE:  198 06:05:58 -3545513.750000        2.846532
FIRE:  199 06:05:58 -3545513.750000        0.193968
FIRE:  200 06:05:58 -3545513.750000        0.164085
FIRE:  201 06:05:58 -3545513.750000        0.117640
FIRE:  202 06:05:58 -3545513.750000        0.104527
FIRE:  203 06:05:58 -3545513.750000        0.127480
FIRE:  204 06:05:59 -3545513.750000        0.160195
FIRE:  205 06:05:59 -3545513.750000        0.145943
FIRE:  206 06:05:59 -3545513.750000        0.105374
FIRE:  207 06:05:59 -3545513.750000        0.105765
FIRE:  208 06:05:59 -3545513.750000        0.119891
FIRE:  209 06:05:59 -3545513.750000        0.123986
FIRE:  210 06:05:59 -3545513.750000        0.107206
FIRE:  211 06:05:59 -3545513.750000        0.111339
FIRE:  212 06:05:59 -3545513.750000        0.115425
FIRE:  213 06:05:59 -3545513.750000        0.112689
FIRE:  214 06:05:59 -3545513.750000        0.118510
FIRE:  215 06:05:59 -3545514.000000        0.122937
FIRE:  216 06:05:59 -3545514.000000        0.130792
FIRE:  217 06:05:59 -3545514.000000        0.140658
FIRE:  218 06:06:00 -3545514.000000        0.154961
FIRE:  219 06:06:00 -3545511.250000        0.239658
FIRE:  220 06:06:00 -3545512.250000        0.853905
FIRE:  221 06:06:00 -3545512.250000        2.582864
FIRE:  222 06:06:00 -3545512.250000        0.173005
FIRE:  223 06:06:00 -3545511.500000        2.763552
FIRE:  224 06:06:00 -3545512.250000        1.920345
FIRE:  225 06:06:00 -3545512.250000        0.586054
FIRE:  226 06:06:00 -3545512.250000        0.784258
FIRE:  227 06:06:00 -3545512.250000        0.732848
FIRE:  228 06:06:00 -3545512.250000        0.632993
FIRE:  229 06:06:00 -3545511.750000        0.490978
FIRE:  230 06:06:00 -3545512.250000        0.316908
FIRE:  231 06:06:00 -3545512.250000        0.174558
FIRE:  232 06:06:00 -3545512.250000        0.174606
FIRE:  233 06:06:01 -3545512.250000        0.249359
FIRE:  234 06:06:01 -3545511.500000        0.382714
FIRE:  235 06:06:01 -3545511.500000        0.457717
FIRE:  236 06:06:01 -3545511.000000        0.450697
FIRE:  237 06:06:01 -3545512.000000        0.347931
FIRE:  238 06:06:01 -3545511.000000        0.175359
FIRE:  239 06:06:01 -3545512.000000        0.175608
FIRE:  240 06:06:01 -3545512.250000        0.287933
FIRE:  241 06:06:01 -3545510.750000        0.323793
FIRE:  242 06:06:01 -3545512.250000        0.175826
FIRE:  243 06:06:01 -3545510.750000        0.175295
FIRE:  244 06:06:01 -3545512.250000        0.320298
FIRE:  245 06:06:01 -3545512.250000        0.185585
FIRE:  246 06:06:01 -3545512.500000        0.203316
FIRE:  247 06:06:01 -3545512.500000        0.217951
FIRE:  248 06:06:02 -3545514.500000        0.212016
FIRE:  249 06:06:02 -3545514.500000        0.179986
FIRE:  250 06:06:02 -3545516.000000        0.316825
FIRE:  251 06:06:02 -3545507.000000        0.314533
FIRE:  252 06:06:02 -3545507.000000        0.324584
FIRE:  253 06:06:02 -3545516.250000        0.604779
FIRE:  254 06:06:02 -3545516.250000        1.601176
FIRE:  255 06:06:02 -3545516.250000        4.537887
FIRE:  256 06:06:02 -3545516.500000        0.779796
FIRE:  257 06:06:02 -3545516.500000        0.583497
FIRE:  258 06:06:02 -3545516.500000        0.239322
FIRE:  259 06:06:02 -3545516.500000        0.169481
FIRE:  260 06:06:02 -3545516.500000        0.458601
FIRE:  261 06:06:02 -3545516.500000        0.547171
FIRE:  262 06:06:03 -3545516.500000        0.419656
FIRE:  263 06:06:03 -3545516.500000        0.159530
FIRE:  264 06:06:03 -3545516.500000        0.234760
FIRE:  265 06:06:03 -3545516.500000        0.451500
FIRE:  266 06:06:03 -3545516.500000        0.386912
FIRE:  267 06:06:03 -3545516.500000        0.137756
FIRE:  268 06:06:03 -3545516.500000        0.352357
FIRE:  269 06:06:03 -3545516.500000        0.241824
FIRE:  270 06:06:03 -3545516.500000        0.293360
FIRE:  271 06:06:03 -3545516.500000        0.282021
FIRE:  272 06:06:03 -3545516.500000        0.338238
FIRE:  273 06:06:03 -3545516.500000        0.267971
FIRE:  274 06:06:03 -3545507.250000        0.361968
FIRE:  275 06:06:03 -3545508.250000        0.463942
FIRE:  276 06:06:03 -3545515.250000        0.828392
FIRE:  277 06:06:04 -3545516.750000        1.851142
FIRE:  278 06:06:04 -3545516.750000        0.124052
FIRE:  279 06:06:04 -3545516.750000        1.555388
FIRE:  280 06:06:04 -3545516.750000        1.212894
FIRE:  281 06:06:04 -3545516.750000        0.593301
FIRE:  282 06:06:04 -3545516.750000        0.184691
FIRE:  283 06:06:04 -3545516.750000        0.173030
FIRE:  284 06:06:04 -3545516.750000        0.150539
FIRE:  285 06:06:04 -3545516.750000        0.124117
FIRE:  286 06:06:04 -3545516.750000        0.123881
FIRE:  287 06:06:04 -3545516.750000        0.123626
FIRE:  288 06:06:04 -3545516.750000        0.123373
FIRE:  289 06:06:04 -3545516.750000        0.123165
FIRE:  290 06:06:04 -3545516.750000        0.122996
FIRE:  291 06:06:04 -3545516.750000        0.122902
FIRE:  292 06:06:05 -3545516.750000        0.122911
FIRE:  293 06:06:05 -3545516.750000        0.123068
FIRE:  294 06:06:05 -3545516.750000        0.123374
FIRE:  295 06:06:05 -3545516.750000        0.123800
FIRE:  296 06:06:05 -3545516.750000        0.124230
FIRE:  297 06:06:05 -3545516.750000        0.124482
FIRE:  298 06:06:05 -3545516.750000        0.124432
FIRE:  299 06:06:05 -3545516.750000        0.124127
FIRE:  300 06:06:05 -3545516.750000        0.123801
FIRE:  301 06:06:05 -3545516.750000        0.123677
FIRE:  302 06:06:05 -3545516.750000        0.123644
FIRE:  303 06:06:05 -3545516.750000        0.122966
FIRE:  304 06:06:05 -3545517.000000        0.121006
FIRE:  305 06:06:05 -3545517.000000        0.118337
FIRE:  306 06:06:06 -3545517.000000        0.115454
FIRE:  307 06:06:06 -3545517.000000        0.110803
FIRE:  308 06:06:06 -3545517.000000        0.112939
FIRE:  309 06:06:06 -3545517.000000        0.242328
FIRE:  310 06:06:06 -3545517.000000        0.769213
FIRE:  311 06:06:06 -3545517.000000        2.354646
FIRE:  312 06:06:06 -3545517.250000        0.140341
FIRE:  313 06:06:06 -3545517.250000        0.108170
FIRE:  314 06:06:06 -3545517.250000        0.076389
FIRE:  315 06:06:06 -3545517.250000        0.076347
FIRE:  316 06:06:06 -3545517.250000        0.076316
FIRE:  317 06:06:06 -3545517.250000        0.093276
FIRE:  318 06:06:06 -3545517.250000        0.081024
FIRE:  319 06:06:06 -3545517.250000        0.076169
FIRE:  320 06:06:06 -3545517.250000        0.076125
FIRE:  321 06:06:07 -3545517.250000        0.080434
FIRE:  322 06:06:07 -3545517.250000        0.076087
FIRE:  323 06:06:07 -3545517.250000        0.076043
FIRE:  324 06:06:07 -3545517.250000        0.075925
FIRE:  325 06:06:07 -3545517.250000        0.075640
FIRE:  326 06:06:07 -3545517.250000        0.075110
FIRE:  327 06:06:07 -3545517.250000        0.074164
FIRE:  328 06:06:07 -3545517.250000        0.074183
FIRE:  329 06:06:07 -3545517.250000        0.075791
FIRE:  330 06:06:07 -3545517.250000        0.078534
FIRE:  331 06:06:07 -3545517.250000        0.081740
FIRE:  332 06:06:07 -3545517.250000        0.213093
FIRE:  333 06:06:07 -3545517.250000        0.661368
FIRE:  334 06:06:07 -3545517.250000        2.105612
FIRE:  335 06:06:08 -3545517.500000        0.099307
FIRE:  336 06:06:08 -3545517.500000        0.099195
FIRE:  337 06:06:08 -3545517.500000        0.099000
FIRE:  338 06:06:08 -3545517.500000        0.098835
FIRE:  339 06:06:08 -3545517.500000        0.098759
FIRE:  340 06:06:08 -3545517.500000        0.098789
FIRE:  341 06:06:08 -3545517.500000        0.098998
FIRE:  342 06:06:08 -3545517.500000        0.099310
FIRE:  343 06:06:08 -3545517.500000        0.099725
FIRE:  344 06:06:08 -3545517.500000        0.100104
FIRE:  345 06:06:08 -3545517.500000        0.100280
FIRE:  346 06:06:08 -3545517.500000        0.100287
FIRE:  347 06:06:08 -3545517.500000        0.100569
FIRE:  348 06:06:08 -3545517.500000        0.101501
FIRE:  349 06:06:09 -3545517.500000        0.103054
FIRE:  350 06:06:09 -3545517.500000        0.104383
FIRE:  351 06:06:09 -3545517.500000        0.105752
FIRE:  352 06:06:09 -3545517.500000        0.108431
FIRE:  353 06:06:09 -3545509.000000        0.110830
FIRE:  354 06:06:09 -3545510.500000        0.182809
FIRE:  355 06:06:09 -3545510.250000        0.571738
FIRE:  356 06:06:09 -3545509.750000        1.810460
FIRE:  357 06:06:09 -3545509.000000        0.130995
FIRE:  358 06:06:09 -3545508.500000        0.120477
FIRE:  359 06:06:09 -3545508.250000        0.120687
FIRE:  360 06:06:09 -3545508.500000        0.120952
FIRE:  361 06:06:09 -3545509.500000        0.121201
FIRE:  362 06:06:09 -3545510.000000        0.121374
FIRE:  363 06:06:09 -3545508.500000        0.121452
FIRE:  364 06:06:10 -3545510.000000        0.121409
FIRE:  365 06:06:10 -3545510.000000        0.121269
FIRE:  366 06:06:10 -3545510.250000        0.121117
FIRE:  367 06:06:10 -3545510.500000        0.121050
FIRE:  368 06:06:10 -3545517.500000        0.121091
FIRE:  369 06:06:10 -3545517.500000        0.121224
FIRE:  370 06:06:10 -3545517.500000        0.121230
FIRE:  371 06:06:10 -3545517.750000        0.121080
FIRE:  372 06:06:10 -3545510.750000        0.121129
FIRE:  373 06:06:10 -3545517.750000        0.121518
FIRE:  374 06:06:10 -3545517.750000        0.121334
FIRE:  375 06:06:10 -3545517.750000        0.120131
FIRE:  376 06:06:10 -3545517.750000        0.119028
FIRE:  377 06:06:10 -3545517.750000        0.151422
FIRE:  378 06:06:10 -3545517.750000        0.481934
FIRE:  379 06:06:11 -3545517.750000        1.661176
FIRE:  380 06:06:11 -3545517.750000        0.095771
FIRE:  381 06:06:11 -3545517.750000        1.616890
FIRE:  382 06:06:11 -3545517.750000        1.146751
FIRE:  383 06:06:11 -3545517.750000        0.377043
FIRE:  384 06:06:11 -3545517.750000        0.463272
FIRE:  385 06:06:11 -3545517.750000        0.433030
FIRE:  386 06:06:11 -3545517.750000        0.374482
FIRE:  387 06:06:11 -3545517.750000        0.291546
FIRE:  388 06:06:11 -3545517.750000        0.190380
FIRE:  389 06:06:11 -3545517.750000        0.095146
FIRE:  390 06:06:11 -3545517.750000        0.095344
FIRE:  391 06:06:11 -3545517.750000        0.131246
FIRE:  392 06:06:11 -3545517.750000        0.204219
FIRE:  393 06:06:12 -3545517.750000        0.243261
FIRE:  394 06:06:12 -3545517.750000        0.235729
FIRE:  395 06:06:12 -3545517.750000        0.174321
FIRE:  396 06:06:12 -3545517.750000        0.094461
FIRE:  397 06:06:12 -3545517.750000        0.093759
FIRE:  398 06:06:12 -3545517.750000        0.178622
FIRE:  399 06:06:12 -3545517.750000        0.196311
FIRE:  400 06:06:12 -3545517.750000        0.108773
FIRE:  401 06:06:12 -3545517.750000        0.091710
FIRE:  402 06:06:12 -3545517.750000        0.163498
FIRE:  403 06:06:12 -3545517.750000        0.089810
FIRE:  404 06:06:12 -3545517.750000        0.127171
FIRE:  405 06:06:12 -3545517.750000        0.131887
FIRE:  406 06:06:12 -3545517.750000        0.122865
FIRE:  407 06:06:13 -3545517.750000        0.080286
FIRE:  408 06:06:13 -3545518.000000        0.176699
FIRE:  409 06:06:13 -3545518.000000        0.196499
FIRE:  410 06:06:13 -3545513.000000        0.269255
FIRE:  411 06:06:13 -3545518.000000        0.527612
FIRE:  412 06:06:13 -3545518.000000        1.224532
FIRE:  413 06:06:13 -3545518.000000        0.061001
FIRE:  414 06:06:13 -3545518.000000        1.084056
FIRE:  415 06:06:13 -3545518.000000        0.825509
FIRE:  416 06:06:13 -3545518.000000        0.374158
FIRE:  417 06:06:13 -3545518.000000        0.170473
FIRE:  418 06:06:13 -3545518.000000        0.160427
FIRE:  419 06:06:13 -3545518.000000        0.140987
FIRE:  420 06:06:13 -3545518.000000        0.113531
FIRE:  421 06:06:13 -3545518.000000        0.080205
FIRE:  422 06:06:14 -3545518.000000        0.054373
FIRE:  423 06:06:14 -3545518.000000        0.054401
FIRE:  424 06:06:14 -3545518.000000        0.054429
FIRE:  425 06:06:14 -3545518.000000        0.063155
FIRE:  426 06:06:14 -3545518.000000        0.083490
FIRE:  427 06:06:14 -3545518.000000        0.089671
FIRE:  428 06:06:14 -3545518.000000        0.077327
FIRE:  429 06:06:14 -3545518.000000        0.054531
FIRE:  430 06:06:14 -3545518.000000        0.054548
FIRE:  431 06:06:14 -3545518.000000        0.054568
FIRE:  432 06:06:14 -3545518.000000        0.072031
FIRE:  433 06:06:14 -3545518.000000        0.054688
FIRE:  434 06:06:14 -3545518.000000        0.054758
FIRE:  435 06:06:14 -3545518.000000        0.057702
FIRE:  436 06:06:14 -3545518.000000        0.054629
FIRE:  437 06:06:15 -3545518.000000        0.054087
FIRE:  438 06:06:15 -3545518.000000        0.060423
FIRE:  439 06:06:15 -3545518.000000        0.049854
