      Step     Time          Energy          fmax
FIRE:    0 07:43:22  -771724.125000        8.085740
FIRE:    1 07:43:23  -771729.437500        7.318520
FIRE:    2 07:43:24  -771733.750000        6.089836
FIRE:    3 07:43:26  -771737.875000        5.041299
FIRE:    4 07:43:26  -771741.250000        3.841515
FIRE:    5 07:43:26  -771743.687500        4.420613
FIRE:    6 07:43:26  -771745.312500        7.112415
FIRE:    7 07:43:26  -771746.687500        6.641738
FIRE:    8 07:43:26  -771747.937500        4.361881
FIRE:    9 07:43:26  -771749.437500        5.500203
FIRE:   10 07:43:26  -771751.437500        5.557095
FIRE:   11 07:43:26  -771753.312500        5.098763
FIRE:   12 07:43:26  -771755.187500        3.919121
FIRE:   13 07:43:26  -771756.937500        2.509785
FIRE:   14 07:43:26  -771758.562500        2.128778
FIRE:   15 07:43:26  -771759.812500        2.889110
FIRE:   16 07:43:27  -771761.125000        3.290960
FIRE:   17 07:43:27  -771762.500000        2.808342
FIRE:   18 07:43:27  -771763.750000        2.494457
FIRE:   19 07:43:27  -771765.312500        2.473399
FIRE:   20 07:43:27  -771766.562500        2.310974
FIRE:   21 07:43:27  -771767.750000        1.863011
FIRE:   22 07:43:27  -771768.812500        2.062681
FIRE:   23 07:43:27  -771769.750000        1.392724
FIRE:   24 07:43:28  -771770.562500        1.982232
FIRE:   25 07:43:28  -771771.437500        2.906593
FIRE:   26 07:43:28  -771772.250000        2.865730
FIRE:   27 07:43:28  -771773.250000        1.940176
FIRE:   28 07:43:28  -771774.000000        1.076146
FIRE:   29 07:43:28  -771774.812500        1.060420
FIRE:   30 07:43:29  -771775.500000        1.040109
FIRE:   31 07:43:29  -771776.187500        1.359100
FIRE:   32 07:43:29  -771776.812500        1.481596
FIRE:   33 07:43:29  -771777.500000        1.420825
FIRE:   34 07:43:29  -771778.125000        1.184109
FIRE:   35 07:43:29  -771778.750000        0.871877
FIRE:   36 07:43:29  -771779.312500        0.752755
FIRE:   37 07:43:29  -771779.875000        0.875482
FIRE:   38 07:43:29  -771780.437500        1.020540
FIRE:   39 07:43:29  -771780.937500        0.904008
FIRE:   40 07:43:29  -771781.437500        0.887380
FIRE:   41 07:43:29  -771781.937500        0.997736
FIRE:   42 07:43:29  -771782.437500        0.889886
FIRE:   43 07:43:29  -771782.812500        0.676946
FIRE:   44 07:43:29  -771783.437500        0.614701
FIRE:   45 07:43:29  -771783.875000        0.653425
FIRE:   46 07:43:29  -771784.250000        0.683793
FIRE:   47 07:43:29  -771784.687500        0.691121
FIRE:   48 07:43:29  -771785.062500        0.695309
FIRE:   49 07:43:29  -771785.437500        0.699443
FIRE:   50 07:43:30  -771785.812500        0.681275
FIRE:   51 07:43:30  -771786.187500        0.658848
FIRE:   52 07:43:30  -771786.500000        0.647425
FIRE:   53 07:43:30  -771786.875000        0.651796
FIRE:   54 07:43:30  -771787.187500        0.651528
FIRE:   55 07:43:30  -771787.562500        0.639876
FIRE:   56 07:43:30  -771787.875000        0.611649
FIRE:   57 07:43:30  -771788.187500        0.574204
FIRE:   58 07:43:30  -771788.437500        0.542543
FIRE:   59 07:43:30  -771788.750000        0.540449
FIRE:   60 07:43:30  -771789.000000        0.556636
FIRE:   61 07:43:30  -771789.250000        0.568586
FIRE:   62 07:43:30  -771789.437500        0.577050
FIRE:   63 07:43:30  -771789.687500        0.582204
FIRE:   64 07:43:30  -771789.875000        0.582714
FIRE:   65 07:43:30  -771790.062500        0.576839
FIRE:   66 07:43:30  -771790.312500        0.565120
FIRE:   67 07:43:31  -771790.437500        0.547203
FIRE:   68 07:43:31  -771790.625000        0.522183
FIRE:   69 07:43:31  -771790.812500        0.491788
FIRE:   70 07:43:31  -771791.062500        0.457490
FIRE:   71 07:43:31  -771791.125000        0.422383
FIRE:   72 07:43:31  -771791.125000        0.388440
FIRE:   73 07:43:31  -771791.250000        0.358918
FIRE:   74 07:43:31  -771791.437500        0.356372
FIRE:   75 07:43:31  -771791.625000        0.348326
FIRE:   76 07:43:31  -771791.812500        0.332648
FIRE:   77 07:43:31  -771791.937500        0.306223
FIRE:   78 07:43:31  -771792.125000        0.276480
FIRE:   79 07:43:31  -771792.500000        0.268563
FIRE:   80 07:43:31  -771792.625000        0.321706
FIRE:   81 07:43:31  -771792.812500        0.377936
FIRE:   82 07:43:31  -771792.937500        0.414759
FIRE:   83 07:43:31  -771793.125000        0.429047
FIRE:   84 07:43:32  -771793.312500        0.419828
FIRE:   85 07:43:32  -771793.437500        0.388609
FIRE:   86 07:43:32  -771793.625000        0.339060
FIRE:   87 07:43:32  -771793.750000        0.295876
FIRE:   88 07:43:32  -771794.000000        0.297755
FIRE:   89 07:43:32  -771794.062500        0.293742
FIRE:   90 07:43:32  -771794.250000        0.345587
FIRE:   91 07:43:32  -771794.375000        0.356179
FIRE:   92 07:43:32  -771794.375000        0.292816
FIRE:   93 07:43:32  -771794.750000        0.269253
FIRE:   94 07:43:32  -771794.812500        0.318780
FIRE:   95 07:43:32  -771794.937500        0.349654
FIRE:   96 07:43:32  -771795.062500        0.323911
FIRE:   97 07:43:32  -771795.187500        0.302831
FIRE:   98 07:43:32  -771795.312500        0.294139
FIRE:   99 07:43:32  -771795.437500        0.280811
FIRE:  100 07:43:32  -771795.562500        0.285453
FIRE:  101 07:43:32  -771795.625000        0.282101
FIRE:  102 07:43:33  -771795.750000        0.271092
FIRE:  103 07:43:33  -771795.625000        0.255203
FIRE:  104 07:43:33  -771795.750000        0.285996
FIRE:  105 07:43:33  -771796.000000        0.316783
FIRE:  106 07:43:33  -771796.062500        0.340920
FIRE:  107 07:43:33  -771796.125000        0.354599
FIRE:  108 07:43:33  -771796.187500        0.353492
FIRE:  109 07:43:33  -771796.312500        0.365930
FIRE:  110 07:43:33  -771796.375000        0.386084
FIRE:  111 07:43:33  -771796.437500        0.398132
FIRE:  112 07:43:33  -771796.562500        0.402381
FIRE:  113 07:43:33  -771796.625000        0.398555
FIRE:  114 07:43:33  -771796.625000        0.386311
FIRE:  115 07:43:33  -771796.687500        0.366277
FIRE:  116 07:43:34  -771796.750000        0.339440
FIRE:  117 07:43:34  -771796.812500        0.306906
FIRE:  118 07:43:34  -771796.875000        0.293284
FIRE:  119 07:43:34  -771796.937500        0.324931
FIRE:  120 07:43:34  -771797.000000        0.344615
FIRE:  121 07:43:34  -771797.062500        0.354119
FIRE:  122 07:43:34  -771797.125000        0.351931
FIRE:  123 07:43:34  -771797.250000        0.337193
FIRE:  124 07:43:34  -771797.312500        0.310439
FIRE:  125 07:43:34  -771797.437500        0.270565
FIRE:  126 07:43:34  -771797.437500        0.219293
FIRE:  127 07:43:34  -771797.500000        0.231849
FIRE:  128 07:43:34  -771797.625000        0.232964
FIRE:  129 07:43:34  -771797.625000        0.224672
FIRE:  130 07:43:34  -771797.812500        0.227231
FIRE:  131 07:43:35  -771797.875000        0.264405
FIRE:  132 07:43:35  -771797.937500        0.284849
FIRE:  133 07:43:35  -771798.000000        0.276852
FIRE:  134 07:43:35  -771798.125000        0.252881
FIRE:  135 07:43:35  -771798.125000        0.257122
FIRE:  136 07:43:35  -771798.187500        0.255196
FIRE:  137 07:43:35  -771798.250000        0.248120
FIRE:  138 07:43:35  -771798.312500        0.237182
FIRE:  139 07:43:35  -771798.375000        0.240311
FIRE:  140 07:43:35  -771798.437500        0.247141
FIRE:  141 07:43:35  -771798.437500        0.250204
FIRE:  142 07:43:35  -771798.500000        0.251930
FIRE:  143 07:43:35  -771798.562500        0.276623
FIRE:  144 07:43:35  -771798.562500        0.297755
FIRE:  145 07:43:36  -771798.687500        0.314747
FIRE:  146 07:43:36  -771798.687500        0.324055
FIRE:  147 07:43:36  -771798.812500        0.321374
FIRE:  148 07:43:36  -771798.875000        0.305156
FIRE:  149 07:43:36  -771798.937500        0.278875
FIRE:  150 07:43:36  -771798.937500        0.247443
FIRE:  151 07:43:36  -771799.000000        0.227305
FIRE:  152 07:43:36  -771799.062500        0.232004
FIRE:  153 07:43:36  -771799.062500        0.234701
FIRE:  154 07:43:36  -771799.125000        0.237810
FIRE:  155 07:43:36  -771799.250000        0.252853
FIRE:  156 07:43:36  -771799.250000        0.255783
FIRE:  157 07:43:36  -771799.375000        0.249069
FIRE:  158 07:43:36  -771799.375000        0.236340
FIRE:  159 07:43:36  -771799.500000        0.237486
FIRE:  160 07:43:37  -771799.562500        0.258435
FIRE:  161 07:43:37  -771799.562500        0.273499
FIRE:  162 07:43:37  -771799.625000        0.289353
FIRE:  163 07:43:37  -771799.687500        0.300277
FIRE:  164 07:43:37  -771799.687500        0.307095
FIRE:  165 07:43:37  -771799.687500        0.310281
FIRE:  166 07:43:37  -771799.750000        0.308637
FIRE:  167 07:43:37  -771799.875000        0.300528
FIRE:  168 07:43:37  -771799.937500        0.286317
FIRE:  169 07:43:37  -771799.937500        0.279974
FIRE:  170 07:43:37  -771800.000000        0.280187
FIRE:  171 07:43:37  -771800.125000        0.273427
FIRE:  172 07:43:37  -771800.125000        0.261574
FIRE:  173 07:43:37  -771800.187500        0.244626
FIRE:  174 07:43:37  -771800.187500        0.221148
FIRE:  175 07:43:38  -771800.250000        0.221414
FIRE:  176 07:43:38  -771800.250000        0.227894
FIRE:  177 07:43:38  -771800.250000        0.226500
FIRE:  178 07:43:38  -771800.437500        0.794827
FIRE:  179 07:43:38  -771800.000000        2.952733
FIRE:  180 07:43:38  -771800.250000        3.227190
FIRE:  181 07:43:38  -771800.500000        2.033879
FIRE:  182 07:43:38  -771800.562500        1.251602
FIRE:  183 07:43:38  -771800.625000        0.232515
FIRE:  184 07:43:38  -771800.625000        0.216301
FIRE:  185 07:43:38  -771800.625000        0.185374
FIRE:  186 07:43:38  -771800.625000        0.174480
FIRE:  187 07:43:38  -771800.625000        0.174838
FIRE:  188 07:43:38  -771800.625000        0.175191
FIRE:  189 07:43:39  -771800.625000        0.175463
FIRE:  190 07:43:39  -771800.625000        0.175575
FIRE:  191 07:43:39  -771800.625000        0.175448
FIRE:  192 07:43:39  -771800.687500        0.174984
FIRE:  193 07:43:39  -771800.687500        0.174178
FIRE:  194 07:43:39  -771800.687500        0.173086
FIRE:  195 07:43:39  -771800.750000        0.171878
FIRE:  196 07:43:39  -771800.687500        0.170678
FIRE:  197 07:43:39  -771800.750000        0.169506
FIRE:  198 07:43:39  -771800.750000        0.168138
FIRE:  199 07:43:39  -771800.812500        0.165968
FIRE:  200 07:43:39  -771800.812500        0.162520
FIRE:  201 07:43:39  -771800.875000        0.157843
FIRE:  202 07:43:39  -771800.875000        0.152271
FIRE:  203 07:43:39  -771800.937500        0.145852
FIRE:  204 07:43:40  -771801.000000        0.137795
FIRE:  205 07:43:40  -771801.062500        0.133374
FIRE:  206 07:43:40  -771801.125000        0.131601
FIRE:  207 07:43:40  -771801.062500        0.233996
FIRE:  208 07:43:40  -771801.187500        0.700431
FIRE:  209 07:43:40  -771801.187500        1.883451
FIRE:  210 07:43:40  -771801.250000        0.139961
FIRE:  211 07:43:40  -771801.187500        1.884555
FIRE:  212 07:43:40  -771801.125000        1.358779
FIRE:  213 07:43:40  -771801.250000        0.498446
FIRE:  214 07:43:40  -771801.250000        0.451053
FIRE:  215 07:43:40  -771801.250000        0.422956
FIRE:  216 07:43:40  -771801.187500        0.368493
FIRE:  217 07:43:40  -771801.250000        0.291129
FIRE:  218 07:43:40  -771801.250000        0.196462
FIRE:  219 07:43:41  -771801.250000        0.100011
FIRE:  220 07:43:41  -771801.250000        0.099583
FIRE:  221 07:43:41  -771801.250000        0.128958
FIRE:  222 07:43:41  -771801.250000        0.203859
FIRE:  223 07:43:41  -771801.250000        0.250029
FIRE:  224 07:43:41  -771801.187500        0.254255
FIRE:  225 07:43:41  -771801.187500        0.207657
FIRE:  226 07:43:41  -771801.187500        0.110291
FIRE:  227 07:43:41  -771801.187500        0.093786
FIRE:  228 07:43:41  -771801.250000        0.142888
FIRE:  229 07:43:41  -771801.187500        0.189381
FIRE:  230 07:43:41  -771801.187500        0.134768
FIRE:  231 07:43:41  -771801.187500        0.088430
FIRE:  232 07:43:41  -771801.312500        0.165937
FIRE:  233 07:43:42  -771801.312500        0.137010
FIRE:  234 07:43:42  -771801.312500        0.084403
FIRE:  235 07:43:42  -771801.250000        0.150667
FIRE:  236 07:43:42  -771801.312500        0.080987
FIRE:  237 07:43:42  -771801.250000        0.148498
FIRE:  238 07:43:42  -771801.312500        0.119617
FIRE:  239 07:43:42  -771801.375000        0.069630
FIRE:  240 07:43:42  -771801.375000        0.109921
FIRE:  241 07:43:42  -771801.312500        0.289672
FIRE:  242 07:43:42  -771801.437500        0.561329
FIRE:  243 07:43:42  -771801.437500        0.097783
FIRE:  244 07:43:42  -771801.437500        0.504058
FIRE:  245 07:43:42  -771801.375000        0.398393
FIRE:  246 07:43:42  -771801.437500        0.211153
FIRE:  247 07:43:42  -771801.375000        0.065067
FIRE:  248 07:43:42  -771801.437500        0.211246
FIRE:  249 07:43:42  -771801.437500        0.199406
FIRE:  250 07:43:43  -771801.437500        0.176448
FIRE:  251 07:43:43  -771801.375000        0.143895
FIRE:  252 07:43:43  -771801.375000        0.109086
FIRE:  253 07:43:43  -771801.437500        0.080528
FIRE:  254 07:43:43  -771801.437500        0.062651
FIRE:  255 07:43:43  -771801.437500        0.062788
FIRE:  256 07:43:43  -771801.437500        0.095862
FIRE:  257 07:43:43  -771801.437500        0.126903
FIRE:  258 07:43:43  -771801.437500        0.141659
FIRE:  259 07:43:43  -771801.375000        0.134989
FIRE:  260 07:43:43  -771801.437500        0.104120
FIRE:  261 07:43:43  -771801.375000        0.063923
FIRE:  262 07:43:43  -771801.437500        0.064209
FIRE:  263 07:43:43  -771801.375000        0.089239
FIRE:  264 07:43:43  -771801.375000        0.093454
FIRE:  265 07:43:43  -771801.375000        0.067360
FIRE:  266 07:43:43  -771801.437500        0.067758
FIRE:  267 07:43:44  -771801.375000        0.104986
FIRE:  268 07:43:44  -771801.375000        0.071568
FIRE:  269 07:43:44  -771801.375000        0.073286
FIRE:  270 07:43:44  -771801.375000        0.077494
FIRE:  271 07:43:44  -771801.437500        0.080888
FIRE:  272 07:43:44  -771801.500000        0.085110
FIRE:  273 07:43:44  -771801.437500        0.091318
FIRE:  274 07:43:44  -771801.500000        0.096224
FIRE:  275 07:43:44  -771801.500000        0.099960
FIRE:  276 07:43:44  -771801.562500        0.122260
FIRE:  277 07:43:44  -771801.500000        0.337797
FIRE:  278 07:43:44  -771801.500000        1.118987
FIRE:  279 07:43:44  -771801.562500        0.109043
FIRE:  280 07:43:44  -771801.562500        0.109047
FIRE:  281 07:43:44  -771801.562500        0.109054
FIRE:  282 07:43:45  -771801.562500        0.109068
FIRE:  283 07:43:45  -771801.562500        0.109086
FIRE:  284 07:43:45  -771801.562500        0.109112
FIRE:  285 07:43:45  -771801.562500        0.109149
FIRE:  286 07:43:45  -771801.562500        0.109202
FIRE:  287 07:43:45  -771801.562500        0.109281
FIRE:  288 07:43:45  -771801.562500        0.109384
FIRE:  289 07:43:45  -771801.625000        0.109513
FIRE:  290 07:43:45  -771801.500000        0.109670
FIRE:  291 07:43:45  -771801.500000        0.109845
FIRE:  292 07:43:45  -771801.562500        0.110017
FIRE:  293 07:43:45  -771801.562500        0.110101
FIRE:  294 07:43:45  -771801.625000        0.110117
FIRE:  295 07:43:45  -771801.625000        0.110259
FIRE:  296 07:43:46  -771801.625000        0.109252
FIRE:  297 07:43:46  -771801.625000        0.105913
FIRE:  298 07:43:46  -771801.625000        0.108806
FIRE:  299 07:43:46  -771801.625000        0.319230
FIRE:  300 07:43:46  -771801.687500        0.912821
FIRE:  301 07:43:46  -771801.750000        0.074010
FIRE:  302 07:43:46  -771801.687500        0.808705
FIRE:  303 07:43:46  -771801.687500        0.617498
FIRE:  304 07:43:46  -771801.687500        0.278187
FIRE:  305 07:43:46  -771801.687500        0.143444
FIRE:  306 07:43:46  -771801.687500        0.134825
FIRE:  307 07:43:46  -771801.687500        0.118223
FIRE:  308 07:43:46  -771801.687500        0.095478
FIRE:  309 07:43:46  -771801.750000        0.072630
FIRE:  310 07:43:47  -771801.750000        0.072584
FIRE:  311 07:43:47  -771801.687500        0.072516
FIRE:  312 07:43:47  -771801.687500        0.072437
FIRE:  313 07:43:47  -771801.687500        0.077652
FIRE:  314 07:43:47  -771801.687500        0.091464
FIRE:  315 07:43:47  -771801.687500        0.093862
FIRE:  316 07:43:47  -771801.750000        0.081686
FIRE:  317 07:43:47  -771801.750000        0.071357
FIRE:  318 07:43:47  -771801.750000        0.070951
FIRE:  319 07:43:47  -771801.687500        0.070470
FIRE:  320 07:43:47  -771801.750000        0.069952
FIRE:  321 07:43:47  -771801.750000        0.069366
FIRE:  322 07:43:47  -771801.750000        0.068697
FIRE:  323 07:43:47  -771801.687500        0.072823
FIRE:  324 07:43:48  -771801.750000        0.066840
FIRE:  325 07:43:48  -771801.750000        0.065449
FIRE:  326 07:43:48  -771801.750000        0.063737
FIRE:  327 07:43:48  -771801.750000        0.061682
FIRE:  328 07:43:48  -771801.812500        0.063742
FIRE:  329 07:43:48  -771801.750000        0.058648
FIRE:  330 07:43:48  -771801.750000        0.057217
FIRE:  331 07:43:48  -771801.812500        0.056691
FIRE:  332 07:43:48  -771801.750000        0.055413
FIRE:  333 07:43:48  -771801.812500        0.105856
FIRE:  334 07:43:48  -771801.750000        0.429026
FIRE:  335 07:43:48  -771801.812500        1.680352
FIRE:  336 07:43:48  -771801.750000        0.396570
FIRE:  337 07:43:49  -771801.750000        0.275674
FIRE:  338 07:43:49  -771801.875000        0.092526
FIRE:  339 07:43:49  -771801.750000        0.157696
FIRE:  340 07:43:49  -771801.875000        0.146233
FIRE:  341 07:43:49  -771801.812500        0.124219
FIRE:  342 07:43:49  -771801.875000        0.093734
FIRE:  343 07:43:49  -771801.750000        0.064727
FIRE:  344 07:43:49  -771801.812500        0.063502
FIRE:  345 07:43:49  -771801.812500        0.066122
FIRE:  346 07:43:49  -771801.750000        0.070565
FIRE:  347 07:43:49  -771801.750000        0.074628
FIRE:  348 07:43:49  -771801.812500        0.075955
FIRE:  349 07:43:49  -771801.750000        0.073405
FIRE:  350 07:43:49  -771801.812500        0.068194
FIRE:  351 07:43:49  -771801.812500        0.064655
FIRE:  352 07:43:50  -771801.812500        0.066114
FIRE:  353 07:43:50  -771801.812500        0.073107
FIRE:  354 07:43:50  -771801.812500        0.066554
FIRE:  355 07:43:50  -771801.812500        0.067328
FIRE:  356 07:43:50  -771801.875000        0.073608
FIRE:  357 07:43:50  -771801.812500        0.072251
FIRE:  358 07:43:50  -771801.937500        0.069513
FIRE:  359 07:43:50  -771801.875000        0.071381
FIRE:  360 07:43:50  -771801.875000        0.073118
FIRE:  361 07:43:50  -771801.875000        0.075792
FIRE:  362 07:43:50  -771801.937500        0.073370
FIRE:  363 07:43:50  -771801.875000        0.078137
FIRE:  364 07:43:50  -771801.875000        0.075197
FIRE:  365 07:43:50  -771801.937500        0.082843
FIRE:  366 07:43:51  -771801.875000        0.091977
FIRE:  367 07:43:51  -771801.875000        0.303452
FIRE:  368 07:43:51  -771801.750000        1.125575
FIRE:  369 07:43:51  -771801.750000        0.349680
FIRE:  370 07:43:51  -771801.750000        0.244922
FIRE:  371 07:43:51  -771801.812500        0.085562
FIRE:  372 07:43:51  -771801.937500        0.155575
FIRE:  373 07:43:51  -771801.812500        0.145550
FIRE:  374 07:43:51  -771801.750000        0.126968
FIRE:  375 07:43:51  -771801.750000        0.103018
FIRE:  376 07:43:51  -771801.750000        0.080086
FIRE:  377 07:43:51  -771801.812500        0.068419
FIRE:  378 07:43:51  -771801.750000        0.073851
FIRE:  379 07:43:51  -771801.750000        0.087319
FIRE:  380 07:43:52  -771801.687500        0.098910
FIRE:  381 07:43:52  -771801.750000        0.101407
FIRE:  382 07:43:52  -771801.750000        0.091740
FIRE:  383 07:43:52  -771801.750000        0.074706
FIRE:  384 07:43:52  -771801.812500        0.069169
FIRE:  385 07:43:52  -771802.000000        0.083776
FIRE:  386 07:43:52  -771802.000000        0.091427
FIRE:  387 07:43:52  -771802.062500        0.077096
FIRE:  388 07:43:52  -771801.812500        0.069599
FIRE:  389 07:43:52  -771801.812500        0.084619
FIRE:  390 07:43:52  -771801.812500        0.074132
FIRE:  391 07:43:52  -771801.875000        0.073740
FIRE:  392 07:43:52  -771801.937500        0.076557
FIRE:  393 07:43:53  -771801.875000        0.076412
FIRE:  394 07:43:53  -771801.812500        0.081153
FIRE:  395 07:43:53  -771801.875000        0.078927
FIRE:  396 07:43:53  -771801.875000        0.089779
FIRE:  397 07:43:53  -771801.812500        0.081907
FIRE:  398 07:43:53  -771801.875000        0.136729
FIRE:  399 07:43:53  -771802.000000        0.395419
FIRE:  400 07:43:53  -771801.875000        1.186561
FIRE:  401 07:43:53  -771801.875000        0.087953
FIRE:  402 07:43:53  -771801.875000        0.088538
FIRE:  403 07:43:53  -771801.875000        0.090802
FIRE:  404 07:43:53  -771801.875000        0.094993
FIRE:  405 07:43:53  -771801.875000        0.099159
FIRE:  406 07:43:53  -771801.875000        0.100513
FIRE:  407 07:43:54  -771801.937500        0.098279
FIRE:  408 07:43:54  -771801.875000        0.094097
FIRE:  409 07:43:54  -771801.812500        0.090184
FIRE:  410 07:43:54  -771801.937500        0.088245
FIRE:  411 07:43:54  -771801.875000        0.088321
FIRE:  412 07:43:54  -771801.875000        0.091750
FIRE:  413 07:43:54  -771801.937500        0.096035
FIRE:  414 07:43:54  -771801.875000        0.092565
FIRE:  415 07:43:54  -771801.875000        0.089008
FIRE:  416 07:43:54  -771802.187500        0.091455
FIRE:  417 07:43:54  -771802.187500        0.096699
FIRE:  418 07:43:54  -771802.125000        0.088148
FIRE:  419 07:43:54  -771802.187500        0.094607
FIRE:  420 07:43:54  -771802.187500        0.083531
FIRE:  421 07:43:55  -771802.187500        0.123766
FIRE:  422 07:43:55  -771802.187500        0.401769
FIRE:  423 07:43:55  -771802.187500        1.341049
FIRE:  424 07:43:55  -771802.187500        0.287470
FIRE:  425 07:43:55  -771802.187500        0.203020
FIRE:  426 07:43:55  -771802.250000        0.071957
FIRE:  427 07:43:55  -771802.250000        0.099021
FIRE:  428 07:43:55  -771802.187500        0.091960
FIRE:  429 07:43:55  -771802.187500        0.078264
FIRE:  430 07:43:55  -771802.250000        0.070149
FIRE:  431 07:43:55  -771802.250000        0.066996
FIRE:  432 07:43:55  -771802.250000        0.064007
FIRE:  433 07:43:55  -771802.250000        0.063691
FIRE:  434 07:43:55  -771802.187500        0.066084
FIRE:  435 07:43:55  -771802.250000        0.067961
FIRE:  436 07:43:56  -771802.250000        0.068718
FIRE:  437 07:43:56  -771802.250000        0.067904
FIRE:  438 07:43:56  -771802.187500        0.065411
FIRE:  439 07:43:56  -771802.187500        0.064214
FIRE:  440 07:43:56  -771802.250000        0.067850
FIRE:  441 07:43:56  -771802.250000        0.070432
FIRE:  442 07:43:56  -771802.250000        0.070125
FIRE:  443 07:43:56  -771802.250000        0.067310
FIRE:  444 07:43:56  -771802.187500        0.064996
FIRE:  445 07:43:56  -771802.250000        0.065476
FIRE:  446 07:43:56  -771802.250000        0.069409
FIRE:  447 07:43:56  -771802.250000        0.072730
FIRE:  448 07:43:56  -771802.250000        0.068719
FIRE:  449 07:43:56  -771802.250000        0.064912
FIRE:  450 07:43:57  -771802.000000        0.068904
FIRE:  451 07:43:57  -771802.312500        0.066169
FIRE:  452 07:43:57  -771802.187500        0.061559
FIRE:  453 07:43:57  -771802.125000        0.071402
FIRE:  454 07:43:57  -771802.062500        0.170736
FIRE:  455 07:43:57  -771802.250000        0.553793
FIRE:  456 07:43:57  -771802.312500        0.050874
FIRE:  457 07:43:57  -771802.250000        0.486164
FIRE:  458 07:43:57  -771802.312500        0.365168
FIRE:  459 07:43:57  -771802.312500        0.151789
FIRE:  460 07:43:57  -771802.312500        0.100857
FIRE:  461 07:43:57  -771802.312500        0.094680
FIRE:  462 07:43:57  -771802.312500        0.082610
FIRE:  463 07:43:57  -771802.312500        0.065554
FIRE:  464 07:43:58  -771802.250000        0.056031
FIRE:  465 07:43:58  -771802.250000        0.051749
FIRE:  466 07:43:58  -771802.312500        0.050803
FIRE:  467 07:43:58  -771802.312500        0.053882
FIRE:  468 07:43:58  -771802.312500        0.056804
FIRE:  469 07:43:58  -771802.312500        0.058776
FIRE:  470 07:43:58  -771802.250000        0.059118
FIRE:  471 07:43:58  -771802.312500        0.057427
FIRE:  472 07:43:58  -771802.250000        0.053824
FIRE:  473 07:43:58  -771802.312500        0.049463
