      Step     Time          Energy          fmax
FIRE:    0 06:19:59  -863947.625000       13.812628
FIRE:    1 06:20:00  -863955.375000       13.417848
FIRE:    2 06:20:02  -863962.750000       11.850156
FIRE:    3 06:20:02  -863969.062500        9.565652
FIRE:    4 06:20:02  -863973.312500        6.730962
FIRE:    5 06:20:02  -863976.125000        3.358591
FIRE:    6 06:20:02  -863976.250000        6.206582
FIRE:    7 06:20:02  -863977.000000        4.355014
FIRE:    8 06:20:03  -863978.000000        3.066833
FIRE:    9 06:20:03  -863978.312500        3.069620
FIRE:   10 06:20:03  -863979.312500        4.025574
FIRE:   11 06:20:03  -863979.687500        4.255134
FIRE:   12 06:20:03  -863980.625000        3.449707
FIRE:   13 06:20:03  -863981.937500        2.462353
FIRE:   14 06:20:03  -863983.875000        2.440322
FIRE:   15 06:20:03  -863984.937500        2.869864
FIRE:   16 06:20:03  -863986.000000        3.174014
FIRE:   17 06:20:03  -863986.812500        2.926890
FIRE:   18 06:20:03  -863988.250000        1.973741
FIRE:   19 06:20:03  -863988.437500        1.877689
FIRE:   20 06:20:03  -863989.187500        4.221185
FIRE:   21 06:20:03  -863989.437500        3.348705
FIRE:   22 06:20:04  -863989.625000        2.010847
FIRE:   23 06:20:04  -863989.812500        1.245195
FIRE:   24 06:20:04  -863989.937500        1.335694
FIRE:   25 06:20:04  -863990.062500        1.591722
FIRE:   26 06:20:04  -863990.187500        1.693133
FIRE:   27 06:20:04  -863990.312500        1.801889
FIRE:   28 06:20:04  -863990.625000        1.705501
FIRE:   29 06:20:04  -863990.875000        1.329371
FIRE:   30 06:20:04  -863991.000000        0.992821
FIRE:   31 06:20:06  -863991.250000        0.978495
FIRE:   32 06:20:07  -863991.812500        1.717900
FIRE:   33 06:20:07  -863992.187500        1.452017
FIRE:   34 06:20:07  -863992.687500        0.878900
FIRE:   35 06:20:07  -863993.062500        0.892756
FIRE:   36 06:20:07  -863993.437500        1.130328
FIRE:   37 06:20:07  -863993.812500        0.794128
FIRE:   38 06:20:07  -863994.187500        0.794799
FIRE:   39 06:20:08  -863994.437500        1.053541
FIRE:   40 06:20:08  -863994.812500        0.801145
FIRE:   41 06:20:08  -863995.187500        0.793741
FIRE:   42 06:20:08  -863995.437500        0.743914
FIRE:   43 06:20:08  -863995.687500        0.530406
FIRE:   44 06:20:08  -863995.875000        1.856538
FIRE:   45 06:20:08  -863995.937500        2.703347
FIRE:   46 06:20:08  -863996.250000        1.361029
FIRE:   47 06:20:08  -863996.500000        0.975832
FIRE:   48 06:20:08  -863996.625000        1.233060
FIRE:   49 06:20:08  -863996.812500        1.657985
FIRE:   50 06:20:08  -863997.125000        1.080521
FIRE:   51 06:20:08  -863997.125000        0.530167
FIRE:   52 06:20:08  -863997.312500        0.998736
FIRE:   53 06:20:09  -863997.437500        1.431021
FIRE:   54 06:20:09  -863997.687500        0.686398
FIRE:   55 06:20:09  -863997.875000        1.177179
FIRE:   56 06:20:09  -863998.000000        2.459540
FIRE:   57 06:20:09  -863998.125000        3.794946
FIRE:   58 06:20:09  -863995.437500       34.571019
FIRE:   59 06:20:09  -863998.125000        4.385304
FIRE:   60 06:20:09  -863998.312500        2.483662
FIRE:   61 06:20:09  -863998.312500        1.329711
FIRE:   62 06:20:09  -863998.375000        0.716053
FIRE:   63 06:20:09  -863998.375000        1.407901
FIRE:   64 06:20:09  -863998.312500        1.265390
FIRE:   65 06:20:09  -863998.375000        0.990799
FIRE:   66 06:20:09  -863998.375000        0.721074
FIRE:   67 06:20:10  -863998.312500        0.721429
FIRE:   68 06:20:10  -863998.312500        0.722415
FIRE:   69 06:20:10  -863998.375000        0.724304
FIRE:   70 06:20:10  -863998.375000        0.875658
FIRE:   71 06:20:10  -863998.375000        0.904268
FIRE:   72 06:20:10  -863998.437500        0.738402
FIRE:   73 06:20:10  -863998.375000        0.747514
FIRE:   74 06:20:10  -863998.437500        0.757721
FIRE:   75 06:20:10  -863998.500000        0.770230
FIRE:   76 06:20:10  -863998.437500        0.785642
FIRE:   77 06:20:10  -863998.500000        0.804234
FIRE:   78 06:20:10  -863998.625000        0.827009
FIRE:   79 06:20:10  -863998.687500        0.852516
FIRE:   80 06:20:10  -863998.812500        0.884639
FIRE:   81 06:20:11  -863998.875000        0.925148
FIRE:   82 06:20:11  -863999.000000        0.969099
FIRE:   83 06:20:11  -863999.250000        1.014236
FIRE:   84 06:20:11  -863999.500000        1.034726
FIRE:   85 06:20:11  -864000.125000        0.809761
FIRE:   86 06:20:11  -864000.312500        0.806869
FIRE:   87 06:20:11  -863999.062500        2.388159
FIRE:   88 06:20:11  -863999.375000        1.998641
FIRE:   89 06:20:11  -863999.437500        1.385581
FIRE:   90 06:20:11  -863999.250000        0.746582
FIRE:   91 06:20:11  -863999.437500        0.398276
FIRE:   92 06:20:11  -863999.500000        0.674195
FIRE:   93 06:20:11  -863999.437500        0.895477
FIRE:   94 06:20:11  -863999.375000        0.956948
FIRE:   95 06:20:11  -863999.375000        0.924991
FIRE:   96 06:20:12  -863999.437500        0.845336
FIRE:   97 06:20:12  -863999.562500        0.704542
FIRE:   98 06:20:12  -863999.812500        0.449340
FIRE:   99 06:20:12  -863999.875000        0.670053
FIRE:  100 06:20:12  -863999.875000        0.855402
FIRE:  101 06:20:12  -864000.000000        0.910203
FIRE:  102 06:20:12  -864001.062500        0.677667
FIRE:  103 06:20:12  -864001.125000        2.023594
FIRE:  104 06:20:12  -864000.687500        5.205177
FIRE:  105 06:20:12  -864000.937500        0.663206
FIRE:  106 06:20:12  -864001.062500        7.104444
FIRE:  107 06:20:12  -864000.812500        4.188955
FIRE:  108 06:20:12  -864001.562500        0.395274
FIRE:  109 06:20:12  -864000.875000        2.565226
FIRE:  110 06:20:13  -864000.750000        2.409014
FIRE:  111 06:20:13  -864001.187500        2.100384
FIRE:  112 06:20:13  -864001.000000        1.648168
FIRE:  113 06:20:13  -864000.812500        1.068613
FIRE:  114 06:20:13  -864001.562500        0.436823
FIRE:  115 06:20:13  -864000.937500        0.330579
FIRE:  116 06:20:13  -864000.937500        0.324950
FIRE:  117 06:20:13  -864001.250000        0.313763
FIRE:  118 06:20:13  -864001.000000        0.297325
FIRE:  119 06:20:13  -864001.250000        0.275973
FIRE:  120 06:20:13  -864001.312500        0.250186
FIRE:  121 06:20:13  -864001.000000        0.220728
FIRE:  122 06:20:13  -864001.250000        0.210612
FIRE:  123 06:20:13  -864001.312500        0.209157
FIRE:  124 06:20:14  -864000.937500        0.207316
FIRE:  125 06:20:14  -864000.937500        0.204998
FIRE:  126 06:20:14  -864001.000000        0.202095
FIRE:  127 06:20:14  -864001.000000        0.198500
FIRE:  128 06:20:14  -864000.875000        0.194063
FIRE:  129 06:20:14  -864000.937500        0.188638
FIRE:  130 06:20:14  -864001.312500        0.182060
FIRE:  131 06:20:14  -864001.312500        0.174145
FIRE:  132 06:20:14  -864001.312500        0.164691
FIRE:  133 06:20:14  -864000.937500        0.153507
FIRE:  134 06:20:14  -864001.312500        0.140433
FIRE:  135 06:20:14  -864001.250000        0.125403
FIRE:  136 06:20:14  -864001.000000        0.111499
FIRE:  137 06:20:14  -864001.312500        0.119487
FIRE:  138 06:20:14  -864001.000000        0.122303
FIRE:  139 06:20:14  -864001.125000        0.117511
FIRE:  140 06:20:14  -864001.375000        0.112967
FIRE:  141 06:20:15  -864001.062500        0.112363
FIRE:  142 06:20:15  -864001.187500        0.109576
FIRE:  143 06:20:15  -864001.187500        0.114563
FIRE:  144 06:20:15  -864001.187500        0.111298
FIRE:  145 06:20:15  -864001.500000        0.102839
FIRE:  146 06:20:15  -864001.312500        0.091171
FIRE:  147 06:20:15  -864001.187500        0.091760
FIRE:  148 06:20:15  -864001.625000        0.113327
FIRE:  149 06:20:15  -864001.437500        0.338956
FIRE:  150 06:20:15  -864001.750000        1.335766
FIRE:  151 06:20:15  -864001.375000        3.830622
FIRE:  152 06:20:15  -864000.875000        0.156225
FIRE:  153 06:20:15  -864001.687500        4.695175
FIRE:  154 06:20:15  -864000.937500        2.975445
FIRE:  155 06:20:15  -864000.937500        0.515768
FIRE:  156 06:20:15  -864000.875000        1.674151
FIRE:  157 06:20:15  -864000.750000        1.566656
FIRE:  158 06:20:15  -864000.875000        1.356005
FIRE:  159 06:20:16  -864000.937500        1.051431
FIRE:  160 06:20:16  -864001.000000        0.667960
FIRE:  161 06:20:16  -864000.937500        0.250971
FIRE:  162 06:20:16  -864001.000000        0.225377
FIRE:  163 06:20:16  -864000.875000        0.221580
FIRE:  164 06:20:16  -864001.000000        0.214120
FIRE:  165 06:20:16  -864001.000000        0.203098
FIRE:  166 06:20:16  -864001.000000        0.188783
FIRE:  167 06:20:16  -864000.875000        0.171515
FIRE:  168 06:20:16  -864000.875000        0.151764
FIRE:  169 06:20:16  -864000.875000        0.130034
FIRE:  170 06:20:16  -864001.000000        0.111620
FIRE:  171 06:20:16  -864000.937500        0.111612
FIRE:  172 06:20:16  -864001.000000        0.111584
FIRE:  173 06:20:16  -864000.875000        0.111608
FIRE:  174 06:20:16  -864001.000000        0.111682
FIRE:  175 06:20:16  -864001.000000        0.111801
FIRE:  176 06:20:17  -864001.000000        0.111971
FIRE:  177 06:20:17  -864001.000000        0.112259
FIRE:  178 06:20:17  -864001.000000        0.112604
FIRE:  179 06:20:17  -864000.875000        0.113015
FIRE:  180 06:20:17  -864000.875000        0.113213
FIRE:  181 06:20:17  -864001.000000        0.112942
FIRE:  182 06:20:17  -864001.812500        0.111460
FIRE:  183 06:20:17  -864001.500000        0.107511
FIRE:  184 06:20:17  -864001.562500        0.108220
FIRE:  185 06:20:17  -864001.500000        0.109233
FIRE:  186 06:20:17  -864001.625000        0.109838
FIRE:  187 06:20:17  -864001.625000        0.109318
FIRE:  188 06:20:17  -864001.500000        0.106857
FIRE:  189 06:20:17  -864001.875000        0.102033
FIRE:  190 06:20:17  -864001.625000        0.095972
FIRE:  191 06:20:17  -864001.562500        0.091659
FIRE:  192 06:20:17  -864001.687500        0.100543
FIRE:  193 06:20:18  -864001.625000        0.222456
FIRE:  194 06:20:18  -864001.625000        0.144109
FIRE:  195 06:20:18  -864001.937500        0.127656
FIRE:  196 06:20:18  -864001.125000        0.320912
FIRE:  197 06:20:18  -864001.187500        1.069436
FIRE:  198 06:20:18  -864001.250000        3.006479
FIRE:  199 06:20:18  -864001.250000        0.110579
FIRE:  200 06:20:18  -864001.312500        0.107666
FIRE:  201 06:20:18  -864001.250000        0.107604
FIRE:  202 06:20:18  -864001.250000        0.107580
FIRE:  203 06:20:18  -864001.187500        0.107672
FIRE:  204 06:20:18  -864001.187500        0.107966
FIRE:  205 06:20:18  -864001.250000        0.108421
FIRE:  206 06:20:18  -864001.312500        0.108925
FIRE:  207 06:20:18  -864001.312500        0.109346
FIRE:  208 06:20:18  -864001.187500        0.109343
FIRE:  209 06:20:18  -864001.187500        0.108597
FIRE:  210 06:20:18  -864001.375000        0.107074
FIRE:  211 06:20:19  -864001.375000        0.105474
FIRE:  212 06:20:19  -864001.187500        0.104939
FIRE:  213 06:20:19  -864001.375000        0.106502
FIRE:  214 06:20:19  -864001.250000        0.109568
FIRE:  215 06:20:19  -864001.250000        0.112796
FIRE:  216 06:20:19  -864001.312500        0.117881
FIRE:  217 06:20:19  -864001.312500        0.130374
FIRE:  218 06:20:19  -864001.500000        0.203026
FIRE:  219 06:20:19  -864001.500000        0.604419
FIRE:  220 06:20:19  -864001.687500        1.712378
FIRE:  221 06:20:19  -864001.562500        0.190339
FIRE:  222 06:20:19  -864001.562500        1.719025
FIRE:  223 06:20:19  -864001.562500        1.237464
FIRE:  224 06:20:19  -864001.437500        0.445775
FIRE:  225 06:20:19  -864001.562500        0.398159
FIRE:  226 06:20:19  -864001.562500        0.373089
FIRE:  227 06:20:19  -864001.625000        0.324476
FIRE:  228 06:20:20  -864001.687500        0.255451
FIRE:  229 06:20:20  -864001.562500        0.198067
FIRE:  230 06:20:20  -864001.562500        0.198458
FIRE:  231 06:20:20  -864001.500000        0.198967
FIRE:  232 06:20:20  -864001.562500        0.199567
FIRE:  233 06:20:20  -864001.562500        0.200401
FIRE:  234 06:20:20  -864001.562500        0.215895
FIRE:  235 06:20:20  -864001.562500        0.221146
FIRE:  236 06:20:20  -864001.562500        0.204656
FIRE:  237 06:20:20  -864001.562500        0.206916
FIRE:  238 06:20:20  -864001.437500        0.209763
FIRE:  239 06:20:20  -864001.562500        0.213335
FIRE:  240 06:20:20  -864001.562500        0.217717
FIRE:  241 06:20:20  -864001.687500        0.223140
FIRE:  242 06:20:20  -864001.500000        0.229986
FIRE:  243 06:20:20  -864001.625000        0.238806
FIRE:  244 06:20:20  -864001.375000        0.250179
FIRE:  245 06:20:21  -864001.625000        0.264748
FIRE:  246 06:20:21  -864001.562500        0.282987
FIRE:  247 06:20:21  -864001.687500        0.302867
FIRE:  248 06:20:21  -864001.437500        0.325674
FIRE:  249 06:20:21  -864001.500000        0.350772
FIRE:  250 06:20:21  -864001.687500        0.373062
FIRE:  251 06:20:21  -864001.750000        0.386160
FIRE:  252 06:20:21  -864001.875000        0.400024
FIRE:  253 06:20:21  -864002.000000        0.818164
FIRE:  254 06:20:21  -864002.062500        2.464444
FIRE:  255 06:20:21  -864002.250000        0.282775
FIRE:  256 06:20:21  -864002.187500        2.615951
FIRE:  257 06:20:21  -864002.187500        1.819415
FIRE:  258 06:20:21  -864002.250000        0.559213
FIRE:  259 06:20:21  -864002.250000        0.715440
FIRE:  260 06:20:21  -864002.312500        0.670318
FIRE:  261 06:20:22  -864002.125000        0.582623
FIRE:  262 06:20:22  -864002.125000        0.457465
FIRE:  263 06:20:22  -864002.125000        0.302839
FIRE:  264 06:20:22  -864002.250000        0.199944
FIRE:  265 06:20:22  -864002.250000        0.196721
FIRE:  266 06:20:22  -864002.250000        0.196360
FIRE:  267 06:20:22  -864002.312500        0.321173
FIRE:  268 06:20:22  -864002.125000        0.394115
FIRE:  269 06:20:22  -864002.250000        0.393469
FIRE:  270 06:20:22  -864002.250000        0.305108
FIRE:  271 06:20:22  -864002.125000        0.162919
FIRE:  272 06:20:22  -864002.250000        0.155793
FIRE:  273 06:20:22  -864003.062500        0.261970
FIRE:  274 06:20:22  -864003.062500        0.304605
FIRE:  275 06:20:22  -864003.000000        0.167926
FIRE:  276 06:20:22  -864002.125000        0.129518
FIRE:  277 06:20:23  -864002.312500        0.277591
FIRE:  278 06:20:23  -864002.312500        0.152370
FIRE:  279 06:20:23  -864002.312500        0.179543
FIRE:  280 06:20:23  -864002.312500        0.207875
FIRE:  281 06:20:23  -864002.312500        0.174743
FIRE:  282 06:20:23  -864002.312500        0.141348
FIRE:  283 06:20:23  -864002.250000        0.301883
FIRE:  284 06:20:23  -864002.250000        0.216254
FIRE:  285 06:20:23  -864002.937500        0.125924
FIRE:  286 06:20:23  -864002.187500        0.188890
FIRE:  287 06:20:23  -864002.187500        0.582635
FIRE:  288 06:20:23  -864002.187500        2.022622
FIRE:  289 06:20:23  -864002.250000        0.317431
FIRE:  290 06:20:23  -864002.250000        0.231688
FIRE:  291 06:20:23  -864002.250000        0.085103
FIRE:  292 06:20:24  -864002.312500        0.084320
FIRE:  293 06:20:24  -864002.250000        0.204048
FIRE:  294 06:20:24  -864002.250000        0.237290
FIRE:  295 06:20:24  -864002.250000        0.177096
FIRE:  296 06:20:24  -864002.312500        0.070641
FIRE:  297 06:20:24  -864002.250000        0.102914
FIRE:  298 06:20:24  -864002.312500        0.185572
FIRE:  299 06:20:24  -864002.250000        0.130351
FIRE:  300 06:20:24  -864002.250000        0.069135
FIRE:  301 06:20:24  -864002.312500        0.171501
FIRE:  302 06:20:24  -864002.250000        0.070695
FIRE:  303 06:20:24  -864002.250000        0.152159
FIRE:  304 06:20:24  -864002.250000        0.073662
FIRE:  305 06:20:24  -864003.500000        0.186002
FIRE:  306 06:20:24  -864002.312500        0.129375
FIRE:  307 06:20:24  -864003.562500        0.075538
FIRE:  308 06:20:25  -864003.562500        0.076758
FIRE:  309 06:20:25  -864003.562500        0.170137
FIRE:  310 06:20:25  -864003.625000        0.697276
FIRE:  311 06:20:25  -864003.625000        2.282997
FIRE:  312 06:20:25  -864003.687500        0.205487
FIRE:  313 06:20:25  -864003.687500        0.146717
FIRE:  314 06:20:25  -864003.687500        0.073680
FIRE:  315 06:20:25  -864003.687500        0.073334
FIRE:  316 06:20:25  -864003.625000        0.126762
FIRE:  317 06:20:25  -864003.625000        0.138102
FIRE:  318 06:20:25  -864003.625000        0.092010
FIRE:  319 06:20:25  -864003.625000        0.072448
FIRE:  320 06:20:25  -864003.687500        0.079968
FIRE:  321 06:20:25  -864003.687500        0.109468
FIRE:  322 06:20:25  -864003.625000        0.073009
FIRE:  323 06:20:25  -864003.687500        0.073199
FIRE:  324 06:20:26  -864003.687500        0.089201
FIRE:  325 06:20:26  -864003.687500        0.071481
FIRE:  326 06:20:26  -864003.750000        0.098096
FIRE:  327 06:20:26  -864003.750000        0.105875
FIRE:  328 06:20:26  -864003.750000        0.070589
FIRE:  329 06:20:26  -864003.687500        0.129772
FIRE:  330 06:20:26  -864003.687500        0.163710
FIRE:  331 06:20:26  -864003.750000        0.291270
FIRE:  332 06:20:26  -864003.750000        0.649433
FIRE:  333 06:20:26  -864003.750000        1.774827
FIRE:  334 06:20:26  -864003.750000        0.222716
FIRE:  335 06:20:26  -864003.750000        0.163036
FIRE:  336 06:20:26  -864003.812500        0.064577
FIRE:  337 06:20:26  -864003.750000        0.057862
FIRE:  338 06:20:26  -864003.812500        0.142119
FIRE:  339 06:20:27  -864003.812500        0.167474
FIRE:  340 06:20:27  -864003.750000        0.128296
FIRE:  341 06:20:27  -864003.812500        0.048627
