      Step     Time          Energy          fmax
FIRE:    0 07:58:56 -1741046.250000        3.935378
FIRE:    1 07:58:57 -1741048.875000        2.635136
FIRE:    2 07:58:59 -1741053.250000        2.335470
FIRE:    3 07:59:00 -1741049.875000        1.890742
FIRE:    4 07:59:00 -1741050.875000        1.229106
FIRE:    5 07:59:00 -1741051.875000        1.346162
FIRE:    6 07:59:00 -1741057.000000        1.175901
FIRE:    7 07:59:00 -1741054.875000        1.177221
FIRE:    8 07:59:01 -1741055.750000        1.182543
FIRE:    9 07:59:01 -1741056.750000        1.181664
FIRE:   10 07:59:01 -1741055.750000        1.174256
FIRE:   11 07:59:01 -1741056.500000        1.160185
FIRE:   12 07:59:01 -1741061.625000        1.123941
FIRE:   13 07:59:01 -1741059.500000        1.073087
FIRE:   14 07:59:01 -1741063.250000        1.008881
FIRE:   15 07:59:01 -1741061.125000        0.904244
FIRE:   16 07:59:01 -1741061.500000        0.869054
FIRE:   17 07:59:01 -1741067.625000        0.880528
FIRE:   18 07:59:03 -1741065.750000        0.870481
FIRE:   19 07:59:03 -1741066.125000        0.821499
FIRE:   20 07:59:03 -1741065.625000        0.734963
FIRE:   21 07:59:03 -1741065.625000        0.631189
FIRE:   22 07:59:03 -1741064.375000        0.526203
FIRE:   23 07:59:03 -1741064.750000        0.503044
FIRE:   24 07:59:03 -1741067.250000        0.422768
FIRE:   25 07:59:03 -1741067.125000        0.494208
FIRE:   26 07:59:03 -1741064.250000        0.523159
FIRE:   27 07:59:03 -1741067.500000        0.508463
FIRE:   28 07:59:03 -1741069.000000        0.532620
FIRE:   29 07:59:03 -1741068.875000        0.718498
FIRE:   30 07:59:04 -1741065.625000        1.001389
FIRE:   31 07:59:04 -1741067.750000        1.386066
FIRE:   32 07:59:04 -1741068.500000        1.743435
FIRE:   33 07:59:04 -1741068.250000        1.734928
FIRE:   34 07:59:04 -1741067.250000        1.040751
FIRE:   35 07:59:04 -1741067.500000        1.133015
FIRE:   36 07:59:04 -1741067.625000        2.663779
FIRE:   37 07:59:04 -1741070.875000        3.220995
FIRE:   38 07:59:04 -1741071.625000        2.208021
FIRE:   39 07:59:04 -1741072.125000        2.456978
FIRE:   40 07:59:04 -1741072.500000        3.066950
FIRE:   41 07:59:04 -1741073.125000        1.729729
FIRE:   42 07:59:04 -1741073.625000        1.236508
FIRE:   43 07:59:05 -1741073.375000        1.580502
FIRE:   44 07:59:05 -1741073.500000        1.586233
FIRE:   45 07:59:05 -1741073.250000        1.227776
FIRE:   46 07:59:05 -1741073.750000        1.835135
FIRE:   47 07:59:05 -1741073.750000        2.004245
FIRE:   48 07:59:05 -1741072.625000        2.186541
FIRE:   49 07:59:05 -1741074.125000        1.236134
FIRE:   50 07:59:05 -1741073.625000        0.721853
FIRE:   51 07:59:05 -1741074.500000        1.678493
FIRE:   52 07:59:05 -1741074.750000        1.884892
FIRE:   53 07:59:05 -1741071.500000        1.123102
FIRE:   54 07:59:05 -1741073.250000        1.298744
FIRE:   55 07:59:05 -1741073.375000        1.681694
FIRE:   56 07:59:05 -1741076.250000        1.211108
FIRE:   57 07:59:06 -1741076.125000        0.702451
FIRE:   58 07:59:06 -1741076.500000        1.035251
FIRE:   59 07:59:06 -1741076.375000        1.078233
FIRE:   60 07:59:06 -1741076.875000        0.693837
FIRE:   61 07:59:06 -1741079.375000        1.098343
FIRE:   62 07:59:06 -1741073.250000        1.498169
FIRE:   63 07:59:06 -1741073.375000        1.342947
FIRE:   64 07:59:06 -1741077.500000        0.507374
FIRE:   65 07:59:06 -1741076.750000        0.649988
FIRE:   66 07:59:06 -1741077.000000        1.298811
FIRE:   67 07:59:06 -1741077.625000        1.109662
FIRE:   68 07:59:06 -1741077.375000        0.563522
FIRE:   69 07:59:06 -1741074.125000        1.134279
FIRE:   70 07:59:06 -1741078.000000        0.954283
FIRE:   71 07:59:07 -1741077.750000        0.408161
FIRE:   72 07:59:07 -1741078.500000        0.761815
FIRE:   73 07:59:07 -1741078.375000        0.888544
FIRE:   74 07:59:07 -1741076.250000        0.640607
FIRE:   75 07:59:07 -1741074.750000        0.852522
FIRE:   76 07:59:07 -1741078.625000        1.270714
FIRE:   77 07:59:07 -1741077.375000        0.964008
FIRE:   78 07:59:07 -1741078.875000        0.365612
FIRE:   79 07:59:07 -1741076.750000        0.741646
FIRE:   80 07:59:07 -1741075.250000        0.732741
FIRE:   81 07:59:07 -1741076.875000        0.237132
FIRE:   82 07:59:07 -1741077.000000        0.696262
FIRE:   83 07:59:07 -1741075.500000        0.780450
FIRE:   84 07:59:08 -1741075.625000        0.299748
FIRE:   85 07:59:08 -1741075.625000        0.647580
FIRE:   86 07:59:08 -1741077.250000        0.680051
FIRE:   87 07:59:08 -1741075.875000        0.292153
FIRE:   88 07:59:08 -1741079.500000        0.785097
FIRE:   89 07:59:08 -1741076.000000        0.952949
FIRE:   90 07:59:08 -1741076.000000        0.497619
FIRE:   91 07:59:08 -1741076.125000        0.478882
FIRE:   92 07:59:08 -1741077.625000        0.596646
FIRE:   93 07:59:08 -1741077.750000        0.303527
FIRE:   94 07:59:08 -1741077.875000        0.464294
FIRE:   95 07:59:08 -1741079.750000        0.679649
FIRE:   96 07:59:08 -1741078.000000        0.349902
FIRE:   97 07:59:08 -1741078.125000        0.629543
FIRE:   98 07:59:09 -1741076.625000        0.673060
FIRE:   99 07:59:09 -1741076.750000        0.254962
FIRE:  100 07:59:09 -1741076.875000        0.554213
FIRE:  101 07:59:09 -1741076.875000        0.708291
FIRE:  102 07:59:09 -1741077.000000        0.298329
FIRE:  103 07:59:09 -1741077.000000        0.473328
FIRE:  104 07:59:09 -1741077.125000        0.437959
FIRE:  105 07:59:09 -1741077.125000        0.214586
FIRE:  106 07:59:09 -1741077.250000        0.450712
FIRE:  107 07:59:09 -1741078.750000        0.457076
FIRE:  108 07:59:09 -1741077.375000        0.252958
FIRE:  109 07:59:09 -1741077.375000        0.622331
FIRE:  110 07:59:09 -1741077.500000        0.409542
FIRE:  111 07:59:09 -1741077.500000        0.226280
FIRE:  112 07:59:10 -1741077.625000        0.555769
FIRE:  113 07:59:10 -1741077.625000        0.366157
FIRE:  114 07:59:10 -1741077.625000        0.340283
FIRE:  115 07:59:10 -1741077.750000        0.442160
FIRE:  116 07:59:10 -1741077.750000        0.244520
FIRE:  117 07:59:10 -1741077.750000        0.351642
FIRE:  118 07:59:10 -1741077.875000        0.375085
FIRE:  119 07:59:10 -1741077.875000        0.291236
FIRE:  120 07:59:10 -1741077.875000        0.549473
FIRE:  121 07:59:10 -1741078.000000        0.384891
FIRE:  122 07:59:10 -1741078.000000        0.254266
FIRE:  123 07:59:10 -1741078.125000        0.418949
FIRE:  124 07:59:10 -1741078.125000        0.226588
FIRE:  125 07:59:11 -1741078.250000        0.317936
FIRE:  126 07:59:11 -1741078.250000        0.344897
FIRE:  127 07:59:11 -1741078.250000        0.154088
FIRE:  128 07:59:11 -1741078.375000        0.345012
FIRE:  129 07:59:11 -1741078.375000        0.243472
FIRE:  130 07:59:11 -1741078.500000        0.267998
FIRE:  131 07:59:11 -1741078.500000        0.492222
FIRE:  132 07:59:11 -1741078.500000        0.241724
FIRE:  133 07:59:11 -1741078.500000        0.293927
FIRE:  134 07:59:11 -1741078.625000        0.298668
FIRE:  135 07:59:11 -1741080.125000        0.199355
FIRE:  136 07:59:11 -1741078.625000        0.327026
FIRE:  137 07:59:11 -1741078.750000        0.242622
FIRE:  138 07:59:12 -1741078.750000        0.250795
FIRE:  139 07:59:12 -1741078.750000        0.332905
FIRE:  140 07:59:12 -1741078.750000        0.180479
FIRE:  141 07:59:12 -1741081.250000        0.368963
FIRE:  142 07:59:12 -1741081.375000        0.363940
FIRE:  143 07:59:12 -1741082.125000        0.174175
FIRE:  144 07:59:12 -1741084.875000        0.325087
FIRE:  145 07:59:12 -1741085.750000        0.206569
FIRE:  146 07:59:12 -1741084.750000        0.230112
FIRE:  147 07:59:12 -1741084.750000        0.261282
FIRE:  148 07:59:12 -1741085.375000        0.180046
FIRE:  149 07:59:12 -1741084.875000        0.334317
FIRE:  150 07:59:12 -1741079.125000        0.171231
FIRE:  151 07:59:12 -1741079.250000        0.205163
FIRE:  152 07:59:13 -1741081.000000        0.322009
FIRE:  153 07:59:13 -1741086.750000        0.170512
FIRE:  154 07:59:13 -1741079.250000        0.253997
FIRE:  155 07:59:13 -1741079.375000        0.207830
FIRE:  156 07:59:13 -1741079.375000        0.181860
FIRE:  157 07:59:13 -1741079.375000        0.232638
FIRE:  158 07:59:13 -1741079.500000        0.154783
FIRE:  159 07:59:13 -1741081.000000        0.286045
FIRE:  160 07:59:13 -1741081.250000        0.251916
FIRE:  161 07:59:13 -1741081.125000        0.338456
FIRE:  162 07:59:13 -1741083.500000        0.340979
FIRE:  163 07:59:13 -1741081.500000        0.152016
FIRE:  164 07:59:14 -1741081.625000        0.238100
FIRE:  165 07:59:14 -1741083.750000        0.317896
FIRE:  166 07:59:14 -1741083.750000        0.362736
FIRE:  167 07:59:14 -1741081.500000        0.362589
FIRE:  168 07:59:14 -1741082.625000        0.300802
FIRE:  169 07:59:14 -1741083.625000        0.199114
FIRE:  170 07:59:14 -1741083.625000        0.275801
FIRE:  171 07:59:14 -1741083.625000        0.182976
FIRE:  172 07:59:14 -1741081.375000        0.214787
FIRE:  173 07:59:14 -1741081.625000        0.296343
FIRE:  174 07:59:14 -1741082.125000        0.426658
FIRE:  175 07:59:14 -1741083.625000        0.418951
FIRE:  176 07:59:14 -1741079.875000        0.344839
FIRE:  177 07:59:15 -1741081.625000        0.244707
FIRE:  178 07:59:15 -1741085.125000        0.196935
FIRE:  179 07:59:15 -1741080.000000        0.256979
FIRE:  180 07:59:15 -1741085.500000        0.351724
FIRE:  181 07:59:15 -1741085.750000        0.409603
FIRE:  182 07:59:15 -1741084.250000        0.417006
FIRE:  183 07:59:15 -1741084.125000        0.312574
FIRE:  184 07:59:15 -1741082.125000        0.302043
FIRE:  185 07:59:15 -1741082.500000        0.251018
FIRE:  186 07:59:15 -1741084.500000        0.164978
FIRE:  187 07:59:15 -1741083.375000        0.202801
FIRE:  188 07:59:15 -1741083.625000        0.294273
FIRE:  189 07:59:15 -1741080.250000        0.292281
FIRE:  190 07:59:15 -1741080.250000        0.262488
FIRE:  191 07:59:16 -1741080.375000        0.187728
FIRE:  192 07:59:16 -1741080.375000        0.185416
FIRE:  193 07:59:16 -1741080.375000        0.208761
FIRE:  194 07:59:16 -1741087.250000        0.304981
FIRE:  195 07:59:16 -1741087.875000        0.311849
FIRE:  196 07:59:16 -1741080.500000        0.275570
FIRE:  197 07:59:16 -1741088.000000        0.251681
FIRE:  198 07:59:16 -1741088.000000        0.238496
FIRE:  199 07:59:16 -1741088.000000        0.209328
FIRE:  200 07:59:16 -1741082.000000        0.213258
FIRE:  201 07:59:16 -1741082.125000        0.264803
FIRE:  202 07:59:16 -1741082.125000        0.302652
FIRE:  203 07:59:16 -1741082.125000        0.284542
FIRE:  204 07:59:17 -1741082.125000        0.214017
FIRE:  205 07:59:17 -1741082.125000        0.194197
FIRE:  206 07:59:17 -1741087.625000        0.199514
FIRE:  207 07:59:17 -1741082.000000        1.586813
FIRE:  208 07:59:17 -1741080.000000        3.066973
FIRE:  209 07:59:17 -1741080.625000        1.479080
FIRE:  210 07:59:17 -1741082.375000        0.917146
FIRE:  211 07:59:17 -1741080.750000        0.146599
FIRE:  212 07:59:17 -1741080.625000        0.800034
FIRE:  213 07:59:17 -1741080.750000        0.725456
FIRE:  214 07:59:17 -1741080.750000        0.583155
FIRE:  215 07:59:17 -1741080.750000        0.386179
FIRE:  216 07:59:17 -1741082.375000        0.153216
FIRE:  217 07:59:17 -1741080.750000        0.139957
FIRE:  218 07:59:18 -1741080.750000        0.137364
FIRE:  219 07:59:18 -1741080.750000        0.132249
FIRE:  220 07:59:18 -1741080.750000        0.124766
FIRE:  221 07:59:18 -1741080.750000        0.115132
FIRE:  222 07:59:18 -1741080.750000        0.103692
FIRE:  223 07:59:18 -1741080.750000        0.092598
FIRE:  224 07:59:18 -1741082.375000        0.089758
FIRE:  225 07:59:18 -1741080.750000        0.086541
FIRE:  226 07:59:18 -1741080.750000        0.083039
FIRE:  227 07:59:18 -1741080.750000        0.079392
FIRE:  228 07:59:18 -1741080.750000        0.075756
FIRE:  229 07:59:18 -1741080.750000        0.075174
FIRE:  230 07:59:18 -1741080.750000        0.078524
FIRE:  231 07:59:18 -1741080.750000        0.078922
FIRE:  232 07:59:19 -1741080.750000        0.075645
FIRE:  233 07:59:19 -1741080.750000        0.070911
FIRE:  234 07:59:19 -1741080.750000        0.069577
FIRE:  235 07:59:19 -1741080.750000        0.068385
FIRE:  236 07:59:19 -1741082.375000        0.073220
FIRE:  237 07:59:19 -1741080.750000        0.066692
FIRE:  238 07:59:19 -1741080.750000        0.065947
FIRE:  239 07:59:19 -1741080.750000        0.064797
FIRE:  240 07:59:19 -1741082.375000        0.063339
FIRE:  241 07:59:19 -1741080.750000        0.056953
FIRE:  242 07:59:19 -1741088.250000        0.062495
FIRE:  243 07:59:19 -1741080.750000        0.051567
FIRE:  244 07:59:19 -1741080.875000        0.054762
FIRE:  245 07:59:20 -1741080.875000        0.048301
