      Step     Time          Energy          fmax
FIRE:    0 08:13:26 -2374919.250000       10.048488
FIRE:    1 08:13:27 -2374927.750000        8.450400
FIRE:    2 08:13:29 -2374935.250000        6.961294
FIRE:    3 08:13:29 -2374941.500000        5.778030
FIRE:    4 08:13:29 -2374946.750000        5.282200
FIRE:    5 08:13:29 -2374954.750000        4.832718
FIRE:    6 08:13:30 -2374956.750000        4.422950
FIRE:    7 08:13:30 -2374960.500000        4.055162
FIRE:    8 08:13:30 -2374963.000000        3.711001
FIRE:    9 08:13:30 -2374963.500000        3.351168
FIRE:   10 08:13:32 -2374969.250000        2.972163
FIRE:   11 08:13:32 -2374970.500000        2.637373
FIRE:   12 08:13:32 -2374973.500000        2.384595
FIRE:   13 08:13:32 -2374974.750000        2.215554
FIRE:   14 08:13:32 -2374976.500000        2.055011
FIRE:   15 08:13:32 -2374975.500000        1.977720
FIRE:   16 08:13:32 -2374977.250000        1.893444
FIRE:   17 08:13:32 -2374980.750000        1.846427
FIRE:   18 08:13:32 -2374983.750000        1.820206
FIRE:   19 08:13:32 -2374983.250000        1.755911
FIRE:   20 08:13:32 -2374983.000000        1.618070
FIRE:   21 08:13:32 -2374987.500000        1.462730
FIRE:   22 08:13:33 -2374989.000000        1.360064
FIRE:   23 08:13:33 -2374990.250000        1.489927
FIRE:   24 08:13:33 -2374991.500000        1.625359
FIRE:   25 08:13:33 -2374992.750000        1.733415
FIRE:   26 08:13:33 -2374993.750000        1.779592
FIRE:   27 08:13:33 -2374994.750000        1.742983
FIRE:   28 08:13:33 -2374992.250000        1.604032
FIRE:   29 08:13:33 -2374993.750000        1.541419
FIRE:   30 08:13:33 -2374994.500000        1.658990
FIRE:   31 08:13:33 -2374995.250000        1.798552
FIRE:   32 08:13:33 -2374996.250000        1.918796
FIRE:   33 08:13:33 -2374997.250000        1.964458
FIRE:   34 08:13:33 -2374998.250000        1.925504
FIRE:   35 08:13:33 -2374999.250000        1.831792
FIRE:   36 08:13:33 -2375000.250000        1.677760
FIRE:   37 08:13:33 -2375001.000000        1.447963
FIRE:   38 08:13:34 -2375002.000000        1.121738
FIRE:   39 08:13:34 -2375005.500000        1.141632
FIRE:   40 08:13:34 -2375005.250000        1.219161
FIRE:   41 08:13:34 -2375006.000000        1.681386
FIRE:   42 08:13:34 -2375006.250000        2.082024
FIRE:   43 08:13:34 -2375007.500000        2.219452
FIRE:   44 08:13:34 -2375008.500000        2.034944
FIRE:   45 08:13:34 -2375009.250000        1.625019
FIRE:   46 08:13:34 -2375010.000000        1.631796
FIRE:   47 08:13:34 -2375011.500000        1.823280
FIRE:   48 08:13:34 -2375011.500000        1.932851
FIRE:   49 08:13:34 -2375012.250000        2.049384
FIRE:   50 08:13:34 -2375012.000000        2.298989
FIRE:   51 08:13:34 -2375013.750000        2.609579
FIRE:   52 08:13:34 -2375012.750000        2.743737
FIRE:   53 08:13:35 -2375013.500000        2.834652
FIRE:   54 08:13:35 -2375014.250000        2.840977
FIRE:   55 08:13:35 -2375013.000000        2.955033
FIRE:   56 08:13:35 -2375016.000000        3.070233
FIRE:   57 08:13:35 -2375016.250000        2.886961
FIRE:   58 08:13:35 -2375017.000000        2.431487
FIRE:   59 08:13:35 -2375019.250000        1.566794
FIRE:   60 08:13:35 -2375016.000000        2.691321
FIRE:   61 08:13:35 -2375016.000000        5.993489
FIRE:   62 08:13:35 -2375019.500000        1.408457
FIRE:   63 08:13:35 -2375016.750000        3.831637
FIRE:   64 08:13:35 -2375017.000000        5.129570
FIRE:   65 08:13:35 -2375017.000000        1.523351
FIRE:   66 08:13:35 -2375017.000000        2.520852
FIRE:   67 08:13:35 -2375017.000000        2.166444
FIRE:   68 08:13:36 -2375017.000000        1.505765
FIRE:   69 08:13:36 -2375017.250000        0.640885
FIRE:   70 08:13:36 -2375017.250000        0.639141
FIRE:   71 08:13:36 -2375017.250000        1.083225
FIRE:   72 08:13:36 -2375017.250000        1.512397
FIRE:   73 08:13:36 -2375017.250000        1.520554
FIRE:   74 08:13:36 -2375017.250000        1.059067
FIRE:   75 08:13:36 -2375017.250000        0.713561
FIRE:   76 08:13:36 -2375017.500000        0.798385
FIRE:   77 08:13:36 -2375017.500000        1.350122
FIRE:   78 08:13:36 -2375017.500000        1.101472
FIRE:   79 08:13:36 -2375017.750000        0.949908
FIRE:   80 08:13:36 -2375018.000000        1.078658
FIRE:   81 08:13:36 -2375020.250000        1.250197
FIRE:   82 08:13:36 -2375022.000000        1.396634
FIRE:   83 08:13:36 -2375021.750000        1.818251
FIRE:   84 08:13:37 -2375021.500000        2.119254
FIRE:   85 08:13:37 -2375023.500000        1.622144
FIRE:   86 08:13:37 -2375023.250000        0.882538
FIRE:   87 08:13:37 -2375024.000000        2.784816
FIRE:   88 08:13:37 -2375024.250000        3.388548
FIRE:   89 08:13:37 -2375024.500000        1.798644
FIRE:   90 08:13:37 -2375024.500000        2.491676
FIRE:   91 08:13:37 -2375025.250000        1.562994
FIRE:   92 08:13:37 -2375025.250000        1.238715
FIRE:   93 08:13:37 -2375025.750000        1.545322
FIRE:   94 08:13:37 -2375024.750000        1.464195
FIRE:   95 08:13:37 -2375026.250000        0.816169
FIRE:   96 08:13:37 -2375023.250000        1.541836
FIRE:   97 08:13:37 -2375023.500000        1.321394
FIRE:   98 08:13:37 -2375023.750000        0.615140
FIRE:   99 08:13:38 -2375024.000000        1.265011
FIRE:  100 08:13:38 -2375024.000000        1.415338
FIRE:  101 08:13:38 -2375024.250000        1.906337
FIRE:  102 08:13:38 -2375024.500000        0.984172
FIRE:  103 08:13:38 -2375024.750000        1.272713
FIRE:  104 08:13:38 -2375025.000000        2.022709
FIRE:  105 08:13:38 -2375025.000000        3.553466
FIRE:  106 08:13:38 -2375023.000000       23.473966
FIRE:  107 08:13:38 -2375024.750000        5.662600
FIRE:  108 08:13:38 -2375025.000000        2.357889
FIRE:  109 08:13:38 -2375025.000000        4.244490
FIRE:  110 08:13:38 -2375025.250000        3.117586
FIRE:  111 08:13:38 -2375025.250000        1.544855
FIRE:  112 08:13:38 -2375025.250000        1.041529
FIRE:  113 08:13:38 -2375025.250000        0.973449
FIRE:  114 08:13:39 -2375025.250000        0.842674
FIRE:  115 08:13:39 -2375025.250000        0.660207
FIRE:  116 08:13:39 -2375025.250000        0.443767
FIRE:  117 08:13:39 -2375025.250000        0.225272
FIRE:  118 08:13:39 -2375025.250000        0.212493
FIRE:  119 08:13:39 -2375025.250000        0.302427
FIRE:  120 08:13:39 -2375025.250000        0.406962
FIRE:  121 08:13:39 -2375025.250000        0.474248
FIRE:  122 08:13:39 -2375025.250000        0.439577
FIRE:  123 08:13:39 -2375025.250000        0.288792
FIRE:  124 08:13:39 -2375025.250000        0.173279
FIRE:  125 08:13:39 -2375025.250000        0.271696
FIRE:  126 08:13:39 -2375025.250000        0.449630
FIRE:  127 08:13:39 -2375025.250000        0.409663
FIRE:  128 08:13:39 -2375025.250000        0.166896
FIRE:  129 08:13:39 -2375025.250000        0.223281
FIRE:  130 08:13:40 -2375025.250000        0.304878
FIRE:  131 08:13:40 -2375025.500000        0.158147
FIRE:  132 08:13:40 -2375025.500000        0.391324
FIRE:  133 08:13:40 -2375025.500000        0.154444
FIRE:  134 08:13:40 -2375025.500000        0.332769
FIRE:  135 08:13:40 -2375025.500000        0.161819
FIRE:  136 08:13:40 -2375025.750000        0.264127
FIRE:  137 08:13:40 -2375025.750000        0.522445
FIRE:  138 08:13:40 -2375025.750000        1.026161
FIRE:  139 08:13:40 -2375026.000000        2.046116
FIRE:  140 08:13:40 -2375026.000000        4.774625
FIRE:  141 08:13:40 -2375026.000000        0.336123
FIRE:  142 08:13:40 -2375026.000000        4.141550
FIRE:  143 08:13:40 -2375026.000000        3.125265
FIRE:  144 08:13:40 -2375026.000000        1.377051
FIRE:  145 08:13:41 -2375026.000000        0.715513
FIRE:  146 08:13:41 -2375026.000000        0.674422
FIRE:  147 08:13:41 -2375026.000000        0.594725
FIRE:  148 08:13:41 -2375026.250000        0.481305
FIRE:  149 08:13:41 -2375026.250000        0.342069
FIRE:  150 08:13:41 -2375026.250000        0.187832
FIRE:  151 08:13:41 -2375026.250000        0.135029
FIRE:  152 08:13:41 -2375026.250000        0.135094
FIRE:  153 08:13:41 -2375026.250000        0.240800
FIRE:  154 08:13:41 -2375026.250000        0.327901
FIRE:  155 08:13:41 -2375026.250000        0.355169
FIRE:  156 08:13:41 -2375026.250000        0.306758
FIRE:  157 08:13:41 -2375026.250000        0.185546
FIRE:  158 08:13:41 -2375026.250000        0.135072
FIRE:  159 08:13:41 -2375026.250000        0.228627
FIRE:  160 08:13:42 -2375026.250000        0.303474
FIRE:  161 08:13:42 -2375026.250000        0.225994
FIRE:  162 08:13:42 -2375026.250000        0.133845
FIRE:  163 08:13:42 -2375026.250000        0.209906
FIRE:  164 08:13:42 -2375026.250000        0.177477
FIRE:  165 08:13:42 -2375026.250000        0.140855
FIRE:  166 08:13:42 -2375026.250000        0.263126
FIRE:  167 08:13:42 -2375026.250000        0.131409
FIRE:  168 08:13:42 -2375026.250000        0.202691
FIRE:  169 08:13:42 -2375026.500000        0.229874
FIRE:  170 08:13:42 -2375026.500000        0.128019
FIRE:  171 08:13:42 -2375026.500000        0.132041
FIRE:  172 08:13:42 -2375026.500000        0.373757
FIRE:  173 08:13:42 -2375026.750000        1.158177
FIRE:  174 08:13:42 -2375026.750000        3.638478
FIRE:  175 08:13:42 -2375026.750000        0.221750
FIRE:  176 08:13:43 -2375026.750000        0.187753
FIRE:  177 08:13:43 -2375026.750000        0.126576
FIRE:  178 08:13:43 -2375026.750000        0.118777
FIRE:  179 08:13:43 -2375026.750000        0.119019
FIRE:  180 08:13:43 -2375026.750000        0.153304
FIRE:  181 08:13:43 -2375026.750000        0.172177
FIRE:  182 08:13:43 -2375026.750000        0.150011
FIRE:  183 08:13:43 -2375026.750000        0.119262
FIRE:  184 08:13:43 -2375026.750000        0.119094
FIRE:  185 08:13:43 -2375026.750000        0.132724
FIRE:  186 08:13:43 -2375026.750000        0.130405
FIRE:  187 08:13:43 -2375026.750000        0.127964
FIRE:  188 08:13:43 -2375026.750000        0.125214
FIRE:  189 08:13:43 -2375026.750000        0.130545
FIRE:  190 08:13:43 -2375027.000000        0.117708
FIRE:  191 08:13:44 -2375027.000000        0.115412
FIRE:  192 08:13:44 -2375027.000000        0.114490
FIRE:  193 08:13:44 -2375027.000000        0.129876
FIRE:  194 08:13:44 -2375027.000000        0.112147
FIRE:  195 08:13:44 -2375027.000000        0.221165
FIRE:  196 08:13:44 -2375027.250000        0.322514
FIRE:  197 08:13:44 -2375027.250000        1.445008
FIRE:  198 08:13:44 -2375030.750000        6.407786
FIRE:  199 08:13:44 -2375030.750000        2.314517
FIRE:  200 08:13:44 -2375030.750000        1.617009
FIRE:  201 08:13:44 -2375030.750000        0.456138
FIRE:  202 08:13:44 -2375030.750000        0.988117
FIRE:  203 08:13:44 -2375030.750000        0.905614
FIRE:  204 08:13:44 -2375030.750000        0.748267
FIRE:  205 08:13:44 -2375030.750000        0.530200
FIRE:  206 08:13:44 -2375030.750000        0.273640
FIRE:  207 08:13:45 -2375030.750000        0.147690
FIRE:  208 08:13:45 -2375030.750000        0.247093
FIRE:  209 08:13:45 -2375030.750000        0.424625
FIRE:  210 08:13:45 -2375030.750000        0.532690
FIRE:  211 08:13:45 -2375030.750000        0.543228
FIRE:  212 08:13:45 -2375030.750000        0.437035
FIRE:  213 08:13:45 -2375031.000000        0.214021
FIRE:  214 08:13:45 -2375031.000000        0.135033
FIRE:  215 08:13:45 -2375027.500000        0.354234
FIRE:  216 08:13:45 -2375027.500000        0.436339
FIRE:  217 08:13:45 -2375027.500000        0.266748
FIRE:  218 08:13:45 -2375027.500000        0.186686
FIRE:  219 08:13:45 -2375027.500000        0.365941
FIRE:  220 08:13:45 -2375031.000000        0.243302
FIRE:  221 08:13:45 -2375027.500000        0.210743
FIRE:  222 08:13:46 -2375031.000000        0.324573
FIRE:  223 08:13:46 -2375031.000000        0.173536
FIRE:  224 08:13:46 -2375031.000000        0.241985
FIRE:  225 08:13:46 -2375031.000000        0.378986
FIRE:  226 08:13:46 -2375031.000000        0.202703
FIRE:  227 08:13:46 -2375031.000000        0.128980
FIRE:  228 08:13:46 -2375031.250000        0.386178
FIRE:  229 08:13:46 -2375031.250000        1.009035
FIRE:  230 08:13:46 -2375031.250000        3.221481
FIRE:  231 08:13:46 -2375031.250000        0.333915
FIRE:  232 08:13:46 -2375031.250000        0.257763
FIRE:  233 08:13:46 -2375031.250000        0.143970
FIRE:  234 08:13:46 -2375031.250000        0.116594
FIRE:  235 08:13:46 -2375031.250000        0.241235
FIRE:  236 08:13:46 -2375031.250000        0.287453
FIRE:  237 08:13:47 -2375031.250000        0.236137
FIRE:  238 08:13:47 -2375031.250000        0.110169
FIRE:  239 08:13:47 -2375031.250000        0.122266
FIRE:  240 08:13:47 -2375031.250000        0.161345
FIRE:  241 08:13:47 -2375031.250000        0.141255
FIRE:  242 08:13:47 -2375031.250000        0.108705
FIRE:  243 08:13:47 -2375031.250000        0.210105
FIRE:  244 08:13:47 -2375031.250000        0.136931
FIRE:  245 08:13:47 -2375031.250000        0.159808
FIRE:  246 08:13:47 -2375031.250000        0.172847
FIRE:  247 08:13:47 -2375031.250000        0.210973
FIRE:  248 08:13:47 -2375031.500000        0.147592
FIRE:  249 08:13:47 -2375031.500000        0.140947
FIRE:  250 08:13:47 -2375031.500000        0.238157
FIRE:  251 08:13:47 -2375031.500000        0.676275
FIRE:  252 08:13:48 -2375031.500000        2.088370
FIRE:  253 08:13:48 -2375031.500000        0.160166
FIRE:  254 08:13:48 -2375031.500000        1.912726
FIRE:  255 08:13:48 -2375031.500000        1.412766
FIRE:  256 08:13:48 -2375031.500000        0.553019
FIRE:  257 08:13:48 -2375031.500000        0.427116
FIRE:  258 08:13:48 -2375031.500000        0.400210
FIRE:  259 08:13:48 -2375031.500000        0.348148
FIRE:  260 08:13:48 -2375031.500000        0.274697
FIRE:  261 08:13:48 -2375031.500000        0.185440
FIRE:  262 08:13:48 -2375031.500000        0.157878
FIRE:  263 08:13:48 -2375031.500000        0.157688
FIRE:  264 08:13:48 -2375031.500000        0.157482
FIRE:  265 08:13:48 -2375031.500000        0.173771
FIRE:  266 08:13:48 -2375031.500000        0.218134
FIRE:  267 08:13:48 -2375031.500000        0.222656
FIRE:  268 08:13:49 -2375031.500000        0.178998
FIRE:  269 08:13:49 -2375031.500000        0.155798
FIRE:  270 08:13:49 -2375031.500000        0.155283
FIRE:  271 08:13:49 -2375031.500000        0.154677
FIRE:  272 08:13:49 -2375031.500000        0.181118
FIRE:  273 08:13:49 -2375031.500000        0.153140
FIRE:  274 08:13:49 -2375031.500000        0.152253
FIRE:  275 08:13:49 -2375029.750000        0.152492
FIRE:  276 08:13:49 -2375030.000000        0.150783
FIRE:  277 08:13:49 -2375030.000000        0.150772
FIRE:  278 08:13:49 -2375029.750000        0.151821
FIRE:  279 08:13:49 -2375030.000000        0.154704
FIRE:  280 08:13:49 -2375030.250000        0.157806
FIRE:  281 08:13:49 -2375030.250000        0.177541
FIRE:  282 08:13:49 -2375030.250000        0.168590
FIRE:  283 08:13:50 -2375030.250000        0.199175
FIRE:  284 08:13:50 -2375030.250000        0.181118
FIRE:  285 08:13:50 -2375030.250000        0.440137
FIRE:  286 08:13:50 -2375030.000000        1.634824
FIRE:  287 08:13:50 -2375030.250000        5.772482
FIRE:  288 08:13:50 -2375030.500000        1.516523
FIRE:  289 08:13:50 -2375030.500000        1.078616
FIRE:  290 08:13:50 -2375030.500000        0.362042
FIRE:  291 08:13:50 -2375030.500000        0.566434
FIRE:  292 08:13:50 -2375030.500000        0.522339
FIRE:  293 08:13:50 -2375030.500000        0.437807
FIRE:  294 08:13:50 -2375030.500000        0.320586
FIRE:  295 08:13:50 -2375030.500000        0.183511
FIRE:  296 08:13:50 -2375030.500000        0.149079
FIRE:  297 08:13:50 -2375030.250000        0.149409
FIRE:  298 08:13:50 -2375030.500000        0.222575
FIRE:  299 08:13:51 -2375030.250000        0.289926
FIRE:  300 08:13:51 -2375030.500000        0.304058
FIRE:  301 08:13:51 -2375030.500000        0.251178
FIRE:  302 08:13:51 -2375030.750000        0.152480
FIRE:  303 08:13:51 -2375030.500000        0.153486
FIRE:  304 08:13:51 -2375030.250000        0.193057
FIRE:  305 08:13:51 -2375030.250000        0.249550
FIRE:  306 08:13:51 -2375030.750000        0.163192
FIRE:  307 08:13:51 -2375030.500000        0.158795
FIRE:  308 08:13:51 -2375030.250000        0.206747
FIRE:  309 08:13:51 -2375030.250000        0.161800
FIRE:  310 08:13:51 -2375030.500000        0.163121
FIRE:  311 08:13:51 -2375030.750000        0.187442
FIRE:  312 08:13:51 -2375030.500000        0.165172
FIRE:  313 08:13:51 -2375030.250000        0.165768
FIRE:  314 08:13:52 -2375030.250000        0.230879
FIRE:  315 08:13:52 -2375030.500000        0.161140
FIRE:  316 08:13:52 -2375031.000000        0.152869
FIRE:  317 08:13:52 -2375031.750000        0.168340
FIRE:  318 08:13:52 -2375031.000000        0.542650
FIRE:  319 08:13:52 -2375030.500000        1.707899
FIRE:  320 08:13:52 -2375031.500000        0.169990
FIRE:  321 08:13:52 -2375031.500000        0.126336
FIRE:  322 08:13:52 -2375031.000000        0.111744
FIRE:  323 08:13:52 -2375031.250000        0.110336
FIRE:  324 08:13:52 -2375031.250000        0.113301
FIRE:  325 08:13:52 -2375031.000000        0.130609
FIRE:  326 08:13:52 -2375031.250000        0.119448
FIRE:  327 08:13:52 -2375031.750000        0.120911
FIRE:  328 08:13:52 -2375031.000000        0.120828
FIRE:  329 08:13:53 -2375031.750000        0.119201
FIRE:  330 08:13:53 -2375031.500000        0.116921
FIRE:  331 08:13:53 -2375030.750000        0.115420
FIRE:  332 08:13:53 -2375031.750000        0.115750
FIRE:  333 08:13:53 -2375031.750000        0.117864
FIRE:  334 08:13:53 -2375030.500000        0.120822
FIRE:  335 08:13:53 -2375031.500000        0.441648
FIRE:  336 08:13:53 -2375031.500000        0.599239
FIRE:  337 08:13:53 -2375030.750000        0.251980
FIRE:  338 08:13:53 -2375031.000000        0.185205
FIRE:  339 08:13:53 -2375030.750000        0.172401
FIRE:  340 08:13:53 -2375030.750000        0.234693
FIRE:  341 08:13:53 -2375030.750000        0.759227
FIRE:  342 08:13:53 -2375030.750000        2.890535
FIRE:  343 08:13:53 -2375030.750000        0.504657
FIRE:  344 08:13:53 -2375030.750000        0.355940
FIRE:  345 08:13:54 -2375030.750000        0.152795
FIRE:  346 08:13:54 -2375030.750000        0.176149
FIRE:  347 08:13:54 -2375030.750000        0.360891
FIRE:  348 08:13:54 -2375030.750000        0.395511
FIRE:  349 08:13:54 -2375030.750000        0.282101
FIRE:  350 08:13:54 -2375030.750000        0.160614
FIRE:  351 08:13:54 -2375030.750000        0.214835
FIRE:  352 08:13:54 -2375030.750000        0.281033
FIRE:  353 08:13:54 -2375031.000000        0.201980
FIRE:  354 08:13:54 -2375031.000000        0.217645
FIRE:  355 08:13:54 -2375030.750000        0.270529
FIRE:  356 08:13:54 -2375030.750000        0.197789
FIRE:  357 08:13:54 -2375030.750000        0.267156
FIRE:  358 08:13:54 -2375031.250000        0.176153
FIRE:  359 08:13:54 -2375031.000000        0.241677
FIRE:  360 08:13:55 -2375031.250000        0.303257
FIRE:  361 08:13:55 -2375031.250000        0.264729
FIRE:  362 08:13:55 -2375031.250000        0.334721
FIRE:  363 08:13:55 -2375032.500000        0.873393
FIRE:  364 08:13:55 -2375032.000000        2.552777
FIRE:  365 08:13:55 -2375031.750000        0.281050
FIRE:  366 08:13:55 -2375031.750000        0.279434
FIRE:  367 08:13:55 -2375032.500000        0.276481
FIRE:  368 08:13:55 -2375032.500000        0.272761
FIRE:  369 08:13:55 -2375031.250000        0.268757
FIRE:  370 08:13:55 -2375032.000000        0.264938
FIRE:  371 08:13:55 -2375032.250000        0.261569
FIRE:  372 08:13:55 -2375032.500000        0.258794
FIRE:  373 08:13:55 -2375032.250000        0.256475
FIRE:  374 08:13:55 -2375031.750000        0.254531
FIRE:  375 08:13:55 -2375032.500000        0.252349
FIRE:  376 08:13:56 -2375032.500000        0.249150
FIRE:  377 08:13:56 -2375032.500000        0.245002
FIRE:  378 08:13:56 -2375032.250000        0.240784
FIRE:  379 08:13:56 -2375031.500000        0.237437
FIRE:  380 08:13:56 -2375031.750000        0.236533
FIRE:  381 08:13:56 -2375032.750000        0.235510
FIRE:  382 08:13:56 -2375032.750000        0.238230
FIRE:  383 08:13:56 -2375032.000000        0.255270
FIRE:  384 08:13:56 -2375032.750000        0.278088
FIRE:  385 08:13:56 -2375032.500000        0.301350
FIRE:  386 08:13:56 -2375032.750000        0.817057
FIRE:  387 08:13:56 -2375033.000000        3.157723
FIRE:  388 08:13:56 -2375032.750000        0.435625
FIRE:  389 08:13:56 -2375033.250000        0.327924
FIRE:  390 08:13:56 -2375032.500000        0.317965
FIRE:  391 08:13:57 -2375032.500000        0.316795
FIRE:  392 08:13:57 -2375032.250000        0.332602
FIRE:  393 08:13:57 -2375032.500000        0.377478
FIRE:  394 08:13:57 -2375033.000000        0.319224
FIRE:  395 08:13:57 -2375032.750000        0.322619
FIRE:  396 08:13:57 -2375032.750000        0.325576
FIRE:  397 08:13:57 -2375033.000000        0.327923
FIRE:  398 08:13:57 -2375031.750000        0.329782
FIRE:  399 08:13:57 -2375031.750000        0.330670
FIRE:  400 08:13:57 -2375033.500000        0.332265
FIRE:  401 08:13:57 -2375033.000000        0.334609
FIRE:  402 08:13:57 -2375032.750000        0.336295
FIRE:  403 08:13:57 -2375032.000000        0.335108
FIRE:  404 08:13:57 -2375032.000000        0.333026
FIRE:  405 08:13:57 -2375032.000000        0.341616
FIRE:  406 08:13:57 -2375032.000000        0.345083
FIRE:  407 08:13:58 -2375032.250000        0.575161
FIRE:  408 08:13:58 -2375032.250000        1.501835
FIRE:  409 08:13:58 -2375032.250000        4.063262
FIRE:  410 08:13:58 -2375032.500000        0.303468
FIRE:  411 08:13:58 -2375032.750000        0.300476
FIRE:  412 08:13:58 -2375032.500000        0.294716
FIRE:  413 08:13:58 -2375032.500000        0.286573
FIRE:  414 08:13:58 -2375032.500000        0.276605
FIRE:  415 08:13:58 -2375032.500000        0.265463
FIRE:  416 08:13:58 -2375032.500000        0.267964
FIRE:  417 08:13:58 -2375032.750000        0.241941
FIRE:  418 08:13:58 -2375032.500000        0.229284
FIRE:  419 08:13:58 -2375032.750000        0.216326
FIRE:  420 08:13:58 -2375032.500000        0.203800
FIRE:  421 08:13:58 -2375032.500000        0.197390
FIRE:  422 08:13:59 -2375032.500000        0.186575
FIRE:  423 08:13:59 -2375032.500000        0.217083
FIRE:  424 08:13:59 -2375032.500000        0.170669
FIRE:  425 08:13:59 -2375032.500000        0.193550
FIRE:  426 08:13:59 -2375032.500000        0.163212
FIRE:  427 08:13:59 -2375032.500000        0.198286
FIRE:  428 08:13:59 -2375032.750000        0.176621
FIRE:  429 08:13:59 -2375032.250000        0.184057
FIRE:  430 08:13:59 -2375032.750000        0.309721
FIRE:  431 08:13:59 -2375032.500000        0.672331
FIRE:  432 08:13:59 -2375032.750000        1.689191
FIRE:  433 08:13:59 -2375032.750000        0.266804
FIRE:  434 08:13:59 -2375032.750000        1.347526
FIRE:  435 08:13:59 -2375032.750000        1.042454
FIRE:  436 08:13:59 -2375032.750000        0.496972
FIRE:  437 08:13:59 -2375033.000000        0.215602
FIRE:  438 08:14:00 -2375032.750000        0.201684
FIRE:  439 08:14:00 -2375032.750000        0.174873
FIRE:  440 08:14:00 -2375032.750000        0.137473
FIRE:  441 08:14:00 -2375032.750000        0.094804
FIRE:  442 08:14:00 -2375033.000000        0.091924
FIRE:  443 08:14:00 -2375032.750000        0.088547
FIRE:  444 08:14:00 -2375033.500000        0.084751
FIRE:  445 08:14:00 -2375032.750000        0.085220
FIRE:  446 08:14:00 -2375034.000000        0.101604
FIRE:  447 08:14:00 -2375033.500000        0.097664
FIRE:  448 08:14:00 -2375033.500000        0.070766
FIRE:  449 08:14:00 -2375033.000000        0.062761
FIRE:  450 08:14:00 -2375033.500000        0.062354
FIRE:  451 08:14:00 -2375033.500000        0.091258
FIRE:  452 08:14:00 -2375033.500000        0.088956
FIRE:  453 08:14:01 -2375032.750000        0.060596
FIRE:  454 08:14:01 -2375032.750000        0.059790
FIRE:  455 08:14:01 -2375032.750000        0.063619
FIRE:  456 08:14:01 -2375032.750000        0.057687
FIRE:  457 08:14:01 -2375032.750000        0.077180
FIRE:  458 08:14:01 -2375032.750000        0.054736
FIRE:  459 08:14:01 -2375032.750000        0.072269
FIRE:  460 08:14:01 -2375033.000000        0.060668
FIRE:  461 08:14:01 -2375032.750000        0.088880
FIRE:  462 08:14:01 -2375032.750000        0.197492
FIRE:  463 08:14:01 -2375032.750000        0.177483
FIRE:  464 08:14:01 -2375032.750000        0.344213
FIRE:  465 08:14:01 -2375032.750000        0.977781
FIRE:  466 08:14:01 -2375033.000000        2.956912
FIRE:  467 08:14:01 -2375032.750000        0.525857
FIRE:  468 08:14:02 -2375032.500000        0.380272
FIRE:  469 08:14:02 -2375032.500000        0.129944
FIRE:  470 08:14:02 -2375032.500000        0.153081
FIRE:  471 08:14:02 -2375032.750000        0.341480
FIRE:  472 08:14:02 -2375032.500000        0.316555
FIRE:  473 08:14:02 -2375032.500000        0.268902
FIRE:  474 08:14:02 -2375032.500000        0.202039
FIRE:  475 08:14:02 -2375032.500000        0.122366
FIRE:  476 08:14:02 -2375032.500000        0.063903
FIRE:  477 08:14:02 -2375032.750000        0.062229
FIRE:  478 08:14:02 -2375032.750000        0.116077
FIRE:  479 08:14:02 -2375032.750000        0.165258
FIRE:  480 08:14:02 -2375032.750000        0.186912
FIRE:  481 08:14:02 -2375032.750000        0.172215
FIRE:  482 08:14:02 -2375032.500000        0.117296
FIRE:  483 08:14:02 -2375032.500000        0.048224
