      Step     Time          Energy          fmax
FIRE:    0 10:02:18 -1953075.125000        7.810557
FIRE:    1 10:02:19 -1953085.375000        6.666628
FIRE:    2 10:02:21 -1953082.500000        4.599979
FIRE:    3 10:02:21 -1953084.500000        3.693192
FIRE:    4 10:02:21 -1953085.250000        6.062942
FIRE:    5 10:02:21 -1953087.000000        4.190862
FIRE:    6 10:02:21 -1953085.875000        2.951322
FIRE:    7 10:02:21 -1953086.125000        2.905109
FIRE:    8 10:02:21 -1953086.250000        4.374917
FIRE:    9 10:02:21 -1953086.500000        4.874389
FIRE:   10 10:02:21 -1953086.750000        3.786096
FIRE:   11 10:02:21 -1953087.250000        2.962011
FIRE:   12 10:02:22 -1953087.625000        3.151030
FIRE:   13 10:02:22 -1953088.125000        3.452871
FIRE:   14 10:02:22 -1953088.750000        3.109047
FIRE:   15 10:02:22 -1953089.250000        1.672197
FIRE:   16 10:02:22 -1953088.875000        5.695124
FIRE:   17 10:02:22 -1953089.000000        5.038814
FIRE:   18 10:02:22 -1953089.125000        3.919881
FIRE:   19 10:02:22 -1953089.250000        2.573310
FIRE:   20 10:02:22 -1953089.375000        1.194244
FIRE:   21 10:02:22 -1953089.500000        1.532713
FIRE:   22 10:02:22 -1953089.500000        1.655000
FIRE:   23 10:02:22 -1953089.500000        1.597804
FIRE:   24 10:02:22 -1953089.500000        1.486092
FIRE:   25 10:02:22 -1953089.500000        1.325223
FIRE:   26 10:02:23 -1953089.500000        1.123258
FIRE:   27 10:02:23 -1953089.500000        0.908110
FIRE:   28 10:02:23 -1953089.500000        0.840963
FIRE:   29 10:02:23 -1953089.500000        0.764895
FIRE:   30 10:02:23 -1953089.500000        0.673080
FIRE:   31 10:02:23 -1953089.500000        0.567971
FIRE:   32 10:02:23 -1953089.500000        0.561929
FIRE:   33 10:02:23 -1953089.500000        0.565532
FIRE:   34 10:02:23 -1953089.625000        0.565563
FIRE:   35 10:02:23 -1953089.625000        0.577299
FIRE:   36 10:02:23 -1953089.625000        0.707839
FIRE:   37 10:02:23 -1953089.625000        0.760767
FIRE:   38 10:02:23 -1953089.625000        0.702340
FIRE:   39 10:02:23 -1953089.750000        0.570988
FIRE:   40 10:02:24 -1953089.750000        0.619660
FIRE:   41 10:02:24 -1953089.750000        0.689309
FIRE:   42 10:02:24 -1953089.875000        0.752901
FIRE:   43 10:02:24 -1953089.875000        0.791271
FIRE:   44 10:02:24 -1953090.000000        0.812864
FIRE:   45 10:02:24 -1953090.125000        0.852014
FIRE:   46 10:02:24 -1953090.250000        0.962652
FIRE:   47 10:02:24 -1953090.500000        1.154422
FIRE:   48 10:02:24 -1953090.750000        1.324634
FIRE:   49 10:02:24 -1953091.125000        1.322944
FIRE:   50 10:02:24 -1953091.375000        1.107721
FIRE:   51 10:02:24 -1953091.625000        0.524728
FIRE:   52 10:02:24 -1953091.625000        1.948449
FIRE:   53 10:02:25 -1953091.750000        1.372979
FIRE:   54 10:02:25 -1953093.250000        0.594823
FIRE:   55 10:02:25 -1953091.750000        0.674281
FIRE:   56 10:02:25 -1953091.875000        0.680077
FIRE:   57 10:02:25 -1953091.875000        0.837917
FIRE:   58 10:02:25 -1953091.875000        0.844462
FIRE:   59 10:02:25 -1953091.875000        0.756411
FIRE:   60 10:02:25 -1953091.875000        0.625003
FIRE:   61 10:02:25 -1953091.875000        0.475489
FIRE:   62 10:02:25 -1953092.000000        0.450367
FIRE:   63 10:02:25 -1953092.000000        0.567567
FIRE:   64 10:02:25 -1953092.000000        0.740952
FIRE:   65 10:02:25 -1953093.625000        0.574180
FIRE:   66 10:02:27 -1953093.625000        0.702036
FIRE:   67 10:02:27 -1953093.750000        0.453420
FIRE:   68 10:02:27 -1953093.750000        2.080014
FIRE:   69 10:02:27 -1953093.750000        0.852514
FIRE:   70 10:02:27 -1953093.750000        0.575464
FIRE:   71 10:02:27 -1953093.750000        0.385508
FIRE:   72 10:02:27 -1953093.750000        0.372166
FIRE:   73 10:02:27 -1953093.750000        0.574263
FIRE:   74 10:02:27 -1953093.875000        0.519682
FIRE:   75 10:02:27 -1953093.875000        0.240882
FIRE:   76 10:02:27 -1953093.875000        0.303560
FIRE:   77 10:02:27 -1953093.875000        0.506247
FIRE:   78 10:02:28 -1953093.875000        0.456026
FIRE:   79 10:02:28 -1953093.875000        0.374875
FIRE:   80 10:02:28 -1953093.875000        0.389724
FIRE:   81 10:02:28 -1953093.875000        0.314931
FIRE:   82 10:02:28 -1953093.875000        0.413245
FIRE:   83 10:02:28 -1953093.875000        0.342157
FIRE:   84 10:02:28 -1953094.000000        0.346974
FIRE:   85 10:02:28 -1953094.000000        0.304315
FIRE:   86 10:02:28 -1953094.000000        0.420249
FIRE:   87 10:02:28 -1953094.125000        0.717408
FIRE:   88 10:02:28 -1953094.125000        1.482938
FIRE:   89 10:02:28 -1953094.250000        3.349217
FIRE:   90 10:02:28 -1953094.250000        0.394839
FIRE:   91 10:02:28 -1953094.250000        0.317587
FIRE:   92 10:02:29 -1953094.375000        0.304677
FIRE:   93 10:02:29 -1953092.875000        0.303178
FIRE:   94 10:02:29 -1953094.375000        0.311898
FIRE:   95 10:02:29 -1953092.875000        0.317751
FIRE:   96 10:02:29 -1953092.875000        0.317073
FIRE:   97 10:02:29 -1953092.875000        0.310109
FIRE:   98 10:02:29 -1953092.875000        0.299098
FIRE:   99 10:02:29 -1953092.875000        0.288679
FIRE:  100 10:02:29 -1953092.875000        0.281607
FIRE:  101 10:02:29 -1953092.875000        0.280850
FIRE:  102 10:02:29 -1953092.875000        0.284751
FIRE:  103 10:02:29 -1953092.875000        0.276494
FIRE:  104 10:02:29 -1953093.000000        0.255123
FIRE:  105 10:02:29 -1953093.000000        0.228967
FIRE:  106 10:02:30 -1953093.000000        0.209741
FIRE:  107 10:02:30 -1953093.125000        0.189069
FIRE:  108 10:02:30 -1953094.625000        0.200249
FIRE:  109 10:02:30 -1953093.125000        0.394365
FIRE:  110 10:02:30 -1953096.500000        0.679829
FIRE:  111 10:02:30 -1953096.625000        1.804547
FIRE:  112 10:02:30 -1953096.500000        0.216606
FIRE:  113 10:02:30 -1953096.500000        1.296825
FIRE:  114 10:02:30 -1953096.500000        1.024069
FIRE:  115 10:02:30 -1953096.500000        0.520754
FIRE:  116 10:02:30 -1953096.500000        0.182733
FIRE:  117 10:02:30 -1953097.250000        0.180330
FIRE:  118 10:02:30 -1953096.500000        0.175779
FIRE:  119 10:02:30 -1953096.500000        0.169560
FIRE:  120 10:02:30 -1953097.000000        0.162322
FIRE:  121 10:02:31 -1953097.125000        0.154835
FIRE:  122 10:02:31 -1953097.000000        0.147874
FIRE:  123 10:02:31 -1953097.000000        0.142010
FIRE:  124 10:02:31 -1953097.000000        0.137119
FIRE:  125 10:02:31 -1953097.375000        0.133515
FIRE:  126 10:02:31 -1953096.625000        0.131247
FIRE:  127 10:02:31 -1953096.500000        0.130421
FIRE:  128 10:02:31 -1953097.250000        0.131432
FIRE:  129 10:02:31 -1953097.000000        0.134573
FIRE:  130 10:02:31 -1953096.500000        0.138335
FIRE:  131 10:02:31 -1953096.625000        0.138447
FIRE:  132 10:02:31 -1953096.500000        0.130856
FIRE:  133 10:02:31 -1953096.625000        0.116790
FIRE:  134 10:02:31 -1953096.625000        0.116106
FIRE:  135 10:02:32 -1953097.375000        0.118452
FIRE:  136 10:02:32 -1953096.625000        0.122299
FIRE:  137 10:02:32 -1953097.375000        0.125389
FIRE:  138 10:02:32 -1953096.625000        0.127833
FIRE:  139 10:02:32 -1953097.250000        0.133646
FIRE:  140 10:02:32 -1953096.625000        0.140848
FIRE:  141 10:02:32 -1953097.250000        0.140806
FIRE:  142 10:02:32 -1953100.250000        0.137126
FIRE:  143 10:02:34 -1953097.500000        0.137669
FIRE:  144 10:02:34 -1953093.500000        0.293874
FIRE:  145 10:02:34 -1953098.125000        0.940199
FIRE:  146 10:02:34 -1953098.375000        2.888867
FIRE:  147 10:02:34 -1953098.500000        0.573757
FIRE:  148 10:02:34 -1953098.500000        0.398962
FIRE:  149 10:02:34 -1953097.875000        0.176390
FIRE:  150 10:02:34 -1953098.500000        0.241054
FIRE:  151 10:02:34 -1953098.500000        0.226644
FIRE:  152 10:02:34 -1953097.625000        0.199150
FIRE:  153 10:02:34 -1953098.500000        0.161296
FIRE:  154 10:02:34 -1953098.500000        0.130657
FIRE:  155 10:02:34 -1953097.625000        0.129605
FIRE:  156 10:02:34 -1953095.375000        0.131355
FIRE:  157 10:02:34 -1953095.375000        0.134803
FIRE:  158 10:02:35 -1953098.500000        0.138508
FIRE:  159 10:02:35 -1953095.250000        0.140474
FIRE:  160 10:02:35 -1953097.750000        0.139397
FIRE:  161 10:02:35 -1953098.500000        0.136015
FIRE:  162 10:02:35 -1953097.750000        0.133488
FIRE:  163 10:02:35 -1953095.250000        0.134493
FIRE:  164 10:02:35 -1953097.625000        0.136863
FIRE:  165 10:02:35 -1953097.625000        0.137133
FIRE:  166 10:02:35 -1953098.250000        0.138268
FIRE:  167 10:02:35 -1953093.625000        0.142824
FIRE:  168 10:02:35 -1953093.625000        0.143479
FIRE:  169 10:02:35 -1953093.625000        0.145233
FIRE:  170 10:02:35 -1953093.625000        0.149055
FIRE:  171 10:02:35 -1953095.375000        0.147560
FIRE:  172 10:02:35 -1953093.625000        0.150868
FIRE:  173 10:02:36 -1953093.750000        0.149244
FIRE:  174 10:02:36 -1953095.500000        0.145530
FIRE:  175 10:02:36 -1953097.750000        0.180449
FIRE:  176 10:02:36 -1953098.625000        0.170507
FIRE:  177 10:02:36 -1953098.750000        0.416008
FIRE:  178 10:02:36 -1953098.750000        1.218739
FIRE:  179 10:02:36 -1953097.875000        3.766035
FIRE:  180 10:02:36 -1953098.125000        0.707635
FIRE:  181 10:02:36 -1953098.000000        0.498370
FIRE:  182 10:02:36 -1953095.625000        0.217121
FIRE:  183 10:02:36 -1953095.500000        0.288784
FIRE:  184 10:02:36 -1953095.625000        0.271551
FIRE:  185 10:02:36 -1953098.750000        0.238637
FIRE:  186 10:02:36 -1953095.500000        0.195405
FIRE:  187 10:02:37 -1953101.000000        0.186565
FIRE:  188 10:02:37 -1953098.750000        0.180159
FIRE:  189 10:02:37 -1953093.875000        0.177016
FIRE:  190 10:02:37 -1953095.625000        0.176423
FIRE:  191 10:02:37 -1953098.750000        0.176726
FIRE:  192 10:02:37 -1953095.500000        0.176132
FIRE:  193 10:02:37 -1953097.875000        0.173865
FIRE:  194 10:02:37 -1953098.750000        0.171812
FIRE:  195 10:02:37 -1953095.625000        0.173994
FIRE:  196 10:02:37 -1953095.750000        0.180636
FIRE:  197 10:02:37 -1953098.875000        0.183072
FIRE:  198 10:02:37 -1953098.875000        0.172314
FIRE:  199 10:02:37 -1953098.875000        0.153993
FIRE:  200 10:02:37 -1953095.625000        0.144076
FIRE:  201 10:02:38 -1953098.000000        0.140433
FIRE:  202 10:02:38 -1953098.000000        0.145040
FIRE:  203 10:02:38 -1953095.750000        0.145540
FIRE:  204 10:02:38 -1953098.875000        0.138301
FIRE:  205 10:02:38 -1953098.875000        0.131472
FIRE:  206 10:02:38 -1953095.625000        0.133964
FIRE:  207 10:02:38 -1953095.750000        0.150782
FIRE:  208 10:02:38 -1953098.125000        0.154916
FIRE:  209 10:02:38 -1953099.000000        0.169776
FIRE:  210 10:02:38 -1953095.875000        0.284475
FIRE:  211 10:02:38 -1953095.875000        1.114611
FIRE:  212 10:02:38 -1953094.000000        3.246397
FIRE:  213 10:02:38 -1953094.250000        0.702525
FIRE:  214 10:02:38 -1953094.250000        0.500690
FIRE:  215 10:02:39 -1953094.250000        0.178250
FIRE:  216 10:02:39 -1953094.250000        0.228029
FIRE:  217 10:02:39 -1953094.250000        0.217193
FIRE:  218 10:02:39 -1953094.250000        0.196497
FIRE:  219 10:02:39 -1953094.250000        0.167822
FIRE:  220 10:02:39 -1953094.250000        0.134166
FIRE:  221 10:02:39 -1953094.250000        0.130175
FIRE:  222 10:02:39 -1953094.250000        0.136544
FIRE:  223 10:02:39 -1953094.250000        0.163439
FIRE:  224 10:02:39 -1953094.250000        0.193874
FIRE:  225 10:02:39 -1953094.250000        0.200333
FIRE:  226 10:02:39 -1953094.250000        0.176125
FIRE:  227 10:02:39 -1953094.250000        0.140844
FIRE:  228 10:02:39 -1953094.250000        0.132396
FIRE:  229 10:02:40 -1953094.250000        0.130616
FIRE:  230 10:02:40 -1953094.250000        0.132467
FIRE:  231 10:02:40 -1953094.250000        0.130695
FIRE:  232 10:02:40 -1953094.250000        0.131167
FIRE:  233 10:02:40 -1953094.250000        0.156767
FIRE:  234 10:02:40 -1953094.250000        0.142843
FIRE:  235 10:02:40 -1953094.250000        0.134016
FIRE:  236 10:02:40 -1953094.250000        0.133937
FIRE:  237 10:02:40 -1953094.250000        0.134355
FIRE:  238 10:02:40 -1953094.250000        0.143947
FIRE:  239 10:02:40 -1953094.250000        0.137279
FIRE:  240 10:02:40 -1953094.375000        0.181896
FIRE:  241 10:02:40 -1953094.375000        0.160506
FIRE:  242 10:02:40 -1953094.375000        0.334601
FIRE:  243 10:02:41 -1953099.750000        0.724091
FIRE:  244 10:02:41 -1953096.125000        2.529706
FIRE:  245 10:02:41 -1953099.250000        0.305445
FIRE:  246 10:02:41 -1953096.125000        0.248093
FIRE:  247 10:02:41 -1953094.500000        0.148817
FIRE:  248 10:02:41 -1953099.125000        0.146483
FIRE:  249 10:02:41 -1953096.250000        0.260230
FIRE:  250 10:02:41 -1953096.125000        0.294515
FIRE:  251 10:02:41 -1953096.250000        0.240603
FIRE:  252 10:02:41 -1953094.500000        0.147786
FIRE:  253 10:02:41 -1953098.500000        0.147472
FIRE:  254 10:02:41 -1953096.250000        0.186359
FIRE:  255 10:02:41 -1953098.375000        0.161213
FIRE:  256 10:02:41 -1953099.375000        0.149917
FIRE:  257 10:02:41 -1953098.625000        0.228877
FIRE:  258 10:02:42 -1953096.250000        0.153977
FIRE:  259 10:02:42 -1953096.250000        0.170711
FIRE:  260 10:02:42 -1953098.500000        0.154743
FIRE:  261 10:02:42 -1953098.500000        0.238270
FIRE:  262 10:02:42 -1953098.625000        0.155986
FIRE:  263 10:02:42 -1953096.125000        0.151674
FIRE:  264 10:02:42 -1953098.625000        0.164586
FIRE:  265 10:02:42 -1953099.750000        0.243800
FIRE:  266 10:02:42 -1953096.375000        0.883407
FIRE:  267 10:02:42 -1953099.375000        2.568442
FIRE:  268 10:02:42 -1953098.875000        0.319143
FIRE:  269 10:02:42 -1953098.750000        0.247921
FIRE:  270 10:02:42 -1953098.750000        0.141618
FIRE:  271 10:02:42 -1953096.375000        0.140498
FIRE:  272 10:02:43 -1953098.750000        0.168912
FIRE:  273 10:02:43 -1953094.750000        0.165822
FIRE:  274 10:02:43 -1953096.500000        0.141747
FIRE:  275 10:02:43 -1953096.500000        0.138521
FIRE:  276 10:02:43 -1953098.750000        0.179275
FIRE:  277 10:02:43 -1953096.500000        0.211763
FIRE:  278 10:02:43 -1953096.500000        0.136341
FIRE:  279 10:02:43 -1953098.500000        0.141145
FIRE:  280 10:02:43 -1953099.750000        0.149756
FIRE:  281 10:02:43 -1953099.875000        0.131676
FIRE:  282 10:02:43 -1953099.000000        0.196122
FIRE:  283 10:02:43 -1953096.625000        0.188263
FIRE:  284 10:02:43 -1953099.250000        0.255218
FIRE:  285 10:02:43 -1953098.875000        0.386646
FIRE:  286 10:02:44 -1953099.875000        0.671921
FIRE:  287 10:02:44 -1953096.875000        1.288285
FIRE:  288 10:02:44 -1953100.250000        1.861409
FIRE:  289 10:02:44 -1953100.000000        4.429607
FIRE:  290 10:02:44 -1953097.625000        1.801920
FIRE:  291 10:02:44 -1953097.625000        2.079130
FIRE:  292 10:02:44 -1953100.000000        1.939412
FIRE:  293 10:02:44 -1953097.750000        1.633991
FIRE:  294 10:02:44 -1953100.125000        1.190380
FIRE:  295 10:02:44 -1953100.625000        1.230596
FIRE:  296 10:02:44 -1953099.875000        1.368629
FIRE:  297 10:02:44 -1953096.125000        1.886784
FIRE:  298 10:02:44 -1953096.125000        1.879692
FIRE:  299 10:02:44 -1953096.125000        1.265848
FIRE:  300 10:02:45 -1953096.250000        0.685346
FIRE:  301 10:02:45 -1953096.250000        1.038078
FIRE:  302 10:02:45 -1953096.250000        1.218833
FIRE:  303 10:02:45 -1953100.500000        0.683410
FIRE:  304 10:02:45 -1953096.375000        0.874799
FIRE:  305 10:02:45 -1953098.125000        1.207244
FIRE:  306 10:02:45 -1953098.000000        0.394418
FIRE:  307 10:02:45 -1953100.500000        0.949561
FIRE:  308 10:02:45 -1953096.500000        0.696022
FIRE:  309 10:02:45 -1953100.625000        0.356251
FIRE:  310 10:02:45 -1953098.250000        0.352062
FIRE:  311 10:02:45 -1953104.625000        0.723507
FIRE:  312 10:02:45 -1953101.375000        0.778647
FIRE:  313 10:02:45 -1953101.250000        0.511477
FIRE:  314 10:02:46 -1953098.250000        0.252549
FIRE:  315 10:02:46 -1953098.125000        0.411966
FIRE:  316 10:02:46 -1953100.500000        0.565728
FIRE:  317 10:02:46 -1953100.500000        0.362332
FIRE:  318 10:02:46 -1953103.750000        0.339048
FIRE:  319 10:02:46 -1953098.125000        0.605852
FIRE:  320 10:02:46 -1953096.500000        0.190897
FIRE:  321 10:02:46 -1953098.250000        0.532834
FIRE:  322 10:02:46 -1953100.625000        0.222501
FIRE:  323 10:02:46 -1953101.500000        0.684058
FIRE:  324 10:02:46 -1953101.750000        0.360492
FIRE:  325 10:02:46 -1953098.250000        0.210683
FIRE:  326 10:02:46 -1953098.500000        0.572450
FIRE:  327 10:02:46 -1953098.500000        1.221336
FIRE:  328 10:02:47 -1953100.750000        0.244482
FIRE:  329 10:02:47 -1953098.500000        1.194450
FIRE:  330 10:02:47 -1953098.375000        0.901223
FIRE:  331 10:02:47 -1953100.875000        0.413007
FIRE:  332 10:02:47 -1953101.375000        0.199502
FIRE:  333 10:02:47 -1953098.500000        0.190969
FIRE:  334 10:02:47 -1953098.375000        0.174384
FIRE:  335 10:02:47 -1953104.875000        0.164250
FIRE:  336 10:02:47 -1953101.500000        0.163750
FIRE:  337 10:02:47 -1953100.875000        0.163131
FIRE:  338 10:02:47 -1953101.500000        0.162397
FIRE:  339 10:02:47 -1953101.625000        0.161550
FIRE:  340 10:02:47 -1953098.500000        0.160499
FIRE:  341 10:02:47 -1953098.500000        0.159204
FIRE:  342 10:02:47 -1953104.000000        0.157632
FIRE:  343 10:02:48 -1953100.875000        0.155750
FIRE:  344 10:02:48 -1953098.500000        0.153515
FIRE:  345 10:02:48 -1953100.750000        0.150888
FIRE:  346 10:02:48 -1953098.500000        0.147851
FIRE:  347 10:02:48 -1953100.750000        0.144446
FIRE:  348 10:02:48 -1953100.875000        0.140669
FIRE:  349 10:02:48 -1953100.625000        0.136256
FIRE:  350 10:02:48 -1953096.750000        0.204403
FIRE:  351 10:02:48 -1953096.875000        0.137571
FIRE:  352 10:02:48 -1953096.875000        0.132618
FIRE:  353 10:02:48 -1953096.875000        0.122050
FIRE:  354 10:02:48 -1953096.875000        0.110123
FIRE:  355 10:02:48 -1953096.875000        0.102806
FIRE:  356 10:02:48 -1953096.875000        0.105436
FIRE:  357 10:02:49 -1953096.875000        0.116494
FIRE:  358 10:02:49 -1953097.000000        0.134209
FIRE:  359 10:02:49 -1953097.000000        0.202850
FIRE:  360 10:02:49 -1953097.000000        0.504973
FIRE:  361 10:02:49 -1953097.000000        1.164411
FIRE:  362 10:02:49 -1953097.000000        0.183481
FIRE:  363 10:02:49 -1953097.000000        1.176065
FIRE:  364 10:02:49 -1953097.000000        0.873069
FIRE:  365 10:02:49 -1953097.000000        0.371043
FIRE:  366 10:02:49 -1953097.125000        0.226497
FIRE:  367 10:02:49 -1953097.125000        0.215633
FIRE:  368 10:02:49 -1953097.125000        0.194587
FIRE:  369 10:02:49 -1953097.125000        0.164707
FIRE:  370 10:02:49 -1953097.125000        0.128278
FIRE:  371 10:02:50 -1953097.125000        0.103228
FIRE:  372 10:02:50 -1953097.125000        0.103266
FIRE:  373 10:02:50 -1953097.125000        0.103425
FIRE:  374 10:02:50 -1953097.125000        0.108123
FIRE:  375 10:02:50 -1953097.125000        0.134152
FIRE:  376 10:02:50 -1953097.125000        0.142488
FIRE:  377 10:02:50 -1953097.125000        0.127546
FIRE:  378 10:02:50 -1953097.125000        0.103436
FIRE:  379 10:02:50 -1953097.125000        0.103093
FIRE:  380 10:02:50 -1953097.125000        0.102976
FIRE:  381 10:02:50 -1953098.625000        0.110409
FIRE:  382 10:02:50 -1953097.125000        0.102974
FIRE:  383 10:02:50 -1953097.125000        0.103013
FIRE:  384 10:02:50 -1953097.125000        0.103117
FIRE:  385 10:02:51 -1953097.125000        0.102536
FIRE:  386 10:02:51 -1953097.125000        0.101558
FIRE:  387 10:02:51 -1953097.125000        0.101049
FIRE:  388 10:02:51 -1953097.125000        0.099998
FIRE:  389 10:02:51 -1953097.125000        0.098469
FIRE:  390 10:02:51 -1953097.125000        0.098455
FIRE:  391 10:02:51 -1953097.125000        0.096791
FIRE:  392 10:02:51 -1953100.500000        0.096739
FIRE:  393 10:02:51 -1953097.250000        0.245204
FIRE:  394 10:02:51 -1953101.000000        0.740556
FIRE:  395 10:02:51 -1953097.250000        2.457081
FIRE:  396 10:02:51 -1953097.250000        0.436922
FIRE:  397 10:02:51 -1953097.250000        0.315756
FIRE:  398 10:02:51 -1953097.250000        0.106509
FIRE:  399 10:02:52 -1953097.250000        0.132565
FIRE:  400 10:02:52 -1953097.250000        0.296786
FIRE:  401 10:02:52 -1953097.250000        0.337651
FIRE:  402 10:02:52 -1953097.375000        0.250969
FIRE:  403 10:02:52 -1953097.375000        0.106822
FIRE:  404 10:02:52 -1953097.375000        0.135564
FIRE:  405 10:02:52 -1953097.375000        0.249291
FIRE:  406 10:02:52 -1953097.375000        0.181118
FIRE:  407 10:02:52 -1953097.375000        0.108188
FIRE:  408 10:02:52 -1953097.375000        0.236215
FIRE:  409 10:02:52 -1953100.625000        0.108271
FIRE:  410 10:02:52 -1953101.375000        0.195112
FIRE:  411 10:02:52 -1953101.500000        0.106041
FIRE:  412 10:02:52 -1953102.250000        0.265796
FIRE:  413 10:02:53 -1953101.125000        0.137086
FIRE:  414 10:02:53 -1953102.250000        0.100013
FIRE:  415 10:02:53 -1953101.375000        0.200594
FIRE:  416 10:02:53 -1953102.250000        0.535308
FIRE:  417 10:02:53 -1953102.375000        1.496916
FIRE:  418 10:02:53 -1953102.375000        0.116659
FIRE:  419 10:02:53 -1953102.375000        0.116124
FIRE:  420 10:02:53 -1953102.375000        0.115090
FIRE:  421 10:02:53 -1953101.750000        0.113602
FIRE:  422 10:02:53 -1953102.375000        0.111736
FIRE:  423 10:02:53 -1953099.250000        0.109652
FIRE:  424 10:02:53 -1953099.125000        0.109751
FIRE:  425 10:02:53 -1953099.250000        0.111033
FIRE:  426 10:02:53 -1953099.250000        0.112423
FIRE:  427 10:02:54 -1953102.125000        0.113849
FIRE:  428 10:02:54 -1953101.125000        0.115170
FIRE:  429 10:02:54 -1953101.500000        0.116103
FIRE:  430 10:02:54 -1953101.250000        0.116326
FIRE:  431 10:02:54 -1953102.375000        0.115583
FIRE:  432 10:02:54 -1953102.250000        0.113669
FIRE:  433 10:02:54 -1953097.500000        0.110441
FIRE:  434 10:02:54 -1953097.500000        0.105608
FIRE:  435 10:02:54 -1953097.500000        0.099030
FIRE:  436 10:02:54 -1953101.500000        0.093373
FIRE:  437 10:02:54 -1953102.375000        0.089329
FIRE:  438 10:02:54 -1953097.625000        0.081149
FIRE:  439 10:02:54 -1953097.625000        0.321446
FIRE:  440 10:02:54 -1953097.625000        1.206279
FIRE:  441 10:02:55 -1953097.625000        0.107375
FIRE:  442 10:02:55 -1953097.625000        0.079122
FIRE:  443 10:02:55 -1953097.625000        0.078076
FIRE:  444 10:02:55 -1953097.625000        0.077766
FIRE:  445 10:02:55 -1953097.625000        0.077386
FIRE:  446 10:02:55 -1953097.625000        0.076955
FIRE:  447 10:02:55 -1953097.625000        0.076482
FIRE:  448 10:02:55 -1953097.625000        0.075984
FIRE:  449 10:02:55 -1953097.625000        0.075408
FIRE:  450 10:02:55 -1953097.625000        0.074746
FIRE:  451 10:02:55 -1953097.625000        0.074005
FIRE:  452 10:02:55 -1953097.625000        0.073194
FIRE:  453 10:02:55 -1953097.625000        0.072379
FIRE:  454 10:02:55 -1953097.625000        0.071649
FIRE:  455 10:02:55 -1953099.375000        0.071096
FIRE:  456 10:02:56 -1953101.625000        0.070715
FIRE:  457 10:02:56 -1953097.625000        0.070549
FIRE:  458 10:02:56 -1953097.625000        0.070403
FIRE:  459 10:02:56 -1953097.625000        0.080962
FIRE:  460 10:02:56 -1953097.625000        0.138187
FIRE:  461 10:02:56 -1953099.250000        0.334785
FIRE:  462 10:02:56 -1953097.625000        0.948541
FIRE:  463 10:02:56 -1953097.750000        0.069576
FIRE:  464 10:02:56 -1953097.750000        0.069498
FIRE:  465 10:02:56 -1953097.750000        0.069342
FIRE:  466 10:02:56 -1953097.750000        0.069101
FIRE:  467 10:02:56 -1953097.750000        0.068781
FIRE:  468 10:02:56 -1953097.750000        0.068383
FIRE:  469 10:02:56 -1953097.750000        0.067905
FIRE:  470 10:02:57 -1953097.750000        0.067367
FIRE:  471 10:02:57 -1953097.750000        0.066709
FIRE:  472 10:02:57 -1953097.750000        0.065944
FIRE:  473 10:02:57 -1953097.750000        0.065092
FIRE:  474 10:02:57 -1953097.750000        0.064208
FIRE:  475 10:02:57 -1953097.750000        0.063342
FIRE:  476 10:02:57 -1953097.750000        0.062527
FIRE:  477 10:02:57 -1953097.750000        0.061799
FIRE:  478 10:02:57 -1953097.750000        0.061153
FIRE:  479 10:02:57 -1953097.750000        0.060573
FIRE:  480 10:02:57 -1953097.750000        0.060026
FIRE:  481 10:02:57 -1953097.750000        0.059349
FIRE:  482 10:02:57 -1953097.750000        0.058025
FIRE:  483 10:02:57 -1953097.750000        0.055735
FIRE:  484 10:02:58 -1953097.750000        0.126716
FIRE:  485 10:02:58 -1953099.375000        0.559504
FIRE:  486 10:02:58 -1953097.750000        2.344402
FIRE:  487 10:02:58 -1953097.750000        0.862405
FIRE:  488 10:02:58 -1953097.750000        0.590972
FIRE:  489 10:02:58 -1953097.750000        0.124366
FIRE:  490 10:02:58 -1953097.750000        0.388737
FIRE:  491 10:02:58 -1953097.750000        0.356351
FIRE:  492 10:02:58 -1953097.750000        0.294509
FIRE:  493 10:02:58 -1953097.750000        0.208834
FIRE:  494 10:02:58 -1953097.750000        0.107430
FIRE:  495 10:02:58 -1953097.750000        0.044233
