      Step     Time          Energy          fmax
FIRE:    0 10:06:18 -1841016.000000        2.673645
FIRE:    1 10:06:18 -1841020.375000        2.638026
FIRE:    2 10:06:20 -1841020.375000        3.483091
FIRE:    3 10:06:20 -1841017.250000        3.820534
FIRE:    4 10:06:20 -1841018.250000        3.472901
FIRE:    5 10:06:20 -1841019.375000        4.772415
FIRE:    6 10:06:22 -1841027.125000        2.519406
FIRE:    7 10:06:22 -1841024.125000       16.507552
FIRE:    8 10:06:22 -1841026.250000        6.877924
FIRE:    9 10:06:22 -1841026.375000        1.400083
FIRE:   10 10:06:22 -1841026.500000        1.337247
FIRE:   11 10:06:22 -1841026.875000        1.215706
FIRE:   12 10:06:22 -1841026.625000        1.046766
FIRE:   13 10:06:22 -1841026.500000        0.855638
FIRE:   14 10:06:22 -1841026.750000        0.737945
FIRE:   15 10:06:22 -1841026.125000        0.728053
FIRE:   16 10:06:22 -1841026.750000        0.716809
FIRE:   17 10:06:22 -1841026.875000        0.812867
FIRE:   18 10:06:22 -1841021.250000        0.887014
FIRE:   19 10:06:22 -1841021.375000        0.850669
FIRE:   20 10:06:23 -1841021.375000        0.709119
FIRE:   21 10:06:23 -1841021.500000        0.664156
FIRE:   22 10:06:23 -1841021.625000        0.691267
FIRE:   23 10:06:23 -1841027.375000        0.805677
FIRE:   24 10:06:23 -1841027.500000        0.721424
FIRE:   25 10:06:23 -1841022.000000        0.584207
FIRE:   26 10:06:23 -1841022.125000        0.626523
FIRE:   27 10:06:23 -1841022.375000        0.604734
FIRE:   28 10:06:23 -1841022.625000        0.642786
FIRE:   29 10:06:23 -1841022.875000        0.683331
FIRE:   30 10:06:23 -1841023.125000        0.531379
FIRE:   31 10:06:23 -1841023.375000        0.559226
FIRE:   32 10:06:23 -1841028.500000        0.594678
FIRE:   33 10:06:23 -1841023.750000        0.390185
FIRE:   34 10:06:23 -1841024.000000        0.366883
FIRE:   35 10:06:24 -1841028.125000        0.364188
FIRE:   36 10:06:24 -1841028.250000        0.317803
FIRE:   37 10:06:24 -1841024.375000        0.325983
FIRE:   38 10:06:24 -1841024.500000        0.398212
FIRE:   39 10:06:24 -1841024.750000        0.338853
FIRE:   40 10:06:24 -1841026.625000        0.454744
FIRE:   41 10:06:24 -1841026.625000        0.431386
FIRE:   42 10:06:24 -1841026.875000        0.817656
FIRE:   43 10:06:24 -1841026.625000        1.564081
FIRE:   44 10:06:24 -1841030.250000        2.316755
FIRE:   45 10:06:24 -1841028.500000        7.575067
FIRE:   46 10:06:24 -1841026.875000        1.237002
FIRE:   47 10:06:24 -1841030.375000        0.940059
FIRE:   48 10:06:24 -1841026.875000        0.500957
FIRE:   49 10:06:25 -1841026.875000        0.269050
FIRE:   50 10:06:25 -1841030.250000        0.729870
FIRE:   51 10:06:25 -1841026.875000        0.682997
FIRE:   52 10:06:25 -1841029.250000        0.592520
FIRE:   53 10:06:25 -1841026.875000        0.465058
FIRE:   54 10:06:25 -1841026.875000        0.310338
FIRE:   55 10:06:25 -1841026.875000        0.265521
FIRE:   56 10:06:25 -1841026.875000        0.265981
FIRE:   57 10:06:25 -1841027.125000        0.266348
FIRE:   58 10:06:25 -1841026.875000        0.291700
FIRE:   59 10:06:25 -1841026.875000        0.362860
FIRE:   60 10:06:25 -1841029.500000        0.365745
FIRE:   61 10:06:25 -1841030.500000        0.287068
FIRE:   62 10:06:25 -1841026.875000        0.263407
FIRE:   63 10:06:25 -1841026.875000        0.261040
FIRE:   64 10:06:26 -1841026.875000        0.258076
FIRE:   65 10:06:26 -1841026.875000        0.294550
FIRE:   66 10:06:26 -1841027.375000        0.252892
FIRE:   67 10:06:26 -1841027.000000        0.250803
FIRE:   68 10:06:26 -1841027.000000        0.265298
FIRE:   69 10:06:26 -1841027.000000        0.246669
FIRE:   70 10:06:26 -1841027.500000        0.249610
FIRE:   71 10:06:26 -1841027.000000        0.249516
FIRE:   72 10:06:26 -1841027.125000        0.241939
FIRE:   73 10:06:26 -1841027.125000        0.231976
FIRE:   74 10:06:26 -1841027.625000        0.287880
FIRE:   75 10:06:26 -1841030.000000        0.267879
FIRE:   76 10:06:26 -1841030.625000        0.264974
FIRE:   77 10:06:26 -1841025.875000        0.659500
FIRE:   78 10:06:28 -1841031.250000        1.724471
FIRE:   79 10:06:28 -1841031.125000        4.303998
FIRE:   80 10:06:28 -1841030.875000        0.444728
FIRE:   81 10:06:28 -1841034.125000        0.331296
FIRE:   82 10:06:28 -1841034.125000        0.332626
FIRE:   83 10:06:28 -1841030.875000        0.337138
FIRE:   84 10:06:28 -1841030.875000        0.343989
FIRE:   85 10:06:28 -1841030.875000        0.353447
FIRE:   86 10:06:28 -1841030.875000        0.365509
FIRE:   87 10:06:28 -1841032.125000        0.380223
FIRE:   88 10:06:28 -1841032.000000        0.399621
FIRE:   89 10:06:29 -1841032.125000        0.411554
FIRE:   90 10:06:29 -1841032.000000        0.411271
FIRE:   91 10:06:29 -1841032.125000        0.412391
FIRE:   92 10:06:29 -1841032.125000        0.417828
FIRE:   93 10:06:29 -1841031.875000        0.439693
FIRE:   94 10:06:29 -1841031.000000        0.401500
FIRE:   95 10:06:29 -1841032.250000        0.327979
FIRE:   96 10:06:29 -1841032.250000        0.375391
FIRE:   97 10:06:29 -1841031.750000        0.485871
FIRE:   98 10:06:29 -1841030.500000        0.607109
FIRE:   99 10:06:29 -1841034.500000        0.675233
FIRE:  100 10:06:29 -1841031.375000        0.854001
FIRE:  101 10:06:29 -1841034.750000        2.662643
FIRE:  102 10:06:29 -1841033.750000        0.436875
FIRE:  103 10:06:29 -1841033.750000        0.437518
FIRE:  104 10:06:30 -1841034.750000        0.438916
FIRE:  105 10:06:30 -1841033.625000        0.441166
FIRE:  106 10:06:30 -1841031.875000        0.444057
FIRE:  107 10:06:30 -1841030.500000        0.447100
FIRE:  108 10:06:30 -1841033.625000        0.449765
FIRE:  109 10:06:30 -1841031.000000        0.451902
FIRE:  110 10:06:30 -1841033.750000        0.454102
FIRE:  111 10:06:30 -1841030.750000        0.457716
FIRE:  112 10:06:30 -1841034.125000        0.465108
FIRE:  113 10:06:30 -1841033.625000        0.479659
FIRE:  114 10:06:30 -1841034.875000        0.505844
FIRE:  115 10:06:30 -1841033.625000        0.507913
FIRE:  116 10:06:30 -1841033.750000        0.489851
FIRE:  117 10:06:30 -1841032.250000        0.482910
FIRE:  118 10:06:30 -1841034.500000        0.490085
FIRE:  119 10:06:31 -1841032.250000        0.511724
FIRE:  120 10:06:31 -1841034.500000        0.451039
FIRE:  121 10:06:31 -1841034.125000        0.368427
FIRE:  122 10:06:31 -1841031.375000        0.364301
FIRE:  123 10:06:31 -1841027.375000        1.008762
FIRE:  124 10:06:31 -1841027.375000        3.214438
FIRE:  125 10:06:31 -1841027.500000        0.237717
FIRE:  126 10:06:31 -1841027.375000        3.202478
FIRE:  127 10:06:31 -1841027.500000        2.240103
FIRE:  128 10:06:31 -1841027.500000        0.723048
FIRE:  129 10:06:31 -1841027.500000        0.921099
FIRE:  130 10:06:31 -1841027.500000        0.863051
FIRE:  131 10:06:31 -1841027.500000        0.750227
FIRE:  132 10:06:31 -1841027.500000        0.589303
FIRE:  133 10:06:32 -1841027.500000        0.390959
FIRE:  134 10:06:32 -1841027.500000        0.205386
FIRE:  135 10:06:32 -1841027.500000        0.204875
FIRE:  136 10:06:32 -1841027.500000        0.250584
FIRE:  137 10:06:32 -1841027.500000        0.401475
FIRE:  138 10:06:32 -1841027.500000        0.485045
FIRE:  139 10:06:32 -1841027.500000        0.476197
FIRE:  140 10:06:32 -1841027.500000        0.359753
FIRE:  141 10:06:32 -1841027.500000        0.199167
FIRE:  142 10:06:32 -1841027.500000        0.197137
FIRE:  143 10:06:32 -1841027.500000        0.349569
FIRE:  144 10:06:32 -1841027.500000        0.397164
FIRE:  145 10:06:32 -1841027.500000        0.233743
FIRE:  146 10:06:32 -1841027.500000        0.188134
FIRE:  147 10:06:32 -1841035.500000        0.322435
FIRE:  148 10:06:33 -1841034.500000        0.184957
FIRE:  149 10:06:33 -1841031.500000        0.227916
FIRE:  150 10:06:33 -1841027.625000        0.291449
FIRE:  151 10:06:33 -1841027.625000        0.190323
FIRE:  152 10:06:33 -1841027.625000        0.190832
FIRE:  153 10:06:33 -1841027.625000        0.344925
FIRE:  154 10:06:33 -1841027.625000        0.269935
FIRE:  155 10:06:33 -1841027.750000        0.349787
FIRE:  156 10:06:33 -1841027.750000        0.727465
FIRE:  157 10:06:33 -1841027.750000        1.735112
FIRE:  158 10:06:33 -1841027.750000        0.235589
FIRE:  159 10:06:33 -1841027.750000        1.435530
FIRE:  160 10:06:33 -1841027.750000        1.123497
FIRE:  161 10:06:33 -1841027.750000        0.556392
FIRE:  162 10:06:33 -1841027.750000        0.235359
FIRE:  163 10:06:34 -1841027.750000        0.235335
FIRE:  164 10:06:34 -1841027.750000        0.235304
FIRE:  165 10:06:34 -1841027.750000        0.235258
FIRE:  166 10:06:34 -1841027.750000        0.235189
FIRE:  167 10:06:34 -1841027.750000        0.235099
FIRE:  168 10:06:34 -1841027.750000        0.235005
FIRE:  169 10:06:34 -1841027.750000        0.234904
FIRE:  170 10:06:34 -1841027.750000        0.234773
FIRE:  171 10:06:34 -1841027.750000        0.234620
FIRE:  172 10:06:34 -1841027.750000        0.234451
FIRE:  173 10:06:34 -1841027.750000        0.234242
FIRE:  174 10:06:34 -1841027.750000        0.234030
FIRE:  175 10:06:34 -1841027.750000        0.233826
FIRE:  176 10:06:34 -1841027.750000        0.233630
FIRE:  177 10:06:35 -1841027.750000        0.233499
FIRE:  178 10:06:35 -1841027.750000        0.233470
FIRE:  179 10:06:35 -1841027.750000        0.233598
FIRE:  180 10:06:35 -1841027.875000        0.234006
FIRE:  181 10:06:35 -1841027.875000        0.234867
FIRE:  182 10:06:35 -1841027.875000        0.236492
FIRE:  183 10:06:35 -1841027.875000        0.239290
FIRE:  184 10:06:35 -1841027.875000        0.243539
FIRE:  185 10:06:35 -1841034.875000        0.247743
FIRE:  186 10:06:35 -1841035.375000        0.243194
FIRE:  187 10:06:35 -1841034.875000        0.232336
FIRE:  188 10:06:35 -1841031.750000        0.207276
FIRE:  189 10:06:35 -1841028.000000        0.181491
FIRE:  190 10:06:35 -1841028.000000        0.476992
FIRE:  191 10:06:35 -1841033.250000        1.541589
FIRE:  192 10:06:36 -1841033.250000        0.189873
FIRE:  193 10:06:36 -1841034.500000        1.306830
FIRE:  194 10:06:36 -1841033.250000        1.008176
FIRE:  195 10:06:36 -1841033.250000        0.471538
FIRE:  196 10:06:36 -1841033.375000        0.198016
FIRE:  197 10:06:36 -1841033.375000        0.192751
FIRE:  198 10:06:36 -1841033.250000        0.192838
FIRE:  199 10:06:36 -1841033.250000        0.192970
FIRE:  200 10:06:36 -1841033.500000        0.193146
FIRE:  201 10:06:36 -1841033.875000        0.193361
FIRE:  202 10:06:36 -1841034.000000        0.193624
FIRE:  203 10:06:36 -1841033.250000        0.193933
FIRE:  204 10:06:36 -1841034.250000        0.194324
FIRE:  205 10:06:36 -1841033.375000        0.194814
FIRE:  206 10:06:37 -1841033.375000        0.195426
FIRE:  207 10:06:37 -1841033.375000        0.196201
FIRE:  208 10:06:37 -1841033.375000        0.197170
FIRE:  209 10:06:37 -1841033.375000        0.198408
FIRE:  210 10:06:37 -1841033.375000        0.198658
FIRE:  211 10:06:37 -1841033.375000        0.197550
FIRE:  212 10:06:37 -1841033.375000        0.196239
FIRE:  213 10:06:37 -1841034.125000        0.194690
FIRE:  214 10:06:37 -1841033.500000        0.192854
FIRE:  215 10:06:37 -1841034.250000        0.190694
FIRE:  216 10:06:37 -1841033.375000        0.188147
FIRE:  217 10:06:37 -1841033.375000        0.185071
FIRE:  218 10:06:37 -1841034.125000        0.181309
FIRE:  219 10:06:37 -1841033.375000        0.176813
FIRE:  220 10:06:37 -1841033.375000        0.171710
FIRE:  221 10:06:38 -1841034.125000        0.166015
FIRE:  222 10:06:38 -1841034.125000        0.148167
FIRE:  223 10:06:38 -1841033.500000        0.131664
FIRE:  224 10:06:38 -1841035.750000        0.165756
FIRE:  225 10:06:38 -1841032.000000        0.611612
FIRE:  226 10:06:38 -1841035.250000        2.289983
FIRE:  227 10:06:38 -1841035.250000        0.310985
FIRE:  228 10:06:38 -1841032.125000        0.216163
FIRE:  229 10:06:38 -1841032.000000        0.091846
FIRE:  230 10:06:38 -1841035.250000        0.121646
FIRE:  231 10:06:38 -1841035.250000        0.236927
FIRE:  232 10:06:38 -1841032.125000        0.258589
FIRE:  233 10:06:38 -1841035.500000        0.186804
FIRE:  234 10:06:38 -1841032.000000        0.084044
FIRE:  235 10:06:38 -1841035.125000        0.112800
FIRE:  236 10:06:39 -1841035.250000        0.167148
FIRE:  237 10:06:39 -1841032.000000        0.095087
FIRE:  238 10:06:39 -1841035.750000        0.105411
FIRE:  239 10:06:39 -1841035.625000        0.187352
FIRE:  240 10:06:39 -1841035.625000        0.092754
FIRE:  241 10:06:39 -1841035.750000        0.144084
FIRE:  242 10:06:39 -1841032.125000        0.100094
FIRE:  243 10:06:39 -1841035.750000        0.185352
FIRE:  244 10:06:39 -1841035.750000        0.155775
FIRE:  245 10:06:39 -1841032.250000        0.156608
FIRE:  246 10:06:39 -1841032.250000        0.203000
FIRE:  247 10:06:39 -1841035.375000        0.568272
FIRE:  248 10:06:39 -1841035.875000        1.664518
FIRE:  249 10:06:39 -1841035.625000        0.197798
FIRE:  250 10:06:40 -1841036.000000        0.149042
FIRE:  251 10:06:40 -1841035.625000        0.099747
FIRE:  252 10:06:40 -1841035.625000        0.099794
FIRE:  253 10:06:40 -1841035.625000        0.103557
FIRE:  254 10:06:40 -1841028.375000        0.123110
FIRE:  255 10:06:40 -1841028.375000        0.099718
FIRE:  256 10:06:40 -1841028.375000        0.099435
FIRE:  257 10:06:40 -1841028.375000        0.098978
FIRE:  258 10:06:40 -1841035.500000        0.118407
FIRE:  259 10:06:40 -1841035.500000        0.097743
FIRE:  260 10:06:40 -1841028.500000        0.097113
FIRE:  261 10:06:40 -1841028.500000        0.096506
FIRE:  262 10:06:40 -1841028.500000        0.095868
FIRE:  263 10:06:40 -1841028.500000        0.102216
FIRE:  264 10:06:40 -1841028.500000        0.093154
FIRE:  265 10:06:41 -1841028.500000        0.090765
FIRE:  266 10:06:41 -1841028.500000        0.097895
FIRE:  267 10:06:41 -1841028.500000        0.085809
FIRE:  268 10:06:41 -1841028.500000        0.080421
FIRE:  269 10:06:41 -1841028.500000        0.244700
FIRE:  270 10:06:41 -1841028.500000        0.805371
FIRE:  271 10:06:41 -1841028.500000        2.520129
FIRE:  272 10:06:41 -1841028.500000        0.263476
FIRE:  273 10:06:41 -1841028.500000        0.261729
FIRE:  274 10:06:41 -1841028.500000        0.251876
FIRE:  275 10:06:41 -1841028.500000        0.227759
FIRE:  276 10:06:41 -1841028.625000        0.195155
FIRE:  277 10:06:41 -1841028.625000        0.195690
FIRE:  278 10:06:41 -1841028.625000        0.151848
FIRE:  279 10:06:41 -1841028.625000        0.147977
FIRE:  280 10:06:42 -1841028.625000        0.151616
FIRE:  281 10:06:42 -1841028.625000        0.158285
FIRE:  282 10:06:42 -1841028.625000        0.163271
FIRE:  283 10:06:42 -1841028.625000        0.163722
FIRE:  284 10:06:42 -1841028.625000        0.161490
FIRE:  285 10:06:42 -1841028.625000        0.158906
FIRE:  286 10:06:42 -1841028.625000        0.157675
FIRE:  287 10:06:42 -1841028.625000        0.164350
FIRE:  288 10:06:42 -1841028.625000        0.161914
FIRE:  289 10:06:42 -1841028.625000        0.155131
FIRE:  290 10:06:42 -1841036.000000        0.261325
FIRE:  291 10:06:42 -1841035.500000        0.460121
FIRE:  292 10:06:42 -1841035.750000        0.990013
FIRE:  293 10:06:42 -1841035.625000        2.486525
FIRE:  294 10:06:43 -1841035.750000        0.321134
FIRE:  295 10:06:43 -1841036.000000        0.247248
FIRE:  296 10:06:43 -1841035.750000        0.119650
FIRE:  297 10:06:43 -1841035.375000        0.104720
FIRE:  298 10:06:43 -1841035.625000        0.141924
FIRE:  299 10:06:43 -1841035.750000        0.180448
FIRE:  300 10:06:43 -1841035.750000        0.150575
FIRE:  301 10:06:43 -1841035.750000        0.101568
FIRE:  302 10:06:43 -1841036.000000        0.103852
FIRE:  303 10:06:43 -1841036.000000        0.175884
FIRE:  304 10:06:43 -1841035.625000        0.138121
FIRE:  305 10:06:43 -1841035.625000        0.120691
FIRE:  306 10:06:43 -1841035.625000        0.146517
FIRE:  307 10:06:43 -1841035.625000        0.140539
FIRE:  308 10:06:43 -1841035.625000        0.149933
FIRE:  309 10:06:44 -1841035.625000        0.160595
FIRE:  310 10:06:44 -1841036.000000        0.173062
FIRE:  311 10:06:44 -1841035.500000        0.169536
FIRE:  312 10:06:44 -1841035.625000        0.147360
FIRE:  313 10:06:44 -1841036.125000        0.188285
FIRE:  314 10:06:44 -1841035.750000        0.559097
FIRE:  315 10:06:44 -1841036.375000        1.353972
FIRE:  316 10:06:44 -1841036.125000        0.112663
FIRE:  317 10:06:44 -1841035.875000        1.199676
FIRE:  318 10:06:44 -1841035.750000        0.932795
FIRE:  319 10:06:44 -1841035.875000        0.454954
FIRE:  320 10:06:44 -1841035.875000        0.142427
FIRE:  321 10:06:44 -1841035.500000        0.138653
FIRE:  322 10:06:44 -1841036.250000        0.131436
FIRE:  323 10:06:45 -1841035.750000        0.121477
FIRE:  324 10:06:45 -1841035.750000        0.109861
FIRE:  325 10:06:45 -1841035.625000        0.106743
FIRE:  326 10:06:45 -1841035.625000        0.107017
FIRE:  327 10:06:45 -1841035.875000        0.107366
FIRE:  328 10:06:45 -1841035.750000        0.110247
FIRE:  329 10:06:45 -1841035.625000        0.127519
FIRE:  330 10:06:45 -1841036.125000        0.132997
FIRE:  331 10:06:45 -1841036.375000        0.122653
FIRE:  332 10:06:45 -1841035.750000        0.111537
FIRE:  333 10:06:45 -1841032.125000        0.113157
FIRE:  334 10:06:45 -1841032.125000        0.115129
FIRE:  335 10:06:45 -1841030.500000        0.117548
FIRE:  336 10:06:45 -1841032.250000        0.120514
FIRE:  337 10:06:45 -1841032.500000        0.124152
FIRE:  338 10:06:46 -1841032.125000        0.128651
FIRE:  339 10:06:46 -1841035.750000        0.134190
FIRE:  340 10:06:46 -1841036.125000        0.140781
FIRE:  341 10:06:46 -1841035.625000        0.148400
FIRE:  342 10:06:46 -1841035.750000        0.157100
FIRE:  343 10:06:46 -1841032.125000        0.167433
FIRE:  344 10:06:46 -1841032.250000        0.177968
FIRE:  345 10:06:46 -1841036.000000        0.187910
FIRE:  346 10:06:46 -1841036.250000        0.200988
FIRE:  347 10:06:46 -1841036.250000        0.224207
FIRE:  348 10:06:46 -1841035.750000        0.424516
FIRE:  349 10:06:46 -1841036.375000        1.133632
FIRE:  350 10:06:46 -1841030.625000        3.872677
FIRE:  351 10:06:46 -1841030.750000        0.652029
FIRE:  352 10:06:47 -1841030.750000        0.522519
FIRE:  353 10:06:47 -1841030.750000        0.311797
FIRE:  354 10:06:47 -1841033.000000        0.329973
FIRE:  355 10:06:47 -1841030.750000        0.586499
FIRE:  356 10:06:47 -1841030.750000        0.632400
FIRE:  357 10:06:47 -1841030.750000        0.464698
FIRE:  358 10:06:47 -1841030.750000        0.319701
FIRE:  359 10:06:47 -1841030.750000        0.320364
FIRE:  360 10:06:47 -1841030.750000        0.349974
FIRE:  361 10:06:47 -1841030.875000        0.330242
FIRE:  362 10:06:47 -1841030.875000        0.341117
FIRE:  363 10:06:47 -1841032.875000        0.486547
FIRE:  364 10:06:47 -1841030.875000        0.360177
FIRE:  365 10:06:47 -1841035.625000        0.365752
FIRE:  366 10:06:47 -1841035.250000        0.383881
FIRE:  367 10:06:48 -1841035.625000        0.449284
FIRE:  368 10:06:48 -1841035.500000        0.458411
FIRE:  369 10:06:48 -1841035.625000        0.547997
FIRE:  370 10:06:48 -1841036.375000        0.615428
FIRE:  371 10:06:48 -1841033.000000        1.459220
FIRE:  372 10:06:48 -1841031.250000        4.262335
FIRE:  373 10:06:48 -1841031.375000        0.867451
FIRE:  374 10:06:48 -1841031.375000        0.738656
FIRE:  375 10:06:48 -1841031.375000        0.743719
FIRE:  376 10:06:48 -1841031.375000        0.751159
FIRE:  377 10:06:48 -1841032.125000        0.760093
FIRE:  378 10:06:48 -1841032.000000        0.768860
FIRE:  379 10:06:48 -1841032.375000        0.776180
FIRE:  380 10:06:48 -1841031.875000        0.782554
FIRE:  381 10:06:48 -1841031.500000        0.791545
FIRE:  382 10:06:49 -1841032.250000        0.806105
FIRE:  383 10:06:49 -1841032.000000        0.817429
FIRE:  384 10:06:49 -1841032.750000        0.813681
FIRE:  385 10:06:49 -1841031.625000        0.844929
FIRE:  386 10:06:49 -1841031.750000        0.861694
FIRE:  387 10:06:49 -1841031.750000        0.781520
FIRE:  388 10:06:49 -1841032.750000        0.574128
FIRE:  389 10:06:49 -1841031.875000        0.419039
FIRE:  390 10:06:49 -1841034.000000        0.885883
FIRE:  391 10:06:49 -1841034.000000        0.803529
FIRE:  392 10:06:49 -1841034.000000        0.656224
FIRE:  393 10:06:49 -1841034.125000        0.481073
FIRE:  394 10:06:49 -1841037.375000        0.417307
FIRE:  395 10:06:49 -1841034.000000        0.291660
FIRE:  396 10:06:50 -1841034.250000        0.323062
FIRE:  397 10:06:50 -1841037.125000        0.348242
FIRE:  398 10:06:50 -1841034.125000        0.342574
FIRE:  399 10:06:50 -1841034.000000        0.395707
FIRE:  400 10:06:50 -1841034.375000        0.333434
FIRE:  401 10:06:50 -1841032.000000        0.333112
FIRE:  402 10:06:50 -1841032.875000        0.215099
FIRE:  403 10:06:50 -1841034.375000        0.370202
FIRE:  404 10:06:50 -1841033.875000        0.295478
FIRE:  405 10:06:50 -1841034.125000        0.237002
FIRE:  406 10:06:50 -1841037.125000        0.268436
FIRE:  407 10:06:50 -1841037.250000        0.754762
FIRE:  408 10:06:50 -1841033.875000        2.377908
FIRE:  409 10:06:50 -1841034.375000        0.320318
FIRE:  410 10:06:50 -1841034.000000        0.286520
FIRE:  411 10:06:50 -1841034.125000        0.271941
FIRE:  412 10:06:50 -1841030.625000        0.272102
FIRE:  413 10:06:50 -1841034.125000        0.272531
FIRE:  414 10:06:50 -1841034.250000        0.273304
FIRE:  415 10:06:51 -1841037.250000        0.274446
FIRE:  416 10:06:51 -1841034.000000        0.275941
FIRE:  417 10:06:51 -1841034.250000        0.277962
FIRE:  418 10:06:51 -1841037.375000        0.280517
FIRE:  419 10:06:51 -1841037.500000        0.283591
FIRE:  420 10:06:51 -1841037.375000        0.287222
FIRE:  421 10:06:51 -1841034.500000        0.291512
FIRE:  422 10:06:51 -1841034.125000        0.296209
FIRE:  423 10:06:51 -1841034.250000        0.300289
FIRE:  424 10:06:51 -1841034.375000        0.302411
FIRE:  425 10:06:51 -1841037.500000        0.301080
FIRE:  426 10:06:51 -1841035.500000        0.281064
FIRE:  427 10:06:51 -1841034.250000        0.288736
FIRE:  428 10:06:51 -1841030.875000        0.307419
FIRE:  429 10:06:51 -1841034.750000        0.339786
FIRE:  430 10:06:51 -1841035.000000        0.408792
FIRE:  431 10:06:51 -1841031.000000        1.408398
FIRE:  432 10:06:51 -1841034.625000        6.315149
FIRE:  433 10:06:52 -1841034.625000        2.563321
FIRE:  434 10:06:52 -1841034.750000        1.772039
FIRE:  435 10:06:52 -1841031.125000        0.714006
FIRE:  436 10:06:52 -1841037.750000        1.166935
FIRE:  437 10:06:52 -1841037.875000        1.063399
FIRE:  438 10:06:52 -1841034.625000        0.866198
FIRE:  439 10:06:52 -1841034.750000        0.722164
FIRE:  440 10:06:52 -1841034.750000        0.723198
FIRE:  441 10:06:52 -1841034.875000        0.724655
FIRE:  442 10:06:52 -1841034.875000        0.726594
FIRE:  443 10:06:52 -1841038.125000        0.729008
FIRE:  444 10:06:52 -1841034.875000        0.732173
FIRE:  445 10:06:52 -1841035.375000        0.736176
FIRE:  446 10:06:52 -1841034.875000        0.741150
FIRE:  447 10:06:52 -1841038.000000        0.747126
FIRE:  448 10:06:52 -1841038.125000        0.754010
FIRE:  449 10:06:52 -1841038.125000        0.761046
FIRE:  450 10:06:53 -1841034.625000        0.766548
FIRE:  451 10:06:53 -1841034.750000        0.767750
FIRE:  452 10:06:53 -1841035.000000        0.765995
FIRE:  453 10:06:53 -1841034.750000        0.755866
FIRE:  454 10:06:53 -1841035.500000        0.747746
FIRE:  455 10:06:53 -1841038.500000        0.739149
FIRE:  456 10:06:53 -1841031.500000        0.736988
FIRE:  457 10:06:53 -1841031.625000        0.746452
FIRE:  458 10:06:53 -1841035.375000        0.830496
FIRE:  459 10:06:53 -1841038.500000        0.837404
FIRE:  460 10:06:53 -1841038.875000        0.729870
FIRE:  461 10:06:53 -1841035.875000        1.124120
FIRE:  462 10:06:53 -1841039.250000        2.285789
FIRE:  463 10:06:53 -1841035.750000        0.372209
FIRE:  464 10:06:53 -1841039.125000        1.776528
FIRE:  465 10:06:53 -1841036.125000        1.406194
FIRE:  466 10:06:54 -1841039.000000        0.747157
FIRE:  467 10:06:54 -1841035.625000        0.328330
FIRE:  468 10:06:54 -1841035.500000        0.757038
FIRE:  469 10:06:54 -1841035.750000        0.717149
FIRE:  470 10:06:54 -1841038.750000        0.639705
FIRE:  471 10:06:54 -1841038.875000        0.528999
FIRE:  472 10:06:54 -1841035.750000        0.391660
FIRE:  473 10:06:54 -1841035.750000        0.324969
FIRE:  474 10:06:54 -1841035.750000        0.323683
FIRE:  475 10:06:54 -1841038.875000        0.322337
FIRE:  476 10:06:54 -1841039.125000        0.320855
FIRE:  477 10:06:54 -1841036.000000        0.341365
FIRE:  478 10:06:54 -1841038.875000        0.401356
FIRE:  479 10:06:54 -1841036.000000        0.390415
FIRE:  480 10:06:54 -1841035.625000        0.315204
FIRE:  481 10:06:54 -1841036.000000        0.314085
FIRE:  482 10:06:54 -1841035.875000        0.312792
FIRE:  483 10:06:55 -1841036.125000        0.310840
FIRE:  484 10:06:55 -1841039.250000        0.307658
FIRE:  485 10:06:55 -1841035.750000        0.302848
FIRE:  486 10:06:55 -1841036.000000        0.294843
FIRE:  487 10:06:55 -1841035.625000        0.296425
FIRE:  488 10:06:55 -1841036.125000        0.298574
FIRE:  489 10:06:55 -1841039.000000        0.299541
FIRE:  490 10:06:55 -1841033.875000        0.295619
FIRE:  491 10:06:55 -1841038.875000        0.285483
FIRE:  492 10:06:55 -1841035.625000        0.273631
FIRE:  493 10:06:55 -1841036.375000        0.268395
FIRE:  494 10:06:55 -1841036.125000        0.241738
FIRE:  495 10:06:55 -1841036.250000        0.223966
FIRE:  496 10:06:55 -1841036.250000        0.200682
FIRE:  497 10:06:55 -1841036.125000        0.485717
FIRE:  498 10:06:55 -1841039.500000        1.895218
FIRE:  499 10:06:55 -1841035.875000        0.164908
FIRE:  500 10:06:55 -1841036.000000        0.162238
FIRE:  501 10:06:55 -1841039.250000        0.157252
FIRE:  502 10:06:56 -1841040.500000        0.150654
FIRE:  503 10:06:56 -1841036.250000        0.143304
FIRE:  504 10:06:56 -1841034.250000        0.136354
FIRE:  505 10:06:56 -1841036.125000        0.135791
FIRE:  506 10:06:56 -1841039.125000        0.133436
FIRE:  507 10:06:56 -1841032.625000        0.128013
FIRE:  508 10:06:56 -1841032.625000        0.124748
FIRE:  509 10:06:56 -1841036.000000        0.126484
FIRE:  510 10:06:56 -1841036.250000        0.128005
FIRE:  511 10:06:56 -1841036.250000        0.127285
FIRE:  512 10:06:56 -1841036.125000        0.123968
FIRE:  513 10:06:56 -1841036.500000        0.121106
FIRE:  514 10:06:56 -1841034.375000        0.122856
FIRE:  515 10:06:56 -1841039.375000        0.129556
FIRE:  516 10:06:56 -1841034.625000        0.138581
FIRE:  517 10:06:57 -1841039.500000        0.151583
FIRE:  518 10:06:57 -1841032.750000        0.163825
FIRE:  519 10:06:57 -1841036.375000        0.323489
FIRE:  520 10:06:57 -1841036.375000        1.121950
FIRE:  521 10:06:57 -1841036.125000        3.603822
FIRE:  522 10:06:57 -1841036.250000        0.603542
FIRE:  523 10:06:57 -1841036.500000        0.441898
FIRE:  524 10:06:57 -1841036.375000        0.247185
FIRE:  525 10:06:57 -1841036.375000        0.247878
FIRE:  526 10:06:57 -1841040.875000        0.384354
FIRE:  527 10:06:57 -1841039.500000        0.440078
FIRE:  528 10:06:57 -1841036.375000        0.332641
FIRE:  529 10:06:57 -1841036.500000        0.255301
FIRE:  530 10:06:57 -1841036.125000        0.258415
FIRE:  531 10:06:57 -1841039.250000        0.326308
FIRE:  532 10:06:58 -1841036.250000        0.268859
FIRE:  533 10:06:58 -1841036.500000        0.275194
FIRE:  534 10:06:58 -1841039.625000        0.296514
FIRE:  535 10:06:58 -1841036.250000        0.289641
FIRE:  536 10:06:58 -1841036.625000        0.301400
FIRE:  537 10:06:58 -1841036.250000        0.313513
FIRE:  538 10:06:58 -1841036.750000        0.339942
FIRE:  539 10:06:58 -1841036.250000        0.333085
FIRE:  540 10:06:58 -1841036.875000        0.342696
FIRE:  541 10:06:58 -1841036.375000        0.340574
FIRE:  542 10:06:58 -1841036.750000        0.358476
FIRE:  543 10:06:58 -1841034.625000        1.407567
FIRE:  544 10:06:58 -1841035.000000        5.193969
FIRE:  545 10:06:58 -1841035.000000        1.390187
FIRE:  546 10:06:58 -1841035.250000        0.989184
FIRE:  547 10:06:58 -1841035.500000        0.321941
FIRE:  548 10:06:58 -1841035.125000        0.517286
FIRE:  549 10:06:59 -1841036.375000        0.476866
FIRE:  550 10:06:59 -1841035.250000        0.399554
FIRE:  551 10:06:59 -1841035.500000        0.292172
FIRE:  552 10:06:59 -1841034.625000        0.166163
FIRE:  553 10:06:59 -1841035.125000        0.123114
FIRE:  554 10:06:59 -1841035.625000        0.123250
FIRE:  555 10:06:59 -1841035.500000        0.208086
FIRE:  556 10:06:59 -1841034.625000        0.271210
FIRE:  557 10:06:59 -1841035.500000        0.286521
FIRE:  558 10:06:59 -1841035.125000        0.241938
FIRE:  559 10:06:59 -1841034.625000        0.135109
FIRE:  560 10:06:59 -1841035.375000        0.124774
FIRE:  561 10:06:59 -1841034.875000        0.165116
FIRE:  562 10:06:59 -1841035.750000        0.224847
FIRE:  563 10:06:59 -1841036.750000        0.155933
FIRE:  564 10:06:59 -1841035.250000        0.126819
FIRE:  565 10:06:59 -1841034.625000        0.186338
FIRE:  566 10:07:00 -1841035.500000        0.148512
FIRE:  567 10:07:00 -1841035.500000        0.127438
FIRE:  568 10:07:00 -1841035.250000        0.178695
FIRE:  569 10:07:00 -1841036.250000        0.126419
FIRE:  570 10:07:00 -1841036.500000        0.151900
FIRE:  571 10:07:00 -1841035.375000        0.182255
FIRE:  572 10:07:00 -1841035.625000        0.105423
FIRE:  573 10:07:00 -1841034.750000        0.080578
FIRE:  574 10:07:00 -1841034.750000        0.081330
FIRE:  575 10:07:00 -1841035.625000        0.335968
FIRE:  576 10:07:00 -1841035.375000        1.370660
FIRE:  577 10:07:00 -1841035.250000        0.105283
FIRE:  578 10:07:00 -1841035.875000        0.079589
FIRE:  579 10:07:00 -1841036.000000        0.052080
FIRE:  580 10:07:00 -1841036.000000        0.052050
FIRE:  581 10:07:00 -1841035.500000        0.076536
FIRE:  582 10:07:01 -1841035.875000        0.089586
FIRE:  583 10:07:01 -1841036.500000        0.071706
FIRE:  584 10:07:01 -1841036.750000        0.051826
FIRE:  585 10:07:01 -1841035.625000        0.051752
FIRE:  586 10:07:01 -1841035.000000        0.057098
FIRE:  587 10:07:01 -1841034.875000        0.051603
FIRE:  588 10:07:01 -1841034.750000        0.051545
FIRE:  589 10:07:01 -1841035.125000        0.063763
FIRE:  590 10:07:01 -1841035.250000        0.051506
FIRE:  591 10:07:01 -1841034.750000        0.057368
FIRE:  592 10:07:01 -1841035.125000        0.051583
FIRE:  593 10:07:01 -1841035.750000        0.059709
FIRE:  594 10:07:01 -1841034.875000        0.062892
FIRE:  595 10:07:01 -1841034.875000        0.075244
FIRE:  596 10:07:01 -1841035.375000        0.103371
FIRE:  597 10:07:02 -1841035.625000        0.315231
FIRE:  598 10:07:02 -1841034.875000        0.944156
FIRE:  599 10:07:02 -1841034.875000        0.050697
FIRE:  600 10:07:02 -1841034.875000        0.854552
FIRE:  601 10:07:02 -1841034.875000        0.648406
FIRE:  602 10:07:02 -1841035.750000        0.287102
FIRE:  603 10:07:02 -1841035.500000        0.138548
FIRE:  604 10:07:02 -1841034.875000        0.129780
FIRE:  605 10:07:02 -1841035.000000        0.112857
FIRE:  606 10:07:02 -1841034.875000        0.089007
FIRE:  607 10:07:02 -1841034.875000        0.060281
FIRE:  608 10:07:02 -1841035.625000        0.050711
FIRE:  609 10:07:02 -1841035.000000        0.050713
FIRE:  610 10:07:02 -1841035.125000        0.050713
FIRE:  611 10:07:03 -1841034.875000        0.063559
FIRE:  612 10:07:03 -1841035.375000        0.080362
FIRE:  613 10:07:03 -1841035.750000        0.084751
FIRE:  614 10:07:03 -1841035.250000        0.073213
FIRE:  615 10:07:03 -1841035.500000        0.050726
FIRE:  616 10:07:03 -1841035.375000        0.050735
FIRE:  617 10:07:03 -1841035.125000        0.050776
FIRE:  618 10:07:03 -1841034.875000        0.054691
FIRE:  619 10:07:03 -1841035.375000        0.050893
FIRE:  620 10:07:03 -1841035.375000        0.050974
FIRE:  621 10:07:03 -1841034.875000        0.058402
FIRE:  622 10:07:03 -1841035.500000        0.051147
FIRE:  623 10:07:03 -1841035.375000        0.051239
FIRE:  624 10:07:03 -1841037.125000        0.051353
FIRE:  625 10:07:03 -1841037.125000        0.051490
FIRE:  626 10:07:04 -1841035.125000        0.055047
FIRE:  627 10:07:04 -1841034.875000        0.051847
FIRE:  628 10:07:04 -1841035.500000        0.052108
FIRE:  629 10:07:04 -1841034.875000        0.052440
FIRE:  630 10:07:04 -1841035.375000        0.063560
FIRE:  631 10:07:04 -1841034.875000        0.242921
FIRE:  632 10:07:04 -1841034.875000        0.824695
FIRE:  633 10:07:04 -1841041.000000        2.758335
FIRE:  634 10:07:04 -1841041.500000        0.590720
FIRE:  635 10:07:04 -1841041.125000        0.415012
FIRE:  636 10:07:04 -1841041.375000        0.120735
FIRE:  637 10:07:04 -1841041.500000        0.219703
FIRE:  638 10:07:04 -1841041.125000        0.203728
FIRE:  639 10:07:04 -1841041.500000        0.173088
FIRE:  640 10:07:05 -1841041.500000        0.130604
FIRE:  641 10:07:05 -1841041.500000        0.080356
FIRE:  642 10:07:05 -1841041.125000        0.053379
FIRE:  643 10:07:05 -1841041.500000        0.053360
FIRE:  644 10:07:05 -1841041.500000        0.070934
FIRE:  645 10:07:05 -1841041.375000        0.098946
FIRE:  646 10:07:05 -1841041.500000        0.108454
FIRE:  647 10:07:05 -1841041.500000        0.093584
FIRE:  648 10:07:05 -1841041.375000        0.053196
FIRE:  649 10:07:05 -1841041.500000        0.053146
FIRE:  650 10:07:05 -1841041.500000        0.070759
FIRE:  651 10:07:05 -1841041.500000        0.099388
FIRE:  652 10:07:05 -1841041.375000        0.076165
FIRE:  653 10:07:05 -1841041.500000        0.052864
FIRE:  654 10:07:05 -1841041.375000        0.067560
FIRE:  655 10:07:06 -1841041.375000        0.058648
FIRE:  656 10:07:06 -1841041.000000        0.052617
FIRE:  657 10:07:06 -1841041.500000        0.084245
FIRE:  658 10:07:06 -1841041.500000        0.052434
FIRE:  659 10:07:06 -1841041.375000        0.062629
FIRE:  660 10:07:06 -1841041.500000        0.079392
FIRE:  661 10:07:06 -1841041.500000        0.052175
FIRE:  662 10:07:06 -1841035.875000        0.052106
FIRE:  663 10:07:06 -1841035.875000        0.094695
FIRE:  664 10:07:06 -1841041.500000        0.293921
FIRE:  665 10:07:06 -1841041.000000        1.027813
FIRE:  666 10:07:06 -1841041.500000        0.051213
FIRE:  667 10:07:06 -1841041.125000        0.051204
FIRE:  668 10:07:06 -1841041.250000        0.051184
FIRE:  669 10:07:07 -1841041.500000        0.051154
FIRE:  670 10:07:07 -1841041.125000        0.051114
FIRE:  671 10:07:07 -1841041.500000        0.051066
FIRE:  672 10:07:07 -1841041.375000        0.051011
FIRE:  673 10:07:07 -1841041.375000        0.050951
FIRE:  674 10:07:07 -1841041.250000        0.050882
FIRE:  675 10:07:07 -1841041.500000        0.050803
FIRE:  676 10:07:07 -1841041.375000        0.050718
FIRE:  677 10:07:07 -1841041.250000        0.050631
FIRE:  678 10:07:07 -1841041.125000        0.050550
FIRE:  679 10:07:07 -1841041.000000        0.050476
FIRE:  680 10:07:07 -1841041.500000        0.050410
FIRE:  681 10:07:07 -1841041.250000        0.050350
FIRE:  682 10:07:07 -1841041.375000        0.050290
FIRE:  683 10:07:07 -1841041.500000        0.050208
FIRE:  684 10:07:08 -1841041.000000        0.050102
FIRE:  685 10:07:08 -1841041.250000        0.049966
