      Step     Time          Energy          fmax
FIRE:    0 05:59:18  -125831.328125        3.271662
FIRE:    1 05:59:18  -125832.101562        1.879841
FIRE:    2 05:59:20  -125832.476562        2.173071
FIRE:    3 05:59:20  -125832.648438        1.557772
FIRE:    4 05:59:21  -125832.890625        1.300581
FIRE:    5 05:59:21  -125833.007812        1.408149
FIRE:    6 05:59:21  -125833.085938        1.589253
FIRE:    7 05:59:21  -125833.226562        1.295651
FIRE:    8 05:59:21  -125833.375000        0.937387
FIRE:    9 05:59:21  -125833.593750        0.976051
FIRE:   10 05:59:21  -125833.695312        1.079592
FIRE:   11 05:59:21  -125833.796875        1.088414
FIRE:   12 05:59:21  -125833.976562        1.023843
FIRE:   13 05:59:21  -125834.125000        0.704294
FIRE:   14 05:59:21  -125834.226562        0.820488
FIRE:   15 05:59:21  -125834.375000        1.028842
FIRE:   16 05:59:21  -125834.585938        0.637982
FIRE:   17 05:59:21  -125834.710938        0.757076
FIRE:   18 05:59:21  -125834.867188        1.006932
FIRE:   19 05:59:21  -125835.015625        1.180615
FIRE:   20 05:59:21  -125835.179688        1.133612
FIRE:   21 05:59:21  -125835.226562        0.377508
FIRE:   22 05:59:21  -125835.210938        0.830378
FIRE:   23 05:59:21  -125835.250000        0.672679
FIRE:   24 05:59:21  -125835.257812        0.385749
FIRE:   25 05:59:22  -125835.281250        0.341886
FIRE:   26 05:59:22  -125835.257812        0.328060
FIRE:   27 05:59:22  -125835.265625        0.527248
FIRE:   28 05:59:22  -125835.273438        0.556462
FIRE:   29 05:59:22  -125835.320312        0.413992
FIRE:   30 05:59:22  -125835.312500        0.269149
FIRE:   31 05:59:22  -125835.320312        0.253105
FIRE:   32 05:59:22  -125835.343750        0.417732
FIRE:   33 05:59:22  -125835.351562        0.311403
FIRE:   34 05:59:22  -125835.406250        0.202564
FIRE:   35 05:59:22  -125835.414062        0.396792
FIRE:   36 05:59:22  -125835.437500        0.216976
FIRE:   37 05:59:22  -125835.492188        0.292577
FIRE:   38 05:59:22  -125835.539062        0.237670
FIRE:   39 05:59:22  -125835.601562        0.360525
FIRE:   40 05:59:22  -125835.656250        0.189886
FIRE:   41 05:59:22  -125835.765625        0.306008
FIRE:   42 05:59:23  -125835.804688        0.593538
FIRE:   43 05:59:23  -125835.875000        0.992617
FIRE:   44 05:59:23  -125835.937500        2.193755
FIRE:   45 05:59:23  -125835.976562        0.251993
FIRE:   46 05:59:23  -125836.031250        1.596948
FIRE:   47 05:59:23  -125835.976562        1.279059
FIRE:   48 05:59:23  -125836.000000        0.687229
FIRE:   49 05:59:23  -125836.039062        0.230922
FIRE:   50 05:59:23  -125836.039062        0.788037
FIRE:   51 05:59:23  -125836.000000        0.744976
FIRE:   52 05:59:23  -125836.054688        0.661874
FIRE:   53 05:59:23  -125836.000000        0.544313
FIRE:   54 05:59:23  -125835.992188        0.400923
FIRE:   55 05:59:23  -125836.015625        0.243186
FIRE:   56 05:59:23  -125836.062500        0.221914
FIRE:   57 05:59:23  -125835.992188        0.220767
FIRE:   58 05:59:23  -125836.054688        0.243468
FIRE:   59 05:59:24  -125836.062500        0.324936
FIRE:   60 05:59:24  -125836.054688        0.361902
FIRE:   61 05:59:24  -125836.070312        0.340185
FIRE:   62 05:59:24  -125836.023438        0.252281
FIRE:   63 05:59:24  -125836.062500        0.202080
FIRE:   64 05:59:24  -125836.054688        0.196570
FIRE:   65 05:59:24  -125836.093750        0.304164
FIRE:   66 05:59:24  -125836.046875        0.312434
FIRE:   67 05:59:24  -125836.070312        0.179213
FIRE:   68 05:59:24  -125836.054688        0.173885
FIRE:   69 05:59:24  -125836.070312        0.253661
FIRE:   70 05:59:24  -125836.117188        0.163322
FIRE:   71 05:59:24  -125836.171875        0.229247
FIRE:   72 05:59:24  -125836.203125        0.208176
FIRE:   73 05:59:24  -125836.156250        0.196836
FIRE:   74 05:59:24  -125836.265625        0.157123
FIRE:   75 05:59:24  -125836.289062        0.330152
FIRE:   76 05:59:24  -125836.304688        0.280640
FIRE:   77 05:59:25  -125836.390625        0.298145
FIRE:   78 05:59:25  -125836.406250        0.475947
FIRE:   79 05:59:25  -125836.500000        1.417579
FIRE:   80 05:59:25  -125836.492188        3.634991
FIRE:   81 05:59:25  -125836.601562        0.273717
FIRE:   82 05:59:25  -125836.507812        4.308092
FIRE:   83 05:59:25  -125836.554688        2.862341
FIRE:   84 05:59:25  -125836.609375        0.703543
FIRE:   85 05:59:25  -125836.601562        1.333788
FIRE:   86 05:59:25  -125836.601562        1.249959
FIRE:   87 05:59:25  -125836.601562        1.086017
FIRE:   88 05:59:25  -125836.601562        0.849905
FIRE:   89 05:59:25  -125836.617188        0.554245
FIRE:   90 05:59:25  -125836.609375        0.251239
FIRE:   91 05:59:25  -125836.617188        0.142620
FIRE:   92 05:59:25  -125836.617188        0.435348
FIRE:   93 05:59:25  -125836.617188        0.428255
FIRE:   94 05:59:26  -125836.617188        0.414171
FIRE:   95 05:59:26  -125836.617188        0.393509
FIRE:   96 05:59:26  -125836.617188        0.366551
FIRE:   97 05:59:26  -125836.625000        0.334020
FIRE:   98 05:59:26  -125836.617188        0.296689
FIRE:   99 05:59:26  -125836.617188        0.255561
FIRE:  100 05:59:26  -125836.617188        0.207015
FIRE:  101 05:59:26  -125836.617188        0.151910
FIRE:  102 05:59:26  -125836.617188        0.142697
FIRE:  103 05:59:26  -125836.617188        0.142787
FIRE:  104 05:59:26  -125836.617188        0.142878
FIRE:  105 05:59:26  -125836.617188        0.142959
FIRE:  106 05:59:26  -125836.617188        0.171169
FIRE:  107 05:59:26  -125836.632812        0.185155
FIRE:  108 05:59:26  -125836.625000        0.173491
FIRE:  109 05:59:26  -125836.625000        0.143048
FIRE:  110 05:59:26  -125836.664062        0.142998
FIRE:  111 05:59:27  -125836.632812        0.142957
FIRE:  112 05:59:27  -125836.640625        0.142979
FIRE:  113 05:59:27  -125836.640625        0.167893
FIRE:  114 05:59:27  -125836.648438        0.143513
FIRE:  115 05:59:27  -125836.656250        0.144125
FIRE:  116 05:59:27  -125836.664062        0.144971
FIRE:  117 05:59:27  -125836.679688        0.146761
FIRE:  118 05:59:27  -125836.679688        0.149094
FIRE:  119 05:59:27  -125836.703125        0.151956
FIRE:  120 05:59:27  -125836.710938        0.155702
FIRE:  121 05:59:27  -125836.734375        0.160414
FIRE:  122 05:59:27  -125836.757812        0.166031
FIRE:  123 05:59:27  -125836.789062        0.161299
FIRE:  124 05:59:27  -125836.828125        0.179076
FIRE:  125 05:59:27  -125836.875000        0.275426
FIRE:  126 05:59:27  -125836.914062        0.497699
FIRE:  127 05:59:27  -125836.953125        1.347678
FIRE:  128 05:59:28  -125836.960938        3.224386
FIRE:  129 05:59:28  -125837.046875        0.252375
FIRE:  130 05:59:28  -125836.968750        3.700718
FIRE:  131 05:59:28  -125836.953125        2.517538
FIRE:  132 05:59:28  -125837.000000        0.703845
FIRE:  133 05:59:28  -125837.039062        1.075109
FIRE:  134 05:59:28  -125837.070312        1.007625
FIRE:  135 05:59:28  -125837.039062        0.875815
FIRE:  136 05:59:28  -125837.078125        0.686550
FIRE:  137 05:59:28  -125837.039062        0.450522
FIRE:  138 05:59:28  -125837.054688        0.216237
FIRE:  139 05:59:28  -125837.054688        0.125125
FIRE:  140 05:59:28  -125837.039062        0.337998
FIRE:  141 05:59:28  -125837.054688        0.332746
FIRE:  142 05:59:28  -125837.046875        0.322242
FIRE:  143 05:59:28  -125837.046875        0.306821
FIRE:  144 05:59:28  -125837.046875        0.286723
FIRE:  145 05:59:28  -125837.046875        0.262501
FIRE:  146 05:59:29  -125837.046875        0.234651
FIRE:  147 05:59:29  -125837.046875        0.203952
FIRE:  148 05:59:29  -125837.039062        0.167727
FIRE:  149 05:59:29  -125837.054688        0.126503
FIRE:  150 05:59:29  -125837.046875        0.124696
FIRE:  151 05:59:29  -125837.046875        0.124637
FIRE:  152 05:59:29  -125837.054688        0.124563
FIRE:  153 05:59:29  -125837.054688        0.124467
FIRE:  154 05:59:29  -125837.015625        0.138682
FIRE:  155 05:59:29  -125837.046875        0.150917
FIRE:  156 05:59:29  -125837.023438        0.144701
FIRE:  157 05:59:29  -125837.000000        0.123758
FIRE:  158 05:59:29  -125837.054688        0.123477
FIRE:  159 05:59:29  -125837.078125        0.123149
FIRE:  160 05:59:29  -125837.070312        0.122780
FIRE:  161 05:59:29  -125837.062500        0.133990
FIRE:  162 05:59:29  -125837.062500        0.121949
FIRE:  163 05:59:30  -125837.078125        0.121502
FIRE:  164 05:59:30  -125837.046875        0.121258
FIRE:  165 05:59:30  -125837.117188        0.121048
FIRE:  166 05:59:30  -125837.085938        0.120876
FIRE:  167 05:59:30  -125837.093750        0.120862
FIRE:  168 05:59:30  -125837.125000        0.121167
FIRE:  169 05:59:30  -125837.109375        0.123635
FIRE:  170 05:59:30  -125837.156250        0.128475
FIRE:  171 05:59:30  -125837.171875        0.133402
FIRE:  172 05:59:30  -125837.226562        0.137228
FIRE:  173 05:59:30  -125837.234375        0.171887
FIRE:  174 05:59:30  -125837.242188        0.283175
FIRE:  175 05:59:30  -125837.289062        0.853665
FIRE:  176 05:59:30  -125837.335938        2.260055
FIRE:  177 05:59:30  -125837.390625        0.130161
FIRE:  178 05:59:30  -125837.312500        2.393537
FIRE:  179 05:59:30  -125837.343750        1.689377
FIRE:  180 05:59:31  -125837.343750        0.557228
FIRE:  181 05:59:31  -125837.351562        0.624523
FIRE:  182 05:59:31  -125837.335938        0.584692
FIRE:  183 05:59:31  -125837.359375        0.507257
FIRE:  184 05:59:31  -125837.359375        0.396940
FIRE:  185 05:59:31  -125837.359375        0.262812
FIRE:  186 05:59:31  -125837.375000        0.135357
FIRE:  187 05:59:31  -125837.367188        0.116499
FIRE:  188 05:59:31  -125837.375000        0.188082
FIRE:  189 05:59:31  -125837.367188        0.297004
FIRE:  190 05:59:31  -125837.367188        0.362139
FIRE:  191 05:59:31  -125837.375000        0.365489
FIRE:  192 05:59:31  -125837.359375        0.295031
FIRE:  193 05:59:31  -125837.375000        0.152729
FIRE:  194 05:59:31  -125837.382812        0.115412
FIRE:  195 05:59:31  -125837.390625        0.208404
FIRE:  196 05:59:31  -125837.367188        0.265680
FIRE:  197 05:59:32  -125837.406250        0.172385
FIRE:  198 05:59:32  -125837.382812        0.118462
FIRE:  199 05:59:32  -125837.367188        0.245666
FIRE:  200 05:59:32  -125837.406250        0.194905
FIRE:  201 05:59:32  -125837.375000        0.128639
FIRE:  202 05:59:32  -125837.421875        0.206336
FIRE:  203 05:59:32  -125837.398438        0.130028
FIRE:  204 05:59:32  -125837.421875        0.213917
FIRE:  205 05:59:32  -125837.445312        0.186879
FIRE:  206 05:59:32  -125837.492188        0.117614
FIRE:  207 05:59:32  -125837.492188        0.123025
FIRE:  208 05:59:32  -125837.554688        0.344113
FIRE:  209 05:59:32  -125837.546875        1.071123
FIRE:  210 05:59:32  -125837.539062        2.722754
FIRE:  211 05:59:32  -125837.632812        0.125306
FIRE:  212 05:59:32  -125837.546875        3.013131
FIRE:  213 05:59:32  -125837.578125        2.069154
FIRE:  214 05:59:32  -125837.609375        0.592672
FIRE:  215 05:59:33  -125837.601562        0.892591
FIRE:  216 05:59:33  -125837.585938        0.835443
FIRE:  217 05:59:33  -125837.601562        0.723975
FIRE:  218 05:59:33  -125837.601562        0.564471
FIRE:  219 05:59:33  -125837.617188        0.366538
FIRE:  220 05:59:33  -125837.570312        0.163383
FIRE:  221 05:59:33  -125837.609375        0.099802
FIRE:  222 05:59:33  -125837.601562        0.284769
FIRE:  223 05:59:33  -125837.601562        0.280225
FIRE:  224 05:59:33  -125837.609375        0.271214
FIRE:  225 05:59:33  -125837.578125        0.257884
FIRE:  226 05:59:33  -125837.578125        0.240635
FIRE:  227 05:59:33  -125837.593750        0.219733
FIRE:  228 05:59:33  -125837.617188        0.195778
FIRE:  229 05:59:33  -125837.593750        0.169355
FIRE:  230 05:59:33  -125837.593750        0.138159
FIRE:  231 05:59:33  -125837.578125        0.102876
FIRE:  232 05:59:34  -125837.601562        0.099763
FIRE:  233 05:59:34  -125837.578125        0.099761
FIRE:  234 05:59:34  -125837.585938        0.099759
FIRE:  235 05:59:34  -125837.585938        0.099747
FIRE:  236 05:59:34  -125837.585938        0.116462
FIRE:  237 05:59:34  -125837.593750        0.126275
FIRE:  238 05:59:34  -125837.632812        0.120372
FIRE:  239 05:59:34  -125837.593750        0.099606
FIRE:  240 05:59:34  -125837.609375        0.099531
FIRE:  241 05:59:34  -125837.601562        0.099433
FIRE:  242 05:59:34  -125837.585938        0.099308
FIRE:  243 05:59:34  -125837.617188        0.112317
FIRE:  244 05:59:34  -125837.601562        0.098981
FIRE:  245 05:59:34  -125837.585938        0.098752
FIRE:  246 05:59:34  -125837.671875        0.098447
FIRE:  247 05:59:34  -125837.617188        0.098058
FIRE:  248 05:59:34  -125837.671875        0.097573
FIRE:  249 05:59:35  -125837.617188        0.097231
FIRE:  250 05:59:35  -125837.632812        0.096340
FIRE:  251 05:59:35  -125837.625000        0.096834
FIRE:  252 05:59:35  -125837.648438        0.097745
FIRE:  253 05:59:35  -125837.687500        0.098868
FIRE:  254 05:59:35  -125837.671875        0.120009
FIRE:  255 05:59:35  -125837.648438        0.163402
FIRE:  256 05:59:36  -125837.750000        0.285466
FIRE:  257 05:59:36  -125837.750000        0.805994
FIRE:  258 05:59:36  -125837.773438        2.076053
FIRE:  259 05:59:38  -125837.812500        0.088059
FIRE:  260 05:59:38  -125837.789062        2.177878
FIRE:  261 05:59:38  -125837.812500        1.536630
FIRE:  262 05:59:38  -125837.828125        0.500851
FIRE:  263 05:59:38  -125837.812500        0.587327
FIRE:  264 05:59:38  -125837.812500        0.549539
FIRE:  265 05:59:38  -125837.812500        0.476067
FIRE:  266 05:59:38  -125837.820312        0.371482
FIRE:  267 05:59:38  -125837.820312        0.242628
FIRE:  268 05:59:38  -125837.828125        0.120065
FIRE:  269 05:59:38  -125837.820312        0.085941
FIRE:  270 05:59:38  -125837.820312        0.180047
FIRE:  271 05:59:38  -125837.820312        0.280595
FIRE:  272 05:59:38  -125837.820312        0.339308
FIRE:  273 05:59:39  -125837.828125        0.340099
FIRE:  274 05:59:39  -125837.820312        0.272487
FIRE:  275 05:59:39  -125837.835938        0.138276
FIRE:  276 05:59:39  -125837.835938        0.086673
FIRE:  277 05:59:39  -125837.828125        0.198737
FIRE:  278 05:59:39  -125837.843750        0.251495
FIRE:  279 05:59:39  -125837.843750        0.164087
FIRE:  280 05:59:39  -125837.843750        0.086920
FIRE:  281 05:59:39  -125837.835938        0.226351
FIRE:  282 05:59:39  -125837.750000        0.180998
FIRE:  283 05:59:39  -125837.757812        0.100968
FIRE:  284 05:59:39  -125837.765625        0.195915
FIRE:  285 05:59:39  -125837.773438        0.084258
FIRE:  286 05:59:39  -125837.796875        0.197379
FIRE:  287 05:59:39  -125837.796875        0.170442
FIRE:  288 05:59:39  -125837.820312        0.078464
FIRE:  289 05:59:39  -125837.828125        0.124287
FIRE:  290 05:59:39  -125837.867188        0.350110
FIRE:  291 05:59:39  -125837.859375        1.014430
FIRE:  292 05:59:40  -125837.851562        2.539243
FIRE:  293 05:59:40  -125837.867188        0.076245
FIRE:  294 05:59:40  -125837.859375        2.764886
FIRE:  295 05:59:40  -125837.898438        1.898816
FIRE:  296 05:59:40  -125837.906250        0.536377
FIRE:  297 05:59:40  -125837.906250        0.844183
FIRE:  298 05:59:40  -125837.914062        0.789355
FIRE:  299 05:59:40  -125837.867188        0.682735
FIRE:  300 05:59:40  -125837.898438        0.530209
FIRE:  301 05:59:40  -125837.914062        0.341202
FIRE:  302 05:59:40  -125837.914062        0.143880
FIRE:  303 05:59:40  -125837.875000        0.095844
FIRE:  304 05:59:40  -125837.875000        0.275717
FIRE:  305 05:59:40  -125837.914062        0.271252
FIRE:  306 05:59:40  -125837.914062        0.262250
FIRE:  307 05:59:40  -125837.890625        0.249106
FIRE:  308 05:59:40  -125837.875000        0.231950
FIRE:  309 05:59:41  -125837.914062        0.211287
FIRE:  310 05:59:41  -125837.906250        0.187425
FIRE:  311 05:59:41  -125837.875000        0.161206
FIRE:  312 05:59:41  -125837.882812        0.130194
FIRE:  313 05:59:41  -125837.875000        0.095065
FIRE:  314 05:59:41  -125837.914062        0.062654
FIRE:  315 05:59:41  -125837.906250        0.062653
FIRE:  316 05:59:41  -125837.882812        0.067949
FIRE:  317 05:59:41  -125837.890625        0.093165
FIRE:  318 05:59:41  -125837.906250        0.113198
FIRE:  319 05:59:41  -125837.921875        0.122017
FIRE:  320 05:59:41  -125837.898438        0.115312
FIRE:  321 05:59:41  -125837.898438        0.091800
FIRE:  322 05:59:41  -125837.898438        0.062757
FIRE:  323 05:59:41  -125837.914062        0.062783
FIRE:  324 05:59:41  -125837.914062        0.090462
FIRE:  325 05:59:41  -125837.921875        0.107833
FIRE:  326 05:59:42  -125837.914062        0.078063
FIRE:  327 05:59:42  -125837.921875        0.062666
FIRE:  328 05:59:42  -125837.914062        0.083684
FIRE:  329 05:59:42  -125837.914062        0.083767
FIRE:  330 05:59:42  -125837.890625        0.062082
FIRE:  331 05:59:42  -125838.015625        0.093647
FIRE:  332 05:59:42  -125838.015625        0.061108
FIRE:  333 05:59:42  -125838.023438        0.088322
FIRE:  334 05:59:42  -125838.031250        0.059414
FIRE:  335 05:59:42  -125838.039062        0.092608
FIRE:  336 05:59:42  -125838.070312        0.114429
FIRE:  337 05:59:42  -125838.070312        0.158828
FIRE:  338 05:59:42  -125838.085938        0.280132
FIRE:  339 05:59:42  -125838.117188        0.748346
FIRE:  340 05:59:42  -125838.109375        1.915663
FIRE:  341 05:59:42  -125838.125000        0.057228
FIRE:  342 05:59:42  -125838.125000        1.981865
FIRE:  343 05:59:43  -125838.117188        1.396819
FIRE:  344 05:59:43  -125838.125000        0.447753
FIRE:  345 05:59:43  -125838.132812        0.553733
FIRE:  346 05:59:43  -125838.125000        0.517761
FIRE:  347 05:59:43  -125838.140625        0.448017
FIRE:  348 05:59:43  -125838.140625        0.348617
FIRE:  349 05:59:43  -125838.148438        0.226401
FIRE:  350 05:59:43  -125838.148438        0.104776
FIRE:  351 05:59:43  -125838.140625        0.058503
FIRE:  352 05:59:43  -125838.148438        0.171301
FIRE:  353 05:59:43  -125838.148438        0.264215
FIRE:  354 05:59:43  -125838.148438        0.317045
FIRE:  355 05:59:43  -125838.132812        0.315702
FIRE:  356 05:59:43  -125838.132812        0.250427
FIRE:  357 05:59:43  -125838.148438        0.123292
FIRE:  358 05:59:43  -125838.132812        0.066298
FIRE:  359 05:59:43  -125838.132812        0.191410
FIRE:  360 05:59:44  -125838.140625        0.238721
FIRE:  361 05:59:44  -125838.140625        0.154706
FIRE:  362 05:59:44  -125838.164062        0.054167
FIRE:  363 05:59:44  -125838.140625        0.209820
FIRE:  364 05:59:44  -125838.085938        0.165861
FIRE:  365 05:59:44  -125838.039062        0.091039
FIRE:  366 05:59:44  -125838.093750        0.185139
FIRE:  367 05:59:44  -125838.062500        0.058434
FIRE:  368 05:59:44  -125838.085938        0.179989
FIRE:  369 05:59:44  -125838.117188        0.159418
FIRE:  370 05:59:44  -125838.117188        0.045205
