      Step     Time          Energy          fmax
FIRE:    0 00:46:54  -334988.750000        4.954789
FIRE:    1 00:46:55  -334990.625000        3.722788
FIRE:    2 00:46:57  -334991.656250        3.392228
FIRE:    3 00:46:57  -334992.843750        2.490119
FIRE:    4 00:46:58  -334993.375000        2.948014
FIRE:    5 00:46:58  -334994.531250        1.840519
FIRE:    6 00:46:58  -334994.906250        2.616668
FIRE:    7 00:46:58  -334995.750000        1.688590
FIRE:    8 00:46:58  -334996.000000        1.952766
FIRE:    9 00:46:58  -334996.625000        1.652895
FIRE:   10 00:46:58  -334997.125000        1.836477
FIRE:   11 00:46:58  -334997.468750        1.233670
FIRE:   12 00:46:58  -334997.843750        1.757537
FIRE:   13 00:46:58  -334998.187500        1.264350
FIRE:   14 00:46:58  -334998.562500        1.651263
FIRE:   15 00:46:58  -334998.968750        1.015133
FIRE:   16 00:46:58  -334999.000000        0.766245
FIRE:   17 00:46:58  -334999.593750        1.626713
FIRE:   18 00:46:58  -334999.843750        0.818347
FIRE:   19 00:46:58  -335000.156250        0.560152
FIRE:   20 00:46:58  -335000.343750        1.355777
FIRE:   21 00:46:58  -335000.593750        1.544268
FIRE:   22 00:46:58  -335000.843750        0.898744
FIRE:   23 00:46:58  -335001.031250        0.750304
FIRE:   24 00:46:58  -335000.937500        0.616494
FIRE:   25 00:46:59  -335001.093750        0.720966
FIRE:   26 00:46:59  -335001.312500        1.137073
FIRE:   27 00:46:59  -335001.437500        2.065042
FIRE:   28 00:46:59  -334999.593750        7.812766
FIRE:   29 00:46:59  -335001.656250        2.709761
FIRE:   30 00:46:59  -335001.562500        0.301465
FIRE:   31 00:46:59  -335001.562500        0.300443
FIRE:   32 00:46:59  -335001.625000        0.298401
FIRE:   33 00:46:59  -335001.906250        0.295317
FIRE:   34 00:46:59  -335001.906250        0.291202
FIRE:   35 00:46:59  -335001.875000        0.286117
FIRE:   36 00:46:59  -335001.593750        0.280190
FIRE:   37 00:46:59  -335001.625000        0.273603
FIRE:   38 00:46:59  -335001.656250        0.265817
FIRE:   39 00:46:59  -335001.687500        0.256957
FIRE:   40 00:46:59  -335001.750000        0.247164
FIRE:   41 00:46:59  -335001.750000        0.236390
FIRE:   42 00:46:59  -335001.812500        0.224404
FIRE:   43 00:47:00  -335001.906250        0.211338
FIRE:   44 00:47:00  -335001.906250        0.198039
FIRE:   45 00:47:00  -335001.968750        0.185686
FIRE:   46 00:47:00  -335002.062500        0.184714
FIRE:   47 00:47:00  -335002.156250        0.192407
FIRE:   48 00:47:00  -335002.468750        0.189264
FIRE:   49 00:47:01  -335002.625000        0.341999
FIRE:   50 00:47:01  -335002.750000        0.983226
FIRE:   51 00:47:01  -335002.812500        2.262154
FIRE:   52 00:47:02  -335002.937500        0.314009
FIRE:   53 00:47:02  -335002.937500        0.244174
FIRE:   54 00:47:02  -335002.937500        0.214045
FIRE:   55 00:47:02  -335002.968750        0.214718
FIRE:   56 00:47:02  -335002.968750        0.215665
FIRE:   57 00:47:02  -335002.968750        0.237503
FIRE:   58 00:47:02  -335002.968750        0.218065
FIRE:   59 00:47:02  -335002.968750        0.219235
FIRE:   60 00:47:02  -335003.000000        0.220248
FIRE:   61 00:47:02  -335003.000000        0.220899
FIRE:   62 00:47:02  -335003.031250        0.221065
FIRE:   63 00:47:02  -335003.031250        0.220806
FIRE:   64 00:47:02  -335003.062500        0.220470
FIRE:   65 00:47:02  -335003.093750        0.220572
FIRE:   66 00:47:02  -335003.125000        0.221169
FIRE:   67 00:47:02  -335003.187500        0.222658
FIRE:   68 00:47:02  -335003.218750        0.224199
FIRE:   69 00:47:02  -335003.125000        0.224267
FIRE:   70 00:47:02  -335003.125000        0.222669
FIRE:   71 00:47:02  -335003.531250        0.219167
FIRE:   72 00:47:02  -335003.593750        0.405837
FIRE:   73 00:47:02  -335003.718750        1.265768
FIRE:   74 00:47:03  -335003.687500        4.449955
FIRE:   75 00:47:03  -335003.875000        1.192212
FIRE:   76 00:47:03  -335003.875000        0.884812
FIRE:   77 00:47:03  -335003.875000        0.346064
FIRE:   78 00:47:03  -335003.875000        0.407119
FIRE:   79 00:47:03  -335003.875000        0.885985
FIRE:   80 00:47:03  -335003.875000        0.821052
FIRE:   81 00:47:03  -335003.875000        0.697100
FIRE:   82 00:47:03  -335003.875000        0.525634
FIRE:   83 00:47:03  -335003.875000        0.323135
FIRE:   84 00:47:03  -335003.906250        0.208485
FIRE:   85 00:47:03  -335003.906250        0.208696
FIRE:   86 00:47:03  -335003.906250        0.300423
FIRE:   87 00:47:03  -335003.906250        0.404235
FIRE:   88 00:47:03  -335003.906250        0.446785
FIRE:   89 00:47:03  -335003.906250        0.410246
FIRE:   90 00:47:03  -335003.906250        0.285335
FIRE:   91 00:47:03  -335003.906250        0.209221
FIRE:   92 00:47:04  -335003.906250        0.229642
FIRE:   93 00:47:04  -335003.937500        0.380806
FIRE:   94 00:47:04  -335003.937500        0.338523
FIRE:   95 00:47:04  -335003.937500        0.208793
FIRE:   96 00:47:04  -335003.968750        0.249959
FIRE:   97 00:47:04  -335003.968750        0.301971
FIRE:   98 00:47:04  -335004.000000        0.208197
FIRE:   99 00:47:04  -335004.031250        0.330264
FIRE:  100 00:47:04  -335004.062500        0.208808
FIRE:  101 00:47:04  -335004.093750        0.316427
FIRE:  102 00:47:04  -335004.156250        0.221834
FIRE:  103 00:47:04  -335004.218750        0.239948
FIRE:  104 00:47:04  -335004.281250        0.452279
FIRE:  105 00:47:04  -335004.375000        0.864671
FIRE:  106 00:47:04  -335004.437500        1.581064
FIRE:  107 00:47:04  -335004.500000        4.019881
FIRE:  108 00:47:04  -335004.562500        0.446552
FIRE:  109 00:47:04  -335004.562500        0.352308
FIRE:  110 00:47:05  -335004.562500        0.186745
FIRE:  111 00:47:05  -335004.562500        0.169044
FIRE:  112 00:47:05  -335004.562500        0.270496
FIRE:  113 00:47:05  -335004.593750        0.340271
FIRE:  114 00:47:05  -335004.593750        0.293361
FIRE:  115 00:47:05  -335004.593750        0.174004
FIRE:  116 00:47:05  -335004.593750        0.174854
FIRE:  117 00:47:05  -335004.593750        0.228237
FIRE:  118 00:47:05  -335004.625000        0.223101
FIRE:  119 00:47:05  -335004.625000        0.170415
FIRE:  120 00:47:05  -335004.625000        0.225914
FIRE:  121 00:47:05  -335004.687500        0.188281
FIRE:  122 00:47:07  -335004.468750        0.158240
FIRE:  123 00:47:07  -335004.500000        0.181128
FIRE:  124 00:47:07  -335004.531250        0.219280
FIRE:  125 00:47:07  -335004.500000        0.151736
FIRE:  126 00:47:07  -335004.812500        0.204593
FIRE:  127 00:47:07  -335004.875000        0.439985
FIRE:  128 00:47:07  -335004.937500        0.853639
FIRE:  129 00:47:07  -335005.000000        2.200812
FIRE:  130 00:47:07  -335004.937500        4.677792
FIRE:  131 00:47:07  -335005.093750        0.787094
FIRE:  132 00:47:07  -335004.968750        5.933297
FIRE:  133 00:47:07  -335005.062500        3.821779
FIRE:  134 00:47:07  -335005.125000        0.842063
FIRE:  135 00:47:07  -335005.093750        1.797318
FIRE:  136 00:47:08  -335005.093750        1.690778
FIRE:  137 00:47:08  -335005.093750        1.481274
FIRE:  138 00:47:08  -335005.125000        1.187290
FIRE:  139 00:47:08  -335005.125000        0.835322
FIRE:  140 00:47:08  -335005.125000        0.424520
FIRE:  141 00:47:08  -335005.125000        0.141215
FIRE:  142 00:47:08  -335005.125000        0.566939
FIRE:  143 00:47:08  -335005.125000        0.557983
FIRE:  144 00:47:08  -335005.125000        0.540186
FIRE:  145 00:47:08  -335005.125000        0.513995
FIRE:  146 00:47:08  -335005.125000        0.479895
FIRE:  147 00:47:08  -335005.125000        0.438647
FIRE:  148 00:47:08  -335005.125000        0.391201
FIRE:  149 00:47:08  -335005.125000        0.338651
FIRE:  150 00:47:08  -335005.125000        0.276306
FIRE:  151 00:47:08  -335005.125000        0.204288
FIRE:  152 00:47:08  -335005.125000        0.124332
FIRE:  153 00:47:08  -335005.125000        0.116270
FIRE:  154 00:47:08  -335005.125000        0.132744
FIRE:  155 00:47:09  -335005.125000        0.194498
FIRE:  156 00:47:09  -335005.125000        0.240613
FIRE:  157 00:47:09  -335004.843750        0.261486
FIRE:  158 00:47:09  -335004.843750        0.248743
FIRE:  159 00:47:09  -335004.875000        0.197507
FIRE:  160 00:47:09  -335004.906250        0.116039
FIRE:  161 00:47:09  -335004.906250        0.115985
FIRE:  162 00:47:09  -335004.937500        0.178515
FIRE:  163 00:47:09  -335005.156250        0.221384
FIRE:  164 00:47:09  -335005.156250        0.168321
FIRE:  165 00:47:09  -335005.156250        0.115669
FIRE:  166 00:47:09  -335005.187500        0.161930
FIRE:  167 00:47:09  -335005.187500        0.177789
FIRE:  168 00:47:09  -335005.187500        0.115346
FIRE:  169 00:47:09  -335005.218750        0.186645
FIRE:  170 00:47:09  -335005.218750        0.115029
FIRE:  171 00:47:09  -335005.250000        0.173523
FIRE:  172 00:47:09  -335005.281250        0.113688
FIRE:  173 00:47:10  -335005.000000        0.207870
FIRE:  174 00:47:10  -335005.093750        0.218054
FIRE:  175 00:47:10  -335005.125000        0.240715
FIRE:  176 00:47:10  -335005.156250        0.368871
FIRE:  177 00:47:10  -335005.312500        1.056716
FIRE:  178 00:47:10  -335005.562500        2.680733
FIRE:  179 00:47:10  -335005.625000        0.256040
FIRE:  180 00:47:10  -335005.562500        2.968804
FIRE:  181 00:47:10  -335005.593750        2.072892
FIRE:  182 00:47:10  -335005.625000        0.664336
FIRE:  183 00:47:10  -335005.625000        0.768610
FIRE:  184 00:47:10  -335005.625000        0.724832
FIRE:  185 00:47:10  -335005.625000        0.639486
FIRE:  186 00:47:10  -335005.625000        0.517140
FIRE:  187 00:47:10  -335005.625000        0.365356
FIRE:  188 00:47:10  -335005.625000        0.196364
FIRE:  189 00:47:10  -335005.687500        0.100462
FIRE:  190 00:47:11  -335005.625000        0.240632
FIRE:  191 00:47:11  -335005.687500        0.381064
FIRE:  192 00:47:11  -335005.625000        0.466484
FIRE:  193 00:47:11  -335005.625000        0.473796
FIRE:  194 00:47:11  -335005.625000        0.387401
FIRE:  195 00:47:11  -335005.625000        0.209007
FIRE:  196 00:47:11  -335005.625000        0.100534
FIRE:  197 00:47:11  -335005.625000        0.275255
FIRE:  198 00:47:11  -335005.656250        0.342522
FIRE:  199 00:47:11  -335005.656250        0.242378
FIRE:  200 00:47:11  -335005.656250        0.100225
FIRE:  201 00:47:11  -335005.656250        0.319088
FIRE:  202 00:47:11  -335005.687500        0.257087
FIRE:  203 00:47:11  -335005.687500        0.156103
FIRE:  204 00:47:11  -335005.718750        0.282939
FIRE:  205 00:47:11  -335005.718750        0.107266
FIRE:  206 00:47:11  -335005.750000        0.282769
FIRE:  207 00:47:11  -335005.781250        0.261557
FIRE:  208 00:47:12  -335005.812500        0.094089
FIRE:  209 00:47:12  -335005.906250        0.170262
FIRE:  210 00:47:12  -335005.906250        0.443552
FIRE:  211 00:47:12  -335005.937500        1.376468
FIRE:  212 00:47:12  -335006.000000        3.303473
FIRE:  213 00:47:12  -335006.093750        0.335515
FIRE:  214 00:47:12  -335006.000000        3.887399
FIRE:  215 00:47:12  -335006.031250        2.625667
FIRE:  216 00:47:12  -335006.093750        0.717506
FIRE:  217 00:47:12  -335006.093750        1.115642
FIRE:  218 00:47:12  -335006.093750        1.045235
FIRE:  219 00:47:12  -335006.062500        0.912211
FIRE:  220 00:47:12  -335006.093750        0.734107
FIRE:  221 00:47:12  -335006.062500        0.510724
FIRE:  222 00:47:12  -335006.093750        0.257519
FIRE:  223 00:47:12  -335006.125000        0.109821
FIRE:  224 00:47:12  -335006.093750        0.364719
FIRE:  225 00:47:13  -335006.031250        0.569850
FIRE:  226 00:47:13  -335006.031250        0.558779
FIRE:  227 00:47:13  -335006.031250        0.536900
FIRE:  228 00:47:13  -335006.031250        0.504731
FIRE:  229 00:47:13  -335006.031250        0.463090
FIRE:  230 00:47:13  -335006.031250        0.413113
FIRE:  231 00:47:13  -335006.031250        0.356093
FIRE:  232 00:47:13  -335006.031250        0.293709
FIRE:  233 00:47:13  -335006.031250        0.220939
FIRE:  234 00:47:13  -335006.031250        0.139141
FIRE:  235 00:47:13  -335006.031250        0.094485
FIRE:  236 00:47:13  -335006.031250        0.119983
FIRE:  237 00:47:13  -335006.031250        0.186092
FIRE:  238 00:47:13  -335006.031250        0.238661
FIRE:  239 00:47:13  -335006.031250        0.266630
FIRE:  240 00:47:13  -335006.031250        0.261137
FIRE:  241 00:47:13  -335006.031250        0.216317
FIRE:  242 00:47:14  -335006.031250        0.134694
FIRE:  243 00:47:14  -335006.062500        0.094917
FIRE:  244 00:47:14  -335006.062500        0.175289
FIRE:  245 00:47:14  -335006.062500        0.231271
FIRE:  246 00:47:14  -335006.062500        0.189298
FIRE:  247 00:47:14  -335006.062500        0.095513
FIRE:  248 00:47:14  -335006.062500        0.162148
FIRE:  249 00:47:14  -335006.093750        0.192800
FIRE:  250 00:47:14  -335006.093750        0.096414
FIRE:  251 00:47:14  -335006.093750        0.186552
FIRE:  252 00:47:14  -335006.125000        0.130090
FIRE:  253 00:47:14  -335006.125000        0.174672
FIRE:  254 00:47:14  -335006.156250        0.107909
FIRE:  255 00:47:14  -335006.187500        0.226626
FIRE:  256 00:47:14  -335006.218750        0.204215
FIRE:  257 00:47:14  -335006.250000        0.175481
FIRE:  258 00:47:14  -335006.312500        0.238327
FIRE:  259 00:47:14  -335006.375000        0.670323
FIRE:  260 00:47:15  -335006.406250        1.911645
FIRE:  261 00:47:15  -335006.437500        0.149936
FIRE:  262 00:47:15  -335006.406250        2.030351
FIRE:  263 00:47:15  -335006.437500        1.450532
FIRE:  264 00:47:15  -335006.437500        0.509765
FIRE:  265 00:47:15  -335006.437500        0.509203
FIRE:  266 00:47:15  -335006.437500        0.480774
FIRE:  267 00:47:15  -335006.437500        0.425528
FIRE:  268 00:47:15  -335006.437500        0.347260
FIRE:  269 00:47:15  -335006.437500        0.252029
FIRE:  270 00:47:15  -335006.437500        0.150715
FIRE:  271 00:47:15  -335006.437500        0.110295
FIRE:  272 00:47:15  -335006.437500        0.163891
FIRE:  273 00:47:15  -335006.187500        0.252548
FIRE:  274 00:47:15  -335006.125000        0.306511
FIRE:  275 00:47:15  -335006.125000        0.310083
FIRE:  276 00:47:15  -335006.187500        0.252526
FIRE:  277 00:47:15  -335006.125000        0.136535
FIRE:  278 00:47:16  -335006.218750        0.110394
FIRE:  279 00:47:16  -335006.218750        0.204482
FIRE:  280 00:47:16  -335006.250000        0.237490
FIRE:  281 00:47:16  -335006.218750        0.164750
FIRE:  282 00:47:16  -335006.156250        0.111742
FIRE:  283 00:47:16  -335006.218750        0.223228
FIRE:  284 00:47:16  -335006.281250        0.153445
FIRE:  285 00:47:16  -335006.281250        0.152545
FIRE:  286 00:47:16  -335006.312500        0.194512
FIRE:  287 00:47:16  -335006.250000        0.129112
FIRE:  288 00:47:16  -335006.656250        0.163664
FIRE:  289 00:47:16  -335006.687500        0.228426
FIRE:  290 00:47:16  -335006.718750        0.162508
FIRE:  291 00:47:16  -335006.750000        0.125396
FIRE:  292 00:47:16  -335006.718750        0.110715
FIRE:  293 00:47:16  -335006.843750        0.306310
FIRE:  294 00:47:16  -335006.468750        1.313450
FIRE:  295 00:47:17  -335006.343750        4.303690
FIRE:  296 00:47:17  -335006.656250        1.752231
FIRE:  297 00:47:17  -335006.656250        1.230074
FIRE:  298 00:47:17  -335006.687500        0.289963
FIRE:  299 00:47:17  -335006.718750        0.791479
FIRE:  300 00:47:17  -335006.625000        0.721697
FIRE:  301 00:47:17  -335006.656250        0.589330
FIRE:  302 00:47:17  -335006.750000        0.407922
FIRE:  303 00:47:17  -335006.687500        0.196625
FIRE:  304 00:47:17  -335006.687500        0.124101
FIRE:  305 00:47:17  -335006.687500        0.208657
FIRE:  306 00:47:17  -335006.687500        0.345640
FIRE:  307 00:47:17  -335006.687500        0.426212
FIRE:  308 00:47:17  -335006.718750        0.432042
FIRE:  309 00:47:17  -335006.687500        0.349257
FIRE:  310 00:47:17  -335006.687500        0.175709
FIRE:  311 00:47:17  -335006.687500        0.118973
FIRE:  312 00:47:18  -335006.625000        0.269713
FIRE:  313 00:47:18  -335006.718750        0.335499
FIRE:  314 00:47:18  -335006.687500        0.198705
FIRE:  315 00:47:18  -335006.656250        0.115087
FIRE:  316 00:47:18  -335006.718750        0.293951
FIRE:  317 00:47:18  -335006.656250        0.196113
FIRE:  318 00:47:18  -335006.750000        0.158300
FIRE:  319 00:47:18  -335006.750000        0.244749
FIRE:  320 00:47:18  -335007.000000        0.144441
FIRE:  321 00:47:18  -335007.125000        0.191793
FIRE:  322 00:47:18  -335006.812500        0.293206
FIRE:  323 00:47:18  -335006.875000        0.202165
FIRE:  324 00:47:18  -335006.875000        0.130499
FIRE:  325 00:47:18  -335006.937500        0.253955
FIRE:  326 00:47:18  -335007.031250        0.650073
FIRE:  327 00:47:18  -335007.000000        1.979955
FIRE:  328 00:47:18  -335007.000000        0.155335
FIRE:  329 00:47:19  -335007.000000        0.156455
FIRE:  330 00:47:19  -335007.031250        0.158983
FIRE:  331 00:47:19  -335007.062500        0.162434
FIRE:  332 00:47:19  -335007.031250        0.164898
FIRE:  333 00:47:19  -335007.093750        0.164516
FIRE:  334 00:47:19  -335007.000000        0.161185
FIRE:  335 00:47:19  -335007.093750        0.156910
FIRE:  336 00:47:19  -335007.093750        0.153762
FIRE:  337 00:47:19  -335007.093750        0.153093
FIRE:  338 00:47:19  -335007.093750        0.155201
FIRE:  339 00:47:19  -335007.093750        0.160918
FIRE:  340 00:47:19  -335007.375000        0.165265
FIRE:  341 00:47:19  -335007.125000        0.162673
FIRE:  342 00:47:19  -335007.437500        0.161810
FIRE:  343 00:47:19  -335007.406250        0.169800
FIRE:  344 00:47:19  -335007.437500        0.177196
FIRE:  345 00:47:19  -335007.500000        0.173256
FIRE:  346 00:47:20  -335007.468750        0.189686
FIRE:  347 00:47:20  -335007.500000        0.249848
FIRE:  348 00:47:20  -335007.343750        0.690239
FIRE:  349 00:47:20  -335007.343750        2.066974
FIRE:  350 00:47:20  -335007.375000        0.204229
FIRE:  351 00:47:20  -335007.375000        0.204144
FIRE:  352 00:47:20  -335007.312500        0.203935
FIRE:  353 00:47:20  -335007.468750        0.203599
FIRE:  354 00:47:20  -335007.406250        0.203131
FIRE:  355 00:47:20  -335007.406250        0.202536
FIRE:  356 00:47:20  -335007.500000        0.201927
FIRE:  357 00:47:20  -335007.500000        0.201381
FIRE:  358 00:47:20  -335007.468750        0.201028
FIRE:  359 00:47:20  -335007.437500        0.201053
FIRE:  360 00:47:20  -335007.375000        0.201611
FIRE:  361 00:47:20  -335007.500000        0.203076
FIRE:  362 00:47:20  -335007.468750        0.205285
FIRE:  363 00:47:21  -335007.406250        0.207752
FIRE:  364 00:47:21  -335007.500000        0.210054
FIRE:  365 00:47:21  -335007.500000        0.212467
FIRE:  366 00:47:21  -335007.500000        0.215331
FIRE:  367 00:47:21  -335007.562500        0.218204
FIRE:  368 00:47:21  -335007.625000        0.221919
FIRE:  369 00:47:21  -335007.937500        0.229039
FIRE:  370 00:47:21  -335008.000000        0.235143
FIRE:  371 00:47:21  -335007.750000        0.811364
FIRE:  372 00:47:21  -335008.031250        2.693178
FIRE:  373 00:47:21  -335008.093750        0.230588
FIRE:  374 00:47:21  -335008.062500        2.973977
FIRE:  375 00:47:21  -335008.031250        1.996193
FIRE:  376 00:47:21  -335008.125000        0.489932
FIRE:  377 00:47:21  -335008.062500        0.971962
FIRE:  378 00:47:21  -335008.125000        0.908690
FIRE:  379 00:47:21  -335008.062500        0.785339
FIRE:  380 00:47:22  -335008.125000        0.608763
FIRE:  381 00:47:22  -335008.031250        0.389795
FIRE:  382 00:47:22  -335008.093750        0.225421
FIRE:  383 00:47:22  -335007.812500        0.225540
FIRE:  384 00:47:22  -335007.875000        0.311251
FIRE:  385 00:47:22  -335007.843750        0.473751
FIRE:  386 00:47:22  -335007.812500        0.558455
FIRE:  387 00:47:22  -335007.750000        0.539563
FIRE:  388 00:47:22  -335007.843750        0.401902
FIRE:  389 00:47:22  -335007.812500        0.224856
FIRE:  390 00:47:22  -335007.812500        0.224379
FIRE:  391 00:47:22  -335007.843750        0.374676
FIRE:  392 00:47:22  -335007.843750        0.418944
FIRE:  393 00:47:22  -335007.843750        0.226800
FIRE:  394 00:47:22  -335007.843750        0.222781
FIRE:  395 00:47:22  -335007.875000        0.376527
FIRE:  396 00:47:22  -335007.875000        0.221742
FIRE:  397 00:47:23  -335007.875000        0.239127
FIRE:  398 00:47:23  -335007.906250        0.297870
FIRE:  399 00:47:23  -335008.250000        0.216490
FIRE:  400 00:47:23  -335008.218750        0.216024
FIRE:  401 00:47:23  -335008.250000        0.398127
FIRE:  402 00:47:23  -335008.312500        0.253522
FIRE:  403 00:47:23  -335008.281250        0.191785
FIRE:  404 00:47:23  -335008.312500        0.209085
FIRE:  405 00:47:23  -335008.375000        0.680030
FIRE:  406 00:47:23  -335008.468750        2.579507
FIRE:  407 00:47:23  -335008.468750        0.603549
FIRE:  408 00:47:23  -335008.468750        0.436104
FIRE:  409 00:47:23  -335008.531250        0.161632
FIRE:  410 00:47:23  -335008.500000        0.181257
FIRE:  411 00:47:23  -335008.500000        0.405324
FIRE:  412 00:47:23  -335008.468750        0.451687
FIRE:  413 00:47:23  -335008.500000        0.317772
FIRE:  414 00:47:24  -335008.468750        0.154674
FIRE:  415 00:47:24  -335008.531250        0.221718
FIRE:  416 00:47:24  -335008.500000        0.356645
FIRE:  417 00:47:24  -335008.562500        0.232190
FIRE:  418 00:47:24  -335008.531250        0.150142
FIRE:  419 00:47:24  -335008.468750        0.318056
FIRE:  420 00:47:24  -335008.562500        0.147193
FIRE:  421 00:47:24  -335008.562500        0.299979
FIRE:  422 00:47:24  -335008.593750        0.141062
FIRE:  423 00:47:24  -335008.593750        0.356233
FIRE:  424 00:47:24  -335008.625000        0.262748
FIRE:  425 00:47:24  -335008.656250        0.122155
FIRE:  426 00:47:24  -335008.406250        0.114087
FIRE:  427 00:47:24  -335008.375000        0.219731
FIRE:  428 00:47:24  -335008.468750        0.874982
FIRE:  429 00:47:24  -335008.312500        2.848195
FIRE:  430 00:47:24  -335008.531250        0.775454
FIRE:  431 00:47:25  -335008.531250        0.537992
FIRE:  432 00:47:25  -335008.562500        0.145987
FIRE:  433 00:47:25  -335008.562500        0.325687
FIRE:  434 00:47:25  -335008.593750        0.300464
FIRE:  435 00:47:25  -335008.562500        0.252215
FIRE:  436 00:47:25  -335008.562500        0.185607
FIRE:  437 00:47:25  -335008.562500        0.107121
FIRE:  438 00:47:25  -335008.562500        0.084495
FIRE:  439 00:47:25  -335008.562500        0.084621
FIRE:  440 00:47:25  -335008.562500        0.125902
FIRE:  441 00:47:25  -335008.562500        0.158942
FIRE:  442 00:47:25  -335008.562500        0.166020
FIRE:  443 00:47:25  -335008.562500        0.140784
FIRE:  444 00:47:25  -335008.500000        0.089575
FIRE:  445 00:47:25  -335008.562500        0.085179
FIRE:  446 00:47:25  -335008.562500        0.112690
FIRE:  447 00:47:25  -335008.562500        0.144204
FIRE:  448 00:47:26  -335008.562500        0.095220
FIRE:  449 00:47:26  -335008.593750        0.085933
FIRE:  450 00:47:26  -335008.593750        0.116908
FIRE:  451 00:47:26  -335008.593750        0.092120
FIRE:  452 00:47:26  -335008.593750        0.087292
FIRE:  453 00:47:26  -335008.625000        0.110666
FIRE:  454 00:47:26  -335008.625000        0.088292
FIRE:  455 00:47:26  -335008.593750        0.094926
FIRE:  456 00:47:26  -335008.625000        0.133847
FIRE:  457 00:47:26  -335008.593750        0.103878
FIRE:  458 00:47:26  -335008.718750        0.108121
FIRE:  459 00:47:26  -335008.750000        0.189387
FIRE:  460 00:47:26  -335008.781250        0.640371
FIRE:  461 00:47:26  -335008.812500        1.860499
FIRE:  462 00:47:26  -335008.906250        0.099197
FIRE:  463 00:47:26  -335008.750000        0.095670
FIRE:  464 00:47:26  -335008.843750        0.095753
FIRE:  465 00:47:27  -335008.843750        0.095868
FIRE:  466 00:47:27  -335008.812500        0.096011
FIRE:  467 00:47:27  -335008.843750        0.096187
FIRE:  468 00:47:27  -335008.843750        0.096348
FIRE:  469 00:47:27  -335008.843750        0.096503
FIRE:  470 00:47:27  -335008.750000        0.096642
FIRE:  471 00:47:27  -335008.843750        0.096803
FIRE:  472 00:47:27  -335008.812500        0.096987
FIRE:  473 00:47:27  -335008.937500        0.097224
FIRE:  474 00:47:27  -335008.843750        0.097581
FIRE:  475 00:47:27  -335008.937500        0.098103
FIRE:  476 00:47:27  -335008.875000        0.098755
FIRE:  477 00:47:27  -335008.906250        0.099313
FIRE:  478 00:47:27  -335008.906250        0.099723
FIRE:  479 00:47:27  -335008.937500        0.100161
FIRE:  480 00:47:27  -335009.031250        0.101598
FIRE:  481 00:47:27  -335008.968750        0.102982
FIRE:  482 00:47:28  -335009.031250        0.104450
FIRE:  483 00:47:28  -335009.093750        0.403408
FIRE:  484 00:47:28  -335008.968750        1.686354
FIRE:  485 00:47:28  -335009.000000        0.347493
FIRE:  486 00:47:28  -335009.093750        0.251168
FIRE:  487 00:47:28  -335009.093750        0.107876
FIRE:  488 00:47:28  -335009.031250        0.108144
FIRE:  489 00:47:28  -335009.093750        0.224241
FIRE:  490 00:47:28  -335009.093750        0.249332
FIRE:  491 00:47:28  -335009.062500        0.171806
FIRE:  492 00:47:28  -335009.093750        0.108764
FIRE:  493 00:47:28  -335009.125000        0.134692
FIRE:  494 00:47:28  -335009.062500        0.205578
FIRE:  495 00:47:28  -335009.125000        0.122608
FIRE:  496 00:47:28  -335009.093750        0.109751
FIRE:  497 00:47:28  -335009.062500        0.177046
FIRE:  498 00:47:28  -335009.125000        0.111002
FIRE:  499 00:47:29  -335009.125000        0.179074
FIRE:  500 00:47:29  -335009.187500        0.111850
FIRE:  501 00:47:29  -335009.187500        0.171647
FIRE:  502 00:47:29  -335009.187500        0.206295
FIRE:  503 00:47:29  -335009.218750        0.160283
FIRE:  504 00:47:29  -335009.218750        0.244469
FIRE:  505 00:47:29  -335009.156250        0.593444
FIRE:  506 00:47:29  -335009.187500        1.885570
FIRE:  507 00:47:29  -335009.312500        0.230442
FIRE:  508 00:47:29  -335009.312500        0.176206
FIRE:  509 00:47:29  -335009.312500        0.113148
FIRE:  510 00:47:29  -335009.343750        0.113145
FIRE:  511 00:47:29  -335009.343750        0.156657
FIRE:  512 00:47:29  -335009.312500        0.184046
FIRE:  513 00:47:29  -335009.312500        0.144780
FIRE:  514 00:47:29  -335009.312500        0.113574
FIRE:  515 00:47:29  -335009.312500        0.113750
FIRE:  516 00:47:30  -335009.343750        0.133720
FIRE:  517 00:47:30  -335009.281250        0.114075
FIRE:  518 00:47:30  -335009.312500        0.114163
FIRE:  519 00:47:30  -335009.250000        0.136833
FIRE:  520 00:47:30  -335009.343750        0.114481
FIRE:  521 00:47:30  -335009.343750        0.115673
FIRE:  522 00:47:30  -335009.312500        0.115219
FIRE:  523 00:47:30  -335009.343750        0.144788
FIRE:  524 00:47:30  -335009.343750        0.115137
FIRE:  525 00:47:30  -335009.406250        0.115108
FIRE:  526 00:47:30  -335009.437500        0.114935
FIRE:  527 00:47:30  -335009.406250        0.115098
FIRE:  528 00:47:30  -335009.437500        0.288186
FIRE:  529 00:47:30  -335009.750000        1.255310
FIRE:  530 00:47:30  -335009.593750        5.785926
FIRE:  531 00:47:30  -335009.718750        2.751647
FIRE:  532 00:47:30  -335009.750000        1.979993
FIRE:  533 00:47:31  -335009.781250        0.528984
FIRE:  534 00:47:31  -335009.781250        1.294765
FIRE:  535 00:47:31  -335009.781250        1.175981
FIRE:  536 00:47:31  -335009.781250        0.951816
FIRE:  537 00:47:31  -335009.781250        0.647372
FIRE:  538 00:47:31  -335009.781250        0.295469
FIRE:  539 00:47:31  -335009.781250        0.111991
FIRE:  540 00:47:31  -335009.781250        0.368389
FIRE:  541 00:47:31  -335009.781250        0.360780
FIRE:  542 00:47:31  -335009.781250        0.345695
FIRE:  543 00:47:31  -335009.781250        0.323351
FIRE:  544 00:47:31  -335009.781250        0.294435
FIRE:  545 00:47:31  -335009.781250        0.259410
FIRE:  546 00:47:31  -335009.781250        0.219248
FIRE:  547 00:47:31  -335009.781250        0.175106
FIRE:  548 00:47:31  -335009.781250        0.123268
FIRE:  549 00:47:31  -335009.781250        0.112198
FIRE:  550 00:47:32  -335009.781250        0.112090
FIRE:  551 00:47:32  -335009.781250        0.111975
FIRE:  552 00:47:32  -335009.781250        0.123427
FIRE:  553 00:47:32  -335009.781250        0.164910
FIRE:  554 00:47:32  -335009.781250        0.183620
FIRE:  555 00:47:32  -335009.781250        0.172131
FIRE:  556 00:47:32  -335009.812500        0.126400
FIRE:  557 00:47:32  -335009.812500        0.112040
FIRE:  558 00:47:32  -335009.812500        0.112218
FIRE:  559 00:47:32  -335009.812500        0.123795
FIRE:  560 00:47:32  -335009.812500        0.150299
FIRE:  561 00:47:32  -335009.812500        0.112469
FIRE:  562 00:47:32  -335009.812500        0.112317
FIRE:  563 00:47:32  -335009.812500        0.112104
FIRE:  564 00:47:32  -335009.812500        0.112012
FIRE:  565 00:47:32  -335009.812500        0.112139
FIRE:  566 00:47:32  -335009.843750        0.123426
FIRE:  567 00:47:32  -335009.843750        0.112010
FIRE:  568 00:47:33  -335009.843750        0.118747
FIRE:  569 00:47:33  -335009.875000        0.110850
FIRE:  570 00:47:33  -335009.875000        0.112758
FIRE:  571 00:47:33  -335009.906250        0.170237
FIRE:  572 00:47:33  -335009.906250        0.247635
FIRE:  573 00:47:33  -335009.937500        0.452535
FIRE:  574 00:47:33  -335009.968750        1.035832
FIRE:  575 00:47:33  -335009.625000        2.898766
FIRE:  576 00:47:33  -335009.687500        0.571526
FIRE:  577 00:47:33  -335009.750000        0.420380
FIRE:  578 00:47:33  -335009.750000        0.155664
FIRE:  579 00:47:33  -335009.687500        0.150464
FIRE:  580 00:47:33  -335009.750000        0.364539
FIRE:  581 00:47:33  -335009.781250        0.338538
FIRE:  582 00:47:33  -335009.750000        0.288622
FIRE:  583 00:47:33  -335009.781250        0.218748
FIRE:  584 00:47:33  -335009.750000        0.135099
FIRE:  585 00:47:34  -335009.750000        0.108826
FIRE:  586 00:47:34  -335009.750000        0.109036
FIRE:  587 00:47:34  -335009.750000        0.115790
FIRE:  588 00:47:34  -335009.812500        0.171105
FIRE:  589 00:47:34  -335009.750000        0.199130
FIRE:  590 00:47:34  -335009.750000        0.190405
FIRE:  591 00:47:34  -335009.687500        0.139456
FIRE:  592 00:47:34  -335009.750000        0.110159
FIRE:  593 00:47:34  -335009.687500        0.109671
FIRE:  594 00:47:34  -335009.781250        0.137306
FIRE:  595 00:47:34  -335009.781250        0.139853
FIRE:  596 00:47:34  -335009.812500        0.098761
FIRE:  597 00:47:34  -335009.812500        0.091213
FIRE:  598 00:47:34  -335009.781250        0.141199
FIRE:  599 00:47:34  -335009.781250        0.091199
FIRE:  600 00:47:34  -335009.781250        0.111356
FIRE:  601 00:47:34  -335009.781250        0.088229
FIRE:  602 00:47:35  -335009.812500        0.128147
FIRE:  603 00:47:35  -335009.812500        0.082242
FIRE:  604 00:47:35  -335009.812500        0.143325
FIRE:  605 00:47:35  -335009.875000        0.208838
FIRE:  606 00:47:35  -335010.156250        0.258697
FIRE:  607 00:47:35  -335010.218750        0.478629
FIRE:  608 00:47:35  -335010.218750        1.121818
FIRE:  609 00:47:35  -335010.250000        0.072157
FIRE:  610 00:47:35  -335010.187500        0.938176
FIRE:  611 00:47:35  -335010.218750        0.731481
FIRE:  612 00:47:35  -335010.250000        0.355898
FIRE:  613 00:47:35  -335010.187500        0.111762
FIRE:  614 00:47:35  -335010.187500        0.105011
FIRE:  615 00:47:35  -335010.187500        0.092004
FIRE:  616 00:47:35  -335010.218750        0.076090
FIRE:  617 00:47:35  -335010.187500        0.071996
FIRE:  618 00:47:35  -335010.218750        0.071989
FIRE:  619 00:47:36  -335010.218750        0.071983
FIRE:  620 00:47:36  -335010.250000        0.071977
FIRE:  621 00:47:36  -335010.218750        0.071967
FIRE:  622 00:47:36  -335010.187500        0.071953
FIRE:  623 00:47:36  -335010.218750        0.071934
FIRE:  624 00:47:36  -335010.187500        0.071924
FIRE:  625 00:47:36  -335010.218750        0.071905
FIRE:  626 00:47:36  -335010.187500        0.071893
FIRE:  627 00:47:36  -335010.281250        0.071910
FIRE:  628 00:47:36  -335010.218750        0.071942
FIRE:  629 00:47:36  -335010.218750        0.072022
FIRE:  630 00:47:36  -335010.250000        0.072151
FIRE:  631 00:47:36  -335010.187500        0.072330
FIRE:  632 00:47:36  -335010.187500        0.072533
FIRE:  633 00:47:36  -335010.281250        0.072782
FIRE:  634 00:47:36  -335010.250000        0.073111
FIRE:  635 00:47:36  -335010.250000        0.073522
FIRE:  636 00:47:37  -335010.218750        0.073977
FIRE:  637 00:47:37  -335010.281250        0.074392
FIRE:  638 00:47:37  -335010.312500        0.075035
FIRE:  639 00:47:37  -335010.250000        0.075919
FIRE:  640 00:47:37  -335010.312500        0.095156
FIRE:  641 00:47:37  -335010.343750        0.303865
FIRE:  642 00:47:37  -335010.343750        1.005811
FIRE:  643 00:47:37  -335010.281250        2.894171
FIRE:  644 00:47:37  -335010.375000        0.234133
FIRE:  645 00:47:37  -335010.375000        0.167773
FIRE:  646 00:47:37  -335010.343750        0.078692
FIRE:  647 00:47:37  -335010.343750        0.085141
FIRE:  648 00:47:37  -335010.375000        0.147544
FIRE:  649 00:47:37  -335010.375000        0.152358
FIRE:  650 00:47:37  -335010.343750        0.101390
FIRE:  651 00:47:37  -335010.343750        0.079431
FIRE:  652 00:47:37  -335010.375000        0.108063
FIRE:  653 00:47:38  -335010.312500        0.136223
FIRE:  654 00:47:38  -335010.406250        0.080072
FIRE:  655 00:47:38  -335010.375000        0.085066
FIRE:  656 00:47:38  -335010.437500        0.108448
FIRE:  657 00:47:38  -335010.406250        0.081842
FIRE:  658 00:47:38  -335010.437500        0.117958
FIRE:  659 00:47:38  -335010.406250        0.083093
FIRE:  660 00:47:38  -335010.437500        0.083662
FIRE:  661 00:47:38  -335010.437500        0.147849
FIRE:  662 00:47:38  -335010.437500        0.187321
FIRE:  663 00:47:38  -335010.468750        0.350856
FIRE:  664 00:47:38  -335010.468750        0.736217
FIRE:  665 00:47:38  -335010.468750        2.083169
FIRE:  666 00:47:38  -335010.500000        0.310819
FIRE:  667 00:47:38  -335010.500000        0.232985
FIRE:  668 00:47:38  -335010.500000        0.098568
FIRE:  669 00:47:38  -335010.500000        0.096623
FIRE:  670 00:47:39  -335010.500000        0.216539
FIRE:  671 00:47:39  -335010.500000        0.251123
FIRE:  672 00:47:39  -335010.500000        0.194852
FIRE:  673 00:47:39  -335010.500000        0.079649
FIRE:  674 00:47:39  -335010.500000        0.095158
FIRE:  675 00:47:39  -335010.500000        0.175348
FIRE:  676 00:47:39  -335010.500000        0.140545
FIRE:  677 00:47:39  -335010.500000        0.079030
FIRE:  678 00:47:39  -335010.500000        0.176972
FIRE:  679 00:47:39  -335010.500000        0.097096
FIRE:  680 00:47:39  -335010.531250        0.138374
FIRE:  681 00:47:39  -335010.531250        0.089986
FIRE:  682 00:47:39  -335010.531250        0.194095
FIRE:  683 00:47:39  -335010.531250        0.077097
FIRE:  684 00:47:39  -335010.562500        0.076794
FIRE:  685 00:47:39  -335010.562500        0.240276
FIRE:  686 00:47:39  -335010.562500        0.539083
FIRE:  687 00:47:40  -335010.562500        1.375740
FIRE:  688 00:47:40  -335010.593750        0.085851
FIRE:  689 00:47:40  -335010.593750        0.085938
FIRE:  690 00:47:40  -335010.593750        0.086106
FIRE:  691 00:47:40  -335010.593750        0.086363
FIRE:  692 00:47:40  -335010.593750        0.086697
FIRE:  693 00:47:40  -335010.593750        0.087116
FIRE:  694 00:47:40  -335010.593750        0.087611
FIRE:  695 00:47:40  -335010.593750        0.088206
FIRE:  696 00:47:40  -335010.593750        0.088978
FIRE:  697 00:47:40  -335010.593750        0.090007
FIRE:  698 00:47:40  -335010.593750        0.091400
FIRE:  699 00:47:40  -335010.593750        0.093330
FIRE:  700 00:47:40  -335010.593750        0.095940
FIRE:  701 00:47:40  -335010.593750        0.099357
FIRE:  702 00:47:40  -335010.625000        0.103546
FIRE:  703 00:47:40  -335010.625000        0.107897
FIRE:  704 00:47:41  -335010.625000        0.110958
FIRE:  705 00:47:41  -335010.625000        0.109357
FIRE:  706 00:47:41  -335010.625000        0.087570
FIRE:  707 00:47:41  -335010.656250        0.128079
FIRE:  708 00:47:41  -335010.656250        0.091005
FIRE:  709 00:47:41  -335010.625000        0.326246
FIRE:  710 00:47:41  -335010.687500        1.123186
FIRE:  711 00:47:41  -335010.687500        0.071492
FIRE:  712 00:47:41  -335010.687500        0.071613
FIRE:  713 00:47:41  -335010.687500        0.071822
FIRE:  714 00:47:41  -335010.687500        0.072068
FIRE:  715 00:47:41  -335010.687500        0.072203
FIRE:  716 00:47:41  -335010.687500        0.072102
FIRE:  717 00:47:41  -335010.687500        0.071611
FIRE:  718 00:47:41  -335010.687500        0.070665
FIRE:  719 00:47:41  -335010.687500        0.069122
FIRE:  720 00:47:41  -335010.687500        0.067016
FIRE:  721 00:47:42  -335010.718750        0.064589
FIRE:  722 00:47:42  -335010.718750        0.062254
FIRE:  723 00:47:42  -335010.718750        0.060288
FIRE:  724 00:47:42  -335010.718750        0.058497
FIRE:  725 00:47:42  -335010.375000        0.059494
FIRE:  726 00:47:42  -335010.343750        0.062064
FIRE:  727 00:47:42  -335010.500000        0.064516
FIRE:  728 00:47:42  -335010.437500        0.065276
FIRE:  729 00:47:42  -335010.531250        0.065172
FIRE:  730 00:47:42  -335010.500000        0.065993
FIRE:  731 00:47:42  -335010.750000        0.100578
FIRE:  732 00:47:42  -335010.781250        0.429495
FIRE:  733 00:47:42  -335010.812500        1.500527
FIRE:  734 00:47:42  -335010.781250        0.170223
FIRE:  735 00:47:42  -335010.718750        0.123770
FIRE:  736 00:47:42  -335010.812500        0.055038
FIRE:  737 00:47:42  -335010.812500        0.058440
FIRE:  738 00:47:43  -335010.718750        0.104728
FIRE:  739 00:47:43  -335010.718750        0.111384
FIRE:  740 00:47:43  -335010.718750        0.077826
FIRE:  741 00:47:43  -335010.718750        0.053943
FIRE:  742 00:47:43  -335010.750000        0.073151
FIRE:  743 00:47:43  -335010.750000        0.099676
FIRE:  744 00:47:43  -335010.750000        0.053740
FIRE:  745 00:47:43  -335010.750000        0.056180
FIRE:  746 00:47:43  -335010.750000        0.082025
FIRE:  747 00:47:43  -335010.750000        0.050497
FIRE:  748 00:47:43  -335010.750000        0.089151
FIRE:  749 00:47:43  -335010.750000        0.048226
