      Step     Time          Energy          fmax
FIRE:    0 01:14:27  -801574.000000        7.361541
FIRE:    1 01:14:28  -801578.875000        6.890729
FIRE:    2 01:14:30  -801581.250000        4.509820
FIRE:    3 01:14:30  -801582.937500        3.268219
FIRE:    4 01:14:30  -801583.937500        2.493990
FIRE:    5 01:14:30  -801584.062500        5.293087
FIRE:    6 01:14:30  -801584.500000        4.220374
FIRE:    7 01:14:30  -801585.062500        2.531222
FIRE:    8 01:14:30  -801585.375000        1.915717
FIRE:    9 01:14:30  -801585.562500        2.130955
FIRE:   10 01:14:30  -801585.812500        1.791628
FIRE:   11 01:14:30  -801586.000000        2.255053
FIRE:   12 01:14:30  -801586.187500        2.410602
FIRE:   13 01:14:30  -801586.625000        2.275020
FIRE:   14 01:14:30  -801587.187500        1.720796
FIRE:   15 01:14:30  -801587.625000        1.454043
FIRE:   16 01:14:30  -801588.062500        1.367561
FIRE:   17 01:14:32  -801588.500000        1.983125
FIRE:   18 01:14:32  -801589.000000        2.190406
FIRE:   19 01:14:32  -801589.375000        1.119945
FIRE:   20 01:14:32  -801589.750000        0.754802
FIRE:   21 01:14:32  -801590.062500        1.443551
FIRE:   22 01:14:32  -801590.437500        1.427620
FIRE:   23 01:14:32  -801590.812500        0.826708
FIRE:   24 01:14:32  -801591.312500        0.620513
FIRE:   25 01:14:32  -801591.437500        1.296253
FIRE:   26 01:14:32  -801591.750000        0.862168
FIRE:   27 01:14:32  -801592.000000        0.616840
FIRE:   28 01:14:32  -801592.437500        0.782026
FIRE:   29 01:14:32  -801592.687500        0.767201
FIRE:   30 01:14:32  -801592.875000        0.737885
FIRE:   31 01:14:34  -801592.062500        0.802940
FIRE:   32 01:14:34  -801593.312500        0.843500
FIRE:   33 01:14:34  -801593.562500        1.045299
FIRE:   34 01:14:34  -801593.812500        1.151702
FIRE:   35 01:14:34  -801594.000000        1.544052
FIRE:   36 01:14:34  -801594.187500        2.015635
FIRE:   37 01:14:34  -801594.375000        2.890569
FIRE:   38 01:14:34  -801592.625000        9.952187
FIRE:   39 01:14:34  -801594.250000        4.047783
FIRE:   40 01:14:34  -801594.500000        1.399381
FIRE:   41 01:14:34  -801594.437500        3.130553
FIRE:   42 01:14:34  -801594.437500        2.442992
FIRE:   43 01:14:34  -801594.500000        1.285576
FIRE:   44 01:14:34  -801594.500000        0.392521
FIRE:   45 01:14:35  -801594.500000        1.068904
FIRE:   46 01:14:35  -801594.500000        1.016974
FIRE:   47 01:14:35  -801594.500000        0.932505
FIRE:   48 01:14:35  -801594.500000        0.811471
FIRE:   49 01:14:35  -801594.500000        0.657458
FIRE:   50 01:14:35  -801594.500000        0.478282
FIRE:   51 01:14:35  -801594.500000        0.386836
FIRE:   52 01:14:35  -801594.500000        0.385364
FIRE:   53 01:14:35  -801594.500000        0.383540
FIRE:   54 01:14:35  -801594.500000        0.558849
FIRE:   55 01:14:35  -801594.500000        0.685240
FIRE:   56 01:14:35  -801594.562500        0.711115
FIRE:   57 01:14:35  -801594.562500        0.613162
FIRE:   58 01:14:35  -801594.562500        0.387783
FIRE:   59 01:14:35  -801594.562500        0.363569
FIRE:   60 01:14:35  -801594.562500        0.357071
FIRE:   61 01:14:35  -801594.562500        0.467122
FIRE:   62 01:14:35  -801594.625000        0.408345
FIRE:   63 01:14:35  -801594.625000        0.324111
FIRE:   64 01:14:35  -801594.625000        0.390793
FIRE:   65 01:14:36  -801594.687500        0.481104
FIRE:   66 01:14:36  -801594.687500        0.261115
FIRE:   67 01:14:36  -801594.750000        0.400757
FIRE:   68 01:14:36  -801594.750000        0.239972
FIRE:   69 01:14:36  -801593.625000        0.492855
FIRE:   70 01:14:36  -801593.687500        0.137437
FIRE:   71 01:14:36  -801594.312500        0.432818
FIRE:   72 01:14:36  -801594.312500        0.654267
FIRE:   73 01:14:36  -801594.000000        0.603117
FIRE:   74 01:14:36  -801594.000000        1.058804
FIRE:   75 01:14:36  -801594.187500        2.031459
FIRE:   76 01:14:36  -801594.250000        0.254150
FIRE:   77 01:14:36  -801594.062500        2.096807
FIRE:   78 01:14:36  -801594.187500        1.546806
FIRE:   79 01:14:36  -801594.125000        0.637180
FIRE:   80 01:14:36  -801594.312500        0.404635
FIRE:   81 01:14:36  -801594.125000        0.385328
FIRE:   82 01:14:37  -801594.187500        0.347831
FIRE:   83 01:14:37  -801594.125000        0.295024
FIRE:   84 01:14:37  -801594.125000        0.231269
FIRE:   85 01:14:37  -801594.250000        0.168178
FIRE:   86 01:14:37  -801594.125000        0.167434
FIRE:   87 01:14:37  -801594.125000        0.166534
FIRE:   88 01:14:37  -801594.125000        0.213299
FIRE:   89 01:14:37  -801594.250000        0.260879
FIRE:   90 01:14:37  -801594.125000        0.273541
FIRE:   91 01:14:37  -801594.125000        0.240878
FIRE:   92 01:14:37  -801594.125000        0.163112
FIRE:   93 01:14:37  -801594.250000        0.153851
FIRE:   94 01:14:37  -801594.125000        0.169156
FIRE:   95 01:14:37  -801594.250000        0.225778
FIRE:   96 01:14:37  -801594.312500        0.343110
FIRE:   97 01:14:37  -801594.187500        0.383301
FIRE:   98 01:14:37  -801594.187500        0.257570
FIRE:   99 01:14:38  -801594.250000        0.188370
FIRE:  100 01:14:38  -801594.375000        0.162673
FIRE:  101 01:14:38  -801594.250000        0.239168
FIRE:  102 01:14:38  -801594.375000        0.135039
FIRE:  103 01:14:38  -801594.500000        0.193261
FIRE:  104 01:14:38  -801594.312500        0.158443
FIRE:  105 01:14:38  -801594.375000        0.117739
FIRE:  106 01:14:38  -801595.625000        0.196653
FIRE:  107 01:14:38  -801595.562500        0.351571
FIRE:  108 01:14:38  -801595.750000        1.029418
FIRE:  109 01:14:38  -801595.750000        2.390165
FIRE:  110 01:14:38  -801595.812500        0.257056
FIRE:  111 01:14:38  -801595.812500        2.517439
FIRE:  112 01:14:38  -801595.812500        1.818291
FIRE:  113 01:14:38  -801595.812500        0.682751
FIRE:  114 01:14:38  -801595.812500        0.520149
FIRE:  115 01:14:38  -801595.812500        0.486944
FIRE:  116 01:14:39  -801595.812500        0.433916
FIRE:  117 01:14:39  -801595.875000        0.358676
FIRE:  118 01:14:39  -801595.875000        0.266634
FIRE:  119 01:14:39  -801595.937500        0.167884
FIRE:  120 01:14:39  -801595.875000        0.100245
FIRE:  121 01:14:39  -801595.875000        0.168368
FIRE:  122 01:14:39  -801595.875000        0.264642
FIRE:  123 01:14:39  -801595.875000        0.328111
FIRE:  124 01:14:39  -801595.937500        0.340667
FIRE:  125 01:14:39  -801595.875000        0.289947
FIRE:  126 01:14:39  -801595.875000        0.176143
FIRE:  127 01:14:39  -801595.875000        0.093356
FIRE:  128 01:14:39  -801595.875000        0.186397
FIRE:  129 01:14:39  -801595.875000        0.235106
FIRE:  130 01:14:39  -801595.875000        0.184070
FIRE:  131 01:14:39  -801595.875000        0.106221
FIRE:  132 01:14:39  -801595.875000        0.224630
FIRE:  133 01:14:40  -801595.875000        0.202272
FIRE:  134 01:14:40  -801595.937500        0.114631
FIRE:  135 01:14:40  -801595.937500        0.202747
FIRE:  136 01:14:40  -801595.937500        0.096658
FIRE:  137 01:14:40  -801595.875000        0.220905
FIRE:  138 01:14:40  -801595.875000        0.168783
FIRE:  139 01:14:40  -801596.000000        0.089537
FIRE:  140 01:14:40  -801595.875000        0.180002
FIRE:  141 01:14:40  -801595.625000        0.374520
FIRE:  142 01:14:40  -801595.750000        1.095001
FIRE:  143 01:14:40  -801596.000000        2.570217
FIRE:  144 01:14:40  -801596.125000        0.225991
FIRE:  145 01:14:40  -801595.750000        2.759476
FIRE:  146 01:14:40  -801595.687500        1.958577
FIRE:  147 01:14:40  -801595.750000        0.675418
FIRE:  148 01:14:40  -801596.125000        0.657794
FIRE:  149 01:14:40  -801595.250000        0.616164
FIRE:  150 01:14:41  -801595.937500        0.535266
FIRE:  151 01:14:41  -801596.125000        0.419765
FIRE:  152 01:14:41  -801596.125000        0.292681
FIRE:  153 01:14:41  -801596.125000        0.160662
FIRE:  154 01:14:41  -801596.125000        0.117434
FIRE:  155 01:14:41  -801595.750000        0.198583
FIRE:  156 01:14:41  -801595.250000        0.318696
FIRE:  157 01:14:41  -801596.125000        0.393916
FIRE:  158 01:14:41  -801595.750000        0.404667
FIRE:  159 01:14:41  -801596.125000        0.337044
FIRE:  160 01:14:41  -801595.750000        0.190607
FIRE:  161 01:14:41  -801596.062500        0.115333
FIRE:  162 01:14:41  -801596.062500        0.201612
FIRE:  163 01:14:41  -801595.750000        0.278213
FIRE:  164 01:14:41  -801596.125000        0.198599
FIRE:  165 01:14:41  -801596.062500        0.112706
FIRE:  166 01:14:41  -801596.062500        0.257583
FIRE:  167 01:14:42  -801595.687500        0.237012
FIRE:  168 01:14:42  -801595.875000        0.110821
FIRE:  169 01:14:42  -801596.187500        0.224482
FIRE:  170 01:14:42  -801596.187500        0.110730
FIRE:  171 01:14:42  -801596.187500        0.263661
FIRE:  172 01:14:42  -801595.875000        0.159430
FIRE:  173 01:14:42  -801595.187500        0.116837
FIRE:  174 01:14:42  -801595.375000        0.279820
FIRE:  175 01:14:42  -801596.250000        0.587877
FIRE:  176 01:14:42  -801596.125000        1.434982
FIRE:  177 01:14:42  -801596.000000        3.226352
FIRE:  178 01:14:42  -801596.437500        0.256879
FIRE:  179 01:14:42  -801595.937500        3.640108
FIRE:  180 01:14:42  -801595.562500        2.498860
FIRE:  181 01:14:42  -801596.062500        0.733242
FIRE:  182 01:14:42  -801596.375000        1.012297
FIRE:  183 01:14:42  -801596.375000        0.948506
FIRE:  184 01:14:43  -801596.125000        0.824154
FIRE:  185 01:14:43  -801596.375000        0.645706
FIRE:  186 01:14:43  -801596.125000        0.423495
FIRE:  187 01:14:43  -801596.062500        0.206045
FIRE:  188 01:14:43  -801596.125000        0.162659
FIRE:  189 01:14:43  -801596.125000        0.313224
FIRE:  190 01:14:43  -801595.937500        0.495206
FIRE:  191 01:14:43  -801596.375000        0.602919
FIRE:  192 01:14:43  -801596.375000        0.609441
FIRE:  193 01:14:43  -801596.125000        0.495919
FIRE:  194 01:14:43  -801595.937500        0.262902
FIRE:  195 01:14:43  -801596.062500        0.167581
FIRE:  196 01:14:43  -801596.437500        0.327987
FIRE:  197 01:14:43  -801596.437500        0.441227
FIRE:  198 01:14:43  -801596.125000        0.317378
FIRE:  199 01:14:43  -801596.125000        0.179843
FIRE:  200 01:14:44  -801596.437500        0.372500
FIRE:  201 01:14:44  -801596.500000        0.355492
FIRE:  202 01:14:44  -801595.625000        0.205207
FIRE:  203 01:14:44  -801596.500000        0.348887
FIRE:  204 01:14:44  -801596.562500        0.202358
FIRE:  205 01:14:44  -801596.000000        0.399542
FIRE:  206 01:14:44  -801596.187500        0.200970
FIRE:  207 01:14:44  -801596.625000        0.202029
FIRE:  208 01:14:44  -801596.562500        0.502866
FIRE:  209 01:14:44  -801595.625000        0.871335
FIRE:  210 01:14:44  -801596.187500        1.780350
FIRE:  211 01:14:44  -801595.750000        0.226336
FIRE:  212 01:14:44  -801596.750000        1.371731
FIRE:  213 01:14:44  -801595.875000        1.086294
FIRE:  214 01:14:44  -801596.250000        0.560787
FIRE:  215 01:14:44  -801595.687500        0.227031
FIRE:  216 01:14:44  -801596.750000        0.694413
FIRE:  217 01:14:45  -801596.250000        0.654878
FIRE:  218 01:14:45  -801596.437500        0.578462
FIRE:  219 01:14:45  -801596.437500        0.470488
FIRE:  220 01:14:45  -801596.500000        0.338436
FIRE:  221 01:14:45  -801596.250000        0.227749
FIRE:  222 01:14:45  -801596.687500        0.227915
FIRE:  223 01:14:45  -801596.687500        0.228106
FIRE:  224 01:14:45  -801596.375000        0.228341
FIRE:  225 01:14:45  -801596.750000        0.296699
FIRE:  226 01:14:45  -801596.750000        0.332134
FIRE:  227 01:14:45  -801596.250000        0.304063
FIRE:  228 01:14:45  -801596.750000        0.229829
FIRE:  229 01:14:45  -801596.750000        0.230395
FIRE:  230 01:14:45  -801595.687500        0.231085
FIRE:  231 01:14:45  -801596.375000        0.272936
FIRE:  232 01:14:45  -801596.000000        0.267103
FIRE:  233 01:14:45  -801596.437500        0.234134
FIRE:  234 01:14:46  -801596.187500        0.235479
FIRE:  235 01:14:46  -801596.312500        0.236979
FIRE:  236 01:14:46  -801596.437500        0.238748
FIRE:  237 01:14:46  -801595.875000        0.241084
FIRE:  238 01:14:46  -801595.875000        0.244050
FIRE:  239 01:14:46  -801595.750000        0.242511
FIRE:  240 01:14:46  -801595.812500        0.238517
FIRE:  241 01:14:46  -801595.875000        0.290439
FIRE:  242 01:14:46  -801595.875000        0.287676
FIRE:  243 01:14:46  -801596.937500        0.338701
FIRE:  244 01:14:46  -801597.000000        0.577491
FIRE:  245 01:14:46  -801597.000000        1.564951
FIRE:  246 01:14:46  -801596.625000        3.906907
FIRE:  247 01:14:46  -801596.625000        0.174260
FIRE:  248 01:14:46  -801597.000000        4.693873
FIRE:  249 01:14:46  -801597.062500        3.045256
FIRE:  250 01:14:46  -801596.625000        0.627335
FIRE:  251 01:14:47  -801597.000000        1.592606
FIRE:  252 01:14:47  -801597.000000        1.490591
FIRE:  253 01:14:47  -801597.000000        1.290971
FIRE:  254 01:14:47  -801597.125000        1.002915
FIRE:  255 01:14:47  -801597.062500        0.641084
FIRE:  256 01:14:47  -801596.812500        0.254264
FIRE:  257 01:14:47  -801596.750000        0.205484
FIRE:  258 01:14:47  -801596.625000        0.202383
FIRE:  259 01:14:47  -801596.687500        0.196188
FIRE:  260 01:14:47  -801596.812500        0.186900
FIRE:  261 01:14:47  -801597.125000        0.175014
FIRE:  262 01:14:47  -801597.125000        0.160608
FIRE:  263 01:14:47  -801597.062500        0.144035
FIRE:  264 01:14:47  -801596.562500        0.141108
FIRE:  265 01:14:47  -801597.125000        0.140974
FIRE:  266 01:14:47  -801597.125000        0.140801
FIRE:  267 01:14:47  -801596.812500        0.140588
FIRE:  268 01:14:48  -801597.125000        0.140315
FIRE:  269 01:14:48  -801597.125000        0.139980
FIRE:  270 01:14:48  -801597.062500        0.139564
FIRE:  271 01:14:48  -801596.625000        0.139055
FIRE:  272 01:14:48  -801596.687500        0.138429
FIRE:  273 01:14:48  -801597.125000        0.137674
FIRE:  274 01:14:48  -801597.125000        0.136760
FIRE:  275 01:14:48  -801596.750000        0.135665
FIRE:  276 01:14:48  -801596.687500        0.133569
FIRE:  277 01:14:48  -801597.125000        0.130317
FIRE:  278 01:14:48  -801597.125000        0.126741
FIRE:  279 01:14:48  -801596.625000        0.123004
FIRE:  280 01:14:48  -801597.062500        0.119335
FIRE:  281 01:14:48  -801597.125000        0.115914
FIRE:  282 01:14:48  -801597.125000        0.112842
FIRE:  283 01:14:48  -801596.625000        0.110136
FIRE:  284 01:14:48  -801596.687500        0.107852
FIRE:  285 01:14:49  -801596.812500        0.106132
FIRE:  286 01:14:49  -801596.687500        0.105167
FIRE:  287 01:14:49  -801596.687500        0.104433
FIRE:  288 01:14:49  -801596.875000        0.101961
FIRE:  289 01:14:49  -801597.187500        0.098638
FIRE:  290 01:14:49  -801597.187500        0.145791
FIRE:  291 01:14:49  -801596.875000        0.341725
FIRE:  292 01:14:49  -801597.312500        1.045328
FIRE:  293 01:14:49  -801596.875000        2.736738
FIRE:  294 01:14:49  -801597.312500        0.109280
FIRE:  295 01:14:49  -801597.312500        0.086991
FIRE:  296 01:14:49  -801597.312500        0.086728
FIRE:  297 01:14:49  -801597.312500        0.086426
FIRE:  298 01:14:49  -801596.937500        0.086131
FIRE:  299 01:14:49  -801596.812500        0.085897
FIRE:  300 01:14:49  -801596.812500        0.085734
FIRE:  301 01:14:49  -801596.937500        0.085628
FIRE:  302 01:14:49  -801596.750000        0.085546
FIRE:  303 01:14:50  -801597.312500        0.085439
FIRE:  304 01:14:50  -801597.000000        0.085399
FIRE:  305 01:14:50  -801597.375000        0.085372
FIRE:  306 01:14:50  -801597.000000        0.085388
FIRE:  307 01:14:50  -801597.375000        0.085476
FIRE:  308 01:14:50  -801597.375000        0.085507
FIRE:  309 01:14:50  -801597.375000        0.085300
FIRE:  310 01:14:50  -801597.312500        0.085112
FIRE:  311 01:14:50  -801596.937500        0.085408
FIRE:  312 01:14:50  -801597.437500        0.085303
FIRE:  313 01:14:50  -801597.375000        0.108503
FIRE:  314 01:14:50  -801597.437500        0.297065
FIRE:  315 01:14:50  -801597.437500        0.813378
FIRE:  316 01:14:50  -801597.500000        0.096105
FIRE:  317 01:14:50  -801597.000000        0.771512
FIRE:  318 01:14:50  -801597.500000        0.570685
FIRE:  319 01:14:50  -801597.062500        0.228236
FIRE:  320 01:14:51  -801597.125000        0.158471
FIRE:  321 01:14:51  -801597.500000        0.149477
FIRE:  322 01:14:51  -801597.187500        0.131889
FIRE:  323 01:14:51  -801597.500000        0.107263
FIRE:  324 01:14:51  -801597.437500        0.097071
FIRE:  325 01:14:51  -801597.000000        0.097101
FIRE:  326 01:14:51  -801597.000000        0.097156
FIRE:  327 01:14:51  -801597.500000        0.097229
FIRE:  328 01:14:51  -801597.500000        0.097337
FIRE:  329 01:14:51  -801597.187500        0.097502
FIRE:  330 01:14:51  -801597.000000        0.097724
FIRE:  331 01:14:51  -801597.062500        0.098026
FIRE:  332 01:14:51  -801597.187500        0.098419
FIRE:  333 01:14:51  -801597.500000        0.098914
FIRE:  334 01:14:51  -801597.500000        0.099501
FIRE:  335 01:14:51  -801597.437500        0.100170
FIRE:  336 01:14:51  -801597.125000        0.100928
FIRE:  337 01:14:52  -801596.937500        0.101796
FIRE:  338 01:14:52  -801597.437500        0.102844
FIRE:  339 01:14:52  -801597.437500        0.104119
FIRE:  340 01:14:52  -801597.500000        0.105507
FIRE:  341 01:14:52  -801597.500000        0.106554
FIRE:  342 01:14:52  -801597.437500        0.106302
FIRE:  343 01:14:52  -801597.500000        0.102954
FIRE:  344 01:14:52  -801597.500000        0.106750
FIRE:  345 01:14:52  -801597.500000        0.114836
FIRE:  346 01:14:52  -801597.500000        0.121648
FIRE:  347 01:14:52  -801597.562500        0.129591
FIRE:  348 01:14:52  -801597.562500        0.272904
FIRE:  349 01:14:52  -801597.562500        0.933731
FIRE:  350 01:14:52  -801597.625000        0.174456
FIRE:  351 01:14:52  -801597.625000        0.173384
FIRE:  352 01:14:52  -801597.562500        0.170934
FIRE:  353 01:14:53  -801597.562500        0.166570
FIRE:  354 01:14:53  -801597.625000        0.159765
FIRE:  355 01:14:53  -801597.562500        0.150372
FIRE:  356 01:14:53  -801597.562500        0.139240
FIRE:  357 01:14:53  -801597.562500        0.128441
FIRE:  358 01:14:53  -801597.562500        0.119872
FIRE:  359 01:14:53  -801597.687500        0.116018
FIRE:  360 01:14:53  -801597.625000        0.115636
FIRE:  361 01:14:53  -801597.625000        0.115056
FIRE:  362 01:14:53  -801597.625000        0.113065
FIRE:  363 01:14:53  -801597.625000        0.112877
FIRE:  364 01:14:53  -801597.625000        0.115170
FIRE:  365 01:14:53  -801597.625000        0.117267
FIRE:  366 01:14:53  -801597.625000        0.120767
FIRE:  367 01:14:53  -801597.750000        0.126924
FIRE:  368 01:14:53  -801597.687500        0.154242
FIRE:  369 01:14:53  -801597.687500        0.240414
FIRE:  370 01:14:54  -801597.750000        0.212247
FIRE:  371 01:14:54  -801597.750000        0.340139
FIRE:  372 01:14:54  -801597.812500        1.356314
FIRE:  373 01:14:54  -801597.812500        0.177886
FIRE:  374 01:14:54  -801597.812500        0.138332
FIRE:  375 01:14:54  -801597.812500        0.138176
FIRE:  376 01:14:54  -801597.812500        0.137916
FIRE:  377 01:14:54  -801597.812500        0.137536
FIRE:  378 01:14:54  -801597.812500        0.137531
FIRE:  379 01:14:54  -801597.812500        0.138690
FIRE:  380 01:14:54  -801597.812500        0.140164
FIRE:  381 01:14:54  -801597.812500        0.142373
FIRE:  382 01:14:54  -801597.812500        0.145693
FIRE:  383 01:14:54  -801597.812500        0.150520
FIRE:  384 01:14:54  -801597.812500        0.157313
FIRE:  385 01:14:54  -801597.812500        0.166750
FIRE:  386 01:14:54  -801598.000000        0.176119
FIRE:  387 01:14:55  -801598.125000        0.178702
FIRE:  388 01:14:55  -801598.062500        0.180596
FIRE:  389 01:14:55  -801598.062500        0.178939
FIRE:  390 01:14:55  -801598.062500        0.168990
FIRE:  391 01:14:55  -801598.187500        0.163107
FIRE:  392 01:14:55  -801598.125000        0.315487
FIRE:  393 01:14:55  -801597.750000        0.742828
FIRE:  394 01:14:55  -801597.687500        2.060985
FIRE:  395 01:14:55  -801597.750000        0.258367
FIRE:  396 01:14:55  -801597.812500        0.190188
FIRE:  397 01:14:55  -801597.750000        0.147670
FIRE:  398 01:14:55  -801597.812500        0.146858
FIRE:  399 01:14:55  -801597.750000        0.160028
FIRE:  400 01:14:55  -801597.812500        0.191933
FIRE:  401 01:14:55  -801598.000000        0.149759
FIRE:  402 01:14:55  -801597.875000        0.145886
FIRE:  403 01:14:55  -801598.000000        0.146113
FIRE:  404 01:14:56  -801598.062500        0.146511
FIRE:  405 01:14:56  -801598.000000        0.145241
FIRE:  406 01:14:56  -801597.812500        0.143791
FIRE:  407 01:14:56  -801597.812500        0.142284
FIRE:  408 01:14:56  -801597.937500        0.141461
FIRE:  409 01:14:56  -801598.062500        0.140865
FIRE:  410 01:14:56  -801598.000000        0.138631
FIRE:  411 01:14:56  -801598.062500        0.147897
FIRE:  412 01:14:56  -801598.062500        0.133734
FIRE:  413 01:14:56  -801598.062500        0.132619
FIRE:  414 01:14:56  -801598.125000        0.131202
FIRE:  415 01:14:56  -801598.062500        0.362910
FIRE:  416 01:14:56  -801598.125000        1.062939
FIRE:  417 01:14:56  -801598.125000        0.147343
FIRE:  418 01:14:56  -801598.125000        0.889796
FIRE:  419 01:14:56  -801598.125000        0.689809
FIRE:  420 01:14:56  -801598.125000        0.328318
FIRE:  421 01:14:57  -801598.125000        0.148229
FIRE:  422 01:14:57  -801598.187500        0.148287
FIRE:  423 01:14:57  -801598.125000        0.148398
FIRE:  424 01:14:57  -801598.125000        0.148562
FIRE:  425 01:14:57  -801598.125000        0.148769
FIRE:  426 01:14:57  -801598.062500        0.149011
FIRE:  427 01:14:57  -801598.125000        0.149276
FIRE:  428 01:14:57  -801598.125000        0.149555
FIRE:  429 01:14:57  -801598.125000        0.149864
FIRE:  430 01:14:57  -801598.125000        0.150196
FIRE:  431 01:14:57  -801598.125000        0.150546
FIRE:  432 01:14:57  -801598.125000        0.150913
FIRE:  433 01:14:57  -801598.125000        0.151315
FIRE:  434 01:14:57  -801598.187500        0.151802
FIRE:  435 01:14:57  -801598.312500        0.152459
FIRE:  436 01:14:57  -801598.125000        0.153407
FIRE:  437 01:14:57  -801598.125000        0.154759
FIRE:  438 01:14:58  -801598.125000        0.156581
FIRE:  439 01:14:58  -801598.187500        0.158832
FIRE:  440 01:14:58  -801598.062500        0.161435
FIRE:  441 01:14:58  -801598.125000        0.164470
FIRE:  442 01:14:58  -801598.187500        0.168295
FIRE:  443 01:14:58  -801598.125000        0.171944
FIRE:  444 01:14:58  -801598.125000        0.175522
FIRE:  445 01:14:58  -801598.062500        0.177254
FIRE:  446 01:14:58  -801598.187500        0.174880
FIRE:  447 01:14:58  -801598.375000        0.155946
FIRE:  448 01:14:58  -801598.375000        0.123209
FIRE:  449 01:14:58  -801598.375000        0.318424
FIRE:  450 01:14:58  -801598.437500        1.015829
FIRE:  451 01:14:58  -801598.437500        0.117541
FIRE:  452 01:14:58  -801598.437500        0.864416
FIRE:  453 01:14:58  -801598.437500        0.663149
FIRE:  454 01:14:59  -801598.437500        0.301000
FIRE:  455 01:14:59  -801598.437500        0.140564
FIRE:  456 01:14:59  -801598.437500        0.131916
FIRE:  457 01:14:59  -801598.437500        0.115966
FIRE:  458 01:14:59  -801598.437500        0.115983
FIRE:  459 01:14:59  -801598.437500        0.115999
FIRE:  460 01:14:59  -801598.437500        0.116005
FIRE:  461 01:14:59  -801598.437500        0.115996
FIRE:  462 01:14:59  -801598.437500        0.115961
FIRE:  463 01:14:59  -801598.437500        0.115886
FIRE:  464 01:14:59  -801598.437500        0.115750
FIRE:  465 01:14:59  -801598.437500        0.115535
FIRE:  466 01:14:59  -801598.437500        0.115222
FIRE:  467 01:14:59  -801598.437500        0.114801
FIRE:  468 01:14:59  -801598.437500        0.114275
FIRE:  469 01:14:59  -801598.437500        0.113678
FIRE:  470 01:14:59  -801598.250000        0.113065
FIRE:  471 01:15:00  -801598.312500        0.112476
FIRE:  472 01:15:00  -801598.437500        0.111897
FIRE:  473 01:15:00  -801598.437500        0.111208
FIRE:  474 01:15:00  -801598.250000        0.110259
FIRE:  475 01:15:00  -801598.437500        0.109121
FIRE:  476 01:15:00  -801598.062500        0.108073
FIRE:  477 01:15:00  -801597.937500        0.107388
FIRE:  478 01:15:00  -801598.250000        0.106533
FIRE:  479 01:15:00  -801598.437500        0.106020
FIRE:  480 01:15:00  -801598.062500        0.107438
FIRE:  481 01:15:00  -801598.187500        0.108091
FIRE:  482 01:15:00  -801598.187500        0.108042
FIRE:  483 01:15:00  -801598.500000        0.106421
FIRE:  484 01:15:00  -801598.500000        0.349757
FIRE:  485 01:15:00  -801598.500000        1.325285
FIRE:  486 01:15:00  -801598.562500        0.212739
FIRE:  487 01:15:00  -801598.562500        0.144749
FIRE:  488 01:15:01  -801598.562500        0.092368
FIRE:  489 01:15:01  -801598.562500        0.092944
FIRE:  490 01:15:01  -801598.562500        0.160655
FIRE:  491 01:15:01  -801598.562500        0.167685
FIRE:  492 01:15:01  -801598.562500        0.112677
FIRE:  493 01:15:01  -801598.562500        0.091417
FIRE:  494 01:15:01  -801598.562500        0.090367
FIRE:  495 01:15:01  -801598.562500        0.117262
FIRE:  496 01:15:01  -801598.562500        0.089290
FIRE:  497 01:15:01  -801598.562500        0.089234
FIRE:  498 01:15:01  -801598.562500        0.119591
FIRE:  499 01:15:01  -801598.562500        0.086555
FIRE:  500 01:15:01  -801598.437500        0.101437
FIRE:  501 01:15:01  -801598.562500        0.083013
FIRE:  502 01:15:01  -801598.562500        0.107110
FIRE:  503 01:15:01  -801598.562500        0.111071
FIRE:  504 01:15:01  -801597.937500        0.117548
FIRE:  505 01:15:02  -801598.625000        0.150448
FIRE:  506 01:15:02  -801598.125000        0.417087
FIRE:  507 01:15:02  -801598.187500        1.206888
FIRE:  508 01:15:02  -801598.000000        0.176157
FIRE:  509 01:15:02  -801598.187500        0.130935
FIRE:  510 01:15:02  -801598.000000        0.061065
FIRE:  511 01:15:02  -801598.125000        0.060634
FIRE:  512 01:15:02  -801598.062500        0.096287
FIRE:  513 01:15:02  -801598.000000        0.111669
FIRE:  514 01:15:02  -801598.062500        0.085940
FIRE:  515 01:15:02  -801597.937500        0.060364
FIRE:  516 01:15:02  -801598.000000        0.063405
FIRE:  517 01:15:02  -801598.125000        0.106021
FIRE:  518 01:15:02  -801598.187500        0.077337
FIRE:  519 01:15:02  -801598.062500        0.059603
FIRE:  520 01:15:02  -801598.000000        0.082123
FIRE:  521 01:15:02  -801598.187500        0.059026
FIRE:  522 01:15:03  -801598.125000        0.089353
FIRE:  523 01:15:03  -801598.062500        0.058459
FIRE:  524 01:15:03  -801598.062500        0.089242
FIRE:  525 01:15:03  -801598.187500        0.077648
FIRE:  526 01:15:03  -801598.250000        0.057082
FIRE:  527 01:15:03  -801598.062500        0.057194
FIRE:  528 01:15:03  -801598.312500        0.082819
FIRE:  529 01:15:03  -801598.062500        0.272027
FIRE:  530 01:15:03  -801598.750000        0.956996
FIRE:  531 01:15:03  -801598.687500        0.181483
FIRE:  532 01:15:03  -801598.687500        0.128004
FIRE:  533 01:15:03  -801598.687500        0.051880
FIRE:  534 01:15:03  -801598.750000        0.061212
FIRE:  535 01:15:03  -801598.687500        0.124487
FIRE:  536 01:15:03  -801598.687500        0.134137
FIRE:  537 01:15:03  -801598.750000        0.091830
FIRE:  538 01:15:03  -801598.687500        0.051452
FIRE:  539 01:15:04  -801598.687500        0.069314
FIRE:  540 01:15:04  -801598.687500        0.106588
FIRE:  541 01:15:04  -801598.750000        0.064571
FIRE:  542 01:15:04  -801598.687500        0.050675
FIRE:  543 01:15:04  -801598.687500        0.095335
FIRE:  544 01:15:04  -801598.687500        0.050125
FIRE:  545 01:15:04  -801598.750000        0.091308
FIRE:  546 01:15:04  -801598.750000        0.048909
