      Step     Time          Energy          fmax
FIRE:    0 10:53:29 -1026349.687500        7.684519
FIRE:    1 10:53:30 -1026354.875000        7.005845
FIRE:    2 10:53:32 -1026358.312500        5.450406
FIRE:    3 10:53:32 -1026360.937500        3.504952
FIRE:    4 10:53:32 -1026362.562500        3.398375
FIRE:    5 10:53:32 -1026362.875000        4.992588
FIRE:    6 10:53:32 -1026363.187500        4.049070
FIRE:    7 10:53:32 -1026363.312500        2.485084
FIRE:    8 10:53:32 -1026363.000000        1.542151
FIRE:    9 10:53:32 -1026363.562500        1.801968
FIRE:   10 10:53:32 -1026363.812500        1.728139
FIRE:   11 10:53:32 -1026363.875000        1.582049
FIRE:   12 10:53:32 -1026363.687500        1.367465
FIRE:   13 10:53:32 -1026363.812500        1.262864
FIRE:   14 10:53:32 -1026363.812500        1.213802
FIRE:   15 10:53:32 -1026363.750000        1.165862
FIRE:   16 10:53:32 -1026364.062500        1.123291
FIRE:   17 10:53:33 -1026363.812500        1.086284
FIRE:   18 10:53:33 -1026364.187500        1.106915
FIRE:   19 10:53:33 -1026364.187500        1.133656
FIRE:   20 10:53:33 -1026364.250000        1.161853
FIRE:   21 10:53:33 -1026364.375000        1.193094
FIRE:   22 10:53:33 -1026364.625000        1.230086
FIRE:   23 10:53:33 -1026364.687500        1.277660
FIRE:   24 10:53:33 -1026364.750000        1.344719
FIRE:   25 10:53:33 -1026365.000000        1.440565
FIRE:   26 10:53:33 -1026365.312500        1.577619
FIRE:   27 10:53:33 -1026365.312500        1.841711
FIRE:   28 10:53:33 -1026365.875000        2.085956
FIRE:   29 10:53:33 -1026366.437500        2.471616
FIRE:   30 10:53:33 -1026367.312500        2.409149
FIRE:   31 10:53:33 -1026367.750000        0.926024
FIRE:   32 10:53:34 -1026367.562500        5.115393
FIRE:   33 10:53:34 -1026367.812500        3.913588
FIRE:   34 10:53:34 -1026367.875000        2.155190
FIRE:   35 10:53:34 -1026368.062500        0.658541
FIRE:   36 10:53:34 -1026367.875000        0.840787
FIRE:   37 10:53:34 -1026368.000000        0.822535
FIRE:   38 10:53:34 -1026368.000000        0.786308
FIRE:   39 10:53:34 -1026368.000000        0.732708
FIRE:   40 10:53:34 -1026368.000000        0.662930
FIRE:   41 10:53:34 -1026368.000000        0.612110
FIRE:   42 10:53:34 -1026367.937500        0.611464
FIRE:   43 10:53:34 -1026367.875000        0.614021
FIRE:   44 10:53:34 -1026367.937500        0.616870
FIRE:   45 10:53:34 -1026367.875000        0.614819
FIRE:   46 10:53:34 -1026368.000000        0.601228
FIRE:   47 10:53:34 -1026367.937500        0.571135
FIRE:   48 10:53:35 -1026368.187500        0.525773
FIRE:   49 10:53:35 -1026368.125000        0.494546
FIRE:   50 10:53:35 -1026367.937500        0.435940
FIRE:   51 10:53:35 -1026368.062500        0.412847
FIRE:   52 10:53:35 -1026369.062500        0.402717
FIRE:   53 10:53:35 -1026369.125000        0.403637
FIRE:   54 10:53:35 -1026369.187500        0.489417
FIRE:   55 10:53:35 -1026369.250000        0.412746
FIRE:   56 10:53:35 -1026369.312500        0.273672
FIRE:   57 10:53:35 -1026369.437500        0.399260
FIRE:   58 10:53:35 -1026369.562500        0.400562
FIRE:   59 10:53:35 -1026369.000000        0.285421
FIRE:   60 10:53:35 -1026369.812500        0.421731
FIRE:   61 10:53:35 -1026369.937500        0.266588
FIRE:   62 10:53:35 -1026370.062500        0.320923
FIRE:   63 10:53:36 -1026370.125000        0.449801
FIRE:   64 10:53:36 -1026370.250000        1.068601
FIRE:   65 10:53:36 -1026370.375000        1.514291
FIRE:   66 10:53:36 -1026370.500000        2.240499
FIRE:   67 10:53:36 -1026370.500000        1.565324
FIRE:   68 10:53:36 -1026370.562500        0.846445
FIRE:   69 10:53:36 -1026370.562500        0.446451
FIRE:   70 10:53:36 -1026370.562500        1.137705
FIRE:   71 10:53:36 -1026370.562500        1.019373
FIRE:   72 10:53:36 -1026370.562500        0.796227
FIRE:   73 10:53:36 -1026370.562500        0.495369
FIRE:   74 10:53:36 -1026370.562500        0.463213
FIRE:   75 10:53:36 -1026370.562500        0.468984
FIRE:   76 10:53:36 -1026370.562500        0.474912
FIRE:   77 10:53:36 -1026370.562500        0.556617
FIRE:   78 10:53:36 -1026370.562500        0.570755
FIRE:   79 10:53:37 -1026370.625000        0.491171
FIRE:   80 10:53:37 -1026370.625000        0.496482
FIRE:   81 10:53:37 -1026370.375000        0.502841
FIRE:   82 10:53:37 -1026370.625000        0.511724
FIRE:   83 10:53:37 -1026370.687500        0.532231
FIRE:   84 10:53:37 -1026370.687500        0.542992
FIRE:   85 10:53:37 -1026370.750000        0.567672
FIRE:   86 10:53:37 -1026370.750000        0.598030
FIRE:   87 10:53:37 -1026370.812500        0.632185
FIRE:   88 10:53:37 -1026370.875000        0.663986
FIRE:   89 10:53:37 -1026371.000000        0.688574
FIRE:   90 10:53:37 -1026370.437500        0.671732
FIRE:   91 10:53:39 -1026371.250000        0.534838
FIRE:   92 10:53:39 -1026371.375000        0.518727
FIRE:   93 10:53:39 -1026371.375000        1.081060
FIRE:   94 10:53:39 -1026371.437500        0.914567
FIRE:   95 10:53:39 -1026371.375000        0.647798
FIRE:   96 10:53:39 -1026371.437500        0.631413
FIRE:   97 10:53:39 -1026371.437500        0.455718
FIRE:   98 10:53:39 -1026371.437500        0.390143
FIRE:   99 10:53:39 -1026371.437500        0.457740
FIRE:  100 10:53:39 -1026371.500000        0.402613
FIRE:  101 10:53:39 -1026371.500000        0.358039
FIRE:  102 10:53:39 -1026371.500000        0.497438
FIRE:  103 10:53:39 -1026371.562500        0.339989
FIRE:  104 10:53:39 -1026371.562500        0.459904
FIRE:  105 10:53:39 -1026371.625000        0.425724
FIRE:  106 10:53:39 -1026371.687500        0.562428
FIRE:  107 10:53:39 -1026371.687500        0.509368
FIRE:  108 10:53:39 -1026371.750000        0.509615
FIRE:  109 10:53:39 -1026371.812500        0.609587
FIRE:  110 10:53:39 -1026371.875000        1.565830
FIRE:  111 10:53:39 -1026371.875000        0.235032
FIRE:  112 10:53:39 -1026371.187500        1.358605
FIRE:  113 10:53:40 -1026371.312500        1.009369
FIRE:  114 10:53:40 -1026371.250000        0.408512
FIRE:  115 10:53:40 -1026371.250000        0.280112
FIRE:  116 10:53:40 -1026371.062500        0.265370
FIRE:  117 10:53:40 -1026371.250000        0.236780
FIRE:  118 10:53:40 -1026371.125000        0.211640
FIRE:  119 10:53:40 -1026371.375000        0.202964
FIRE:  120 10:53:40 -1026371.250000        0.195843
FIRE:  121 10:53:40 -1026371.250000        0.191359
FIRE:  122 10:53:40 -1026371.375000        0.189577
FIRE:  123 10:53:40 -1026371.250000        0.189586
FIRE:  124 10:53:40 -1026371.250000        0.189963
FIRE:  125 10:53:40 -1026371.312500        0.189006
FIRE:  126 10:53:40 -1026371.062500        0.186106
FIRE:  127 10:53:40 -1026371.937500        0.182998
FIRE:  128 10:53:40 -1026371.937500        0.182665
FIRE:  129 10:53:40 -1026371.937500        0.184552
FIRE:  130 10:53:40 -1026371.937500        0.182720
FIRE:  131 10:53:41 -1026371.937500        0.174964
FIRE:  132 10:53:41 -1026371.937500        0.170248
FIRE:  133 10:53:41 -1026372.000000        0.170761
FIRE:  134 10:53:41 -1026372.000000        0.165568
FIRE:  135 10:53:41 -1026372.062500        0.163272
FIRE:  136 10:53:41 -1026372.000000        0.158885
FIRE:  137 10:53:41 -1026372.062500        0.155551
FIRE:  138 10:53:41 -1026372.062500        0.151519
FIRE:  139 10:53:41 -1026372.125000        0.149131
FIRE:  140 10:53:41 -1026372.125000        0.155759
FIRE:  141 10:53:41 -1026372.187500        0.149115
FIRE:  142 10:53:41 -1026372.312500        0.215106
FIRE:  143 10:53:41 -1026372.062500        0.765573
FIRE:  144 10:53:41 -1026372.312500        2.383304
FIRE:  145 10:53:41 -1026372.375000        0.166565
FIRE:  146 10:53:41 -1026372.312500        2.436891
FIRE:  147 10:53:41 -1026372.000000        1.725891
FIRE:  148 10:53:42 -1026372.375000        0.565395
FIRE:  149 10:53:42 -1026372.375000        0.676465
FIRE:  150 10:53:42 -1026372.375000        0.631691
FIRE:  151 10:53:42 -1026372.375000        0.544979
FIRE:  152 10:53:42 -1026372.375000        0.422146
FIRE:  153 10:53:42 -1026372.375000        0.276424
FIRE:  154 10:53:42 -1026372.375000        0.191413
FIRE:  155 10:53:42 -1026372.375000        0.152703
FIRE:  156 10:53:42 -1026372.375000        0.228642
FIRE:  157 10:53:42 -1026372.375000        0.339085
FIRE:  158 10:53:42 -1026372.375000        0.401037
FIRE:  159 10:53:42 -1026372.375000        0.394545
FIRE:  160 10:53:42 -1026372.375000        0.308092
FIRE:  161 10:53:42 -1026372.375000        0.171118
FIRE:  162 10:53:42 -1026372.375000        0.170682
FIRE:  163 10:53:43 -1026372.375000        0.249606
FIRE:  164 10:53:43 -1026372.375000        0.287366
FIRE:  165 10:53:43 -1026372.500000        0.203429
FIRE:  166 10:53:43 -1026372.500000        0.170100
FIRE:  167 10:53:43 -1026372.437500        0.276753
FIRE:  168 10:53:43 -1026372.437500        0.188310
FIRE:  169 10:53:43 -1026372.437500        0.208238
FIRE:  170 10:53:43 -1026372.437500        0.233253
FIRE:  171 10:53:43 -1026372.500000        0.193742
FIRE:  172 10:53:43 -1026372.500000        0.206338
FIRE:  173 10:53:43 -1026372.500000        0.288870
FIRE:  174 10:53:43 -1026372.562500        0.211232
FIRE:  175 10:53:43 -1026372.562500        0.166449
FIRE:  176 10:53:43 -1026372.625000        0.181281
FIRE:  177 10:53:43 -1026372.687500        0.605523
FIRE:  178 10:53:44 -1026372.000000        1.808455
FIRE:  179 10:53:44 -1026372.000000        0.270253
FIRE:  180 10:53:44 -1026372.000000        0.211706
FIRE:  181 10:53:44 -1026372.062500        0.173946
FIRE:  182 10:53:44 -1026371.937500        0.189927
FIRE:  183 10:53:44 -1026372.000000        0.225875
FIRE:  184 10:53:44 -1026372.000000        0.241664
FIRE:  185 10:53:44 -1026372.000000        0.225208
FIRE:  186 10:53:44 -1026372.125000        0.195136
FIRE:  187 10:53:44 -1026372.187500        0.181052
FIRE:  188 10:53:44 -1026372.000000        0.189201
FIRE:  189 10:53:44 -1026372.187500        0.185003
FIRE:  190 10:53:44 -1026372.062500        0.205062
FIRE:  191 10:53:44 -1026372.125000        0.226773
FIRE:  192 10:53:44 -1026372.062500        0.199877
FIRE:  193 10:53:44 -1026372.125000        0.202255
FIRE:  194 10:53:44 -1026372.312500        0.214582
FIRE:  195 10:53:44 -1026371.687500        0.250525
FIRE:  196 10:53:45 -1026371.750000        0.212035
FIRE:  197 10:53:45 -1026371.812500        0.247074
FIRE:  198 10:53:45 -1026371.750000        0.287755
FIRE:  199 10:53:45 -1026372.500000        0.560780
FIRE:  200 10:53:45 -1026373.000000        2.092165
FIRE:  201 10:53:45 -1026372.250000        5.699999
FIRE:  202 10:53:45 -1026373.375000        1.570372
FIRE:  203 10:53:45 -1026373.375000        1.152266
FIRE:  204 10:53:45 -1026373.375000        0.407709
FIRE:  205 10:53:45 -1026373.375000        0.466168
FIRE:  206 10:53:45 -1026373.375000        0.426517
FIRE:  207 10:53:45 -1026373.375000        0.350579
FIRE:  208 10:53:45 -1026373.375000        0.292319
FIRE:  209 10:53:45 -1026373.375000        0.238658
FIRE:  210 10:53:45 -1026373.375000        0.205137
FIRE:  211 10:53:46 -1026373.375000        0.197910
FIRE:  212 10:53:46 -1026373.375000        0.237572
FIRE:  213 10:53:46 -1026373.375000        0.308244
FIRE:  214 10:53:46 -1026373.375000        0.334558
FIRE:  215 10:53:46 -1026373.375000        0.303867
FIRE:  216 10:53:46 -1026373.375000        0.213099
FIRE:  217 10:53:46 -1026373.375000        0.208918
FIRE:  218 10:53:46 -1026373.375000        0.262558
FIRE:  219 10:53:46 -1026373.375000        0.294710
FIRE:  220 10:53:46 -1026373.437500        0.257989
FIRE:  221 10:53:46 -1026373.437500        0.193605
FIRE:  222 10:53:46 -1026373.437500        0.223841
FIRE:  223 10:53:46 -1026373.437500        0.198761
FIRE:  224 10:53:46 -1026373.437500        0.199956
FIRE:  225 10:53:46 -1026373.500000        0.226319
FIRE:  226 10:53:46 -1026373.500000        0.182348
FIRE:  227 10:53:46 -1026373.500000        0.205107
FIRE:  228 10:53:46 -1026373.562500        0.214103
FIRE:  229 10:53:47 -1026373.562500        0.168612
FIRE:  230 10:53:47 -1026373.625000        0.192525
FIRE:  231 10:53:47 -1026373.687500        0.225061
FIRE:  232 10:53:47 -1026372.437500        0.660780
FIRE:  233 10:53:48 -1026372.437500        1.917148
FIRE:  234 10:53:48 -1026372.375000        0.163772
FIRE:  235 10:53:48 -1026372.250000        0.156660
FIRE:  236 10:53:49 -1026372.375000        0.146306
FIRE:  237 10:53:49 -1026372.437500        0.138310
FIRE:  238 10:53:49 -1026372.500000        0.135247
FIRE:  239 10:53:49 -1026372.500000        0.134674
FIRE:  240 10:53:49 -1026372.250000        0.133374
FIRE:  241 10:53:49 -1026372.375000        0.131381
FIRE:  242 10:53:49 -1026372.437500        0.130455
FIRE:  243 10:53:49 -1026372.500000        0.139483
FIRE:  244 10:53:49 -1026372.562500        0.129729
FIRE:  245 10:53:49 -1026372.437500        0.121328
FIRE:  246 10:53:49 -1026372.562500        0.119913
FIRE:  247 10:53:49 -1026372.562500        0.115329
FIRE:  248 10:53:49 -1026372.562500        0.119642
FIRE:  249 10:53:49 -1026372.312500        0.113743
FIRE:  250 10:53:49 -1026372.375000        0.107152
FIRE:  251 10:53:50 -1026372.375000        0.117141
FIRE:  252 10:53:50 -1026372.437500        0.097488
FIRE:  253 10:53:50 -1026372.625000        0.103767
FIRE:  254 10:53:50 -1026372.687500        0.218471
FIRE:  255 10:53:50 -1026372.625000        0.702430
FIRE:  256 10:53:50 -1026372.562500        2.063472
FIRE:  257 10:53:50 -1026372.625000        0.183104
FIRE:  258 10:53:50 -1026372.750000        0.184419
FIRE:  259 10:53:50 -1026372.687500        0.186787
FIRE:  260 10:53:50 -1026372.750000        0.189636
FIRE:  261 10:53:50 -1026372.500000        0.192052
FIRE:  262 10:53:50 -1026372.750000        0.192931
FIRE:  263 10:53:50 -1026372.750000        0.191424
FIRE:  264 10:53:50 -1026372.750000        0.187200
FIRE:  265 10:53:51 -1026372.500000        0.179814
FIRE:  266 10:53:51 -1026372.500000        0.170030
FIRE:  267 10:53:51 -1026372.625000        0.160025
FIRE:  268 10:53:51 -1026372.625000        0.158189
FIRE:  269 10:53:51 -1026372.625000        0.158490
FIRE:  270 10:53:51 -1026372.812500        0.155240
FIRE:  271 10:53:51 -1026372.687500        0.140818
FIRE:  272 10:53:51 -1026372.812500        0.108860
FIRE:  273 10:53:51 -1026372.625000        0.105566
FIRE:  274 10:53:51 -1026372.875000        0.114288
FIRE:  275 10:53:51 -1026372.875000        0.148188
FIRE:  276 10:53:51 -1026372.812500        0.229447
FIRE:  277 10:53:51 -1026372.687500        0.706682
FIRE:  278 10:53:51 -1026374.062500        1.980454
FIRE:  279 10:53:52 -1026374.062500        0.160992
FIRE:  280 10:53:52 -1026374.062500        0.161219
FIRE:  281 10:53:52 -1026374.062500        0.161655
FIRE:  282 10:53:52 -1026374.062500        0.162257
FIRE:  283 10:53:52 -1026374.062500        0.162949
FIRE:  284 10:53:52 -1026374.062500        0.163652
FIRE:  285 10:53:52 -1026374.062500        0.164292
FIRE:  286 10:53:52 -1026374.062500        0.164814
FIRE:  287 10:53:52 -1026374.062500        0.165236
FIRE:  288 10:53:52 -1026373.687500        0.165544
FIRE:  289 10:53:52 -1026374.125000        0.165735
FIRE:  290 10:53:52 -1026374.125000        0.165824
FIRE:  291 10:53:52 -1026374.125000        0.165933
FIRE:  292 10:53:52 -1026374.125000        0.166692
FIRE:  293 10:53:52 -1026374.125000        0.170678
FIRE:  294 10:53:53 -1026374.187500        0.181771
FIRE:  295 10:53:53 -1026374.187500        0.191345
FIRE:  296 10:53:53 -1026373.875000        0.221667
FIRE:  297 10:53:53 -1026374.250000        0.258023
FIRE:  298 10:53:53 -1026373.937500        0.304872
FIRE:  299 10:53:53 -1026373.312500        0.364543
FIRE:  300 10:53:53 -1026373.437500        0.443145
FIRE:  301 10:53:53 -1026373.437500        1.393134
FIRE:  302 10:53:53 -1026373.625000        4.166280
FIRE:  303 10:53:53 -1026373.687500        1.697752
FIRE:  304 10:53:53 -1026374.312500        1.186512
FIRE:  305 10:53:53 -1026373.812500        0.747021
FIRE:  306 10:53:53 -1026373.812500        0.750019
FIRE:  307 10:53:53 -1026373.812500        1.275302
FIRE:  308 10:53:54 -1026373.812500        1.240575
FIRE:  309 10:53:54 -1026373.812500        0.766083
FIRE:  310 10:53:54 -1026373.812500        0.783400
FIRE:  311 10:53:54 -1026373.937500        0.896021
FIRE:  312 10:53:54 -1026373.937500        0.965733
FIRE:  313 10:53:54 -1026374.062500        0.839557
FIRE:  314 10:53:54 -1026374.062500        0.875460
FIRE:  315 10:53:54 -1026374.187500        0.917388
FIRE:  316 10:53:54 -1026374.250000        0.958378
FIRE:  317 10:53:54 -1026374.625000        0.962377
FIRE:  318 10:53:54 -1026374.812500        0.789007
FIRE:  319 10:53:54 -1026374.875000        0.485598
FIRE:  320 10:53:54 -1026375.812500        1.829942
FIRE:  321 10:53:54 -1026375.125000        1.519389
FIRE:  322 10:53:55 -1026374.937500        1.006215
FIRE:  323 10:53:55 -1026375.250000        0.709083
FIRE:  324 10:53:55 -1026375.062500        0.519425
FIRE:  325 10:53:55 -1026375.187500        0.548985
FIRE:  326 10:53:55 -1026375.187500        0.758031
FIRE:  327 10:53:55 -1026375.375000        0.851401
FIRE:  328 10:53:55 -1026375.125000        0.844272
FIRE:  329 10:53:55 -1026376.062500        0.692916
FIRE:  330 10:53:55 -1026375.187500        0.447603
FIRE:  331 10:53:55 -1026375.187500        0.476095
FIRE:  332 10:53:55 -1026375.250000        0.424509
FIRE:  333 10:53:55 -1026376.125000        0.655737
FIRE:  334 10:53:55 -1026375.375000        0.504872
FIRE:  335 10:53:55 -1026375.625000        0.441088
FIRE:  336 10:53:55 -1026376.375000        0.776377
FIRE:  337 10:53:56 -1026375.750000        1.477090
FIRE:  338 10:53:56 -1026375.750000        4.230577
FIRE:  339 10:53:56 -1026375.750000        0.837977
FIRE:  340 10:53:56 -1026375.875000        0.605332
FIRE:  341 10:53:56 -1026375.875000        0.313259
FIRE:  342 10:53:56 -1026375.875000        0.260433
FIRE:  343 10:53:56 -1026375.875000        0.583054
FIRE:  344 10:53:56 -1026375.875000        0.657132
FIRE:  345 10:53:56 -1026375.875000        0.474053
FIRE:  346 10:53:56 -1026375.875000        0.153690
FIRE:  347 10:53:56 -1026375.750000        0.295330
FIRE:  348 10:53:56 -1026375.625000        0.485754
FIRE:  349 10:53:56 -1026375.687500        0.334225
FIRE:  350 10:53:56 -1026375.687500        0.206909
FIRE:  351 10:53:57 -1026375.937500        0.466780
FIRE:  352 10:53:57 -1026375.875000        0.254715
FIRE:  353 10:53:57 -1026376.562500        0.346815
FIRE:  354 10:53:57 -1026375.812500        0.244041
FIRE:  355 10:53:57 -1026376.687500        0.471753
FIRE:  356 10:53:57 -1026375.937500        0.199588
FIRE:  357 10:53:57 -1026375.937500        0.332717
FIRE:  358 10:53:57 -1026376.062500        0.659350
FIRE:  359 10:53:57 -1026376.062500        1.112025
FIRE:  360 10:53:57 -1026375.937500        2.618769
FIRE:  361 10:53:57 -1026376.062500        0.170519
FIRE:  362 10:53:57 -1026376.000000        0.156870
FIRE:  363 10:53:57 -1026376.000000        0.141967
FIRE:  364 10:53:57 -1026375.937500        0.120475
FIRE:  365 10:53:58 -1026376.000000        0.121834
FIRE:  366 10:53:58 -1026376.000000        0.146985
FIRE:  367 10:53:58 -1026376.000000        0.122087
FIRE:  368 10:53:58 -1026376.062500        0.091888
FIRE:  369 10:53:58 -1026376.000000        0.087308
FIRE:  370 10:53:58 -1026376.062500        0.101190
FIRE:  371 10:53:58 -1026376.062500        0.091949
FIRE:  372 10:53:58 -1026376.062500        0.076902
FIRE:  373 10:53:58 -1026376.062500        0.109198
FIRE:  374 10:53:58 -1026376.062500        0.082005
FIRE:  375 10:53:58 -1026376.062500        0.086233
FIRE:  376 10:53:58 -1026376.062500        0.089405
FIRE:  377 10:53:58 -1026376.000000        0.110270
FIRE:  378 10:53:58 -1026376.125000        0.089747
FIRE:  379 10:53:58 -1026376.187500        0.080077
FIRE:  380 10:53:59 -1026376.000000        0.114498
FIRE:  381 10:53:59 -1026376.062500        0.225639
FIRE:  382 10:53:59 -1026376.187500        0.654218
FIRE:  383 10:53:59 -1026376.187500        1.877786
FIRE:  384 10:53:59 -1026376.250000        0.079202
FIRE:  385 10:53:59 -1026376.250000        1.751865
FIRE:  386 10:53:59 -1026376.187500        1.291738
FIRE:  387 10:53:59 -1026376.375000        0.505314
FIRE:  388 10:53:59 -1026376.250000        0.397681
FIRE:  389 10:53:59 -1026376.375000        0.372472
FIRE:  390 10:53:59 -1026376.250000        0.323660
FIRE:  391 10:53:59 -1026376.375000        0.254519
FIRE:  392 10:53:59 -1026376.375000        0.170105
FIRE:  393 10:53:59 -1026376.250000        0.080635
FIRE:  394 10:54:00 -1026376.437500        0.080374
FIRE:  395 10:54:00 -1026376.375000        0.101377
FIRE:  396 10:54:00 -1026376.312500        0.167788
FIRE:  397 10:54:00 -1026376.312500        0.208158
FIRE:  398 10:54:00 -1026376.375000        0.211278
FIRE:  399 10:54:00 -1026376.250000        0.169530
FIRE:  400 10:54:00 -1026376.250000        0.085713
FIRE:  401 10:54:00 -1026376.375000        0.081282
FIRE:  402 10:54:00 -1026376.250000        0.140322
FIRE:  403 10:54:00 -1026376.312500        0.172488
FIRE:  404 10:54:00 -1026376.250000        0.108862
FIRE:  405 10:54:00 -1026376.250000        0.081784
FIRE:  406 10:54:00 -1026376.250000        0.143073
FIRE:  407 10:54:00 -1026376.250000        0.108197
FIRE:  408 10:54:01 -1026376.437500        0.082916
FIRE:  409 10:54:01 -1026376.312500        0.129951
FIRE:  410 10:54:01 -1026376.437500        0.083217
FIRE:  411 10:54:01 -1026376.437500        0.117371
FIRE:  412 10:54:01 -1026376.437500        0.134013
FIRE:  413 10:54:01 -1026376.625000        0.084263
FIRE:  414 10:54:01 -1026376.500000        0.120682
FIRE:  415 10:54:01 -1026376.375000        0.307877
FIRE:  416 10:54:01 -1026376.562500        1.000694
FIRE:  417 10:54:01 -1026376.437500        2.923727
FIRE:  418 10:54:01 -1026377.187500        0.464672
FIRE:  419 10:54:01 -1026376.562500        0.331880
FIRE:  420 10:54:01 -1026376.562500        0.107024
FIRE:  421 10:54:01 -1026376.562500        0.149576
FIRE:  422 10:54:01 -1026377.125000        0.317401
FIRE:  423 10:54:02 -1026377.125000        0.348925
FIRE:  424 10:54:02 -1026376.437500        0.246124
FIRE:  425 10:54:02 -1026377.187500        0.086004
FIRE:  426 10:54:02 -1026376.562500        0.171522
FIRE:  427 10:54:02 -1026376.437500        0.279328
FIRE:  428 10:54:02 -1026376.562500        0.192875
FIRE:  429 10:54:02 -1026376.562500        0.086809
FIRE:  430 10:54:02 -1026376.562500        0.241561
FIRE:  431 10:54:02 -1026376.562500        0.109348
FIRE:  432 10:54:02 -1026376.500000        0.216166
FIRE:  433 10:54:02 -1026376.500000        0.110166
FIRE:  434 10:54:02 -1026376.625000        0.259214
FIRE:  435 10:54:02 -1026377.250000        0.164833
FIRE:  436 10:54:02 -1026377.187500        0.144806
FIRE:  437 10:54:03 -1026377.687500        0.293260
FIRE:  438 10:54:03 -1026377.062500        0.568159
FIRE:  439 10:54:03 -1026377.187500        1.328574
FIRE:  440 10:54:03 -1026377.562500        0.115631
FIRE:  441 10:54:03 -1026377.125000        1.132587
FIRE:  442 10:54:03 -1026377.687500        0.864344
FIRE:  443 10:54:03 -1026377.687500        0.384138
FIRE:  444 10:54:03 -1026377.562500        0.200853
FIRE:  445 10:54:03 -1026377.500000        0.188408
FIRE:  446 10:54:03 -1026377.687500        0.164439
FIRE:  447 10:54:03 -1026377.687500        0.130712
FIRE:  448 10:54:03 -1026377.687500        0.115653
FIRE:  449 10:54:03 -1026377.562500        0.115900
FIRE:  450 10:54:03 -1026377.562500        0.116167
FIRE:  451 10:54:03 -1026377.562500        0.116418
FIRE:  452 10:54:04 -1026377.125000        0.116660
FIRE:  453 10:54:04 -1026377.687500        0.116864
FIRE:  454 10:54:04 -1026377.062500        0.116981
FIRE:  455 10:54:04 -1026377.625000        0.116950
FIRE:  456 10:54:04 -1026377.750000        0.116716
FIRE:  457 10:54:04 -1026377.750000        0.116242
FIRE:  458 10:54:04 -1026377.250000        0.115526
FIRE:  459 10:54:04 -1026377.187500        0.115003
FIRE:  460 10:54:04 -1026377.750000        0.115718
FIRE:  461 10:54:04 -1026376.937500        0.116502
FIRE:  462 10:54:04 -1026377.750000        0.117202
FIRE:  463 10:54:04 -1026377.750000        0.117583
FIRE:  464 10:54:04 -1026377.750000        0.117533
FIRE:  465 10:54:04 -1026377.750000        0.117738
FIRE:  466 10:54:05 -1026377.750000        0.120023
FIRE:  467 10:54:05 -1026377.750000        0.125453
FIRE:  468 10:54:05 -1026377.125000        0.122198
FIRE:  469 10:54:05 -1026377.125000        0.124659
FIRE:  470 10:54:05 -1026377.187500        0.127943
FIRE:  471 10:54:05 -1026376.875000        0.256517
FIRE:  472 10:54:05 -1026377.500000        0.719226
FIRE:  473 10:54:05 -1026376.750000        2.239537
FIRE:  474 10:54:05 -1026377.562500        0.270220
FIRE:  475 10:54:05 -1026376.937500        0.196586
FIRE:  476 10:54:05 -1026376.812500        0.131636
FIRE:  477 10:54:05 -1026377.562500        0.132176
FIRE:  478 10:54:05 -1026376.937500        0.172821
FIRE:  479 10:54:05 -1026376.875000        0.202565
FIRE:  480 10:54:06 -1026376.937500        0.152842
FIRE:  481 10:54:06 -1026376.812500        0.138240
FIRE:  482 10:54:06 -1026376.687500        0.140594
FIRE:  483 10:54:06 -1026376.750000        0.152675
FIRE:  484 10:54:06 -1026377.562500        0.144844
FIRE:  485 10:54:06 -1026377.500000        0.146211
FIRE:  486 10:54:06 -1026377.000000        0.147196
FIRE:  487 10:54:06 -1026376.875000        0.147373
FIRE:  488 10:54:06 -1026377.562500        0.147275
FIRE:  489 10:54:06 -1026377.062500        0.146598
FIRE:  490 10:54:06 -1026377.062500        0.151770
FIRE:  491 10:54:06 -1026376.937500        0.145370
FIRE:  492 10:54:06 -1026377.062500        0.145946
FIRE:  493 10:54:06 -1026377.687500        0.145912
FIRE:  494 10:54:06 -1026377.125000        0.292880
FIRE:  495 10:54:07 -1026377.187500        0.944520
FIRE:  496 10:54:07 -1026377.250000        2.780961
FIRE:  497 10:54:07 -1026377.875000        0.137558
FIRE:  498 10:54:07 -1026377.312500        0.136777
FIRE:  499 10:54:07 -1026377.187500        0.135314
FIRE:  500 10:54:07 -1026377.125000        0.133319
FIRE:  501 10:54:07 -1026377.250000        0.131047
FIRE:  502 10:54:07 -1026377.250000        0.130649
FIRE:  503 10:54:07 -1026377.125000        0.132195
FIRE:  504 10:54:07 -1026377.250000        0.133753
FIRE:  505 10:54:07 -1026378.000000        0.135129
FIRE:  506 10:54:07 -1026377.250000        0.135898
FIRE:  507 10:54:07 -1026377.125000        0.135608
FIRE:  508 10:54:07 -1026377.125000        0.133806
FIRE:  509 10:54:08 -1026377.312500        0.130087
FIRE:  510 10:54:08 -1026377.062500        0.125945
FIRE:  511 10:54:08 -1026377.375000        0.126590
FIRE:  512 10:54:08 -1026378.062500        0.123574
FIRE:  513 10:54:08 -1026377.312500        0.117176
FIRE:  514 10:54:08 -1026377.750000        0.108744
FIRE:  515 10:54:08 -1026378.375000        0.153720
FIRE:  516 10:54:08 -1026378.125000        0.376113
FIRE:  517 10:54:08 -1026377.937500        1.091131
FIRE:  518 10:54:08 -1026378.062500        2.953861
FIRE:  519 10:54:08 -1026378.125000        0.300447
FIRE:  520 10:54:08 -1026378.187500        0.223222
FIRE:  521 10:54:08 -1026378.125000        0.099726
FIRE:  522 10:54:08 -1026378.125000        0.098965
FIRE:  523 10:54:09 -1026378.125000        0.182634
FIRE:  524 10:54:09 -1026378.062500        0.224901
FIRE:  525 10:54:09 -1026378.062500        0.184679
FIRE:  526 10:54:09 -1026378.062500        0.093846
FIRE:  527 10:54:09 -1026378.062500        0.091886
FIRE:  528 10:54:09 -1026378.500000        0.166238
FIRE:  529 10:54:09 -1026378.000000        0.147122
FIRE:  530 10:54:09 -1026377.750000        0.083356
FIRE:  531 10:54:09 -1026378.500000        0.146084
FIRE:  532 10:54:09 -1026377.937500        0.121114
FIRE:  533 10:54:09 -1026377.812500        0.104377
FIRE:  534 10:54:09 -1026378.375000        0.101629
FIRE:  535 10:54:09 -1026377.937500        0.135694
FIRE:  536 10:54:09 -1026378.375000        0.104482
FIRE:  537 10:54:09 -1026378.562500        0.126597
FIRE:  538 10:54:10 -1026378.062500        0.213564
FIRE:  539 10:54:10 -1026378.562500        0.360300
FIRE:  540 10:54:10 -1026378.500000        0.845909
FIRE:  541 10:54:10 -1026378.562500        2.149482
FIRE:  542 10:54:10 -1026377.875000        0.098952
FIRE:  543 10:54:10 -1026378.625000        0.074578
FIRE:  544 10:54:10 -1026378.625000        0.048883
