      Step     Time          Energy          fmax
FIRE:    0 10:13:47  -685405.000000        6.082117
FIRE:    1 10:13:47  -685407.375000        3.741454
FIRE:    2 10:13:49  -685407.437500        4.089792
FIRE:    3 10:13:49  -685408.500000        3.888571
FIRE:    4 10:13:49  -685409.375000        3.661374
FIRE:    5 10:13:50  -685410.000000        4.642347
FIRE:    6 10:13:51  -685410.187500        6.419748
FIRE:    7 10:13:51  -685410.500000        4.876268
FIRE:    8 10:13:51  -685410.875000        2.586208
FIRE:    9 10:13:51  -685411.000000        1.496468
FIRE:   10 10:13:51  -685411.125000        2.146555
FIRE:   11 10:13:51  -685411.187500        2.758999
FIRE:   12 10:13:51  -685411.375000        2.992295
FIRE:   13 10:13:51  -685411.750000        2.881233
FIRE:   14 10:13:51  -685411.937500        2.365364
FIRE:   15 10:13:51  -685412.250000        1.349441
FIRE:   16 10:13:51  -685412.437500        1.163166
FIRE:   17 10:13:51  -685412.937500        2.131956
FIRE:   18 10:13:51  -685413.062500        2.516009
FIRE:   19 10:13:51  -685413.625000        1.631973
FIRE:   20 10:13:51  -685414.000000        1.364978
FIRE:   21 10:13:52  -685414.125000        2.032196
FIRE:   22 10:13:52  -685414.937500        1.909240
FIRE:   23 10:13:52  -685416.000000        1.858897
FIRE:   24 10:13:53  -685416.312500        2.965707
FIRE:   25 10:13:53  -685416.375000        4.719748
FIRE:   26 10:13:53  -685416.562500        2.885507
FIRE:   27 10:13:53  -685416.812500        1.987874
FIRE:   28 10:13:53  -685416.750000        1.655074
FIRE:   29 10:13:54  -685416.687500        1.903994
FIRE:   30 10:13:54  -685416.812500        2.382968
FIRE:   31 10:13:54  -685416.875000        1.520935
FIRE:   32 10:13:54  -685416.812500        1.173547
FIRE:   33 10:13:54  -685416.937500        1.537653
FIRE:   34 10:13:54  -685417.000000        1.593514
FIRE:   35 10:13:54  -685416.937500        1.173154
FIRE:   36 10:13:54  -685417.187500        1.522552
FIRE:   37 10:13:54  -685417.250000        1.241999
FIRE:   38 10:13:54  -685417.375000        1.201947
FIRE:   39 10:13:54  -685417.562500        1.223814
FIRE:   40 10:13:54  -685417.437500        1.689627
FIRE:   41 10:13:54  -685418.062500        1.244805
FIRE:   42 10:13:54  -685418.000000        1.429105
FIRE:   43 10:13:55  -685418.312500        2.865813
FIRE:   44 10:13:55  -685419.000000        5.321661
FIRE:   45 10:13:55  -685419.250000        8.020855
FIRE:   46 10:13:55  -685419.437500        0.993073
FIRE:   47 10:13:55  -685419.062500        7.243904
FIRE:   48 10:13:55  -685419.125000        5.295533
FIRE:   49 10:13:55  -685419.187500        2.024225
FIRE:   50 10:13:55  -685419.562500        1.655920
FIRE:   51 10:13:55  -685419.187500        1.557396
FIRE:   52 10:13:55  -685419.562500        1.366195
FIRE:   53 10:13:55  -685419.562500        1.095595
FIRE:   54 10:13:55  -685419.625000        0.902532
FIRE:   55 10:13:55  -685419.250000        0.894577
FIRE:   56 10:13:55  -685419.625000        0.885464
FIRE:   57 10:13:56  -685419.625000        0.875440
FIRE:   58 10:13:56  -685419.625000        0.863629
FIRE:   59 10:13:56  -685419.187500        0.849973
FIRE:   60 10:13:56  -685419.250000        0.835178
FIRE:   61 10:13:56  -685419.625000        0.822166
FIRE:   62 10:13:56  -685419.687500        0.807231
FIRE:   63 10:13:56  -685419.687500        0.787961
FIRE:   64 10:13:56  -685419.687500        0.763364
FIRE:   65 10:13:56  -685419.750000        0.739902
FIRE:   66 10:13:56  -685419.750000        0.692590
FIRE:   67 10:13:56  -685419.437500        0.641515
FIRE:   68 10:13:56  -685419.875000        0.576321
FIRE:   69 10:13:56  -685419.500000        0.498360
FIRE:   70 10:13:56  -685419.937500        0.533477
FIRE:   71 10:13:56  -685419.625000        0.483599
FIRE:   72 10:13:56  -685419.687500        0.527809
FIRE:   73 10:13:56  -685419.812500        0.618557
FIRE:   74 10:13:56  -685420.250000        0.733836
FIRE:   75 10:13:57  -685420.375000        0.556215
FIRE:   76 10:13:57  -685420.375000        0.669937
FIRE:   77 10:13:57  -685420.562500        1.000630
FIRE:   78 10:13:57  -685420.625000        2.991007
FIRE:   79 10:13:57  -685420.625000        8.167011
FIRE:   80 10:13:57  -685420.812500        0.652020
FIRE:   81 10:13:57  -685420.812500        0.605571
FIRE:   82 10:13:57  -685420.812500        0.592979
FIRE:   83 10:13:57  -685420.812500        0.574081
FIRE:   84 10:13:57  -685420.812500        0.548923
FIRE:   85 10:13:57  -685420.812500        0.517771
FIRE:   86 10:13:57  -685420.812500        0.481085
FIRE:   87 10:13:57  -685420.812500        0.439396
FIRE:   88 10:13:57  -685420.875000        0.388885
FIRE:   89 10:13:57  -685420.875000        0.338583
FIRE:   90 10:13:57  -685420.750000        0.264466
FIRE:   91 10:13:57  -685420.875000        0.253945
FIRE:   92 10:13:58  -685420.937500        0.367220
FIRE:   93 10:13:58  -685420.937500        0.303729
FIRE:   94 10:13:58  -685421.000000        0.257785
FIRE:   95 10:13:58  -685421.000000        0.228775
FIRE:   96 10:13:58  -685420.937500        0.345166
FIRE:   97 10:13:58  -685421.187500        0.286082
FIRE:   98 10:13:58  -685420.875000        0.344994
FIRE:   99 10:13:58  -685420.937500        0.349984
FIRE:  100 10:13:58  -685421.000000        0.842652
FIRE:  101 10:13:58  -685420.375000        2.998230
FIRE:  102 10:13:58  -685420.312500        9.222460
FIRE:  103 10:13:58  -685420.500000        1.259112
FIRE:  104 10:13:58  -685420.500000        0.957017
FIRE:  105 10:13:58  -685420.562500        0.557041
FIRE:  106 10:13:58  -685420.562500        0.460176
FIRE:  107 10:13:58  -685420.562500        0.769065
FIRE:  108 10:13:58  -685420.562500        0.884127
FIRE:  109 10:13:59  -685420.562500        0.641056
FIRE:  110 10:13:59  -685420.562500        0.472444
FIRE:  111 10:13:59  -685420.562500        0.600058
FIRE:  112 10:13:59  -685420.562500        0.760003
FIRE:  113 10:13:59  -685420.562500        0.493819
FIRE:  114 10:13:59  -685420.562500        0.274364
FIRE:  115 10:13:59  -685420.562500        0.613968
FIRE:  116 10:13:59  -685420.625000        0.434112
FIRE:  117 10:13:59  -685420.687500        0.601417
FIRE:  118 10:13:59  -685420.625000        0.265020
FIRE:  119 10:13:59  -685420.812500        0.725951
FIRE:  120 10:13:59  -685421.750000        0.416896
FIRE:  121 10:13:59  -685421.437500        0.257266
FIRE:  122 10:13:59  -685421.500000        0.456272
FIRE:  123 10:13:59  -685421.937500        1.579826
FIRE:  124 10:13:59  -685422.062500        4.602025
FIRE:  125 10:13:59  -685422.125000        0.202745
FIRE:  126 10:14:00  -685422.125000        0.181852
FIRE:  127 10:14:00  -685422.125000        0.182117
FIRE:  128 10:14:00  -685422.125000        0.182852
FIRE:  129 10:14:00  -685422.125000        0.184206
FIRE:  130 10:14:00  -685421.687500        0.186032
FIRE:  131 10:14:00  -685421.375000        0.187875
FIRE:  132 10:14:00  -685421.625000        0.189122
FIRE:  133 10:14:00  -685421.687500        0.189167
FIRE:  134 10:14:00  -685421.687500        0.187411
FIRE:  135 10:14:00  -685421.687500        0.183801
FIRE:  136 10:14:00  -685421.750000        0.179255
FIRE:  137 10:14:00  -685421.750000        0.174817
FIRE:  138 10:14:00  -685421.750000        0.171176
FIRE:  139 10:14:00  -685422.062500        0.168526
FIRE:  140 10:14:00  -685421.812500        0.166627
FIRE:  141 10:14:01  -685421.812500        0.162504
FIRE:  142 10:14:01  -685422.125000        0.152158
FIRE:  143 10:14:01  -685422.312500        0.140829
FIRE:  144 10:14:01  -685422.375000        0.129991
FIRE:  145 10:14:01  -685422.375000        0.128372
FIRE:  146 10:14:01  -685422.437500        0.185438
FIRE:  147 10:14:01  -685422.500000        0.935370
FIRE:  148 10:14:01  -685422.500000        5.212873
FIRE:  149 10:14:01  -685422.625000        1.911519
FIRE:  150 10:14:01  -685422.625000        1.266107
FIRE:  151 10:14:01  -685422.625000        0.261957
FIRE:  152 10:14:01  -685422.625000        0.899443
FIRE:  153 10:14:01  -685422.625000        0.824789
FIRE:  154 10:14:01  -685422.625000        0.682250
FIRE:  155 10:14:01  -685422.625000        0.485080
FIRE:  156 10:14:01  -685422.625000        0.255217
FIRE:  157 10:14:02  -685422.625000        0.141312
FIRE:  158 10:14:02  -685422.500000        0.224554
FIRE:  159 10:14:02  -685422.625000        0.381619
FIRE:  160 10:14:02  -685422.625000        0.475686
FIRE:  161 10:14:02  -685422.625000        0.477959
FIRE:  162 10:14:02  -685422.625000        0.370436
FIRE:  163 10:14:02  -685422.625000        0.160357
FIRE:  164 10:14:02  -685422.625000        0.152114
FIRE:  165 10:14:02  -685422.625000        0.356883
FIRE:  166 10:14:02  -685422.625000        0.398399
FIRE:  167 10:14:02  -685422.625000        0.207342
FIRE:  168 10:14:02  -685422.625000        0.168212
FIRE:  169 10:14:02  -685422.625000        0.336712
FIRE:  170 10:14:02  -685422.687500        0.174409
FIRE:  171 10:14:02  -685422.687500        0.285191
FIRE:  172 10:14:02  -685422.687500        0.248867
FIRE:  173 10:14:02  -685422.687500        0.274783
FIRE:  174 10:14:03  -685422.687500        0.143651
FIRE:  175 10:14:03  -685422.750000        0.413596
FIRE:  176 10:14:03  -685422.750000        0.460147
FIRE:  177 10:14:03  -685422.812500        0.575881
FIRE:  178 10:14:03  -685422.812500        1.029858
FIRE:  179 10:14:03  -685422.875000        2.602199
FIRE:  180 10:14:03  -685422.875000        0.126914
FIRE:  181 10:14:03  -685422.875000        2.263651
FIRE:  182 10:14:03  -685422.875000        1.716527
FIRE:  183 10:14:03  -685422.875000        0.757697
FIRE:  184 10:14:03  -685422.875000        0.385602
FIRE:  185 10:14:03  -685422.875000        0.364135
FIRE:  186 10:14:03  -685422.875000        0.322806
FIRE:  187 10:14:03  -685422.875000        0.264501
FIRE:  188 10:14:04  -685422.875000        0.194901
FIRE:  189 10:14:04  -685422.875000        0.126669
FIRE:  190 10:14:04  -685422.875000        0.129694
FIRE:  191 10:14:04  -685422.875000        0.140944
FIRE:  192 10:14:04  -685422.875000        0.155325
FIRE:  193 10:14:04  -685422.875000        0.175543
FIRE:  194 10:14:04  -685422.875000        0.187179
FIRE:  195 10:14:04  -685422.875000        0.161708
FIRE:  196 10:14:04  -685422.875000        0.134971
FIRE:  197 10:14:04  -685422.875000        0.128122
FIRE:  198 10:14:04  -685422.875000        0.138592
FIRE:  199 10:14:04  -685422.937500        0.176197
FIRE:  200 10:14:04  -685422.937500        0.137937
FIRE:  201 10:14:04  -685422.937500        0.129564
FIRE:  202 10:14:05  -685422.937500        0.151238
FIRE:  203 10:14:05  -685422.937500        0.149587
FIRE:  204 10:14:05  -685422.937500        0.129876
FIRE:  205 10:14:05  -685422.937500        0.152689
FIRE:  206 10:14:05  -685422.937500        0.129988
FIRE:  207 10:14:05  -685423.000000        0.142191
FIRE:  208 10:14:05  -685423.000000        0.136199
FIRE:  209 10:14:05  -685423.000000        0.132184
FIRE:  210 10:14:05  -685423.062500        0.143728
FIRE:  211 10:14:05  -685423.062500        0.255091
FIRE:  212 10:14:05  -685423.125000        0.741074
FIRE:  213 10:14:05  -685423.187500        2.495296
FIRE:  214 10:14:05  -685423.062500        7.942294
FIRE:  215 10:14:05  -685423.250000        1.602690
FIRE:  216 10:14:06  -685423.250000        1.139078
FIRE:  217 10:14:06  -685423.250000        0.411134
FIRE:  218 10:14:06  -685423.250000        0.528697
FIRE:  219 10:14:06  -685423.250000        0.489314
FIRE:  220 10:14:06  -685423.250000        0.413691
FIRE:  221 10:14:06  -685423.250000        0.319957
FIRE:  222 10:14:06  -685423.250000        0.247368
FIRE:  223 10:14:06  -685423.250000        0.177591
FIRE:  224 10:14:06  -685423.250000        0.138945
FIRE:  225 10:14:06  -685423.250000        0.210818
FIRE:  226 10:14:06  -685423.250000        0.282741
FIRE:  227 10:14:06  -685423.250000        0.308630
FIRE:  228 10:14:06  -685423.250000        0.272363
FIRE:  229 10:14:06  -685423.250000        0.180404
FIRE:  230 10:14:07  -685423.250000        0.142002
FIRE:  231 10:14:07  -685423.250000        0.163319
FIRE:  232 10:14:07  -685423.250000        0.234118
FIRE:  233 10:14:07  -685423.250000        0.175419
FIRE:  234 10:14:07  -685423.250000        0.138173
FIRE:  235 10:14:07  -685423.312500        0.205637
FIRE:  236 10:14:07  -685423.312500        0.183350
FIRE:  237 10:14:07  -685423.312500        0.159609
FIRE:  238 10:14:07  -685423.312500        0.193036
FIRE:  239 10:14:07  -685423.312500        0.137018
FIRE:  240 10:14:07  -685423.312500        0.192394
FIRE:  241 10:14:07  -685423.375000        0.182211
FIRE:  242 10:14:07  -685423.375000        0.138011
FIRE:  243 10:14:07  -685423.437500        0.140321
FIRE:  244 10:14:08  -685423.437500        0.248549
FIRE:  245 10:14:08  -685423.500000        0.865904
FIRE:  246 10:14:08  -685423.562500        2.888822
FIRE:  247 10:14:08  -685423.562500        0.182144
FIRE:  248 10:14:08  -685423.562500        0.167449
FIRE:  249 10:14:08  -685423.562500        0.157740
FIRE:  250 10:14:08  -685423.562500        0.157601
FIRE:  251 10:14:08  -685423.562500        0.157475
FIRE:  252 10:14:08  -685423.562500        0.157320
FIRE:  253 10:14:08  -685423.562500        0.157182
FIRE:  254 10:14:08  -685423.562500        0.157042
FIRE:  255 10:14:08  -685423.562500        0.156832
FIRE:  256 10:14:08  -685423.562500        0.156538
FIRE:  257 10:14:08  -685423.562500        0.156103
FIRE:  258 10:14:08  -685423.562500        0.155552
FIRE:  259 10:14:08  -685423.625000        0.154927
FIRE:  260 10:14:08  -685423.625000        0.154437
FIRE:  261 10:14:09  -685423.625000        0.154346
FIRE:  262 10:14:09  -685423.625000        0.154908
FIRE:  263 10:14:09  -685423.687500        0.156142
FIRE:  264 10:14:09  -685423.687500        0.157619
FIRE:  265 10:14:09  -685423.687500        0.159093
FIRE:  266 10:14:09  -685423.750000        0.159501
FIRE:  267 10:14:09  -685423.812500        0.161453
FIRE:  268 10:14:09  -685423.812500        0.242836
FIRE:  269 10:14:09  -685423.875000        1.194620
FIRE:  270 10:14:09  -685423.875000        6.080070
FIRE:  271 10:14:09  -685423.937500        2.350196
FIRE:  272 10:14:09  -685424.000000        1.556459
FIRE:  273 10:14:09  -685424.000000        0.321024
FIRE:  274 10:14:09  -685424.000000        1.122800
FIRE:  275 10:14:09  -685424.000000        1.028105
FIRE:  276 10:14:09  -685424.000000        0.846954
FIRE:  277 10:14:09  -685424.000000        0.596306
FIRE:  278 10:14:10  -685424.000000        0.303337
FIRE:  279 10:14:10  -685424.000000        0.170955
FIRE:  280 10:14:10  -685424.000000        0.296806
FIRE:  281 10:14:10  -685424.000000        0.494015
FIRE:  282 10:14:10  -685424.000000        0.609321
FIRE:  283 10:14:10  -685424.000000        0.610250
FIRE:  284 10:14:10  -685424.000000        0.475318
FIRE:  285 10:14:10  -685424.000000        0.212415
FIRE:  286 10:14:10  -685424.000000        0.172585
FIRE:  287 10:14:10  -685424.000000        0.440727
FIRE:  288 10:14:10  -685424.000000        0.499902
FIRE:  289 10:14:10  -685424.000000        0.271475
FIRE:  290 10:14:10  -685424.000000        0.193267
FIRE:  291 10:14:10  -685424.000000        0.429731
FIRE:  292 10:14:11  -685424.000000        0.214570
FIRE:  293 10:14:11  -685424.062500        0.336986
FIRE:  294 10:14:11  -685424.062500        0.334868
FIRE:  295 10:14:11  -685424.062500        0.323147
FIRE:  296 10:14:11  -685424.062500        0.184645
FIRE:  297 10:14:11  -685424.125000        0.526074
FIRE:  298 10:14:11  -685424.125000        0.499087
FIRE:  299 10:14:11  -685424.187500        0.528937
FIRE:  300 10:14:11  -685423.750000        0.931910
FIRE:  301 10:14:11  -685423.625000        2.521586
FIRE:  302 10:14:11  -685423.187500        7.409538
FIRE:  303 10:14:11  -685423.750000        1.217871
FIRE:  304 10:14:11  -685423.375000        0.876811
FIRE:  305 10:14:11  -685423.250000        0.364325
FIRE:  306 10:14:12  -685423.250000        0.367850
FIRE:  307 10:14:12  -685423.812500        0.783090
FIRE:  308 10:14:12  -685423.812500        0.725233
FIRE:  309 10:14:12  -685423.250000        0.614103
FIRE:  310 10:14:12  -685423.312500        0.458893
FIRE:  311 10:14:12  -685423.250000        0.274905
FIRE:  312 10:14:12  -685423.375000        0.137172
FIRE:  313 10:14:12  -685423.250000        0.153458
FIRE:  314 10:14:12  -685423.250000        0.299117
FIRE:  315 10:14:12  -685423.312500        0.409814
FIRE:  316 10:14:12  -685423.312500        0.455011
FIRE:  317 10:14:12  -685423.937500        0.412960
FIRE:  318 10:14:12  -685423.375000        0.276778
FIRE:  319 10:14:12  -685423.312500        0.131051
FIRE:  320 10:14:13  -685423.375000        0.202698
FIRE:  321 10:14:13  -685423.500000        0.331464
FIRE:  322 10:14:13  -685423.312500        0.283351
FIRE:  323 10:14:13  -685423.437500        0.129403
FIRE:  324 10:14:13  -685423.312500        0.262666
FIRE:  325 10:14:13  -685423.375000        0.299755
FIRE:  326 10:14:13  -685423.750000        0.127128
FIRE:  327 10:14:13  -685423.937500        0.281896
FIRE:  328 10:14:13  -685423.750000        0.125546
FIRE:  329 10:14:13  -685423.687500        0.323099
FIRE:  330 10:14:13  -685423.750000        0.137381
FIRE:  331 10:14:13  -685423.875000        0.149217
FIRE:  332 10:14:13  -685423.875000        0.425261
FIRE:  333 10:14:13  -685423.937500        0.799651
FIRE:  334 10:14:14  -685424.000000        1.741409
FIRE:  335 10:14:14  -685424.562500        4.022159
FIRE:  336 10:14:14  -685424.625000        0.151171
FIRE:  337 10:14:14  -685424.562500        3.719617
FIRE:  338 10:14:14  -685424.625000        2.762536
FIRE:  339 10:14:14  -685424.625000        1.119186
FIRE:  340 10:14:14  -685424.625000        0.776075
FIRE:  341 10:14:14  -685424.625000        0.726525
FIRE:  342 10:14:14  -685424.625000        0.630866
FIRE:  343 10:14:14  -685424.625000        0.495512
FIRE:  344 10:14:14  -685424.625000        0.331226
FIRE:  345 10:14:14  -685424.625000        0.182569
FIRE:  346 10:14:14  -685424.625000        0.131687
FIRE:  347 10:14:15  -685424.625000        0.220032
FIRE:  348 10:14:15  -685424.625000        0.350906
FIRE:  349 10:14:15  -685424.625000        0.434059
FIRE:  350 10:14:15  -685424.625000        0.445025
FIRE:  351 10:14:15  -685424.625000        0.368431
FIRE:  352 10:14:15  -685424.625000        0.206557
FIRE:  353 10:14:15  -685424.625000        0.132155
FIRE:  354 10:14:15  -685424.625000        0.250885
FIRE:  355 10:14:15  -685424.625000        0.327256
FIRE:  356 10:14:15  -685424.625000        0.219195
FIRE:  357 10:14:15  -685424.625000        0.132470
FIRE:  358 10:14:15  -685424.625000        0.303481
FIRE:  359 10:14:15  -685424.687500        0.249380
FIRE:  360 10:14:15  -685424.687500        0.142904
FIRE:  361 10:14:15  -685424.687500        0.259515
FIRE:  362 10:14:15  -685424.687500        0.133509
FIRE:  363 10:14:15  -685424.687500        0.275834
FIRE:  364 10:14:16  -685424.750000        0.229297
FIRE:  365 10:14:16  -685424.750000        0.136403
FIRE:  366 10:14:16  -685424.750000        0.183308
FIRE:  367 10:14:16  -685424.812500        0.459812
FIRE:  368 10:14:16  -685424.812500        1.426823
FIRE:  369 10:14:16  -685424.812500        3.882766
FIRE:  370 10:14:16  -685424.875000        0.193460
FIRE:  371 10:14:16  -685424.875000        0.156615
FIRE:  372 10:14:16  -685424.875000        0.132349
FIRE:  373 10:14:16  -685424.875000        0.132814
FIRE:  374 10:14:16  -685424.875000        0.133411
FIRE:  375 10:14:16  -685424.875000        0.134101
FIRE:  376 10:14:16  -685424.875000        0.134847
FIRE:  377 10:14:16  -685424.875000        0.135579
FIRE:  378 10:14:16  -685424.875000        0.136340
FIRE:  379 10:14:16  -685424.875000        0.137034
FIRE:  380 10:14:16  -685424.875000        0.137580
FIRE:  381 10:14:17  -685424.875000        0.137894
FIRE:  382 10:14:17  -685424.937500        0.137898
FIRE:  383 10:14:17  -685424.937500        0.137610
FIRE:  384 10:14:17  -685424.937500        0.137174
FIRE:  385 10:14:17  -685424.937500        0.136860
FIRE:  386 10:14:17  -685424.937500        0.136920
FIRE:  387 10:14:17  -685425.000000        0.137465
FIRE:  388 10:14:17  -685425.000000        0.138176
FIRE:  389 10:14:17  -685425.000000        0.137873
FIRE:  390 10:14:17  -685425.062500        0.182251
FIRE:  391 10:14:17  -685425.062500        0.826319
FIRE:  392 10:14:17  -685425.062500        3.162686
FIRE:  393 10:14:17  -685425.125000        0.465814
FIRE:  394 10:14:17  -685425.125000        0.344185
FIRE:  395 10:14:17  -685425.125000        0.144334
FIRE:  396 10:14:17  -685425.125000        0.148784
FIRE:  397 10:14:17  -685425.125000        0.261383
FIRE:  398 10:14:18  -685425.125000        0.292678
FIRE:  399 10:14:18  -685425.125000        0.201026
FIRE:  400 10:14:18  -685425.125000        0.135210
FIRE:  401 10:14:18  -685425.125000        0.201243
FIRE:  402 10:14:18  -685425.125000        0.281293
FIRE:  403 10:14:18  -685425.125000        0.170739
FIRE:  404 10:14:18  -685425.125000        0.136017
FIRE:  405 10:14:18  -685425.125000        0.201583
FIRE:  406 10:14:18  -685425.125000        0.134760
FIRE:  407 10:14:18  -685425.187500        0.252993
FIRE:  408 10:14:18  -685425.187500        0.132746
FIRE:  409 10:14:18  -685425.187500        0.176865
FIRE:  410 10:14:18  -685425.187500        0.305220
FIRE:  411 10:14:18  -685425.187500        0.278346
FIRE:  412 10:14:18  -685425.250000        0.505351
FIRE:  413 10:14:18  -685425.250000        1.115684
FIRE:  414 10:14:19  -685425.250000        3.114863
FIRE:  415 10:14:19  -685425.312500        0.168482
FIRE:  416 10:14:19  -685425.312500        0.148955
FIRE:  417 10:14:19  -685425.312500        0.124510
FIRE:  418 10:14:19  -685425.312500        0.124801
FIRE:  419 10:14:19  -685425.312500        0.125164
FIRE:  420 10:14:19  -685425.312500        0.137427
FIRE:  421 10:14:19  -685425.312500        0.126061
FIRE:  422 10:14:19  -685425.312500        0.126537
FIRE:  423 10:14:19  -685425.312500        0.127016
FIRE:  424 10:14:19  -685425.312500        0.127482
FIRE:  425 10:14:19  -685425.312500        0.127842
FIRE:  426 10:14:19  -685425.312500        0.128027
FIRE:  427 10:14:19  -685425.125000        0.128011
FIRE:  428 10:14:19  -685425.312500        0.127724
FIRE:  429 10:14:19  -685425.312500        0.127229
FIRE:  430 10:14:20  -685425.312500        0.126574
FIRE:  431 10:14:20  -685425.312500        0.125910
FIRE:  432 10:14:20  -685425.375000        0.125476
FIRE:  433 10:14:20  -685425.375000        0.125333
FIRE:  434 10:14:20  -685425.187500        0.125639
FIRE:  435 10:14:20  -685425.437500        0.126351
FIRE:  436 10:14:20  -685425.437500        0.165797
FIRE:  437 10:14:20  -685425.500000        0.652391
FIRE:  438 10:14:20  -685425.500000        3.696057
FIRE:  439 10:14:20  -685425.500000        1.342769
FIRE:  440 10:14:20  -685425.500000        0.880453
FIRE:  441 10:14:20  -685425.500000        0.175607
FIRE:  442 10:14:20  -685425.500000        0.669691
FIRE:  443 10:14:20  -685425.500000        0.615942
FIRE:  444 10:14:20  -685425.500000        0.513166
FIRE:  445 10:14:20  -685425.500000        0.371556
FIRE:  446 10:14:20  -685425.500000        0.207857
FIRE:  447 10:14:21  -685425.500000        0.122280
FIRE:  448 10:14:21  -685425.500000        0.153392
FIRE:  449 10:14:21  -685425.500000        0.259542
FIRE:  450 10:14:21  -685425.500000        0.325414
FIRE:  451 10:14:21  -685425.500000        0.326343
FIRE:  452 10:14:21  -685425.500000        0.249728
FIRE:  453 10:14:21  -685425.500000        0.121209
FIRE:  454 10:14:21  -685425.500000        0.134574
FIRE:  455 10:14:21  -685425.500000        0.282002
FIRE:  456 10:14:21  -685425.500000        0.309249
FIRE:  457 10:14:21  -685425.562500        0.172607
FIRE:  458 10:14:21  -685425.562500        0.125915
FIRE:  459 10:14:21  -685425.562500        0.227633
FIRE:  460 10:14:21  -685425.562500        0.124016
FIRE:  461 10:14:21  -685425.562500        0.233109
FIRE:  462 10:14:22  -685425.562500        0.198305
FIRE:  463 10:14:22  -685425.562500        0.190093
FIRE:  464 10:14:22  -685425.562500        0.108817
FIRE:  465 10:14:22  -685425.562500        0.315570
FIRE:  466 10:14:22  -685425.625000        0.326092
FIRE:  467 10:14:22  -685425.625000        0.465888
FIRE:  468 10:14:22  -685425.625000        0.783287
FIRE:  469 10:14:22  -685425.687500        2.012035
FIRE:  470 10:14:22  -685425.687500        0.109655
FIRE:  471 10:14:22  -685424.625000        1.715988
FIRE:  472 10:14:22  -685424.687500        1.298630
FIRE:  473 10:14:22  -685424.625000        0.565185
FIRE:  474 10:14:22  -685424.625000        0.315391
FIRE:  475 10:14:22  -685424.687500        0.298732
FIRE:  476 10:14:22  -685424.562500        0.266995
FIRE:  477 10:14:22  -685424.687500        0.222434
FIRE:  478 10:14:22  -685424.687500        0.169288
FIRE:  479 10:14:22  -685424.750000        0.114403
FIRE:  480 10:14:23  -685424.625000        0.101089
FIRE:  481 10:14:23  -685424.625000        0.103937
FIRE:  482 10:14:23  -685424.625000        0.120077
FIRE:  483 10:14:23  -685424.750000        0.131481
FIRE:  484 10:14:23  -685424.687500        0.132920
FIRE:  485 10:14:23  -685424.687500        0.121616
FIRE:  486 10:14:23  -685424.625000        0.101048
FIRE:  487 10:14:23  -685424.625000        0.100998
FIRE:  488 10:14:23  -685424.687500        0.125006
FIRE:  489 10:14:23  -685424.750000        0.155229
FIRE:  490 10:14:23  -685424.750000        0.126180
FIRE:  491 10:14:23  -685424.687500        0.100907
FIRE:  492 10:14:23  -685424.750000        0.115224
FIRE:  493 10:14:23  -685424.750000        0.112557
FIRE:  494 10:14:23  -685424.687500        0.101062
FIRE:  495 10:14:23  -685424.750000        0.137310
FIRE:  496 10:14:24  -685425.687500        0.101620
FIRE:  497 10:14:24  -685424.750000        0.107045
FIRE:  498 10:14:24  -685425.750000        0.125417
FIRE:  499 10:14:24  -685425.750000        0.103881
FIRE:  500 10:14:24  -685425.750000        0.105341
FIRE:  501 10:14:24  -685425.750000        0.207042
FIRE:  502 10:14:24  -685425.812500        0.533064
FIRE:  503 10:14:24  -685425.812500        1.869484
FIRE:  504 10:14:24  -685425.750000        5.826607
FIRE:  505 10:14:24  -685425.875000        1.178320
FIRE:  506 10:14:24  -685425.875000        0.837885
FIRE:  507 10:14:24  -685425.875000        0.262531
FIRE:  508 10:14:24  -685425.875000        0.371866
FIRE:  509 10:14:24  -685425.875000        0.342619
FIRE:  510 10:14:24  -685425.875000        0.286833
FIRE:  511 10:14:25  -685425.875000        0.228815
FIRE:  512 10:14:25  -685425.875000        0.174497
FIRE:  513 10:14:25  -685425.875000        0.120833
FIRE:  514 10:14:25  -685425.875000        0.108159
FIRE:  515 10:14:25  -685425.875000        0.178290
FIRE:  516 10:14:25  -685425.875000        0.231170
FIRE:  517 10:14:25  -685425.875000        0.250260
FIRE:  518 10:14:25  -685425.875000        0.223713
FIRE:  519 10:14:25  -685425.875000        0.150786
FIRE:  520 10:14:25  -685425.875000        0.104202
FIRE:  521 10:14:25  -685425.875000        0.126287
FIRE:  522 10:14:25  -685425.875000        0.159556
FIRE:  523 10:14:25  -685425.875000        0.119307
FIRE:  524 10:14:25  -685425.875000        0.103549
FIRE:  525 10:14:26  -685425.875000        0.173078
FIRE:  526 10:14:26  -685425.875000        0.158760
FIRE:  527 10:14:26  -685425.875000        0.113143
FIRE:  528 10:14:26  -685425.875000        0.136364
FIRE:  529 10:14:26  -685425.875000        0.100940
FIRE:  530 10:14:26  -685425.937500        0.167791
FIRE:  531 10:14:26  -685425.937500        0.119958
FIRE:  532 10:14:26  -685425.937500        0.098648
FIRE:  533 10:14:26  -685425.937500        0.098655
FIRE:  534 10:14:26  -685425.937500        0.177764
FIRE:  535 10:14:26  -685426.000000        0.686132
FIRE:  536 10:14:26  -685426.000000        2.132647
FIRE:  537 10:14:26  -685426.000000        0.106738
FIRE:  538 10:14:26  -685426.000000        0.094221
FIRE:  539 10:14:27  -685426.000000        0.094212
FIRE:  540 10:14:27  -685426.000000        0.094495
FIRE:  541 10:14:27  -685426.000000        0.095271
FIRE:  542 10:14:27  -685426.000000        0.094074
FIRE:  543 10:14:27  -685426.000000        0.093959
FIRE:  544 10:14:27  -685426.000000        0.093805
FIRE:  545 10:14:27  -685426.000000        0.093600
FIRE:  546 10:14:27  -685426.000000        0.093348
FIRE:  547 10:14:27  -685426.000000        0.093053
FIRE:  548 10:14:27  -685426.000000        0.092712
FIRE:  549 10:14:27  -685426.000000        0.098068
FIRE:  550 10:14:27  -685426.062500        0.094004
FIRE:  551 10:14:27  -685426.062500        0.091650
FIRE:  552 10:14:27  -685426.062500        0.091461
FIRE:  553 10:14:28  -685426.062500        0.091352
FIRE:  554 10:14:28  -685426.062500        0.091115
FIRE:  555 10:14:28  -685426.062500        0.091204
FIRE:  556 10:14:28  -685426.125000        0.090194
FIRE:  557 10:14:28  -685426.125000        0.089671
FIRE:  558 10:14:28  -685425.187500        0.125461
FIRE:  559 10:14:28  -685425.125000        0.388862
FIRE:  560 10:14:28  -685425.187500        2.530278
FIRE:  561 10:14:28  -685425.250000        0.911099
FIRE:  562 10:14:28  -685425.187500        0.593061
FIRE:  563 10:14:28  -685425.250000        0.119890
FIRE:  564 10:14:28  -685425.250000        0.465769
FIRE:  565 10:14:28  -685425.187500        0.429064
FIRE:  566 10:14:28  -685425.250000        0.359163
FIRE:  567 10:14:29  -685425.125000        0.263359
FIRE:  568 10:14:29  -685425.187500        0.154007
FIRE:  569 10:14:29  -685425.125000        0.087515
FIRE:  570 10:14:29  -685425.187500        0.116006
FIRE:  571 10:14:29  -685425.187500        0.171212
FIRE:  572 10:14:29  -685425.312500        0.215136
FIRE:  573 10:14:29  -685425.187500        0.214764
FIRE:  574 10:14:29  -685425.250000        0.161158
FIRE:  575 10:14:29  -685425.250000        0.092821
FIRE:  576 10:14:29  -685425.187500        0.111879
FIRE:  577 10:14:29  -685425.750000        0.207013
FIRE:  578 10:14:29  -685425.187500        0.217085
FIRE:  579 10:14:29  -685425.187500        0.117364
FIRE:  580 10:14:29  -685425.250000        0.108422
FIRE:  581 10:14:30  -685425.187500        0.151375
FIRE:  582 10:14:30  -685425.812500        0.093798
FIRE:  583 10:14:30  -685425.250000        0.181746
FIRE:  584 10:14:30  -685425.250000        0.124501
FIRE:  585 10:14:30  -685425.250000        0.143255
FIRE:  586 10:14:30  -685425.250000        0.083359
FIRE:  587 10:14:30  -685425.312500        0.193311
FIRE:  588 10:14:30  -685425.250000        0.252671
FIRE:  589 10:14:30  -685425.875000        0.469544
FIRE:  590 10:14:30  -685425.312500        0.859981
FIRE:  591 10:14:30  -685426.312500        2.088947
FIRE:  592 10:14:30  -685426.312500        0.097434
FIRE:  593 10:14:30  -685426.312500        1.795071
FIRE:  594 10:14:30  -685426.312500        1.357247
FIRE:  595 10:14:30  -685426.312500        0.587966
FIRE:  596 10:14:31  -685426.312500        0.331565
FIRE:  597 10:14:31  -685426.312500        0.313776
FIRE:  598 10:14:31  -685426.312500        0.279051
FIRE:  599 10:14:31  -685426.312500        0.230243
FIRE:  600 10:14:31  -685426.312500        0.171647
FIRE:  601 10:14:31  -685426.312500        0.110286
FIRE:  602 10:14:31  -685426.312500        0.075165
FIRE:  603 10:14:31  -685426.312500        0.088562
FIRE:  604 10:14:31  -685426.312500        0.109613
FIRE:  605 10:14:31  -685426.312500        0.133343
FIRE:  606 10:14:31  -685426.312500        0.142580
FIRE:  607 10:14:31  -685426.312500        0.121333
FIRE:  608 10:14:31  -685426.312500        0.081694
FIRE:  609 10:14:31  -685425.437500        0.074761
FIRE:  610 10:14:32  -685425.375000        0.126555
FIRE:  611 10:14:32  -685425.375000        0.159511
FIRE:  612 10:14:32  -685425.375000        0.127413
FIRE:  613 10:14:32  -685425.375000        0.074758
FIRE:  614 10:14:32  -685425.437500        0.098517
FIRE:  615 10:14:32  -685425.312500        0.094081
FIRE:  616 10:14:32  -685425.312500        0.081514
FIRE:  617 10:14:32  -685425.375000        0.137154
FIRE:  618 10:14:32  -685425.375000        0.074780
FIRE:  619 10:14:32  -685425.375000        0.090947
FIRE:  620 10:14:32  -685425.375000        0.119421
FIRE:  621 10:14:32  -685425.937500        0.074770
FIRE:  622 10:14:32  -685425.375000        0.074741
FIRE:  623 10:14:32  -685425.437500        0.205398
FIRE:  624 10:14:33  -685425.437500        0.573687
FIRE:  625 10:14:33  -685426.000000        1.819861
FIRE:  626 10:14:33  -685426.000000        0.074517
FIRE:  627 10:14:33  -685425.437500        1.603036
FIRE:  628 10:14:33  -685425.437500        1.199213
FIRE:  629 10:14:33  -685425.437500        0.492978
FIRE:  630 10:14:33  -685425.437500        0.337637
FIRE:  631 10:14:33  -685425.500000        0.317674
FIRE:  632 10:14:33  -685425.562500        0.278853
FIRE:  633 10:14:33  -685425.437500        0.224450
FIRE:  634 10:14:33  -685425.437500        0.158584
FIRE:  635 10:14:33  -685425.437500        0.088979
FIRE:  636 10:14:33  -685425.437500        0.074447
FIRE:  637 10:14:33  -685425.500000        0.074456
FIRE:  638 10:14:33  -685425.500000        0.119541
FIRE:  639 10:14:34  -685425.437500        0.153276
FIRE:  640 10:14:34  -685425.437500        0.158652
FIRE:  641 10:14:34  -685425.500000        0.128989
FIRE:  642 10:14:34  -685425.500000        0.074454
FIRE:  643 10:14:34  -685425.437500        0.074439
FIRE:  644 10:14:34  -685425.437500        0.123425
FIRE:  645 10:14:34  -685425.375000        0.151408
FIRE:  646 10:14:34  -685425.437500        0.104495
FIRE:  647 10:14:34  -685425.562500        0.074403
FIRE:  648 10:14:34  -685425.437500        0.106146
FIRE:  649 10:14:34  -685426.000000        0.075278
FIRE:  650 10:14:34  -685425.500000        0.080671
FIRE:  651 10:14:34  -685425.437500        0.122631
FIRE:  652 10:14:34  -685426.437500        0.074318
FIRE:  653 10:14:35  -685426.437500        0.084533
FIRE:  654 10:14:35  -685426.500000        0.134630
FIRE:  655 10:14:35  -685426.000000        0.074159
FIRE:  656 10:14:35  -685425.437500        0.074048
FIRE:  657 10:14:35  -685425.437500        0.073905
FIRE:  658 10:14:35  -685425.375000        0.073708
FIRE:  659 10:14:35  -685425.562500        0.293361
FIRE:  660 10:14:35  -685425.437500        1.523595
FIRE:  661 10:14:35  -685425.312500        7.368457
FIRE:  662 10:14:35  -685425.562500        3.907696
FIRE:  663 10:14:35  -685425.562500        2.459899
FIRE:  664 10:14:35  -685425.625000        0.314607
FIRE:  665 10:14:35  -685425.500000        2.200647
FIRE:  666 10:14:35  -685425.562500        1.991958
FIRE:  667 10:14:36  -685425.562500        1.595556
FIRE:  668 10:14:36  -685425.500000        1.050423
FIRE:  669 10:14:36  -685425.500000        0.410557
FIRE:  670 10:14:36  -685425.625000        0.257656
FIRE:  671 10:14:36  -685425.562500        0.251320
FIRE:  672 10:14:36  -685425.625000        0.238931
FIRE:  673 10:14:36  -685425.625000        0.220473
FIRE:  674 10:14:36  -685425.437500        0.196819
FIRE:  675 10:14:36  -685425.562500        0.168629
FIRE:  676 10:14:36  -685425.562500        0.143073
FIRE:  677 10:14:36  -685425.625000        0.120742
FIRE:  678 10:14:36  -685425.500000        0.094952
FIRE:  679 10:14:36  -685425.625000        0.072648
FIRE:  680 10:14:36  -685425.562500        0.072644
FIRE:  681 10:14:36  -685425.500000        0.081980
FIRE:  682 10:14:37  -685425.500000        0.117546
FIRE:  683 10:14:37  -685425.562500        0.140578
FIRE:  684 10:14:37  -685425.500000        0.144672
FIRE:  685 10:14:37  -685425.562500        0.125186
FIRE:  686 10:14:37  -685425.437500        0.082283
FIRE:  687 10:14:37  -685425.687500        0.072601
FIRE:  688 10:14:37  -685425.562500        0.078180
FIRE:  689 10:14:37  -685425.500000        0.094966
FIRE:  690 10:14:37  -685425.562500        0.082863
FIRE:  691 10:14:37  -685425.562500        0.072567
FIRE:  692 10:14:37  -685425.500000        0.075784
FIRE:  693 10:14:37  -685425.562500        0.106108
FIRE:  694 10:14:37  -685425.500000        0.072522
FIRE:  695 10:14:37  -685425.562500        0.072489
FIRE:  696 10:14:38  -685425.562500        0.072443
FIRE:  697 10:14:38  -685425.625000        0.083928
FIRE:  698 10:14:38  -685425.562500        0.072337
FIRE:  699 10:14:38  -685425.562500        0.090535
FIRE:  700 10:14:38  -685425.562500        0.095402
FIRE:  701 10:14:38  -685425.562500        0.072043
FIRE:  702 10:14:38  -685425.625000        0.092256
FIRE:  703 10:14:38  -685425.625000        0.221887
FIRE:  704 10:14:38  -685425.625000        0.936409
FIRE:  705 10:14:38  -685425.562500        3.339360
FIRE:  706 10:14:38  -685425.687500        0.784820
FIRE:  707 10:14:38  -685425.625000        0.547596
FIRE:  708 10:14:38  -685425.687500        0.147797
FIRE:  709 10:14:38  -685425.750000        0.275078
FIRE:  710 10:14:39  -685425.625000        0.253212
FIRE:  711 10:14:39  -685425.687500        0.210833
FIRE:  712 10:14:39  -685425.687500        0.152142
FIRE:  713 10:14:39  -685425.687500        0.083317
FIRE:  714 10:14:39  -685425.750000        0.071717
FIRE:  715 10:14:39  -685425.625000        0.071708
FIRE:  716 10:14:39  -685425.625000        0.120755
FIRE:  717 10:14:39  -685425.687500        0.158913
FIRE:  718 10:14:39  -685425.625000        0.170545
FIRE:  719 10:14:39  -685425.625000        0.148276
FIRE:  720 10:14:39  -685425.625000        0.090943
FIRE:  721 10:14:39  -685425.687500        0.071698
FIRE:  722 10:14:39  -685425.625000        0.082483
FIRE:  723 10:14:39  -685425.750000        0.115950
FIRE:  724 10:14:40  -685425.687500        0.077768
FIRE:  725 10:14:40  -685425.625000        0.071712
FIRE:  726 10:14:40  -685425.687500        0.117631
FIRE:  727 10:14:40  -685425.500000        0.093506
FIRE:  728 10:14:40  -685425.687500        0.071724
FIRE:  729 10:14:40  -685425.687500        0.089268
FIRE:  730 10:14:40  -685425.625000        0.071708
FIRE:  731 10:14:40  -685425.625000        0.098241
FIRE:  732 10:14:40  -685425.625000        0.101161
FIRE:  733 10:14:40  -685425.687500        0.080770
FIRE:  734 10:14:40  -685425.750000        0.071469
FIRE:  735 10:14:40  -685425.687500        0.071288
FIRE:  736 10:14:40  -685425.687500        0.071034
FIRE:  737 10:14:40  -685425.750000        0.379879
FIRE:  738 10:14:40  -685425.750000        1.859273
FIRE:  739 10:14:41  -685425.750000        0.527999
FIRE:  740 10:14:41  -685425.812500        0.363445
FIRE:  741 10:14:41  -685425.750000        0.089749
FIRE:  742 10:14:41  -685425.750000        0.194057
FIRE:  743 10:14:41  -685425.812500        0.357109
FIRE:  744 10:14:41  -685425.812500        0.355493
FIRE:  745 10:14:41  -685425.750000        0.203715
FIRE:  746 10:14:41  -685425.750000        0.070302
FIRE:  747 10:14:41  -685425.812500        0.257001
FIRE:  748 10:14:41  -685425.812500        0.304479
FIRE:  749 10:14:41  -685425.812500        0.115884
FIRE:  750 10:14:41  -685425.812500        0.188545
FIRE:  751 10:14:41  -685425.812500        0.232454
FIRE:  752 10:14:41  -685425.750000        0.091069
FIRE:  753 10:14:42  -685425.812500        0.254521
FIRE:  754 10:14:42  -685425.750000        0.119298
FIRE:  755 10:14:42  -685425.812500        0.117804
FIRE:  756 10:14:42  -685425.875000        0.332644
FIRE:  757 10:14:42  -685425.750000        0.421281
FIRE:  758 10:14:42  -685425.750000        0.671685
FIRE:  759 10:14:42  -685425.875000        1.363889
FIRE:  760 10:14:42  -685425.937500        0.069259
FIRE:  761 10:14:42  -685425.812500        1.224356
FIRE:  762 10:14:42  -685425.812500        0.934531
FIRE:  763 10:14:42  -685425.937500        0.426059
FIRE:  764 10:14:42  -685425.812500        0.175123
FIRE:  765 10:14:42  -685425.937500        0.164250
FIRE:  766 10:14:42  -685425.875000        0.142888
FIRE:  767 10:14:43  -685425.875000        0.112928
FIRE:  768 10:14:43  -685425.812500        0.076702
FIRE:  769 10:14:43  -685425.812500        0.069209
FIRE:  770 10:14:43  -685425.875000        0.069209
FIRE:  771 10:14:43  -685425.812500        0.069202
FIRE:  772 10:14:43  -685425.875000        0.080258
FIRE:  773 10:14:43  -685425.937500        0.102727
FIRE:  774 10:14:43  -685425.812500        0.110004
FIRE:  775 10:14:43  -685425.875000        0.097047
FIRE:  776 10:14:43  -685425.875000        0.069175
FIRE:  777 10:14:43  -685425.875000        0.069162
FIRE:  778 10:14:43  -685425.875000        0.069147
FIRE:  779 10:14:43  -685425.875000        0.069132
FIRE:  780 10:14:43  -685425.812500        0.069108
FIRE:  781 10:14:44  -685425.812500        0.069083
FIRE:  782 10:14:44  -685425.812500        0.073687
FIRE:  783 10:14:44  -685425.875000        0.070086
FIRE:  784 10:14:44  -685425.812500        0.068952
FIRE:  785 10:14:44  -685425.875000        0.068895
FIRE:  786 10:14:44  -685425.875000        0.068820
FIRE:  787 10:14:44  -685425.937500        0.077459
FIRE:  788 10:14:44  -685425.875000        0.068605
FIRE:  789 10:14:44  -685425.812500        0.068447
FIRE:  790 10:14:44  -685425.812500        0.070698
FIRE:  791 10:14:44  -685425.937500        0.138355
FIRE:  792 10:14:44  -685426.000000        0.460783
FIRE:  793 10:14:44  -685426.937500        1.355393
FIRE:  794 10:14:44  -685426.937500        0.067221
FIRE:  795 10:14:44  -685426.937500        1.238748
FIRE:  796 10:14:45  -685426.937500        0.935231
FIRE:  797 10:14:45  -685426.937500        0.405078
FIRE:  798 10:14:45  -685426.937500        0.214892
FIRE:  799 10:14:45  -685426.937500        0.201162
FIRE:  800 10:14:45  -685426.937500        0.174332
FIRE:  801 10:14:45  -685426.937500        0.136555
FIRE:  802 10:14:45  -685426.937500        0.090996
FIRE:  803 10:14:45  -685426.937500        0.067119
FIRE:  804 10:14:45  -685426.937500        0.067115
FIRE:  805 10:14:45  -685426.937500        0.067105
FIRE:  806 10:14:45  -685426.937500        0.099315
FIRE:  807 10:14:45  -685426.937500        0.124813
FIRE:  808 10:14:45  -685426.937500        0.130310
FIRE:  809 10:14:45  -685426.937500        0.110708
FIRE:  810 10:14:46  -685426.937500        0.067057
FIRE:  811 10:14:46  -685426.937500        0.067039
FIRE:  812 10:14:46  -685426.937500        0.067022
FIRE:  813 10:14:46  -685426.937500        0.084410
FIRE:  814 10:14:46  -685426.937500        0.066972
FIRE:  815 10:14:46  -685426.937500        0.066945
FIRE:  816 10:14:46  -685426.937500        0.091430
FIRE:  817 10:14:46  -685426.937500        0.073626
FIRE:  818 10:14:46  -685426.937500        0.066822
FIRE:  819 10:14:46  -685426.937500        0.066765
FIRE:  820 10:14:46  -685426.937500        0.066696
FIRE:  821 10:14:46  -685426.937500        0.081404
FIRE:  822 10:14:46  -685426.937500        0.067856
FIRE:  823 10:14:46  -685426.937500        0.066384
FIRE:  824 10:14:47  -685427.000000        0.066221
FIRE:  825 10:14:47  -685427.000000        0.066000
FIRE:  826 10:14:47  -685427.000000        0.265730
FIRE:  827 10:14:47  -685427.000000        0.990877
FIRE:  828 10:14:47  -685427.000000        3.599862
FIRE:  829 10:14:47  -685427.000000        0.860136
FIRE:  830 10:14:47  -685427.000000        0.592968
FIRE:  831 10:14:47  -685427.000000        0.146490
FIRE:  832 10:14:47  -685427.000000        0.341266
FIRE:  833 10:14:47  -685427.000000        0.316017
FIRE:  834 10:14:47  -685427.000000        0.267417
FIRE:  835 10:14:47  -685427.000000        0.199955
FIRE:  836 10:14:47  -685427.000000        0.119702
FIRE:  837 10:14:47  -685427.000000        0.064958
FIRE:  838 10:14:48  -685426.812500        0.064956
FIRE:  839 10:14:48  -685427.000000        0.111522
FIRE:  840 10:14:48  -685427.000000        0.155596
FIRE:  841 10:14:48  -685427.000000        0.169364
FIRE:  842 10:14:48  -685427.000000        0.144766
FIRE:  843 10:14:48  -685427.000000        0.080412
FIRE:  844 10:14:48  -685427.000000        0.064916
FIRE:  845 10:14:48  -685427.000000        0.112393
FIRE:  846 10:14:48  -685427.062500        0.153882
FIRE:  847 10:14:48  -685427.062500        0.113272
FIRE:  848 10:14:48  -685427.062500        0.064855
FIRE:  849 10:14:48  -685427.062500        0.105182
FIRE:  850 10:14:48  -685427.062500        0.084056
FIRE:  851 10:14:48  -685427.062500        0.064756
FIRE:  852 10:14:48  -685427.062500        0.126907
FIRE:  853 10:14:49  -685427.062500        0.064627
FIRE:  854 10:14:49  -685427.062500        0.093058
FIRE:  855 10:14:49  -685427.062500        0.127815
FIRE:  856 10:14:49  -685427.062500        0.064286
FIRE:  857 10:14:49  -685427.062500        0.064103
FIRE:  858 10:14:49  -685427.062500        0.088293
FIRE:  859 10:14:49  -685427.062500        0.280862
FIRE:  860 10:14:49  -685427.125000        1.184799
FIRE:  861 10:14:49  -685427.062500        4.219721
FIRE:  862 10:14:49  -685427.125000        1.160123
FIRE:  863 10:14:49  -685427.125000        0.797483
FIRE:  864 10:14:49  -685427.125000        0.188864
FIRE:  865 10:14:49  -685427.125000        0.448451
FIRE:  866 10:14:49  -685427.125000        0.411522
FIRE:  867 10:14:50  -685427.125000        0.340567
FIRE:  868 10:14:50  -685427.125000        0.241575
FIRE:  869 10:14:50  -685427.125000        0.145973
FIRE:  870 10:14:50  -685427.125000        0.099296
FIRE:  871 10:14:50  -685427.125000        0.115912
FIRE:  872 10:14:50  -685427.125000        0.204734
FIRE:  873 10:14:50  -685427.125000        0.263034
FIRE:  874 10:14:50  -685427.125000        0.276654
FIRE:  875 10:14:50  -685427.125000        0.234892
FIRE:  876 10:14:50  -685427.125000        0.135910
FIRE:  877 10:14:50  -685427.125000        0.129078
FIRE:  878 10:14:50  -685427.125000        0.164874
FIRE:  879 10:14:50  -685427.125000        0.198245
FIRE:  880 10:14:50  -685427.125000        0.203165
FIRE:  881 10:14:51  -685427.125000        0.204629
FIRE:  882 10:14:51  -685427.125000        0.228759
FIRE:  883 10:14:51  -685427.125000        0.227591
FIRE:  884 10:14:51  -685427.125000        0.219181
FIRE:  885 10:14:51  -685427.125000        0.214679
FIRE:  886 10:14:51  -685427.125000        0.145428
FIRE:  887 10:14:51  -685427.125000        0.188380
FIRE:  888 10:14:51  -685427.187500        0.147419
FIRE:  889 10:14:51  -685427.187500        0.120092
FIRE:  890 10:14:51  -685427.187500        0.104506
FIRE:  891 10:14:51  -685427.187500        0.143650
FIRE:  892 10:14:51  -685427.187500        0.662794
FIRE:  893 10:14:51  -685427.187500        2.049551
FIRE:  894 10:14:51  -685427.187500        0.225567
FIRE:  895 10:14:52  -685427.250000        0.175951
FIRE:  896 10:14:52  -685427.250000        0.098504
FIRE:  897 10:14:52  -685427.250000        0.117430
FIRE:  898 10:14:52  -685427.250000        0.134026
FIRE:  899 10:14:52  -685427.250000        0.132270
FIRE:  900 10:14:52  -685427.250000        0.111326
FIRE:  901 10:14:52  -685427.250000        0.087263
FIRE:  902 10:14:52  -685427.250000        0.095236
FIRE:  903 10:14:52  -685427.250000        0.136992
FIRE:  904 10:14:52  -685427.250000        0.095898
FIRE:  905 10:14:52  -685427.250000        0.093290
FIRE:  906 10:14:52  -685427.250000        0.119424
FIRE:  907 10:14:52  -685427.250000        0.085705
FIRE:  908 10:14:52  -685427.250000        0.134164
FIRE:  909 10:14:52  -685427.250000        0.073965
FIRE:  910 10:14:53  -685427.250000        0.098451
FIRE:  911 10:14:53  -685427.250000        0.145469
FIRE:  912 10:14:53  -685427.250000        0.136014
FIRE:  913 10:14:53  -685427.250000        0.201704
FIRE:  914 10:14:53  -685427.250000        0.442760
FIRE:  915 10:14:53  -685427.312500        1.451609
FIRE:  916 10:14:53  -685427.312500        0.114480
FIRE:  917 10:14:53  -685427.312500        1.243289
FIRE:  918 10:14:53  -685427.312500        0.931127
FIRE:  919 10:14:53  -685427.312500        0.384313
FIRE:  920 10:14:53  -685427.312500        0.261817
FIRE:  921 10:14:53  -685427.312500        0.247558
FIRE:  922 10:14:53  -685427.312500        0.220130
FIRE:  923 10:14:53  -685427.312500        0.181548
FIRE:  924 10:14:54  -685427.312500        0.135215
FIRE:  925 10:14:54  -685427.312500        0.107587
FIRE:  926 10:14:54  -685427.312500        0.112286
FIRE:  927 10:14:54  -685427.312500        0.121423
FIRE:  928 10:14:54  -685427.312500        0.131976
FIRE:  929 10:14:54  -685427.312500        0.139533
FIRE:  930 10:14:54  -685427.312500        0.140084
FIRE:  931 10:14:54  -685427.312500        0.131660
FIRE:  932 10:14:54  -685427.312500        0.116980
FIRE:  933 10:14:54  -685427.312500        0.105209
FIRE:  934 10:14:54  -685427.312500        0.107279
FIRE:  935 10:14:54  -685427.312500        0.129981
FIRE:  936 10:14:54  -685427.312500        0.101093
FIRE:  937 10:14:54  -685427.312500        0.106304
FIRE:  938 10:14:55  -685427.312500        0.123374
FIRE:  939 10:14:55  -685427.312500        0.116618
FIRE:  940 10:14:55  -685427.312500        0.095729
FIRE:  941 10:14:55  -685427.312500        0.115860
FIRE:  942 10:14:55  -685427.125000        0.102235
FIRE:  943 10:14:55  -685427.312500        0.111368
FIRE:  944 10:14:55  -685427.312500        0.120275
FIRE:  945 10:14:55  -685427.312500        0.104452
FIRE:  946 10:14:55  -685427.375000        0.094270
FIRE:  947 10:14:55  -685427.375000        0.086062
FIRE:  948 10:14:55  -685427.375000        0.155591
FIRE:  949 10:14:55  -685427.375000        0.823128
FIRE:  950 10:14:55  -685427.375000        3.019859
FIRE:  951 10:14:55  -685427.375000        0.730607
FIRE:  952 10:14:55  -685427.437500        0.516829
FIRE:  953 10:14:56  -685427.437500        0.156857
FIRE:  954 10:14:56  -685427.437500        0.220173
FIRE:  955 10:14:56  -685427.437500        0.200473
FIRE:  956 10:14:56  -685427.437500        0.179839
FIRE:  957 10:14:56  -685427.437500        0.153190
FIRE:  958 10:14:56  -685427.437500        0.123606
FIRE:  959 10:14:56  -685427.437500        0.097151
FIRE:  960 10:14:56  -685427.437500        0.089272
FIRE:  961 10:14:56  -685427.437500        0.129950
FIRE:  962 10:14:56  -685427.437500        0.164899
FIRE:  963 10:14:56  -685427.437500        0.175790
FIRE:  964 10:14:56  -685427.437500        0.155896
FIRE:  965 10:14:56  -685427.437500        0.104150
FIRE:  966 10:14:56  -685427.437500        0.105164
FIRE:  967 10:14:57  -685427.437500        0.113485
FIRE:  968 10:14:57  -685427.437500        0.124407
FIRE:  969 10:14:57  -685427.437500        0.138371
FIRE:  970 10:14:57  -685427.437500        0.131264
FIRE:  971 10:14:57  -685427.437500        0.129798
FIRE:  972 10:14:57  -685427.437500        0.114990
FIRE:  973 10:14:57  -685427.437500        0.108235
FIRE:  974 10:14:57  -685427.437500        0.103017
FIRE:  975 10:14:57  -685427.437500        0.098558
FIRE:  976 10:14:57  -685427.437500        0.113998
FIRE:  977 10:14:57  -685427.437500        0.097988
FIRE:  978 10:14:57  -685427.437500        0.098992
FIRE:  979 10:14:57  -685427.437500        0.102118
FIRE:  980 10:14:57  -685427.500000        0.100767
FIRE:  981 10:14:58  -685427.500000        0.124418
FIRE:  982 10:14:58  -685427.500000        0.746029
FIRE:  983 10:14:58  -685427.500000        3.047299
FIRE:  984 10:14:58  -685427.500000        0.864510
FIRE:  985 10:14:58  -685427.500000        0.596500
FIRE:  986 10:14:58  -685427.500000        0.148095
FIRE:  987 10:14:58  -685427.500000        0.314808
FIRE:  988 10:14:58  -685427.500000        0.287669
FIRE:  989 10:14:58  -685427.500000        0.235768
FIRE:  990 10:14:58  -685427.500000        0.163602
FIRE:  991 10:14:58  -685427.500000        0.110452
FIRE:  992 10:14:58  -685427.500000        0.080081
FIRE:  993 10:14:58  -685427.500000        0.094860
FIRE:  994 10:14:58  -685427.500000        0.159314
FIRE:  995 10:14:59  -685427.500000        0.201743
FIRE:  996 10:14:59  -685427.500000        0.210669
FIRE:  997 10:14:59  -685427.562500        0.177612
FIRE:  998 10:14:59  -685427.562500        0.102099
FIRE:  999 10:14:59  -685427.625000        0.080368
FIRE:  1000 10:14:59  -685427.562500        0.093966
      Step     Time          Energy          fmax
FIRE:    0 10:15:00  -685405.875000        6.082117
FIRE:    1 10:15:00  -685406.187500        3.741454
FIRE:    2 10:15:02  -685408.625000        4.089792
FIRE:    3 10:15:02  -685408.625000        3.888571
FIRE:    4 10:15:02  -685410.375000        3.661374
FIRE:    5 10:15:03  -685410.000000        4.642347
FIRE:    6 10:15:03  -685411.375000        6.419748
FIRE:    7 10:15:03  -685411.687500        4.876268
FIRE:    8 10:15:03  -685410.937500        2.586208
FIRE:    9 10:15:04  -685412.187500        1.496468
FIRE:   10 10:15:04  -685412.312500        2.146555
FIRE:   11 10:15:04  -685412.375000        2.758999
FIRE:   12 10:15:04  -685412.562500        2.992295
FIRE:   13 10:15:04  -685411.750000        2.881233
FIRE:   14 10:15:04  -685411.937500        2.365364
FIRE:   15 10:15:04  -685412.312500        1.349441
FIRE:   16 10:15:04  -685413.625000        1.163166
FIRE:   17 10:15:04  -685413.687500        2.131956
FIRE:   18 10:15:04  -685413.937500        2.516009
FIRE:   19 10:15:04  -685414.375000        1.631973
FIRE:   20 10:15:04  -685414.750000        1.364978
FIRE:   21 10:15:04  -685415.312500        2.032196
FIRE:   22 10:15:04  -685415.750000        1.909240
FIRE:   23 10:15:04  -685415.125000        1.858897
FIRE:   24 10:15:06  -685415.375000        2.965707
FIRE:   25 10:15:06  -685415.500000        4.719748
FIRE:   26 10:15:06  -685415.750000        2.885507
FIRE:   27 10:15:06  -685415.812500        1.987874
FIRE:   28 10:15:06  -685415.750000        1.655074
FIRE:   29 10:15:06  -685415.812500        1.903994
FIRE:   30 10:15:06  -685415.812500        2.382968
FIRE:   31 10:15:06  -685415.875000        1.520935
FIRE:   32 10:15:06  -685416.000000        1.173547
FIRE:   33 10:15:06  -685416.000000        1.537653
FIRE:   34 10:15:06  -685416.062500        1.593514
FIRE:   35 10:15:06  -685416.187500        1.173154
FIRE:   36 10:15:06  -685416.187500        1.522552
FIRE:   37 10:15:06  -685417.000000        1.241999
FIRE:   38 10:15:06  -685417.062500        1.201947
FIRE:   39 10:15:06  -685417.312500        1.223814
FIRE:   40 10:15:06  -685416.875000        1.689627
FIRE:   41 10:15:06  -685417.125000        1.244805
FIRE:   42 10:15:06  -685417.375000        1.429105
FIRE:   43 10:15:06  -685417.750000        2.865813
FIRE:   44 10:15:06  -685418.750000        5.321661
FIRE:   45 10:15:07  -685418.812500        8.020855
FIRE:   46 10:15:07  -685418.437500        0.993073
FIRE:   47 10:15:07  -685418.500000        7.243904
FIRE:   48 10:15:07  -685418.437500        5.295533
FIRE:   49 10:15:07  -685418.625000        2.024225
FIRE:   50 10:15:07  -685418.562500        1.655920
FIRE:   51 10:15:07  -685418.562500        1.557396
FIRE:   52 10:15:07  -685418.500000        1.366195
FIRE:   53 10:15:07  -685418.625000        1.095595
FIRE:   54 10:15:07  -685418.687500        0.902532
FIRE:   55 10:15:07  -685418.687500        0.894577
FIRE:   56 10:15:07  -685418.750000        0.885464
FIRE:   57 10:15:07  -685418.687500        0.875440
FIRE:   58 10:15:07  -685418.687500        0.863629
FIRE:   59 10:15:07  -685418.625000        0.849973
FIRE:   60 10:15:07  -685418.625000        0.835178
FIRE:   61 10:15:08  -685418.562500        0.822166
FIRE:   62 10:15:08  -685418.625000        0.807231
FIRE:   63 10:15:08  -685418.625000        0.787961
FIRE:   64 10:15:08  -685418.687500        0.763364
FIRE:   65 10:15:08  -685418.812500        0.739902
FIRE:   66 10:15:08  -685418.687500        0.692590
FIRE:   67 10:15:08  -685418.812500        0.641515
FIRE:   68 10:15:08  -685418.812500        0.576321
FIRE:   69 10:15:08  -685418.937500        0.498360
FIRE:   70 10:15:08  -685418.937500        0.533477
FIRE:   71 10:15:08  -685418.937500        0.483599
FIRE:   72 10:15:08  -685419.000000        0.527809
FIRE:   73 10:15:08  -685419.187500        0.618557
FIRE:   74 10:15:08  -685419.250000        0.733836
FIRE:   75 10:15:08  -685419.312500        0.556215
FIRE:   76 10:15:09  -685420.125000        0.669937
FIRE:   77 10:15:09  -685419.687500        1.000630
FIRE:   78 10:15:09  -685420.250000        2.991007
FIRE:   79 10:15:09  -685420.375000        8.167011
FIRE:   80 10:15:09  -685420.437500        0.652020
FIRE:   81 10:15:09  -685420.562500        0.605571
FIRE:   82 10:15:09  -685420.500000        0.592979
FIRE:   83 10:15:09  -685420.500000        0.574081
FIRE:   84 10:15:09  -685420.500000        0.548923
FIRE:   85 10:15:09  -685420.500000        0.517771
FIRE:   86 10:15:09  -685420.500000        0.481085
FIRE:   87 10:15:09  -685420.500000        0.439396
FIRE:   88 10:15:09  -685420.937500        0.388885
FIRE:   89 10:15:09  -685420.562500        0.338583
FIRE:   90 10:15:09  -685420.937500        0.264466
FIRE:   91 10:15:09  -685419.875000        0.253945
FIRE:   92 10:15:09  -685420.625000        0.367220
FIRE:   93 10:15:10  -685420.625000        0.303729
FIRE:   94 10:15:10  -685420.750000        0.257785
FIRE:   95 10:15:10  -685420.625000        0.228775
FIRE:   96 10:15:10  -685420.812500        0.345166
FIRE:   97 10:15:10  -685420.312500        0.286082
FIRE:   98 10:15:10  -685420.312500        0.344994
FIRE:   99 10:15:10  -685420.375000        0.349984
FIRE:  100 10:15:10  -685420.437500        0.842652
FIRE:  101 10:15:10  -685421.562500        2.998230
FIRE:  102 10:15:10  -685421.500000        9.222460
FIRE:  103 10:15:10  -685421.687500        1.259112
FIRE:  104 10:15:10  -685421.687500        0.957017
FIRE:  105 10:15:10  -685421.687500        0.557041
FIRE:  106 10:15:10  -685421.687500        0.460176
FIRE:  107 10:15:10  -685421.687500        0.769065
FIRE:  108 10:15:10  -685421.750000        0.884127
FIRE:  109 10:15:11  -685421.750000        0.641056
FIRE:  110 10:15:11  -685421.750000        0.472444
FIRE:  111 10:15:11  -685421.750000        0.600058
FIRE:  112 10:15:11  -685421.750000        0.760003
FIRE:  113 10:15:11  -685421.750000        0.493819
FIRE:  114 10:15:11  -685421.750000        0.274364
FIRE:  115 10:15:11  -685421.750000        0.613968
FIRE:  116 10:15:11  -685421.812500        0.434112
FIRE:  117 10:15:11  -685421.812500        0.601417
FIRE:  118 10:15:11  -685421.812500        0.265020
FIRE:  119 10:15:11  -685420.687500        0.725951
FIRE:  120 10:15:11  -685420.750000        0.416896
FIRE:  121 10:15:11  -685420.812500        0.257266
FIRE:  122 10:15:11  -685420.875000        0.456272
FIRE:  123 10:15:11  -685421.000000        1.579826
FIRE:  124 10:15:11  -685421.875000        4.602025
FIRE:  125 10:15:12  -685421.937500        0.202745
FIRE:  126 10:15:12  -685421.937500        0.181852
FIRE:  127 10:15:12  -685421.937500        0.182117
FIRE:  128 10:15:12  -685421.937500        0.182852
FIRE:  129 10:15:12  -685421.937500        0.184206
FIRE:  130 10:15:12  -685421.937500        0.186032
FIRE:  131 10:15:12  -685421.937500        0.187875
FIRE:  132 10:15:12  -685421.937500        0.189122
FIRE:  133 10:15:12  -685421.937500        0.189167
FIRE:  134 10:15:12  -685421.937500        0.187411
FIRE:  135 10:15:12  -685421.937500        0.183801
FIRE:  136 10:15:12  -685422.000000        0.179255
FIRE:  137 10:15:12  -685422.000000        0.174817
FIRE:  138 10:15:12  -685422.000000        0.171176
FIRE:  139 10:15:12  -685422.000000        0.168526
FIRE:  140 10:15:13  -685422.062500        0.166627
FIRE:  141 10:15:13  -685422.062500        0.162504
FIRE:  142 10:15:13  -685422.062500        0.152158
FIRE:  143 10:15:13  -685422.125000        0.140829
FIRE:  144 10:15:13  -685422.187500        0.129991
FIRE:  145 10:15:13  -685422.187500        0.128372
FIRE:  146 10:15:13  -685422.250000        0.185438
FIRE:  147 10:15:13  -685421.375000        0.935370
FIRE:  148 10:15:13  -685421.312500        5.212873
FIRE:  149 10:15:13  -685421.437500        1.911519
FIRE:  150 10:15:13  -685421.437500        1.266107
FIRE:  151 10:15:13  -685421.437500        0.261957
FIRE:  152 10:15:13  -685421.500000        0.899443
FIRE:  153 10:15:13  -685421.437500        0.824789
FIRE:  154 10:15:13  -685421.437500        0.682250
FIRE:  155 10:15:14  -685421.437500        0.485080
FIRE:  156 10:15:14  -685421.437500        0.255217
FIRE:  157 10:15:14  -685421.437500        0.141312
FIRE:  158 10:15:14  -685421.437500        0.224554
FIRE:  159 10:15:14  -685421.500000        0.381619
FIRE:  160 10:15:14  -685421.562500        0.475686
FIRE:  161 10:15:14  -685421.437500        0.477959
FIRE:  162 10:15:14  -685421.500000        0.370436
FIRE:  163 10:15:14  -685421.562500        0.160357
FIRE:  164 10:15:14  -685421.562500        0.152114
FIRE:  165 10:15:14  -685421.500000        0.356883
FIRE:  166 10:15:14  -685421.437500        0.398399
FIRE:  167 10:15:14  -685421.437500        0.207342
FIRE:  168 10:15:14  -685421.437500        0.168212
FIRE:  169 10:15:14  -685421.437500        0.336712
FIRE:  170 10:15:15  -685421.562500        0.174409
FIRE:  171 10:15:15  -685421.562500        0.285191
FIRE:  172 10:15:15  -685421.500000        0.248867
FIRE:  173 10:15:15  -685421.500000        0.274783
FIRE:  174 10:15:15  -685421.500000        0.143651
FIRE:  175 10:15:15  -685421.625000        0.413596
FIRE:  176 10:15:15  -685421.687500        0.460147
FIRE:  177 10:15:15  -685421.625000        0.575881
FIRE:  178 10:15:15  -685422.625000        1.029858
FIRE:  179 10:15:15  -685422.687500        2.602199
FIRE:  180 10:15:15  -685422.687500        0.126914
FIRE:  181 10:15:15  -685422.687500        2.263651
FIRE:  182 10:15:15  -685422.687500        1.716527
FIRE:  183 10:15:15  -685422.687500        0.757697
FIRE:  184 10:15:15  -685422.687500        0.385602
FIRE:  185 10:15:16  -685422.687500        0.364135
FIRE:  186 10:15:16  -685422.687500        0.322806
FIRE:  187 10:15:16  -685422.687500        0.264501
FIRE:  188 10:15:16  -685422.687500        0.194901
FIRE:  189 10:15:16  -685422.687500        0.126669
FIRE:  190 10:15:16  -685422.687500        0.129694
FIRE:  191 10:15:16  -685422.687500        0.140944
FIRE:  192 10:15:16  -685422.687500        0.155325
FIRE:  193 10:15:16  -685422.687500        0.175543
FIRE:  194 10:15:16  -685422.687500        0.187179
FIRE:  195 10:15:16  -685422.687500        0.161708
FIRE:  196 10:15:16  -685422.687500        0.134971
FIRE:  197 10:15:16  -685422.687500        0.128122
FIRE:  198 10:15:16  -685422.687500        0.138592
FIRE:  199 10:15:16  -685422.750000        0.176197
FIRE:  200 10:15:17  -685422.750000        0.137937
FIRE:  201 10:15:17  -685422.750000        0.129564
FIRE:  202 10:15:17  -685422.750000        0.151238
FIRE:  203 10:15:17  -685422.750000        0.149587
FIRE:  204 10:15:17  -685422.750000        0.129876
FIRE:  205 10:15:17  -685422.750000        0.152689
FIRE:  206 10:15:17  -685422.750000        0.129988
FIRE:  207 10:15:17  -685422.812500        0.142191
FIRE:  208 10:15:17  -685422.812500        0.136199
FIRE:  209 10:15:17  -685422.812500        0.132184
FIRE:  210 10:15:17  -685422.875000        0.143728
FIRE:  211 10:15:17  -685422.875000        0.255091
FIRE:  212 10:15:17  -685422.937500        0.741074
FIRE:  213 10:15:17  -685423.000000        2.495296
FIRE:  214 10:15:17  -685422.875000        7.942294
FIRE:  215 10:15:18  -685423.062500        1.602690
FIRE:  216 10:15:18  -685423.062500        1.139078
FIRE:  217 10:15:18  -685423.062500        0.411134
FIRE:  218 10:15:18  -685423.062500        0.528697
FIRE:  219 10:15:18  -685423.062500        0.489314
FIRE:  220 10:15:18  -685423.062500        0.413691
FIRE:  221 10:15:18  -685423.062500        0.319957
FIRE:  222 10:15:18  -685423.062500        0.247368
FIRE:  223 10:15:18  -685423.062500        0.177591
FIRE:  224 10:15:18  -685423.062500        0.138945
FIRE:  225 10:15:18  -685423.062500        0.210818
FIRE:  226 10:15:18  -685423.062500        0.282741
FIRE:  227 10:15:18  -685423.062500        0.308630
FIRE:  228 10:15:18  -685423.062500        0.272363
FIRE:  229 10:15:18  -685423.062500        0.180404
FIRE:  230 10:15:19  -685423.062500        0.142002
FIRE:  231 10:15:19  -685423.062500        0.163319
FIRE:  232 10:15:19  -685423.062500        0.234118
FIRE:  233 10:15:19  -685423.062500        0.175419
FIRE:  234 10:15:19  -685423.062500        0.138173
FIRE:  235 10:15:19  -685423.125000        0.205637
FIRE:  236 10:15:19  -685423.125000        0.183350
FIRE:  237 10:15:19  -685423.125000        0.159609
FIRE:  238 10:15:19  -685423.125000        0.193036
FIRE:  239 10:15:19  -685423.125000        0.137018
FIRE:  240 10:15:19  -685423.125000        0.192394
FIRE:  241 10:15:19  -685423.187500        0.182211
FIRE:  242 10:15:19  -685423.187500        0.138011
FIRE:  243 10:15:19  -685423.250000        0.140321
FIRE:  244 10:15:19  -685422.250000        0.248549
FIRE:  245 10:15:20  -685422.312500        0.865904
FIRE:  246 10:15:20  -685422.500000        2.888822
FIRE:  247 10:15:20  -685422.375000        0.182144
FIRE:  248 10:15:20  -685422.375000        0.167449
FIRE:  249 10:15:20  -685422.375000        0.157740
FIRE:  250 10:15:20  -685422.375000        0.157601
FIRE:  251 10:15:20  -685422.375000        0.157475
FIRE:  252 10:15:20  -685422.375000        0.157320
FIRE:  253 10:15:20  -685422.375000        0.157182
FIRE:  254 10:15:20  -685422.500000        0.157042
FIRE:  255 10:15:20  -685422.375000        0.156832
FIRE:  256 10:15:20  -685422.375000        0.156538
FIRE:  257 10:15:20  -685422.375000        0.156103
FIRE:  258 10:15:20  -685422.375000        0.155552
FIRE:  259 10:15:20  -685422.500000        0.154927
FIRE:  260 10:15:21  -685422.500000        0.154437
FIRE:  261 10:15:21  -685422.437500        0.154346
FIRE:  262 10:15:21  -685422.437500        0.154908
FIRE:  263 10:15:21  -685422.500000        0.156142
FIRE:  264 10:15:21  -685422.500000        0.157619
FIRE:  265 10:15:21  -685422.625000        0.159093
FIRE:  266 10:15:21  -685422.562500        0.159501
FIRE:  267 10:15:21  -685422.625000        0.161453
FIRE:  268 10:15:21  -685422.687500        0.242836
FIRE:  269 10:15:21  -685422.687500        1.194620
FIRE:  270 10:15:21  -685422.687500        6.080070
FIRE:  271 10:15:21  -685422.750000        2.350196
FIRE:  272 10:15:21  -685422.812500        1.556459
FIRE:  273 10:15:21  -685422.812500        0.321024
FIRE:  274 10:15:21  -685422.937500        1.122800
FIRE:  275 10:15:22  -685422.875000        1.028105
FIRE:  276 10:15:22  -685422.812500        0.846954
FIRE:  277 10:15:22  -685422.812500        0.596306
FIRE:  278 10:15:22  -685422.812500        0.303337
FIRE:  279 10:15:22  -685422.812500        0.170955
FIRE:  280 10:15:22  -685422.812500        0.296806
FIRE:  281 10:15:22  -685422.937500        0.494015
FIRE:  282 10:15:22  -685422.812500        0.609321
FIRE:  283 10:15:22  -685422.812500        0.610250
FIRE:  284 10:15:22  -685422.812500        0.475318
FIRE:  285 10:15:22  -685422.812500        0.212415
FIRE:  286 10:15:22  -685422.812500        0.172585
FIRE:  287 10:15:22  -685422.812500        0.440727
FIRE:  288 10:15:22  -685422.875000        0.499902
FIRE:  289 10:15:22  -685422.812500        0.271475
FIRE:  290 10:15:23  -685422.812500        0.193267
FIRE:  291 10:15:23  -685422.812500        0.429731
FIRE:  292 10:15:23  -685422.812500        0.214570
FIRE:  293 10:15:23  -685422.875000        0.336986
FIRE:  294 10:15:23  -685422.937500        0.334868
FIRE:  295 10:15:23  -685422.875000        0.323147
FIRE:  296 10:15:23  -685422.875000        0.184645
FIRE:  297 10:15:23  -685423.625000        0.526074
FIRE:  298 10:15:23  -685423.437500        0.499087
FIRE:  299 10:15:23  -685423.687500        0.528937
FIRE:  300 10:15:23  -685423.937500        0.931910
FIRE:  301 10:15:23  -685424.250000        2.521586
FIRE:  302 10:15:23  -685424.187500        7.409538
FIRE:  303 10:15:23  -685424.312500        1.217871
FIRE:  304 10:15:23  -685424.312500        0.876811
FIRE:  305 10:15:24  -685424.312500        0.364325
FIRE:  306 10:15:24  -685424.312500        0.367850
FIRE:  307 10:15:24  -685424.312500        0.783090
FIRE:  308 10:15:24  -685424.312500        0.725233
FIRE:  309 10:15:24  -685424.312500        0.614103
FIRE:  310 10:15:24  -685424.312500        0.458893
FIRE:  311 10:15:24  -685424.312500        0.274905
FIRE:  312 10:15:24  -685424.312500        0.137172
FIRE:  313 10:15:24  -685424.312500        0.153458
FIRE:  314 10:15:24  -685424.312500        0.299117
FIRE:  315 10:15:24  -685424.312500        0.409814
FIRE:  316 10:15:24  -685424.312500        0.455011
FIRE:  317 10:15:24  -685424.375000        0.412960
FIRE:  318 10:15:24  -685424.375000        0.276778
FIRE:  319 10:15:24  -685424.375000        0.131051
FIRE:  320 10:15:24  -685424.375000        0.202698
FIRE:  321 10:15:25  -685424.375000        0.331464
FIRE:  322 10:15:25  -685424.375000        0.283351
FIRE:  323 10:15:25  -685424.375000        0.129403
FIRE:  324 10:15:25  -685424.375000        0.262666
FIRE:  325 10:15:25  -685424.375000        0.299755
FIRE:  326 10:15:25  -685424.375000        0.127128
FIRE:  327 10:15:25  -685424.375000        0.281896
FIRE:  328 10:15:25  -685424.437500        0.125546
FIRE:  329 10:15:25  -685424.125000        0.323099
FIRE:  330 10:15:25  -685424.125000        0.137381
FIRE:  331 10:15:25  -685424.312500        0.149217
FIRE:  332 10:15:25  -685424.312500        0.425261
FIRE:  333 10:15:25  -685424.250000        0.799651
FIRE:  334 10:15:25  -685424.375000        1.741409
FIRE:  335 10:15:25  -685424.125000        4.022159
FIRE:  336 10:15:26  -685424.187500        0.151171
FIRE:  337 10:15:26  -685424.125000        3.719617
FIRE:  338 10:15:26  -685424.125000        2.762536
FIRE:  339 10:15:26  -685424.187500        1.119186
FIRE:  340 10:15:26  -685424.187500        0.776075
FIRE:  341 10:15:26  -685424.187500        0.726525
FIRE:  342 10:15:26  -685424.187500        0.630866
FIRE:  343 10:15:26  -685424.187500        0.495512
FIRE:  344 10:15:26  -685424.187500        0.331226
FIRE:  345 10:15:26  -685424.187500        0.182569
FIRE:  346 10:15:26  -685424.187500        0.131687
FIRE:  347 10:15:26  -685424.187500        0.220032
FIRE:  348 10:15:26  -685424.187500        0.350906
FIRE:  349 10:15:26  -685424.187500        0.434059
FIRE:  350 10:15:26  -685424.187500        0.445025
FIRE:  351 10:15:27  -685424.187500        0.368431
FIRE:  352 10:15:27  -685424.187500        0.206557
FIRE:  353 10:15:27  -685424.187500        0.132155
FIRE:  354 10:15:27  -685424.187500        0.250885
FIRE:  355 10:15:27  -685424.187500        0.327256
FIRE:  356 10:15:27  -685424.187500        0.219195
FIRE:  357 10:15:27  -685424.187500        0.132470
FIRE:  358 10:15:27  -685424.187500        0.303481
FIRE:  359 10:15:27  -685424.250000        0.249380
FIRE:  360 10:15:27  -685424.250000        0.142904
FIRE:  361 10:15:27  -685424.250000        0.259515
FIRE:  362 10:15:27  -685424.250000        0.133509
FIRE:  363 10:15:27  -685424.250000        0.275834
FIRE:  364 10:15:27  -685424.312500        0.229297
FIRE:  365 10:15:27  -685424.312500        0.136403
FIRE:  366 10:15:28  -685424.312500        0.183308
FIRE:  367 10:15:28  -685424.375000        0.459812
FIRE:  368 10:15:28  -685424.375000        1.426823
FIRE:  369 10:15:28  -685424.375000        3.882766
FIRE:  370 10:15:28  -685424.437500        0.193460
FIRE:  371 10:15:28  -685424.375000        0.156615
FIRE:  372 10:15:28  -685424.375000        0.132349
FIRE:  373 10:15:28  -685424.437500        0.132814
FIRE:  374 10:15:28  -685424.437500        0.133411
FIRE:  375 10:15:28  -685424.437500        0.134101
FIRE:  376 10:15:28  -685424.437500        0.134847
FIRE:  377 10:15:28  -685424.437500        0.135579
FIRE:  378 10:15:28  -685424.437500        0.136340
FIRE:  379 10:15:28  -685424.437500        0.137034
FIRE:  380 10:15:28  -685424.375000        0.137580
FIRE:  381 10:15:28  -685424.437500        0.137894
FIRE:  382 10:15:29  -685424.500000        0.137898
FIRE:  383 10:15:29  -685424.500000        0.137610
FIRE:  384 10:15:29  -685424.500000        0.137174
FIRE:  385 10:15:29  -685424.500000        0.136860
FIRE:  386 10:15:29  -685424.500000        0.136920
FIRE:  387 10:15:29  -685424.562500        0.137465
FIRE:  388 10:15:29  -685424.562500        0.138176
FIRE:  389 10:15:29  -685424.562500        0.137873
FIRE:  390 10:15:29  -685424.625000        0.182251
FIRE:  391 10:15:29  -685424.625000        0.826319
FIRE:  392 10:15:29  -685424.562500        3.162686
FIRE:  393 10:15:29  -685424.687500        0.465814
FIRE:  394 10:15:29  -685424.687500        0.344185
FIRE:  395 10:15:29  -685424.687500        0.144334
FIRE:  396 10:15:29  -685424.687500        0.148784
FIRE:  397 10:15:29  -685424.687500        0.261383
FIRE:  398 10:15:29  -685424.687500        0.292678
FIRE:  399 10:15:30  -685424.687500        0.201026
FIRE:  400 10:15:30  -685424.687500        0.135210
FIRE:  401 10:15:30  -685424.687500        0.201243
FIRE:  402 10:15:30  -685424.625000        0.281293
FIRE:  403 10:15:30  -685424.687500        0.170739
FIRE:  404 10:15:30  -685424.625000        0.136017
FIRE:  405 10:15:30  -685424.687500        0.201583
FIRE:  406 10:15:30  -685424.625000        0.134760
FIRE:  407 10:15:30  -685424.750000        0.252993
FIRE:  408 10:15:30  -685424.687500        0.132746
FIRE:  409 10:15:30  -685424.750000        0.176865
FIRE:  410 10:15:30  -685424.750000        0.305220
FIRE:  411 10:15:30  -685424.750000        0.278346
FIRE:  412 10:15:30  -685424.812500        0.505351
FIRE:  413 10:15:30  -685424.625000        1.115684
FIRE:  414 10:15:30  -685424.750000        3.114863
FIRE:  415 10:15:30  -685424.875000        0.168482
FIRE:  416 10:15:31  -685424.812500        0.148955
FIRE:  417 10:15:31  -685424.875000        0.124510
FIRE:  418 10:15:31  -685424.875000        0.124801
FIRE:  419 10:15:31  -685424.875000        0.125164
FIRE:  420 10:15:31  -685424.875000        0.137427
FIRE:  421 10:15:31  -685424.875000        0.126061
FIRE:  422 10:15:31  -685424.875000        0.126537
FIRE:  423 10:15:31  -685424.875000        0.127016
FIRE:  424 10:15:31  -685424.875000        0.127482
FIRE:  425 10:15:31  -685424.875000        0.127842
FIRE:  426 10:15:31  -685424.875000        0.128027
FIRE:  427 10:15:31  -685424.875000        0.128011
FIRE:  428 10:15:31  -685424.875000        0.127724
FIRE:  429 10:15:31  -685424.875000        0.127229
FIRE:  430 10:15:31  -685424.875000        0.126574
FIRE:  431 10:15:31  -685424.875000        0.125910
FIRE:  432 10:15:31  -685424.937500        0.125476
FIRE:  433 10:15:32  -685424.937500        0.125333
FIRE:  434 10:15:32  -685424.312500        0.125639
FIRE:  435 10:15:32  -685425.000000        0.126351
FIRE:  436 10:15:32  -685425.000000        0.165797
FIRE:  437 10:15:32  -685425.062500        0.652391
FIRE:  438 10:15:32  -685425.062500        3.696057
FIRE:  439 10:15:32  -685425.062500        1.342769
FIRE:  440 10:15:32  -685425.000000        0.880453
FIRE:  441 10:15:32  -685425.062500        0.175607
FIRE:  442 10:15:32  -685425.062500        0.669691
FIRE:  443 10:15:32  -685425.062500        0.615942
FIRE:  444 10:15:32  -685425.062500        0.513166
FIRE:  445 10:15:32  -685425.062500        0.371556
FIRE:  446 10:15:32  -685425.062500        0.207857
FIRE:  447 10:15:32  -685425.062500        0.122280
FIRE:  448 10:15:32  -685425.000000        0.153392
FIRE:  449 10:15:32  -685424.375000        0.259542
FIRE:  450 10:15:33  -685425.500000        0.325414
FIRE:  451 10:15:33  -685425.062500        0.326343
FIRE:  452 10:15:33  -685425.062500        0.249728
FIRE:  453 10:15:33  -685425.062500        0.121209
FIRE:  454 10:15:33  -685425.062500        0.134574
FIRE:  455 10:15:33  -685425.062500        0.282002
FIRE:  456 10:15:33  -685425.062500        0.309249
FIRE:  457 10:15:33  -685425.125000        0.172607
FIRE:  458 10:15:33  -685425.125000        0.125915
FIRE:  459 10:15:33  -685425.125000        0.227633
FIRE:  460 10:15:33  -685425.125000        0.124016
FIRE:  461 10:15:33  -685425.125000        0.233109
FIRE:  462 10:15:33  -685425.125000        0.198305
FIRE:  463 10:15:33  -685425.125000        0.190093
FIRE:  464 10:15:33  -685425.125000        0.108817
FIRE:  465 10:15:34  -685425.125000        0.315570
FIRE:  466 10:15:34  -685425.187500        0.326092
FIRE:  467 10:15:34  -685425.187500        0.465888
FIRE:  468 10:15:34  -685425.187500        0.783287
FIRE:  469 10:15:34  -685425.250000        2.012035
FIRE:  470 10:15:34  -685425.250000        0.109655
FIRE:  471 10:15:34  -685425.250000        1.715988
FIRE:  472 10:15:34  -685425.250000        1.298630
FIRE:  473 10:15:34  -685425.187500        0.565185
FIRE:  474 10:15:34  -685425.250000        0.315391
FIRE:  475 10:15:34  -685425.250000        0.298732
FIRE:  476 10:15:34  -685425.250000        0.266995
FIRE:  477 10:15:34  -685425.187500        0.222434
FIRE:  478 10:15:34  -685425.250000        0.169288
FIRE:  479 10:15:35  -685425.250000        0.114403
FIRE:  480 10:15:35  -685425.250000        0.101089
FIRE:  481 10:15:35  -685425.250000        0.103937
FIRE:  482 10:15:35  -685425.250000        0.120077
FIRE:  483 10:15:35  -685425.250000        0.131481
FIRE:  484 10:15:35  -685425.250000        0.132920
FIRE:  485 10:15:35  -685425.250000        0.121616
FIRE:  486 10:15:35  -685425.250000        0.101048
FIRE:  487 10:15:35  -685425.250000        0.100998
FIRE:  488 10:15:35  -685425.250000        0.125006
FIRE:  489 10:15:35  -685425.250000        0.155229
FIRE:  490 10:15:35  -685425.250000        0.126180
FIRE:  491 10:15:35  -685425.250000        0.100907
FIRE:  492 10:15:35  -685425.250000        0.115224
FIRE:  493 10:15:36  -685425.250000        0.112557
FIRE:  494 10:15:36  -685425.250000        0.101062
FIRE:  495 10:15:36  -685425.250000        0.137310
FIRE:  496 10:15:36  -685425.250000        0.101620
FIRE:  497 10:15:36  -685425.312500        0.107045
FIRE:  498 10:15:36  -685425.312500        0.125417
FIRE:  499 10:15:36  -685425.312500        0.103881
FIRE:  500 10:15:36  -685425.312500        0.105341
FIRE:  501 10:15:36  -685425.312500        0.207042
FIRE:  502 10:15:36  -685425.375000        0.533064
FIRE:  503 10:15:36  -685425.375000        1.869484
FIRE:  504 10:15:36  -685425.312500        5.826607
FIRE:  505 10:15:36  -685425.437500        1.178320
FIRE:  506 10:15:36  -685425.437500        0.837885
FIRE:  507 10:15:37  -685425.437500        0.262531
FIRE:  508 10:15:37  -685425.437500        0.371866
FIRE:  509 10:15:37  -685425.437500        0.342619
FIRE:  510 10:15:37  -685425.437500        0.286833
FIRE:  511 10:15:37  -685425.437500        0.228815
FIRE:  512 10:15:37  -685425.437500        0.174497
FIRE:  513 10:15:37  -685425.437500        0.120833
FIRE:  514 10:15:37  -685425.437500        0.108159
FIRE:  515 10:15:37  -685425.437500        0.178290
FIRE:  516 10:15:37  -685425.437500        0.231170
FIRE:  517 10:15:37  -685425.437500        0.250260
FIRE:  518 10:15:37  -685425.437500        0.223713
FIRE:  519 10:15:37  -685425.437500        0.150786
FIRE:  520 10:15:37  -685425.437500        0.104202
FIRE:  521 10:15:38  -685425.437500        0.126287
FIRE:  522 10:15:38  -685425.375000        0.159556
FIRE:  523 10:15:38  -685425.437500        0.119307
FIRE:  524 10:15:38  -685425.437500        0.103549
FIRE:  525 10:15:38  -685425.437500        0.173078
FIRE:  526 10:15:38  -685425.437500        0.158760
FIRE:  527 10:15:38  -685425.437500        0.113143
FIRE:  528 10:15:38  -685425.437500        0.136364
FIRE:  529 10:15:38  -685425.437500        0.100940
FIRE:  530 10:15:38  -685425.500000        0.167791
FIRE:  531 10:15:38  -685425.500000        0.119958
FIRE:  532 10:15:38  -685425.500000        0.098648
