      Step     Time          Energy          fmax
FIRE:    0 09:44:07  -771263.937500        5.223963
FIRE:    1 09:44:08  -771264.125000        2.719712
FIRE:    2 09:44:09  -771265.187500        2.442273
FIRE:    3 09:44:10  -771266.187500        3.001540
FIRE:    4 09:44:11  -771267.562500        2.851562
FIRE:    5 09:44:11  -771268.062500        2.259805
FIRE:    6 09:44:11  -771268.250000        2.893704
FIRE:    7 09:44:11  -771269.687500        2.808996
FIRE:    8 09:44:11  -771270.375000        1.676836
FIRE:    9 09:44:11  -771270.875000        0.999633
FIRE:   10 09:44:11  -771271.312500        1.011500
FIRE:   11 09:44:11  -771271.187500        1.465137
FIRE:   12 09:44:11  -771271.625000        1.466482
FIRE:   13 09:44:11  -771272.125000        0.806360
FIRE:   14 09:44:11  -771272.500000        0.857878
FIRE:   15 09:44:11  -771273.375000        1.069073
FIRE:   16 09:44:12  -771273.750000        1.234734
FIRE:   17 09:44:12  -771273.875000        1.530415
FIRE:   18 09:44:12  -771274.687500        1.819751
FIRE:   19 09:44:12  -771275.187500        2.025234
FIRE:   20 09:44:12  -771275.312500        2.272234
FIRE:   21 09:44:12  -771276.375000        2.860632
FIRE:   22 09:44:12  -771276.875000        3.505210
FIRE:   23 09:44:12  -771278.000000        3.746733
FIRE:   24 09:44:13  -771278.812500        2.093481
FIRE:   25 09:44:14  -771278.187500        4.411759
FIRE:   26 09:44:14  -771278.250000        3.413155
FIRE:   27 09:44:14  -771278.937500        1.940132
FIRE:   28 09:44:14  -771279.062500        1.184018
FIRE:   29 09:44:14  -771279.187500        1.055390
FIRE:   30 09:44:14  -771279.187500        1.197172
FIRE:   31 09:44:14  -771279.187500        1.722505
FIRE:   32 09:44:14  -771279.375000        1.260399
FIRE:   33 09:44:14  -771279.500000        1.027646
FIRE:   34 09:44:14  -771279.625000        1.052992
FIRE:   35 09:44:14  -771279.812500        1.216327
FIRE:   36 09:44:14  -771280.062500        1.299642
FIRE:   37 09:44:14  -771280.437500        1.487784
FIRE:   38 09:44:14  -771280.812500        1.217538
FIRE:   39 09:44:14  -771281.187500        1.313052
FIRE:   40 09:44:14  -771281.812500        1.109845
FIRE:   41 09:44:15  -771282.125000        1.110888
FIRE:   42 09:44:15  -771282.625000        1.482062
FIRE:   43 09:44:15  -771282.937500        1.017056
FIRE:   44 09:44:15  -771283.375000        1.339435
FIRE:   45 09:44:15  -771283.625000        1.906543
FIRE:   46 09:44:15  -771284.000000        1.113116
FIRE:   47 09:44:15  -771284.312500        1.275715
FIRE:   48 09:44:15  -771284.687500        1.553294
FIRE:   49 09:44:15  -771285.187500        1.150397
FIRE:   50 09:44:15  -771285.625000        1.049685
FIRE:   51 09:44:15  -771285.625000        0.939242
FIRE:   52 09:44:15  -771286.125000        1.226328
FIRE:   53 09:44:15  -771286.375000        1.633879
FIRE:   54 09:44:15  -771286.187500        1.457205
FIRE:   55 09:44:16  -771286.875000        1.500443
FIRE:   56 09:44:16  -771287.375000        1.163324
FIRE:   57 09:44:16  -771287.687500        1.320995
FIRE:   58 09:44:16  -771287.750000        0.815371
FIRE:   59 09:44:16  -771287.437500        1.519471
FIRE:   60 09:44:16  -771287.312500        4.995447
FIRE:   61 09:44:16  -771287.375000        7.440731
FIRE:   62 09:44:16  -771288.062500        1.641162
FIRE:   63 09:44:16  -771287.562500       12.878002
FIRE:   64 09:44:16  -771287.875000        5.851840
FIRE:   65 09:44:16  -771287.750000        1.267879
FIRE:   66 09:44:16  -771287.687500        1.191312
FIRE:   67 09:44:16  -771287.687500        1.041799
FIRE:   68 09:44:16  -771287.625000        0.827766
FIRE:   69 09:44:17  -771287.750000        0.565554
FIRE:   70 09:44:17  -771287.687500        0.345118
FIRE:   71 09:44:17  -771287.687500        0.318679
FIRE:   72 09:44:17  -771287.750000        0.503667
FIRE:   73 09:44:17  -771288.187500        0.646662
FIRE:   74 09:44:17  -771287.750000        0.665335
FIRE:   75 09:44:17  -771287.750000        0.566504
FIRE:   76 09:44:17  -771287.687500        0.380852
FIRE:   77 09:44:17  -771287.812500        0.325488
FIRE:   78 09:44:17  -771287.812500        0.550806
FIRE:   79 09:44:17  -771288.187500        0.603927
FIRE:   80 09:44:17  -771288.312500        0.361551
FIRE:   81 09:44:17  -771287.812500        0.299762
FIRE:   82 09:44:17  -771287.875000        0.482522
FIRE:   83 09:44:18  -771288.375000        0.313451
FIRE:   84 09:44:18  -771288.500000        0.297231
FIRE:   85 09:44:18  -771288.562500        0.421786
FIRE:   86 09:44:18  -771288.625000        0.333174
FIRE:   87 09:44:18  -771288.750000        0.304422
FIRE:   88 09:44:18  -771288.812500        0.508789
FIRE:   89 09:44:18  -771288.500000        0.405280
FIRE:   90 09:44:18  -771289.062500        0.346819
FIRE:   91 09:44:18  -771288.875000        0.532835
FIRE:   92 09:44:18  -771288.937500        1.405181
FIRE:   93 09:44:18  -771289.500000        3.013833
FIRE:   94 09:44:18  -771289.062500        0.591220
FIRE:   95 09:44:18  -771288.937500        0.438619
FIRE:   96 09:44:18  -771289.062500        0.192588
FIRE:   97 09:44:18  -771289.125000        0.189326
FIRE:   98 09:44:19  -771289.062500        0.352449
FIRE:   99 09:44:19  -771289.625000        0.411446
FIRE:  100 09:44:19  -771289.562500        0.317315
FIRE:  101 09:44:19  -771289.125000        0.193261
FIRE:  102 09:44:19  -771289.125000        0.228312
FIRE:  103 09:44:19  -771289.125000        0.370962
FIRE:  104 09:44:19  -771289.125000        0.260161
FIRE:  105 09:44:19  -771289.250000        0.195370
FIRE:  106 09:44:19  -771289.187500        0.308647
FIRE:  107 09:44:19  -771289.687500        0.192420
FIRE:  108 09:44:19  -771289.687500        0.289218
FIRE:  109 09:44:19  -771289.812500        0.193290
FIRE:  110 09:44:19  -771289.812500        0.323760
FIRE:  111 09:44:19  -771289.812500        0.263798
FIRE:  112 09:44:20  -771289.875000        0.194685
FIRE:  113 09:44:20  -771290.000000        0.197122
FIRE:  114 09:44:20  -771290.125000        0.293522
FIRE:  115 09:44:20  -771290.250000        1.196610
FIRE:  116 09:44:20  -771290.250000        3.183800
FIRE:  117 09:44:20  -771290.437500        0.207551
FIRE:  118 09:44:20  -771290.312500        0.208018
FIRE:  119 09:44:20  -771290.312500        0.208815
FIRE:  120 09:44:20  -771290.312500        0.209644
FIRE:  121 09:44:20  -771290.312500        0.210147
FIRE:  122 09:44:20  -771290.312500        0.210031
FIRE:  123 09:44:20  -771290.312500        0.209241
FIRE:  124 09:44:20  -771290.312500        0.208201
FIRE:  125 09:44:20  -771290.437500        0.207693
FIRE:  126 09:44:21  -771290.500000        0.210129
FIRE:  127 09:44:21  -771290.375000        0.216761
FIRE:  128 09:44:21  -771290.375000        0.224090
FIRE:  129 09:44:21  -771290.562500        0.224285
FIRE:  130 09:44:21  -771290.500000        0.217834
FIRE:  131 09:44:21  -771290.062500        0.221456
FIRE:  132 09:44:21  -771290.125000        0.219412
FIRE:  133 09:44:21  -771290.187500        0.227727
FIRE:  134 09:44:21  -771290.125000        0.224528
FIRE:  135 09:44:21  -771290.375000        0.226300
FIRE:  136 09:44:21  -771290.375000        0.244022
FIRE:  137 09:44:21  -771290.562500        0.829270
FIRE:  138 09:44:21  -771290.625000        2.763781
FIRE:  139 09:44:21  -771290.687500        0.445919
FIRE:  140 09:44:22  -771290.687500        0.339614
FIRE:  141 09:44:22  -771290.750000        0.216355
FIRE:  142 09:44:22  -771290.750000        0.218585
FIRE:  143 09:44:22  -771290.750000        0.228590
FIRE:  144 09:44:22  -771290.750000        0.283571
FIRE:  145 09:44:22  -771290.750000        0.220757
FIRE:  146 09:44:22  -771290.750000        0.218972
FIRE:  147 09:44:22  -771290.812500        0.223473
FIRE:  148 09:44:22  -771290.750000        0.252843
FIRE:  149 09:44:22  -771290.687500        0.227977
FIRE:  150 09:44:22  -771290.750000        0.224017
FIRE:  151 09:44:22  -771290.812500        0.220116
FIRE:  152 09:44:22  -771290.812500        0.224620
FIRE:  153 09:44:22  -771290.875000        0.224792
FIRE:  154 09:44:23  -771290.875000        0.221660
FIRE:  155 09:44:23  -771291.000000        0.220092
FIRE:  156 09:44:23  -771290.937500        0.219235
FIRE:  157 09:44:23  -771291.062500        0.210264
FIRE:  158 09:44:23  -771291.125000        0.199031
FIRE:  159 09:44:23  -771291.187500        0.364643
FIRE:  160 09:44:23  -771291.312500        1.393389
FIRE:  161 09:44:23  -771291.437500        3.890042
FIRE:  162 09:44:23  -771291.500000        0.264309
FIRE:  163 09:44:23  -771291.375000        4.770396
FIRE:  164 09:44:23  -771291.562500        3.007162
FIRE:  165 09:44:23  -771291.562500        0.522679
FIRE:  166 09:44:23  -771291.562500        1.657835
FIRE:  167 09:44:23  -771291.437500        1.556184
FIRE:  168 09:44:23  -771291.437500        1.356650
FIRE:  169 09:44:24  -771291.500000        1.067558
FIRE:  170 09:44:24  -771291.500000        0.702947
FIRE:  171 09:44:24  -771291.500000        0.285828
FIRE:  172 09:44:24  -771291.500000        0.166468
FIRE:  173 09:44:24  -771291.500000        0.525802
FIRE:  174 09:44:24  -771291.437500        0.516082
FIRE:  175 09:44:24  -771291.437500        0.496788
FIRE:  176 09:44:24  -771291.500000        0.468407
FIRE:  177 09:44:24  -771291.500000        0.431631
FIRE:  178 09:44:24  -771291.500000        0.387249
FIRE:  179 09:44:24  -771291.500000        0.336448
FIRE:  180 09:44:24  -771291.500000        0.280545
FIRE:  181 09:44:24  -771291.500000        0.214805
FIRE:  182 09:44:24  -771291.500000        0.166189
FIRE:  183 09:44:25  -771291.500000        0.166149
FIRE:  184 09:44:25  -771291.500000        0.166095
FIRE:  185 09:44:25  -771291.500000        0.166041
FIRE:  186 09:44:25  -771291.500000        0.197869
FIRE:  187 09:44:25  -771291.562500        0.248807
FIRE:  188 09:44:25  -771291.500000        0.268646
FIRE:  189 09:44:25  -771291.562500        0.248347
FIRE:  190 09:44:25  -771291.562500        0.183537
FIRE:  191 09:44:25  -771291.562500        0.165140
FIRE:  192 09:44:25  -771291.562500        0.164850
FIRE:  193 09:44:25  -771291.562500        0.174836
FIRE:  194 09:44:25  -771291.500000        0.190227
FIRE:  195 09:44:25  -771291.625000        0.163645
FIRE:  196 09:44:25  -771291.562500        0.163060
FIRE:  197 09:44:25  -771291.625000        0.183645
FIRE:  198 09:44:26  -771291.562500        0.161414
FIRE:  199 09:44:26  -771292.062500        0.160196
FIRE:  200 09:44:26  -771292.062500        0.160713
FIRE:  201 09:44:26  -771291.562500        0.156448
FIRE:  202 09:44:26  -771292.125000        0.188484
FIRE:  203 09:44:26  -771292.125000        0.148967
FIRE:  204 09:44:26  -771292.312500        0.143604
FIRE:  205 09:44:26  -771292.312500        0.237566
FIRE:  206 09:44:26  -771292.375000        0.372097
FIRE:  207 09:44:26  -771292.375000        0.834545
FIRE:  208 09:44:26  -771292.062500        2.030705
FIRE:  209 09:44:26  -771292.500000        4.633879
FIRE:  210 09:44:26  -771292.687500        0.621449
FIRE:  211 09:44:26  -771292.437500        6.043055
FIRE:  212 09:44:27  -771292.437500        3.742655
FIRE:  213 09:44:27  -771292.687500        0.623099
FIRE:  214 09:44:27  -771292.625000        2.018572
FIRE:  215 09:44:27  -771292.625000        1.900587
FIRE:  216 09:44:27  -771292.625000        1.668079
FIRE:  217 09:44:27  -771292.687500        1.328682
FIRE:  218 09:44:27  -771292.187500        0.895578
FIRE:  219 09:44:27  -771292.687500        0.390416
FIRE:  220 09:44:27  -771292.687500        0.156418
FIRE:  221 09:44:27  -771292.625000        0.153963
FIRE:  222 09:44:27  -771292.687500        0.149119
FIRE:  223 09:44:27  -771292.625000        0.141976
FIRE:  224 09:44:27  -771292.687500        0.136125
FIRE:  225 09:44:27  -771292.687500        0.136168
FIRE:  226 09:44:27  -771292.687500        0.136182
FIRE:  227 09:44:28  -771292.687500        0.136213
FIRE:  228 09:44:28  -771292.625000        0.136252
FIRE:  229 09:44:28  -771292.687500        0.136293
FIRE:  230 09:44:28  -771292.687500        0.136327
FIRE:  231 09:44:28  -771292.687500        0.136389
FIRE:  232 09:44:28  -771292.687500        0.136447
FIRE:  233 09:44:28  -771292.687500        0.136492
FIRE:  234 09:44:28  -771292.562500        0.136591
FIRE:  235 09:44:28  -771292.687500        0.136627
FIRE:  236 09:44:28  -771292.687500        0.136681
FIRE:  237 09:44:28  -771292.687500        0.136720
FIRE:  238 09:44:28  -771292.687500        0.136778
FIRE:  239 09:44:28  -771292.000000        0.136822
FIRE:  240 09:44:28  -771292.062500        0.136948
FIRE:  241 09:44:29  -771292.125000        0.137096
FIRE:  242 09:44:29  -771292.000000        0.137296
FIRE:  243 09:44:29  -771292.125000        0.137580
FIRE:  244 09:44:29  -771292.125000        0.137941
FIRE:  245 09:44:29  -771292.750000        0.138235
FIRE:  246 09:44:29  -771292.750000        0.138515
FIRE:  247 09:44:29  -771292.750000        0.138848
FIRE:  248 09:44:29  -771292.125000        0.139335
FIRE:  249 09:44:29  -771292.187500        0.139861
FIRE:  250 09:44:29  -771292.250000        0.140097
FIRE:  251 09:44:29  -771292.312500        0.140262
FIRE:  252 09:44:29  -771292.312500        0.140335
FIRE:  253 09:44:29  -771292.312500        0.139933
FIRE:  254 09:44:29  -771292.312500        0.276511
FIRE:  255 09:44:29  -771292.750000        0.865171
FIRE:  256 09:44:30  -771293.437500        2.478355
FIRE:  257 09:44:30  -771293.500000        0.170330
FIRE:  258 09:44:30  -771293.437500        2.703105
FIRE:  259 09:44:30  -771293.500000        1.847859
FIRE:  260 09:44:30  -771293.562500        0.516387
FIRE:  261 09:44:30  -771293.500000        0.810683
FIRE:  262 09:44:30  -771293.500000        0.759407
FIRE:  263 09:44:30  -771293.500000        0.659438
FIRE:  264 09:44:30  -771293.500000        0.516469
FIRE:  265 09:44:30  -771293.562500        0.339193
FIRE:  266 09:44:30  -771293.562500        0.172699
FIRE:  267 09:44:30  -771293.562500        0.172457
FIRE:  268 09:44:30  -771293.562500        0.236422
FIRE:  269 09:44:30  -771293.500000        0.375205
FIRE:  270 09:44:31  -771293.187500        0.453725
FIRE:  271 09:44:31  -771293.062500        0.450063
FIRE:  272 09:44:31  -771293.187500        0.349821
FIRE:  273 09:44:31  -771293.062500        0.175085
FIRE:  274 09:44:31  -771293.125000        0.176501
FIRE:  275 09:44:31  -771293.187500        0.297636
FIRE:  276 09:44:31  -771293.187500        0.360235
FIRE:  277 09:44:31  -771292.937500        0.227771
FIRE:  278 09:44:31  -771293.125000        0.181039
FIRE:  279 09:44:31  -771293.062500        0.302680
FIRE:  280 09:44:31  -771293.187500        0.220848
FIRE:  281 09:44:31  -771293.187500        0.187442
FIRE:  282 09:44:31  -771292.812500        0.280517
FIRE:  283 09:44:31  -771293.000000        0.191441
FIRE:  284 09:44:31  -771293.000000        0.240789
FIRE:  285 09:44:32  -771293.687500        0.274054
FIRE:  286 09:44:32  -771293.750000        0.195599
FIRE:  287 09:44:32  -771293.750000        0.202084
FIRE:  288 09:44:32  -771293.437500        0.441262
FIRE:  289 09:44:32  -771293.500000        1.308967
FIRE:  290 09:44:32  -771293.875000        3.391046
FIRE:  291 09:44:32  -771293.937500        0.469969
FIRE:  292 09:44:32  -771294.000000        0.344154
FIRE:  293 09:44:32  -771294.000000        0.184683
FIRE:  294 09:44:32  -771294.000000        0.183065
FIRE:  295 09:44:32  -771293.937500        0.286842
FIRE:  296 09:44:32  -771294.000000        0.316340
FIRE:  297 09:44:32  -771294.000000        0.220756
FIRE:  298 09:44:32  -771294.000000        0.189563
FIRE:  299 09:44:32  -771294.000000        0.204079
FIRE:  300 09:44:32  -771293.937500        0.289194
FIRE:  301 09:44:33  -771294.000000        0.197687
FIRE:  302 09:44:33  -771294.000000        0.197311
FIRE:  303 09:44:33  -771294.062500        0.221889
FIRE:  304 09:44:33  -771294.000000        0.194407
FIRE:  305 09:44:33  -771293.437500        0.250791
FIRE:  306 09:44:33  -771293.437500        0.188106
FIRE:  307 09:44:33  -771293.625000        0.207241
FIRE:  308 09:44:33  -771293.437500        0.291045
FIRE:  309 09:44:33  -771293.625000        0.248595
FIRE:  310 09:44:33  -771293.562500        0.415351
FIRE:  311 09:44:33  -771293.375000        1.014833
FIRE:  312 09:44:33  -771293.375000        2.682021
FIRE:  313 09:44:33  -771293.375000        0.229342
FIRE:  314 09:44:33  -771293.375000        2.899885
FIRE:  315 09:44:33  -771293.312500        1.998896
FIRE:  316 09:44:33  -771293.500000        0.595181
FIRE:  317 09:44:33  -771293.375000        0.809875
FIRE:  318 09:44:33  -771293.312500        0.760827
FIRE:  319 09:44:34  -771293.375000        0.665371
FIRE:  320 09:44:34  -771293.437500        0.528642
FIRE:  321 09:44:34  -771293.312500        0.358999
FIRE:  322 09:44:34  -771293.375000        0.169652
FIRE:  323 09:44:34  -771293.437500        0.148057
FIRE:  324 09:44:34  -771293.312500        0.202357
FIRE:  325 09:44:34  -771293.312500        0.343014
FIRE:  326 09:44:34  -771293.312500        0.428036
FIRE:  327 09:44:34  -771293.312500        0.433753
FIRE:  328 09:44:34  -771293.437500        0.344440
FIRE:  329 09:44:34  -771293.437500        0.172315
FIRE:  330 09:44:34  -771293.375000        0.152920
FIRE:  331 09:44:34  -771293.375000        0.290479
FIRE:  332 09:44:34  -771293.312500        0.364666
FIRE:  333 09:44:34  -771293.375000        0.247787
FIRE:  334 09:44:34  -771294.062500        0.161162
FIRE:  335 09:44:34  -771294.062500        0.282197
FIRE:  336 09:44:34  -771294.062500        0.221693
FIRE:  337 09:44:35  -771294.062500        0.169627
FIRE:  338 09:44:35  -771294.062500        0.289998
FIRE:  339 09:44:35  -771294.125000        0.180502
FIRE:  340 09:44:35  -771293.937500        0.247404
FIRE:  341 09:44:35  -771293.812500        0.253236
FIRE:  342 09:44:35  -771293.875000        0.205365
FIRE:  343 09:44:35  -771293.937500        0.191520
FIRE:  344 09:44:35  -771294.000000        0.536045
FIRE:  345 09:44:35  -771294.062500        1.466546
FIRE:  346 09:44:35  -771294.312500        3.585671
FIRE:  347 09:44:35  -771294.437500        0.361617
FIRE:  348 09:44:35  -771294.375000        4.276237
FIRE:  349 09:44:35  -771294.437500        2.808624
FIRE:  350 09:44:35  -771294.375000        0.658200
FIRE:  351 09:44:35  -771294.437500        1.336221
FIRE:  352 09:44:35  -771294.437500        1.255298
FIRE:  353 09:44:35  -771294.437500        1.096887
FIRE:  354 09:44:36  -771294.437500        0.868113
FIRE:  355 09:44:36  -771294.437500        0.580595
FIRE:  356 09:44:36  -771294.437500        0.253075
FIRE:  357 09:44:36  -771294.375000        0.172864
FIRE:  358 09:44:36  -771294.437500        0.392263
FIRE:  359 09:44:36  -771294.437500        0.385600
FIRE:  360 09:44:36  -771294.437500        0.372286
FIRE:  361 09:44:36  -771294.437500        0.352829
FIRE:  362 09:44:36  -771294.437500        0.327474
FIRE:  363 09:44:36  -771294.437500        0.296906
FIRE:  364 09:44:36  -771294.375000        0.261730
FIRE:  365 09:44:36  -771294.437500        0.223016
FIRE:  366 09:44:36  -771294.437500        0.177246
FIRE:  367 09:44:36  -771294.375000        0.172577
FIRE:  368 09:44:36  -771294.437500        0.173293
FIRE:  369 09:44:36  -771294.437500        0.174058
FIRE:  370 09:44:36  -771294.437500        0.174878
FIRE:  371 09:44:36  -771294.437500        0.175656
FIRE:  372 09:44:37  -771294.437500        0.176301
FIRE:  373 09:44:37  -771294.437500        0.186782
FIRE:  374 09:44:37  -771294.250000        0.179198
FIRE:  375 09:44:37  -771294.437500        0.176469
FIRE:  376 09:44:37  -771294.562500        0.175739
FIRE:  377 09:44:37  -771294.500000        0.174737
FIRE:  378 09:44:37  -771294.437500        0.173764
FIRE:  379 09:44:37  -771294.500000        0.173145
FIRE:  380 09:44:37  -771294.437500        0.173078
FIRE:  381 09:44:37  -771294.500000        0.173519
FIRE:  382 09:44:37  -771294.500000        0.173766
FIRE:  383 09:44:37  -771294.437500        0.172620
FIRE:  384 09:44:37  -771294.500000        0.169412
FIRE:  385 09:44:38  -771294.562500        0.165178
FIRE:  386 09:44:38  -771294.500000        0.161024
FIRE:  387 09:44:38  -771294.500000        0.157521
FIRE:  388 09:44:38  -771294.625000        0.150985
FIRE:  389 09:44:38  -771294.625000        0.153559
FIRE:  390 09:44:38  -771294.125000        0.173923
FIRE:  391 09:44:38  -771294.750000        0.226692
FIRE:  392 09:44:38  -771294.687500        0.467999
FIRE:  393 09:44:38  -771294.937500        1.270308
FIRE:  394 09:44:38  -771294.812500        3.165367
FIRE:  395 09:44:38  -771294.875000        0.296192
FIRE:  396 09:44:38  -771294.750000        3.629110
FIRE:  397 09:44:38  -771294.750000        2.444875
FIRE:  398 09:44:38  -771294.875000        0.656690
FIRE:  399 09:44:38  -771294.937500        1.071017
FIRE:  400 09:44:38  -771294.937500        1.005800
FIRE:  401 09:44:39  -771294.812500        0.878281
FIRE:  402 09:44:39  -771294.812500        0.694832
FIRE:  403 09:44:39  -771294.812500        0.465576
FIRE:  404 09:44:39  -771294.812500        0.206270
FIRE:  405 09:44:39  -771294.875000        0.155581
FIRE:  406 09:44:39  -771294.875000        0.305776
FIRE:  407 09:44:39  -771294.937500        0.300780
FIRE:  408 09:44:39  -771294.812500        0.290894
FIRE:  409 09:44:39  -771294.812500        0.276193
FIRE:  410 09:44:39  -771294.875000        0.257199
FIRE:  411 09:44:39  -771294.812500        0.234148
FIRE:  412 09:44:39  -771294.812500        0.207804
FIRE:  413 09:44:39  -771294.812500        0.178685
FIRE:  414 09:44:39  -771294.812500        0.154914
FIRE:  415 09:44:39  -771294.937500        0.154817
FIRE:  416 09:44:39  -771294.812500        0.154697
FIRE:  417 09:44:39  -771294.937500        0.154544
FIRE:  418 09:44:39  -771294.812500        0.154354
FIRE:  419 09:44:40  -771294.812500        0.154120
FIRE:  420 09:44:40  -771294.937500        0.153838
FIRE:  421 09:44:40  -771294.875000        0.153495
FIRE:  422 09:44:40  -771294.812500        0.153084
FIRE:  423 09:44:40  -771294.875000        0.152595
FIRE:  424 09:44:40  -771294.875000        0.152017
FIRE:  425 09:44:40  -771294.812500        0.151343
FIRE:  426 09:44:40  -771294.937500        0.150568
FIRE:  427 09:44:40  -771294.875000        0.149692
FIRE:  428 09:44:40  -771294.875000        0.148728
FIRE:  429 09:44:40  -771294.875000        0.147694
FIRE:  430 09:44:40  -771294.375000        0.146613
FIRE:  431 09:44:40  -771294.937500        0.145481
FIRE:  432 09:44:40  -771294.937500        0.144402
FIRE:  433 09:44:41  -771294.937500        0.143456
FIRE:  434 09:44:41  -771294.875000        0.142700
FIRE:  435 09:44:41  -771294.937500        0.142091
FIRE:  436 09:44:41  -771295.000000        0.141416
FIRE:  437 09:44:41  -771295.000000        0.139247
FIRE:  438 09:44:41  -771294.437500        0.135864
FIRE:  439 09:44:41  -771294.437500        0.157621
FIRE:  440 09:44:41  -771294.500000        0.298325
FIRE:  441 09:44:41  -771295.062500        0.867866
FIRE:  442 09:44:41  -771295.250000        2.278291
FIRE:  443 09:44:41  -771295.250000        0.163361
FIRE:  444 09:44:41  -771295.250000        2.439453
FIRE:  445 09:44:41  -771295.312500        1.708351
FIRE:  446 09:44:41  -771295.187500        0.547531
FIRE:  447 09:44:42  -771295.187500        0.648027
FIRE:  448 09:44:42  -771295.187500        0.607713
FIRE:  449 09:44:42  -771295.250000        0.529205
FIRE:  450 09:44:42  -771295.250000        0.417055
FIRE:  451 09:44:42  -771295.250000        0.278507
FIRE:  452 09:44:42  -771295.250000        0.134023
FIRE:  453 09:44:42  -771295.250000        0.109162
FIRE:  454 09:44:42  -771295.250000        0.182177
FIRE:  455 09:44:42  -771295.250000        0.295088
FIRE:  456 09:44:42  -771295.250000        0.363437
FIRE:  457 09:44:42  -771295.250000        0.368594
FIRE:  458 09:44:42  -771294.812500        0.297997
FIRE:  459 09:44:42  -771295.250000        0.153198
FIRE:  460 09:44:42  -771294.875000        0.107871
FIRE:  461 09:44:43  -771295.250000        0.218964
FIRE:  462 09:44:43  -771295.250000        0.283304
FIRE:  463 09:44:43  -771295.250000        0.194136
FIRE:  464 09:44:43  -771295.062500        0.106159
FIRE:  465 09:44:43  -771295.187500        0.240688
FIRE:  466 09:44:43  -771295.000000        0.202250
FIRE:  467 09:44:43  -771295.062500        0.103952
FIRE:  468 09:44:43  -771295.000000        0.225663
FIRE:  469 09:44:43  -771295.125000        0.101951
FIRE:  470 09:44:43  -771295.687500        0.221166
FIRE:  471 09:44:43  -771295.750000        0.178969
FIRE:  472 09:44:43  -771295.750000        0.095641
FIRE:  473 09:44:43  -771295.750000        0.181682
FIRE:  474 09:44:44  -771295.750000        0.478346
FIRE:  475 09:44:44  -771295.437500        1.237755
FIRE:  476 09:44:44  -771295.250000        2.905794
FIRE:  477 09:44:44  -771295.375000        0.218612
FIRE:  478 09:44:44  -771295.812500        3.347253
FIRE:  479 09:44:44  -771295.875000        2.258576
FIRE:  480 09:44:44  -771295.875000        0.602909
FIRE:  481 09:44:44  -771295.812500        1.011807
FIRE:  482 09:44:44  -771295.875000        0.948617
FIRE:  483 09:44:44  -771295.875000        0.825294
FIRE:  484 09:44:44  -771295.437500        0.648067
FIRE:  485 09:44:44  -771295.500000        0.426925
FIRE:  486 09:44:44  -771295.500000        0.189854
FIRE:  487 09:44:44  -771295.812500        0.094399
FIRE:  488 09:44:45  -771295.875000        0.312653
FIRE:  489 09:44:45  -771295.875000        0.307512
FIRE:  490 09:44:45  -771295.875000        0.297502
FIRE:  491 09:44:45  -771295.812500        0.282638
FIRE:  492 09:44:45  -771295.812500        0.263318
FIRE:  493 09:44:45  -771295.812500        0.239923
FIRE:  494 09:44:45  -771295.875000        0.213108
FIRE:  495 09:44:45  -771295.875000        0.183520
FIRE:  496 09:44:45  -771295.875000        0.148620
FIRE:  497 09:44:45  -771295.875000        0.109101
FIRE:  498 09:44:45  -771295.875000        0.079257
FIRE:  499 09:44:45  -771295.875000        0.079237
FIRE:  500 09:44:45  -771295.875000        0.079213
FIRE:  501 09:44:46  -771295.875000        0.103742
FIRE:  502 09:44:46  -771295.875000        0.125574
FIRE:  503 09:44:46  -771295.812500        0.137564
FIRE:  504 09:44:46  -771295.812500        0.131804
FIRE:  505 09:44:46  -771295.875000        0.104796
FIRE:  506 09:44:46  -771295.812500        0.078987
FIRE:  507 09:44:46  -771295.812500        0.078927
FIRE:  508 09:44:46  -771295.875000        0.096688
FIRE:  509 09:44:46  -771295.812500        0.119572
FIRE:  510 09:44:46  -771295.875000        0.090182
FIRE:  511 09:44:46  -771295.875000        0.078532
FIRE:  512 09:44:46  -771295.875000        0.092876
FIRE:  513 09:44:46  -771295.875000        0.097339
FIRE:  514 09:44:46  -771295.937500        0.078110
FIRE:  515 09:44:47  -771295.875000        0.102137
FIRE:  516 09:44:47  -771295.875000        0.077809
FIRE:  517 09:44:47  -771295.500000        0.095663
FIRE:  518 09:44:47  -771295.562500        0.077435
FIRE:  519 09:44:47  -771295.437500        0.112509
FIRE:  520 09:44:47  -771295.562500        0.122678
FIRE:  521 09:44:47  -771295.500000        0.149286
FIRE:  522 09:44:47  -771296.062500        0.260904
FIRE:  523 09:44:47  -771296.062500        0.739399
FIRE:  524 09:44:47  -771296.000000        1.983276
FIRE:  525 09:44:47  -771296.125000        0.107650
FIRE:  526 09:44:47  -771296.125000        2.090726
FIRE:  527 09:44:47  -771296.062500        1.469444
FIRE:  528 09:44:48  -771296.062500        0.473388
FIRE:  529 09:44:48  -771296.125000        0.565123
FIRE:  530 09:44:48  -771296.125000        0.529249
FIRE:  531 09:44:48  -771296.062500        0.459499
FIRE:  532 09:44:48  -771296.125000        0.360214
FIRE:  533 09:44:51  -771295.062500        0.238228
FIRE:  534 09:44:51  -771295.937500        0.119289
FIRE:  535 09:44:51  -771295.937500        0.073087
FIRE:  536 09:44:51  -771295.875000        0.167869
FIRE:  537 09:44:51  -771295.937500        0.263976
FIRE:  538 09:44:51  -771295.937500        0.320818
FIRE:  539 09:44:51  -771295.875000        0.321714
FIRE:  540 09:44:52  -771295.875000        0.255994
FIRE:  541 09:44:52  -771295.937500        0.126977
FIRE:  542 09:44:52  -771295.937500        0.073678
FIRE:  543 09:44:52  -771295.937500        0.198610
FIRE:  544 09:44:52  -771295.937500        0.244673
FIRE:  545 09:44:52  -771295.937500        0.155342
FIRE:  546 09:44:52  -771295.937500        0.071892
FIRE:  547 09:44:52  -771295.937500        0.220788
FIRE:  548 09:44:52  -771295.937500        0.162696
FIRE:  549 09:44:52  -771296.000000        0.108142
FIRE:  550 09:44:52  -771296.000000        0.188521
FIRE:  551 09:44:52  -771295.937500        0.085578
FIRE:  552 09:44:52  -771296.000000        0.173136
FIRE:  553 09:44:52  -771295.187500        0.194733
FIRE:  554 09:44:53  -771295.375000        0.092057
FIRE:  555 09:44:53  -771296.000000        0.066977
FIRE:  556 09:44:53  -771296.062500        0.175714
FIRE:  557 09:44:53  -771295.250000        0.655649
FIRE:  558 09:44:53  -771295.250000        1.975855
FIRE:  559 09:44:53  -771295.437500        0.065755
FIRE:  560 09:44:53  -771295.250000        2.097620
FIRE:  561 09:44:53  -771295.437500        1.453696
FIRE:  562 09:44:53  -771295.250000        0.429545
FIRE:  563 09:44:53  -771295.250000        0.622724
FIRE:  564 09:44:53  -771295.375000        0.581864
FIRE:  565 09:44:53  -771295.250000        0.502637
FIRE:  566 09:44:53  -771295.250000        0.389834
FIRE:  567 09:44:54  -771295.312500        0.251208
FIRE:  568 09:44:54  -771295.250000        0.116088
FIRE:  569 09:44:54  -771295.375000        0.075522
FIRE:  570 09:44:54  -771295.250000        0.201533
FIRE:  571 09:44:54  -771295.375000        0.305396
FIRE:  572 09:44:54  -771295.250000        0.362382
FIRE:  573 09:44:54  -771295.312500        0.355529
FIRE:  574 09:44:54  -771295.312500        0.274263
FIRE:  575 09:44:54  -771295.312500        0.123983
FIRE:  576 09:44:54  -771295.312500        0.087272
FIRE:  577 09:44:54  -771295.375000        0.229143
FIRE:  578 09:44:54  -771295.437500        0.267198
FIRE:  579 09:44:54  -771295.375000        0.154334
FIRE:  580 09:44:54  -771295.312500        0.094615
FIRE:  581 09:44:55  -771295.312500        0.251273
FIRE:  582 09:44:55  -771295.375000        0.163363
FIRE:  583 09:44:55  -771295.312500        0.134953
FIRE:  584 09:44:55  -771295.375000        0.196655
FIRE:  585 09:44:55  -771295.500000        0.123778
FIRE:  586 09:44:55  -771295.312500        0.169252
FIRE:  587 09:44:55  -771295.500000        0.237103
FIRE:  588 09:44:55  -771295.375000        0.147312
FIRE:  589 09:44:55  -771295.437500        0.063205
FIRE:  590 09:44:55  -771295.437500        0.059908
FIRE:  591 09:44:55  -771295.437500        0.058586
FIRE:  592 09:44:55  -771295.500000        0.089057
FIRE:  593 09:44:55  -771296.312500        0.565138
FIRE:  594 09:44:55  -771295.625000        2.991346
FIRE:  595 09:44:56  -771295.812500        1.581192
FIRE:  596 09:44:56  -771295.750000        0.899634
FIRE:  597 09:44:56  -771295.812500        0.165593
FIRE:  598 09:44:56  -771295.750000        0.151984
FIRE:  599 09:44:56  -771295.750000        0.126407
FIRE:  600 09:44:56  -771295.750000        0.092310
FIRE:  601 09:44:56  -771295.750000        0.061280
FIRE:  602 09:44:56  -771295.750000        0.061090
FIRE:  603 09:44:56  -771295.812500        0.076060
FIRE:  604 09:44:56  -771295.625000        0.095085
FIRE:  605 09:44:56  -771295.812500        0.098310
FIRE:  606 09:44:56  -771295.750000        0.080772
FIRE:  607 09:44:56  -771295.750000        0.059879
FIRE:  608 09:44:57  -771295.750000        0.059544
FIRE:  609 09:44:57  -771295.750000        0.059796
FIRE:  610 09:44:57  -771295.750000        0.069922
FIRE:  611 09:44:57  -771295.750000        0.058175
FIRE:  612 09:44:57  -771295.812500        0.057627
FIRE:  613 09:44:57  -771295.812500        0.079618
FIRE:  614 09:44:57  -771295.812500        0.057031
FIRE:  615 09:44:57  -771295.687500        0.063840
FIRE:  616 09:44:57  -771295.687500        0.056685
FIRE:  617 09:44:57  -771295.812500        0.065351
FIRE:  618 09:44:57  -771296.500000        0.057513
FIRE:  619 09:44:57  -771296.562500        0.067038
FIRE:  620 09:44:57  -771296.500000        0.112702
FIRE:  621 09:44:57  -771296.562500        0.189816
FIRE:  622 09:44:58  -771296.625000        0.517985
FIRE:  623 09:44:58  -771296.625000        1.338389
FIRE:  624 09:44:58  -771296.625000        0.131955
FIRE:  625 09:44:58  -771296.625000        1.283338
FIRE:  626 09:44:58  -771296.625000        0.951793
FIRE:  627 09:44:58  -771296.625000        0.394118
FIRE:  628 09:44:58  -771296.625000        0.227206
FIRE:  629 09:44:58  -771296.562500        0.213373
FIRE:  630 09:44:58  -771296.625000        0.186488
FIRE:  631 09:44:58  -771296.625000        0.148416
FIRE:  632 09:44:58  -771296.562500        0.108179
FIRE:  633 09:44:58  -771296.562500        0.066152
FIRE:  634 09:44:58  -771296.562500        0.064347
FIRE:  635 09:44:58  -771296.625000        0.064507
FIRE:  636 09:44:59  -771296.625000        0.097415
FIRE:  637 09:44:59  -771296.625000        0.126022
FIRE:  638 09:44:59  -771296.625000        0.134299
FIRE:  639 09:44:59  -771296.625000        0.116300
FIRE:  640 09:44:59  -771296.562500        0.071470
FIRE:  641 09:44:59  -771296.562500        0.064392
FIRE:  642 09:44:59  -771296.625000        0.068239
FIRE:  643 09:44:59  -771296.625000        0.092690
FIRE:  644 09:44:59  -771296.562500        0.073647
FIRE:  645 09:44:59  -771296.625000        0.065017
FIRE:  646 09:44:59  -771296.562500        0.088346
FIRE:  647 09:44:59  -771296.687500        0.083315
FIRE:  648 09:44:59  -771296.687500        0.066466
FIRE:  649 09:44:59  -771296.687500        0.082002
FIRE:  650 09:45:00  -771296.625000        0.068852
FIRE:  651 09:45:00  -771296.625000        0.091905
FIRE:  652 09:45:00  -771296.687500        0.072227
FIRE:  653 09:45:00  -771296.625000        0.074648
FIRE:  654 09:45:00  -771296.750000        0.083294
FIRE:  655 09:45:00  -771296.687500        0.180785
FIRE:  656 09:45:00  -771296.750000        0.568859
FIRE:  657 09:45:00  -771297.000000        1.502360
FIRE:  658 09:45:00  -771297.000000        0.112626
FIRE:  659 09:45:00  -771297.000000        1.499689
FIRE:  660 09:45:00  -771297.000000        1.093265
FIRE:  661 09:45:00  -771297.000000        0.418905
FIRE:  662 09:45:00  -771296.937500        0.316432
FIRE:  663 09:45:00  -771297.000000        0.296584
FIRE:  664 09:45:01  -771297.000000        0.258049
FIRE:  665 09:45:01  -771296.937500        0.203256
FIRE:  666 09:45:01  -771297.000000        0.140928
FIRE:  667 09:45:01  -771297.000000        0.078375
FIRE:  668 09:45:01  -771297.000000        0.062807
FIRE:  669 09:45:01  -771297.000000        0.084702
FIRE:  670 09:45:01  -771297.000000        0.141776
FIRE:  671 09:45:01  -771297.000000        0.178864
FIRE:  672 09:45:01  -771297.000000        0.185772
FIRE:  673 09:45:01  -771297.000000        0.155251
FIRE:  674 09:45:01  -771297.000000        0.086977
FIRE:  675 09:45:01  -771296.937500        0.062564
FIRE:  676 09:45:01  -771297.000000        0.095434
FIRE:  677 09:45:01  -771296.937500        0.130733
FIRE:  678 09:45:02  -771297.000000        0.090523
FIRE:  679 09:45:02  -771297.000000        0.061967
FIRE:  680 09:45:02  -771297.000000        0.124151
FIRE:  681 09:45:02  -771296.937500        0.103741
FIRE:  682 09:45:02  -771296.812500        0.059643
FIRE:  683 09:45:02  -771296.812500        0.104329
FIRE:  684 09:45:02  -771296.875000        0.056838
FIRE:  685 09:45:02  -771296.875000        0.113842
FIRE:  686 09:45:02  -771296.875000        0.096915
FIRE:  687 09:45:02  -771296.875000        0.050370
FIRE:  688 09:45:02  -771296.875000        0.061230
FIRE:  689 09:45:02  -771296.875000        0.169526
FIRE:  690 09:45:02  -771297.062500        0.572894
FIRE:  691 09:45:02  -771297.062500        1.590029
FIRE:  692 09:45:02  -771297.062500        0.070029
FIRE:  693 09:45:02  -771297.062500        1.617616
FIRE:  694 09:45:02  -771297.062500        1.158251
FIRE:  695 09:45:03  -771297.062500        0.404705
FIRE:  696 09:45:03  -771297.125000        0.403064
FIRE:  697 09:45:03  -771297.125000        0.377556
FIRE:  698 09:45:03  -771297.062500        0.328031
FIRE:  699 09:45:03  -771297.125000        0.257506
FIRE:  700 09:45:03  -771297.062500        0.170743
FIRE:  701 09:45:03  -771297.125000        0.078153
FIRE:  702 09:45:03  -771297.125000        0.052008
FIRE:  703 09:45:03  -771297.125000        0.110167
FIRE:  704 09:45:03  -771297.125000        0.180137
FIRE:  705 09:45:03  -771297.062500        0.222430
FIRE:  706 09:45:03  -771297.125000        0.225768
FIRE:  707 09:45:03  -771297.125000        0.182202
FIRE:  708 09:45:03  -771297.125000        0.092153
FIRE:  709 09:45:03  -771297.062500        0.052023
FIRE:  710 09:45:03  -771297.125000        0.134172
FIRE:  711 09:45:03  -771297.062500        0.172057
FIRE:  712 09:45:03  -771297.062500        0.112359
FIRE:  713 09:45:04  -771297.125000        0.052112
FIRE:  714 09:45:04  -771297.187500        0.150717
FIRE:  715 09:45:04  -771297.125000        0.117767
FIRE:  716 09:45:04  -771297.187500        0.061830
FIRE:  717 09:45:04  -771297.187500        0.134740
FIRE:  718 09:45:04  -771297.187500        0.052165
FIRE:  719 09:45:04  -771297.187500        0.128588
FIRE:  720 09:45:04  -771297.000000        0.126084
FIRE:  721 09:45:04  -771296.937500        0.052547
FIRE:  722 09:45:04  -771297.000000        0.057596
FIRE:  723 09:45:04  -771297.062500        0.194569
FIRE:  724 09:45:04  -771296.187500        0.632295
FIRE:  725 09:45:04  -771296.375000        1.732350
FIRE:  726 09:45:04  -771296.187500        0.055724
FIRE:  727 09:45:04  -771296.250000        1.790704
FIRE:  728 09:45:04  -771296.312500        1.258210
FIRE:  729 09:45:04  -771296.250000        0.396315
FIRE:  730 09:45:05  -771296.187500        0.508268
FIRE:  731 09:45:05  -771296.312500        0.475388
FIRE:  732 09:45:05  -771296.375000        0.411501
FIRE:  733 09:45:05  -771296.250000        0.320436
FIRE:  734 09:45:05  -771296.250000        0.208171
FIRE:  735 09:45:05  -771296.312500        0.083457
FIRE:  736 09:45:05  -771296.187500        0.056114
FIRE:  737 09:45:05  -771296.187500        0.151616
FIRE:  738 09:45:05  -771296.187500        0.237137
FIRE:  739 09:45:05  -771296.187500        0.285426
FIRE:  740 09:45:05  -771296.187500        0.283656
FIRE:  741 09:45:05  -771296.375000        0.223146
FIRE:  742 09:45:05  -771296.187500        0.105142
FIRE:  743 09:45:05  -771296.312500        0.056204
FIRE:  744 09:45:05  -771296.187500        0.177848
FIRE:  745 09:45:05  -771296.312500        0.220073
FIRE:  746 09:45:05  -771296.312500        0.141099
FIRE:  747 09:45:06  -771296.375000        0.056443
FIRE:  748 09:45:06  -771296.312500        0.188704
FIRE:  749 09:45:06  -771296.375000        0.145420
FIRE:  750 09:45:06  -771296.375000        0.079567
FIRE:  751 09:45:06  -771296.437500        0.170503
FIRE:  752 09:45:06  -771296.250000        0.057248
FIRE:  753 09:45:06  -771296.250000        0.158448
FIRE:  754 09:45:06  -771296.375000        0.150101
FIRE:  755 09:45:06  -771296.375000        0.058506
FIRE:  756 09:45:06  -771296.250000        0.091188
FIRE:  757 09:45:06  -771296.250000        0.291897
FIRE:  758 09:45:06  -771296.375000        0.836984
FIRE:  759 09:45:06  -771296.312500        2.164117
FIRE:  760 09:45:06  -771296.312500        0.061224
FIRE:  761 09:45:06  -771296.312500        2.309467
FIRE:  762 09:45:06  -771296.500000        1.576513
FIRE:  763 09:45:07  -771296.437500        0.423566
FIRE:  764 09:45:07  -771296.437500        0.741135
FIRE:  765 09:45:07  -771296.312500        0.692440
FIRE:  766 09:45:07  -771296.437500        0.597716
FIRE:  767 09:45:07  -771296.500000        0.462276
FIRE:  768 09:45:07  -771296.437500        0.294579
FIRE:  769 09:45:07  -771296.375000        0.106570
FIRE:  770 09:45:07  -771296.312500        0.084532
FIRE:  771 09:45:07  -771296.312500        0.243430
FIRE:  772 09:45:07  -771296.437500        0.239198
FIRE:  773 09:45:07  -771296.437500        0.230958
FIRE:  774 09:45:07  -771296.312500        0.218631
FIRE:  775 09:45:07  -771296.375000        0.202684
FIRE:  776 09:45:07  -771296.312500        0.183353
FIRE:  777 09:45:07  -771296.437500        0.161112
FIRE:  778 09:45:08  -771296.312500        0.136499
FIRE:  779 09:45:08  -771296.375000        0.107346
FIRE:  780 09:45:08  -771296.312500        0.073780
FIRE:  781 09:45:08  -771296.312500        0.061588
FIRE:  782 09:45:08  -771296.312500        0.061577
FIRE:  783 09:45:08  -771296.500000        0.061581
FIRE:  784 09:45:08  -771296.312500        0.076549
FIRE:  785 09:45:08  -771296.312500        0.100688
FIRE:  786 09:45:08  -771296.312500        0.110869
FIRE:  787 09:45:08  -771296.312500        0.102834
FIRE:  788 09:45:08  -771296.312500        0.074397
FIRE:  789 09:45:08  -771296.312500        0.061611
FIRE:  790 09:45:08  -771296.312500        0.061605
FIRE:  791 09:45:08  -771296.312500        0.075807
FIRE:  792 09:45:09  -771296.312500        0.089369
FIRE:  793 09:45:09  -771296.312500        0.061635
FIRE:  794 09:45:09  -771296.312500        0.061645
FIRE:  795 09:45:09  -771296.312500        0.069891
FIRE:  796 09:45:09  -771296.375000        0.063200
FIRE:  797 09:45:09  -771296.312500        0.061587
FIRE:  798 09:45:09  -771296.812500        0.076695
FIRE:  799 09:45:09  -771296.500000        0.061571
FIRE:  800 09:45:09  -771296.500000        0.073673
FIRE:  801 09:45:09  -771296.562500        0.061330
FIRE:  802 09:45:09  -771296.500000        0.069336
FIRE:  803 09:45:09  -771296.500000        0.103336
FIRE:  804 09:45:09  -771296.500000        0.149775
FIRE:  805 09:45:09  -771296.937500        0.284746
FIRE:  806 09:45:09  -771297.000000        0.736449
FIRE:  807 09:45:10  -771297.062500        1.883358
FIRE:  808 09:45:10  -771296.625000        0.051215
FIRE:  809 09:45:10  -771296.562500        1.968058
FIRE:  810 09:45:10  -771297.062500        1.365904
FIRE:  811 09:45:10  -771296.500000        0.402087
FIRE:  812 09:45:10  -771296.562500        0.594235
FIRE:  813 09:45:10  -771296.562500        0.555311
FIRE:  814 09:45:10  -771296.625000        0.479692
FIRE:  815 09:45:10  -771296.562500        0.371837
FIRE:  816 09:45:10  -771296.437500        0.238595
FIRE:  817 09:45:10  -771296.562500        0.090400
FIRE:  818 09:45:10  -771296.562500        0.060541
FIRE:  819 09:45:10  -771296.562500        0.187356
FIRE:  820 09:45:10  -771296.625000        0.184185
FIRE:  821 09:45:10  -771296.500000        0.178001
FIRE:  822 09:45:10  -771296.437500        0.168804
FIRE:  823 09:45:10  -771296.437500        0.156861
FIRE:  824 09:45:11  -771296.562500        0.142319
FIRE:  825 09:45:11  -771296.437500        0.125716
FIRE:  826 09:45:11  -771296.562500        0.107331
FIRE:  827 09:45:11  -771296.500000        0.085497
FIRE:  828 09:45:11  -771296.500000        0.060322
FIRE:  829 09:45:11  -771296.625000        0.051053
FIRE:  830 09:45:11  -771296.437500        0.051057
FIRE:  831 09:45:11  -771296.562500        0.051027
FIRE:  832 09:45:11  -771296.437500        0.054163
FIRE:  833 09:45:11  -771296.437500        0.073546
FIRE:  834 09:45:11  -771296.500000        0.082668
FIRE:  835 09:45:11  -771296.500000        0.077968
FIRE:  836 09:45:11  -771296.937500        0.057589
FIRE:  837 09:45:11  -771296.437500        0.050674
FIRE:  838 09:45:11  -771296.937500        0.050550
FIRE:  839 09:45:11  -771297.062500        0.056872
FIRE:  840 09:45:12  -771296.625000        0.069340
FIRE:  841 09:45:12  -771297.125000        0.050045
FIRE:  842 09:45:12  -771296.625000        0.049798
