      Step     Time          Energy          fmax
FIRE:    0 10:55:24  -894479.687500        9.364166
FIRE:    1 10:55:25  -894483.437500        7.496581
FIRE:    2 10:55:26  -894484.750000        5.440908
FIRE:    3 10:55:28  -894487.625000        3.583268
FIRE:    4 10:55:28  -894489.062500        2.862369
FIRE:    5 10:55:28  -894490.125000        2.680409
FIRE:    6 10:55:28  -894491.375000        2.590701
FIRE:    7 10:55:28  -894491.125000        2.422385
FIRE:    8 10:55:29  -894492.375000        2.243772
FIRE:    9 10:55:30  -894493.125000        2.094943
FIRE:   10 10:55:30  -894494.000000        1.961581
FIRE:   11 10:55:30  -894494.812500        1.800693
FIRE:   12 10:55:30  -894494.812500        1.669527
FIRE:   13 10:55:30  -894495.437500        1.484275
FIRE:   14 10:55:30  -894497.125000        1.481832
FIRE:   15 10:55:30  -894496.625000        1.246641
FIRE:   16 10:55:30  -894498.250000        0.965604
FIRE:   17 10:55:30  -894497.625000        1.108586
FIRE:   18 10:55:30  -894498.062500        1.146158
FIRE:   19 10:55:30  -894498.437500        1.158138
FIRE:   20 10:55:30  -894499.937500        0.961144
FIRE:   21 10:55:30  -894500.250000        0.834427
FIRE:   22 10:55:30  -894500.625000        0.845150
FIRE:   23 10:55:30  -894501.062500        0.781041
FIRE:   24 10:55:30  -894501.437500        0.702323
FIRE:   25 10:55:31  -894501.687500        1.030918
FIRE:   26 10:55:31  -894501.937500        1.208510
FIRE:   27 10:55:31  -894501.687500        0.996131
FIRE:   28 10:55:31  -894502.437500        1.267718
FIRE:   29 10:55:31  -894502.250000        0.849799
FIRE:   30 10:55:31  -894502.562500        1.018875
FIRE:   31 10:55:31  -894502.750000        0.689067
FIRE:   32 10:55:31  -894502.812500        0.431052
FIRE:   33 10:55:31  -894503.125000        0.766421
FIRE:   34 10:55:31  -894503.250000        0.537782
FIRE:   35 10:55:31  -894503.375000        0.458979
FIRE:   36 10:55:31  -894504.187500        0.498222
FIRE:   37 10:55:31  -894504.187500        0.485887
FIRE:   38 10:55:31  -894504.500000        0.557400
FIRE:   39 10:55:31  -894504.625000        0.728794
FIRE:   40 10:55:32  -894504.750000        0.708709
FIRE:   41 10:55:32  -894504.375000        1.522667
FIRE:   42 10:55:32  -894505.000000        1.813747
FIRE:   43 10:55:32  -894505.000000        0.922047
FIRE:   44 10:55:32  -894505.187500        0.580269
FIRE:   45 10:55:32  -894504.812500        0.562678
FIRE:   46 10:55:32  -894505.375000        0.585681
FIRE:   47 10:55:32  -894504.375000        0.549717
FIRE:   48 10:55:32  -894504.437500        0.471082
FIRE:   49 10:55:32  -894505.125000        1.268500
FIRE:   50 10:55:32  -894505.875000        1.164993
FIRE:   51 10:55:32  -894505.437500        1.519248
FIRE:   52 10:55:32  -894506.000000        0.789500
FIRE:   53 10:55:32  -894506.062500        0.472261
FIRE:   54 10:55:33  -894506.250000        0.539167
FIRE:   55 10:55:33  -894505.812500        0.533138
FIRE:   56 10:55:33  -894506.375000        0.753631
FIRE:   57 10:55:33  -894506.500000        0.698006
FIRE:   58 10:55:33  -894506.625000        0.570810
FIRE:   59 10:55:33  -894506.687500        1.701325
FIRE:   60 10:55:33  -894506.875000        0.479964
FIRE:   61 10:55:33  -894506.937500        0.481650
FIRE:   62 10:55:33  -894507.000000        0.495833
FIRE:   63 10:55:33  -894507.375000        0.383429
FIRE:   64 10:55:33  -894507.437500        0.502991
FIRE:   65 10:55:33  -894507.562500        0.631531
FIRE:   66 10:55:33  -894507.687500        0.756692
FIRE:   67 10:55:33  -894507.812500        0.833496
FIRE:   68 10:55:33  -894508.000000        0.837870
FIRE:   69 10:55:33  -894508.250000        0.931395
FIRE:   70 10:55:33  -894508.437500        1.099024
FIRE:   71 10:55:33  -894508.875000        1.147131
FIRE:   72 10:55:34  -894509.125000        0.974654
FIRE:   73 10:55:34  -894509.250000        0.594755
FIRE:   74 10:55:34  -894509.375000        1.209927
FIRE:   75 10:55:34  -894509.437500        1.932668
FIRE:   76 10:55:34  -894509.562500        1.120919
FIRE:   77 10:55:34  -894508.062500       13.128565
FIRE:   78 10:55:34  -894509.187500        6.593227
FIRE:   79 10:55:34  -894509.625000        3.507043
FIRE:   80 10:55:34  -894508.562500        3.191633
FIRE:   81 10:55:34  -894508.437500        2.568324
FIRE:   82 10:55:34  -894508.562500        1.498495
FIRE:   83 10:55:34  -894508.437500        0.490366
FIRE:   84 10:55:34  -894509.750000        0.908753
FIRE:   85 10:55:34  -894509.750000        0.876222
FIRE:   86 10:55:34  -894509.687500        0.812157
FIRE:   87 10:55:34  -894509.750000        0.718693
FIRE:   88 10:55:34  -894509.750000        0.599283
FIRE:   89 10:55:35  -894509.750000        0.477081
FIRE:   90 10:55:35  -894509.687500        0.475038
FIRE:   91 10:55:35  -894509.750000        0.472681
FIRE:   92 10:55:35  -894509.687500        0.469765
FIRE:   93 10:55:35  -894509.750000        0.466241
FIRE:   94 10:55:35  -894509.687500        0.484477
FIRE:   95 10:55:35  -894509.750000        0.540036
FIRE:   96 10:55:35  -894509.750000        0.503333
FIRE:   97 10:55:35  -894509.750000        0.446484
FIRE:   98 10:55:35  -894509.812500        0.440041
FIRE:   99 10:55:35  -894509.812500        0.432772
FIRE:  100 10:55:35  -894509.812500        0.424479
FIRE:  101 10:55:35  -894509.812500        0.414919
FIRE:  102 10:55:35  -894509.875000        0.403738
FIRE:  103 10:55:35  -894509.812500        0.390517
FIRE:  104 10:55:35  -894509.812500        0.374960
FIRE:  105 10:55:35  -894509.875000        0.356918
FIRE:  106 10:55:36  -894509.875000        0.336040
FIRE:  107 10:55:36  -894510.000000        0.313189
FIRE:  108 10:55:36  -894509.937500        0.288898
FIRE:  109 10:55:36  -894510.000000        0.263980
FIRE:  110 10:55:36  -894510.062500        0.337531
FIRE:  111 10:55:36  -894510.187500        0.271857
FIRE:  112 10:55:36  -894509.000000        0.314692
FIRE:  113 10:55:36  -894509.000000        0.508619
FIRE:  114 10:55:36  -894509.250000        1.315064
FIRE:  115 10:55:36  -894510.250000        4.373561
FIRE:  116 10:55:36  -894510.437500        0.849300
FIRE:  117 10:55:36  -894510.500000        0.622852
FIRE:  118 10:55:36  -894510.375000        0.279184
FIRE:  119 10:55:36  -894510.375000        0.261376
FIRE:  120 10:55:36  -894510.437500        0.602127
FIRE:  121 10:55:36  -894510.437500        0.701323
FIRE:  122 10:55:36  -894510.437500        0.543982
FIRE:  123 10:55:37  -894510.250000        0.209680
FIRE:  124 10:55:37  -894510.437500        0.244402
FIRE:  125 10:55:37  -894510.375000        0.485469
FIRE:  126 10:55:37  -894510.437500        0.379977
FIRE:  127 10:55:37  -894510.437500        0.126718
FIRE:  128 10:55:37  -894510.437500        0.486153
FIRE:  129 10:55:37  -894510.500000        0.292373
FIRE:  130 10:55:37  -894510.500000        0.344197
FIRE:  131 10:55:37  -894510.500000        0.266620
FIRE:  132 10:55:37  -894510.500000        0.497328
FIRE:  133 10:55:37  -894510.562500        0.104901
FIRE:  134 10:55:37  -894510.562500        0.332839
FIRE:  135 10:55:37  -894510.625000        0.824167
FIRE:  136 10:55:37  -894510.562500        1.392498
FIRE:  137 10:55:37  -894510.625000        0.313115
FIRE:  138 10:55:37  -894510.625000        1.090471
FIRE:  139 10:55:38  -894510.625000        0.860110
FIRE:  140 10:55:38  -894510.625000        0.457198
FIRE:  141 10:55:38  -894510.562500        0.078144
FIRE:  142 10:55:38  -894510.562500        0.427890
FIRE:  143 10:55:38  -894510.562500        0.406094
FIRE:  144 10:55:38  -894510.625000        0.363459
FIRE:  145 10:55:38  -894510.625000        0.302350
FIRE:  146 10:55:38  -894510.687500        0.230148
FIRE:  147 10:55:38  -894510.687500        0.159003
FIRE:  148 10:55:38  -894510.562500        0.089565
FIRE:  149 10:55:38  -894510.625000        0.071512
FIRE:  150 10:55:38  -894510.687500        0.134312
FIRE:  151 10:55:38  -894510.625000        0.202606
FIRE:  152 10:55:38  -894510.687500        0.243265
FIRE:  153 10:55:38  -894510.562500        0.243569
FIRE:  154 10:55:38  -894510.562500        0.195774
FIRE:  155 10:55:38  -894510.625000        0.102866
FIRE:  156 10:55:39  -894510.687500        0.071508
FIRE:  157 10:55:39  -894510.625000        0.146954
FIRE:  158 10:55:39  -894510.625000        0.174155
FIRE:  159 10:55:39  -894510.625000        0.120154
FIRE:  160 10:55:39  -894510.625000        0.070058
FIRE:  161 10:55:39  -894510.687500        0.170094
FIRE:  162 10:55:39  -894510.687500        0.127821
FIRE:  163 10:55:39  -894510.625000        0.090144
FIRE:  164 10:55:39  -894510.687500        0.142833
FIRE:  165 10:55:39  -894510.687500        0.072752
FIRE:  166 10:55:39  -894510.687500        0.146887
FIRE:  167 10:55:39  -894510.687500        0.142461
FIRE:  168 10:55:39  -894510.812500        0.069572
FIRE:  169 10:55:39  -894510.812500        0.069341
FIRE:  170 10:55:39  -894510.750000        0.177539
FIRE:  171 10:55:39  -894510.812500        0.632074
FIRE:  172 10:55:39  -894510.875000        1.829813
FIRE:  173 10:55:40  -894510.750000        0.096484
FIRE:  174 10:55:40  -894510.750000        1.833430
FIRE:  175 10:55:40  -894510.875000        1.325604
FIRE:  176 10:55:40  -894510.750000        0.484742
FIRE:  177 10:55:40  -894510.812500        0.426460
FIRE:  178 10:55:40  -894510.750000        0.399444
FIRE:  179 10:55:40  -894510.750000        0.347264
FIRE:  180 10:55:40  -894510.750000        0.272948
FIRE:  181 10:55:40  -894510.875000        0.182087
FIRE:  182 10:55:40  -894510.812500        0.096595
FIRE:  183 10:55:40  -894510.812500        0.067105
FIRE:  184 10:55:40  -894510.937500        0.117461
FIRE:  185 10:55:40  -894510.812500        0.191789
FIRE:  186 10:55:40  -894510.937500        0.238282
FIRE:  187 10:55:40  -894510.875000        0.243829
FIRE:  188 10:55:40  -894510.875000        0.199194
FIRE:  189 10:55:40  -894510.937500        0.106334
FIRE:  190 10:55:40  -894510.937500        0.067152
FIRE:  191 10:55:41  -894510.812500        0.141212
FIRE:  192 10:55:41  -894510.812500        0.180284
FIRE:  193 10:55:41  -894510.937500        0.115650
FIRE:  194 10:55:41  -894510.937500        0.067184
FIRE:  195 10:55:41  -894510.937500        0.165675
FIRE:  196 10:55:41  -894510.875000        0.123857
FIRE:  197 10:55:41  -894510.937500        0.080903
FIRE:  198 10:55:41  -894510.812500        0.140659
FIRE:  199 10:55:41  -894510.812500        0.068778
FIRE:  200 10:55:41  -894510.937500        0.135257
FIRE:  201 10:55:41  -894511.000000        0.146865
FIRE:  202 10:55:41  -894511.000000        0.078014
FIRE:  203 10:55:41  -894510.875000        0.067007
FIRE:  204 10:55:41  -894510.875000        0.101738
FIRE:  205 10:55:41  -894511.062500        0.390908
FIRE:  206 10:55:42  -894511.000000        1.314866
FIRE:  207 10:55:42  -894511.062500        0.066612
FIRE:  208 10:55:42  -894511.062500        1.291175
FIRE:  209 10:55:42  -894511.062500        0.930589
FIRE:  210 10:55:42  -894511.062500        0.328302
FIRE:  211 10:55:42  -894510.937500        0.327028
FIRE:  212 10:55:42  -894510.937500        0.305715
FIRE:  213 10:55:42  -894510.937500        0.264530
FIRE:  214 10:55:42  -894510.937500        0.206180
FIRE:  215 10:55:42  -894510.937500        0.135200
FIRE:  216 10:55:42  -894511.000000        0.067108
FIRE:  217 10:55:42  -894511.062500        0.066678
FIRE:  218 10:55:42  -894510.937500        0.094140
FIRE:  219 10:55:42  -894511.062500        0.148752
FIRE:  220 10:55:43  -894511.062500        0.180922
FIRE:  221 10:55:43  -894511.062500        0.180287
FIRE:  222 10:55:43  -894510.937500        0.140622
FIRE:  223 10:55:43  -894510.937500        0.066721
FIRE:  224 10:55:43  -894510.937500        0.066741
FIRE:  225 10:55:43  -894511.125000        0.118296
FIRE:  226 10:55:43  -894511.125000        0.135691
FIRE:  227 10:55:43  -894511.000000        0.072642
FIRE:  228 10:55:43  -894511.125000        0.066826
FIRE:  229 10:55:43  -894511.125000        0.129354
FIRE:  230 10:55:43  -894511.062500        0.070700
FIRE:  231 10:55:43  -894511.000000        0.082716
FIRE:  232 10:55:43  -894511.125000        0.093379
FIRE:  233 10:55:43  -894511.062500        0.085717
FIRE:  234 10:55:43  -894511.125000        0.069193
FIRE:  235 10:55:44  -894509.812500        0.133707
FIRE:  236 10:55:44  -894511.125000        0.128959
FIRE:  237 10:55:44  -894511.187500        0.127877
FIRE:  238 10:55:44  -894509.875000        0.256845
FIRE:  239 10:55:44  -894510.187500        0.740083
FIRE:  240 10:55:44  -894509.937500        2.357292
FIRE:  241 10:55:44  -894509.937500        0.362001
FIRE:  242 10:55:44  -894509.937500        0.264660
FIRE:  243 10:55:44  -894509.937500        0.098242
FIRE:  244 10:55:44  -894510.062500        0.095272
FIRE:  245 10:55:44  -894509.937500        0.231241
FIRE:  246 10:55:44  -894510.000000        0.270032
FIRE:  247 10:55:44  -894509.937500        0.204178
FIRE:  248 10:55:44  -894509.937500        0.067332
FIRE:  249 10:55:45  -894509.937500        0.115667
FIRE:  250 10:55:45  -894509.937500        0.211904
FIRE:  251 10:55:45  -894509.937500        0.155799
FIRE:  252 10:55:45  -894510.125000        0.067265
FIRE:  253 10:55:45  -894510.000000        0.191515
FIRE:  254 10:55:45  -894510.000000        0.079164
FIRE:  255 10:55:45  -894510.125000        0.169063
FIRE:  256 10:55:45  -894510.000000        0.078513
FIRE:  257 10:55:45  -894511.250000        0.209701
FIRE:  258 10:55:45  -894511.250000        0.121735
FIRE:  259 10:55:45  -894510.000000        0.067809
FIRE:  260 10:55:45  -894511.312500        0.142757
FIRE:  261 10:55:45  -894511.375000        0.466224
FIRE:  262 10:55:45  -894511.312500        1.476676
FIRE:  263 10:55:46  -894511.312500        4.086416
FIRE:  264 10:55:46  -894511.437500        0.137611
FIRE:  265 10:55:46  -894511.437500        0.103092
FIRE:  266 10:55:46  -894511.437500        0.069537
FIRE:  267 10:55:46  -894511.375000        0.069566
FIRE:  268 10:55:46  -894511.375000        0.072529
FIRE:  269 10:55:46  -894511.437500        0.087602
FIRE:  270 10:55:46  -894511.375000        0.073001
FIRE:  271 10:55:46  -894511.437500        0.069744
FIRE:  272 10:55:46  -894511.437500        0.069821
FIRE:  273 10:55:46  -894511.375000        0.071349
FIRE:  274 10:55:46  -894511.437500        0.070073
FIRE:  275 10:55:46  -894511.437500        0.070298
FIRE:  276 10:55:46  -894511.437500        0.071164
FIRE:  277 10:55:46  -894511.437500        0.071668
FIRE:  278 10:55:47  -894511.500000        0.071980
FIRE:  279 10:55:47  -894511.500000        0.074789
FIRE:  280 10:55:47  -894511.437500        0.078190
FIRE:  281 10:55:47  -894511.500000        0.082044
FIRE:  282 10:55:47  -894511.500000        0.117753
FIRE:  283 10:55:47  -894511.500000        0.276163
FIRE:  284 10:55:47  -894511.562500        0.845793
FIRE:  285 10:55:47  -894511.562500        2.621239
FIRE:  286 10:55:47  -894511.562500        0.364814
FIRE:  287 10:55:47  -894511.625000        0.270030
FIRE:  288 10:55:47  -894511.625000        0.105877
FIRE:  289 10:55:47  -894511.625000        0.103986
FIRE:  290 10:55:47  -894511.625000        0.218234
FIRE:  291 10:55:47  -894511.562500        0.260158
FIRE:  292 10:55:48  -894511.625000        0.198195
FIRE:  293 10:55:48  -894511.625000        0.105623
FIRE:  294 10:55:48  -894511.562500        0.119873
FIRE:  295 10:55:48  -894511.625000        0.219442
FIRE:  296 10:55:48  -894511.625000        0.167376
FIRE:  297 10:55:48  -894511.625000        0.110171
FIRE:  298 10:55:48  -894511.562500        0.184959
FIRE:  299 10:55:48  -894511.625000        0.115250
FIRE:  300 10:55:48  -894511.687500        0.169108
FIRE:  301 10:55:48  -894511.625000        0.125901
FIRE:  302 10:55:48  -894511.687500        0.194463
FIRE:  303 10:55:48  -894511.687500        0.143243
FIRE:  304 10:55:48  -894511.687500        0.157487
FIRE:  305 10:55:48  -894511.750000        0.185924
FIRE:  306 10:55:49  -894511.812500        0.560333
FIRE:  307 10:55:49  -894510.625000        1.667484
FIRE:  308 10:55:49  -894511.812500        4.509346
FIRE:  309 10:55:49  -894511.875000        0.208444
FIRE:  310 10:55:49  -894510.562500        5.438394
FIRE:  311 10:55:49  -894510.562500        3.441700
FIRE:  312 10:55:49  -894510.812500        0.565893
FIRE:  313 10:55:49  -894510.562500        2.002494
FIRE:  314 10:55:49  -894510.687500        1.874543
FIRE:  315 10:55:49  -894510.687500        1.623878
FIRE:  316 10:55:49  -894510.750000        1.261383
FIRE:  317 10:55:49  -894510.625000        0.804918
FIRE:  318 10:55:49  -894510.625000        0.282675
FIRE:  319 10:55:49  -894510.812500        0.257127
FIRE:  320 10:55:49  -894510.625000        0.252458
FIRE:  321 10:55:50  -894510.750000        0.243299
FIRE:  322 10:55:50  -894510.625000        0.229753
FIRE:  323 10:55:50  -894510.750000        0.212185
FIRE:  324 10:55:50  -894510.812500        0.207471
FIRE:  325 10:55:50  -894510.625000        0.207676
FIRE:  326 10:55:50  -894510.625000        0.207900
FIRE:  327 10:55:50  -894510.625000        0.208162
FIRE:  328 10:55:50  -894510.812500        0.208476
FIRE:  329 10:55:50  -894510.625000        0.208828
FIRE:  330 10:55:50  -894510.812500        0.209201
FIRE:  331 10:55:50  -894510.625000        0.209584
FIRE:  332 10:55:50  -894510.812500        0.209960
FIRE:  333 10:55:50  -894510.625000        0.210278
FIRE:  334 10:55:50  -894510.625000        0.210500
FIRE:  335 10:55:51  -894510.750000        0.210612
FIRE:  336 10:55:51  -894510.812500        0.210589
FIRE:  337 10:55:51  -894510.687500        0.210485
FIRE:  338 10:55:51  -894510.625000        0.210411
FIRE:  339 10:55:51  -894510.750000        0.210551
FIRE:  340 10:55:51  -894510.625000        0.211130
FIRE:  341 10:55:51  -894510.625000        0.212244
FIRE:  342 10:55:51  -894510.625000        0.213841
FIRE:  343 10:55:51  -894510.687500        0.215574
FIRE:  344 10:55:51  -894510.687500        0.222009
FIRE:  345 10:55:51  -894510.687500        0.225670
FIRE:  346 10:55:51  -894511.687500        0.230282
FIRE:  347 10:55:51  -894511.687500        0.236870
FIRE:  348 10:55:51  -894511.812500        0.240777
FIRE:  349 10:55:52  -894511.687500        0.236385
FIRE:  350 10:55:52  -894511.812500        0.222883
FIRE:  351 10:55:52  -894511.937500        0.209375
FIRE:  352 10:55:52  -894511.937500        0.212458
FIRE:  353 10:55:52  -894512.000000        0.488610
FIRE:  354 10:55:52  -894512.000000        1.507756
FIRE:  355 10:55:52  -894512.062500        4.376218
FIRE:  356 10:55:52  -894512.187500        0.295851
FIRE:  357 10:55:52  -894512.187500        5.142329
FIRE:  358 10:55:52  -894512.125000        3.309200
FIRE:  359 10:55:52  -894512.312500        0.628862
FIRE:  360 10:55:52  -894512.062500        1.817422
FIRE:  361 10:55:52  -894512.250000        1.703062
FIRE:  362 10:55:52  -894512.375000        1.479164
FIRE:  363 10:55:53  -894512.250000        1.156356
FIRE:  364 10:55:53  -894512.312500        0.751792
FIRE:  365 10:55:53  -894512.375000        0.295443
FIRE:  366 10:55:53  -894512.312500        0.294690
FIRE:  367 10:55:53  -894512.312500        0.584733
FIRE:  368 10:55:53  -894512.250000        0.573816
FIRE:  369 10:55:53  -894512.312500        0.552124
FIRE:  370 10:55:53  -894512.312500        0.520257
FIRE:  371 10:55:53  -894512.250000        0.478872
FIRE:  372 10:55:53  -894512.250000        0.428956
FIRE:  373 10:55:53  -894512.187500        0.371890
FIRE:  374 10:55:53  -894512.312500        0.308937
FIRE:  375 10:55:53  -894512.312500        0.294700
FIRE:  376 10:55:53  -894512.312500        0.294858
FIRE:  377 10:55:53  -894512.250000        0.295032
FIRE:  378 10:55:54  -894512.250000        0.295221
FIRE:  379 10:55:54  -894512.250000        0.295410
FIRE:  380 10:55:54  -894512.250000        0.295578
FIRE:  381 10:55:54  -894512.312500        0.295687
FIRE:  382 10:55:54  -894512.187500        0.298156
FIRE:  383 10:55:54  -894512.312500        0.295595
FIRE:  384 10:55:54  -894512.187500        0.295313
FIRE:  385 10:55:54  -894512.312500        0.294859
FIRE:  386 10:55:54  -894512.312500        0.294260
FIRE:  387 10:55:54  -894512.312500        0.293614
FIRE:  388 10:55:54  -894512.250000        0.293055
FIRE:  389 10:55:54  -894512.312500        0.292653
FIRE:  390 10:55:54  -894512.375000        0.292288
FIRE:  391 10:55:54  -894512.250000        0.293721
FIRE:  392 10:55:55  -894512.312500        0.296943
FIRE:  393 10:55:55  -894512.437500        0.296648
FIRE:  394 10:55:55  -894512.437500        0.291830
FIRE:  395 10:55:55  -894512.375000        0.281280
FIRE:  396 10:55:55  -894512.312500        0.260940
FIRE:  397 10:55:55  -894512.500000        0.227519
FIRE:  398 10:55:55  -894512.500000        0.222510
FIRE:  399 10:55:55  -894512.562500        0.244087
FIRE:  400 10:55:55  -894512.625000        0.462242
FIRE:  401 10:55:55  -894512.687500        1.064712
FIRE:  402 10:55:55  -894512.687500        2.664445
FIRE:  403 10:55:55  -894512.875000        0.211295
FIRE:  404 10:55:55  -894512.812500        2.084959
FIRE:  405 10:55:55  -894512.687500        1.659809
FIRE:  406 10:55:56  -894512.875000        0.869588
FIRE:  407 10:55:56  -894512.812500        0.180661
FIRE:  408 10:55:56  -894512.812500        0.172565
FIRE:  409 10:55:56  -894512.875000        0.170316
FIRE:  410 10:55:56  -894512.875000        0.168713
FIRE:  411 10:55:56  -894512.875000        0.166634
FIRE:  412 10:55:56  -894512.812500        0.164116
FIRE:  413 10:55:56  -894512.812500        0.163675
FIRE:  414 10:55:56  -894512.812500        0.163210
FIRE:  415 10:55:56  -894512.875000        0.162630
FIRE:  416 10:55:56  -894512.812500        0.161911
FIRE:  417 10:55:56  -894512.812500        0.161012
FIRE:  418 10:55:56  -894512.812500        0.159916
FIRE:  419 10:55:56  -894512.875000        0.158583
FIRE:  420 10:55:56  -894512.812500        0.156959
FIRE:  421 10:55:57  -894512.812500        0.155020
FIRE:  422 10:55:57  -894512.750000        0.152730
FIRE:  423 10:55:57  -894512.812500        0.150039
FIRE:  424 10:55:57  -894512.875000        0.146941
FIRE:  425 10:55:57  -894512.812500        0.143437
FIRE:  426 10:55:57  -894512.812500        0.139527
FIRE:  427 10:55:57  -894512.812500        0.136112
FIRE:  428 10:55:57  -894512.875000        0.131023
FIRE:  429 10:55:57  -894512.937500        0.126849
FIRE:  430 10:55:57  -894512.937500        0.124904
FIRE:  431 10:55:57  -894512.937500        0.124444
FIRE:  432 10:55:57  -894512.937500        0.121777
FIRE:  433 10:55:57  -894513.062500        0.128475
FIRE:  434 10:55:57  -894513.062500        0.139034
FIRE:  435 10:55:58  -894513.125000        0.404731
FIRE:  436 10:55:58  -894513.062500        1.530042
FIRE:  437 10:55:58  -894512.812500        4.272793
FIRE:  438 10:55:58  -894512.937500        0.138463
FIRE:  439 10:55:58  -894512.875000        5.058195
FIRE:  440 10:55:58  -894512.875000        3.259041
FIRE:  441 10:55:58  -894512.937500        0.624997
FIRE:  442 10:55:58  -894512.875000        1.810275
FIRE:  443 10:55:58  -894512.937500        1.692623
FIRE:  444 10:55:58  -894512.937500        1.462323
FIRE:  445 10:55:58  -894512.875000        1.130193
FIRE:  446 10:55:58  -894512.937500        0.713778
FIRE:  447 10:55:58  -894512.937500        0.264726
FIRE:  448 10:55:58  -894512.875000        0.266342
FIRE:  449 10:55:59  -894512.937500        0.262136
FIRE:  450 10:55:59  -894512.875000        0.253892
FIRE:  451 10:55:59  -894512.937500        0.241650
FIRE:  452 10:55:59  -894512.937500        0.225832
FIRE:  453 10:55:59  -894512.875000        0.206830
FIRE:  454 10:55:59  -894512.937500        0.185133
FIRE:  455 10:55:59  -894512.937500        0.161492
FIRE:  456 10:55:59  -894512.875000        0.136680
FIRE:  457 10:55:59  -894512.937500        0.136783
FIRE:  458 10:55:59  -894512.937500        0.136886
FIRE:  459 10:55:59  -894513.000000        0.136988
FIRE:  460 10:55:59  -894512.937500        0.137073
FIRE:  461 10:55:59  -894512.937500        0.137103
FIRE:  462 10:55:59  -894512.937500        0.137065
FIRE:  463 10:55:59  -894512.875000        0.136910
FIRE:  464 10:56:00  -894512.937500        0.136611
FIRE:  465 10:56:00  -894512.875000        0.136142
FIRE:  466 10:56:00  -894512.875000        0.135504
FIRE:  467 10:56:00  -894512.875000        0.134738
FIRE:  468 10:56:00  -894512.937500        0.133960
FIRE:  469 10:56:00  -894513.000000        0.133316
FIRE:  470 10:56:00  -894513.000000        0.132927
FIRE:  471 10:56:00  -894513.187500        0.132780
FIRE:  472 10:56:00  -894513.187500        0.132605
FIRE:  473 10:56:00  -894513.250000        0.132057
FIRE:  474 10:56:00  -894513.250000        0.131196
FIRE:  475 10:56:00  -894513.187500        0.130757
FIRE:  476 10:56:00  -894513.187500        0.131236
FIRE:  477 10:56:00  -894513.312500        0.131587
FIRE:  478 10:56:01  -894513.250000        0.129617
FIRE:  479 10:56:01  -894513.375000        0.126031
FIRE:  480 10:56:01  -894513.187500        0.123176
FIRE:  481 10:56:01  -894513.312500        0.183303
FIRE:  482 10:56:01  -894513.312500        0.431307
FIRE:  483 10:56:01  -894513.437500        1.340800
FIRE:  484 10:56:01  -894513.437500        3.549044
FIRE:  485 10:56:01  -894513.437500        0.126112
FIRE:  486 10:56:01  -894513.375000        3.996376
FIRE:  487 10:56:01  -894513.375000        2.662754
FIRE:  488 10:56:01  -894513.437500        0.632427
FIRE:  489 10:56:01  -894513.562500        1.339197
FIRE:  490 10:56:01  -894513.500000        1.251686
FIRE:  491 10:56:01  -894513.312500        1.080939
FIRE:  492 10:56:02  -894513.500000        0.836139
FIRE:  493 10:56:02  -894513.500000        0.531353
FIRE:  494 10:56:02  -894513.437500        0.206186
FIRE:  495 10:56:02  -894513.500000        0.178628
FIRE:  496 10:56:02  -894513.500000        0.467772
FIRE:  497 10:56:02  -894513.437500        0.459676
FIRE:  498 10:56:02  -894513.500000        0.443899
FIRE:  499 10:56:02  -894513.500000        0.420450
FIRE:  500 10:56:02  -894513.437500        0.390065
FIRE:  501 10:56:02  -894513.500000        0.353245
FIRE:  502 10:56:02  -894513.500000        0.311008
FIRE:  503 10:56:02  -894513.500000        0.264435
FIRE:  504 10:56:02  -894513.500000        0.209465
FIRE:  505 10:56:02  -894513.437500        0.147142
FIRE:  506 10:56:02  -894513.500000        0.125709
FIRE:  507 10:56:03  -894513.437500        0.125705
FIRE:  508 10:56:03  -894513.562500        0.125704
FIRE:  509 10:56:03  -894513.437500        0.151732
FIRE:  510 10:56:03  -894513.500000        0.186835
FIRE:  511 10:56:03  -894513.375000        0.202800
FIRE:  512 10:56:03  -894513.375000        0.185256
FIRE:  513 10:56:03  -894513.437500        0.133146
FIRE:  514 10:56:03  -894513.500000        0.125845
FIRE:  515 10:56:03  -894513.437500        0.125944
FIRE:  516 10:56:03  -894513.500000        0.156300
FIRE:  517 10:56:03  -894513.437500        0.176007
FIRE:  518 10:56:03  -894513.437500        0.126224
FIRE:  519 10:56:03  -894513.375000        0.126319
FIRE:  520 10:56:03  -894513.500000        0.136202
FIRE:  521 10:56:04  -894513.437500        0.126522
FIRE:  522 10:56:04  -894513.500000        0.126652
FIRE:  523 10:56:04  -894513.500000        0.150331
FIRE:  524 10:56:04  -894513.500000        0.126714
FIRE:  525 10:56:04  -894513.500000        0.137601
FIRE:  526 10:56:04  -894513.562500        0.128350
FIRE:  527 10:56:04  -894513.437500        0.130832
FIRE:  528 10:56:04  -894513.562500        0.190654
FIRE:  529 10:56:04  -894513.562500        0.297404
FIRE:  530 10:56:04  -894513.687500        0.533222
FIRE:  531 10:56:04  -894513.625000        1.339679
FIRE:  532 10:56:04  -894513.562500        3.273300
FIRE:  533 10:56:04  -894513.687500        0.264837
FIRE:  534 10:56:04  -894513.562500        3.619640
FIRE:  535 10:56:04  -894513.687500        2.456996
FIRE:  536 10:56:05  -894513.687500        0.655397
FIRE:  537 10:56:05  -894513.750000        1.128945
FIRE:  538 10:56:05  -894513.750000        1.056200
FIRE:  539 10:56:05  -894513.687500        0.914403
FIRE:  540 10:56:05  -894513.687500        0.711260
FIRE:  541 10:56:05  -894513.687500        0.458859
FIRE:  542 10:56:05  -894513.562500        0.187177
FIRE:  543 10:56:05  -894513.625000        0.124252
FIRE:  544 10:56:05  -894513.750000        0.366031
FIRE:  545 10:56:05  -894513.812500        0.359891
FIRE:  546 10:56:05  -894513.687500        0.347761
FIRE:  547 10:56:05  -894513.750000        0.329915
FIRE:  548 10:56:05  -894513.812500        0.306594
FIRE:  549 10:56:05  -894513.687500        0.278430
FIRE:  550 10:56:06  -894513.750000        0.246150
FIRE:  551 10:56:06  -894513.625000        0.210383
FIRE:  552 10:56:06  -894513.687500        0.168017
FIRE:  553 10:56:06  -894513.687500        0.124256
FIRE:  554 10:56:06  -894513.687500        0.124252
FIRE:  555 10:56:06  -894513.625000        0.124227
FIRE:  556 10:56:06  -894513.687500        0.124213
FIRE:  557 10:56:06  -894513.687500        0.124193
FIRE:  558 10:56:06  -894513.687500        0.141133
FIRE:  559 10:56:06  -894513.687500        0.157085
FIRE:  560 10:56:06  -894513.500000        0.146718
FIRE:  561 10:56:06  -894513.437500        0.124118
FIRE:  562 10:56:06  -894513.375000        0.124087
FIRE:  563 10:56:06  -894513.500000        0.124071
FIRE:  564 10:56:07  -894513.500000        0.124044
FIRE:  565 10:56:07  -894513.500000        0.136029
FIRE:  566 10:56:07  -894513.500000        0.123952
FIRE:  567 10:56:07  -894513.437500        0.123892
FIRE:  568 10:56:07  -894513.437500        0.123814
FIRE:  569 10:56:07  -894513.500000        0.123748
FIRE:  570 10:56:07  -894513.562500        0.123694
FIRE:  571 10:56:07  -894513.562500        0.123587
FIRE:  572 10:56:07  -894513.562500        0.123406
FIRE:  573 10:56:07  -894513.500000        0.123056
FIRE:  574 10:56:07  -894513.562500        0.122498
FIRE:  575 10:56:07  -894513.562500        0.121631
FIRE:  576 10:56:07  -894513.562500        0.149766
FIRE:  577 10:56:07  -894513.625000        0.221643
FIRE:  578 10:56:08  -894513.687500        0.416393
FIRE:  579 10:56:08  -894513.687500        1.082149
FIRE:  580 10:56:08  -894513.875000        2.722174
FIRE:  581 10:56:08  -894513.875000        0.111986
FIRE:  582 10:56:08  -894514.000000        2.908639
FIRE:  583 10:56:08  -894513.875000        2.015890
FIRE:  584 10:56:08  -894513.937500        0.598217
FIRE:  585 10:56:08  -894513.937500        0.856247
FIRE:  586 10:56:08  -894514.000000        0.801228
FIRE:  587 10:56:08  -894514.000000        0.694287
FIRE:  588 10:56:08  -894513.937500        0.541631
FIRE:  589 10:56:08  -894514.000000        0.352697
FIRE:  590 10:56:08  -894513.937500        0.144501
FIRE:  591 10:56:08  -894514.000000        0.112412
FIRE:  592 10:56:08  -894513.937500        0.263414
FIRE:  593 10:56:09  -894514.000000        0.407890
FIRE:  594 10:56:09  -894513.937500        0.489472
FIRE:  595 10:56:09  -894514.000000        0.486635
FIRE:  596 10:56:09  -894514.000000        0.384777
FIRE:  597 10:56:09  -894514.000000        0.185587
FIRE:  598 10:56:09  -894513.937500        0.113919
FIRE:  599 10:56:09  -894513.937500        0.296540
FIRE:  600 10:56:09  -894514.000000        0.374733
FIRE:  601 10:56:09  -894514.000000        0.252663
FIRE:  602 10:56:09  -894514.000000        0.115965
FIRE:  603 10:56:09  -894514.062500        0.313011
FIRE:  604 10:56:09  -894514.000000        0.264217
FIRE:  605 10:56:09  -894513.937500        0.118669
FIRE:  606 10:56:09  -894514.000000        0.296285
FIRE:  607 10:56:10  -894513.937500        0.120965
FIRE:  608 10:56:10  -894514.000000        0.293433
FIRE:  609 10:56:10  -894514.062500        0.199792
FIRE:  610 10:56:10  -894514.125000        0.123521
FIRE:  611 10:56:10  -894514.000000        0.292868
FIRE:  612 10:56:10  -894514.062500        0.686068
FIRE:  613 10:56:10  -894514.062500        1.584102
FIRE:  614 10:56:10  -894514.125000        0.118374
FIRE:  615 10:56:10  -894514.062500        1.275362
FIRE:  616 10:56:10  -894514.000000        1.002209
FIRE:  617 10:56:10  -894514.062500        0.503234
FIRE:  618 10:56:10  -894514.062500        0.126396
FIRE:  619 10:56:10  -894514.000000        0.119720
FIRE:  620 10:56:10  -894514.125000        0.118161
FIRE:  621 10:56:11  -894514.062500        0.118171
FIRE:  622 10:56:11  -894514.062500        0.118187
FIRE:  623 10:56:11  -894514.062500        0.118199
FIRE:  624 10:56:11  -894514.062500        0.118217
FIRE:  625 10:56:11  -894514.062500        0.118234
FIRE:  626 10:56:11  -894514.062500        0.118254
FIRE:  627 10:56:11  -894514.125000        0.118264
FIRE:  628 10:56:11  -894514.187500        0.118292
FIRE:  629 10:56:11  -894514.000000        0.118301
FIRE:  630 10:56:11  -894514.125000        0.118311
FIRE:  631 10:56:11  -894514.062500        0.118319
FIRE:  632 10:56:11  -894514.125000        0.118305
FIRE:  633 10:56:11  -894514.062500        0.118264
FIRE:  634 10:56:11  -894514.187500        0.118173
FIRE:  635 10:56:11  -894514.187500        0.118107
FIRE:  636 10:56:12  -894514.125000        0.117930
FIRE:  637 10:56:12  -894514.125000        0.117639
FIRE:  638 10:56:12  -894514.125000        0.117106
FIRE:  639 10:56:12  -894514.125000        0.116269
FIRE:  640 10:56:12  -894514.125000        0.114923
FIRE:  641 10:56:12  -894514.125000        0.112934
FIRE:  642 10:56:12  -894514.187500        0.114031
FIRE:  643 10:56:12  -894514.125000        0.115445
FIRE:  644 10:56:12  -894514.187500        0.115368
FIRE:  645 10:56:12  -894514.250000        0.122309
FIRE:  646 10:56:12  -894514.312500        0.358018
FIRE:  647 10:56:12  -894514.312500        1.212686
FIRE:  648 10:56:12  -894514.250000        3.435391
FIRE:  649 10:56:12  -894514.375000        0.110961
FIRE:  650 10:56:13  -894514.312500        0.104165
FIRE:  651 10:56:13  -894514.375000        0.104036
FIRE:  652 10:56:13  -894514.312500        0.103879
FIRE:  653 10:56:13  -894514.312500        0.103692
FIRE:  654 10:56:13  -894514.250000        0.103503
FIRE:  655 10:56:13  -894514.375000        0.103298
FIRE:  656 10:56:13  -894514.312500        0.103130
FIRE:  657 10:56:13  -894514.312500        0.102960
FIRE:  658 10:56:13  -894514.375000        0.102833
FIRE:  659 10:56:13  -894514.312500        0.102765
FIRE:  660 10:56:13  -894514.375000        0.102713
FIRE:  661 10:56:13  -894514.312500        0.102674
FIRE:  662 10:56:13  -894514.250000        0.102561
FIRE:  663 10:56:13  -894514.375000        0.102439
FIRE:  664 10:56:14  -894514.375000        0.102172
FIRE:  665 10:56:14  -894514.437500        0.100819
FIRE:  666 10:56:14  -894514.375000        0.096140
FIRE:  667 10:56:14  -894514.375000        0.089683
FIRE:  668 10:56:14  -894514.375000        0.174473
FIRE:  669 10:56:14  -894514.500000        0.549564
FIRE:  670 10:56:14  -894514.375000        1.729046
FIRE:  671 10:56:14  -894514.437500        0.153199
FIRE:  672 10:56:14  -894514.500000        0.146561
FIRE:  673 10:56:14  -894514.562500        0.136570
FIRE:  674 10:56:14  -894514.500000        0.106764
FIRE:  675 10:56:14  -894514.375000        0.091325
FIRE:  676 10:56:14  -894514.437500        0.118904
FIRE:  677 10:56:14  -894514.437500        0.157789
FIRE:  678 10:56:14  -894514.375000        0.143817
FIRE:  679 10:56:15  -894514.500000        0.074413
FIRE:  680 10:56:15  -894514.562500        0.087928
FIRE:  681 10:56:15  -894514.500000        0.098001
FIRE:  682 10:56:15  -894514.437500        0.091222
FIRE:  683 10:56:15  -894514.437500        0.082514
FIRE:  684 10:56:15  -894514.437500        0.116584
FIRE:  685 10:56:15  -894514.562500        0.074883
FIRE:  686 10:56:15  -894514.562500        0.084484
FIRE:  687 10:56:15  -894514.437500        0.080240
FIRE:  688 10:56:15  -894514.750000        0.135101
FIRE:  689 10:56:15  -894514.812500        0.101767
FIRE:  690 10:56:15  -894514.750000        0.070703
FIRE:  691 10:56:15  -894514.750000        0.235073
FIRE:  692 10:56:15  -894514.812500        0.821545
FIRE:  693 10:56:16  -894514.750000        2.465892
FIRE:  694 10:56:16  -894514.812500        0.122138
FIRE:  695 10:56:16  -894514.750000        0.091015
FIRE:  696 10:56:16  -894514.875000        0.061951
FIRE:  697 10:56:16  -894514.812500        0.061900
FIRE:  698 10:56:16  -894514.750000        0.068262
FIRE:  699 10:56:16  -894514.750000        0.077991
FIRE:  700 10:56:16  -894514.812500        0.061656
FIRE:  701 10:56:16  -894514.812500        0.061502
FIRE:  702 10:56:16  -894514.812500        0.061315
FIRE:  703 10:56:16  -894514.750000        0.062920
FIRE:  704 10:56:16  -894514.812500        0.060812
FIRE:  705 10:56:16  -894514.812500        0.060495
FIRE:  706 10:56:16  -894514.625000        0.060136
FIRE:  707 10:56:17  -894514.875000        0.059737
FIRE:  708 10:56:17  -894514.812500        0.059314
FIRE:  709 10:56:17  -894514.937500        0.058797
FIRE:  710 10:56:17  -894514.812500        0.058177
FIRE:  711 10:56:17  -894514.625000        0.077200
FIRE:  712 10:56:17  -894514.687500        0.112590
FIRE:  713 10:56:17  -894514.625000        0.236529
FIRE:  714 10:56:17  -894514.937500        0.640251
FIRE:  715 10:56:17  -894514.937500        1.803791
FIRE:  716 10:56:17  -894514.937500        0.134398
FIRE:  717 10:56:17  -894514.937500        0.100517
FIRE:  718 10:56:17  -894514.937500        0.051971
FIRE:  719 10:56:17  -894514.937500        0.051801
FIRE:  720 10:56:17  -894514.937500        0.079656
FIRE:  721 10:56:18  -894514.937500        0.097174
FIRE:  722 10:56:18  -894514.937500        0.076972
FIRE:  723 10:56:18  -894514.937500        0.051800
FIRE:  724 10:56:18  -894514.937500        0.051914
FIRE:  725 10:56:18  -894515.000000        0.077042
FIRE:  726 10:56:18  -894514.875000        0.062103
FIRE:  727 10:56:18  -894514.875000        0.051609
FIRE:  728 10:56:18  -894514.937500        0.071873
FIRE:  729 10:56:18  -894515.000000        0.051167
FIRE:  730 10:56:18  -894514.875000        0.057656
FIRE:  731 10:56:18  -894514.937500        0.050190
FIRE:  732 10:56:18  -894514.875000        0.072014
FIRE:  733 10:56:18  -894514.937500        0.048522
