      Step     Time          Energy          fmax
FIRE:    0 08:14:19  -149923.703125        3.926763
FIRE:    1 08:14:19  -149925.703125        2.280426
FIRE:    2 08:14:21  -149927.390625        2.589822
FIRE:    3 08:14:21  -149929.093750        2.004888
FIRE:    4 08:14:21  -149930.687500        1.878255
FIRE:    5 08:14:21  -149931.921875        2.028991
FIRE:    6 08:14:22  -149932.953125        1.797092
FIRE:    7 08:14:22  -149934.078125        1.355975
FIRE:    8 08:14:23  -149935.250000        1.218631
FIRE:    9 08:14:23  -149936.265625        1.215611
FIRE:   10 08:14:23  -149937.234375        1.157248
FIRE:   11 08:14:23  -149938.203125        1.032107
FIRE:   12 08:14:23  -149939.062500        1.064434
FIRE:   13 08:14:23  -149939.890625        0.955123
FIRE:   14 08:14:23  -149940.546875        1.047997
FIRE:   15 08:14:23  -149941.281250        1.035881
FIRE:   16 08:14:23  -149942.156250        0.907464
FIRE:   17 08:14:23  -149942.687500        0.794364
FIRE:   18 08:14:23  -149943.390625        0.770109
FIRE:   19 08:14:25  -149944.093750        0.727396
FIRE:   20 08:14:25  -149944.718750        0.774280
FIRE:   21 08:14:25  -149945.296875        0.774186
FIRE:   22 08:14:25  -149945.875000        0.684329
FIRE:   23 08:14:25  -149946.406250        0.607845
FIRE:   24 08:14:25  -149946.921875        0.577661
FIRE:   25 08:14:25  -149947.453125        0.543885
FIRE:   26 08:14:25  -149947.890625        0.583088
FIRE:   27 08:14:25  -149948.390625        0.610517
FIRE:   28 08:14:25  -149948.875000        0.606883
FIRE:   29 08:14:25  -149949.343750        0.611461
FIRE:   30 08:14:25  -149949.812500        0.620498
FIRE:   31 08:14:26  -149950.281250        0.635385
FIRE:   32 08:14:26  -149950.781250        0.647333
FIRE:   33 08:14:26  -149951.203125        0.640450
FIRE:   34 08:14:26  -149951.640625        0.601019
FIRE:   35 08:14:26  -149952.093750        0.531035
FIRE:   36 08:14:26  -149952.453125        0.439726
FIRE:   37 08:14:26  -149952.906250        0.445681
FIRE:   38 08:14:26  -149953.265625        0.419699
FIRE:   39 08:14:26  -149953.453125        0.413067
FIRE:   40 08:14:26  -149953.859375        0.399421
FIRE:   41 08:14:26  -149954.093750        0.387307
FIRE:   42 08:14:26  -149954.390625        0.377765
FIRE:   43 08:14:26  -149954.671875        0.359837
FIRE:   44 08:14:26  -149955.109375        0.328343
FIRE:   45 08:14:26  -149955.343750        0.294901
FIRE:   46 08:14:26  -149955.593750        0.282381
FIRE:   47 08:14:26  -149955.671875        0.276613
FIRE:   48 08:14:26  -149955.937500        0.286589
FIRE:   49 08:14:26  -149956.234375        0.297442
FIRE:   50 08:14:27  -149956.421875        0.299789
FIRE:   51 08:14:27  -149956.546875        0.293562
FIRE:   52 08:14:27  -149956.734375        0.286638
FIRE:   53 08:14:27  -149956.890625        0.282304
FIRE:   54 08:14:27  -149957.125000        0.278311
FIRE:   55 08:14:27  -149957.203125        0.272259
FIRE:   56 08:14:27  -149957.437500        0.262222
FIRE:   57 08:14:27  -149957.484375        0.247659
FIRE:   58 08:14:27  -149957.671875        0.232550
FIRE:   59 08:14:27  -149957.828125        0.241944
FIRE:   60 08:14:27  -149957.937500        0.249109
FIRE:   61 08:14:27  -149958.062500        0.252647
FIRE:   62 08:14:27  -149958.109375        0.254150
FIRE:   63 08:14:27  -149958.234375        0.254319
FIRE:   64 08:14:27  -149958.343750        0.245001
FIRE:   65 08:14:27  -149958.437500        0.228893
FIRE:   66 08:14:28  -149958.500000        0.210463
FIRE:   67 08:14:28  -149958.718750        0.221831
FIRE:   68 08:14:28  -149958.687500        0.243283
FIRE:   69 08:14:28  -149958.921875        0.268152
FIRE:   70 08:14:28  -149958.984375        0.295340
FIRE:   71 08:14:28  -149959.015625        0.317184
FIRE:   72 08:14:28  -149959.109375        0.327440
FIRE:   73 08:14:28  -149959.234375        0.327443
FIRE:   74 08:14:28  -149959.250000        0.322172
FIRE:   75 08:14:28  -149959.437500        0.313784
FIRE:   76 08:14:28  -149959.578125        0.300260
FIRE:   77 08:14:28  -149959.750000        0.277765
FIRE:   78 08:14:28  -149959.718750        0.245540
FIRE:   79 08:14:28  -149959.890625        0.222569
FIRE:   80 08:14:28  -149960.046875        0.238059
FIRE:   81 08:14:28  -149960.156250        0.242728
FIRE:   82 08:14:28  -149960.281250        0.235186
FIRE:   83 08:14:29  -149960.406250        0.217617
FIRE:   84 08:14:29  -149960.500000        0.216204
FIRE:   85 08:14:29  -149960.609375        0.221690
FIRE:   86 08:14:29  -149960.718750        0.220993
FIRE:   87 08:14:29  -149960.812500        0.210172
FIRE:   88 08:14:29  -149960.921875        0.200811
FIRE:   89 08:14:29  -149961.015625        0.215084
FIRE:   90 08:14:29  -149961.062500        0.223534
FIRE:   91 08:14:29  -149961.062500        0.226141
FIRE:   92 08:14:29  -149961.078125        0.235835
FIRE:   93 08:14:29  -149961.234375        0.267226
FIRE:   94 08:14:29  -149961.343750        0.284748
FIRE:   95 08:14:29  -149961.375000        0.289126
FIRE:   96 08:14:29  -149961.421875        0.282289
FIRE:   97 08:14:29  -149961.468750        0.263912
FIRE:   98 08:14:29  -149961.515625        0.234301
FIRE:   99 08:14:29  -149961.609375        0.236245
FIRE:  100 08:14:30  -149961.468750        0.245039
FIRE:  101 08:14:30  -149961.578125        0.237579
FIRE:  102 08:14:30  -149961.687500        0.215699
FIRE:  103 08:14:30  -149961.640625        0.203190
FIRE:  104 08:14:30  -149961.765625        0.207622
FIRE:  105 08:14:30  -149961.734375        0.210117
FIRE:  106 08:14:30  -149961.765625        0.210437
FIRE:  107 08:14:30  -149961.875000        0.208577
FIRE:  108 08:14:30  -149961.921875        0.202086
FIRE:  109 08:14:30  -149961.921875        0.188168
FIRE:  110 08:14:30  -149961.968750        0.178724
FIRE:  111 08:14:30  -149962.000000        0.176550
FIRE:  112 08:14:30  -149962.031250        0.183643
FIRE:  113 08:14:30  -149962.046875        0.199120
FIRE:  114 08:14:30  -149962.093750        0.203592
FIRE:  115 08:14:30  -149961.906250        0.212576
FIRE:  116 08:14:30  -149962.062500        0.220461
FIRE:  117 08:14:31  -149962.156250        0.229456
FIRE:  118 08:14:31  -149962.187500        0.236708
FIRE:  119 08:14:31  -149962.234375        0.243560
FIRE:  120 08:14:31  -149962.265625        0.249229
FIRE:  121 08:14:31  -149962.328125        0.247739
FIRE:  122 08:14:31  -149962.359375        0.238424
FIRE:  123 08:14:31  -149962.437500        0.221765
FIRE:  124 08:14:31  -149962.390625        0.200377
FIRE:  125 08:14:31  -149962.437500        0.185826
FIRE:  126 08:14:31  -149962.546875        0.175721
FIRE:  127 08:14:31  -149962.531250        0.177044
FIRE:  128 08:14:31  -149962.515625        0.185280
FIRE:  129 08:14:31  -149962.687500        0.199090
FIRE:  130 08:14:31  -149962.734375        0.227439
FIRE:  131 08:14:31  -149962.781250        0.250024
FIRE:  132 08:14:31  -149962.734375        0.256556
FIRE:  133 08:14:31  -149962.859375        0.256203
FIRE:  134 08:14:32  -149962.890625        0.251651
FIRE:  135 08:14:32  -149962.937500        0.238840
FIRE:  136 08:14:32  -149962.968750        0.213238
FIRE:  137 08:14:32  -149962.968750        0.177605
FIRE:  138 08:14:32  -149963.015625        0.169144
FIRE:  139 08:14:32  -149963.109375        0.176654
FIRE:  140 08:14:32  -149963.171875        0.182928
FIRE:  141 08:14:32  -149963.140625        0.182835
FIRE:  142 08:14:32  -149963.156250        0.202557
FIRE:  143 08:14:32  -149963.250000        0.232547
FIRE:  144 08:14:32  -149963.234375        0.255668
FIRE:  145 08:14:32  -149963.343750        0.262000
FIRE:  146 08:14:32  -149963.390625        0.245506
FIRE:  147 08:14:32  -149963.359375        0.207195
FIRE:  148 08:14:32  -149963.468750        0.185772
FIRE:  149 08:14:32  -149963.484375        0.218573
FIRE:  150 08:14:32  -149963.500000        0.237884
FIRE:  151 08:14:33  -149963.562500        0.233150
FIRE:  152 08:14:33  -149963.578125        0.202998
FIRE:  153 08:14:33  -149963.578125        0.201255
FIRE:  154 08:14:33  -149963.593750        0.215589
FIRE:  155 08:14:33  -149963.593750        0.217614
FIRE:  156 08:14:33  -149963.625000        0.215649
FIRE:  157 08:14:33  -149963.656250        0.213696
FIRE:  158 08:14:33  -149963.687500        0.206969
FIRE:  159 08:14:33  -149963.671875        0.193815
FIRE:  160 08:14:33  -149963.703125        0.186679
FIRE:  161 08:14:33  -149963.812500        0.673548
FIRE:  162 08:14:33  -149963.171875        3.516489
FIRE:  163 08:14:33  -149963.640625        2.393588
FIRE:  164 08:14:33  -149963.750000        1.652225
FIRE:  165 08:14:33  -149963.906250        0.973357
FIRE:  166 08:14:33  -149963.921875        0.318187
FIRE:  167 08:14:34  -149963.921875        0.277169
FIRE:  168 08:14:34  -149963.937500        0.200837
FIRE:  169 08:14:34  -149963.921875        0.143826
FIRE:  170 08:14:34  -149963.921875        0.143845
FIRE:  171 08:14:34  -149963.953125        0.143274
FIRE:  172 08:14:34  -149963.921875        0.176438
FIRE:  173 08:14:34  -149963.953125        0.198964
FIRE:  174 08:14:34  -149963.953125        0.173146
FIRE:  175 08:14:34  -149963.953125        0.127744
FIRE:  176 08:14:34  -149963.968750        0.125050
FIRE:  177 08:14:34  -149963.875000        0.124654
FIRE:  178 08:14:34  -149963.968750        0.152670
FIRE:  179 08:14:34  -149963.968750        0.126090
FIRE:  180 08:14:34  -149963.984375        0.128227
FIRE:  181 08:14:34  -149963.984375        0.138358
FIRE:  182 08:14:34  -149964.000000        0.112999
FIRE:  183 08:14:34  -149964.015625        0.124523
FIRE:  184 08:14:35  -149964.031250        0.095375
FIRE:  185 08:14:35  -149964.046875        0.138286
FIRE:  186 08:14:35  -149964.093750        0.091585
FIRE:  187 08:14:35  -149964.093750        0.073842
FIRE:  188 08:14:35  -149964.125000        0.168734
FIRE:  189 08:14:35  -149964.125000        0.471316
FIRE:  190 08:14:35  -149964.156250        1.166209
FIRE:  191 08:14:35  -149964.156250        0.193605
FIRE:  192 08:14:35  -149964.156250        0.887249
FIRE:  193 08:14:35  -149964.156250        0.708809
FIRE:  194 08:14:35  -149964.156250        0.387342
FIRE:  195 08:14:35  -149964.171875        0.053390
FIRE:  196 08:14:35  -149964.171875        0.372143
FIRE:  197 08:14:35  -149964.156250        0.352838
FIRE:  198 08:14:35  -149964.171875        0.315282
FIRE:  199 08:14:35  -149964.156250        0.261698
FIRE:  200 08:14:35  -149964.187500        0.195321
FIRE:  201 08:14:36  -149964.171875        0.120824
FIRE:  202 08:14:36  -149964.171875        0.053360
FIRE:  203 08:14:36  -149964.171875        0.052327
FIRE:  204 08:14:36  -149964.171875        0.108587
FIRE:  205 08:14:36  -149964.203125        0.162867
FIRE:  206 08:14:36  -149964.156250        0.193444
FIRE:  207 08:14:36  -149964.156250        0.190932
FIRE:  208 08:14:36  -149964.171875        0.149479
FIRE:  209 08:14:36  -149964.171875        0.071364
FIRE:  210 08:14:36  -149964.171875        0.052547
FIRE:  211 08:14:36  -149964.156250        0.123733
FIRE:  212 08:14:36  -149964.171875        0.149964
FIRE:  213 08:14:36  -149964.156250        0.092188
FIRE:  214 08:14:36  -149964.187500        0.050705
FIRE:  215 08:14:36  -149964.187500        0.132672
FIRE:  216 08:14:36  -149964.187500        0.096369
FIRE:  217 08:14:37  -149964.171875        0.064284
FIRE:  218 08:14:37  -149964.203125        0.117069
FIRE:  219 08:14:37  -149964.203125        0.050245
FIRE:  220 08:14:37  -149964.203125        0.108399
FIRE:  221 08:14:37  -149964.218750        0.117817
FIRE:  222 08:14:37  -149964.250000        0.052861
FIRE:  223 08:14:37  -149964.234375        0.054341
FIRE:  224 08:14:37  -149964.234375        0.123439
FIRE:  225 08:14:37  -149964.296875        0.438602
FIRE:  226 08:14:37  -149964.265625        1.372101
FIRE:  227 08:14:37  -149964.281250        0.079537
FIRE:  228 08:14:37  -149964.281250        0.062441
FIRE:  229 08:14:37  -149964.265625        0.060916
FIRE:  230 08:14:37  -149964.281250        0.060897
FIRE:  231 08:14:37  -149964.265625        0.060887
FIRE:  232 08:14:37  -149964.281250        0.060877
FIRE:  233 08:14:37  -149964.281250        0.060851
FIRE:  234 08:14:38  -149964.281250        0.060816
FIRE:  235 08:14:38  -149964.281250        0.060790
FIRE:  236 08:14:38  -149964.281250        0.060796
FIRE:  237 08:14:38  -149964.281250        0.060874
FIRE:  238 08:14:38  -149964.296875        0.061049
FIRE:  239 08:14:38  -149964.296875        0.061387
FIRE:  240 08:14:38  -149964.281250        0.061913
FIRE:  241 08:14:38  -149964.296875        0.062610
FIRE:  242 08:14:38  -149964.296875        0.063468
FIRE:  243 08:14:38  -149964.296875        0.064467
FIRE:  244 08:14:38  -149964.312500        0.065586
FIRE:  245 08:14:38  -149964.312500        0.066622
FIRE:  246 08:14:38  -149964.312500        0.067269
FIRE:  247 08:14:38  -149964.328125        0.076836
FIRE:  248 08:14:38  -149964.296875        0.244691
FIRE:  249 08:14:38  -149964.296875        0.963578
FIRE:  250 08:14:38  -149964.296875        0.067257
FIRE:  251 08:14:39  -149964.312500        0.067200
FIRE:  252 08:14:39  -149964.312500        0.067086
FIRE:  253 08:14:39  -149964.312500        0.066921
FIRE:  254 08:14:39  -149964.312500        0.066729
FIRE:  255 08:14:39  -149964.296875        0.066511
FIRE:  256 08:14:39  -149964.312500        0.066280
FIRE:  257 08:14:39  -149964.312500        0.066047
FIRE:  258 08:14:39  -149964.312500        0.065804
FIRE:  259 08:14:39  -149964.312500        0.065564
FIRE:  260 08:14:39  -149964.312500        0.065346
FIRE:  261 08:14:39  -149964.312500        0.065144
FIRE:  262 08:14:39  -149964.265625        0.064953
FIRE:  263 08:14:39  -149964.281250        0.064802
FIRE:  264 08:14:39  -149964.265625        0.064773
FIRE:  265 08:14:39  -149964.390625        0.064886
FIRE:  266 08:14:39  -149964.375000        0.064887
FIRE:  267 08:14:40  -149964.406250        0.065888
FIRE:  268 08:14:40  -149964.406250        0.067660
FIRE:  269 08:14:40  -149964.437500        0.070030
FIRE:  270 08:14:40  -149964.453125        0.146452
FIRE:  271 08:14:40  -149964.468750        0.599066
FIRE:  272 08:14:40  -149964.484375        2.155866
FIRE:  273 08:14:40  -149964.500000        0.420902
FIRE:  274 08:14:40  -149964.359375        0.293065
FIRE:  275 08:14:40  -149964.468750        0.081150
FIRE:  276 08:14:40  -149964.453125        0.155632
FIRE:  277 08:14:40  -149964.484375        0.143923
FIRE:  278 08:14:40  -149964.343750        0.121439
FIRE:  279 08:14:40  -149964.453125        0.090126
FIRE:  280 08:14:40  -149964.343750        0.081462
FIRE:  281 08:14:40  -149964.468750        0.081497
FIRE:  282 08:14:40  -149964.468750        0.081551
FIRE:  283 08:14:40  -149964.484375        0.081610
FIRE:  284 08:14:41  -149964.500000        0.081690
FIRE:  285 08:14:41  -149964.500000        0.081792
FIRE:  286 08:14:41  -149964.343750        0.081923
FIRE:  287 08:14:41  -149964.484375        0.082096
FIRE:  288 08:14:41  -149964.468750        0.082305
FIRE:  289 08:14:41  -149964.500000        0.082546
FIRE:  290 08:14:41  -149964.453125        0.082835
FIRE:  291 08:14:41  -149964.343750        0.083169
FIRE:  292 08:14:41  -149964.500000        0.083558
FIRE:  293 08:14:41  -149964.453125        0.084024
FIRE:  294 08:14:41  -149964.468750        0.084595
FIRE:  295 08:14:41  -149964.468750        0.085273
FIRE:  296 08:14:41  -149964.531250        0.086079
FIRE:  297 08:14:41  -149964.500000        0.086981
FIRE:  298 08:14:41  -149964.515625        0.088080
FIRE:  299 08:14:41  -149964.500000        0.089453
FIRE:  300 08:14:42  -149964.390625        0.090990
FIRE:  301 08:14:42  -149964.515625        0.092856
FIRE:  302 08:14:42  -149964.421875        0.094831
FIRE:  303 08:14:42  -149964.421875        0.106628
FIRE:  304 08:14:42  -149964.593750        0.475213
FIRE:  305 08:14:42  -149964.562500        1.948100
FIRE:  306 08:14:42  -149964.562500        0.489793
FIRE:  307 08:14:42  -149964.593750        0.334929
FIRE:  308 08:14:42  -149964.562500        0.101384
FIRE:  309 08:14:42  -149964.562500        0.197938
FIRE:  310 08:14:42  -149964.609375        0.182362
FIRE:  311 08:14:42  -149964.578125        0.152621
FIRE:  312 08:14:42  -149964.562500        0.111309
FIRE:  313 08:14:42  -149964.578125        0.101745
FIRE:  314 08:14:42  -149964.593750        0.101769
FIRE:  315 08:14:42  -149964.578125        0.101790
FIRE:  316 08:14:42  -149964.562500        0.101841
FIRE:  317 08:14:43  -149964.562500        0.101898
FIRE:  318 08:14:43  -149964.578125        0.104805
FIRE:  319 08:14:43  -149964.578125        0.102086
FIRE:  320 08:14:43  -149964.468750        0.102222
FIRE:  321 08:14:43  -149964.562500        0.102381
FIRE:  322 08:14:43  -149964.562500        0.102545
FIRE:  323 08:14:43  -149964.562500        0.102713
FIRE:  324 08:14:43  -149964.578125        0.102857
FIRE:  325 08:14:43  -149964.609375        0.102995
FIRE:  326 08:14:43  -149964.578125        0.103132
FIRE:  327 08:14:43  -149964.593750        0.103229
FIRE:  328 08:14:43  -149964.625000        0.103302
FIRE:  329 08:14:43  -149964.593750        0.103223
FIRE:  330 08:14:43  -149964.546875        0.102962
FIRE:  331 08:14:43  -149964.546875        0.102559
FIRE:  332 08:14:43  -149964.640625        0.101974
FIRE:  333 08:14:43  -149964.625000        0.100571
FIRE:  334 08:14:44  -149964.578125        0.098763
FIRE:  335 08:14:44  -149964.578125        0.176710
FIRE:  336 08:14:44  -149964.609375        0.543193
FIRE:  337 08:14:44  -149964.593750        1.646448
FIRE:  338 08:14:44  -149964.625000        0.171853
FIRE:  339 08:14:44  -149964.609375        0.127371
FIRE:  340 08:14:44  -149964.609375        0.087777
FIRE:  341 08:14:44  -149964.609375        0.087695
FIRE:  342 08:14:44  -149964.609375        0.099117
FIRE:  343 08:14:44  -149964.625000        0.117620
FIRE:  344 08:14:44  -149964.609375        0.088365
FIRE:  345 08:14:44  -149964.609375        0.087206
FIRE:  346 08:14:44  -149964.609375        0.086964
FIRE:  347 08:14:44  -149964.609375        0.096477
FIRE:  348 08:14:44  -149964.609375        0.086297
FIRE:  349 08:14:44  -149964.609375        0.085802
FIRE:  350 08:14:45  -149964.609375        0.085297
FIRE:  351 08:14:45  -149964.625000        0.084914
FIRE:  352 08:14:45  -149964.640625        0.084010
FIRE:  353 08:14:45  -149964.625000        0.082349
FIRE:  354 08:14:45  -149964.625000        0.086513
FIRE:  355 08:14:45  -149964.640625        0.081329
FIRE:  356 08:14:45  -149964.640625        0.075069
FIRE:  357 08:14:45  -149964.656250        0.087680
FIRE:  358 08:14:45  -149964.656250        0.237257
FIRE:  359 08:14:45  -149964.671875        0.761825
FIRE:  360 08:14:45  -149964.656250        2.236534
FIRE:  361 08:14:45  -149964.687500        0.263240
FIRE:  362 08:14:45  -149964.703125        0.187384
FIRE:  363 08:14:45  -149964.687500        0.061254
FIRE:  364 08:14:45  -149964.703125        0.084017
FIRE:  365 08:14:45  -149964.703125        0.171509
FIRE:  366 08:14:45  -149964.703125        0.184709
FIRE:  367 08:14:46  -149964.687500        0.125133
FIRE:  368 08:14:46  -149964.687500        0.060061
FIRE:  369 08:14:46  -149964.687500        0.103684
FIRE:  370 08:14:46  -149964.687500        0.148807
FIRE:  371 08:14:46  -149964.687500        0.084401
FIRE:  372 08:14:46  -149964.687500        0.077356
FIRE:  373 08:14:46  -149964.703125        0.131290
FIRE:  374 08:14:46  -149964.703125        0.063146
FIRE:  375 08:14:46  -149964.703125        0.132577
FIRE:  376 08:14:46  -149964.703125        0.066147
FIRE:  377 08:14:46  -149964.703125        0.128106
FIRE:  378 08:14:46  -149964.703125        0.143241
FIRE:  379 08:14:46  -149964.718750        0.104581
FIRE:  380 08:14:46  -149964.718750        0.134874
FIRE:  381 08:14:46  -149964.734375        0.344136
FIRE:  382 08:14:46  -149964.734375        1.032407
FIRE:  383 08:14:47  -149964.750000        0.082083
FIRE:  384 08:14:47  -149964.734375        0.082110
FIRE:  385 08:14:47  -149964.734375        0.082166
FIRE:  386 08:14:47  -149964.734375        0.082239
FIRE:  387 08:14:47  -149964.734375        0.082329
FIRE:  388 08:14:47  -149964.750000        0.082424
FIRE:  389 08:14:47  -149964.734375        0.082525
FIRE:  390 08:14:47  -149964.750000        0.082634
FIRE:  391 08:14:47  -149964.734375        0.082785
FIRE:  392 08:14:47  -149964.734375        0.083007
FIRE:  393 08:14:47  -149964.734375        0.083328
FIRE:  394 08:14:47  -149964.750000        0.083761
FIRE:  395 08:14:47  -149964.750000        0.084302
FIRE:  396 08:14:47  -149964.750000        0.084950
FIRE:  397 08:14:47  -149964.796875        0.085745
FIRE:  398 08:14:47  -149964.796875        0.086742
FIRE:  399 08:14:47  -149964.812500        0.087857
FIRE:  400 08:14:48  -149964.812500        0.088934
FIRE:  401 08:14:48  -149964.828125        0.090048
FIRE:  402 08:14:48  -149964.828125        0.090714
FIRE:  403 08:14:48  -149964.843750        0.130960
FIRE:  404 08:14:48  -149964.828125        0.483034
FIRE:  405 08:14:48  -149964.750000        1.601473
FIRE:  406 08:14:48  -149964.843750        0.234027
FIRE:  407 08:14:48  -149964.828125        0.166677
FIRE:  408 08:14:48  -149964.812500        0.089033
FIRE:  409 08:14:48  -149964.796875        0.089072
FIRE:  410 08:14:48  -149964.765625        0.154256
FIRE:  411 08:14:48  -149964.906250        0.167871
FIRE:  412 08:14:48  -149964.890625        0.114645
FIRE:  413 08:14:48  -149964.765625        0.088409
FIRE:  414 08:14:48  -149964.843750        0.089689
FIRE:  415 08:14:48  -149964.812500        0.135304
FIRE:  416 08:14:48  -149964.875000        0.087441
FIRE:  417 08:14:49  -149964.828125        0.087246
FIRE:  418 08:14:49  -149964.812500        0.120515
FIRE:  419 08:14:49  -149964.859375        0.086575
FIRE:  420 08:14:49  -149964.843750        0.118570
FIRE:  421 08:14:49  -149964.781250        0.085372
FIRE:  422 08:14:49  -149964.812500        0.120195
FIRE:  423 08:14:49  -149964.843750        0.126821
FIRE:  424 08:14:49  -149964.812500        0.089663
FIRE:  425 08:14:49  -149964.875000        0.113403
FIRE:  426 08:14:49  -149964.796875        0.298812
FIRE:  427 08:14:49  -149964.765625        0.930877
FIRE:  428 08:14:49  -149964.750000        0.067120
FIRE:  429 08:14:49  -149964.796875        0.067095
FIRE:  430 08:14:49  -149964.796875        0.067047
FIRE:  431 08:14:49  -149964.765625        0.066980
FIRE:  432 08:14:49  -149964.796875        0.066893
FIRE:  433 08:14:50  -149964.750000        0.066789
FIRE:  434 08:14:50  -149964.750000        0.066659
FIRE:  435 08:14:50  -149964.765625        0.066499
FIRE:  436 08:14:50  -149964.765625        0.066276
FIRE:  437 08:14:50  -149964.765625        0.065963
FIRE:  438 08:14:50  -149964.781250        0.065536
FIRE:  439 08:14:50  -149964.765625        0.064965
FIRE:  440 08:14:50  -149964.796875        0.064169
FIRE:  441 08:14:50  -149964.765625        0.063142
FIRE:  442 08:14:50  -149964.765625        0.061828
FIRE:  443 08:14:50  -149964.765625        0.060117
FIRE:  444 08:14:50  -149964.796875        0.057981
FIRE:  445 08:14:50  -149964.781250        0.055403
FIRE:  446 08:14:50  -149964.812500        0.052112
FIRE:  447 08:14:50  -149964.781250        0.048058
