      Step     Time          Energy          fmax
FIRE:    0 11:06:53  -981019.187500        7.297059
FIRE:    1 11:06:54  -981023.812500        6.649970
FIRE:    2 11:06:56  -981027.750000        5.420695
FIRE:    3 11:06:56  -981030.750000        3.820484
FIRE:    4 11:06:57  -981031.750000        2.843484
FIRE:    5 11:06:57  -981032.187500        4.311053
FIRE:    6 11:06:57  -981032.812500        3.508551
FIRE:    7 11:06:58  -981032.562500        2.421068
FIRE:    8 11:06:58  -981033.250000        1.709069
FIRE:    9 11:06:58  -981032.812500        1.621349
FIRE:   10 11:06:58  -981032.875000        2.062158
FIRE:   11 11:06:58  -981033.000000        2.140723
FIRE:   12 11:06:58  -981033.187500        2.188120
FIRE:   13 11:06:58  -981033.437500        1.562504
FIRE:   14 11:06:58  -981033.687500        1.815852
FIRE:   15 11:06:58  -981034.312500        2.003133
FIRE:   16 11:06:58  -981034.500000        1.695677
FIRE:   17 11:06:58  -981034.812500        1.369950
FIRE:   18 11:06:58  -981035.250000        1.141595
FIRE:   19 11:06:58  -981035.562500        1.359881
FIRE:   20 11:06:58  -981035.875000        1.661788
FIRE:   21 11:06:58  -981036.250000        1.279259
FIRE:   22 11:06:59  -981036.562500        1.901429
FIRE:   23 11:06:59  -981036.687500        0.917184
FIRE:   24 11:06:59  -981037.187500        1.125516
FIRE:   25 11:06:59  -981037.375000        1.311095
FIRE:   26 11:06:59  -981037.625000        1.209573
FIRE:   27 11:06:59  -981037.812500        1.317926
FIRE:   28 11:06:59  -981038.125000        1.040933
FIRE:   29 11:06:59  -981037.937500        1.028783
FIRE:   30 11:06:59  -981037.750000        0.828582
FIRE:   31 11:06:59  -981038.500000        0.789617
FIRE:   32 11:06:59  -981038.750000        0.728587
FIRE:   33 11:06:59  -981039.000000        0.664320
FIRE:   34 11:06:59  -981039.125000        0.572164
FIRE:   35 11:06:59  -981039.375000        0.717637
FIRE:   36 11:06:59  -981039.625000        0.647769
FIRE:   37 11:07:00  -981039.562500        0.705157
FIRE:   38 11:07:00  -981040.375000        0.655919
FIRE:   39 11:07:00  -981040.375000        0.595151
FIRE:   40 11:07:01  -981040.812500        0.604328
FIRE:   41 11:07:01  -981040.500000        0.546175
FIRE:   42 11:07:01  -981040.687500        0.541843
FIRE:   43 11:07:01  -981041.375000        0.577079
FIRE:   44 11:07:02  -981041.562500        0.393096
FIRE:   45 11:07:02  -981041.750000        0.467685
FIRE:   46 11:07:02  -981041.625000        0.426610
FIRE:   47 11:07:02  -981042.000000        0.465314
FIRE:   48 11:07:02  -981042.062500        0.422034
FIRE:   49 11:07:02  -981042.375000        0.436064
FIRE:   50 11:07:02  -981042.625000        0.391165
FIRE:   51 11:07:02  -981042.812500        0.386687
FIRE:   52 11:07:02  -981043.062500        0.373024
FIRE:   53 11:07:02  -981043.250000        0.381938
FIRE:   54 11:07:02  -981043.312500        0.378589
FIRE:   55 11:07:02  -981043.625000        0.356904
FIRE:   56 11:07:02  -981044.000000        0.326638
FIRE:   57 11:07:02  -981044.187500        0.300372
FIRE:   58 11:07:02  -981043.937500        0.293326
FIRE:   59 11:07:03  -981044.312500        0.275782
FIRE:   60 11:07:03  -981044.437500        0.240021
FIRE:   61 11:07:03  -981044.562500        0.248772
FIRE:   62 11:07:03  -981044.687500        0.244592
FIRE:   63 11:07:03  -981044.812500        0.224897
FIRE:   64 11:07:03  -981044.937500        0.238699
FIRE:   65 11:07:03  -981045.000000        0.253964
FIRE:   66 11:07:03  -981045.125000        0.333626
FIRE:   67 11:07:03  -981045.187500        0.343124
FIRE:   68 11:07:03  -981045.312500        0.338148
FIRE:   69 11:07:03  -981045.437500        0.308430
FIRE:   70 11:07:03  -981045.500000        0.248269
FIRE:   71 11:07:03  -981045.625000        0.243155
FIRE:   72 11:07:03  -981045.687500        0.251637
FIRE:   73 11:07:04  -981045.750000        0.323485
FIRE:   74 11:07:04  -981045.812500        0.365072
FIRE:   75 11:07:04  -981045.875000        0.355486
FIRE:   76 11:07:04  -981045.937500        0.300501
FIRE:   77 11:07:04  -981046.187500        0.275695
FIRE:   78 11:07:04  -981046.250000        0.346816
FIRE:   79 11:07:04  -981046.250000        0.344919
FIRE:   80 11:07:04  -981046.312500        0.290073
FIRE:   81 11:07:04  -981046.375000        0.273983
FIRE:   82 11:07:04  -981046.500000        0.264465
FIRE:   83 11:07:04  -981046.562500        0.260651
FIRE:   84 11:07:04  -981046.562500        0.259623
FIRE:   85 11:07:04  -981046.625000        0.230150
FIRE:   86 11:07:04  -981046.500000        0.214465
FIRE:   87 11:07:04  -981046.125000        0.252361
FIRE:   88 11:07:04  -981046.750000        0.252066
FIRE:   89 11:07:04  -981046.187500        0.246568
FIRE:   90 11:07:05  -981045.812500        0.255020
FIRE:   91 11:07:05  -981045.875000        0.235220
FIRE:   92 11:07:05  -981046.375000        0.247195
FIRE:   93 11:07:05  -981046.750000        0.232615
FIRE:   94 11:07:05  -981046.500000        0.259318
FIRE:   95 11:07:05  -981046.000000        0.288350
FIRE:   96 11:07:05  -981046.062500        0.304190
FIRE:   97 11:07:05  -981046.562500        0.310185
FIRE:   98 11:07:05  -981046.125000        0.311125
FIRE:   99 11:07:05  -981046.750000        0.299104
FIRE:  100 11:07:05  -981046.750000        0.270895
FIRE:  101 11:07:05  -981047.125000        0.231196
FIRE:  102 11:07:05  -981047.125000        0.184477
FIRE:  103 11:07:05  -981047.187500        0.175904
FIRE:  104 11:07:05  -981047.250000        0.164692
FIRE:  105 11:07:05  -981047.250000        0.170381
FIRE:  106 11:07:05  -981047.250000        0.171148
FIRE:  107 11:07:06  -981047.312500        0.207889
FIRE:  108 11:07:06  -981047.312500        0.262878
FIRE:  109 11:07:06  -981047.312500        0.301937
FIRE:  110 11:07:06  -981047.375000        0.317348
FIRE:  111 11:07:06  -981047.375000        0.306230
FIRE:  112 11:07:06  -981047.437500        0.268555
FIRE:  113 11:07:06  -981047.437500        0.241680
FIRE:  114 11:07:06  -981047.500000        0.229936
FIRE:  115 11:07:06  -981047.500000        0.210779
FIRE:  116 11:07:06  -981047.562500        0.184731
FIRE:  117 11:07:06  -981047.562500        0.181080
FIRE:  118 11:07:06  -981047.562500        0.206005
FIRE:  119 11:07:06  -981047.812500        0.220484
FIRE:  120 11:07:06  -981047.812500        0.221934
FIRE:  121 11:07:06  -981047.812500        0.228599
FIRE:  122 11:07:06  -981047.875000        0.228637
FIRE:  123 11:07:06  -981047.875000        0.219925
FIRE:  124 11:07:07  -981047.875000        0.207271
FIRE:  125 11:07:07  -981047.937500        0.213586
FIRE:  126 11:07:07  -981047.937500        0.222395
FIRE:  127 11:07:07  -981048.000000        0.216375
FIRE:  128 11:07:07  -981048.000000        0.205647
FIRE:  129 11:07:07  -981048.000000        0.240205
FIRE:  130 11:07:07  -981048.062500        0.260904
FIRE:  131 11:07:07  -981048.062500        0.258465
FIRE:  132 11:07:07  -981048.125000        0.241266
FIRE:  133 11:07:07  -981047.500000        0.207348
FIRE:  134 11:07:07  -981047.562500        0.192609
FIRE:  135 11:07:07  -981047.937500        0.214152
FIRE:  136 11:07:07  -981047.562500        0.226124
FIRE:  137 11:07:07  -981047.562500        0.224093
FIRE:  138 11:07:07  -981047.687500        0.217784
FIRE:  139 11:07:07  -981047.750000        0.215354
FIRE:  140 11:07:08  -981047.687500        0.219586
FIRE:  141 11:07:08  -981047.687500        0.192723
FIRE:  142 11:07:08  -981048.187500        0.155407
FIRE:  143 11:07:08  -981048.187500        0.118487
FIRE:  144 11:07:08  -981047.937500        0.123263
FIRE:  145 11:07:08  -981047.812500        0.126252
FIRE:  146 11:07:08  -981048.437500        0.197635
FIRE:  147 11:07:08  -981047.812500        0.196084
FIRE:  148 11:07:08  -981048.500000        0.293272
FIRE:  149 11:07:08  -981048.500000        0.295012
FIRE:  150 11:07:08  -981047.875000        0.347051
FIRE:  151 11:07:08  -981048.375000        0.336604
FIRE:  152 11:07:08  -981048.562500        0.315692
FIRE:  153 11:07:08  -981048.375000        0.289791
FIRE:  154 11:07:08  -981048.437500        0.237859
FIRE:  155 11:07:08  -981048.500000        0.207373
FIRE:  156 11:07:09  -981048.500000        0.209628
FIRE:  157 11:07:09  -981048.500000        0.204478
FIRE:  158 11:07:09  -981048.562500        0.227731
FIRE:  159 11:07:09  -981048.562500        0.251312
FIRE:  160 11:07:09  -981048.625000        0.294377
FIRE:  161 11:07:09  -981048.625000        0.345185
FIRE:  162 11:07:09  -981048.625000        0.347026
FIRE:  163 11:07:09  -981048.625000        0.361693
FIRE:  164 11:07:09  -981048.687500        0.320491
FIRE:  165 11:07:09  -981048.687500        0.314064
FIRE:  166 11:07:09  -981047.812500        0.253640
FIRE:  167 11:07:09  -981047.937500        0.247087
FIRE:  168 11:07:09  -981048.875000        0.212287
FIRE:  169 11:07:09  -981048.062500        0.199183
FIRE:  170 11:07:09  -981047.875000        0.173809
FIRE:  171 11:07:09  -981049.062500        0.206132
FIRE:  172 11:07:09  -981049.062500        0.184773
FIRE:  173 11:07:09  -981047.937500        0.261286
FIRE:  174 11:07:10  -981048.062500        0.231423
FIRE:  175 11:07:10  -981048.000000        0.312057
FIRE:  176 11:07:10  -981048.062500        0.227525
FIRE:  177 11:07:10  -981048.125000        0.242651
FIRE:  178 11:07:10  -981048.187500        0.145372
FIRE:  179 11:07:10  -981048.125000        0.146291
FIRE:  180 11:07:10  -981049.250000        0.135820
FIRE:  181 11:07:10  -981049.312500        0.120612
FIRE:  182 11:07:10  -981049.312500        0.181320
FIRE:  183 11:07:10  -981049.250000        0.220349
FIRE:  184 11:07:10  -981049.375000        0.221026
FIRE:  185 11:07:10  -981049.375000        0.175283
FIRE:  186 11:07:10  -981049.375000        0.144387
FIRE:  187 11:07:10  -981049.437500        0.155671
FIRE:  188 11:07:10  -981049.437500        0.171420
FIRE:  189 11:07:10  -981049.375000        0.170380
FIRE:  190 11:07:10  -981049.437500        0.230015
FIRE:  191 11:07:10  -981049.375000        0.176911
FIRE:  192 11:07:11  -981049.500000        0.170409
FIRE:  193 11:07:11  -981049.500000        0.177268
FIRE:  194 11:07:11  -981049.500000        0.186357
FIRE:  195 11:07:11  -981049.562500        0.166724
FIRE:  196 11:07:11  -981048.375000        0.176746
FIRE:  197 11:07:11  -981049.437500        0.157040
FIRE:  198 11:07:11  -981049.375000        0.103770
FIRE:  199 11:07:11  -981049.500000        0.099558
FIRE:  200 11:07:11  -981049.000000        0.142712
FIRE:  201 11:07:11  -981049.062500        0.145836
FIRE:  202 11:07:11  -981049.125000        0.155831
FIRE:  203 11:07:11  -981049.812500        0.168691
FIRE:  204 11:07:11  -981049.812500        0.167293
FIRE:  205 11:07:11  -981049.875000        0.165420
FIRE:  206 11:07:11  -981049.750000        0.168515
FIRE:  207 11:07:12  -981049.750000        0.180018
FIRE:  208 11:07:12  -981049.812500        0.200177
FIRE:  209 11:07:12  -981049.812500        0.220824
FIRE:  210 11:07:12  -981049.812500        0.182847
FIRE:  211 11:07:12  -981049.875000        0.143976
FIRE:  212 11:07:12  -981049.875000        0.172605
FIRE:  213 11:07:12  -981050.000000        0.163634
FIRE:  214 11:07:12  -981049.875000        0.661036
FIRE:  215 11:07:12  -981049.562500        2.517674
FIRE:  216 11:07:12  -981049.875000        1.491912
FIRE:  217 11:07:12  -981049.937500        0.963773
FIRE:  218 11:07:12  -981049.750000        0.157748
FIRE:  219 11:07:12  -981049.875000        0.957891
FIRE:  220 11:07:12  -981049.937500        0.852287
FIRE:  221 11:07:12  -981049.937500        0.656092
FIRE:  222 11:07:13  -981049.937500        0.396193
FIRE:  223 11:07:13  -981049.937500        0.152538
FIRE:  224 11:07:13  -981049.937500        0.169585
FIRE:  225 11:07:13  -981049.937500        0.165758
FIRE:  226 11:07:13  -981049.937500        0.158149
FIRE:  227 11:07:13  -981049.937500        0.147042
FIRE:  228 11:07:13  -981049.875000        0.132704
FIRE:  229 11:07:13  -981049.937500        0.115623
FIRE:  230 11:07:13  -981049.937500        0.096392
FIRE:  231 11:07:13  -981049.937500        0.085277
FIRE:  232 11:07:13  -981049.937500        0.085229
FIRE:  233 11:07:13  -981049.937500        0.085163
FIRE:  234 11:07:13  -981049.937500        0.085091
FIRE:  235 11:07:13  -981049.937500        0.085001
FIRE:  236 11:07:14  -981049.937500        0.084898
FIRE:  237 11:07:14  -981049.937500        0.096222
FIRE:  238 11:07:14  -981049.937500        0.094470
FIRE:  239 11:07:14  -981049.875000        0.084433
FIRE:  240 11:07:14  -981049.875000        0.084199
FIRE:  241 11:07:14  -981049.937500        0.083894
FIRE:  242 11:07:14  -981049.937500        0.083499
FIRE:  243 11:07:14  -981049.937500        0.082978
FIRE:  244 11:07:14  -981049.937500        0.082280
FIRE:  245 11:07:14  -981049.937500        0.081349
FIRE:  246 11:07:14  -981050.000000        0.080118
FIRE:  247 11:07:14  -981049.875000        0.078458
FIRE:  248 11:07:14  -981050.000000        0.076201
FIRE:  249 11:07:14  -981050.000000        0.073176
FIRE:  250 11:07:15  -981049.937500        0.069260
FIRE:  251 11:07:15  -981049.937500        0.065036
FIRE:  252 11:07:15  -981050.187500        0.060951
FIRE:  253 11:07:15  -981049.375000        0.055202
FIRE:  254 11:07:15  -981049.625000        0.049770
