      Step     Time          Energy          fmax
FIRE:    0 11:00:05 -1312087.125000        8.555072
FIRE:    1 11:00:06 -1312093.000000        8.071779
FIRE:    2 11:00:07 -1312099.750000        7.126911
FIRE:    3 11:00:07 -1312102.500000        5.722280
FIRE:    4 11:00:08 -1312105.750000        4.492546
FIRE:    5 11:00:08 -1312107.625000        5.521249
FIRE:    6 11:00:08 -1312108.500000        6.386322
FIRE:    7 11:00:08 -1312109.125000        5.498191
FIRE:    8 11:00:08 -1312110.125000        4.126353
FIRE:    9 11:00:08 -1312113.625000        2.621967
FIRE:   10 11:00:09 -1312109.375000        2.602368
FIRE:   11 11:00:09 -1312111.375000        2.954267
FIRE:   12 11:00:09 -1312110.500000        3.271785
FIRE:   13 11:00:11 -1312110.625000        3.316654
FIRE:   14 11:00:11 -1312111.125000        2.974918
FIRE:   15 11:00:11 -1312112.000000        2.180839
FIRE:   16 11:00:11 -1312112.875000        2.815740
FIRE:   17 11:00:11 -1312115.000000        3.655222
FIRE:   18 11:00:11 -1312118.125000        2.719186
FIRE:   19 11:00:11 -1312119.250000        2.041833
FIRE:   20 11:00:11 -1312116.125000        1.898256
FIRE:   21 11:00:11 -1312116.625000        2.229112
FIRE:   22 11:00:11 -1312116.875000        2.405711
FIRE:   23 11:00:11 -1312118.875000        4.332141
FIRE:   24 11:00:11 -1312117.625000        4.224482
FIRE:   25 11:00:11 -1312117.000000        2.491351
FIRE:   26 11:00:11 -1312117.500000        1.342502
FIRE:   27 11:00:11 -1312117.750000        0.964949
FIRE:   28 11:00:11 -1312118.125000        1.401841
FIRE:   29 11:00:11 -1312118.500000        1.568971
FIRE:   30 11:00:12 -1312118.875000        1.494864
FIRE:   31 11:00:12 -1312119.125000        1.359184
FIRE:   32 11:00:12 -1312119.500000        0.968341
FIRE:   33 11:00:12 -1312119.875000        0.860301
FIRE:   34 11:00:12 -1312120.125000        0.840947
FIRE:   35 11:00:12 -1312124.750000        1.160905
FIRE:   36 11:00:12 -1312125.250000        1.089562
FIRE:   37 11:00:12 -1312123.500000        0.747649
FIRE:   38 11:00:12 -1312125.250000        0.423937
FIRE:   39 11:00:12 -1312126.875000        0.611293
FIRE:   40 11:00:12 -1312124.375000        0.607569
FIRE:   41 11:00:12 -1312121.750000        0.626488
FIRE:   42 11:00:12 -1312123.375000        0.916646
FIRE:   43 11:00:12 -1312123.625000        1.558159
FIRE:   44 11:00:12 -1312123.750000        2.342076
FIRE:   45 11:00:12 -1312125.250000        3.431255
FIRE:   46 11:00:12 -1312122.375000       12.701875
FIRE:   47 11:00:12 -1312123.875000        3.437029
FIRE:   48 11:00:12 -1312123.750000        5.453096
FIRE:   49 11:00:13 -1312124.125000        1.365005
FIRE:   50 11:00:13 -1312124.000000        2.624746
FIRE:   51 11:00:13 -1312124.000000        2.275736
FIRE:   52 11:00:13 -1312124.125000        1.601562
FIRE:   53 11:00:13 -1312124.125000        0.658577
FIRE:   54 11:00:13 -1312124.125000        0.458124
FIRE:   55 11:00:13 -1312124.000000        0.441283
FIRE:   56 11:00:13 -1312124.125000        0.408352
FIRE:   57 11:00:13 -1312124.125000        0.361149
FIRE:   58 11:00:13 -1312124.125000        0.302216
FIRE:   59 11:00:13 -1312124.125000        0.235606
FIRE:   60 11:00:13 -1312124.125000        0.208731
FIRE:   61 11:00:13 -1312124.125000        0.208149
FIRE:   62 11:00:13 -1312124.125000        0.207892
FIRE:   63 11:00:13 -1312124.125000        0.208061
FIRE:   64 11:00:14 -1312124.125000        0.208391
FIRE:   65 11:00:14 -1312124.125000        0.221833
FIRE:   66 11:00:14 -1312124.125000        0.219638
FIRE:   67 11:00:14 -1312124.125000        0.209843
FIRE:   68 11:00:14 -1312124.125000        0.210516
FIRE:   69 11:00:14 -1312124.250000        0.211319
FIRE:   70 11:00:14 -1312124.250000        0.212276
FIRE:   71 11:00:14 -1312124.250000        0.213390
FIRE:   72 11:00:14 -1312124.250000        0.214732
FIRE:   73 11:00:14 -1312124.250000        0.216320
FIRE:   74 11:00:14 -1312124.250000        0.218237
FIRE:   75 11:00:14 -1312124.375000        0.220498
FIRE:   76 11:00:14 -1312123.000000        0.223009
FIRE:   77 11:00:14 -1312123.125000        0.225541
FIRE:   78 11:00:14 -1312124.500000        0.227641
FIRE:   79 11:00:14 -1312123.125000        0.228003
FIRE:   80 11:00:14 -1312124.625000        0.225368
FIRE:   81 11:00:15 -1312123.500000        0.220846
FIRE:   82 11:00:15 -1312124.875000        0.211791
FIRE:   83 11:00:15 -1312125.000000        0.377954
FIRE:   84 11:00:15 -1312125.125000        0.889207
FIRE:   85 11:00:15 -1312125.750000        2.192180
FIRE:   86 11:00:15 -1312125.250000        0.205995
FIRE:   87 11:00:15 -1312125.250000        1.747342
FIRE:   88 11:00:15 -1312125.250000        1.372309
FIRE:   89 11:00:15 -1312125.375000        0.679508
FIRE:   90 11:00:15 -1312125.375000        0.244232
FIRE:   91 11:00:15 -1312125.375000        0.232900
FIRE:   92 11:00:15 -1312125.375000        0.210935
FIRE:   93 11:00:15 -1312125.375000        0.203007
FIRE:   94 11:00:15 -1312125.375000        0.202863
FIRE:   95 11:00:15 -1312125.375000        0.202720
FIRE:   96 11:00:15 -1312125.375000        0.202617
FIRE:   97 11:00:16 -1312125.375000        0.202557
FIRE:   98 11:00:16 -1312125.375000        0.202553
FIRE:   99 11:00:16 -1312125.375000        0.202612
FIRE:  100 11:00:16 -1312125.375000        0.202719
FIRE:  101 11:00:16 -1312125.375000        0.202877
FIRE:  102 11:00:16 -1312125.375000        0.203077
FIRE:  103 11:00:16 -1312125.375000        0.203332
FIRE:  104 11:00:16 -1312125.375000        0.203637
FIRE:  105 11:00:16 -1312125.375000        0.203939
FIRE:  106 11:00:16 -1312125.375000        0.204185
FIRE:  107 11:00:16 -1312125.375000        0.204328
FIRE:  108 11:00:16 -1312125.375000        0.204418
FIRE:  109 11:00:16 -1312125.500000        0.204350
FIRE:  110 11:00:16 -1312125.500000        0.203949
FIRE:  111 11:00:16 -1312125.500000        0.203360
FIRE:  112 11:00:16 -1312125.500000        0.202371
FIRE:  113 11:00:16 -1312125.625000        0.200762
FIRE:  114 11:00:17 -1312125.625000        0.201218
FIRE:  115 11:00:17 -1312125.750000        0.203235
FIRE:  116 11:00:17 -1312125.875000        0.202388
FIRE:  117 11:00:17 -1312125.875000        0.222174
FIRE:  118 11:00:17 -1312129.750000        0.532473
FIRE:  119 11:00:17 -1312130.500000        1.688686
FIRE:  120 11:00:17 -1312127.375000        4.291394
FIRE:  121 11:00:17 -1312130.625000        1.249169
FIRE:  122 11:00:17 -1312128.000000        0.918059
FIRE:  123 11:00:17 -1312128.000000        0.330899
FIRE:  124 11:00:17 -1312128.500000        0.360454
FIRE:  125 11:00:17 -1312127.750000        0.332741
FIRE:  126 11:00:17 -1312127.750000        0.280011
FIRE:  127 11:00:17 -1312128.125000        0.220187
FIRE:  128 11:00:17 -1312127.875000        0.189418
FIRE:  129 11:00:17 -1312127.625000        0.189353
FIRE:  130 11:00:18 -1312127.875000        0.189269
FIRE:  131 11:00:18 -1312128.000000        0.189195
FIRE:  132 11:00:18 -1312128.125000        0.210809
FIRE:  133 11:00:18 -1312127.875000        0.234130
FIRE:  134 11:00:18 -1312128.125000        0.217711
FIRE:  135 11:00:18 -1312127.750000        0.188820
FIRE:  136 11:00:18 -1312128.125000        0.188760
FIRE:  137 11:00:18 -1312128.500000        0.188734
FIRE:  138 11:00:18 -1312127.750000        0.188733
FIRE:  139 11:00:18 -1312127.875000        0.188750
FIRE:  140 11:00:18 -1312128.500000        0.188790
FIRE:  141 11:00:18 -1312128.000000        0.188867
FIRE:  142 11:00:18 -1312128.375000        0.189047
FIRE:  143 11:00:18 -1312128.375000        0.189291
FIRE:  144 11:00:18 -1312128.500000        0.189469
FIRE:  145 11:00:19 -1312128.000000        0.189557
FIRE:  146 11:00:19 -1312128.000000        0.189798
FIRE:  147 11:00:19 -1312128.500000        0.190346
FIRE:  148 11:00:19 -1312128.125000        0.190798
FIRE:  149 11:00:19 -1312128.500000        0.192081
FIRE:  150 11:00:19 -1312128.375000        0.307030
FIRE:  151 11:00:19 -1312128.375000        0.955840
FIRE:  152 11:00:19 -1312127.000000        2.889565
FIRE:  153 11:00:19 -1312127.125000        0.291905
FIRE:  154 11:00:19 -1312127.125000        0.230102
FIRE:  155 11:00:19 -1312127.125000        0.205162
FIRE:  156 11:00:19 -1312127.125000        0.205050
FIRE:  157 11:00:19 -1312127.125000        0.204840
FIRE:  158 11:00:20 -1312127.125000        0.208065
FIRE:  159 11:00:20 -1312127.125000        0.204096
FIRE:  160 11:00:20 -1312127.125000        0.203660
FIRE:  161 11:00:20 -1312127.125000        0.203236
FIRE:  162 11:00:20 -1312127.000000        0.202880
FIRE:  163 11:00:20 -1312127.125000        0.202604
FIRE:  164 11:00:20 -1312127.125000        0.202397
FIRE:  165 11:00:20 -1312127.125000        0.202268
FIRE:  166 11:00:20 -1312130.875000        0.202176
FIRE:  167 11:00:20 -1312131.125000        0.200475
FIRE:  168 11:00:20 -1312130.875000        0.148517
FIRE:  169 11:00:20 -1312131.000000        0.167652
FIRE:  170 11:00:20 -1312131.000000        0.166377
FIRE:  171 11:00:21 -1312127.375000        0.239953
FIRE:  172 11:00:21 -1312127.500000        0.290593
FIRE:  173 11:00:21 -1312131.125000        0.512894
FIRE:  174 11:00:21 -1312127.500000        1.333534
FIRE:  175 11:00:21 -1312130.875000        4.097791
FIRE:  176 11:00:21 -1312131.250000        1.065082
FIRE:  177 11:00:21 -1312131.250000        0.765474
FIRE:  178 11:00:21 -1312131.375000        0.319032
FIRE:  179 11:00:21 -1312131.000000        0.394491
FIRE:  180 11:00:21 -1312131.250000        0.807769
FIRE:  181 11:00:21 -1312131.375000        0.749379
FIRE:  182 11:00:21 -1312131.500000        0.637859
FIRE:  183 11:00:21 -1312131.375000        0.483235
FIRE:  184 11:00:21 -1312131.375000        0.300844
FIRE:  185 11:00:22 -1312131.000000        0.132978
FIRE:  186 11:00:22 -1312131.500000        0.197030
FIRE:  187 11:00:22 -1312131.375000        0.299542
FIRE:  188 11:00:22 -1312131.000000        0.379812
FIRE:  189 11:00:22 -1312131.000000        0.412027
FIRE:  190 11:00:22 -1312131.375000        0.380203
FIRE:  191 11:00:22 -1312131.250000        0.280417
FIRE:  192 11:00:22 -1312131.375000        0.152721
FIRE:  193 11:00:22 -1312131.125000        0.227431
FIRE:  194 11:00:22 -1312131.750000        0.359028
FIRE:  195 11:00:22 -1312131.375000        0.316551
FIRE:  196 11:00:22 -1312127.750000        0.138119
FIRE:  197 11:00:22 -1312127.750000        0.263865
FIRE:  198 11:00:23 -1312127.750000        0.299823
FIRE:  199 11:00:23 -1312127.750000        0.148033
FIRE:  200 11:00:23 -1312127.750000        0.315379
FIRE:  201 11:00:23 -1312127.750000        0.145044
FIRE:  202 11:00:23 -1312127.750000        0.317774
FIRE:  203 11:00:23 -1312127.875000        0.145474
FIRE:  204 11:00:23 -1312127.875000        0.259576
FIRE:  205 11:00:23 -1312131.250000        0.428936
FIRE:  206 11:00:23 -1312131.750000        0.604523
FIRE:  207 11:00:23 -1312131.875000        1.039827
FIRE:  208 11:00:23 -1312131.500000        2.671731
FIRE:  209 11:00:23 -1312128.125000        0.722877
FIRE:  210 11:00:23 -1312128.125000        2.108212
FIRE:  211 11:00:23 -1312128.250000        1.636730
FIRE:  212 11:00:24 -1312128.125000        0.764084
FIRE:  213 11:00:24 -1312128.125000        0.353511
FIRE:  214 11:00:24 -1312128.125000        0.334631
FIRE:  215 11:00:24 -1312128.125000        0.298316
FIRE:  216 11:00:24 -1312128.250000        0.247542
FIRE:  217 11:00:24 -1312128.125000        0.187230
FIRE:  218 11:00:24 -1312128.125000        0.143308
FIRE:  219 11:00:24 -1312128.250000        0.143318
FIRE:  220 11:00:24 -1312128.125000        0.165048
FIRE:  221 11:00:24 -1312128.125000        0.193063
FIRE:  222 11:00:24 -1312128.250000        0.213030
FIRE:  223 11:00:24 -1312128.125000        0.215353
FIRE:  224 11:00:24 -1312128.125000        0.195501
FIRE:  225 11:00:24 -1312128.125000        0.159323
FIRE:  226 11:00:25 -1312132.000000        0.144785
FIRE:  227 11:00:25 -1312131.875000        0.157795
FIRE:  228 11:00:25 -1312131.500000        0.172213
FIRE:  229 11:00:25 -1312131.500000        0.146970
FIRE:  230 11:00:25 -1312128.125000        0.148187
FIRE:  231 11:00:25 -1312128.125000        0.178940
FIRE:  232 11:00:25 -1312128.125000        0.162435
FIRE:  233 11:00:25 -1312128.250000        0.155671
FIRE:  234 11:00:25 -1312128.375000        0.196423
FIRE:  235 11:00:25 -1312128.250000        0.215812
FIRE:  236 11:00:25 -1312128.250000        0.162398
FIRE:  237 11:00:25 -1312128.375000        0.689227
FIRE:  238 11:00:25 -1312127.000000        0.635783
FIRE:  239 11:00:25 -1312127.125000        0.445652
FIRE:  240 11:00:26 -1312129.625000        1.343488
FIRE:  241 11:00:26 -1312129.625000        0.783470
FIRE:  242 11:00:26 -1312128.500000        1.827379
FIRE:  243 11:00:26 -1312128.375000        4.608018
FIRE:  244 11:00:26 -1312128.625000        0.532174
FIRE:  245 11:00:26 -1312128.375000        5.598851
FIRE:  246 11:00:26 -1312128.500000        3.478345
FIRE:  247 11:00:26 -1312128.625000        0.505733
FIRE:  248 11:00:26 -1312128.500000        2.047810
FIRE:  249 11:00:26 -1312128.500000        1.918521
FIRE:  250 11:00:26 -1312128.500000        1.665080
FIRE:  251 11:00:26 -1312128.625000        1.297806
FIRE:  252 11:00:26 -1312128.625000        0.833668
FIRE:  253 11:00:26 -1312128.625000        0.298394
FIRE:  254 11:00:26 -1312128.625000        0.262291
FIRE:  255 11:00:27 -1312128.625000        0.257313
FIRE:  256 11:00:27 -1312128.625000        0.247826
FIRE:  257 11:00:27 -1312128.625000        0.233672
FIRE:  258 11:00:27 -1312128.625000        0.215339
FIRE:  259 11:00:27 -1312128.625000        0.193166
FIRE:  260 11:00:27 -1312128.625000        0.167759
FIRE:  261 11:00:27 -1312128.625000        0.139969
FIRE:  262 11:00:27 -1312128.625000        0.114834
FIRE:  263 11:00:27 -1312128.625000        0.114886
FIRE:  264 11:00:27 -1312128.625000        0.114950
FIRE:  265 11:00:27 -1312128.625000        0.115041
FIRE:  266 11:00:27 -1312129.875000        0.115160
FIRE:  267 11:00:27 -1312129.875000        0.115309
FIRE:  268 11:00:28 -1312128.625000        0.128658
FIRE:  269 11:00:28 -1312129.875000        0.139850
FIRE:  270 11:00:28 -1312129.875000        0.131005
FIRE:  271 11:00:28 -1312129.875000        0.116372
FIRE:  272 11:00:28 -1312129.875000        0.116769
FIRE:  273 11:00:28 -1312129.875000        0.117210
FIRE:  274 11:00:28 -1312128.625000        0.120399
FIRE:  275 11:00:28 -1312128.750000        0.118228
FIRE:  276 11:00:28 -1312129.875000        0.118790
FIRE:  277 11:00:28 -1312129.875000        0.119382
FIRE:  278 11:00:28 -1312129.875000        0.120060
FIRE:  279 11:00:28 -1312129.875000        0.120895
FIRE:  280 11:00:28 -1312128.625000        0.121985
FIRE:  281 11:00:28 -1312128.750000        0.148951
FIRE:  282 11:00:28 -1312128.750000        0.195860
FIRE:  283 11:00:29 -1312129.875000        0.503438
FIRE:  284 11:00:29 -1312128.750000        0.476093
FIRE:  285 11:00:29 -1312127.500000        0.264865
FIRE:  286 11:00:29 -1312127.375000        0.291995
FIRE:  287 11:00:29 -1312127.375000        0.232869
FIRE:  288 11:00:29 -1312127.625000        0.933753
FIRE:  289 11:00:29 -1312127.500000        1.346434
FIRE:  290 11:00:29 -1312127.500000        0.982478
FIRE:  291 11:00:29 -1312127.500000        1.244573
FIRE:  292 11:00:29 -1312127.625000        0.943612
FIRE:  293 11:00:29 -1312127.625000        0.442325
FIRE:  294 11:00:29 -1312127.625000        0.372115
FIRE:  295 11:00:29 -1312127.500000        0.579852
FIRE:  296 11:00:29 -1312127.625000        0.546736
FIRE:  297 11:00:30 -1312127.625000        0.490593
FIRE:  298 11:00:30 -1312127.625000        0.412311
FIRE:  299 11:00:30 -1312127.625000        0.319592
FIRE:  300 11:00:30 -1312127.625000        0.227410
FIRE:  301 11:00:30 -1312127.625000        0.170297
FIRE:  302 11:00:30 -1312127.625000        0.170295
FIRE:  303 11:00:30 -1312127.625000        0.304851
FIRE:  304 11:00:30 -1312127.500000        0.588710
FIRE:  305 11:00:30 -1312127.625000        0.479285
FIRE:  306 11:00:30 -1312127.500000        0.247495
FIRE:  307 11:00:30 -1312127.500000        0.312867
FIRE:  308 11:00:30 -1312127.625000        0.325986
FIRE:  309 11:00:30 -1312127.500000        0.186955
FIRE:  310 11:00:30 -1312127.500000        0.471551
FIRE:  311 11:00:30 -1312127.625000        0.229242
FIRE:  312 11:00:31 -1312127.625000        0.185715
FIRE:  313 11:00:31 -1312130.125000        0.170483
FIRE:  314 11:00:31 -1312130.125000        0.445378
FIRE:  315 11:00:31 -1312130.250000        0.286612
FIRE:  316 11:00:31 -1312132.125000        0.203849
FIRE:  317 11:00:31 -1312132.375000        1.194974
FIRE:  318 11:00:31 -1312130.250000        0.617811
FIRE:  319 11:00:31 -1312130.250000        0.570806
FIRE:  320 11:00:31 -1312130.250000        0.302315
FIRE:  321 11:00:31 -1312127.750000        0.450624
FIRE:  322 11:00:31 -1312127.875000        0.350371
FIRE:  323 11:00:31 -1312129.125000        0.420225
FIRE:  324 11:00:31 -1312129.125000        0.881476
FIRE:  325 11:00:31 -1312130.500000        2.671339
FIRE:  326 11:00:32 -1312131.375000        0.190610
FIRE:  327 11:00:32 -1312131.375000        0.154735
FIRE:  328 11:00:32 -1312130.750000        0.155133
FIRE:  329 11:00:32 -1312130.625000        0.182654
FIRE:  330 11:00:32 -1312131.375000        0.156373
FIRE:  331 11:00:32 -1312129.250000        0.156981
FIRE:  332 11:00:32 -1312128.000000        0.157540
FIRE:  333 11:00:32 -1312128.000000        0.241583
FIRE:  334 11:00:32 -1312128.000000        0.158698
FIRE:  335 11:00:32 -1312128.000000        0.159218
FIRE:  336 11:00:32 -1312128.000000        0.159525
FIRE:  337 11:00:32 -1312128.000000        0.159605
FIRE:  338 11:00:32 -1312128.000000        0.159548
FIRE:  339 11:00:32 -1312128.000000        0.159361
FIRE:  340 11:00:33 -1312128.000000        0.159089
FIRE:  341 11:00:33 -1312130.750000        0.158828
FIRE:  342 11:00:33 -1312130.750000        0.581791
FIRE:  343 11:00:33 -1312129.500000        0.751361
FIRE:  344 11:00:33 -1312130.750000        0.435287
FIRE:  345 11:00:33 -1312129.375000        0.551624
FIRE:  346 11:00:33 -1312129.375000        0.579818
FIRE:  347 11:00:33 -1312129.500000        1.563064
FIRE:  348 11:00:33 -1312129.500000        0.299490
FIRE:  349 11:00:33 -1312129.500000        1.501283
FIRE:  350 11:00:33 -1312129.500000        1.059531
FIRE:  351 11:00:33 -1312129.500000        0.361843
FIRE:  352 11:00:33 -1312129.500000        0.434920
FIRE:  353 11:00:33 -1312129.500000        0.409153
FIRE:  354 11:00:33 -1312129.500000        0.359199
FIRE:  355 11:00:34 -1312129.500000        0.288378
FIRE:  356 11:00:34 -1312129.500000        0.201863
FIRE:  357 11:00:34 -1312129.500000        0.164867
FIRE:  358 11:00:34 -1312129.500000        0.164903
FIRE:  359 11:00:34 -1312129.500000        0.164950
FIRE:  360 11:00:34 -1312129.500000        0.295210
FIRE:  361 11:00:34 -1312129.500000        1.037767
FIRE:  362 11:00:34 -1312129.500000        0.174734
FIRE:  363 11:00:34 -1312129.500000        0.251209
FIRE:  364 11:00:34 -1312129.500000        0.304015
FIRE:  365 11:00:34 -1312129.500000        0.336267
FIRE:  366 11:00:34 -1312129.500000        0.311247
FIRE:  367 11:00:34 -1312129.500000        0.238130
FIRE:  368 11:00:34 -1312129.500000        0.277948
FIRE:  369 11:00:35 -1312129.500000        1.068466
FIRE:  370 11:00:35 -1312129.500000        0.229512
FIRE:  371 11:00:35 -1312129.500000        0.484866
FIRE:  372 11:00:35 -1312129.500000        0.344852
FIRE:  373 11:00:35 -1312128.250000        0.361004
FIRE:  374 11:00:35 -1312129.500000        0.367923
FIRE:  375 11:00:35 -1312129.625000        0.421181
FIRE:  376 11:00:35 -1312130.750000        0.306444
FIRE:  377 11:00:35 -1312128.375000        0.236688
FIRE:  378 11:00:35 -1312129.625000        0.413461
FIRE:  379 11:00:35 -1312131.125000        0.738192
FIRE:  380 11:00:35 -1312129.750000        1.542876
FIRE:  381 11:00:35 -1312129.750000        0.839716
FIRE:  382 11:00:35 -1312129.750000        0.187056
FIRE:  383 11:00:35 -1312131.375000        0.310652
FIRE:  384 11:00:36 -1312129.750000        0.305890
FIRE:  385 11:00:36 -1312129.750000        0.263054
FIRE:  386 11:00:36 -1312129.750000        0.165546
FIRE:  387 11:00:36 -1312129.750000        0.482630
FIRE:  388 11:00:36 -1312129.750000        0.336451
FIRE:  389 11:00:36 -1312129.750000        0.165335
FIRE:  390 11:00:36 -1312129.750000        0.240677
FIRE:  391 11:00:36 -1312129.750000        0.226105
FIRE:  392 11:00:36 -1312131.500000        0.304735
FIRE:  393 11:00:36 -1312129.750000        0.165370
FIRE:  394 11:00:36 -1312129.750000        0.164417
FIRE:  395 11:00:36 -1312129.750000        0.277219
FIRE:  396 11:00:36 -1312129.750000        0.290319
FIRE:  397 11:00:36 -1312129.750000        0.153926
FIRE:  398 11:00:37 -1312129.875000        1.020793
FIRE:  399 11:00:37 -1312129.875000        0.816646
FIRE:  400 11:00:37 -1312129.875000        0.558601
FIRE:  401 11:00:37 -1312129.875000        0.362134
FIRE:  402 11:00:37 -1312129.875000        0.408581
FIRE:  403 11:00:37 -1312130.000000        0.685304
FIRE:  404 11:00:37 -1312130.000000        2.310388
FIRE:  405 11:00:37 -1312130.000000        0.260300
FIRE:  406 11:00:37 -1312130.000000        0.189334
FIRE:  407 11:00:37 -1312130.000000        0.148311
FIRE:  408 11:00:37 -1312130.000000        0.136121
FIRE:  409 11:00:37 -1312130.000000        0.164015
FIRE:  410 11:00:37 -1312130.000000        0.172951
FIRE:  411 11:00:37 -1312130.000000        0.143498
FIRE:  412 11:00:38 -1312130.000000        0.168266
FIRE:  413 11:00:38 -1312130.000000        0.173083
FIRE:  414 11:00:38 -1312131.500000        0.156135
FIRE:  415 11:00:38 -1312131.625000        0.137452
FIRE:  416 11:00:38 -1312131.375000        0.635860
FIRE:  417 11:00:38 -1312131.375000        0.592656
FIRE:  418 11:00:38 -1312131.500000        0.599657
FIRE:  419 11:00:38 -1312131.625000        0.473413
FIRE:  420 11:00:38 -1312132.000000        0.332291
FIRE:  421 11:00:38 -1312132.000000        0.441881
FIRE:  422 11:00:38 -1312132.250000        0.213097
FIRE:  423 11:00:38 -1312132.250000        0.330872
FIRE:  424 11:00:38 -1312131.750000        0.514311
FIRE:  425 11:00:38 -1312131.875000        1.285437
FIRE:  426 11:00:38 -1312131.875000        3.224943
FIRE:  427 11:00:39 -1312132.250000        0.197522
FIRE:  428 11:00:39 -1312132.375000        3.549536
FIRE:  429 11:00:39 -1312132.125000        2.398417
FIRE:  430 11:00:39 -1312132.250000        0.632224
FIRE:  431 11:00:39 -1312131.625000        1.084791
FIRE:  432 11:00:39 -1312132.375000        1.017432
FIRE:  433 11:00:39 -1312131.625000        0.886218
FIRE:  434 11:00:39 -1312131.875000        0.697923
FIRE:  435 11:00:39 -1312131.625000        0.463847
FIRE:  436 11:00:39 -1312131.625000        0.200899
FIRE:  437 11:00:39 -1312132.125000        0.153798
FIRE:  438 11:00:39 -1312131.750000        0.306444
FIRE:  439 11:00:39 -1312132.500000        0.493286
FIRE:  440 11:00:39 -1312131.750000        0.600093
FIRE:  441 11:00:40 -1312132.000000        0.597331
FIRE:  442 11:00:40 -1312131.750000        0.466055
FIRE:  443 11:00:40 -1312132.000000        0.210673
FIRE:  444 11:00:40 -1312131.875000        0.155026
FIRE:  445 11:00:40 -1312131.875000        0.399092
FIRE:  446 11:00:40 -1312131.875000        0.493176
FIRE:  447 11:00:40 -1312132.500000        0.333111
FIRE:  448 11:00:40 -1312132.500000        0.157309
FIRE:  449 11:00:40 -1312132.000000        0.373804
FIRE:  450 11:00:40 -1312132.500000        0.292858
FIRE:  451 11:00:40 -1312131.875000        0.179392
FIRE:  452 11:00:40 -1312132.000000        0.386545
FIRE:  453 11:00:40 -1312132.500000        0.179771
FIRE:  454 11:00:40 -1312132.125000        0.651444
FIRE:  455 11:00:40 -1312131.875000        0.694487
FIRE:  456 11:00:41 -1312132.000000        0.468900
FIRE:  457 11:00:41 -1312132.250000        0.448882
FIRE:  458 11:00:41 -1312132.000000        1.072880
FIRE:  459 11:00:41 -1312132.000000        2.183354
FIRE:  460 11:00:41 -1312132.375000        0.243071
FIRE:  461 11:00:41 -1312132.125000        1.760048
FIRE:  462 11:00:41 -1312132.750000        1.402867
FIRE:  463 11:00:41 -1312132.750000        0.741591
FIRE:  464 11:00:41 -1312132.125000        0.241351
FIRE:  465 11:00:41 -1312132.750000        0.853786
FIRE:  466 11:00:41 -1312132.250000        0.800470
FIRE:  467 11:00:41 -1312132.750000        0.697801
FIRE:  468 11:00:41 -1312132.250000        0.553319
FIRE:  469 11:00:41 -1312132.125000        0.377984
FIRE:  470 11:00:42 -1312132.625000        0.243266
FIRE:  471 11:00:42 -1312134.500000        0.243552
FIRE:  472 11:00:42 -1312134.125000        0.243934
FIRE:  473 11:00:42 -1312134.250000        0.331174
FIRE:  474 11:00:42 -1312134.750000        0.434174
FIRE:  475 11:00:42 -1312134.250000        0.471024
FIRE:  476 11:00:42 -1312134.375000        0.424383
FIRE:  477 11:00:42 -1312134.250000        0.285758
FIRE:  478 11:00:42 -1312134.375000        0.250290
FIRE:  479 11:00:42 -1312134.250000        0.252344
FIRE:  480 11:00:42 -1312134.500000        0.323458
FIRE:  481 11:00:42 -1312134.500000        0.293990
FIRE:  482 11:00:42 -1312134.625000        0.260447
FIRE:  483 11:00:42 -1312134.500000        0.263994
FIRE:  484 11:00:42 -1312134.625000        0.317963
FIRE:  485 11:00:43 -1312134.750000        0.272713
FIRE:  486 11:00:43 -1312134.875000        0.277294
FIRE:  487 11:00:43 -1312134.625000        0.281058
FIRE:  488 11:00:43 -1312134.625000        0.640383
FIRE:  489 11:00:43 -1312134.500000        0.702834
FIRE:  490 11:00:43 -1312135.125000        0.643094
FIRE:  491 11:00:43 -1312131.000000        0.318085
FIRE:  492 11:00:43 -1312131.000000        0.577947
FIRE:  493 11:00:43 -1312134.750000        1.311264
FIRE:  494 11:00:43 -1312134.750000        2.862545
FIRE:  495 11:00:43 -1312134.875000        0.463705
FIRE:  496 11:00:43 -1312132.875000        2.789251
FIRE:  497 11:00:43 -1312134.750000        2.008639
FIRE:  498 11:00:43 -1312134.750000        0.748501
FIRE:  499 11:00:43 -1312134.875000        0.572345
FIRE:  500 11:00:43 -1312134.500000        0.540509
FIRE:  501 11:00:44 -1312134.375000        0.478625
FIRE:  502 11:00:44 -1312134.625000        0.390165
FIRE:  503 11:00:44 -1312134.500000        0.280948
FIRE:  504 11:00:44 -1312134.875000        0.177491
FIRE:  505 11:00:44 -1312135.000000        0.177605
FIRE:  506 11:00:44 -1312135.375000        0.177734
FIRE:  507 11:00:44 -1312134.875000        0.196884
FIRE:  508 11:00:44 -1312135.000000        0.256530
FIRE:  509 11:00:44 -1312135.000000        0.279085
FIRE:  510 11:00:44 -1312135.000000        0.246439
FIRE:  511 11:00:44 -1312134.875000        0.178520
FIRE:  512 11:00:44 -1312132.750000        0.178579
FIRE:  513 11:00:44 -1312134.500000        0.178529
FIRE:  514 11:00:44 -1312132.875000        0.254113
FIRE:  515 11:00:44 -1312135.125000        0.203641
FIRE:  516 11:00:44 -1312135.375000        1.786593
FIRE:  517 11:00:44 -1312135.000000        0.457753
FIRE:  518 11:00:45 -1312135.625000        0.316570
FIRE:  519 11:00:45 -1312135.375000        0.229997
FIRE:  520 11:00:45 -1312131.375000        0.204380
FIRE:  521 11:00:45 -1312131.375000        0.189868
FIRE:  522 11:00:45 -1312131.375000        0.259844
FIRE:  523 11:00:45 -1312135.500000        0.181336
FIRE:  524 11:00:45 -1312131.500000        0.282623
FIRE:  525 11:00:45 -1312131.500000        0.264624
FIRE:  526 11:00:45 -1312131.625000        0.465538
FIRE:  527 11:00:45 -1312131.625000        1.031438
FIRE:  528 11:00:45 -1312131.625000        2.604996
FIRE:  529 11:00:45 -1312131.750000        0.304938
FIRE:  530 11:00:45 -1312131.750000        2.600848
FIRE:  531 11:00:45 -1312131.750000        1.853877
FIRE:  532 11:00:45 -1312131.750000        0.650154
FIRE:  533 11:00:45 -1312131.750000        0.604988
FIRE:  534 11:00:45 -1312131.750000        0.569975
FIRE:  535 11:00:46 -1312131.750000        0.501702
FIRE:  536 11:00:46 -1312131.750000        0.404193
FIRE:  537 11:00:46 -1312131.750000        0.283907
FIRE:  538 11:00:46 -1312131.750000        0.149480
FIRE:  539 11:00:46 -1312131.750000        0.128895
FIRE:  540 11:00:46 -1312131.750000        0.128814
FIRE:  541 11:00:46 -1312131.750000        0.217386
FIRE:  542 11:00:46 -1312131.750000        0.287855
FIRE:  543 11:00:46 -1312131.750000        0.303501
FIRE:  544 11:00:46 -1312131.750000        0.250275
FIRE:  545 11:00:46 -1312131.750000        0.142507
FIRE:  546 11:00:46 -1312131.750000        0.127023
FIRE:  547 11:00:46 -1312131.750000        0.201499
FIRE:  548 11:00:46 -1312131.750000        0.270478
FIRE:  549 11:00:46 -1312131.750000        0.198496
FIRE:  550 11:00:46 -1312132.000000        0.124477
FIRE:  551 11:00:46 -1312131.750000        0.190528
FIRE:  552 11:00:47 -1312131.750000        0.164010
FIRE:  553 11:00:47 -1312131.750000        0.120842
FIRE:  554 11:00:47 -1312131.875000        0.220852
FIRE:  555 11:00:47 -1312131.875000        0.117028
FIRE:  556 11:00:47 -1312131.875000        0.183287
FIRE:  557 11:00:47 -1312131.875000        0.187137
FIRE:  558 11:00:47 -1312131.875000        0.108184
FIRE:  559 11:00:47 -1312132.000000        0.135447
FIRE:  560 11:00:47 -1312132.000000        0.411027
FIRE:  561 11:00:47 -1312130.750000        1.078265
FIRE:  562 11:00:47 -1312130.875000        2.752908
FIRE:  563 11:00:47 -1312130.875000        0.265680
FIRE:  564 11:00:47 -1312130.875000        2.889999
FIRE:  565 11:00:47 -1312130.875000        2.022337
FIRE:  566 11:00:47 -1312130.875000        0.647020
FIRE:  567 11:00:47 -1312130.875000        0.752725
FIRE:  568 11:00:47 -1312130.875000        0.708130
FIRE:  569 11:00:48 -1312130.875000        0.621045
FIRE:  570 11:00:48 -1312130.875000        0.496583
FIRE:  571 11:00:48 -1312130.875000        0.342205
FIRE:  572 11:00:48 -1312130.875000        0.168983
FIRE:  573 11:00:48 -1312130.875000        0.085879
FIRE:  574 11:00:48 -1312130.875000        0.164738
FIRE:  575 11:00:48 -1312130.875000        0.296702
FIRE:  576 11:00:48 -1312130.875000        0.379301
FIRE:  577 11:00:48 -1312130.875000        0.391101
FIRE:  578 11:00:48 -1312130.875000        0.317002
FIRE:  579 11:00:48 -1312130.875000        0.169149
FIRE:  580 11:00:48 -1312130.875000        0.085262
FIRE:  581 11:00:48 -1312130.875000        0.257753
FIRE:  582 11:00:48 -1312130.875000        0.339311
FIRE:  583 11:00:48 -1312130.875000        0.246802
FIRE:  584 11:00:49 -1312130.875000        0.084202
FIRE:  585 11:00:49 -1312130.875000        0.237921
FIRE:  586 11:00:49 -1312130.875000        0.207978
FIRE:  587 11:00:49 -1312132.250000        0.107796
FIRE:  588 11:00:49 -1312132.250000        0.275717
FIRE:  589 11:00:49 -1312132.250000        0.080233
FIRE:  590 11:00:49 -1312132.250000        0.233495
FIRE:  591 11:00:49 -1312132.250000        0.210921
FIRE:  592 11:00:49 -1312132.250000        0.075348
FIRE:  593 11:00:49 -1312132.375000        0.210165
FIRE:  594 11:00:49 -1312132.375000        0.598384
FIRE:  595 11:00:49 -1312132.375000        1.412102
FIRE:  596 11:00:49 -1312132.375000        3.365502
FIRE:  597 11:00:49 -1312132.500000        0.286153
FIRE:  598 11:00:49 -1312134.500000        3.771899
FIRE:  599 11:00:49 -1312132.500000        2.553905
FIRE:  600 11:00:49 -1312132.500000        0.689551
FIRE:  601 11:00:49 -1312132.500000        1.115936
FIRE:  602 11:00:50 -1312132.500000        1.048463
FIRE:  603 11:00:50 -1312132.500000        0.916801
FIRE:  604 11:00:50 -1312132.500000        0.727625
FIRE:  605 11:00:50 -1312132.500000        0.491569
FIRE:  606 11:00:50 -1312132.500000        0.224028
FIRE:  607 11:00:50 -1312132.500000        0.080620
FIRE:  608 11:00:50 -1312132.500000        0.292780
FIRE:  609 11:00:50 -1312132.500000        0.488573
FIRE:  610 11:00:50 -1312132.500000        0.604781
FIRE:  611 11:00:50 -1312132.500000        0.612464
FIRE:  612 11:00:50 -1312132.500000        0.491401
FIRE:  613 11:00:50 -1312132.500000        0.245211
FIRE:  614 11:00:50 -1312132.500000        0.091179
FIRE:  615 11:00:50 -1312132.500000        0.385664
FIRE:  616 11:00:50 -1312132.500000        0.507360
FIRE:  617 11:00:50 -1312132.500000        0.377888
FIRE:  618 11:00:51 -1312132.500000        0.081590
FIRE:  619 11:00:51 -1312132.500000        0.355874
FIRE:  620 11:00:51 -1312132.500000        0.341544
FIRE:  621 11:00:51 -1312132.500000        0.107923
FIRE:  622 11:00:51 -1312132.625000        0.406665
FIRE:  623 11:00:51 -1312132.625000        0.083494
FIRE:  624 11:00:51 -1312132.750000        0.390599
FIRE:  625 11:00:51 -1312132.625000        0.198832
FIRE:  626 11:00:51 -1312132.625000        0.191077
FIRE:  627 11:00:51 -1312132.750000        0.509206
FIRE:  628 11:00:51 -1312132.750000        0.959616
FIRE:  629 11:00:51 -1312132.750000        1.828282
FIRE:  630 11:00:51 -1312132.750000        0.110633
FIRE:  631 11:00:51 -1312132.750000        1.466164
FIRE:  632 11:00:52 -1312132.750000        1.169239
FIRE:  633 11:00:52 -1312132.750000        0.621716
FIRE:  634 11:00:52 -1312132.750000        0.108191
FIRE:  635 11:00:52 -1312132.750000        0.693127
FIRE:  636 11:00:52 -1312132.750000        0.651337
FIRE:  637 11:00:52 -1312132.750000        0.570531
FIRE:  638 11:00:52 -1312132.750000        0.456373
FIRE:  639 11:00:52 -1312132.875000        0.316829
FIRE:  640 11:00:52 -1312132.750000        0.167690
FIRE:  641 11:00:52 -1312132.750000        0.106720
FIRE:  642 11:00:52 -1312132.750000        0.134303
FIRE:  643 11:00:52 -1312132.750000        0.258114
FIRE:  644 11:00:52 -1312132.750000        0.346392
FIRE:  645 11:00:52 -1312132.750000        0.382428
FIRE:  646 11:00:53 -1312132.750000        0.352093
FIRE:  647 11:00:53 -1312133.125000        0.247428
FIRE:  648 11:00:53 -1312132.875000        0.105389
FIRE:  649 11:00:53 -1312132.875000        0.136946
FIRE:  650 11:00:53 -1312132.875000        0.251168
FIRE:  651 11:00:53 -1312132.875000        0.244630
FIRE:  652 11:00:53 -1312132.750000        0.109632
FIRE:  653 11:00:53 -1312132.875000        0.169230
FIRE:  654 11:00:53 -1312132.875000        0.269562
FIRE:  655 11:00:53 -1312132.875000        0.108352
FIRE:  656 11:00:53 -1312132.875000        0.192585
FIRE:  657 11:00:53 -1312132.875000        0.151620
FIRE:  658 11:00:53 -1312132.875000        0.223311
FIRE:  659 11:00:53 -1312132.875000        0.114599
FIRE:  660 11:00:54 -1312133.000000        0.270187
FIRE:  661 11:00:54 -1312136.625000        0.318721
FIRE:  662 11:00:54 -1312136.625000        0.282837
FIRE:  663 11:00:54 -1312137.250000        0.552760
FIRE:  664 11:00:54 -1312131.875000        1.478510
FIRE:  665 11:00:54 -1312131.875000        3.996697
FIRE:  666 11:00:54 -1312132.000000        0.153564
FIRE:  667 11:00:54 -1312131.875000        4.775679
FIRE:  668 11:00:54 -1312132.000000        3.059771
FIRE:  669 11:00:54 -1312132.000000        0.564446
FIRE:  670 11:00:54 -1312132.000000        1.675064
FIRE:  671 11:00:54 -1312132.000000        1.569976
FIRE:  672 11:00:54 -1312132.000000        1.364359
FIRE:  673 11:00:55 -1312132.000000        1.067823
FIRE:  674 11:00:55 -1312132.000000        0.695327
FIRE:  675 11:00:55 -1312132.000000        0.270101
FIRE:  676 11:00:55 -1312132.000000        0.168510
FIRE:  677 11:00:55 -1312132.000000        0.542164
FIRE:  678 11:00:55 -1312132.000000        0.532244
FIRE:  679 11:00:55 -1312132.000000        0.512296
FIRE:  680 11:00:55 -1312132.000000        0.483055
FIRE:  681 11:00:55 -1312132.000000        0.445104
FIRE:  682 11:00:55 -1312132.000000        0.399254
FIRE:  683 11:00:55 -1312132.000000        0.346707
FIRE:  684 11:00:55 -1312132.000000        0.288624
FIRE:  685 11:00:55 -1312132.000000        0.220056
FIRE:  686 11:00:55 -1312132.000000        0.141514
FIRE:  687 11:00:56 -1312132.000000        0.133005
FIRE:  688 11:00:56 -1312132.000000        0.132985
FIRE:  689 11:00:56 -1312132.000000        0.132950
FIRE:  690 11:00:56 -1312132.000000        0.197911
FIRE:  691 11:00:56 -1312132.000000        0.250292
FIRE:  692 11:00:56 -1312132.000000        0.270072
FIRE:  693 11:00:56 -1312132.000000        0.248230
FIRE:  694 11:00:56 -1312132.000000        0.180055
FIRE:  695 11:00:56 -1312132.000000        0.132142
FIRE:  696 11:00:56 -1312132.000000        0.131901
FIRE:  697 11:00:56 -1312132.000000        0.176304
FIRE:  698 11:00:56 -1312132.000000        0.195671
FIRE:  699 11:00:56 -1312132.000000        0.131854
FIRE:  700 11:00:56 -1312132.000000        0.132146
FIRE:  701 11:00:57 -1312132.000000        0.190088
FIRE:  702 11:00:57 -1312132.125000        0.157450
FIRE:  703 11:00:57 -1312132.125000        0.130702
FIRE:  704 11:00:57 -1312132.125000        0.164810
FIRE:  705 11:00:57 -1312132.125000        0.128482
FIRE:  706 11:00:57 -1312132.125000        0.187135
FIRE:  707 11:00:57 -1312132.125000        0.121970
FIRE:  708 11:00:57 -1312132.125000        0.121216
FIRE:  709 11:00:57 -1312132.250000        0.250572
FIRE:  710 11:00:57 -1312133.500000        0.332654
FIRE:  711 11:00:57 -1312133.625000        0.728102
FIRE:  712 11:00:57 -1312133.750000        1.833488
FIRE:  713 11:00:57 -1312133.625000        4.522254
FIRE:  714 11:00:58 -1312133.750000        0.349276
FIRE:  715 11:00:58 -1312133.625000        5.634639
FIRE:  716 11:00:58 -1312133.750000        3.577952
FIRE:  717 11:00:58 -1312133.750000        0.649141
FIRE:  718 11:00:58 -1312134.000000        1.928018
FIRE:  719 11:00:58 -1312133.750000        1.810488
FIRE:  720 11:00:58 -1312133.750000        1.580085
FIRE:  721 11:00:58 -1312133.750000        1.246283
FIRE:  722 11:00:58 -1312133.875000        0.824480
FIRE:  723 11:00:58 -1312133.750000        0.338178
FIRE:  724 11:00:58 -1312133.750000        0.175341
FIRE:  725 11:00:58 -1312133.750000        0.172517
FIRE:  726 11:00:58 -1312133.750000        0.166581
FIRE:  727 11:00:58 -1312133.750000        0.158270
FIRE:  728 11:00:59 -1312133.750000        0.158238
FIRE:  729 11:00:59 -1312133.750000        0.158188
FIRE:  730 11:00:59 -1312133.750000        0.158141
FIRE:  731 11:00:59 -1312133.875000        0.158086
FIRE:  732 11:00:59 -1312133.750000        0.158005
FIRE:  733 11:00:59 -1312133.750000        0.157910
FIRE:  734 11:00:59 -1312133.750000        0.157787
FIRE:  735 11:00:59 -1312133.750000        0.157628
FIRE:  736 11:00:59 -1312133.750000        0.157435
FIRE:  737 11:00:59 -1312133.875000        0.157186
FIRE:  738 11:00:59 -1312133.750000        0.156885
FIRE:  739 11:00:59 -1312133.750000        0.156507
FIRE:  740 11:00:59 -1312133.750000        0.156052
FIRE:  741 11:00:59 -1312133.750000        0.155502
FIRE:  742 11:01:00 -1312133.750000        0.154833
FIRE:  743 11:01:00 -1312133.750000        0.154065
FIRE:  744 11:01:00 -1312133.750000        0.153185
FIRE:  745 11:01:00 -1312133.750000        0.152177
FIRE:  746 11:01:00 -1312133.750000        0.151036
FIRE:  747 11:01:00 -1312133.875000        0.149722
FIRE:  748 11:01:00 -1312133.875000        0.148123
FIRE:  749 11:01:00 -1312133.875000        0.146106
FIRE:  750 11:01:00 -1312134.000000        0.143446
FIRE:  751 11:01:00 -1312133.875000        0.139918
FIRE:  752 11:01:00 -1312133.875000        0.135105
FIRE:  753 11:01:00 -1312133.875000        0.128346
FIRE:  754 11:01:00 -1312133.875000        0.119049
FIRE:  755 11:01:00 -1312134.000000        0.107359
FIRE:  756 11:01:00 -1312134.000000        0.102195
FIRE:  757 11:01:01 -1312134.000000        0.131259
FIRE:  758 11:01:01 -1312134.250000        0.383606
FIRE:  759 11:01:01 -1312134.125000        1.190154
FIRE:  760 11:01:01 -1312134.125000        3.329129
FIRE:  761 11:01:01 -1312134.125000        0.130648
FIRE:  762 11:01:01 -1312134.125000        3.757467
FIRE:  763 11:01:01 -1312134.125000        2.503593
FIRE:  764 11:01:01 -1312134.125000        0.599268
FIRE:  765 11:01:01 -1312134.125000        1.222366
FIRE:  766 11:01:01 -1312134.125000        1.145824
FIRE:  767 11:01:01 -1312134.250000        0.996468
FIRE:  768 11:01:01 -1312134.125000        0.781941
FIRE:  769 11:01:01 -1312134.250000        0.514082
FIRE:  770 11:01:01 -1312134.250000        0.210532
FIRE:  771 11:01:02 -1312134.250000        0.100980
FIRE:  772 11:01:02 -1312134.250000        0.367641
FIRE:  773 11:01:02 -1312134.375000        0.361097
FIRE:  774 11:01:02 -1312134.250000        0.348046
FIRE:  775 11:01:02 -1312134.250000        0.328852
FIRE:  776 11:01:02 -1312134.250000        0.303922
FIRE:  777 11:01:02 -1312134.250000        0.273821
FIRE:  778 11:01:02 -1312134.250000        0.239122
FIRE:  779 11:01:02 -1312134.250000        0.200793
FIRE:  780 11:01:02 -1312134.250000        0.155232
FIRE:  781 11:01:02 -1312134.250000        0.102891
FIRE:  782 11:01:02 -1312134.250000        0.097088
FIRE:  783 11:01:02 -1312134.250000        0.097090
FIRE:  784 11:01:02 -1312134.250000        0.097096
FIRE:  785 11:01:03 -1312134.250000        0.130408
FIRE:  786 11:01:03 -1312134.250000        0.169284
FIRE:  787 11:01:03 -1312134.250000        0.186753
FIRE:  788 11:01:03 -1312134.250000        0.176188
FIRE:  789 11:01:03 -1312134.250000        0.133820
FIRE:  790 11:01:03 -1312134.250000        0.097006
FIRE:  791 11:01:03 -1312134.250000        0.096967
FIRE:  792 11:01:03 -1312134.250000        0.113637
FIRE:  793 11:01:03 -1312134.500000        0.134531
FIRE:  794 11:01:03 -1312134.250000        0.096928
FIRE:  795 11:01:03 -1312134.375000        0.096965
FIRE:  796 11:01:03 -1312134.250000        0.126200
FIRE:  797 11:01:03 -1312134.250000        0.119646
FIRE:  798 11:01:03 -1312134.125000        0.097121
FIRE:  799 11:01:04 -1312134.250000        0.112100
FIRE:  800 11:01:04 -1312134.250000        0.097601
FIRE:  801 11:01:04 -1312134.250000        0.129980
FIRE:  802 11:01:04 -1312134.250000        0.099128
FIRE:  803 11:01:04 -1312134.375000        0.104596
FIRE:  804 11:01:04 -1312138.500000        0.175459
FIRE:  805 11:01:04 -1312134.375000        0.201722
FIRE:  806 11:01:04 -1312134.375000        0.430226
FIRE:  807 11:01:04 -1312138.625000        1.040857
FIRE:  808 11:01:04 -1312134.500000        2.680556
FIRE:  809 11:01:04 -1312134.500000        0.112962
FIRE:  810 11:01:04 -1312134.625000        0.098877
FIRE:  811 11:01:04 -1312134.500000        0.098871
FIRE:  812 11:01:04 -1312134.500000        0.098830
FIRE:  813 11:01:04 -1312134.500000        0.098742
FIRE:  814 11:01:05 -1312134.500000        0.098601
FIRE:  815 11:01:05 -1312134.500000        0.098394
FIRE:  816 11:01:05 -1312134.500000        0.098152
FIRE:  817 11:01:05 -1312134.500000        0.097881
FIRE:  818 11:01:05 -1312134.500000        0.097634
FIRE:  819 11:01:05 -1312134.500000        0.097459
FIRE:  820 11:01:05 -1312134.500000        0.097372
FIRE:  821 11:01:05 -1312134.500000        0.097280
FIRE:  822 11:01:05 -1312138.750000        0.097072
FIRE:  823 11:01:05 -1312138.250000        0.096794
FIRE:  824 11:01:05 -1312134.625000        0.096641
FIRE:  825 11:01:05 -1312134.625000        0.096586
FIRE:  826 11:01:05 -1312134.625000        0.096344
FIRE:  827 11:01:05 -1312138.500000        0.121644
FIRE:  828 11:01:06 -1312134.625000        0.197638
FIRE:  829 11:01:06 -1312138.500000        0.618741
FIRE:  830 11:01:06 -1312138.875000        1.856839
FIRE:  831 11:01:06 -1312139.000000        0.165021
FIRE:  832 11:01:06 -1312138.125000        0.128748
FIRE:  833 11:01:06 -1312138.375000        0.096961
FIRE:  834 11:01:06 -1312138.625000        0.096950
FIRE:  835 11:01:06 -1312138.500000        0.096937
FIRE:  836 11:01:06 -1312139.250000        0.110979
FIRE:  837 11:01:06 -1312138.500000        0.096948
FIRE:  838 11:01:06 -1312138.875000        0.096974
FIRE:  839 11:01:06 -1312138.375000        0.097021
FIRE:  840 11:01:06 -1312138.875000        0.102449
FIRE:  841 11:01:06 -1312138.250000        0.097223
FIRE:  842 11:01:07 -1312138.250000        0.097369
FIRE:  843 11:01:07 -1312139.000000        0.097537
FIRE:  844 11:01:07 -1312138.500000        0.097728
FIRE:  845 11:01:07 -1312138.500000        0.097939
FIRE:  846 11:01:07 -1312138.500000        0.098165
FIRE:  847 11:01:07 -1312139.000000        0.098412
FIRE:  848 11:01:07 -1312139.000000        0.100627
FIRE:  849 11:01:07 -1312134.875000        0.104764
FIRE:  850 11:01:07 -1312139.000000        0.110223
FIRE:  851 11:01:07 -1312139.375000        0.215869
FIRE:  852 11:01:07 -1312139.000000        0.716698
FIRE:  853 11:01:07 -1312138.750000        2.442957
FIRE:  854 11:01:07 -1312138.625000        0.139589
FIRE:  855 11:01:07 -1312138.625000        0.139822
FIRE:  856 11:01:08 -1312139.000000        0.140285
FIRE:  857 11:01:08 -1312138.250000        0.140950
FIRE:  858 11:01:08 -1312138.875000        0.141807
FIRE:  859 11:01:08 -1312138.750000        0.142834
FIRE:  860 11:01:08 -1312138.750000        0.144022
FIRE:  861 11:01:08 -1312138.500000        0.145387
FIRE:  862 11:01:08 -1312138.625000        0.147116
FIRE:  863 11:01:08 -1312139.000000        0.149325
FIRE:  864 11:01:08 -1312138.750000        0.152183
FIRE:  865 11:01:08 -1312139.125000        0.155898
FIRE:  866 11:01:08 -1312139.250000        0.160781
FIRE:  867 11:01:08 -1312139.250000        0.167332
FIRE:  868 11:01:08 -1312139.250000        0.175909
FIRE:  869 11:01:08 -1312139.250000        0.182836
FIRE:  870 11:01:09 -1312139.125000        0.175245
FIRE:  871 11:01:09 -1312139.000000        0.169026
FIRE:  872 11:01:09 -1312138.875000        0.174302
FIRE:  873 11:01:09 -1312139.875000        0.185752
FIRE:  874 11:01:09 -1312139.500000        0.237898
FIRE:  875 11:01:09 -1312139.625000        0.992738
FIRE:  876 11:01:09 -1312139.000000        3.321239
FIRE:  877 11:01:09 -1312139.375000        0.277104
FIRE:  878 11:01:09 -1312139.125000        0.262998
FIRE:  879 11:01:09 -1312139.500000        0.262256
FIRE:  880 11:01:09 -1312139.500000        0.261163
FIRE:  881 11:01:09 -1312139.000000        0.259777
FIRE:  882 11:01:09 -1312139.500000        0.258203
FIRE:  883 11:01:09 -1312139.250000        0.256574
FIRE:  884 11:01:09 -1312139.125000        0.254980
FIRE:  885 11:01:10 -1312139.000000        0.253377
FIRE:  886 11:01:10 -1312139.125000        0.251834
FIRE:  887 11:01:10 -1312139.625000        0.250354
FIRE:  888 11:01:10 -1312139.750000        0.248779
FIRE:  889 11:01:10 -1312139.625000        0.246860
FIRE:  890 11:01:10 -1312139.500000        0.244398
FIRE:  891 11:01:10 -1312139.500000        0.241590
FIRE:  892 11:01:10 -1312139.500000        0.238829
FIRE:  893 11:01:10 -1312139.500000        0.235609
FIRE:  894 11:01:10 -1312139.375000        0.230343
FIRE:  895 11:01:10 -1312139.750000        0.327581
FIRE:  896 11:01:10 -1312139.750000        0.627083
FIRE:  897 11:01:10 -1312134.375000        1.410030
FIRE:  898 11:01:10 -1312134.500000        0.219913
FIRE:  899 11:01:11 -1312134.500000        1.219905
FIRE:  900 11:01:11 -1312134.500000        0.921796
FIRE:  901 11:01:11 -1312134.500000        0.411098
FIRE:  902 11:01:11 -1312134.500000        0.175586
FIRE:  903 11:01:11 -1312134.500000        0.166754
FIRE:  904 11:01:11 -1312134.500000        0.160634
FIRE:  905 11:01:11 -1312134.375000        0.160310
FIRE:  906 11:01:11 -1312134.500000        0.159890
FIRE:  907 11:01:11 -1312134.375000        0.159375
FIRE:  908 11:01:11 -1312134.500000        0.158750
FIRE:  909 11:01:11 -1312134.500000        0.158046
FIRE:  910 11:01:11 -1312134.500000        0.157152
FIRE:  911 11:01:11 -1312134.500000        0.156048
FIRE:  912 11:01:11 -1312134.500000        0.154695
FIRE:  913 11:01:12 -1312134.375000        0.153054
FIRE:  914 11:01:12 -1312134.500000        0.151078
FIRE:  915 11:01:12 -1312134.500000        0.148691
FIRE:  916 11:01:12 -1312134.500000        0.145837
FIRE:  917 11:01:12 -1312134.500000        0.142427
FIRE:  918 11:01:12 -1312134.500000        0.138437
FIRE:  919 11:01:12 -1312134.500000        0.133842
FIRE:  920 11:01:12 -1312134.500000        0.128676
FIRE:  921 11:01:12 -1312134.500000        0.123021
FIRE:  922 11:01:12 -1312134.500000        0.116904
FIRE:  923 11:01:12 -1312134.500000        0.110313
FIRE:  924 11:01:12 -1312134.500000        0.103339
FIRE:  925 11:01:12 -1312134.500000        0.099870
FIRE:  926 11:01:12 -1312134.500000        0.099653
FIRE:  927 11:01:13 -1312134.500000        0.099302
FIRE:  928 11:01:13 -1312134.625000        0.098758
FIRE:  929 11:01:13 -1312134.625000        0.188342
FIRE:  930 11:01:13 -1312134.625000        0.444426
FIRE:  931 11:01:13 -1312134.625000        1.178275
FIRE:  932 11:01:13 -1312134.625000        0.140309
FIRE:  933 11:01:13 -1312134.625000        1.047201
FIRE:  934 11:01:13 -1312134.625000        0.785574
FIRE:  935 11:01:13 -1312134.625000        0.337642
FIRE:  936 11:01:13 -1312134.625000        0.176263
FIRE:  937 11:01:13 -1312134.625000        0.166915
FIRE:  938 11:01:13 -1312134.625000        0.148866
FIRE:  939 11:01:13 -1312134.625000        0.123297
FIRE:  940 11:01:13 -1312134.625000        0.095408
FIRE:  941 11:01:14 -1312134.625000        0.095379
FIRE:  942 11:01:14 -1312134.625000        0.095343
FIRE:  943 11:01:14 -1312134.625000        0.095306
FIRE:  944 11:01:14 -1312134.625000        0.095261
FIRE:  945 11:01:14 -1312134.625000        0.095204
FIRE:  946 11:01:14 -1312134.625000        0.095140
FIRE:  947 11:01:14 -1312134.625000        0.095065
FIRE:  948 11:01:14 -1312134.625000        0.094977
FIRE:  949 11:01:14 -1312134.625000        0.094880
FIRE:  950 11:01:14 -1312134.625000        0.094767
FIRE:  951 11:01:14 -1312134.625000        0.094647
FIRE:  952 11:01:14 -1312134.625000        0.094517
FIRE:  953 11:01:14 -1312134.625000        0.094384
FIRE:  954 11:01:14 -1312134.750000        0.094251
FIRE:  955 11:01:14 -1312134.750000        0.094121
FIRE:  956 11:01:15 -1312134.750000        0.093991
FIRE:  957 11:01:15 -1312134.750000        0.093850
FIRE:  958 11:01:15 -1312134.750000        0.093670
FIRE:  959 11:01:15 -1312134.750000        0.093398
FIRE:  960 11:01:15 -1312134.625000        0.092977
FIRE:  961 11:01:15 -1312134.625000        0.092324
FIRE:  962 11:01:15 -1312134.750000        0.091385
FIRE:  963 11:01:15 -1312134.750000        0.172451
FIRE:  964 11:01:15 -1312134.750000        0.419431
FIRE:  965 11:01:15 -1312134.875000        1.139929
FIRE:  966 11:01:15 -1312134.875000        0.098337
FIRE:  967 11:01:15 -1312134.875000        1.042708
FIRE:  968 11:01:15 -1312134.875000        0.773933
FIRE:  969 11:01:15 -1312134.875000        0.316129
FIRE:  970 11:01:16 -1312134.875000        0.203469
FIRE:  971 11:01:16 -1312134.875000        0.192077
FIRE:  972 11:01:16 -1312134.875000        0.169989
FIRE:  973 11:01:16 -1312134.875000        0.138734
FIRE:  974 11:01:16 -1312134.875000        0.100643
FIRE:  975 11:01:16 -1312134.750000        0.086993
FIRE:  976 11:01:16 -1312134.875000        0.086965
FIRE:  977 11:01:16 -1312134.875000        0.086935
FIRE:  978 11:01:16 -1312134.875000        0.086904
FIRE:  979 11:01:16 -1312134.875000        0.092692
FIRE:  980 11:01:16 -1312134.875000        0.098452
FIRE:  981 11:01:16 -1312134.875000        0.086837
FIRE:  982 11:01:16 -1312134.875000        0.086825
FIRE:  983 11:01:16 -1312134.875000        0.086806
FIRE:  984 11:01:17 -1312134.875000        0.086777
FIRE:  985 11:01:17 -1312134.875000        0.092688
FIRE:  986 11:01:17 -1312134.875000        0.086598
FIRE:  987 11:01:17 -1312134.875000        0.086434
FIRE:  988 11:01:17 -1312134.875000        0.086338
FIRE:  989 11:01:17 -1312134.750000        0.086364
FIRE:  990 11:01:17 -1312134.875000        0.086389
FIRE:  991 11:01:17 -1312134.875000        0.086405
FIRE:  992 11:01:17 -1312134.875000        0.086360
FIRE:  993 11:01:17 -1312134.875000        0.086230
FIRE:  994 11:01:17 -1312134.875000        0.086019
FIRE:  995 11:01:17 -1312134.875000        0.085797
FIRE:  996 11:01:17 -1312134.875000        0.085328
FIRE:  997 11:01:17 -1312134.875000        0.156889
FIRE:  998 11:01:18 -1312135.000000        0.431286
FIRE:  999 11:01:18 -1312135.000000        1.207318
FIRE:  1000 11:01:18 -1312135.000000        0.081733
      Step     Time          Energy          fmax
FIRE:    0 11:01:18 -1312085.875000        8.555072
FIRE:    1 11:01:19 -1312092.875000        8.071779
FIRE:    2 11:01:21 -1312099.500000        7.126911
FIRE:    3 11:01:21 -1312104.500000        5.722280
FIRE:    4 11:01:21 -1312108.375000        4.492546
FIRE:    5 11:01:21 -1312110.250000        5.521249
FIRE:    6 11:01:21 -1312110.625000        6.386322
FIRE:    7 11:01:21 -1312112.000000        5.498191
FIRE:    8 11:01:21 -1312112.125000        4.126353
FIRE:    9 11:01:21 -1312108.875000        2.621967
FIRE:   10 11:01:23 -1312112.000000        2.602368
FIRE:   11 11:01:23 -1312111.625000        2.954267
FIRE:   12 11:01:23 -1312112.375000        3.271785
FIRE:   13 11:01:24 -1312112.625000        3.316654
FIRE:   14 11:01:24 -1312109.875000        2.974918
FIRE:   15 11:01:24 -1312110.750000        2.180839
FIRE:   16 11:01:24 -1312111.625000        2.815740
FIRE:   17 11:01:25 -1312112.500000        3.655222
FIRE:   18 11:01:25 -1312113.375000        2.719186
FIRE:   19 11:01:25 -1312119.625000        2.041833
FIRE:   20 11:01:25 -1312120.000000        1.898256
FIRE:   21 11:01:25 -1312120.125000        2.229112
FIRE:   22 11:01:25 -1312120.625000        2.405711
FIRE:   23 11:01:25 -1312121.750000        4.332141
FIRE:   24 11:01:25 -1312118.875000        4.224482
FIRE:   25 11:01:25 -1312117.000000        2.491351
FIRE:   26 11:01:25 -1312117.500000        1.342502
FIRE:   27 11:01:25 -1312117.875000        0.964949
FIRE:   28 11:01:25 -1312118.000000        1.401841
FIRE:   29 11:01:25 -1312121.000000        1.568971
FIRE:   30 11:01:25 -1312121.375000        1.494864
FIRE:   31 11:01:26 -1312121.625000        1.359184
FIRE:   32 11:01:26 -1312122.125000        0.968341
FIRE:   33 11:01:26 -1312122.375000        0.860301
FIRE:   34 11:01:26 -1312121.375000        0.840947
FIRE:   35 11:01:26 -1312120.375000        1.160905
FIRE:   36 11:01:26 -1312120.750000        1.089562
FIRE:   37 11:01:26 -1312122.375000        0.747649
FIRE:   38 11:01:26 -1312122.625000        0.423937
FIRE:   39 11:01:26 -1312124.375000        0.611293
FIRE:   40 11:01:26 -1312126.625000        0.607569
FIRE:   41 11:01:26 -1312124.250000        0.626488
FIRE:   42 11:01:26 -1312123.375000        0.916646
FIRE:   43 11:01:26 -1312123.875000        1.558159
FIRE:   44 11:01:26 -1312123.750000        2.342076
FIRE:   45 11:01:27 -1312124.000000        3.431255
FIRE:   46 11:01:27 -1312122.375000       12.701875
FIRE:   47 11:01:27 -1312123.875000        3.437029
FIRE:   48 11:01:27 -1312123.750000        5.453096
FIRE:   49 11:01:27 -1312124.125000        1.365005
FIRE:   50 11:01:27 -1312124.000000        2.624746
FIRE:   51 11:01:27 -1312124.250000        2.275736
FIRE:   52 11:01:27 -1312124.125000        1.601562
FIRE:   53 11:01:27 -1312124.125000        0.658577
FIRE:   54 11:01:27 -1312124.125000        0.458124
FIRE:   55 11:01:27 -1312124.125000        0.441283
FIRE:   56 11:01:27 -1312124.125000        0.408352
FIRE:   57 11:01:27 -1312124.125000        0.361149
FIRE:   58 11:01:27 -1312124.125000        0.302216
FIRE:   59 11:01:27 -1312124.125000        0.235606
FIRE:   60 11:01:27 -1312124.125000        0.208731
FIRE:   61 11:01:28 -1312124.125000        0.208149
FIRE:   62 11:01:28 -1312124.125000        0.207892
FIRE:   63 11:01:28 -1312124.375000        0.208061
FIRE:   64 11:01:28 -1312124.125000        0.208391
FIRE:   65 11:01:28 -1312124.125000        0.221833
FIRE:   66 11:01:28 -1312124.125000        0.219638
FIRE:   67 11:01:28 -1312124.125000        0.209843
FIRE:   68 11:01:28 -1312124.125000        0.210516
FIRE:   69 11:01:28 -1312124.250000        0.211319
FIRE:   70 11:01:28 -1312124.250000        0.212276
FIRE:   71 11:01:28 -1312124.250000        0.213390
FIRE:   72 11:01:28 -1312124.250000        0.214732
FIRE:   73 11:01:28 -1312124.250000        0.216320
FIRE:   74 11:01:28 -1312124.250000        0.218237
FIRE:   75 11:01:28 -1312124.375000        0.220498
FIRE:   76 11:01:28 -1312124.375000        0.223009
FIRE:   77 11:01:29 -1312125.625000        0.225541
FIRE:   78 11:01:29 -1312124.500000        0.227641
FIRE:   79 11:01:29 -1312125.625000        0.228003
FIRE:   80 11:01:29 -1312126.125000        0.225368
FIRE:   81 11:01:29 -1312126.000000        0.220846
FIRE:   82 11:01:29 -1312125.000000        0.211791
FIRE:   83 11:01:29 -1312126.250000        0.377954
FIRE:   84 11:01:29 -1312123.875000        0.889207
FIRE:   85 11:01:29 -1312126.500000        2.192180
FIRE:   86 11:01:29 -1312127.000000        0.205995
FIRE:   87 11:01:29 -1312125.375000        1.747342
FIRE:   88 11:01:29 -1312126.625000        1.372309
FIRE:   89 11:01:29 -1312126.625000        0.679508
FIRE:   90 11:01:29 -1312126.875000        0.244232
FIRE:   91 11:01:29 -1312125.500000        0.232900
FIRE:   92 11:01:29 -1312126.625000        0.210935
FIRE:   93 11:01:29 -1312126.625000        0.203007
FIRE:   94 11:01:30 -1312125.500000        0.202863
FIRE:   95 11:01:30 -1312126.875000        0.202720
FIRE:   96 11:01:30 -1312127.000000        0.202617
FIRE:   97 11:01:30 -1312125.500000        0.202557
FIRE:   98 11:01:30 -1312125.500000        0.202553
FIRE:   99 11:01:30 -1312127.000000        0.202612
FIRE:  100 11:01:30 -1312125.500000        0.202719
FIRE:  101 11:01:30 -1312126.625000        0.202877
FIRE:  102 11:01:30 -1312125.500000        0.203077
FIRE:  103 11:01:30 -1312125.500000        0.203332
FIRE:  104 11:01:30 -1312125.500000        0.203637
FIRE:  105 11:01:30 -1312127.000000        0.203939
FIRE:  106 11:01:30 -1312125.500000        0.204185
FIRE:  107 11:01:30 -1312126.500000        0.204328
FIRE:  108 11:01:30 -1312126.625000        0.204418
FIRE:  109 11:01:30 -1312125.625000        0.204350
FIRE:  110 11:01:30 -1312125.750000        0.203949
FIRE:  111 11:01:31 -1312127.375000        0.203360
FIRE:  112 11:01:31 -1312127.000000        0.202371
FIRE:  113 11:01:31 -1312127.500000        0.200762
FIRE:  114 11:01:31 -1312124.375000        0.201218
FIRE:  115 11:01:31 -1312124.375000        0.203235
FIRE:  116 11:01:31 -1312127.375000        0.202388
FIRE:  117 11:01:31 -1312129.125000        0.222174
FIRE:  118 11:01:31 -1312129.375000        0.532473
FIRE:  119 11:01:31 -1312129.375000        1.688686
FIRE:  120 11:01:31 -1312124.750000        4.291394
FIRE:  121 11:01:31 -1312129.375000        1.249169
FIRE:  122 11:01:31 -1312125.125000        0.918059
FIRE:  123 11:01:31 -1312125.125000        0.330899
FIRE:  124 11:01:31 -1312125.125000        0.360454
FIRE:  125 11:01:31 -1312125.000000        0.332741
FIRE:  126 11:01:31 -1312125.125000        0.280011
FIRE:  127 11:01:32 -1312125.125000        0.220187
FIRE:  128 11:01:32 -1312125.125000        0.189418
FIRE:  129 11:01:32 -1312125.125000        0.189353
FIRE:  130 11:01:32 -1312125.125000        0.189269
FIRE:  131 11:01:32 -1312125.125000        0.189195
FIRE:  132 11:01:32 -1312125.125000        0.210809
FIRE:  133 11:01:32 -1312125.000000        0.234130
FIRE:  134 11:01:32 -1312125.125000        0.217711
FIRE:  135 11:01:32 -1312125.125000        0.188820
FIRE:  136 11:01:32 -1312125.125000        0.188760
FIRE:  137 11:01:32 -1312125.000000        0.188734
FIRE:  138 11:01:32 -1312125.125000        0.188733
FIRE:  139 11:01:32 -1312125.125000        0.188750
FIRE:  140 11:01:32 -1312125.125000        0.188790
FIRE:  141 11:01:32 -1312125.125000        0.188867
FIRE:  142 11:01:32 -1312125.250000        0.189047
FIRE:  143 11:01:33 -1312125.250000        0.189291
FIRE:  144 11:01:33 -1312125.125000        0.189469
FIRE:  145 11:01:33 -1312125.250000        0.189557
FIRE:  146 11:01:33 -1312125.250000        0.189798
FIRE:  147 11:01:33 -1312125.250000        0.190346
FIRE:  148 11:01:33 -1312125.500000        0.190798
FIRE:  149 11:01:33 -1312125.500000        0.192081
FIRE:  150 11:01:33 -1312125.625000        0.307030
FIRE:  151 11:01:33 -1312125.750000        0.955840
FIRE:  152 11:01:33 -1312130.750000        2.889565
FIRE:  153 11:01:33 -1312130.875000        0.291905
FIRE:  154 11:01:33 -1312130.875000        0.230102
FIRE:  155 11:01:33 -1312131.125000        0.205162
FIRE:  156 11:01:34 -1312130.875000        0.205050
FIRE:  157 11:01:34 -1312131.000000        0.204840
FIRE:  158 11:01:34 -1312130.125000        0.208065
FIRE:  159 11:01:34 -1312131.250000        0.204096
FIRE:  160 11:01:34 -1312131.250000        0.203660
FIRE:  161 11:01:34 -1312131.250000        0.203236
FIRE:  162 11:01:34 -1312131.000000        0.202880
FIRE:  163 11:01:34 -1312131.125000        0.202604
FIRE:  164 11:01:34 -1312131.375000        0.202397
FIRE:  165 11:01:34 -1312130.500000        0.202268
FIRE:  166 11:01:34 -1312130.875000        0.202176
FIRE:  167 11:01:34 -1312130.875000        0.200475
FIRE:  168 11:01:34 -1312128.375000        0.148517
FIRE:  169 11:01:34 -1312130.875000        0.167652
FIRE:  170 11:01:35 -1312128.750000        0.166377
FIRE:  171 11:01:35 -1312129.000000        0.239953
FIRE:  172 11:01:35 -1312130.750000        0.290593
FIRE:  173 11:01:35 -1312131.125000        0.512894
FIRE:  174 11:01:35 -1312128.750000        1.333534
FIRE:  175 11:01:35 -1312131.875000        4.097791
FIRE:  176 11:01:35 -1312131.875000        1.065082
FIRE:  177 11:01:35 -1312131.750000        0.765474
FIRE:  178 11:01:35 -1312131.375000        0.319032
FIRE:  179 11:01:35 -1312131.375000        0.394491
FIRE:  180 11:01:35 -1312132.125000        0.807769
FIRE:  181 11:01:35 -1312131.375000        0.749379
FIRE:  182 11:01:35 -1312132.125000        0.637859
FIRE:  183 11:01:35 -1312132.000000        0.483235
FIRE:  184 11:01:35 -1312131.750000        0.300844
FIRE:  185 11:01:35 -1312131.750000        0.132978
FIRE:  186 11:01:35 -1312131.875000        0.197030
FIRE:  187 11:01:36 -1312132.000000        0.299542
FIRE:  188 11:01:36 -1312132.000000        0.379812
FIRE:  189 11:01:36 -1312131.625000        0.412027
FIRE:  190 11:01:36 -1312131.500000        0.380203
FIRE:  191 11:01:36 -1312131.750000        0.280417
FIRE:  192 11:01:36 -1312132.375000        0.152721
FIRE:  193 11:01:36 -1312131.750000        0.227431
FIRE:  194 11:01:36 -1312131.625000        0.359028
FIRE:  195 11:01:36 -1312131.375000        0.316551
FIRE:  196 11:01:36 -1312131.750000        0.138119
FIRE:  197 11:01:36 -1312131.625000        0.263865
FIRE:  198 11:01:36 -1312131.875000        0.299823
FIRE:  199 11:01:36 -1312131.500000        0.148033
FIRE:  200 11:01:36 -1312131.875000        0.315379
FIRE:  201 11:01:36 -1312131.125000        0.145044
FIRE:  202 11:01:37 -1312131.875000        0.317774
FIRE:  203 11:01:37 -1312130.375000        0.145474
FIRE:  204 11:01:37 -1312130.375000        0.259576
FIRE:  205 11:01:37 -1312132.250000        0.428936
FIRE:  206 11:01:37 -1312132.750000        0.604523
FIRE:  207 11:01:37 -1312132.500000        1.039827
FIRE:  208 11:01:37 -1312132.375000        2.671731
FIRE:  209 11:01:37 -1312128.125000        0.722877
FIRE:  210 11:01:37 -1312128.125000        2.108212
FIRE:  211 11:01:37 -1312128.125000        1.636730
FIRE:  212 11:01:37 -1312128.125000        0.764084
FIRE:  213 11:01:37 -1312128.125000        0.353511
FIRE:  214 11:01:37 -1312128.125000        0.334631
FIRE:  215 11:01:37 -1312128.125000        0.298316
FIRE:  216 11:01:38 -1312128.125000        0.247542
FIRE:  217 11:01:38 -1312128.125000        0.187230
FIRE:  218 11:01:38 -1312128.250000        0.143308
FIRE:  219 11:01:38 -1312128.125000        0.143318
FIRE:  220 11:01:38 -1312128.125000        0.165048
FIRE:  221 11:01:38 -1312128.125000        0.193063
FIRE:  222 11:01:38 -1312128.125000        0.213030
FIRE:  223 11:01:38 -1312128.125000        0.215353
FIRE:  224 11:01:38 -1312128.125000        0.195501
FIRE:  225 11:01:38 -1312128.125000        0.159323
FIRE:  226 11:01:38 -1312132.250000        0.144785
FIRE:  227 11:01:38 -1312132.250000        0.157795
FIRE:  228 11:01:38 -1312132.125000        0.172213
FIRE:  229 11:01:39 -1312132.125000        0.146970
FIRE:  230 11:01:39 -1312128.125000        0.148187
FIRE:  231 11:01:39 -1312128.125000        0.178940
FIRE:  232 11:01:39 -1312128.125000        0.162435
FIRE:  233 11:01:39 -1312128.125000        0.155671
FIRE:  234 11:01:39 -1312128.250000        0.196423
FIRE:  235 11:01:39 -1312128.250000        0.215812
FIRE:  236 11:01:39 -1312128.250000        0.162398
FIRE:  237 11:01:39 -1312128.250000        0.689227
FIRE:  238 11:01:39 -1312127.000000        0.635783
FIRE:  239 11:01:39 -1312127.125000        0.445652
FIRE:  240 11:01:39 -1312128.375000        1.343488
FIRE:  241 11:01:39 -1312128.375000        0.783470
FIRE:  242 11:01:39 -1312128.500000        1.827379
FIRE:  243 11:01:40 -1312128.375000        4.608018
FIRE:  244 11:01:40 -1312128.625000        0.532174
FIRE:  245 11:01:40 -1312128.375000        5.598851
FIRE:  246 11:01:40 -1312128.500000        3.478345
FIRE:  247 11:01:40 -1312128.625000        0.505733
FIRE:  248 11:01:40 -1312128.625000        2.047810
FIRE:  249 11:01:40 -1312128.875000        1.918521
FIRE:  250 11:01:40 -1312128.500000        1.665080
FIRE:  251 11:01:40 -1312128.625000        1.297806
FIRE:  252 11:01:40 -1312128.625000        0.833668
FIRE:  253 11:01:40 -1312128.625000        0.298394
FIRE:  254 11:01:40 -1312128.625000        0.262291
FIRE:  255 11:01:40 -1312128.625000        0.257313
FIRE:  256 11:01:40 -1312128.625000        0.247826
FIRE:  257 11:01:40 -1312128.625000        0.233672
FIRE:  258 11:01:41 -1312128.625000        0.215339
FIRE:  259 11:01:41 -1312128.625000        0.193166
FIRE:  260 11:01:41 -1312128.625000        0.167759
FIRE:  261 11:01:41 -1312128.625000        0.139969
FIRE:  262 11:01:41 -1312128.625000        0.114834
FIRE:  263 11:01:41 -1312129.000000        0.114886
FIRE:  264 11:01:41 -1312128.625000        0.114950
FIRE:  265 11:01:41 -1312128.625000        0.115041
FIRE:  266 11:01:41 -1312128.625000        0.115160
FIRE:  267 11:01:41 -1312128.625000        0.115309
FIRE:  268 11:01:41 -1312128.625000        0.128658
FIRE:  269 11:01:41 -1312128.625000        0.139850
FIRE:  270 11:01:41 -1312128.625000        0.131005
FIRE:  271 11:01:42 -1312128.625000        0.116372
FIRE:  272 11:01:42 -1312128.625000        0.116769
FIRE:  273 11:01:42 -1312128.625000        0.117210
FIRE:  274 11:01:42 -1312128.625000        0.120399
FIRE:  275 11:01:42 -1312130.250000        0.118228
FIRE:  276 11:01:42 -1312128.625000        0.118790
FIRE:  277 11:01:42 -1312128.625000        0.119382
FIRE:  278 11:01:42 -1312128.625000        0.120060
FIRE:  279 11:01:42 -1312128.625000        0.120895
FIRE:  280 11:01:42 -1312128.625000        0.121985
FIRE:  281 11:01:42 -1312128.625000        0.148951
FIRE:  282 11:01:42 -1312128.625000        0.195860
FIRE:  283 11:01:42 -1312128.500000        0.503438
FIRE:  284 11:01:43 -1312128.750000        0.476093
FIRE:  285 11:01:43 -1312132.500000        0.264865
FIRE:  286 11:01:43 -1312132.500000        0.291995
FIRE:  287 11:01:43 -1312132.750000        0.232869
FIRE:  288 11:01:43 -1312133.375000        0.933753
FIRE:  289 11:01:43 -1312133.000000        1.346434
FIRE:  290 11:01:43 -1312132.625000        0.982478
FIRE:  291 11:01:43 -1312133.375000        1.244573
FIRE:  292 11:01:43 -1312132.750000        0.943612
FIRE:  293 11:01:43 -1312132.625000        0.442325
FIRE:  294 11:01:43 -1312133.250000        0.372115
FIRE:  295 11:01:43 -1312133.250000        0.579852
FIRE:  296 11:01:43 -1312132.625000        0.546736
FIRE:  297 11:01:44 -1312133.375000        0.490593
FIRE:  298 11:01:44 -1312132.750000        0.412311
FIRE:  299 11:01:44 -1312132.875000        0.319592
FIRE:  300 11:01:44 -1312132.875000        0.227410
FIRE:  301 11:01:44 -1312132.875000        0.170297
FIRE:  302 11:01:44 -1312132.750000        0.170295
FIRE:  303 11:01:44 -1312132.625000        0.304851
FIRE:  304 11:01:44 -1312132.875000        0.588710
FIRE:  305 11:01:44 -1312132.750000        0.479285
FIRE:  306 11:01:44 -1312133.250000        0.247495
FIRE:  307 11:01:44 -1312132.625000        0.312867
FIRE:  308 11:01:44 -1312132.625000        0.325986
FIRE:  309 11:01:44 -1312133.000000        0.186955
FIRE:  310 11:01:44 -1312133.000000        0.471551
FIRE:  311 11:01:45 -1312132.625000        0.229242
FIRE:  312 11:01:45 -1312133.375000        0.185715
FIRE:  313 11:01:45 -1312128.875000        0.170483
FIRE:  314 11:01:45 -1312128.875000        0.445378
FIRE:  315 11:01:45 -1312129.000000        0.286612
FIRE:  316 11:01:45 -1312129.000000        0.203849
FIRE:  317 11:01:45 -1312129.000000        1.194974
FIRE:  318 11:01:45 -1312129.000000        0.617811
FIRE:  319 11:01:45 -1312129.000000        0.570806
FIRE:  320 11:01:45 -1312129.000000        0.302315
FIRE:  321 11:01:45 -1312133.125000        0.450624
FIRE:  322 11:01:45 -1312133.250000        0.350371
FIRE:  323 11:01:45 -1312133.250000        0.420225
FIRE:  324 11:01:46 -1312133.625000        0.881476
FIRE:  325 11:01:46 -1312127.875000        2.671339
FIRE:  326 11:01:46 -1312128.000000        0.190610
FIRE:  327 11:01:46 -1312127.875000        0.154735
FIRE:  328 11:01:46 -1312128.000000        0.155133
FIRE:  329 11:01:46 -1312128.000000        0.182654
FIRE:  330 11:01:46 -1312127.875000        0.156373
FIRE:  331 11:01:46 -1312128.000000        0.156981
FIRE:  332 11:01:46 -1312129.625000        0.157540
FIRE:  333 11:01:46 -1312129.250000        0.241583
FIRE:  334 11:01:46 -1312129.625000        0.158698
FIRE:  335 11:01:46 -1312129.625000        0.159218
FIRE:  336 11:01:46 -1312129.500000        0.159525
FIRE:  337 11:01:46 -1312129.625000        0.159605
FIRE:  338 11:01:47 -1312129.125000        0.159548
FIRE:  339 11:01:47 -1312129.750000        0.159361
FIRE:  340 11:01:47 -1312129.250000        0.159089
FIRE:  341 11:01:47 -1312127.875000        0.158828
FIRE:  342 11:01:47 -1312127.875000        0.581791
FIRE:  343 11:01:47 -1312128.000000        0.751361
FIRE:  344 11:01:47 -1312128.000000        0.435287
FIRE:  345 11:01:47 -1312128.125000        0.551624
FIRE:  346 11:01:47 -1312128.125000        0.579818
FIRE:  347 11:01:47 -1312128.250000        1.563064
FIRE:  348 11:01:47 -1312128.250000        0.299490
FIRE:  349 11:01:47 -1312128.250000        1.501283
FIRE:  350 11:01:47 -1312128.250000        1.059531
FIRE:  351 11:01:47 -1312128.250000        0.361843
FIRE:  352 11:01:48 -1312128.250000        0.434920
FIRE:  353 11:01:48 -1312128.250000        0.409153
FIRE:  354 11:01:48 -1312128.250000        0.359199
FIRE:  355 11:01:48 -1312128.250000        0.288378
FIRE:  356 11:01:48 -1312128.250000        0.201863
FIRE:  357 11:01:48 -1312128.250000        0.164867
FIRE:  358 11:01:48 -1312128.250000        0.164903
FIRE:  359 11:01:48 -1312128.250000        0.164950
FIRE:  360 11:01:48 -1312128.250000        0.295210
FIRE:  361 11:01:48 -1312128.250000        1.037767
FIRE:  362 11:01:48 -1312128.250000        0.174734
FIRE:  363 11:01:48 -1312128.250000        0.251209
FIRE:  364 11:01:48 -1312128.250000        0.304015
FIRE:  365 11:01:48 -1312128.250000        0.336267
FIRE:  366 11:01:48 -1312128.250000        0.311247
FIRE:  367 11:01:49 -1312128.250000        0.238130
FIRE:  368 11:01:49 -1312128.250000        0.277948
FIRE:  369 11:01:49 -1312128.250000        1.068466
FIRE:  370 11:01:49 -1312128.250000        0.229512
FIRE:  371 11:01:49 -1312128.250000        0.484866
FIRE:  372 11:01:49 -1312128.250000        0.344852
FIRE:  373 11:01:49 -1312128.250000        0.361004
FIRE:  374 11:01:49 -1312128.250000        0.367923
FIRE:  375 11:01:49 -1312128.250000        0.421181
FIRE:  376 11:01:49 -1312128.250000        0.306444
FIRE:  377 11:01:49 -1312128.375000        0.236688
FIRE:  378 11:01:49 -1312128.375000        0.413461
FIRE:  379 11:01:49 -1312128.375000        0.738192
FIRE:  380 11:01:49 -1312128.500000        1.542876
FIRE:  381 11:01:50 -1312128.375000        0.839716
FIRE:  382 11:01:50 -1312128.500000        0.187056
FIRE:  383 11:01:50 -1312128.500000        0.310652
FIRE:  384 11:01:50 -1312128.375000        0.305890
FIRE:  385 11:01:50 -1312128.500000        0.263054
FIRE:  386 11:01:50 -1312128.500000        0.165546
FIRE:  387 11:01:50 -1312128.500000        0.482630
FIRE:  388 11:01:50 -1312128.500000        0.336451
FIRE:  389 11:01:50 -1312128.500000        0.165335
FIRE:  390 11:01:50 -1312128.500000        0.240677
FIRE:  391 11:01:50 -1312128.500000        0.226105
FIRE:  392 11:01:50 -1312128.500000        0.304735
FIRE:  393 11:01:50 -1312128.500000        0.165370
FIRE:  394 11:01:51 -1312128.500000        0.164417
FIRE:  395 11:01:51 -1312128.500000        0.277219
FIRE:  396 11:01:51 -1312128.500000        0.290319
FIRE:  397 11:01:51 -1312128.500000        0.153926
FIRE:  398 11:01:51 -1312128.625000        1.020793
FIRE:  399 11:01:51 -1312128.625000        0.816646
FIRE:  400 11:01:51 -1312128.625000        0.558601
FIRE:  401 11:01:51 -1312128.500000        0.362134
FIRE:  402 11:01:51 -1312128.500000        0.408581
FIRE:  403 11:01:51 -1312128.750000        0.685304
FIRE:  404 11:01:51 -1312128.750000        2.310388
FIRE:  405 11:01:51 -1312128.750000        0.260300
FIRE:  406 11:01:51 -1312128.750000        0.189334
FIRE:  407 11:01:51 -1312128.750000        0.148311
FIRE:  408 11:01:51 -1312128.625000        0.136121
FIRE:  409 11:01:52 -1312128.750000        0.164015
FIRE:  410 11:01:52 -1312128.750000        0.172951
FIRE:  411 11:01:52 -1312128.750000        0.143498
FIRE:  412 11:01:52 -1312128.750000        0.168266
FIRE:  413 11:01:52 -1312128.750000        0.173083
FIRE:  414 11:01:52 -1312131.250000        0.156135
FIRE:  415 11:01:52 -1312131.250000        0.137452
FIRE:  416 11:01:52 -1312131.125000        0.635860
FIRE:  417 11:01:52 -1312131.250000        0.592656
FIRE:  418 11:01:52 -1312131.250000        0.599657
FIRE:  419 11:01:52 -1312131.375000        0.473413
FIRE:  420 11:01:52 -1312131.375000        0.332291
FIRE:  421 11:01:52 -1312131.375000        0.441881
FIRE:  422 11:01:52 -1312131.375000        0.213097
FIRE:  423 11:01:53 -1312131.375000        0.330872
FIRE:  424 11:01:53 -1312131.500000        0.514311
FIRE:  425 11:01:53 -1312131.500000        1.285437
FIRE:  426 11:01:53 -1312131.500000        3.224943
FIRE:  427 11:01:53 -1312131.375000        0.197522
FIRE:  428 11:01:53 -1312131.375000        3.549536
FIRE:  429 11:01:53 -1312131.500000        2.398417
FIRE:  430 11:01:53 -1312131.500000        0.632224
FIRE:  431 11:01:53 -1312131.375000        1.084791
FIRE:  432 11:01:53 -1312132.000000        1.017432
FIRE:  433 11:01:53 -1312130.250000        0.886218
FIRE:  434 11:01:53 -1312131.375000        0.697923
FIRE:  435 11:01:53 -1312131.375000        0.463847
FIRE:  436 11:01:53 -1312131.750000        0.200899
FIRE:  437 11:01:54 -1312131.750000        0.153798
FIRE:  438 11:01:54 -1312130.250000        0.306444
FIRE:  439 11:01:54 -1312133.625000        0.493286
FIRE:  440 11:01:54 -1312130.250000        0.600093
FIRE:  441 11:01:54 -1312130.250000        0.597331
FIRE:  442 11:01:54 -1312134.500000        0.466055
FIRE:  443 11:01:54 -1312130.250000        0.210673
FIRE:  444 11:01:54 -1312131.500000        0.155026
FIRE:  445 11:01:54 -1312130.375000        0.399092
FIRE:  446 11:01:54 -1312132.375000        0.493176
FIRE:  447 11:01:54 -1312131.625000        0.333111
FIRE:  448 11:01:54 -1312132.000000        0.157309
FIRE:  449 11:01:54 -1312130.375000        0.373804
FIRE:  450 11:01:54 -1312131.875000        0.292858
FIRE:  451 11:01:55 -1312132.500000        0.179392
FIRE:  452 11:01:55 -1312131.625000        0.386545
FIRE:  453 11:01:55 -1312131.500000        0.179771
FIRE:  454 11:01:55 -1312131.750000        0.651444
FIRE:  455 11:01:55 -1312131.625000        0.694487
FIRE:  456 11:01:55 -1312131.875000        0.468900
FIRE:  457 11:01:55 -1312130.500000        0.448882
FIRE:  458 11:01:55 -1312132.125000        1.072880
FIRE:  459 11:01:55 -1312130.625000        2.183354
FIRE:  460 11:01:55 -1312131.750000        0.243071
FIRE:  461 11:01:55 -1312132.250000        1.760048
FIRE:  462 11:01:55 -1312130.625000        1.402867
FIRE:  463 11:01:55 -1312132.375000        0.741591
FIRE:  464 11:01:55 -1312130.625000        0.241351
FIRE:  465 11:01:55 -1312132.000000        0.853786
FIRE:  466 11:01:56 -1312131.750000        0.800470
FIRE:  467 11:01:56 -1312130.625000        0.697801
FIRE:  468 11:01:56 -1312131.750000        0.553319
FIRE:  469 11:01:56 -1312131.875000        0.377984
FIRE:  470 11:01:56 -1312131.875000        0.243266
FIRE:  471 11:01:56 -1312132.250000        0.243552
FIRE:  472 11:01:56 -1312131.875000        0.243934
FIRE:  473 11:01:56 -1312132.000000        0.331174
FIRE:  474 11:01:56 -1312131.875000        0.434174
FIRE:  475 11:01:56 -1312131.875000        0.471024
FIRE:  476 11:01:56 -1312131.875000        0.424383
FIRE:  477 11:01:56 -1312131.875000        0.285758
FIRE:  478 11:01:56 -1312132.125000        0.250290
FIRE:  479 11:01:56 -1312131.750000        0.252344
FIRE:  480 11:01:57 -1312131.875000        0.323458
FIRE:  481 11:01:57 -1312132.000000        0.293990
FIRE:  482 11:01:57 -1312132.000000        0.260447
FIRE:  483 11:01:57 -1312132.000000        0.263994
FIRE:  484 11:01:57 -1312132.000000        0.317963
FIRE:  485 11:01:57 -1312132.250000        0.272713
FIRE:  486 11:01:57 -1312132.250000        0.277294
FIRE:  487 11:01:57 -1312132.250000        0.281058
FIRE:  488 11:01:57 -1312132.125000        0.640383
FIRE:  489 11:01:57 -1312132.250000        0.702834
FIRE:  490 11:01:57 -1312132.375000        0.643094
FIRE:  491 11:01:57 -1312135.000000        0.318085
FIRE:  492 11:01:57 -1312135.500000        0.577947
FIRE:  493 11:01:57 -1312129.875000        1.311264
FIRE:  494 11:01:58 -1312129.875000        2.862545
FIRE:  495 11:01:58 -1312129.750000        0.463705
FIRE:  496 11:01:58 -1312129.875000        2.789251
FIRE:  497 11:01:58 -1312129.875000        2.008639
FIRE:  498 11:01:58 -1312129.875000        0.748501
FIRE:  499 11:01:58 -1312129.875000        0.572345
FIRE:  500 11:01:58 -1312129.750000        0.540509
FIRE:  501 11:01:58 -1312129.875000        0.478625
FIRE:  502 11:01:58 -1312129.875000        0.390165
FIRE:  503 11:01:58 -1312129.875000        0.280948
FIRE:  504 11:01:58 -1312130.000000        0.177491
FIRE:  505 11:01:58 -1312130.000000        0.177605
FIRE:  506 11:01:58 -1312129.875000        0.177734
FIRE:  507 11:01:58 -1312129.875000        0.196884
FIRE:  508 11:01:59 -1312129.875000        0.256530
FIRE:  509 11:01:59 -1312130.000000        0.279085
FIRE:  510 11:01:59 -1312129.875000        0.246439
FIRE:  511 11:01:59 -1312130.000000        0.178520
FIRE:  512 11:01:59 -1312129.875000        0.178579
FIRE:  513 11:01:59 -1312129.875000        0.178529
FIRE:  514 11:01:59 -1312130.000000        0.254113
FIRE:  515 11:01:59 -1312130.000000        0.203641
FIRE:  516 11:01:59 -1312130.000000        1.786593
FIRE:  517 11:01:59 -1312129.875000        0.457753
FIRE:  518 11:01:59 -1312129.875000        0.316570
FIRE:  519 11:01:59 -1312130.125000        0.229997
FIRE:  520 11:01:59 -1312130.000000        0.204380
FIRE:  521 11:01:59 -1312130.125000        0.189868
FIRE:  522 11:02:00 -1312130.000000        0.259844
FIRE:  523 11:02:00 -1312130.250000        0.181336
FIRE:  524 11:02:00 -1312130.250000        0.282623
FIRE:  525 11:02:00 -1312130.250000        0.264624
FIRE:  526 11:02:00 -1312130.375000        0.465538
FIRE:  527 11:02:00 -1312130.250000        1.031438
FIRE:  528 11:02:00 -1312130.375000        2.604996
FIRE:  529 11:02:00 -1312130.500000        0.304938
FIRE:  530 11:02:00 -1312130.500000        2.600848
FIRE:  531 11:02:00 -1312130.500000        1.853877
FIRE:  532 11:02:00 -1312130.375000        0.650154
FIRE:  533 11:02:00 -1312130.375000        0.604988
FIRE:  534 11:02:00 -1312130.500000        0.569975
FIRE:  535 11:02:00 -1312130.375000        0.501702
FIRE:  536 11:02:01 -1312130.500000        0.404193
FIRE:  537 11:02:01 -1312130.500000        0.283907
FIRE:  538 11:02:01 -1312130.500000        0.149480
FIRE:  539 11:02:01 -1312130.500000        0.128895
FIRE:  540 11:02:01 -1312130.500000        0.128814
FIRE:  541 11:02:01 -1312130.500000        0.217386
FIRE:  542 11:02:01 -1312130.500000        0.287855
FIRE:  543 11:02:01 -1312130.500000        0.303501
FIRE:  544 11:02:01 -1312130.500000        0.250275
FIRE:  545 11:02:01 -1312130.500000        0.142507
FIRE:  546 11:02:01 -1312130.500000        0.127023
FIRE:  547 11:02:01 -1312130.500000        0.201499
FIRE:  548 11:02:01 -1312130.375000        0.270478
FIRE:  549 11:02:01 -1312130.375000        0.198496
FIRE:  550 11:02:01 -1312130.375000        0.124477
FIRE:  551 11:02:02 -1312130.375000        0.190528
FIRE:  552 11:02:02 -1312130.500000        0.164010
FIRE:  553 11:02:02 -1312130.500000        0.120842
FIRE:  554 11:02:02 -1312130.500000        0.220852
FIRE:  555 11:02:02 -1312130.625000        0.117028
FIRE:  556 11:02:02 -1312130.500000        0.183287
FIRE:  557 11:02:02 -1312130.625000        0.187137
FIRE:  558 11:02:02 -1312130.625000        0.108184
FIRE:  559 11:02:02 -1312130.750000        0.135447
FIRE:  560 11:02:02 -1312130.750000        0.411027
FIRE:  561 11:02:02 -1312134.125000        1.078265
FIRE:  562 11:02:02 -1312132.125000        2.752908
FIRE:  563 11:02:02 -1312134.125000        0.265680
FIRE:  564 11:02:02 -1312132.125000        2.889999
FIRE:  565 11:02:03 -1312134.000000        2.022337
FIRE:  566 11:02:03 -1312132.125000        0.647020
FIRE:  567 11:02:03 -1312133.875000        0.752725
FIRE:  568 11:02:03 -1312132.125000        0.708130
FIRE:  569 11:02:03 -1312134.000000        0.621045
FIRE:  570 11:02:03 -1312134.375000        0.496583
FIRE:  571 11:02:03 -1312134.000000        0.342205
FIRE:  572 11:02:03 -1312134.250000        0.168983
FIRE:  573 11:02:03 -1312134.000000        0.085879
