      Step     Time          Energy          fmax
FIRE:    0 09:24:51 -2146235.250000       15.442468
FIRE:    1 09:24:52 -2146243.750000       11.820505
FIRE:    2 09:24:54 -2146250.750000        9.001247
FIRE:    3 09:24:54 -2146256.250000        6.753989
FIRE:    4 09:24:54 -2146260.750000        5.471297
FIRE:    5 09:24:56 -2146264.250000        4.664429
FIRE:    6 09:24:56 -2146268.000000        4.170204
FIRE:    7 09:24:56 -2146270.750000       35.224687
FIRE:    8 09:24:57 -2146273.500000        3.763288
FIRE:    9 09:24:57 -2146276.000000        3.324075
FIRE:   10 09:24:57 -2146277.500000        3.012167
FIRE:   11 09:24:58 -2146279.750000        2.912445
FIRE:   12 09:24:58 -2146281.750000        2.758048
FIRE:   13 09:24:58 -2146283.500000        2.620483
FIRE:   14 09:24:58 -2146285.250000        2.695632
FIRE:   15 09:24:58 -2146287.000000        2.721994
FIRE:   16 09:24:58 -2146288.750000        2.257428
FIRE:   17 09:24:58 -2146290.000000        3.024197
FIRE:   18 09:24:58 -2146291.500000        2.117654
FIRE:   19 09:24:58 -2146292.500000        2.093375
FIRE:   20 09:24:58 -2146294.250000        2.089440
FIRE:   21 09:24:58 -2146295.500000        2.103269
FIRE:   22 09:24:58 -2146296.750000        2.129149
FIRE:   23 09:24:58 -2146298.000000        2.170370
FIRE:   24 09:24:58 -2146299.500000        2.210609
FIRE:   25 09:24:58 -2146300.250000        2.240618
FIRE:   26 09:24:58 -2146301.500000        2.253253
FIRE:   27 09:24:58 -2146302.750000        2.247390
FIRE:   28 09:24:58 -2146303.500000        2.186555
FIRE:   29 09:24:58 -2146304.500000        2.024712
FIRE:   30 09:24:58 -2146305.250000        1.717014
FIRE:   31 09:24:58 -2146306.500000        1.205962
FIRE:   32 09:24:58 -2146307.000000        0.819122
FIRE:   33 09:24:58 -2146308.000000        0.758054
FIRE:   34 09:24:58 -2146308.250000        1.717029
FIRE:   35 09:24:59 -2146308.750000        2.591633
FIRE:   36 09:24:59 -2146309.500000        3.052403
FIRE:   37 09:24:59 -2146309.500000        2.973482
FIRE:   38 09:24:59 -2146310.250000        2.433258
FIRE:   39 09:24:59 -2146310.750000        1.637302
FIRE:   40 09:24:59 -2146311.250000        0.810444
FIRE:   41 09:24:59 -2146311.750000        0.605783
FIRE:   42 09:24:59 -2146312.000000        0.697100
FIRE:   43 09:24:59 -2146312.750000        1.100185
FIRE:   44 09:24:59 -2146313.500000        1.356031
FIRE:   45 09:24:59 -2146314.250000        1.470837
FIRE:   46 09:24:59 -2146314.500000        1.460681
FIRE:   47 09:24:59 -2146314.500000        1.329894
FIRE:   48 09:24:59 -2146314.500000        1.082587
FIRE:   49 09:24:59 -2146314.750000        0.727034
FIRE:   50 09:24:59 -2146315.250000        0.453060
FIRE:   51 09:24:59 -2146315.750000        0.398434
FIRE:   52 09:24:59 -2146316.000000        0.655921
FIRE:   53 09:24:59 -2146316.250000        0.967395
FIRE:   54 09:25:00 -2146316.000000        1.106031
FIRE:   55 09:25:00 -2146316.500000        1.048235
FIRE:   56 09:25:00 -2146316.750000        0.817098
FIRE:   57 09:25:00 -2146317.000000        0.557744
FIRE:   58 09:25:00 -2146317.000000        0.548549
FIRE:   59 09:25:00 -2146317.750000        0.511429
FIRE:   60 09:25:00 -2146317.750000        0.706048
FIRE:   61 09:25:00 -2146317.500000        0.731271
FIRE:   62 09:25:00 -2146318.000000        0.812573
FIRE:   63 09:25:00 -2146318.250000        0.795196
FIRE:   64 09:25:00 -2146318.250000        0.684016
FIRE:   65 09:25:00 -2146319.250000        0.495301
FIRE:   66 09:25:00 -2146319.000000        0.432919
FIRE:   67 09:25:00 -2146319.250000        0.557257
FIRE:   68 09:25:00 -2146319.500000        0.773516
FIRE:   69 09:25:00 -2146319.750000        1.169245
FIRE:   70 09:25:00 -2146320.250000        1.666581
FIRE:   71 09:25:01 -2146320.750000        2.124163
FIRE:   72 09:25:01 -2146321.000000        2.041819
FIRE:   73 09:25:01 -2146321.250000        1.060424
FIRE:   74 09:25:01 -2146321.250000        1.641458
FIRE:   75 09:25:01 -2146320.500000        2.179573
FIRE:   76 09:25:01 -2146321.000000        3.467815
FIRE:   77 09:25:01 -2146321.250000        1.628343
FIRE:   78 09:25:01 -2146321.250000        0.893198
FIRE:   79 09:25:01 -2146321.250000        0.296725
FIRE:   80 09:25:01 -2146321.250000        1.171146
FIRE:   81 09:25:01 -2146321.250000        1.058177
FIRE:   82 09:25:01 -2146321.250000        0.844814
FIRE:   83 09:25:01 -2146321.500000        0.555625
FIRE:   84 09:25:01 -2146321.500000        0.235293
FIRE:   85 09:25:01 -2146321.500000        0.332133
FIRE:   86 09:25:01 -2146321.500000        0.502021
FIRE:   87 09:25:01 -2146321.500000        0.564343
FIRE:   88 09:25:01 -2146321.500000        0.567635
FIRE:   89 09:25:02 -2146321.500000        0.471080
FIRE:   90 09:25:02 -2146321.500000        0.236662
FIRE:   91 09:25:02 -2146321.500000        0.298801
FIRE:   92 09:25:02 -2146321.500000        0.449998
FIRE:   93 09:25:02 -2146321.500000        0.550111
FIRE:   94 09:25:02 -2146321.500000        0.363125
FIRE:   95 09:25:02 -2146321.500000        0.368013
FIRE:   96 09:25:02 -2146321.500000        0.394642
FIRE:   97 09:25:02 -2146321.500000        0.264035
FIRE:   98 09:25:02 -2146321.750000        0.344444
FIRE:   99 09:25:02 -2146321.750000        0.421903
FIRE:  100 09:25:02 -2146321.750000        0.297861
FIRE:  101 09:25:02 -2146322.000000        0.431309
FIRE:  102 09:25:02 -2146322.000000        0.552680
FIRE:  103 09:25:02 -2146322.250000        0.543256
FIRE:  104 09:25:02 -2146322.250000        0.924770
FIRE:  105 09:25:02 -2146323.000000        2.314541
FIRE:  106 09:25:03 -2146322.500000        4.050560
FIRE:  107 09:25:03 -2146322.750000        0.828319
FIRE:  108 09:25:03 -2146322.750000        0.583766
FIRE:  109 09:25:03 -2146322.750000        0.454927
FIRE:  110 09:25:03 -2146322.750000        0.462199
FIRE:  111 09:25:03 -2146322.750000        0.578169
FIRE:  112 09:25:03 -2146322.750000        0.608680
FIRE:  113 09:25:03 -2146322.750000        0.452039
FIRE:  114 09:25:03 -2146322.750000        0.446829
FIRE:  115 09:25:03 -2146322.750000        0.449905
FIRE:  116 09:25:03 -2146322.750000        0.452317
FIRE:  117 09:25:03 -2146322.750000        0.450387
FIRE:  118 09:25:03 -2146323.000000        0.458265
FIRE:  119 09:25:03 -2146323.000000        0.457496
FIRE:  120 09:25:03 -2146323.000000        0.431731
FIRE:  121 09:25:03 -2146323.000000        0.394378
FIRE:  122 09:25:03 -2146323.250000        0.381061
FIRE:  123 09:25:03 -2146323.250000        0.265533
FIRE:  124 09:25:04 -2146323.500000        0.255811
FIRE:  125 09:25:04 -2146323.500000        0.531357
FIRE:  126 09:25:04 -2146323.000000        1.582709
FIRE:  127 09:25:04 -2146323.250000        3.413207
FIRE:  128 09:25:04 -2146323.250000        0.477205
FIRE:  129 09:25:04 -2146323.250000        3.275986
FIRE:  130 09:25:04 -2146323.250000        2.413409
FIRE:  131 09:25:04 -2146323.250000        0.989816
FIRE:  132 09:25:04 -2146323.500000        0.558934
FIRE:  133 09:25:04 -2146323.500000        0.525211
FIRE:  134 09:25:04 -2146323.250000        0.459480
FIRE:  135 09:25:04 -2146323.250000        0.366153
FIRE:  136 09:25:04 -2146323.500000        0.334024
FIRE:  137 09:25:04 -2146323.250000        0.328540
FIRE:  138 09:25:04 -2146323.250000        0.322004
FIRE:  139 09:25:04 -2146323.500000        0.314468
FIRE:  140 09:25:04 -2146323.250000        0.305051
FIRE:  141 09:25:05 -2146323.500000        0.315210
FIRE:  142 09:25:05 -2146323.250000        0.340061
FIRE:  143 09:25:05 -2146323.250000        0.298578
FIRE:  144 09:25:05 -2146323.250000        0.244325
FIRE:  145 09:25:05 -2146323.250000        0.222474
FIRE:  146 09:25:05 -2146323.250000        0.206772
FIRE:  147 09:25:05 -2146323.500000        0.220380
FIRE:  148 09:25:05 -2146323.500000        0.198814
FIRE:  149 09:25:05 -2146323.250000        0.193278
FIRE:  150 09:25:05 -2146323.500000        0.224116
FIRE:  151 09:25:05 -2146323.500000        0.196805
FIRE:  152 09:25:05 -2146323.500000        0.165734
FIRE:  153 09:25:05 -2146323.500000        0.191005
FIRE:  154 09:25:05 -2146323.750000        0.141884
FIRE:  155 09:25:05 -2146323.500000        0.198484
FIRE:  156 09:25:05 -2146323.500000        0.196945
FIRE:  157 09:25:05 -2146323.750000        0.156016
FIRE:  158 09:25:05 -2146323.750000        0.183538
FIRE:  159 09:25:06 -2146323.750000        0.222731
FIRE:  160 09:25:06 -2146323.750000        0.755450
FIRE:  161 09:25:06 -2146324.000000        2.463086
FIRE:  162 09:25:06 -2146323.750000        6.870519
FIRE:  163 09:25:06 -2146323.750000        1.835619
FIRE:  164 09:25:06 -2146324.000000        1.361562
FIRE:  165 09:25:06 -2146324.000000        0.579643
FIRE:  166 09:25:06 -2146324.000000        0.579300
FIRE:  167 09:25:06 -2146324.250000        0.538595
FIRE:  168 09:25:06 -2146324.000000        0.460698
FIRE:  169 09:25:06 -2146324.000000        0.353246
FIRE:  170 09:25:06 -2146324.250000        0.228390
FIRE:  171 09:25:06 -2146324.500000        0.147784
FIRE:  172 09:25:06 -2146324.000000        0.153178
FIRE:  173 09:25:06 -2146324.000000        0.203797
FIRE:  174 09:25:06 -2146324.000000        0.246669
FIRE:  175 09:25:06 -2146324.000000        0.273114
FIRE:  176 09:25:07 -2146324.000000        0.240132
FIRE:  177 09:25:07 -2146324.000000        0.152065
FIRE:  178 09:25:07 -2146324.750000        0.145276
FIRE:  179 09:25:07 -2146324.250000        0.163779
FIRE:  180 09:25:07 -2146324.250000        0.244028
FIRE:  181 09:25:07 -2146324.250000        0.195736
FIRE:  182 09:25:07 -2146324.250000        0.137639
FIRE:  183 09:25:07 -2146324.500000        0.174584
FIRE:  184 09:25:07 -2146324.500000        0.183276
FIRE:  185 09:25:07 -2146324.250000        0.119999
FIRE:  186 09:25:07 -2146324.500000        0.212364
FIRE:  187 09:25:07 -2146324.500000        0.107266
FIRE:  188 09:25:07 -2146324.250000        0.174749
FIRE:  189 09:25:07 -2146324.500000        0.181526
FIRE:  190 09:25:07 -2146324.250000        0.109396
FIRE:  191 09:25:07 -2146324.500000        0.115984
FIRE:  192 09:25:07 -2146324.500000        0.255961
FIRE:  193 09:25:07 -2146324.500000        0.849102
FIRE:  194 09:25:08 -2146324.750000        2.836911
FIRE:  195 09:25:08 -2146324.500000        0.251057
FIRE:  196 09:25:08 -2146324.500000        0.210223
FIRE:  197 09:25:08 -2146324.500000        0.141913
FIRE:  198 09:25:08 -2146324.250000        0.124157
FIRE:  199 09:25:08 -2146324.500000        0.154643
FIRE:  200 09:25:08 -2146324.500000        0.199158
FIRE:  201 09:25:08 -2146324.500000        0.187286
FIRE:  202 09:25:08 -2146324.750000        0.132986
FIRE:  203 09:25:08 -2146324.750000        0.120557
FIRE:  204 09:25:08 -2146324.750000        0.119403
FIRE:  205 09:25:08 -2146325.000000        0.122875
FIRE:  206 09:25:08 -2146324.750000        0.116467
FIRE:  207 09:25:08 -2146324.750000        0.114731
FIRE:  208 09:25:08 -2146325.000000        0.139165
FIRE:  209 09:25:08 -2146324.750000        0.119477
FIRE:  210 09:25:08 -2146324.750000        0.115942
FIRE:  211 09:25:09 -2146324.750000        0.117005
FIRE:  212 09:25:09 -2146325.000000        0.138829
FIRE:  213 09:25:09 -2146324.500000        0.118210
FIRE:  214 09:25:09 -2146324.750000        0.117851
FIRE:  215 09:25:09 -2146325.000000        0.200626
FIRE:  216 09:25:09 -2146325.000000        0.451703
FIRE:  217 09:25:09 -2146325.250000        1.856669
FIRE:  218 09:25:09 -2146325.000000        6.178613
FIRE:  219 09:25:09 -2146325.000000        1.869277
FIRE:  220 09:25:09 -2146325.000000        1.331188
FIRE:  221 09:25:09 -2146325.250000        0.450408
FIRE:  222 09:25:09 -2146325.250000        0.795076
FIRE:  223 09:25:09 -2146324.750000        0.728764
FIRE:  224 09:25:09 -2146325.000000        0.603051
FIRE:  225 09:25:09 -2146325.000000        0.431386
FIRE:  226 09:25:09 -2146325.250000        0.236124
FIRE:  227 09:25:09 -2146325.000000        0.102897
FIRE:  228 09:25:09 -2146325.000000        0.198426
FIRE:  229 09:25:10 -2146325.250000        0.324186
FIRE:  230 09:25:10 -2146325.000000        0.400737
FIRE:  231 09:25:10 -2146325.250000        0.404291
FIRE:  232 09:25:10 -2146325.250000        0.320499
FIRE:  233 09:25:10 -2146325.250000        0.151476
FIRE:  234 09:25:10 -2146325.500000        0.103595
FIRE:  235 09:25:10 -2146325.250000        0.276243
FIRE:  236 09:25:10 -2146325.250000        0.326543
FIRE:  237 09:25:10 -2146325.500000        0.197068
FIRE:  238 09:25:10 -2146325.500000        0.156566
FIRE:  239 09:25:10 -2146325.000000        0.280470
FIRE:  240 09:25:10 -2146325.000000        0.161733
FIRE:  241 09:25:10 -2146325.250000        0.205920
FIRE:  242 09:25:10 -2146325.250000        0.215305
FIRE:  243 09:25:10 -2146325.250000        0.246550
FIRE:  244 09:25:10 -2146325.250000        0.108592
FIRE:  245 09:25:10 -2146325.000000        0.326258
FIRE:  246 09:25:11 -2146325.250000        0.355529
FIRE:  247 09:25:11 -2146325.000000        0.351502
FIRE:  248 09:25:11 -2146325.000000        0.656152
FIRE:  249 09:25:11 -2146325.750000        1.748357
FIRE:  250 09:25:11 -2146326.000000        4.809034
FIRE:  251 09:25:11 -2146326.000000        0.579148
FIRE:  252 09:25:11 -2146325.750000        0.461237
FIRE:  253 09:25:11 -2146326.250000        0.252139
FIRE:  254 09:25:11 -2146326.250000        0.136721
FIRE:  255 09:25:11 -2146326.250000        0.374104
FIRE:  256 09:25:11 -2146326.250000        0.469806
FIRE:  257 09:25:11 -2146325.750000        0.409759
FIRE:  258 09:25:11 -2146325.750000        0.241921
FIRE:  259 09:25:11 -2146325.750000        0.161944
FIRE:  260 09:25:11 -2146325.500000        0.273879
FIRE:  261 09:25:11 -2146325.750000        0.298899
FIRE:  262 09:25:11 -2146325.750000        0.179810
FIRE:  263 09:25:11 -2146325.750000        0.222739
FIRE:  264 09:25:12 -2146325.750000        0.306843
FIRE:  265 09:25:12 -2146325.500000        0.219588
FIRE:  266 09:25:12 -2146325.750000        0.209207
FIRE:  267 09:25:12 -2146325.750000        0.186741
FIRE:  268 09:25:12 -2146325.750000        0.361084
FIRE:  269 09:25:12 -2146325.750000        0.186424
FIRE:  270 09:25:12 -2146326.000000        0.262844
FIRE:  271 09:25:12 -2146326.000000        0.777724
FIRE:  272 09:25:12 -2146325.750000        2.071796
FIRE:  273 09:25:12 -2146326.000000        0.216354
FIRE:  274 09:25:12 -2146326.000000        1.956188
FIRE:  275 09:25:12 -2146326.000000        1.433653
FIRE:  276 09:25:12 -2146325.750000        0.544430
FIRE:  277 09:25:12 -2146325.750000        0.473361
FIRE:  278 09:25:12 -2146326.250000        0.441675
FIRE:  279 09:25:12 -2146326.000000        0.380723
FIRE:  280 09:25:12 -2146326.000000        0.294707
FIRE:  281 09:25:13 -2146326.000000        0.190537
FIRE:  282 09:25:13 -2146326.000000        0.100469
FIRE:  283 09:25:13 -2146325.750000        0.100542
FIRE:  284 09:25:13 -2146326.000000        0.133763
FIRE:  285 09:25:13 -2146326.250000        0.211620
FIRE:  286 09:25:13 -2146326.000000        0.256525
FIRE:  287 09:25:13 -2146326.000000        0.255556
FIRE:  288 09:25:13 -2146326.000000        0.200078
FIRE:  289 09:25:13 -2146326.000000        0.100417
FIRE:  290 09:25:13 -2146326.000000        0.100246
FIRE:  291 09:25:13 -2146326.000000        0.167507
FIRE:  292 09:25:13 -2146325.750000        0.190751
FIRE:  293 09:25:13 -2146325.750000        0.099951
FIRE:  294 09:25:13 -2146326.000000        0.099958
FIRE:  295 09:25:13 -2146325.750000        0.179803
FIRE:  296 09:25:13 -2146326.000000        0.104246
FIRE:  297 09:25:13 -2146326.250000        0.123034
FIRE:  298 09:25:13 -2146326.000000        0.131023
FIRE:  299 09:25:14 -2146325.750000        0.117356
FIRE:  300 09:25:14 -2146326.250000        0.098050
FIRE:  301 09:25:14 -2146326.000000        0.200562
FIRE:  302 09:25:14 -2146326.000000        0.184275
FIRE:  303 09:25:14 -2146326.000000        0.178348
FIRE:  304 09:25:14 -2146326.000000        0.360748
FIRE:  305 09:25:14 -2146326.250000        1.009620
FIRE:  306 09:25:14 -2146326.250000        2.907485
FIRE:  307 09:25:14 -2146326.000000        0.226402
FIRE:  308 09:25:14 -2146326.250000        0.178401
FIRE:  309 09:25:14 -2146326.000000        0.100146
FIRE:  310 09:25:14 -2146326.250000        0.064387
FIRE:  311 09:25:14 -2146326.250000        0.147992
FIRE:  312 09:25:14 -2146326.250000        0.184599
FIRE:  313 09:25:14 -2146326.500000        0.158950
FIRE:  314 09:25:14 -2146326.250000        0.090397
FIRE:  315 09:25:14 -2146326.250000        0.067636
FIRE:  316 09:25:14 -2146326.500000        0.107714
FIRE:  317 09:25:15 -2146326.250000        0.099694
FIRE:  318 09:25:15 -2146326.250000        0.065513
FIRE:  319 09:25:15 -2146326.500000        0.107811
FIRE:  320 09:25:15 -2146326.000000        0.100695
FIRE:  321 09:25:15 -2146326.250000        0.094692
FIRE:  322 09:25:15 -2146326.250000        0.065020
FIRE:  323 09:25:15 -2146326.250000        0.099548
FIRE:  324 09:25:15 -2146326.250000        0.133527
FIRE:  325 09:25:15 -2146326.500000        0.107848
FIRE:  326 09:25:15 -2146326.250000        0.142619
FIRE:  327 09:25:15 -2146326.250000        0.440223
FIRE:  328 09:25:15 -2146326.250000        1.348714
FIRE:  329 09:25:15 -2146326.250000        0.066675
FIRE:  330 09:25:15 -2146326.250000        1.215134
FIRE:  331 09:25:15 -2146326.250000        0.918643
FIRE:  332 09:25:15 -2146326.250000        0.398044
FIRE:  333 09:25:15 -2146326.000000        0.214861
FIRE:  334 09:25:16 -2146326.000000        0.201259
FIRE:  335 09:25:16 -2146326.500000        0.174621
FIRE:  336 09:25:16 -2146326.250000        0.136945
FIRE:  337 09:25:16 -2146326.000000        0.091417
FIRE:  338 09:25:16 -2146326.000000        0.055379
FIRE:  339 09:25:16 -2146326.500000        0.055362
FIRE:  340 09:25:16 -2146326.250000        0.055694
FIRE:  341 09:25:16 -2146326.250000        0.093453
FIRE:  342 09:25:16 -2146326.500000        0.118550
FIRE:  343 09:25:16 -2146326.250000        0.123572
FIRE:  344 09:25:16 -2146326.500000        0.103679
FIRE:  345 09:25:16 -2146326.250000        0.059102
FIRE:  346 09:25:16 -2146326.250000        0.055198
FIRE:  347 09:25:16 -2146326.250000        0.063139
FIRE:  348 09:25:16 -2146326.250000        0.084185
FIRE:  349 09:25:16 -2146326.250000        0.055016
FIRE:  350 09:25:16 -2146326.250000        0.054912
FIRE:  351 09:25:16 -2146326.250000        0.085512
FIRE:  352 09:25:17 -2146326.250000        0.064935
FIRE:  353 09:25:17 -2146326.500000        0.054620
FIRE:  354 09:25:17 -2146326.250000        0.065392
FIRE:  355 09:25:17 -2146326.250000        0.054556
FIRE:  356 09:25:17 -2146326.500000        0.070903
FIRE:  357 09:25:17 -2146326.500000        0.073832
FIRE:  358 09:25:17 -2146326.500000        0.054415
FIRE:  359 09:25:17 -2146326.500000        0.054143
FIRE:  360 09:25:17 -2146326.500000        0.053785
FIRE:  361 09:25:17 -2146326.500000        0.053302
FIRE:  362 09:25:17 -2146326.500000        0.196976
FIRE:  363 09:25:17 -2146326.500000        1.115332
FIRE:  364 09:25:17 -2146326.500000        5.752510
FIRE:  365 09:25:17 -2146326.500000        3.190595
FIRE:  366 09:25:17 -2146326.250000        2.147023
FIRE:  367 09:25:17 -2146326.500000        0.358191
FIRE:  368 09:25:17 -2146326.500000        1.771723
FIRE:  369 09:25:17 -2146326.500000        1.595233
FIRE:  370 09:25:18 -2146326.500000        1.263100
FIRE:  371 09:25:18 -2146326.500000        0.812684
FIRE:  372 09:25:18 -2146326.500000        0.293411
FIRE:  373 09:25:18 -2146326.750000        0.239422
FIRE:  374 09:25:18 -2146326.500000        0.234093
FIRE:  375 09:25:18 -2146326.500000        0.223534
FIRE:  376 09:25:18 -2146326.750000        0.207899
FIRE:  377 09:25:18 -2146326.500000        0.187636
FIRE:  378 09:25:18 -2146326.500000        0.163509
FIRE:  379 09:25:18 -2146326.500000        0.136330
FIRE:  380 09:25:18 -2146326.500000        0.106863
FIRE:  381 09:25:18 -2146326.500000        0.073133
FIRE:  382 09:25:18 -2146326.250000        0.054991
FIRE:  383 09:25:18 -2146326.250000        0.054999
FIRE:  384 09:25:18 -2146326.500000        0.055008
FIRE:  385 09:25:18 -2146326.500000        0.079799
FIRE:  386 09:25:18 -2146326.500000        0.099966
FIRE:  387 09:25:19 -2146326.250000        0.103809
FIRE:  388 09:25:19 -2146326.500000        0.087341
FIRE:  389 09:25:19 -2146326.500000        0.061807
FIRE:  390 09:25:19 -2146326.500000        0.055186
FIRE:  391 09:25:19 -2146326.750000        0.064535
FIRE:  392 09:25:19 -2146326.250000        0.098053
FIRE:  393 09:25:19 -2146326.500000        0.090261
FIRE:  394 09:25:19 -2146326.500000        0.055634
FIRE:  395 09:25:19 -2146326.750000        0.055845
FIRE:  396 09:25:19 -2146326.250000        0.068574
FIRE:  397 09:25:19 -2146326.500000        0.056524
FIRE:  398 09:25:19 -2146326.500000        0.073033
FIRE:  399 09:25:19 -2146326.500000        0.067197
FIRE:  400 09:25:19 -2146326.500000        0.058493
FIRE:  401 09:25:19 -2146326.500000        0.059449
FIRE:  402 09:25:19 -2146326.500000        0.096908
FIRE:  403 09:25:19 -2146326.750000        0.059313
FIRE:  404 09:25:19 -2146326.750000        0.058834
FIRE:  405 09:25:20 -2146327.000000        0.058425
FIRE:  406 09:25:20 -2146326.750000        0.082910
FIRE:  407 09:25:20 -2146327.000000        0.299846
FIRE:  408 09:25:20 -2146327.000000        1.444130
FIRE:  409 09:25:20 -2146326.750000        0.281644
FIRE:  410 09:25:20 -2146327.000000        0.190877
FIRE:  411 09:25:20 -2146327.000000        0.065699
FIRE:  412 09:25:20 -2146327.000000        0.122770
FIRE:  413 09:25:20 -2146327.000000        0.222432
FIRE:  414 09:25:20 -2146327.000000        0.229835
FIRE:  415 09:25:20 -2146327.000000        0.149372
FIRE:  416 09:25:20 -2146327.000000        0.058596
FIRE:  417 09:25:20 -2146327.000000        0.121067
FIRE:  418 09:25:20 -2146327.000000        0.151412
FIRE:  419 09:25:20 -2146327.000000        0.068092
FIRE:  420 09:25:20 -2146327.000000        0.129262
FIRE:  421 09:25:20 -2146326.750000        0.154903
FIRE:  422 09:25:21 -2146326.750000        0.068652
FIRE:  423 09:25:21 -2146326.750000        0.121376
FIRE:  424 09:25:21 -2146327.000000        0.109214
FIRE:  425 09:25:21 -2146327.000000        0.117396
FIRE:  426 09:25:21 -2146327.000000        0.161707
FIRE:  427 09:25:21 -2146327.000000        0.276446
FIRE:  428 09:25:21 -2146327.000000        0.430875
FIRE:  429 09:25:21 -2146327.000000        1.016207
FIRE:  430 09:25:21 -2146327.000000        2.698969
FIRE:  431 09:25:21 -2146327.000000        0.394183
FIRE:  432 09:25:21 -2146327.000000        0.292618
FIRE:  433 09:25:21 -2146326.750000        0.116843
FIRE:  434 09:25:21 -2146326.750000        0.083871
FIRE:  435 09:25:21 -2146327.000000        0.226330
FIRE:  436 09:25:21 -2146327.000000        0.269575
FIRE:  437 09:25:21 -2146327.000000        0.209514
FIRE:  438 09:25:21 -2146326.750000        0.098368
FIRE:  439 09:25:21 -2146327.000000        0.133641
FIRE:  440 09:25:22 -2146327.000000        0.225302
FIRE:  441 09:25:22 -2146327.000000        0.178730
FIRE:  442 09:25:22 -2146327.000000        0.081026
FIRE:  443 09:25:22 -2146327.000000        0.170012
FIRE:  444 09:25:22 -2146327.000000        0.108718
FIRE:  445 09:25:22 -2146327.000000        0.187204
FIRE:  446 09:25:22 -2146327.000000        0.098996
FIRE:  447 09:25:22 -2146327.000000        0.187489
FIRE:  448 09:25:22 -2146327.000000        0.136845
FIRE:  449 09:25:22 -2146327.250000        0.076514
FIRE:  450 09:25:22 -2146327.250000        0.184711
FIRE:  451 09:25:22 -2146327.250000        0.591021
FIRE:  452 09:25:22 -2146327.250000        1.511719
FIRE:  453 09:25:22 -2146327.250000        0.068357
FIRE:  454 09:25:22 -2146327.250000        1.381306
FIRE:  455 09:25:22 -2146327.250000        1.042098
FIRE:  456 09:25:22 -2146327.250000        0.447753
FIRE:  457 09:25:23 -2146327.250000        0.252042
FIRE:  458 09:25:23 -2146327.250000        0.235470
FIRE:  459 09:25:23 -2146327.250000        0.202952
FIRE:  460 09:25:23 -2146327.000000        0.157212
FIRE:  461 09:25:23 -2146327.250000        0.101763
FIRE:  462 09:25:23 -2146327.250000        0.061798
FIRE:  463 09:25:23 -2146327.250000        0.061870
FIRE:  464 09:25:23 -2146327.250000        0.078601
FIRE:  465 09:25:23 -2146327.250000        0.123686
FIRE:  466 09:25:23 -2146327.250000        0.152762
FIRE:  467 09:25:23 -2146327.250000        0.157729
FIRE:  468 09:25:23 -2146327.000000        0.132987
FIRE:  469 09:25:23 -2146327.250000        0.078590
FIRE:  470 09:25:23 -2146327.250000        0.063026
FIRE:  471 09:25:23 -2146327.000000        0.081637
FIRE:  472 09:25:23 -2146327.250000        0.095781
FIRE:  473 09:25:23 -2146327.250000        0.071722
FIRE:  474 09:25:23 -2146327.250000        0.064430
FIRE:  475 09:25:24 -2146327.250000        0.111099
FIRE:  476 09:25:24 -2146327.250000        0.088047
FIRE:  477 09:25:24 -2146327.000000        0.065934
FIRE:  478 09:25:24 -2146327.250000        0.079110
FIRE:  479 09:25:24 -2146327.250000        0.066344
FIRE:  480 09:25:24 -2146327.250000        0.096343
FIRE:  481 09:25:24 -2146327.250000        0.085042
FIRE:  482 09:25:24 -2146327.250000        0.065103
FIRE:  483 09:25:24 -2146327.250000        0.064438
FIRE:  484 09:25:24 -2146327.250000        0.087103
FIRE:  485 09:25:24 -2146327.250000        0.332406
FIRE:  486 09:25:24 -2146327.250000        1.118919
FIRE:  487 09:25:24 -2146327.250000        3.785949
FIRE:  488 09:25:24 -2146327.250000        0.838309
FIRE:  489 09:25:24 -2146327.250000        0.583547
FIRE:  490 09:25:24 -2146327.250000        0.192694
FIRE:  491 09:25:24 -2146327.250000        0.337243
FIRE:  492 09:25:25 -2146327.250000        0.312662
FIRE:  493 09:25:25 -2146327.250000        0.265547
FIRE:  494 09:25:25 -2146327.250000        0.200075
FIRE:  495 09:25:25 -2146327.250000        0.123071
FIRE:  496 09:25:25 -2146327.250000        0.078596
FIRE:  497 09:25:25 -2146327.250000        0.078616
FIRE:  498 09:25:25 -2146327.250000        0.104805
FIRE:  499 09:25:25 -2146327.250000        0.144070
FIRE:  500 09:25:25 -2146327.250000        0.154264
FIRE:  501 09:25:25 -2146327.250000        0.127174
FIRE:  502 09:25:25 -2146327.250000        0.081656
FIRE:  503 09:25:25 -2146327.000000        0.078946
FIRE:  504 09:25:25 -2146327.250000        0.123467
FIRE:  505 09:25:25 -2146327.250000        0.158929
FIRE:  506 09:25:25 -2146327.250000        0.115194
FIRE:  507 09:25:25 -2146327.250000        0.079481
FIRE:  508 09:25:25 -2146327.250000        0.097497
FIRE:  509 09:25:25 -2146327.250000        0.082141
FIRE:  510 09:25:26 -2146327.250000        0.080821
FIRE:  511 09:25:26 -2146327.250000        0.128359
FIRE:  512 09:25:26 -2146327.250000        0.074263
FIRE:  513 09:25:26 -2146327.250000        0.089975
FIRE:  514 09:25:26 -2146327.000000        0.145605
FIRE:  515 09:25:26 -2146327.250000        0.082595
FIRE:  516 09:25:26 -2146327.500000        0.074788
FIRE:  517 09:25:26 -2146327.500000        0.074470
FIRE:  518 09:25:26 -2146327.500000        0.248312
FIRE:  519 09:25:26 -2146327.250000        0.900652
FIRE:  520 09:25:26 -2146327.250000        3.561431
FIRE:  521 09:25:26 -2146327.500000        1.026512
FIRE:  522 09:25:26 -2146327.500000        0.695208
FIRE:  523 09:25:26 -2146327.250000        0.186373
FIRE:  524 09:25:26 -2146327.500000        0.465222
FIRE:  525 09:25:26 -2146327.500000        0.429619
FIRE:  526 09:25:26 -2146327.250000        0.361334
FIRE:  527 09:25:27 -2146327.500000        0.266463
FIRE:  528 09:25:27 -2146327.500000        0.154562
FIRE:  529 09:25:27 -2146327.500000        0.075945
FIRE:  530 09:25:27 -2146327.500000        0.092779
FIRE:  531 09:25:27 -2146327.500000        0.161033
FIRE:  532 09:25:27 -2146327.500000        0.211865
FIRE:  533 09:25:27 -2146327.500000        0.219778
FIRE:  534 09:25:27 -2146327.500000        0.175650
FIRE:  535 09:25:27 -2146327.500000        0.095871
FIRE:  536 09:25:27 -2146327.500000        0.071513
FIRE:  537 09:25:27 -2146327.500000        0.177872
FIRE:  538 09:25:27 -2146327.500000        0.219283
FIRE:  539 09:25:27 -2146327.500000        0.149117
FIRE:  540 09:25:27 -2146327.500000        0.076298
FIRE:  541 09:25:27 -2146327.500000        0.142300
FIRE:  542 09:25:27 -2146327.500000        0.100219
FIRE:  543 09:25:27 -2146327.500000        0.118454
FIRE:  544 09:25:27 -2146327.500000        0.171329
FIRE:  545 09:25:28 -2146327.500000        0.091293
FIRE:  546 09:25:28 -2146327.500000        0.108018
FIRE:  547 09:25:28 -2146327.500000        0.199970
FIRE:  548 09:25:28 -2146327.500000        0.101725
FIRE:  549 09:25:28 -2146327.500000        0.426291
FIRE:  550 09:25:28 -2146327.500000        0.421372
FIRE:  551 09:25:28 -2146327.500000        1.229688
FIRE:  552 09:25:28 -2146327.250000        0.148246
FIRE:  553 09:25:28 -2146327.500000        1.051856
FIRE:  554 09:25:28 -2146327.500000        0.826826
FIRE:  555 09:25:28 -2146327.500000        0.423777
FIRE:  556 09:25:28 -2146327.500000        0.159274
FIRE:  557 09:25:28 -2146327.500000        0.155464
FIRE:  558 09:25:28 -2146327.500000        0.148279
FIRE:  559 09:25:28 -2146327.500000        0.138133
FIRE:  560 09:25:28 -2146327.500000        0.126015
FIRE:  561 09:25:28 -2146327.500000        0.113109
FIRE:  562 09:25:29 -2146327.500000        0.100683
FIRE:  563 09:25:29 -2146327.500000        0.090123
FIRE:  564 09:25:29 -2146327.500000        0.092170
FIRE:  565 09:25:29 -2146327.500000        0.107114
FIRE:  566 09:25:29 -2146327.500000        0.113354
FIRE:  567 09:25:29 -2146327.500000        0.107712
FIRE:  568 09:25:29 -2146327.500000        0.089238
FIRE:  569 09:25:29 -2146327.250000        0.086350
FIRE:  570 09:25:29 -2146327.250000        0.091606
FIRE:  571 09:25:29 -2146327.500000        0.097523
FIRE:  572 09:25:29 -2146327.250000        0.095138
FIRE:  573 09:25:29 -2146327.500000        0.088066
FIRE:  574 09:25:29 -2146327.500000        0.084974
FIRE:  575 09:25:29 -2146327.500000        0.086504
FIRE:  576 09:25:29 -2146327.500000        0.095921
FIRE:  577 09:25:29 -2146327.250000        0.104916
FIRE:  578 09:25:29 -2146327.750000        0.094612
FIRE:  579 09:25:29 -2146327.750000        0.090080
FIRE:  580 09:25:30 -2146327.750000        0.101965
FIRE:  581 09:25:30 -2146327.750000        0.092830
FIRE:  582 09:25:30 -2146327.750000        0.094150
FIRE:  583 09:25:30 -2146327.750000        0.127177
FIRE:  584 09:25:30 -2146327.750000        0.372376
FIRE:  585 09:25:30 -2146327.750000        1.029002
FIRE:  586 09:25:30 -2146327.500000        3.377094
FIRE:  587 09:25:30 -2146327.500000        0.484812
FIRE:  588 09:25:30 -2146327.500000        0.368028
FIRE:  589 09:25:30 -2146327.500000        0.198114
FIRE:  590 09:25:30 -2146327.500000        0.206100
FIRE:  591 09:25:30 -2146327.500000        0.398611
FIRE:  592 09:25:30 -2146327.500000        0.447814
FIRE:  593 09:25:30 -2146327.500000        0.349770
FIRE:  594 09:25:30 -2146327.750000        0.159552
FIRE:  595 09:25:30 -2146327.500000        0.204909
FIRE:  596 09:25:30 -2146327.500000        0.242832
FIRE:  597 09:25:31 -2146327.250000        0.217503
FIRE:  598 09:25:31 -2146327.500000        0.176298
FIRE:  599 09:25:31 -2146327.750000        0.308978
FIRE:  600 09:25:31 -2146327.250000        0.190898
FIRE:  601 09:25:31 -2146327.500000        0.219805
FIRE:  602 09:25:31 -2146327.500000        0.158006
FIRE:  603 09:25:31 -2146327.500000        0.328623
FIRE:  604 09:25:31 -2146327.500000        0.240353
FIRE:  605 09:25:31 -2146327.500000        0.164219
FIRE:  606 09:25:31 -2146327.750000        0.175307
FIRE:  607 09:25:31 -2146327.500000        0.334966
FIRE:  608 09:25:31 -2146327.750000        1.139718
FIRE:  609 09:25:31 -2146327.750000        3.860056
FIRE:  610 09:25:31 -2146327.750000        1.263925
FIRE:  611 09:25:31 -2146327.500000        0.898558
FIRE:  612 09:25:31 -2146327.750000        0.279246
FIRE:  613 09:25:31 -2146328.000000        0.390951
FIRE:  614 09:25:31 -2146327.750000        0.354393
FIRE:  615 09:25:32 -2146327.750000        0.303763
FIRE:  616 09:25:32 -2146327.500000        0.254460
FIRE:  617 09:25:32 -2146327.750000        0.211578
FIRE:  618 09:25:32 -2146327.750000        0.212985
FIRE:  619 09:25:32 -2146327.500000        0.214377
FIRE:  620 09:25:32 -2146327.750000        0.259156
FIRE:  621 09:25:32 -2146327.500000        0.317828
FIRE:  622 09:25:32 -2146327.750000        0.332167
FIRE:  623 09:25:32 -2146327.750000        0.290663
FIRE:  624 09:25:32 -2146327.750000        0.218205
FIRE:  625 09:25:32 -2146327.750000        0.218301
FIRE:  626 09:25:32 -2146327.750000        0.218882
FIRE:  627 09:25:32 -2146327.750000        0.229034
FIRE:  628 09:25:32 -2146327.500000        0.224209
FIRE:  629 09:25:32 -2146327.750000        0.229495
FIRE:  630 09:25:32 -2146327.500000        0.252985
FIRE:  631 09:25:32 -2146327.250000        0.240650
FIRE:  632 09:25:33 -2146327.250000        0.245098
FIRE:  633 09:25:33 -2146327.500000        0.251281
FIRE:  634 09:25:33 -2146327.250000        0.263164
FIRE:  635 09:25:33 -2146327.250000        0.305544
FIRE:  636 09:25:33 -2146327.750000        0.275872
FIRE:  637 09:25:33 -2146328.000000        0.293475
FIRE:  638 09:25:33 -2146327.500000        0.313315
FIRE:  639 09:25:33 -2146328.000000        0.338720
FIRE:  640 09:25:33 -2146328.000000        0.369374
FIRE:  641 09:25:33 -2146328.000000        1.017152
FIRE:  642 09:25:33 -2146328.000000        4.978562
FIRE:  643 09:25:33 -2146328.250000        1.658509
FIRE:  644 09:25:33 -2146328.000000        1.140185
FIRE:  645 09:25:33 -2146328.250000        0.433653
FIRE:  646 09:25:33 -2146328.000000        0.820127
FIRE:  647 09:25:33 -2146328.000000        0.759471
FIRE:  648 09:25:33 -2146327.750000        0.644021
FIRE:  649 09:25:33 -2146328.000000        0.484654
FIRE:  650 09:25:34 -2146327.750000        0.427291
FIRE:  651 09:25:34 -2146327.750000        0.424123
FIRE:  652 09:25:34 -2146328.000000        0.420905
FIRE:  653 09:25:34 -2146328.000000        0.417916
FIRE:  654 09:25:34 -2146328.000000        0.415087
FIRE:  655 09:25:34 -2146328.000000        0.412586
FIRE:  656 09:25:34 -2146328.000000        0.410489
FIRE:  657 09:25:34 -2146328.000000        0.408568
FIRE:  658 09:25:34 -2146327.750000        0.406070
FIRE:  659 09:25:34 -2146328.000000        0.401419
FIRE:  660 09:25:34 -2146328.250000        0.392701
FIRE:  661 09:25:34 -2146328.000000        0.378365
FIRE:  662 09:25:34 -2146328.250000        0.364918
FIRE:  663 09:25:34 -2146327.750000        0.356197
FIRE:  664 09:25:34 -2146328.000000        0.348817
FIRE:  665 09:25:34 -2146328.250000        0.335814
FIRE:  666 09:25:34 -2146328.000000        0.300862
FIRE:  667 09:25:35 -2146328.000000        0.259507
FIRE:  668 09:25:35 -2146328.000000        0.211681
FIRE:  669 09:25:35 -2146328.500000        0.319450
FIRE:  670 09:25:35 -2146328.250000        0.490260
FIRE:  671 09:25:35 -2146328.250000        0.548428
FIRE:  672 09:25:35 -2146328.250000        0.993962
FIRE:  673 09:25:35 -2146328.250000        0.337858
FIRE:  674 09:25:35 -2146328.000000        0.594577
FIRE:  675 09:25:35 -2146328.500000        0.463632
FIRE:  676 09:25:35 -2146328.250000        0.295162
FIRE:  677 09:25:35 -2146328.500000        0.290723
FIRE:  678 09:25:35 -2146328.000000        0.300363
FIRE:  679 09:25:35 -2146328.250000        0.450577
FIRE:  680 09:25:35 -2146328.500000        0.476386
FIRE:  681 09:25:35 -2146328.000000        0.381652
FIRE:  682 09:25:35 -2146328.500000        0.218976
FIRE:  683 09:25:35 -2146328.250000        0.193847
FIRE:  684 09:25:35 -2146328.250000        0.307730
FIRE:  685 09:25:36 -2146328.250000        0.286138
FIRE:  686 09:25:36 -2146328.250000        0.115086
FIRE:  687 09:25:36 -2146328.250000        0.269485
FIRE:  688 09:25:36 -2146328.500000        0.247139
FIRE:  689 09:25:36 -2146328.250000        0.134808
FIRE:  690 09:25:36 -2146328.500000        0.268877
FIRE:  691 09:25:36 -2146328.500000        0.133588
FIRE:  692 09:25:36 -2146328.500000        0.151409
FIRE:  693 09:25:36 -2146328.500000        0.332881
FIRE:  694 09:25:36 -2146328.500000        0.254797
FIRE:  695 09:25:36 -2146328.500000        0.234693
FIRE:  696 09:25:36 -2146328.250000        0.367153
FIRE:  697 09:25:36 -2146328.500000        1.150135
FIRE:  698 09:25:36 -2146328.500000        0.091999
FIRE:  699 09:25:36 -2146328.500000        0.091673
FIRE:  700 09:25:36 -2146328.500000        0.091012
FIRE:  701 09:25:36 -2146328.500000        0.089988
FIRE:  702 09:25:37 -2146328.500000        0.088540
FIRE:  703 09:25:37 -2146328.500000        0.086653
FIRE:  704 09:25:37 -2146328.500000        0.084320
FIRE:  705 09:25:37 -2146328.250000        0.081558
FIRE:  706 09:25:37 -2146328.500000        0.078063
FIRE:  707 09:25:37 -2146328.500000        0.073761
FIRE:  708 09:25:37 -2146328.500000        0.072000
FIRE:  709 09:25:37 -2146328.500000        0.075297
FIRE:  710 09:25:37 -2146328.500000        0.077595
FIRE:  711 09:25:37 -2146328.500000        0.078318
FIRE:  712 09:25:37 -2146328.250000        0.077203
FIRE:  713 09:25:37 -2146328.500000        0.074465
FIRE:  714 09:25:37 -2146328.750000        0.070875
FIRE:  715 09:25:37 -2146328.500000        0.067518
FIRE:  716 09:25:37 -2146328.500000        0.066264
FIRE:  717 09:25:37 -2146328.500000        0.067397
FIRE:  718 09:25:37 -2146328.500000        0.069065
FIRE:  719 09:25:38 -2146328.500000        0.199692
FIRE:  720 09:25:38 -2146328.750000        0.963990
FIRE:  721 09:25:38 -2146328.500000        3.630367
FIRE:  722 09:25:38 -2146328.500000        0.968708
FIRE:  723 09:25:38 -2146328.500000        0.642136
FIRE:  724 09:25:38 -2146328.250000        0.114326
FIRE:  725 09:25:38 -2146328.500000        0.430582
FIRE:  726 09:25:38 -2146328.250000        0.394474
FIRE:  727 09:25:38 -2146328.750000        0.325133
FIRE:  728 09:25:38 -2146328.500000        0.228545
FIRE:  729 09:25:38 -2146328.750000        0.113598
FIRE:  730 09:25:38 -2146328.500000        0.064060
FIRE:  731 09:25:38 -2146328.500000        0.118045
FIRE:  732 09:25:38 -2146328.500000        0.198135
FIRE:  733 09:25:38 -2146328.500000        0.245724
FIRE:  734 09:25:38 -2146328.500000        0.248557
FIRE:  735 09:25:38 -2146328.750000        0.198057
FIRE:  736 09:25:38 -2146328.250000        0.095533
FIRE:  737 09:25:39 -2146328.500000        0.064240
FIRE:  738 09:25:39 -2146328.500000        0.159066
FIRE:  739 09:25:39 -2146328.500000        0.190618
FIRE:  740 09:25:39 -2146328.250000        0.109941
FIRE:  741 09:25:39 -2146328.500000        0.064607
FIRE:  742 09:25:39 -2146328.750000        0.172333
FIRE:  743 09:25:39 -2146328.250000        0.105665
FIRE:  744 09:25:39 -2146328.500000        0.102539
FIRE:  745 09:25:39 -2146328.750000        0.132019
FIRE:  746 09:25:39 -2146328.500000        0.102583
FIRE:  747 09:25:39 -2146328.250000        0.097214
FIRE:  748 09:25:39 -2146328.500000        0.185072
FIRE:  749 09:25:39 -2146328.500000        0.146961
FIRE:  750 09:25:39 -2146328.500000        0.107804
FIRE:  751 09:25:39 -2146328.500000        0.205986
FIRE:  752 09:25:39 -2146328.500000        0.616195
FIRE:  753 09:25:39 -2146328.500000        2.065599
FIRE:  754 09:25:40 -2146328.500000        0.403667
FIRE:  755 09:25:40 -2146328.500000        0.287458
FIRE:  756 09:25:40 -2146328.250000        0.093643
FIRE:  757 09:25:40 -2146328.500000        0.136950
FIRE:  758 09:25:40 -2146328.500000        0.282477
FIRE:  759 09:25:40 -2146328.250000        0.311465
FIRE:  760 09:25:40 -2146328.500000        0.224626
FIRE:  761 09:25:40 -2146328.250000        0.061027
FIRE:  762 09:25:40 -2146328.750000        0.137210
FIRE:  763 09:25:40 -2146328.750000        0.234115
FIRE:  764 09:25:40 -2146328.500000        0.163459
FIRE:  765 09:25:40 -2146328.500000        0.082062
FIRE:  766 09:25:40 -2146328.500000        0.218401
FIRE:  767 09:25:40 -2146328.500000        0.093098
FIRE:  768 09:25:40 -2146328.500000        0.184230
FIRE:  769 09:25:40 -2146328.500000        0.089637
FIRE:  770 09:25:40 -2146328.750000        0.251595
FIRE:  771 09:25:41 -2146328.500000        0.095028
FIRE:  772 09:25:41 -2146328.500000        0.067759
FIRE:  773 09:25:41 -2146328.500000        0.296854
FIRE:  774 09:25:41 -2146328.500000        0.696033
FIRE:  775 09:25:41 -2146328.500000        1.745286
FIRE:  776 09:25:41 -2146328.500000        0.146552
FIRE:  777 09:25:41 -2146328.500000        0.109410
FIRE:  778 09:25:41 -2146328.500000        0.057335
FIRE:  779 09:25:41 -2146328.500000        0.057626
FIRE:  780 09:25:41 -2146328.500000        0.087943
FIRE:  781 09:25:41 -2146328.500000        0.107221
FIRE:  782 09:25:41 -2146328.500000        0.086389
FIRE:  783 09:25:41 -2146328.250000        0.058061
FIRE:  784 09:25:41 -2146328.500000        0.057013
FIRE:  785 09:25:41 -2146328.500000        0.079970
FIRE:  786 09:25:41 -2146328.500000        0.067002
FIRE:  787 09:25:41 -2146328.500000        0.053890
FIRE:  788 09:25:41 -2146328.500000        0.076252
FIRE:  789 09:25:42 -2146328.250000        0.051778
FIRE:  790 09:25:42 -2146328.500000        0.059844
FIRE:  791 09:25:42 -2146328.500000        0.050875
FIRE:  792 09:25:42 -2146328.500000        0.085472
FIRE:  793 09:25:42 -2146328.500000        0.050560
FIRE:  794 09:25:42 -2146328.500000        0.050604
FIRE:  795 09:25:42 -2146328.250000        0.062617
FIRE:  796 09:25:42 -2146328.500000        0.165876
FIRE:  797 09:25:42 -2146328.500000        0.593142
FIRE:  798 09:25:42 -2146328.500000        1.822091
FIRE:  799 09:25:42 -2146328.750000        0.197842
FIRE:  800 09:25:42 -2146328.500000        0.143782
FIRE:  801 09:25:42 -2146328.750000        0.053369
FIRE:  802 09:25:42 -2146328.750000        0.053431
FIRE:  803 09:25:42 -2146328.500000        0.117084
FIRE:  804 09:25:42 -2146328.500000        0.131762
FIRE:  805 09:25:42 -2146328.750000        0.091910
FIRE:  806 09:25:43 -2146328.750000        0.046002
