      Step     Time          Energy          fmax
FIRE:    0 10:17:15  -155404.906250        1.895817
FIRE:    1 10:17:16  -155405.343750        1.654735
FIRE:    2 10:17:19  -155405.734375        1.492305
FIRE:    3 10:17:19  -155406.000000        1.300781
FIRE:    4 10:17:19  -155406.328125        1.149096
FIRE:    5 10:17:19  -155406.609375        0.969973
FIRE:    6 10:17:19  -155406.843750        0.940884
FIRE:    7 10:17:19  -155406.859375        0.744357
FIRE:    8 10:17:19  -155407.296875        0.596341
FIRE:    9 10:17:19  -155407.546875        0.886956
FIRE:   10 10:17:20  -155407.718750        0.531229
FIRE:   11 10:17:20  -155407.968750        0.560356
FIRE:   12 10:17:20  -155408.125000        0.483345
FIRE:   13 10:17:20  -155408.343750        0.448887
FIRE:   14 10:17:20  -155408.484375        0.356962
FIRE:   15 10:17:20  -155408.656250        0.359358
FIRE:   16 10:17:20  -155408.796875        0.340289
FIRE:   17 10:17:22  -155408.906250        0.419394
FIRE:   18 10:17:22  -155409.078125        0.495979
FIRE:   19 10:17:22  -155409.250000        0.536114
FIRE:   20 10:17:22  -155409.421875        0.551503
FIRE:   21 10:17:22  -155409.609375        0.577737
FIRE:   22 10:17:22  -155409.781250        0.623774
FIRE:   23 10:17:22  -155409.984375        0.681799
FIRE:   24 10:17:22  -155410.140625        0.716705
FIRE:   25 10:17:22  -155410.359375        0.828406
FIRE:   26 10:17:23  -155410.343750        0.814359
FIRE:   27 10:17:23  -155410.734375        0.705763
FIRE:   28 10:17:23  -155410.546875        0.420567
FIRE:   29 10:17:23  -155410.625000        0.467687
FIRE:   30 10:17:23  -155410.750000        1.208332
FIRE:   31 10:17:23  -155410.703125        1.060356
FIRE:   32 10:17:23  -155410.234375        2.153638
FIRE:   33 10:17:23  -155410.875000        0.319367
FIRE:   34 10:17:23  -155410.906250        0.261928
FIRE:   35 10:17:23  -155410.906250        0.212569
FIRE:   36 10:17:23  -155410.781250        0.184336
FIRE:   37 10:17:23  -155410.906250        0.211039
FIRE:   38 10:17:23  -155410.875000        0.238786
FIRE:   39 10:17:23  -155410.890625        0.185935
FIRE:   40 10:17:23  -155410.921875        0.162285
FIRE:   41 10:17:23  -155410.906250        0.118315
FIRE:   42 10:17:24  -155410.906250        0.170833
FIRE:   43 10:17:24  -155410.937500        0.151941
FIRE:   44 10:17:24  -155410.953125        0.154938
FIRE:   45 10:17:24  -155410.921875        0.158985
FIRE:   46 10:17:24  -155410.953125        0.134997
FIRE:   47 10:17:24  -155410.968750        0.135687
FIRE:   48 10:17:24  -155410.828125        0.128191
FIRE:   49 10:17:24  -155410.812500        0.155297
FIRE:   50 10:17:24  -155411.203125        0.122949
FIRE:   51 10:17:24  -155411.234375        0.094467
FIRE:   52 10:17:24  -155411.265625        0.218572
FIRE:   53 10:17:24  -155411.140625        0.434807
FIRE:   54 10:17:24  -155411.140625        1.037190
FIRE:   55 10:17:24  -155411.187500        0.099399
FIRE:   56 10:17:24  -155411.156250        0.909948
FIRE:   57 10:17:24  -155411.171875        0.684329
FIRE:   58 10:17:24  -155411.187500        0.288909
FIRE:   59 10:17:25  -155411.187500        0.178846
FIRE:   60 10:17:25  -155411.187500        0.168150
FIRE:   61 10:17:25  -155411.187500        0.147483
FIRE:   62 10:17:25  -155411.187500        0.118251
FIRE:   63 10:17:25  -155411.187500        0.082727
FIRE:   64 10:17:25  -155411.187500        0.067238
FIRE:   65 10:17:25  -155411.187500        0.067273
FIRE:   66 10:17:25  -155411.187500        0.067317
FIRE:   67 10:17:25  -155411.187500        0.067609
FIRE:   68 10:17:25  -155411.187500        0.081392
FIRE:   69 10:17:25  -155411.187500        0.084727
FIRE:   70 10:17:25  -155411.187500        0.068993
FIRE:   71 10:17:25  -155411.156250        0.067791
FIRE:   72 10:17:25  -155411.203125        0.067975
FIRE:   73 10:17:25  -155411.203125        0.068204
FIRE:   74 10:17:25  -155411.203125        0.078247
FIRE:   75 10:17:25  -155411.203125        0.068826
FIRE:   76 10:17:26  -155411.203125        0.069211
FIRE:   77 10:17:26  -155411.218750        0.069625
FIRE:   78 10:17:26  -155411.218750        0.070026
FIRE:   79 10:17:26  -155411.234375        0.070378
FIRE:   80 10:17:26  -155411.312500        0.070660
FIRE:   81 10:17:26  -155411.328125        0.070874
FIRE:   82 10:17:26  -155411.265625        0.071077
FIRE:   83 10:17:26  -155411.359375        0.071541
FIRE:   84 10:17:26  -155411.375000        0.071949
FIRE:   85 10:17:26  -155411.375000        0.071901
FIRE:   86 10:17:26  -155411.343750        0.071126
FIRE:   87 10:17:26  -155411.453125        0.157157
FIRE:   88 10:17:26  -155411.390625        0.437701
FIRE:   89 10:17:26  -155411.484375        0.069381
FIRE:   90 10:17:26  -155411.468750        0.401614
FIRE:   91 10:17:27  -155411.468750        0.300117
FIRE:   92 10:17:27  -155411.484375        0.132480
FIRE:   93 10:17:27  -155411.406250        0.089426
FIRE:   94 10:17:27  -155411.406250        0.084459
FIRE:   95 10:17:27  -155411.484375        0.074869
FIRE:   96 10:17:27  -155411.484375        0.069673
FIRE:   97 10:17:27  -155411.484375        0.069678
FIRE:   98 10:17:27  -155411.468750        0.069684
FIRE:   99 10:17:27  -155411.406250        0.069696
FIRE:  100 10:17:27  -155411.484375        0.069712
FIRE:  101 10:17:27  -155411.484375        0.069739
FIRE:  102 10:17:27  -155411.484375        0.069777
FIRE:  103 10:17:27  -155411.484375        0.069830
FIRE:  104 10:17:27  -155411.359375        0.069903
FIRE:  105 10:17:27  -155411.406250        0.069998
FIRE:  106 10:17:27  -155411.484375        0.070119
FIRE:  107 10:17:27  -155411.500000        0.070271
FIRE:  108 10:17:27  -155411.421875        0.070452
FIRE:  109 10:17:27  -155411.500000        0.070676
FIRE:  110 10:17:28  -155411.406250        0.070802
FIRE:  111 10:17:30  -155411.468750        0.070591
FIRE:  112 10:17:30  -155411.500000        0.070269
FIRE:  113 10:17:30  -155411.515625        0.068915
FIRE:  114 10:17:30  -155411.515625        0.067364
FIRE:  115 10:17:30  -155411.531250        0.065661
FIRE:  116 10:17:30  -155411.531250        0.063924
FIRE:  117 10:17:30  -155411.515625        0.062257
FIRE:  118 10:17:30  -155411.546875        0.060608
FIRE:  119 10:17:30  -155411.578125        0.059096
FIRE:  120 10:17:30  -155411.593750        0.105502
FIRE:  121 10:17:30  -155411.625000        0.287480
FIRE:  122 10:17:30  -155411.625000        0.844855
FIRE:  123 10:17:30  -155411.640625        0.082397
FIRE:  124 10:17:30  -155411.625000        0.063785
FIRE:  125 10:17:30  -155411.640625        0.052151
FIRE:  126 10:17:30  -155411.640625        0.052522
FIRE:  127 10:17:30  -155411.640625        0.052985
FIRE:  128 10:17:30  -155411.656250        0.053505
FIRE:  129 10:17:30  -155411.656250        0.054032
FIRE:  130 10:17:30  -155411.562500        0.054532
FIRE:  131 10:17:30  -155411.562500        0.054995
FIRE:  132 10:17:30  -155411.562500        0.055320
FIRE:  133 10:17:30  -155411.656250        0.055384
FIRE:  134 10:17:31  -155411.656250        0.055059
FIRE:  135 10:17:31  -155411.656250        0.054253
FIRE:  136 10:17:31  -155411.671875        0.052963
FIRE:  137 10:17:31  -155411.671875        0.051267
FIRE:  138 10:17:31  -155411.671875        0.049478
