      Step     Time          Energy          fmax
FIRE:    0 10:23:13   -76218.562500        1.361975
FIRE:    1 10:23:15   -76218.773438        1.290126
FIRE:    2 10:23:17   -76218.929688        1.151234
FIRE:    3 10:23:17   -76219.117188        0.965603
FIRE:    4 10:23:17   -76219.289062        0.751381
FIRE:    5 10:23:17   -76219.398438        0.545129
FIRE:    6 10:23:17   -76219.515625        0.525259
FIRE:    7 10:23:17   -76219.617188        0.421935
FIRE:    8 10:23:17   -76219.710938        0.483951
FIRE:    9 10:23:18   -76219.789062        0.402676
FIRE:   10 10:23:19   -76219.859375        0.560851
FIRE:   11 10:23:21   -76219.882812        0.427084
FIRE:   12 10:23:21   -76219.906250        0.430915
FIRE:   13 10:23:21   -76219.929688        0.436500
FIRE:   14 10:23:21   -76219.937500        0.443435
FIRE:   15 10:23:21   -76219.960938        0.451944
FIRE:   16 10:23:21   -76219.984375        0.458149
FIRE:   17 10:23:21   -76219.992188        0.493493
FIRE:   18 10:23:21   -76220.023438        0.514227
FIRE:   19 10:23:21   -76220.046875        0.519031
FIRE:   20 10:23:21   -76220.093750        0.522403
FIRE:   21 10:23:22   -76220.125000        0.536955
FIRE:   22 10:23:22   -76220.179688        0.561668
FIRE:   23 10:23:22   -76220.242188        0.598554
FIRE:   24 10:23:22   -76220.359375        0.651571
FIRE:   25 10:23:22   -76220.437500        0.736239
FIRE:   26 10:23:22   -76220.585938        0.881678
FIRE:   27 10:23:22   -76220.804688        1.139142
FIRE:   28 10:23:22   -76221.101562        1.370106
FIRE:   29 10:23:22   -76221.343750        1.460777
FIRE:   30 10:23:22   -76221.734375        1.679134
FIRE:   31 10:23:22   -76222.132812        1.970055
FIRE:   32 10:23:22   -76222.562500        2.078944
FIRE:   33 10:23:22   -76222.976562        1.706657
FIRE:   34 10:23:22   -76223.164062        1.330072
FIRE:   35 10:23:22   -76223.070312        2.985846
FIRE:   36 10:23:22   -76223.226562        3.084797
FIRE:   37 10:23:23   -76223.289062        0.956823
FIRE:   38 10:23:23   -76223.281250        1.187393
FIRE:   39 10:23:23   -76223.296875        1.034520
FIRE:   40 10:23:23   -76223.296875        0.742845
FIRE:   41 10:23:23   -76223.304688        0.361440
FIRE:   42 10:23:23   -76223.304688        0.338476
FIRE:   43 10:23:23   -76223.320312        0.705849
FIRE:   44 10:23:23   -76223.304688        0.675302
FIRE:   45 10:23:23   -76223.312500        0.616180
FIRE:   46 10:23:23   -76223.312500        0.532290
FIRE:   47 10:23:23   -76223.320312        0.429380
FIRE:   48 10:23:23   -76223.328125        0.315533
FIRE:   49 10:23:23   -76223.328125        0.219134
FIRE:   50 10:23:23   -76223.328125        0.231253
FIRE:   51 10:23:24   -76223.320312        0.243959
FIRE:   52 10:23:24   -76223.320312        0.297032
FIRE:   53 10:23:24   -76223.343750        0.353304
FIRE:   54 10:23:24   -76223.335938        0.383390
FIRE:   55 10:23:24   -76223.335938        0.374327
FIRE:   56 10:23:24   -76223.398438        0.321219
FIRE:   57 10:23:24   -76223.406250        0.237356
FIRE:   58 10:23:24   -76223.414062        0.222617
FIRE:   59 10:23:24   -76223.414062        0.335733
FIRE:   60 10:23:24   -76223.437500        0.328067
FIRE:   61 10:23:24   -76223.437500        0.223621
FIRE:   62 10:23:24   -76223.460938        0.216300
FIRE:   63 10:23:24   -76223.476562        0.259109
FIRE:   64 10:23:24   -76223.500000        0.218375
FIRE:   65 10:23:24   -76223.484375        0.240211
FIRE:   66 10:23:25   -76223.554688        0.220539
FIRE:   67 10:23:25   -76223.562500        0.199310
FIRE:   68 10:23:25   -76223.601562        0.197525
FIRE:   69 10:23:25   -76223.656250        0.304139
FIRE:   70 10:23:25   -76223.710938        0.210872
FIRE:   71 10:23:25   -76223.750000        0.227436
FIRE:   72 10:23:25   -76223.843750        0.338148
FIRE:   73 10:23:25   -76223.945312        0.815576
FIRE:   74 10:23:25   -76223.976562        1.810611
FIRE:   75 10:23:25   -76224.031250        0.338344
FIRE:   76 10:23:25   -76224.023438        0.338752
FIRE:   77 10:23:25   -76224.031250        0.339545
FIRE:   78 10:23:25   -76224.039062        0.340679
FIRE:   79 10:23:25   -76224.031250        0.342097
FIRE:   80 10:23:25   -76224.046875        0.343759
FIRE:   81 10:23:25   -76224.039062        0.345687
FIRE:   82 10:23:26   -76224.046875        0.347991
FIRE:   83 10:23:26   -76224.031250        0.351223
FIRE:   84 10:23:26   -76224.039062        0.356027
FIRE:   85 10:23:26   -76224.054688        0.363423
FIRE:   86 10:23:26   -76224.085938        0.374700
FIRE:   87 10:23:26   -76224.101562        0.386990
FIRE:   88 10:23:26   -76224.132812        0.401154
FIRE:   89 10:23:26   -76224.140625        0.419716
FIRE:   90 10:23:26   -76224.179688        0.443826
FIRE:   91 10:23:26   -76224.218750        0.474388
FIRE:   92 10:23:26   -76224.296875        0.508790
FIRE:   93 10:23:26   -76224.359375        0.530714
FIRE:   94 10:23:26   -76224.484375        0.654782
FIRE:   95 10:23:26   -76224.640625        0.766792
FIRE:   96 10:23:26   -76224.820312        0.871320
FIRE:   97 10:23:27   -76225.007812        1.030332
FIRE:   98 10:23:27   -76225.234375        1.173248
FIRE:   99 10:23:27   -76225.507812        1.349051
FIRE:  100 10:23:27   -76225.843750        1.584362
FIRE:  101 10:23:27   -76226.203125        1.738094
FIRE:  102 10:23:27   -76226.554688        1.692130
FIRE:  103 10:23:27   -76226.859375        0.937779
FIRE:  104 10:23:27   -76226.867188        2.411887
FIRE:  105 10:23:27   -76226.953125        1.753375
FIRE:  106 10:23:27   -76227.000000        0.854593
FIRE:  107 10:23:27   -76227.023438        1.071691
FIRE:  108 10:23:27   -76227.031250        0.839467
FIRE:  109 10:23:27   -76227.046875        0.611442
FIRE:  110 10:23:27   -76227.054688        0.612504
FIRE:  111 10:23:27   -76227.062500        0.610056
FIRE:  112 10:23:27   -76227.062500        0.646137
FIRE:  113 10:23:28   -76227.070312        0.658748
FIRE:  114 10:23:28   -76227.101562        0.591863
FIRE:  115 10:23:28   -76227.117188        0.591740
FIRE:  116 10:23:28   -76227.140625        0.603802
FIRE:  117 10:23:28   -76227.171875        0.632669
FIRE:  118 10:23:28   -76227.218750        0.679378
FIRE:  119 10:23:28   -76227.273438        0.739563
FIRE:  120 10:23:28   -76227.351562        0.805407
FIRE:  121 10:23:28   -76227.460938        0.851379
FIRE:  122 10:23:28   -76227.625000        0.811650
FIRE:  123 10:23:28   -76227.765625        0.463589
FIRE:  124 10:23:28   -76227.804688        0.975796
FIRE:  125 10:23:28   -76227.796875        0.863700
FIRE:  126 10:23:28   -76227.820312        0.660045
FIRE:  127 10:23:28   -76227.835938        0.404705
FIRE:  128 10:23:28   -76227.851562        0.339700
FIRE:  129 10:23:29   -76227.859375        0.328576
FIRE:  130 10:23:29   -76227.867188        0.334644
FIRE:  131 10:23:29   -76227.890625        0.371981
FIRE:  132 10:23:29   -76227.890625        0.380733
FIRE:  133 10:23:29   -76227.914062        0.398313
FIRE:  134 10:23:29   -76227.945312        0.364605
FIRE:  135 10:23:29   -76227.992188        0.317515
FIRE:  136 10:23:29   -76228.023438        0.398295
FIRE:  137 10:23:29   -76228.085938        0.483588
FIRE:  138 10:23:29   -76228.140625        0.552401
FIRE:  139 10:23:29   -76228.273438        0.618458
FIRE:  140 10:23:29   -76228.429688        0.719769
FIRE:  141 10:23:29   -76228.640625        0.810206
FIRE:  142 10:23:29   -76228.820312        0.640671
FIRE:  143 10:23:29   -76228.914062        0.581670
FIRE:  144 10:23:29   -76228.929688        0.435696
FIRE:  145 10:23:30   -76228.929688        0.479208
FIRE:  146 10:23:30   -76228.945312        0.295033
FIRE:  147 10:23:30   -76228.953125        0.216020
FIRE:  148 10:23:30   -76228.953125        0.308197
FIRE:  149 10:23:30   -76228.937500        0.285860
FIRE:  150 10:23:30   -76228.953125        0.243441
FIRE:  151 10:23:30   -76228.945312        0.198370
FIRE:  152 10:23:30   -76228.953125        0.197520
FIRE:  153 10:23:30   -76228.960938        0.196451
FIRE:  154 10:23:30   -76228.953125        0.195168
FIRE:  155 10:23:30   -76228.960938        0.193687
FIRE:  156 10:23:30   -76228.953125        0.191845
FIRE:  157 10:23:30   -76228.953125        0.189584
FIRE:  158 10:23:30   -76228.953125        0.186826
FIRE:  159 10:23:30   -76228.960938        0.183450
FIRE:  160 10:23:30   -76228.968750        0.179302
FIRE:  161 10:23:31   -76228.968750        0.175047
FIRE:  162 10:23:31   -76228.968750        0.168127
FIRE:  163 10:23:31   -76228.984375        0.160871
FIRE:  164 10:23:31   -76228.984375        0.152239
FIRE:  165 10:23:31   -76228.984375        0.142400
FIRE:  166 10:23:31   -76229.000000        0.130856
FIRE:  167 10:23:31   -76229.000000        0.141605
FIRE:  168 10:23:31   -76228.976562        0.103924
FIRE:  169 10:23:31   -76228.992188        0.109367
FIRE:  170 10:23:31   -76229.031250        0.142817
FIRE:  171 10:23:31   -76229.015625        0.115369
FIRE:  172 10:23:31   -76229.062500        0.120661
FIRE:  173 10:23:31   -76229.078125        0.168395
FIRE:  174 10:23:31   -76229.093750        0.547413
FIRE:  175 10:23:31   -76229.054688        1.723314
FIRE:  176 10:23:31   -76229.078125        0.223781
FIRE:  177 10:23:32   -76229.078125        0.169124
FIRE:  178 10:23:32   -76229.070312        0.086220
FIRE:  179 10:23:32   -76229.070312        0.086924
FIRE:  180 10:23:32   -76229.070312        0.139878
FIRE:  181 10:23:32   -76229.078125        0.162769
FIRE:  182 10:23:32   -76229.109375        0.125625
FIRE:  183 10:23:32   -76229.085938        0.080042
FIRE:  184 10:23:32   -76229.117188        0.079695
FIRE:  185 10:23:32   -76229.085938        0.137317
FIRE:  186 10:23:32   -76229.078125        0.108350
FIRE:  187 10:23:32   -76229.085938        0.082192
FIRE:  188 10:23:32   -76229.085938        0.108883
FIRE:  189 10:23:32   -76229.117188        0.081638
FIRE:  190 10:23:32   -76229.132812        0.111828
FIRE:  191 10:23:32   -76229.125000        0.069930
FIRE:  192 10:23:32   -76229.140625        0.120799
FIRE:  193 10:23:32   -76229.148438        0.097780
FIRE:  194 10:23:33   -76229.164062        0.069864
FIRE:  195 10:23:33   -76229.171875        0.071093
FIRE:  196 10:23:33   -76229.195312        0.230119
FIRE:  197 10:23:33   -76229.218750        0.673646
FIRE:  198 10:23:33   -76229.179688        1.986112
FIRE:  199 10:23:33   -76229.226562        0.093663
FIRE:  200 10:23:33   -76229.218750        0.083781
FIRE:  201 10:23:33   -76229.210938        0.069672
FIRE:  202 10:23:33   -76229.218750        0.065588
FIRE:  203 10:23:33   -76229.226562        0.080246
FIRE:  204 10:23:33   -76229.226562        0.088748
FIRE:  205 10:23:33   -76229.210938        0.071540
FIRE:  206 10:23:33   -76229.210938        0.066640
FIRE:  207 10:23:33   -76229.242188        0.066914
FIRE:  208 10:23:33   -76229.218750        0.069860
FIRE:  209 10:23:33   -76229.218750        0.068796
FIRE:  210 10:23:33   -76229.234375        0.063129
FIRE:  211 10:23:33   -76229.218750        0.071289
FIRE:  212 10:23:34   -76229.234375        0.060605
FIRE:  213 10:23:34   -76229.273438        0.066942
FIRE:  214 10:23:34   -76229.203125        0.062740
FIRE:  215 10:23:34   -76229.250000        0.063358
FIRE:  216 10:23:34   -76229.289062        0.070294
FIRE:  217 10:23:34   -76229.218750        0.100870
FIRE:  218 10:23:34   -76229.273438        0.177495
FIRE:  219 10:23:34   -76229.281250        0.484087
FIRE:  220 10:23:34   -76229.281250        1.290925
FIRE:  221 10:23:34   -76229.250000        0.134675
FIRE:  222 10:23:34   -76229.296875        0.105265
FIRE:  223 10:23:34   -76229.328125        0.059756
FIRE:  224 10:23:34   -76229.289062        0.062275
FIRE:  225 10:23:34   -76229.250000        0.071238
FIRE:  226 10:23:34   -76229.296875        0.083229
FIRE:  227 10:23:34   -76229.242188        0.073666
FIRE:  228 10:23:34   -76229.250000        0.060162
FIRE:  229 10:23:35   -76229.296875        0.058529
FIRE:  230 10:23:35   -76229.296875        0.085278
FIRE:  231 10:23:35   -76229.242188        0.072583
FIRE:  232 10:23:35   -76229.257812        0.058075
FIRE:  233 10:23:35   -76229.312500        0.067757
FIRE:  234 10:23:35   -76229.250000        0.058749
FIRE:  235 10:23:35   -76229.257812        0.069284
FIRE:  236 10:23:35   -76229.312500        0.066095
FIRE:  237 10:23:35   -76229.265625        0.111658
FIRE:  238 10:23:35   -76229.312500        0.111729
FIRE:  239 10:23:35   -76229.328125        0.116236
FIRE:  240 10:23:35   -76229.343750        0.100460
FIRE:  241 10:23:35   -76229.359375        0.235096
FIRE:  242 10:23:35   -76229.343750        0.617016
FIRE:  243 10:23:35   -76229.343750        1.785726
FIRE:  244 10:23:35   -76229.367188        0.093144
FIRE:  245 10:23:35   -76229.375000        0.085513
FIRE:  246 10:23:36   -76229.367188        0.076976
FIRE:  247 10:23:36   -76229.382812        0.077186
FIRE:  248 10:23:36   -76229.367188        0.077394
FIRE:  249 10:23:36   -76229.367188        0.085427
FIRE:  250 10:23:36   -76229.375000        0.077745
FIRE:  251 10:23:36   -76229.375000        0.077943
FIRE:  252 10:23:36   -76229.367188        0.078281
FIRE:  253 10:23:36   -76229.382812        0.078916
FIRE:  254 10:23:36   -76229.367188        0.079982
FIRE:  255 10:23:36   -76229.367188        0.081503
FIRE:  256 10:23:36   -76229.367188        0.083318
FIRE:  257 10:23:36   -76229.382812        0.085264
FIRE:  258 10:23:36   -76229.414062        0.087494
FIRE:  259 10:23:36   -76229.406250        0.090349
FIRE:  260 10:23:36   -76229.390625        0.093483
FIRE:  261 10:23:36   -76229.398438        0.096522
FIRE:  262 10:23:36   -76229.429688        0.100952
FIRE:  263 10:23:37   -76229.421875        0.131966
FIRE:  264 10:23:37   -76229.445312        0.406714
FIRE:  265 10:23:37   -76229.453125        1.166516
FIRE:  266 10:23:37   -76229.414062        0.126154
FIRE:  267 10:23:37   -76229.468750        0.126092
FIRE:  268 10:23:37   -76229.414062        0.125999
FIRE:  269 10:23:37   -76229.468750        0.125937
FIRE:  270 10:23:37   -76229.460938        0.125987
FIRE:  271 10:23:37   -76229.429688        0.126207
FIRE:  272 10:23:37   -76229.484375        0.126625
FIRE:  273 10:23:37   -76229.429688        0.127214
FIRE:  274 10:23:37   -76229.476562        0.127983
FIRE:  275 10:23:37   -76229.429688        0.128853
FIRE:  276 10:23:37   -76229.460938        0.129746
FIRE:  277 10:23:37   -76229.429688        0.130724
FIRE:  278 10:23:37   -76229.437500        0.132106
FIRE:  279 10:23:37   -76229.468750        0.134314
FIRE:  280 10:23:38   -76229.500000        0.137404
FIRE:  281 10:23:38   -76229.500000        0.140983
FIRE:  282 10:23:38   -76229.484375        0.146326
FIRE:  283 10:23:38   -76229.484375        0.153412
FIRE:  284 10:23:38   -76229.507812        0.160262
FIRE:  285 10:23:38   -76229.500000        0.170899
FIRE:  286 10:23:38   -76229.531250        0.192939
FIRE:  287 10:23:38   -76229.578125        0.387199
FIRE:  288 10:23:38   -76229.609375        1.426458
FIRE:  289 10:23:38   -76229.609375        0.253008
FIRE:  290 10:23:38   -76229.617188        0.253406
FIRE:  291 10:23:38   -76229.617188        0.254158
FIRE:  292 10:23:38   -76229.609375        0.255168
FIRE:  293 10:23:38   -76229.609375        0.256336
FIRE:  294 10:23:38   -76229.625000        0.257588
FIRE:  295 10:23:38   -76229.632812        0.258921
FIRE:  296 10:23:38   -76229.617188        0.260429
FIRE:  297 10:23:39   -76229.625000        0.262485
FIRE:  298 10:23:39   -76229.640625        0.265491
FIRE:  299 10:23:39   -76229.648438        0.269889
FIRE:  300 10:23:39   -76229.640625        0.275979
FIRE:  301 10:23:39   -76229.640625        0.283892
FIRE:  302 10:23:39   -76229.656250        0.295256
FIRE:  303 10:23:39   -76229.664062        0.310410
FIRE:  304 10:23:39   -76229.664062        0.331371
FIRE:  305 10:23:39   -76229.710938        0.360080
FIRE:  306 10:23:39   -76229.750000        0.399982
FIRE:  307 10:23:39   -76229.796875        0.460875
FIRE:  308 10:23:39   -76229.843750        0.550429
FIRE:  309 10:23:39   -76229.953125        0.684750
FIRE:  310 10:23:39   -76230.062500        0.892011
FIRE:  311 10:23:39   -76230.335938        1.135841
FIRE:  312 10:23:39   -76230.593750        1.404689
FIRE:  313 10:23:39   -76230.914062        1.426955
FIRE:  314 10:23:40   -76231.179688        1.007767
FIRE:  315 10:23:40   -76231.187500        1.823752
FIRE:  316 10:23:40   -76231.281250        0.876022
FIRE:  317 10:23:40   -76231.250000        0.640824
FIRE:  318 10:23:40   -76231.257812        0.535176
FIRE:  319 10:23:40   -76231.312500        0.452901
FIRE:  320 10:23:40   -76231.320312        0.339404
FIRE:  321 10:23:40   -76231.296875        0.344041
FIRE:  322 10:23:40   -76231.304688        0.463304
FIRE:  323 10:23:40   -76231.312500        0.511661
FIRE:  324 10:23:40   -76231.320312        0.505800
FIRE:  325 10:23:40   -76231.320312        0.437307
FIRE:  326 10:23:40   -76231.343750        0.342603
FIRE:  327 10:23:40   -76231.359375        0.208471
FIRE:  328 10:23:40   -76231.375000        0.284728
FIRE:  329 10:23:40   -76231.390625        0.355585
FIRE:  330 10:23:40   -76231.414062        0.277406
FIRE:  331 10:23:41   -76231.429688        0.389068
FIRE:  332 10:23:41   -76231.468750        0.465100
FIRE:  333 10:23:41   -76231.476562        1.085822
FIRE:  334 10:23:41   -76231.500000        2.505490
FIRE:  335 10:23:41   -76231.546875        0.292642
FIRE:  336 10:23:41   -76231.546875        0.249375
FIRE:  337 10:23:41   -76231.546875        0.248958
FIRE:  338 10:23:41   -76231.546875        0.247930
FIRE:  339 10:23:41   -76231.554688        0.245955
FIRE:  340 10:23:41   -76231.539062        0.242930
FIRE:  341 10:23:41   -76231.554688        0.239105
FIRE:  342 10:23:41   -76231.562500        0.235123
FIRE:  343 10:23:41   -76231.562500        0.231580
FIRE:  344 10:23:41   -76231.562500        0.230005
FIRE:  345 10:23:41   -76231.562500        0.231811
FIRE:  346 10:23:41   -76231.570312        0.237484
FIRE:  347 10:23:41   -76231.593750        0.245890
FIRE:  348 10:23:41   -76231.609375        0.255371
FIRE:  349 10:23:42   -76231.625000        0.267302
FIRE:  350 10:23:42   -76231.648438        0.285261
FIRE:  351 10:23:42   -76231.671875        0.302136
FIRE:  352 10:23:42   -76231.710938        0.298536
FIRE:  353 10:23:42   -76231.750000        0.275752
FIRE:  354 10:23:42   -76231.796875        0.193910
FIRE:  355 10:23:42   -76231.828125        0.376635
FIRE:  356 10:23:42   -76231.828125        0.901794
FIRE:  357 10:23:42   -76231.812500        0.479648
FIRE:  358 10:23:42   -76231.890625        0.830896
FIRE:  359 10:23:42   -76231.890625        0.657185
FIRE:  360 10:23:42   -76231.851562        0.361874
FIRE:  361 10:23:42   -76231.851562        0.329535
FIRE:  362 10:23:42   -76231.859375        0.337524
FIRE:  363 10:23:42   -76231.906250        0.485884
FIRE:  364 10:23:42   -76231.906250        0.445797
FIRE:  365 10:23:42   -76231.875000        0.262369
FIRE:  366 10:23:43   -76231.914062        0.182508
FIRE:  367 10:23:43   -76231.843750        0.395377
FIRE:  368 10:23:43   -76231.921875        0.435394
FIRE:  369 10:23:43   -76231.882812        0.237349
FIRE:  370 10:23:43   -76231.929688        0.226696
FIRE:  371 10:23:43   -76231.882812        0.294068
FIRE:  372 10:23:43   -76231.875000        0.180945
FIRE:  373 10:23:43   -76231.875000        0.334522
FIRE:  374 10:23:43   -76231.898438        0.270508
FIRE:  375 10:23:43   -76231.898438        0.247920
FIRE:  376 10:23:43   -76231.914062        0.343176
FIRE:  377 10:23:43   -76231.921875        0.336980
FIRE:  378 10:23:43   -76231.921875        0.238080
FIRE:  379 10:23:43   -76231.937500        0.224709
FIRE:  380 10:23:43   -76231.945312        0.510478
FIRE:  381 10:23:43   -76231.945312        1.535303
FIRE:  382 10:23:43   -76231.968750        0.250323
FIRE:  383 10:23:44   -76231.960938        0.169403
FIRE:  384 10:23:44   -76231.976562        0.103349
FIRE:  385 10:23:44   -76231.976562        0.121380
FIRE:  386 10:23:44   -76231.976562        0.192073
FIRE:  387 10:23:44   -76231.968750        0.182130
FIRE:  388 10:23:44   -76231.968750        0.099049
FIRE:  389 10:23:44   -76231.984375        0.072812
FIRE:  390 10:23:44   -76231.968750        0.114396
FIRE:  391 10:23:44   -76231.976562        0.112255
FIRE:  392 10:23:44   -76231.984375        0.047163
