      Step     Time          Energy          fmax
FIRE:    0 11:54:04  -104654.710938        0.922688
FIRE:    1 11:54:05  -104654.914062        0.672021
FIRE:    2 11:54:07  -104655.023438        0.588788
FIRE:    3 11:54:07  -104655.171875        0.708896
FIRE:    4 11:54:07  -104655.289062        0.604662
FIRE:    5 11:54:07  -104655.328125        0.445427
FIRE:    6 11:54:07  -104655.328125        0.380276
FIRE:    7 11:54:07  -104655.367188        0.320851
FIRE:    8 11:54:07  -104655.406250        0.290860
FIRE:    9 11:54:07  -104655.468750        0.297557
FIRE:   10 11:54:07  -104655.500000        0.332024
FIRE:   11 11:54:07  -104655.484375        0.361486
FIRE:   12 11:54:07  -104655.554688        0.365364
FIRE:   13 11:54:07  -104655.578125        0.339247
FIRE:   14 11:54:07  -104655.601562        0.302557
FIRE:   15 11:54:07  -104655.625000        0.285741
FIRE:   16 11:54:07  -104655.679688        0.289018
FIRE:   17 11:54:07  -104655.695312        0.284722
FIRE:   18 11:54:07  -104655.765625        0.270821
FIRE:   19 11:54:07  -104655.835938        0.269941
FIRE:   20 11:54:08  -104655.812500        0.256443
FIRE:   21 11:54:08  -104655.867188        0.230516
FIRE:   22 11:54:08  -104656.031250        0.206906
FIRE:   23 11:54:08  -104656.109375        0.189526
FIRE:   24 11:54:08  -104656.210938        0.210470
FIRE:   25 11:54:08  -104656.296875        0.231098
FIRE:   26 11:54:08  -104656.375000        0.261904
FIRE:   27 11:54:09  -104656.312500        0.502887
FIRE:   28 11:54:09  -104656.382812        0.084769
FIRE:   29 11:54:09  -104656.390625        0.354104
FIRE:   30 11:54:09  -104656.437500        0.270264
FIRE:   31 11:54:09  -104656.382812        0.130431
FIRE:   32 11:54:09  -104656.375000        0.081097
FIRE:   33 11:54:10  -104656.382812        0.215007
FIRE:   34 11:54:10  -104656.453125        0.204003
FIRE:   35 11:54:10  -104656.375000        0.182709
FIRE:   36 11:54:10  -104656.390625        0.152446
FIRE:   37 11:54:10  -104656.421875        0.115247
FIRE:   38 11:54:10  -104656.414062        0.080671
FIRE:   39 11:54:10  -104656.406250        0.084025
FIRE:   40 11:54:10  -104656.351562        0.087186
FIRE:   41 11:54:10  -104656.335938        0.090053
FIRE:   42 11:54:10  -104656.406250        0.101237
FIRE:   43 11:54:10  -104656.429688        0.106814
FIRE:   44 11:54:10  -104656.398438        0.094686
FIRE:   45 11:54:10  -104656.398438        0.090096
FIRE:   46 11:54:10  -104656.414062        0.086282
FIRE:   47 11:54:10  -104656.382812        0.082166
FIRE:   48 11:54:10  -104656.414062        0.094535
FIRE:   49 11:54:10  -104656.445312        0.088427
FIRE:   50 11:54:10  -104656.453125        0.083983
FIRE:   51 11:54:10  -104656.429688        0.089422
FIRE:   52 11:54:10  -104656.468750        0.091484
FIRE:   53 11:54:11  -104656.484375        0.089092
FIRE:   54 11:54:11  -104656.453125        0.085879
FIRE:   55 11:54:11  -104656.507812        0.089737
FIRE:   56 11:54:11  -104656.531250        0.098084
FIRE:   57 11:54:11  -104656.585938        0.093043
FIRE:   58 11:54:11  -104656.601562        0.085525
FIRE:   59 11:54:11  -104656.609375        0.098868
FIRE:   60 11:54:11  -104656.679688        0.135463
FIRE:   61 11:54:11  -104656.695312        0.271481
FIRE:   62 11:54:11  -104656.781250        0.639055
FIRE:   63 11:54:11  -104656.742188        0.085110
FIRE:   64 11:54:11  -104656.734375        0.581742
FIRE:   65 11:54:11  -104656.710938        0.441760
FIRE:   66 11:54:11  -104656.718750        0.195112
FIRE:   67 11:54:11  -104656.789062        0.111626
FIRE:   68 11:54:11  -104656.781250        0.104906
FIRE:   69 11:54:11  -104656.757812        0.091895
FIRE:   70 11:54:11  -104656.742188        0.084408
FIRE:   71 11:54:12  -104656.781250        0.085435
FIRE:   72 11:54:12  -104656.828125        0.086589
FIRE:   73 11:54:12  -104656.757812        0.087766
FIRE:   74 11:54:12  -104656.765625        0.088860
FIRE:   75 11:54:12  -104656.789062        0.089867
FIRE:   76 11:54:12  -104656.789062        0.090642
FIRE:   77 11:54:12  -104656.750000        0.091039
FIRE:   78 11:54:12  -104656.789062        0.090949
FIRE:   79 11:54:12  -104656.757812        0.090324
FIRE:   80 11:54:12  -104656.742188        0.089283
FIRE:   81 11:54:12  -104656.804688        0.088235
FIRE:   82 11:54:12  -104656.781250        0.087726
FIRE:   83 11:54:12  -104656.781250        0.088228
FIRE:   84 11:54:12  -104656.773438        0.089646
FIRE:   85 11:54:12  -104656.820312        0.090917
FIRE:   86 11:54:12  -104656.804688        0.090423
FIRE:   87 11:54:12  -104656.812500        0.087662
FIRE:   88 11:54:13  -104656.820312        0.084853
FIRE:   89 11:54:13  -104656.851562        0.084473
FIRE:   90 11:54:13  -104656.843750        0.084033
FIRE:   91 11:54:13  -104656.882812        0.079690
FIRE:   92 11:54:13  -104656.875000        0.078280
FIRE:   93 11:54:13  -104656.976562        0.077418
FIRE:   94 11:54:13  -104656.953125        0.075440
FIRE:   95 11:54:13  -104656.960938        0.184545
FIRE:   96 11:54:13  -104657.054688        0.511510
FIRE:   97 11:54:13  -104657.031250        0.056556
FIRE:   98 11:54:13  -104657.023438        0.486372
FIRE:   99 11:54:13  -104656.968750        0.365288
FIRE:  100 11:54:13  -104657.000000        0.154657
FIRE:  101 11:54:13  -104657.078125        0.097752
FIRE:  102 11:54:13  -104656.984375        0.093261
FIRE:  103 11:54:13  -104657.007812        0.084696
FIRE:  104 11:54:13  -104657.039062        0.072754
FIRE:  105 11:54:14  -104657.039062        0.058639
FIRE:  106 11:54:14  -104657.078125        0.057195
FIRE:  107 11:54:14  -104657.031250        0.058514
FIRE:  108 11:54:14  -104657.078125        0.059740
FIRE:  109 11:54:14  -104657.039062        0.065146
FIRE:  110 11:54:14  -104657.039062        0.072843
FIRE:  111 11:54:14  -104657.023438        0.073192
FIRE:  112 11:54:14  -104657.031250        0.064764
FIRE:  113 11:54:14  -104657.007812        0.060190
FIRE:  114 11:54:14  -104657.039062        0.058618
FIRE:  115 11:54:14  -104657.046875        0.057141
FIRE:  116 11:54:14  -104657.015625        0.056394
FIRE:  117 11:54:14  -104657.101562        0.056841
FIRE:  118 11:54:14  -104657.093750        0.058343
FIRE:  119 11:54:14  -104657.070312        0.060895
FIRE:  120 11:54:14  -104657.125000        0.058301
FIRE:  121 11:54:14  -104657.125000        0.055140
FIRE:  122 11:54:15  -104657.148438        0.053126
FIRE:  123 11:54:15  -104657.156250        0.054398
FIRE:  124 11:54:15  -104657.156250        0.054251
FIRE:  125 11:54:15  -104657.179688        0.053254
FIRE:  126 11:54:15  -104657.062500        0.058836
FIRE:  127 11:54:15  -104657.062500        0.053212
FIRE:  128 11:54:15  -104657.226562        0.097946
FIRE:  129 11:54:15  -104657.250000        0.279980
FIRE:  130 11:54:15  -104657.234375        0.750736
FIRE:  131 11:54:15  -104657.296875        0.079908
FIRE:  132 11:54:15  -104657.281250        0.062087
FIRE:  133 11:54:15  -104657.289062        0.043252
